Massive-scale Alignment-based Species Tree EstimatoR (Pair)
Version: v1.15.0.0
#Base: 26399839284
#Species: 52
#Rounds: 4
#Samples: 4
#Threads: 64
#NNI moves:0/102
(((((((((((((((((Springbuck,Gerenuk),(ThomsonGazelle,GyrantGazelle)),Oribi),GazellaPrzewalskyi),(Steenbok,KirksDik)),((CommonDuiker,HarveysDuiker),MaxwellsDuiker)),(Klipspringer,RoyalAntelope)),(((((((Ibex,goat),BlueSheep),BarbarySheep),(Argali,Sheep)),TibetanAntelope),(((Hartebeest,Topi),BlueWildebeest),Gemsbok)),(DefassaWaterbuck,BohorReedbuck))),(Suni,Impala)),((((((MuntiacusCrinifrons,MuntiacusMuntjak),MuntiacusReevesi),(Daviddeer,WhiteLippedDeer)),((WhiteTailedDeer,Reindeer),RoeDeer)),(((Okapi,Giraffe),Pronghorn),(LesserMouseDeer,KillerWhale))),ForestMuskDeer)),((Yak,Cattle),AfricanBuffalo)),LesserKudu),(GreaterKudu,CommonEland)),Bushbuck),MountainNyala),Sitatunga),Bongo);
#NNI moves:4/102
((((((((((((((((ThomsonGazelle,GyrantGazelle),(Gerenuk,Springbuck)),Oribi),GazellaPrzewalskyi),(Steenbok,KirksDik)),((HarveysDuiker,CommonDuiker),MaxwellsDuiker)),(RoyalAntelope,Klipspringer)),(((((((goat,Ibex),BlueSheep),BarbarySheep),(Argali,Sheep)),TibetanAntelope),(((Hartebeest,Topi),BlueWildebeest),Gemsbok)),(DefassaWaterbuck,BohorReedbuck))),(Suni,Impala)),((((((Sitatunga,Bongo),MountainNyala),Bushbuck),(CommonEland,GreaterKudu)),LesserKudu),((Yak,Cattle),AfricanBuffalo))),ForestMuskDeer),((((MuntiacusMuntjak,MuntiacusCrinifrons),MuntiacusReevesi),(WhiteLippedDeer,Daviddeer)),((Reindeer,WhiteTailedDeer),RoeDeer))),(KillerWhale,LesserMouseDeer)),Pronghorn),Okapi),Giraffe);
#NNI moves:0/102
((((((((((((((MuntiacusMuntjak,MuntiacusCrinifrons),MuntiacusReevesi),(WhiteLippedDeer,Daviddeer)),((Reindeer,WhiteTailedDeer),RoeDeer)),(((Giraffe,Okapi),Pronghorn),(KillerWhale,LesserMouseDeer))),ForestMuskDeer),((((((Sitatunga,Bongo),MountainNyala),Bushbuck),(GreaterKudu,CommonEland)),LesserKudu),((Yak,Cattle),AfricanBuffalo))),(Suni,Impala)),(((((((Springbuck,Gerenuk),(ThomsonGazelle,GyrantGazelle)),Oribi),GazellaPrzewalskyi),(Steenbok,KirksDik)),((HarveysDuiker,CommonDuiker),MaxwellsDuiker)),(Klipspringer,RoyalAntelope))),(BohorReedbuck,DefassaWaterbuck)),(((((goat,Ibex),BlueSheep),BarbarySheep),(Sheep,Argali)),TibetanAntelope)),Gemsbok),(Topi,Hartebeest)),BlueWildebeest);
#NNI moves:0/102
(((((((((((Springbuck,Gerenuk),(ThomsonGazelle,GyrantGazelle)),Oribi),GazellaPrzewalskyi),(KirksDik,Steenbok)),((CommonDuiker,HarveysDuiker),MaxwellsDuiker)),(RoyalAntelope,Klipspringer)),(((((((goat,Ibex),BlueSheep),BarbarySheep),(Sheep,Argali)),TibetanAntelope),(((Hartebeest,Topi),BlueWildebeest),Gemsbok)),(BohorReedbuck,DefassaWaterbuck))),(((((((MuntiacusCrinifrons,MuntiacusMuntjak),MuntiacusReevesi),(Daviddeer,WhiteLippedDeer)),((WhiteTailedDeer,Reindeer),RoeDeer)),(((Giraffe,Okapi),Pronghorn),(KillerWhale,LesserMouseDeer))),ForestMuskDeer),((((((Bongo,Sitatunga),MountainNyala),Bushbuck),(GreaterKudu,CommonEland)),LesserKudu),((Cattle,Yak),AfricanBuffalo)))),Suni),Impala);
Initial score: 9.77986e+13
Initial tree: ((Sheep,((((goat,Ibex),BlueSheep),BarbarySheep),(TibetanAntelope,((((Hartebeest,Topi),BlueWildebeest),Gemsbok),((BohorReedbuck,DefassaWaterbuck),((((((((Springbuck,Gerenuk),(ThomsonGazelle,GyrantGazelle)),Oribi),GazellaPrzewalskyi),(KirksDik,Steenbok)),((CommonDuiker,HarveysDuiker),MaxwellsDuiker)),(RoyalAntelope,Klipspringer)),((((((((MuntiacusCrinifrons,MuntiacusMuntjak),MuntiacusReevesi),(Daviddeer,WhiteLippedDeer)),((WhiteTailedDeer,Reindeer),RoeDeer)),(((Giraffe,Okapi),Pronghorn),(KillerWhale,LesserMouseDeer))),ForestMuskDeer),((((((Bongo,Sitatunga),MountainNyala),Bushbuck),(GreaterKudu,CommonEland)),LesserKudu),((Cattle,Yak),AfricanBuffalo))),(Suni,Impala)))))))),Argali);
*** Subsample Process ***
#NNI moves:0/102
(((((((((((((((MuntiacusCrinifrons,MuntiacusMuntjak),MuntiacusReevesi),(WhiteLippedDeer,Daviddeer)),((Reindeer,WhiteTailedDeer),RoeDeer)),(((Giraffe,Okapi),Pronghorn),(LesserMouseDeer,KillerWhale))),ForestMuskDeer),((((((Sitatunga,Bongo),MountainNyala),Bushbuck),(GreaterKudu,CommonEland)),LesserKudu),((Cattle,Yak),AfricanBuffalo))),(Suni,Impala)),(((((((Springbuck,Gerenuk),(ThomsonGazelle,GyrantGazelle)),Oribi),GazellaPrzewalskyi),(KirksDik,Steenbok)),((CommonDuiker,HarveysDuiker),MaxwellsDuiker)),(Klipspringer,RoyalAntelope))),(DefassaWaterbuck,BohorReedbuck)),(((Topi,Hartebeest),BlueWildebeest),Gemsbok)),TibetanAntelope),(((Ibex,goat),BlueSheep),BarbarySheep)),Argali),Sheep);
#NNI moves:0/102
((((((((((((((((Ibex,goat),BlueSheep),BarbarySheep),(Sheep,Argali)),TibetanAntelope),(((Hartebeest,Topi),BlueWildebeest),Gemsbok)),(BohorReedbuck,DefassaWaterbuck)),(((((((Gerenuk,Springbuck),(GyrantGazelle,ThomsonGazelle)),Oribi),GazellaPrzewalskyi),(KirksDik,Steenbok)),((CommonDuiker,HarveysDuiker),MaxwellsDuiker)),(Klipspringer,RoyalAntelope))),(Suni,Impala)),((((((Bongo,Sitatunga),MountainNyala),Bushbuck),(CommonEland,GreaterKudu)),LesserKudu),((Yak,Cattle),AfricanBuffalo))),ForestMuskDeer),((((MuntiacusMuntjak,MuntiacusCrinifrons),MuntiacusReevesi),(WhiteLippedDeer,Daviddeer)),((Reindeer,WhiteTailedDeer),RoeDeer))),(KillerWhale,LesserMouseDeer)),Pronghorn),Giraffe),Okapi);
#NNI moves:1/102
(((((((((((((((MuntiacusMuntjak,MuntiacusCrinifrons),MuntiacusReevesi),(Daviddeer,WhiteLippedDeer)),((WhiteTailedDeer,Reindeer),RoeDeer)),(((Giraffe,Okapi),Pronghorn),(LesserMouseDeer,KillerWhale))),ForestMuskDeer),((((((Bongo,Sitatunga),MountainNyala),Bushbuck),(CommonEland,GreaterKudu)),LesserKudu),((Cattle,Yak),AfricanBuffalo))),(Impala,Suni)),(((((((Springbuck,Gerenuk),(GyrantGazelle,ThomsonGazelle)),Oribi),GazellaPrzewalskyi),(KirksDik,Steenbok)),((CommonDuiker,HarveysDuiker),MaxwellsDuiker)),(RoyalAntelope,Klipspringer))),(BohorReedbuck,DefassaWaterbuck)),(((Hartebeest,Topi),BlueWildebeest),Gemsbok)),TibetanAntelope),(((Ibex,goat),BlueSheep),BarbarySheep)),Argali),Sheep);
#NNI moves:0/102
(((((((((((((((MuntiacusCrinifrons,MuntiacusMuntjak),MuntiacusReevesi),(WhiteLippedDeer,Daviddeer)),((WhiteTailedDeer,Reindeer),RoeDeer)),(((Giraffe,Okapi),Pronghorn),(LesserMouseDeer,KillerWhale))),ForestMuskDeer),((((((Sitatunga,Bongo),MountainNyala),Bushbuck),(CommonEland,GreaterKudu)),LesserKudu),((Cattle,Yak),AfricanBuffalo))),(Suni,Impala)),(((((((Gerenuk,Springbuck),(GyrantGazelle,ThomsonGazelle)),Oribi),GazellaPrzewalskyi),(Steenbok,KirksDik)),((CommonDuiker,HarveysDuiker),MaxwellsDuiker)),(Klipspringer,RoyalAntelope))),(BohorReedbuck,DefassaWaterbuck)),(((Hartebeest,Topi),BlueWildebeest),Gemsbok)),TibetanAntelope),(((goat,Ibex),BlueSheep),BarbarySheep)),Sheep),Argali);
Current score: 9.77986e+13
Current tree: (((((((((((((((MuntiacusCrinifrons,MuntiacusMuntjak),MuntiacusReevesi),(WhiteLippedDeer,Daviddeer)),((WhiteTailedDeer,Reindeer),RoeDeer)),(((Giraffe,Okapi),Pronghorn),(LesserMouseDeer,KillerWhale))),ForestMuskDeer),((((((Sitatunga,Bongo),MountainNyala),Bushbuck),(CommonEland,GreaterKudu)),LesserKudu),((Cattle,Yak),AfricanBuffalo))),(Suni,Impala)),(((((((Gerenuk,Springbuck),(GyrantGazelle,ThomsonGazelle)),Oribi),GazellaPrzewalskyi),(Steenbok,KirksDik)),((CommonDuiker,HarveysDuiker),MaxwellsDuiker)),(Klipspringer,RoyalAntelope))),(BohorReedbuck,DefassaWaterbuck)),(((Hartebeest,Topi),BlueWildebeest),Gemsbok)),TibetanAntelope),(((goat,Ibex),BlueSheep),BarbarySheep)),Sheep),Argali);
Final Tree: (((((((((((((((MuntiacusCrinifrons,MuntiacusMuntjak),MuntiacusReevesi),(WhiteLippedDeer,Daviddeer)),((WhiteTailedDeer,Reindeer),RoeDeer)),(((Giraffe,Okapi),Pronghorn),(LesserMouseDeer,KillerWhale))),ForestMuskDeer),((((((Sitatunga,Bongo),MountainNyala),Bushbuck),(CommonEland,GreaterKudu)),LesserKudu),((Cattle,Yak),AfricanBuffalo))),(Suni,Impala)),(((((((Gerenuk,Springbuck),(GyrantGazelle,ThomsonGazelle)),Oribi),GazellaPrzewalskyi),(Steenbok,KirksDik)),((CommonDuiker,HarveysDuiker),MaxwellsDuiker)),(Klipspringer,RoyalAntelope))),(BohorReedbuck,DefassaWaterbuck)),(((Hartebeest,Topi),BlueWildebeest),Gemsbok)),TibetanAntelope),(((goat,Ibex),BlueSheep),BarbarySheep)),Sheep),Argali);
Score: 9.77986e+13

real	464m31.201s
user	24641m28.192s
sys	122m2.330s
