
RAxML-NG v. 1.1.0-master released on 04.08.2022 by The Exelixis Lab.
Developed by: Alexey M. Kozlov and Alexandros Stamatakis.
Contributors: Diego Darriba, Tomas Flouri, Benoit Morel, Sarah Lutteropp, Ben Bettisworth.
Latest version: https://github.com/amkozlov/raxml-ng
Questions/problems/suggestions? Please visit: https://groups.google.com/forum/#!forum/raxml

System: AMD EPYC 7742 64-Core Processor, 128 cores, 251 GB RAM

RAxML-NG was called at 02-Jan-2023 11:00:49 as follows:

/home/chaos/programs/raxml-ng/raxml-ng/bin/raxml-ng --msa data/alignment/10_0.1X_S201_0_haploid --tree pars{1} --model GTR+G --threads 64

Analysis options:
  run mode: ML tree search
  start tree(s): parsimony (1)
  random seed: 1672686049
  tip-inner: OFF
  pattern compression: ON
  per-rate scalers: OFF
  site repeats: ON
  fast spr radius: AUTO
  spr subtree cutoff: 1.000000
  branch lengths: proportional (ML estimate, algorithm: NR-FAST)
  SIMD kernels: AVX2
  parallelization: coarse-grained (auto), PTHREADS (64 threads), thread pinning: OFF

[00:00:00] Reading alignment from file: data/alignment/10_0.1X_S201_0_haploid
[00:00:02] Loaded alignment with 201 taxa and 5000000 sites

Alignment comprises 1 partitions and 225481 patterns

Partition 0: noname
Model: GTR+FO+G4m
Alignment sites / patterns: 5000000 / 225481
Gaps: 0.00 %
Invariant sites: 72.26 %


NOTE: Binary MSA file created: data/alignment/10_0.1X_S201_0_haploid.raxml.rba

Parallelization scheme autoconfig: 1 worker(s) x 64 thread(s)

Parallel reduction/worker buffer size: 1 KB  / 0 KB

[00:00:20] Generating 1 parsimony starting tree(s) with 201 taxa
[00:00:24] Data distribution: max. partitions/sites/weight per thread: 1 / 3524 / 56384
[00:00:24] Data distribution: max. searches per worker: 1

Starting ML tree search with 1 distinct starting trees

[00:00:24 -50461071.281973] Initial branch length optimization
[00:00:26 -22172546.115707] Model parameter optimization (eps = 10.000000)
[00:00:29 -21582208.690017] AUTODETECT spr round 1 (radius: 5)
[00:00:38 -21581963.208715] AUTODETECT spr round 2 (radius: 10)
[00:00:59 -21581963.208715] SPR radius for FAST iterations: 5 (autodetect)
[00:00:59 -21581963.208715] Model parameter optimization (eps = 3.000000)
[00:00:59 -21581963.169566] FAST spr round 1 (radius: 5)
[00:01:07 -21581932.426603] FAST spr round 2 (radius: 5)
[00:01:16 -21581910.782649] FAST spr round 3 (radius: 5)
[00:01:24 -21581882.628138] FAST spr round 4 (radius: 5)
[00:01:33 -21581882.628138] Model parameter optimization (eps = 1.000000)
[00:01:33 -21581882.622857] SLOW spr round 1 (radius: 5)
[00:02:06 -21581882.622857] SLOW spr round 2 (radius: 10)
[00:02:44 -21581882.622857] SLOW spr round 3 (radius: 15)
[00:03:50 -21581882.622857] SLOW spr round 4 (radius: 20)
[00:04:56 -21581882.622857] SLOW spr round 5 (radius: 25)
[00:05:16 -21581882.622857] Model parameter optimization (eps = 0.100000)

[00:05:16] ML tree search #1, logLikelihood: -21581882.605280


Optimized model parameters:

   Partition 0: noname
   Rate heterogeneity: GAMMA (4 cats, mean),  alpha: 2.774621 (ML),  weights&rates: (0.250000,0.371038) (0.250000,0.718233) (0.250000,1.081151) (0.250000,1.829577) 
   Base frequencies (ML): 0.309715 0.174456 0.202174 0.313655 
   Substitution rates (ML): 2.731988 3.823611 0.294661 1.625349 3.160264 1.000000 


Final LogLikelihood: -21581882.605280

AIC score: 43164581.210560 / AICc score: 43164581.277315 / BIC score: 43170058.589536
Free parameters (model + branch lengths): 408

Best ML tree saved to: /expanse/lustre/projects/uot138/chaos/ASTERISK-sim/data/alignment/10_0.1X_S201_0_haploid.raxml.bestTree
Optimized model saved to: /expanse/lustre/projects/uot138/chaos/ASTERISK-sim/data/alignment/10_0.1X_S201_0_haploid.raxml.bestModel

Execution log saved to: /expanse/lustre/projects/uot138/chaos/ASTERISK-sim/data/alignment/10_0.1X_S201_0_haploid.raxml.log

Analysis started: 02-Jan-2023 11:00:49 / finished: 02-Jan-2023 11:06:05

Elapsed time: 316.706 seconds

Consumed energy: 38.953 Wh

