
RAxML-NG v. 1.1.0-master released on 04.08.2022 by The Exelixis Lab.
Developed by: Alexey M. Kozlov and Alexandros Stamatakis.
Contributors: Diego Darriba, Tomas Flouri, Benoit Morel, Sarah Lutteropp, Ben Bettisworth.
Latest version: https://github.com/amkozlov/raxml-ng
Questions/problems/suggestions? Please visit: https://groups.google.com/forum/#!forum/raxml

System: AMD EPYC 7742 64-Core Processor, 128 cores, 251 GB RAM

RAxML-NG was called at 02-Jan-2023 11:00:49 as follows:

/home/chaos/programs/raxml-ng/raxml-ng/bin/raxml-ng --msa data/alignment/11_0.1X_S201_0_haploid --tree pars{1} --model GTR+G --threads 64

Analysis options:
  run mode: ML tree search
  start tree(s): parsimony (1)
  random seed: 1672686049
  tip-inner: OFF
  pattern compression: ON
  per-rate scalers: OFF
  site repeats: ON
  fast spr radius: AUTO
  spr subtree cutoff: 1.000000
  branch lengths: proportional (ML estimate, algorithm: NR-FAST)
  SIMD kernels: AVX2
  parallelization: coarse-grained (auto), PTHREADS (64 threads), thread pinning: OFF

[00:00:00] Reading alignment from file: data/alignment/11_0.1X_S201_0_haploid
[00:00:02] Loaded alignment with 201 taxa and 5000000 sites

Alignment comprises 1 partitions and 251062 patterns

Partition 0: noname
Model: GTR+FO+G4m
Alignment sites / patterns: 5000000 / 251062
Gaps: 0.00 %
Invariant sites: 69.66 %


NOTE: Binary MSA file created: data/alignment/11_0.1X_S201_0_haploid.raxml.rba

Parallelization scheme autoconfig: 1 worker(s) x 64 thread(s)

Parallel reduction/worker buffer size: 1 KB  / 0 KB

[00:00:20] Generating 1 parsimony starting tree(s) with 201 taxa
[00:00:24] Data distribution: max. partitions/sites/weight per thread: 1 / 3923 / 62768
[00:00:24] Data distribution: max. searches per worker: 1

Starting ML tree search with 1 distinct starting trees

[00:00:25 -51463677.999192] Initial branch length optimization
[00:00:26 -23674887.349898] Model parameter optimization (eps = 10.000000)
[00:00:30 -23109493.091359] AUTODETECT spr round 1 (radius: 5)
[00:00:39 -23109224.350357] AUTODETECT spr round 2 (radius: 10)
[00:01:04 -23109224.350357] SPR radius for FAST iterations: 5 (autodetect)
[00:01:04 -23109224.350357] Model parameter optimization (eps = 3.000000)
[00:01:05 -23109224.310622] FAST spr round 1 (radius: 5)
[00:01:14 -23109183.651478] FAST spr round 2 (radius: 5)
[00:01:28 -23109178.814436] FAST spr round 3 (radius: 5)
[00:01:40 -23109178.814436] Model parameter optimization (eps = 1.000000)
[00:01:40 -23109178.692125] SLOW spr round 1 (radius: 5)
[00:02:18 -23109178.692125] SLOW spr round 2 (radius: 10)
[00:02:58 -23109178.692125] SLOW spr round 3 (radius: 15)
[00:04:10 -23109178.692125] SLOW spr round 4 (radius: 20)
[00:04:56 -23109178.692125] SLOW spr round 5 (radius: 25)
[00:05:07 -23109178.692125] Model parameter optimization (eps = 0.100000)

[00:05:08] ML tree search #1, logLikelihood: -23109178.684545


Optimized model parameters:

   Partition 0: noname
   Rate heterogeneity: GAMMA (4 cats, mean),  alpha: 2.466659 (ML),  weights&rates: (0.250000,0.343273) (0.250000,0.696947) (0.250000,1.078239) (0.250000,1.881542) 
   Base frequencies (ML): 0.225131 0.271511 0.208795 0.294563 
   Substitution rates (ML): 1.224219 2.171732 0.309288 0.883444 3.292536 1.000000 


Final LogLikelihood: -23109178.684545

AIC score: 46219173.369090 / AICc score: 46219173.435844 / BIC score: 46224650.748066
Free parameters (model + branch lengths): 408

Best ML tree saved to: /expanse/lustre/projects/uot138/chaos/ASTERISK-sim/data/alignment/11_0.1X_S201_0_haploid.raxml.bestTree
Optimized model saved to: /expanse/lustre/projects/uot138/chaos/ASTERISK-sim/data/alignment/11_0.1X_S201_0_haploid.raxml.bestModel

Execution log saved to: /expanse/lustre/projects/uot138/chaos/ASTERISK-sim/data/alignment/11_0.1X_S201_0_haploid.raxml.log

Analysis started: 02-Jan-2023 11:00:49 / finished: 02-Jan-2023 11:05:57

Elapsed time: 308.298 seconds

Consumed energy: 38.442 Wh

