Weighted ASTRAL - Hybrid
Version: v1.13.2.3
#Genetrees: 2000
#Species: 201
#Rounds: 4
#Samples: 4
#Threads: 32
Use two-step algorithm!
Guide Tree 0/27
#NNI moves:0/236
Guide Tree 1/27
#NNI moves:0/236
Guide Tree 2/27
#NNI moves:1/236
Guide Tree 3/27
#NNI moves:3/236
Guide Tree 4/27
#NNI moves:1/236
Guide Tree 5/27
#NNI moves:0/236
Guide Tree 6/27
#NNI moves:3/236
Guide Tree 7/27
#NNI moves:0/236
Guide Tree 8/27
#NNI moves:1/236
Guide Tree 9/27
#NNI moves:0/236
Guide Tree 10/27
#NNI moves:0/236
Guide Tree 11/27
#NNI moves:0/236
Guide Tree 12/27
#NNI moves:0/236
Guide Tree 13/27
#NNI moves:1/236
Guide Tree 14/27
#NNI moves:1/236
Guide Tree 15/27
#NNI moves:0/236
Guide Tree 16/27
#NNI moves:0/236
Guide Tree 17/27
#NNI moves:0/236
Guide Tree 18/27
#NNI moves:1/236
Guide Tree 19/27
#NNI moves:0/236
Guide Tree 20/27
#NNI moves:4/236
Guide Tree 21/27
#NNI moves:0/236
Guide Tree 22/27
#NNI moves:0/236
Guide Tree 23/27
#NNI moves:0/236
Guide Tree 24/27
#NNI moves:0/236
Guide Tree 25/27
#NNI moves:0/236
Guide Tree 26/27
#NNI moves:0/236
Remaining: 0
#NNI moves:3/236
#NNI moves:3/236
(((((((((((((((((T184,T152),T81),T36),(((T97,T145),T32),T44)),(((T53,T135),T45),(((T35,(T162,T71)),T117),(T189,T130)))),(T118,T169)),T17),(((((T186,(T165,T90)),((T151,T156),T131)),(((T155,(T94,T146)),T178),T73)),T138),(T104,((T142,T27),(T5,T79))))),(T66,T84)),(((((T196,(T3,T96)),(T175,T166)),((T99,(T16,((T63,T25),T43))),T102)),(T163,((T129,((T148,(T179,T77)),T8)),(T127,T4)))),((T128,(T18,T26)),(T24,(T47,T2))))),(((((((((T91,(((T39,T137),T173),T170)),T121),T28),(T92,T59)),T195),(T143,T124)),((((T61,(T89,T86)),(T75,T38)),(T197,T134)),T140)),((T174,((T82,(T132,T34)),T14)),T20)),(((((T6,T171),T116),T9),T107),(T54,(T190,T119))))),((((((((T172,(T200,T64)),((((T144,T13),(T168,T57)),(T50,T159)),(T12,T83))),(T55,((T70,T150),(T87,T62)))),((((T122,(T120,(T88,T160))),(T49,T193)),T42),((T22,T31),T19))),T85),((((T23,T139),T52),T78),((T177,T113),T109))),((((T194,(T111,T37)),(T69,((T40,T76),T33))),(T115,T185)),((T198,T110),T30))),T0)),((((T149,((T80,T29),T153)),(((T126,T74),T100),T21)),(((((((T199,T11),T67),T112),(T187,(T60,T136))),((T125,T183),(T123,(T106,T180)))),(T65,(T161,(T182,T164)))),((T157,T114),T41))),(((T93,T192),T15),T58))),((((((T98,T1),T46),(T141,T68)),((T105,T133),(T10,T95))),(T72,T188)),((((T7,T51),T158),(((T108,T101),((T154,T103),T48)),(T167,T181))),T191))),T56),T147),T176);
Guide Tree 0/27
#NNI moves:1/236
Guide Tree 1/27
#NNI moves:1/236
Guide Tree 2/27
#NNI moves:0/236
Guide Tree 3/27
#NNI moves:0/236
Guide Tree 4/27
#NNI moves:0/236
Guide Tree 5/27
#NNI moves:1/236
Guide Tree 6/27
#NNI moves:3/236
Guide Tree 7/27
#NNI moves:0/236
Guide Tree 8/27
#NNI moves:3/236
Guide Tree 9/27
#NNI moves:0/236
Guide Tree 10/27
#NNI moves:1/236
Guide Tree 11/27
#NNI moves:0/236
Guide Tree 12/27
#NNI moves:0/236
Guide Tree 13/27
#NNI moves:0/236
Guide Tree 14/27
#NNI moves:0/236
Guide Tree 15/27
#NNI moves:0/236
Guide Tree 16/27
#NNI moves:0/236
Guide Tree 17/27
#NNI moves:0/236
Guide Tree 18/27
#NNI moves:0/236
Guide Tree 19/27
#NNI moves:0/236
Guide Tree 20/27
#NNI moves:0/236
Guide Tree 21/27
#NNI moves:0/236
Guide Tree 22/27
#NNI moves:0/236
Guide Tree 23/27
#NNI moves:0/236
Guide Tree 24/27
#NNI moves:0/236
Guide Tree 25/27
#NNI moves:0/236
Guide Tree 26/27
#NNI moves:0/236
Remaining: 0
#NNI moves:1/236
#NNI moves:1/236
(((((((((((((((((T145,T97),T32),T44),(T36,((T184,T152),T81))),((T45,(T53,T135)),((((T71,T162),T35),T117),(T130,T189)))),(T118,T169)),T17),((((((T90,T165),T186),((T156,T151),T131)),((((T94,T146),T155),T178),T73)),T138),(((T27,T142),(T79,T5)),T104))),(T66,T84)),(((((T99,(((T63,T25),T43),T16)),T102),(((T96,T3),T196),(T175,T166))),((((T8,((T77,T179),T148)),T129),(T4,T127)),T163)),(((T47,T2),T24),((T26,T18),T128)))),((((((((((((T39,T137),T173),T170),T91),T121),T28),(T59,T92)),T195),(T124,T143)),(T140,((T134,T197),((T75,T38),(T61,(T86,T89)))))),(((((T34,T132),T82),T14),T174),T20)),((T54,(T119,T190)),((((T6,T171),T116),T9),T107)))),(((((((((((T160,T88),T120),T122),(T49,T193)),T42),((T22,T31),T19)),((((((T57,T168),(T13,T144)),(T159,T50)),(T83,T12)),(T172,(T64,T200))),(((T87,T62),(T150,T70)),T55))),T85),((T109,(T113,T177)),(((T23,T139),T52),T78))),((((((T40,T76),T33),T69),((T111,T37),T194)),(T115,T185)),(T30,(T198,T110)))),T0)),((((((T80,T29),T153),T149),((T100,(T126,T74)),T21)),((((((T106,T180),T123),(T183,T125)),((((T199,T11),T67),T112),((T60,T136),T187))),(((T164,T182),T161),T65)),((T157,T114),T41))),(T58,(T15,(T93,T192))))),(((((T95,T10),(T105,T133)),((T68,T141),((T1,T98),T46))),(T188,T72)),((((T167,T181),((T108,T101),((T154,T103),T48))),((T7,T51),T158)),T191))),T56),T147),T176);
Guide Tree 0/27
#NNI moves:0/236
Guide Tree 1/27
#NNI moves:0/236
Guide Tree 2/27
#NNI moves:0/236
Guide Tree 3/27
#NNI moves:0/236
Guide Tree 4/27
#NNI moves:0/236
Guide Tree 5/27
#NNI moves:0/236
Guide Tree 6/27
#NNI moves:0/236
Guide Tree 7/27
#NNI moves:0/236
Guide Tree 8/27
#NNI moves:0/236
Guide Tree 9/27
#NNI moves:0/236
Guide Tree 10/27
#NNI moves:0/236
Guide Tree 11/27
#NNI moves:0/236
Guide Tree 12/27
#NNI moves:3/236
Guide Tree 13/27
#NNI moves:0/236
Guide Tree 14/27
#NNI moves:0/236
Guide Tree 15/27
#NNI moves:0/236
Guide Tree 16/27
#NNI moves:0/236
Guide Tree 17/27
#NNI moves:0/236
Guide Tree 18/27
#NNI moves:0/236
Guide Tree 19/27
#NNI moves:0/236
Guide Tree 20/27
#NNI moves:1/236
Guide Tree 21/27
#NNI moves:0/236
Guide Tree 22/27
#NNI moves:0/236
Guide Tree 23/27
#NNI moves:0/236
Guide Tree 24/27
#NNI moves:0/236
Guide Tree 25/27
#NNI moves:0/236
Guide Tree 26/27
#NNI moves:0/236
Remaining: 0
#NNI moves:3/236
#NNI moves:3/236
((((((((((((T143,T124),(((T92,T59),(T28,(((T170,((T39,T137),T173)),T91),T121))),T195)),(((((T89,T86),T61),(T75,T38)),(T134,T197)),T140)),(T20,(T174,(((T34,T132),T82),T14)))),(((((T6,T171),T116),T9),T107),(T54,(T190,T119)))),((((((((((T184,T152),T81),T36),(((T97,T145),T32),T44)),((T45,(T53,T135)),((((T162,T71),T35),T117),(T130,T189)))),(T169,T118)),T17),((T138,(((T186,(T165,T90)),(T131,(T151,T156))),((((T94,T146),T155),T178),T73))),(((T142,T27),(T79,T5)),T104))),(T66,T84)),((((((T8,((T77,T179),T148)),T129),(T127,T4)),T163),((((((T25,T63),T43),T16),T99),T102),((T196,(T96,T3)),(T175,T166)))),(((T18,T26),T128),(T24,(T47,T2)))))),((((((((T172,(T200,T64)),(((T159,T50),((T144,T13),(T168,T57))),(T12,T83))),(((T62,T87),(T70,T150)),T55)),(((((T120,(T160,T88)),T122),(T49,T193)),T42),((T31,T22),T19))),T85),(((T177,T113),T109),((T52,(T23,T139)),T78))),((((T69,(T33,(T40,T76))),((T37,T111),T194)),(T115,T185)),((T198,T110),T30))),T0)),((((((T29,T80),T153),T149),(T21,(T100,(T126,T74)))),((((T161,(T182,T164)),T65),(((T125,T183),((T180,T106),T123)),((T112,((T199,T11),T67)),(T187,(T136,T60))))),(T41,(T157,T114)))),(((T93,T192),T15),T58))),((((((T48,(T103,T154)),(T101,T108)),(T181,T167)),(T158,(T7,T51))),T191),(((((T98,T1),T46),(T141,T68)),((T133,T105),(T10,T95))),(T188,T72)))),T56),T147),T176);
Guide Tree 0/27
#NNI moves:0/236
Guide Tree 1/27
#NNI moves:0/236
Guide Tree 2/27
#NNI moves:0/236
Guide Tree 3/27
#NNI moves:0/236
Guide Tree 4/27
#NNI moves:1/236
Guide Tree 5/27
#NNI moves:0/236
Guide Tree 6/27
#NNI moves:0/236
Guide Tree 7/27
#NNI moves:0/236
Guide Tree 8/27
#NNI moves:1/236
Guide Tree 9/27
#NNI moves:0/236
Guide Tree 10/27
#NNI moves:0/236
Guide Tree 11/27
#NNI moves:0/236
Guide Tree 12/27
#NNI moves:0/236
Guide Tree 13/27
#NNI moves:1/236
Guide Tree 14/27
#NNI moves:1/236
Guide Tree 15/27
#NNI moves:0/236
Guide Tree 16/27
#NNI moves:0/236
Guide Tree 17/27
#NNI moves:0/236
Guide Tree 18/27
#NNI moves:0/236
Guide Tree 19/27
#NNI moves:0/236
Guide Tree 20/27
#NNI moves:1/236
Guide Tree 21/27
#NNI moves:0/236
Guide Tree 22/27
#NNI moves:0/236
Guide Tree 23/27
#NNI moves:0/236
Guide Tree 24/27
#NNI moves:0/236
Guide Tree 25/27
#NNI moves:0/236
Guide Tree 26/27
#NNI moves:0/236
Remaining: 4
#NNI moves:9/236
#NNI moves:9/236
(((((((((((((((T186,(T165,T90)),((T151,T156),T131)),((T178,((T146,T94),T155)),T73)),T138),(T104,((T142,T27),(T5,T79)))),((((((((T162,T71),T35),T117),(T189,T130)),(T45,(T135,T53))),(((T32,(T97,T145)),T44),(T36,(T81,(T184,T152))))),(T169,T118)),T17)),(T66,T84)),((((((T16,(T43,(T63,T25))),T99),T102),((T196,(T3,T96)),(T175,T166))),((((((T77,T179),T148),T8),T129),(T4,T127)),T163)),(((T26,T18),T128),((T47,T2),T24)))),((((((T197,T134),((T61,(T86,T89)),(T38,T75))),T140),(((((((((T137,T39),T173),T170),T91),T121),T28),(T59,T92)),T195),(T124,T143))),(((((T132,T34),T82),T14),T174),T20)),((((T116,(T171,T6)),T9),T107),((T190,T119),T54)))),(((((((((((T88,T160),T120),T122),(T49,T193)),T42),((T31,T22),T19)),((((((T168,T57),(T13,T144)),(T159,T50)),(T12,T83)),((T200,T64),T172)),(((T150,T70),(T87,T62)),T55))),T85),(((T113,T177),T109),(((T23,T139),T52),T78))),((((((T76,T40),T33),T69),((T111,T37),T194)),(T115,T185)),((T110,T198),T30))),T0)),((((T192,T93),T15),T58),((((((T164,T182),T161),T65),(((((T11,T199),T67),T112),((T136,T60),T187)),((T125,T183),((T106,T180),T123)))),((T114,T157),T41)),((T21,((T126,T74),T100)),(((T29,T80),T153),T149))))),(((((T46,(T98,T1)),(T68,T141)),((T95,T10),(T105,T133))),(T188,T72)),(((((T108,T101),((T154,T103),T48)),(T167,T181)),(T158,(T51,T7))),T191))),T56),T147),T176);
Initial score: 3.08843e+10
Initial tree: (((((((((((((((T186,(T165,T90)),((T151,T156),T131)),((T178,((T146,T94),T155)),T73)),T138),(T104,((T142,T27),(T5,T79)))),((((((((T162,T71),T35),T117),(T189,T130)),(T45,(T135,T53))),(((T32,(T97,T145)),T44),(T36,(T81,(T184,T152))))),(T169,T118)),T17)),(T66,T84)),((((((T16,(T43,(T63,T25))),T99),T102),((T196,(T3,T96)),(T175,T166))),((((((T77,T179),T148),T8),T129),(T4,T127)),T163)),(((T26,T18),T128),((T47,T2),T24)))),((((((T197,T134),((T61,(T86,T89)),(T38,T75))),T140),(((((((((T137,T39),T173),T170),T91),T121),T28),(T59,T92)),T195),(T124,T143))),(((((T132,T34),T82),T14),T174),T20)),((((T116,(T171,T6)),T9),T107),((T190,T119),T54)))),(((((((((((T88,T160),T120),T122),(T49,T193)),T42),((T31,T22),T19)),((((((T168,T57),(T13,T144)),(T159,T50)),(T12,T83)),((T200,T64),T172)),(((T150,T70),(T87,T62)),T55))),T85),(((T113,T177),T109),(((T23,T139),T52),T78))),((((((T76,T40),T33),T69),((T111,T37),T194)),(T115,T185)),((T110,T198),T30))),T0)),((((T192,T93),T15),T58),((((((T164,T182),T161),T65),(((((T11,T199),T67),T112),((T136,T60),T187)),((T125,T183),((T106,T180),T123)))),((T114,T157),T41)),((T21,((T126,T74),T100)),(((T29,T80),T153),T149))))),(((((T46,(T98,T1)),(T68,T141)),((T95,T10),(T105,T133))),(T188,T72)),(((((T108,T101),((T154,T103),T48)),(T167,T181)),(T158,(T51,T7))),T191))),T56),T147),T176);
*** Subsample Process ***
Use two-step algorithm!
#NNI moves:0/236
Remaining: 0
#NNI moves:3/236
#NNI moves:3/236
(((((((((((((((((((((T60,T136),T187),(((T11,T199),T67),T112)),(((T106,T180),T123),(T125,T183))),(((T164,T182),T161),T65)),((T114,T157),T41)),((((T29,T80),T153),T149),(((T126,T74),T100),T21))),(T58,((T93,T192),T15))),(((((((T98,T1),T46),(T68,T141)),((T105,T133),(T95,T10))),(T188,T72)),((((((T103,T154),T48),(T101,T108)),(T167,T181)),((T51,T7),T158)),T191)),((T147,T176),T56))),(((((((((((T168,T57),(T144,T13)),(T50,T159)),(T83,T12)),((T200,T64),T172)),(((T62,T87),(T150,T70)),T55)),((((T122,(T120,(T160,T88))),(T49,T193)),T42),((T31,T22),T19))),T85),((T109,(T177,T113)),(((T23,T139),T52),T78))),((((T69,((T76,T40),T33)),(T194,(T37,T111))),(T185,T115)),((T198,T110),T30))),T0)),((((((((((((T137,T39),T173),T170),T91),T121),T28),(T59,T92)),T195),(T143,T124)),(((T197,T134),((T38,T75),((T86,T89),T61))),T140)),(((((T132,T34),T82),T14),T174),T20)),((T54,(T119,T190)),(((T116,(T171,T6)),T9),T107)))),((((((((T179,T77),T148),T8),T129),(T4,T127)),T163),(((T175,T166),((T3,T96),T196)),((((T43,(T25,T63)),T16),T99),T102))),((T128,(T26,T18)),(T24,(T2,T47))))),(T66,T84)),((((((((T71,T162),T35),T117),(T130,T189)),(T45,(T53,T135))),((((T184,T152),T81),T36),(((T145,T97),T32),T44))),(T118,T169)),T17)),(((T142,T27),(T79,T5)),T104)),T138),((T178,((T146,T94),T155)),T73)),(T186,(T165,T90))),T131),T151),T156);
#NNI moves:0/236
Remaining: 0
#NNI moves:0/236
#NNI moves:0/236
((((((((((((((((T53,T135),T45),((T189,T130),(((T71,T162),T35),T117))),((((T152,T184),T81),T36),((T32,(T145,T97)),T44))),(T118,T169)),T17),((((T5,T79),(T142,T27)),T104),(T138,((((T156,T151),T131),(T186,(T165,T90))),(T73,(((T94,T146),T155),T178)))))),(T66,T84)),(((((((T43,(T25,T63)),T16),T99),T102),((T166,T175),((T96,T3),T196))),(((T129,(((T77,T179),T148),T8)),(T4,T127)),T163)),((T24,(T47,T2)),(T128,(T26,T18))))),(((((((((T91,((T173,(T39,T137)),T170)),T121),T28),(T59,T92)),T195),(T143,T124)),(((((T86,T89),T61),(T38,T75)),(T197,T134)),T140)),((((T82,(T34,T132)),T14),T174),T20)),(((T190,T119),T54),(((T116,(T6,T171)),T9),T107)))),((((((((T172,(T200,T64)),((((T57,T168),(T144,T13)),(T50,T159)),(T83,T12))),(((T87,T62),(T70,T150)),T55)),((((T193,T49),(T122,((T160,T88),T120))),T42),((T31,T22),T19))),T85),(((T52,(T23,T139)),T78),((T177,T113),T109))),(((T110,T198),T30),(((((T76,T40),T33),T69),(T194,(T111,T37))),(T115,T185)))),T0)),(((((((((T11,T199),T67),T112),((T136,T60),T187)),((T125,T183),((T180,T106),T123))),(T65,((T164,T182),T161))),((T114,T157),T41)),((((T74,T126),T100),T21),(((T80,T29),T153),T149))),(T58,((T192,T93),T15)))),(((((T133,T105),(T95,T10)),((T46,(T98,T1)),(T141,T68))),(T188,T72)),((((T51,T7),T158),((T167,T181),(((T103,T154),T48),(T101,T108)))),T191))),T56),T176),T147);
#NNI moves:0/236
Remaining: 0
#NNI moves:5/236
#NNI moves:5/236
((((((((((((((((((((((T67,(T11,T199)),T112),((T136,T60),T187)),((T183,T125),(T123,(T106,T180)))),(((T164,T182),T161),T65)),(T41,(T114,T157))),(((T100,(T126,T74)),T21),((T153,(T80,T29)),T149))),(((T93,T192),T15),T58)),((((((((T154,T103),T48),(T108,T101)),(T167,T181)),((T7,T51),T158)),T191),(((((T98,T1),T46),(T68,T141)),((T133,T105),(T10,T95))),(T72,T188))),(T56,(T176,T147)))),(((((((((T193,T49),(T122,(T120,(T160,T88)))),T42),(T19,(T31,T22))),(((T172,(T64,T200)),((((T57,T168),(T144,T13)),(T50,T159)),(T83,T12))),(((T150,T70),(T87,T62)),T55))),T85),((T78,((T139,T23),T52)),((T177,T113),T109))),((T30,(T110,T198)),((((T33,(T40,T76)),T69),(T194,(T37,T111))),(T115,T185)))),T0)),(((((T143,T124),((((T121,(T91,(((T137,T39),T173),T170))),T28),(T92,T59)),T195)),((((T61,(T89,T86)),(T75,T38)),(T134,T197)),T140)),((((T82,(T132,T34)),T14),T174),T20)),((T54,(T190,T119)),((((T171,T6),T116),T9),T107)))),(((((T99,((T43,(T25,T63)),T16)),T102),((T175,T166),((T96,T3),T196))),((((((T179,T77),T148),T8),T129),(T127,T4)),T163)),(((T18,T26),T128),(T24,(T2,T47))))),(T84,T66)),((((((T90,T165),T186),(T131,(T156,T151))),((((T94,T146),T155),T178),T73)),T138),(T104,((T27,T142),(T5,T79))))),T17),(T169,T118)),((T44,((T145,T97),T32)),((T81,(T152,T184)),T36))),((T53,T135),T45)),(T189,T130)),T117),(T162,T71)),T35);
#NNI moves:0/236
Remaining: 0
#NNI moves:1/236
#NNI moves:1/236
((((((((((((((((T156,T151),T131),((T90,T165),T186)),((((T146,T94),T155),T178),T73)),T138),(((T79,T5),(T27,T142)),T104)),(((((T44,((T97,T145),T32)),(((T184,T152),T81),T36)),((T45,(T135,T53)),((T130,T189),(((T162,T71),T35),T117)))),(T118,T169)),T17)),(T84,T66)),((((((T96,T3),T196),(T175,T166)),(((((T25,T63),T43),T16),T99),T102)),(((((T148,(T179,T77)),T8),T129),(T127,T4)),T163)),(((T2,T47),T24),((T26,T18),T128)))),(((((T143,T124),((((((((T137,T39),T173),T170),T91),T121),T28),(T59,T92)),T195)),(T140,(((T38,T75),((T89,T86),T61)),(T134,T197)))),((((T82,(T34,T132)),T14),T174),T20)),(((T119,T190),T54),((T9,((T6,T171),T116)),T107)))),(((((((((T193,T49),(((T160,T88),T120),T122)),T42),((T22,T31),T19)),((((((T144,T13),(T168,T57)),(T50,T159)),(T83,T12)),((T64,T200),T172)),(((T87,T62),(T70,T150)),T55))),T85),((((T139,T23),T52),T78),((T113,T177),T109))),((((T194,(T111,T37)),(((T76,T40),T33),T69)),(T185,T115)),((T198,T110),T30))),T0)),((((((((T180,T106),T123),(T183,T125)),(((T60,T136),T187),(((T199,T11),T67),T112))),(((T164,T182),T161),T65)),(T41,(T157,T114))),((T21,(T100,(T74,T126))),((T153,(T29,T80)),T149))),(((T192,T93),T15),T58))),(((((T167,T181),(((T154,T103),T48),(T108,T101))),(T158,(T7,T51))),T191),((((T141,T68),(T46,(T1,T98))),((T95,T10),(T133,T105))),(T188,T72)))),T56),T176),T147);
Current score: 3.08843e+10
Current tree: ((((((((((((((((T156,T151),T131),((T90,T165),T186)),((((T146,T94),T155),T178),T73)),T138),(((T79,T5),(T27,T142)),T104)),(((((T44,((T97,T145),T32)),(((T184,T152),T81),T36)),((T45,(T135,T53)),((T130,T189),(((T162,T71),T35),T117)))),(T118,T169)),T17)),(T84,T66)),((((((T96,T3),T196),(T175,T166)),(((((T25,T63),T43),T16),T99),T102)),(((((T148,(T179,T77)),T8),T129),(T127,T4)),T163)),(((T2,T47),T24),((T26,T18),T128)))),(((((T143,T124),((((((((T137,T39),T173),T170),T91),T121),T28),(T59,T92)),T195)),(T140,(((T38,T75),((T89,T86),T61)),(T134,T197)))),((((T82,(T34,T132)),T14),T174),T20)),(((T119,T190),T54),((T9,((T6,T171),T116)),T107)))),(((((((((T193,T49),(((T160,T88),T120),T122)),T42),((T22,T31),T19)),((((((T144,T13),(T168,T57)),(T50,T159)),(T83,T12)),((T64,T200),T172)),(((T87,T62),(T70,T150)),T55))),T85),((((T139,T23),T52),T78),((T113,T177),T109))),((((T194,(T111,T37)),(((T76,T40),T33),T69)),(T185,T115)),((T198,T110),T30))),T0)),((((((((T180,T106),T123),(T183,T125)),(((T60,T136),T187),(((T199,T11),T67),T112))),(((T164,T182),T161),T65)),(T41,(T157,T114))),((T21,(T100,(T74,T126))),((T153,(T29,T80)),T149))),(((T192,T93),T15),T58))),(((((T167,T181),(((T154,T103),T48),(T108,T101))),(T158,(T7,T51))),T191),((((T141,T68),(T46,(T1,T98))),((T95,T10),(T133,T105))),(T188,T72)))),T56),T147),T176);
Use two-step algorithm!
#NNI moves:0/236
Remaining: 1
#NNI moves:7/236
#NNI moves:7/236
((((((((((((((((((((T136,T60),T187),((T67,(T199,T11)),T112)),((T183,T125),((T106,T180),T123))),(((T182,T164),T161),T65)),((T114,T157),T41)),(((T100,(T126,T74)),T21),(T149,((T29,T80),T153)))),(((T93,T192),T15),T58)),((((((((T154,T103),T48),(T108,T101)),(T167,T181)),((T51,T7),T158)),T191),((((T133,T105),(T10,T95)),((T141,T68),((T98,T1),T46))),(T72,T188))),((T147,T176),T56))),(((((((((T122,((T160,T88),T120)),(T49,T193)),T42),((T31,T22),T19)),((((T64,T200),T172),((((T57,T168),(T144,T13)),(T50,T159)),(T83,T12))),(T55,((T70,T150),(T62,T87))))),T85),(((T177,T113),T109),(((T139,T23),T52),T78))),(((T185,T115),(((T37,T111),T194),((T33,(T76,T40)),T69))),((T110,T198),T30))),T0)),((((((((T89,T86),T61),(T75,T38)),(T134,T197)),T140),((((((T91,((T173,(T137,T39)),T170)),T121),T28),(T92,T59)),T195),(T124,T143))),(((T14,((T34,T132),T82)),T174),T20)),(((((T6,T171),T116),T9),T107),((T119,T190),T54)))),((((((T16,((T63,T25),T43)),T99),T102),(((T96,T3),T196),(T175,T166))),((((((T77,T179),T148),T8),T129),(T127,T4)),T163)),((T24,(T47,T2)),(T128,(T18,T26))))),(T84,T66)),((((((T53,T135),T45),((T189,T130),((T35,(T162,T71)),T117))),((((T145,T97),T32),T44),(((T152,T184),T81),T36))),(T169,T118)),T17)),(((T27,T142),(T5,T79)),T104)),T138),((((T94,T146),T155),T178),T73)),((T165,T90),T186)),(T151,T156)),T131);
#NNI moves:0/236
Remaining: 0
#NNI moves:6/236
#NNI moves:6/236
((((((((((((((((((T44,((T145,T97),T32)),(((T152,T184),T81),T36)),((T45,(T53,T135)),(((T35,(T162,T71)),T117),(T189,T130)))),(T169,T118)),T17),((((((T156,T151),T131),((T165,T90),T186)),((((T146,T94),T155),T178),T73)),T138),(((T5,T79),(T142,T27)),T104))),(T84,T66)),((((T47,T2),T24),(T128,(T26,T18))),(((((T96,T3),T196),(T166,T175)),((((T43,(T63,T25)),T16),T99),T102)),(T163,((T4,T127),((((T179,T77),T148),T8),T129)))))),((((((((T121,(T91,(((T39,T137),T173),T170))),T28),(T92,T59)),T195),(T124,T143)),((((T75,T38),((T86,T89),T61)),(T197,T134)),T140)),(((T14,((T132,T34),T82)),T174),T20)),(((T190,T119),T54),(T107,(T9,((T171,T6),T116)))))),(((((((((T64,T200),T172),((((T168,T57),(T144,T13)),(T159,T50)),(T83,T12))),(T55,((T62,T87),(T70,T150)))),(((((T120,(T88,T160)),T122),(T49,T193)),T42),((T31,T22),T19))),T85),((((T23,T139),T52),T78),((T177,T113),T109))),((((((T40,T76),T33),T69),(T194,(T37,T111))),(T115,T185)),(T30,(T198,T110)))),T0)),(((((((((T11,T199),T67),T112),((T136,T60),T187)),(((T106,T180),T123),(T125,T183))),((T161,(T182,T164)),T65)),((T157,T114),T41)),((((T29,T80),T153),T149),(T21,((T74,T126),T100)))),(T58,((T192,T93),T15)))),((T147,T176),T56)),((((T133,T105),(T10,T95)),((T141,T68),((T1,T98),T46))),(T72,T188))),T191),((T7,T51),T158)),(((T103,T154),T48),(T101,T108))),T167),T181);
#NNI moves:0/236
Remaining: 0
#NNI moves:0/236
#NNI moves:0/236
((((((((((((((((((((T122,((T88,T160),T120)),(T193,T49)),T42),((T22,T31),T19)),((((((T168,T57),(T13,T144)),(T159,T50)),(T83,T12)),(T172,(T200,T64))),(((T70,T150),(T62,T87)),T55))),T85),((((T139,T23),T52),T78),((T113,T177),T109))),(((((T33,(T76,T40)),T69),((T111,T37),T194)),(T185,T115)),((T110,T198),T30))),T0),(((((((((T136,T60),T187),(((T11,T199),T67),T112)),((T125,T183),((T106,T180),T123))),((T161,(T182,T164)),T65)),(T41,(T157,T114))),((T149,((T29,T80),T153)),(T21,((T74,T126),T100)))),(((T93,T192),T15),T58)),((((((T95,T10),(T133,T105)),((T68,T141),(T46,(T1,T98)))),(T188,T72)),(T191,(((T51,T7),T158),((((T103,T154),T48),(T108,T101)),(T181,T167))))),((T176,T147),T56)))),((((((((T86,T89),T61),(T75,T38)),(T197,T134)),T140),((((T92,T59),(T28,((T91,(T170,(T173,(T137,T39)))),T121))),T195),(T143,T124))),(((((T34,T132),T82),T14),T174),T20)),(((T190,T119),T54),((((T171,T6),T116),T9),T107)))),((((((((T77,T179),T148),T8),T129),(T127,T4)),T163),(((T166,T175),((T96,T3),T196)),(((T16,((T63,T25),T43)),T99),T102))),(((T2,T47),T24),((T26,T18),T128)))),(T66,T84)),(((((((T146,T94),T155),T178),T73),(((T165,T90),T186),(T131,(T151,T156)))),T138),(((T79,T5),(T27,T142)),T104))),T17),(T118,T169)),(((T53,T135),T45),((((T71,T162),T35),T117),(T130,T189)))),(((T184,T152),T81),T36)),(T32,(T145,T97))),T44);
#NNI moves:0/236
Remaining: 1
#NNI moves:8/236
#NNI moves:8/236
((((((((((((((((((((T144,T13),(T168,T57)),(T50,T159)),(T12,T83)),((T64,T200),T172)),(((T150,T70),(T62,T87)),T55)),((((T49,T193),(((T160,T88),T120),T122)),T42),(T19,(T31,T22)))),T85),((((T139,T23),T52),T78),((T177,T113),T109))),(((T115,T185),((((T40,T76),T33),T69),((T37,T111),T194))),((T110,T198),T30))),T0),(((((((T127,T4),((T8,((T77,T179),T148)),T129)),T163),((((T96,T3),T196),(T175,T166)),(((((T63,T25),T43),T16),T99),T102))),((T24,(T47,T2)),((T18,T26),T128))),((((((((T155,(T94,T146)),T178),T73),(((T151,T156),T131),((T165,T90),T186))),T138),(((T79,T5),(T142,T27)),T104)),(((((((T35,(T162,T71)),T117),(T189,T130)),((T135,T53),T45)),(((T32,(T145,T97)),T44),(((T184,T152),T81),T36))),(T118,T169)),T17)),(T84,T66))),(((((((T75,T38),((T89,T86),T61)),(T134,T197)),T140),((((T59,T92),((((((T137,T39),T173),T170),T91),T121),T28)),T195),(T143,T124))),((T174,(T14,((T132,T34),T82))),T20)),((T107,(((T171,T6),T116),T9)),(T54,(T119,T190)))))),((((((((T136,T60),T187),(((T199,T11),T67),T112)),((T183,T125),((T180,T106),T123))),(((T182,T164),T161),T65)),((T157,T114),T41)),((T149,(T153,(T29,T80))),((T100,(T126,T74)),T21))),(((T93,T192),T15),T58))),((T176,T147),T56)),((((((T154,T103),T48),(T108,T101)),(T181,T167)),((T7,T51),T158)),T191)),(T72,T188)),((T68,T141),(T46,(T98,T1)))),(T10,T95)),T133),T105);
Current score: 3.08843e+10
Current tree: ((T147,(T56,((((((((((((((T144,T13),(T168,T57)),(T50,T159)),(T12,T83)),((T64,T200),T172)),(((T150,T70),(T62,T87)),T55)),((((T49,T193),(((T160,T88),T120),T122)),T42),(T19,(T31,T22)))),T85),((((T139,T23),T52),T78),((T177,T113),T109))),(((T115,T185),((((T40,T76),T33),T69),((T37,T111),T194))),((T110,T198),T30))),T0),(((((((T127,T4),((T8,((T77,T179),T148)),T129)),T163),((((T96,T3),T196),(T175,T166)),(((((T63,T25),T43),T16),T99),T102))),((T24,(T47,T2)),((T18,T26),T128))),((((((((T155,(T94,T146)),T178),T73),(((T151,T156),T131),((T165,T90),T186))),T138),(((T79,T5),(T142,T27)),T104)),(((((((T35,(T162,T71)),T117),(T189,T130)),((T135,T53),T45)),(((T32,(T145,T97)),T44),(((T184,T152),T81),T36))),(T118,T169)),T17)),(T84,T66))),(((((((T75,T38),((T89,T86),T61)),(T134,T197)),T140),((((T59,T92),((((((T137,T39),T173),T170),T91),T121),T28)),T195),(T143,T124))),((T174,(T14,((T132,T34),T82))),T20)),((T107,(((T171,T6),T116),T9)),(T54,(T119,T190)))))),((((((((T136,T60),T187),(((T199,T11),T67),T112)),((T183,T125),((T180,T106),T123))),(((T182,T164),T161),T65)),((T157,T114),T41)),((T149,(T153,(T29,T80))),((T100,(T126,T74)),T21))),(((T93,T192),T15),T58))),(((((((T154,T103),T48),(T108,T101)),(T181,T167)),((T7,T51),T158)),T191),((T72,T188),(((T68,T141),(T46,(T98,T1))),((T10,T95),(T133,T105)))))))),T176);
Use two-step algorithm!
#NNI moves:0/236
Remaining: 0
#NNI moves:0/236
#NNI moves:0/236
(((((((((((((((T130,T189),((T35,(T162,T71)),T117)),(T45,(T53,T135))),((T36,((T152,T184),T81)),((T32,(T145,T97)),T44))),(T169,T118)),T17),(((((((T94,T146),T155),T178),T73),(((T90,T165),T186),(T131,(T151,T156)))),T138),(((T5,T79),(T27,T142)),T104))),(T66,T84)),((((((((T63,T25),T43),T16),T99),T102),((T166,T175),((T96,T3),T196))),(((T129,((T148,(T77,T179)),T8)),(T127,T4)),T163)),(((T2,T47),T24),(T128,(T26,T18))))),((((((((((((T137,T39),T173),T170),T91),T121),T28),(T59,T92)),T195),(T124,T143)),(((((T89,T86),T61),(T75,T38)),(T197,T134)),T140)),(((((T34,T132),T82),T14),T174),T20)),(((((T171,T6),T116),T9),T107),((T119,T190),T54)))),(((((((((T12,T83),(((T13,T144),(T168,T57)),(T50,T159))),((T64,T200),T172)),(((T150,T70),(T62,T87)),T55)),((((T193,T49),(((T160,T88),T120),T122)),T42),((T31,T22),T19))),T85),(((T52,(T139,T23)),T78),(T109,(T113,T177)))),(((T115,T185),((((T76,T40),T33),T69),(T194,(T37,T111)))),(T30,(T198,T110)))),T0)),(((((((T123,(T180,T106)),(T125,T183)),(((T67,(T11,T199)),T112),(T187,(T136,T60)))),(T65,((T182,T164),T161))),((T114,T157),T41)),((T149,((T29,T80),T153)),(((T126,T74),T100),T21))),(((T93,T192),T15),T58))),(((((T181,T167),(((T103,T154),T48),(T101,T108))),((T7,T51),T158)),T191),((((T68,T141),((T1,T98),T46)),((T105,T133),(T95,T10))),(T72,T188)))),(T147,T176)),T56);
#NNI moves:0/236
Remaining: 0
#NNI moves:3/236
#NNI moves:3/236
(((((((((((((((((((T101,T108),((T103,T154),T48)),(T167,T181)),((T51,T7),T158)),T191),((((T46,(T1,T98)),(T68,T141)),((T105,T133),(T10,T95))),(T72,T188))),(T56,(T176,T147))),((((((((T106,T180),T123),(T183,T125)),((T112,(T67,(T11,T199))),((T60,T136),T187))),((T161,(T164,T182)),T65)),(T41,(T114,T157))),((((T74,T126),T100),T21),(T149,((T29,T80),T153)))),(((T192,T93),T15),T58))),(((((((((T12,T83),(((T13,T144),(T57,T168)),(T50,T159))),((T64,T200),T172)),(((T62,T87),(T150,T70)),T55)),(((((T120,(T88,T160)),T122),(T49,T193)),T42),((T22,T31),T19))),T85),(((T52,(T139,T23)),T78),((T177,T113),T109))),(((T198,T110),T30),((((T37,T111),T194),((T33,(T76,T40)),T69)),(T185,T115)))),T0)),((((((((((T170,((T39,T137),T173)),T91),T121),T28),(T92,T59)),T195),(T143,T124)),(((((T89,T86),T61),(T75,T38)),(T134,T197)),T140)),((((T82,(T34,T132)),T14),T174),T20)),((T107,(T9,((T6,T171),T116))),(T54,(T190,T119))))),(((((((T43,(T25,T63)),T16),T99),T102),((T175,T166),((T3,T96),T196))),((((((T179,T77),T148),T8),T129),(T4,T127)),T163)),(((T26,T18),T128),((T2,T47),T24)))),(T84,T66)),(T17,(((((T32,(T97,T145)),T44),(((T152,T184),T81),T36)),(((T135,T53),T45),((T130,T189),((T35,(T162,T71)),T117)))),(T118,T169)))),(((T79,T5),(T27,T142)),T104)),T138),((T131,(T156,T151)),((T90,T165),T186))),T73),((T146,T94),T155)),T178);
#NNI moves:0/236
Remaining: 0
#NNI moves:0/236
#NNI moves:0/236
(((((((((((((((((((T137,T39),T173),T170),T91),T121),T28),(T92,T59)),T195),(T143,T124)),((((T75,T38),((T89,T86),T61)),(T134,T197)),T140)),(((((T132,T34),T82),T14),T174),T20)),((T107,((T116,(T171,T6)),T9)),(T54,(T119,T190)))),((((((((((T97,T145),T32),T44),(((T152,T184),T81),T36)),(((((T71,T162),T35),T117),(T189,T130)),((T53,T135),T45))),(T118,T169)),T17),((((T5,T79),(T142,T27)),T104),(T138,((((T155,(T146,T94)),T178),T73),((T186,(T90,T165)),((T156,T151),T131)))))),(T84,T66)),(((((T175,T166),(T196,(T96,T3))),(((((T63,T25),T43),T16),T99),T102)),(((T4,T127),((T8,((T77,T179),T148)),T129)),T163)),(((T47,T2),T24),(T128,(T26,T18)))))),((((((((((T159,T50),((T144,T13),(T57,T168))),(T12,T83)),((T200,T64),T172)),(T55,((T70,T150),(T87,T62)))),((((T49,T193),((T120,(T160,T88)),T122)),T42),((T31,T22),T19))),T85),((T109,(T113,T177)),((T52,(T139,T23)),T78))),((((((T40,T76),T33),T69),((T37,T111),T194)),(T115,T185)),(T30,(T110,T198)))),T0)),((((((((T180,T106),T123),(T125,T183)),((T112,((T11,T199),T67)),((T136,T60),T187))),(((T164,T182),T161),T65)),(T41,(T157,T114))),((((T29,T80),T153),T149),(((T126,T74),T100),T21))),(((T192,T93),T15),T58))),((((((T108,T101),(T48,(T103,T154))),(T181,T167)),(T158,(T51,T7))),T191),((((T10,T95),(T105,T133)),((T141,T68),((T1,T98),T46))),(T188,T72)))),T56),T147),T176);
#NNI moves:0/236
Remaining: 0
#NNI moves:1/236
#NNI moves:1/236
((((((((((((((((((((T180,T106),T123),(T183,T125)),(((T67,(T11,T199)),T112),(T187,(T136,T60)))),((T161,(T164,T182)),T65)),(T41,(T157,T114))),(((T100,(T126,T74)),T21),(((T29,T80),T153),T149))),(((T93,T192),T15),T58)),(((((((T108,T101),((T154,T103),T48)),(T167,T181)),((T7,T51),T158)),T191),((((T46,(T1,T98)),(T141,T68)),((T10,T95),(T105,T133))),(T188,T72))),((T147,T176),T56))),((((((((((T159,T50),((T13,T144),(T57,T168))),(T83,T12)),((T64,T200),T172)),(((T70,T150),(T87,T62)),T55)),((T42,((((T160,T88),T120),T122),(T49,T193))),((T31,T22),T19))),T85),(((T177,T113),T109),(T78,((T139,T23),T52)))),((T30,(T198,T110)),((T185,T115),((((T76,T40),T33),T69),((T111,T37),T194))))),T0)),(((((((((T130,T189),(((T162,T71),T35),T117)),((T135,T53),T45)),((T44,((T97,T145),T32)),(((T184,T152),T81),T36))),(T169,T118)),T17),((T138,((((T155,(T146,T94)),T178),T73),(((T165,T90),T186),(T131,(T151,T156))))),(T104,((T5,T79),(T142,T27))))),(T84,T66)),((((T47,T2),T24),(T128,(T18,T26))),((((T4,T127),(((T148,(T77,T179)),T8),T129)),T163),((((T16,((T25,T63),T43)),T99),T102),(((T3,T96),T196),(T175,T166))))))),((T54,(T190,T119)),((T9,(T116,(T171,T6))),T107))),(((T14,((T132,T34),T82)),T174),T20)),((((T75,T38),((T86,T89),T61)),(T197,T134)),T140)),(T124,T143)),T195),(T92,T59)),T28),((T170,(T173,(T137,T39))),T91)),T121);
Current score: 3.08843e+10
Current tree: ((T147,(T56,(((((((T108,T101),((T154,T103),T48)),(T167,T181)),((T7,T51),T158)),T191),((((T46,(T1,T98)),(T141,T68)),((T10,T95),(T105,T133))),(T188,T72))),(((((((((T180,T106),T123),(T183,T125)),(((T67,(T11,T199)),T112),(T187,(T136,T60)))),((T161,(T164,T182)),T65)),(T41,(T157,T114))),(((T100,(T126,T74)),T21),(((T29,T80),T153),T149))),(((T93,T192),T15),T58)),(((((((((((T159,T50),((T13,T144),(T57,T168))),(T83,T12)),((T64,T200),T172)),(((T70,T150),(T87,T62)),T55)),((T42,((((T160,T88),T120),T122),(T49,T193))),((T31,T22),T19))),T85),(((T177,T113),T109),(T78,((T139,T23),T52)))),((T30,(T198,T110)),((T185,T115),((((T76,T40),T33),T69),((T111,T37),T194))))),T0),((((((((((T130,T189),(((T162,T71),T35),T117)),((T135,T53),T45)),((T44,((T97,T145),T32)),(((T184,T152),T81),T36))),(T169,T118)),T17),((T138,((((T155,(T146,T94)),T178),T73),(((T165,T90),T186),(T131,(T151,T156))))),(T104,((T5,T79),(T142,T27))))),(T84,T66)),((((T47,T2),T24),(T128,(T18,T26))),((((T4,T127),(((T148,(T77,T179)),T8),T129)),T163),((((T16,((T25,T63),T43)),T99),T102),(((T3,T96),T196),(T175,T166)))))),(((T54,(T190,T119)),((T9,(T116,(T171,T6))),T107)),((((T14,((T132,T34),T82)),T174),T20),(((((T75,T38),((T86,T89),T61)),(T197,T134)),T140),((T124,T143),(T195,((T92,T59),(T28,(((T170,(T173,(T137,T39))),T91),T121)))))))))))))),T176);
Final Tree: ((T147,(T56,(((((((T108,T101),((T154,T103),T48)),(T167,T181)),((T7,T51),T158)),T191),((((T46,(T1,T98)),(T141,T68)),((T10,T95),(T105,T133))),(T188,T72))),(((((((((T180,T106),T123),(T183,T125)),(((T67,(T11,T199)),T112),(T187,(T136,T60)))),((T161,(T164,T182)),T65)),(T41,(T157,T114))),(((T100,(T126,T74)),T21),(((T29,T80),T153),T149))),(((T93,T192),T15),T58)),(((((((((((T159,T50),((T13,T144),(T57,T168))),(T83,T12)),((T64,T200),T172)),(((T70,T150),(T87,T62)),T55)),((T42,((((T160,T88),T120),T122),(T49,T193))),((T31,T22),T19))),T85),(((T177,T113),T109),(T78,((T139,T23),T52)))),((T30,(T198,T110)),((T185,T115),((((T76,T40),T33),T69),((T111,T37),T194))))),T0),((((((((((T130,T189),(((T162,T71),T35),T117)),((T135,T53),T45)),((T44,((T97,T145),T32)),(((T184,T152),T81),T36))),(T169,T118)),T17),((T138,((((T155,(T146,T94)),T178),T73),(((T165,T90),T186),(T131,(T151,T156))))),(T104,((T5,T79),(T142,T27))))),(T84,T66)),((((T47,T2),T24),(T128,(T18,T26))),((((T4,T127),(((T148,(T77,T179)),T8),T129)),T163),((((T16,((T25,T63),T43)),T99),T102),(((T3,T96),T196),(T175,T166)))))),(((T54,(T190,T119)),((T9,(T116,(T171,T6))),T107)),((((T14,((T132,T34),T82)),T174),T20),(((((T75,T38),((T86,T89),T61)),(T197,T134)),T140),((T124,T143),(T195,((T92,T59),(T28,(((T170,(T173,(T137,T39))),T91),T121)))))))))))))),T176);
Score: 3.088426303e+10

real	2m8.410s
user	49m3.576s
sys	0m19.678s
