
RAxML-NG v. 1.1.0-master released on 04.08.2022 by The Exelixis Lab.
Developed by: Alexey M. Kozlov and Alexandros Stamatakis.
Contributors: Diego Darriba, Tomas Flouri, Benoit Morel, Sarah Lutteropp, Ben Bettisworth.
Latest version: https://github.com/amkozlov/raxml-ng
Questions/problems/suggestions? Please visit: https://groups.google.com/forum/#!forum/raxml

System: AMD EPYC 7742 64-Core Processor, 128 cores, 251 GB RAM

RAxML-NG was called at 02-Jan-2023 11:00:48 as follows:

/home/chaos/programs/raxml-ng/raxml-ng/bin/raxml-ng --msa data/alignment/13_0.1X_S201_0_haploid --tree pars{1} --model GTR+G --threads 64

Analysis options:
  run mode: ML tree search
  start tree(s): parsimony (1)
  random seed: 1672686048
  tip-inner: OFF
  pattern compression: ON
  per-rate scalers: OFF
  site repeats: ON
  fast spr radius: AUTO
  spr subtree cutoff: 1.000000
  branch lengths: proportional (ML estimate, algorithm: NR-FAST)
  SIMD kernels: AVX2
  parallelization: coarse-grained (auto), PTHREADS (64 threads), thread pinning: OFF

[00:00:00] Reading alignment from file: data/alignment/13_0.1X_S201_0_haploid
[00:00:02] Loaded alignment with 201 taxa and 5000000 sites

Alignment comprises 1 partitions and 324861 patterns

Partition 0: noname
Model: GTR+FO+G4m
Alignment sites / patterns: 5000000 / 324861
Gaps: 0.00 %
Invariant sites: 64.50 %


NOTE: Binary MSA file created: data/alignment/13_0.1X_S201_0_haploid.raxml.rba

Parallelization scheme autoconfig: 1 worker(s) x 64 thread(s)

Parallel reduction/worker buffer size: 1 KB  / 0 KB

[00:00:20] Generating 1 parsimony starting tree(s) with 201 taxa
[00:00:24] Data distribution: max. partitions/sites/weight per thread: 1 / 5076 / 81216
[00:00:24] Data distribution: max. searches per worker: 1

Starting ML tree search with 1 distinct starting trees

[00:00:25 -53831009.141324] Initial branch length optimization
[00:00:27 -26864227.319466] Model parameter optimization (eps = 10.000000)
[00:00:36 -26053525.381514] AUTODETECT spr round 1 (radius: 5)
[00:00:48 -26053147.575070] AUTODETECT spr round 2 (radius: 10)
[00:01:20 -26053147.575070] SPR radius for FAST iterations: 5 (autodetect)
[00:01:20 -26053147.575070] Model parameter optimization (eps = 3.000000)
[00:01:21 -26053147.452432] FAST spr round 1 (radius: 5)
[00:01:34 -26053084.934878] FAST spr round 2 (radius: 5)
[00:01:47 -26053037.840308] FAST spr round 3 (radius: 5)
[00:02:01 -26053037.840308] Model parameter optimization (eps = 1.000000)
[00:02:01 -26053037.809130] SLOW spr round 1 (radius: 5)
[00:02:52 -26053020.152247] SLOW spr round 2 (radius: 5)
[00:03:41 -26053020.152247] SLOW spr round 3 (radius: 10)
[00:04:31 -26053020.152247] SLOW spr round 4 (radius: 15)
[00:06:18 -26053020.152247] SLOW spr round 5 (radius: 20)
[00:07:29 -26053020.152247] SLOW spr round 6 (radius: 25)
[00:07:45 -26053020.152247] Model parameter optimization (eps = 0.100000)

[00:07:46] ML tree search #1, logLikelihood: -26053020.108526


Optimized model parameters:

   Partition 0: noname
   Rate heterogeneity: GAMMA (4 cats, mean),  alpha: 2.293971 (ML),  weights&rates: (0.250000,0.326010) (0.250000,0.683028) (0.250000,1.075864) (0.250000,1.915098) 
   Base frequencies (ML): 0.270296 0.271517 0.188382 0.269805 
   Substitution rates (ML): 1.763020 6.633315 0.603898 1.379234 4.718411 1.000000 


Final LogLikelihood: -26053020.108526

AIC score: 52106856.217052 / AICc score: 52106856.283806 / BIC score: 52112333.596028
Free parameters (model + branch lengths): 408

Best ML tree saved to: /expanse/lustre/projects/uot138/chaos/ASTERISK-sim/data/alignment/13_0.1X_S201_0_haploid.raxml.bestTree
Optimized model saved to: /expanse/lustre/projects/uot138/chaos/ASTERISK-sim/data/alignment/13_0.1X_S201_0_haploid.raxml.bestModel

Execution log saved to: /expanse/lustre/projects/uot138/chaos/ASTERISK-sim/data/alignment/13_0.1X_S201_0_haploid.raxml.log

Analysis started: 02-Jan-2023 11:00:48 / finished: 02-Jan-2023 11:08:34

Elapsed time: 466.082 seconds

Consumed energy: 58.605 Wh

