
RAxML-NG v. 1.1.0-master released on 04.08.2022 by The Exelixis Lab.
Developed by: Alexey M. Kozlov and Alexandros Stamatakis.
Contributors: Diego Darriba, Tomas Flouri, Benoit Morel, Sarah Lutteropp, Ben Bettisworth.
Latest version: https://github.com/amkozlov/raxml-ng
Questions/problems/suggestions? Please visit: https://groups.google.com/forum/#!forum/raxml

System: AMD EPYC 7742 64-Core Processor, 128 cores, 251 GB RAM

RAxML-NG was called at 02-Jan-2023 11:00:48 as follows:

/home/chaos/programs/raxml-ng/raxml-ng/bin/raxml-ng --msa data/alignment/14_0.1X_S201_0_haploid --tree pars{1} --model GTR+G --threads 64

Analysis options:
  run mode: ML tree search
  start tree(s): parsimony (1)
  random seed: 1672686048
  tip-inner: OFF
  pattern compression: ON
  per-rate scalers: OFF
  site repeats: ON
  fast spr radius: AUTO
  spr subtree cutoff: 1.000000
  branch lengths: proportional (ML estimate, algorithm: NR-FAST)
  SIMD kernels: AVX2
  parallelization: coarse-grained (auto), PTHREADS (64 threads), thread pinning: OFF

[00:00:00] Reading alignment from file: data/alignment/14_0.1X_S201_0_haploid
[00:00:02] Loaded alignment with 201 taxa and 5000000 sites

Alignment comprises 1 partitions and 259325 patterns

Partition 0: noname
Model: GTR+FO+G4m
Alignment sites / patterns: 5000000 / 259325
Gaps: 0.00 %
Invariant sites: 69.32 %


NOTE: Binary MSA file created: data/alignment/14_0.1X_S201_0_haploid.raxml.rba

Parallelization scheme autoconfig: 1 worker(s) x 64 thread(s)

Parallel reduction/worker buffer size: 1 KB  / 0 KB

[00:00:20] Generating 1 parsimony starting tree(s) with 201 taxa
[00:00:24] Data distribution: max. partitions/sites/weight per thread: 1 / 4052 / 64832
[00:00:24] Data distribution: max. searches per worker: 1

Starting ML tree search with 1 distinct starting trees

[00:00:24 -51554238.658971] Initial branch length optimization
[00:00:27 -23717145.712586] Model parameter optimization (eps = 10.000000)
[00:00:33 -23274870.039582] AUTODETECT spr round 1 (radius: 5)
[00:00:42 -23274527.628139] AUTODETECT spr round 2 (radius: 10)
[00:01:07 -23274527.628139] SPR radius for FAST iterations: 5 (autodetect)
[00:01:07 -23274527.628139] Model parameter optimization (eps = 3.000000)
[00:01:07 -23274527.462473] FAST spr round 1 (radius: 5)
[00:01:17 -23274477.475233] FAST spr round 2 (radius: 5)
[00:01:27 -23274466.975094] FAST spr round 3 (radius: 5)
[00:01:38 -23274460.743882] FAST spr round 4 (radius: 5)
[00:01:49 -23274460.743882] Model parameter optimization (eps = 1.000000)
[00:01:49 -23274460.695713] SLOW spr round 1 (radius: 5)
[00:02:32 -23274460.695713] SLOW spr round 2 (radius: 10)
[00:03:14 -23274460.695713] SLOW spr round 3 (radius: 15)
[00:04:34 -23274460.695713] SLOW spr round 4 (radius: 20)
[00:05:34 -23274460.695713] SLOW spr round 5 (radius: 25)
[00:05:51 -23274460.695713] Model parameter optimization (eps = 0.100000)

[00:05:52] ML tree search #1, logLikelihood: -23274460.687066


Optimized model parameters:

   Partition 0: noname
   Rate heterogeneity: GAMMA (4 cats, mean),  alpha: 2.744061 (ML),  weights&rates: (0.250000,0.368439) (0.250000,0.716295) (0.250000,1.080923) (0.250000,1.834344) 
   Base frequencies (ML): 0.292093 0.215109 0.264261 0.228537 
   Substitution rates (ML): 2.059177 3.322433 0.472867 2.124365 4.983955 1.000000 


Final LogLikelihood: -23274460.687066

AIC score: 46549737.374132 / AICc score: 46549737.440886 / BIC score: 46555214.753108
Free parameters (model + branch lengths): 408

Best ML tree saved to: /expanse/lustre/projects/uot138/chaos/ASTERISK-sim/data/alignment/14_0.1X_S201_0_haploid.raxml.bestTree
Optimized model saved to: /expanse/lustre/projects/uot138/chaos/ASTERISK-sim/data/alignment/14_0.1X_S201_0_haploid.raxml.bestModel

Execution log saved to: /expanse/lustre/projects/uot138/chaos/ASTERISK-sim/data/alignment/14_0.1X_S201_0_haploid.raxml.log

Analysis started: 02-Jan-2023 11:00:48 / finished: 02-Jan-2023 11:06:40

Elapsed time: 352.095 seconds

Consumed energy: 42.951 Wh

