
RAxML-NG v. 1.1.0-master released on 04.08.2022 by The Exelixis Lab.
Developed by: Alexey M. Kozlov and Alexandros Stamatakis.
Contributors: Diego Darriba, Tomas Flouri, Benoit Morel, Sarah Lutteropp, Ben Bettisworth.
Latest version: https://github.com/amkozlov/raxml-ng
Questions/problems/suggestions? Please visit: https://groups.google.com/forum/#!forum/raxml

System: AMD EPYC 7742 64-Core Processor, 128 cores, 251 GB RAM

RAxML-NG was called at 02-Jan-2023 11:00:49 as follows:

/home/chaos/programs/raxml-ng/raxml-ng/bin/raxml-ng --msa data/alignment/15_0.1X_S201_0_haploid --tree pars{1} --model GTR+G --threads 64

Analysis options:
  run mode: ML tree search
  start tree(s): parsimony (1)
  random seed: 1672686049
  tip-inner: OFF
  pattern compression: ON
  per-rate scalers: OFF
  site repeats: ON
  fast spr radius: AUTO
  spr subtree cutoff: 1.000000
  branch lengths: proportional (ML estimate, algorithm: NR-FAST)
  SIMD kernels: AVX2
  parallelization: coarse-grained (auto), PTHREADS (64 threads), thread pinning: OFF

[00:00:00] Reading alignment from file: data/alignment/15_0.1X_S201_0_haploid
[00:00:02] Loaded alignment with 201 taxa and 5000000 sites

Alignment comprises 1 partitions and 208260 patterns

Partition 0: noname
Model: GTR+FO+G4m
Alignment sites / patterns: 5000000 / 208260
Gaps: 0.00 %
Invariant sites: 72.44 %


NOTE: Binary MSA file created: data/alignment/15_0.1X_S201_0_haploid.raxml.rba

Parallelization scheme autoconfig: 1 worker(s) x 64 thread(s)

Parallel reduction/worker buffer size: 1 KB  / 0 KB

[00:00:20] Generating 1 parsimony starting tree(s) with 201 taxa
[00:00:23] Data distribution: max. partitions/sites/weight per thread: 1 / 3255 / 52080
[00:00:23] Data distribution: max. searches per worker: 1

Starting ML tree search with 1 distinct starting trees

[00:00:24 -50384854.713763] Initial branch length optimization
[00:00:25 -22018572.578029] Model parameter optimization (eps = 10.000000)
[00:00:28 -21161098.614112] AUTODETECT spr round 1 (radius: 5)
[00:00:35 -21161098.614112] SPR radius for FAST iterations: 5 (autodetect)
[00:00:35 -21161098.614112] Model parameter optimization (eps = 3.000000)
[00:00:35 -21161098.607940] FAST spr round 1 (radius: 5)
[00:00:43 -21161059.524824] FAST spr round 2 (radius: 5)
[00:00:51 -21161059.524824] Model parameter optimization (eps = 1.000000)
[00:00:52 -21161059.448317] SLOW spr round 1 (radius: 5)
[00:01:25 -21160931.836025] SLOW spr round 2 (radius: 5)
[00:01:58 -21160931.836025] SLOW spr round 3 (radius: 10)
[00:02:28 -21160931.836025] SLOW spr round 4 (radius: 15)
[00:03:35 -21160931.836025] SLOW spr round 5 (radius: 20)
[00:04:12 -21160931.836025] SLOW spr round 6 (radius: 25)
[00:04:19 -21160931.836025] Model parameter optimization (eps = 0.100000)

[00:04:20] ML tree search #1, logLikelihood: -21160931.700122


Optimized model parameters:

   Partition 0: noname
   Rate heterogeneity: GAMMA (4 cats, mean),  alpha: 2.666321 (ML),  weights&rates: (0.250000,0.361679) (0.250000,0.711202) (0.250000,1.080287) (0.250000,1.846832) 
   Base frequencies (ML): 0.323856 0.197310 0.179485 0.299349 
   Substitution rates (ML): 0.959892 6.095542 0.330689 2.660982 5.434739 1.000000 


Final LogLikelihood: -21160931.700122

AIC score: 42322679.400243 / AICc score: 42322679.466997 / BIC score: 42328156.779219
Free parameters (model + branch lengths): 408

Best ML tree saved to: /expanse/lustre/projects/uot138/chaos/ASTERISK-sim/data/alignment/15_0.1X_S201_0_haploid.raxml.bestTree
Optimized model saved to: /expanse/lustre/projects/uot138/chaos/ASTERISK-sim/data/alignment/15_0.1X_S201_0_haploid.raxml.bestModel

Execution log saved to: /expanse/lustre/projects/uot138/chaos/ASTERISK-sim/data/alignment/15_0.1X_S201_0_haploid.raxml.log

Analysis started: 02-Jan-2023 11:00:49 / finished: 02-Jan-2023 11:05:09

Elapsed time: 260.272 seconds

Consumed energy: 31.096 Wh

