Weighted ASTRAL - Hybrid
Version: v1.13.2.3
#Genetrees: 2000
#Species: 201
#Rounds: 4
#Samples: 4
#Threads: 32
Use two-step algorithm!
Guide Tree 0/27
#NNI moves:0/236
Guide Tree 1/27
#NNI moves:0/236
Guide Tree 2/27
#NNI moves:0/236
Guide Tree 3/27
#NNI moves:0/236
Guide Tree 4/27
#NNI moves:0/236
Guide Tree 5/27
#NNI moves:2/236
Guide Tree 6/27
#NNI moves:3/236
Guide Tree 7/27
#NNI moves:0/236
Guide Tree 8/27
#NNI moves:3/236
Guide Tree 9/27
#NNI moves:0/236
Guide Tree 10/27
#NNI moves:0/236
Guide Tree 11/27
#NNI moves:0/236
Guide Tree 12/27
#NNI moves:3/236
Guide Tree 13/27
#NNI moves:0/236
Guide Tree 14/27
#NNI moves:3/236
Guide Tree 15/27
#NNI moves:1/236
Guide Tree 16/27
#NNI moves:3/236
Guide Tree 17/27
#NNI moves:0/236
Guide Tree 18/27
#NNI moves:3/236
Guide Tree 19/27
#NNI moves:0/236
Guide Tree 20/27
#NNI moves:0/236
Guide Tree 21/27
#NNI moves:1/236
Guide Tree 22/27
#NNI moves:3/236
Guide Tree 23/27
#NNI moves:3/236
Guide Tree 24/27
#NNI moves:1/236
Guide Tree 25/27
#NNI moves:3/236
Guide Tree 26/27
#NNI moves:0/236
Remaining: 0
#NNI moves:0/236
#NNI moves:0/236
(((((((((((((((((T73,(T1,T111)),T175),((T193,(T187,T77)),T25)),(T115,(T103,T50))),((((T96,(T143,T10)),(T127,T126)),(T194,T62)),T49)),(((T119,(T108,T72)),T200),T78)),(((((((T20,T98),(T21,(T100,T29))),T139),((T94,T162),T160)),((((T124,T109),(((T138,T39),(T8,T99)),(T12,T136))),T122),(T169,T153))),((T190,T155),T178)),((((T185,((T173,T110),((T157,T123),T140))),T92),T56),(T40,T52)))),(((((T66,T191),T198),(((T24,T188),T133),T91)),((T129,T60),(T46,T179))),(((((T70,T172),T42),T22),(((((T54,T17),((T170,(T186,(T87,T71))),T148)),((T89,T18),(T107,T51))),(T36,(T74,T149))),(T23,T68))),((((T196,((T84,T154),T83)),T135),((T177,T86),((T118,T159),T146))),(T32,(T113,T31)))))),(((((((T88,(T184,(T44,T164))),T134),(((T6,((T156,T102),T158)),T128),(T166,T189))),T33),((T130,T80),T19)),T81),T93)),((((T43,T38),T125),T168),(T30,(T152,T106)))),((((T16,T165),(T7,(T90,T35))),(T151,T65)),T0)),((T59,((T195,T47),T27)),((T180,T67),(T57,T131)))),(((((((((((T104,(T112,T34)),(((T82,T48),T163),T61)),T199),(T147,T171)),(T76,T3)),(((T58,(T161,T45)),T53),T85)),(((T183,(T174,T97)),T192),(T176,T197))),(T142,T28)),T4),((((T132,T63),(T79,T167)),(T13,T2)),T121)),((T137,T141),(((T5,T116),T26),T145)))),(((T15,T105),((T55,T144),T11)),(((T37,T181),T75),(T150,T14)))),((T9,T182),(T120,T117))),((T69,(T41,T95)),(T114,T101))),T64);
Guide Tree 0/27
#NNI moves:3/236
Guide Tree 1/27
#NNI moves:0/236
Guide Tree 2/27
#NNI moves:1/236
Guide Tree 3/27
#NNI moves:0/236
Guide Tree 4/27
#NNI moves:3/236
Guide Tree 5/27
#NNI moves:1/236
Guide Tree 6/27
#NNI moves:3/236
Guide Tree 7/27
#NNI moves:0/236
Guide Tree 8/27
#NNI moves:0/236
Guide Tree 9/27
#NNI moves:1/236
Guide Tree 10/27
#NNI moves:1/236
Guide Tree 11/27
#NNI moves:0/236
Guide Tree 12/27
#NNI moves:0/236
Guide Tree 13/27
#NNI moves:0/236
Guide Tree 14/27
#NNI moves:0/236
Guide Tree 15/27
#NNI moves:1/236
Guide Tree 16/27
#NNI moves:4/236
Guide Tree 17/27
#NNI moves:4/236
Guide Tree 18/27
#NNI moves:3/236
Guide Tree 19/27
#NNI moves:0/236
Guide Tree 20/27
#NNI moves:3/236
Guide Tree 21/27
#NNI moves:0/236
Guide Tree 22/27
#NNI moves:1/236
Guide Tree 23/27
#NNI moves:1/236
Guide Tree 24/27
#NNI moves:4/236
Guide Tree 25/27
#NNI moves:3/236
Guide Tree 26/27
#NNI moves:0/236
Remaining: 0
#NNI moves:1/236
#NNI moves:1/236
(((((((((((((((((T159,T118),T146),(T86,T177)),((((T154,T84),T83),T196),T135)),((T113,T31),T32)),(((((T74,T149),T36),(((T54,T17),((((T87,T71),T186),T170),T148)),((T18,T89),(T107,T51)))),(T23,T68)),(((T172,T70),T42),T22))),(((((T188,T24),T133),T91),((T66,T191),T198)),((T60,T129),(T46,T179)))),((((((((T20,T98),((T100,T29),T21)),T139),(T160,(T94,T162))),((((((T99,T8),(T39,T138)),(T136,T12)),(T109,T124)),T122),(T169,T153))),((T190,T155),T178)),((((((T140,(T123,T157)),(T110,T173)),T185),T92),T56),(T52,T40))),((((((T96,(T10,T143)),(T127,T126)),(T62,T194)),T49),(((T50,T103),T115),((T25,(T193,(T187,T77))),(T175,(T73,(T1,T111)))))),((T200,((T72,T108),T119)),T78)))),((((((((T6,((T102,T156),T158)),T128),(T166,T189)),((((T44,T164),T184),T88),T134)),T33),(T19,(T130,T80))),T81),T93)),((T168,((T43,T38),T125)),((T106,T152),T30))),((((T165,T16),((T90,T35),T7)),(T65,T151)),T0)),(((T67,T180),(T57,T131)),(((T195,T47),T27),T59))),((((((((((((T112,T34),T104),((T163,(T82,T48)),T61)),T199),(T171,T147)),(T76,T3)),(((T58,(T45,T161)),T53),T85)),((T176,T197),(((T174,T97),T183),T192))),(T142,T28)),T4),(((T2,T13),((T63,T132),(T79,T167))),T121)),((T137,T141),(((T116,T5),T26),T145)))),((((T37,T181),T75),(T150,T14)),((T15,T105),(T11,(T55,T144))))),((T9,T182),(T117,T120))),((T69,(T95,T41)),(T114,T101))),T64);
Guide Tree 0/27
#NNI moves:1/236
Guide Tree 1/27
#NNI moves:0/236
Guide Tree 2/27
#NNI moves:0/236
Guide Tree 3/27
#NNI moves:3/236
Guide Tree 4/27
#NNI moves:0/236
Guide Tree 5/27
#NNI moves:3/236
Guide Tree 6/27
#NNI moves:0/236
Guide Tree 7/27
#NNI moves:0/236
Guide Tree 8/27
#NNI moves:3/236
Guide Tree 9/27
#NNI moves:1/236
Guide Tree 10/27
#NNI moves:0/236
Guide Tree 11/27
#NNI moves:0/236
Guide Tree 12/27
#NNI moves:2/236
Guide Tree 13/27
#NNI moves:0/236
Guide Tree 14/27
#NNI moves:1/236
Guide Tree 15/27
#NNI moves:0/236
Guide Tree 16/27
#NNI moves:0/236
Guide Tree 17/27
#NNI moves:1/236
Guide Tree 18/27
#NNI moves:0/236
Guide Tree 19/27
#NNI moves:0/236
Guide Tree 20/27
#NNI moves:1/236
Guide Tree 21/27
#NNI moves:3/236
Guide Tree 22/27
#NNI moves:1/236
Guide Tree 23/27
#NNI moves:1/236
Guide Tree 24/27
#NNI moves:0/236
Guide Tree 25/27
#NNI moves:3/236
Guide Tree 26/27
#NNI moves:3/236
Remaining: 0
#NNI moves:1/236
#NNI moves:1/236
((((((((((((((((((T148,((T186,(T87,T71)),T170)),(T54,T17)),((T107,T51),(T89,T18))),((T74,T149),T36)),(T68,T23)),(((T70,T172),T42),T22)),((((T86,T177),((T159,T118),T146)),(T135,(((T154,T84),T83),T196))),((T113,T31),T32))),(((T198,(T66,T191)),(((T24,T188),T133),T91)),((T129,T60),(T46,T179)))),((((((((T77,T187),T193),T25),(T175,((T1,T111),T73))),((T103,T50),T115)),(((((T143,T10),T96),(T127,T126)),(T62,T194)),T49)),((((T108,T72),T119),T200),T78)),(((((T153,T169),(((((T138,T39),(T99,T8)),(T136,T12)),(T109,T124)),T122)),((T139,(((T100,T29),T21),(T98,T20))),(T160,(T162,T94)))),((T190,T155),T178)),((T40,T52),(T56,((T185,((T140,(T157,T123)),(T110,T173))),T92)))))),((((T33,((((((T156,T102),T158),T6),T128),(T189,T166)),(T134,(((T44,T164),T184),T88)))),(T19,(T130,T80))),T81),T93)),((T30,(T152,T106)),(((T43,T38),T125),T168))),(((T151,T65),(((T90,T35),T7),(T165,T16))),T0)),((((T47,T195),T27),T59),((T180,T67),(T131,T57)))),((((((((T183,(T174,T97)),T192),(T176,T197)),(((T53,(T58,(T45,T161))),T85),(((T171,T147),(((T61,((T82,T48),T163)),((T112,T34),T104)),T199)),(T76,T3)))),(T142,T28)),T4),((((T79,T167),(T63,T132)),(T13,T2)),T121)),((T141,T137),((T26,(T116,T5)),T145)))),((((T55,T144),T11),(T15,T105)),(((T181,T37),T75),(T150,T14)))),((T182,T9),(T117,T120))),((T114,T101),((T41,T95),T69))),T64);
Guide Tree 0/27
#NNI moves:0/236
Guide Tree 1/27
#NNI moves:1/236
Guide Tree 2/27
#NNI moves:0/236
Guide Tree 3/27
#NNI moves:3/236
Guide Tree 4/27
#NNI moves:2/236
Guide Tree 5/27
#NNI moves:0/236
Guide Tree 6/27
#NNI moves:0/236
Guide Tree 7/27
#NNI moves:0/236
Guide Tree 8/27
#NNI moves:4/236
Guide Tree 9/27
#NNI moves:1/236
Guide Tree 10/27
#NNI moves:0/236
Guide Tree 11/27
#NNI moves:3/236
Guide Tree 12/27
#NNI moves:1/236
Guide Tree 13/27
#NNI moves:7/236
Guide Tree 14/27
#NNI moves:2/236
Guide Tree 15/27
#NNI moves:2/236
Guide Tree 16/27
#NNI moves:0/236
Guide Tree 17/27
#NNI moves:0/236
Guide Tree 18/27
#NNI moves:0/236
Guide Tree 19/27
#NNI moves:0/236
Guide Tree 20/27
#NNI moves:0/236
Guide Tree 21/27
#NNI moves:0/236
Guide Tree 22/27
#NNI moves:1/236
Guide Tree 23/27
#NNI moves:1/236
Guide Tree 24/27
#NNI moves:4/236
Guide Tree 25/27
#NNI moves:3/236
Guide Tree 26/27
#NNI moves:1/236
Remaining: 0
#NNI moves:0/236
#NNI moves:0/236
((((((((((((((((((T21,(T29,T100)),(T98,T20)),T139),((T162,T94),T160)),((((((T39,T138),(T8,T99)),(T12,T136)),(T124,T109)),T122),(T153,T169))),((T190,T155),T178)),(((T92,(((T110,T173),((T123,T157),T140)),T185)),T56),(T52,T40))),(((((T25,((T77,T187),T193)),(((T1,T111),T73),T175)),(T115,(T103,T50))),(T49,(((T126,T127),(T96,(T143,T10))),(T194,T62)))),(T78,(((T72,T108),T119),T200)))),(((((((((((T87,T71),T186),T170),T148),(T54,T17)),((T107,T51),(T18,T89))),((T149,T74),T36)),(T68,T23)),((T42,(T70,T172)),T22)),((((T177,T86),((T159,T118),T146)),((((T154,T84),T83),T196),T135)),((T31,T113),T32))),(((T129,T60),(T179,T46)),((((T188,T24),T133),T91),(T198,(T66,T191)))))),(((((((T128,(((T102,T156),T158),T6)),(T166,T189)),((T88,((T44,T164),T184)),T134)),T33),(T19,(T80,T130))),T81),T93)),((((T38,T43),T125),T168),((T152,T106),T30))),(((T65,T151),((T7,(T90,T35)),(T16,T165))),T0)),((T59,((T195,T47),T27)),((T67,T180),(T131,T57)))),(((T121,((T2,T13),((T132,T63),(T167,T79)))),(((T28,T142),((((T53,((T161,T45),T58)),T85),(((T199,((((T82,T48),T163),T61),((T34,T112),T104))),(T171,T147)),(T76,T3))),((T176,T197),(((T97,T174),T183),T192)))),T4)),((T137,T141),(T145,(T26,(T116,T5)))))),(((T14,T150),((T181,T37),T75)),((T15,T105),((T144,T55),T11)))),((T182,T9),(T117,T120))),((T69,(T41,T95)),(T114,T101))),T64);
Initial score: 2.48954e+10
Initial tree: ((((((((((((((((((T21,(T29,T100)),(T98,T20)),T139),((T162,T94),T160)),((((((T39,T138),(T8,T99)),(T12,T136)),(T124,T109)),T122),(T153,T169))),((T190,T155),T178)),(((T92,(((T110,T173),((T123,T157),T140)),T185)),T56),(T52,T40))),(((((T25,((T77,T187),T193)),(((T1,T111),T73),T175)),(T115,(T103,T50))),(T49,(((T126,T127),(T96,(T143,T10))),(T194,T62)))),(T78,(((T72,T108),T119),T200)))),(((((((((((T87,T71),T186),T170),T148),(T54,T17)),((T107,T51),(T18,T89))),((T149,T74),T36)),(T68,T23)),((T42,(T70,T172)),T22)),((((T177,T86),((T159,T118),T146)),((((T154,T84),T83),T196),T135)),((T31,T113),T32))),(((T129,T60),(T179,T46)),((((T188,T24),T133),T91),(T198,(T66,T191)))))),(((((((T128,(((T102,T156),T158),T6)),(T166,T189)),((T88,((T44,T164),T184)),T134)),T33),(T19,(T80,T130))),T81),T93)),((((T38,T43),T125),T168),((T152,T106),T30))),(((T65,T151),((T7,(T90,T35)),(T16,T165))),T0)),((T59,((T195,T47),T27)),((T67,T180),(T131,T57)))),(((T121,((T2,T13),((T132,T63),(T167,T79)))),(((T28,T142),((((T53,((T161,T45),T58)),T85),(((T199,((((T82,T48),T163),T61),((T34,T112),T104))),(T171,T147)),(T76,T3))),((T176,T197),(((T97,T174),T183),T192)))),T4)),((T137,T141),(T145,(T26,(T116,T5)))))),(((T14,T150),((T181,T37),T75)),((T15,T105),((T144,T55),T11)))),((T182,T9),(T117,T120))),((T69,(T41,T95)),(T114,T101))),T64);
*** Subsample Process ***
Use two-step algorithm!
#NNI moves:0/236
Remaining: 0
#NNI moves:6/236
#NNI moves:6/236
((((((((((((((((((((((T183,(T174,T97)),T192),(T197,T176)),(((T76,T3),((((T61,((T48,T82),T163)),((T112,T34),T104)),T199),(T147,T171))),(T85,(T53,((T161,T45),T58))))),(T28,T142)),T4),(((T13,T2),((T167,T79),(T63,T132))),T121)),((T141,T137),(T145,((T116,T5),T26)))),(((((T181,T37),T75),(T14,T150)),((T15,T105),((T55,T144),T11))),((((T69,(T41,T95)),(T101,T114)),T64),((T117,T120),(T182,T9))))),((((T195,T47),T27),T59),((T67,T180),(T57,T131)))),((((T16,T165),(T7,(T90,T35))),(T151,T65)),T0)),(((T106,T152),T30),(T168,((T43,T38),T125)))),((((((((T6,(T158,(T102,T156))),T128),(T166,T189)),((T88,((T44,T164),T184)),T134)),T33),((T130,T80),T19)),T81),T93)),(((((T135,((T83,(T84,T154)),T196)),((T177,T86),(T146,(T159,T118)))),((T113,T31),T32)),((T22,((T172,T70),T42)),((((T149,T74),T36),(((T54,T17),((((T87,T71),T186),T170),T148)),((T107,T51),(T89,T18)))),(T23,T68)))),(((((T188,T24),T133),T91),((T66,T191),T198)),((T129,T60),(T179,T46))))),(((T49,((T62,T194),((T126,T127),(T96,(T143,T10))))),(((T25,((T187,T77),T193)),((T73,(T111,T1)),T175)),(T115,(T103,T50)))),((((T108,T72),T119),T200),T78))),(((((((T123,T157),T140),(T110,T173)),T185),T92),T56),(T40,T52))),((T155,T190),T178)),((((((T39,T138),(T8,T99)),(T12,T136)),(T124,T109)),T122),(T153,T169))),((((T29,T100),T21),(T98,T20)),T139)),T160),T94),T162);
#NNI moves:0/236
Remaining: 0
#NNI moves:0/236
#NNI moves:0/236
((((((((((((((((((((T110,T173),((T157,T123),T140)),T185),T92),T56),(T40,T52)),(((((((T29,T100),T21),(T98,T20)),T139),((T162,T94),T160)),((((((T8,T99),(T39,T138)),(T12,T136)),(T109,T124)),T122),(T153,T169))),(T178,(T190,T155)))),(((((((T187,T77),T193),T25),((T73,(T111,T1)),T175)),((T103,T50),T115)),((((T96,(T143,T10)),(T126,T127)),(T194,T62)),T49)),(((T119,(T108,T72)),T200),T78))),((((((T188,T24),T133),T91),((T66,T191),T198)),((T129,T60),(T179,T46))),(((((T196,(T83,(T84,T154))),T135),(((T159,T118),T146),(T177,T86))),(T32,(T113,T31))),((((((T17,T54),((((T87,T71),T186),T170),T148)),((T89,T18),(T51,T107))),(T36,(T74,T149))),(T23,T68)),(((T70,T172),T42),T22))))),((((((((T184,(T164,T44)),T88),T134),((T189,T166),(((T158,(T156,T102)),T6),T128))),T33),((T80,T130),T19)),T81),T93)),((((T43,T38),T125),T168),((T106,T152),T30))),(((((T35,T90),T7),(T165,T16)),(T65,T151)),T0)),((((T47,T195),T27),T59),((T57,T131),(T67,T180)))),(((((((((T97,T174),T183),T192),(T176,T197)),(((T76,T3),((T199,(((T112,T34),T104),(T61,((T82,T48),T163)))),(T147,T171))),(T85,(T53,((T45,T161),T58))))),(T142,T28)),T4),(((T13,T2),((T167,T79),(T63,T132))),T121)),((T145,((T116,T5),T26)),(T137,T141)))),(((T14,T150),((T37,T181),T75)),(((T55,T144),T11),(T15,T105)))),((T182,T9),(T120,T117))),T64),(T114,T101)),(T95,T41)),T69);
#NNI moves:0/236
Remaining: 0
#NNI moves:4/236
#NNI moves:4/236
(((((((((((((((((((((((((((T34,T112),T104),(((T82,T48),T163),T61)),T199),(T147,T171)),(T76,T3)),((((T45,T161),T58),T53),T85)),(((T183,(T97,T174)),T192),(T197,T176))),(T142,T28)),T4),((((T79,T167),(T63,T132)),(T13,T2)),T121)),((((T5,T116),T26),T145),(T137,T141))),(((((T55,T144),T11),(T105,T15)),((T150,T14),((T37,T181),T75))),((((T114,T101),((T41,T95),T69)),T64),((T182,T9),(T120,T117))))),(((T27,(T47,T195)),T59),((T57,T131),(T180,T67)))),((((T16,T165),((T90,T35),T7)),(T151,T65)),T0)),(((T125,(T43,T38)),T168),(T30,(T106,T152)))),(((((((T189,T166),((((T102,T156),T158),T6),T128)),(((T184,(T44,T164)),T88),T134)),T33),(T19,(T80,T130))),T81),T93)),((((((((((T186,(T71,T87)),T170),T148),(T17,T54)),((T51,T107),(T18,T89))),(T36,(T149,T74))),(T23,T68)),(((T70,T172),T42),T22)),((((((T154,T84),T83),T196),T135),(((T118,T159),T146),(T86,T177))),(T32,(T31,T113)))),(((T60,T129),(T46,T179)),(((T66,T191),T198),(((T188,T24),T133),T91))))),(((((T108,T72),T119),T200),T78),((((T25,((T77,T187),T193)),(T175,((T1,T111),T73))),((T50,T103),T115)),(T49,(((T96,(T10,T143)),(T126,T127)),(T194,T62)))))),((((((T98,T20),((T29,T100),T21)),T139),((T94,T162),T160)),((((T124,T109),(((T138,T39),(T8,T99)),(T12,T136))),T122),(T153,T169))),(T178,(T190,T155)))),(T40,T52)),T56),T92),T185),(T140,(T123,T157))),T173),T110);
#NNI moves:0/236
Remaining: 0
#NNI moves:0/236
#NNI moves:0/236
(((((((((((((((((((T25,((T77,T187),T193)),(((T111,T1),T73),T175)),(T115,(T50,T103))),((((T96,(T143,T10)),(T126,T127)),(T62,T194)),T49)),((T200,(T119,(T108,T72))),T78)),(((((((T109,T124),(((T8,T99),(T138,T39)),(T12,T136))),T122),(T169,T153)),((T139,(((T100,T29),T21),(T98,T20))),(T160,(T94,T162)))),((T190,T155),T178)),(((T92,((((T123,T157),T140),(T110,T173)),T185)),T56),(T40,T52)))),((((((((T54,T17),((((T87,T71),T186),T170),T148)),((T51,T107),(T89,T18))),((T74,T149),T36)),(T23,T68)),(((T70,T172),T42),T22)),((((((T84,T154),T83),T196),T135),((T177,T86),((T159,T118),T146))),((T31,T113),T32))),(((T179,T46),(T129,T60)),(((T66,T191),T198),(((T24,T188),T133),T91))))),(((((((T189,T166),((((T156,T102),T158),T6),T128)),((T88,((T164,T44),T184)),T134)),T33),((T130,T80),T19)),T81),T93)),((T168,(T125,(T43,T38))),((T106,T152),T30))),((((T7,(T90,T35)),(T165,T16)),(T65,T151)),T0)),(((T67,T180),(T131,T57)),((T27,(T47,T195)),T59))),((((((((((((T34,T112),T104),((T163,(T82,T48)),T61)),T199),(T171,T147)),(T76,T3)),((((T45,T161),T58),T53),T85)),((T197,T176),(((T97,T174),T183),T192))),(T28,T142)),T4),(T121,(((T63,T132),(T167,T79)),(T2,T13)))),((((T5,T116),T26),T145),(T137,T141)))),((((T55,T144),T11),(T105,T15)),((T75,(T181,T37)),(T150,T14)))),((T182,T9),(T120,T117))),T64),(T114,T101)),T69),T41),T95);
Current score: 2.48954e+10
Current tree: ((((((((((((((((T25,((T77,T187),T193)),(((T111,T1),T73),T175)),(T115,(T50,T103))),((((T96,(T143,T10)),(T126,T127)),(T62,T194)),T49)),((T200,(T119,(T108,T72))),T78)),(((((((T109,T124),(((T8,T99),(T138,T39)),(T12,T136))),T122),(T169,T153)),((T139,(((T100,T29),T21),(T98,T20))),(T160,(T94,T162)))),((T190,T155),T178)),(((T92,((((T123,T157),T140),(T110,T173)),T185)),T56),(T40,T52)))),((((((((T54,T17),((((T87,T71),T186),T170),T148)),((T51,T107),(T89,T18))),((T74,T149),T36)),(T23,T68)),(((T70,T172),T42),T22)),((((((T84,T154),T83),T196),T135),((T177,T86),((T159,T118),T146))),((T31,T113),T32))),(((T179,T46),(T129,T60)),(((T66,T191),T198),(((T24,T188),T133),T91))))),(((((((T189,T166),((((T156,T102),T158),T6),T128)),((T88,((T164,T44),T184)),T134)),T33),((T130,T80),T19)),T81),T93)),((T168,(T125,(T43,T38))),((T106,T152),T30))),((((T7,(T90,T35)),(T165,T16)),(T65,T151)),T0)),(((T67,T180),(T131,T57)),((T27,(T47,T195)),T59))),((((((((((((T34,T112),T104),((T163,(T82,T48)),T61)),T199),(T171,T147)),(T76,T3)),((((T45,T161),T58),T53),T85)),((T197,T176),(((T97,T174),T183),T192))),(T28,T142)),T4),(T121,(((T63,T132),(T167,T79)),(T2,T13)))),((((T5,T116),T26),T145),(T137,T141)))),((((T55,T144),T11),(T105,T15)),((T75,(T181,T37)),(T150,T14)))),((T182,T9),(T120,T117))),((T114,T101),(T69,(T41,T95)))),T64);
Use two-step algorithm!
#NNI moves:1/236
Remaining: 0
#NNI moves:4/236
#NNI moves:4/236
(((((((((((((((((((((((((T161,T45),T58),T53),T85),((((((T112,T34),T104),(T61,((T82,T48),T163))),T199),(T171,T147)),(T76,T3))),((((T174,T97),T183),T192),(T176,T197))),(T142,T28)),T4),((((T132,T63),(T79,T167)),(T13,T2)),T121)),((T137,T141),((T26,(T116,T5)),T145))),((((T11,(T144,T55)),(T15,T105)),((T75,(T181,T37)),(T14,T150))),(((T120,T117),(T9,T182)),(((T114,T101),((T41,T95),T69)),T64)))),((((T47,T195),T27),T59),((T180,T67),(T57,T131)))),((((T16,T165),(T7,(T90,T35))),(T151,T65)),T0)),(((T125,(T43,T38)),T168),(T30,(T152,T106)))),(((((((((T158,(T156,T102)),T6),T128),(T166,T189)),(((T184,(T164,T44)),T88),T134)),T33),((T80,T130),T19)),T81),T93)),((((((((T148,(((T71,T87),T186),T170)),(T17,T54)),((T51,T107),(T89,T18))),((T149,T74),T36)),(T68,T23)),(((T70,T172),T42),T22)),((((T146,(T159,T118)),(T177,T86)),((((T84,T154),T83),T196),T135)),(T32,(T31,T113)))),(((T91,((T24,T188),T133)),((T191,T66),T198)),((T46,T179),(T60,T129))))),((((((((T136,T12),((T138,T39),(T99,T8))),(T109,T124)),T122),(T153,T169)),((((T21,(T100,T29)),(T20,T98)),T139),(T160,(T94,T162)))),((T155,T190),T178)),(((((((T157,T123),T140),(T110,T173)),T185),T92),T56),(T40,T52)))),(T78,(T200,((T108,T72),T119)))),((((T73,(T111,T1)),T175),((T193,(T77,T187)),T25)),(T115,(T50,T103)))),T49),(T194,T62)),(T126,T127)),T96),T143),T10);
#NNI moves:1/236
Remaining: 0
#NNI moves:4/236
#NNI moves:4/236
(((((((((((((((((T194,T62),(((T143,T10),T96),(T127,T126))),T49),((((T73,(T1,T111)),T175),(((T187,T77),T193),T25)),((T50,T103),T115))),((T200,((T108,T72),T119)),T78)),((((((((T136,T12),((T39,T138),(T99,T8))),(T109,T124)),T122),(T153,T169)),(((T94,T162),T160),((((T29,T100),T21),(T20,T98)),T139))),((T190,T155),T178)),((((((T110,T173),(T140,(T157,T123))),T185),T92),T56),(T40,T52)))),((((((((T51,T107),(T89,T18)),((T54,T17),((((T87,T71),T186),T170),T148))),((T74,T149),T36)),(T68,T23)),(((T70,T172),T42),T22)),((((T146,(T159,T118)),(T86,T177)),((((T154,T84),T83),T196),T135)),((T31,T113),T32))),(((((T24,T188),T133),T91),((T191,T66),T198)),((T129,T60),(T179,T46))))),(T93,(((((((T184,(T164,T44)),T88),T134),(((((T156,T102),T158),T6),T128),(T166,T189))),T33),(T19,(T130,T80))),T81))),(((T106,T152),T30),((T125,(T43,T38)),T168))),(((((T90,T35),T7),(T165,T16)),(T151,T65)),T0)),((((T47,T195),T27),T59),((T131,T57),(T180,T67)))),((((((((((((T34,T112),T104),(T61,((T82,T48),T163))),T199),(T147,T171)),(T3,T76)),((((T45,T161),T58),T53),T85)),((T197,T176),(((T97,T174),T183),T192))),(T28,T142)),T4),((((T79,T167),(T63,T132)),(T2,T13)),T121)),((T141,T137),(T145,(T26,(T5,T116)))))),(((T105,T15),((T55,T144),T11)),((T150,T14),((T181,T37),T75)))),(((T69,(T41,T95)),(T114,T101)),T64)),(T117,T120)),T182),T9);
#NNI moves:0/236
Remaining: 0
#NNI moves:0/236
#NNI moves:0/236
(((((((((((((((((((((T110,T173),((T157,T123),T140)),T185),T92),T56),(T52,T40)),((((((((T99,T8),(T39,T138)),(T136,T12)),(T109,T124)),T122),(T169,T153)),(((T162,T94),T160),(((T21,(T100,T29)),(T20,T98)),T139))),(T178,(T190,T155)))),(((((((T111,T1),T73),T175),((T193,(T187,T77)),T25)),((T103,T50),T115)),(((((T10,T143),T96),(T127,T126)),(T194,T62)),T49)),((((T72,T108),T119),T200),T78))),((((((((T17,T54),((T170,((T87,T71),T186)),T148)),((T18,T89),(T107,T51))),((T149,T74),T36)),(T68,T23)),(T22,((T172,T70),T42))),((((T196,(T83,(T84,T154))),T135),((T177,T86),((T159,T118),T146))),(T32,(T113,T31)))),(((T60,T129),(T46,T179)),(((T66,T191),T198),(((T188,T24),T133),T91))))),((((((((T6,((T156,T102),T158)),T128),(T189,T166)),((T88,(T184,(T44,T164))),T134)),T33),((T80,T130),T19)),T81),T93)),((((T43,T38),T125),T168),(T30,(T152,T106)))),((((T16,T165),((T90,T35),T7)),(T65,T151)),T0)),(((T57,T131),(T67,T180)),((T27,(T47,T195)),T59))),((((((((((((T34,T112),T104),(((T48,T82),T163),T61)),T199),(T147,T171)),(T3,T76)),((T53,((T45,T161),T58)),T85)),((T197,T176),(T192,((T97,T174),T183)))),(T28,T142)),T4),(((T2,T13),((T63,T132),(T79,T167))),T121)),(((T26,(T5,T116)),T145),(T137,T141)))),(((T15,T105),((T55,T144),T11)),(((T181,T37),T75),(T14,T150)))),((T182,T9),(T120,T117))),T64),(T114,T101)),T69),T41),T95);
#NNI moves:0/236
Remaining: 0
#NNI moves:0/236
#NNI moves:0/236
((((((((((((((((((((((((T147,T171),(T199,((T104,(T34,T112)),((T163,(T82,T48)),T61)))),(T3,T76)),((T53,((T45,T161),T58)),T85)),((T192,((T97,T174),T183)),(T197,T176))),(T28,T142)),T4),((((T132,T63),(T79,T167)),(T2,T13)),T121)),((T137,T141),(((T5,T116),T26),T145))),((((T105,T15),((T55,T144),T11)),((T150,T14),((T181,T37),T75))),(((T9,T182),(T117,T120)),(((T114,T101),((T95,T41),T69)),T64)))),((((T195,T47),T27),T59),((T131,T57),(T67,T180)))),(((((T35,T90),T7),(T165,T16)),(T65,T151)),T0)),((((T38,T43),T125),T168),(T30,(T152,T106)))),((((((((T6,(T158,(T156,T102))),T128),(T166,T189)),((((T164,T44),T184),T88),T134)),T33),((T80,T130),T19)),T81),T93)),(((((((((((T71,T87),T186),T170),T148),(T54,T17)),((T89,T18),(T51,T107))),((T74,T149),T36)),(T23,T68)),(((T70,T172),T42),T22)),((((T146,(T118,T159)),(T86,T177)),(((T83,(T154,T84)),T196),T135)),((T113,T31),T32))),(((T46,T179),(T60,T129)),((((T188,T24),T133),T91),(T198,(T66,T191)))))),(((((((T111,T1),T73),T175),(T25,((T187,T77),T193))),((T103,T50),T115)),((((T126,T127),((T10,T143),T96)),(T194,T62)),T49)),((((T108,T72),T119),T200),T78))),(((((T94,T162),T160),((((T100,T29),T21),(T98,T20)),T139)),((((T109,T124),((T136,T12),((T39,T138),(T8,T99)))),T122),(T153,T169))),((T155,T190),T178))),(T40,T52)),T56),T92),T185),(T140,(T157,T123))),T173),T110);
Current score: 2.48954e+10
Current tree: ((((T114,T101),((T95,T41),T69)),(((T9,T182),(T117,T120)),((((T105,T15),((T55,T144),T11)),((T150,T14),((T181,T37),T75))),((((((((((T147,T171),(T199,((T104,(T34,T112)),((T163,(T82,T48)),T61)))),(T3,T76)),((T53,((T45,T161),T58)),T85)),((T192,((T97,T174),T183)),(T197,T176))),(T28,T142)),T4),((((T132,T63),(T79,T167)),(T2,T13)),T121)),((T137,T141),(((T5,T116),T26),T145))),(((((T195,T47),T27),T59),((T131,T57),(T67,T180))),((((((T35,T90),T7),(T165,T16)),(T65,T151)),T0),(((((T38,T43),T125),T168),(T30,(T152,T106))),(((((((((T6,(T158,(T156,T102))),T128),(T166,T189)),((((T164,T44),T184),T88),T134)),T33),((T80,T130),T19)),T81),T93),((((((((((((T71,T87),T186),T170),T148),(T54,T17)),((T89,T18),(T51,T107))),((T74,T149),T36)),(T23,T68)),(((T70,T172),T42),T22)),((((T146,(T118,T159)),(T86,T177)),(((T83,(T154,T84)),T196),T135)),((T113,T31),T32))),(((T46,T179),(T60,T129)),((((T188,T24),T133),T91),(T198,(T66,T191))))),((((((((T111,T1),T73),T175),(T25,((T187,T77),T193))),((T103,T50),T115)),((((T126,T127),((T10,T143),T96)),(T194,T62)),T49)),((((T108,T72),T119),T200),T78)),((((((T94,T162),T160),((((T100,T29),T21),(T98,T20)),T139)),((((T109,T124),((T136,T12),((T39,T138),(T8,T99)))),T122),(T153,T169))),((T155,T190),T178)),((T40,T52),(T56,(T92,(T185,((T140,(T157,T123)),(T173,T110))))))))))))))))),T64);
Final Tree: ((((T114,T101),((T95,T41),T69)),(((T9,T182),(T117,T120)),((((T105,T15),((T55,T144),T11)),((T150,T14),((T181,T37),T75))),((((((((((T147,T171),(T199,((T104,(T34,T112)),((T163,(T82,T48)),T61)))),(T3,T76)),((T53,((T45,T161),T58)),T85)),((T192,((T97,T174),T183)),(T197,T176))),(T28,T142)),T4),((((T132,T63),(T79,T167)),(T2,T13)),T121)),((T137,T141),(((T5,T116),T26),T145))),(((((T195,T47),T27),T59),((T131,T57),(T67,T180))),((((((T35,T90),T7),(T165,T16)),(T65,T151)),T0),(((((T38,T43),T125),T168),(T30,(T152,T106))),(((((((((T6,(T158,(T156,T102))),T128),(T166,T189)),((((T164,T44),T184),T88),T134)),T33),((T80,T130),T19)),T81),T93),((((((((((((T71,T87),T186),T170),T148),(T54,T17)),((T89,T18),(T51,T107))),((T74,T149),T36)),(T23,T68)),(((T70,T172),T42),T22)),((((T146,(T118,T159)),(T86,T177)),(((T83,(T154,T84)),T196),T135)),((T113,T31),T32))),(((T46,T179),(T60,T129)),((((T188,T24),T133),T91),(T198,(T66,T191))))),((((((((T111,T1),T73),T175),(T25,((T187,T77),T193))),((T103,T50),T115)),((((T126,T127),((T10,T143),T96)),(T194,T62)),T49)),((((T108,T72),T119),T200),T78)),((((((T94,T162),T160),((((T100,T29),T21),(T98,T20)),T139)),((((T109,T124),((T136,T12),((T39,T138),(T8,T99)))),T122),(T153,T169))),((T155,T190),T178)),((T40,T52),(T56,(T92,(T185,((T140,(T157,T123)),(T173,T110))))))))))))))))),T64);
Score: 2.489537736e+10

real	2m11.364s
user	49m41.503s
sys	0m22.503s
