
RAxML-NG v. 1.1.0-master released on 04.08.2022 by The Exelixis Lab.
Developed by: Alexey M. Kozlov and Alexandros Stamatakis.
Contributors: Diego Darriba, Tomas Flouri, Benoit Morel, Sarah Lutteropp, Ben Bettisworth.
Latest version: https://github.com/amkozlov/raxml-ng
Questions/problems/suggestions? Please visit: https://groups.google.com/forum/#!forum/raxml

System: AMD EPYC 7742 64-Core Processor, 128 cores, 251 GB RAM

RAxML-NG was called at 02-Jan-2023 11:00:49 as follows:

/home/chaos/programs/raxml-ng/raxml-ng/bin/raxml-ng --msa data/alignment/17_0.1X_S201_0_haploid --tree pars{1} --model GTR+G --threads 64

Analysis options:
  run mode: ML tree search
  start tree(s): parsimony (1)
  random seed: 1672686049
  tip-inner: OFF
  pattern compression: ON
  per-rate scalers: OFF
  site repeats: ON
  fast spr radius: AUTO
  spr subtree cutoff: 1.000000
  branch lengths: proportional (ML estimate, algorithm: NR-FAST)
  SIMD kernels: AVX2
  parallelization: coarse-grained (auto), PTHREADS (64 threads), thread pinning: OFF

[00:00:00] Reading alignment from file: data/alignment/17_0.1X_S201_0_haploid
[00:00:02] Loaded alignment with 201 taxa and 5000000 sites

Alignment comprises 1 partitions and 365665 patterns

Partition 0: noname
Model: GTR+FO+G4m
Alignment sites / patterns: 5000000 / 365665
Gaps: 0.00 %
Invariant sites: 69.23 %


NOTE: Binary MSA file created: data/alignment/17_0.1X_S201_0_haploid.raxml.rba

Parallelization scheme autoconfig: 1 worker(s) x 64 thread(s)

Parallel reduction/worker buffer size: 1 KB  / 0 KB

[00:00:20] Generating 1 parsimony starting tree(s) with 201 taxa
[00:00:25] Data distribution: max. partitions/sites/weight per thread: 1 / 5714 / 91424
[00:00:25] Data distribution: max. searches per worker: 1

Starting ML tree search with 1 distinct starting trees

[00:00:25 -53213701.835024] Initial branch length optimization
[00:00:27 -25894477.176303] Model parameter optimization (eps = 10.000000)
[00:00:35 -25062751.336150] AUTODETECT spr round 1 (radius: 5)
[00:00:49 -25062558.500317] AUTODETECT spr round 2 (radius: 10)
[00:01:30 -25062558.500257] SPR radius for FAST iterations: 5 (autodetect)
[00:01:30 -25062558.500257] Model parameter optimization (eps = 3.000000)
[00:01:30 -25062558.447650] FAST spr round 1 (radius: 5)
[00:01:46 -25062489.614495] FAST spr round 2 (radius: 5)
[00:02:01 -25062489.614495] Model parameter optimization (eps = 1.000000)
[00:02:02 -25062489.563891] SLOW spr round 1 (radius: 5)
[00:02:56 -25062489.563891] SLOW spr round 2 (radius: 10)
[00:04:02 -25062489.563891] SLOW spr round 3 (radius: 15)
[00:06:14 -25062489.563891] SLOW spr round 4 (radius: 20)
[00:07:34 -25062489.563891] SLOW spr round 5 (radius: 25)
[00:07:50 -25062489.563891] Model parameter optimization (eps = 0.100000)

[00:07:50] ML tree search #1, logLikelihood: -25062489.529358


Optimized model parameters:

   Partition 0: noname
   Rate heterogeneity: GAMMA (4 cats, mean),  alpha: 0.800573 (ML),  weights&rates: (0.250000,0.095681) (0.250000,0.407365) (0.250000,0.957114) (0.250000,2.539841) 
   Base frequencies (ML): 0.297158 0.254592 0.194345 0.253905 
   Substitution rates (ML): 0.701308 3.754975 1.288994 1.188195 6.603751 1.000000 


Final LogLikelihood: -25062489.529358

AIC score: 50125795.058716 / AICc score: 50125795.125470 / BIC score: 50131272.437692
Free parameters (model + branch lengths): 408

Best ML tree saved to: /expanse/lustre/projects/uot138/chaos/ASTERISK-sim/data/alignment/17_0.1X_S201_0_haploid.raxml.bestTree
Optimized model saved to: /expanse/lustre/projects/uot138/chaos/ASTERISK-sim/data/alignment/17_0.1X_S201_0_haploid.raxml.bestModel

Execution log saved to: /expanse/lustre/projects/uot138/chaos/ASTERISK-sim/data/alignment/17_0.1X_S201_0_haploid.raxml.log

Analysis started: 02-Jan-2023 11:00:49 / finished: 02-Jan-2023 11:08:40

Elapsed time: 470.915 seconds

Consumed energy: 59.531 Wh

