Weighted ASTRAL - Hybrid
Version: v1.13.2.3
#Genetrees: 2000
#Species: 201
#Rounds: 4
#Samples: 4
#Threads: 32
Use two-step algorithm!
Guide Tree 0/27
#NNI moves:0/236
Guide Tree 1/27
#NNI moves:0/236
Guide Tree 2/27
#NNI moves:0/236
Guide Tree 3/27
#NNI moves:0/236
Guide Tree 4/27
#NNI moves:0/236
Guide Tree 5/27
#NNI moves:0/236
Guide Tree 6/27
#NNI moves:0/236
Guide Tree 7/27
#NNI moves:3/236
Guide Tree 8/27
#NNI moves:3/236
Guide Tree 9/27
#NNI moves:1/236
Guide Tree 10/27
#NNI moves:3/236
Guide Tree 11/27
#NNI moves:3/236
Guide Tree 12/27
#NNI moves:3/236
Guide Tree 13/27
#NNI moves:0/236
Guide Tree 14/27
#NNI moves:3/236
Guide Tree 15/27
#NNI moves:0/236
Guide Tree 16/27
#NNI moves:0/236
Guide Tree 17/27
#NNI moves:0/236
Guide Tree 18/27
#NNI moves:0/236
Guide Tree 19/27
#NNI moves:3/236
Guide Tree 20/27
#NNI moves:0/236
Guide Tree 21/27
#NNI moves:1/236
Guide Tree 22/27
#NNI moves:0/236
Guide Tree 23/27
#NNI moves:0/236
Guide Tree 24/27
#NNI moves:3/236
Guide Tree 25/27
#NNI moves:0/236
Guide Tree 26/27
#NNI moves:3/236
Remaining: 0
#NNI moves:3/236
#NNI moves:3/236
((((((((((((((((((((T83,T14),T120),(T162,T140)),T125),((T10,T51),(T48,T119))),T141),((T121,T41),T89)),(T49,(T147,T194))),((T117,T175),T81)),T166),((((T149,(T3,(T66,T137))),((((T26,T132),T168),T143),T134)),T112),T197)),T11),((((((T129,T192),((((T36,(T142,T93)),(T1,(T138,T186))),T148),(T12,T155))),((T103,T18),T153)),(T90,T118)),(((((T43,T86),(T165,T124)),T70),T65),T128)),(T123,T38))),((((((((T5,T136),(T101,T98)),(T185,T170)),T157),(T107,T76)),(((((T156,T122),T146),(T25,T80)),T84),T187)),(((T135,T33),T44),T45)),(((T46,T108),((T193,T28),(T8,T163))),(T113,T200)))),T0),(((((T99,T196),(T109,T87)),(((T73,T72),T198),T102)),T88),(((T174,T57),(((T22,T159),T75),T32)),T94))),((((((T184,(T183,T177)),(((T29,(T23,(((T178,T17),T195),T126))),T13),(T30,T6))),((T74,T189),T52)),(((T144,(T92,((T4,T167),T179))),(T58,T152)),(T139,T164))),((T16,T69),T115)),((((((((T130,T110),((((T145,T85),T71),(((T131,T67),(T42,T105)),(T154,T82))),T190)),T91),((T171,T20),((T180,T35),(T161,T111)))),(T77,T63)),(((T47,(T188,T104)),T150),T21)),((((T15,T68),(T169,T19)),T176),(T182,T191))),(((((T127,(T158,T56)),(T39,(T106,T7))),((T61,T34),(T95,T133))),(((T79,T114),T60),T54)),(((((T199,T37),((T53,(T9,T173)),T181)),((T160,T78),T151)),(((T55,T97),T31),T96)),T62))))),(((T64,T24),T116),((T100,T2),(T50,T172)))),(T40,T59)),T27);
Guide Tree 0/27
#NNI moves:3/236
Guide Tree 1/27
#NNI moves:1/236
Guide Tree 2/27
#NNI moves:2/236
Guide Tree 3/27
#NNI moves:1/236
Guide Tree 4/27
#NNI moves:0/236
Guide Tree 5/27
#NNI moves:0/236
Guide Tree 6/27
#NNI moves:1/236
Guide Tree 7/27
#NNI moves:3/236
Guide Tree 8/27
#NNI moves:2/236
Guide Tree 9/27
#NNI moves:0/236
Guide Tree 10/27
#NNI moves:0/236
Guide Tree 11/27
#NNI moves:0/236
Guide Tree 12/27
#NNI moves:1/236
Guide Tree 13/27
#NNI moves:0/236
Guide Tree 14/27
#NNI moves:0/236
Guide Tree 15/27
#NNI moves:2/236
Guide Tree 16/27
#NNI moves:0/236
Guide Tree 17/27
#NNI moves:1/236
Guide Tree 18/27
#NNI moves:0/236
Guide Tree 19/27
#NNI moves:0/236
Guide Tree 20/27
#NNI moves:1/236
Guide Tree 21/27
#NNI moves:2/236
Guide Tree 22/27
#NNI moves:1/236
Guide Tree 23/27
#NNI moves:0/236
Guide Tree 24/27
#NNI moves:0/236
Guide Tree 25/27
#NNI moves:1/236
Guide Tree 26/27
#NNI moves:2/236
Remaining: 1
#NNI moves:0/236
#NNI moves:0/236
((((((((((((((((((T119,T48),(T10,T51)),(((T120,(T83,T14)),(T140,T162)),T125)),T141),((T41,T121),T89)),((T194,T147),T49)),(T81,(T175,T117))),T166),(((((T143,((T132,T26),T168)),T134),((T3,(T137,T66)),T149)),T112),T197)),T11),(((((((((T36,(T142,T93)),((T138,T186),T1)),T148),(T155,T12)),(T192,T129)),((T103,T18),T153)),(T90,T118)),(((((T43,T86),(T124,T165)),T70),T65),T128)),(T123,T38))),((((T187,((((T156,T122),T146),(T80,T25)),T84)),((T107,T76),(T157,(((T5,T136),(T101,T98)),(T170,T185))))),(((T135,T33),T44),T45)),((T113,T200),(((T163,T8),(T193,T28)),(T46,T108))))),T0),(((((T75,(T159,T22)),T32),(T57,T174)),T94),(((((T73,T72),T198),T102),((T196,T99),(T109,T87))),T88))),(((((((((T130,T110),(((((T42,T105),(T131,T67)),(T82,T154)),((T145,T85),T71)),T190)),T91),(((T111,T161),(T35,T180)),(T20,T171))),(T63,T77)),(T21,((T47,(T104,T188)),T150))),((((T15,T68),(T169,T19)),T176),(T182,T191))),((((((((T173,T9),T53),T181),(T37,T199)),((T78,T160),T151)),(T96,((T97,T55),T31))),T62),((((T61,T34),(T95,T133)),(((T56,T158),T127),((T7,T106),T39))),(((T114,T79),T60),T54)))),((((((T30,T6),(((T23,((T195,(T178,T17)),T126)),T29),T13)),((T177,T183),T184)),((T74,T189),T52)),((((((T167,T4),T179),T92),T144),(T152,T58)),(T164,T139))),((T69,T16),T115)))),(((T64,T24),T116),((T172,T50),(T100,T2)))),(T40,T59)),T27);
Guide Tree 0/27
#NNI moves:1/236
Guide Tree 1/27
#NNI moves:1/236
Guide Tree 2/27
#NNI moves:1/236
Guide Tree 3/27
#NNI moves:0/236
Guide Tree 4/27
#NNI moves:2/236
Guide Tree 5/27
#NNI moves:3/236
Guide Tree 6/27
#NNI moves:1/236
Guide Tree 7/27
#NNI moves:0/236
Guide Tree 8/27
#NNI moves:0/236
Guide Tree 9/27
#NNI moves:0/236
Guide Tree 10/27
#NNI moves:0/236
Guide Tree 11/27
#NNI moves:1/236
Guide Tree 12/27
#NNI moves:3/236
Guide Tree 13/27
#NNI moves:1/236
Guide Tree 14/27
#NNI moves:0/236
Guide Tree 15/27
#NNI moves:3/236
Guide Tree 16/27
#NNI moves:0/236
Guide Tree 17/27
#NNI moves:0/236
Guide Tree 18/27
#NNI moves:0/236
Guide Tree 19/27
#NNI moves:1/236
Guide Tree 20/27
#NNI moves:1/236
Guide Tree 21/27
#NNI moves:1/236
Guide Tree 22/27
#NNI moves:0/236
Guide Tree 23/27
#NNI moves:1/236
Guide Tree 24/27
#NNI moves:1/236
Guide Tree 25/27
#NNI moves:0/236
Guide Tree 26/27
#NNI moves:3/236
Remaining: 1
#NNI moves:1/236
#NNI moves:4/236
((((((((((((((((((T48,T119),(T10,T51)),(T125,((T162,T140),((T14,T83),T120)))),T141),((T41,T121),T89)),(T49,(T147,T194))),((T117,T175),T81)),T166),((((T149,((T66,T137),T3)),((((T132,T26),T168),T143),T134)),T112),T197)),T11),((((((((((T186,T138),T1),((T142,T93),T36)),T148),(T155,T12)),(T129,T192)),((T103,T18),T153)),(T118,T90)),(((((T165,T124),(T43,T86)),T70),T65),T128)),(T123,T38))),((((((((T98,T101),(T5,T136)),(T185,T170)),T157),(T107,T76)),(((((T156,T122),T146),(T80,T25)),T84),T187)),((T44,(T33,T135)),T45)),(((T46,T108),((T8,T163),(T193,T28))),(T113,T200)))),T0),((((((T159,T22),T75),T32),(T57,T174)),T94),((((T109,T87),(T196,T99)),(T102,((T72,T73),T198))),T88))),(((((((((((((T105,T42),(T67,T131)),(T82,T154)),((T85,T145),T71)),T190),(T110,T130)),T91),(((T180,T35),(T111,T161)),(T20,T171))),(T63,T77)),(((T47,(T188,T104)),T150),T21)),((((T19,T169),(T15,T68)),T176),(T182,T191))),((((((T106,T7),T39),((T158,T56),T127)),((T61,T34),(T95,T133))),(((T79,T114),T60),T54)),(((((T160,T78),T151),(((T53,(T173,T9)),T181),(T37,T199))),(((T55,T97),T31),T96)),T62))),((((((T183,T177),T184),((T30,T6),((((((T178,T17),T195),T126),T23),T29),T13))),((T189,T74),T52)),((T139,T164),(((((T167,T4),T179),T92),T144),(T58,T152)))),(T115,(T16,T69))))),((T116,(T24,T64)),((T172,T50),(T2,T100)))),(T59,T40)),T27);
Guide Tree 0/27
#NNI moves:0/236
Guide Tree 1/27
#NNI moves:1/236
Guide Tree 2/27
#NNI moves:0/236
Guide Tree 3/27
#NNI moves:3/236
Guide Tree 4/27
#NNI moves:0/236
Guide Tree 5/27
#NNI moves:3/236
Guide Tree 6/27
#NNI moves:1/236
Guide Tree 7/27
#NNI moves:0/236
Guide Tree 8/27
#NNI moves:1/236
Guide Tree 9/27
#NNI moves:3/236
Guide Tree 10/27
#NNI moves:0/236
Guide Tree 11/27
#NNI moves:0/236
Guide Tree 12/27
#NNI moves:0/236
Guide Tree 13/27
#NNI moves:0/236
Guide Tree 14/27
#NNI moves:0/236
Guide Tree 15/27
#NNI moves:3/236
Guide Tree 16/27
#NNI moves:1/236
Guide Tree 17/27
#NNI moves:1/236
Guide Tree 18/27
#NNI moves:0/236
Guide Tree 19/27
#NNI moves:0/236
Guide Tree 20/27
#NNI moves:1/236
Guide Tree 21/27
#NNI moves:1/236
Guide Tree 22/27
#NNI moves:0/236
Guide Tree 23/27
#NNI moves:1/236
Guide Tree 24/27
#NNI moves:1/236
Guide Tree 25/27
#NNI moves:3/236
Guide Tree 26/27
#NNI moves:0/236
Remaining: 0
#NNI moves:6/236
#NNI moves:6/236
((((((((((((((((T121,T41),T89),(T141,(((((T14,T83),T120),(T140,T162)),T125),((T10,T51),(T48,T119))))),((T147,T194),T49)),(T81,(T175,T117))),T166),(((((T3,(T66,T137)),T149),((((T132,T26),T168),T143),T134)),T112),T197)),T11),(((T128,((((T165,T124),(T86,T43)),T70),T65)),((T118,T90),(((((((T138,T186),T1),(T36,(T142,T93))),T148),(T155,T12)),(T129,T192)),((T103,T18),T153)))),(T38,T123))),((((((((T5,T136),(T98,T101)),(T170,T185)),T157),(T76,T107)),((((T25,T80),((T122,T156),T146)),T84),T187)),((T44,(T33,T135)),T45)),(((T108,T46),((T8,T163),(T193,T28))),(T113,T200)))),T0),((T88,(((T99,T196),(T87,T109)),(((T73,T72),T198),T102))),(((T57,T174),(((T159,T22),T75),T32)),T94))),((((((((T179,(T4,T167)),T92),T144),(T152,T58)),(T164,T139)),(((((((((T17,T178),T195),T126),T23),T29),T13),(T6,T30)),((T183,T177),T184)),((T74,T189),T52))),((T69,T16),T115)),(((((((T104,T188),T47),T150),T21),(((((((((T105,T42),(T131,T67)),(T82,T154)),((T145,T85),T71)),T190),(T110,T130)),T91),((T20,T171),((T161,T111),(T35,T180)))),(T77,T63))),((T176,((T169,T19),(T15,T68))),(T182,T191))),(((((T95,T133),(T61,T34)),(((T56,T158),T127),((T106,T7),T39))),(((T79,T114),T60),T54)),(((((T55,T97),T31),T96),(((T199,T37),((T53,(T9,T173)),T181)),((T160,T78),T151))),T62))))),(((T2,T100),(T50,T172)),((T24,T64),T116))),(T40,T59)),T27);
Initial score: 2.30377e+10
Initial tree: ((((((((((((((((T121,T41),T89),(T141,(((((T14,T83),T120),(T140,T162)),T125),((T10,T51),(T48,T119))))),((T147,T194),T49)),(T81,(T175,T117))),T166),(((((T3,(T66,T137)),T149),((((T132,T26),T168),T143),T134)),T112),T197)),T11),(((T128,((((T165,T124),(T86,T43)),T70),T65)),((T118,T90),(((((((T138,T186),T1),(T36,(T142,T93))),T148),(T155,T12)),(T129,T192)),((T103,T18),T153)))),(T38,T123))),((((((((T5,T136),(T98,T101)),(T170,T185)),T157),(T76,T107)),((((T25,T80),((T122,T156),T146)),T84),T187)),((T44,(T33,T135)),T45)),(((T108,T46),((T8,T163),(T193,T28))),(T113,T200)))),T0),((T88,(((T99,T196),(T87,T109)),(((T73,T72),T198),T102))),(((T57,T174),(((T159,T22),T75),T32)),T94))),((((((((T179,(T4,T167)),T92),T144),(T152,T58)),(T164,T139)),(((((((((T17,T178),T195),T126),T23),T29),T13),(T6,T30)),((T183,T177),T184)),((T74,T189),T52))),((T69,T16),T115)),(((((((T104,T188),T47),T150),T21),(((((((((T105,T42),(T131,T67)),(T82,T154)),((T145,T85),T71)),T190),(T110,T130)),T91),((T20,T171),((T161,T111),(T35,T180)))),(T77,T63))),((T176,((T169,T19),(T15,T68))),(T182,T191))),(((((T95,T133),(T61,T34)),(((T56,T158),T127),((T106,T7),T39))),(((T79,T114),T60),T54)),(((((T55,T97),T31),T96),(((T199,T37),((T53,(T9,T173)),T181)),((T160,T78),T151))),T62))))),(((T2,T100),(T50,T172)),((T24,T64),T116))),(T40,T59)),T27);
*** Subsample Process ***
Use two-step algorithm!
#NNI moves:0/236
Remaining: 0
#NNI moves:7/236
#NNI moves:7/236
(((((((((((((((((T199,T37),((T53,(T173,T9)),T181)),((T160,T78),T151)),(((T97,T55),T31),T96)),T62),((((T61,T34),(T133,T95)),(((T56,T158),T127),((T106,T7),T39))),(((T114,T79),T60),T54))),(((((((T190,(((T154,T82),((T67,T131),(T42,T105))),((T85,T145),T71))),(T110,T130)),T91),(((T180,T35),(T111,T161)),(T171,T20))),(T63,T77)),((((T188,T104),T47),T150),T21)),((((T15,T68),(T19,T169)),T176),(T191,T182)))),((((((((T4,T167),T179),T92),T144),(T58,T152)),(T164,T139)),(((T184,(T177,T183)),(((((T126,((T17,T178),T195)),T23),T29),T13),(T6,T30))),((T74,T189),T52))),(T115,(T69,T16)))),(((T40,T59),T27),(((T50,T172),(T2,T100)),((T24,T64),T116)))),((((((T73,T72),T198),T102),((T109,T87),(T99,T196))),T88),(((((T159,T22),T75),T32),(T174,T57)),T94))),T0),((((((((T101,T98),(T5,T136)),(T170,T185)),T157),(T107,T76)),((((T80,T25),(T146,(T156,T122))),T84),T187)),(((T33,T135),T44),T45)),((((T163,T8),(T193,T28)),(T108,T46)),(T113,T200)))),(((T128,((((T86,T43),(T165,T124)),T70),T65)),((((((((T138,T186),T1),(T36,(T142,T93))),T148),(T12,T155)),(T129,T192)),(T153,(T18,T103))),(T90,T118))),(T123,T38))),T11),(((((T3,(T66,T137)),T149),((((T26,T132),T168),T143),T134)),T112),T197)),((T81,(T175,T117)),(((((((T120,(T83,T14)),(T140,T162)),T125),((T10,T51),(T48,T119))),T141),(T89,(T41,T121))),((T147,T194),T49)))),T166);
#NNI moves:0/236
Remaining: 0
#NNI moves:4/236
#NNI moves:4/236
((((((((((((T79,T114),T60),T54),(((T34,T61),(T95,T133)),(((T158,T56),T127),(T39,(T7,T106))))),(((((T181,(T53,(T9,T173))),(T37,T199)),((T160,T78),T151)),(T96,(T31,(T97,T55)))),T62)),((((((T188,T104),T47),T150),T21),((T77,T63),((((((((T42,T105),(T67,T131)),(T154,T82)),(T71,(T85,T145))),T190),(T130,T110)),T91),(((T161,T111),(T180,T35)),(T171,T20))))),((T182,T191),(T176,((T169,T19),(T15,T68)))))),(((((T152,T58),(((T179,(T4,T167)),T92),T144)),(T139,T164)),(((((T29,(T23,(((T178,T17),T195),T126))),T13),(T30,T6)),(T184,(T177,T183))),(T52,(T74,T189)))),(T115,(T69,T16)))),((((((((((T170,T185),((T98,T101),(T5,T136))),T157),(T107,T76)),(((((T156,T122),T146),(T25,T80)),T84),T187)),(T45,(T44,(T33,T135)))),(((T46,T108),((T193,T28),(T163,T8))),(T113,T200))),(((((((T192,T129),((T155,T12),(((T1,(T186,T138)),(T36,(T93,T142))),T148))),((T103,T18),T153)),(T118,T90)),(((((T86,T43),(T165,T124)),T70),T65),T128)),(T123,T38)),(((((((((((T140,T162),(T120,(T83,T14))),T125),((T48,T119),(T10,T51))),T141),(T89,(T41,T121))),((T194,T147),T49)),(T81,(T117,T175))),T166),((((T149,((T66,T137),T3)),((((T26,T132),T168),T143),T134)),T112),T197)),T11))),T0),(((((T87,T109),(T99,T196)),(((T73,T72),T198),T102)),T88),(((T174,T57),(T32,((T22,T159),T75))),T94)))),(((T2,T100),(T50,T172)),((T24,T64),T116))),T27),T59),T40);
#NNI moves:3/236
Remaining: 0
#NNI moves:4/236
#NNI moves:4/236
((((((((((((((((((((((((((T83,T14),T120),(T162,T140)),T125),((T119,T48),(T10,T51))),T141),((T41,T121),T89)),(T49,(T194,T147))),((T117,T175),T81)),T166),(((((((T26,T132),T168),T143),T134),(((T137,T66),T3),T149)),T112),T197)),T11),((((T90,T118),(((((((T138,T186),T1),(T36,(T142,T93))),T148),(T12,T155)),(T192,T129)),((T103,T18),T153))),(((((T124,T165),(T43,T86)),T70),T65),T128)),(T123,T38))),((((((((T122,T156),T146),(T25,T80)),T84),T187),(((((T136,T5),(T98,T101)),(T170,T185)),T157),(T107,T76))),((T44,(T135,T33)),T45)),(((T108,T46),((T28,T193),(T8,T163))),(T113,T200)))),T0),((((T102,((T73,T72),T198)),((T196,T99),(T87,T109))),T88),((((T75,(T22,T159)),T32),(T174,T57)),T94))),((((T100,T2),(T172,T50)),(T116,(T64,T24))),(T27,(T59,T40)))),((((((((T23,(((T17,T178),T195),T126)),T29),T13),(T30,T6)),(T184,(T177,T183))),((T74,T189),T52)),((T164,T139),((T152,T58),((((T4,T167),T179),T92),T144)))),((T69,T16),T115))),((((((((((T154,T82),((T105,T42),(T131,T67))),(T71,(T145,T85))),T190),(T130,T110)),T91),(((T180,T35),(T161,T111)),(T171,T20))),(T63,T77)),(((T47,(T188,T104)),T150),T21)),((((T169,T19),(T68,T15)),T176),(T182,T191)))),((((((T53,(T9,T173)),T181),(T199,T37)),((T78,T160),T151)),(T96,(T31,(T97,T55)))),T62)),(T54,((T79,T114),T60))),((T34,T61),(T133,T95))),(T127,(T56,T158))),T39),T106),T7);
#NNI moves:1/236
Remaining: 1
#NNI moves:9/236
#NNI moves:10/236
(((((((((((((((T103,T18),T153),(((((T36,(T93,T142)),((T186,T138),T1)),T148),(T155,T12)),(T129,T192))),(T90,T118)),(((((T124,T165),(T86,T43)),T70),T65),T128)),(T38,T123)),((((((((((T119,T48),(T10,T51)),((((T14,T83),T120),(T162,T140)),T125)),T141),((T41,T121),T89)),((T194,T147),T49)),((T175,T117),T81)),T166),(((((((T26,T132),T168),T143),T134),(T149,((T137,T66),T3))),T112),T197)),T11)),((((T44,(T135,T33)),T45),(((((T80,T25),((T156,T122),T146)),T84),T187),(((((T101,T98),(T136,T5)),(T170,T185)),T157),(T76,T107)))),(((T108,T46),((T8,T163),(T193,T28))),(T200,T113)))),T0),((((T102,(T198,(T73,T72))),((T196,T99),(T87,T109))),T88),(((((T22,T159),T75),T32),(T174,T57)),T94))),((((((((T97,T55),T31),T96),(((((T173,T9),T53),T181),(T199,T37)),(T151,(T160,T78)))),T62),((((T127,(T56,T158)),((T106,T7),T39)),((T133,T95),(T34,T61))),(((T79,T114),T60),T54))),(((((((((((T105,T42),(T67,T131)),(T82,T154)),((T145,T85),T71)),T190),(T110,T130)),T91),(((T180,T35),(T111,T161)),(T20,T171))),(T77,T63)),(T21,(((T104,T188),T47),T150))),((((T68,T15),(T169,T19)),T176),(T182,T191)))),((((((((((T195,(T17,T178)),T126),T23),T29),T13),(T30,T6)),((T177,T183),T184)),(T52,(T74,T189))),(((((T179,(T167,T4)),T92),T144),(T58,T152)),(T139,T164))),((T69,T16),T115)))),(((T24,T64),T116),((T100,T2),(T50,T172)))),T27),T59),T40);
Current score: 2.30377e+10
Current tree: ((((((((((((((T103,T18),T153),(((((T36,(T93,T142)),((T186,T138),T1)),T148),(T155,T12)),(T129,T192))),(T90,T118)),(((((T124,T165),(T86,T43)),T70),T65),T128)),(T38,T123)),((((((((((T119,T48),(T10,T51)),((((T14,T83),T120),(T162,T140)),T125)),T141),((T41,T121),T89)),((T194,T147),T49)),((T175,T117),T81)),T166),(((((((T26,T132),T168),T143),T134),(T149,((T137,T66),T3))),T112),T197)),T11)),((((T44,(T135,T33)),T45),(((((T80,T25),((T156,T122),T146)),T84),T187),(((((T101,T98),(T136,T5)),(T170,T185)),T157),(T76,T107)))),(((T108,T46),((T8,T163),(T193,T28))),(T200,T113)))),T0),((((T102,(T198,(T73,T72))),((T196,T99),(T87,T109))),T88),(((((T22,T159),T75),T32),(T174,T57)),T94))),((((((((T97,T55),T31),T96),(((((T173,T9),T53),T181),(T199,T37)),(T151,(T160,T78)))),T62),((((T127,(T56,T158)),((T106,T7),T39)),((T133,T95),(T34,T61))),(((T79,T114),T60),T54))),(((((((((((T105,T42),(T67,T131)),(T82,T154)),((T145,T85),T71)),T190),(T110,T130)),T91),(((T180,T35),(T111,T161)),(T20,T171))),(T77,T63)),(T21,(((T104,T188),T47),T150))),((((T68,T15),(T169,T19)),T176),(T182,T191)))),((((((((((T195,(T17,T178)),T126),T23),T29),T13),(T30,T6)),((T177,T183),T184)),(T52,(T74,T189))),(((((T179,(T167,T4)),T92),T144),(T58,T152)),(T139,T164))),((T69,T16),T115)))),(((T24,T64),T116),((T100,T2),(T50,T172)))),(T59,T40)),T27);
Use two-step algorithm!
#NNI moves:1/236
Remaining: 0
#NNI moves:9/236
#NNI moves:9/236
(((((((((((((((((((((((((T17,T178),T195),T126),T23),T29),T13),(T6,T30)),((T183,T177),T184)),(T52,(T74,T189))),((((T92,((T4,T167),T179)),T144),(T152,T58)),(T139,T164))),((T16,T69),T115)),((((((((T35,T180),(T161,T111)),(T20,T171)),(T91,((((((T42,T105),(T67,T131)),(T154,T82)),((T85,T145),T71)),T190),(T110,T130)))),(T63,T77)),((((T188,T104),T47),T150),T21)),((((T15,T68),(T169,T19)),T176),(T182,T191))),((((((T199,T37),(((T173,T9),T53),T181)),((T160,T78),T151)),(((T55,T97),T31),T96)),T62),((((T39,(T106,T7)),((T56,T158),T127)),((T34,T61),(T95,T133))),((T60,(T114,T79)),T54))))),(((T59,T40),T27),((T116,(T64,T24)),((T2,T100),(T172,T50))))),(((((T198,(T73,T72)),T102),((T196,T99),(T109,T87))),T88),(T94,((((T22,T159),T75),T32),(T57,T174))))),T0),((((((((T122,T156),T146),(T80,T25)),T84),T187),(((((T98,T101),(T136,T5)),(T185,T170)),T157),(T107,T76))),(((T33,T135),T44),T45)),((T200,T113),(((T8,T163),(T28,T193)),(T46,T108))))),(((((((((((T162,T140),(T120,(T83,T14))),T125),((T119,T48),(T10,T51))),T141),(T89,(T41,T121))),(T49,(T194,T147))),((T117,T175),T81)),T166),((((((T66,T137),T3),T149),((((T26,T132),T168),T143),T134)),T112),T197)),T11)),(T38,T123)),((T65,(((T165,T124),(T86,T43)),T70)),T128)),(T118,T90)),((T18,T103),T153)),(T129,T192)),(T12,T155)),((T36,(T93,T142)),(T1,(T186,T138)))),T148);
#NNI moves:0/236
Remaining: 0
#NNI moves:6/236
#NNI moves:6/236
(((((((((((((((((((((((T119,T48),(T10,T51)),((((T83,T14),T120),(T140,T162)),T125)),T141),((T121,T41),T89)),((T194,T147),T49)),((T117,T175),T81)),T166),(((((((T132,T26),T168),T143),T134),((T3,(T137,T66)),T149)),T112),T197)),T11),((((((((((T186,T138),T1),((T93,T142),T36)),T148),(T155,T12)),(T129,T192)),(T153,(T18,T103))),(T118,T90)),(((((T124,T165),(T43,T86)),T70),T65),T128)),(T123,T38))),((((((((T98,T101),(T136,T5)),(T185,T170)),T157),(T76,T107)),((((T25,T80),((T122,T156),T146)),T84),T187)),(((T135,T33),T44),T45)),((((T8,T163),(T28,T193)),(T108,T46)),(T200,T113)))),T0),(((((T198,(T72,T73)),T102),((T87,T109),(T196,T99))),T88),(T94,(((T75,(T22,T159)),T32),(T57,T174))))),(((T40,T59),T27),(((T64,T24),T116),((T172,T50),(T100,T2))))),((((((T95,T133),(T61,T34)),((T39,(T7,T106)),(T127,(T158,T56)))),(((T114,T79),T60),T54)),(((((T160,T78),T151),((((T173,T9),T53),T181),(T37,T199))),(((T97,T55),T31),T96)),T62)),(((((((T161,T111),(T180,T35)),(T171,T20)),((((((T145,T85),T71),(((T105,T42),(T67,T131)),(T82,T154))),T190),(T110,T130)),T91)),(T63,T77)),((((T104,T188),T47),T150),T21)),((T176,((T19,T169),(T15,T68))),(T182,T191))))),((T16,T69),T115)),((T164,T139),(((((T167,T4),T179),T92),T144),(T58,T152)))),(T52,(T74,T189))),(((((T126,((T17,T178),T195)),T23),T29),T13),(T30,T6))),T184),T177),T183);
#NNI moves:0/236
Remaining: 0
#NNI moves:1/236
#NNI moves:1/236
((((((((((((((((((((T119,T48),(T51,T10)),(((T140,T162),(T120,(T83,T14))),T125)),T141),(T89,(T41,T121))),((T194,T147),T49)),(T81,(T175,T117))),T166),((((((T137,T66),T3),T149),((T143,(T168,(T132,T26))),T134)),T112),T197)),T11),(((((((((T1,(T186,T138)),((T142,T93),T36)),T148),(T12,T155)),(T192,T129)),((T18,T103),T153)),(T90,T118)),(T128,((((T165,T124),(T43,T86)),T70),T65))),(T38,T123))),(((((((T170,T185),((T5,T136),(T101,T98))),T157),(T76,T107)),(((((T122,T156),T146),(T25,T80)),T84),T187)),(T45,(T44,(T135,T33)))),(((T108,T46),((T193,T28),(T8,T163))),(T113,T200)))),T0),((((T102,((T72,T73),T198)),((T196,T99),(T87,T109))),T88),(((T174,T57),(T32,((T22,T159),T75))),T94))),(((((((((T111,T161),(T180,T35)),(T171,T20)),(((((((T42,T105),(T67,T131)),(T82,T154)),((T145,T85),T71)),T190),(T110,T130)),T91)),(T77,T63)),(T21,(((T104,T188),T47),T150))),((((T15,T68),(T169,T19)),T176),(T191,T182))),(((((T151,(T78,T160)),((T199,T37),(((T9,T173),T53),T181))),(((T55,T97),T31),T96)),T62),(((((T7,T106),T39),(T127,(T56,T158))),((T133,T95),(T34,T61))),(T54,((T79,T114),T60))))),(((((T152,T58),(((T179,(T167,T4)),T92),T144)),(T164,T139)),(((((T29,((((T17,T178),T195),T126),T23)),T13),(T30,T6)),((T183,T177),T184)),((T74,T189),T52))),((T16,T69),T115)))),(T27,(T40,T59))),(T116,(T24,T64))),(T100,T2)),T50),T172);
#NNI moves:1/236
Remaining: 0
#NNI moves:12/236
#NNI moves:18/236
((((((((((((((((((((((T152,T58),((T92,((T4,T167),T179)),T144)),(T164,T139)),((((T13,(((((T178,T17),T195),T126),T23),T29)),(T6,T30)),((T177,T183),T184)),((T189,T74),T52))),(T115,(T16,T69))),(((((((T171,T20),((T161,T111),(T180,T35))),(((((((T67,T131),(T42,T105)),(T154,T82)),((T85,T145),T71)),T190),(T110,T130)),T91)),(T63,T77)),((T150,((T104,T188),T47)),T21)),((((T15,T68),(T169,T19)),T176),(T182,T191))),((((((T37,T199),(((T173,T9),T53),T181)),((T160,T78),T151)),(((T55,T97),T31),T96)),T62),((((T34,T61),(T95,T133)),(((T56,T158),T127),((T106,T7),T39))),((T60,(T114,T79)),T54))))),(((T116,(T24,T64)),((T100,T2),(T50,T172))),(T27,(T59,T40)))),((T88,((((T72,T73),T198),T102),((T196,T99),(T87,T109)))),(((T32,((T159,T22),T75)),(T174,T57)),T94))),T0),((((((((T136,T5),(T101,T98)),(T185,T170)),T157),(T107,T76)),(((((T122,T156),T146),(T25,T80)),T84),T187)),(((T135,T33),T44),T45)),(((T46,T108),((T163,T8),(T28,T193))),(T113,T200)))),((((((T18,T103),T153),((T129,T192),(((((T93,T142),T36),(T1,(T138,T186))),T148),(T155,T12)))),(T118,T90)),(((T70,((T165,T124),(T43,T86))),T65),T128)),(T123,T38))),T11),(((((((T26,T132),T168),T143),T134),((T3,(T137,T66)),T149)),T112),T197)),T166),((T117,T175),T81)),(T49,(T194,T147))),(T89,(T121,T41))),T141),(((T162,T140),((T83,T14),T120)),T125)),(T119,T48)),T10),T51);
Current score: 2.30377e+10
Current tree: (((T59,T40),(((T116,(T24,T64)),((T100,T2),(T50,T172))),(((((((T152,T58),((T92,((T4,T167),T179)),T144)),(T164,T139)),((((T13,(((((T178,T17),T195),T126),T23),T29)),(T6,T30)),((T177,T183),T184)),((T189,T74),T52))),(T115,(T16,T69))),(((((((T171,T20),((T161,T111),(T180,T35))),(((((((T67,T131),(T42,T105)),(T154,T82)),((T85,T145),T71)),T190),(T110,T130)),T91)),(T63,T77)),((T150,((T104,T188),T47)),T21)),((((T15,T68),(T169,T19)),T176),(T182,T191))),((((((T37,T199),(((T173,T9),T53),T181)),((T160,T78),T151)),(((T55,T97),T31),T96)),T62),((((T34,T61),(T95,T133)),(((T56,T158),T127),((T106,T7),T39))),((T60,(T114,T79)),T54))))),(((T88,((((T72,T73),T198),T102),((T196,T99),(T87,T109)))),(((T32,((T159,T22),T75)),(T174,T57)),T94)),(T0,(((((((((T136,T5),(T101,T98)),(T185,T170)),T157),(T107,T76)),(((((T122,T156),T146),(T25,T80)),T84),T187)),(((T135,T33),T44),T45)),(((T46,T108),((T163,T8),(T28,T193))),(T113,T200))),(((((((T18,T103),T153),((T129,T192),(((((T93,T142),T36),(T1,(T138,T186))),T148),(T155,T12)))),(T118,T90)),(((T70,((T165,T124),(T43,T86))),T65),T128)),(T123,T38)),(T11,((((((((T26,T132),T168),T143),T134),((T3,(T137,T66)),T149)),T112),T197),(T166,(((T117,T175),T81),((T49,(T194,T147)),((T89,(T121,T41)),(T141,((((T162,T140),((T83,T14),T120)),T125),((T119,T48),(T10,T51))))))))))))))))),T27);
Final Tree: (((T59,T40),(((T116,(T24,T64)),((T100,T2),(T50,T172))),(((((((T152,T58),((T92,((T4,T167),T179)),T144)),(T164,T139)),((((T13,(((((T178,T17),T195),T126),T23),T29)),(T6,T30)),((T177,T183),T184)),((T189,T74),T52))),(T115,(T16,T69))),(((((((T171,T20),((T161,T111),(T180,T35))),(((((((T67,T131),(T42,T105)),(T154,T82)),((T85,T145),T71)),T190),(T110,T130)),T91)),(T63,T77)),((T150,((T104,T188),T47)),T21)),((((T15,T68),(T169,T19)),T176),(T182,T191))),((((((T37,T199),(((T173,T9),T53),T181)),((T160,T78),T151)),(((T55,T97),T31),T96)),T62),((((T34,T61),(T95,T133)),(((T56,T158),T127),((T106,T7),T39))),((T60,(T114,T79)),T54))))),(((T88,((((T72,T73),T198),T102),((T196,T99),(T87,T109)))),(((T32,((T159,T22),T75)),(T174,T57)),T94)),(T0,(((((((((T136,T5),(T101,T98)),(T185,T170)),T157),(T107,T76)),(((((T122,T156),T146),(T25,T80)),T84),T187)),(((T135,T33),T44),T45)),(((T46,T108),((T163,T8),(T28,T193))),(T113,T200))),(((((((T18,T103),T153),((T129,T192),(((((T93,T142),T36),(T1,(T138,T186))),T148),(T155,T12)))),(T118,T90)),(((T70,((T165,T124),(T43,T86))),T65),T128)),(T123,T38)),(T11,((((((((T26,T132),T168),T143),T134),((T3,(T137,T66)),T149)),T112),T197),(T166,(((T117,T175),T81),((T49,(T194,T147)),((T89,(T121,T41)),(T141,((((T162,T140),((T83,T14),T120)),T125),((T119,T48),(T10,T51))))))))))))))))),T27);
Score: 2.303770219e+10

real	3m17.120s
user	53m0.871s
sys	0m30.411s
