
RAxML-NG v. 1.1.0-master released on 04.08.2022 by The Exelixis Lab.
Developed by: Alexey M. Kozlov and Alexandros Stamatakis.
Contributors: Diego Darriba, Tomas Flouri, Benoit Morel, Sarah Lutteropp, Ben Bettisworth.
Latest version: https://github.com/amkozlov/raxml-ng
Questions/problems/suggestions? Please visit: https://groups.google.com/forum/#!forum/raxml

System: AMD EPYC 7742 64-Core Processor, 128 cores, 251 GB RAM

RAxML-NG was called at 02-Jan-2023 11:00:49 as follows:

/home/chaos/programs/raxml-ng/raxml-ng/bin/raxml-ng --msa data/alignment/19_0.1X_S201_0_haploid --tree pars{1} --model GTR+G --threads 64

Analysis options:
  run mode: ML tree search
  start tree(s): parsimony (1)
  random seed: 1672686049
  tip-inner: OFF
  pattern compression: ON
  per-rate scalers: OFF
  site repeats: ON
  fast spr radius: AUTO
  spr subtree cutoff: 1.000000
  branch lengths: proportional (ML estimate, algorithm: NR-FAST)
  SIMD kernels: AVX2
  parallelization: coarse-grained (auto), PTHREADS (64 threads), thread pinning: OFF

[00:00:00] Reading alignment from file: data/alignment/19_0.1X_S201_0_haploid
[00:00:02] Loaded alignment with 201 taxa and 5000000 sites

Alignment comprises 1 partitions and 338225 patterns

Partition 0: noname
Model: GTR+FO+G4m
Alignment sites / patterns: 5000000 / 338225
Gaps: 0.00 %
Invariant sites: 64.26 %


NOTE: Binary MSA file created: data/alignment/19_0.1X_S201_0_haploid.raxml.rba

Parallelization scheme autoconfig: 1 worker(s) x 64 thread(s)

Parallel reduction/worker buffer size: 1 KB  / 0 KB

[00:00:20] Generating 1 parsimony starting tree(s) with 201 taxa
[00:00:25] Data distribution: max. partitions/sites/weight per thread: 1 / 5285 / 84560
[00:00:25] Data distribution: max. searches per worker: 1

Starting ML tree search with 1 distinct starting trees

[00:00:25 -53784438.917359] Initial branch length optimization
[00:00:28 -26909431.813383] Model parameter optimization (eps = 10.000000)
[00:00:35 -26308956.595337] AUTODETECT spr round 1 (radius: 5)
[00:00:48 -26308475.872251] AUTODETECT spr round 2 (radius: 10)
[00:01:25 -26308475.872251] SPR radius for FAST iterations: 5 (autodetect)
[00:01:25 -26308475.872251] Model parameter optimization (eps = 3.000000)
[00:01:26 -26308475.868178] FAST spr round 1 (radius: 5)
[00:01:38 -26308332.485891] FAST spr round 2 (radius: 5)
[00:01:50 -26308216.385237] FAST spr round 3 (radius: 5)
[00:02:03 -26308137.921783] FAST spr round 4 (radius: 5)
[00:02:15 -26308137.921783] Model parameter optimization (eps = 1.000000)
[00:02:16 -26308137.915827] SLOW spr round 1 (radius: 5)
[00:02:59 -26308137.915827] SLOW spr round 2 (radius: 10)
[00:03:44 -26308137.915827] SLOW spr round 3 (radius: 15)
[00:05:27 -26308137.915827] SLOW spr round 4 (radius: 20)
[00:06:30 -26308137.915827] SLOW spr round 5 (radius: 25)
[00:06:50 -26308137.915827] Model parameter optimization (eps = 0.100000)

[00:06:51] ML tree search #1, logLikelihood: -26308137.913584


Optimized model parameters:

   Partition 0: noname
   Rate heterogeneity: GAMMA (4 cats, mean),  alpha: 2.720222 (ML),  weights&rates: (0.250000,0.366389) (0.250000,0.714758) (0.250000,1.080736) (0.250000,1.838117) 
   Base frequencies (ML): 0.294223 0.223487 0.273738 0.208552 
   Substitution rates (ML): 0.516415 2.720736 0.757515 0.975104 3.114425 1.000000 


Final LogLikelihood: -26308137.913584

AIC score: 52617091.827167 / AICc score: 52617091.893921 / BIC score: 52622569.206143
Free parameters (model + branch lengths): 408

Best ML tree saved to: /expanse/lustre/projects/uot138/chaos/ASTERISK-sim/data/alignment/19_0.1X_S201_0_haploid.raxml.bestTree
Optimized model saved to: /expanse/lustre/projects/uot138/chaos/ASTERISK-sim/data/alignment/19_0.1X_S201_0_haploid.raxml.bestModel

Execution log saved to: /expanse/lustre/projects/uot138/chaos/ASTERISK-sim/data/alignment/19_0.1X_S201_0_haploid.raxml.log

Analysis started: 02-Jan-2023 11:00:49 / finished: 02-Jan-2023 11:07:40

Elapsed time: 411.784 seconds

Consumed energy: 52.060 Wh

