
RAxML-NG v. 1.1.0-master released on 04.08.2022 by The Exelixis Lab.
Developed by: Alexey M. Kozlov and Alexandros Stamatakis.
Contributors: Diego Darriba, Tomas Flouri, Benoit Morel, Sarah Lutteropp, Ben Bettisworth.
Latest version: https://github.com/amkozlov/raxml-ng
Questions/problems/suggestions? Please visit: https://groups.google.com/forum/#!forum/raxml

System: AMD EPYC 7742 64-Core Processor, 128 cores, 251 GB RAM

RAxML-NG was called at 02-Jan-2023 11:00:49 as follows:

/home/chaos/programs/raxml-ng/raxml-ng/bin/raxml-ng --msa data/alignment/1_0.1X_S201_0_haploid --tree pars{1} --model GTR+G --threads 64

Analysis options:
  run mode: ML tree search
  start tree(s): parsimony (1)
  random seed: 1672686049
  tip-inner: OFF
  pattern compression: ON
  per-rate scalers: OFF
  site repeats: ON
  fast spr radius: AUTO
  spr subtree cutoff: 1.000000
  branch lengths: proportional (ML estimate, algorithm: NR-FAST)
  SIMD kernels: AVX2
  parallelization: coarse-grained (auto), PTHREADS (64 threads), thread pinning: OFF

[00:00:00] Reading alignment from file: data/alignment/1_0.1X_S201_0_haploid
[00:00:02] Loaded alignment with 201 taxa and 5000000 sites

Alignment comprises 1 partitions and 307061 patterns

Partition 0: noname
Model: GTR+FO+G4m
Alignment sites / patterns: 5000000 / 307061
Gaps: 0.00 %
Invariant sites: 66.75 %


NOTE: Binary MSA file created: data/alignment/1_0.1X_S201_0_haploid.raxml.rba

Parallelization scheme autoconfig: 1 worker(s) x 64 thread(s)

Parallel reduction/worker buffer size: 1 KB  / 0 KB

[00:00:20] Generating 1 parsimony starting tree(s) with 201 taxa
[00:00:25] Data distribution: max. partitions/sites/weight per thread: 1 / 4798 / 76768
[00:00:25] Data distribution: max. searches per worker: 1

Starting ML tree search with 1 distinct starting trees

[00:00:25 -52687341.171304] Initial branch length optimization
[00:00:27 -25335480.998999] Model parameter optimization (eps = 10.000000)
[00:00:33 -24993214.377689] AUTODETECT spr round 1 (radius: 5)
[00:00:44 -24992757.259898] AUTODETECT spr round 2 (radius: 10)
[00:01:13 -24992757.259898] SPR radius for FAST iterations: 5 (autodetect)
[00:01:13 -24992757.259898] Model parameter optimization (eps = 3.000000)
[00:01:13 -24992757.105844] FAST spr round 1 (radius: 5)
[00:01:25 -24992690.726006] FAST spr round 2 (radius: 5)
[00:01:37 -24992645.789034] FAST spr round 3 (radius: 5)
[00:01:50 -24992645.789034] Model parameter optimization (eps = 1.000000)
[00:01:51 -24992645.767560] SLOW spr round 1 (radius: 5)
[00:02:35 -24992645.767560] SLOW spr round 2 (radius: 10)
[00:03:20 -24992645.767560] SLOW spr round 3 (radius: 15)
[00:04:50 -24992645.767560] SLOW spr round 4 (radius: 20)
[00:06:10 -24992645.767560] SLOW spr round 5 (radius: 25)
[00:06:45 -24992645.767560] Model parameter optimization (eps = 0.100000)

[00:06:47] ML tree search #1, logLikelihood: -24992645.764203


Optimized model parameters:

   Partition 0: noname
   Rate heterogeneity: GAMMA (4 cats, mean),  alpha: 2.633514 (ML),  weights&rates: (0.250000,0.358760) (0.250000,0.708980) (0.250000,1.079994) (0.250000,1.852266) 
   Base frequencies (ML): 0.265464 0.267703 0.206186 0.260647 
   Substitution rates (ML): 1.277505 3.399232 0.850562 0.864741 2.018955 1.000000 


Final LogLikelihood: -24992645.764203

AIC score: 49986107.528407 / AICc score: 49986107.595161 / BIC score: 49991584.907383
Free parameters (model + branch lengths): 408

Best ML tree saved to: /expanse/lustre/projects/uot138/chaos/ASTERISK-sim/data/alignment/1_0.1X_S201_0_haploid.raxml.bestTree
Optimized model saved to: /expanse/lustre/projects/uot138/chaos/ASTERISK-sim/data/alignment/1_0.1X_S201_0_haploid.raxml.bestModel

Execution log saved to: /expanse/lustre/projects/uot138/chaos/ASTERISK-sim/data/alignment/1_0.1X_S201_0_haploid.raxml.log

Analysis started: 02-Jan-2023 11:00:49 / finished: 02-Jan-2023 11:07:36

Elapsed time: 407.206 seconds

Consumed energy: 51.298 Wh

