Weighted ASTRAL - Hybrid
Version: v1.13.2.3
#Genetrees: 2000
#Species: 201
#Rounds: 4
#Samples: 4
#Threads: 32
Use two-step algorithm!
Guide Tree 0/27
#NNI moves:0/236
Guide Tree 1/27
#NNI moves:0/236
Guide Tree 2/27
#NNI moves:0/236
Guide Tree 3/27
#NNI moves:0/236
Guide Tree 4/27
#NNI moves:0/236
Guide Tree 5/27
#NNI moves:0/236
Guide Tree 6/27
#NNI moves:0/236
Guide Tree 7/27
#NNI moves:0/236
Guide Tree 8/27
#NNI moves:0/236
Guide Tree 9/27
#NNI moves:0/236
Guide Tree 10/27
#NNI moves:0/236
Guide Tree 11/27
#NNI moves:0/236
Guide Tree 12/27
#NNI moves:0/236
Guide Tree 13/27
#NNI moves:0/236
Guide Tree 14/27
#NNI moves:0/236
Guide Tree 15/27
#NNI moves:0/236
Guide Tree 16/27
#NNI moves:0/236
Guide Tree 17/27
#NNI moves:0/236
Guide Tree 18/27
#NNI moves:0/236
Guide Tree 19/27
#NNI moves:0/236
Guide Tree 20/27
#NNI moves:0/236
Guide Tree 21/27
#NNI moves:0/236
Guide Tree 22/27
#NNI moves:0/236
Guide Tree 23/27
#NNI moves:0/236
Guide Tree 24/27
#NNI moves:0/236
Guide Tree 25/27
#NNI moves:0/236
Guide Tree 26/27
#NNI moves:0/236
Remaining: 0
#NNI moves:0/236
#NNI moves:0/236
(((((((((((((((((((((((T168,T104),T131),T123),(T107,T195)),T98),(((T51,T79),T124),T76)),T186),((((((T47,T12),T198),(T45,T130)),T81),((T6,T41),T67)),((T136,T9),(T95,T121)))),T16),(((T102,(T165,T151)),T3),T66)),(((((T137,T78),T106),T26),(T99,T43)),(T62,(T15,T193)))),(((((((T14,T110),T40),T19),(((T173,T111),(T13,T185)),T156)),(T196,T22)),(T183,T42)),((T159,T44),(T53,T153)))),(((T109,T118),T146),((T74,T148),T83))),(((T24,T88),((T38,T92),((T75,T154),T132))),((T50,T10),T8))),((((T82,T157),T134),(((T188,T149),((T184,T143),T119)),(T49,T72))),T31)),T128),(((((T179,T28),(((T122,T126),(T59,(T23,T120))),(T87,T100))),((T71,T96),(T158,T29))),T69),((((T161,(T135,T7)),(T89,T182)),(T150,((T37,T61),T187))),((((T85,T46),T70),T152),(T181,(T77,T30)))))),T0),((((((T5,((((T189,T84),T101),T55),(T163,T80))),((T1,T33),(T190,T21))),T2),(((T114,T167),T58),((T25,T139),T57))),((((T4,T140),T56),(T73,T112)),(((((((T194,T115),(T155,T116)),T35),(((T177,T27),(T144,T129)),(T97,T133))),(((((T164,T103),T174),(T90,T170)),T125),T64)),(T147,T11)),T91))),(((((((((((T141,T200),T197),T138),(T160,T192)),(T94,T20)),((T93,T17),((T54,T108),(T162,T52)))),(T142,((T117,T175),T105))),T180),((T191,T18),T32)),((T169,((T171,T176),T199)),T127)),(T48,T145)))),(((T65,T39),((T166,(T86,T60)),T68)),(T178,T172))),(T36,T113)),T34),T63);
Guide Tree 0/27
#NNI moves:0/236
Guide Tree 1/27
#NNI moves:0/236
Guide Tree 2/27
#NNI moves:0/236
Guide Tree 3/27
#NNI moves:0/236
Guide Tree 4/27
#NNI moves:0/236
Guide Tree 5/27
#NNI moves:0/236
Guide Tree 6/27
#NNI moves:0/236
Guide Tree 7/27
#NNI moves:0/236
Guide Tree 8/27
#NNI moves:0/236
Guide Tree 9/27
#NNI moves:0/236
Guide Tree 10/27
#NNI moves:0/236
Guide Tree 11/27
#NNI moves:0/236
Guide Tree 12/27
#NNI moves:0/236
Guide Tree 13/27
#NNI moves:0/236
Guide Tree 14/27
#NNI moves:0/236
Guide Tree 15/27
#NNI moves:0/236
Guide Tree 16/27
#NNI moves:0/236
Guide Tree 17/27
#NNI moves:0/236
Guide Tree 18/27
#NNI moves:0/236
Guide Tree 19/27
#NNI moves:0/236
Guide Tree 20/27
#NNI moves:0/236
Guide Tree 21/27
#NNI moves:0/236
Guide Tree 22/27
#NNI moves:0/236
Guide Tree 23/27
#NNI moves:0/236
Guide Tree 24/27
#NNI moves:0/236
Guide Tree 25/27
#NNI moves:0/236
Guide Tree 26/27
#NNI moves:0/236
Remaining: 0
#NNI moves:0/236
#NNI moves:0/236
(((((((((((((((((((((T198,(T47,T12)),(T130,T45)),T81),(T67,(T41,T6))),((T136,T9),(T121,T95))),(((((T107,T195),(((T168,T104),T131),T123)),T98),(((T79,T51),T124),T76)),T186)),T16),(T66,(((T151,T165),T102),T3))),((T62,(T15,T193)),(((T106,(T78,T137)),T26),(T43,T99)))),(((((((T13,T185),(T173,T111)),T156),((T40,(T110,T14)),T19)),(T196,T22)),(T42,T183)),((T159,T44),(T53,T153)))),(((T148,T74),T83),((T118,T109),T146))),(((((T154,T75),T132),(T38,T92)),(T24,T88)),((T50,T10),T8))),(T31,(((T72,T49),(((T143,T184),T119),(T188,T149))),((T82,T157),T134)))),T128),((((T150,((T61,T37),T187)),((T182,T89),((T7,T135),T161))),(((T30,T77),T181),(((T85,T46),T70),T152))),((((((T122,T126),(T59,(T23,T120))),(T87,T100)),(T28,T179)),((T96,T71),(T158,T29))),T69))),T0),((((((((((T144,T129),(T177,T27)),(T133,T97)),(((T194,T115),(T116,T155)),T35)),(((((T103,T164),T174),(T170,T90)),T125),T64)),(T11,T147)),T91),(((T140,T4),T56),(T112,T73))),((((T114,T167),T58),((T25,T139),T57)),((((((T101,(T189,T84)),T55),(T80,T163)),T5),((T33,T1),(T21,T190))),T2))),(((((T199,(T171,T176)),T169),T127),((T32,(T191,T18)),((((((T52,T162),(T54,T108)),(T17,T93)),(((((T200,T141),T197),T138),(T160,T192)),(T20,T94))),(T142,((T117,T175),T105))),T180))),(T48,T145)))),(((T65,T39),(((T60,T86),T166),T68)),(T178,T172))),(T36,T113)),T34),T63);
Guide Tree 0/27
#NNI moves:0/236
Guide Tree 1/27
#NNI moves:1/236
Guide Tree 2/27
#NNI moves:1/236
Guide Tree 3/27
#NNI moves:1/236
Guide Tree 4/27
#NNI moves:0/236
Guide Tree 5/27
#NNI moves:0/236
Guide Tree 6/27
#NNI moves:0/236
Guide Tree 7/27
#NNI moves:0/236
Guide Tree 8/27
#NNI moves:0/236
Guide Tree 9/27
#NNI moves:0/236
Guide Tree 10/27
#NNI moves:0/236
Guide Tree 11/27
#NNI moves:1/236
Guide Tree 12/27
#NNI moves:0/236
Guide Tree 13/27
#NNI moves:0/236
Guide Tree 14/27
#NNI moves:0/236
Guide Tree 15/27
#NNI moves:0/236
Guide Tree 16/27
#NNI moves:0/236
Guide Tree 17/27
#NNI moves:0/236
Guide Tree 18/27
#NNI moves:1/236
Guide Tree 19/27
#NNI moves:0/236
Guide Tree 20/27
#NNI moves:0/236
Guide Tree 21/27
#NNI moves:0/236
Guide Tree 22/27
#NNI moves:0/236
Guide Tree 23/27
#NNI moves:1/236
Guide Tree 24/27
#NNI moves:0/236
Guide Tree 25/27
#NNI moves:0/236
Guide Tree 26/27
#NNI moves:0/236
Remaining: 0
#NNI moves:0/236
#NNI moves:0/236
((((((((((((((((T26,(T106,(T78,T137))),(T99,T43)),((T193,T15),T62)),((((((((((T168,T104),T131),T123),(T195,T107)),T98),(T76,(T124,(T51,T79)))),T186),((((T6,T41),T67),(T81,((T45,T130),(T198,(T47,T12))))),((T136,T9),(T121,T95)))),T16),(T66,(((T151,T165),T102),T3)))),(((T183,T42),((T196,T22),((((T110,T14),T40),T19),(T156,((T173,T111),(T13,T185)))))),((T53,T153),(T159,T44)))),((T83,(T74,T148)),(T146,(T109,T118)))),(((T88,T24),((T92,T38),(T132,(T154,T75)))),((T10,T50),T8))),(((((T119,(T143,T184)),(T188,T149)),(T49,T72)),(T134,(T157,T82))),T31)),T128),(((((((T59,(T120,T23)),(T122,T126)),(T87,T100)),(T179,T28)),((T71,T96),(T158,T29))),T69),((((T182,T89),((T135,T7),T161)),(T150,((T61,T37),T187))),((((T46,T85),T70),T152),((T77,T30),T181))))),T0),((((((((((T54,T108),(T162,T52)),(T17,T93)),((T94,T20),((((T141,T200),T197),T138),(T160,T192)))),(((T175,T117),T105),T142)),T180),((T18,T191),T32)),(((T199,(T176,T171)),T169),T127)),(T48,T145)),((((((((T133,T97),((T177,T27),(T129,T144))),(((T115,T194),(T155,T116)),T35)),(((((T164,T103),T174),(T90,T170)),T125),T64)),(T147,T11)),T91),(((T140,T4),T56),(T73,T112))),(((T58,(T167,T114)),((T139,T25),T57)),(((((((T84,T189),T101),T55),(T80,T163)),T5),((T190,T21),(T33,T1))),T2))))),((T172,T178),(((T166,(T60,T86)),T68),(T39,T65)))),(T36,T113)),T34),T63);
Guide Tree 0/27
#NNI moves:3/236
Guide Tree 1/27
#NNI moves:0/236
Guide Tree 2/27
#NNI moves:0/236
Guide Tree 3/27
#NNI moves:3/236
Guide Tree 4/27
#NNI moves:0/236
Guide Tree 5/27
#NNI moves:0/236
Guide Tree 6/27
#NNI moves:0/236
Guide Tree 7/27
#NNI moves:0/236
Guide Tree 8/27
#NNI moves:3/236
Guide Tree 9/27
#NNI moves:0/236
Guide Tree 10/27
#NNI moves:0/236
Guide Tree 11/27
#NNI moves:0/236
Guide Tree 12/27
#NNI moves:0/236
Guide Tree 13/27
#NNI moves:3/236
Guide Tree 14/27
#NNI moves:0/236
Guide Tree 15/27
#NNI moves:0/236
Guide Tree 16/27
#NNI moves:0/236
Guide Tree 17/27
#NNI moves:0/236
Guide Tree 18/27
#NNI moves:0/236
Guide Tree 19/27
#NNI moves:0/236
Guide Tree 20/27
#NNI moves:0/236
Guide Tree 21/27
#NNI moves:0/236
Guide Tree 22/27
#NNI moves:0/236
Guide Tree 23/27
#NNI moves:0/236
Guide Tree 24/27
#NNI moves:0/236
Guide Tree 25/27
#NNI moves:0/236
Guide Tree 26/27
#NNI moves:3/236
Remaining: 0
#NNI moves:0/236
#NNI moves:0/236
((((((((((((((((((((((T131,(T104,T168)),T123),(T195,T107)),T98),(((T79,T51),T124),T76)),T186),((((T41,T6),T67),(T81,((T45,T130),((T12,T47),T198)))),((T121,T95),(T9,T136)))),T16),((T3,((T165,T151),T102)),T66)),(((T43,T99),(((T137,T78),T106),T26)),((T15,T193),T62))),(((T159,T44),(T153,T53)),((((((T111,T173),(T185,T13)),T156),(T19,(T40,(T110,T14)))),(T22,T196)),(T42,T183)))),(((T148,T74),T83),((T109,T118),T146))),((((T92,T38),((T75,T154),T132)),(T88,T24)),((T10,T50),T8))),((((T72,T49),(((T143,T184),T119),(T149,T188))),((T82,T157),T134)),T31)),T128),((((((T100,T87),((T122,T126),(T59,(T120,T23)))),(T28,T179)),((T96,T71),(T158,T29))),T69),((((T187,(T61,T37)),T150),(((T7,T135),T161),(T182,T89))),(((T30,T77),T181),(T152,(T70,(T85,T46))))))),T0),(((((((T1,T33),(T21,T190)),(((T80,T163),(((T189,T84),T101),T55)),T5)),T2),((T57,(T25,T139)),(T58,(T167,T114)))),(((((((T133,T97),((T177,T27),(T144,T129))),(((T115,T194),(T155,T116)),T35)),(T64,((((T164,T103),T174),(T170,T90)),T125))),(T11,T147)),T91),((T73,T112),((T140,T4),T56)))),((((((((T175,T117),T105),T142),((((T108,T54),(T162,T52)),(T93,T17)),(((((T141,T200),T197),T138),(T160,T192)),(T94,T20)))),T180),(T32,(T18,T191))),((((T176,T171),T199),T169),T127)),(T145,T48)))),(((((T60,T86),T166),T68),(T39,T65)),(T178,T172))),(T113,T36)),T34),T63);
Initial score: 3.53343e+10
Initial tree: ((((((((((((((((((((((T131,(T104,T168)),T123),(T195,T107)),T98),(((T79,T51),T124),T76)),T186),((((T41,T6),T67),(T81,((T45,T130),((T12,T47),T198)))),((T121,T95),(T9,T136)))),T16),((T3,((T165,T151),T102)),T66)),(((T43,T99),(((T137,T78),T106),T26)),((T15,T193),T62))),(((T159,T44),(T153,T53)),((((((T111,T173),(T185,T13)),T156),(T19,(T40,(T110,T14)))),(T22,T196)),(T42,T183)))),(((T148,T74),T83),((T109,T118),T146))),((((T92,T38),((T75,T154),T132)),(T88,T24)),((T10,T50),T8))),((((T72,T49),(((T143,T184),T119),(T149,T188))),((T82,T157),T134)),T31)),T128),((((((T100,T87),((T122,T126),(T59,(T120,T23)))),(T28,T179)),((T96,T71),(T158,T29))),T69),((((T187,(T61,T37)),T150),(((T7,T135),T161),(T182,T89))),(((T30,T77),T181),(T152,(T70,(T85,T46))))))),T0),(((((((T1,T33),(T21,T190)),(((T80,T163),(((T189,T84),T101),T55)),T5)),T2),((T57,(T25,T139)),(T58,(T167,T114)))),(((((((T133,T97),((T177,T27),(T144,T129))),(((T115,T194),(T155,T116)),T35)),(T64,((((T164,T103),T174),(T170,T90)),T125))),(T11,T147)),T91),((T73,T112),((T140,T4),T56)))),((((((((T175,T117),T105),T142),((((T108,T54),(T162,T52)),(T93,T17)),(((((T141,T200),T197),T138),(T160,T192)),(T94,T20)))),T180),(T32,(T18,T191))),((((T176,T171),T199),T169),T127)),(T145,T48)))),(((((T60,T86),T166),T68),(T39,T65)),(T178,T172))),(T113,T36)),T34),T63);
*** Subsample Process ***
Use two-step algorithm!
#NNI moves:0/236
Remaining: 0
#NNI moves:0/236
#NNI moves:0/236
(((((((((((((((((((((((((((T80,T163),(((T189,T84),T101),T55)),T5),((T21,T190),(T1,T33))),T2),((T57,(T139,T25)),((T167,T114),T58))),((((((((T116,T155),(T115,T194)),T35),((T97,T133),((T129,T144),(T27,T177)))),((((T90,T170),(T174,(T103,T164))),T125),T64)),(T147,T11)),T91),((T112,T73),(T56,(T4,T140))))),(((((((((T162,T52),(T108,T54)),(T93,T17)),((T94,T20),((((T200,T141),T197),T138),(T160,T192)))),((T105,(T117,T175)),T142)),T180),(T32,(T191,T18))),((((T176,T171),T199),T169),T127)),(T145,T48))),(((((T166,(T86,T60)),T68),(T65,T39)),(T178,T172)),((T34,T63),(T113,T36)))),T0),((((((T87,T100),(((T23,T120),T59),(T126,T122))),(T179,T28)),((T96,T71),(T29,T158))),T69),(((((T7,T135),T161),(T182,T89)),(T150,((T37,T61),T187))),((T181,(T77,T30)),((T70,(T85,T46)),T152))))),T128),(((((T119,(T143,T184)),(T149,T188)),(T72,T49)),((T82,T157),T134)),T31)),(((((T154,T75),T132),(T38,T92)),(T24,T88)),(T8,(T10,T50)))),(((T109,T118),T146),((T148,T74),T83))),((((T196,T22),((((T13,T185),(T111,T173)),T156),((T40,(T110,T14)),T19))),(T183,T42)),((T159,T44),(T53,T153)))),(((T15,T193),T62),((((T137,T78),T106),T26),(T99,T43)))),((((T165,T151),T102),T3),T66)),T16),(((T67,(T41,T6)),(((T130,T45),(T198,(T47,T12))),T81)),((T9,T136),(T95,T121)))),T186),((T124,(T79,T51)),T76)),T98),(T107,T195)),T123),(T104,T168)),T131);
#NNI moves:0/236
Remaining: 0
#NNI moves:0/236
#NNI moves:0/236
((((((((((((((((((((T124,(T79,T51)),T76),(((((T168,T104),T131),T123),(T107,T195)),T98)),T186),((((((T47,T12),T198),(T130,T45)),T81),((T6,T41),T67)),((T121,T95),(T136,T9)))),T16),((T3,((T165,T151),T102)),T66)),(((T193,T15),T62),((((T78,T137),T106),T26),(T43,T99)))),((((T22,T196),((((T14,T110),T40),T19),(((T111,T173),(T13,T185)),T156))),(T183,T42)),((T53,T153),(T159,T44)))),(((T118,T109),T146),((T74,T148),T83))),(((((T154,T75),T132),(T92,T38)),(T24,T88)),((T50,T10),T8))),(((((T149,T188),((T184,T143),T119)),(T72,T49)),((T82,T157),T134)),T31)),T128),(((((T89,T182),(T161,(T7,T135))),((T187,(T37,T61)),T150)),(((T77,T30),T181),(T152,((T46,T85),T70)))),((((T71,T96),(T158,T29)),(((T87,T100),((T126,T122),((T120,T23),T59))),(T28,T179))),T69))),T0),((((((((((T162,T52),(T54,T108)),(T93,T17)),((T94,T20),((T192,T160),(((T141,T200),T197),T138)))),(((T117,T175),T105),T142)),T180),(T32,(T191,T18))),(T127,(T169,((T176,T171),T199)))),(T48,T145)),((((((T21,T190),(T1,T33)),(((T163,T80),((T101,(T189,T84)),T55)),T5)),T2),(((T167,T114),T58),(T57,(T139,T25)))),((((T140,T4),T56),(T112,T73)),(((((((T170,T90),((T164,T103),T174)),T125),T64),(((T133,T97),((T129,T144),(T27,T177))),(((T116,T155),(T194,T115)),T35))),(T147,T11)),T91))))),(((T68,(T166,(T86,T60))),(T39,T65)),(T172,T178))),(T113,T36)),T63),T34);
#NNI moves:0/236
Remaining: 0
#NNI moves:0/236
#NNI moves:0/236
((((((((((((((((((T167,T114),T58),((T25,T139),T57)),(((((((T189,T84),T101),T55),(T163,T80)),T5),((T21,T190),(T1,T33))),T2)),((((((((T174,(T164,T103)),(T170,T90)),T125),T64),(((T133,T97),((T144,T129),(T177,T27))),(T35,((T115,T194),(T155,T116))))),(T11,T147)),T91),((T56,(T4,T140)),(T112,T73)))),(((((((((((T200,T141),T197),T138),(T192,T160)),(T20,T94)),(((T108,T54),(T162,T52)),(T17,T93))),(T142,((T175,T117),T105))),T180),((T191,T18),T32)),((T169,((T171,T176),T199)),T127)),(T145,T48))),((((((T60,T86),T166),T68),(T39,T65)),(T172,T178)),((T36,T113),(T63,T34)))),T0),(((((((T122,T126),(T59,(T120,T23))),(T87,T100)),(T179,T28)),((T96,T71),(T158,T29))),T69),(((((T61,T37),T187),T150),((T89,T182),(T161,(T135,T7)))),((T181,(T77,T30)),(((T46,T85),T70),T152))))),T128),((((((T143,T184),T119),(T149,T188)),(T72,T49)),((T157,T82),T134)),T31)),(((T24,T88),(((T154,T75),T132),(T92,T38))),((T50,T10),T8))),(((T118,T109),T146),((T74,T148),T83))),(((((T19,((T14,T110),T40)),(((T185,T13),(T111,T173)),T156)),(T22,T196)),(T183,T42)),((T53,T153),(T44,T159)))),(((T193,T15),T62),((((T137,T78),T106),T26),(T99,T43)))),((((T151,T165),T102),T3),T66)),((T186,((((((T168,T104),T131),T123),(T195,T107)),T98),((T124,(T51,T79)),T76))),(((T81,(((T47,T12),T198),(T130,T45))),((T41,T6),T67)),((T136,T9),(T95,T121))))),T16);
#NNI moves:0/236
Remaining: 0
#NNI moves:0/236
#NNI moves:0/236
((((((((((((((((T103,T164),T174),(T170,T90)),T125),T64),(((T133,T97),((T177,T27),(T129,T144))),(T35,((T115,T194),(T155,T116))))),(T11,T147)),T91),((T112,T73),(T56,(T140,T4)))),(((((((T101,(T84,T189)),T55),(T163,T80)),T5),((T190,T21),(T33,T1))),T2),(((T139,T25),T57),((T167,T114),T58)))),(((((((((((T141,T200),T197),T138),(T160,T192)),(T20,T94)),(((T108,T54),(T162,T52)),(T17,T93))),(((T175,T117),T105),T142)),T180),((T191,T18),T32)),((((T176,T171),T199),T169),T127)),(T48,T145))),(((((((((((((((T6,T41),T67),(((T130,T45),(T198,(T12,T47))),T81)),((T136,T9),(T121,T95))),(((T98,((T107,T195),(((T104,T168),T131),T123))),(((T51,T79),T124),T76)),T186)),T16),(T66,((T102,(T165,T151)),T3))),(((T193,T15),T62),((T26,(T106,(T137,T78))),(T43,T99)))),(((((((T185,T13),(T173,T111)),T156),(((T110,T14),T40),T19)),(T22,T196)),(T183,T42)),((T53,T153),(T44,T159)))),(((T148,T74),T83),(T146,(T109,T118)))),((((T92,T38),((T154,T75),T132)),(T88,T24)),(T8,(T10,T50)))),((((T72,T49),((T188,T149),((T184,T143),T119))),(T134,(T82,T157))),T31)),T128),((((T150,((T37,T61),T187)),((T89,T182),((T135,T7),T161))),((((T85,T46),T70),T152),((T77,T30),T181))),((((T29,T158),(T96,T71)),(((((T23,T120),T59),(T122,T126)),(T100,T87)),(T179,T28))),T69))),T0)),((((T166,(T86,T60)),T68),(T39,T65)),(T172,T178))),(T113,T36)),T63),T34);
Current score: 3.53343e+10
Current tree: ((((((((((((((((T103,T164),T174),(T170,T90)),T125),T64),(((T133,T97),((T177,T27),(T129,T144))),(T35,((T115,T194),(T155,T116))))),(T11,T147)),T91),((T112,T73),(T56,(T140,T4)))),(((((((T101,(T84,T189)),T55),(T163,T80)),T5),((T190,T21),(T33,T1))),T2),(((T139,T25),T57),((T167,T114),T58)))),(((((((((((T141,T200),T197),T138),(T160,T192)),(T20,T94)),(((T108,T54),(T162,T52)),(T17,T93))),(((T175,T117),T105),T142)),T180),((T191,T18),T32)),((((T176,T171),T199),T169),T127)),(T48,T145))),(((((((((((((((T6,T41),T67),(((T130,T45),(T198,(T12,T47))),T81)),((T136,T9),(T121,T95))),(((T98,((T107,T195),(((T104,T168),T131),T123))),(((T51,T79),T124),T76)),T186)),T16),(T66,((T102,(T165,T151)),T3))),(((T193,T15),T62),((T26,(T106,(T137,T78))),(T43,T99)))),(((((((T185,T13),(T173,T111)),T156),(((T110,T14),T40),T19)),(T22,T196)),(T183,T42)),((T53,T153),(T44,T159)))),(((T148,T74),T83),(T146,(T109,T118)))),((((T92,T38),((T154,T75),T132)),(T88,T24)),(T8,(T10,T50)))),((((T72,T49),((T188,T149),((T184,T143),T119))),(T134,(T82,T157))),T31)),T128),((((T150,((T37,T61),T187)),((T89,T182),((T135,T7),T161))),((((T85,T46),T70),T152),((T77,T30),T181))),((((T29,T158),(T96,T71)),(((((T23,T120),T59),(T122,T126)),(T100,T87)),(T179,T28))),T69))),T0)),((((T166,(T86,T60)),T68),(T39,T65)),(T172,T178))),(T113,T36)),T34),T63);
Final Tree: ((((((((((((((((T103,T164),T174),(T170,T90)),T125),T64),(((T133,T97),((T177,T27),(T129,T144))),(T35,((T115,T194),(T155,T116))))),(T11,T147)),T91),((T112,T73),(T56,(T140,T4)))),(((((((T101,(T84,T189)),T55),(T163,T80)),T5),((T190,T21),(T33,T1))),T2),(((T139,T25),T57),((T167,T114),T58)))),(((((((((((T141,T200),T197),T138),(T160,T192)),(T20,T94)),(((T108,T54),(T162,T52)),(T17,T93))),(((T175,T117),T105),T142)),T180),((T191,T18),T32)),((((T176,T171),T199),T169),T127)),(T48,T145))),(((((((((((((((T6,T41),T67),(((T130,T45),(T198,(T12,T47))),T81)),((T136,T9),(T121,T95))),(((T98,((T107,T195),(((T104,T168),T131),T123))),(((T51,T79),T124),T76)),T186)),T16),(T66,((T102,(T165,T151)),T3))),(((T193,T15),T62),((T26,(T106,(T137,T78))),(T43,T99)))),(((((((T185,T13),(T173,T111)),T156),(((T110,T14),T40),T19)),(T22,T196)),(T183,T42)),((T53,T153),(T44,T159)))),(((T148,T74),T83),(T146,(T109,T118)))),((((T92,T38),((T154,T75),T132)),(T88,T24)),(T8,(T10,T50)))),((((T72,T49),((T188,T149),((T184,T143),T119))),(T134,(T82,T157))),T31)),T128),((((T150,((T37,T61),T187)),((T89,T182),((T135,T7),T161))),((((T85,T46),T70),T152),((T77,T30),T181))),((((T29,T158),(T96,T71)),(((((T23,T120),T59),(T122,T126)),(T100,T87)),(T179,T28))),T69))),T0)),((((T166,(T86,T60)),T68),(T39,T65)),(T172,T178))),(T113,T36)),T34),T63);
Score: 3.533427808e+10

real	1m20.494s
user	25m14.759s
sys	0m20.924s
