Weighted ASTRAL - Hybrid
Version: v1.13.2.3
#Genetrees: 2000
#Species: 201
#Rounds: 4
#Samples: 4
#Threads: 32
Use two-step algorithm!
Guide Tree 0/27
#NNI moves:0/236
Guide Tree 1/27
#NNI moves:0/236
Guide Tree 2/27
#NNI moves:0/236
Guide Tree 3/27
#NNI moves:0/236
Guide Tree 4/27
#NNI moves:0/236
Guide Tree 5/27
#NNI moves:0/236
Guide Tree 6/27
#NNI moves:0/236
Guide Tree 7/27
#NNI moves:0/236
Guide Tree 8/27
#NNI moves:0/236
Guide Tree 9/27
#NNI moves:0/236
Guide Tree 10/27
#NNI moves:0/236
Guide Tree 11/27
#NNI moves:0/236
Guide Tree 12/27
#NNI moves:0/236
Guide Tree 13/27
#NNI moves:0/236
Guide Tree 14/27
#NNI moves:0/236
Guide Tree 15/27
#NNI moves:0/236
Guide Tree 16/27
#NNI moves:0/236
Guide Tree 17/27
#NNI moves:0/236
Guide Tree 18/27
#NNI moves:0/236
Guide Tree 19/27
#NNI moves:0/236
Guide Tree 20/27
#NNI moves:0/236
Guide Tree 21/27
#NNI moves:0/236
Guide Tree 22/27
#NNI moves:0/236
Guide Tree 23/27
#NNI moves:0/236
Guide Tree 24/27
#NNI moves:0/236
Guide Tree 25/27
#NNI moves:0/236
Guide Tree 26/27
#NNI moves:0/236
Remaining: 0
#NNI moves:9/236
#NNI moves:9/236
(((((((((((((((((((T81,(T159,T143)),((T46,T12),T16)),(T156,((T126,T32),T100))),(((T66,T45),(T53,T136)),(((T19,T127),T184),T9))),((T23,T120),T175)),(((((T25,T157),(T62,T161)),T186),(T39,T4)),((((T164,T57),T185),T160),((T8,T76),(T82,(T28,T169)))))),((((((T13,T85),(T191,T195)),(T18,T165)),(T51,(T113,T123))),((T15,T99),T56)),T75)),((((T65,T96),(T40,T167)),T162),(((T180,T189),T41),(T73,T141)))),((((((T68,((T115,T101),T14)),T163),T80),T177),(((((T118,(T199,T6)),(T168,T24)),(T49,(T149,T88))),(T196,(T95,T121))),T47)),((T119,((T142,T108),T176)),T90))),((((((((T50,T190),T138),((T102,(T131,T139)),T2)),(T122,T155)),T171),T67),(T173,(T125,T154))),((T72,T128),(((T111,T35),(T7,T22)),(T129,T31))))),T0),((T140,(((T187,(T38,(T37,T192))),(T181,T166)),T182)),(((T79,T70),T194),(T11,T43)))),((((((((((T59,(T151,T20)),T55),T174),(T172,(T105,T150))),((T1,T107),((T114,T89),T124))),((T117,(T158,T10)),T116)),(((((T106,T110),T148),((T64,T63),T93)),(T87,T91)),T134)),(((T198,T152),(T130,T153)),T112)),(((((T29,T5),(T132,(T179,T146))),(T92,T200)),T74),(T188,T61))),((((T137,(T86,T97)),(T144,T178)),((T197,T34),(T78,T3))),(T48,T145)))),((((((T170,T183),T193),T94),T58),T103),(((T36,T135),((T52,T60),T83)),(T71,(T26,T77))))),(((T21,T54),T98),((((T109,T84),(T27,(T30,T44))),T133),T69))),T33),(T42,T147)),T104),T17);
Guide Tree 0/27
#NNI moves:0/236
Guide Tree 1/27
#NNI moves:0/236
Guide Tree 2/27
#NNI moves:1/236
Guide Tree 3/27
#NNI moves:1/236
Guide Tree 4/27
#NNI moves:0/236
Guide Tree 5/27
#NNI moves:1/236
Guide Tree 6/27
#NNI moves:0/236
Guide Tree 7/27
#NNI moves:3/236
Guide Tree 8/27
#NNI moves:0/236
Guide Tree 9/27
#NNI moves:0/236
Guide Tree 10/27
#NNI moves:1/236
Guide Tree 11/27
#NNI moves:1/236
Guide Tree 12/27
#NNI moves:0/236
Guide Tree 13/27
#NNI moves:0/236
Guide Tree 14/27
#NNI moves:0/236
Guide Tree 15/27
#NNI moves:0/236
Guide Tree 16/27
#NNI moves:1/236
Guide Tree 17/27
#NNI moves:1/236
Guide Tree 18/27
#NNI moves:0/236
Guide Tree 19/27
#NNI moves:0/236
Guide Tree 20/27
#NNI moves:0/236
Guide Tree 21/27
#NNI moves:1/236
Guide Tree 22/27
#NNI moves:1/236
Guide Tree 23/27
#NNI moves:3/236
Guide Tree 24/27
#NNI moves:0/236
Guide Tree 25/27
#NNI moves:0/236
Guide Tree 26/27
#NNI moves:0/236
Remaining: 0
#NNI moves:8/236
#NNI moves:8/236
((((((((((((((((((((T126,T32),T100),T156),(((T159,T143),T81),((T12,T46),T16))),(((T184,(T19,T127)),T9),((T136,T53),(T66,T45)))),((T23,T120),T175)),(((T186,((T161,T62),(T25,T157))),(T39,T4)),((((T57,T164),T185),T160),(((T169,T28),T82),(T8,T76))))),((((T51,(T113,T123)),((T18,T165),((T13,T85),(T191,T195)))),(T56,(T99,T15))),T75)),((((T65,T96),(T40,T167)),T162),(((T189,T180),T41),(T73,T141)))),(((((((T118,(T199,T6)),(T24,T168)),((T88,T149),T49)),(T196,(T95,T121))),T47),(((T163,((T14,(T115,T101)),T68)),T80),T177)),(((T176,(T142,T108)),T119),T90))),((((((((T50,T190),T138),(T2,((T131,T139),T102))),(T155,T122)),T171),T67),((T154,T125),T173)),(((T129,T31),((T111,T35),(T7,T22))),(T72,T128)))),T0),((((T79,T70),T194),(T43,T11)),((((((T37,T192),T38),T187),(T181,T166)),T182),T140))),(((((((T29,T5),((T146,T179),T132)),(T200,T92)),T74),(T188,T61)),((((((T172,(T105,T150)),(((T59,(T20,T151)),T55),T174)),(((T114,T89),T124),(T1,T107))),(T116,((T158,T10),T117))),(((((T106,T110),T148),((T63,T64),T93)),(T87,T91)),T134)),(((T152,T198),(T153,T130)),T112))),((((T137,(T86,T97)),(T144,T178)),((T78,T3),(T34,T197))),(T145,T48)))),((((T36,T135),(T83,(T52,T60))),((T26,T77),T71)),(((T94,((T170,T183),T193)),T58),T103))),(((T54,T21),T98),((((T27,(T44,T30)),(T109,T84)),T133),T69))),T33),(T42,T147)),T104),T17);
Guide Tree 0/27
#NNI moves:1/236
Guide Tree 1/27
#NNI moves:0/236
Guide Tree 2/27
#NNI moves:0/236
Guide Tree 3/27
#NNI moves:0/236
Guide Tree 4/27
#NNI moves:1/236
Guide Tree 5/27
#NNI moves:0/236
Guide Tree 6/27
#NNI moves:3/236
Guide Tree 7/27
#NNI moves:0/236
Guide Tree 8/27
#NNI moves:0/236
Guide Tree 9/27
#NNI moves:1/236
Guide Tree 10/27
#NNI moves:0/236
Guide Tree 11/27
#NNI moves:3/236
Guide Tree 12/27
#NNI moves:0/236
Guide Tree 13/27
#NNI moves:0/236
Guide Tree 14/27
#NNI moves:0/236
Guide Tree 15/27
#NNI moves:0/236
Guide Tree 16/27
#NNI moves:0/236
Guide Tree 17/27
#NNI moves:0/236
Guide Tree 18/27
#NNI moves:0/236
Guide Tree 19/27
#NNI moves:3/236
Guide Tree 20/27
#NNI moves:0/236
Guide Tree 21/27
#NNI moves:3/236
Guide Tree 22/27
#NNI moves:1/236
Guide Tree 23/27
#NNI moves:0/236
Guide Tree 24/27
#NNI moves:0/236
Guide Tree 25/27
#NNI moves:0/236
Guide Tree 26/27
#NNI moves:0/236
Remaining: 0
#NNI moves:4/236
#NNI moves:4/236
((((((((((((((((((T9,(T184,(T127,T19))),((T66,T45),(T136,T53))),(((T16,(T46,T12)),((T159,T143),T81)),((T100,(T32,T126)),T156))),((T120,T23),T175)),(((((T28,T169),T82),(T76,T8)),(T160,((T164,T57),T185))),((((T161,T62),(T25,T157)),T186),(T39,T4)))),((((((T191,T195),(T85,T13)),(T165,T18)),(T51,(T113,T123))),((T15,T99),T56)),T75)),(((T73,T141),(T41,(T189,T180))),(((T96,T65),(T40,T167)),T162))),((((((T49,(T88,T149)),((T118,(T6,T199)),(T24,T168))),((T95,T121),T196)),T47),((((((T101,T115),T14),T68),T163),T80),T177)),((T119,((T108,T142),T176)),T90))),((((T129,T31),((T35,T111),(T7,T22))),(T72,T128)),(((T171,((((T50,T190),T138),(((T131,T139),T102),T2)),(T155,T122))),T67),((T125,T154),T173)))),T0),((T140,(T182,((T187,(T38,(T192,T37))),(T181,T166)))),((T11,T43),(T194,(T70,T79))))),((((((T153,T130),(T198,T152)),T112),((((((((T151,T20),T59),T55),T174),((T150,T105),T172)),(((T114,T89),T124),(T1,T107))),((T117,(T10,T158)),T116)),(((T91,T87),(((T106,T110),T148),((T64,T63),T93))),T134))),((T61,T188),(T74,((((T179,T146),T132),(T5,T29)),(T92,T200))))),((T145,T48),(((T197,T34),(T78,T3)),((T178,T144),((T86,T97),T137)))))),((((T94,(T193,(T170,T183))),T58),T103),((T71,(T77,T26)),(((T60,T52),T83),(T36,T135))))),(((((T27,(T44,T30)),(T84,T109)),T133),T69),((T21,T54),T98))),T33),(T42,T147)),T104),T17);
Guide Tree 0/27
#NNI moves:0/236
Guide Tree 1/27
#NNI moves:1/236
Guide Tree 2/27
#NNI moves:1/236
Guide Tree 3/27
#NNI moves:0/236
Guide Tree 4/27
#NNI moves:3/236
Guide Tree 5/27
#NNI moves:3/236
Guide Tree 6/27
#NNI moves:1/236
Guide Tree 7/27
#NNI moves:3/236
Guide Tree 8/27
#NNI moves:3/236
Guide Tree 9/27
#NNI moves:1/236
Guide Tree 10/27
#NNI moves:1/236
Guide Tree 11/27
#NNI moves:0/236
Guide Tree 12/27
#NNI moves:3/236
Guide Tree 13/27
#NNI moves:0/236
Guide Tree 14/27
#NNI moves:3/236
Guide Tree 15/27
#NNI moves:4/236
Guide Tree 16/27
#NNI moves:0/236
Guide Tree 17/27
#NNI moves:3/236
Guide Tree 18/27
#NNI moves:0/236
Guide Tree 19/27
#NNI moves:1/236
Guide Tree 20/27
#NNI moves:3/236
Guide Tree 21/27
#NNI moves:0/236
Guide Tree 22/27
#NNI moves:1/236
Guide Tree 23/27
#NNI moves:0/236
Guide Tree 24/27
#NNI moves:1/236
Guide Tree 25/27
#NNI moves:0/236
Guide Tree 26/27
#NNI moves:0/236
Remaining: 1
#NNI moves:0/236
#NNI moves:0/236
((((((((((((((((((((T46,T12),T16),((T143,T159),T81)),(((T126,T32),T100),T156)),((T9,((T127,T19),T184)),((T53,T136),(T45,T66)))),((T120,T23),T175)),(((((T161,T62),(T157,T25)),T186),(T4,T39)),((((T57,T164),T185),T160),((T8,T76),((T28,T169),T82))))),((((((T191,T195),(T13,T85)),(T18,T165)),((T123,T113),T51)),((T15,T99),T56)),T75)),((((T40,T167),(T96,T65)),T162),(((T189,T180),T41),(T141,T73)))),(((((((T118,(T6,T199)),(T24,T168)),((T88,T149),T49)),((T121,T95),T196)),T47),((T80,((((T115,T101),T14),T68),T163)),T177)),((((T108,T142),T176),T119),T90))),(((((((T138,(T50,T190)),(T2,((T139,T131),T102))),(T155,T122)),T171),T67),((T154,T125),T173)),((T128,T72),(((T111,T35),(T22,T7)),(T129,T31))))),T0),(((((T181,T166),(T187,((T192,T37),T38))),T182),T140),(((T70,T79),T194),(T43,T11)))),((((((((T107,T1),(T124,(T114,T89))),(((T55,(T59,(T20,T151))),T174),(T172,(T105,T150)))),(((T158,T10),T117),T116)),((((T93,(T63,T64)),(T148,(T110,T106))),(T87,T91)),T134)),(((T152,T198),(T153,T130)),T112)),(((((T5,T29),((T146,T179),T132)),(T92,T200)),T74),(T61,T188))),((((T137,(T97,T86)),(T144,T178)),((T3,T78),(T34,T197))),(T145,T48)))),((((T135,T36),(T83,(T52,T60))),(T71,(T26,T77))),(T103,((T94,(T193,(T170,T183))),T58)))),(((T54,T21),T98),(T69,((((T44,T30),T27),(T84,T109)),T133)))),T33),(T147,T42)),T104),T17);
Initial score: 2.25472e+10
Initial tree: ((((((((((((((((((((T46,T12),T16),((T143,T159),T81)),(((T126,T32),T100),T156)),((T9,((T127,T19),T184)),((T53,T136),(T45,T66)))),((T120,T23),T175)),(((((T161,T62),(T157,T25)),T186),(T4,T39)),((((T57,T164),T185),T160),((T8,T76),((T28,T169),T82))))),((((((T191,T195),(T13,T85)),(T18,T165)),((T123,T113),T51)),((T15,T99),T56)),T75)),((((T40,T167),(T96,T65)),T162),(((T189,T180),T41),(T141,T73)))),(((((((T118,(T6,T199)),(T24,T168)),((T88,T149),T49)),((T121,T95),T196)),T47),((T80,((((T115,T101),T14),T68),T163)),T177)),((((T108,T142),T176),T119),T90))),(((((((T138,(T50,T190)),(T2,((T139,T131),T102))),(T155,T122)),T171),T67),((T154,T125),T173)),((T128,T72),(((T111,T35),(T22,T7)),(T129,T31))))),T0),(((((T181,T166),(T187,((T192,T37),T38))),T182),T140),(((T70,T79),T194),(T43,T11)))),((((((((T107,T1),(T124,(T114,T89))),(((T55,(T59,(T20,T151))),T174),(T172,(T105,T150)))),(((T158,T10),T117),T116)),((((T93,(T63,T64)),(T148,(T110,T106))),(T87,T91)),T134)),(((T152,T198),(T153,T130)),T112)),(((((T5,T29),((T146,T179),T132)),(T92,T200)),T74),(T61,T188))),((((T137,(T97,T86)),(T144,T178)),((T3,T78),(T34,T197))),(T145,T48)))),((((T135,T36),(T83,(T52,T60))),(T71,(T26,T77))),(T103,((T94,(T193,(T170,T183))),T58)))),(((T54,T21),T98),(T69,((((T44,T30),T27),(T84,T109)),T133)))),T33),(T147,T42)),T104),T17);
*** Subsample Process ***
Use two-step algorithm!
#NNI moves:3/236
Remaining: 0
#NNI moves:8/236
#NNI moves:8/236
(((((((((((((((((((((((T107,T1),((T114,T89),T124)),(((((T151,T20),T59),T55),T174),(T172,(T105,T150)))),(((T158,T10),T117),T116)),(((T87,T91),(((T64,T63),T93),(T148,(T106,T110)))),T134)),(((T153,T130),(T152,T198)),T112)),(((((T5,T29),((T146,T179),T132)),(T200,T92)),T74),(T61,T188))),(((((T97,T86),T137),(T144,T178)),((T197,T34),(T3,T78))),(T48,T145))),(((((T42,T147),(T104,T17)),T33),((((((T30,T44),T27),(T84,T109)),T133),T69),(T98,(T54,T21)))),((((T26,T77),T71),((T36,T135),((T52,T60),T83))),(((T94,((T170,T183),T193)),T58),T103)))),(((((T181,T166),(T187,(T38,(T37,T192)))),T182),T140),((T43,T11),((T70,T79),T194)))),T0),(((((T35,T111),(T22,T7)),(T129,T31)),(T128,T72)),(((((((T50,T190),T138),(((T131,T139),T102),T2)),(T155,T122)),T171),T67),(T173,(T125,T154))))),(((((T142,T108),T176),T119),T90),(((T80,(T163,(T68,(T14,(T115,T101))))),T177),((((((T199,T6),T118),(T24,T168)),(T49,(T149,T88))),(T196,(T121,T95))),T47)))),((((T40,T167),(T65,T96)),T162),((T141,T73),((T180,T189),T41)))),((((T99,T15),T56),((((T195,T191),(T85,T13)),(T165,T18)),((T123,T113),T51))),T75)),(((((T57,T164),T185),T160),(((T169,T28),T82),(T8,T76))),((((T25,T157),(T161,T62)),T186),(T39,T4)))),((T120,T23),T175)),(((T66,T45),(T53,T136)),((T184,(T19,T127)),T9))),(((T126,T32),T100),T156)),((T12,T46),T16)),T81),T143),T159);
#NNI moves:3/236
Remaining: 0
#NNI moves:10/236
#NNI moves:10/236
(((((((((((((((((((T25,T157),(T161,T62)),T186),(T4,T39)),(((T76,T8),(T82,(T169,T28))),((T185,(T57,T164)),T160))),((((((T127,T19),T184),T9),((T45,T66),(T136,T53))),((((T159,T143),T81),(T16,(T46,T12))),(T156,((T32,T126),T100)))),(T175,(T120,T23)))),((((((T85,T13),(T195,T191)),(T165,T18)),((T123,T113),T51)),((T99,T15),T56)),T75)),((((T167,T40),(T65,T96)),T162),(((T189,T180),T41),(T73,T141)))),((((((T121,T95),T196),(((T149,T88),T49),((T24,T168),(T118,(T6,T199))))),T47),((((T68,(T14,(T101,T115))),T163),T80),T177)),(T90,((T176,(T108,T142)),T119)))),(((T72,T128),(((T35,T111),(T7,T22)),(T129,T31))),(((((((T190,T50),T138),(((T131,T139),T102),T2)),(T155,T122)),T171),T67),((T125,T154),T173)))),T0),((T140,(((T187,(T38,(T37,T192))),(T166,T181)),T182)),(((T70,T79),T194),(T43,T11)))),(((((((((((T151,T20),T59),T55),T174),((T105,T150),T172)),((T1,T107),(T124,(T114,T89)))),(((T10,T158),T117),T116)),((((T148,(T110,T106)),((T63,T64),T93)),(T87,T91)),T134)),(((T198,T152),(T130,T153)),T112)),(((((T132,(T179,T146)),(T29,T5)),(T92,T200)),T74),(T61,T188))),((((T144,T178),((T97,T86),T137)),((T3,T78),(T34,T197))),(T145,T48)))),((((T135,T36),((T52,T60),T83)),((T26,T77),T71)),((T58,(((T170,T183),T193),T94)),T103))),(((((T84,T109),((T44,T30),T27)),T133),T69),((T21,T54),T98))),T33),(T42,T147)),T17),T104);
#NNI moves:0/236
Remaining: 0
#NNI moves:23/236
#NNI moves:23/236
((((((((((((((((((((((T1,T107),(T124,(T114,T89))),((T172,(T150,T105)),(T174,(T55,(T59,(T20,T151)))))),(((T158,T10),T117),T116)),(((T87,T91),(((T110,T106),T148),(T93,(T63,T64)))),T134)),(T112,((T153,T130),(T198,T152)))),((T74,((T92,T200),(((T146,T179),T132),(T29,T5)))),(T188,T61))),((((T78,T3),(T197,T34)),((T144,T178),((T97,T86),T137))),(T145,T48))),(((((T36,T135),((T52,T60),T83)),((T26,T77),T71)),(((T94,((T183,T170),T193)),T58),T103)),((((T21,T54),T98),(((((T30,T44),T27),(T109,T84)),T133),T69)),(((T147,T42),(T17,T104)),T33)))),(((T11,T43),((T79,T70),T194)),(T140,(((T187,((T192,T37),T38)),(T166,T181)),T182)))),T0),(((((((((T131,T139),T102),T2),(T138,(T190,T50))),(T122,T155)),T171),T67),((T154,T125),T173)),((((T111,T35),(T7,T22)),(T31,T129)),(T128,T72)))),((T90,(T119,((T142,T108),T176))),((((((T168,T24),(T118,(T6,T199))),((T88,T149),T49)),((T95,T121),T196)),T47),(T177,(((T68,((T115,T101),T14)),T163),T80))))),((((T65,T96),(T167,T40)),T162),(((T189,T180),T41),(T141,T73)))),((((T51,(T113,T123)),(((T191,T195),(T13,T85)),(T18,T165))),((T15,T99),T56)),T75)),(((((T45,T66),(T136,T53)),(((T127,T19),T184),T9)),(((T81,(T143,T159)),(T16,(T12,T46))),(T156,((T126,T32),T100)))),(T175,(T23,T120)))),(((T76,T8),((T28,T169),T82)),(((T164,T57),T185),T160))),(T4,T39)),T186),(T62,T161)),T25),T157);
#NNI moves:0/236
Remaining: 0
#NNI moves:13/236
#NNI moves:13/236
(((((((((((((((((((T45,T66),(T53,T136)),(((T19,T127),T184),T9)),((((T126,T32),T100),T156),((T16,(T46,T12)),((T143,T159),T81)))),(T175,(T23,T120))),(((T39,T4),(((T157,T25),(T161,T62)),T186)),((((T57,T164),T185),T160),(((T169,T28),T82),(T76,T8))))),(((((T165,T18),((T13,T85),(T195,T191))),((T113,T123),T51)),((T99,T15),T56)),T75)),(((T141,T73),((T189,T180),T41)),(((T96,T65),(T40,T167)),T162))),(((((((T88,T149),T49),(((T199,T6),T118),(T168,T24))),((T95,T121),T196)),T47),((((T68,((T101,T115),T14)),T163),T80),T177)),((((T108,T142),T176),T119),T90))),(((((((T138,(T190,T50)),((T102,(T131,T139)),T2)),(T122,T155)),T171),T67),((T125,T154),T173)),((T128,T72),(((T22,T7),(T35,T111)),(T129,T31))))),T0),(((T11,T43),(T194,(T70,T79))),((((T187,(T38,(T37,T192))),(T166,T181)),T182),T140))),(((((((((T110,T106),T148),((T63,T64),T93)),(T87,T91)),T134),(((((T114,T89),T124),(T107,T1)),((T172,(T150,T105)),((((T151,T20),T59),T55),T174))),(((T10,T158),T117),T116))),(((T198,T152),(T130,T153)),T112)),((((T200,T92),(((T146,T179),T132),(T29,T5))),T74),(T61,T188))),((((T144,T178),((T97,T86),T137)),((T3,T78),(T197,T34))),(T48,T145)))),(((((T60,T52),T83),(T36,T135)),((T26,T77),T71)),((((T193,(T170,T183)),T94),T58),T103))),((T98,(T54,T21)),((T133,((T109,T84),(T27,(T30,T44)))),T69))),T33),(T147,T42)),T17),T104);
Current score: 2.25472e+10
Current tree: (((((((((((((((((((T45,T66),(T53,T136)),(((T19,T127),T184),T9)),((((T126,T32),T100),T156),((T16,(T46,T12)),((T143,T159),T81)))),(T175,(T23,T120))),(((T39,T4),(((T157,T25),(T161,T62)),T186)),((((T57,T164),T185),T160),(((T169,T28),T82),(T76,T8))))),(((((T165,T18),((T13,T85),(T195,T191))),((T113,T123),T51)),((T99,T15),T56)),T75)),(((T141,T73),((T189,T180),T41)),(((T96,T65),(T40,T167)),T162))),(((((((T88,T149),T49),(((T199,T6),T118),(T168,T24))),((T95,T121),T196)),T47),((((T68,((T101,T115),T14)),T163),T80),T177)),((((T108,T142),T176),T119),T90))),(((((((T138,(T190,T50)),((T102,(T131,T139)),T2)),(T122,T155)),T171),T67),((T125,T154),T173)),((T128,T72),(((T22,T7),(T35,T111)),(T129,T31))))),T0),(((T11,T43),(T194,(T70,T79))),((((T187,(T38,(T37,T192))),(T166,T181)),T182),T140))),(((((((((T110,T106),T148),((T63,T64),T93)),(T87,T91)),T134),(((((T114,T89),T124),(T107,T1)),((T172,(T150,T105)),((((T151,T20),T59),T55),T174))),(((T10,T158),T117),T116))),(((T198,T152),(T130,T153)),T112)),((((T200,T92),(((T146,T179),T132),(T29,T5))),T74),(T61,T188))),((((T144,T178),((T97,T86),T137)),((T3,T78),(T197,T34))),(T48,T145)))),(((((T60,T52),T83),(T36,T135)),((T26,T77),T71)),((((T193,(T170,T183)),T94),T58),T103))),((T98,(T54,T21)),((T133,((T109,T84),(T27,(T30,T44)))),T69))),T33),(T147,T42)),T104),T17);
Use two-step algorithm!
#NNI moves:3/236
Remaining: 0
#NNI moves:18/236
#NNI moves:18/236
(((((((((((((((((((((((T93,(T64,T63)),((T110,T106),T148)),(T87,T91)),T134),((((T174,(((T151,T20),T59),T55)),(T172,(T150,T105))),(((T114,T89),T124),(T1,T107))),((T117,(T10,T158)),T116))),(((T130,T153),(T152,T198)),T112)),((((T200,T92),(((T146,T179),T132),(T29,T5))),T74),(T61,T188))),((((T178,T144),((T86,T97),T137)),((T34,T197),(T78,T3))),(T145,T48))),((((((T52,T60),T83),(T36,T135)),(T71,(T26,T77))),((((T193,(T183,T170)),T94),T58),T103)),((((T147,T42),(T104,T17)),T33),(((((T84,T109),((T44,T30),T27)),T133),T69),((T54,T21),T98))))),(((((((T192,T37),T38),T187),(T181,T166)),T182),T140),((T194,(T70,T79)),(T43,T11)))),T0),(((((T7,T22),(T111,T35)),(T31,T129)),(T128,T72)),(((((T155,T122),(((T190,T50),T138),(((T131,T139),T102),T2))),T171),T67),((T125,T154),T173)))),((T90,(T119,((T142,T108),T176))),(((((((T6,T199),T118),(T24,T168)),((T149,T88),T49)),((T121,T95),T196)),T47),(T177,(T80,(T163,(((T115,T101),T14),T68))))))),(((T141,T73),((T180,T189),T41)),(((T65,T96),(T167,T40)),T162))),(((((T123,T113),T51),(((T191,T195),(T13,T85)),(T165,T18))),(T56,(T15,T99))),T75)),(((T39,T4),(((T157,T25),(T62,T161)),T186)),((T160,(T185,(T164,T57))),(((T169,T28),T82),(T76,T8))))),(T175,(T23,T120))),((((T143,T159),T81),((T46,T12),T16)),(((T32,T126),T100),T156))),((T136,T53),(T66,T45))),T9),T184),T19),T127);
#NNI moves:0/236
Remaining: 0
#NNI moves:4/236
#NNI moves:4/236
(((((((((((((((((((((T32,T126),T100),T156),(((T12,T46),T16),((T159,T143),T81))),((((T127,T19),T184),T9),((T53,T136),(T66,T45)))),((T23,T120),T175)),((((T8,T76),((T28,T169),T82)),(T160,((T164,T57),T185))),((T39,T4),(((T161,T62),(T157,T25)),T186)))),((((((T191,T195),(T13,T85)),(T18,T165)),((T123,T113),T51)),((T99,T15),T56)),T75)),((T162,((T65,T96),(T40,T167))),(((T189,T180),T41),(T141,T73)))),((((((((T101,T115),T14),T68),T163),T80),T177),((((((T6,T199),T118),(T168,T24)),(T49,(T149,T88))),(T196,(T95,T121))),T47)),((T119,(T176,(T142,T108))),T90))),(((T67,(((((T190,T50),T138),((T102,(T131,T139)),T2)),(T155,T122)),T171)),((T125,T154),T173)),((((T22,T7),(T35,T111)),(T31,T129)),(T128,T72)))),T0),(((((T181,T166),(((T192,T37),T38),T187)),T182),T140),((T43,T11),((T79,T70),T194)))),(((((((((((T151,T20),T59),T55),T174),((T150,T105),T172)),(((T114,T89),T124),(T107,T1))),(((T158,T10),T117),T116)),(((((T110,T106),T148),(T93,(T64,T63))),(T87,T91)),T134)),(((T152,T198),(T130,T153)),T112)),(((((T132,(T179,T146)),(T5,T29)),(T200,T92)),T74),(T61,T188))),((((T3,T78),(T197,T34)),(((T86,T97),T137),(T178,T144))),(T145,T48)))),((((T104,T17),(T42,T147)),T33),(((T54,T21),T98),(T69,(((T84,T109),((T30,T44),T27)),T133))))),(((T94,(T193,(T183,T170))),T58),T103)),(T71,(T77,T26))),(T135,T36)),T83),T60),T52);
#NNI moves:0/236
Remaining: 0
#NNI moves:0/236
#NNI moves:0/236
((((((((((((((((((((T127,T19),T184),T9),((T53,T136),(T45,T66))),((((T126,T32),T100),T156),((T81,(T143,T159)),((T46,T12),T16)))),(T175,(T23,T120))),((((T76,T8),(T82,(T169,T28))),(((T57,T164),T185),T160)),((T4,T39),(T186,((T25,T157),(T161,T62)))))),(((((T123,T113),T51),((T18,T165),((T13,T85),(T195,T191)))),((T99,T15),T56)),T75)),((((T40,T167),(T65,T96)),T162),((T141,T73),((T180,T189),T41)))),((((((((T199,T6),T118),(T168,T24)),((T149,T88),T49)),((T95,T121),T196)),T47),((((T68,(T14,(T101,T115))),T163),T80),T177)),(((T176,(T108,T142)),T119),T90))),(((T67,(((((T50,T190),T138),(T2,((T139,T131),T102))),(T122,T155)),T171)),((T125,T154),T173)),(((T129,T31),((T22,T7),(T111,T35))),(T128,T72)))),T0),(((((T181,T166),(((T37,T192),T38),T187)),T182),T140),(((T70,T79),T194),(T11,T43)))),(((((((T5,T29),((T146,T179),T132)),(T200,T92)),T74),(T188,T61)),(((((((T150,T105),T172),((T55,((T151,T20),T59)),T174)),((T124,(T89,T114)),(T1,T107))),(T116,(T117,(T158,T10)))),(((((T64,T63),T93),((T110,T106),T148)),(T87,T91)),T134)),(((T198,T152),(T130,T153)),T112))),((((T3,T78),(T34,T197)),((T137,(T86,T97)),(T178,T144))),(T48,T145)))),((((T36,T135),((T60,T52),T83)),((T77,T26),T71)),(((((T170,T183),T193),T94),T58),T103))),(((T21,T54),T98),(((((T44,T30),T27),(T109,T84)),T133),T69))),T33),(T17,T104)),T147),T42);
#NNI moves:3/236
Remaining: 0
#NNI moves:10/236
#NNI moves:10/236
(((((((((((((((((((((((T179,T146),T132),(T5,T29)),(T92,T200)),T74),(T61,T188)),(((((((T89,T114),T124),(T107,T1)),((T174,((T59,(T20,T151)),T55)),((T150,T105),T172))),(T116,(T117,(T158,T10)))),(((T91,T87),((T148,(T110,T106)),(T93,(T64,T63)))),T134)),(T112,((T130,T153),(T152,T198))))),((((T34,T197),(T3,T78)),((T178,T144),((T86,T97),T137))),(T48,T145))),((((((T52,T60),T83),(T135,T36)),(T71,(T77,T26))),(((T94,((T183,T170),T193)),T58),T103)),((((T21,T54),T98),((((T84,T109),(T27,(T44,T30))),T133),T69)),(T33,((T147,T42),(T17,T104)))))),((((((T38,(T192,T37)),T187),(T181,T166)),T182),T140),((T194,(T70,T79)),(T11,T43)))),T0),(((((((((T139,T131),T102),T2),((T50,T190),T138)),(T122,T155)),T171),T67),((T125,T154),T173)),(((T31,T129),((T35,T111),(T22,T7))),(T72,T128)))),(((T119,((T142,T108),T176)),T90),(((((((T199,T6),T118),(T168,T24)),((T149,T88),T49)),(T196,(T95,T121))),T47),(T177,(T80,(((T14,(T115,T101)),T68),T163)))))),((T162,((T40,T167),(T65,T96))),(((T180,T189),T41),(T73,T141)))),(T75,(((T15,T99),T56),((T51,(T113,T123)),(((T195,T191),(T13,T85)),(T165,T18)))))),(((((T157,T25),(T62,T161)),T186),(T4,T39)),(((T185,(T57,T164)),T160),((T8,T76),((T169,T28),T82))))),((T120,T23),T175)),((T156,((T32,T126),T100)),(((T12,T46),T16),((T159,T143),T81)))),((T66,T45),(T136,T53))),T9),T184),T19),T127);
Current score: 2.25472e+10
Current tree: ((T104,((T147,T42),(T33,((((T21,T54),T98),((((T84,T109),(T27,(T44,T30))),T133),T69)),((((((T52,T60),T83),(T135,T36)),(T71,(T77,T26))),(((T94,((T183,T170),T193)),T58),T103)),(((((((((T179,T146),T132),(T5,T29)),(T92,T200)),T74),(T61,T188)),(((((((T89,T114),T124),(T107,T1)),((T174,((T59,(T20,T151)),T55)),((T150,T105),T172))),(T116,(T117,(T158,T10)))),(((T91,T87),((T148,(T110,T106)),(T93,(T64,T63)))),T134)),(T112,((T130,T153),(T152,T198))))),((((T34,T197),(T3,T78)),((T178,T144),((T86,T97),T137))),(T48,T145))),(((((((T38,(T192,T37)),T187),(T181,T166)),T182),T140),((T194,(T70,T79)),(T11,T43))),(T0,((((((((((T139,T131),T102),T2),((T50,T190),T138)),(T122,T155)),T171),T67),((T125,T154),T173)),(((T31,T129),((T35,T111),(T22,T7))),(T72,T128))),((((T119,((T142,T108),T176)),T90),(((((((T199,T6),T118),(T168,T24)),((T149,T88),T49)),(T196,(T95,T121))),T47),(T177,(T80,(((T14,(T115,T101)),T68),T163))))),(((T162,((T40,T167),(T65,T96))),(((T180,T189),T41),(T73,T141))),((T75,(((T15,T99),T56),((T51,(T113,T123)),(((T195,T191),(T13,T85)),(T165,T18))))),((((((T157,T25),(T62,T161)),T186),(T4,T39)),(((T185,(T57,T164)),T160),((T8,T76),((T169,T28),T82)))),(((T120,T23),T175),(((T156,((T32,T126),T100)),(((T12,T46),T16),((T159,T143),T81))),(((T66,T45),(T136,T53)),(T9,(T184,(T19,T127))))))))))))))))))),T17);
Final Tree: ((T104,((T147,T42),(T33,((((T21,T54),T98),((((T84,T109),(T27,(T44,T30))),T133),T69)),((((((T52,T60),T83),(T135,T36)),(T71,(T77,T26))),(((T94,((T183,T170),T193)),T58),T103)),(((((((((T179,T146),T132),(T5,T29)),(T92,T200)),T74),(T61,T188)),(((((((T89,T114),T124),(T107,T1)),((T174,((T59,(T20,T151)),T55)),((T150,T105),T172))),(T116,(T117,(T158,T10)))),(((T91,T87),((T148,(T110,T106)),(T93,(T64,T63)))),T134)),(T112,((T130,T153),(T152,T198))))),((((T34,T197),(T3,T78)),((T178,T144),((T86,T97),T137))),(T48,T145))),(((((((T38,(T192,T37)),T187),(T181,T166)),T182),T140),((T194,(T70,T79)),(T11,T43))),(T0,((((((((((T139,T131),T102),T2),((T50,T190),T138)),(T122,T155)),T171),T67),((T125,T154),T173)),(((T31,T129),((T35,T111),(T22,T7))),(T72,T128))),((((T119,((T142,T108),T176)),T90),(((((((T199,T6),T118),(T168,T24)),((T149,T88),T49)),(T196,(T95,T121))),T47),(T177,(T80,(((T14,(T115,T101)),T68),T163))))),(((T162,((T40,T167),(T65,T96))),(((T180,T189),T41),(T73,T141))),((T75,(((T15,T99),T56),((T51,(T113,T123)),(((T195,T191),(T13,T85)),(T165,T18))))),((((((T157,T25),(T62,T161)),T186),(T4,T39)),(((T185,(T57,T164)),T160),((T8,T76),((T169,T28),T82)))),(((T120,T23),T175),(((T156,((T32,T126),T100)),(((T12,T46),T16),((T159,T143),T81))),(((T66,T45),(T136,T53)),(T9,(T184,(T19,T127))))))))))))))))))),T17);
Score: 2.254715381e+10

real	2m17.276s
user	50m35.840s
sys	0m21.778s
