Accurate Species Tree EstimatoR from Independent Site Kernals
Version: v1.13.0.0
#Base: 923549172
#Species: 201
#Rounds: 1
#Samples: 0
#Threads: 64
Use two-step algorithm!
Guide Tree 0/27
#NNI moves:0/236
Guide Tree 1/27
#NNI moves:0/236
Guide Tree 2/27
#NNI moves:0/236
Guide Tree 3/27
#NNI moves:0/236
Guide Tree 4/27
#NNI moves:1/236
Guide Tree 5/27
#NNI moves:0/236
Guide Tree 6/27
#NNI moves:0/236
Guide Tree 7/27
#NNI moves:0/236
Guide Tree 8/27
#NNI moves:0/236
Guide Tree 9/27
#NNI moves:0/236
Guide Tree 10/27
#NNI moves:0/236
Guide Tree 11/27
#NNI moves:0/236
Guide Tree 12/27
#NNI moves:0/236
Guide Tree 13/27
#NNI moves:0/236
Guide Tree 14/27
#NNI moves:0/236
Guide Tree 15/27
#NNI moves:0/236
Guide Tree 16/27
#NNI moves:0/236
Guide Tree 17/27
#NNI moves:0/236
Guide Tree 18/27
#NNI moves:1/236
Guide Tree 19/27
#NNI moves:0/236
Guide Tree 20/27
#NNI moves:0/236
Guide Tree 21/27
#NNI moves:1/236
Guide Tree 22/27
#NNI moves:0/236
Guide Tree 23/27
#NNI moves:0/236
Guide Tree 24/27
#NNI moves:0/236
Guide Tree 25/27
#NNI moves:0/236
Guide Tree 26/27
#NNI moves:0/236
Remaining: 0
#NNI moves:0/236
#NNI moves:0/236
((((((((((((((((((((T16,(T46,T12)),((T143,T159),T81)),(((T32,T126),T100),T156)),((T9,(T184,(T127,T19))),((T66,T45),(T136,T53)))),((T23,T120),T175)),((((T82,(T169,T28)),(T8,T76)),(T160,((T57,T164),T185))),((((T62,T161),(T157,T25)),T186),(T4,T39)))),((((((T191,T195),(T13,T85)),(T165,T18)),((T113,T123),T51)),(T56,(T15,T99))),T75)),((((T40,T167),(T96,T65)),T162),((T41,(T180,T189)),(T141,T73)))),(((T80,(T163,(((T101,T115),T14),T68))),T177),((((((T6,T199),T118),(T24,T168)),((T149,T88),T49)),((T121,T95),T196)),T47))),((((T108,T142),T176),T119),T90)),((((((T155,T122),(((T102,(T139,T131)),T2),((T190,T50),T138))),T171),T67),(T173,(T154,T125))),((((T35,T111),(T22,T7)),(T31,T129)),(T128,T72)))),T0),(((((((((T106,T110),T148),((T64,T63),T93)),(T91,T87)),T134),(((((((T20,T59),T151),T55),T174),((T150,T105),T172)),((T124,(T114,T89)),(T1,T107))),(((T158,T10),T117),T116))),(((T130,T153),(T152,T198)),T112)),((((T200,T92),(((T179,T146),T132),(T5,T29))),T74),(T188,T61))),((((T34,T197),(T78,T3)),(((T97,T86),T137),(T178,T144))),(T145,T48)))),(((((((T192,T37),T38),T187),(T181,T166)),T182),T140),((T194,(T70,T79)),(T11,T43)))),(((T58,(((T170,T183),T193),T94)),T103),(((T83,(T60,T52)),(T135,T36)),((T77,T26),T71)))),((T98,(T54,T21)),((((T84,T109),(T27,(T30,T44))),T133),T69))),T33),(T147,T42)),T104),T17);
Initial score: 2.83795e+14
Initial tree: ((((((((((((((((((((T16,(T46,T12)),((T143,T159),T81)),(((T32,T126),T100),T156)),((T9,(T184,(T127,T19))),((T66,T45),(T136,T53)))),((T23,T120),T175)),((((T82,(T169,T28)),(T8,T76)),(T160,((T57,T164),T185))),((((T62,T161),(T157,T25)),T186),(T4,T39)))),((((((T191,T195),(T13,T85)),(T165,T18)),((T113,T123),T51)),(T56,(T15,T99))),T75)),((((T40,T167),(T96,T65)),T162),((T41,(T180,T189)),(T141,T73)))),(((T80,(T163,(((T101,T115),T14),T68))),T177),((((((T6,T199),T118),(T24,T168)),((T149,T88),T49)),((T121,T95),T196)),T47))),((((T108,T142),T176),T119),T90)),((((((T155,T122),(((T102,(T139,T131)),T2),((T190,T50),T138))),T171),T67),(T173,(T154,T125))),((((T35,T111),(T22,T7)),(T31,T129)),(T128,T72)))),T0),(((((((((T106,T110),T148),((T64,T63),T93)),(T91,T87)),T134),(((((((T20,T59),T151),T55),T174),((T150,T105),T172)),((T124,(T114,T89)),(T1,T107))),(((T158,T10),T117),T116))),(((T130,T153),(T152,T198)),T112)),((((T200,T92),(((T179,T146),T132),(T5,T29))),T74),(T188,T61))),((((T34,T197),(T78,T3)),(((T97,T86),T137),(T178,T144))),(T145,T48)))),(((((((T192,T37),T38),T187),(T181,T166)),T182),T140),((T194,(T70,T79)),(T11,T43)))),(((T58,(((T170,T183),T193),T94)),T103),(((T83,(T60,T52)),(T135,T36)),((T77,T26),T71)))),((T98,(T54,T21)),((((T84,T109),(T27,(T30,T44))),T133),T69))),T33),(T147,T42)),T104),T17);
*** Subsample Process ***
Current score: 2.83795e+14
Current tree: ((((((((((((((((((((T16,(T46,T12)),((T143,T159),T81)),(((T32,T126),T100),T156)),((T9,(T184,(T127,T19))),((T66,T45),(T136,T53)))),((T23,T120),T175)),((((T82,(T169,T28)),(T8,T76)),(T160,((T57,T164),T185))),((((T62,T161),(T157,T25)),T186),(T4,T39)))),((((((T191,T195),(T13,T85)),(T165,T18)),((T113,T123),T51)),(T56,(T15,T99))),T75)),((((T40,T167),(T96,T65)),T162),((T41,(T180,T189)),(T141,T73)))),(((T80,(T163,(((T101,T115),T14),T68))),T177),((((((T6,T199),T118),(T24,T168)),((T149,T88),T49)),((T121,T95),T196)),T47))),((((T108,T142),T176),T119),T90)),((((((T155,T122),(((T102,(T139,T131)),T2),((T190,T50),T138))),T171),T67),(T173,(T154,T125))),((((T35,T111),(T22,T7)),(T31,T129)),(T128,T72)))),T0),(((((((((T106,T110),T148),((T64,T63),T93)),(T91,T87)),T134),(((((((T20,T59),T151),T55),T174),((T150,T105),T172)),((T124,(T114,T89)),(T1,T107))),(((T158,T10),T117),T116))),(((T130,T153),(T152,T198)),T112)),((((T200,T92),(((T179,T146),T132),(T5,T29))),T74),(T188,T61))),((((T34,T197),(T78,T3)),(((T97,T86),T137),(T178,T144))),(T145,T48)))),(((((((T192,T37),T38),T187),(T181,T166)),T182),T140),((T194,(T70,T79)),(T11,T43)))),(((T58,(((T170,T183),T193),T94)),T103),(((T83,(T60,T52)),(T135,T36)),((T77,T26),T71)))),((T98,(T54,T21)),((((T84,T109),(T27,(T30,T44))),T133),T69))),T33),(T147,T42)),T104),T17);
Final Tree: ((((((((((((((((((((T16,(T46,T12)),((T143,T159),T81)),(((T32,T126),T100),T156)),((T9,(T184,(T127,T19))),((T66,T45),(T136,T53)))),((T23,T120),T175)),((((T82,(T169,T28)),(T8,T76)),(T160,((T57,T164),T185))),((((T62,T161),(T157,T25)),T186),(T4,T39)))),((((((T191,T195),(T13,T85)),(T165,T18)),((T113,T123),T51)),(T56,(T15,T99))),T75)),((((T40,T167),(T96,T65)),T162),((T41,(T180,T189)),(T141,T73)))),(((T80,(T163,(((T101,T115),T14),T68))),T177),((((((T6,T199),T118),(T24,T168)),((T149,T88),T49)),((T121,T95),T196)),T47))),((((T108,T142),T176),T119),T90)),((((((T155,T122),(((T102,(T139,T131)),T2),((T190,T50),T138))),T171),T67),(T173,(T154,T125))),((((T35,T111),(T22,T7)),(T31,T129)),(T128,T72)))),T0),(((((((((T106,T110),T148),((T64,T63),T93)),(T91,T87)),T134),(((((((T20,T59),T151),T55),T174),((T150,T105),T172)),((T124,(T114,T89)),(T1,T107))),(((T158,T10),T117),T116))),(((T130,T153),(T152,T198)),T112)),((((T200,T92),(((T179,T146),T132),(T5,T29))),T74),(T188,T61))),((((T34,T197),(T78,T3)),(((T97,T86),T137),(T178,T144))),(T145,T48)))),(((((((T192,T37),T38),T187),(T181,T166)),T182),T140),((T194,(T70,T79)),(T11,T43)))),(((T58,(((T170,T183),T193),T94)),T103),(((T83,(T60,T52)),(T135,T36)),((T77,T26),T71)))),((T98,(T54,T21)),((((T84,T109),(T27,(T30,T44))),T133),T69))),T33),(T147,T42)),T104),T17);
Score: 2.83795e+14

real	8m38.514s
user	422m17.167s
sys	0m25.588s
