
RAxML-NG v. 1.1.0-master released on 04.08.2022 by The Exelixis Lab.
Developed by: Alexey M. Kozlov and Alexandros Stamatakis.
Contributors: Diego Darriba, Tomas Flouri, Benoit Morel, Sarah Lutteropp, Ben Bettisworth.
Latest version: https://github.com/amkozlov/raxml-ng
Questions/problems/suggestions? Please visit: https://groups.google.com/forum/#!forum/raxml

System: AMD EPYC 7742 64-Core Processor, 128 cores, 251 GB RAM

RAxML-NG was called at 02-Jan-2023 11:00:49 as follows:

/home/chaos/programs/raxml-ng/raxml-ng/bin/raxml-ng --msa data/alignment/23_0.1X_S201_0_haploid --tree pars{1} --model GTR+G --threads 64

Analysis options:
  run mode: ML tree search
  start tree(s): parsimony (1)
  random seed: 1672686049
  tip-inner: OFF
  pattern compression: ON
  per-rate scalers: OFF
  site repeats: ON
  fast spr radius: AUTO
  spr subtree cutoff: 1.000000
  branch lengths: proportional (ML estimate, algorithm: NR-FAST)
  SIMD kernels: AVX2
  parallelization: coarse-grained (auto), PTHREADS (64 threads), thread pinning: OFF

[00:00:00] Reading alignment from file: data/alignment/23_0.1X_S201_0_haploid
[00:00:02] Loaded alignment with 201 taxa and 5000000 sites

Alignment comprises 1 partitions and 392409 patterns

Partition 0: noname
Model: GTR+FO+G4m
Alignment sites / patterns: 5000000 / 392409
Gaps: 0.00 %
Invariant sites: 65.92 %


NOTE: Binary MSA file created: data/alignment/23_0.1X_S201_0_haploid.raxml.rba

Parallelization scheme autoconfig: 1 worker(s) x 64 thread(s)

Parallel reduction/worker buffer size: 1 KB  / 0 KB

[00:00:20] Generating 1 parsimony starting tree(s) with 201 taxa
[00:00:27] Data distribution: max. partitions/sites/weight per thread: 1 / 6132 / 98112
[00:00:27] Data distribution: max. searches per worker: 1

Starting ML tree search with 1 distinct starting trees

[00:00:28 -54229862.365060] Initial branch length optimization
[00:00:30 -27401881.210221] Model parameter optimization (eps = 10.000000)
[00:00:38 -26625852.730179] AUTODETECT spr round 1 (radius: 5)
[00:00:53 -26625497.916226] AUTODETECT spr round 2 (radius: 10)
[00:01:35 -26625497.916226] SPR radius for FAST iterations: 5 (autodetect)
[00:01:35 -26625497.916226] Model parameter optimization (eps = 3.000000)
[00:01:36 -26625497.848225] FAST spr round 1 (radius: 5)
[00:01:51 -26625481.794179] FAST spr round 2 (radius: 5)
[00:02:08 -26625481.794179] Model parameter optimization (eps = 1.000000)
[00:02:08 -26625481.736504] SLOW spr round 1 (radius: 5)
[00:03:02 -26625481.736504] SLOW spr round 2 (radius: 10)
[00:04:01 -26625481.736504] SLOW spr round 3 (radius: 15)
[00:05:58 -26625481.736504] SLOW spr round 4 (radius: 20)
[00:07:23 -26625481.736504] SLOW spr round 5 (radius: 25)
[00:07:41 -26625481.736504] Model parameter optimization (eps = 0.100000)

[00:07:42] ML tree search #1, logLikelihood: -26625481.730183


Optimized model parameters:

   Partition 0: noname
   Rate heterogeneity: GAMMA (4 cats, mean),  alpha: 1.074577 (ML),  weights&rates: (0.250000,0.151589) (0.250000,0.498074) (0.250000,1.011336) (0.250000,2.339001) 
   Base frequencies (ML): 0.308194 0.261358 0.201827 0.228622 
   Substitution rates (ML): 1.607356 4.497960 0.710982 0.810816 5.025239 1.000000 


Final LogLikelihood: -26625481.730183

AIC score: 53251779.460366 / AICc score: 53251779.527121 / BIC score: 53257256.839342
Free parameters (model + branch lengths): 408

Best ML tree saved to: /expanse/lustre/projects/uot138/chaos/ASTERISK-sim/data/alignment/23_0.1X_S201_0_haploid.raxml.bestTree
Optimized model saved to: /expanse/lustre/projects/uot138/chaos/ASTERISK-sim/data/alignment/23_0.1X_S201_0_haploid.raxml.bestModel

Execution log saved to: /expanse/lustre/projects/uot138/chaos/ASTERISK-sim/data/alignment/23_0.1X_S201_0_haploid.raxml.log

Analysis started: 02-Jan-2023 11:00:49 / finished: 02-Jan-2023 11:08:31

Elapsed time: 462.229 seconds

Consumed energy: 58.382 Wh

