Weighted ASTRAL - Hybrid
Version: v1.13.2.3
#Genetrees: 2000
#Species: 201
#Rounds: 4
#Samples: 4
#Threads: 32
Use two-step algorithm!
Guide Tree 0/27
#NNI moves:1/236
Guide Tree 1/27
#NNI moves:0/236
Guide Tree 2/27
#NNI moves:0/236
Guide Tree 3/27
#NNI moves:0/236
Guide Tree 4/27
#NNI moves:1/236
Guide Tree 5/27
#NNI moves:0/236
Guide Tree 6/27
#NNI moves:0/236
Guide Tree 7/27
#NNI moves:0/236
Guide Tree 8/27
#NNI moves:0/236
Guide Tree 9/27
#NNI moves:0/236
Guide Tree 10/27
#NNI moves:0/236
Guide Tree 11/27
#NNI moves:0/236
Guide Tree 12/27
#NNI moves:0/236
Guide Tree 13/27
#NNI moves:0/236
Guide Tree 14/27
#NNI moves:1/236
Guide Tree 15/27
#NNI moves:3/236
Guide Tree 16/27
#NNI moves:0/236
Guide Tree 17/27
#NNI moves:0/236
Guide Tree 18/27
#NNI moves:0/236
Guide Tree 19/27
#NNI moves:0/236
Guide Tree 20/27
#NNI moves:0/236
Guide Tree 21/27
#NNI moves:1/236
Guide Tree 22/27
#NNI moves:0/236
Guide Tree 23/27
#NNI moves:0/236
Guide Tree 24/27
#NNI moves:2/236
Guide Tree 25/27
#NNI moves:0/236
Guide Tree 26/27
#NNI moves:2/236
Remaining: 0
#NNI moves:7/236
#NNI moves:7/236
((((((((((((((T22,(T60,T106)),T100),((((T160,T25),(T76,(T185,T187))),(T118,T149)),(((((T63,(T38,T5)),((T15,T191),T9)),((T65,T181),T159)),T171),(T153,(T85,T200))))),((T110,T71),((((((T151,T44),((T30,T131),T107)),T169),T138),(T178,T98)),(T61,T109)))),((T56,T144),((T166,(T8,T88)),(((T12,T59),T3),(T102,T199))))),((((T130,T139),((T36,T17),T198)),T116),(T197,T108))),(((((T89,((T173,T66),T1)),T11),(T31,T167)),((((((T155,T150),T154),((T163,T57),(T14,T165))),((T72,T82),(T18,T64))),((T24,T123),T115)),(T184,(T50,T177)))),((T125,(T52,T10)),((T124,T158),T122)))),(((((((((T195,T81),T75),T180),T91),(T128,T39)),T175),((T34,(T20,T157)),T119)),((T148,T13),T161)),(((((T67,((T172,T103),T188)),((T147,((T58,(T53,T6)),T112)),((T114,T84),(((T101,T77),T69),T29)))),T137),(((((T183,T111),T193),T133),T113),(T86,T129))),((T135,T70),(T83,T121))))),T0),(((((((T48,T45),(((T176,T35),T104),(T127,T16))),T32),T94),(((T179,T68),(T182,(T37,T126))),T164)),(((((((T99,(T146,T27)),T33),T196),T46),((T23,T80),(T26,T156))),((((T96,T40),T74),(T21,T141)),(((T90,T54),T79),T28))),(((T168,T134),(T2,T186)),(T162,T174)))),((((((T194,T47),T120),T51),T78),(T189,T95)),(T42,T136)))),(((T92,T41),T190),T145)),T43),(((T49,(((T192,T132),T97),T73)),(T105,T55)),((T62,T140),((T93,(((((T117,T4),T142),T87),T152),T170)),(T143,T7))))),T19);
Guide Tree 0/27
#NNI moves:0/236
Guide Tree 1/27
#NNI moves:0/236
Guide Tree 2/27
#NNI moves:0/236
Guide Tree 3/27
#NNI moves:0/236
Guide Tree 4/27
#NNI moves:1/236
Guide Tree 5/27
#NNI moves:0/236
Guide Tree 6/27
#NNI moves:0/236
Guide Tree 7/27
#NNI moves:0/236
Guide Tree 8/27
#NNI moves:0/236
Guide Tree 9/27
#NNI moves:1/236
Guide Tree 10/27
#NNI moves:0/236
Guide Tree 11/27
#NNI moves:1/236
Guide Tree 12/27
#NNI moves:1/236
Guide Tree 13/27
#NNI moves:1/236
Guide Tree 14/27
#NNI moves:3/236
Guide Tree 15/27
#NNI moves:0/236
Guide Tree 16/27
#NNI moves:0/236
Guide Tree 17/27
#NNI moves:1/236
Guide Tree 18/27
#NNI moves:1/236
Guide Tree 19/27
#NNI moves:0/236
Guide Tree 20/27
#NNI moves:1/236
Guide Tree 21/27
#NNI moves:0/236
Guide Tree 22/27
#NNI moves:0/236
Guide Tree 23/27
#NNI moves:1/236
Guide Tree 24/27
#NNI moves:0/236
Guide Tree 25/27
#NNI moves:2/236
Guide Tree 26/27
#NNI moves:4/236
Remaining: 0
#NNI moves:4/236
#NNI moves:4/236
((((((T93,(T170,(T152,(((T4,T117),T142),T87)))),(T7,T143)),(T62,T140)),((T49,(((T132,T192),T97),T73)),(T105,T55))),(((((((((((((((T159,(T65,T181)),((T63,(T38,T5)),(T9,(T191,T15)))),T171),((T200,T85),T153)),(((T160,T25),((T187,T185),T76)),(T118,T149))),((T22,(T106,T60)),T100)),((T110,T71),((((T169,((T151,T44),((T30,T131),T107))),T138),(T98,T178)),(T109,T61)))),((((T3,(T12,T59)),(T102,T199)),((T88,T8),T166)),(T56,T144))),((((T130,T139),(T198,(T36,T17))),T116),(T197,T108))),(((((T89,((T173,T66),T1)),T11),(T31,T167)),(((T177,T50),T184),(((((T57,T163),(T165,T14)),((T155,T150),T154)),((T82,T72),(T64,T18))),(T115,(T24,T123))))),(((T124,T158),T122),((T10,T52),T125)))),((((((((T111,T183),T193),T133),T113),(T86,T129)),(((((((T101,T77),T69),T29),(T114,T84)),((((T53,T6),T58),T112),T147)),(T67,((T172,T103),T188))),T137)),((T83,T121),(T135,T70))),((((((T180,(T75,(T81,T195))),T91),(T39,T128)),T175),(((T20,T157),T34),T119)),((T13,T148),T161)))),T0),(((((((T37,T126),T182),(T179,T68)),T164),((((((T35,T176),T104),(T127,T16)),(T48,T45)),T32),T94)),(((((((T99,(T27,T146)),T33),T196),T46),((T23,T80),(T26,T156))),(((T79,(T54,T90)),T28),((T74,(T96,T40)),(T141,T21)))),(((T2,T186),(T168,T134)),(T162,T174)))),(((T78,((T120,(T194,T47)),T51)),(T95,T189)),(T42,T136)))),(((T41,T92),T190),T145)),T43)),T19);
Guide Tree 0/27
#NNI moves:0/236
Guide Tree 1/27
#NNI moves:0/236
Guide Tree 2/27
#NNI moves:0/236
Guide Tree 3/27
#NNI moves:3/236
Guide Tree 4/27
#NNI moves:3/236
Guide Tree 5/27
#NNI moves:0/236
Guide Tree 6/27
#NNI moves:0/236
Guide Tree 7/27
#NNI moves:3/236
Guide Tree 8/27
#NNI moves:0/236
Guide Tree 9/27
#NNI moves:0/236
Guide Tree 10/27
#NNI moves:3/236
Guide Tree 11/27
#NNI moves:3/236
Guide Tree 12/27
#NNI moves:3/236
Guide Tree 13/27
#NNI moves:1/236
Guide Tree 14/27
#NNI moves:3/236
Guide Tree 15/27
#NNI moves:0/236
Guide Tree 16/27
#NNI moves:4/236
Guide Tree 17/27
#NNI moves:4/236
Guide Tree 18/27
#NNI moves:1/236
Guide Tree 19/27
#NNI moves:3/236
Guide Tree 20/27
#NNI moves:0/236
Guide Tree 21/27
#NNI moves:0/236
Guide Tree 22/27
#NNI moves:0/236
Guide Tree 23/27
#NNI moves:3/236
Guide Tree 24/27
#NNI moves:3/236
Guide Tree 25/27
#NNI moves:1/236
Guide Tree 26/27
#NNI moves:0/236
Remaining: 0
#NNI moves:0/236
#NNI moves:0/236
(((((T105,T55),((((T132,T192),T97),T73),T49)),((((T170,((((T4,T117),T142),T87),T152)),T93),(T7,T143)),(T140,T62))),((((((((((((((T76,(T185,T187)),(T25,T160)),(T149,T118)),(((((T181,T65),T159),((T63,(T5,T38)),((T191,T15),T9))),T171),(T153,(T85,T200)))),(T100,((T60,T106),T22))),((T71,T110),(((T98,T178),(T138,((((T30,T131),T107),(T151,T44)),T169))),(T109,T61)))),((T144,T56),(((T8,T88),T166),((T102,T199),(T3,(T59,T12)))))),((((T130,T139),((T36,T17),T198)),T116),(T197,T108))),((((T11,(((T66,T173),T1),T89)),(T167,T31)),((((((T14,T165),(T57,T163)),((T155,T150),T154)),((T18,T64),(T82,T72))),(T115,(T123,T24))),((T177,T50),T184))),(((T52,T10),T125),((T158,T124),T122)))),((((((((((T6,T53),T58),T112),T147),((T114,T84),(((T101,T77),T69),T29))),(T67,((T103,T172),T188))),T137),(((T133,(T193,(T183,T111))),T113),(T86,T129))),((T121,T83),(T135,T70))),(((T175,((((T75,(T81,T195)),T180),T91),(T128,T39))),(((T20,T157),T34),T119)),(T161,(T148,T13))))),T0),(((((((T48,T45),((T104,(T176,T35)),(T16,T127))),T32),T94),((((T126,T37),T182),(T179,T68)),T164)),((((((((T146,T27),T99),T33),T196),T46),((T80,T23),(T26,T156))),((T28,(T79,(T54,T90))),(((T96,T40),T74),(T21,T141)))),((T162,T174),((T2,T186),(T168,T134))))),(((T95,T189),((((T47,T194),T120),T51),T78)),(T136,T42)))),(((T92,T41),T190),T145)),T43)),T19);
Guide Tree 0/27
#NNI moves:0/236
Guide Tree 1/27
#NNI moves:2/236
Guide Tree 2/27
#NNI moves:0/236
Guide Tree 3/27
#NNI moves:0/236
Guide Tree 4/27
#NNI moves:0/236
Guide Tree 5/27
#NNI moves:0/236
Guide Tree 6/27
#NNI moves:1/236
Guide Tree 7/27
#NNI moves:1/236
Guide Tree 8/27
#NNI moves:0/236
Guide Tree 9/27
#NNI moves:0/236
Guide Tree 10/27
#NNI moves:0/236
Guide Tree 11/27
#NNI moves:0/236
Guide Tree 12/27
#NNI moves:0/236
Guide Tree 13/27
#NNI moves:2/236
Guide Tree 14/27
#NNI moves:1/236
Guide Tree 15/27
#NNI moves:1/236
Guide Tree 16/27
#NNI moves:0/236
Guide Tree 17/27
#NNI moves:5/236
Guide Tree 18/27
#NNI moves:0/236
Guide Tree 19/27
#NNI moves:1/236
Guide Tree 20/27
#NNI moves:0/236
Guide Tree 21/27
#NNI moves:0/236
Guide Tree 22/27
#NNI moves:0/236
Guide Tree 23/27
#NNI moves:0/236
Guide Tree 24/27
#NNI moves:1/236
Guide Tree 25/27
#NNI moves:0/236
Guide Tree 26/27
#NNI moves:0/236
Remaining: 0
#NNI moves:0/236
#NNI moves:0/236
((((((((((T142,(T4,T117)),T87),T152),T170),T93),(T7,T143)),(T62,T140)),((T49,((T97,(T132,T192)),T73)),(T105,T55))),(((((((((((((T72,T82),(T64,T18)),(((T155,T150),T154),((T165,T14),(T163,T57)))),((T123,T24),T115)),(T184,(T50,T177))),(((((T66,T173),T1),T89),T11),(T167,T31))),((T125,(T10,T52)),((T158,T124),T122))),(((((((T153,(T85,T200)),(((T159,(T65,T181)),(((T15,T191),T9),((T5,T38),T63))),T171)),(((T160,T25),((T187,T185),T76)),(T118,T149))),((T22,(T106,T60)),T100)),(((((T169,((T107,(T131,T30)),(T44,T151))),T138),(T178,T98)),(T109,T61)),(T71,T110))),(((((T59,T12),T3),(T199,T102)),((T8,T88),T166)),(T144,T56))),((T108,T197),(((T198,(T36,T17)),(T130,T139)),T116)))),((((T148,T13),T161),((((T128,T39),(T91,((T75,(T81,T195)),T180))),T175),(((T20,T157),T34),T119))),(((((((((T6,T53),T58),T112),T147),((T84,T114),(T29,((T101,T77),T69)))),(T67,((T172,T103),T188))),T137),((T113,((T193,(T183,T111)),T133)),(T129,T86))),((T121,T83),(T70,T135))))),T0),(((((((T80,T23),(T26,T156)),(((((T146,T27),T99),T33),T196),T46)),(((T79,(T90,T54)),T28),((T21,T141),((T96,T40),T74)))),(((T186,T2),(T168,T134)),(T174,T162))),(((((T45,T48),((T104,(T176,T35)),(T16,T127))),T32),T94),(((T182,(T37,T126)),(T179,T68)),T164))),((((T51,((T194,T47),T120)),T78),(T95,T189)),(T136,T42)))),(T145,(T190,(T92,T41)))),T43)),T19);
Initial score: 3.31059e+10
Initial tree: ((((((((((T142,(T4,T117)),T87),T152),T170),T93),(T7,T143)),(T62,T140)),((T49,((T97,(T132,T192)),T73)),(T105,T55))),(((((((((((((T72,T82),(T64,T18)),(((T155,T150),T154),((T165,T14),(T163,T57)))),((T123,T24),T115)),(T184,(T50,T177))),(((((T66,T173),T1),T89),T11),(T167,T31))),((T125,(T10,T52)),((T158,T124),T122))),(((((((T153,(T85,T200)),(((T159,(T65,T181)),(((T15,T191),T9),((T5,T38),T63))),T171)),(((T160,T25),((T187,T185),T76)),(T118,T149))),((T22,(T106,T60)),T100)),(((((T169,((T107,(T131,T30)),(T44,T151))),T138),(T178,T98)),(T109,T61)),(T71,T110))),(((((T59,T12),T3),(T199,T102)),((T8,T88),T166)),(T144,T56))),((T108,T197),(((T198,(T36,T17)),(T130,T139)),T116)))),((((T148,T13),T161),((((T128,T39),(T91,((T75,(T81,T195)),T180))),T175),(((T20,T157),T34),T119))),(((((((((T6,T53),T58),T112),T147),((T84,T114),(T29,((T101,T77),T69)))),(T67,((T172,T103),T188))),T137),((T113,((T193,(T183,T111)),T133)),(T129,T86))),((T121,T83),(T70,T135))))),T0),(((((((T80,T23),(T26,T156)),(((((T146,T27),T99),T33),T196),T46)),(((T79,(T90,T54)),T28),((T21,T141),((T96,T40),T74)))),(((T186,T2),(T168,T134)),(T174,T162))),(((((T45,T48),((T104,(T176,T35)),(T16,T127))),T32),T94),(((T182,(T37,T126)),(T179,T68)),T164))),((((T51,((T194,T47),T120)),T78),(T95,T189)),(T136,T42)))),(T145,(T190,(T92,T41)))),T43)),T19);
*** Subsample Process ***
Use two-step algorithm!
#NNI moves:0/236
Remaining: 0
#NNI moves:3/236
#NNI moves:3/236
(((((((((((((((((((T200,T85),T153),(((((T15,T191),T9),(T63,(T38,T5))),((T65,T181),T159)),T171)),((((T187,T185),T76),(T160,T25)),(T118,T149))),(T100,(T22,(T106,T60)))),((((T98,T178),((T169,(((T131,T30),T107),(T151,T44))),T138)),(T109,T61)),(T110,T71))),(((((T59,T12),T3),(T199,T102)),((T8,T88),T166)),(T56,T144))),((T197,T108),(((T139,T130),((T36,T17),T198)),T116))),((((((((T163,T57),(T165,T14)),(T154,(T155,T150))),((T64,T18),(T72,T82))),((T123,T24),T115)),(T184,(T177,T50))),((T167,T31),(T11,((T1,(T66,T173)),T89)))),(((T124,T158),T122),((T10,T52),T125)))),((((((T91,(T180,(T75,(T195,T81)))),(T128,T39)),T175),(((T20,T157),T34),T119)),((T13,T148),T161)),(((((((((T101,T77),T69),T29),(T84,T114)),(((T58,(T53,T6)),T112),T147)),(((T172,T103),T188),T67)),T137),((T113,(((T183,T111),T193),T133)),(T129,T86))),((T135,T70),(T83,T121))))),T0),(((((((T45,T48),(((T176,T35),T104),(T127,T16))),T32),T94),((((T37,T126),T182),(T179,T68)),T164)),(((T174,T162),((T2,T186),(T134,T168))),((((T156,T26),(T80,T23)),(((T33,((T146,T27),T99)),T196),T46)),(((T79,(T90,T54)),T28),(((T40,T96),T74),(T141,T21)))))),(((T78,(T51,((T47,T194),T120))),(T95,T189)),(T136,T42)))),(((T92,T41),T190),T145)),T43),T19),(((((T132,T192),T97),T73),T49),(T105,T55))),((((T152,(T87,(T142,(T4,T117)))),T170),T93),(T7,T143))),T140),T62);
#NNI moves:0/236
Remaining: 0
#NNI moves:1/236
#NNI moves:1/236
(((((((((((((((((((((((T101,T77),T69),T29),(T114,T84)),(((T58,(T6,T53)),T112),T147)),(((T103,T172),T188),T67)),T137),((((T193,(T111,T183)),T133),T113),(T86,T129))),((T121,T83),(T70,T135))),((((((((T195,T81),T75),T180),T91),(T39,T128)),T175),(T119,(T34,(T20,T157)))),((T13,T148),T161))),(((((((((T48,T45),(((T176,T35),T104),(T127,T16))),T32),T94),((((T37,T126),T182),(T179,T68)),T164)),((((T46,(T196,(T33,((T146,T27),T99)))),((T23,T80),(T156,T26))),(((T141,T21),((T96,T40),T74)),((T79,(T90,T54)),T28))),(((T134,T168),(T186,T2)),(T174,T162)))),((((T51,((T47,T194),T120)),T78),(T189,T95)),(T136,T42))),(((((((((((T142,(T4,T117)),T87),T152),T170),T93),(T7,T143)),(T62,T140)),((((T97,(T132,T192)),T73),T49),(T55,T105))),T19),T43),(((T41,T92),T190),T145))),T0)),((((((((T165,T14),(T57,T163)),((T150,T155),T154)),((T64,T18),(T72,T82))),((T123,T24),T115)),((T177,T50),T184)),((T31,T167),(((T1,(T66,T173)),T89),T11))),((T122,(T158,T124)),((T52,T10),T125)))),(((((T36,T17),T198),(T139,T130)),T116),(T197,T108))),((((T8,T88),T166),((T199,T102),((T59,T12),T3))),(T56,T144))),(((((((T151,T44),((T131,T30),T107)),T169),T138),(T178,T98)),(T109,T61)),(T71,T110))),(((T60,T106),T22),T100)),((((T185,T187),T76),(T160,T25)),(T149,T118))),((T200,T85),T153)),T171),((T181,T65),T159)),((T38,T5),T63)),(T15,T191)),T9);
#NNI moves:0/236
Remaining: 0
#NNI moves:7/236
#NNI moves:7/236
(((((((((((((((((((((((((((T44,T151),((T30,T131),T107)),T169),T138),(T98,T178)),(T61,T109)),(T110,T71)),(((((T76,(T187,T185)),(T25,T160)),(T149,T118)),((T171,(((T9,(T191,T15)),((T38,T5),T63)),((T181,T65),T159))),(T153,(T85,T200)))),(((T106,T60),T22),T100))),((((T88,T8),T166),((T102,T199),((T12,T59),T3))),(T56,T144))),((((T139,T130),(T198,(T36,T17))),T116),(T108,T197))),((((((((T163,T57),(T14,T165)),((T150,T155),T154)),((T64,T18),(T72,T82))),((T24,T123),T115)),(T184,(T177,T50))),((((T1,(T66,T173)),T89),T11),(T31,T167))),((T122,(T158,T124)),((T10,T52),T125)))),((((T83,T121),(T135,T70)),((((((T84,T114),(T29,((T77,T101),T69))),((((T53,T6),T58),T112),T147)),(T67,(T188,(T172,T103)))),T137),((T113,(((T111,T183),T193),T133)),(T129,T86)))),(((((T91,(((T195,T81),T75),T180)),(T39,T128)),T175),((T34,(T20,T157)),T119)),(T161,(T13,T148))))),T0),((((((((T90,T54),T79),T28),((T74,(T96,T40)),(T21,T141))),(((T23,T80),(T26,T156)),(T46,((((T27,T146),T99),T33),T196)))),((T162,T174),((T2,T186),(T134,T168)))),((((T179,T68),((T37,T126),T182)),T164),((((T48,T45),(((T176,T35),T104),(T127,T16))),T32),T94))),(((T78,(((T47,T194),T120),T51)),(T95,T189)),(T42,T136)))),(((T92,T41),T190),T145)),T43),T19),((T49,((T97,(T192,T132)),T73)),(T105,T55))),(T140,T62)),(T7,T143)),T93),T170),T152),T87),T142),T117),T4);
#NNI moves:0/236
Remaining: 0
#NNI moves:7/236
#NNI moves:7/236
(((((((((((((((((((((((T27,T146),T99),T33),T196),T46),((T156,T26),(T80,T23))),(((T141,T21),(T74,(T96,T40))),(((T90,T54),T79),T28))),(((T186,T2),(T134,T168)),(T174,T162))),((T164,((T68,T179),((T37,T126),T182))),((((((T176,T35),T104),(T127,T16)),(T45,T48)),T32),T94))),((T42,T136),(((((T194,T47),T120),T51),T78),(T189,T95)))),(((((((T7,T143),((T170,((((T117,T4),T142),T87),T152)),T93)),(T62,T140)),(((((T192,T132),T97),T73),T49),(T105,T55))),T19),T43),(((T41,T92),T190),T145))),T0),((((((((T84,T114),(((T77,T101),T69),T29)),((((T6,T53),T58),T112),T147)),(T67,(T188,(T103,T172)))),T137),(((((T111,T183),T193),T133),T113),(T129,T86))),((T70,T135),(T83,T121))),(((T13,T148),T161),((((T20,T157),T34),T119),(((T128,T39),((T180,((T81,T195),T75)),T91)),T175))))),(((T122,(T124,T158)),((T52,T10),T125)),(((((((T57,T163),(T165,T14)),((T155,T150),T154)),((T18,T64),(T82,T72))),(T115,(T24,T123))),((T177,T50),T184)),((T167,T31),((((T173,T66),T1),T89),T11))))),(((((T17,T36),T198),(T130,T139)),T116),(T108,T197))),((((T199,T102),((T59,T12),T3)),((T8,T88),T166)),(T56,T144))),(((((T76,(T187,T185)),(T25,T160)),(T118,T149)),((((T159,(T181,T65)),(((T191,T15),T9),(T63,(T5,T38)))),T171),(T153,(T85,T200)))),(T100,((T106,T60),T22)))),(T71,T110)),(T61,T109)),(T178,T98)),T138),((T151,T44),((T131,T30),T107))),T169);
Current score: 3.31059e+10
Current tree: ((((((T7,T143),((T170,((((T117,T4),T142),T87),T152)),T93)),(T62,T140)),(((((T192,T132),T97),T73),T49),(T105,T55))),(T43,((((T41,T92),T190),T145),(((((((((((T27,T146),T99),T33),T196),T46),((T156,T26),(T80,T23))),(((T141,T21),(T74,(T96,T40))),(((T90,T54),T79),T28))),(((T186,T2),(T134,T168)),(T174,T162))),((T164,((T68,T179),((T37,T126),T182))),((((((T176,T35),T104),(T127,T16)),(T45,T48)),T32),T94))),((T42,T136),(((((T194,T47),T120),T51),T78),(T189,T95)))),(T0,(((((((((T84,T114),(((T77,T101),T69),T29)),((((T6,T53),T58),T112),T147)),(T67,(T188,(T103,T172)))),T137),(((((T111,T183),T193),T133),T113),(T129,T86))),((T70,T135),(T83,T121))),(((T13,T148),T161),((((T20,T157),T34),T119),(((T128,T39),((T180,((T81,T195),T75)),T91)),T175)))),((((T122,(T124,T158)),((T52,T10),T125)),(((((((T57,T163),(T165,T14)),((T155,T150),T154)),((T18,T64),(T82,T72))),(T115,(T24,T123))),((T177,T50),T184)),((T167,T31),((((T173,T66),T1),T89),T11)))),((((((T17,T36),T198),(T130,T139)),T116),(T108,T197)),(((((T199,T102),((T59,T12),T3)),((T8,T88),T166)),(T56,T144)),((((((T76,(T187,T185)),(T25,T160)),(T118,T149)),((((T159,(T181,T65)),(((T191,T15),T9),(T63,(T5,T38)))),T171),(T153,(T85,T200)))),(T100,((T106,T60),T22))),((T71,T110),((T61,T109),((T178,T98),(T138,(((T151,T44),((T131,T30),T107)),T169))))))))))))))),T19);
Use two-step algorithm!
#NNI moves:0/236
Remaining: 1
#NNI moves:3/236
#NNI moves:3/236
(((((((((((((((((T20,T157),T34),T119),(((T91,(((T195,T81),T75),T180)),(T128,T39)),T175)),(T161,(T148,T13))),(((((((((T77,T101),T69),T29),(T114,T84)),(((T58,(T53,T6)),T112),T147)),((T188,(T103,T172)),T67)),T137),(((((T111,T183),T193),T133),T113),(T86,T129))),((T135,T70),(T121,T83)))),(((((((T109,T61),(((((T44,T151),(T107,(T30,T131))),T169),T138),(T98,T178))),(T71,T110)),(((((((T181,T65),T159),((T9,(T15,T191)),((T38,T5),T63))),T171),((T85,T200),T153)),((((T187,T185),T76),(T25,T160)),(T149,T118))),(((T60,T106),T22),T100))),(((T166,(T88,T8)),((T102,T199),((T59,T12),T3))),(T144,T56))),(((((T36,T17),T198),(T130,T139)),T116),(T108,T197))),(((((((T72,T82),(T18,T64)),(((T14,T165),(T57,T163)),(T154,(T150,T155)))),(T115,(T24,T123))),((T50,T177),T184)),(((T89,(T1,(T66,T173))),T11),(T167,T31))),(((T124,T158),T122),(T125,(T52,T10)))))),T0),(((((((T80,T23),(T26,T156)),(T46,((((T146,T27),T99),T33),T196))),(((T21,T141),((T96,T40),T74)),(((T90,T54),T79),T28))),(((T168,T134),(T186,T2)),(T162,T174))),((((T68,T179),((T37,T126),T182)),T164),(T94,(((((T176,T35),T104),(T16,T127)),(T48,T45)),T32)))),(((T189,T95),(T78,(T51,(T120,(T47,T194))))),(T42,T136)))),((T190,(T92,T41)),T145)),T43),T19),(((T73,((T192,T132),T97)),T49),(T55,T105))),(T140,T62)),(((((T142,(T4,T117)),T87),T152),T170),T93)),T7),T143);
#NNI moves:1/236
Remaining: 0
#NNI moves:4/236
#NNI moves:4/236
(((((((((((((((((((T181,T65),T159),(((T5,T38),T63),((T15,T191),T9))),T171),(T153,(T200,T85))),((T118,T149),(((T185,T187),T76),(T25,T160)))),(((T60,T106),T22),T100)),((((((((T131,T30),T107),(T44,T151)),T169),T138),(T98,T178)),(T109,T61)),(T71,T110))),((((T3,(T12,T59)),(T199,T102)),(T166,(T8,T88))),(T56,T144))),(((((T17,T36),T198),(T139,T130)),T116),(T108,T197))),((((((((T57,T163),(T14,T165)),((T155,T150),T154)),((T64,T18),(T72,T82))),((T24,T123),T115)),((T50,T177),T184)),(((((T66,T173),T1),T89),T11),(T167,T31))),(((T52,T10),T125),((T158,T124),T122)))),((((((((((T104,(T176,T35)),(T16,T127)),(T45,T48)),T32),T94),(((T68,T179),(T182,(T126,T37))),T164)),((((((((T27,T146),T99),T33),T196),T46),((T156,T26),(T23,T80))),(((T21,T141),(T74,(T96,T40))),((T79,(T54,T90)),T28))),((T162,T174),((T2,T186),(T134,T168))))),(((((T120,(T194,T47)),T51),T78),(T189,T95)),(T42,T136))),(((((((T93,((T152,(T87,((T4,T117),T142))),T170)),(T143,T7)),(T62,T140)),((((T97,(T132,T192)),T73),T49),(T105,T55))),T19),T43),(((T92,T41),T190),T145))),T0)),(((((((((T77,T101),T69),T29),(T84,T114)),(((T58,(T6,T53)),T112),T147)),(((T172,T103),T188),T67)),T137),(((((T183,T111),T193),T133),T113),(T86,T129))),((T83,T121),(T70,T135)))),((T13,T148),T161)),(T175,(((((T195,T81),T75),T180),T91),(T39,T128)))),T119),T34),T157),T20);
#NNI moves:0/236
Remaining: 0
#NNI moves:2/236
#NNI moves:2/236
((((((((((((((((((((((((((((T191,T15),T9),((T38,T5),T63)),(T159,(T181,T65))),T171),((T200,T85),T153)),(((T160,T25),((T187,T185),T76)),(T118,T149))),(((T106,T60),T22),T100)),(((((((T44,T151),((T131,T30),T107)),T169),T138),(T178,T98)),(T61,T109)),(T110,T71))),((((T88,T8),T166),((T3,(T59,T12)),(T102,T199))),(T56,T144))),((((T198,(T17,T36)),(T139,T130)),T116),(T197,T108))),((((((T123,T24),T115),((((T150,T155),T154),((T57,T163),(T14,T165))),((T72,T82),(T18,T64)))),((T177,T50),T184)),(((((T173,T66),T1),T89),T11),(T167,T31))),(((T10,T52),T125),(T122,(T124,T158))))),((((((((T84,T114),(((T101,T77),T69),T29)),((((T6,T53),T58),T112),T147)),((T188,(T172,T103)),T67)),T137),((T86,T129),((T133,(T193,(T183,T111))),T113))),((T121,T83),(T135,T70))),(((((T91,(((T195,T81),T75),T180)),(T128,T39)),T175),(T119,(T34,(T157,T20)))),((T148,T13),T161)))),T0),(((((((T45,T48),(((T35,T176),T104),(T16,T127))),T32),T94),(T164,(((T126,T37),T182),(T179,T68)))),((((((T40,T96),T74),(T21,T141)),((T79,(T54,T90)),T28)),((((((T146,T27),T99),T33),T196),T46),((T80,T23),(T156,T26)))),(((T186,T2),(T168,T134)),(T162,T174)))),((((T51,(T120,(T47,T194))),T78),(T189,T95)),(T136,T42)))),(((T41,T92),T190),T145)),T43),T19),(((((T192,T132),T97),T73),T49),(T105,T55))),(T62,T140)),(T7,T143)),T93),T170),T152),T87),T142),T117),T4);
#NNI moves:1/236
Remaining: 0
#NNI moves:4/236
#NNI moves:4/236
(((((((((((((((((((((((T54,T90),T79),T28),(((T96,T40),T74),(T21,T141))),(((T26,T156),(T80,T23)),((T196,(((T146,T27),T99),T33)),T46))),(((T168,T134),(T2,T186)),(T162,T174))),(((((((T176,T35),T104),(T127,T16)),(T45,T48)),T32),T94),(((T182,(T126,T37)),(T179,T68)),T164))),(((((T120,(T47,T194)),T51),T78),(T189,T95)),(T136,T42))),(((((((((T132,T192),T97),T73),T49),(T105,T55)),(((T93,((T152,(((T117,T4),T142),T87)),T170)),(T7,T143)),(T140,T62))),T19),T43),((T190,(T41,T92)),T145))),T0),((((((((((T77,T101),T69),T29),(T114,T84)),(((T58,(T53,T6)),T112),T147)),((T188,(T103,T172)),T67)),T137),(((((T183,T111),T193),T133),T113),(T86,T129))),((T135,T70),(T83,T121))),((((T34,(T157,T20)),T119),(((T39,T128),((((T81,T195),T75),T180),T91)),T175)),((T148,T13),T161)))),((((((T24,T123),T115),((((T57,T163),(T165,T14)),(T154,(T155,T150))),((T82,T72),(T64,T18)))),((T50,T177),T184)),((T167,T31),(((T1,(T66,T173)),T89),T11))),(((T10,T52),T125),((T124,T158),T122)))),(((((T36,T17),T198),(T130,T139)),T116),(T197,T108))),((((T102,T199),(T3,(T12,T59))),((T88,T8),T166)),(T144,T56))),(((((((T44,T151),(T107,(T131,T30))),T169),T138),(T98,T178)),(T61,T109)),(T110,T71))),(T100,((T60,T106),T22))),((((T185,T187),T76),(T25,T160)),(T118,T149))),(T153,(T85,T200))),T171),((T65,T181),T159)),((T5,T38),T63)),(T191,T15)),T9);
Current score: 3.31059e+10
Current tree: ((((((((T132,T192),T97),T73),T49),(T105,T55)),(((T93,((T152,(((T117,T4),T142),T87)),T170)),(T7,T143)),(T140,T62))),(T43,(((T190,(T41,T92)),T145),(((((((((T54,T90),T79),T28),(((T96,T40),T74),(T21,T141))),(((T26,T156),(T80,T23)),((T196,(((T146,T27),T99),T33)),T46))),(((T168,T134),(T2,T186)),(T162,T174))),(((((((T176,T35),T104),(T127,T16)),(T45,T48)),T32),T94),(((T182,(T126,T37)),(T179,T68)),T164))),(((((T120,(T47,T194)),T51),T78),(T189,T95)),(T136,T42))),(T0,(((((((((((T77,T101),T69),T29),(T114,T84)),(((T58,(T53,T6)),T112),T147)),((T188,(T103,T172)),T67)),T137),(((((T183,T111),T193),T133),T113),(T86,T129))),((T135,T70),(T83,T121))),((((T34,(T157,T20)),T119),(((T39,T128),((((T81,T195),T75),T180),T91)),T175)),((T148,T13),T161))),(((((((T24,T123),T115),((((T57,T163),(T165,T14)),(T154,(T155,T150))),((T82,T72),(T64,T18)))),((T50,T177),T184)),((T167,T31),(((T1,(T66,T173)),T89),T11))),(((T10,T52),T125),((T124,T158),T122))),((((((T36,T17),T198),(T130,T139)),T116),(T197,T108)),(((((T102,T199),(T3,(T12,T59))),((T88,T8),T166)),(T144,T56)),((((((((T44,T151),(T107,(T131,T30))),T169),T138),(T98,T178)),(T61,T109)),(T110,T71)),((T100,((T60,T106),T22)),(((((T185,T187),T76),(T25,T160)),(T118,T149)),((T153,(T85,T200)),(T171,(((T65,T181),T159),(((T5,T38),T63),((T191,T15),T9))))))))))))))))),T19);
Use two-step algorithm!
#NNI moves:0/236
Remaining: 3
#NNI moves:3/236
#NNI moves:3/236
((((((((((((((((((((((T130,T139),((T17,T36),T198)),T116),(T108,T197)),((((((((T185,T187),T76),(T160,T25)),(T149,T118)),(((((T63,(T38,T5)),((T15,T191),T9)),((T65,T181),T159)),T171),(T153,(T200,T85)))),((T22,(T60,T106)),T100)),((((T178,T98),((((T107,(T131,T30)),(T44,T151)),T169),T138)),(T61,T109)),(T110,T71))),(((((T12,T59),T3),(T199,T102)),((T8,T88),T166)),(T56,T144)))),((((((((T150,T155),T154),((T57,T163),(T14,T165))),((T82,T72),(T64,T18))),((T123,T24),T115)),((T177,T50),T184)),(((T89,((T66,T173),T1)),T11),(T167,T31))),(((T10,T52),T125),(T122,(T124,T158))))),((((((T133,((T111,T183),T193)),T113),(T129,T86)),((((((T58,(T6,T53)),T112),T147),((T29,((T101,T77),T69)),(T114,T84))),(((T103,T172),T188),T67)),T137)),((T135,T70),(T83,T121))),(((((T128,T39),((T180,((T81,T195),T75)),T91)),T175),(((T20,T157),T34),T119)),(T161,(T148,T13))))),T0),((((((T182,(T126,T37)),(T179,T68)),T164),((((((T35,T176),T104),(T127,T16)),(T45,T48)),T32),T94)),((((((((T27,T146),T99),T33),T196),T46),((T156,T26),(T23,T80))),((((T96,T40),T74),(T21,T141)),((T79,(T90,T54)),T28))),(((T168,T134),(T2,T186)),(T162,T174)))),((((((T47,T194),T120),T51),T78),(T189,T95)),(T136,T42)))),(T145,((T92,T41),T190))),T43),T19),(((T73,(T97,(T132,T192))),T49),(T55,T105))),(T62,T140)),(T7,T143)),T93),T170),T152),T87),T142),T4),T117);
#NNI moves:0/236
Remaining: 0
#NNI moves:8/236
#NNI moves:8/236
((((((((((((((((((((T156,T26),(T80,T23)),(((T33,((T146,T27),T99)),T196),T46)),((((T54,T90),T79),T28),((T141,T21),(T74,(T40,T96))))),(((T134,T168),(T186,T2)),(T162,T174))),((((T182,(T126,T37)),(T68,T179)),T164),((((((T35,T176),T104),(T16,T127)),(T48,T45)),T32),T94))),(((T189,T95),((T51,((T194,T47),T120)),T78)),(T42,T136))),(((((((T73,((T132,T192),T97)),T49),(T55,T105)),(((T7,T143),((((((T4,T117),T142),T87),T152),T170),T93)),(T140,T62))),T19),T43),(T145,(T190,(T92,T41))))),T0),((((((((T112,(T58,(T53,T6))),T147),((((T77,T101),T69),T29),(T84,T114))),(((T103,T172),T188),T67)),T137),(((((T111,T183),T193),T133),T113),(T86,T129))),((T70,T135),(T83,T121))),(((((((T75,(T195,T81)),T180),T91),(T39,T128)),T175),(T119,((T157,T20),T34))),(T161,(T13,T148))))),((((((((T165,T14),(T163,T57)),(T154,(T155,T150))),((T64,T18),(T72,T82))),((T24,T123),T115)),((T177,T50),T184)),(((((T173,T66),T1),T89),T11),(T167,T31))),((T125,(T10,T52)),((T158,T124),T122)))),((((T139,T130),((T17,T36),T198)),T116),(T197,T108))),((((T3,(T59,T12)),(T199,T102)),((T88,T8),T166)),(T144,T56))),((((T138,((((T30,T131),T107),(T44,T151)),T169)),(T98,T178)),(T61,T109)),(T110,T71))),(((T60,T106),T22),T100)),(((((T63,(T38,T5)),((T191,T15),T9)),((T65,T181),T159)),T171),((T85,T200),T153))),(T149,T118)),(T25,T160)),(T185,T187)),T76);
#NNI moves:0/236
Remaining: 0
#NNI moves:2/236
#NNI moves:2/236
((((((((T192,T132),T97),T73),T49),(T105,T55)),(((((((T142,(T117,T4)),T87),T152),T170),T93),(T7,T143)),(T62,T140))),((((((((((((((T69,(T77,T101)),T29),(T114,T84)),(T147,(((T6,T53),T58),T112))),(((T103,T172),T188),T67)),T137),((T113,((T193,(T183,T111)),T133)),(T86,T129))),((T70,T135),(T83,T121))),((((((((T195,T81),T75),T180),T91),(T128,T39)),T175),(((T20,T157),T34),T119)),((T13,T148),T161))),((((((((((((T5,T38),T63),((T191,T15),T9)),((T65,T181),T159)),T171),((T200,T85),T153)),((T118,T149),((T76,(T187,T185)),(T160,T25)))),(((T60,T106),T22),T100)),(((((T169,((T107,(T30,T131)),(T44,T151))),T138),(T98,T178)),(T61,T109)),(T110,T71))),((((T199,T102),((T12,T59),T3)),((T8,T88),T166)),(T144,T56))),((((T130,T139),(T198,(T36,T17))),T116),(T197,T108))),(((((T50,T177),T184),(((((T163,T57),(T165,T14)),((T155,T150),T154)),((T82,T72),(T64,T18))),(T115,(T24,T123)))),((T167,T31),(T11,(((T66,T173),T1),T89)))),(((T52,T10),T125),((T158,T124),T122))))),T0),((((((T134,T168),(T2,T186)),(T162,T174)),(((T46,(((T99,(T27,T146)),T33),T196)),((T23,T80),(T26,T156))),((((T40,T96),T74),(T141,T21)),(((T54,T90),T79),T28)))),((((((T104,(T176,T35)),(T16,T127)),(T48,T45)),T32),T94),((((T37,T126),T182),(T68,T179)),T164))),((((((T194,T47),T120),T51),T78),(T189,T95)),(T136,T42)))),(((T41,T92),T190),T145)),T43)),T19);
#NNI moves:1/236
Remaining: 0
#NNI moves:11/236
#NNI moves:11/236
((((((((((((((((((T138,((((T30,T131),T107),(T44,T151)),T169)),(T98,T178)),(T61,T109)),(T71,T110)),((((((((T191,T15),T9),((T5,T38),T63)),((T65,T181),T159)),T171),(T153,(T85,T200))),(((T76,(T187,T185)),(T25,T160)),(T149,T118))),(T100,(T22,(T60,T106))))),((((T199,T102),((T59,T12),T3)),((T88,T8),T166)),(T56,T144))),(((((T17,T36),T198),(T130,T139)),T116),(T108,T197))),((((T52,T10),T125),((T158,T124),T122)),((((((T72,T82),(T18,T64)),((T154,(T150,T155)),((T163,T57),(T14,T165)))),((T123,T24),T115)),((T50,T177),T184)),((T167,T31),((((T66,T173),T1),T89),T11))))),((((((((T114,T84),(T29,((T77,T101),T69))),((((T53,T6),T58),T112),T147)),(T67,(T188,(T172,T103)))),T137),((T113,(((T111,T183),T193),T133)),(T129,T86))),((T135,T70),(T83,T121))),(((((T20,T157),T34),T119),(((((T75,(T81,T195)),T180),T91),(T39,T128)),T175)),(T161,(T148,T13))))),T0),((((((((((T27,T146),T99),T33),T196),T46),((T26,T156),(T80,T23))),(((T21,T141),((T40,T96),T74)),(((T90,T54),T79),T28))),(((T186,T2),(T168,T134)),(T162,T174))),(((((T126,T37),T182),(T68,T179)),T164),(((((T104,(T35,T176)),(T127,T16)),(T48,T45)),T32),T94))),((T136,T42),((((T120,(T194,T47)),T51),T78),(T95,T189))))),((T190,(T41,T92)),T145)),T43),T19),((T62,T140),((((T152,((T142,(T4,T117)),T87)),T170),T93),(T143,T7)))),(T105,T55)),(((T192,T132),T97),T73)),T49);
Current score: 3.31059e+10
Current tree: (((((((((((((((T138,((((T30,T131),T107),(T44,T151)),T169)),(T98,T178)),(T61,T109)),(T71,T110)),((((((((T191,T15),T9),((T5,T38),T63)),((T65,T181),T159)),T171),(T153,(T85,T200))),(((T76,(T187,T185)),(T25,T160)),(T149,T118))),(T100,(T22,(T60,T106))))),((((T199,T102),((T59,T12),T3)),((T88,T8),T166)),(T56,T144))),(((((T17,T36),T198),(T130,T139)),T116),(T108,T197))),((((T52,T10),T125),((T158,T124),T122)),((((((T72,T82),(T18,T64)),((T154,(T150,T155)),((T163,T57),(T14,T165)))),((T123,T24),T115)),((T50,T177),T184)),((T167,T31),((((T66,T173),T1),T89),T11))))),((((((((T114,T84),(T29,((T77,T101),T69))),((((T53,T6),T58),T112),T147)),(T67,(T188,(T172,T103)))),T137),((T113,(((T111,T183),T193),T133)),(T129,T86))),((T135,T70),(T83,T121))),(((((T20,T157),T34),T119),(((((T75,(T81,T195)),T180),T91),(T39,T128)),T175)),(T161,(T148,T13))))),T0),((((((((((T27,T146),T99),T33),T196),T46),((T26,T156),(T80,T23))),(((T21,T141),((T40,T96),T74)),(((T90,T54),T79),T28))),(((T186,T2),(T168,T134)),(T162,T174))),(((((T126,T37),T182),(T68,T179)),T164),(((((T104,(T35,T176)),(T127,T16)),(T48,T45)),T32),T94))),((T136,T42),((((T120,(T194,T47)),T51),T78),(T95,T189))))),((T190,(T41,T92)),T145)),T43),(((T62,T140),((((T152,((T142,(T4,T117)),T87)),T170),T93),(T143,T7))),((T105,T55),((((T192,T132),T97),T73),T49)))),T19);
Final Tree: (((((((((((((((T138,((((T30,T131),T107),(T44,T151)),T169)),(T98,T178)),(T61,T109)),(T71,T110)),((((((((T191,T15),T9),((T5,T38),T63)),((T65,T181),T159)),T171),(T153,(T85,T200))),(((T76,(T187,T185)),(T25,T160)),(T149,T118))),(T100,(T22,(T60,T106))))),((((T199,T102),((T59,T12),T3)),((T88,T8),T166)),(T56,T144))),(((((T17,T36),T198),(T130,T139)),T116),(T108,T197))),((((T52,T10),T125),((T158,T124),T122)),((((((T72,T82),(T18,T64)),((T154,(T150,T155)),((T163,T57),(T14,T165)))),((T123,T24),T115)),((T50,T177),T184)),((T167,T31),((((T66,T173),T1),T89),T11))))),((((((((T114,T84),(T29,((T77,T101),T69))),((((T53,T6),T58),T112),T147)),(T67,(T188,(T172,T103)))),T137),((T113,(((T111,T183),T193),T133)),(T129,T86))),((T135,T70),(T83,T121))),(((((T20,T157),T34),T119),(((((T75,(T81,T195)),T180),T91),(T39,T128)),T175)),(T161,(T148,T13))))),T0),((((((((((T27,T146),T99),T33),T196),T46),((T26,T156),(T80,T23))),(((T21,T141),((T40,T96),T74)),(((T90,T54),T79),T28))),(((T186,T2),(T168,T134)),(T162,T174))),(((((T126,T37),T182),(T68,T179)),T164),(((((T104,(T35,T176)),(T127,T16)),(T48,T45)),T32),T94))),((T136,T42),((((T120,(T194,T47)),T51),T78),(T95,T189))))),((T190,(T41,T92)),T145)),T43),(((T62,T140),((((T152,((T142,(T4,T117)),T87)),T170),T93),(T143,T7))),((T105,T55),((((T192,T132),T97),T73),T49)))),T19);
Score: 3.310590932e+10

real	3m12.722s
user	59m32.625s
sys	0m22.859s
