Iteration 1:
Accurate Species Tree EstimatoR from Independent Site Kernals
Version: v1.13.0.0
#Base: 171047985
#Species: 201
#Rounds: 1
#Samples: 0
#Threads: 64
Use two-step algorithm!
Guide Tree 0/27
#NNI moves:1/236
Guide Tree 1/27
#NNI moves:2/236
Guide Tree 2/27
#NNI moves:0/236
Guide Tree 3/27
#NNI moves:0/236
Guide Tree 4/27
#NNI moves:3/236
Guide Tree 5/27
#NNI moves:0/236
Guide Tree 6/27
#NNI moves:1/236
Guide Tree 7/27
#NNI moves:0/236
Guide Tree 8/27
#NNI moves:0/236
Guide Tree 9/27
#NNI moves:3/236
Guide Tree 10/27
#NNI moves:0/236
Guide Tree 11/27
#NNI moves:0/236
Guide Tree 12/27
#NNI moves:0/236
Guide Tree 13/27
#NNI moves:0/236
Guide Tree 14/27
#NNI moves:0/236
Guide Tree 15/27
#NNI moves:0/236
Guide Tree 16/27
#NNI moves:1/236
Guide Tree 17/27
#NNI moves:0/236
Guide Tree 18/27
#NNI moves:0/236
Guide Tree 19/27
#NNI moves:0/236
Guide Tree 20/27
#NNI moves:3/236
Guide Tree 21/27
#NNI moves:0/236
Guide Tree 22/27
#NNI moves:0/236
Guide Tree 23/27
#NNI moves:0/236
Guide Tree 24/27
#NNI moves:0/236
Guide Tree 25/27
#NNI moves:1/236
Guide Tree 26/27
#NNI moves:0/236
Remaining: 0
#NNI moves:0/236
#NNI moves:0/236
((((((((((((((((((T9,(T15,T191)),((T38,T5),T63)),((T181,T65),T159)),T171),((T85,T200),T153)),(((T160,T25),(T76,(T185,T187))),(T149,T118))),(T100,((T106,T60),T22))),((((T138,((((T30,T131),T107),(T44,T151)),T169)),(T178,T98)),(T109,T61)),(T110,T71))),((((T130,T139),((T17,T36),T198)),T116),(T108,T197))),(((T166,(T8,T88)),((T59,(T3,T12)),(T199,T102))),(T144,T56))),((((((T39,T128),(T180,((T75,(T81,T195)),T91))),T175),((T34,(T157,T20)),T119)),((T13,T148),T161)),(((T70,T135),(T83,T121)),((((T133,((T193,T183),T111)),T113),(T129,T86)),(((((T112,(T58,(T53,T6))),T147),(((T29,T69),(T77,T101)),(T114,T84))),((T188,(T172,T103)),T67)),T137))))),(((((T89,((T66,T173),T1)),T11),(T167,T31)),(((T177,T50),T184),((((T154,(T150,T155)),((T163,T57),(T14,T165))),((T18,T64),(T82,T72))),((T24,T123),T115)))),(((T52,T10),T125),((T158,T124),T122)))),T0),(((((T32,(((T127,T16),(T104,(T176,T35))),(T48,T45))),T94),((((T182,(T126,T37)),T68),T179),T164)),((((((T96,T40),T74),(T141,T21)),(((T90,T54),T79),T28)),((((T33,(T99,(T27,T146))),T46),T196),((T80,T23),(T26,T156)))),(((T134,T168),(T186,T2)),(T174,T162)))),((((T51,((T194,T47),T120)),T78),(T95,T189)),(T42,T136)))),(T145,((T41,T92),T190))),T43),(((T49,((T97,(T192,T132)),T73)),(T105,T55)),((T62,T140),((T93,(T170,((((T4,T117),T142),T87),T152))),(T143,T7))))),T19);
Initial score: 6.16127e+09
Initial tree: ((((((((((((((((((T9,(T15,T191)),((T38,T5),T63)),((T181,T65),T159)),T171),((T85,T200),T153)),(((T160,T25),(T76,(T185,T187))),(T149,T118))),(T100,((T106,T60),T22))),((((T138,((((T30,T131),T107),(T44,T151)),T169)),(T178,T98)),(T109,T61)),(T110,T71))),((((T130,T139),((T17,T36),T198)),T116),(T108,T197))),(((T166,(T8,T88)),((T59,(T3,T12)),(T199,T102))),(T144,T56))),((((((T39,T128),(T180,((T75,(T81,T195)),T91))),T175),((T34,(T157,T20)),T119)),((T13,T148),T161)),(((T70,T135),(T83,T121)),((((T133,((T193,T183),T111)),T113),(T129,T86)),(((((T112,(T58,(T53,T6))),T147),(((T29,T69),(T77,T101)),(T114,T84))),((T188,(T172,T103)),T67)),T137))))),(((((T89,((T66,T173),T1)),T11),(T167,T31)),(((T177,T50),T184),((((T154,(T150,T155)),((T163,T57),(T14,T165))),((T18,T64),(T82,T72))),((T24,T123),T115)))),(((T52,T10),T125),((T158,T124),T122)))),T0),(((((T32,(((T127,T16),(T104,(T176,T35))),(T48,T45))),T94),((((T182,(T126,T37)),T68),T179),T164)),((((((T96,T40),T74),(T141,T21)),(((T90,T54),T79),T28)),((((T33,(T99,(T27,T146))),T46),T196),((T80,T23),(T26,T156)))),(((T134,T168),(T186,T2)),(T174,T162)))),((((T51,((T194,T47),T120)),T78),(T95,T189)),(T42,T136)))),(T145,((T41,T92),T190))),T43),(((T49,((T97,(T192,T132)),T73)),(T105,T55)),((T62,T140),((T93,(T170,((((T4,T117),T142),T87),T152))),(T143,T7))))),T19);
*** Subsample Process ***
Current score: 6.16127e+09
Current tree: ((((((((((((((((((T9,(T15,T191)),((T38,T5),T63)),((T181,T65),T159)),T171),((T85,T200),T153)),(((T160,T25),(T76,(T185,T187))),(T149,T118))),(T100,((T106,T60),T22))),((((T138,((((T30,T131),T107),(T44,T151)),T169)),(T178,T98)),(T109,T61)),(T110,T71))),((((T130,T139),((T17,T36),T198)),T116),(T108,T197))),(((T166,(T8,T88)),((T59,(T3,T12)),(T199,T102))),(T144,T56))),((((((T39,T128),(T180,((T75,(T81,T195)),T91))),T175),((T34,(T157,T20)),T119)),((T13,T148),T161)),(((T70,T135),(T83,T121)),((((T133,((T193,T183),T111)),T113),(T129,T86)),(((((T112,(T58,(T53,T6))),T147),(((T29,T69),(T77,T101)),(T114,T84))),((T188,(T172,T103)),T67)),T137))))),(((((T89,((T66,T173),T1)),T11),(T167,T31)),(((T177,T50),T184),((((T154,(T150,T155)),((T163,T57),(T14,T165))),((T18,T64),(T82,T72))),((T24,T123),T115)))),(((T52,T10),T125),((T158,T124),T122)))),T0),(((((T32,(((T127,T16),(T104,(T176,T35))),(T48,T45))),T94),((((T182,(T126,T37)),T68),T179),T164)),((((((T96,T40),T74),(T141,T21)),(((T90,T54),T79),T28)),((((T33,(T99,(T27,T146))),T46),T196),((T80,T23),(T26,T156)))),(((T134,T168),(T186,T2)),(T174,T162)))),((((T51,((T194,T47),T120)),T78),(T95,T189)),(T42,T136)))),(T145,((T41,T92),T190))),T43),(((T49,((T97,(T192,T132)),T73)),(T105,T55)),((T62,T140),((T93,(T170,((((T4,T117),T142),T87),T152))),(T143,T7))))),T19);
Final Tree: ((((((((((((((((((T9,(T15,T191)),((T38,T5),T63)),((T181,T65),T159)),T171),((T85,T200),T153)),(((T160,T25),(T76,(T185,T187))),(T149,T118))),(T100,((T106,T60),T22))),((((T138,((((T30,T131),T107),(T44,T151)),T169)),(T178,T98)),(T109,T61)),(T110,T71))),((((T130,T139),((T17,T36),T198)),T116),(T108,T197))),(((T166,(T8,T88)),((T59,(T3,T12)),(T199,T102))),(T144,T56))),((((((T39,T128),(T180,((T75,(T81,T195)),T91))),T175),((T34,(T157,T20)),T119)),((T13,T148),T161)),(((T70,T135),(T83,T121)),((((T133,((T193,T183),T111)),T113),(T129,T86)),(((((T112,(T58,(T53,T6))),T147),(((T29,T69),(T77,T101)),(T114,T84))),((T188,(T172,T103)),T67)),T137))))),(((((T89,((T66,T173),T1)),T11),(T167,T31)),(((T177,T50),T184),((((T154,(T150,T155)),((T163,T57),(T14,T165))),((T18,T64),(T82,T72))),((T24,T123),T115)))),(((T52,T10),T125),((T158,T124),T122)))),T0),(((((T32,(((T127,T16),(T104,(T176,T35))),(T48,T45))),T94),((((T182,(T126,T37)),T68),T179),T164)),((((((T96,T40),T74),(T141,T21)),(((T90,T54),T79),T28)),((((T33,(T99,(T27,T146))),T46),T196),((T80,T23),(T26,T156)))),(((T134,T168),(T186,T2)),(T174,T162)))),((((T51,((T194,T47),T120)),T78),(T95,T189)),(T42,T136)))),(T145,((T41,T92),T190))),T43),(((T49,((T97,(T192,T132)),T73)),(T105,T55)),((T62,T140),((T93,(T170,((((T4,T117),T142),T87),T152))),(T143,T7))))),T19);
Score: 6.16127e+09

real	2m27.365s
user	85m0.779s
sys	0m5.337s
