Weighted ASTRAL - Hybrid
Version: v1.13.2.3
#Genetrees: 2000
#Species: 201
#Rounds: 4
#Samples: 4
#Threads: 32
Use two-step algorithm!
Guide Tree 0/27
#NNI moves:3/236
Guide Tree 1/27
#NNI moves:0/236
Guide Tree 2/27
#NNI moves:0/236
Guide Tree 3/27
#NNI moves:1/236
Guide Tree 4/27
#NNI moves:0/236
Guide Tree 5/27
#NNI moves:0/236
Guide Tree 6/27
#NNI moves:0/236
Guide Tree 7/27
#NNI moves:3/236
Guide Tree 8/27
#NNI moves:0/236
Guide Tree 9/27
#NNI moves:0/236
Guide Tree 10/27
#NNI moves:3/236
Guide Tree 11/27
#NNI moves:0/236
Guide Tree 12/27
#NNI moves:0/236
Guide Tree 13/27
#NNI moves:0/236
Guide Tree 14/27
#NNI moves:0/236
Guide Tree 15/27
#NNI moves:0/236
Guide Tree 16/27
#NNI moves:0/236
Guide Tree 17/27
#NNI moves:1/236
Guide Tree 18/27
#NNI moves:0/236
Guide Tree 19/27
#NNI moves:0/236
Guide Tree 20/27
#NNI moves:1/236
Guide Tree 21/27
#NNI moves:0/236
Guide Tree 22/27
#NNI moves:0/236
Guide Tree 23/27
#NNI moves:0/236
Guide Tree 24/27
#NNI moves:0/236
Guide Tree 25/27
#NNI moves:0/236
Guide Tree 26/27
#NNI moves:0/236
Remaining: 0
#NNI moves:1/236
#NNI moves:1/236
((((((((((T60,(((T189,T62),(((T148,T65),T86),T36)),T15)),T177),((((((T194,T66),(T59,T71)),(T162,T58)),(T99,(T138,T24))),(T103,T61)),(((((T114,T158),(T173,T54)),(((T90,T183),T13),T26)),T125),T41))),(((((T109,(T6,T11)),T130),((T92,T184),(T142,T166))),(T126,(((T12,T188),(T73,T101)),T10))),((((((T4,T122),T172),(T123,T47)),(((T76,T75),(T104,T111)),T175)),((T180,T192),T9)),(T150,T181)))),((((((((T37,(T118,T131)),(T198,T108)),T151),T132),((T57,((T193,T83),T79)),T95)),((T119,T170),T81)),((T55,T16),T14)),T22)),((((((T106,T27),T53),T33),((((((T139,T164),(((T20,T168),T68),(T134,T178))),T197),T153),T156),(T98,(T160,T174)))),T190),((T141,T32),T63))),T0),((((((((((T51,T113),(T128,(T44,T70))),(T48,T64)),((T3,(T45,T8)),((T195,T18),T154))),((T23,T88),(T110,T159))),((((T146,T80),T112),(T163,T84)),(T169,(T185,(T129,T38))))),(T5,T121)),((T140,T179),(T52,T165))),((((((T149,T186),T74),((((((T199,T35),(T105,T187)),T94),T120),(((T145,T144),T133),(T50,T147))),(T176,T40))),(T127,T143)),(((((T39,(T72,T1)),T182),T91),T107),((T96,T157),(T77,T34)))),T29)),(((((((((T191,(T31,(T136,T85))),T152),(T161,T167)),T200),T155),((T2,T42),((T17,T196),T25))),(T117,((T69,((T115,T124),T30)),T89))),(((T43,T100),T21),T135)),(((((((T87,T19),T7),T46),(T67,T171)),(((T82,T102),T97),T93)),(T137,T116)),(T28,T78))))),T56),T49);
Guide Tree 0/27
#NNI moves:0/236
Guide Tree 1/27
#NNI moves:1/236
Guide Tree 2/27
#NNI moves:0/236
Guide Tree 3/27
#NNI moves:0/236
Guide Tree 4/27
#NNI moves:0/236
Guide Tree 5/27
#NNI moves:1/236
Guide Tree 6/27
#NNI moves:3/236
Guide Tree 7/27
#NNI moves:0/236
Guide Tree 8/27
#NNI moves:0/236
Guide Tree 9/27
#NNI moves:2/236
Guide Tree 10/27
#NNI moves:0/236
Guide Tree 11/27
#NNI moves:0/236
Guide Tree 12/27
#NNI moves:0/236
Guide Tree 13/27
#NNI moves:0/236
Guide Tree 14/27
#NNI moves:0/236
Guide Tree 15/27
#NNI moves:3/236
Guide Tree 16/27
#NNI moves:0/236
Guide Tree 17/27
#NNI moves:1/236
Guide Tree 18/27
#NNI moves:0/236
Guide Tree 19/27
#NNI moves:0/236
Guide Tree 20/27
#NNI moves:2/236
Guide Tree 21/27
#NNI moves:0/236
Guide Tree 22/27
#NNI moves:0/236
Guide Tree 23/27
#NNI moves:1/236
Guide Tree 24/27
#NNI moves:1/236
Guide Tree 25/27
#NNI moves:1/236
Guide Tree 26/27
#NNI moves:0/236
Remaining: 2
#NNI moves:2/236
#NNI moves:2/236
(((((((((((((T45,T8),T3),((T195,T18),T154)),(((T51,T113),((T70,T44),T128)),(T64,T48))),((T23,T88),(T110,T159))),(((T163,T84),((T146,T80),T112)),(T169,(T185,(T38,T129))))),(T121,T5)),((T165,T52),(T179,T140))),(((((((((T144,T145),T133),(T50,T147)),(T120,(((T199,T35),(T105,T187)),T94))),(T40,T176)),((T149,T186),T74)),(T143,T127)),(((T91,(((T1,T72),T39),T182)),T107),((T157,T96),(T77,T34)))),T29)),((((T137,T116),(((T67,T171),(((T19,T87),T7),T46)),(((T102,T82),T97),T93))),(T78,T28)),(((((T2,T42),((T17,T196),T25)),(((((T191,((T85,T136),T31)),T152),(T161,T167)),T200),T155)),((T89,(((T124,T115),T30),T69)),T117)),((T21,(T43,T100)),T135)))),(((((((((((T13,(T183,T90)),T26),((T158,T114),(T54,T173))),T125),T41),(((((T66,T194),(T71,T59)),(T58,T162)),((T24,T138),T99)),(T103,T61))),(T177,(((((T86,(T148,T65)),T36),(T62,T189)),T15),T60))),(((((T192,T180),T9),((((T4,T122),T172),(T47,T123)),(((T111,T104),(T75,T76)),T175))),(T181,T150)),(((((T188,T12),(T73,T101)),T10),T126),((T130,((T11,T6),T109)),((T92,T184),(T142,T166)))))),(((((((T79,(T83,T193)),T57),T95),((((T37,(T131,T118)),(T198,T108)),T151),T132)),(T81,(T170,T119))),((T55,T16),T14)),T22)),(((((((T197,(((T68,(T20,T168)),(T178,T134)),(T139,T164))),T153),T156),(T98,(T160,T174))),(((T106,T27),T53),T33)),T190),(T63,(T32,T141)))),T0)),T56),T49);
Guide Tree 0/27
#NNI moves:0/236
Guide Tree 1/27
#NNI moves:1/236
Guide Tree 2/27
#NNI moves:1/236
Guide Tree 3/27
#NNI moves:0/236
Guide Tree 4/27
#NNI moves:0/236
Guide Tree 5/27
#NNI moves:1/236
Guide Tree 6/27
#NNI moves:1/236
Guide Tree 7/27
#NNI moves:0/236
Guide Tree 8/27
#NNI moves:0/236
Guide Tree 9/27
#NNI moves:0/236
Guide Tree 10/27
#NNI moves:0/236
Guide Tree 11/27
#NNI moves:1/236
Guide Tree 12/27
#NNI moves:1/236
Guide Tree 13/27
#NNI moves:0/236
Guide Tree 14/27
#NNI moves:0/236
Guide Tree 15/27
#NNI moves:1/236
Guide Tree 16/27
#NNI moves:1/236
Guide Tree 17/27
#NNI moves:1/236
Guide Tree 18/27
#NNI moves:1/236
Guide Tree 19/27
#NNI moves:0/236
Guide Tree 20/27
#NNI moves:1/236
Guide Tree 21/27
#NNI moves:0/236
Guide Tree 22/27
#NNI moves:0/236
Guide Tree 23/27
#NNI moves:0/236
Guide Tree 24/27
#NNI moves:3/236
Guide Tree 25/27
#NNI moves:0/236
Guide Tree 26/27
#NNI moves:3/236
Remaining: 0
#NNI moves:3/236
#NNI moves:3/236
(((((((((((T23,T88),(T110,T159)),((((T18,T195),T154),((T8,T45),T3)),(((T128,(T44,T70)),(T51,T113)),(T48,T64)))),(((T112,(T80,T146)),(T163,T84)),(((T129,T38),T185),T169))),(T5,T121)),((T165,T52),(T179,T140))),((((T143,T127),((T74,(T186,T149)),((T176,T40),(((((T105,T187),(T199,T35)),T94),T120),((T147,T50),((T144,T145),T133)))))),(((T77,T34),(T96,T157)),(((((T1,T72),T39),T182),T91),T107))),T29)),((((((((((T31,(T136,T85)),T191),T152),(T161,T167)),T200),T155),((T42,T2),((T196,T17),T25))),((T89,(((T124,T115),T30),T69)),T117)),((T21,(T43,T100)),T135)),(((((((T87,T19),T7),T46),(T67,T171)),(((T102,T82),T97),T93)),(T116,T137)),(T78,T28)))),(((((((((((T173,T54),(T158,T114)),(((T90,T183),T13),T26)),T125),T41),((((T138,T24),T99),(((T71,T59),(T194,T66)),(T162,T58))),(T103,T61))),((T60,((((T86,(T148,T65)),T36),(T189,T62)),T15)),T177)),((((((T12,T188),(T101,T73)),T10),T126),(((T109,(T11,T6)),T130),((T166,T142),(T92,T184)))),(((T9,(T192,T180)),(((T123,T47),((T4,T122),T172)),(((T76,T75),(T111,T104)),T175))),(T150,T181)))),((((((T151,((T198,T108),((T131,T118),T37))),T132),((T57,(T79,(T83,T193))),T95)),(T81,(T119,T170))),(T14,(T16,T55))),T22)),((((((((((T68,(T168,T20)),(T134,T178)),(T139,T164)),T197),T153),T156),(T98,(T160,T174))),(T33,((T106,T27),T53))),T190),((T32,T141),T63))),T0)),T56),T49);
Guide Tree 0/27
#NNI moves:0/236
Guide Tree 1/27
#NNI moves:0/236
Guide Tree 2/27
#NNI moves:0/236
Guide Tree 3/27
#NNI moves:3/236
Guide Tree 4/27
#NNI moves:3/236
Guide Tree 5/27
#NNI moves:1/236
Guide Tree 6/27
#NNI moves:0/236
Guide Tree 7/27
#NNI moves:0/236
Guide Tree 8/27
#NNI moves:0/236
Guide Tree 9/27
#NNI moves:0/236
Guide Tree 10/27
#NNI moves:0/236
Guide Tree 11/27
#NNI moves:0/236
Guide Tree 12/27
#NNI moves:0/236
Guide Tree 13/27
#NNI moves:1/236
Guide Tree 14/27
#NNI moves:0/236
Guide Tree 15/27
#NNI moves:0/236
Guide Tree 16/27
#NNI moves:1/236
Guide Tree 17/27
#NNI moves:0/236
Guide Tree 18/27
#NNI moves:0/236
Guide Tree 19/27
#NNI moves:3/236
Guide Tree 20/27
#NNI moves:0/236
Guide Tree 21/27
#NNI moves:0/236
Guide Tree 22/27
#NNI moves:0/236
Guide Tree 23/27
#NNI moves:0/236
Guide Tree 24/27
#NNI moves:0/236
Guide Tree 25/27
#NNI moves:0/236
Guide Tree 26/27
#NNI moves:0/236
Remaining: 1
#NNI moves:0/236
#NNI moves:0/236
((((((((((((T3,(T45,T8)),((T18,T195),T154)),((((T70,T44),T128),(T113,T51)),(T64,T48))),((T110,T159),(T23,T88))),((((T80,T146),T112),(T163,T84)),(((T38,T129),T185),T169))),(T121,T5)),((T165,T52),(T140,T179))),(((((T96,T157),(T34,T77)),(((((T72,T1),T39),T182),T91),T107)),((((((T94,((T187,T105),(T35,T199))),T120),((T50,T147),(T133,(T144,T145)))),(T176,T40)),((T186,T149),T74)),(T127,T143))),T29)),(((((((T30,(T115,T124)),T69),T89),T117),((((((T191,((T85,T136),T31)),T152),(T161,T167)),T200),T155),((T2,T42),((T17,T196),T25)))),((T21,(T100,T43)),T135)),(((((T171,T67),((T7,(T19,T87)),T46)),(T93,((T102,T82),T97))),(T116,T137)),(T28,T78)))),(((((((((T180,T192),T9),(((T172,(T122,T4)),(T47,T123)),(((T76,T75),(T111,T104)),T175))),(T150,T181)),(((T130,(T109,(T11,T6))),((T92,T184),(T166,T142))),((((T101,T73),(T188,T12)),T10),T126))),(((((((T54,T173),(T114,T158)),(((T183,T90),T13),T26)),T125),T41),((((T162,T58),((T59,T71),(T194,T66))),((T138,T24),T99)),(T61,T103))),((((((T86,(T65,T148)),T36),(T62,T189)),T15),T60),T177))),(((((((((T118,T131),T37),(T198,T108)),T151),T132),((((T83,T193),T79),T57),T95)),((T119,T170),T81)),((T16,T55),T14)),T22)),((((((T160,T174),T98),((T153,((((T178,T134),(T68,(T20,T168))),(T139,T164)),T197)),T156)),(((T27,T106),T53),T33)),T190),(T63,(T141,T32)))),T0)),T56),T49);
Initial score: 3.53854e+10
Initial tree: ((((((((((((T3,(T45,T8)),((T18,T195),T154)),((((T70,T44),T128),(T113,T51)),(T64,T48))),((T110,T159),(T23,T88))),((((T80,T146),T112),(T163,T84)),(((T38,T129),T185),T169))),(T121,T5)),((T165,T52),(T140,T179))),(((((T96,T157),(T34,T77)),(((((T72,T1),T39),T182),T91),T107)),((((((T94,((T187,T105),(T35,T199))),T120),((T50,T147),(T133,(T144,T145)))),(T176,T40)),((T186,T149),T74)),(T127,T143))),T29)),(((((((T30,(T115,T124)),T69),T89),T117),((((((T191,((T85,T136),T31)),T152),(T161,T167)),T200),T155),((T2,T42),((T17,T196),T25)))),((T21,(T100,T43)),T135)),(((((T171,T67),((T7,(T19,T87)),T46)),(T93,((T102,T82),T97))),(T116,T137)),(T28,T78)))),(((((((((T180,T192),T9),(((T172,(T122,T4)),(T47,T123)),(((T76,T75),(T111,T104)),T175))),(T150,T181)),(((T130,(T109,(T11,T6))),((T92,T184),(T166,T142))),((((T101,T73),(T188,T12)),T10),T126))),(((((((T54,T173),(T114,T158)),(((T183,T90),T13),T26)),T125),T41),((((T162,T58),((T59,T71),(T194,T66))),((T138,T24),T99)),(T61,T103))),((((((T86,(T65,T148)),T36),(T62,T189)),T15),T60),T177))),(((((((((T118,T131),T37),(T198,T108)),T151),T132),((((T83,T193),T79),T57),T95)),((T119,T170),T81)),((T16,T55),T14)),T22)),((((((T160,T174),T98),((T153,((((T178,T134),(T68,(T20,T168))),(T139,T164)),T197)),T156)),(((T27,T106),T53),T33)),T190),(T63,(T141,T32)))),T0)),T56),T49);
*** Subsample Process ***
Use two-step algorithm!
#NNI moves:0/236
Remaining: 0
#NNI moves:0/236
#NNI moves:0/236
((((((((((((((((((((((T58,T162),((T59,T71),(T194,T66))),(T99,(T138,T24))),(T61,T103)),(((((T114,T158),(T173,T54)),((T13,(T183,T90)),T26)),T125),T41)),(((((T36,((T148,T65),T86)),(T62,T189)),T15),T60),T177)),((((((T188,T12),(T101,T73)),T10),T126),((T130,((T11,T6),T109)),((T92,T184),(T142,T166)))),(((T9,(T192,T180)),((T175,((T75,T76),(T104,T111))),((T123,T47),(T172,(T4,T122))))),(T150,T181)))),((((((((T108,T198),((T118,T131),T37)),T151),T132),((((T83,T193),T79),T57),T95)),((T119,T170),T81)),((T16,T55),T14)),T22)),(((((T98,(T174,T160)),(((((((T168,T20),T68),(T134,T178)),(T139,T164)),T197),T153),T156)),(((T27,T106),T53),T33)),T190),((T32,T141),T63))),T0),(T56,T49)),((((((((T87,T19),T7),T46),(T171,T67)),(((T102,T82),T97),T93)),(T116,T137)),(T28,T78)),((((((T196,T17),T25),(T42,T2)),(((((((T85,T136),T31),T191),T152),(T167,T161)),T200),T155)),(((((T115,T124),T30),T69),T89),T117)),(((T43,T100),T21),T135)))),((((((((T72,T1),T39),T182),T91),T107),((T77,T34),(T96,T157))),((((((T50,T147),((T144,T145),T133)),((((T187,T105),(T199,T35)),T94),T120)),(T176,T40)),((T149,T186),T74)),(T143,T127))),T29)),((T52,T165),(T140,T179))),(T121,T5)),(((T163,T84),((T146,T80),T112)),(((T38,T129),T185),T169))),((T110,T159),(T88,T23))),((((T44,T70),T128),(T51,T113)),(T64,T48))),((T18,T195),T154)),T3),T8),T45);
#NNI moves:1/236
Remaining: 0
#NNI moves:4/236
#NNI moves:4/236
(((((((((((((T188,T12),(T73,T101)),T10),T126),(((T142,T166),(T92,T184)),((T109,(T6,T11)),T130))),((((((T75,T76),(T111,T104)),T175),(((T122,T4),T172),(T47,T123))),(T9,(T180,T192))),(T150,T181))),((((((((T65,T148),T86),T36),(T189,T62)),T15),T60),T177),(((T125,((T26,((T90,T183),T13)),((T158,T114),(T54,T173)))),T41),(((((T71,T59),(T66,T194)),(T58,T162)),((T138,T24),T99)),(T103,T61))))),(((((T132,(((T37,(T118,T131)),(T108,T198)),T151)),((((T193,T83),T79),T57),T95)),((T170,T119),T81)),(T14,(T16,T55))),T22)),((((((((((T134,T178),((T168,T20),T68)),(T139,T164)),T197),T153),T156),(T98,(T160,T174))),((T53,(T106,T27)),T33)),T190),((T141,T32),T63))),T0),((((((((T23,T88),(T159,T110)),(((((T44,T70),T128),(T51,T113)),(T48,T64)),(((T45,T8),T3),((T195,T18),T154)))),((T169,((T38,T129),T185)),((T84,T163),((T146,T80),T112)))),(T5,T121)),((T52,T165),(T140,T179))),((((((((((T199,T35),(T187,T105)),T94),T120),((T133,(T145,T144)),(T147,T50))),(T176,T40)),((T186,T149),T74)),(T143,T127)),(((T91,(T182,((T72,T1),T39))),T107),((T34,T77),(T96,T157)))),T29)),(((((((T30,(T115,T124)),T69),T89),T117),((T155,(T200,((((T31,(T136,T85)),T191),T152),(T161,T167)))),(((T17,T196),T25),(T2,T42)))),(((T43,T100),T21),T135)),((((((T7,(T19,T87)),T46),(T67,T171)),(((T102,T82),T97),T93)),(T116,T137)),(T28,T78))))),T49),T56);
#NNI moves:0/236
Remaining: 0
#NNI moves:5/236
#NNI moves:5/236
(((((((((((((((((((((((T31,(T85,T136)),T191),T152),(T161,T167)),T200),T155),(((T17,T196),T25),(T2,T42))),(((((T124,T115),T30),T69),T89),T117)),(((T100,T43),T21),T135)),(((((((T87,T19),T7),T46),(T171,T67)),((T97,(T82,T102)),T93)),(T137,T116)),(T78,T28))),(((((((((((T35,T199),(T105,T187)),T94),T120),(((T145,T144),T133),(T50,T147))),(T40,T176)),(T74,(T149,T186))),(T143,T127)),(((((T39,(T1,T72)),T182),T91),T107),((T157,T96),(T77,T34)))),T29),((((((((T51,T113),(T128,(T44,T70))),(T48,T64)),(((T45,T8),T3),(T154,(T195,T18)))),((T23,T88),(T159,T110))),((T169,((T38,T129),T185)),(((T80,T146),T112),(T84,T163)))),(T5,T121)),((T179,T140),(T165,T52))))),(T49,T56)),T0),(((T32,T141),T63),((((((T197,((((T168,T20),T68),(T134,T178)),(T139,T164))),T153),T156),((T174,T160),T98)),(((T27,T106),T53),T33)),T190))),((((T16,T55),T14),((((((T108,T198),((T118,T131),T37)),T151),T132),((T57,((T193,T83),T79)),T95)),((T170,T119),T81))),T22)),((((((T26,((T183,T90),T13)),((T114,T158),(T173,T54))),T125),T41),(((((T59,T71),(T66,T194)),(T58,T162)),(T99,(T24,T138))),(T61,T103))),((((((T86,(T65,T148)),T36),(T62,T189)),T15),T60),T177))),((((((T104,T111),(T76,T75)),T175),((T123,T47),((T122,T4),T172))),((T192,T180),T9)),(T150,T181))),((((T101,T73),(T188,T12)),T10),T126)),((T142,T166),(T184,T92))),T130),T109),T6),T11);
#NNI moves:0/236
Remaining: 0
#NNI moves:0/236
#NNI moves:0/236
(((((((((((((((T90,T183),T13),T26),((T54,T173),(T114,T158))),T125),T41),((((T58,T162),((T66,T194),(T71,T59))),((T138,T24),T99)),(T61,T103))),((T60,(((T62,T189),(((T148,T65),T86),T36)),T15)),T177)),((((T130,(T109,(T11,T6))),((T184,T92),(T142,T166))),((((T101,T73),(T188,T12)),T10),T126)),((((((T111,T104),(T75,T76)),T175),(((T122,T4),T172),(T47,T123))),((T180,T192),T9)),(T150,T181)))),((((T81,(T119,T170)),(((((T198,T108),((T131,T118),T37)),T151),T132),((((T193,T83),T79),T57),T95))),(T14,(T16,T55))),T22)),(((((((((T164,T139),((T134,T178),((T20,T168),T68))),T197),T153),T156),((T174,T160),T98)),(((T27,T106),T53),T33)),T190),((T141,T32),T63))),T0),((((((((((T113,T51),((T70,T44),T128)),(T48,T64)),(((T195,T18),T154),((T45,T8),T3))),((T88,T23),(T159,T110))),((((T146,T80),T112),(T163,T84)),(((T129,T38),T185),T169))),(T121,T5)),((T165,T52),(T179,T140))),((((((((T147,T50),((T145,T144),T133)),((((T199,T35),(T187,T105)),T94),T120)),(T40,T176)),(T74,(T186,T149))),(T143,T127)),(((T34,T77),(T96,T157)),(T107,((((T1,T72),T39),T182),T91)))),T29)),((((((((((T31,(T85,T136)),T191),T152),(T161,T167)),T200),T155),((T25,(T196,T17)),(T2,T42))),((T89,(T69,((T115,T124),T30))),T117)),(((T100,T43),T21),T135)),(((((T67,T171),((T7,(T87,T19)),T46)),(((T82,T102),T97),T93)),(T137,T116)),(T28,T78))))),T49),T56);
Current score: 3.53854e+10
Current tree: (((((((((((((((T90,T183),T13),T26),((T54,T173),(T114,T158))),T125),T41),((((T58,T162),((T66,T194),(T71,T59))),((T138,T24),T99)),(T61,T103))),((T60,(((T62,T189),(((T148,T65),T86),T36)),T15)),T177)),((((T130,(T109,(T11,T6))),((T184,T92),(T142,T166))),((((T101,T73),(T188,T12)),T10),T126)),((((((T111,T104),(T75,T76)),T175),(((T122,T4),T172),(T47,T123))),((T180,T192),T9)),(T150,T181)))),((((T81,(T119,T170)),(((((T198,T108),((T131,T118),T37)),T151),T132),((((T193,T83),T79),T57),T95))),(T14,(T16,T55))),T22)),(((((((((T164,T139),((T134,T178),((T20,T168),T68))),T197),T153),T156),((T174,T160),T98)),(((T27,T106),T53),T33)),T190),((T141,T32),T63))),T0),((((((((((T113,T51),((T70,T44),T128)),(T48,T64)),(((T195,T18),T154),((T45,T8),T3))),((T88,T23),(T159,T110))),((((T146,T80),T112),(T163,T84)),(((T129,T38),T185),T169))),(T121,T5)),((T165,T52),(T179,T140))),((((((((T147,T50),((T145,T144),T133)),((((T199,T35),(T187,T105)),T94),T120)),(T40,T176)),(T74,(T186,T149))),(T143,T127)),(((T34,T77),(T96,T157)),(T107,((((T1,T72),T39),T182),T91)))),T29)),((((((((((T31,(T85,T136)),T191),T152),(T161,T167)),T200),T155),((T25,(T196,T17)),(T2,T42))),((T89,(T69,((T115,T124),T30))),T117)),(((T100,T43),T21),T135)),(((((T67,T171),((T7,(T87,T19)),T46)),(((T82,T102),T97),T93)),(T137,T116)),(T28,T78))))),T56),T49);
Use two-step algorithm!
#NNI moves:0/236
Remaining: 0
#NNI moves:2/236
#NNI moves:2/236
(((((((((((((((((((((((T133,(T144,T145)),(T50,T147)),((((T35,T199),(T105,T187)),T94),T120)),(T40,T176)),(T74,(T186,T149))),(T143,T127)),(((T91,(((T1,T72),T39),T182)),T107),((T34,T77),(T157,T96)))),T29),(((((((((T44,T70),T128),(T113,T51)),(T48,T64)),((T154,(T195,T18)),((T45,T8),T3))),((T23,T88),(T110,T159))),((T169,((T129,T38),T185)),((T84,T163),(T112,(T80,T146))))),(T5,T121)),((T52,T165),(T179,T140)))),((((((T171,T67),(T46,((T19,T87),T7))),((T97,(T82,T102)),T93)),(T116,T137)),(T28,T78)),(((((((T161,T167),((((T85,T136),T31),T191),T152)),T200),T155),(((T17,T196),T25),(T2,T42))),(T117,(((T30,(T124,T115)),T69),T89))),(((T100,T43),T21),T135)))),(T49,T56)),T0),((((((((((T134,T178),(T68,(T168,T20))),(T164,T139)),T197),T153),T156),((T160,T174),T98)),((T53,(T27,T106)),T33)),T190),((T32,T141),T63))),(((((((((T118,T131),T37),(T108,T198)),T151),T132),(T95,(T57,(T79,(T193,T83))))),(T81,(T119,T170))),((T55,T16),T14)),T22)),((((((T73,T101),(T188,T12)),T10),T126),((((T6,T11),T109),T130),((T184,T92),(T166,T142)))),(((((T172,(T122,T4)),(T47,T123)),(((T76,T75),(T111,T104)),T175)),(T9,(T180,T192))),(T181,T150)))),(((((((T65,T148),T86),T36),(T189,T62)),T15),T60),T177)),((((T24,T138),T99),((T162,T58),((T66,T194),(T71,T59)))),(T103,T61))),T41),T125),((T13,(T90,T183)),T26)),(T173,T54)),T158),T114);
#NNI moves:1/236
Remaining: 0
#NNI moves:2/236
#NNI moves:2/236
(((((((((((((((((((((((((T194,T66),(T59,T71)),(T58,T162)),((T138,T24),T99)),(T103,T61)),(T41,((((T173,T54),(T158,T114)),(((T90,T183),T13),T26)),T125))),(((((T189,T62),(T36,(T86,(T148,T65)))),T15),T60),T177)),((((((T73,T101),(T188,T12)),T10),T126),(((T92,T184),(T142,T166)),(((T6,T11),T109),T130))),((((((T122,T4),T172),(T47,T123)),(((T104,T111),(T76,T75)),T175)),((T180,T192),T9)),(T181,T150)))),(((((T95,(((T83,T193),T79),T57)),((((T198,T108),((T118,T131),T37)),T151),T132)),(T81,(T119,T170))),((T55,T16),T14)),T22)),((((((T160,T174),T98),(T156,((T197,(((T134,T178),((T168,T20),T68)),(T139,T164))),T153))),(((T106,T27),T53),T33)),T190),((T32,T141),T63))),T0),(T56,T49)),((((T137,T116),((((T7,(T87,T19)),T46),(T67,T171)),((T97,(T102,T82)),T93))),(T28,T78)),(((((((T152,((T31,(T136,T85)),T191)),(T161,T167)),T200),T155),(((T196,T17),T25),(T42,T2))),(T117,((((T115,T124),T30),T69),T89))),((T21,(T100,T43)),T135)))),(((((((T154,(T18,T195)),(T3,(T8,T45))),(((T113,T51),(T128,(T70,T44))),(T48,T64))),((T110,T159),(T23,T88))),(((T163,T84),((T146,T80),T112)),(T169,((T129,T38),T185)))),(T5,T121)),((T52,T165),(T179,T140)))),T29),(((((T39,(T72,T1)),T182),T91),T107),((T77,T34),(T96,T157)))),(T127,T143)),((T186,T149),T74)),(T176,T40)),(((T144,T145),T133),(T50,T147))),T120),T94),(T35,T199)),T105),T187);
#NNI moves:0/236
Remaining: 0
#NNI moves:0/236
#NNI moves:0/236
((((((((((((((((((((T113,T51),((T70,T44),T128)),(T48,T64)),(((T8,T45),T3),((T195,T18),T154))),((T110,T159),(T23,T88))),(((T84,T163),((T146,T80),T112)),(T169,((T129,T38),T185)))),(T121,T5)),((T165,T52),(T179,T140))),((((((T149,T186),T74),((((((T35,T199),(T187,T105)),T94),T120),(((T145,T144),T133),(T50,T147))),(T176,T40))),(T127,T143)),((((((T72,T1),T39),T182),T91),T107),((T157,T96),(T34,T77)))),T29)),((((((((T124,T115),T30),T69),T89),T117),((T155,((((T191,((T85,T136),T31)),T152),(T161,T167)),T200)),(((T196,T17),T25),(T2,T42)))),(((T43,T100),T21),T135)),((((((T82,T102),T97),T93),((T171,T67),(T46,(T7,(T19,T87))))),(T137,T116)),(T78,T28)))),(T49,T56)),T0),((((((((((T178,T134),((T168,T20),T68)),(T139,T164)),T197),T153),T156),((T174,T160),T98)),((T53,(T27,T106)),T33)),T190),(T63,(T141,T32)))),(((((((T79,(T83,T193)),T57),T95),((T151,(((T118,T131),T37),(T198,T108))),T132)),((T170,T119),T81)),((T55,T16),T14)),T22)),((((((T101,T73),(T12,T188)),T10),T126),(((T184,T92),(T142,T166)),((T109,(T11,T6)),T130))),((((T175,((T104,T111),(T76,T75))),(((T122,T4),T172),(T47,T123))),((T192,T180),T9)),(T181,T150)))),(((((T62,T189),(((T65,T148),T86),T36)),T15),T60),T177)),((((((T183,T90),T13),T26),((T114,T158),(T54,T173))),T125),T41)),(((T24,T138),T99),((T162,T58),((T71,T59),(T194,T66))))),T61),T103);
#NNI moves:1/236
Remaining: 0
#NNI moves:6/236
#NNI moves:6/236
((((((((((((((((((((((T73,T101),(T12,T188)),T10),T126),(((T184,T92),(T166,T142)),(T130,((T11,T6),T109)))),(((((T47,T123),((T122,T4),T172)),(((T111,T104),(T76,T75)),T175)),(T9,(T192,T180))),(T181,T150))),((((((((T65,T148),T86),T36),(T189,T62)),T15),T60),T177),((((((T158,T114),(T54,T173)),(((T183,T90),T13),T26)),T125),T41),(((T99,(T24,T138)),(((T194,T66),(T59,T71)),(T162,T58))),(T103,T61))))),((((T81,(T119,T170)),((T95,(((T83,T193),T79),T57)),(((((T131,T118),T37),(T198,T108)),T151),T132))),((T16,T55),T14)),T22)),((((((((((T134,T178),((T20,T168),T68)),(T139,T164)),T197),T153),T156),(T98,(T160,T174))),(T33,((T27,T106),T53))),T190),((T32,T141),T63))),T0),(T49,T56)),((((((((T152,(((T85,T136),T31),T191)),(T161,T167)),T200),T155),(((T196,T17),T25),(T2,T42))),(((T69,((T115,T124),T30)),T89),T117)),(((T100,T43),T21),T135)),((((((T102,T82),T97),T93),((T46,(T7,(T87,T19))),(T67,T171))),(T137,T116)),(T28,T78)))),((((((((((T35,T199),(T187,T105)),T94),T120),(((T145,T144),T133),(T147,T50))),(T40,T176)),((T149,T186),T74)),(T127,T143)),(((((T39,(T1,T72)),T182),T91),T107),((T96,T157),(T77,T34)))),T29)),((T52,T165),(T179,T140))),(T121,T5)),((((T38,T129),T185),T169),((T112,(T146,T80)),(T163,T84)))),((T88,T23),(T110,T159))),((T3,(T8,T45)),(T154,(T18,T195)))),(T48,T64)),(T51,T113)),(T70,T44)),T128);
Current score: 3.53854e+10
Current tree: ((T56,(((((((((((T73,T101),(T12,T188)),T10),T126),(((T184,T92),(T166,T142)),(T130,((T11,T6),T109)))),(((((T47,T123),((T122,T4),T172)),(((T111,T104),(T76,T75)),T175)),(T9,(T192,T180))),(T181,T150))),((((((((T65,T148),T86),T36),(T189,T62)),T15),T60),T177),((((((T158,T114),(T54,T173)),(((T183,T90),T13),T26)),T125),T41),(((T99,(T24,T138)),(((T194,T66),(T59,T71)),(T162,T58))),(T103,T61))))),((((T81,(T119,T170)),((T95,(((T83,T193),T79),T57)),(((((T131,T118),T37),(T198,T108)),T151),T132))),((T16,T55),T14)),T22)),((((((((((T134,T178),((T20,T168),T68)),(T139,T164)),T197),T153),T156),(T98,(T160,T174))),(T33,((T27,T106),T53))),T190),((T32,T141),T63))),T0),(((((((((T152,(((T85,T136),T31),T191)),(T161,T167)),T200),T155),(((T196,T17),T25),(T2,T42))),(((T69,((T115,T124),T30)),T89),T117)),(((T100,T43),T21),T135)),((((((T102,T82),T97),T93),((T46,(T7,(T87,T19))),(T67,T171))),(T137,T116)),(T28,T78))),(((((((((((T35,T199),(T187,T105)),T94),T120),(((T145,T144),T133),(T147,T50))),(T40,T176)),((T149,T186),T74)),(T127,T143)),(((((T39,(T1,T72)),T182),T91),T107),((T96,T157),(T77,T34)))),T29),(((T52,T165),(T179,T140)),((T121,T5),(((((T38,T129),T185),T169),((T112,(T146,T80)),(T163,T84))),(((T88,T23),(T110,T159)),(((T3,(T8,T45)),(T154,(T18,T195))),((T48,T64),((T51,T113),((T70,T44),T128)))))))))))),T49);
Final Tree: ((T56,(((((((((((T73,T101),(T12,T188)),T10),T126),(((T184,T92),(T166,T142)),(T130,((T11,T6),T109)))),(((((T47,T123),((T122,T4),T172)),(((T111,T104),(T76,T75)),T175)),(T9,(T192,T180))),(T181,T150))),((((((((T65,T148),T86),T36),(T189,T62)),T15),T60),T177),((((((T158,T114),(T54,T173)),(((T183,T90),T13),T26)),T125),T41),(((T99,(T24,T138)),(((T194,T66),(T59,T71)),(T162,T58))),(T103,T61))))),((((T81,(T119,T170)),((T95,(((T83,T193),T79),T57)),(((((T131,T118),T37),(T198,T108)),T151),T132))),((T16,T55),T14)),T22)),((((((((((T134,T178),((T20,T168),T68)),(T139,T164)),T197),T153),T156),(T98,(T160,T174))),(T33,((T27,T106),T53))),T190),((T32,T141),T63))),T0),(((((((((T152,(((T85,T136),T31),T191)),(T161,T167)),T200),T155),(((T196,T17),T25),(T2,T42))),(((T69,((T115,T124),T30)),T89),T117)),(((T100,T43),T21),T135)),((((((T102,T82),T97),T93),((T46,(T7,(T87,T19))),(T67,T171))),(T137,T116)),(T28,T78))),(((((((((((T35,T199),(T187,T105)),T94),T120),(((T145,T144),T133),(T147,T50))),(T40,T176)),((T149,T186),T74)),(T127,T143)),(((((T39,(T1,T72)),T182),T91),T107),((T96,T157),(T77,T34)))),T29),(((T52,T165),(T179,T140)),((T121,T5),(((((T38,T129),T185),T169),((T112,(T146,T80)),(T163,T84))),(((T88,T23),(T110,T159)),(((T3,(T8,T45)),(T154,(T18,T195))),((T48,T64),((T51,T113),((T70,T44),T128)))))))))))),T49);
Score: 3.538541713e+10

real	2m6.798s
user	43m56.210s
sys	0m19.324s
