Weighted ASTRAL - Hybrid
Version: v1.13.2.3
#Genetrees: 1999
#Species: 201
#Rounds: 4
#Samples: 4
#Threads: 32
Use two-step algorithm!
Guide Tree 0/27
#NNI moves:0/236
Guide Tree 1/27
#NNI moves:0/236
Guide Tree 2/27
#NNI moves:0/236
Guide Tree 3/27
#NNI moves:0/236
Guide Tree 4/27
#NNI moves:3/236
Guide Tree 5/27
#NNI moves:0/236
Guide Tree 6/27
#NNI moves:0/236
Guide Tree 7/27
#NNI moves:0/236
Guide Tree 8/27
#NNI moves:3/236
Guide Tree 9/27
#NNI moves:0/236
Guide Tree 10/27
#NNI moves:0/236
Guide Tree 11/27
#NNI moves:3/236
Guide Tree 12/27
#NNI moves:3/236
Guide Tree 13/27
#NNI moves:0/236
Guide Tree 14/27
#NNI moves:3/236
Guide Tree 15/27
#NNI moves:3/236
Guide Tree 16/27
#NNI moves:3/236
Guide Tree 17/27
#NNI moves:0/236
Guide Tree 18/27
#NNI moves:3/236
Guide Tree 19/27
#NNI moves:1/236
Guide Tree 20/27
#NNI moves:0/236
Guide Tree 21/27
#NNI moves:0/236
Guide Tree 22/27
#NNI moves:3/236
Guide Tree 23/27
#NNI moves:3/236
Guide Tree 24/27
#NNI moves:3/236
Guide Tree 25/27
#NNI moves:0/236
Guide Tree 26/27
#NNI moves:0/236
Remaining: 0
#NNI moves:1/236
#NNI moves:1/236
(((((((((((((((T2,T165),(T162,T90)),((T105,(T191,T30)),T51)),((T88,T11),T170)),((T112,(((T156,T171),T33),((T184,T22),T189))),T29)),(T173,((T181,T166),((((((T118,T133),T137),T169),T193),(T10,(T122,T128))),(T93,(T159,T127)))))),((T155,T176),(((T75,T55),(T160,T134)),((T40,T6),T5)))),(((T183,(((T32,(T47,T58)),T188),T82)),((((T18,T123),T153),T97),(T62,T110))),(((T81,T43),T145),(T132,T69)))),((((T68,(T41,T192)),T141),(T24,(T36,T138))),((T26,(((T46,T4),T125),T61)),(T109,(T199,T95))))),(((((((T142,(T161,T149)),(T44,T197)),T177),((T180,(T99,T120)),T151)),(((((T167,T126),T135),((T72,T100),(T102,T83))),((T144,T45),T107)),((T54,T168),(T73,T28)))),((T178,T31),(T3,T64))),((((T86,T21),((T157,T49),T179)),T17),T85))),(((((((((((T190,(T80,T103)),(T13,T106)),((T60,T78),(T194,T146))),((T19,(T94,T7)),T117)),(T87,(T163,T16))),((T140,T139),T59)),(T96,T39)),((((T130,T42),T76),T52),(((T195,T14),T101),(T27,(T111,T164))))),T129),((((T34,T70),T50),T114),(T56,T84))),T0)),((((((T174,T158),((T8,(T196,T63)),(T104,T91))),(T66,T200)),((((T71,((T198,T124),T175)),T92),((T89,T25),T136)),T79)),(((T37,(T116,T53)),((T108,T1),T121)),((((T23,T119),T77),T15),T148))),(T57,(T98,T113)))),((((T185,T65),T186),((T115,T20),T147)),((((((T154,T172),T150),T182),T38),T67),(T131,T152)))),((((T187,T35),T143),T74),(T12,T9))),T48);
Guide Tree 0/27
#NNI moves:0/236
Guide Tree 1/27
#NNI moves:0/236
Guide Tree 2/27
#NNI moves:0/236
Guide Tree 3/27
#NNI moves:0/236
Guide Tree 4/27
#NNI moves:0/236
Guide Tree 5/27
#NNI moves:0/236
Guide Tree 6/27
#NNI moves:0/236
Guide Tree 7/27
#NNI moves:0/236
Guide Tree 8/27
#NNI moves:0/236
Guide Tree 9/27
#NNI moves:0/236
Guide Tree 10/27
#NNI moves:0/236
Guide Tree 11/27
#NNI moves:0/236
Guide Tree 12/27
#NNI moves:0/236
Guide Tree 13/27
#NNI moves:0/236
Guide Tree 14/27
#NNI moves:0/236
Guide Tree 15/27
#NNI moves:1/236
Guide Tree 16/27
#NNI moves:0/236
Guide Tree 17/27
#NNI moves:0/236
Guide Tree 18/27
#NNI moves:0/236
Guide Tree 19/27
#NNI moves:0/236
Guide Tree 20/27
#NNI moves:0/236
Guide Tree 21/27
#NNI moves:0/236
Guide Tree 22/27
#NNI moves:0/236
Guide Tree 23/27
#NNI moves:3/236
Guide Tree 24/27
#NNI moves:0/236
Guide Tree 25/27
#NNI moves:0/236
Guide Tree 26/27
#NNI moves:0/236
Remaining: 0
#NNI moves:4/236
#NNI moves:4/236
(((((((((((((((T2,T165),(T90,T162)),(T51,(T105,(T30,T191)))),((T11,T88),T170)),(((((T22,T184),T189),((T171,T156),T33)),T112),T29)),(((((T159,T127),T93),((T193,(((T133,T118),T137),T169)),((T128,T122),T10))),(T166,T181)),T173)),(((T5,(T40,T6)),((T75,T55),(T134,T160))),(T176,T155))),((((T81,T43),T145),(T69,T132)),(((T62,T110),(((T123,T18),T153),T97)),((((T32,(T47,T58)),T188),T82),T183)))),((((T199,T95),T109),(((T125,(T4,T46)),T61),T26)),((((T192,T41),T68),T141),((T138,T36),T24)))),((((((((T161,T149),T142),(T44,T197)),T177),(((T120,T99),T180),T151)),(((((T167,T126),T135),((T102,T83),(T72,T100))),((T45,T144),T107)),((T73,T28),(T54,T168)))),((T64,T3),(T178,T31))),(((((T49,T157),T179),(T86,T21)),T17),T85))),((((((((((((T80,T103),T190),(T13,T106)),((T146,T194),(T60,T78))),(((T94,T7),T19),T117)),(T87,(T16,T163))),((T139,T140),T59)),(T96,T39)),((((T14,T195),T101),((T164,T111),T27)),((T76,(T42,T130)),T52))),T129),((T84,T56),((T50,(T70,T34)),T114))),T0)),(((((((T91,T104),((T63,T196),T8)),(T174,T158)),(T66,T200)),((((T71,((T198,T124),T175)),T92),(T136,(T25,T89))),T79)),(((T37,(T116,T53)),((T108,T1),T121)),(((T77,(T23,T119)),T15),T148))),((T98,T113),T57))),((((T65,T185),T186),((T115,T20),T147)),((((((T172,T154),T150),T182),T38),T67),(T131,T152)))),((T12,T9),(((T187,T35),T143),T74))),T48);
Guide Tree 0/27
#NNI moves:1/236
Guide Tree 1/27
#NNI moves:0/236
Guide Tree 2/27
#NNI moves:0/236
Guide Tree 3/27
#NNI moves:1/236
Guide Tree 4/27
#NNI moves:1/236
Guide Tree 5/27
#NNI moves:0/236
Guide Tree 6/27
#NNI moves:0/236
Guide Tree 7/27
#NNI moves:0/236
Guide Tree 8/27
#NNI moves:0/236
Guide Tree 9/27
#NNI moves:0/236
Guide Tree 10/27
#NNI moves:0/236
Guide Tree 11/27
#NNI moves:2/236
Guide Tree 12/27
#NNI moves:1/236
Guide Tree 13/27
#NNI moves:1/236
Guide Tree 14/27
#NNI moves:1/236
Guide Tree 15/27
#NNI moves:0/236
Guide Tree 16/27
#NNI moves:1/236
Guide Tree 17/27
#NNI moves:1/236
Guide Tree 18/27
#NNI moves:1/236
Guide Tree 19/27
#NNI moves:0/236
Guide Tree 20/27
#NNI moves:2/236
Guide Tree 21/27
#NNI moves:1/236
Guide Tree 22/27
#NNI moves:0/236
Guide Tree 23/27
#NNI moves:1/236
Guide Tree 24/27
#NNI moves:1/236
Guide Tree 25/27
#NNI moves:4/236
Guide Tree 26/27
#NNI moves:1/236
Remaining: 1
#NNI moves:1/236
#NNI moves:1/236
(((((((((((((T170,(T11,T88)),(((T162,T90),(T165,T2)),(((T191,T30),T105),T51))),(((((T184,T22),T189),((T171,T156),T33)),T112),T29)),((((((T122,T128),T10),((((T118,T133),T137),T169),T193)),(T93,(T159,T127))),(T181,T166)),T173)),((T155,T176),(((T75,T55),(T134,T160)),((T6,T40),T5)))),(((((T153,(T123,T18)),T97),(T110,T62)),((((T32,(T58,T47)),T188),T82),T183)),((T132,T69),((T81,T43),T145)))),((((((T46,T4),T125),T61),T26),((T199,T95),T109)),((T141,((T192,T41),T68)),(T24,(T138,T36))))),((((((((T167,T126),T135),((T72,T100),(T102,T83))),((T45,T144),T107)),((T73,T28),(T168,T54))),((((T142,(T161,T149)),(T197,T44)),T177),(((T120,T99),T180),T151))),((T31,T178),(T3,T64))),(T85,((((T157,T49),T179),(T86,T21)),T17)))),((((((T39,T96),((((T163,T16),T87),((((T194,T146),(T60,T78)),((T13,T106),((T80,T103),T190))),((T19,(T7,T94)),T117))),(T59,(T140,T139)))),((((T14,T195),T101),((T111,T164),T27)),((T76,(T42,T130)),T52))),T129),(((T50,(T70,T34)),T114),(T56,T84))),T0)),(((((T121,(T108,T1)),(T37,(T53,T116))),(T148,((T77,(T23,T119)),T15))),((((T136,(T25,T89)),((((T124,T198),T175),T71),T92)),T79),((((T8,(T63,T196)),(T91,T104)),(T158,T174)),(T200,T66)))),(T57,(T113,T98)))),(((((((T172,T154),T150),T182),T38),T67),(T152,T131)),((T147,(T115,T20)),((T185,T65),T186)))),((((T187,T35),T143),T74),(T9,T12))),T48);
Guide Tree 0/27
#NNI moves:0/236
Guide Tree 1/27
#NNI moves:0/236
Guide Tree 2/27
#NNI moves:0/236
Guide Tree 3/27
#NNI moves:0/236
Guide Tree 4/27
#NNI moves:0/236
Guide Tree 5/27
#NNI moves:0/236
Guide Tree 6/27
#NNI moves:0/236
Guide Tree 7/27
#NNI moves:0/236
Guide Tree 8/27
#NNI moves:0/236
Guide Tree 9/27
#NNI moves:0/236
Guide Tree 10/27
#NNI moves:0/236
Guide Tree 11/27
#NNI moves:0/236
Guide Tree 12/27
#NNI moves:0/236
Guide Tree 13/27
#NNI moves:0/236
Guide Tree 14/27
#NNI moves:0/236
Guide Tree 15/27
#NNI moves:0/236
Guide Tree 16/27
#NNI moves:0/236
Guide Tree 17/27
#NNI moves:0/236
Guide Tree 18/27
#NNI moves:0/236
Guide Tree 19/27
#NNI moves:0/236
Guide Tree 20/27
#NNI moves:0/236
Guide Tree 21/27
#NNI moves:0/236
Guide Tree 22/27
#NNI moves:0/236
Guide Tree 23/27
#NNI moves:0/236
Guide Tree 24/27
#NNI moves:0/236
Guide Tree 25/27
#NNI moves:0/236
Guide Tree 26/27
#NNI moves:0/236
Remaining: 1
#NNI moves:0/236
#NNI moves:0/236
(((((((((((((((T10,(T122,T128)),((T169,((T133,T118),T137)),T193)),((T159,T127),T93)),(T166,T181)),T173),(((((T105,(T191,T30)),T51),((T90,T162),(T165,T2))),(T170,(T88,T11))),((((T33,(T171,T156)),((T22,T184),T189)),T112),T29))),(((T5,(T6,T40)),((T160,T134),(T55,T75))),(T176,T155))),(((((T153,(T18,T123)),T97),(T110,T62)),((((T32,(T47,T58)),T188),T82),T183)),(((T43,T81),T145),(T132,T69)))),(((((T192,T41),T68),T141),(T24,(T36,T138))),(((T95,T199),T109),((((T46,T4),T125),T61),T26)))),((((((((T83,T102),(T100,T72)),((T126,T167),T135)),((T45,T144),T107)),((T73,T28),(T54,T168))),((((T197,T44),((T149,T161),T142)),T177),(((T99,T120),T180),T151))),((T64,T3),(T178,T31))),(T85,(((T21,T86),(T179,(T157,T49))),T17)))),((((((((T139,T140),T59),(((T117,((T94,T7),T19)),(((T146,T194),(T78,T60)),((T106,T13),((T103,T80),T190)))),(T87,(T16,T163)))),(T96,T39)),((T52,(T76,(T130,T42))),(((T164,T111),T27),((T14,T195),T101)))),T129),((T114,((T34,T70),T50)),(T56,T84))),T0)),(((((T200,T66),((((T63,T196),T8),(T104,T91)),(T158,T174))),((((T89,T25),T136),((((T124,T198),T175),T71),T92)),T79)),(((((T23,T119),T77),T15),T148),((T37,(T53,T116)),((T1,T108),T121)))),((T98,T113),T57))),(((((T182,((T172,T154),T150)),T38),T67),(T152,T131)),(((T185,T65),T186),(T147,(T20,T115))))),((T9,T12),(((T187,T35),T143),T74))),T48);
Initial score: 2.67654e+10
Initial tree: (((((((((((((((T10,(T122,T128)),((T169,((T133,T118),T137)),T193)),((T159,T127),T93)),(T166,T181)),T173),(((((T105,(T191,T30)),T51),((T90,T162),(T165,T2))),(T170,(T88,T11))),((((T33,(T171,T156)),((T22,T184),T189)),T112),T29))),(((T5,(T6,T40)),((T160,T134),(T55,T75))),(T176,T155))),(((((T153,(T18,T123)),T97),(T110,T62)),((((T32,(T47,T58)),T188),T82),T183)),(((T43,T81),T145),(T132,T69)))),(((((T192,T41),T68),T141),(T24,(T36,T138))),(((T95,T199),T109),((((T46,T4),T125),T61),T26)))),((((((((T83,T102),(T100,T72)),((T126,T167),T135)),((T45,T144),T107)),((T73,T28),(T54,T168))),((((T197,T44),((T149,T161),T142)),T177),(((T99,T120),T180),T151))),((T64,T3),(T178,T31))),(T85,(((T21,T86),(T179,(T157,T49))),T17)))),((((((((T139,T140),T59),(((T117,((T94,T7),T19)),(((T146,T194),(T78,T60)),((T106,T13),((T103,T80),T190)))),(T87,(T16,T163)))),(T96,T39)),((T52,(T76,(T130,T42))),(((T164,T111),T27),((T14,T195),T101)))),T129),((T114,((T34,T70),T50)),(T56,T84))),T0)),(((((T200,T66),((((T63,T196),T8),(T104,T91)),(T158,T174))),((((T89,T25),T136),((((T124,T198),T175),T71),T92)),T79)),(((((T23,T119),T77),T15),T148),((T37,(T53,T116)),((T1,T108),T121)))),((T98,T113),T57))),(((((T182,((T172,T154),T150)),T38),T67),(T152,T131)),(((T185,T65),T186),(T147,(T20,T115))))),((T9,T12),(((T187,T35),T143),T74))),T48);
*** Subsample Process ***
Use two-step algorithm!
#NNI moves:0/236
Remaining: 1
#NNI moves:0/236
#NNI moves:0/236
(((((((((((((((((((((T63,T196),T8),(T91,T104)),(T158,T174)),(T200,T66)),(((T136,(T89,T25)),(T92,(((T124,T198),T175),T71))),T79)),(((T15,(T77,(T119,T23))),T148),((T121,(T108,T1)),((T116,T53),T37)))),(T57,(T113,T98))),((((T12,T9),(((T187,T35),T143),T74)),T48),((((T38,(((T154,T172),T150),T182)),T67),(T152,T131)),(((T20,T115),T147),(T186,(T65,T185)))))),(((((((T76,(T42,T130)),T52),((T101,(T14,T195)),((T111,T164),T27))),(((((((T94,T7),T19),T117),((((T80,T103),T190),(T106,T13)),((T78,T60),(T194,T146)))),(T87,(T16,T163))),((T139,T140),T59)),(T39,T96))),T129),(((T50,(T70,T34)),T114),(T56,T84))),T0)),((((((((T100,T72),(T102,T83)),(T135,(T126,T167))),((T45,T144),T107)),((T54,T168),(T73,T28))),((((T142,(T149,T161)),(T197,T44)),T177),((T180,(T99,T120)),T151))),((T178,T31),(T64,T3))),(((((T157,T49),T179),(T21,T86)),T17),T85))),((((T95,T199),T109),((((T46,T4),T125),T61),T26)),(((T138,T36),T24),((T68,(T192,T41)),T141)))),((((T97,((T18,T123),T153)),(T62,T110)),(((((T47,T58),T32),T188),T82),T183)),(((T43,T81),T145),(T132,T69)))),((((T160,T134),(T75,T55)),(T5,(T40,T6))),(T155,T176))),(((((T2,T165),(T90,T162)),(T51,((T30,T191),T105))),((T88,T11),T170)),((((T33,(T171,T156)),(T189,(T184,T22))),T112),T29))),T173),(T166,T181)),((T10,(T122,T128)),((T169,((T118,T133),T137)),T193))),T93),T127),T159);
#NNI moves:0/236
Remaining: 0
#NNI moves:0/236
#NNI moves:0/236
((((((((((((((((T93,(T159,T127)),((T193,(T169,(T137,(T118,T133)))),((T122,T128),T10))),(T181,T166)),T173),((((((T156,T171),T33),((T22,T184),T189)),T112),T29),(((((T30,T191),T105),T51),((T165,T2),(T162,T90))),((T88,T11),T170)))),((((T55,T75),(T160,T134)),((T40,T6),T5)),(T155,T176))),(((((((T58,T47),T32),T188),T82),T183),((T97,(T153,(T18,T123))),(T62,T110))),((T69,T132),(T145,(T81,T43))))),((((((T46,T4),T125),T61),T26),((T95,T199),T109)),(((T68,(T192,T41)),T141),((T138,T36),T24)))),(((((((T135,(T167,T126)),((T83,T102),(T100,T72))),((T144,T45),T107)),((T168,T54),(T28,T73))),((T151,(T180,(T99,T120))),(((T44,T197),((T161,T149),T142)),T177))),((T178,T31),(T64,T3))),(((((T157,T49),T179),(T86,T21)),T17),T85))),(((((((((((T78,T60),(T146,T194)),((T106,T13),((T80,T103),T190))),(((T94,T7),T19),T117)),((T16,T163),T87)),((T140,T139),T59)),(T96,T39)),((((T195,T14),T101),((T111,T164),T27)),(((T130,T42),T76),T52))),T129),((T114,((T34,T70),T50)),(T56,T84))),T0)),((((((((T196,T63),T8),(T91,T104)),(T174,T158)),(T200,T66)),(((((T175,(T124,T198)),T71),T92),(T136,(T89,T25))),T79)),((T148,((T77,(T119,T23)),T15)),(((T1,T108),T121),(T37,(T53,T116))))),((T113,T98),T57))),(((((T182,((T154,T172),T150)),T38),T67),(T131,T152)),((T147,(T115,T20)),((T65,T185),T186)))),T48),(T74,((T35,T187),T143))),T9),T12);
#NNI moves:0/236
Remaining: 0
#NNI moves:1/236
#NNI moves:1/236
(((((((((((((((((((((((((T103,T80),T190),(T106,T13)),((T78,T60),(T194,T146))),((T19,(T94,T7)),T117)),((T163,T16),T87)),((T139,T140),T59)),(T39,T96)),(((T101,(T195,T14)),((T111,T164),T27)),(((T42,T130),T76),T52))),T129),((((T34,T70),T50),T114),(T56,T84))),T0),(((((((T158,T174),((T8,(T196,T63)),(T91,T104))),(T66,T200)),((((T71,((T124,T198),T175)),T92),((T89,T25),T136)),T79)),(((T37,(T53,T116)),((T1,T108),T121)),(T148,(((T23,T119),T77),T15)))),(T57,(T98,T113))),(((((((T150,(T172,T154)),T182),T38),T67),(T152,T131)),(((T115,T20),T147),((T65,T185),T186))),((((T143,(T187,T35)),T74),(T9,T12)),T48)))),(((((((T44,T197),(T142,(T161,T149))),T177),(((T120,T99),T180),T151)),(((((T72,T100),(T102,T83)),((T167,T126),T135)),((T144,T45),T107)),((T168,T54),(T28,T73)))),((T31,T178),(T64,T3))),(((((T157,T49),T179),(T21,T86)),T17),T85))),(((((T41,T192),T68),T141),((T36,T138),T24)),((((T125,(T4,T46)),T61),T26),(T109,(T199,T95))))),((((T110,T62),(((T123,T18),T153),T97)),(T183,((T188,(T32,(T47,T58))),T82))),((T132,T69),((T43,T81),T145)))),((T176,T155),(((T55,T75),(T134,T160)),((T40,T6),T5)))),((((((((T118,T133),T137),T169),T193),((T128,T122),T10)),((T159,T127),T93)),(T166,T181)),T173)),((((T33,(T156,T171)),(T189,(T184,T22))),T112),T29)),((T88,T11),T170)),((T90,T162),(T2,T165))),T51),T105),T191),T30);
#NNI moves:0/236
Remaining: 0
#NNI moves:0/236
#NNI moves:0/236
((((((((((((((((T51,((T30,T191),T105)),((T162,T90),(T165,T2))),((T11,T88),T170)),(T29,((((T22,T184),T189),((T156,T171),T33)),T112))),(((((T10,(T122,T128)),(((T137,(T118,T133)),T169),T193)),((T127,T159),T93)),(T166,T181)),T173)),((T155,T176),((T5,(T6,T40)),((T134,T160),(T75,T55))))),((((((T32,(T58,T47)),T188),T82),T183),((T110,T62),((T153,(T123,T18)),T97))),((T132,T69),((T43,T81),T145)))),((((T138,T36),T24),(((T41,T192),T68),T141)),(((T61,((T4,T46),T125)),T26),((T95,T199),T109)))),(((((((T120,T99),T180),T151),((((T161,T149),T142),(T197,T44)),T177)),(((((T83,T102),(T100,T72)),((T126,T167),T135)),((T144,T45),T107)),((T54,T168),(T28,T73)))),((T31,T178),(T64,T3))),(((((T157,T49),T179),(T86,T21)),T17),T85))),((((((((((((T103,T80),T190),(T13,T106)),((T194,T146),(T60,T78))),(((T94,T7),T19),T117)),(T87,(T163,T16))),((T139,T140),T59)),(T39,T96)),(((T27,(T111,T164)),((T195,T14),T101)),(((T42,T130),T76),T52))),T129),((((T70,T34),T50),T114),(T56,T84))),T0)),((T57,(T113,T98)),(((((((T196,T63),T8),(T91,T104)),(T158,T174)),(T66,T200)),(((((T175,(T198,T124)),T71),T92),(T136,(T25,T89))),T79)),((((T116,T53),T37),((T1,T108),T121)),((((T23,T119),T77),T15),T148))))),(((((((T172,T154),T150),T182),T38),T67),(T152,T131)),(((T65,T185),T186),((T20,T115),T147)))),T48),(T12,T9)),(T143,(T187,T35))),T74);
Current score: 2.67654e+10
Current tree: ((((((((((((((T51,((T30,T191),T105)),((T162,T90),(T165,T2))),((T11,T88),T170)),(T29,((((T22,T184),T189),((T156,T171),T33)),T112))),(((((T10,(T122,T128)),(((T137,(T118,T133)),T169),T193)),((T127,T159),T93)),(T166,T181)),T173)),((T155,T176),((T5,(T6,T40)),((T134,T160),(T75,T55))))),((((((T32,(T58,T47)),T188),T82),T183),((T110,T62),((T153,(T123,T18)),T97))),((T132,T69),((T43,T81),T145)))),((((T138,T36),T24),(((T41,T192),T68),T141)),(((T61,((T4,T46),T125)),T26),((T95,T199),T109)))),(((((((T120,T99),T180),T151),((((T161,T149),T142),(T197,T44)),T177)),(((((T83,T102),(T100,T72)),((T126,T167),T135)),((T144,T45),T107)),((T54,T168),(T28,T73)))),((T31,T178),(T64,T3))),(((((T157,T49),T179),(T86,T21)),T17),T85))),((((((((((((T103,T80),T190),(T13,T106)),((T194,T146),(T60,T78))),(((T94,T7),T19),T117)),(T87,(T163,T16))),((T139,T140),T59)),(T39,T96)),(((T27,(T111,T164)),((T195,T14),T101)),(((T42,T130),T76),T52))),T129),((((T70,T34),T50),T114),(T56,T84))),T0)),((T57,(T113,T98)),(((((((T196,T63),T8),(T91,T104)),(T158,T174)),(T66,T200)),(((((T175,(T198,T124)),T71),T92),(T136,(T25,T89))),T79)),((((T116,T53),T37),((T1,T108),T121)),((((T23,T119),T77),T15),T148))))),(((((((T172,T154),T150),T182),T38),T67),(T152,T131)),(((T65,T185),T186),((T20,T115),T147)))),((T12,T9),((T143,(T187,T35)),T74))),T48);
Use two-step algorithm!
#NNI moves:0/236
Remaining: 0
#NNI moves:1/236
#NNI moves:1/236
((((((((((((((((((((T104,T91),(T8,(T196,T63))),(T158,T174)),(T66,T200)),((((T89,T25),T136),((T71,(T175,(T124,T198))),T92)),T79)),((((T53,T116),T37),((T108,T1),T121)),(T148,((T77,(T119,T23)),T15)))),((T113,T98),T57)),(((((T20,T115),T147),((T65,T185),T186)),((T67,((T182,(T150,(T154,T172))),T38)),(T152,T131))),(((T12,T9),(((T35,T187),T143),T74)),T48))),((((((T39,T96),((((T163,T16),T87),(((((T80,T103),T190),(T106,T13)),((T146,T194),(T60,T78))),(T117,((T94,T7),T19)))),((T139,T140),T59))),((((T111,T164),T27),((T195,T14),T101)),(T52,((T42,T130),T76)))),T129),((T114,((T70,T34),T50)),(T84,T56))),T0)),(((((((T197,T44),((T149,T161),T142)),T177),(((T120,T99),T180),T151)),((((T135,(T167,T126)),((T72,T100),(T83,T102))),((T45,T144),T107)),((T28,T73),(T168,T54)))),((T3,T64),(T31,T178))),((((T21,T86),((T157,T49),T179)),T17),T85))),(((((T41,T192),T68),T141),(T24,(T36,T138))),((T26,(((T4,T46),T125),T61)),((T95,T199),T109)))),((((T97,((T123,T18),T153)),(T110,T62)),((T82,(((T58,T47),T32),T188)),T183)),((T145,(T43,T81)),(T132,T69)))),((((T55,T75),(T160,T134)),((T40,T6),T5)),(T176,T155))),((((((((T118,T133),T137),T169),T193),((T128,T122),T10)),((T127,T159),T93)),(T181,T166)),T173)),(T29,(T112,(((T156,T171),T33),((T184,T22),T189))))),((T88,T11),T170)),(T51,(T105,(T191,T30)))),(T162,T90)),T2),T165);
#NNI moves:0/236
Remaining: 1
#NNI moves:5/236
#NNI moves:5/236
((((((((((((((((((T193,((T137,(T118,T133)),T169)),((T122,T128),T10)),((T127,T159),T93)),(T181,T166)),T173),(((T112,((T33,(T156,T171)),((T22,T184),T189))),T29),(((T11,T88),T170),(((T162,T90),(T165,T2)),((T105,(T191,T30)),T51))))),((((T160,T134),(T75,T55)),((T6,T40),T5)),(T176,T155))),((((T97,(T153,(T123,T18))),(T110,T62)),(((((T47,T58),T32),T188),T82),T183)),(((T81,T43),T145),(T69,T132)))),((((T199,T95),T109),(T26,(((T46,T4),T125),T61))),((((T192,T41),T68),T141),((T36,T138),T24)))),((((((T28,T73),(T54,T168)),(((T45,T144),T107),(((T72,T100),(T102,T83)),((T126,T167),T135)))),((((T120,T99),T180),T151),(((T142,(T161,T149)),(T44,T197)),T177))),((T31,T178),(T64,T3))),(((((T157,T49),T179),(T21,T86)),T17),T85))),((((((((((((T103,T80),T190),(T13,T106)),((T78,T60),(T146,T194))),((T19,(T7,T94)),T117)),(T87,(T16,T163))),(T59,(T139,T140))),(T96,T39)),((((T42,T130),T76),T52),(((T111,T164),T27),(T101,(T195,T14))))),T129),((T114,((T70,T34),T50)),(T84,T56))),T0)),(((((((T104,T91),((T63,T196),T8)),(T158,T174)),(T66,T200)),((((((T124,T198),T175),T71),T92),(T136,(T89,T25))),T79)),((T148,(((T23,T119),T77),T15)),(((T1,T108),T121),((T53,T116),T37)))),((T98,T113),T57))),(((T9,T12),(((T187,T35),T143),T74)),T48)),(((T38,(((T154,T172),T150),T182)),T67),(T131,T152))),(T147,(T20,T115))),T186),T185),T65);
#NNI moves:0/236
Remaining: 0
#NNI moves:4/236
#NNI moves:4/236
((((((((((((((((((T90,T162),(T2,T165)),(((T30,T191),T105),T51)),((T88,T11),T170)),(((((T184,T22),T189),((T156,T171),T33)),T112),T29)),((((T93,(T159,T127)),(((T128,T122),T10),((((T118,T133),T137),T169),T193))),(T166,T181)),T173)),((((T134,T160),(T55,T75)),((T40,T6),T5)),(T155,T176))),((((T110,T62),((T153,(T123,T18)),T97)),((T82,((T32,(T47,T58)),T188)),T183)),((T145,(T43,T81)),(T132,T69)))),((((T68,(T192,T41)),T141),((T36,T138),T24)),((((T125,(T46,T4)),T61),T26),((T199,T95),T109)))),(((((((T45,T144),T107),(((T126,T167),T135),((T83,T102),(T72,T100)))),((T54,T168),(T73,T28))),(((T180,(T120,T99)),T151),(((T197,T44),((T161,T149),T142)),T177))),((T178,T31),(T3,T64))),(T85,((((T49,T157),T179),(T21,T86)),T17)))),((((((((((((T103,T80),T190),(T106,T13)),((T78,T60),(T146,T194))),(T117,((T7,T94),T19))),((T16,T163),T87)),(T59,(T140,T139))),(T96,T39)),((((T164,T111),T27),((T195,T14),T101)),(((T42,T130),T76),T52))),T129),((T114,((T34,T70),T50)),(T84,T56))),T0)),(((((((T91,T104),((T63,T196),T8)),(T158,T174)),(T200,T66)),(T79,(((((T198,T124),T175),T71),T92),(T136,(T89,T25))))),((((T116,T53),T37),(T121,(T1,T108))),((T15,((T119,T23),T77)),T148))),(T57,(T98,T113)))),((((((T150,(T154,T172)),T182),T38),T67),(T131,T152)),(((T65,T185),T186),((T20,T115),T147)))),T48),(T12,T9)),T74),(T187,T35)),T143);
#NNI moves:0/236
Remaining: 1
#NNI moves:5/236
#NNI moves:5/236
((((((((((((((((((((T111,T164),T27),((T14,T195),T101)),(((T130,T42),T76),T52)),(((((((T194,T146),(T60,T78)),((T106,T13),(T190,(T103,T80)))),(T117,((T7,T94),T19))),((T163,T16),T87)),((T139,T140),T59)),(T39,T96))),T129),((T114,(T50,(T70,T34))),(T84,T56))),T0),((((((T121,(T1,T108)),((T116,T53),T37)),(((T77,(T23,T119)),T15),T148)),(((T66,T200),(((T104,T91),((T63,T196),T8)),(T158,T174))),((((T25,T89),T136),(T92,((T175,(T124,T198)),T71))),T79))),((T98,T113),T57)),((((T147,(T115,T20)),((T65,T185),T186)),((T152,T131),((T38,(((T154,T172),T150),T182)),T67))),(((T74,(T143,(T187,T35))),(T9,T12)),T48)))),(((((((T144,T45),T107),(((T72,T100),(T102,T83)),((T126,T167),T135))),((T54,T168),(T28,T73))),(((((T149,T161),T142),(T197,T44)),T177),(((T99,T120),T180),T151))),((T3,T64),(T31,T178))),(((((T157,T49),T179),(T21,T86)),T17),T85))),(((((T41,T192),T68),T141),((T36,T138),T24)),(((((T4,T46),T125),T61),T26),((T199,T95),T109)))),((((T82,(((T58,T47),T32),T188)),T183),((T62,T110),(T97,((T123,T18),T153)))),((T69,T132),((T43,T81),T145)))),((((T55,T75),(T134,T160)),((T6,T40),T5)),(T155,T176))),((((((T169,((T118,T133),T137)),T193),(T10,(T128,T122))),(T93,(T159,T127))),(T181,T166)),T173)),((T112,(((T171,T156),T33),((T184,T22),T189))),T29)),((T11,T88),T170)),(T51,(T105,(T30,T191)))),(T90,T162)),T165),T2);
Current score: 2.67654e+10
Current tree: ((((T74,(T143,(T187,T35))),(T9,T12)),((((T147,(T115,T20)),((T65,T185),T186)),((T152,T131),((T38,(((T154,T172),T150),T182)),T67))),((((((T121,(T1,T108)),((T116,T53),T37)),(((T77,(T23,T119)),T15),T148)),(((T66,T200),(((T104,T91),((T63,T196),T8)),(T158,T174))),((((T25,T89),T136),(T92,((T175,(T124,T198)),T71))),T79))),((T98,T113),T57)),(((((((((T111,T164),T27),((T14,T195),T101)),(((T130,T42),T76),T52)),(((((((T194,T146),(T60,T78)),((T106,T13),(T190,(T103,T80)))),(T117,((T7,T94),T19))),((T163,T16),T87)),((T139,T140),T59)),(T39,T96))),T129),((T114,(T50,(T70,T34))),(T84,T56))),T0),((((((((T144,T45),T107),(((T72,T100),(T102,T83)),((T126,T167),T135))),((T54,T168),(T28,T73))),(((((T149,T161),T142),(T197,T44)),T177),(((T99,T120),T180),T151))),((T3,T64),(T31,T178))),(((((T157,T49),T179),(T21,T86)),T17),T85)),((((((T41,T192),T68),T141),((T36,T138),T24)),(((((T4,T46),T125),T61),T26),((T199,T95),T109))),(((((T82,(((T58,T47),T32),T188)),T183),((T62,T110),(T97,((T123,T18),T153)))),((T69,T132),((T43,T81),T145))),(((((T55,T75),(T134,T160)),((T6,T40),T5)),(T155,T176)),(((((((T169,((T118,T133),T137)),T193),(T10,(T128,T122))),(T93,(T159,T127))),(T181,T166)),T173),(((T112,(((T171,T156),T33),((T184,T22),T189))),T29),(((T11,T88),T170),((T51,(T105,(T30,T191))),((T90,T162),(T165,T2)))))))))))))),T48);
Use two-step algorithm!
#NNI moves:0/236
Remaining: 1
#NNI moves:6/236
#NNI moves:6/236
((((((((((((((((((T33,(T171,T156)),(T189,(T22,T184))),T112),T29),(((((T30,T191),T105),T51),((T90,T162),(T2,T165))),((T11,T88),T170))),((((((((T118,T133),T137),T169),T193),((T122,T128),T10)),(T93,(T159,T127))),(T181,T166)),T173)),((((T75,T55),(T160,T134)),((T40,T6),T5)),(T176,T155))),(((((((T58,T47),T32),T188),T82),T183),((T97,((T18,T123),T153)),(T62,T110))),(((T43,T81),T145),(T132,T69)))),((((T138,T36),T24),((T68,(T192,T41)),T141)),((T109,(T95,T199)),((T61,((T46,T4),T125)),T26)))),(((((((T120,T99),T180),T151),(((T44,T197),(T142,(T149,T161))),T177)),(((((T126,T167),T135),((T72,T100),(T102,T83))),((T144,T45),T107)),((T73,T28),(T168,T54)))),((T64,T3),(T178,T31))),(((((T49,T157),T179),(T86,T21)),T17),T85))),(((((((((((T190,(T80,T103)),(T106,T13)),((T194,T146),(T78,T60))),(((T7,T94),T19),T117)),((T163,T16),T87)),((T140,T139),T59)),(T39,T96)),((((T195,T14),T101),((T111,T164),T27)),(((T42,T130),T76),T52))),T129),((T56,T84),(((T70,T34),T50),T114))),T0)),(((((((T25,T89),T136),((T71,((T124,T198),T175)),T92)),T79),((((T91,T104),((T63,T196),T8)),(T158,T174)),(T200,T66))),((((T53,T116),T37),((T1,T108),T121)),(((T77,(T23,T119)),T15),T148))),((T98,T113),T57))),(((T147,(T115,T20)),((T65,T185),T186)),((T152,T131),(((T182,(T150,(T172,T154))),T38),T67)))),T48),(T9,T12)),T74),(T35,T187)),T143);
#NNI moves:0/236
Remaining: 0
#NNI moves:0/236
#NNI moves:0/236
((((((((((((((((((((T53,T116),T37),((T108,T1),T121)),(((T77,(T119,T23)),T15),T148)),(((((((T198,T124),T175),T71),T92),((T89,T25),T136)),T79),(((((T196,T63),T8),(T91,T104)),(T158,T174)),(T66,T200)))),(T57,(T98,T113))),((((T9,T12),(T74,((T35,T187),T143))),T48),((((((T150,(T154,T172)),T182),T38),T67),(T152,T131)),(((T115,T20),T147),(T186,(T185,T65)))))),(((((((T59,(T139,T140)),(((T163,T16),T87),((((T106,T13),((T80,T103),T190)),((T194,T146),(T78,T60))),((T19,(T7,T94)),T117)))),(T96,T39)),(((T101,(T14,T195)),((T164,T111),T27)),((T76,(T42,T130)),T52))),T129),((((T70,T34),T50),T114),(T56,T84))),T0)),(((((((T197,T44),((T149,T161),T142)),T177),(T151,((T99,T120),T180))),(((((T83,T102),(T72,T100)),((T126,T167),T135)),(T107,(T144,T45))),((T28,T73),(T168,T54)))),((T64,T3),(T31,T178))),((T17,(((T49,T157),T179),(T86,T21))),T85))),((((T36,T138),T24),(((T192,T41),T68),T141)),(((T199,T95),T109),((T61,(T125,(T4,T46))),T26)))),(((((((T58,T47),T32),T188),T82),T183),((T97,((T123,T18),T153)),(T110,T62))),((T132,T69),((T81,T43),T145)))),((((T75,T55),(T134,T160)),((T40,T6),T5)),(T176,T155))),(((((((T137,(T133,T118)),T169),T193),((T128,T122),T10)),(T93,(T159,T127))),(T181,T166)),T173)),((T170,(T11,T88)),(((T2,T165),(T90,T162)),((T105,(T191,T30)),T51)))),T29),T112),((T184,T22),T189)),T33),T156),T171);
#NNI moves:0/236
Remaining: 0
#NNI moves:4/236
#NNI moves:4/236
(((((((((((((((T33,(T156,T171)),((T184,T22),T189)),T112),T29),(((T11,T88),T170),(((T2,T165),(T162,T90)),(((T191,T30),T105),T51)))),(((((((T137,(T133,T118)),T169),T193),((T122,T128),T10)),(T93,(T127,T159))),(T181,T166)),T173)),((((T134,T160),(T55,T75)),((T6,T40),T5)),(T155,T176))),((((T62,T110),(((T18,T123),T153),T97)),(((((T58,T47),T32),T188),T82),T183)),(((T43,T81),T145),(T69,T132)))),((((T61,((T46,T4),T125)),T26),(T109,(T199,T95))),(((T68,(T192,T41)),T141),(T24,(T36,T138))))),((((((((T72,T100),(T102,T83)),((T167,T126),T135)),(T107,(T144,T45))),((T73,T28),(T54,T168))),(((T180,(T99,T120)),T151),((((T161,T149),T142),(T44,T197)),T177))),((T3,T64),(T178,T31))),((T17,(((T157,T49),T179),(T86,T21))),T85))),((((((((T139,T140),T59),(((((T13,T106),(T190,(T80,T103))),((T146,T194),(T78,T60))),(((T94,T7),T19),T117)),((T163,T16),T87))),(T39,T96)),(((T76,(T130,T42)),T52),(((T14,T195),T101),((T164,T111),T27)))),T129),((T56,T84),((T50,(T34,T70)),T114))),T0)),((((((T116,T53),T37),((T1,T108),T121)),((T15,(T77,(T23,T119))),T148)),((((((T63,T196),T8),(T104,T91)),(T158,T174)),(T66,T200)),(((T136,(T25,T89)),((((T124,T198),T175),T71),T92)),T79))),((T98,T113),T57))),(((((((T172,T154),T150),T182),T38),T67),(T152,T131)),((T147,(T20,T115)),((T185,T65),T186)))),(((T143,(T187,T35)),T74),(T9,T12))),T48);
#NNI moves:2/236
Remaining: 0
#NNI moves:8/236
#NNI moves:8/236
((((((((((((((((((((((((T103,T80),T190),(T13,T106)),((T146,T194),(T78,T60))),(((T7,T94),T19),T117)),(T87,(T16,T163))),(T59,(T139,T140))),(T96,T39)),((((T42,T130),T76),T52),(((T111,T164),T27),((T14,T195),T101)))),T129),(((T50,(T34,T70)),T114),(T84,T56))),T0),((((((T37,(T116,T53)),((T1,T108),T121)),((((T23,T119),T77),T15),T148)),(((((T89,T25),T136),(((T175,(T124,T198)),T71),T92)),T79),((((T104,T91),((T63,T196),T8)),(T158,T174)),(T200,T66)))),(T57,(T113,T98))),((((T12,T9),(((T187,T35),T143),T74)),T48),(((T186,(T65,T185)),((T20,T115),T147)),(((T38,(T182,(T150,(T172,T154)))),T67),(T131,T152)))))),((((((T73,T28),(T168,T54)),((((T83,T102),(T72,T100)),((T126,T167),T135)),((T144,T45),T107))),((((T120,T99),T180),T151),((((T149,T161),T142),(T197,T44)),T177))),((T3,T64),(T31,T178))),((((T21,T86),(T179,(T49,T157))),T17),T85))),((((T61,((T4,T46),T125)),T26),((T95,T199),T109)),((((T41,T192),T68),T141),((T138,T36),T24)))),((((((T123,T18),T153),T97),(T110,T62)),((((T32,(T47,T58)),T188),T82),T183)),((T145,(T43,T81)),(T69,T132)))),((((T134,T160),(T75,T55)),((T6,T40),T5)),(T155,T176))),((((((((T118,T133),T137),T169),T193),((T122,T128),T10)),(T93,(T159,T127))),(T181,T166)),T173)),(((((T191,T30),T105),T51),((T165,T2),(T162,T90))),(T170,(T11,T88)))),T29),T112),(T189,(T184,T22))),(T171,T156)),T33);
Current score: 2.67654e+10
Current tree: ((((T12,T9),(((T187,T35),T143),T74)),((((T186,(T65,T185)),((T20,T115),T147)),(((T38,(T182,(T150,(T172,T154)))),T67),(T131,T152))),((((((T37,(T116,T53)),((T1,T108),T121)),((((T23,T119),T77),T15),T148)),(((((T89,T25),T136),(((T175,(T124,T198)),T71),T92)),T79),((((T104,T91),((T63,T196),T8)),(T158,T174)),(T200,T66)))),(T57,(T113,T98))),(((((((((((((T103,T80),T190),(T13,T106)),((T146,T194),(T78,T60))),(((T7,T94),T19),T117)),(T87,(T16,T163))),(T59,(T139,T140))),(T96,T39)),((((T42,T130),T76),T52),(((T111,T164),T27),((T14,T195),T101)))),T129),(((T50,(T34,T70)),T114),(T84,T56))),T0),(((((((T73,T28),(T168,T54)),((((T83,T102),(T72,T100)),((T126,T167),T135)),((T144,T45),T107))),((((T120,T99),T180),T151),((((T149,T161),T142),(T197,T44)),T177))),((T3,T64),(T31,T178))),((((T21,T86),(T179,(T49,T157))),T17),T85)),(((((T61,((T4,T46),T125)),T26),((T95,T199),T109)),((((T41,T192),T68),T141),((T138,T36),T24))),(((((((T123,T18),T153),T97),(T110,T62)),((((T32,(T47,T58)),T188),T82),T183)),((T145,(T43,T81)),(T69,T132))),(((((T134,T160),(T75,T55)),((T6,T40),T5)),(T155,T176)),(((((((((T118,T133),T137),T169),T193),((T122,T128),T10)),(T93,(T159,T127))),(T181,T166)),T173),((((((T191,T30),T105),T51),((T165,T2),(T162,T90))),(T170,(T11,T88))),(T29,(T112,((T189,(T184,T22)),((T171,T156),T33)))))))))))))),T48);
Use two-step algorithm!
#NNI moves:0/236
Remaining: 0
#NNI moves:11/236
#NNI moves:11/236
((((((((((((((T51,((T30,T191),T105)),((T162,T90),(T165,T2))),((T11,T88),T170)),(((((T184,T22),T189),((T156,T171),T33)),T112),T29)),(T173,(((((((T118,T133),T137),T169),T193),((T122,T128),T10)),((T127,T159),T93)),(T181,T166)))),((((T75,T55),(T134,T160)),(T5,(T6,T40))),(T176,T155))),((((((T18,T123),T153),T97),(T110,T62)),((((T32,(T47,T58)),T188),T82),T183)),(((T43,T81),T145),(T69,T132)))),((((T36,T138),T24),(((T192,T41),T68),T141)),((T109,(T95,T199)),((T61,((T4,T46),T125)),T26)))),((((((((T167,T126),T135),((T100,T72),(T83,T102))),(T107,(T45,T144))),((T168,T54),(T73,T28))),((((T44,T197),(T142,(T161,T149))),T177),(T151,(T180,(T120,T99))))),((T178,T31),(T3,T64))),((((T21,T86),(T179,(T49,T157))),T17),T85))),(((((((((((T94,T7),T19),T117),(((T78,T60),(T146,T194)),((T13,T106),((T80,T103),T190)))),(T87,(T16,T163))),((T139,T140),T59)),(T96,T39)),(((T76,(T42,T130)),T52),(((T111,T164),T27),((T195,T14),T101)))),T129),((T114,(T50,(T70,T34))),(T84,T56))),T0)),(((((((T89,T25),T136),((((T124,T198),T175),T71),T92)),T79),(((T158,T174),(((T63,T196),T8),(T104,T91))),(T200,T66))),(((T15,(T77,(T23,T119))),T148),((T37,(T53,T116)),(T121,(T108,T1))))),((T98,T113),T57))),((((T65,T185),T186),((T20,T115),T147)),(((T38,(((T154,T172),T150),T182)),T67),(T152,T131)))),((T74,((T187,T35),T143)),(T9,T12))),T48);
#NNI moves:1/236
Remaining: 0
#NNI moves:9/236
#NNI moves:9/236
(((((((((((((((((((T20,T115),T147),((T185,T65),T186)),((((T182,((T172,T154),T150)),T38),T67),(T152,T131))),(((T12,T9),(((T187,T35),T143),T74)),T48)),(((((((T119,T23),T77),T15),T148),(((T53,T116),T37),((T1,T108),T121))),(((((((T124,T198),T175),T71),T92),((T25,T89),T136)),T79),((((T104,T91),((T63,T196),T8)),(T174,T158)),(T66,T200)))),((T98,T113),T57))),(((((((((((T194,T146),(T60,T78)),((T190,(T80,T103)),(T106,T13))),(((T94,T7),T19),T117)),(T87,(T16,T163))),((T140,T139),T59)),(T39,T96)),(((T76,(T42,T130)),T52),((T101,(T195,T14)),(T27,(T111,T164))))),T129),((T84,T56),((T50,(T34,T70)),T114))),T0)),((((((((T83,T102),(T100,T72)),(T135,(T126,T167))),((T45,T144),T107)),((T73,T28),(T168,T54))),((((T142,(T161,T149)),(T197,T44)),T177),((T180,(T99,T120)),T151))),((T3,T64),(T178,T31))),((T17,((T179,(T49,T157)),(T86,T21))),T85))),((((T36,T138),T24),(T141,(T68,(T41,T192)))),(((((T46,T4),T125),T61),T26),(T109,(T95,T199))))),((((T97,((T18,T123),T153)),(T62,T110)),(T183,((((T58,T47),T32),T188),T82))),((T132,T69),(T145,(T43,T81))))),((((T134,T160),(T55,T75)),((T40,T6),T5)),(T155,T176))),(((((T159,T127),T93),(((((T133,T118),T137),T169),T193),((T128,T122),T10))),(T181,T166)),T173)),((((T33,(T171,T156)),(T189,(T22,T184))),T112),T29)),((T88,T11),T170)),((T165,T2),(T162,T90))),T51),T105),T30),T191);
#NNI moves:1/236
Remaining: 0
#NNI moves:10/236
#NNI moves:10/236
((((((((((((((((((T171,T156),T33),((T184,T22),T189)),T112),T29),(((((T191,T30),T105),T51),((T2,T165),(T90,T162))),((T11,T88),T170))),((((((T169,(T137,(T133,T118))),T193),((T122,T128),T10)),(T93,(T159,T127))),(T166,T181)),T173)),((T176,T155),(((T6,T40),T5),((T55,T75),(T134,T160))))),((((((T18,T123),T153),T97),(T110,T62)),(T183,(((T32,(T47,T58)),T188),T82))),((T69,T132),((T81,T43),T145)))),((((T36,T138),T24),(T141,(T68,(T192,T41)))),(((T95,T199),T109),((T61,((T4,T46),T125)),T26)))),(((((T177,((T44,T197),(T142,(T161,T149)))),(T151,(T180,(T120,T99)))),(((T107,(T45,T144)),(((T167,T126),T135),((T102,T83),(T100,T72)))),((T54,T168),(T73,T28)))),((T3,T64),(T31,T178))),(T85,((((T157,T49),T179),(T21,T86)),T17)))),(((((((((((T13,T106),((T103,T80),T190)),((T60,T78),(T194,T146))),(T117,((T7,T94),T19))),((T16,T163),T87)),(T59,(T139,T140))),(T39,T96)),((((T195,T14),T101),((T111,T164),T27)),((T76,(T42,T130)),T52))),T129),(((T50,(T34,T70)),T114),(T56,T84))),T0)),((((((T116,T53),T37),((T108,T1),T121)),(T148,(((T23,T119),T77),T15))),(((((T91,T104),((T196,T63),T8)),(T158,T174)),(T200,T66)),(((T136,(T25,T89)),(T92,(((T124,T198),T175),T71))),T79))),((T98,T113),T57))),(((T186,(T185,T65)),(T147,(T115,T20))),((T67,(T38,(((T154,T172),T150),T182))),(T131,T152)))),T48),(T74,((T35,T187),T143))),T9),T12);
#NNI moves:0/236
Remaining: 0
#NNI moves:0/236
#NNI moves:0/236
(((((((((((((((((((((T154,T172),T150),T182),T38),T67),(T152,T131)),(((T185,T65),T186),((T20,T115),T147))),((((T143,(T35,T187)),T74),(T12,T9)),T48)),((((((T77,(T23,T119)),T15),T148),(((T108,T1),T121),((T53,T116),T37))),(((T200,T66),(((T104,T91),((T196,T63),T8)),(T174,T158))),(((T92,(((T198,T124),T175),T71)),((T89,T25),T136)),T79))),((T113,T98),T57))),((((((((((((T103,T80),T190),(T13,T106)),((T194,T146),(T78,T60))),(T117,((T94,T7),T19))),((T163,T16),T87)),(T59,(T139,T140))),(T39,T96)),(((T27,(T111,T164)),((T195,T14),T101)),(((T42,T130),T76),T52))),T129),(((T50,(T34,T70)),T114),(T56,T84))),T0)),(((((((T44,T197),((T161,T149),T142)),T177),(((T120,T99),T180),T151)),((((T45,T144),T107),(((T126,T167),T135),((T100,T72),(T102,T83)))),((T54,T168),(T73,T28)))),((T31,T178),(T64,T3))),((T17,(((T157,T49),T179),(T86,T21))),T85))),(((T141,((T192,T41),T68)),((T138,T36),T24)),(((T95,T199),T109),((((T46,T4),T125),T61),T26)))),(((((((T47,T58),T32),T188),T82),T183),((((T123,T18),T153),T97),(T110,T62))),((T132,T69),((T81,T43),T145)))),((T155,T176),(((T6,T40),T5),((T160,T134),(T55,T75))))),((((((((T118,T133),T137),T169),T193),((T122,T128),T10)),((T127,T159),T93)),(T181,T166)),T173)),((((T90,T162),(T2,T165)),(T51,((T191,T30),T105))),(T170,(T11,T88)))),T29),T112),((T171,T156),T33)),(T184,T22)),T189);
Current score: 2.67654e+10
Current tree: (((((T143,(T35,T187)),T74),(T12,T9)),((((((((T154,T172),T150),T182),T38),T67),(T152,T131)),(((T185,T65),T186),((T20,T115),T147))),(((((((T77,(T23,T119)),T15),T148),(((T108,T1),T121),((T53,T116),T37))),(((T200,T66),(((T104,T91),((T196,T63),T8)),(T174,T158))),(((T92,(((T198,T124),T175),T71)),((T89,T25),T136)),T79))),((T113,T98),T57)),(((((((((((((T103,T80),T190),(T13,T106)),((T194,T146),(T78,T60))),(T117,((T94,T7),T19))),((T163,T16),T87)),(T59,(T139,T140))),(T39,T96)),(((T27,(T111,T164)),((T195,T14),T101)),(((T42,T130),T76),T52))),T129),(((T50,(T34,T70)),T114),(T56,T84))),T0),((((((((T44,T197),((T161,T149),T142)),T177),(((T120,T99),T180),T151)),((((T45,T144),T107),(((T126,T167),T135),((T100,T72),(T102,T83)))),((T54,T168),(T73,T28)))),((T31,T178),(T64,T3))),((T17,(((T157,T49),T179),(T86,T21))),T85)),((((T141,((T192,T41),T68)),((T138,T36),T24)),(((T95,T199),T109),((((T46,T4),T125),T61),T26))),((((((((T47,T58),T32),T188),T82),T183),((((T123,T18),T153),T97),(T110,T62))),((T132,T69),((T81,T43),T145))),(((T155,T176),(((T6,T40),T5),((T160,T134),(T55,T75)))),(((((((((T118,T133),T137),T169),T193),((T122,T128),T10)),((T127,T159),T93)),(T181,T166)),T173),(((((T90,T162),(T2,T165)),(T51,((T191,T30),T105))),(T170,(T11,T88))),(T29,(T112,(((T171,T156),T33),((T184,T22),T189)))))))))))))),T48);
Final Tree: (((((T143,(T35,T187)),T74),(T12,T9)),((((((((T154,T172),T150),T182),T38),T67),(T152,T131)),(((T185,T65),T186),((T20,T115),T147))),(((((((T77,(T23,T119)),T15),T148),(((T108,T1),T121),((T53,T116),T37))),(((T200,T66),(((T104,T91),((T196,T63),T8)),(T174,T158))),(((T92,(((T198,T124),T175),T71)),((T89,T25),T136)),T79))),((T113,T98),T57)),(((((((((((((T103,T80),T190),(T13,T106)),((T194,T146),(T78,T60))),(T117,((T94,T7),T19))),((T163,T16),T87)),(T59,(T139,T140))),(T39,T96)),(((T27,(T111,T164)),((T195,T14),T101)),(((T42,T130),T76),T52))),T129),(((T50,(T34,T70)),T114),(T56,T84))),T0),((((((((T44,T197),((T161,T149),T142)),T177),(((T120,T99),T180),T151)),((((T45,T144),T107),(((T126,T167),T135),((T100,T72),(T102,T83)))),((T54,T168),(T73,T28)))),((T31,T178),(T64,T3))),((T17,(((T157,T49),T179),(T86,T21))),T85)),((((T141,((T192,T41),T68)),((T138,T36),T24)),(((T95,T199),T109),((((T46,T4),T125),T61),T26))),((((((((T47,T58),T32),T188),T82),T183),((((T123,T18),T153),T97),(T110,T62))),((T132,T69),((T81,T43),T145))),(((T155,T176),(((T6,T40),T5),((T160,T134),(T55,T75)))),(((((((((T118,T133),T137),T169),T193),((T122,T128),T10)),((T127,T159),T93)),(T181,T166)),T173),(((((T90,T162),(T2,T165)),(T51,((T191,T30),T105))),(T170,(T11,T88))),(T29,(T112,(((T171,T156),T33),((T184,T22),T189)))))))))))))),T48);
Score: 2.676544632e+10

real	4m49.971s
user	105m5.669s
sys	0m29.234s
