Weighted ASTRAL - Hybrid
Version: v1.13.2.3
#Genetrees: 2000
#Species: 201
#Rounds: 4
#Samples: 4
#Threads: 32
Use two-step algorithm!
Guide Tree 0/27
#NNI moves:0/236
Guide Tree 1/27
#NNI moves:0/236
Guide Tree 2/27
#NNI moves:3/236
Guide Tree 3/27
#NNI moves:1/236
Guide Tree 4/27
#NNI moves:0/236
Guide Tree 5/27
#NNI moves:0/236
Guide Tree 6/27
#NNI moves:1/236
Guide Tree 7/27
#NNI moves:0/236
Guide Tree 8/27
#NNI moves:0/236
Guide Tree 9/27
#NNI moves:1/236
Guide Tree 10/27
#NNI moves:0/236
Guide Tree 11/27
#NNI moves:1/236
Guide Tree 12/27
#NNI moves:0/236
Guide Tree 13/27
#NNI moves:3/236
Guide Tree 14/27
#NNI moves:0/236
Guide Tree 15/27
#NNI moves:0/236
Guide Tree 16/27
#NNI moves:0/236
Guide Tree 17/27
#NNI moves:0/236
Guide Tree 18/27
#NNI moves:0/236
Guide Tree 19/27
#NNI moves:0/236
Guide Tree 20/27
#NNI moves:0/236
Guide Tree 21/27
#NNI moves:0/236
Guide Tree 22/27
#NNI moves:1/236
Guide Tree 23/27
#NNI moves:1/236
Guide Tree 24/27
#NNI moves:0/236
Guide Tree 25/27
#NNI moves:0/236
Guide Tree 26/27
#NNI moves:0/236
Remaining: 0
#NNI moves:7/236
#NNI moves:7/236
((((((((((((((((((((((((T174,T16),T115),(T49,T113)),(T14,T25)),(T42,T111)),T194),(T195,(T75,T144))),((T69,T60),((T102,T132),T4))),((((T191,T32),T62),T138),T175)),T77),(((((T128,T36),((T171,T161),T61)),((((T40,T20),T59),T136),T196)),((T96,T74),(T142,T187))),((((T27,T73),(T135,T84)),T35),(T22,T178)))),(((((T21,T121),T137),((T183,T117),((T50,T54),T88))),T101),((T184,T99),T30))),(((((T92,(T81,T103)),(T181,(T185,T110))),(((T86,(T47,T46)),T108),(T198,T15))),(((T126,T186),T192),((T18,T12),T11))),((((T89,T200),T6),(((T120,(T8,((T2,T148),T19))),(T53,T67)),T141)),((T33,(T129,T116)),((T52,T65),(T68,T39)))))),((T94,T9),T0)),((((((((((T80,(T118,T143)),(T107,T41)),T51),((T149,T190),(T147,T31))),(((T160,(T82,T71)),(((T58,T48),T177),T179)),T134)),(T44,(T55,T106))),T43),((((((T64,T114),(T100,T199)),(T139,T76)),T145),T29),(((T125,(T168,T158)),(((T79,T109),T176),T159)),(T153,(((T90,T169),(T45,(T97,T10))),T146))))),((((((((T13,(T154,T93)),T3),T98),T131),((T26,(((T156,T150),T162),T24)),(T124,T151))),((T104,T56),T28)),(((((T5,T197),T140),(T83,T157)),((T164,T180),T122)),T127)),(((T85,T167),(T173,T70)),(T91,T172)))),((((T163,T105),((T188,T112),T193)),T23),(T155,(T189,T7))))),(T38,T152)),T123),((((T87,T170),T182),T130),((T57,T37),(T95,(T1,T63))))),(T72,T119)),(T66,T133)),T165),T78),(T17,T166)),T34);
Guide Tree 0/27
#NNI moves:0/236
Guide Tree 1/27
#NNI moves:0/236
Guide Tree 2/27
#NNI moves:1/236
Guide Tree 3/27
#NNI moves:0/236
Guide Tree 4/27
#NNI moves:3/236
Guide Tree 5/27
#NNI moves:1/236
Guide Tree 6/27
#NNI moves:0/236
Guide Tree 7/27
#NNI moves:0/236
Guide Tree 8/27
#NNI moves:1/236
Guide Tree 9/27
#NNI moves:0/236
Guide Tree 10/27
#NNI moves:0/236
Guide Tree 11/27
#NNI moves:0/236
Guide Tree 12/27
#NNI moves:0/236
Guide Tree 13/27
#NNI moves:0/236
Guide Tree 14/27
#NNI moves:0/236
Guide Tree 15/27
#NNI moves:0/236
Guide Tree 16/27
#NNI moves:3/236
Guide Tree 17/27
#NNI moves:3/236
Guide Tree 18/27
#NNI moves:1/236
Guide Tree 19/27
#NNI moves:0/236
Guide Tree 20/27
#NNI moves:1/236
Guide Tree 21/27
#NNI moves:0/236
Guide Tree 22/27
#NNI moves:0/236
Guide Tree 23/27
#NNI moves:3/236
Guide Tree 24/27
#NNI moves:0/236
Guide Tree 25/27
#NNI moves:0/236
Guide Tree 26/27
#NNI moves:0/236
Remaining: 0
#NNI moves:3/236
#NNI moves:3/236
((((((((((((((((((((T161,T171),T61),(T128,T36)),((T136,((T20,T40),T59)),T196)),((T187,T142),(T96,T74))),((T22,T178),(((T27,T73),(T84,T135)),T35))),((((T138,((T32,T191),T62)),T175),((((T102,T132),T4),(T60,T69)),(((((((T174,T16),T115),(T113,T49)),(T14,T25)),(T42,T111)),T194),((T75,T144),T195)))),T77)),((((T137,(T121,T21)),((T117,T183),((T54,T50),T88))),T101),(T30,(T99,T184)))),(((((T181,(T110,T185)),((T81,T103),T92)),(((T86,(T47,T46)),T108),(T198,T15))),(((T126,T186),T192),((T18,T12),T11))),((((T89,T200),T6),((((((T148,T2),T19),T8),T120),(T67,T53)),T141)),(((T65,T52),(T68,T39)),((T129,T116),T33))))),(T0,(T9,T94))),(((((((T106,T55),T44),(((((T177,(T58,T48)),T179),((T82,T71),T160)),T134),(((((T118,T143),T80),(T41,T107)),T51),((T190,T149),(T147,T31))))),T43),((((((T169,T90),(T45,(T97,T10))),T146),T153),((T125,(T168,T158)),((T176,(T109,T79)),T159))),(T29,((((T64,T114),(T199,T100)),(T76,T139)),T145)))),((((((((T13,(T93,T154)),T3),T98),T131),((T151,T124),(((T162,(T150,T156)),T24),T26))),(T28,(T104,T56))),(T127,((((T5,T197),T140),(T157,T83)),((T164,T180),T122)))),(((T70,T173),(T167,T85)),(T91,T172)))),((((T193,(T112,T188)),(T163,T105)),T23),((T7,T189),T155)))),(T38,T152)),T123),((((T87,T170),T182),T130),((T37,T57),((T63,T1),T95)))),(T119,T72)),(T66,T133)),T165),T78),(T166,T17)),T34);
Guide Tree 0/27
#NNI moves:0/236
Guide Tree 1/27
#NNI moves:0/236
Guide Tree 2/27
#NNI moves:0/236
Guide Tree 3/27
#NNI moves:1/236
Guide Tree 4/27
#NNI moves:1/236
Guide Tree 5/27
#NNI moves:0/236
Guide Tree 6/27
#NNI moves:0/236
Guide Tree 7/27
#NNI moves:0/236
Guide Tree 8/27
#NNI moves:0/236
Guide Tree 9/27
#NNI moves:1/236
Guide Tree 10/27
#NNI moves:0/236
Guide Tree 11/27
#NNI moves:1/236
Guide Tree 12/27
#NNI moves:0/236
Guide Tree 13/27
#NNI moves:0/236
Guide Tree 14/27
#NNI moves:0/236
Guide Tree 15/27
#NNI moves:0/236
Guide Tree 16/27
#NNI moves:1/236
Guide Tree 17/27
#NNI moves:1/236
Guide Tree 18/27
#NNI moves:3/236
Guide Tree 19/27
#NNI moves:3/236
Guide Tree 20/27
#NNI moves:1/236
Guide Tree 21/27
#NNI moves:0/236
Guide Tree 22/27
#NNI moves:1/236
Guide Tree 23/27
#NNI moves:0/236
Guide Tree 24/27
#NNI moves:1/236
Guide Tree 25/27
#NNI moves:1/236
Guide Tree 26/27
#NNI moves:1/236
Remaining: 1
#NNI moves:20/236
#NNI moves:20/236
(((((((((((((((((T126,T186),T192),((T18,T12),T11)),(((T15,T198),((T86,(T46,T47)),T108)),(((T103,T81),T92),((T110,T185),T181)))),(((T33,(T116,T129)),((T52,T65),(T68,T39))),((((T53,T67),((T8,((T2,T148),T19)),T120)),T141),(T6,(T89,T200))))),(((((((T69,T60),((T132,T102),T4)),(((((T25,T14),((T49,T113),((T16,T174),T115))),(T42,T111)),T194),((T144,T75),T195))),((((T191,T32),T62),T138),T175)),T77),(((T22,T178),(T35,((T135,T84),(T73,T27)))),(((T187,T142),(T74,T96)),((((T171,T161),T61),(T36,T128)),(((T59,(T40,T20)),T136),T196))))),(((((T183,T117),(T88,(T54,T50))),((T121,T21),T137)),T101),(T30,(T184,T99))))),(T0,(T9,T94))),((((((((((T71,T82),T160),((T177,(T48,T58)),T179)),T134),(((T31,T147),(T190,T149)),((((T143,T118),T80),(T41,T107)),T51))),(T44,(T55,T106))),T43),((((((T64,T114),(T100,T199)),(T139,T76)),T145),T29),((((((T97,T10),T45),(T169,T90)),T146),T153),((((T109,T79),T176),T159),(T125,(T158,T168)))))),(((((((((T156,T150),T162),T24),T26),(T151,T124)),(((T3,((T93,T154),T13)),T98),T131)),((T104,T56),T28)),((((T164,T180),T122),(((T5,T197),T140),(T157,T83))),T127)),(((T173,T70),(T85,T167)),(T91,T172)))),(((T189,T7),T155),(((T105,T163),((T112,T188),T193)),T23)))),(T38,T152)),T123),((((T1,T63),T95),(T57,T37)),((T182,(T87,T170)),T130))),(T119,T72)),(T66,T133)),T165),T78),(T17,T166)),T34);
Guide Tree 0/27
#NNI moves:0/236
Guide Tree 1/27
#NNI moves:0/236
Guide Tree 2/27
#NNI moves:1/236
Guide Tree 3/27
#NNI moves:0/236
Guide Tree 4/27
#NNI moves:0/236
Guide Tree 5/27
#NNI moves:0/236
Guide Tree 6/27
#NNI moves:0/236
Guide Tree 7/27
#NNI moves:0/236
Guide Tree 8/27
#NNI moves:0/236
Guide Tree 9/27
#NNI moves:0/236
Guide Tree 10/27
#NNI moves:0/236
Guide Tree 11/27
#NNI moves:1/236
Guide Tree 12/27
#NNI moves:0/236
Guide Tree 13/27
#NNI moves:0/236
Guide Tree 14/27
#NNI moves:0/236
Guide Tree 15/27
#NNI moves:0/236
Guide Tree 16/27
#NNI moves:0/236
Guide Tree 17/27
#NNI moves:0/236
Guide Tree 18/27
#NNI moves:2/236
Guide Tree 19/27
#NNI moves:0/236
Guide Tree 20/27
#NNI moves:0/236
Guide Tree 21/27
#NNI moves:0/236
Guide Tree 22/27
#NNI moves:0/236
Guide Tree 23/27
#NNI moves:0/236
Guide Tree 24/27
#NNI moves:0/236
Guide Tree 25/27
#NNI moves:0/236
Guide Tree 26/27
#NNI moves:0/236
Remaining: 0
#NNI moves:14/236
#NNI moves:14/236
((((((((((((((((((((((((T16,T174),T115),(T113,T49)),(T14,T25)),(T111,T42)),T194),(T195,(T144,T75))),((T4,(T132,T102)),(T60,T69))),((((T32,T191),T62),T138),T175)),T77),(((T178,T22),(T35,((T135,T84),(T27,T73)))),((((T61,(T161,T171)),(T36,T128)),((((T40,T20),T59),T136),T196)),((T142,T187),(T74,T96))))),((((((T54,T50),T88),(T117,T183)),((T21,T121),T137)),T101),((T184,T99),T30))),(((((T198,T15),(T108,((T46,T47),T86))),(((T185,T110),T181),((T81,T103),T92))),(((T126,T186),T192),((T18,T12),T11))),((((T68,T39),(T65,T52)),((T129,T116),T33)),((T6,(T200,T89)),(((T67,T53),((T8,((T148,T2),T19)),T120)),T141))))),(T0,(T94,T9))),(((((((((T114,T64),(T199,T100)),(T139,T76)),T145),T29),(((((T90,T169),((T97,T10),T45)),T146),T153),(((T176,(T79,T109)),T159),((T158,T168),T125)))),(((((T51,(((T143,T118),T80),(T41,T107))),((T147,T31),(T190,T149))),((((T71,T82),T160),((T177,(T48,T58)),T179)),T134)),(T44,(T106,T55))),T43)),(((((T104,T56),T28),(((T124,T151),(T26,(T24,((T150,T156),T162)))),((T98,(T3,(T13,(T93,T154)))),T131))),(((T122,(T180,T164)),(((T197,T5),T140),(T157,T83))),T127)),(((T173,T70),(T85,T167)),(T172,T91)))),((((T193,(T112,T188)),(T163,T105)),T23),((T7,T189),T155)))),(T152,T38)),T123),(((T95,(T1,T63)),(T37,T57)),(((T170,T87),T182),T130))),(T119,T72)),(T133,T66)),T165),T78),(T166,T17)),T34);
Initial score: 3.38683e+10
Initial tree: ((((((((((((((((((((((((T16,T174),T115),(T113,T49)),(T14,T25)),(T111,T42)),T194),(T195,(T144,T75))),((T4,(T132,T102)),(T60,T69))),((((T32,T191),T62),T138),T175)),T77),(((T178,T22),(T35,((T135,T84),(T27,T73)))),((((T61,(T161,T171)),(T36,T128)),((((T40,T20),T59),T136),T196)),((T142,T187),(T74,T96))))),((((((T54,T50),T88),(T117,T183)),((T21,T121),T137)),T101),((T184,T99),T30))),(((((T198,T15),(T108,((T46,T47),T86))),(((T185,T110),T181),((T81,T103),T92))),(((T126,T186),T192),((T18,T12),T11))),((((T68,T39),(T65,T52)),((T129,T116),T33)),((T6,(T200,T89)),(((T67,T53),((T8,((T148,T2),T19)),T120)),T141))))),(T0,(T94,T9))),(((((((((T114,T64),(T199,T100)),(T139,T76)),T145),T29),(((((T90,T169),((T97,T10),T45)),T146),T153),(((T176,(T79,T109)),T159),((T158,T168),T125)))),(((((T51,(((T143,T118),T80),(T41,T107))),((T147,T31),(T190,T149))),((((T71,T82),T160),((T177,(T48,T58)),T179)),T134)),(T44,(T106,T55))),T43)),(((((T104,T56),T28),(((T124,T151),(T26,(T24,((T150,T156),T162)))),((T98,(T3,(T13,(T93,T154)))),T131))),(((T122,(T180,T164)),(((T197,T5),T140),(T157,T83))),T127)),(((T173,T70),(T85,T167)),(T172,T91)))),((((T193,(T112,T188)),(T163,T105)),T23),((T7,T189),T155)))),(T152,T38)),T123),(((T95,(T1,T63)),(T37,T57)),(((T170,T87),T182),T130))),(T119,T72)),(T133,T66)),T165),T78),(T166,T17)),T34);
*** Subsample Process ***
Use two-step algorithm!
#NNI moves:3/236
Remaining: 0
#NNI moves:7/236
#NNI moves:10/236
(((((((((((((((((((((((((T3,(T13,(T93,T154))),T98),T131),((((T162,(T150,T156)),T24),T26),(T124,T151))),(T28,(T56,T104))),((((T157,T83),(T140,(T5,T197))),((T180,T164),T122)),T127)),(((T85,T167),(T70,T173)),(T172,T91))),(((((((T114,T64),(T199,T100)),(T139,T76)),T145),T29),(((((T169,T90),((T97,T10),T45)),T146),T153),(((T176,(T109,T79)),T159),((T158,T168),T125)))),(((((T51,(((T143,T118),T80),(T107,T41))),((T149,T190),(T31,T147))),((((T177,(T58,T48)),T179),(T160,(T82,T71))),T134)),(T44,(T55,T106))),T43))),((((T193,(T188,T112)),(T163,T105)),T23),((T189,T7),T155))),(((((((((T166,T17),T34),T78),T165),(T66,T133)),(T119,T72)),((T130,((T170,T87),T182)),((T57,T37),((T63,T1),T95)))),T123),(T38,T152))),((T94,T9),T0)),(((((T116,T129),T33),((T52,T65),(T39,T68))),((((T67,T53),((((T148,T2),T19),T8),T120)),T141),((T200,T89),T6))),((((T15,T198),((T86,(T47,T46)),T108)),(((T185,T110),T181),(T92,(T103,T81)))),(((T18,T12),T11),(T192,(T126,T186)))))),(((((T21,T121),T137),(((T54,T50),T88),(T117,T183))),T101),((T99,T184),T30))),((((((T171,T161),T61),(T36,T128)),(T196,(T136,(T59,(T40,T20))))),((T96,T74),(T187,T142))),((((T73,T27),(T84,T135)),T35),(T22,T178)))),T77),((((T191,T32),T62),T138),T175)),((T69,T60),((T132,T102),T4))),((T75,T144),T195)),T194),(T42,T111)),(T14,T25)),(T113,T49)),T115),T174),T16);
#NNI moves:0/236
Remaining: 0
#NNI moves:10/236
#NNI moves:10/236
((((((((((((((((((((T5,T197),T140),(T83,T157)),((T180,T164),T122)),T127),(((((((T150,T156),T162),T24),T26),(T151,T124)),(((((T93,T154),T13),T3),T98),T131)),(T28,(T56,T104)))),(((T167,T85),(T70,T173)),(T91,T172))),(((((((T64,T114),(T199,T100)),(T139,T76)),T145),T29),(((((T79,T109),T176),T159),(T125,(T158,T168))),((((T169,T90),(T45,(T10,T97))),T146),T153))),((((((T147,T31),(T149,T190)),(((T80,(T118,T143)),(T107,T41)),T51)),(((((T48,T58),T177),T179),((T71,T82),T160)),T134)),((T106,T55),T44)),T43))),((((T105,T163),(T193,(T112,T188))),T23),(T155,(T189,T7)))),(((((((((T4,(T102,T132)),(T60,T69)),((((((T115,(T174,T16)),(T49,T113)),(T14,T25)),(T111,T42)),T194),((T75,T144),T195))),((((T32,T191),T62),T138),T175)),T77),(((((T36,T128),(T61,(T171,T161))),((((T40,T20),T59),T136),T196)),((T96,T74),(T187,T142))),((T178,T22),(((T27,T73),(T84,T135)),T35)))),((((((T50,T54),T88),(T117,T183)),(T137,(T21,T121))),T101),((T99,T184),T30))),((((((((T19,(T2,T148)),T8),T120),(T53,T67)),T141),((T89,T200),T6)),(((T52,T65),(T68,T39)),((T129,T116),T33))),((((T18,T12),T11),((T126,T186),T192)),((((T86,(T47,T46)),T108),(T15,T198)),(((T110,T185),T181),(T92,(T103,T81))))))),(T0,(T94,T9)))),(T152,T38)),T123),((((T170,T87),T182),T130),(((T1,T63),T95),(T57,T37)))),(T119,T72)),(T66,T133)),T165),T78),T34),T17),T166);
#NNI moves:0/236
Remaining: 1
#NNI moves:10/236
#NNI moves:11/236
(((((((((((((((((((((T171,T161),T61),(T36,T128)),(((T59,(T20,T40)),T136),T196)),((T96,T74),(T187,T142))),((((T27,T73),(T84,T135)),T35),(T22,T178))),(((((T69,T60),(T4,(T132,T102))),((((T111,T42),(((T115,(T174,T16)),(T49,T113)),(T25,T14))),T194),((T144,T75),T195))),(((T62,(T32,T191)),T138),T175)),T77)),(((((T21,T121),T137),(((T50,T54),T88),(T183,T117))),T101),((T184,T99),T30))),(((((((((T2,T148),T19),T8),T120),(T67,T53)),T141),((T89,T200),T6)),(((T116,T129),T33),((T52,T65),(T39,T68)))),(((T11,(T12,T18)),((T126,T186),T192)),((((T185,T110),T181),((T103,T81),T92)),((T198,T15),(T108,((T47,T46),T86))))))),(T0,(T9,T94))),((((((T95,(T1,T63)),(T57,T37)),(T130,((T170,T87),T182))),((((T78,(T34,(T17,T166))),T165),(T133,T66)),(T72,T119))),T123),(T38,T152))),(((((T112,T188),T193),(T163,T105)),T23),((T189,T7),T155))),((((T153,(((T169,T90),((T10,T97),T45)),T146)),((T125,(T168,T158)),(T159,(T176,(T79,T109))))),(((((T64,T114),(T199,T100)),(T139,T76)),T145),T29)),((((((T190,T149),(T31,T147)),(((T41,T107),((T143,T118),T80)),T51)),((((T82,T71),T160),(((T58,T48),T177),T179)),T134)),(T44,(T106,T55))),T43))),((T91,T172),((T167,T85),(T70,T173)))),(((((T24,((T150,T156),T162)),T26),(T151,T124)),(((((T93,T154),T13),T3),T98),T131)),((T104,T56),T28))),T127),((T164,T180),T122)),(T83,T157)),T140),T5),T197);
#NNI moves:3/236
Remaining: 0
#NNI moves:5/236
#NNI moves:5/236
((((((((((((((((((((T84,T135),(T73,T27)),T35),(T22,T178)),(((T74,T96),(T187,T142)),(((T128,T36),((T161,T171),T61)),((((T20,T40),T59),T136),T196)))),((((((T75,T144),T195),((((T25,T14),((T113,T49),((T174,T16),T115))),(T42,T111)),T194)),(((T102,T132),T4),(T69,T60))),(((T62,(T191,T32)),T138),T175)),T77)),(((T99,T184),T30),(((((T54,T50),T88),(T117,T183)),(T137,(T21,T121))),T101))),(((((T181,(T110,T185)),((T81,T103),T92)),((T198,T15),(((T47,T46),T86),T108))),(((T12,T18),T11),(T192,(T126,T186)))),((((T200,T89),T6),(T141,((T53,T67),(T120,(((T2,T148),T19),T8))))),(((T39,T68),(T52,T65)),(T33,(T129,T116)))))),((T9,T94),T0)),(((((((((((T118,T143),T80),(T41,T107)),T51),((T149,T190),(T31,T147))),((((T71,T82),T160),((T177,(T48,T58)),T179)),T134)),((T55,T106),T44)),T43),(((((T168,T158),T125),(((T79,T109),T176),T159)),((((T45,(T10,T97)),(T169,T90)),T146),T153)),((((T139,T76),((T100,T199),(T114,T64))),T145),T29))),(((((((((T93,T154),T13),T3),T98),T131),((T26,(((T150,T156),T162),T24)),(T124,T151))),(T28,(T104,T56))),((((T157,T83),((T5,T197),T140)),((T180,T164),T122)),T127)),(((T70,T173),(T85,T167)),(T172,T91)))),((((T193,(T188,T112)),(T163,T105)),T23),(T155,(T189,T7))))),(T152,T38)),T123),(((T57,T37),(T95,(T63,T1))),(((T170,T87),T182),T130))),(T72,T119)),(T66,T133)),T165),T78),T34),T166),T17);
Current score: 3.38683e+10
Current tree: (((((((((((((((((((T84,T135),(T73,T27)),T35),(T22,T178)),(((T74,T96),(T187,T142)),(((T128,T36),((T161,T171),T61)),((((T20,T40),T59),T136),T196)))),((((((T75,T144),T195),((((T25,T14),((T113,T49),((T174,T16),T115))),(T42,T111)),T194)),(((T102,T132),T4),(T69,T60))),(((T62,(T191,T32)),T138),T175)),T77)),(((T99,T184),T30),(((((T54,T50),T88),(T117,T183)),(T137,(T21,T121))),T101))),(((((T181,(T110,T185)),((T81,T103),T92)),((T198,T15),(((T47,T46),T86),T108))),(((T12,T18),T11),(T192,(T126,T186)))),((((T200,T89),T6),(T141,((T53,T67),(T120,(((T2,T148),T19),T8))))),(((T39,T68),(T52,T65)),(T33,(T129,T116)))))),((T9,T94),T0)),(((((((((((T118,T143),T80),(T41,T107)),T51),((T149,T190),(T31,T147))),((((T71,T82),T160),((T177,(T48,T58)),T179)),T134)),((T55,T106),T44)),T43),(((((T168,T158),T125),(((T79,T109),T176),T159)),((((T45,(T10,T97)),(T169,T90)),T146),T153)),((((T139,T76),((T100,T199),(T114,T64))),T145),T29))),(((((((((T93,T154),T13),T3),T98),T131),((T26,(((T150,T156),T162),T24)),(T124,T151))),(T28,(T104,T56))),((((T157,T83),((T5,T197),T140)),((T180,T164),T122)),T127)),(((T70,T173),(T85,T167)),(T172,T91)))),((((T193,(T188,T112)),(T163,T105)),T23),(T155,(T189,T7))))),(T152,T38)),T123),(((T57,T37),(T95,(T63,T1))),(((T170,T87),T182),T130))),(T72,T119)),(T66,T133)),T165),T78),(T166,T17)),T34);
Final Tree: (((((((((((((((((((T84,T135),(T73,T27)),T35),(T22,T178)),(((T74,T96),(T187,T142)),(((T128,T36),((T161,T171),T61)),((((T20,T40),T59),T136),T196)))),((((((T75,T144),T195),((((T25,T14),((T113,T49),((T174,T16),T115))),(T42,T111)),T194)),(((T102,T132),T4),(T69,T60))),(((T62,(T191,T32)),T138),T175)),T77)),(((T99,T184),T30),(((((T54,T50),T88),(T117,T183)),(T137,(T21,T121))),T101))),(((((T181,(T110,T185)),((T81,T103),T92)),((T198,T15),(((T47,T46),T86),T108))),(((T12,T18),T11),(T192,(T126,T186)))),((((T200,T89),T6),(T141,((T53,T67),(T120,(((T2,T148),T19),T8))))),(((T39,T68),(T52,T65)),(T33,(T129,T116)))))),((T9,T94),T0)),(((((((((((T118,T143),T80),(T41,T107)),T51),((T149,T190),(T31,T147))),((((T71,T82),T160),((T177,(T48,T58)),T179)),T134)),((T55,T106),T44)),T43),(((((T168,T158),T125),(((T79,T109),T176),T159)),((((T45,(T10,T97)),(T169,T90)),T146),T153)),((((T139,T76),((T100,T199),(T114,T64))),T145),T29))),(((((((((T93,T154),T13),T3),T98),T131),((T26,(((T150,T156),T162),T24)),(T124,T151))),(T28,(T104,T56))),((((T157,T83),((T5,T197),T140)),((T180,T164),T122)),T127)),(((T70,T173),(T85,T167)),(T172,T91)))),((((T193,(T188,T112)),(T163,T105)),T23),(T155,(T189,T7))))),(T152,T38)),T123),(((T57,T37),(T95,(T63,T1))),(((T170,T87),T182),T130))),(T72,T119)),(T66,T133)),T165),T78),(T166,T17)),T34);
Score: 3.386825445e+10

real	1m55.386s
user	43m41.292s
sys	0m27.976s
