Weighted ASTRAL - Hybrid
Version: v1.13.2.3
#Genetrees: 2000
#Species: 201
#Rounds: 4
#Samples: 4
#Threads: 32
Use two-step algorithm!
Guide Tree 0/27
#NNI moves:1/236
Guide Tree 1/27
#NNI moves:0/236
Guide Tree 2/27
#NNI moves:0/236
Guide Tree 3/27
#NNI moves:3/236
Guide Tree 4/27
#NNI moves:0/236
Guide Tree 5/27
#NNI moves:0/236
Guide Tree 6/27
#NNI moves:0/236
Guide Tree 7/27
#NNI moves:0/236
Guide Tree 8/27
#NNI moves:0/236
Guide Tree 9/27
#NNI moves:0/236
Guide Tree 10/27
#NNI moves:0/236
Guide Tree 11/27
#NNI moves:0/236
Guide Tree 12/27
#NNI moves:0/236
Guide Tree 13/27
#NNI moves:0/236
Guide Tree 14/27
#NNI moves:0/236
Guide Tree 15/27
#NNI moves:0/236
Guide Tree 16/27
#NNI moves:0/236
Guide Tree 17/27
#NNI moves:0/236
Guide Tree 18/27
#NNI moves:0/236
Guide Tree 19/27
#NNI moves:1/236
Guide Tree 20/27
#NNI moves:0/236
Guide Tree 21/27
#NNI moves:3/236
Guide Tree 22/27
#NNI moves:0/236
Guide Tree 23/27
#NNI moves:0/236
Guide Tree 24/27
#NNI moves:0/236
Guide Tree 25/27
#NNI moves:0/236
Guide Tree 26/27
#NNI moves:0/236
Remaining: 0
#NNI moves:4/236
#NNI moves:4/236
((((((((((((((((((T151,T148),T183),T88),T109),T139),(((((T197,T108),(T99,T50)),T124),T144),T190)),((T135,T2),T198)),((((T79,T131),T52),(T102,T133)),T59)),((((T192,T34),(T128,T136)),T81),T66)),((((((T95,T73),T3),T55),T116),(((((T181,T35),T63),((T121,T185),T14)),((((T126,T114),(T49,T21)),T103),T25)),((T23,T84),T110))),((T159,T36),(T24,T12)))),T0),(((((((T105,T150),T153),T30),(((((T44,T69),T27),(T41,T19)),(T48,T157)),((T91,T142),T117))),(T174,T155)),(((T160,(T162,T100)),T171),((T178,T107),T17))),(((((((T20,T78),T112),(T154,(T167,T7))),(T38,T28)),(((T101,T138),T51),(((T62,T164),T119),T82))),(((((T127,T61),(T4,T72)),(((((T60,T70),T42),((T175,T8),T47)),T111),T120)),((T188,(T199,T163)),T92)),((T200,T10),(T46,T141)))),(T132,T146)))),(((((((((T67,T89),T68),T13),(T182,T74)),(T194,T134)),((T184,T176),(T76,(T1,T85)))),(T147,T177)),((((T170,T6),((T37,T15),T43)),((T180,(T140,T94)),T40)),((T97,T93),T53))),((T137,T149),((((T57,T169),T31),T130),((T118,T32),(T193,T104)))))),(((((T56,T65),T122),((T166,T58),(T189,T75))),T106),(((T5,T16),T9),T71))),((((((((T158,T96),T29),T187),(((T125,T83),((T179,T77),T45)),((T143,T87),T18))),T156),T186),((T98,T172),T168)),((T123,T26),(((T195,T165),T39),(T196,T90))))),((((((T191,T64),T113),(T54,T129)),T33),(T152,T80)),(((T22,T115),T11),T86))),(T145,T173)),T161);
Guide Tree 0/27
#NNI moves:0/236
Guide Tree 1/27
#NNI moves:0/236
Guide Tree 2/27
#NNI moves:2/236
Guide Tree 3/27
#NNI moves:0/236
Guide Tree 4/27
#NNI moves:0/236
Guide Tree 5/27
#NNI moves:0/236
Guide Tree 6/27
#NNI moves:0/236
Guide Tree 7/27
#NNI moves:0/236
Guide Tree 8/27
#NNI moves:3/236
Guide Tree 9/27
#NNI moves:1/236
Guide Tree 10/27
#NNI moves:0/236
Guide Tree 11/27
#NNI moves:0/236
Guide Tree 12/27
#NNI moves:0/236
Guide Tree 13/27
#NNI moves:0/236
Guide Tree 14/27
#NNI moves:0/236
Guide Tree 15/27
#NNI moves:0/236
Guide Tree 16/27
#NNI moves:1/236
Guide Tree 17/27
#NNI moves:0/236
Guide Tree 18/27
#NNI moves:0/236
Guide Tree 19/27
#NNI moves:0/236
Guide Tree 20/27
#NNI moves:0/236
Guide Tree 21/27
#NNI moves:0/236
Guide Tree 22/27
#NNI moves:0/236
Guide Tree 23/27
#NNI moves:3/236
Guide Tree 24/27
#NNI moves:0/236
Guide Tree 25/27
#NNI moves:0/236
Guide Tree 26/27
#NNI moves:0/236
Remaining: 0
#NNI moves:5/236
#NNI moves:5/236
((((((((((((((((((T8,T175),T47),((T70,T60),T42)),T111),T120),((T4,T72),(T61,T127))),((T188,(T199,T163)),T92)),((T46,T141),(T200,T10))),((((T112,(T20,T78)),((T7,T167),T154)),(T28,T38)),((((T164,T62),T119),T82),((T101,T138),T51)))),(T132,T146)),((((T160,(T162,T100)),T171),(T17,(T107,T178))),(((((T105,T150),T153),T30),((T117,(T91,T142)),((T157,T48),((T41,T19),((T44,T69),T27))))),(T155,T174)))),((((((((((T183,(T148,T151)),T88),T109),T139),(((T124,((T99,T50),(T197,T108))),T144),T190)),(T198,(T2,T135))),(T59,((T52,(T79,T131)),(T102,T133)))),((((T128,T136),(T192,T34)),T81),T66)),((((((T73,T95),T3),T55),T116),(((T84,T23),T110),(((T103,((T49,T21),(T126,T114))),T25),((T63,(T181,T35)),(T14,(T185,T121)))))),((T24,T12),(T159,T36)))),T0)),(((((((((T67,T89),T68),T13),(T182,T74)),(T134,T194)),((T184,T176),(T76,(T85,T1)))),(T147,T177)),(((T93,T97),T53),((((T94,T140),T180),T40),((T170,T6),(T43,(T15,T37)))))),((((T118,T32),(T193,T104)),(T130,((T169,T57),T31))),(T137,T149)))),(((((T75,T189),(T166,T58)),(T122,(T65,T56))),T106),(((T5,T16),T9),T71))),(((T168,(T172,T98)),(T186,(((((T83,T125),((T77,T179),T45)),((T87,T143),T18)),(((T96,T158),T29),T187)),T156))),((T123,T26),(((T165,T195),T39),(T196,T90))))),((((((T191,T64),T113),(T54,T129)),T33),(T152,T80)),(((T115,T22),T11),T86))),(T145,T173)),T161);
Guide Tree 0/27
#NNI moves:0/236
Guide Tree 1/27
#NNI moves:3/236
Guide Tree 2/27
#NNI moves:0/236
Guide Tree 3/27
#NNI moves:3/236
Guide Tree 4/27
#NNI moves:3/236
Guide Tree 5/27
#NNI moves:0/236
Guide Tree 6/27
#NNI moves:0/236
Guide Tree 7/27
#NNI moves:2/236
Guide Tree 8/27
#NNI moves:2/236
Guide Tree 9/27
#NNI moves:0/236
Guide Tree 10/27
#NNI moves:0/236
Guide Tree 11/27
#NNI moves:1/236
Guide Tree 12/27
#NNI moves:0/236
Guide Tree 13/27
#NNI moves:3/236
Guide Tree 14/27
#NNI moves:3/236
Guide Tree 15/27
#NNI moves:1/236
Guide Tree 16/27
#NNI moves:0/236
Guide Tree 17/27
#NNI moves:1/236
Guide Tree 18/27
#NNI moves:0/236
Guide Tree 19/27
#NNI moves:0/236
Guide Tree 20/27
#NNI moves:1/236
Guide Tree 21/27
#NNI moves:3/236
Guide Tree 22/27
#NNI moves:4/236
Guide Tree 23/27
#NNI moves:1/236
Guide Tree 24/27
#NNI moves:4/236
Guide Tree 25/27
#NNI moves:1/236
Guide Tree 26/27
#NNI moves:0/236
Remaining: 0
#NNI moves:4/236
#NNI moves:4/236
((((((((((((((T135,T2),T198),((((T88,((T148,T151),T183)),T109),T139),((T144,(((T197,T108),(T99,T50)),T124)),T190))),(T59,((T102,T133),((T131,T79),T52)))),((((T34,T192),(T128,T136)),T81),T66)),((((T55,(T3,(T95,T73))),T116),((T110,(T84,T23)),(((((T21,T49),(T126,T114)),T103),T25),((T63,(T181,T35)),((T121,T185),T14))))),((T24,T12),(T159,T36)))),T0),((((((((T167,T7),T154),((T78,T20),T112)),(T38,T28)),(((T119,(T164,T62)),T82),(T51,(T101,T138)))),((((((((T70,T60),T42),(T47,(T8,T175))),T111),T120),((T4,T72),(T61,T127))),(((T199,T163),T188),T92)),((T46,T141),(T200,T10)))),(T132,T146)),(((((((T19,T41),((T44,T69),T27)),(T48,T157)),(T117,(T91,T142))),((T153,(T150,T105)),T30)),(T155,T174)),((((T100,T162),T160),T171),((T107,T178),T17))))),((((((T176,T184),((T85,T1),T76)),((((T68,(T67,T89)),T13),(T74,T182)),(T134,T194))),(T177,T147)),((((T170,T6),((T37,T15),T43)),((T180,(T94,T140)),T40)),((T97,T93),T53))),((((T104,T193),(T118,T32)),(((T57,T169),T31),T130)),(T137,T149)))),(((((T189,T75),(T58,T166)),((T65,T56),T122)),T106),(((T16,T5),T9),T71))),((((((((T158,T96),T29),T187),((((T179,T77),T45),(T83,T125)),(T18,(T143,T87)))),T156),T186),(T168,(T172,T98))),((T123,T26),(((T195,T165),T39),(T90,T196))))),(((((T113,(T64,T191)),(T129,T54)),T33),(T152,T80)),(((T115,T22),T11),T86))),(T173,T145)),T161);
Guide Tree 0/27
#NNI moves:0/236
Guide Tree 1/27
#NNI moves:0/236
Guide Tree 2/27
#NNI moves:0/236
Guide Tree 3/27
#NNI moves:5/236
Guide Tree 4/27
#NNI moves:1/236
Guide Tree 5/27
#NNI moves:3/236
Guide Tree 6/27
#NNI moves:0/236
Guide Tree 7/27
#NNI moves:1/236
Guide Tree 8/27
#NNI moves:0/236
Guide Tree 9/27
#NNI moves:0/236
Guide Tree 10/27
#NNI moves:0/236
Guide Tree 11/27
#NNI moves:1/236
Guide Tree 12/27
#NNI moves:3/236
Guide Tree 13/27
#NNI moves:0/236
Guide Tree 14/27
#NNI moves:0/236
Guide Tree 15/27
#NNI moves:1/236
Guide Tree 16/27
#NNI moves:3/236
Guide Tree 17/27
#NNI moves:0/236
Guide Tree 18/27
#NNI moves:1/236
Guide Tree 19/27
#NNI moves:3/236
Guide Tree 20/27
#NNI moves:1/236
Guide Tree 21/27
#NNI moves:0/236
Guide Tree 22/27
#NNI moves:3/236
Guide Tree 23/27
#NNI moves:0/236
Guide Tree 24/27
#NNI moves:0/236
Guide Tree 25/27
#NNI moves:3/236
Guide Tree 26/27
#NNI moves:1/236
Remaining: 0
#NNI moves:1/236
#NNI moves:1/236
(((((((((((((((T109,(T88,((T151,T148),T183))),T139),(((((T197,T108),(T99,T50)),T124),T144),T190)),((T2,T135),T198)),((((T131,T79),T52),(T102,T133)),T59)),((((T128,T136),(T34,T192)),T81),T66)),((((((T63,(T35,T181)),((T121,T185),T14)),((((T126,T114),(T49,T21)),T103),T25)),((T23,T84),T110)),(((T3,(T95,T73)),T55),T116)),((T12,T24),(T36,T159)))),T0),((((((((T19,T41),((T44,T69),T27)),(T48,T157)),((T142,T91),T117)),(((T150,T105),T153),T30)),(T174,T155)),((((T100,T162),T160),T171),(T17,(T107,T178)))),(((((T28,T38),(((T20,T78),T112),((T7,T167),T154))),((T82,((T164,T62),T119)),((T138,T101),T51))),(((((((T42,(T70,T60)),(T47,(T8,T175))),T111),T120),((T4,T72),(T61,T127))),(((T199,T163),T188),T92)),((T10,T200),(T141,T46)))),(T146,T132)))),((((((T184,T176),((T85,T1),T76)),((T134,T194),((T13,(T68,(T89,T67))),(T182,T74)))),(T147,T177)),(((((T37,T15),T43),(T170,T6)),(((T140,T94),T180),T40)),((T93,T97),T53))),(((((T169,T57),T31),T130),((T104,T193),(T118,T32))),(T149,T137)))),(((((T75,T189),(T58,T166)),((T56,T65),T122)),T106),(((T16,T5),T9),T71))),((((((((T125,T83),((T77,T179),T45)),((T143,T87),T18)),((T29,(T96,T158)),T187)),T156),T186),(T168,(T98,T172))),(((T90,T196),((T165,T195),T39)),(T26,T123)))),((T86,(T11,(T115,T22))),(((((T191,T64),T113),(T54,T129)),T33),(T152,T80)))),(T145,T173)),T161);
Initial score: 2.74064e+10
Initial tree: (((((((((((((((T109,(T88,((T151,T148),T183))),T139),(((((T197,T108),(T99,T50)),T124),T144),T190)),((T2,T135),T198)),((((T131,T79),T52),(T102,T133)),T59)),((((T128,T136),(T34,T192)),T81),T66)),((((((T63,(T35,T181)),((T121,T185),T14)),((((T126,T114),(T49,T21)),T103),T25)),((T23,T84),T110)),(((T3,(T95,T73)),T55),T116)),((T12,T24),(T36,T159)))),T0),((((((((T19,T41),((T44,T69),T27)),(T48,T157)),((T142,T91),T117)),(((T150,T105),T153),T30)),(T174,T155)),((((T100,T162),T160),T171),(T17,(T107,T178)))),(((((T28,T38),(((T20,T78),T112),((T7,T167),T154))),((T82,((T164,T62),T119)),((T138,T101),T51))),(((((((T42,(T70,T60)),(T47,(T8,T175))),T111),T120),((T4,T72),(T61,T127))),(((T199,T163),T188),T92)),((T10,T200),(T141,T46)))),(T146,T132)))),((((((T184,T176),((T85,T1),T76)),((T134,T194),((T13,(T68,(T89,T67))),(T182,T74)))),(T147,T177)),(((((T37,T15),T43),(T170,T6)),(((T140,T94),T180),T40)),((T93,T97),T53))),(((((T169,T57),T31),T130),((T104,T193),(T118,T32))),(T149,T137)))),(((((T75,T189),(T58,T166)),((T56,T65),T122)),T106),(((T16,T5),T9),T71))),((((((((T125,T83),((T77,T179),T45)),((T143,T87),T18)),((T29,(T96,T158)),T187)),T156),T186),(T168,(T98,T172))),(((T90,T196),((T165,T195),T39)),(T26,T123)))),((T86,(T11,(T115,T22))),(((((T191,T64),T113),(T54,T129)),T33),(T152,T80)))),(T145,T173)),T161);
*** Subsample Process ***
Use two-step algorithm!
#NNI moves:0/236
Remaining: 0
#NNI moves:1/236
#NNI moves:1/236
(((((((((((((((((((((T158,T96),T29),T187),(((T87,T143),T18),(((T77,T179),T45),(T125,T83)))),T156),T186),((T172,T98),T168)),(((T39,(T195,T165)),(T196,T90)),(T26,T123))),(((T145,T173),T161),(((T33,(((T191,T64),T113),(T54,T129))),(T80,T152)),((T11,(T115,T22)),T86)))),(((((T56,T65),T122),((T75,T189),(T166,T58))),T106),(((T16,T5),T9),T71))),((((((T43,(T37,T15)),(T170,T6)),(T40,(T180,(T140,T94)))),((T93,T97),T53)),((((T134,T194),((((T67,T89),T68),T13),(T182,T74))),((T76,(T85,T1)),(T176,T184))),(T147,T177))),((((T118,T32),(T104,T193)),(((T57,T169),T31),T130)),(T137,T149)))),(((((((T48,T157),(((T69,T44),T27),(T41,T19))),(T117,(T142,T91))),(((T105,T150),T153),T30)),(T174,T155)),((T17,(T107,T178)),(((T100,T162),T160),T171))),(((((((T111,(((T70,T60),T42),((T175,T8),T47))),T120),((T4,T72),(T127,T61))),(T92,((T199,T163),T188))),((T141,T46),(T200,T10))),((((T119,(T164,T62)),T82),((T138,T101),T51)),((T28,T38),(((T167,T7),T154),((T78,T20),T112))))),(T132,T146)))),T0),(((T24,T12),(T159,T36)),((((T84,T23),T110),(((T14,(T121,T185)),((T181,T35),T63)),((((T114,T126),(T49,T21)),T103),T25))),((((T95,T73),T3),T55),T116)))),(T66,(((T192,T34),(T128,T136)),T81))),((((T131,T79),T52),(T133,T102)),T59)),(T198,(T135,T2))),(((((T99,T50),(T108,T197)),T124),T144),T190)),T139),(T88,(T183,(T148,T151)))),T109);
#NNI moves:0/236
Remaining: 0
#NNI moves:5/236
#NNI moves:5/236
((((((((((((((((T199,T163),T188),T92),(((T72,T4),(T127,T61)),((((T47,(T175,T8)),(T42,(T60,T70))),T111),T120))),((T10,T200),(T141,T46))),((((T138,T101),T51),(((T62,T164),T119),T82)),((((T78,T20),T112),(T154,(T167,T7))),(T38,T28)))),(T146,T132)),(((((((T27,(T69,T44)),(T19,T41)),(T157,T48)),((T142,T91),T117)),(T30,((T105,T150),T153))),(T155,T174)),(((T178,T107),T17),(((T100,T162),T160),T171)))),((((T66,(((T136,T128),(T192,T34)),T81)),((((((((T108,T197),(T99,T50)),T124),T144),T190),((((T183,(T148,T151)),T88),T109),T139)),(T198,(T2,T135))),(T59,((T52,(T131,T79)),(T133,T102))))),(((((((T181,T35),T63),(T14,(T121,T185))),(T25,(((T126,T114),(T49,T21)),T103))),(T110,(T23,T84))),(((T3,(T73,T95)),T55),T116)),((T24,T12),(T36,T159)))),T0)),((((((T6,T170),(T43,(T37,T15))),(((T140,T94),T180),T40)),((T93,T97),T53)),((((((T68,(T89,T67)),T13),(T182,T74)),(T194,T134)),(((T85,T1),T76),(T184,T176))),(T177,T147))),((((T118,T32),(T193,T104)),(((T57,T169),T31),T130)),(T137,T149)))),(((((T189,T75),(T166,T58)),(T122,(T56,T65))),T106),((T9,(T16,T5)),T71))),(((((((((T77,T179),T45),(T125,T83)),((T87,T143),T18)),((T29,(T96,T158)),T187)),T156),T186),((T98,T172),T168)),(((T39,(T165,T195)),(T90,T196)),(T123,T26)))),((T86,(T11,(T115,T22))),((T152,T80),(((T113,(T191,T64)),(T129,T54)),T33)))),T161),T173),T145);
#NNI moves:3/236
Remaining: 0
#NNI moves:10/236
#NNI moves:10/236
((((((((((((((((((((((((T45,(T77,T179)),(T125,T83)),(T18,(T87,T143))),(((T158,T96),T29),T187)),T156),T186),((T98,T172),T168)),((((T195,T165),T39),(T196,T90)),(T123,T26))),(((((T115,T22),T11),T86),((((T113,(T64,T191)),(T129,T54)),T33),(T152,T80))),((T173,T145),T161))),((((T122,(T65,T56)),((T166,T58),(T189,T75))),T106),(((T5,T16),T9),T71))),(((((((T13,((T67,T89),T68)),(T74,T182)),(T134,T194)),((T184,T176),((T1,T85),T76))),(T147,T177)),(((((T94,T140),T180),T40),((T43,(T37,T15)),(T6,T170))),((T93,T97),T53))),((T137,T149),(((T118,T32),(T193,T104)),(((T57,T169),T31),T130))))),((((((((((T49,T21),(T126,T114)),T103),T25),(((T35,T181),T63),((T185,T121),T14))),(T110,(T23,T84))),((((T73,T95),T3),T55),T116)),((T12,T24),(T159,T36))),(((((((((T99,T50),(T108,T197)),T124),T144),T190),(((T88,((T148,T151),T183)),T109),T139)),(T198,(T135,T2))),((((T79,T131),T52),(T102,T133)),T59)),((T81,((T192,T34),(T128,T136))),T66))),T0)),(((T174,T155),(((((T41,T19),((T44,T69),T27)),(T157,T48)),((T142,T91),T117)),(((T150,T105),T153),T30))),(((T160,(T100,T162)),T171),((T178,T107),T17)))),(T132,T146)),(((((T164,T62),T119),T82),(T51,(T138,T101))),((T38,T28),(((T78,T20),T112),((T167,T7),T154))))),((T10,T200),(T46,T141))),(T92,(T188,(T199,T163)))),((T127,T61),(T72,T4))),T120),T111),((T60,T70),T42)),T47),T175),T8);
#NNI moves:0/236
Remaining: 0
#NNI moves:1/236
#NNI moves:1/236
((((((((((((((((T103,((T49,T21),(T126,T114))),T25),((T14,(T185,T121)),((T35,T181),T63))),(T110,(T84,T23))),((((T73,T95),T3),T55),T116)),((T12,T24),(T36,T159))),(((((((T124,((T197,T108),(T50,T99))),T144),T190),(((T88,((T148,T151),T183)),T109),T139)),(T198,(T2,T135))),(((T102,T133),(T52,(T79,T131))),T59)),((((T192,T34),(T128,T136)),T81),T66))),T0),((((((((T19,T41),((T69,T44),T27)),(T48,T157)),(T117,(T142,T91))),((T153,(T150,T105)),T30)),(T174,T155)),((T171,((T162,T100),T160)),((T107,T178),T17))),(((((((T4,T72),(T61,T127)),(((((T60,T70),T42),((T175,T8),T47)),T111),T120)),(((T163,T199),T188),T92)),((T141,T46),(T10,T200))),(((T28,T38),(((T20,T78),T112),(T154,(T167,T7)))),(((T101,T138),T51),(((T62,T164),T119),T82)))),(T132,T146)))),(((((((T94,T140),T180),T40),((T170,T6),((T37,T15),T43))),(T53,(T93,T97))),(((((T74,T182),(T13,((T67,T89),T68))),(T194,T134)),((T76,(T85,T1)),(T184,T176))),(T147,T177))),((T149,T137),((((T57,T169),T31),T130),((T32,T118),(T193,T104)))))),(((T9,(T5,T16)),T71),((((T75,T189),(T58,T166)),((T65,T56),T122)),T106))),((((((((T87,T143),T18),(((T179,T77),T45),(T83,T125))),((T29,(T158,T96)),T187)),T156),T186),((T172,T98),T168)),(((T90,T196),((T165,T195),T39)),(T26,T123)))),(((((T113,(T64,T191)),(T54,T129)),T33),(T80,T152)),(((T22,T115),T11),T86))),T161),T173),T145);
Current score: 2.74064e+10
Current tree: (((((((((((((((T103,((T49,T21),(T126,T114))),T25),((T14,(T185,T121)),((T35,T181),T63))),(T110,(T84,T23))),((((T73,T95),T3),T55),T116)),((T12,T24),(T36,T159))),(((((((T124,((T197,T108),(T50,T99))),T144),T190),(((T88,((T148,T151),T183)),T109),T139)),(T198,(T2,T135))),(((T102,T133),(T52,(T79,T131))),T59)),((((T192,T34),(T128,T136)),T81),T66))),T0),((((((((T19,T41),((T69,T44),T27)),(T48,T157)),(T117,(T142,T91))),((T153,(T150,T105)),T30)),(T174,T155)),((T171,((T162,T100),T160)),((T107,T178),T17))),(((((((T4,T72),(T61,T127)),(((((T60,T70),T42),((T175,T8),T47)),T111),T120)),(((T163,T199),T188),T92)),((T141,T46),(T10,T200))),(((T28,T38),(((T20,T78),T112),(T154,(T167,T7)))),(((T101,T138),T51),(((T62,T164),T119),T82)))),(T132,T146)))),(((((((T94,T140),T180),T40),((T170,T6),((T37,T15),T43))),(T53,(T93,T97))),(((((T74,T182),(T13,((T67,T89),T68))),(T194,T134)),((T76,(T85,T1)),(T184,T176))),(T147,T177))),((T149,T137),((((T57,T169),T31),T130),((T32,T118),(T193,T104)))))),(((T9,(T5,T16)),T71),((((T75,T189),(T58,T166)),((T65,T56),T122)),T106))),((((((((T87,T143),T18),(((T179,T77),T45),(T83,T125))),((T29,(T158,T96)),T187)),T156),T186),((T172,T98),T168)),(((T90,T196),((T165,T195),T39)),(T26,T123)))),(((((T113,(T64,T191)),(T54,T129)),T33),(T80,T152)),(((T22,T115),T11),T86))),(T173,T145)),T161);
Final Tree: (((((((((((((((T103,((T49,T21),(T126,T114))),T25),((T14,(T185,T121)),((T35,T181),T63))),(T110,(T84,T23))),((((T73,T95),T3),T55),T116)),((T12,T24),(T36,T159))),(((((((T124,((T197,T108),(T50,T99))),T144),T190),(((T88,((T148,T151),T183)),T109),T139)),(T198,(T2,T135))),(((T102,T133),(T52,(T79,T131))),T59)),((((T192,T34),(T128,T136)),T81),T66))),T0),((((((((T19,T41),((T69,T44),T27)),(T48,T157)),(T117,(T142,T91))),((T153,(T150,T105)),T30)),(T174,T155)),((T171,((T162,T100),T160)),((T107,T178),T17))),(((((((T4,T72),(T61,T127)),(((((T60,T70),T42),((T175,T8),T47)),T111),T120)),(((T163,T199),T188),T92)),((T141,T46),(T10,T200))),(((T28,T38),(((T20,T78),T112),(T154,(T167,T7)))),(((T101,T138),T51),(((T62,T164),T119),T82)))),(T132,T146)))),(((((((T94,T140),T180),T40),((T170,T6),((T37,T15),T43))),(T53,(T93,T97))),(((((T74,T182),(T13,((T67,T89),T68))),(T194,T134)),((T76,(T85,T1)),(T184,T176))),(T147,T177))),((T149,T137),((((T57,T169),T31),T130),((T32,T118),(T193,T104)))))),(((T9,(T5,T16)),T71),((((T75,T189),(T58,T166)),((T65,T56),T122)),T106))),((((((((T87,T143),T18),(((T179,T77),T45),(T83,T125))),((T29,(T158,T96)),T187)),T156),T186),((T172,T98),T168)),(((T90,T196),((T165,T195),T39)),(T26,T123)))),(((((T113,(T64,T191)),(T54,T129)),T33),(T80,T152)),(((T22,T115),T11),T86))),(T173,T145)),T161);
Score: 2.740644072e+10

real	1m53.166s
user	40m58.727s
sys	0m22.808s
