Iteration 1:
Accurate Species Tree EstimatoR from Independent Site Kernals
Version: v1.13.0.0
#Base: 120927429
#Species: 201
#Rounds: 1
#Samples: 0
#Threads: 64
Use two-step algorithm!
Guide Tree 0/27
#NNI moves:0/236
Guide Tree 1/27
#NNI moves:0/236
Guide Tree 2/27
#NNI moves:0/236
Guide Tree 3/27
#NNI moves:0/236
Guide Tree 4/27
#NNI moves:0/236
Guide Tree 5/27
#NNI moves:0/236
Guide Tree 6/27
#NNI moves:3/236
Guide Tree 7/27
#NNI moves:0/236
Guide Tree 8/27
#NNI moves:0/236
Guide Tree 9/27
#NNI moves:0/236
Guide Tree 10/27
#NNI moves:3/236
Guide Tree 11/27
#NNI moves:0/236
Guide Tree 12/27
#NNI moves:1/236
Guide Tree 13/27
#NNI moves:0/236
Guide Tree 14/27
#NNI moves:3/236
Guide Tree 15/27
#NNI moves:1/236
Guide Tree 16/27
#NNI moves:3/236
Guide Tree 17/27
#NNI moves:3/236
Guide Tree 18/27
#NNI moves:3/236
Guide Tree 19/27
#NNI moves:1/236
Guide Tree 20/27
#NNI moves:0/236
Guide Tree 21/27
#NNI moves:3/236
Guide Tree 22/27
#NNI moves:0/236
Guide Tree 23/27
#NNI moves:0/236
Guide Tree 24/27
#NNI moves:0/236
Guide Tree 25/27
#NNI moves:0/236
Guide Tree 26/27
#NNI moves:0/236
Remaining: 0
#NNI moves:0/236
#NNI moves:0/236
((((((((((((((T131,T79),T52),(T102,T133)),T59),(((((((T108,T197),(T99,T50)),T124),T144),T190),((((T183,(T151,T148)),T88),T109),T139)),((T2,T135),T198))),((((T128,T136),(T192,T34)),T81),T66)),((((((T14,(T121,T185)),((T181,T35),T63)),((((T126,T114),(T49,T21)),T103),T25)),((T23,T84),T110)),((((T95,T73),T3),T55),T116)),((T12,T24),(T36,T159)))),T0),((((((((T41,T19),((T44,T69),T27)),(T157,T48)),((T142,T91),T117)),((T153,(T105,T150)),T30)),(T174,T155)),((((T162,T100),T160),T171),((T178,T107),T17))),(((((((T4,T72),(T61,T127)),((((T60,T70),T42),((T8,T175),T47)),(T120,T111))),(((T199,T163),T188),T92)),((T46,T141),(T200,T10))),(((T154,(T7,T167)),(((T78,T112),T20),(T28,T38))),((T82,((T62,T164),T119)),(T51,(T138,T101))))),(T132,T146)))),((((((T76,(T85,T1)),(T176,T184)),((((T68,(T89,T67)),T13),(T74,T182)),(T194,T134))),(T147,T177)),(((T40,(T180,(T94,T140))),(((T15,T37),T43),(T170,T6))),((T93,T97),T53))),(((T130,((T57,T169),T31)),((T104,T193),(T118,T32))),(T149,T137)))),((((((((((T83,T125),T45),(T77,T179)),((T143,T87),T18)),(((T96,T158),T29),T187)),T156),T186),(T168,(T98,T172))),((((T165,T195),T39),(T90,T196)),(T26,T123))),((((((T191,T64),T113),(T129,T54)),T33),(T152,T80)),((T11,(T115,T22)),T86)))),(((((T75,T189),(T166,T58)),((T65,T56),T122)),T106),(((T16,T5),T9),T71))),(T145,T173)),T161);
Initial score: 5.65484e+09
Initial tree: ((((((((((((((T131,T79),T52),(T102,T133)),T59),(((((((T108,T197),(T99,T50)),T124),T144),T190),((((T183,(T151,T148)),T88),T109),T139)),((T2,T135),T198))),((((T128,T136),(T192,T34)),T81),T66)),((((((T14,(T121,T185)),((T181,T35),T63)),((((T126,T114),(T49,T21)),T103),T25)),((T23,T84),T110)),((((T95,T73),T3),T55),T116)),((T12,T24),(T36,T159)))),T0),((((((((T41,T19),((T44,T69),T27)),(T157,T48)),((T142,T91),T117)),((T153,(T105,T150)),T30)),(T174,T155)),((((T162,T100),T160),T171),((T178,T107),T17))),(((((((T4,T72),(T61,T127)),((((T60,T70),T42),((T8,T175),T47)),(T120,T111))),(((T199,T163),T188),T92)),((T46,T141),(T200,T10))),(((T154,(T7,T167)),(((T78,T112),T20),(T28,T38))),((T82,((T62,T164),T119)),(T51,(T138,T101))))),(T132,T146)))),((((((T76,(T85,T1)),(T176,T184)),((((T68,(T89,T67)),T13),(T74,T182)),(T194,T134))),(T147,T177)),(((T40,(T180,(T94,T140))),(((T15,T37),T43),(T170,T6))),((T93,T97),T53))),(((T130,((T57,T169),T31)),((T104,T193),(T118,T32))),(T149,T137)))),((((((((((T83,T125),T45),(T77,T179)),((T143,T87),T18)),(((T96,T158),T29),T187)),T156),T186),(T168,(T98,T172))),((((T165,T195),T39),(T90,T196)),(T26,T123))),((((((T191,T64),T113),(T129,T54)),T33),(T152,T80)),((T11,(T115,T22)),T86)))),(((((T75,T189),(T166,T58)),((T65,T56),T122)),T106),(((T16,T5),T9),T71))),(T145,T173)),T161);
*** Subsample Process ***
Current score: 5.65484e+09
Current tree: ((((((((((((((T131,T79),T52),(T102,T133)),T59),(((((((T108,T197),(T99,T50)),T124),T144),T190),((((T183,(T151,T148)),T88),T109),T139)),((T2,T135),T198))),((((T128,T136),(T192,T34)),T81),T66)),((((((T14,(T121,T185)),((T181,T35),T63)),((((T126,T114),(T49,T21)),T103),T25)),((T23,T84),T110)),((((T95,T73),T3),T55),T116)),((T12,T24),(T36,T159)))),T0),((((((((T41,T19),((T44,T69),T27)),(T157,T48)),((T142,T91),T117)),((T153,(T105,T150)),T30)),(T174,T155)),((((T162,T100),T160),T171),((T178,T107),T17))),(((((((T4,T72),(T61,T127)),((((T60,T70),T42),((T8,T175),T47)),(T120,T111))),(((T199,T163),T188),T92)),((T46,T141),(T200,T10))),(((T154,(T7,T167)),(((T78,T112),T20),(T28,T38))),((T82,((T62,T164),T119)),(T51,(T138,T101))))),(T132,T146)))),((((((T76,(T85,T1)),(T176,T184)),((((T68,(T89,T67)),T13),(T74,T182)),(T194,T134))),(T147,T177)),(((T40,(T180,(T94,T140))),(((T15,T37),T43),(T170,T6))),((T93,T97),T53))),(((T130,((T57,T169),T31)),((T104,T193),(T118,T32))),(T149,T137)))),((((((((((T83,T125),T45),(T77,T179)),((T143,T87),T18)),(((T96,T158),T29),T187)),T156),T186),(T168,(T98,T172))),((((T165,T195),T39),(T90,T196)),(T26,T123))),((((((T191,T64),T113),(T129,T54)),T33),(T152,T80)),((T11,(T115,T22)),T86)))),(((((T75,T189),(T166,T58)),((T65,T56),T122)),T106),(((T16,T5),T9),T71))),(T145,T173)),T161);
Final Tree: ((((((((((((((T131,T79),T52),(T102,T133)),T59),(((((((T108,T197),(T99,T50)),T124),T144),T190),((((T183,(T151,T148)),T88),T109),T139)),((T2,T135),T198))),((((T128,T136),(T192,T34)),T81),T66)),((((((T14,(T121,T185)),((T181,T35),T63)),((((T126,T114),(T49,T21)),T103),T25)),((T23,T84),T110)),((((T95,T73),T3),T55),T116)),((T12,T24),(T36,T159)))),T0),((((((((T41,T19),((T44,T69),T27)),(T157,T48)),((T142,T91),T117)),((T153,(T105,T150)),T30)),(T174,T155)),((((T162,T100),T160),T171),((T178,T107),T17))),(((((((T4,T72),(T61,T127)),((((T60,T70),T42),((T8,T175),T47)),(T120,T111))),(((T199,T163),T188),T92)),((T46,T141),(T200,T10))),(((T154,(T7,T167)),(((T78,T112),T20),(T28,T38))),((T82,((T62,T164),T119)),(T51,(T138,T101))))),(T132,T146)))),((((((T76,(T85,T1)),(T176,T184)),((((T68,(T89,T67)),T13),(T74,T182)),(T194,T134))),(T147,T177)),(((T40,(T180,(T94,T140))),(((T15,T37),T43),(T170,T6))),((T93,T97),T53))),(((T130,((T57,T169),T31)),((T104,T193),(T118,T32))),(T149,T137)))),((((((((((T83,T125),T45),(T77,T179)),((T143,T87),T18)),(((T96,T158),T29),T187)),T156),T186),(T168,(T98,T172))),((((T165,T195),T39),(T90,T196)),(T26,T123))),((((((T191,T64),T113),(T129,T54)),T33),(T152,T80)),((T11,(T115,T22)),T86)))),(((((T75,T189),(T166,T58)),((T65,T56),T122)),T106),(((T16,T5),T9),T71))),(T145,T173)),T161);
Score: 5.65484e+09

real	1m23.409s
user	60m30.692s
sys	0m6.142s
