Weighted ASTRAL - Hybrid
Version: v1.13.2.3
#Genetrees: 2000
#Species: 201
#Rounds: 4
#Samples: 4
#Threads: 32
Use two-step algorithm!
Guide Tree 0/27
#NNI moves:0/236
Guide Tree 1/27
#NNI moves:0/236
Guide Tree 2/27
#NNI moves:0/236
Guide Tree 3/27
#NNI moves:0/236
Guide Tree 4/27
#NNI moves:0/236
Guide Tree 5/27
#NNI moves:0/236
Guide Tree 6/27
#NNI moves:0/236
Guide Tree 7/27
#NNI moves:0/236
Guide Tree 8/27
#NNI moves:0/236
Guide Tree 9/27
#NNI moves:0/236
Guide Tree 10/27
#NNI moves:0/236
Guide Tree 11/27
#NNI moves:0/236
Guide Tree 12/27
#NNI moves:0/236
Guide Tree 13/27
#NNI moves:0/236
Guide Tree 14/27
#NNI moves:0/236
Guide Tree 15/27
#NNI moves:0/236
Guide Tree 16/27
#NNI moves:0/236
Guide Tree 17/27
#NNI moves:0/236
Guide Tree 18/27
#NNI moves:0/236
Guide Tree 19/27
#NNI moves:0/236
Guide Tree 20/27
#NNI moves:0/236
Guide Tree 21/27
#NNI moves:0/236
Guide Tree 22/27
#NNI moves:0/236
Guide Tree 23/27
#NNI moves:0/236
Guide Tree 24/27
#NNI moves:0/236
Guide Tree 25/27
#NNI moves:0/236
Guide Tree 26/27
#NNI moves:0/236
Remaining: 0
#NNI moves:2/236
#NNI moves:2/236
(((((((((((((((((T45,T187),T121),((((T91,T147),T44),T117),T52)),((T170,((T112,(T6,T104)),T169)),T108)),(T47,(T69,T151))),((((((T29,T165),(T154,T65)),(T80,(T82,T58))),((((T136,T16),T189),T20),T190)),((T9,T146),(T14,T77))),((((((T140,T195),T56),(T133,((T144,T143),T161))),(T33,T97)),T172),(T50,T81)))),((((T89,T119),((T18,T106),T162)),((((T95,T141),(T26,(T110,T66))),((T31,T28),T148)),(T59,T114))),((((((T150,T17),T171),(T124,T54)),T4),(T192,((T180,(T200,T8)),T135))),(T83,T96)))),((((((((T159,(T142,(T63,T123))),(T23,T46)),T1),((T105,T60),T53)),(((T183,T155),(T41,T131)),(T107,T74))),T122),(T88,T115)),((((T92,T129),(T13,T164)),(((T149,(T145,T36)),T86),(T166,T197))),((((((T178,T128),T79),(T186,T57)),(T55,(T157,T118))),(T5,T130)),T51)))),T198),T0),(((((((((T98,T37),T24),T32),T179),(T137,T70)),(T152,T72)),T173),((T158,T199),T120)),T188)),(((((T113,(((T134,T67),T193),((T90,T49),T185))),(T62,T109)),(((T71,T153),(T138,T2)),T103)),((T160,T35),((T10,T191),T15))),((T174,T68),((T100,T39),T64)))),((((((((T94,T132),T99),T87),T194),T61),((T101,T126),(T25,T168))),(T3,T78)),T38)),(((((T177,T163),(((T21,T40),(T22,(T184,T125))),(((T27,T42),T30),T111))),((T73,T84),T12)),(((T156,(T102,T127)),(T85,T75)),((((T76,T7),T48),T43),(((T176,T139),T181),((T167,T93),T19))))),(T116,T182))),(T196,T11)),T34),T175);
Guide Tree 0/27
#NNI moves:0/236
Guide Tree 1/27
#NNI moves:0/236
Guide Tree 2/27
#NNI moves:0/236
Guide Tree 3/27
#NNI moves:1/236
Guide Tree 4/27
#NNI moves:0/236
Guide Tree 5/27
#NNI moves:0/236
Guide Tree 6/27
#NNI moves:0/236
Guide Tree 7/27
#NNI moves:0/236
Guide Tree 8/27
#NNI moves:1/236
Guide Tree 9/27
#NNI moves:1/236
Guide Tree 10/27
#NNI moves:0/236
Guide Tree 11/27
#NNI moves:1/236
Guide Tree 12/27
#NNI moves:0/236
Guide Tree 13/27
#NNI moves:0/236
Guide Tree 14/27
#NNI moves:0/236
Guide Tree 15/27
#NNI moves:1/236
Guide Tree 16/27
#NNI moves:0/236
Guide Tree 17/27
#NNI moves:1/236
Guide Tree 18/27
#NNI moves:0/236
Guide Tree 19/27
#NNI moves:0/236
Guide Tree 20/27
#NNI moves:0/236
Guide Tree 21/27
#NNI moves:1/236
Guide Tree 22/27
#NNI moves:0/236
Guide Tree 23/27
#NNI moves:1/236
Guide Tree 24/27
#NNI moves:0/236
Guide Tree 25/27
#NNI moves:1/236
Guide Tree 26/27
#NNI moves:1/236
Remaining: 0
#NNI moves:3/236
#NNI moves:3/236
((((((((((((((((T52,(T117,((T147,T91),T44))),((T187,T45),T121)),(((((T6,T104),T112),T169),T170),T108)),(T47,(T151,T69))),(((((((T140,T195),T56),(T133,(T161,(T144,T143)))),(T97,T33)),T172),(T81,T50)),((((T80,(T58,T82)),((T165,T29),(T154,T65))),(T190,(T20,(T189,(T16,T136))))),((T9,T146),(T77,T14))))),((((T4,((T171,(T17,T150)),(T124,T54))),((T135,((T8,T200),T180)),T192)),(T96,T83)),(((((T31,T28),T148),((T26,(T66,T110)),(T141,T95))),(T59,T114)),((T119,T89),((T18,T106),T162))))),((((((((((T63,T123),T142),T159),(T23,T46)),T1),(T53,(T105,T60))),(((T183,T155),(T41,T131)),(T74,T107))),T122),(T88,T115)),(((((((T178,T128),T79),(T57,T186)),((T118,T157),T55)),(T5,T130)),T51),(((T13,T164),(T129,T92)),(((T149,(T145,T36)),T86),(T166,T197)))))),T198),T0),((((((T179,(((T98,T37),T24),T32)),(T70,T137)),(T152,T72)),T173),((T199,T158),T120)),T188)),(((((((T185,(T49,T90)),((T67,T134),T193)),T113),(T62,T109)),(((T71,T153),(T138,T2)),T103)),(((T191,T10),T15),(T35,T160))),((T64,(T100,T39)),(T68,T174)))),(((T78,T3),(((T101,T126),(T25,T168)),(((((T94,T132),T99),T87),T194),T61))),T38)),((((((((T27,T42),T30),T111),((T21,T40),((T125,T184),T22))),(T177,T163)),((T73,T84),T12)),((((T102,T127),T156),(T75,T85)),((T43,(T48,(T76,T7))),(((T139,T176),T181),(T19,(T167,T93)))))),(T116,T182))),(T11,T196)),T34),T175);
Guide Tree 0/27
#NNI moves:0/236
Guide Tree 1/27
#NNI moves:0/236
Guide Tree 2/27
#NNI moves:0/236
Guide Tree 3/27
#NNI moves:0/236
Guide Tree 4/27
#NNI moves:0/236
Guide Tree 5/27
#NNI moves:0/236
Guide Tree 6/27
#NNI moves:0/236
Guide Tree 7/27
#NNI moves:0/236
Guide Tree 8/27
#NNI moves:0/236
Guide Tree 9/27
#NNI moves:0/236
Guide Tree 10/27
#NNI moves:0/236
Guide Tree 11/27
#NNI moves:0/236
Guide Tree 12/27
#NNI moves:0/236
Guide Tree 13/27
#NNI moves:0/236
Guide Tree 14/27
#NNI moves:0/236
Guide Tree 15/27
#NNI moves:0/236
Guide Tree 16/27
#NNI moves:0/236
Guide Tree 17/27
#NNI moves:0/236
Guide Tree 18/27
#NNI moves:0/236
Guide Tree 19/27
#NNI moves:0/236
Guide Tree 20/27
#NNI moves:0/236
Guide Tree 21/27
#NNI moves:0/236
Guide Tree 22/27
#NNI moves:0/236
Guide Tree 23/27
#NNI moves:0/236
Guide Tree 24/27
#NNI moves:0/236
Guide Tree 25/27
#NNI moves:0/236
Guide Tree 26/27
#NNI moves:0/236
Remaining: 0
#NNI moves:1/236
#NNI moves:1/236
((((((((((((((((((T112,(T6,T104)),T169),T170),T108),(((((T91,T147),T44),T117),T52),((T187,T45),T121))),(T47,(T69,T151))),(((((T97,T33),((T133,((T144,T143),T161)),((T195,T140),T56))),T172),(T81,T50)),(((((T29,T165),(T154,T65)),((T82,T58),T80)),((((T16,T136),T189),T20),T190)),((T9,T146),(T14,T77))))),((((T59,T114),(((T31,T28),T148),(((T66,T110),T26),(T141,T95)))),(((T18,T106),T162),(T89,T119))),((T83,T96),((T192,((T180,(T200,T8)),T135)),((((T17,T150),T171),(T124,T54)),T4))))),(((((T92,T129),(T13,T164)),(((T149,(T36,T145)),T86),(T166,T197))),((((((T128,T178),T79),(T57,T186)),((T118,T157),T55)),(T130,T5)),T51)),((T115,T88),((((((((T63,T123),T142),T159),(T23,T46)),T1),(T53,(T105,T60))),((T74,T107),((T41,T131),(T183,T155)))),T122)))),T198),T0),(((((((((T98,T37),T24),T32),T179),(T137,T70)),(T72,T152)),T173),((T199,T158),T120)),T188)),((((((T153,T71),(T2,T138)),T103),(((((T90,T49),T185),(T193,(T67,T134))),T113),(T62,T109))),((T160,T35),(T15,(T10,T191)))),((T174,T68),((T100,T39),T64)))),((((((((T132,T94),T99),T87),T194),T61),((T101,T126),(T25,T168))),(T78,T3)),T38)),(((((T163,T177),((((T184,T125),T22),(T21,T40)),(((T27,T42),T30),T111))),(T12,(T73,T84))),(((T75,T85),(T156,(T127,T102))),((((T76,T7),T48),T43),(((T176,T139),T181),(T19,(T93,T167)))))),(T116,T182))),(T196,T11)),T34),T175);
Guide Tree 0/27
#NNI moves:0/236
Guide Tree 1/27
#NNI moves:0/236
Guide Tree 2/27
#NNI moves:0/236
Guide Tree 3/27
#NNI moves:0/236
Guide Tree 4/27
#NNI moves:0/236
Guide Tree 5/27
#NNI moves:0/236
Guide Tree 6/27
#NNI moves:0/236
Guide Tree 7/27
#NNI moves:0/236
Guide Tree 8/27
#NNI moves:0/236
Guide Tree 9/27
#NNI moves:0/236
Guide Tree 10/27
#NNI moves:0/236
Guide Tree 11/27
#NNI moves:0/236
Guide Tree 12/27
#NNI moves:0/236
Guide Tree 13/27
#NNI moves:0/236
Guide Tree 14/27
#NNI moves:0/236
Guide Tree 15/27
#NNI moves:0/236
Guide Tree 16/27
#NNI moves:0/236
Guide Tree 17/27
#NNI moves:0/236
Guide Tree 18/27
#NNI moves:0/236
Guide Tree 19/27
#NNI moves:0/236
Guide Tree 20/27
#NNI moves:0/236
Guide Tree 21/27
#NNI moves:0/236
Guide Tree 22/27
#NNI moves:0/236
Guide Tree 23/27
#NNI moves:0/236
Guide Tree 24/27
#NNI moves:0/236
Guide Tree 25/27
#NNI moves:0/236
Guide Tree 26/27
#NNI moves:0/236
Remaining: 0
#NNI moves:3/236
#NNI moves:3/236
(((((((((((((((((T169,(T112,(T6,T104))),T170),T108),(((T117,((T147,T91),T44)),T52),((T45,T187),T121))),((T69,T151),T47)),((((T146,T9),(T14,T77)),((T190,(((T136,T16),T189),T20)),(((T165,T29),(T154,T65)),(T80,(T82,T58))))),((((((T195,T140),T56),((T161,(T144,T143)),T133)),(T97,T33)),T172),(T81,T50)))),((((T119,T89),(T162,(T106,T18))),(((((T66,T110),T26),(T141,T95)),(T148,(T28,T31))),(T114,T59))),((((((T8,T200),T180),T135),T192),(((T124,T54),((T17,T150),T171)),T4)),(T96,T83)))),((((((T1,((T46,T23),(((T63,T123),T142),T159))),(T53,(T60,T105))),(((T131,T41),(T155,T183)),(T107,T74))),T122),(T115,T88)),((((((T57,T186),((T178,T128),T79)),((T118,T157),T55)),(T130,T5)),T51),(((T129,T92),(T13,T164)),((T166,T197),((T149,(T36,T145)),T86)))))),T198),T0),((((((T137,T70),((((T98,T37),T24),T32),T179)),(T152,T72)),T173),(T120,(T158,T199))),T188)),(((((T10,T191),T15),(T160,T35)),((((T2,T138),(T71,T153)),T103),(((((T49,T90),T185),((T67,T134),T193)),T113),(T109,T62)))),((T68,T174),((T39,T100),T64)))),((((((T87,((T132,T94),T99)),T194),T61),((T101,T126),(T25,T168))),(T78,T3)),T38)),((((((T181,(T139,T176)),((T93,T167),T19)),(((T76,T7),T48),T43)),((T75,T85),(T156,(T127,T102)))),((((T111,(T30,(T42,T27))),((T21,T40),(T22,(T125,T184)))),(T177,T163)),((T73,T84),T12))),(T182,T116))),(T11,T196)),T34),T175);
Initial score: 3.79589e+10
Initial tree: (((((((((((((((((T169,(T112,(T6,T104))),T170),T108),(((T117,((T147,T91),T44)),T52),((T45,T187),T121))),((T69,T151),T47)),((((T146,T9),(T14,T77)),((T190,(((T136,T16),T189),T20)),(((T165,T29),(T154,T65)),(T80,(T82,T58))))),((((((T195,T140),T56),((T161,(T144,T143)),T133)),(T97,T33)),T172),(T81,T50)))),((((T119,T89),(T162,(T106,T18))),(((((T66,T110),T26),(T141,T95)),(T148,(T28,T31))),(T114,T59))),((((((T8,T200),T180),T135),T192),(((T124,T54),((T17,T150),T171)),T4)),(T96,T83)))),((((((T1,((T46,T23),(((T63,T123),T142),T159))),(T53,(T60,T105))),(((T131,T41),(T155,T183)),(T107,T74))),T122),(T115,T88)),((((((T57,T186),((T178,T128),T79)),((T118,T157),T55)),(T130,T5)),T51),(((T129,T92),(T13,T164)),((T166,T197),((T149,(T36,T145)),T86)))))),T198),T0),((((((T137,T70),((((T98,T37),T24),T32),T179)),(T152,T72)),T173),(T120,(T158,T199))),T188)),(((((T10,T191),T15),(T160,T35)),((((T2,T138),(T71,T153)),T103),(((((T49,T90),T185),((T67,T134),T193)),T113),(T109,T62)))),((T68,T174),((T39,T100),T64)))),((((((T87,((T132,T94),T99)),T194),T61),((T101,T126),(T25,T168))),(T78,T3)),T38)),((((((T181,(T139,T176)),((T93,T167),T19)),(((T76,T7),T48),T43)),((T75,T85),(T156,(T127,T102)))),((((T111,(T30,(T42,T27))),((T21,T40),(T22,(T125,T184)))),(T177,T163)),((T73,T84),T12))),(T182,T116))),(T11,T196)),T34),T175);
*** Subsample Process ***
Use two-step algorithm!
#NNI moves:0/236
Remaining: 0
#NNI moves:2/236
#NNI moves:2/236
((((((((((((((((T103,((T71,T153),(T138,T2))),(((((T49,T90),T185),((T67,T134),T193)),T113),(T109,T62))),(((T191,T10),T15),(T160,T35))),((T174,T68),(T64,(T100,T39)))),(((((((((T93,T167),T19),((T176,T139),T181)),(((T7,T76),T48),T43)),((T156,(T102,T127)),(T85,T75))),(((T73,T84),T12),(((((T27,T42),T30),T111),((T22,(T125,T184)),(T21,T40))),(T177,T163)))),(T182,T116)),((T34,T175),(T196,T11))),(((((T126,T101),(T25,T168)),(((((T94,T132),T99),T87),T194),T61)),(T78,T3)),T38))),((((((T70,T137),((T32,((T98,T37),T24)),T179)),(T72,T152)),T173),(T120,(T199,T158))),T188)),T0),T198),(((((T92,T129),(T164,T13)),(((T149,(T36,T145)),T86),(T166,T197))),(((T5,T130),((((T128,T178),T79),(T186,T57)),((T118,T157),T55))),T51)),(((((((T23,T46),(((T63,T123),T142),T159)),T1),(T53,(T105,T60))),((T74,T107),((T155,T183),(T131,T41)))),T122),(T115,T88)))),((((T119,T89),(T162,(T18,T106))),(((T148,(T28,T31)),(((T110,T66),T26),(T141,T95))),(T59,T114))),((((((T8,T200),T180),T135),T192),((((T150,T17),T171),(T124,T54)),T4)),(T83,T96)))),((((((T29,T165),(T65,T154)),(T80,(T82,T58))),(T190,(T20,((T16,T136),T189)))),((T146,T9),(T77,T14))),(((((T133,((T144,T143),T161)),((T140,T195),T56)),(T33,T97)),T172),(T50,T81)))),((T69,T151),T47)),(((T187,T45),T121),(T52,(T117,(T44,(T147,T91)))))),T108),(((T6,T104),T112),T169)),T170);
#NNI moves:0/236
Remaining: 0
#NNI moves:0/236
#NNI moves:0/236
(((((((((((((((T89,T119),((T106,T18),T162)),((T114,T59),(((T26,(T110,T66)),(T95,T141)),((T31,T28),T148)))),((((((T8,T200),T180),T135),T192),(((T124,T54),((T17,T150),T171)),T4)),(T96,T83))),(((((((((T144,T143),T161),T133),((T140,T195),T56)),(T97,T33)),T172),(T50,T81)),(((((T154,T65),(T29,T165)),((T58,T82),T80)),((((T136,T16),T189),T20),T190)),((T77,T14),(T146,T9)))),(((((((T104,T6),T112),T169),T170),T108),((((T44,(T91,T147)),T117),T52),((T45,T187),T121))),((T151,T69),T47)))),(((((((T155,T183),(T41,T131)),(T107,T74)),(((((T142,(T63,T123)),T159),(T23,T46)),T1),((T60,T105),T53))),T122),(T115,T88)),((((T166,T197),((T149,(T145,T36)),T86)),((T164,T13),(T129,T92))),(((((T57,T186),(T79,(T178,T128))),((T118,T157),T55)),(T130,T5)),T51)))),T198),T0),((((((T179,((T24,(T98,T37)),T32)),(T70,T137)),(T72,T152)),T173),(T120,(T199,T158))),T188)),((((T103,((T71,T153),(T2,T138))),(((((T134,T67),T193),(T185,(T90,T49))),T113),(T62,T109))),((T160,T35),((T191,T10),T15))),((T174,T68),(T64,(T100,T39))))),(((((T168,T25),(T101,T126)),((T194,(((T94,T132),T99),T87)),T61)),(T78,T3)),T38)),(((((((T167,T93),T19),((T139,T176),T181)),(((T7,T76),T48),T43)),((T156,(T102,T127)),(T85,T75))),(((T73,T84),T12),(((((T125,T184),T22),(T21,T40)),((T30,(T27,T42)),T111)),(T163,T177)))),(T116,T182))),(T196,T11)),T175),T34);
#NNI moves:0/236
Remaining: 0
#NNI moves:3/236
#NNI moves:3/236
((((((((((((((((T60,T105),T53),(T1,(((T142,(T63,T123)),T159),(T46,T23)))),(((T41,T131),(T155,T183)),(T74,T107))),T122),(T115,T88)),((((((T157,T118),T55),(((T178,T128),T79),(T186,T57))),(T130,T5)),T51),(((T92,T129),(T164,T13)),((T166,T197),(((T145,T36),T149),T86))))),(((((((((((((T40,T21),(T22,(T184,T125))),(((T27,T42),T30),T111)),(T177,T163)),((T73,T84),T12)),(((((T176,T139),T181),((T167,T93),T19)),(T43,((T76,T7),T48))),((T156,(T102,T127)),(T85,T75)))),(T116,T182)),((T175,T34),(T196,T11))),(((T78,T3),(((T25,T168),(T101,T126)),(((((T94,T132),T99),T87),T194),T61))),T38)),(((T68,T174),((T100,T39),T64)),(((((((T49,T90),T185),((T134,T67),T193)),T113),(T109,T62)),(((T71,T153),(T138,T2)),T103)),((T35,T160),((T191,T10),T15))))),((((T158,T199),T120),(T173,(((T137,T70),((T32,(T24,(T37,T98))),T179)),(T152,T72)))),T188)),T0),T198)),(((((((T165,T29),(T154,T65)),(T80,(T58,T82))),((((T16,T136),T189),T20),T190)),((T146,T9),(T14,T77))),((((((T140,T195),T56),(((T144,T143),T161),T133)),(T33,T97)),T172),(T81,T50))),(((((((T104,T6),T112),T169),T170),T108),(((((T147,T91),T44),T117),T52),(T121,(T187,T45)))),((T151,T69),T47)))),(((((T180,(T200,T8)),T135),T192),(((T171,(T17,T150)),(T54,T124)),T4)),(T83,T96))),(((T106,T18),T162),(T119,T89))),(T114,T59)),(T148,(T31,T28))),(T95,T141)),(T66,T110)),T26);
#NNI moves:0/236
Remaining: 0
#NNI moves:2/236
#NNI moves:2/236
(((((((((((((((((((T91,T147),T44),T117),T52),(T121,(T45,T187))),(((((T104,T6),T112),T169),T170),T108)),((T69,T151),T47)),((((((T29,T165),(T154,T65)),((T82,T58),T80)),(T190,((T189,(T16,T136)),T20))),((T77,T14),(T9,T146))),(((((((T143,T144),T161),T133),(T56,(T195,T140))),(T33,T97)),T172),(T50,T81)))),(((T83,T96),((T4,(((T150,T17),T171),(T124,T54))),(T192,((T180,(T200,T8)),T135)))),(((((T28,T31),T148),(((T110,T66),T26),(T141,T95))),(T114,T59)),(((T18,T106),T162),(T119,T89))))),((((((T1,((((T63,T123),T142),T159),(T46,T23))),(T53,(T60,T105))),(((T183,T155),(T41,T131)),(T107,T74))),T122),(T88,T115)),((((((T118,T157),T55),(((T178,T128),T79),(T186,T57))),(T5,T130)),T51),(((T86,(T149,(T145,T36))),(T197,T166)),((T92,T129),(T13,T164)))))),T198),T0),(((((((T32,((T37,T98),T24)),T179),(T137,T70)),(T72,T152)),T173),((T199,T158),T120)),T188)),((((((T71,T153),(T2,T138)),T103),((((T185,(T49,T90)),(T193,(T134,T67))),T113),(T62,T109))),(((T191,T10),T15),(T35,T160))),((T68,T174),((T100,T39),T64)))),((((((((T94,T132),T99),T87),T194),T61),((T101,T126),(T25,T168))),(T3,T78)),T38)),(((((T43,((T76,T7),T48)),((T181,(T139,T176)),(T19,(T93,T167)))),((T156,(T102,T127)),(T85,T75))),(((((T40,T21),((T184,T125),T22)),(((T27,T42),T30),T111)),(T163,T177)),((T84,T73),T12))),(T182,T116))),(T11,T196)),T175),T34);
Current score: 3.79589e+10
Current tree: (((((((((((((((((((T91,T147),T44),T117),T52),(T121,(T45,T187))),(((((T104,T6),T112),T169),T170),T108)),((T69,T151),T47)),((((((T29,T165),(T154,T65)),((T82,T58),T80)),(T190,((T189,(T16,T136)),T20))),((T77,T14),(T9,T146))),(((((((T143,T144),T161),T133),(T56,(T195,T140))),(T33,T97)),T172),(T50,T81)))),(((T83,T96),((T4,(((T150,T17),T171),(T124,T54))),(T192,((T180,(T200,T8)),T135)))),(((((T28,T31),T148),(((T110,T66),T26),(T141,T95))),(T114,T59)),(((T18,T106),T162),(T119,T89))))),((((((T1,((((T63,T123),T142),T159),(T46,T23))),(T53,(T60,T105))),(((T183,T155),(T41,T131)),(T107,T74))),T122),(T88,T115)),((((((T118,T157),T55),(((T178,T128),T79),(T186,T57))),(T5,T130)),T51),(((T86,(T149,(T145,T36))),(T197,T166)),((T92,T129),(T13,T164)))))),T198),T0),(((((((T32,((T37,T98),T24)),T179),(T137,T70)),(T72,T152)),T173),((T199,T158),T120)),T188)),((((((T71,T153),(T2,T138)),T103),((((T185,(T49,T90)),(T193,(T134,T67))),T113),(T62,T109))),(((T191,T10),T15),(T35,T160))),((T68,T174),((T100,T39),T64)))),((((((((T94,T132),T99),T87),T194),T61),((T101,T126),(T25,T168))),(T3,T78)),T38)),(((((T43,((T76,T7),T48)),((T181,(T139,T176)),(T19,(T93,T167)))),((T156,(T102,T127)),(T85,T75))),(((((T40,T21),((T184,T125),T22)),(((T27,T42),T30),T111)),(T163,T177)),((T84,T73),T12))),(T182,T116))),(T11,T196)),T34),T175);
Use two-step algorithm!
#NNI moves:0/236
Remaining: 0
#NNI moves:3/236
#NNI moves:3/236
((((((((((((((((((((((((T184,T125),T22),(T40,T21)),(((T27,T42),T30),T111)),(T163,T177)),((T84,T73),T12)),((((T48,(T76,T7)),T43),(((T167,T93),T19),((T176,T139),T181))),((T156,(T102,T127)),(T85,T75)))),(T116,T182)),((T34,T175),(T196,T11))),(((((((T99,(T132,T94)),T87),T194),T61),((T25,T168),(T101,T126))),(T78,T3)),T38)),((((((T138,T2),(T71,T153)),T103),((T62,T109),(T113,(((T134,T67),T193),((T90,T49),T185))))),((T35,T160),((T10,T191),T15))),((T174,T68),((T100,T39),T64)))),(((((T72,T152),(((((T98,T37),T24),T32),T179),(T137,T70))),T173),((T199,T158),T120)),T188)),T0),T198),(((((((T60,T105),T53),((((T142,(T63,T123)),T159),(T46,T23)),T1)),(((T131,T41),(T183,T155)),(T74,T107))),T122),(T115,T88)),((((T130,T5),((((T178,T128),T79),(T57,T186)),((T157,T118),T55))),T51),(((((T145,T36),T149),T86),(T197,T166)),((T129,T92),(T13,T164)))))),((((((T171,(T150,T17)),(T124,T54)),T4),((((T200,T8),T180),T135),T192)),(T96,T83)),((((((T66,T110),T26),(T141,T95)),(T148,(T31,T28))),(T59,T114)),(((T106,T18),T162),(T89,T119))))),((((T14,T77),(T146,T9)),((((T65,T154),(T165,T29)),((T82,T58),T80)),((((T136,T16),T189),T20),T190))),((((T33,T97),((((T144,T143),T161),T133),((T140,T195),T56))),T172),(T81,T50)))),((T69,T151),T47)),((T170,((T112,(T6,T104)),T169)),T108)),((T187,T45),T121)),T52),T117),(T91,T147)),T44);
#NNI moves:0/236
Remaining: 0
#NNI moves:1/236
#NNI moves:1/236
((((((((((((((((((((((T97,T33),((((T143,T144),T161),T133),(T56,(T140,T195)))),T172),(T81,T50)),(((T9,T146),(T14,T77)),((((T65,T154),(T165,T29)),((T58,T82),T80)),(T190,((T189,(T136,T16)),T20))))),((((((T112,(T6,T104)),T169),T170),T108),(((((T91,T147),T44),T117),T52),((T45,T187),T121))),(T47,(T151,T69)))),(((((T135,((T8,T200),T180)),T192),((((T17,T150),T171),(T54,T124)),T4)),(T96,T83)),(((T89,T119),(T162,(T18,T106))),(((((T110,T66),T26),(T95,T141)),((T31,T28),T148)),(T114,T59))))),((((((((((T63,T123),T142),T159),(T46,T23)),T1),((T60,T105),T53)),(((T155,T183),(T41,T131)),(T74,T107))),T122),(T115,T88)),(((((T149,(T36,T145)),T86),(T166,T197)),((T92,T129),(T164,T13))),(((T130,T5),((((T128,T178),T79),(T186,T57)),((T157,T118),T55))),T51)))),T198),T0),(((((((((T37,T98),T24),T32),T179),(T137,T70)),(T152,T72)),T173),((T158,T199),T120)),T188)),(((((T113,(((T49,T90),T185),((T134,T67),T193))),(T62,T109)),(((T153,T71),(T2,T138)),T103)),(((T191,T10),T15),(T160,T35))),((T174,T68),((T100,T39),T64)))),(((((T126,T101),(T168,T25)),((((T99,(T94,T132)),T87),T194),T61)),(T3,T78)),T38)),((T34,T175),(T196,T11))),(T182,T116)),((((T127,T102),T156),(T75,T85)),((T43,((T76,T7),T48)),(((T176,T139),T181),(T19,(T93,T167)))))),((T84,T73),T12)),(T177,T163)),(((T42,T27),T30),T111)),((T125,T184),T22)),T21),T40);
#NNI moves:0/236
Remaining: 0
#NNI moves:2/236
#NNI moves:2/236
(((((((((((((((((((((((((T125,T184),T22),(T40,T21)),((T30,(T27,T42)),T111)),(T177,T163)),(T12,(T73,T84))),(((((T76,T7),T48),T43),(((T139,T176),T181),(T19,(T167,T93)))),(((T102,T127),T156),(T75,T85)))),(T182,T116)),((T196,T11),(T175,T34))),((((T61,((((T94,T132),T99),T87),T194)),((T101,T126),(T168,T25))),(T78,T3)),T38)),((((((((T90,T49),T185),(T193,(T134,T67))),T113),(T62,T109)),(((T2,T138),(T153,T71)),T103)),((T160,T35),((T10,T191),T15))),((T68,T174),((T100,T39),T64)))),(((((((T32,((T98,T37),T24)),T179),(T70,T137)),(T152,T72)),T173),(T120,(T199,T158))),T188)),T0),T198),(((((((T157,T118),T55),((T186,T57),((T178,T128),T79))),(T5,T130)),T51),(((T166,T197),((T149,(T36,T145)),T86)),((T164,T13),(T129,T92)))),((((((T60,T105),T53),((((T142,(T123,T63)),T159),(T23,T46)),T1)),(((T155,T183),(T131,T41)),(T107,T74))),T122),(T88,T115)))),((((T4,((T171,(T150,T17)),(T124,T54))),((T135,((T200,T8),T180)),T192)),(T96,T83)),((((T106,T18),T162),(T89,T119)),((((T95,T141),((T66,T110),T26)),((T31,T28),T148)),(T59,T114))))),(((((T187,T45),T121),((T117,((T91,T147),T44)),T52)),(((((T104,T6),T112),T169),T170),T108)),((T69,T151),T47))),(((((T29,T165),(T65,T154)),((T58,T82),T80)),((T20,(T189,(T16,T136))),T190)),((T146,T9),(T14,T77)))),(T50,T81)),T172),(T97,T33)),(T56,(T140,T195))),T133),(T143,T144)),T161);
#NNI moves:0/236
Remaining: 0
#NNI moves:2/236
#NNI moves:2/236
((((((((((((((((((((((((T133,((T144,T143),T161)),(T56,(T195,T140))),(T33,T97)),T172),(T50,T81)),(((((T189,(T16,T136)),T20),T190),(((T29,T165),(T154,T65)),((T82,T58),T80))),((T9,T146),(T14,T77)))),(((((T187,T45),T121),((T117,(T44,(T91,T147))),T52)),(((((T6,T104),T112),T169),T170),T108)),((T151,T69),T47))),((((((T141,T95),((T110,T66),T26)),((T31,T28),T148)),(T59,T114)),(((T106,T18),T162),(T119,T89))),((((((T17,T150),T171),(T124,T54)),T4),((T135,((T8,T200),T180)),T192)),(T96,T83)))),(((((((T60,T105),T53),(((((T123,T63),T142),T159),(T23,T46)),T1)),((T74,T107),((T131,T41),(T183,T155)))),T122),(T115,T88)),((((T5,T130),((((T178,T128),T79),(T186,T57)),(T55,(T157,T118)))),T51),(((T13,T164),(T92,T129)),((T86,(T149,(T36,T145))),(T197,T166)))))),T198),T0),(((((((((T37,T98),T24),T32),T179),(T137,T70)),(T152,T72)),T173),((T158,T199),T120)),T188)),(((((T62,T109),(T113,(((T67,T134),T193),((T90,T49),T185)))),(((T138,T2),(T153,T71)),T103)),((T160,T35),(T15,(T10,T191)))),((T64,(T100,T39)),(T174,T68)))),((((T61,((((T132,T94),T99),T87),T194)),((T25,T168),(T126,T101))),(T78,T3)),T38)),((T11,T196),(T175,T34))),(T182,T116)),(((((T7,T76),T48),T43),(((T176,T139),T181),((T93,T167),T19))),((T156,(T127,T102)),(T85,T75)))),(T12,(T84,T73))),(T177,T163)),(((T184,T125),T22),(T40,T21))),T111),T30),T27),T42);
Current score: 3.79589e+10
Current tree: ((T34,((T11,T196),(((((((((((((((T133,((T144,T143),T161)),(T56,(T195,T140))),(T33,T97)),T172),(T50,T81)),(((((T189,(T16,T136)),T20),T190),(((T29,T165),(T154,T65)),((T82,T58),T80))),((T9,T146),(T14,T77)))),(((((T187,T45),T121),((T117,(T44,(T91,T147))),T52)),(((((T6,T104),T112),T169),T170),T108)),((T151,T69),T47))),((((((T141,T95),((T110,T66),T26)),((T31,T28),T148)),(T59,T114)),(((T106,T18),T162),(T119,T89))),((((((T17,T150),T171),(T124,T54)),T4),((T135,((T8,T200),T180)),T192)),(T96,T83)))),(((((((T60,T105),T53),(((((T123,T63),T142),T159),(T23,T46)),T1)),((T74,T107),((T131,T41),(T183,T155)))),T122),(T115,T88)),((((T5,T130),((((T178,T128),T79),(T186,T57)),(T55,(T157,T118)))),T51),(((T13,T164),(T92,T129)),((T86,(T149,(T36,T145))),(T197,T166)))))),T198),T0),(((((((((T37,T98),T24),T32),T179),(T137,T70)),(T152,T72)),T173),((T158,T199),T120)),T188)),(((((T62,T109),(T113,(((T67,T134),T193),((T90,T49),T185)))),(((T138,T2),(T153,T71)),T103)),((T160,T35),(T15,(T10,T191)))),((T64,(T100,T39)),(T174,T68)))),((((T61,((((T132,T94),T99),T87),T194)),((T25,T168),(T126,T101))),(T78,T3)),T38)),((T182,T116),((((((T7,T76),T48),T43),(((T176,T139),T181),((T93,T167),T19))),((T156,(T127,T102)),(T85,T75))),((T12,(T84,T73)),((T177,T163),((((T184,T125),T22),(T40,T21)),(T111,(T30,(T27,T42))))))))))),T175);
Use two-step algorithm!
#NNI moves:0/236
Remaining: 0
#NNI moves:8/236
#NNI moves:8/236
((((((((((((((((((((((((T22,(T184,T125)),(T21,T40)),(T111,(T30,(T42,T27)))),(T177,T163)),(T12,(T84,T73))),(((T43,(T48,(T7,T76))),(((T139,T176),T181),(T19,(T93,T167)))),(((T102,T127),T156),(T85,T75)))),(T182,T116)),((T11,T196),(T34,T175))),(((((T194,(((T94,T132),T99),T87)),T61),((T25,T168),(T126,T101))),(T3,T78)),T38)),(((((((T193,(T67,T134)),((T49,T90),T185)),T113),(T109,T62)),(((T138,T2),(T153,T71)),T103)),((T15,(T10,T191)),(T160,T35))),((T174,T68),(T64,(T39,T100))))),(((T173,((((((T98,T37),T24),T32),T179),(T137,T70)),(T152,T72))),(T120,(T158,T199))),T188)),T0),T198),((((((T55,(T157,T118)),((T57,T186),(T79,(T128,T178)))),(T130,T5)),T51),(((T86,((T145,T36),T149)),(T166,T197)),((T129,T92),(T13,T164)))),(((((T107,T74),((T131,T41),(T155,T183))),((((((T63,T123),T142),T159),(T46,T23)),T1),((T105,T60),T53))),T122),(T115,T88)))),(((((((T17,T150),T171),(T54,T124)),T4),((((T8,T200),T180),T135),T192)),(T96,T83)),(((((T28,T31),T148),(((T110,T66),T26),(T95,T141))),(T114,T59)),(((T18,T106),T162),(T119,T89))))),(((((T45,T187),T121),((T117,(T44,(T91,T147))),T52)),(((((T104,T6),T112),T169),T170),T108)),((T69,T151),T47))),(((((T58,T82),T80),((T165,T29),(T154,T65))),((((T136,T16),T189),T20),T190)),((T146,T9),(T14,T77)))),(T81,T50)),T172),(T97,T33)),(T133,((T143,T144),T161))),T56),T140),T195);
#NNI moves:0/236
Remaining: 0
#NNI moves:8/236
#NNI moves:8/236
((((((((((((((((((((((T110,T66),T26),(T141,T95)),(T148,(T28,T31))),(T59,T114)),(((T18,T106),T162),(T89,T119))),(((((T124,T54),(T171,(T150,T17))),T4),((((T8,T200),T180),T135),T192)),(T83,T96))),(((((((T154,T65),(T165,T29)),(T80,(T82,T58))),(((T189,(T16,T136)),T20),T190)),((T77,T14),(T146,T9))),((((((T161,(T143,T144)),T133),(T56,(T195,T140))),(T97,T33)),T172),(T50,T81))),((((((T112,(T6,T104)),T169),T170),T108),(((T187,T45),T121),(((T44,(T147,T91)),T117),T52))),(T47,(T151,T69))))),((((((((T178,T128),T79),(T186,T57)),((T157,T118),T55)),(T130,T5)),T51),(((((T36,T145),T149),T86),(T197,T166)),((T129,T92),(T164,T13)))),(((((T53,(T60,T105)),(((T23,T46),(((T123,T63),T142),T159)),T1)),(((T41,T131),(T155,T183)),(T74,T107))),T122),(T88,T115)))),T198),T0),(((((((T32,((T98,T37),T24)),T179),(T137,T70)),(T152,T72)),T173),((T158,T199),T120)),T188)),((((((((T67,T134),T193),((T90,T49),T185)),T113),(T62,T109)),(((T71,T153),(T138,T2)),T103)),((T15,(T191,T10)),(T35,T160))),((T174,T68),((T100,T39),T64)))),(((((T194,(((T132,T94),T99),T87)),T61),((T168,T25),(T101,T126))),(T3,T78)),T38)),((T11,T196),(T175,T34))),(T116,T182)),(((((T7,T76),T48),T43),((T181,(T176,T139)),((T167,T93),T19))),(((T102,T127),T156),(T85,T75)))),((T84,T73),T12)),(T177,T163)),(((T184,T125),T22),(T21,T40))),(T30,(T27,T42))),T111);
#NNI moves:0/236
Remaining: 0
#NNI moves:1/236
#NNI moves:1/236
(((((((((((((((((T80,(T82,T58)),((T29,T165),(T65,T154))),((T20,(T189,(T136,T16))),T190)),((T77,T14),(T9,T146))),(((((T56,(T195,T140)),(T133,(T161,(T144,T143)))),(T97,T33)),T172),(T81,T50))),(((((((T6,T104),T112),T169),T170),T108),(((T187,T45),T121),((((T91,T147),T44),T117),T52))),((T69,T151),T47))),((((T114,T59),(((T31,T28),T148),((T26,(T110,T66)),(T141,T95)))),((T119,T89),((T106,T18),T162))),((((T135,((T8,T200),T180)),T192),(T4,(((T17,T150),T171),(T124,T54)))),(T83,T96)))),((((((((T178,T128),T79),(T57,T186)),((T118,T157),T55)),(T5,T130)),T51),(((T197,T166),((T149,(T145,T36)),T86)),((T13,T164),(T92,T129)))),(((((T1,(((T142,(T63,T123)),T159),(T23,T46))),((T60,T105),T53)),(((T131,T41),(T155,T183)),(T74,T107))),T122),(T115,T88)))),T198),T0),((((((T70,T137),((((T37,T98),T24),T32),T179)),(T152,T72)),T173),((T199,T158),T120)),T188)),((((((((T90,T49),T185),((T134,T67),T193)),T113),(T109,T62)),(((T153,T71),(T2,T138)),T103)),((T15,(T191,T10)),(T160,T35))),(((T39,T100),T64),(T174,T68)))),(((T3,T78),(((T194,((T99,(T132,T94)),T87)),T61),((T168,T25),(T101,T126)))),T38)),(((((((T7,T76),T48),T43),(((T176,T139),T181),(T19,(T93,T167)))),((T75,T85),(T156,(T127,T102)))),(((((T21,T40),((T184,T125),T22)),(T111,((T42,T27),T30))),(T163,T177)),((T73,T84),T12))),(T116,T182))),(T196,T11)),T34),T175);
#NNI moves:0/236
Remaining: 0
#NNI moves:4/236
#NNI moves:4/236
(((((((((((((((((((T43,((T76,T7),T48)),((T181,(T176,T139)),((T167,T93),T19))),((T75,T85),((T127,T102),T156))),(((T84,T73),T12),((((T40,T21),((T125,T184),T22)),(((T42,T27),T30),T111)),(T163,T177)))),(T116,T182)),((T196,T11),(T34,T175))),(((T3,T78),(((T25,T168),(T101,T126)),(((T87,((T94,T132),T99)),T194),T61))),T38)),((((((T71,T153),(T138,T2)),T103),(((((T49,T90),T185),((T67,T134),T193)),T113),(T109,T62))),((T160,T35),((T10,T191),T15))),(((T100,T39),T64),(T174,T68)))),((((((T137,T70),((((T37,T98),T24),T32),T179)),(T72,T152)),T173),(T120,(T158,T199))),T188)),T0),T198),(((((((T105,T60),T53),(((T46,T23),(T159,((T63,T123),T142))),T1)),((T74,T107),((T41,T131),(T155,T183)))),T122),(T115,T88)),(((((((T178,T128),T79),(T57,T186)),((T157,T118),T55)),(T5,T130)),T51),(((T197,T166),((T149,(T36,T145)),T86)),((T13,T164),(T129,T92)))))),((((((T28,T31),T148),((T95,T141),((T66,T110),T26))),(T114,T59)),((T119,T89),(T162,(T18,T106)))),(((((T124,T54),((T150,T17),T171)),T4),(T192,(T135,((T8,T200),T180)))),(T83,T96)))),(((((((T147,T91),T44),T117),T52),((T45,T187),T121)),(T108,(((T112,(T6,T104)),T169),T170))),((T151,T69),T47))),(((((((T143,T144),T161),T133),(T56,(T140,T195))),(T33,T97)),T172),(T81,T50))),((((T29,T165),(T65,T154)),(T80,(T82,T58))),((T20,((T136,T16),T189)),T190))),(T146,T9)),T77),T14);
Current score: 3.79589e+10
Current tree: ((T34,((T196,T11),((((((T43,((T76,T7),T48)),((T181,(T176,T139)),((T167,T93),T19))),((T75,T85),((T127,T102),T156))),(((T84,T73),T12),((((T40,T21),((T125,T184),T22)),(((T42,T27),T30),T111)),(T163,T177)))),(T116,T182)),((((T3,T78),(((T25,T168),(T101,T126)),(((T87,((T94,T132),T99)),T194),T61))),T38),(((((((T71,T153),(T138,T2)),T103),(((((T49,T90),T185),((T67,T134),T193)),T113),(T109,T62))),((T160,T35),((T10,T191),T15))),(((T100,T39),T64),(T174,T68))),(((((((T137,T70),((((T37,T98),T24),T32),T179)),(T72,T152)),T173),(T120,(T158,T199))),T188),(T0,(T198,((((((((T105,T60),T53),(((T46,T23),(T159,((T63,T123),T142))),T1)),((T74,T107),((T41,T131),(T155,T183)))),T122),(T115,T88)),(((((((T178,T128),T79),(T57,T186)),((T157,T118),T55)),(T5,T130)),T51),(((T197,T166),((T149,(T36,T145)),T86)),((T13,T164),(T129,T92))))),(((((((T28,T31),T148),((T95,T141),((T66,T110),T26))),(T114,T59)),((T119,T89),(T162,(T18,T106)))),(((((T124,T54),((T150,T17),T171)),T4),(T192,(T135,((T8,T200),T180)))),(T83,T96))),((((((((T147,T91),T44),T117),T52),((T45,T187),T121)),(T108,(((T112,(T6,T104)),T169),T170))),((T151,T69),T47)),((((((((T143,T144),T161),T133),(T56,(T140,T195))),(T33,T97)),T172),(T81,T50)),(((((T29,T165),(T65,T154)),(T80,(T82,T58))),((T20,((T136,T16),T189)),T190)),((T146,T9),(T77,T14))))))))))))))),T175);
Use two-step algorithm!
#NNI moves:0/236
Remaining: 0
#NNI moves:2/236
#NNI moves:2/236
((((((((((((((((T52,(((T91,T147),T44),T117)),((T45,T187),T121)),(((((T6,T104),T112),T169),T170),T108)),((T69,T151),T47)),((((T146,T9),(T14,T77)),((((T65,T154),(T165,T29)),(T80,(T58,T82))),((T20,(T189,(T136,T16))),T190))),((((T97,T33),((T133,((T144,T143),T161)),((T140,T195),T56))),T172),(T50,T81)))),(((((((T150,T17),T171),(T54,T124)),T4),((((T8,T200),T180),T135),T192)),(T96,T83)),((((T18,T106),T162),(T89,T119)),((((T26,(T66,T110)),(T141,T95)),((T31,T28),T148)),(T59,T114))))),((((((((T23,T46),(((T63,T123),T142),T159)),T1),((T60,T105),T53)),(((T131,T41),(T155,T183)),(T74,T107))),T122),(T115,T88)),((((((T186,T57),((T178,T128),T79)),((T157,T118),T55)),(T130,T5)),T51),(((T86,(T149,(T36,T145))),(T197,T166)),((T164,T13),(T92,T129)))))),T198),T0),((((((T70,T137),((((T98,T37),T24),T32),T179)),(T152,T72)),T173),((T199,T158),T120)),T188)),((((((((T90,T49),T185),((T134,T67),T193)),T113),(T109,T62)),(((T138,T2),(T153,T71)),T103)),((T15,(T10,T191)),(T35,T160))),((T68,T174),((T100,T39),T64)))),(((((T101,T126),(T168,T25)),(((T87,(T99,(T132,T94))),T194),T61)),(T3,T78)),T38)),(((((T73,T84),T12),(((((T125,T184),T22),(T21,T40)),(((T42,T27),T30),T111)),(T163,T177))),((((T127,T102),T156),(T85,T75)),((((T76,T7),T48),T43),(((T93,T167),T19),((T139,T176),T181))))),(T116,T182))),(T196,T11)),T34),T175);
#NNI moves:0/236
Remaining: 0
#NNI moves:0/236
#NNI moves:0/236
((((((((((((((((((((((((T7,T76),T48),T43),((T181,(T139,T176)),((T167,T93),T19))),((T75,T85),((T127,T102),T156))),((((((T42,T27),T30),T111),(((T125,T184),T22),(T40,T21))),(T163,T177)),((T73,T84),T12))),(T182,T116)),((T196,T11),(T34,T175))),((((((((T132,T94),T99),T87),T194),T61),((T25,T168),(T126,T101))),(T78,T3)),T38)),((((((((T49,T90),T185),(T193,(T67,T134))),T113),(T62,T109)),(T103,((T71,T153),(T2,T138)))),((T160,T35),((T10,T191),T15))),((T174,T68),(T64,(T39,T100))))),(((((((((T98,T37),T24),T32),T179),(T137,T70)),(T152,T72)),T173),((T158,T199),T120)),T188)),T0),T198),(((((T164,T13),(T92,T129)),((T197,T166),(((T36,T145),T149),T86))),(((((T57,T186),((T128,T178),T79)),((T118,T157),T55)),(T130,T5)),T51)),(((((((T23,T46),(((T123,T63),T142),T159)),T1),(T53,(T60,T105))),((T107,T74),((T183,T155),(T131,T41)))),T122),(T115,T88)))),((((((T171,(T17,T150)),(T54,T124)),T4),((((T200,T8),T180),T135),T192)),(T83,T96)),(((T114,T59),((T148,(T28,T31)),((T95,T141),((T66,T110),T26)))),((T162,(T106,T18)),(T119,T89))))),((((((T65,T154),(T29,T165)),((T82,T58),T80)),(((T189,(T16,T136)),T20),T190)),((T9,T146),(T77,T14))),((((((T195,T140),T56),(((T144,T143),T161),T133)),(T33,T97)),T172),(T81,T50)))),((T69,T151),T47)),(T108,(T170,(((T104,T6),T112),T169)))),((T45,T187),T121)),T52),T117),T44),T91),T147);
#NNI moves:1/236
Remaining: 0
#NNI moves:5/236
#NNI moves:5/236
((((((((((((((((((T189,(T136,T16)),T20),T190),(((T165,T29),(T154,T65)),((T82,T58),T80))),((T77,T14),(T146,T9))),(((((((T144,T143),T161),T133),((T195,T140),T56)),(T97,T33)),T172),(T50,T81))),(((T151,T69),T47),((((((T147,T91),T44),T117),T52),((T187,T45),T121)),(((((T104,T6),T112),T169),T170),T108)))),(((((((T150,T17),T171),(T124,T54)),T4),((((T200,T8),T180),T135),T192)),(T83,T96)),((((T148,(T31,T28)),((T26,(T66,T110)),(T141,T95))),(T59,T114)),((T119,T89),((T106,T18),T162))))),(((((T13,T164),(T129,T92)),(((T149,(T36,T145)),T86),(T166,T197))),(((T5,T130),(((T79,(T128,T178)),(T186,T57)),(T55,(T157,T118)))),T51)),(((((T53,(T105,T60)),(((((T123,T63),T142),T159),(T23,T46)),T1)),(((T183,T155),(T131,T41)),(T74,T107))),T122),(T115,T88)))),T198),T0),(((((T152,T72),(((T32,((T37,T98),T24)),T179),(T137,T70))),T173),(T120,(T158,T199))),T188)),((((((((T67,T134),T193),((T90,T49),T185)),T113),(T109,T62)),(((T71,T153),(T138,T2)),T103)),((T35,T160),(T15,(T191,T10)))),((T68,T174),(T64,(T39,T100))))),((((((T87,((T94,T132),T99)),T194),T61),((T101,T126),(T168,T25))),(T3,T78)),T38)),(((((((T76,T7),T48),T43),((T19,(T167,T93)),((T139,T176),T181))),(((T127,T102),T156),(T75,T85))),(((((T21,T40),((T125,T184),T22)),((T30,(T42,T27)),T111)),(T163,T177)),(T12,(T73,T84)))),(T116,T182))),(T196,T11)),T175),T34);
#NNI moves:0/236
Remaining: 0
#NNI moves:5/236
#NNI moves:5/236
((((((((((((((((((((((T43,((T7,T76),T48)),(((T139,T176),T181),((T93,T167),T19))),((T156,(T102,T127)),(T75,T85))),(((((T40,T21),((T184,T125),T22)),(((T27,T42),T30),T111)),(T163,T177)),((T73,T84),T12))),(T182,T116)),((T34,T175),(T196,T11))),((((((((T132,T94),T99),T87),T194),T61),((T126,T101),(T168,T25))),(T3,T78)),T38)),(((((((T193,(T67,T134)),((T90,T49),T185)),T113),(T62,T109)),(((T138,T2),(T71,T153)),T103)),(((T191,T10),T15),(T160,T35))),(((T100,T39),T64),(T174,T68)))),(((T120,(T158,T199)),(((T72,T152),(((((T37,T98),T24),T32),T179),(T70,T137))),T173)),T188)),T0),T198),(((((((T36,T145),T149),T86),(T166,T197)),((T129,T92),(T13,T164))),(((((T186,T57),(T79,(T178,T128))),(T55,(T118,T157))),(T130,T5)),T51)),(((((((((T123,T63),T142),T159),(T23,T46)),T1),((T60,T105),T53)),(((T131,T41),(T155,T183)),(T74,T107))),T122),(T88,T115)))),(((((T148,(T28,T31)),((T26,(T66,T110)),(T95,T141))),(T59,T114)),((T162,(T106,T18)),(T89,T119))),((((((T150,T17),T171),(T54,T124)),T4),(((T180,(T200,T8)),T135),T192)),(T96,T83)))),(((((T45,T187),T121),((T117,((T91,T147),T44)),T52)),((((T112,(T104,T6)),T169),T170),T108)),(T47,(T69,T151)))),(((((((T143,T144),T161),T133),(T56,(T195,T140))),(T97,T33)),T172),(T50,T81))),((T9,T146),(T77,T14))),(((T29,T165),(T65,T154)),((T58,T82),T80))),T190),T20),T189),T136),T16);
Current score: 3.79589e+10
Current tree: ((T34,((T196,T11),((((((T43,((T7,T76),T48)),(((T139,T176),T181),((T93,T167),T19))),((T156,(T102,T127)),(T75,T85))),(((((T40,T21),((T184,T125),T22)),(((T27,T42),T30),T111)),(T163,T177)),((T73,T84),T12))),(T182,T116)),(((((((((T132,T94),T99),T87),T194),T61),((T126,T101),(T168,T25))),(T3,T78)),T38),((((((((T193,(T67,T134)),((T90,T49),T185)),T113),(T62,T109)),(((T138,T2),(T71,T153)),T103)),(((T191,T10),T15),(T160,T35))),(((T100,T39),T64),(T174,T68))),((((T120,(T158,T199)),(((T72,T152),(((((T37,T98),T24),T32),T179),(T70,T137))),T173)),T188),(T0,(T198,((((((((T36,T145),T149),T86),(T166,T197)),((T129,T92),(T13,T164))),(((((T186,T57),(T79,(T178,T128))),(T55,(T118,T157))),(T130,T5)),T51)),(((((((((T123,T63),T142),T159),(T23,T46)),T1),((T60,T105),T53)),(((T131,T41),(T155,T183)),(T74,T107))),T122),(T88,T115))),((((((T148,(T28,T31)),((T26,(T66,T110)),(T95,T141))),(T59,T114)),((T162,(T106,T18)),(T89,T119))),((((((T150,T17),T171),(T54,T124)),T4),(((T180,(T200,T8)),T135),T192)),(T96,T83))),((((((T45,T187),T121),((T117,((T91,T147),T44)),T52)),((((T112,(T104,T6)),T169),T170),T108)),(T47,(T69,T151))),((((((((T143,T144),T161),T133),(T56,(T195,T140))),(T97,T33)),T172),(T50,T81)),(((T9,T146),(T77,T14)),((((T29,T165),(T65,T154)),((T58,T82),T80)),(T190,(T20,(T189,(T136,T16)))))))))))))))))),T175);
Use two-step algorithm!
#NNI moves:0/236
Remaining: 0
#NNI moves:7/236
#NNI moves:7/236
(((((((((((((((((((((T45,T187),T121),(T52,(((T91,T147),T44),T117))),(((((T104,T6),T112),T169),T170),T108)),(T47,(T151,T69))),((((((((T143,T144),T161),T133),(T56,(T140,T195))),(T33,T97)),T172),(T50,T81)),(((T14,T77),(T9,T146)),((((T65,T154),(T165,T29)),((T82,T58),T80)),((((T136,T16),T189),T20),T190))))),(((((((T66,T110),T26),(T95,T141)),((T28,T31),T148)),(T59,T114)),((T119,T89),((T106,T18),T162))),(((((T171,(T17,T150)),(T54,T124)),T4),((T135,((T200,T8),T180)),T192)),(T96,T83)))),((((((((((T123,T63),T142),T159),(T23,T46)),T1),((T105,T60),T53)),(((T131,T41),(T155,T183)),(T74,T107))),T122),(T115,T88)),((((((T36,T145),T149),T86),(T166,T197)),((T13,T164),(T129,T92))),(T51,((((T157,T118),T55),(((T178,T128),T79),(T186,T57))),(T5,T130)))))),T198),T0),(((((((((T98,T37),T24),T32),T179),(T70,T137)),(T152,T72)),T173),(T120,(T158,T199))),T188)),((((((((T49,T90),T185),(T193,(T134,T67))),T113),(T62,T109)),(T103,((T138,T2),(T153,T71)))),(((T191,T10),T15),(T160,T35))),(((T39,T100),T64),(T174,T68)))),((((((T87,(T99,(T132,T94))),T194),T61),((T101,T126),(T25,T168))),(T78,T3)),T38)),((T175,T34),(T196,T11))),(T116,T182)),(((T73,T84),T12),((((T40,T21),(T22,(T184,T125))),(((T42,T27),T30),T111)),(T177,T163)))),((T85,T75),((T127,T102),T156))),(((T93,T167),T19),((T176,T139),T181))),T43),(T76,T7)),T48);
#NNI moves:0/236
Remaining: 0
#NNI moves:1/236
#NNI moves:1/236
(((((((((((((((((((((T127,T102),T156),(T85,T75)),(((T19,(T93,T167)),(T181,(T139,T176))),(((T7,T76),T48),T43))),((((((T184,T125),T22),(T40,T21)),((T30,(T27,T42)),T111)),(T177,T163)),((T84,T73),T12))),(T182,T116)),((T11,T196),(T175,T34))),(((((T168,T25),(T126,T101)),(((((T94,T132),T99),T87),T194),T61)),(T78,T3)),T38)),((((T100,T39),T64),(T68,T174)),((((((T193,(T67,T134)),((T90,T49),T185)),T113),(T109,T62)),(((T153,T71),(T138,T2)),T103)),((T15,(T10,T191)),(T35,T160))))),((((((T179,((T24,(T98,T37)),T32)),(T137,T70)),(T72,T152)),T173),(T120,(T199,T158))),T188)),T0),T198),((((((((T159,((T123,T63),T142)),(T46,T23)),T1),(T53,(T60,T105))),(((T41,T131),(T183,T155)),(T107,T74))),T122),(T115,T88)),((((((T157,T118),T55),(((T178,T128),T79),(T57,T186))),(T130,T5)),T51),(((T164,T13),(T92,T129)),((T166,T197),(((T36,T145),T149),T86)))))),((((T59,T114),(((T141,T95),((T110,T66),T26)),((T28,T31),T148))),(((T106,T18),T162),(T119,T89))),(((T192,((T180,(T200,T8)),T135)),(T4,(((T150,T17),T171),(T124,T54)))),(T83,T96)))),(((((((T161,(T143,T144)),T133),(T56,(T195,T140))),(T97,T33)),T172),(T50,T81)),(((((T65,T154),(T165,T29)),(T80,(T58,T82))),((T20,((T16,T136),T189)),T190)),((T14,T77),(T9,T146))))),(T47,(T69,T151))),(((T169,((T6,T104),T112)),T170),T108)),(((T44,(T91,T147)),T117),T52)),T121),T45),T187);
#NNI moves:0/236
Remaining: 0
#NNI moves:2/236
#NNI moves:2/236
((((((((((((((((((T66,T110),T26),(T141,T95)),((T28,T31),T148)),(T59,T114)),((T89,T119),((T18,T106),T162))),(((((T180,(T200,T8)),T135),T192),((((T17,T150),T171),(T124,T54)),T4)),(T96,T83))),(((((((T58,T82),T80),((T65,T154),(T29,T165))),(((T189,(T16,T136)),T20),T190)),((T77,T14),(T146,T9))),((T172,(((((T144,T143),T161),T133),((T140,T195),T56)),(T33,T97))),(T81,T50))),(((((((T6,T104),T112),T169),T170),T108),((((T44,(T91,T147)),T117),T52),((T45,T187),T121))),((T69,T151),T47)))),(((((((T157,T118),T55),(((T128,T178),T79),(T57,T186))),(T130,T5)),T51),(((T129,T92),(T164,T13)),((T86,(T149,(T36,T145))),(T166,T197)))),(((((T107,T74),((T155,T183),(T131,T41))),(((T60,T105),T53),(((T159,(T142,(T123,T63))),(T46,T23)),T1))),T122),(T115,T88)))),T198),T0),(((T120,(T158,T199)),((((T179,((T24,(T37,T98)),T32)),(T70,T137)),(T72,T152)),T173)),T188)),((((T39,T100),T64),(T174,T68)),((((((T185,(T90,T49)),((T134,T67),T193)),T113),(T109,T62)),(((T71,T153),(T2,T138)),T103)),(((T10,T191),T15),(T35,T160))))),(((((T194,(T87,((T132,T94),T99))),T61),((T126,T101),(T168,T25))),(T3,T78)),T38)),((((((T181,(T139,T176)),((T93,T167),T19)),(((T76,T7),T48),T43)),(((T127,T102),T156),(T75,T85))),((((((T125,T184),T22),(T40,T21)),(((T27,T42),T30),T111)),(T163,T177)),(T12,(T84,T73)))),(T182,T116))),(T34,T175)),T196),T11);
#NNI moves:0/236
Remaining: 0
#NNI moves:14/236
#NNI moves:14/236
((((((((((((((((((T75,T85),((T127,T102),T156)),((T43,((T76,T7),T48)),((T181,(T139,T176)),(T19,(T93,T167))))),(((T84,T73),T12),(((((T125,T184),T22),(T40,T21)),(((T42,T27),T30),T111)),(T163,T177)))),(T116,T182)),((T175,T34),(T196,T11))),(((T78,T3),(((T194,(T87,(T99,(T94,T132)))),T61),((T168,T25),(T126,T101)))),T38)),((((((T2,T138),(T153,T71)),T103),((T109,T62),((((T90,T49),T185),(T193,(T134,T67))),T113))),((T35,T160),((T10,T191),T15))),((T174,T68),(T64,(T39,T100))))),(((((T72,T152),(((((T98,T37),T24),T32),T179),(T70,T137))),T173),((T199,T158),T120)),T188)),T0),T198),(((((T5,T130),((((T178,T128),T79),(T57,T186)),((T157,T118),T55))),T51),(((T92,T129),(T13,T164)),((T86,((T145,T36),T149)),(T166,T197)))),((((((T105,T60),T53),(((T23,T46),(((T63,T123),T142),T159)),T1)),(((T41,T131),(T183,T155)),(T107,T74))),T122),(T88,T115)))),((((((((T136,T16),T189),T20),T190),(((T154,T65),(T29,T165)),((T58,T82),T80))),((T9,T146),(T77,T14))),(((((((T143,T144),T161),T133),((T195,T140),T56)),(T97,T33)),T172),(T81,T50))),(((T69,T151),T47),((((T169,((T6,T104),T112)),T170),T108),(((T45,T187),T121),((((T91,T147),T44),T117),T52)))))),(((((T124,T54),((T17,T150),T171)),T4),((((T8,T200),T180),T135),T192)),(T96,T83))),(((((T110,T66),T26),(T95,T141)),((T31,T28),T148)),(T59,T114))),(T89,T119)),(T106,T18)),T162);
Current score: 3.79589e+10
Current tree: ((T34,((T196,T11),((((((T75,T85),((T127,T102),T156)),((T43,((T76,T7),T48)),((T181,(T139,T176)),(T19,(T93,T167))))),(((T84,T73),T12),(((((T125,T184),T22),(T40,T21)),(((T42,T27),T30),T111)),(T163,T177)))),(T116,T182)),((((T78,T3),(((T194,(T87,(T99,(T94,T132)))),T61),((T168,T25),(T126,T101)))),T38),(((((((T2,T138),(T153,T71)),T103),((T109,T62),((((T90,T49),T185),(T193,(T134,T67))),T113))),((T35,T160),((T10,T191),T15))),((T174,T68),(T64,(T39,T100)))),((((((T72,T152),(((((T98,T37),T24),T32),T179),(T70,T137))),T173),((T199,T158),T120)),T188),(T0,(T198,((((((T5,T130),((((T178,T128),T79),(T57,T186)),((T157,T118),T55))),T51),(((T92,T129),(T13,T164)),((T86,((T145,T36),T149)),(T166,T197)))),((((((T105,T60),T53),(((T23,T46),(((T63,T123),T142),T159)),T1)),(((T41,T131),(T183,T155)),(T107,T74))),T122),(T88,T115))),(((((((((T136,T16),T189),T20),T190),(((T154,T65),(T29,T165)),((T58,T82),T80))),((T9,T146),(T77,T14))),(((((((T143,T144),T161),T133),((T195,T140),T56)),(T97,T33)),T172),(T81,T50))),(((T69,T151),T47),((((T169,((T6,T104),T112)),T170),T108),(((T45,T187),T121),((((T91,T147),T44),T117),T52))))),((((((T124,T54),((T17,T150),T171)),T4),((((T8,T200),T180),T135),T192)),(T96,T83)),((((((T110,T66),T26),(T95,T141)),((T31,T28),T148)),(T59,T114)),((T89,T119),((T106,T18),T162)))))))))))))),T175);
Final Tree: ((T34,((T196,T11),((((((T75,T85),((T127,T102),T156)),((T43,((T76,T7),T48)),((T181,(T139,T176)),(T19,(T93,T167))))),(((T84,T73),T12),(((((T125,T184),T22),(T40,T21)),(((T42,T27),T30),T111)),(T163,T177)))),(T116,T182)),((((T78,T3),(((T194,(T87,(T99,(T94,T132)))),T61),((T168,T25),(T126,T101)))),T38),(((((((T2,T138),(T153,T71)),T103),((T109,T62),((((T90,T49),T185),(T193,(T134,T67))),T113))),((T35,T160),((T10,T191),T15))),((T174,T68),(T64,(T39,T100)))),((((((T72,T152),(((((T98,T37),T24),T32),T179),(T70,T137))),T173),((T199,T158),T120)),T188),(T0,(T198,((((((T5,T130),((((T178,T128),T79),(T57,T186)),((T157,T118),T55))),T51),(((T92,T129),(T13,T164)),((T86,((T145,T36),T149)),(T166,T197)))),((((((T105,T60),T53),(((T23,T46),(((T63,T123),T142),T159)),T1)),(((T41,T131),(T183,T155)),(T107,T74))),T122),(T88,T115))),(((((((((T136,T16),T189),T20),T190),(((T154,T65),(T29,T165)),((T58,T82),T80))),((T9,T146),(T77,T14))),(((((((T143,T144),T161),T133),((T195,T140),T56)),(T97,T33)),T172),(T81,T50))),(((T69,T151),T47),((((T169,((T6,T104),T112)),T170),T108),(((T45,T187),T121),((((T91,T147),T44),T117),T52))))),((((((T124,T54),((T17,T150),T171)),T4),((((T8,T200),T180),T135),T192)),(T96,T83)),((((((T110,T66),T26),(T95,T141)),((T31,T28),T148)),(T59,T114)),((T89,T119),((T106,T18),T162)))))))))))))),T175);
Score: 3.79588516e+10

real	4m14.094s
user	80m0.213s
sys	0m25.574s
