
RAxML-NG v. 1.1.0-master released on 04.08.2022 by The Exelixis Lab.
Developed by: Alexey M. Kozlov and Alexandros Stamatakis.
Contributors: Diego Darriba, Tomas Flouri, Benoit Morel, Sarah Lutteropp, Ben Bettisworth.
Latest version: https://github.com/amkozlov/raxml-ng
Questions/problems/suggestions? Please visit: https://groups.google.com/forum/#!forum/raxml

System: AMD EPYC 7742 64-Core Processor, 128 cores, 251 GB RAM

RAxML-NG was called at 02-Jan-2023 11:05:21 as follows:

/home/chaos/programs/raxml-ng/raxml-ng/bin/raxml-ng --msa data/alignment/31_0.1X_S201_0_haploid --tree pars{1} --model GTR+G --threads 64

Analysis options:
  run mode: ML tree search
  start tree(s): parsimony (1)
  random seed: 1672686321
  tip-inner: OFF
  pattern compression: ON
  per-rate scalers: OFF
  site repeats: ON
  fast spr radius: AUTO
  spr subtree cutoff: 1.000000
  branch lengths: proportional (ML estimate, algorithm: NR-FAST)
  SIMD kernels: AVX2
  parallelization: coarse-grained (auto), PTHREADS (64 threads), thread pinning: OFF

[00:00:00] Reading alignment from file: data/alignment/31_0.1X_S201_0_haploid
[00:00:02] Loaded alignment with 201 taxa and 5000000 sites

Alignment comprises 1 partitions and 174538 patterns

Partition 0: noname
Model: GTR+FO+G4m
Alignment sites / patterns: 5000000 / 174538
Gaps: 0.00 %
Invariant sites: 75.74 %


NOTE: Binary MSA file created: data/alignment/31_0.1X_S201_0_haploid.raxml.rba

Parallelization scheme autoconfig: 1 worker(s) x 64 thread(s)

Parallel reduction/worker buffer size: 1 KB  / 0 KB

[00:00:20] Generating 1 parsimony starting tree(s) with 201 taxa
[00:00:23] Data distribution: max. partitions/sites/weight per thread: 1 / 2728 / 43648
[00:00:23] Data distribution: max. searches per worker: 1

Starting ML tree search with 1 distinct starting trees

[00:00:24 -49163532.715783] Initial branch length optimization
[00:00:25 -20265990.098616] Model parameter optimization (eps = 10.000000)
[00:00:28 -19474495.297911] AUTODETECT spr round 1 (radius: 5)
[00:00:34 -19474397.860597] AUTODETECT spr round 2 (radius: 10)
[00:00:52 -19474397.860597] SPR radius for FAST iterations: 5 (autodetect)
[00:00:52 -19474397.860597] Model parameter optimization (eps = 3.000000)
[00:00:52 -19474397.628685] FAST spr round 1 (radius: 5)
[00:00:59 -19474309.569460] FAST spr round 2 (radius: 5)
[00:01:05 -19474309.569460] Model parameter optimization (eps = 1.000000)
[00:01:06 -19474309.562602] SLOW spr round 1 (radius: 5)
[00:01:33 -19474309.562602] SLOW spr round 2 (radius: 10)
[00:02:07 -19474309.562602] SLOW spr round 3 (radius: 15)
[00:03:07 -19474309.562602] SLOW spr round 4 (radius: 20)
[00:03:44 -19474309.562602] SLOW spr round 5 (radius: 25)
[00:03:51 -19474309.562602] Model parameter optimization (eps = 0.100000)

[00:03:51] ML tree search #1, logLikelihood: -19474309.560256


Optimized model parameters:

   Partition 0: noname
   Rate heterogeneity: GAMMA (4 cats, mean),  alpha: 1.969938 (ML),  weights&rates: (0.250000,0.289660) (0.250000,0.651778) (0.250000,1.069219) (0.250000,1.989343) 
   Base frequencies (ML): 0.264334 0.152145 0.253461 0.330059 
   Substitution rates (ML): 1.228497 3.629719 0.856517 0.632367 8.134417 1.000000 


Final LogLikelihood: -19474309.560256

AIC score: 38949435.120512 / AICc score: 38949435.187266 / BIC score: 38954912.499488
Free parameters (model + branch lengths): 408

Best ML tree saved to: /expanse/lustre/projects/uot138/chaos/ASTERISK-sim/data/alignment/31_0.1X_S201_0_haploid.raxml.bestTree
Optimized model saved to: /expanse/lustre/projects/uot138/chaos/ASTERISK-sim/data/alignment/31_0.1X_S201_0_haploid.raxml.bestModel

Execution log saved to: /expanse/lustre/projects/uot138/chaos/ASTERISK-sim/data/alignment/31_0.1X_S201_0_haploid.raxml.log

Analysis started: 02-Jan-2023 11:05:21 / finished: 02-Jan-2023 11:09:13

Elapsed time: 232.029 seconds

Consumed energy: 28.120 Wh

