Weighted ASTRAL - Hybrid
Version: v1.13.2.3
#Genetrees: 2000
#Species: 201
#Rounds: 4
#Samples: 4
#Threads: 32
Use two-step algorithm!
Guide Tree 0/27
#NNI moves:0/236
Guide Tree 1/27
#NNI moves:1/236
Guide Tree 2/27
#NNI moves:0/236
Guide Tree 3/27
#NNI moves:0/236
Guide Tree 4/27
#NNI moves:0/236
Guide Tree 5/27
#NNI moves:0/236
Guide Tree 6/27
#NNI moves:0/236
Guide Tree 7/27
#NNI moves:0/236
Guide Tree 8/27
#NNI moves:1/236
Guide Tree 9/27
#NNI moves:1/236
Guide Tree 10/27
#NNI moves:0/236
Guide Tree 11/27
#NNI moves:0/236
Guide Tree 12/27
#NNI moves:0/236
Guide Tree 13/27
#NNI moves:0/236
Guide Tree 14/27
#NNI moves:0/236
Guide Tree 15/27
#NNI moves:0/236
Guide Tree 16/27
#NNI moves:0/236
Guide Tree 17/27
#NNI moves:0/236
Guide Tree 18/27
#NNI moves:0/236
Guide Tree 19/27
#NNI moves:0/236
Guide Tree 20/27
#NNI moves:0/236
Guide Tree 21/27
#NNI moves:0/236
Guide Tree 22/27
#NNI moves:0/236
Guide Tree 23/27
#NNI moves:0/236
Guide Tree 24/27
#NNI moves:0/236
Guide Tree 25/27
#NNI moves:0/236
Guide Tree 26/27
#NNI moves:0/236
Remaining: 0
#NNI moves:0/236
#NNI moves:0/236
(((((((((((((((((((T16,T44),T115),(T104,T150)),(((T62,T138),T95),((T96,T149),T49))),((((((T142,T24),T29),T200),T162),(T8,T12)),T21)),((((((((T105,T72),T6),T94),T66),((((T76,(T108,T157)),T127),T11),T195)),T58),(T69,T136)),T39)),(((((T161,T133),((T56,T175),T124)),T198),(T22,T179)),T78)),(((((T18,((T87,T53),T51)),(((T63,T159),(T15,T101)),(T45,T27))),T163),((T155,T26),((T40,T82),(T111,T190)))),((T85,T46),(T64,T141)))),((((((((T176,T128),(T146,T17)),T125),((T67,T118),(T48,T185))),T5),(T135,(T143,T153))),(T71,(T169,T70))),(((T19,(T164,T3)),((T147,T92),((T80,(T131,T140)),T173))),(((((T90,(T103,(T33,T171))),(T114,T154)),T120),(((T183,(((T13,T168),T132),T61)),T91),(T47,T170))),(T191,(((T116,T192),((T109,T55),T166)),(T20,T41))))))),T0),(((T113,((T28,T57),T86)),T186),T38)),(T123,T88)),(((((T37,(T172,T139)),((((T148,T199),(T182,T50)),T89),(((T93,(T107,T98)),(T79,T184)),(T187,T144)))),(T122,T130)),((((T126,T60),(T31,T156)),T167),T81)),(((T160,(T73,T4)),T197),((T106,(T23,T193)),((((((T10,T7),T30),T112),(T36,(T2,T75))),(T188,T152)),((T196,T178),(T134,(T68,T194)))))))),(((((((T42,((T32,T35),T174)),(T77,T97)),(T181,(T158,T59))),T84),(T189,(T180,T65))),(((T1,((T52,T121),T100)),((T74,T110),T83)),T54)),T25)),(T165,T102)),((T99,(T145,T14)),(T137,(T43,T34)))),(T117,T119)),(T151,(T177,T129))),T9);
Guide Tree 0/27
#NNI moves:0/236
Guide Tree 1/27
#NNI moves:0/236
Guide Tree 2/27
#NNI moves:0/236
Guide Tree 3/27
#NNI moves:0/236
Guide Tree 4/27
#NNI moves:0/236
Guide Tree 5/27
#NNI moves:0/236
Guide Tree 6/27
#NNI moves:0/236
Guide Tree 7/27
#NNI moves:0/236
Guide Tree 8/27
#NNI moves:0/236
Guide Tree 9/27
#NNI moves:0/236
Guide Tree 10/27
#NNI moves:0/236
Guide Tree 11/27
#NNI moves:0/236
Guide Tree 12/27
#NNI moves:0/236
Guide Tree 13/27
#NNI moves:0/236
Guide Tree 14/27
#NNI moves:0/236
Guide Tree 15/27
#NNI moves:1/236
Guide Tree 16/27
#NNI moves:1/236
Guide Tree 17/27
#NNI moves:0/236
Guide Tree 18/27
#NNI moves:0/236
Guide Tree 19/27
#NNI moves:0/236
Guide Tree 20/27
#NNI moves:0/236
Guide Tree 21/27
#NNI moves:1/236
Guide Tree 22/27
#NNI moves:0/236
Guide Tree 23/27
#NNI moves:1/236
Guide Tree 24/27
#NNI moves:0/236
Guide Tree 25/27
#NNI moves:0/236
Guide Tree 26/27
#NNI moves:0/236
Remaining: 0
#NNI moves:1/236
#NNI moves:1/236
((((((((((((((((((T162,(T200,(T29,(T24,T142)))),(T8,T12)),T21),((((T96,T149),T49),((T138,T62),T95)),(((T44,T16),T115),(T150,T104)))),((((((T94,((T72,T105),T6)),T66),(((((T157,T108),T76),T127),T11),T195)),T58),(T136,T69)),T39)),((((((T175,T56),T124),(T133,T161)),T198),(T179,T22)),T78)),(((((((T101,T15),(T159,T63)),(T45,T27)),(T18,((T53,T87),T51))),T163),((T155,T26),((T40,T82),(T111,T190)))),((T85,T46),(T64,T141)))),(((((((T118,T67),(T48,T185)),(T125,((T176,T128),(T146,T17)))),T5),((T153,T143),T135)),(T71,(T169,T70))),((((T164,T3),T19),((T173,(T80,(T131,T140))),(T92,T147))),((((((((T13,T168),T132),T61),T183),T91),(T170,T47)),(((((T171,T33),T103),T90),(T154,T114)),T120)),((((T192,T116),(T166,(T55,T109))),(T20,T41)),T191))))),T0),(((((T57,T28),T86),T113),T186),T38)),(T88,T123)),((((T106,(T23,T193)),(((T134,(T194,T68)),(T196,T178)),((T188,T152),(((T75,T2),T36),(T112,((T7,T10),T30)))))),(T197,(T160,(T73,T4)))),(((((T172,T139),T37),((((T182,T50),(T199,T148)),T89),((((T107,T98),T93),(T184,T79)),(T144,T187)))),(T130,T122)),((((T31,T156),(T60,T126)),T167),T81)))),(((((((T59,T158),T181),((T42,(T174,(T32,T35))),(T97,T77))),T84),(T189,(T180,T65))),(((T1,((T121,T52),T100)),(T83,(T110,T74))),T54)),T25)),(T165,T102)),(((T43,T34),T137),((T145,T14),T99))),(T117,T119)),(T151,(T129,T177))),T9);
Guide Tree 0/27
#NNI moves:3/236
Guide Tree 1/27
#NNI moves:1/236
Guide Tree 2/27
#NNI moves:1/236
Guide Tree 3/27
#NNI moves:1/236
Guide Tree 4/27
#NNI moves:0/236
Guide Tree 5/27
#NNI moves:0/236
Guide Tree 6/27
#NNI moves:1/236
Guide Tree 7/27
#NNI moves:0/236
Guide Tree 8/27
#NNI moves:1/236
Guide Tree 9/27
#NNI moves:0/236
Guide Tree 10/27
#NNI moves:1/236
Guide Tree 11/27
#NNI moves:0/236
Guide Tree 12/27
#NNI moves:0/236
Guide Tree 13/27
#NNI moves:0/236
Guide Tree 14/27
#NNI moves:0/236
Guide Tree 15/27
#NNI moves:1/236
Guide Tree 16/27
#NNI moves:1/236
Guide Tree 17/27
#NNI moves:0/236
Guide Tree 18/27
#NNI moves:0/236
Guide Tree 19/27
#NNI moves:0/236
Guide Tree 20/27
#NNI moves:1/236
Guide Tree 21/27
#NNI moves:0/236
Guide Tree 22/27
#NNI moves:0/236
Guide Tree 23/27
#NNI moves:1/236
Guide Tree 24/27
#NNI moves:0/236
Guide Tree 25/27
#NNI moves:0/236
Guide Tree 26/27
#NNI moves:0/236
Remaining: 0
#NNI moves:3/236
#NNI moves:3/236
(((((((((((((((((((T55,T109),T166),(T116,T192)),(T20,T41)),T191),((((T114,T154),(T90,(T103,(T33,T171)))),T120),((((((T13,T168),T132),T61),T183),T91),(T47,T170)))),(((((T131,T140),T80),T173),(T147,T92)),(T19,(T164,T3)))),((((T143,T153),T135),((((T48,T185),(T67,T118)),(T125,((T146,T17),(T176,T128)))),T5)),((T169,T70),T71))),(((((T21,((((T29,(T24,T142)),T200),T162),(T12,T8))),((((T16,T44),T115),(T104,T150)),(((T149,T96),T49),((T138,T62),T95)))),(((T58,(((((T72,T105),T6),T94),T66),(((T127,((T108,T157),T76)),T11),T195))),(T69,T136)),T39)),(((((T124,(T56,T175)),(T133,T161)),T198),(T22,T179)),T78)),(((((((T15,T101),(T159,T63)),(T45,T27)),(T18,(T51,(T53,T87)))),T163),((T155,T26),((T40,T82),(T190,T111)))),((T46,T85),(T141,T64))))),T0),(((T113,(T86,(T57,T28))),T186),T38)),(T123,T88)),(((((T73,T4),T160),T197),(((((T194,T68),T134),(T178,T196)),((T188,T152),(((T30,(T7,T10)),T112),(T36,(T75,T2))))),(T106,(T193,T23)))),(((((T126,T60),(T31,T156)),T167),T81),((((T172,T139),T37),((((T79,T184),(T93,(T98,T107))),(T187,T144)),(((T199,T148),(T50,T182)),T89))),(T130,T122))))),((((T189,(T180,T65)),((((T77,T97),((T174,(T32,T35)),T42)),((T59,T158),T181)),T84)),(T54,((((T52,T121),T100),T1),(T83,(T74,T110))))),T25)),(T165,T102)),(((T43,T34),T137),((T14,T145),T99))),(T119,T117)),((T129,T177),T151)),T9);
Guide Tree 0/27
#NNI moves:1/236
Guide Tree 1/27
#NNI moves:0/236
Guide Tree 2/27
#NNI moves:0/236
Guide Tree 3/27
#NNI moves:0/236
Guide Tree 4/27
#NNI moves:3/236
Guide Tree 5/27
#NNI moves:0/236
Guide Tree 6/27
#NNI moves:0/236
Guide Tree 7/27
#NNI moves:0/236
Guide Tree 8/27
#NNI moves:0/236
Guide Tree 9/27
#NNI moves:3/236
Guide Tree 10/27
#NNI moves:0/236
Guide Tree 11/27
#NNI moves:0/236
Guide Tree 12/27
#NNI moves:0/236
Guide Tree 13/27
#NNI moves:0/236
Guide Tree 14/27
#NNI moves:0/236
Guide Tree 15/27
#NNI moves:0/236
Guide Tree 16/27
#NNI moves:0/236
Guide Tree 17/27
#NNI moves:3/236
Guide Tree 18/27
#NNI moves:1/236
Guide Tree 19/27
#NNI moves:1/236
Guide Tree 20/27
#NNI moves:0/236
Guide Tree 21/27
#NNI moves:0/236
Guide Tree 22/27
#NNI moves:1/236
Guide Tree 23/27
#NNI moves:0/236
Guide Tree 24/27
#NNI moves:0/236
Guide Tree 25/27
#NNI moves:0/236
Guide Tree 26/27
#NNI moves:3/236
Remaining: 0
#NNI moves:0/236
#NNI moves:0/236
(((((((((((((((((((((((T157,T108),T76),T127),T11),T195),(((T6,(T72,T105)),T94),T66)),T58),(T136,T69)),T39),(((((T200,((T142,T24),T29)),T162),(T12,T8)),T21),((((T44,T16),T115),(T150,T104)),(((T96,T149),T49),((T138,T62),T95))))),((((((T56,T175),T124),(T133,T161)),T198),(T179,T22)),T78)),(((T163,((((T53,T87),T51),T18),((T27,T45),((T101,T15),(T159,T63))))),(((T111,T190),(T82,T40)),(T155,T26))),((T64,T141),(T46,T85)))),(((((((T114,T154),(T90,(T103,(T171,T33)))),T120),((T47,T170),(T91,(((T132,(T13,T168)),T61),T183)))),((((T116,T192),(T166,(T55,T109))),(T41,T20)),T191)),(((((T131,T140),T80),T173),(T147,T92)),((T3,T164),T19))),(((T5,((((T128,T176),(T146,T17)),T125),((T185,T48),(T118,T67)))),((T143,T153),T135)),((T169,T70),T71)))),T0),(((((T28,T57),T86),T113),T186),T38)),(T88,T123)),((((((((T30,(T10,T7)),T112),(T36,(T75,T2))),(T152,T188)),(((T68,T194),T134),(T196,T178))),(T106,(T193,T23))),(T197,(T160,(T4,T73)))),(((((((T199,T148),(T182,T50)),T89),(((T93,(T107,T98)),(T184,T79)),(T187,T144))),((T139,T172),T37)),(T122,T130)),((((T156,T31),(T60,T126)),T167),T81)))),((((((T74,T110),T83),(((T121,T52),T100),T1)),T54),((((T181,(T158,T59)),((T97,T77),(((T32,T35),T174),T42))),T84),(T189,(T180,T65)))),T25)),(T165,T102)),(((T34,T43),T137),((T145,T14),T99))),(T117,T119)),(T151,(T129,T177))),T9);
Initial score: 3.58329e+10
Initial tree: (((((((((((((((((((((((T157,T108),T76),T127),T11),T195),(((T6,(T72,T105)),T94),T66)),T58),(T136,T69)),T39),(((((T200,((T142,T24),T29)),T162),(T12,T8)),T21),((((T44,T16),T115),(T150,T104)),(((T96,T149),T49),((T138,T62),T95))))),((((((T56,T175),T124),(T133,T161)),T198),(T179,T22)),T78)),(((T163,((((T53,T87),T51),T18),((T27,T45),((T101,T15),(T159,T63))))),(((T111,T190),(T82,T40)),(T155,T26))),((T64,T141),(T46,T85)))),(((((((T114,T154),(T90,(T103,(T171,T33)))),T120),((T47,T170),(T91,(((T132,(T13,T168)),T61),T183)))),((((T116,T192),(T166,(T55,T109))),(T41,T20)),T191)),(((((T131,T140),T80),T173),(T147,T92)),((T3,T164),T19))),(((T5,((((T128,T176),(T146,T17)),T125),((T185,T48),(T118,T67)))),((T143,T153),T135)),((T169,T70),T71)))),T0),(((((T28,T57),T86),T113),T186),T38)),(T88,T123)),((((((((T30,(T10,T7)),T112),(T36,(T75,T2))),(T152,T188)),(((T68,T194),T134),(T196,T178))),(T106,(T193,T23))),(T197,(T160,(T4,T73)))),(((((((T199,T148),(T182,T50)),T89),(((T93,(T107,T98)),(T184,T79)),(T187,T144))),((T139,T172),T37)),(T122,T130)),((((T156,T31),(T60,T126)),T167),T81)))),((((((T74,T110),T83),(((T121,T52),T100),T1)),T54),((((T181,(T158,T59)),((T97,T77),(((T32,T35),T174),T42))),T84),(T189,(T180,T65)))),T25)),(T165,T102)),(((T34,T43),T137),((T145,T14),T99))),(T117,T119)),(T151,(T129,T177))),T9);
*** Subsample Process ***
Use two-step algorithm!
#NNI moves:0/236
Remaining: 0
#NNI moves:0/236
#NNI moves:0/236
(((((((((((((((((((((T112,((T7,T10),T30)),((T75,T2),T36)),(T188,T152)),(((T68,T194),T134),(T178,T196))),((T23,T193),T106)),(T197,(T160,(T73,T4)))),(((((T126,T60),(T31,T156)),T167),T81),((((((T50,T182),(T148,T199)),T89),((T144,T187),(((T98,T107),T93),(T79,T184)))),((T139,T172),T37)),(T130,T122)))),(((((((T181,(T59,T158)),((((T32,T35),T174),T42),(T97,T77))),T84),(T189,(T65,T180))),(((((T121,T52),T100),T1),((T74,T110),T83)),T54)),T25),(((((T151,(T129,T177)),T9),(T117,T119)),(((T145,T14),T99),(T137,(T43,T34)))),(T165,T102)))),(T123,T88)),(((((T57,T28),T86),T113),T186),T38)),T0),((((((T91,((((T168,T13),T132),T61),T183)),(T47,T170)),(((T154,T114),(((T33,T171),T103),T90)),T120)),(((((T55,T109),T166),(T116,T192)),(T20,T41)),T191)),(((T173,((T131,T140),T80)),(T147,T92)),((T164,T3),T19))),(((((T125,((T128,T176),(T146,T17))),((T185,T48),(T67,T118))),T5),((T143,T153),T135)),((T169,T70),T71)))),(((((((T53,T87),T51),T18),((T27,T45),((T101,T15),(T159,T63)))),T163),((T155,T26),((T111,T190),(T82,T40)))),((T85,T46),(T64,T141)))),((((((T175,T56),T124),(T161,T133)),T198),(T179,T22)),T78)),(((((T200,((T142,T24),T29)),T162),(T12,T8)),T21),((((T16,T44),T115),(T150,T104)),(((T149,T96),T49),(T95,(T62,T138)))))),T39),(T69,T136)),T58),(((T6,(T105,T72)),T94),T66)),((((T157,T108),T76),T127),T11)),T195);
#NNI moves:0/236
Remaining: 0
#NNI moves:0/236
#NNI moves:0/236
((((((((((((((((((((T66,(((T72,T105),T6),T94)),((((T76,(T157,T108)),T127),T11),T195)),T58),(T69,T136)),T39),((((T104,T150),((T16,T44),T115)),(((T149,T96),T49),((T62,T138),T95))),((((((T24,T142),T29),T200),T162),(T12,T8)),T21))),((((((T175,T56),T124),(T161,T133)),T198),(T179,T22)),T78)),(((((T111,T190),(T40,T82)),(T155,T26)),(((((T63,T159),(T15,T101)),(T27,T45)),(T18,((T87,T53),T51))),T163)),((T46,T85),(T141,T64)))),((((((((T61,(T132,(T168,T13))),T183),T91),(T170,T47)),(((((T33,T171),T103),T90),(T114,T154)),T120)),(((T41,T20),((T166,(T109,T55)),(T116,T192))),T191)),(((T173,(T80,(T140,T131))),(T147,T92)),((T3,T164),T19))),(((((T125,((T17,T146),(T176,T128))),((T67,T118),(T185,T48))),T5),(T135,(T153,T143))),((T169,T70),T71)))),T0),((T186,(T113,((T28,T57),T86))),T38)),(T88,T123)),((((((T156,T31),(T60,T126)),T167),T81),((((((T148,T199),(T182,T50)),T89),(((T93,(T98,T107)),(T184,T79)),(T144,T187))),((T172,T139),T37)),(T130,T122))),((((((T194,T68),T134),(T178,T196)),((T152,T188),((T36,(T2,T75)),(T112,((T7,T10),T30))))),(T106,(T193,T23))),(T197,((T73,T4),T160))))),(((((((T121,T52),T100),T1),((T110,T74),T83)),T54),(((((T97,T77),(T42,(T174,(T32,T35)))),((T59,T158),T181)),T84),((T180,T65),T189))),T25)),(T102,T165)),(((T34,T43),T137),((T145,T14),T99))),(T119,T117)),T9),(T129,T177)),T151);
#NNI moves:0/236
Remaining: 0
#NNI moves:0/236
#NNI moves:0/236
((((((((((((((((((((((((((T182,T50),(T148,T199)),T89),((((T107,T98),T93),(T79,T184)),(T144,T187))),((T139,T172),T37)),(T122,T130)),((((T126,T60),(T156,T31)),T167),T81)),((((((T36,(T2,T75)),(((T10,T7),T30),T112)),(T188,T152)),(((T194,T68),T134),(T178,T196))),(T106,(T193,T23))),(((T73,T4),T160),T197))),(((((((T100,(T121,T52)),T1),((T74,T110),T83)),T54),(((((((T32,T35),T174),T42),(T77,T97)),(T181,(T59,T158))),T84),((T180,T65),T189))),T25),(((((T14,T145),T99),((T43,T34),T137)),((T119,T117),(T9,((T129,T177),T151)))),(T165,T102)))),(T123,T88)),((((T86,(T28,T57)),T113),T186),T38)),T0),(((((((T67,T118),(T48,T185)),(((T128,T176),(T146,T17)),T125)),T5),((T153,T143),T135)),((T169,T70),T71)),((((T164,T3),T19),((T173,((T140,T131),T80)),(T147,T92))),((((((((T168,T13),T132),T61),T183),T91),(T170,T47)),(((((T171,T33),T103),T90),(T114,T154)),T120)),(((T20,T41),((T116,T192),((T55,T109),T166))),T191))))),(((((T190,T111),(T40,T82)),(T155,T26)),(((((T87,T53),T51),T18),((T45,T27),((T63,T159),(T15,T101)))),T163)),((T85,T46),(T141,T64)))),(((((T161,T133),(T124,(T175,T56))),T198),(T179,T22)),T78)),(((((T44,T16),T115),(T150,T104)),((T49,(T96,T149)),((T62,T138),T95))),((((((T142,T24),T29),T200),T162),(T8,T12)),T21))),T39),(T69,T136)),T58),(((T6,(T105,T72)),T94),T66)),T195),T11),T127),T76),T108),T157);
#NNI moves:3/236
Remaining: 0
#NNI moves:6/236
#NNI moves:6/236
(((((((((((((((((((((T16,T44),T115),(T150,T104)),(((T96,T149),T49),((T138,T62),T95))),(((T8,T12),((T200,(T29,(T142,T24))),T162)),T21)),(((((((T127,((T157,T108),T76)),T11),T195),((T94,((T72,T105),T6)),T66)),T58),(T136,T69)),T39)),((((((T175,T56),T124),(T133,T161)),T198),(T22,T179)),T78)),(((((T18,((T53,T87),T51)),((T27,T45),((T159,T63),(T101,T15)))),T163),(((T40,T82),(T111,T190)),(T26,T155))),((T141,T64),(T85,T46)))),(((((((((T171,T33),T103),T90),(T114,T154)),T120),(((T183,(T61,((T13,T168),T132))),T91),(T47,T170))),(((T20,T41),(((T109,T55),T166),(T116,T192))),T191)),(((T147,T92),((T80,(T140,T131)),T173)),(T19,(T164,T3)))),(((((((T128,T176),(T17,T146)),T125),((T48,T185),(T118,T67))),T5),((T143,T153),T135)),((T70,T169),T71)))),T0),(((((T57,T28),T86),T113),T186),T38)),(T88,T123)),(((((((T144,T187),((T184,T79),((T107,T98),T93))),(T89,((T50,T182),(T199,T148)))),((T172,T139),T37)),(T130,T122)),(T81,(((T156,T31),(T126,T60)),T167))),((((((((T7,T10),T30),T112),((T75,T2),T36)),(T152,T188)),((T196,T178),((T194,T68),T134))),((T23,T193),T106)),(((T73,T4),T160),T197)))),((((((((T174,(T35,T32)),T42),(T97,T77)),((T59,T158),T181)),T84),((T65,T180),T189)),(((((T52,T121),T100),T1),(T83,(T74,T110))),T54)),T25)),(T165,T102)),(((T43,T34),T137),(T99,(T14,T145)))),(T117,T119)),T9),T151),T177),T129);
Current score: 3.58329e+10
Current tree: (((((((((((((((((((T16,T44),T115),(T150,T104)),(((T96,T149),T49),((T138,T62),T95))),(((T8,T12),((T200,(T29,(T142,T24))),T162)),T21)),(((((((T127,((T157,T108),T76)),T11),T195),((T94,((T72,T105),T6)),T66)),T58),(T136,T69)),T39)),((((((T175,T56),T124),(T133,T161)),T198),(T22,T179)),T78)),(((((T18,((T53,T87),T51)),((T27,T45),((T159,T63),(T101,T15)))),T163),(((T40,T82),(T111,T190)),(T26,T155))),((T141,T64),(T85,T46)))),(((((((((T171,T33),T103),T90),(T114,T154)),T120),(((T183,(T61,((T13,T168),T132))),T91),(T47,T170))),(((T20,T41),(((T109,T55),T166),(T116,T192))),T191)),(((T147,T92),((T80,(T140,T131)),T173)),(T19,(T164,T3)))),(((((((T128,T176),(T17,T146)),T125),((T48,T185),(T118,T67))),T5),((T143,T153),T135)),((T70,T169),T71)))),T0),(((((T57,T28),T86),T113),T186),T38)),(T88,T123)),(((((((T144,T187),((T184,T79),((T107,T98),T93))),(T89,((T50,T182),(T199,T148)))),((T172,T139),T37)),(T130,T122)),(T81,(((T156,T31),(T126,T60)),T167))),((((((((T7,T10),T30),T112),((T75,T2),T36)),(T152,T188)),((T196,T178),((T194,T68),T134))),((T23,T193),T106)),(((T73,T4),T160),T197)))),((((((((T174,(T35,T32)),T42),(T97,T77)),((T59,T158),T181)),T84),((T65,T180),T189)),(((((T52,T121),T100),T1),(T83,(T74,T110))),T54)),T25)),(T165,T102)),(((T43,T34),T137),(T99,(T14,T145)))),(T117,T119)),(T151,(T177,T129))),T9);
Use two-step algorithm!
#NNI moves:0/236
Remaining: 0
#NNI moves:0/236
#NNI moves:0/236
(((((((((((((((((((((T182,T50),(T148,T199)),T89),((T187,T144),((T93,(T98,T107)),(T184,T79)))),((T139,T172),T37)),(T122,T130)),((((T60,T126),(T31,T156)),T167),T81)),((((((T36,(T75,T2)),(((T7,T10),T30),T112)),(T152,T188)),(((T194,T68),T134),(T178,T196))),((T193,T23),T106)),(((T4,T73),T160),T197))),((((((((T158,T59),T181),((T77,T97),((T174,(T35,T32)),T42))),T84),((T65,T180),T189)),((((T74,T110),T83),(T1,(T100,(T52,T121)))),T54)),T25),((((T119,T117),(((T177,T129),T151),T9)),(((T34,T43),T137),((T14,T145),T99))),(T102,T165)))),(T88,T123)),((T186,(((T57,T28),T86),T113)),T38)),T0),((((((((T103,(T33,T171)),T90),(T114,T154)),T120),((T170,T47),(((T61,(T132,(T13,T168))),T183),T91))),(((((T109,T55),T166),(T192,T116)),(T41,T20)),T191)),(((((T140,T131),T80),T173),(T147,T92)),((T164,T3),T19))),(((T135,(T143,T153)),((((T48,T185),(T118,T67)),(T125,((T146,T17),(T128,T176)))),T5)),((T70,T169),T71)))),(((((T82,T40),(T190,T111)),(T155,T26)),(((((T63,T159),(T15,T101)),(T45,T27)),(((T53,T87),T51),T18)),T163)),((T141,T64),(T85,T46)))),(((((T133,T161),((T56,T175),T124)),T198),(T22,T179)),T78)),(((T69,T136),((((T94,((T105,T72),T6)),T66),(((((T108,T157),T76),T127),T11),T195)),T58)),T39)),((((((T142,T24),T29),T200),T162),(T8,T12)),T21)),((T104,T150),((T44,T16),T115))),((T138,T62),T95)),(T149,T96)),T49);
#NNI moves:0/236
Remaining: 0
#NNI moves:0/236
#NNI moves:0/236
(((((((((((((((((((T149,T96),T49),((T62,T138),T95)),((T104,T150),((T44,T16),T115))),(((((T29,(T24,T142)),T200),T162),(T8,T12)),T21)),((((((((T105,T72),T6),T94),T66),(T195,(T11,(((T108,T157),T76),T127)))),T58),(T136,T69)),T39)),((((((T175,T56),T124),(T133,T161)),T198),(T22,T179)),T78)),(((((T111,T190),(T82,T40)),(T155,T26)),((((T51,(T53,T87)),T18),(((T63,T159),(T15,T101)),(T45,T27))),T163)),((T141,T64),(T85,T46)))),(((((((((T171,T33),T103),T90),(T154,T114)),T120),((T47,T170),(T91,((T61,((T168,T13),T132)),T183)))),((((T192,T116),(T166,(T109,T55))),(T41,T20)),T191)),(((((T140,T131),T80),T173),(T147,T92)),((T164,T3),T19))),((((((T185,T48),(T118,T67)),(((T128,T176),(T17,T146)),T125)),T5),(T135,(T153,T143))),((T169,T70),T71)))),T0),(((T113,(T86,(T57,T28))),T186),T38)),(T88,T123)),(((((((T194,T68),T134),(T196,T178)),(((((T10,T7),T30),T112),(T36,(T2,T75))),(T188,T152))),((T193,T23),T106)),(((T73,T4),T160),T197)),(((((((T50,T182),(T199,T148)),T89),(((T184,T79),((T107,T98),T93)),(T144,T187))),(T37,(T172,T139))),(T122,T130)),((((T156,T31),(T126,T60)),T167),T81)))),(((((((T158,T59),T181),(((T174,(T35,T32)),T42),(T77,T97))),T84),((T180,T65),T189)),(T54,((((T121,T52),T100),T1),((T74,T110),T83)))),T25)),(T165,T102)),(((T145,T14),T99),(T137,(T43,T34)))),((T151,(T177,T129)),T9)),T119),T117);
#NNI moves:0/236
Remaining: 0
#NNI moves:6/236
#NNI moves:6/236
((((((((((((((((((((T150,T104),((T16,T44),T115)),(((T149,T96),T49),((T62,T138),T95))),((((((T142,T24),T29),T200),T162),(T12,T8)),T21)),((((((T11,(T127,((T108,T157),T76))),T195),(T66,(((T72,T105),T6),T94))),T58),(T136,T69)),T39)),(((((T133,T161),(T124,(T56,T175))),T198),(T22,T179)),T78)),(((((T190,T111),(T82,T40)),(T155,T26)),(((((T15,T101),(T159,T63)),(T45,T27)),(T18,((T87,T53),T51))),T163)),((T141,T64),(T46,T85)))),((((((T170,T47),((((T132,(T168,T13)),T61),T183),T91)),(T120,((T90,((T171,T33),T103)),(T154,T114)))),((((T166,(T109,T55)),(T192,T116)),(T20,T41)),T191)),(((T3,T164),T19),(((T80,(T131,T140)),T173),(T147,T92)))),(((T169,T70),T71),((((((T128,T176),(T17,T146)),T125),((T185,T48),(T67,T118))),T5),((T153,T143),T135))))),T0),(((((T28,T57),T86),T113),T186),T38)),(T88,T123)),(((((((T68,T194),T134),(T178,T196)),((((T75,T2),T36),(((T7,T10),T30),T112)),(T152,T188))),((T23,T193),T106)),(T197,(T160,(T73,T4)))),((((((((T98,T107),T93),(T184,T79)),(T144,T187)),(((T148,T199),(T50,T182)),T89)),((T139,T172),T37)),(T130,T122)),((((T60,T126),(T156,T31)),T167),T81)))),(((((((T59,T158),T181),(((T174,(T32,T35)),T42),(T77,T97))),T84),(T189,(T65,T180))),((((T110,T74),T83),(T1,((T52,T121),T100))),T54)),T25)),(T165,T102)),(((T14,T145),T99),(T137,(T43,T34)))),(T119,T117)),T9),T151),T177),T129);
#NNI moves:0/236
Remaining: 0
#NNI moves:0/236
#NNI moves:0/236
((((((((((((((((((T33,T171),T103),T90),(T154,T114)),T120),((T170,T47),(((T61,((T13,T168),T132)),T183),T91))),((((T192,T116),((T109,T55),T166)),(T20,T41)),T191)),(((T147,T92),(((T140,T131),T80),T173)),((T3,T164),T19))),((((((T185,T48),(T118,T67)),(T125,((T176,T128),(T146,T17)))),T5),((T143,T153),T135)),((T70,T169),T71))),((((((((((((T184,T79),(T93,(T98,T107))),(T187,T144)),(T89,((T50,T182),(T199,T148)))),((T172,T139),T37)),(T130,T122)),((T167,((T60,T126),(T156,T31))),T81)),(((((T134,(T194,T68)),(T196,T178)),(((((T10,T7),T30),T112),(T36,(T75,T2))),(T188,T152))),((T23,T193),T106)),(T197,((T73,T4),T160)))),((((((T180,T65),T189),(((((T174,(T35,T32)),T42),(T97,T77)),((T158,T59),T181)),T84)),(((T83,(T74,T110)),((T100,(T121,T52)),T1)),T54)),T25),((((T117,T119),(((T129,T177),T151),T9)),(((T145,T14),T99),(T137,(T34,T43)))),(T165,T102)))),(T123,T88)),(((((T28,T57),T86),T113),T186),T38)),T0)),(((((T190,T111),(T40,T82)),(T155,T26)),((((T45,T27),((T101,T15),(T63,T159))),(((T87,T53),T51),T18)),T163)),((T64,T141),(T85,T46)))),(((T179,T22),(((T161,T133),((T56,T175),T124)),T198)),T78)),((((((((T105,T72),T6),T94),T66),(((((T108,T157),T76),T127),T11),T195)),T58),(T136,T69)),T39)),((((((T24,T142),T29),T200),T162),(T12,T8)),T21)),(((T16,T44),T115),(T104,T150))),((T62,T138),T95)),(T149,T96)),T49);
Current score: 3.58329e+10
Current tree: ((((T129,T177),T151),((T117,T119),((((T145,T14),T99),(T137,(T34,T43))),((T165,T102),((((((T180,T65),T189),(((((T174,(T35,T32)),T42),(T97,T77)),((T158,T59),T181)),T84)),(((T83,(T74,T110)),((T100,(T121,T52)),T1)),T54)),T25),(((((((((T184,T79),(T93,(T98,T107))),(T187,T144)),(T89,((T50,T182),(T199,T148)))),((T172,T139),T37)),(T130,T122)),((T167,((T60,T126),(T156,T31))),T81)),(((((T134,(T194,T68)),(T196,T178)),(((((T10,T7),T30),T112),(T36,(T75,T2))),(T188,T152))),((T23,T193),T106)),(T197,((T73,T4),T160)))),((T123,T88),((((((T28,T57),T86),T113),T186),T38),(T0,((((((((((T33,T171),T103),T90),(T154,T114)),T120),((T170,T47),(((T61,((T13,T168),T132)),T183),T91))),((((T192,T116),((T109,T55),T166)),(T20,T41)),T191)),(((T147,T92),(((T140,T131),T80),T173)),((T3,T164),T19))),((((((T185,T48),(T118,T67)),(T125,((T176,T128),(T146,T17)))),T5),((T143,T153),T135)),((T70,T169),T71))),((((((T190,T111),(T40,T82)),(T155,T26)),((((T45,T27),((T101,T15),(T63,T159))),(((T87,T53),T51),T18)),T163)),((T64,T141),(T85,T46))),((((T179,T22),(((T161,T133),((T56,T175),T124)),T198)),T78),(((((((((T105,T72),T6),T94),T66),(((((T108,T157),T76),T127),T11),T195)),T58),(T136,T69)),T39),(((((((T24,T142),T29),T200),T162),(T12,T8)),T21),((((T16,T44),T115),(T104,T150)),(((T62,T138),T95),((T149,T96),T49))))))))))))))))),T9);
Final Tree: ((((T129,T177),T151),((T117,T119),((((T145,T14),T99),(T137,(T34,T43))),((T165,T102),((((((T180,T65),T189),(((((T174,(T35,T32)),T42),(T97,T77)),((T158,T59),T181)),T84)),(((T83,(T74,T110)),((T100,(T121,T52)),T1)),T54)),T25),(((((((((T184,T79),(T93,(T98,T107))),(T187,T144)),(T89,((T50,T182),(T199,T148)))),((T172,T139),T37)),(T130,T122)),((T167,((T60,T126),(T156,T31))),T81)),(((((T134,(T194,T68)),(T196,T178)),(((((T10,T7),T30),T112),(T36,(T75,T2))),(T188,T152))),((T23,T193),T106)),(T197,((T73,T4),T160)))),((T123,T88),((((((T28,T57),T86),T113),T186),T38),(T0,((((((((((T33,T171),T103),T90),(T154,T114)),T120),((T170,T47),(((T61,((T13,T168),T132)),T183),T91))),((((T192,T116),((T109,T55),T166)),(T20,T41)),T191)),(((T147,T92),(((T140,T131),T80),T173)),((T3,T164),T19))),((((((T185,T48),(T118,T67)),(T125,((T176,T128),(T146,T17)))),T5),((T143,T153),T135)),((T70,T169),T71))),((((((T190,T111),(T40,T82)),(T155,T26)),((((T45,T27),((T101,T15),(T63,T159))),(((T87,T53),T51),T18)),T163)),((T64,T141),(T85,T46))),((((T179,T22),(((T161,T133),((T56,T175),T124)),T198)),T78),(((((((((T105,T72),T6),T94),T66),(((((T108,T157),T76),T127),T11),T195)),T58),(T136,T69)),T39),(((((((T24,T142),T29),T200),T162),(T12,T8)),T21),((((T16,T44),T115),(T104,T150)),(((T62,T138),T95),((T149,T96),T49))))))))))))))))),T9);
Score: 3.583294476e+10

real	1m49.393s
user	36m31.130s
sys	0m20.970s
