
RAxML-NG v. 1.1.0-master released on 04.08.2022 by The Exelixis Lab.
Developed by: Alexey M. Kozlov and Alexandros Stamatakis.
Contributors: Diego Darriba, Tomas Flouri, Benoit Morel, Sarah Lutteropp, Ben Bettisworth.
Latest version: https://github.com/amkozlov/raxml-ng
Questions/problems/suggestions? Please visit: https://groups.google.com/forum/#!forum/raxml

System: AMD EPYC 7742 64-Core Processor, 128 cores, 251 GB RAM

RAxML-NG was called at 02-Jan-2023 11:05:53 as follows:

/home/chaos/programs/raxml-ng/raxml-ng/bin/raxml-ng --msa data/alignment/33_0.1X_S201_0_haploid --tree pars{1} --model GTR+G --threads 64

Analysis options:
  run mode: ML tree search
  start tree(s): parsimony (1)
  random seed: 1672686353
  tip-inner: OFF
  pattern compression: ON
  per-rate scalers: OFF
  site repeats: ON
  fast spr radius: AUTO
  spr subtree cutoff: 1.000000
  branch lengths: proportional (ML estimate, algorithm: NR-FAST)
  SIMD kernels: AVX2
  parallelization: coarse-grained (auto), PTHREADS (64 threads), thread pinning: OFF

[00:00:00] Reading alignment from file: data/alignment/33_0.1X_S201_0_haploid
[00:00:02] Loaded alignment with 201 taxa and 5000000 sites

Alignment comprises 1 partitions and 341756 patterns

Partition 0: noname
Model: GTR+FO+G4m
Alignment sites / patterns: 5000000 / 341756
Gaps: 0.00 %
Invariant sites: 71.06 %


NOTE: Binary MSA file created: data/alignment/33_0.1X_S201_0_haploid.raxml.rba

Parallelization scheme autoconfig: 1 worker(s) x 64 thread(s)

Parallel reduction/worker buffer size: 1 KB  / 0 KB

[00:00:20] Generating 1 parsimony starting tree(s) with 201 taxa
[00:00:24] Data distribution: max. partitions/sites/weight per thread: 1 / 5340 / 85440
[00:00:24] Data distribution: max. searches per worker: 1

Starting ML tree search with 1 distinct starting trees

[00:00:24 -52370968.847433] Initial branch length optimization
[00:00:26 -24643786.596936] Model parameter optimization (eps = 10.000000)
[00:00:37 -23929243.093033] AUTODETECT spr round 1 (radius: 5)
[00:00:50 -23928572.426874] AUTODETECT spr round 2 (radius: 10)
[00:01:22 -23928572.426874] SPR radius for FAST iterations: 5 (autodetect)
[00:01:22 -23928572.426874] Model parameter optimization (eps = 3.000000)
[00:01:22 -23928572.417695] FAST spr round 1 (radius: 5)
[00:01:38 -23928373.863036] FAST spr round 2 (radius: 5)
[00:01:53 -23928210.505763] FAST spr round 3 (radius: 5)
[00:02:08 -23928161.420249] FAST spr round 4 (radius: 5)
[00:02:24 -23928114.640343] FAST spr round 5 (radius: 5)
[00:02:40 -23928114.640343] Model parameter optimization (eps = 1.000000)
[00:02:41 -23928114.449543] SLOW spr round 1 (radius: 5)
[00:03:30 -23928114.449543] SLOW spr round 2 (radius: 10)
[00:04:24 -23928114.449543] SLOW spr round 3 (radius: 15)
[00:05:57 -23928114.449543] SLOW spr round 4 (radius: 20)
[00:07:31 -23928114.449543] SLOW spr round 5 (radius: 25)
[00:08:22 -23928114.449543] Model parameter optimization (eps = 0.100000)

[00:08:23] ML tree search #1, logLikelihood: -23928114.433416


Optimized model parameters:

   Partition 0: noname
   Rate heterogeneity: GAMMA (4 cats, mean),  alpha: 0.689494 (ML),  weights&rates: (0.250000,0.071946) (0.250000,0.358530) (0.250000,0.920912) (0.250000,2.648612) 
   Base frequencies (ML): 0.295683 0.261200 0.263396 0.179721 
   Substitution rates (ML): 0.527361 5.331753 1.246478 3.458817 5.984365 1.000000 


Final LogLikelihood: -23928114.433416

AIC score: 47857044.866832 / AICc score: 47857044.933587 / BIC score: 47862522.245808
Free parameters (model + branch lengths): 408

Best ML tree saved to: /expanse/lustre/projects/uot138/chaos/ASTERISK-sim/data/alignment/33_0.1X_S201_0_haploid.raxml.bestTree
Optimized model saved to: /expanse/lustre/projects/uot138/chaos/ASTERISK-sim/data/alignment/33_0.1X_S201_0_haploid.raxml.bestModel

Execution log saved to: /expanse/lustre/projects/uot138/chaos/ASTERISK-sim/data/alignment/33_0.1X_S201_0_haploid.raxml.log

Analysis started: 02-Jan-2023 11:05:53 / finished: 02-Jan-2023 11:14:16

Elapsed time: 503.141 seconds

Consumed energy: 64.011 Wh

