Weighted ASTRAL - Hybrid
Version: v1.13.2.3
#Genetrees: 2000
#Species: 201
#Rounds: 4
#Samples: 4
#Threads: 32
Use two-step algorithm!
Guide Tree 0/27
#NNI moves:4/236
Guide Tree 1/27
#NNI moves:3/236
Guide Tree 2/27
#NNI moves:9/236
Guide Tree 3/27
#NNI moves:4/236
Guide Tree 4/27
#NNI moves:1/236
Guide Tree 5/27
#NNI moves:1/236
Guide Tree 6/27
#NNI moves:2/236
Guide Tree 7/27
#NNI moves:6/236
Guide Tree 8/27
#NNI moves:0/236
Guide Tree 9/27
#NNI moves:4/236
Guide Tree 10/27
#NNI moves:8/236
Guide Tree 11/27
#NNI moves:1/236
Guide Tree 12/27
#NNI moves:2/236
Guide Tree 13/27
#NNI moves:6/236
Guide Tree 14/27
#NNI moves:4/236
Guide Tree 15/27
#NNI moves:2/236
Guide Tree 16/27
#NNI moves:6/236
Guide Tree 17/27
#NNI moves:5/236
Guide Tree 18/27
#NNI moves:1/236
Guide Tree 19/27
#NNI moves:4/236
Guide Tree 20/27
#NNI moves:4/236
Guide Tree 21/27
#NNI moves:4/236
Guide Tree 22/27
#NNI moves:7/236
Guide Tree 23/27
#NNI moves:4/236
Guide Tree 24/27
#NNI moves:1/236
Guide Tree 25/27
#NNI moves:0/236
Guide Tree 26/27
#NNI moves:3/236
Remaining: 0
#NNI moves:1/236
#NNI moves:1/236
(((((((((((((((T94,T182),T171),((T56,T38),T134)),(T156,T196)),(((T129,(T86,T51)),T135),(T126,T5))),(((T163,T64),T105),(T117,T99))),(((((((T185,T2),T142),(T180,T28)),(T199,((T131,T179),T93))),(T104,((T65,T198),T31))),((T165,T186),T137)),(((T32,T6),T71),(T61,T84)))),(((((T36,T148),T33),(T132,T68)),T139),T54)),(((((T176,(T195,T26)),T11),((T55,T170),(T184,T29))),(((((T25,T149),T127),(T128,(T16,(T18,T23)))),(T130,T138)),(T63,(T74,T143)))),((((T164,T145),(((T102,T76),(T69,T78)),T183)),((T15,((T187,T91),T45)),((T50,(T35,T120)),T42))),(T44,T162)))),(((((((((((T12,T189),T60),((T114,(T190,T82)),T92)),(((((((T144,(T141,T173)),T73),T123),T133),(T152,T87)),(T66,T19)),(T17,T194))),((T119,T90),(T53,T97))),(((((T30,T48),(T157,T188)),T4),(T108,T37)),T88)),(T113,T110)),(((T14,T89),T40),(T177,T161))),((((((T70,T9),T140),((T100,T10),T112)),(T124,T116)),(T125,(T58,T20))),((T118,T46),T111))),((((T52,(((T21,T153),T95),(T192,T106))),(T59,T47)),(T154,T109)),(((T168,T49),T200),((T98,T24),T150)))),((T167,T57),T85))),((((T172,(T43,T79)),(T83,T175)),((T169,T7),T155)),((T146,T121),((T77,T191),T147)))),T0),((T1,((((T181,((T41,T13),T39)),T158),((((T96,T80),((T62,T75),T159)),(T27,T22)),(T178,T160))),(((((T136,T122),(T3,(T197,T81))),(T107,(T151,T8))),(T67,T166)),(T193,(T103,T174))))),T101)),(T72,T115)),T34);
Guide Tree 0/27
#NNI moves:5/236
Guide Tree 1/27
#NNI moves:3/236
Guide Tree 2/27
#NNI moves:4/236
Guide Tree 3/27
#NNI moves:5/236
Guide Tree 4/27
#NNI moves:0/236
Guide Tree 5/27
#NNI moves:5/236
Guide Tree 6/27
#NNI moves:3/236
Guide Tree 7/27
#NNI moves:1/236
Guide Tree 8/27
#NNI moves:4/236
Guide Tree 9/27
#NNI moves:5/236
Guide Tree 10/27
#NNI moves:0/236
Guide Tree 11/27
#NNI moves:1/236
Guide Tree 12/27
#NNI moves:8/236
Guide Tree 13/27
#NNI moves:7/236
Guide Tree 14/27
#NNI moves:3/236
Guide Tree 15/27
#NNI moves:1/236
Guide Tree 16/27
#NNI moves:2/236
Guide Tree 17/27
#NNI moves:1/236
Guide Tree 18/27
#NNI moves:4/236
Guide Tree 19/27
#NNI moves:5/236
Guide Tree 20/27
#NNI moves:4/236
Guide Tree 21/27
#NNI moves:3/236
Guide Tree 22/27
#NNI moves:5/236
Guide Tree 23/27
#NNI moves:1/236
Guide Tree 24/27
#NNI moves:1/236
Guide Tree 25/27
#NNI moves:1/236
Guide Tree 26/27
#NNI moves:3/236
Remaining: 0
#NNI moves:6/236
#NNI moves:6/236
((((((((((((((T199,((T131,T179),T93)),(((T185,T2),T142),(T28,T180))),(T104,(T31,(T198,T65)))),((T165,T186),T137)),((T84,T61),((T6,T32),T71))),((((((T51,T86),T129),T135),(T126,T5)),(((T134,(T38,T56)),((T94,T182),T171)),(T156,T196))),(((T64,T163),T105),(T99,T117)))),((((T132,T68),((T148,T36),T33)),T139),T54)),((((((T128,((T18,T23),T16)),((T25,T149),T127)),(T130,T138)),((T74,T143),T63)),((((T195,T26),T176),T11),((T170,T55),(T29,T184)))),((((T164,T145),(T183,((T102,T76),(T78,T69)))),(((T45,(T91,T187)),T15),(T42,((T35,T120),T50)))),(T162,T44)))),((((((((((((T82,T190),T114),T92),((T12,T189),T60)),((T17,T194),(((((((T173,T141),T144),T73),T123),T133),(T152,T87)),(T66,T19)))),((T90,T119),(T97,T53))),(((((T157,T188),(T30,T48)),T4),(T37,T108)),T88)),(T110,T113)),((T40,(T14,T89)),(T161,T177))),((((T20,T58),T125),((T116,T124),(((T70,T9),T140),(T112,(T10,T100))))),((T46,T118),T111))),((((T47,T59),(((T192,T106),(T95,(T153,T21))),T52)),(T109,T154)),(((T24,T98),T150),((T49,T168),T200)))),((T167,T57),T85))),(((T155,(T169,T7)),(((T43,T79),T172),(T175,T83))),((T146,T121),((T191,T77),T147)))),T0),(((((((T27,T22),((T96,T80),((T62,T75),T159))),(T160,T178)),((T181,((T13,T41),T39)),T158)),((((T107,(T151,T8)),((T136,T122),((T197,T81),T3))),(T166,T67)),((T103,T174),T193))),T1),T101)),(T115,T72)),T34);
Guide Tree 0/27
#NNI moves:0/236
Guide Tree 1/27
#NNI moves:1/236
Guide Tree 2/27
#NNI moves:3/236
Guide Tree 3/27
#NNI moves:0/236
Guide Tree 4/27
#NNI moves:4/236
Guide Tree 5/27
#NNI moves:8/236
Guide Tree 6/27
#NNI moves:1/236
Guide Tree 7/27
#NNI moves:0/236
Guide Tree 8/27
#NNI moves:3/236
Guide Tree 9/27
#NNI moves:4/236
Guide Tree 10/27
#NNI moves:3/236
Guide Tree 11/27
#NNI moves:3/236
Guide Tree 12/27
#NNI moves:0/236
Guide Tree 13/27
#NNI moves:2/236
Guide Tree 14/27
#NNI moves:5/236
Guide Tree 15/27
#NNI moves:4/236
Guide Tree 16/27
#NNI moves:3/236
Guide Tree 17/27
#NNI moves:4/236
Guide Tree 18/27
#NNI moves:4/236
Guide Tree 19/27
#NNI moves:6/236
Guide Tree 20/27
#NNI moves:0/236
Guide Tree 21/27
#NNI moves:0/236
Guide Tree 22/27
#NNI moves:0/236
Guide Tree 23/27
#NNI moves:6/236
Guide Tree 24/27
#NNI moves:5/236
Guide Tree 25/27
#NNI moves:3/236
Guide Tree 26/27
#NNI moves:4/236
Remaining: 0
#NNI moves:4/236
#NNI moves:8/236
((((((((((((((((((T87,T152),(((((T141,T173),T144),T73),T123),T133)),(T66,T19)),(T17,T194)),(((T12,T189),T60),((T114,(T82,T190)),T92))),((T90,T119),(T53,T97))),(((T108,T37),(((T188,T157),(T48,T30)),T4)),T88)),(T113,T110)),((T177,T161),(T40,(T89,T14)))),(((T46,T118),T111),(((T124,T116),(((T70,T9),T140),(T112,(T10,T100)))),(T125,(T20,T58))))),((((T168,T49),T200),(T150,(T24,T98))),(((T52,((T106,T192),((T153,T21),T95))),(T47,T59)),(T109,T154)))),((T57,T167),T85)),(((((((T165,T186),T137),(((((T179,T131),T93),T199),((T180,T28),((T2,T185),T142))),(((T65,T198),T31),T104))),((T71,(T32,T6)),(T61,T84))),((((((T182,T94),T171),(T134,(T38,T56))),(T156,T196)),(((T129,(T51,T86)),T135),(T126,T5))),(((T64,T163),T105),(T117,T99)))),((T139,((T132,T68),(T33,(T148,T36)))),T54)),(((T162,T44),(((T183,((T69,T78),(T102,T76))),(T164,T145)),((((T120,T35),T50),T42),(((T187,T91),T45),T15)))),((((T29,T184),(T170,T55)),(T11,((T195,T26),T176))),((((((T18,T23),T16),T128),((T149,T25),T127)),(T130,T138)),((T74,T143),T63)))))),(((((T43,T79),T172),(T83,T175)),(T155,(T169,T7))),((T146,T121),((T191,T77),T147)))),T0),((((((((T96,T80),(T159,(T75,T62))),(T22,T27)),(T160,T178)),((((T13,T41),T39),T181),T158)),((((((T197,T81),T3),(T122,T136)),(T107,(T8,T151))),(T67,T166)),(T193,(T103,T174)))),T1),T101)),(T115,T72)),T34);
Guide Tree 0/27
#NNI moves:3/236
Guide Tree 1/27
#NNI moves:0/236
Guide Tree 2/27
#NNI moves:1/236
Guide Tree 3/27
#NNI moves:3/236
Guide Tree 4/27
#NNI moves:1/236
Guide Tree 5/27
#NNI moves:0/236
Guide Tree 6/27
#NNI moves:1/236
Guide Tree 7/27
#NNI moves:3/236
Guide Tree 8/27
#NNI moves:0/236
Guide Tree 9/27
#NNI moves:0/236
Guide Tree 10/27
#NNI moves:0/236
Guide Tree 11/27
#NNI moves:1/236
Guide Tree 12/27
#NNI moves:0/236
Guide Tree 13/27
#NNI moves:2/236
Guide Tree 14/27
#NNI moves:3/236
Guide Tree 15/27
#NNI moves:0/236
Guide Tree 16/27
#NNI moves:1/236
Guide Tree 17/27
#NNI moves:1/236
Guide Tree 18/27
#NNI moves:0/236
Guide Tree 19/27
#NNI moves:0/236
Guide Tree 20/27
#NNI moves:0/236
Guide Tree 21/27
#NNI moves:1/236
Guide Tree 22/27
#NNI moves:1/236
Guide Tree 23/27
#NNI moves:0/236
Guide Tree 24/27
#NNI moves:0/236
Guide Tree 25/27
#NNI moves:0/236
Guide Tree 26/27
#NNI moves:2/236
Remaining: 0
#NNI moves:8/236
#NNI moves:12/236
((((((((((((((T95,(T21,T153)),(T192,T106)),T52),(T59,T47)),(T154,T109)),(((T49,T168),T200),((T24,T98),T150))),((((((((((T87,T152),(((T73,(T144,(T141,T173))),T123),T133)),(T66,T19)),(T17,T194)),(((T114,(T82,T190)),T92),(T60,(T189,T12)))),((T53,T97),(T90,T119))),(((T4,((T30,T48),(T157,T188))),(T108,T37)),T88)),(T110,T113)),((T161,T177),((T14,T89),T40))),((T111,(T118,T46)),(((T116,T124),(((T100,T10),T112),(T140,(T9,T70)))),((T58,T20),T125))))),(T85,(T167,T57))),((((((((T31,(T198,T65)),T104),((((T179,T131),T93),T199),((T180,T28),((T2,T185),T142)))),(T137,(T165,T186))),((T84,T61),((T32,T6),T71))),((((T135,((T51,T86),T129)),(T5,T126)),((((T38,T56),T134),((T94,T182),T171)),(T156,T196))),(((T64,T163),T105),(T117,T99)))),((((T33,(T36,T148)),(T68,T132)),T139),T54)),(((((T130,T138),(((T16,(T23,T18)),T128),(T127,(T149,T25)))),((T74,T143),T63)),(((T170,T55),(T184,T29)),(((T195,T26),T176),T11))),(((((T45,(T187,T91)),T15),(T42,((T35,T120),T50))),((T183,((T76,T102),(T78,T69))),(T145,T164))),(T162,T44))))),((((T169,T7),T155),(((T79,T43),T172),(T83,T175))),((T121,T146),(T147,(T191,T77))))),T0),(((((((T39,(T13,T41)),T181),T158),((((T159,(T75,T62)),(T96,T80)),(T27,T22)),(T178,T160))),(((((T122,T136),((T81,T197),T3)),((T8,T151),T107)),(T166,T67)),(T193,(T103,T174)))),T1),T101)),(T115,T72)),T34);
Initial score: 2.51761e+10
Initial tree: ((((((((((((((T95,(T21,T153)),(T192,T106)),T52),(T59,T47)),(T154,T109)),(((T49,T168),T200),((T24,T98),T150))),((((((((((T87,T152),(((T73,(T144,(T141,T173))),T123),T133)),(T66,T19)),(T17,T194)),(((T114,(T82,T190)),T92),(T60,(T189,T12)))),((T53,T97),(T90,T119))),(((T4,((T30,T48),(T157,T188))),(T108,T37)),T88)),(T110,T113)),((T161,T177),((T14,T89),T40))),((T111,(T118,T46)),(((T116,T124),(((T100,T10),T112),(T140,(T9,T70)))),((T58,T20),T125))))),(T85,(T167,T57))),((((((((T31,(T198,T65)),T104),((((T179,T131),T93),T199),((T180,T28),((T2,T185),T142)))),(T137,(T165,T186))),((T84,T61),((T32,T6),T71))),((((T135,((T51,T86),T129)),(T5,T126)),((((T38,T56),T134),((T94,T182),T171)),(T156,T196))),(((T64,T163),T105),(T117,T99)))),((((T33,(T36,T148)),(T68,T132)),T139),T54)),(((((T130,T138),(((T16,(T23,T18)),T128),(T127,(T149,T25)))),((T74,T143),T63)),(((T170,T55),(T184,T29)),(((T195,T26),T176),T11))),(((((T45,(T187,T91)),T15),(T42,((T35,T120),T50))),((T183,((T76,T102),(T78,T69))),(T145,T164))),(T162,T44))))),((((T169,T7),T155),(((T79,T43),T172),(T83,T175))),((T121,T146),(T147,(T191,T77))))),T0),(((((((T39,(T13,T41)),T181),T158),((((T159,(T75,T62)),(T96,T80)),(T27,T22)),(T178,T160))),(((((T122,T136),((T81,T197),T3)),((T8,T151),T107)),(T166,T67)),(T193,(T103,T174)))),T1),T101)),(T115,T72)),T34);
*** Subsample Process ***
Use two-step algorithm!
#NNI moves:0/236
Remaining: 0
#NNI moves:21/236
#NNI moves:21/236
(((((((((((((((((((T38,T56),T134),((T182,T94),T171)),(T156,T196)),((T135,((T51,T86),T129)),(T126,T5))),(((T64,T163),T105),(T117,T99))),(((((T31,(T65,T198)),T104),((T199,((T179,T131),T93)),((T28,T180),((T2,T185),T142)))),((T186,T165),T137)),((T84,T61),(T71,(T32,T6))))),((((T33,(T36,T148)),(T132,T68)),T139),T54)),(((((T138,T130),((T128,(T16,(T18,T23))),((T25,T149),T127))),((T74,T143),T63)),(((T170,T55),(T184,T29)),((T176,(T195,T26)),T11))),((((((T91,T187),T45),T15),(((T120,T35),T50),T42)),((T164,T145),(((T78,T69),(T76,T102)),T183))),(T162,T44)))),((((((((((((T197,T81),T3),(T122,T136)),((T8,T151),T107)),(T166,T67)),(T193,(T174,T103))),((((((T62,T75),T159),(T96,T80)),(T22,T27)),(T160,T178)),((((T41,T13),T39),T181),T158))),T1),T101),((T115,T72),T34)),T0),((((T191,T77),T147),(T146,T121)),((T155,(T7,T169)),((T175,T83),((T43,T79),T172)))))),((T57,T167),T85)),((((((((T17,T194),(((((((T141,T173),T144),T73),T123),T133),(T152,T87)),(T19,T66))),(((T12,T189),T60),((T114,(T190,T82)),T92))),((T97,T53),(T90,T119))),(((((T30,T48),(T157,T188)),T4),(T108,T37)),T88)),(T110,T113)),((T161,T177),((T89,T14),T40))),((((((T100,T10),T112),((T70,T9),T140)),(T116,T124)),(T125,(T20,T58))),((T118,T46),T111)))),((T200,(T168,T49)),((T24,T98),T150))),(T109,T154)),(T47,T59)),T52),((T21,T153),T95)),T106),T192);
#NNI moves:0/236
Remaining: 1
#NNI moves:5/236
#NNI moves:5/236
(((((((((((((((T31,(T65,T198)),T104),(((T28,T180),(T142,(T2,T185))),(((T179,T131),T93),T199))),((T165,T186),T137)),(((T32,T6),T71),(T84,T61))),((((((T56,T38),T134),(T171,(T182,T94))),(T156,T196)),(((T129,(T86,T51)),T135),(T5,T126))),(((T163,T64),T105),(T117,T99)))),(T54,((((T148,T36),T33),(T68,T132)),T139))),(((((((T76,T102),(T69,T78)),T183),(T164,T145)),((((T91,T187),T45),T15),(((T120,T35),T50),T42))),(T162,T44)),(((((T26,T195),T176),T11),((T184,T29),(T55,T170))),(((T74,T143),T63),(((((T23,T18),T16),T128),(T127,(T149,T25))),(T130,T138)))))),((((((((((((((((T141,T173),T144),T73),T123),T133),(T152,T87)),(T19,T66)),(T17,T194)),((((T82,T190),T114),T92),((T12,T189),T60))),((T119,T90),(T97,T53))),(T88,((((T157,T188),(T30,T48)),T4),(T108,T37)))),(T113,T110)),((T40,(T89,T14)),(T161,T177))),(((((T112,(T100,T10)),((T9,T70),T140)),(T124,T116)),((T20,T58),T125)),((T46,T118),T111))),((((((T106,T192),((T21,T153),T95)),T52),(T59,T47)),(T109,T154)),((T150,(T24,T98)),(T200,(T49,T168))))),((T167,T57),T85))),((((T83,T175),(T172,(T79,T43))),(T155,(T7,T169))),((T121,T146),((T191,T77),T147)))),T0),(((((((((T81,T197),T3),(T136,T122)),(T107,(T151,T8))),(T166,T67)),(T193,(T103,T174))),((((T39,(T41,T13)),T181),T158),((T160,T178),((T22,T27),((T159,(T75,T62)),(T80,T96)))))),T1),T101)),T34),T115),T72);
#NNI moves:3/236
Remaining: 0
#NNI moves:20/236
#NNI moves:20/236
((((((((((((((((((((T181,((T13,T41),T39)),T158),((T178,T160),(((T96,T80),((T75,T62),T159)),(T27,T22)))),(((((T136,T122),((T81,T197),T3)),((T151,T8),T107)),(T166,T67)),((T103,T174),T193))),T1),T101),((T72,T115),T34)),T0),((((T191,T77),T147),(T146,T121)),(((T169,T7),T155),(((T79,T43),T172),(T175,T83))))),((T85,(T167,T57)),(((((((((T60,(T189,T12)),(T92,((T190,T82),T114))),((((((T73,((T173,T141),T144)),T123),T133),(T87,T152)),(T66,T19)),(T17,T194))),((T119,T90),(T97,T53))),(((((T157,T188),(T30,T48)),T4),(T37,T108)),T88)),(T110,T113)),(((T89,T14),T40),(T177,T161))),((((T116,T124),(((T9,T70),T140),(T112,(T10,T100)))),(T125,(T20,T58))),((T46,T118),T111))),((((((T106,T192),((T153,T21),T95)),T52),(T59,T47)),(T154,T109)),(((T168,T49),T200),((T98,T24),T150)))))),(((((((T120,T35),T50),T42),(((T91,T187),T45),T15)),((((T76,T102),(T69,T78)),T183),(T145,T164))),(T162,T44)),((((((T149,T25),T127),(T128,(T16,(T23,T18)))),(T138,T130)),((T74,T143),T63)),(((T55,T170),(T184,T29)),(T11,(T176,(T195,T26))))))),(((((T36,T148),T33),(T132,T68)),T139),T54)),((((((T51,T86),T129),T135),(T5,T126)),((T156,T196),(((T182,T94),T171),((T56,T38),T134)))),(((T64,T163),T105),(T99,T117)))),(((T6,T32),T71),(T61,T84))),((T186,T165),T137)),((((T2,T185),T142),(T28,T180)),(T199,((T179,T131),T93)))),T104),T31),T65),T198);
#NNI moves:3/236
Remaining: 0
#NNI moves:5/236
#NNI moves:5/236
(((((((((((((((((((((((((((T73,((T173,T141),T144)),T123),T133),(T87,T152)),(T66,T19)),(T17,T194)),(((T189,T12),T60),(T92,(T114,(T82,T190))))),((T97,T53),(T90,T119))),(((((T157,T188),(T48,T30)),T4),(T108,T37)),T88)),(T110,T113)),((T177,T161),((T14,T89),T40))),((((T116,T124),(((T10,T100),T112),((T70,T9),T140))),((T20,T58),T125)),(T111,(T46,T118)))),((((((T106,T192),((T21,T153),T95)),T52),(T47,T59)),(T109,T154)),((T150,(T98,T24)),(T200,(T49,T168))))),(T85,(T57,T167))),(((((((((T86,T51),T129),T135),(T5,T126)),(((T134,(T56,T38)),((T94,T182),T171)),(T196,T156))),((T99,T117),((T64,T163),T105))),((((T186,T165),T137),((((T142,(T185,T2)),(T28,T180)),((T93,(T131,T179)),T199)),(((T65,T198),T31),T104))),((T71,(T6,T32)),(T84,T61)))),((((T33,(T36,T148)),(T132,T68)),T139),T54)),(((((T176,(T195,T26)),T11),((T170,T55),(T184,T29))),((((T127,(T25,T149)),(((T18,T23),T16),T128)),(T130,T138)),(T63,(T143,T74)))),((((((T102,T76),(T78,T69)),T183),(T145,T164)),((T42,((T35,T120),T50)),(((T187,T91),T45),T15))),(T44,T162))))),((((T77,T191),T147),(T146,T121)),((((T79,T43),T172),(T175,T83)),((T169,T7),T155)))),T0),((T72,T115),T34)),T101),T1),(((((T8,T151),T107),((T3,(T81,T197)),(T122,T136))),(T166,T67)),((T103,T174),T193))),((T160,T178),((((T62,T75),T159),(T96,T80)),(T22,T27)))),T158),T181),T39),T41),T13);
Current score: 2.51761e+10
Current tree: (((T72,T115),((((((((((((((((((T73,((T173,T141),T144)),T123),T133),(T87,T152)),(T66,T19)),(T17,T194)),(((T189,T12),T60),(T92,(T114,(T82,T190))))),((T97,T53),(T90,T119))),(((((T157,T188),(T48,T30)),T4),(T108,T37)),T88)),(T110,T113)),((T177,T161),((T14,T89),T40))),((((T116,T124),(((T10,T100),T112),((T70,T9),T140))),((T20,T58),T125)),(T111,(T46,T118)))),((((((T106,T192),((T21,T153),T95)),T52),(T47,T59)),(T109,T154)),((T150,(T98,T24)),(T200,(T49,T168))))),(T85,(T57,T167))),(((((((((T86,T51),T129),T135),(T5,T126)),(((T134,(T56,T38)),((T94,T182),T171)),(T196,T156))),((T99,T117),((T64,T163),T105))),((((T186,T165),T137),((((T142,(T185,T2)),(T28,T180)),((T93,(T131,T179)),T199)),(((T65,T198),T31),T104))),((T71,(T6,T32)),(T84,T61)))),((((T33,(T36,T148)),(T132,T68)),T139),T54)),(((((T176,(T195,T26)),T11),((T170,T55),(T184,T29))),((((T127,(T25,T149)),(((T18,T23),T16),T128)),(T130,T138)),(T63,(T143,T74)))),((((((T102,T76),(T78,T69)),T183),(T145,T164)),((T42,((T35,T120),T50)),(((T187,T91),T45),T15))),(T44,T162))))),((((T77,T191),T147),(T146,T121)),((((T79,T43),T172),(T175,T83)),((T169,T7),T155)))),T0),(T101,(T1,((((((T8,T151),T107),((T3,(T81,T197)),(T122,T136))),(T166,T67)),((T103,T174),T193)),(((T160,T178),((((T62,T75),T159),(T96,T80)),(T22,T27))),(T158,(T181,(T39,(T41,T13)))))))))),T34);
Final Tree: (((T72,T115),((((((((((((((((((T73,((T173,T141),T144)),T123),T133),(T87,T152)),(T66,T19)),(T17,T194)),(((T189,T12),T60),(T92,(T114,(T82,T190))))),((T97,T53),(T90,T119))),(((((T157,T188),(T48,T30)),T4),(T108,T37)),T88)),(T110,T113)),((T177,T161),((T14,T89),T40))),((((T116,T124),(((T10,T100),T112),((T70,T9),T140))),((T20,T58),T125)),(T111,(T46,T118)))),((((((T106,T192),((T21,T153),T95)),T52),(T47,T59)),(T109,T154)),((T150,(T98,T24)),(T200,(T49,T168))))),(T85,(T57,T167))),(((((((((T86,T51),T129),T135),(T5,T126)),(((T134,(T56,T38)),((T94,T182),T171)),(T196,T156))),((T99,T117),((T64,T163),T105))),((((T186,T165),T137),((((T142,(T185,T2)),(T28,T180)),((T93,(T131,T179)),T199)),(((T65,T198),T31),T104))),((T71,(T6,T32)),(T84,T61)))),((((T33,(T36,T148)),(T132,T68)),T139),T54)),(((((T176,(T195,T26)),T11),((T170,T55),(T184,T29))),((((T127,(T25,T149)),(((T18,T23),T16),T128)),(T130,T138)),(T63,(T143,T74)))),((((((T102,T76),(T78,T69)),T183),(T145,T164)),((T42,((T35,T120),T50)),(((T187,T91),T45),T15))),(T44,T162))))),((((T77,T191),T147),(T146,T121)),((((T79,T43),T172),(T175,T83)),((T169,T7),T155)))),T0),(T101,(T1,((((((T8,T151),T107),((T3,(T81,T197)),(T122,T136))),(T166,T67)),((T103,T174),T193)),(((T160,T178),((((T62,T75),T159),(T96,T80)),(T22,T27))),(T158,(T181,(T39,(T41,T13)))))))))),T34);
Score: 2.517614158e+10

real	1m49.534s
user	38m48.922s
sys	0m23.278s
