Weighted ASTRAL - Hybrid
Version: v1.13.2.3
#Genetrees: 2000
#Species: 201
#Rounds: 4
#Samples: 4
#Threads: 32
Use two-step algorithm!
Guide Tree 0/27
#NNI moves:1/236
Guide Tree 1/27
#NNI moves:0/236
Guide Tree 2/27
#NNI moves:0/236
Guide Tree 3/27
#NNI moves:0/236
Guide Tree 4/27
#NNI moves:0/236
Guide Tree 5/27
#NNI moves:0/236
Guide Tree 6/27
#NNI moves:0/236
Guide Tree 7/27
#NNI moves:0/236
Guide Tree 8/27
#NNI moves:3/236
Guide Tree 9/27
#NNI moves:0/236
Guide Tree 10/27
#NNI moves:0/236
Guide Tree 11/27
#NNI moves:1/236
Guide Tree 12/27
#NNI moves:0/236
Guide Tree 13/27
#NNI moves:0/236
Guide Tree 14/27
#NNI moves:0/236
Guide Tree 15/27
#NNI moves:0/236
Guide Tree 16/27
#NNI moves:0/236
Guide Tree 17/27
#NNI moves:0/236
Guide Tree 18/27
#NNI moves:0/236
Guide Tree 19/27
#NNI moves:0/236
Guide Tree 20/27
#NNI moves:1/236
Guide Tree 21/27
#NNI moves:1/236
Guide Tree 22/27
#NNI moves:0/236
Guide Tree 23/27
#NNI moves:0/236
Guide Tree 24/27
#NNI moves:0/236
Guide Tree 25/27
#NNI moves:0/236
Guide Tree 26/27
#NNI moves:3/236
Remaining: 1
#NNI moves:11/236
#NNI moves:12/236
((((((((((((((T112,T55),T130),(((T73,T96),T40),(T156,(T157,T59)))),((((((((T137,T93),T92),T101),T74),T125),(T173,((T62,((T54,T24),T102)),T158))),((((T135,T123),(T176,T63)),T141),(((T20,T177),T124),T148))),T107)),((((((T178,T51),T80),((T86,T179),(T11,T3))),T140),(((T60,T81),T89),((T33,T38),(T71,T35)))),(((T32,T113),T164),T180))),(((T198,T78),(T119,T44)),(T114,T23))),((((((T45,((T161,T105),T191)),T31),((T145,(T28,T18)),T47)),((T67,T88),(T104,T195))),T109),(T162,T144))),(((((((((((((T52,(T56,T6)),((T181,T82),T190)),T163),(T133,T97)),((T110,T98),T132)),((((T182,T94),(T53,T50)),T153),(T106,T17))),((T95,T61),T139)),((T39,T25),((((T111,T170),T120),((T4,T131),T199)),(((T49,T147),T43),(T172,T2))))),((((T183,T87),T171),T69),(T194,T166))),((((((((T165,T108),T136),(((T193,T103),T188),T192)),T99),((((T14,T185),T7),T64),(T121,(T143,T115)))),((((((T30,T36),T83),((T184,T68),T116)),T196),(T167,T117)),(T5,T129))),T186),(T9,(T26,((T57,(T76,T41)),((T187,T122),T100)))))),(((T22,T118),T84),(T42,T29))),T200),(((T48,(T34,T168)),((T127,T189),T169)),((T90,T142),T174)))),((((((((T1,T85),(T10,T138)),((T8,T175),T13)),T21),T159),(((T154,T12),T91),(((T151,T72),T150),T46))),(T155,(T152,T16))),T70)),(T0,(((T75,T128),T77),((((T160,T37),(T65,T79)),(T66,T149)),T146)))),(((T134,T58),T197),T126)),T27),T15),T19);
Guide Tree 0/27
#NNI moves:0/236
Guide Tree 1/27
#NNI moves:0/236
Guide Tree 2/27
#NNI moves:0/236
Guide Tree 3/27
#NNI moves:1/236
Guide Tree 4/27
#NNI moves:0/236
Guide Tree 5/27
#NNI moves:1/236
Guide Tree 6/27
#NNI moves:0/236
Guide Tree 7/27
#NNI moves:1/236
Guide Tree 8/27
#NNI moves:0/236
Guide Tree 9/27
#NNI moves:0/236
Guide Tree 10/27
#NNI moves:0/236
Guide Tree 11/27
#NNI moves:1/236
Guide Tree 12/27
#NNI moves:0/236
Guide Tree 13/27
#NNI moves:1/236
Guide Tree 14/27
#NNI moves:2/236
Guide Tree 15/27
#NNI moves:0/236
Guide Tree 16/27
#NNI moves:0/236
Guide Tree 17/27
#NNI moves:0/236
Guide Tree 18/27
#NNI moves:3/236
Guide Tree 19/27
#NNI moves:0/236
Guide Tree 20/27
#NNI moves:0/236
Guide Tree 21/27
#NNI moves:1/236
Guide Tree 22/27
#NNI moves:0/236
Guide Tree 23/27
#NNI moves:0/236
Guide Tree 24/27
#NNI moves:2/236
Guide Tree 25/27
#NNI moves:0/236
Guide Tree 26/27
#NNI moves:1/236
Remaining: 0
#NNI moves:6/236
#NNI moves:6/236
(((((((((((((((T33,T38),(T35,T71)),(T89,(T60,T81))),((((T86,T179),(T11,T3)),(T80,(T51,T178))),T140)),(((T113,T32),T164),T180)),((((T55,T112),T130),(((T73,T96),T40),((T59,T157),T156))),((((T125,((T101,((T137,T93),T92)),T74)),(T173,((((T54,T24),T102),T62),T158))),((((T63,T176),(T135,T123)),T141),(((T177,T20),T124),T148))),T107))),(((T44,T119),(T198,T78)),(T114,T23))),(((((T47,((T28,T18),T145)),((T45,(T191,(T161,T105))),T31)),((T88,T67),(T104,T195))),T109),(T144,T162))),((((((((((((((T56,T6),T52),((T181,T82),T190)),T163),(T97,T133)),((T98,T110),T132)),((((T53,T50),(T94,T182)),T153),(T17,T106))),(T139,(T95,T61))),((((T172,T2),(T43,(T49,T147))),((T199,(T131,T4)),(T120,(T170,T111)))),(T39,T25))),((T166,T194),((T171,(T183,T87)),T69))),(((((((T143,T115),T121),((T7,(T185,T14)),T64)),((((T108,T165),T136),(((T103,T193),T188),T192)),T99)),((((((T30,T36),T83),(T116,(T184,T68))),T196),(T167,T117)),(T5,T129))),T186),(T9,((((T76,T41),T57),(T100,(T122,T187))),T26)))),(((T118,T22),T84),(T42,T29))),T200),((((T34,T168),T48),((T127,T189),T169)),((T142,T90),T174)))),(((T155,(T16,T152)),((((T154,T12),T91),(T46,((T72,T151),T150))),(((((T1,T85),(T138,T10)),(T13,(T8,T175))),T21),T159))),T70)),(((T77,(T128,T75)),((((T37,T160),(T65,T79)),(T66,T149)),T146)),T0)),(((T58,T134),T197),T126)),T27),T15),T19);
Guide Tree 0/27
#NNI moves:0/236
Guide Tree 1/27
#NNI moves:1/236
Guide Tree 2/27
#NNI moves:1/236
Guide Tree 3/27
#NNI moves:0/236
Guide Tree 4/27
#NNI moves:1/236
Guide Tree 5/27
#NNI moves:0/236
Guide Tree 6/27
#NNI moves:1/236
Guide Tree 7/27
#NNI moves:0/236
Guide Tree 8/27
#NNI moves:0/236
Guide Tree 9/27
#NNI moves:1/236
Guide Tree 10/27
#NNI moves:1/236
Guide Tree 11/27
#NNI moves:3/236
Guide Tree 12/27
#NNI moves:0/236
Guide Tree 13/27
#NNI moves:0/236
Guide Tree 14/27
#NNI moves:3/236
Guide Tree 15/27
#NNI moves:0/236
Guide Tree 16/27
#NNI moves:0/236
Guide Tree 17/27
#NNI moves:0/236
Guide Tree 18/27
#NNI moves:0/236
Guide Tree 19/27
#NNI moves:0/236
Guide Tree 20/27
#NNI moves:0/236
Guide Tree 21/27
#NNI moves:1/236
Guide Tree 22/27
#NNI moves:0/236
Guide Tree 23/27
#NNI moves:0/236
Guide Tree 24/27
#NNI moves:3/236
Guide Tree 25/27
#NNI moves:0/236
Guide Tree 26/27
#NNI moves:1/236
Remaining: 0
#NNI moves:4/236
#NNI moves:4/236
((((((((((((T180,((T113,T32),T164)),((((T81,T60),T89),((T35,T71),(T38,T33))),(((T80,(T51,T178)),((T11,T3),(T86,T179))),T140))),((((T112,T55),T130),(((T96,T73),T40),(T156,(T59,T157)))),(((((((T92,(T137,T93)),T101),T74),T125),(T173,(((T102,(T54,T24)),T62),T158))),((((T123,T135),(T63,T176)),T141),(((T177,T20),T124),T148))),T107))),(((T198,T78),(T44,T119)),(T23,T114))),(((((((T191,(T105,T161)),T45),T31),((T145,(T28,T18)),T47)),((T67,T88),(T195,T104))),T109),(T162,T144))),((((((((((((((T181,T82),T190),((T56,T6),T52)),T163),(T97,T133)),(T132,(T98,T110))),((((T53,T50),(T182,T94)),T153),(T17,T106))),((T95,T61),T139)),(((((T4,T131),T199),(T120,(T170,T111))),(((T49,T147),T43),(T2,T172))),(T39,T25))),((T194,T166),((T171,(T87,T183)),T69))),(((((((T143,T115),T121),((T7,(T185,T14)),T64)),((((T188,(T103,T193)),T192),((T108,T165),T136)),T99)),(((T167,T117),(((T116,(T68,T184)),((T30,T36),T83)),T196)),(T5,T129))),T186),((((T57,(T76,T41)),((T187,T122),T100)),T26),T9))),((T29,T42),((T118,T22),T84))),T200),(((T48,(T34,T168)),(T169,(T189,T127))),((T90,T142),T174)))),((((((((T10,T138),(T85,T1)),((T8,T175),T13)),T21),T159),((T46,((T151,T72),T150)),(T91,(T154,T12)))),((T16,T152),T155)),T70)),(((T146,(((T79,T65),(T37,T160)),(T66,T149))),(T77,(T75,T128))),T0)),(T126,((T58,T134),T197))),T27),T15),T19);
Guide Tree 0/27
#NNI moves:0/236
Guide Tree 1/27
#NNI moves:0/236
Guide Tree 2/27
#NNI moves:0/236
Guide Tree 3/27
#NNI moves:0/236
Guide Tree 4/27
#NNI moves:0/236
Guide Tree 5/27
#NNI moves:0/236
Guide Tree 6/27
#NNI moves:0/236
Guide Tree 7/27
#NNI moves:0/236
Guide Tree 8/27
#NNI moves:0/236
Guide Tree 9/27
#NNI moves:0/236
Guide Tree 10/27
#NNI moves:0/236
Guide Tree 11/27
#NNI moves:0/236
Guide Tree 12/27
#NNI moves:0/236
Guide Tree 13/27
#NNI moves:0/236
Guide Tree 14/27
#NNI moves:0/236
Guide Tree 15/27
#NNI moves:0/236
Guide Tree 16/27
#NNI moves:0/236
Guide Tree 17/27
#NNI moves:0/236
Guide Tree 18/27
#NNI moves:0/236
Guide Tree 19/27
#NNI moves:0/236
Guide Tree 20/27
#NNI moves:0/236
Guide Tree 21/27
#NNI moves:0/236
Guide Tree 22/27
#NNI moves:0/236
Guide Tree 23/27
#NNI moves:0/236
Guide Tree 24/27
#NNI moves:0/236
Guide Tree 25/27
#NNI moves:0/236
Guide Tree 26/27
#NNI moves:0/236
Remaining: 0
#NNI moves:0/236
#NNI moves:0/236
(((((((((((((((T125,(((T92,(T137,T93)),T101),T74)),((((T102,(T54,T24)),T62),T158),T173)),((T141,((T176,T63),(T135,T123))),(T148,(T124,(T177,T20))))),T107),(((T156,(T59,T157)),(T40,(T73,T96))),((T112,T55),T130))),(((((T71,T35),(T38,T33)),(T89,(T60,T81))),((((T179,T86),(T11,T3)),((T51,T178),T80)),T140)),(T180,((T32,T113),T164)))),((T114,T23),((T44,T119),(T198,T78)))),((((((T45,(T191,(T105,T161))),T31),(((T28,T18),T145),T47)),((T67,T88),(T195,T104))),T109),(T144,T162))),((((((((((((((T82,T181),T190),((T6,T56),T52)),T163),(T97,T133)),(T132,(T98,T110))),((T106,T17),(((T53,T50),(T182,T94)),T153))),(T139,(T61,T95))),((((T2,T172),((T147,T49),T43)),(((T170,T111),T120),((T4,T131),T199))),(T25,T39))),((T166,T194),((T171,(T87,T183)),T69))),(((((((((T68,T184),T116),((T36,T30),T83)),T196),(T167,T117)),(T5,T129)),(((T64,(T7,(T14,T185))),((T143,T115),T121)),(((T136,(T108,T165)),(((T193,T103),T188),T192)),T99))),T186),(((((T76,T41),T57),((T122,T187),T100)),T26),T9))),((T84,(T118,T22)),(T42,T29))),T200),((((T189,T127),T169),((T168,T34),T48)),(T174,(T90,T142))))),((((((T150,(T151,T72)),T46),((T12,T154),T91)),(((((T1,T85),(T138,T10)),(T13,(T8,T175))),T21),T159)),((T16,T152),T155)),T70)),((((T75,T128),T77),(((T149,T66),((T65,T79),(T160,T37))),T146)),T0)),(T126,(T197,(T134,T58)))),T27),T15),T19);
Initial score: 2.89176e+10
Initial tree: (((((((((((((((T125,(((T92,(T137,T93)),T101),T74)),((((T102,(T54,T24)),T62),T158),T173)),((T141,((T176,T63),(T135,T123))),(T148,(T124,(T177,T20))))),T107),(((T156,(T59,T157)),(T40,(T73,T96))),((T112,T55),T130))),(((((T71,T35),(T38,T33)),(T89,(T60,T81))),((((T179,T86),(T11,T3)),((T51,T178),T80)),T140)),(T180,((T32,T113),T164)))),((T114,T23),((T44,T119),(T198,T78)))),((((((T45,(T191,(T105,T161))),T31),(((T28,T18),T145),T47)),((T67,T88),(T195,T104))),T109),(T144,T162))),((((((((((((((T82,T181),T190),((T6,T56),T52)),T163),(T97,T133)),(T132,(T98,T110))),((T106,T17),(((T53,T50),(T182,T94)),T153))),(T139,(T61,T95))),((((T2,T172),((T147,T49),T43)),(((T170,T111),T120),((T4,T131),T199))),(T25,T39))),((T166,T194),((T171,(T87,T183)),T69))),(((((((((T68,T184),T116),((T36,T30),T83)),T196),(T167,T117)),(T5,T129)),(((T64,(T7,(T14,T185))),((T143,T115),T121)),(((T136,(T108,T165)),(((T193,T103),T188),T192)),T99))),T186),(((((T76,T41),T57),((T122,T187),T100)),T26),T9))),((T84,(T118,T22)),(T42,T29))),T200),((((T189,T127),T169),((T168,T34),T48)),(T174,(T90,T142))))),((((((T150,(T151,T72)),T46),((T12,T154),T91)),(((((T1,T85),(T138,T10)),(T13,(T8,T175))),T21),T159)),((T16,T152),T155)),T70)),((((T75,T128),T77),(((T149,T66),((T65,T79),(T160,T37))),T146)),T0)),(T126,(T197,(T134,T58)))),T27),T15),T19);
*** Subsample Process ***
Use two-step algorithm!
#NNI moves:1/236
Remaining: 0
#NNI moves:3/236
#NNI moves:3/236
((((((((((((((((((((((((T82,T181),T190),((T56,T6),T52)),T163),(T133,T97)),((T98,T110),T132)),((((T53,T50),(T182,T94)),T153),(T106,T17))),((T61,T95),T139)),(((((T170,T111),T120),(T199,(T4,T131))),(((T147,T49),T43),(T172,T2))),(T25,T39))),((T166,T194),(T69,((T183,T87),T171)))),(((((((T7,(T185,T14)),T64),(T121,(T115,T143))),(((T192,((T103,T193),T188)),((T108,T165),T136)),T99)),(((T196,((T116,(T184,T68)),((T36,T30),T83))),(T117,T167)),(T129,T5))),T186),(((((T76,T41),T57),(T100,(T187,T122))),T26),T9))),((T84,(T118,T22)),(T29,T42))),T200),(((T90,T142),T174),((T48,(T168,T34)),(T169,(T189,T127))))),((((((T75,T128),T77),((((T160,T37),(T79,T65)),(T149,T66)),T146)),T0),(((T15,T19),T27),(T126,(T197,(T134,T58))))),(((((T21,((T13,(T175,T8)),((T1,T85),(T10,T138)))),T159),((T46,((T72,T151),T150)),((T154,T12),T91))),((T152,T16),T155)),T70))),(((((((T191,(T161,T105)),T45),T31),(((T18,T28),T145),T47)),((T195,T104),(T88,T67))),T109),(T162,T144))),(((T198,T78),(T119,T44)),(T23,T114))),((((((T179,T86),(T11,T3)),((T51,T178),T80)),T140),(((T38,T33),(T71,T35)),((T60,T81),T89))),(((T32,T113),T164),T180))),(((T55,T112),T130),(((T59,T157),T156),((T96,T73),T40)))),T107),((((T62,((T54,T24),T102)),T158),T173),(T125,((((T137,T93),T92),T101),T74)))),((T124,(T177,T20)),T148)),((T135,T123),(T176,T63))),T141);
#NNI moves:1/236
Remaining: 0
#NNI moves:3/236
#NNI moves:3/236
(((((((((((((((T59,T157),T156),((T96,T73),T40)),(T130,(T112,T55))),((((((((T93,T137),T92),T101),T74),T125),(((((T54,T24),T102),T62),T158),T173)),((((T176,T63),(T135,T123)),T141),((T124,(T177,T20)),T148))),T107)),((((((T178,T51),T80),((T3,T11),(T86,T179))),T140),((T89,(T60,T81)),((T33,T38),(T71,T35)))),((T164,(T32,T113)),T180))),(((T78,T198),(T119,T44)),(T23,T114))),(((((T31,((T191,(T105,T161)),T45)),(((T18,T28),T145),T47)),((T88,T67),(T195,T104))),T109),(T144,T162))),(((((((((((T4,T131),T199),((T111,T170),T120)),(((T147,T49),T43),(T2,T172))),(T25,T39)),((((((((T181,T82),T190),((T56,T6),T52)),T163),(T133,T97)),((T110,T98),T132)),((((T182,T94),(T53,T50)),T153),(T17,T106))),((T61,T95),T139))),((((T87,T183),T171),T69),(T194,T166))),((((((((T185,T14),T7),T64),(T121,(T115,T143))),(((((T193,T103),T188),T192),((T165,T108),T136)),T99)),((T129,T5),((T117,T167),((((T68,T184),T116),(T83,(T30,T36))),T196)))),T186),(((((T122,T187),T100),((T76,T41),T57)),T26),T9))),((T42,T29),(T84,(T118,T22)))),T200),(((T90,T142),T174),(((T127,T189),T169),((T34,T168),T48))))),((((((T150,(T72,T151)),T46),((T154,T12),T91)),(((((T8,T175),T13),((T10,T138),(T1,T85))),T21),T159)),((T152,T16),T155)),T70)),(T0,((T146,((T66,T149),((T79,T65),(T37,T160)))),(T77,(T75,T128))))),((T197,(T134,T58)),T126)),T27),T19),T15);
#NNI moves:0/236
Remaining: 5
#NNI moves:8/236
#NNI moves:8/236
(((((((((((((((((((((((T49,T147),T43),(T172,T2)),(((T111,T170),T120),((T131,T4),T199))),(T39,T25)),((((((((T6,T56),T52),((T181,T82),T190)),T163),(T133,T97)),((T98,T110),T132)),((((T182,T94),(T53,T50)),T153),(T17,T106))),((T95,T61),T139))),((T166,T194),(((T183,T87),T171),T69))),((((((T122,T187),T100),(T57,(T41,T76))),T26),T9),(((((((T108,T165),T136),(T192,(T188,(T103,T193)))),T99),((((T14,T185),T7),T64),((T143,T115),T121))),(((((T83,(T36,T30)),(T116,(T68,T184))),T196),(T167,T117)),(T129,T5))),T186))),((T29,T42),((T22,T118),T84))),T200),((((T127,T189),T169),(T48,(T34,T168))),(T174,(T90,T142)))),(((((((((T10,T138),(T85,T1)),(T13,(T8,T175))),T21),T159),((T46,((T72,T151),T150)),(T91,(T154,T12)))),((T152,T16),T155)),T70),(((T27,(T15,T19)),(((T58,T134),T197),T126)),((((T128,T75),T77),(T146,((T149,T66),((T65,T79),(T160,T37))))),T0)))),((((((T45,((T105,T161),T191)),T31),(((T18,T28),T145),T47)),((T104,T195),(T67,T88))),T109),(T144,T162))),(((T44,T119),(T78,T198)),(T23,T114))),((((T32,T113),T164),T180),((((T38,T33),(T35,T71)),((T81,T60),T89)),((((T178,T51),T80),((T179,T86),(T11,T3))),T140)))),((((T59,T157),T156),((T73,T96),T40)),((T55,T112),T130))),T107),((((((T54,T24),T102),T62),T158),T173),(((T101,((T137,T93),T92)),T74),T125))),(((T177,T20),T124),T148)),T141),(T176,T63)),T123),T135);
#NNI moves:0/236
Remaining: 0
#NNI moves:1/236
#NNI moves:1/236
(((((((((((((((((((T182,T94),(T53,T50)),T153),(T17,T106)),((((((T6,T56),T52),(T190,(T82,T181))),T163),(T133,T97)),(T132,(T98,T110)))),(T139,(T95,T61))),((T25,T39),((((T170,T111),T120),((T131,T4),T199)),((T172,T2),((T147,T49),T43))))),((((T183,T87),T171),T69),(T166,T194))),(((((T129,T5),((((T83,(T30,T36)),((T68,T184),T116)),T196),(T167,T117))),((((T115,T143),T121),(((T185,T14),T7),T64)),(((((T103,T193),T188),T192),((T165,T108),T136)),T99))),T186),(((((T187,T122),T100),((T76,T41),T57)),T26),T9))),((T29,T42),(T84,(T22,T118)))),T200),((((T34,T168),T48),((T189,T127),T169)),((T90,T142),T174))),((((((((T33,T38),(T71,T35)),((T81,T60),T89)),(T140,(((T179,T86),(T3,T11)),((T51,T178),T80)))),(((T113,T32),T164),T180)),(((((T148,((T20,T177),T124)),(((T63,T176),(T123,T135)),T141)),(((((T92,(T93,T137)),T101),T74),T125),(((((T24,T54),T102),T62),T158),T173))),T107),((((T73,T96),T40),(T156,(T59,T157))),(T130,(T112,T55))))),(((T198,T78),(T119,T44)),(T23,T114))),((((((T145,(T28,T18)),T47),((((T161,T105),T191),T45),T31)),((T88,T67),(T195,T104))),T109),(T162,T144)))),(((((T46,((T72,T151),T150)),(T91,(T12,T154))),(((((T10,T138),(T85,T1)),(T13,(T175,T8))),T21),T159)),((T152,T16),T155)),T70)),(T0,(((((T79,T65),(T37,T160)),(T66,T149)),T146),((T128,T75),T77)))),((T197,(T134,T58)),T126)),T27),T19),T15);
Current score: 2.89176e+10
Current tree: (((((((((((((((((((T182,T94),(T53,T50)),T153),(T17,T106)),((((((T6,T56),T52),(T190,(T82,T181))),T163),(T133,T97)),(T132,(T98,T110)))),(T139,(T95,T61))),((T25,T39),((((T170,T111),T120),((T131,T4),T199)),((T172,T2),((T147,T49),T43))))),((((T183,T87),T171),T69),(T166,T194))),(((((T129,T5),((((T83,(T30,T36)),((T68,T184),T116)),T196),(T167,T117))),((((T115,T143),T121),(((T185,T14),T7),T64)),(((((T103,T193),T188),T192),((T165,T108),T136)),T99))),T186),(((((T187,T122),T100),((T76,T41),T57)),T26),T9))),((T29,T42),(T84,(T22,T118)))),T200),((((T34,T168),T48),((T189,T127),T169)),((T90,T142),T174))),((((((((T33,T38),(T71,T35)),((T81,T60),T89)),(T140,(((T179,T86),(T3,T11)),((T51,T178),T80)))),(((T113,T32),T164),T180)),(((((T148,((T20,T177),T124)),(((T63,T176),(T123,T135)),T141)),(((((T92,(T93,T137)),T101),T74),T125),(((((T24,T54),T102),T62),T158),T173))),T107),((((T73,T96),T40),(T156,(T59,T157))),(T130,(T112,T55))))),(((T198,T78),(T119,T44)),(T23,T114))),((((((T145,(T28,T18)),T47),((((T161,T105),T191),T45),T31)),((T88,T67),(T195,T104))),T109),(T162,T144)))),(((((T46,((T72,T151),T150)),(T91,(T12,T154))),(((((T10,T138),(T85,T1)),(T13,(T175,T8))),T21),T159)),((T152,T16),T155)),T70)),(T0,(((((T79,T65),(T37,T160)),(T66,T149)),T146),((T128,T75),T77)))),((T197,(T134,T58)),T126)),T27),T15),T19);
Use two-step algorithm!
#NNI moves:2/236
Remaining: 1
#NNI moves:11/236
#NNI moves:11/236
(((((((((((((((((((((T156,(T157,T59)),(T40,(T96,T73))),(T130,(T55,T112))),(((((T74,(T101,((T137,T93),T92))),T125),(((T62,((T24,T54),T102)),T158),T173)),((((T123,T135),(T63,T176)),T141),(((T177,T20),T124),T148))),T107)),(((((T35,T71),(T33,T38)),((T60,T81),T89)),((((T178,T51),T80),((T3,T11),(T179,T86))),T140)),(((T32,T113),T164),T180))),(((T78,T198),(T44,T119)),(T114,T23))),((T162,T144),(((((((T105,T161),T191),T45),T31),(T47,(T145,(T28,T18)))),((T195,T104),(T88,T67))),T109))),(((((((T66,T149),((T79,T65),(T37,T160))),T146),(T77,(T128,T75))),T0),((((T134,T58),T197),T126),((T15,T19),T27))),((((((((T175,T8),T13),((T85,T1),(T10,T138))),T21),T159),(((T12,T154),T91),(((T151,T72),T150),T46))),(T155,(T152,T16))),T70))),((((T189,T127),T169),((T168,T34),T48)),((T90,T142),T174))),T200),((T29,T42),(T84,(T118,T22)))),(((((((((T36,T30),T83),((T184,T68),T116)),T196),(T167,T117)),(T5,T129)),(((((T188,(T103,T193)),T192),(T136,(T165,T108))),T99),((((T185,T14),T7),T64),((T115,T143),T121)))),T186),(((((T122,T187),T100),((T41,T76),T57)),T26),T9))),((((T87,T183),T171),T69),(T194,T166))),((((T43,(T49,T147)),(T2,T172)),(((T131,T4),T199),((T170,T111),T120))),(T25,T39))),((T61,T95),T139)),(((T110,T98),T132),(((((T56,T6),T52),((T181,T82),T190)),T163),(T133,T97)))),(T106,T17)),T153),(T53,T50)),T182),T94);
#NNI moves:1/236
Remaining: 0
#NNI moves:7/236
#NNI moves:7/236
((((((((((((((((((((T82,T181),T190),((T6,T56),T52)),T163),(T97,T133)),((T110,T98),T132)),((((T53,T50),(T94,T182)),T153),(T106,T17))),((T95,T61),T139)),(((((T147,T49),T43),(T172,T2)),(((T170,T111),T120),((T4,T131),T199))),(T39,T25))),((T69,((T183,T87),T171)),(T166,T194))),(((((((((T103,T193),T188),T192),((T108,T165),T136)),T99),((T64,(T7,(T185,T14))),((T143,T115),T121))),(((((T83,(T36,T30)),(T116,(T184,T68))),T196),(T167,T117)),(T129,T5))),T186),(((((T122,T187),T100),((T76,T41),T57)),T26),T9))),(((T118,T22),T84),(T42,T29))),T200),(((T90,T142),T174),((T48,(T34,T168)),(T169,(T127,T189))))),((((((((T60,T81),T89),((T38,T33),(T35,T71))),(T140,(((T178,T51),T80),((T86,T179),(T3,T11))))),(((T113,T32),T164),T180)),(((T130,(T112,T55)),(((T73,T96),T40),((T59,T157),T156))),((((((T63,T176),(T135,T123)),T141),(T148,(T124,(T177,T20)))),((((T62,(T102,(T54,T24))),T158),T173),((((T92,(T93,T137)),T101),T74),T125))),T107))),(((T78,T198),(T44,T119)),(T114,T23))),(((((T31,(((T105,T161),T191),T45)),((T145,(T18,T28)),T47)),((T67,T88),(T104,T195))),T109),(T162,T144)))),((((((((T138,T10),(T85,T1)),((T8,T175),T13)),T21),T159),(((T12,T154),T91),(T46,((T72,T151),T150)))),((T16,T152),T155)),T70)),(((((T66,T149),((T160,T37),(T79,T65))),T146),((T128,T75),T77)),T0)),(T126,((T134,T58),T197))),(T15,T19)),T27);
#NNI moves:0/236
Remaining: 1
#NNI moves:0/236
#NNI moves:0/236
((((((((((((((((((((((((((((T54,T24),T102),T62),T158),T173),((T74,((T92,(T93,T137)),T101)),T125)),((((T177,T20),T124),T148),(((T63,T176),(T135,T123)),T141))),T107),(((T55,T112),T130),(((T157,T59),T156),((T73,T96),T40)))),(((((T80,(T51,T178)),((T11,T3),(T179,T86))),T140),(((T35,T71),(T38,T33)),((T81,T60),T89))),(((T32,T113),T164),T180))),(((T198,T78),(T44,T119)),(T23,T114))),((((((((T161,T105),T191),T45),T31),(((T28,T18),T145),T47)),((T88,T67),(T104,T195))),T109),(T144,T162))),((((((T75,T128),T77),((((T37,T160),(T79,T65)),(T66,T149)),T146)),T0),(((T197,(T58,T134)),T126),((T19,T15),T27))),((((((((T1,T85),(T10,T138)),(T13,(T175,T8))),T21),T159),((T46,(T150,(T72,T151))),((T12,T154),T91))),((T16,T152),T155)),T70))),((((T189,T127),T169),((T34,T168),T48)),((T90,T142),T174))),T200),((T84,(T118,T22)),(T42,T29))),((((((T122,T187),T100),((T76,T41),T57)),T26),T9),(((((((T108,T165),T136),(((T103,T193),T188),T192)),T99),(((T115,T143),T121),(((T185,T14),T7),T64))),(((T196,(((T68,T184),T116),(T83,(T36,T30)))),(T167,T117)),(T5,T129))),T186))),(((T171,(T183,T87)),T69),(T194,T166))),((((T43,(T147,T49)),(T2,T172)),(((T111,T170),T120),((T4,T131),T199))),(T25,T39))),(T139,(T95,T61))),((((T50,T53),(T182,T94)),T153),(T17,T106))),((T98,T110),T132)),(T97,T133)),T163),((T6,T56),T52)),T190),T181),T82);
#NNI moves:1/236
Remaining: 0
#NNI moves:9/236
#NNI moves:9/236
(((((((((((((((((((T115,T143),T121),(((T185,T14),T7),T64)),(((((T193,T103),T188),T192),(T136,(T108,T165))),T99)),((((((T184,T68),T116),(T83,(T36,T30))),T196),(T117,T167)),(T5,T129))),T186),(((((T41,T76),T57),((T122,T187),T100)),T26),T9)),((((((((T50,T53),(T182,T94)),T153),(T106,T17)),((T132,(T98,T110)),((T133,T97),(((T52,(T6,T56)),((T82,T181),T190)),T163)))),((T95,T61),T139)),(((((T131,T4),T199),(T120,(T111,T170))),((T172,T2),(T43,(T147,T49)))),(T39,T25))),((T194,T166),(((T87,T183),T171),T69)))),((T84,(T118,T22)),(T29,T42))),T200),((((T168,T34),T48),((T189,T127),T169)),((T142,T90),T174))),(((((((((T74,(T101,((T137,T93),T92))),T125),((((T102,(T24,T54)),T62),T158),T173)),((((T63,T176),(T123,T135)),T141),(((T20,T177),T124),T148))),T107),(((T55,T112),T130),((T40,(T73,T96)),((T59,T157),T156)))),(((T164,(T113,T32)),T180),((((T60,T81),T89),((T71,T35),(T38,T33))),((((T179,T86),(T3,T11)),(T80,(T178,T51))),T140)))),(((T198,T78),(T119,T44)),(T114,T23))),(((((((T191,(T161,T105)),T45),T31),(((T28,T18),T145),T47)),((T67,T88),(T195,T104))),T109),(T144,T162)))),((((((((T138,T10),(T85,T1)),((T8,T175),T13)),T21),T159),((((T151,T72),T150),T46),((T12,T154),T91))),((T152,T16),T155)),T70)),((T27,(T15,T19)),((T197,(T134,T58)),T126))),T0),(((T66,T149),((T79,T65),(T160,T37))),T146)),T77),T75),T128);
Current score: 2.89176e+10
Current tree: ((T15,(T27,(((T197,(T134,T58)),T126),((((((((((((((T115,T143),T121),(((T185,T14),T7),T64)),(((((T193,T103),T188),T192),(T136,(T108,T165))),T99)),((((((T184,T68),T116),(T83,(T36,T30))),T196),(T117,T167)),(T5,T129))),T186),(((((T41,T76),T57),((T122,T187),T100)),T26),T9)),((((((((T50,T53),(T182,T94)),T153),(T106,T17)),((T132,(T98,T110)),((T133,T97),(((T52,(T6,T56)),((T82,T181),T190)),T163)))),((T95,T61),T139)),(((((T131,T4),T199),(T120,(T111,T170))),((T172,T2),(T43,(T147,T49)))),(T39,T25))),((T194,T166),(((T87,T183),T171),T69)))),((T84,(T118,T22)),(T29,T42))),T200),((((T168,T34),T48),((T189,T127),T169)),((T142,T90),T174))),(((((((((T74,(T101,((T137,T93),T92))),T125),((((T102,(T24,T54)),T62),T158),T173)),((((T63,T176),(T123,T135)),T141),(((T20,T177),T124),T148))),T107),(((T55,T112),T130),((T40,(T73,T96)),((T59,T157),T156)))),(((T164,(T113,T32)),T180),((((T60,T81),T89),((T71,T35),(T38,T33))),((((T179,T86),(T3,T11)),(T80,(T178,T51))),T140)))),(((T198,T78),(T119,T44)),(T114,T23))),(((((((T191,(T161,T105)),T45),T31),(((T28,T18),T145),T47)),((T67,T88),(T195,T104))),T109),(T144,T162)))),((((((((T138,T10),(T85,T1)),((T8,T175),T13)),T21),T159),((((T151,T72),T150),T46),((T12,T154),T91))),((T152,T16),T155)),T70)),(T0,((((T66,T149),((T79,T65),(T160,T37))),T146),(T77,(T75,T128)))))))),T19);
Final Tree: ((T15,(T27,(((T197,(T134,T58)),T126),((((((((((((((T115,T143),T121),(((T185,T14),T7),T64)),(((((T193,T103),T188),T192),(T136,(T108,T165))),T99)),((((((T184,T68),T116),(T83,(T36,T30))),T196),(T117,T167)),(T5,T129))),T186),(((((T41,T76),T57),((T122,T187),T100)),T26),T9)),((((((((T50,T53),(T182,T94)),T153),(T106,T17)),((T132,(T98,T110)),((T133,T97),(((T52,(T6,T56)),((T82,T181),T190)),T163)))),((T95,T61),T139)),(((((T131,T4),T199),(T120,(T111,T170))),((T172,T2),(T43,(T147,T49)))),(T39,T25))),((T194,T166),(((T87,T183),T171),T69)))),((T84,(T118,T22)),(T29,T42))),T200),((((T168,T34),T48),((T189,T127),T169)),((T142,T90),T174))),(((((((((T74,(T101,((T137,T93),T92))),T125),((((T102,(T24,T54)),T62),T158),T173)),((((T63,T176),(T123,T135)),T141),(((T20,T177),T124),T148))),T107),(((T55,T112),T130),((T40,(T73,T96)),((T59,T157),T156)))),(((T164,(T113,T32)),T180),((((T60,T81),T89),((T71,T35),(T38,T33))),((((T179,T86),(T3,T11)),(T80,(T178,T51))),T140)))),(((T198,T78),(T119,T44)),(T114,T23))),(((((((T191,(T161,T105)),T45),T31),(((T28,T18),T145),T47)),((T67,T88),(T195,T104))),T109),(T144,T162)))),((((((((T138,T10),(T85,T1)),((T8,T175),T13)),T21),T159),((((T151,T72),T150),T46),((T12,T154),T91))),((T152,T16),T155)),T70)),(T0,((((T66,T149),((T79,T65),(T160,T37))),T146),(T77,(T75,T128)))))))),T19);
Score: 2.891756619e+10

real	2m57.642s
user	62m9.938s
sys	0m25.545s
