
RAxML-NG v. 1.1.0-master released on 04.08.2022 by The Exelixis Lab.
Developed by: Alexey M. Kozlov and Alexandros Stamatakis.
Contributors: Diego Darriba, Tomas Flouri, Benoit Morel, Sarah Lutteropp, Ben Bettisworth.
Latest version: https://github.com/amkozlov/raxml-ng
Questions/problems/suggestions? Please visit: https://groups.google.com/forum/#!forum/raxml

System: AMD EPYC 7742 64-Core Processor, 128 cores, 251 GB RAM

RAxML-NG was called at 02-Jan-2023 11:06:04 as follows:

/home/chaos/programs/raxml-ng/raxml-ng/bin/raxml-ng --msa data/alignment/35_0.1X_S201_0_haploid --tree pars{1} --model GTR+G --threads 64

Analysis options:
  run mode: ML tree search
  start tree(s): parsimony (1)
  random seed: 1672686364
  tip-inner: OFF
  pattern compression: ON
  per-rate scalers: OFF
  site repeats: ON
  fast spr radius: AUTO
  spr subtree cutoff: 1.000000
  branch lengths: proportional (ML estimate, algorithm: NR-FAST)
  SIMD kernels: AVX2
  parallelization: coarse-grained (auto), PTHREADS (64 threads), thread pinning: OFF

[00:00:00] Reading alignment from file: data/alignment/35_0.1X_S201_0_haploid
[00:00:02] Loaded alignment with 201 taxa and 5000000 sites

Alignment comprises 1 partitions and 246600 patterns

Partition 0: noname
Model: GTR+FO+G4m
Alignment sites / patterns: 5000000 / 246600
Gaps: 0.00 %
Invariant sites: 73.68 %


NOTE: Binary MSA file created: data/alignment/35_0.1X_S201_0_haploid.raxml.rba

Parallelization scheme autoconfig: 1 worker(s) x 64 thread(s)

Parallel reduction/worker buffer size: 1 KB  / 0 KB

[00:00:20] Generating 1 parsimony starting tree(s) with 201 taxa
[00:00:23] Data distribution: max. partitions/sites/weight per thread: 1 / 3854 / 61664
[00:00:23] Data distribution: max. searches per worker: 1

Starting ML tree search with 1 distinct starting trees

[00:00:24 -50341831.052630] Initial branch length optimization
[00:00:34 -21922971.911539] Model parameter optimization (eps = 10.000000)
[00:00:40 -21427297.250342] AUTODETECT spr round 1 (radius: 5)
[00:00:49 -21426847.516818] AUTODETECT spr round 2 (radius: 10)
[00:01:12 -21426847.516818] SPR radius for FAST iterations: 5 (autodetect)
[00:01:12 -21426847.516818] Model parameter optimization (eps = 3.000000)
[00:01:13 -21426847.412795] FAST spr round 1 (radius: 5)
[00:01:23 -21426724.088315] FAST spr round 2 (radius: 5)
[00:01:34 -21426677.906642] FAST spr round 3 (radius: 5)
[00:01:44 -21426677.906642] Model parameter optimization (eps = 1.000000)
[00:01:44 -21426677.900414] SLOW spr round 1 (radius: 5)
[00:02:21 -21426677.900414] SLOW spr round 2 (radius: 10)
[00:02:54 -21426677.900414] SLOW spr round 3 (radius: 15)
[00:03:59 -21426677.900414] SLOW spr round 4 (radius: 20)
[00:04:59 -21426677.900414] SLOW spr round 5 (radius: 25)
[00:05:20 -21426677.900414] Model parameter optimization (eps = 0.100000)

[00:05:21] ML tree search #1, logLikelihood: -21426677.890192


Optimized model parameters:

   Partition 0: noname
   Rate heterogeneity: GAMMA (4 cats, mean),  alpha: 1.269328 (ML),  weights&rates: (0.250000,0.187392) (0.250000,0.545042) (0.250000,1.033420) (0.250000,2.234146) 
   Base frequencies (ML): 0.312202 0.179002 0.229773 0.279022 
   Substitution rates (ML): 2.111157 2.389231 0.097359 1.363403 2.383833 1.000000 


Final LogLikelihood: -21426677.890192

AIC score: 42854171.780383 / AICc score: 42854171.847137 / BIC score: 42859649.159359
Free parameters (model + branch lengths): 408

Best ML tree saved to: /expanse/lustre/projects/uot138/chaos/ASTERISK-sim/data/alignment/35_0.1X_S201_0_haploid.raxml.bestTree
Optimized model saved to: /expanse/lustre/projects/uot138/chaos/ASTERISK-sim/data/alignment/35_0.1X_S201_0_haploid.raxml.bestModel

Execution log saved to: /expanse/lustre/projects/uot138/chaos/ASTERISK-sim/data/alignment/35_0.1X_S201_0_haploid.raxml.log

Analysis started: 02-Jan-2023 11:06:04 / finished: 02-Jan-2023 11:11:26

Elapsed time: 321.376 seconds

Consumed energy: 38.515 Wh

