
RAxML-NG v. 1.1.0-master released on 04.08.2022 by The Exelixis Lab.
Developed by: Alexey M. Kozlov and Alexandros Stamatakis.
Contributors: Diego Darriba, Tomas Flouri, Benoit Morel, Sarah Lutteropp, Ben Bettisworth.
Latest version: https://github.com/amkozlov/raxml-ng
Questions/problems/suggestions? Please visit: https://groups.google.com/forum/#!forum/raxml

System: AMD EPYC 7742 64-Core Processor, 128 cores, 251 GB RAM

RAxML-NG was called at 02-Jan-2023 11:06:16 as follows:

/home/chaos/programs/raxml-ng/raxml-ng/bin/raxml-ng --msa data/alignment/37_0.1X_S201_0_haploid --tree pars{1} --model GTR+G --threads 64

Analysis options:
  run mode: ML tree search
  start tree(s): parsimony (1)
  random seed: 1672686376
  tip-inner: OFF
  pattern compression: ON
  per-rate scalers: OFF
  site repeats: ON
  fast spr radius: AUTO
  spr subtree cutoff: 1.000000
  branch lengths: proportional (ML estimate, algorithm: NR-FAST)
  SIMD kernels: AVX2
  parallelization: coarse-grained (auto), PTHREADS (64 threads), thread pinning: OFF

[00:00:00] Reading alignment from file: data/alignment/37_0.1X_S201_0_haploid
[00:00:02] Loaded alignment with 201 taxa and 5000000 sites

Alignment comprises 1 partitions and 307806 patterns

Partition 0: noname
Model: GTR+FO+G4m
Alignment sites / patterns: 5000000 / 307806
Gaps: 0.00 %
Invariant sites: 66.43 %


NOTE: Binary MSA file created: data/alignment/37_0.1X_S201_0_haploid.raxml.rba

Parallelization scheme autoconfig: 1 worker(s) x 64 thread(s)

Parallel reduction/worker buffer size: 1 KB  / 0 KB

[00:00:20] Generating 1 parsimony starting tree(s) with 201 taxa
[00:00:24] Data distribution: max. partitions/sites/weight per thread: 1 / 4810 / 76960
[00:00:24] Data distribution: max. searches per worker: 1

Starting ML tree search with 1 distinct starting trees

[00:00:25 -52947403.055729] Initial branch length optimization
[00:00:28 -25710463.586353] Model parameter optimization (eps = 10.000000)
[00:00:36 -25024054.424569] AUTODETECT spr round 1 (radius: 5)
[00:00:47 -25024054.424569] SPR radius for FAST iterations: 5 (autodetect)
[00:00:47 -25024054.424569] Model parameter optimization (eps = 3.000000)
[00:00:48 -25024054.408288] FAST spr round 1 (radius: 5)
[00:01:00 -25023985.699931] FAST spr round 2 (radius: 5)
[00:01:11 -25023985.699931] Model parameter optimization (eps = 1.000000)
[00:01:12 -25023985.652976] SLOW spr round 1 (radius: 5)
[00:01:56 -25023985.652976] SLOW spr round 2 (radius: 10)
[00:02:51 -25023985.652976] SLOW spr round 3 (radius: 15)
[00:04:23 -25023985.652976] SLOW spr round 4 (radius: 20)
[00:05:31 -25023985.652976] SLOW spr round 5 (radius: 25)
[00:05:51 -25023985.652976] Model parameter optimization (eps = 0.100000)

[00:05:52] ML tree search #1, logLikelihood: -25023985.633423


Optimized model parameters:

   Partition 0: noname
   Rate heterogeneity: GAMMA (4 cats, mean),  alpha: 2.494586 (ML),  weights&rates: (0.250000,0.345943) (0.250000,0.699051) (0.250000,1.078566) (0.250000,1.876440) 
   Base frequencies (ML): 0.279439 0.183920 0.280046 0.256595 
   Substitution rates (ML): 1.784955 4.613239 0.417536 1.675390 3.879303 1.000000 


Final LogLikelihood: -25023985.633423

AIC score: 50048787.266845 / AICc score: 50048787.333599 / BIC score: 50054264.645821
Free parameters (model + branch lengths): 408

Best ML tree saved to: /expanse/lustre/projects/uot138/chaos/ASTERISK-sim/data/alignment/37_0.1X_S201_0_haploid.raxml.bestTree
Optimized model saved to: /expanse/lustre/projects/uot138/chaos/ASTERISK-sim/data/alignment/37_0.1X_S201_0_haploid.raxml.bestModel

Execution log saved to: /expanse/lustre/projects/uot138/chaos/ASTERISK-sim/data/alignment/37_0.1X_S201_0_haploid.raxml.log

Analysis started: 02-Jan-2023 11:06:16 / finished: 02-Jan-2023 11:12:09

Elapsed time: 352.725 seconds

Consumed energy: 43.056 Wh

