Weighted ASTRAL - Hybrid
Version: v1.13.2.3
#Genetrees: 2000
#Species: 201
#Rounds: 4
#Samples: 4
#Threads: 32
Use two-step algorithm!
Guide Tree 0/27
#NNI moves:0/236
Guide Tree 1/27
#NNI moves:0/236
Guide Tree 2/27
#NNI moves:0/236
Guide Tree 3/27
#NNI moves:0/236
Guide Tree 4/27
#NNI moves:0/236
Guide Tree 5/27
#NNI moves:0/236
Guide Tree 6/27
#NNI moves:0/236
Guide Tree 7/27
#NNI moves:0/236
Guide Tree 8/27
#NNI moves:0/236
Guide Tree 9/27
#NNI moves:0/236
Guide Tree 10/27
#NNI moves:0/236
Guide Tree 11/27
#NNI moves:0/236
Guide Tree 12/27
#NNI moves:0/236
Guide Tree 13/27
#NNI moves:0/236
Guide Tree 14/27
#NNI moves:0/236
Guide Tree 15/27
#NNI moves:0/236
Guide Tree 16/27
#NNI moves:0/236
Guide Tree 17/27
#NNI moves:0/236
Guide Tree 18/27
#NNI moves:0/236
Guide Tree 19/27
#NNI moves:0/236
Guide Tree 20/27
#NNI moves:0/236
Guide Tree 21/27
#NNI moves:0/236
Guide Tree 22/27
#NNI moves:0/236
Guide Tree 23/27
#NNI moves:0/236
Guide Tree 24/27
#NNI moves:0/236
Guide Tree 25/27
#NNI moves:0/236
Guide Tree 26/27
#NNI moves:0/236
Remaining: 0
#NNI moves:8/236
#NNI moves:8/236
((((((((((((((((((((T143,T16),T65),((T110,(T94,T21)),T79)),(((((((((T150,T28),T36),T106),T19),T126),T68),T87),T193),T53)),(T108,T121)),((((T200,(T52,((T156,T13),T160))),(T195,T142)),T70),(T120,T20))),((((T74,T84),T91),(((T10,((T117,T78),T197)),T77),T69)),((T118,T130),T29))),((T147,T5),T158)),((((((T67,T180),(T80,(T107,T81))),T103),((T159,T176),T46)),((T54,T191),T148)),((T132,T32),((T76,(((T174,T102),T101),T175)),(T2,T199))))),((((((T37,((T178,T89),((T48,T56),T194))),(T88,T164)),(T83,T26)),T116),(((T75,T98),(T64,T133)),(T188,T6))),(T43,T196))),(((((((T185,T171),T24),T179),((T41,T170),T22)),((((T71,T127),T105),(T109,T31)),(((T39,T123),(T23,T42)),(T173,(T90,T49))))),(T161,((T129,T35),T97))),(((T100,T131),(T181,T18)),T192))),T0),(((T57,((T145,T9),T169)),(((T15,T113),(T45,(T189,T111))),T92)),((T66,T190),((T14,T34),T82)))),((((((T149,T135),T119),(T162,T163)),((T11,T51),((T62,((T138,T93),(T55,T85))),T134))),(T146,T154)),((T47,(T30,T167)),T59))),(((((((T63,(T86,T96)),((T44,T38),T25)),(((T128,T3),T33),((T1,T114),T140))),((T95,(T60,T17)),T122)),(((T184,T166),T124),(T187,T4))),T73),((T144,T99),((T112,T72),(T141,T198))))),(((((T139,T137),T27),(T172,T58)),T115),((((T151,T186),T125),(T12,T177)),((T104,T183),(T61,T182))))),(T155,(T157,T136))),((((T152,T50),T7),T165),(T153,T8))),T40),T168);
Guide Tree 0/27
#NNI moves:0/236
Guide Tree 1/27
#NNI moves:0/236
Guide Tree 2/27
#NNI moves:0/236
Guide Tree 3/27
#NNI moves:0/236
Guide Tree 4/27
#NNI moves:0/236
Guide Tree 5/27
#NNI moves:0/236
Guide Tree 6/27
#NNI moves:0/236
Guide Tree 7/27
#NNI moves:0/236
Guide Tree 8/27
#NNI moves:0/236
Guide Tree 9/27
#NNI moves:0/236
Guide Tree 10/27
#NNI moves:0/236
Guide Tree 11/27
#NNI moves:0/236
Guide Tree 12/27
#NNI moves:0/236
Guide Tree 13/27
#NNI moves:0/236
Guide Tree 14/27
#NNI moves:0/236
Guide Tree 15/27
#NNI moves:0/236
Guide Tree 16/27
#NNI moves:0/236
Guide Tree 17/27
#NNI moves:0/236
Guide Tree 18/27
#NNI moves:0/236
Guide Tree 19/27
#NNI moves:0/236
Guide Tree 20/27
#NNI moves:0/236
Guide Tree 21/27
#NNI moves:0/236
Guide Tree 22/27
#NNI moves:0/236
Guide Tree 23/27
#NNI moves:0/236
Guide Tree 24/27
#NNI moves:0/236
Guide Tree 25/27
#NNI moves:0/236
Guide Tree 26/27
#NNI moves:0/236
Remaining: 4
#NNI moves:1/236
#NNI moves:1/236
(((((((((((((((((((T65,(T143,T16)),(T79,(T110,(T94,T21)))),(((T87,(((((T36,(T150,T28)),T106),T19),T126),T68)),T193),T53)),(T108,T121)),(((((((T156,T13),T160),T52),T200),(T195,T142)),T70),(T120,T20))),(((T69,((T10,((T117,T78),T197)),T77)),(T91,(T74,T84))),(T29,(T130,T118)))),(T158,(T5,T147))),(((((T175,(T101,(T174,T102))),T76),(T2,T199)),(T132,T32)),(((T54,T191),T148),((((T67,T180),((T107,T81),T80)),T103),((T176,T159),T46))))),((((T188,T6),((T98,T75),(T64,T133))),((((((T89,T178),(T194,(T48,T56))),T37),(T88,T164)),(T83,T26)),T116)),(T196,T43))),((((((T24,(T171,T185)),T179),((T170,T41),T22)),((((T71,T127),T105),(T31,T109)),(((T23,T42),(T39,T123)),((T49,T90),T173)))),(T161,((T35,T129),T97))),(((T18,T181),(T131,T100)),T192))),T0),((((((T189,T111),T45),(T15,T113)),T92),(T57,((T145,T9),T169))),(((T34,T14),T82),(T66,T190)))),((T59,(T47,(T30,T167))),(((((T149,T135),T119),(T163,T162)),((T134,(((T138,T93),(T85,T55)),T62)),(T11,T51))),(T154,T146)))),(((((((T17,T60),T95),T122),(((T140,(T1,T114)),((T3,T128),T33)),(((T44,T38),T25),((T96,T86),T63)))),((T187,T4),((T166,T184),T124))),T73),(((T141,T198),(T112,T72)),(T144,T99)))),((((T177,T12),((T151,T186),T125)),((T104,T183),(T61,T182))),(T115,(((T139,T137),T27),(T172,T58))))),((T157,T136),T155)),(((T7,(T152,T50)),T165),(T8,T153))),T40),T168);
Guide Tree 0/27
#NNI moves:0/236
Guide Tree 1/27
#NNI moves:0/236
Guide Tree 2/27
#NNI moves:0/236
Guide Tree 3/27
#NNI moves:0/236
Guide Tree 4/27
#NNI moves:0/236
Guide Tree 5/27
#NNI moves:0/236
Guide Tree 6/27
#NNI moves:0/236
Guide Tree 7/27
#NNI moves:0/236
Guide Tree 8/27
#NNI moves:0/236
Guide Tree 9/27
#NNI moves:2/236
Guide Tree 10/27
#NNI moves:0/236
Guide Tree 11/27
#NNI moves:0/236
Guide Tree 12/27
#NNI moves:0/236
Guide Tree 13/27
#NNI moves:0/236
Guide Tree 14/27
#NNI moves:0/236
Guide Tree 15/27
#NNI moves:0/236
Guide Tree 16/27
#NNI moves:0/236
Guide Tree 17/27
#NNI moves:0/236
Guide Tree 18/27
#NNI moves:0/236
Guide Tree 19/27
#NNI moves:0/236
Guide Tree 20/27
#NNI moves:0/236
Guide Tree 21/27
#NNI moves:0/236
Guide Tree 22/27
#NNI moves:0/236
Guide Tree 23/27
#NNI moves:0/236
Guide Tree 24/27
#NNI moves:0/236
Guide Tree 25/27
#NNI moves:0/236
Guide Tree 26/27
#NNI moves:0/236
Remaining: 0
#NNI moves:2/236
#NNI moves:2/236
(((((((((((((((((((((((T19,(((T28,T150),T36),T106)),T126),T68),T87),T193),T53),((T79,((T21,T94),T110)),(T65,(T143,T16)))),(T108,T121)),((((T142,T195),(((T160,(T156,T13)),T52),T200)),T70),(T120,T20))),(((((((T117,T78),T197),T10),T77),T69),(T91,(T84,T74))),((T118,T130),T29))),((T147,T5),T158)),((((((T67,T180),((T107,T81),T80)),T103),(T46,(T159,T176))),((T54,T191),T148)),((T32,T132),((((T101,(T102,T174)),T175),T76),(T2,T199))))),((((((T37,((T194,(T56,T48)),(T178,T89))),(T164,T88)),(T26,T83)),T116),(((T75,T98),(T64,T133)),(T6,T188))),(T43,T196))),((((((T173,(T49,T90)),((T39,T123),(T23,T42))),((T31,T109),((T71,T127),T105))),((((T171,T185),T24),T179),((T170,T41),T22))),(T161,((T129,T35),T97))),(T192,((T18,T181),(T131,T100))))),T0),((((T169,(T9,T145)),T57),(((T45,(T111,T189)),(T15,T113)),T92)),((T66,T190),((T14,T34),T82)))),(((((T11,T51),(T134,(((T55,T85),(T138,T93)),T62))),((T119,(T149,T135)),(T162,T163))),(T154,T146)),(((T167,T30),T47),T59))),(((((T4,T187),((T166,T184),T124)),((((T63,(T96,T86)),((T44,T38),T25)),(((T114,T1),T140),(T33,(T128,T3)))),((T95,(T60,T17)),T122))),T73),(((T198,T141),(T112,T72)),(T99,T144)))),((((T104,T183),(T61,T182)),(((T151,T186),T125),(T177,T12))),((((T137,T139),T27),(T172,T58)),T115))),((T157,T136),T155)),((T153,T8),(((T50,T152),T7),T165))),T40),T168);
Guide Tree 0/27
#NNI moves:0/236
Guide Tree 1/27
#NNI moves:0/236
Guide Tree 2/27
#NNI moves:0/236
Guide Tree 3/27
#NNI moves:0/236
Guide Tree 4/27
#NNI moves:0/236
Guide Tree 5/27
#NNI moves:0/236
Guide Tree 6/27
#NNI moves:0/236
Guide Tree 7/27
#NNI moves:0/236
Guide Tree 8/27
#NNI moves:0/236
Guide Tree 9/27
#NNI moves:0/236
Guide Tree 10/27
#NNI moves:0/236
Guide Tree 11/27
#NNI moves:0/236
Guide Tree 12/27
#NNI moves:0/236
Guide Tree 13/27
#NNI moves:0/236
Guide Tree 14/27
#NNI moves:0/236
Guide Tree 15/27
#NNI moves:0/236
Guide Tree 16/27
#NNI moves:0/236
Guide Tree 17/27
#NNI moves:0/236
Guide Tree 18/27
#NNI moves:0/236
Guide Tree 19/27
#NNI moves:0/236
Guide Tree 20/27
#NNI moves:0/236
Guide Tree 21/27
#NNI moves:0/236
Guide Tree 22/27
#NNI moves:0/236
Guide Tree 23/27
#NNI moves:0/236
Guide Tree 24/27
#NNI moves:0/236
Guide Tree 25/27
#NNI moves:0/236
Guide Tree 26/27
#NNI moves:0/236
Remaining: 2
#NNI moves:7/236
#NNI moves:7/236
(((((((((((((((((((T107,T81),T80),(T67,T180)),T103),((T176,T159),T46)),(T148,(T191,T54))),(((T2,T199),(((T101,(T102,T174)),T175),T76)),(T32,T132))),((((((((T16,T143),T65),(T79,(T110,(T21,T94)))),(((((((((T150,T28),T36),T106),T19),T126),T68),T87),T193),T53)),(T108,T121)),((T20,T120),(((((T160,(T13,T156)),T52),T200),(T195,T142)),T70))),((T29,(T130,T118)),(((T77,(((T78,T117),T197),T10)),T69),((T74,T84),T91)))),((T5,T147),T158))),((((((((T89,T178),((T48,T56),T194)),T37),(T88,T164)),(T26,T83)),T116),((T6,T188),((T75,T98),(T133,T64)))),(T43,T196))),(((((T129,T35),T97),T161),(((((T127,T71),T105),(T31,T109)),(((T123,T39),(T42,T23)),((T90,T49),T173))),(((T170,T41),T22),(T179,((T171,T185),T24))))),(((T181,T18),(T100,T131)),T192))),T0),((((T169,(T145,T9)),T57),((((T111,T189),T45),(T113,T15)),T92)),(((T14,T34),T82),(T190,T66)))),((((((((T93,T138),(T55,T85)),T62),T134),(T11,T51)),((T119,(T135,T149)),(T162,T163))),(T146,T154)),(T59,(T47,(T167,T30))))),(((((((T17,T60),T95),T122),(((T140,(T114,T1)),((T128,T3),T33)),(((T44,T38),T25),((T96,T86),T63)))),(((T184,T166),T124),(T187,T4))),T73),(((T198,T141),(T72,T112)),(T144,T99)))),(((((T139,T137),T27),(T172,T58)),T115),((((T151,T186),T125),(T12,T177)),((T61,T182),(T104,T183))))),((T136,T157),T155)),((T8,T153),(T165,((T152,T50),T7)))),T40),T168);
Initial score: 2.76205e+10
Initial tree: (((((((((((((((((((T107,T81),T80),(T67,T180)),T103),((T176,T159),T46)),(T148,(T191,T54))),(((T2,T199),(((T101,(T102,T174)),T175),T76)),(T32,T132))),((((((((T16,T143),T65),(T79,(T110,(T21,T94)))),(((((((((T150,T28),T36),T106),T19),T126),T68),T87),T193),T53)),(T108,T121)),((T20,T120),(((((T160,(T13,T156)),T52),T200),(T195,T142)),T70))),((T29,(T130,T118)),(((T77,(((T78,T117),T197),T10)),T69),((T74,T84),T91)))),((T5,T147),T158))),((((((((T89,T178),((T48,T56),T194)),T37),(T88,T164)),(T26,T83)),T116),((T6,T188),((T75,T98),(T133,T64)))),(T43,T196))),(((((T129,T35),T97),T161),(((((T127,T71),T105),(T31,T109)),(((T123,T39),(T42,T23)),((T90,T49),T173))),(((T170,T41),T22),(T179,((T171,T185),T24))))),(((T181,T18),(T100,T131)),T192))),T0),((((T169,(T145,T9)),T57),((((T111,T189),T45),(T113,T15)),T92)),(((T14,T34),T82),(T190,T66)))),((((((((T93,T138),(T55,T85)),T62),T134),(T11,T51)),((T119,(T135,T149)),(T162,T163))),(T146,T154)),(T59,(T47,(T167,T30))))),(((((((T17,T60),T95),T122),(((T140,(T114,T1)),((T128,T3),T33)),(((T44,T38),T25),((T96,T86),T63)))),(((T184,T166),T124),(T187,T4))),T73),(((T198,T141),(T72,T112)),(T144,T99)))),(((((T139,T137),T27),(T172,T58)),T115),((((T151,T186),T125),(T12,T177)),((T61,T182),(T104,T183))))),((T136,T157),T155)),((T8,T153),(T165,((T152,T50),T7)))),T40),T168);
*** Subsample Process ***
Use two-step algorithm!
#NNI moves:0/236
Remaining: 0
#NNI moves:4/236
#NNI moves:4/236
((((((((((((((((((((T8,T153),(((T152,T50),T7),T165)),(T40,T168)),((T136,T157),T155)),((((T104,T183),(T61,T182)),((T125,(T151,T186)),(T177,T12))),((((T139,T137),T27),(T58,T172)),T115))),((((((((T128,T3),T33),(T140,(T1,T114))),((T63,(T86,T96)),(T25,(T44,T38)))),(((T17,T60),T95),T122)),((T187,T4),(T124,(T184,T166)))),T73),((T144,T99),((T72,T112),(T141,T198))))),(((T146,T154),(((T11,T51),((((T138,T93),(T85,T55)),T62),T134)),((T163,T162),(T119,(T149,T135))))),(((T30,T167),T47),T59))),(((T190,T66),(T82,(T34,T14))),((((T113,T15),(T45,(T189,T111))),T92),((T169,(T9,T145)),T57)))),T0),(((((((T127,T71),T105),(T31,T109)),(((T23,T42),(T123,T39)),((T90,T49),T173))),(((T170,T41),T22),(((T185,T171),T24),T179))),(((T35,T129),T97),T161)),(((T100,T131),(T18,T181)),T192))),((T43,T196),(((((T37,((T194,(T56,T48)),(T89,T178))),(T164,T88)),(T26,T83)),T116),((T6,T188),((T75,T98),(T133,T64)))))),(((((T120,T20),(((T195,T142),((((T156,T13),T160),T52),T200)),T70)),((((((T21,T94),T110),T79),(T65,(T143,T16))),(((((T126,(((T36,(T150,T28)),T106),T19)),T68),T87),T193),T53)),(T108,T121))),(((T91,(T74,T84)),(T69,(((T197,(T78,T117)),T10),T77))),(T29,(T118,T130)))),(T158,(T5,T147)))),(((T199,T2),(((T101,(T174,T102)),T175),T76)),(T132,T32))),(T148,(T191,T54))),((T159,T176),T46)),T103),(T180,T67)),T80),T81),T107);
#NNI moves:0/236
Remaining: 0
#NNI moves:8/236
#NNI moves:8/236
((((((((((((((((((((T110,(T21,T94)),T79),((T143,T16),T65)),(((((T126,((((T28,T150),T36),T106),T19)),T68),T87),T193),T53)),(T108,T121)),((((T195,T142),((((T13,T156),T160),T52),T200)),T70),(T120,T20))),((((((T197,(T78,T117)),T10),T77),T69),((T74,T84),T91)),(T29,(T130,T118)))),((T147,T5),T158)),(((((((T102,T174),T101),T175),T76),(T199,T2)),(T32,T132)),((((T159,T176),T46),(((T67,T180),(T80,(T81,T107))),T103)),((T54,T191),T148)))),((((T6,T188),((T75,T98),(T133,T64))),((((((T178,T89),((T48,T56),T194)),T37),(T88,T164)),(T83,T26)),T116)),(T43,T196))),(((((((T23,T42),(T39,T123)),((T90,T49),T173)),((T105,(T71,T127)),(T109,T31))),(((T41,T170),T22),(((T171,T185),T24),T179))),(T161,((T35,T129),T97))),(((T131,T100),(T18,T181)),T192))),T0),(((((T113,T15),((T111,T189),T45)),T92),((T169,(T9,T145)),T57)),(((T14,T34),T82),(T190,T66)))),((((((((T93,T138),(T85,T55)),T62),T134),(T51,T11)),((T163,T162),(T119,(T135,T149)))),(T154,T146)),((T47,(T167,T30)),T59))),((((((((T3,T128),T33),((T1,T114),T140)),((T63,(T86,T96)),((T44,T38),T25))),((T95,(T17,T60)),T122)),((T4,T187),(T124,(T184,T166)))),T73),((T99,T144),((T112,T72),(T198,T141))))),(((((T186,T151),T125),(T177,T12)),((T183,T104),(T182,T61))),(T115,((T172,T58),((T139,T137),T27))))),((T136,T157),T155)),((T165,(T7,(T152,T50))),(T153,T8))),T168),T40);
#NNI moves:0/236
Remaining: 0
#NNI moves:5/236
#NNI moves:5/236
((((((((((((((((((((((((T96,T86),T63),((T44,T38),T25)),(((T3,T128),T33),((T1,T114),T140))),(T122,(T95,(T17,T60)))),((T124,(T184,T166)),(T4,T187))),T73),(((T141,T198),(T112,T72)),(T144,T99))),(((((((T152,T50),T7),T165),(T153,T8)),(T168,T40)),((T157,T136),T155)),((((T172,T58),((T137,T139),T27)),T115),(((T61,T182),(T183,T104)),(((T186,T151),T125),(T177,T12)))))),((((((((T55,T85),(T138,T93)),T62),T134),(T51,T11)),(((T135,T149),T119),(T162,T163))),(T154,T146)),((T47,(T30,T167)),T59))),((((((T189,T111),T45),(T113,T15)),T92),(T57,(T169,(T145,T9)))),(((T34,T14),T82),(T66,T190)))),T0),((((T100,T131),(T18,T181)),T192),((((((T123,T39),(T23,T42)),((T49,T90),T173)),((T109,T31),((T127,T71),T105))),(((T170,T41),T22),((T24,(T185,T171)),T179))),((T97,(T35,T129)),T161)))),((((((((T89,T178),((T48,T56),T194)),T37),(T164,T88)),(T26,T83)),T116),(((T98,T75),(T64,T133)),(T6,T188))),(T43,T196))),((((((T101,(T174,T102)),T175),T76),(T2,T199)),(T132,T32)),(((((T180,T67),(T80,(T81,T107))),T103),((T159,T176),T46)),(T148,(T54,T191))))),((T5,T147),T158)),(((((((T78,T117),T197),T10),T77),T69),((T84,T74),T91)),((T118,T130),T29))),(((((((T156,T13),T160),T52),T200),(T195,T142)),T70),(T20,T120))),(T121,T108)),(((((((((T28,T150),T36),T106),T19),T126),T68),T87),T193),T53)),(((T21,T94),T110),T79)),T65),T16),T143);
#NNI moves:0/236
Remaining: 0
#NNI moves:6/236
#NNI moves:6/236
(((((((((((((((((((((T94,T21),T110),T79),(T65,(T143,T16))),((((((T19,(((T150,T28),T36),T106)),T126),T68),T87),T193),T53)),(T121,T108)),((T20,T120),(((T142,T195),((T52,((T156,T13),T160)),T200)),T70))),(((T69,(((T197,(T78,T117)),T10),T77)),((T84,T74),T91)),(T29,(T130,T118)))),(T158,(T5,T147))),(((T132,T32),((((T101,(T174,T102)),T175),T76),(T2,T199))),(((T103,((T80,(T81,T107)),(T67,T180))),(T46,(T176,T159))),((T54,T191),T148)))),((((((((T89,T178),(T194,(T56,T48))),T37),(T88,T164)),(T26,T83)),T116),(((T133,T64),(T75,T98)),(T6,T188))),(T43,T196))),(((((((T123,T39),(T23,T42)),(T173,(T90,T49))),(((T127,T71),T105),(T31,T109))),(((T24,(T171,T185)),T179),(T22,(T41,T170)))),(((T35,T129),T97),T161)),(((T18,T181),(T100,T131)),T192))),T0),(((T190,T66),((T34,T14),T82)),((T92,((T45,(T189,T111)),(T113,T15))),(((T9,T145),T169),T57)))),((((((T135,T149),T119),(T163,T162)),((T134,(T62,((T55,T85),(T138,T93)))),(T51,T11))),(T154,T146)),(T59,((T167,T30),T47)))),(((((((T63,(T86,T96)),(T25,(T44,T38))),((T140,(T114,T1)),(T33,(T128,T3)))),(((T17,T60),T95),T122)),(((T166,T184),T124),(T4,T187))),T73),(((T198,T141),(T72,T112)),(T99,T144)))),((((T61,T182),(T104,T183)),(((T151,T186),T125),(T177,T12))),(((T27,(T137,T139)),(T172,T58)),T115))),((T136,T157),T155)),(((T7,(T50,T152)),T165),(T153,T8))),T168),T40);
Current score: 2.76205e+10
Current tree: (((((((((((((((((((((T94,T21),T110),T79),(T65,(T143,T16))),((((((T19,(((T150,T28),T36),T106)),T126),T68),T87),T193),T53)),(T121,T108)),((T20,T120),(((T142,T195),((T52,((T156,T13),T160)),T200)),T70))),(((T69,(((T197,(T78,T117)),T10),T77)),((T84,T74),T91)),(T29,(T130,T118)))),(T158,(T5,T147))),(((T132,T32),((((T101,(T174,T102)),T175),T76),(T2,T199))),(((T103,((T80,(T81,T107)),(T67,T180))),(T46,(T176,T159))),((T54,T191),T148)))),((((((((T89,T178),(T194,(T56,T48))),T37),(T88,T164)),(T26,T83)),T116),(((T133,T64),(T75,T98)),(T6,T188))),(T43,T196))),(((((((T123,T39),(T23,T42)),(T173,(T90,T49))),(((T127,T71),T105),(T31,T109))),(((T24,(T171,T185)),T179),(T22,(T41,T170)))),(((T35,T129),T97),T161)),(((T18,T181),(T100,T131)),T192))),T0),(((T190,T66),((T34,T14),T82)),((T92,((T45,(T189,T111)),(T113,T15))),(((T9,T145),T169),T57)))),((((((T135,T149),T119),(T163,T162)),((T134,(T62,((T55,T85),(T138,T93)))),(T51,T11))),(T154,T146)),(T59,((T167,T30),T47)))),(((((((T63,(T86,T96)),(T25,(T44,T38))),((T140,(T114,T1)),(T33,(T128,T3)))),(((T17,T60),T95),T122)),(((T166,T184),T124),(T4,T187))),T73),(((T198,T141),(T72,T112)),(T99,T144)))),((((T61,T182),(T104,T183)),(((T151,T186),T125),(T177,T12))),(((T27,(T137,T139)),(T172,T58)),T115))),((T136,T157),T155)),(((T7,(T50,T152)),T165),(T153,T8))),T40),T168);
Use two-step algorithm!
#NNI moves:0/236
Remaining: 0
#NNI moves:5/236
#NNI moves:5/236
((((((((((((((((((((((((((((((T38,T44),T25),((T96,T86),T63)),(((T3,T128),T33),((T1,T114),T140))),((T95,(T60,T17)),T122)),(((T184,T166),T124),(T4,T187))),T73),(((T72,T112),(T141,T198)),(T99,T144))),(((((T182,T61),(T104,T183)),((T12,T177),((T186,T151),T125))),(((T172,T58),((T137,T139),T27)),T115)),(((T157,T136),T155),((T40,T168),((((T50,T152),T7),T165),(T153,T8)))))),((((T167,T30),T47),T59),((((T162,T163),(T119,(T135,T149))),(((((T93,T138),(T55,T85)),T62),T134),(T51,T11))),(T154,T146)))),(((((T15,T113),((T111,T189),T45)),T92),(T57,((T9,T145),T169))),((T190,T66),((T14,T34),T82)))),T0),(((((((T49,T90),T173),((T23,T42),(T39,T123))),((T109,T31),(T105,(T127,T71)))),((T22,(T41,T170)),((T24,(T185,T171)),T179))),(((T129,T35),T97),T161)),(((T100,T131),(T181,T18)),T192))),((T43,T196),((((T83,T26),((((T194,(T56,T48)),(T89,T178)),T37),(T164,T88))),T116),(((T64,T133),(T98,T75)),(T6,T188))))),((((T191,T54),T148),(((T159,T176),T46),(T103,((T67,T180),((T107,T81),T80))))),(((T199,T2),((T175,((T102,T174),T101)),T76)),(T32,T132)))),((T147,T5),T158)),(((((((T78,T117),T197),T10),T77),T69),(T91,(T74,T84))),((T130,T118),T29))),((((T142,T195),((((T156,T13),T160),T52),T200)),T70),(T20,T120))),(T121,T108)),((((T94,T21),T110),T79),(T65,(T16,T143)))),T53),T193),T87),T68),T126),T19),T106),T36),T150),T28);
#NNI moves:0/236
Remaining: 0
#NNI moves:1/236
#NNI moves:1/236
((((((((((((((((((((T53,((((((T106,(T36,(T28,T150))),T19),T126),T68),T87),T193)),((T65,(T143,T16)),(((T21,T94),T110),T79))),(T121,T108)),((((((T160,(T156,T13)),T52),T200),(T142,T195)),T70),(T20,T120))),(((((((T78,T117),T197),T10),T77),T69),((T74,T84),T91)),(T29,(T130,T118)))),((T147,T5),T158)),(((((((T107,T81),T80),(T180,T67)),T103),((T176,T159),T46)),((T54,T191),T148)),((((T175,(T101,(T174,T102))),T76),(T2,T199)),(T32,T132)))),((T43,T196),(((T188,T6),((T75,T98),(T133,T64))),((((((T194,(T56,T48)),(T178,T89)),T37),(T164,T88)),(T83,T26)),T116)))),(((((T22,(T170,T41)),(((T185,T171),T24),T179)),(((T173,(T49,T90)),((T123,T39),(T23,T42))),(((T71,T127),T105),(T109,T31)))),(((T35,T129),T97),T161)),(((T18,T181),(T131,T100)),T192))),T0),(((((T113,T15),((T189,T111),T45)),T92),((T169,(T145,T9)),T57)),((T190,T66),((T34,T14),T82)))),((((((T135,T149),T119),(T162,T163)),(((((T138,T93),(T55,T85)),T62),T134),(T11,T51))),(T146,T154)),(((T30,T167),T47),T59))),(((((T4,T187),(T124,(T184,T166))),(((((T114,T1),T140),((T128,T3),T33)),(((T38,T44),T25),((T96,T86),T63))),(T122,(T95,(T17,T60))))),T73),((T144,T99),((T198,T141),(T112,T72))))),((((T12,T177),((T151,T186),T125)),((T183,T104),(T182,T61))),(((T27,(T137,T139)),(T172,T58)),T115))),(T155,(T157,T136))),(T40,T168)),(T8,T153)),T165),(T152,T50)),T7);
#NNI moves:0/236
Remaining: 2
#NNI moves:4/236
#NNI moves:4/236
((((((((((((((((((((((((T1,T114),T140),((T3,T128),T33)),((T25,(T44,T38)),(T63,(T96,T86)))),((T95,(T17,T60)),T122)),(((T184,T166),T124),(T4,T187))),T73),(((T72,T112),(T198,T141)),(T144,T99))),(((((T177,T12),((T186,T151),T125)),((T104,T183),(T61,T182))),((((T139,T137),T27),(T172,T58)),T115)),(((T136,T157),T155),((T168,T40),(((T7,(T152,T50)),T165),(T153,T8)))))),((((((((T55,T85),(T93,T138)),T62),T134),(T51,T11)),((T119,(T135,T149)),(T162,T163))),(T146,T154)),(T59,(T47,(T30,T167))))),(((T82,(T34,T14)),(T66,T190)),((((T113,T15),((T111,T189),T45)),T92),(((T9,T145),T169),T57)))),T0),(((((((T123,T39),(T23,T42)),((T49,T90),T173)),((T31,T109),(T105,(T127,T71)))),(((T41,T170),T22),(T179,((T171,T185),T24)))),(T161,((T129,T35),T97))),(((T100,T131),(T181,T18)),T192))),((((((T88,T164),((((T48,T56),T194),(T178,T89)),T37)),(T83,T26)),T116),(((T98,T75),(T64,T133)),(T188,T6))),(T43,T196))),(((((((T107,T81),T80),(T67,T180)),T103),((T176,T159),T46)),(T148,(T54,T191))),(((((T101,(T174,T102)),T175),T76),(T199,T2)),(T32,T132)))),(T158,(T147,T5))),((((T84,T74),T91),(((((T78,T117),T197),T10),T77),T69)),(T29,(T130,T118)))),(((((((T13,T156),T160),T52),T200),(T195,T142)),T70),(T120,T20))),(T121,T108)),(((T110,(T21,T94)),T79),((T143,T16),T65))),T53),T193),((T126,((((T28,T150),T36),T106),T19)),T68)),T87);
#NNI moves:0/236
Remaining: 0
#NNI moves:1/236
#NNI moves:6/236
((((((((((((((((((T91,(T84,T74)),(((((T78,T117),T197),T10),T77),T69)),((T130,T118),T29)),((((((((T126,(((T36,(T28,T150)),T106),T19)),T68),T87),T193),T53),(((T16,T143),T65),(T79,(T110,(T21,T94))))),(T108,T121)),((((T200,(((T13,T156),T160),T52)),(T195,T142)),T70),(T120,T20)))),((T5,T147),T158)),((((((T80,(T107,T81)),(T180,T67)),T103),(T46,(T176,T159))),((T191,T54),T148)),((((((T174,T102),T101),T175),T76),(T2,T199)),(T132,T32)))),(((((((((T56,T48),T194),(T89,T178)),T37),(T88,T164)),(T26,T83)),T116),(((T64,T133),(T98,T75)),(T188,T6))),(T196,T43))),(((((((T39,T123),(T23,T42)),((T90,T49),T173)),((T109,T31),((T127,T71),T105))),((T22,(T170,T41)),(((T185,T171),T24),T179))),((T97,(T129,T35)),T161)),(((T131,T100),(T18,T181)),T192))),T0),(((((T9,T145),T169),T57),(T92,(((T189,T111),T45),(T113,T15)))),(((T14,T34),T82),(T66,T190)))),(((T154,T146),((((((T138,T93),(T55,T85)),T62),T134),(T51,T11)),((T119,(T135,T149)),(T162,T163)))),(((T30,T167),T47),T59))),(((((((T60,T17),T95),T122),((((T3,T128),T33),((T114,T1),T140)),((T25,(T38,T44)),(T63,(T86,T96))))),((T187,T4),((T166,T184),T124))),T73),(((T72,T112),(T141,T198)),(T99,T144)))),(((T136,T157),T155),((((T7,(T50,T152)),T165),(T8,T153)),(T168,T40)))),(((T27,(T137,T139)),(T172,T58)),T115)),((T12,T177),(T125,(T151,T186)))),(T61,T182)),T104),T183);
Current score: 2.76205e+10
Current tree: ((T40,((((T7,(T50,T152)),T165),(T8,T153)),(((T136,T157),T155),(((((((((((((T91,(T84,T74)),(((((T78,T117),T197),T10),T77),T69)),((T130,T118),T29)),((((((((T126,(((T36,(T28,T150)),T106),T19)),T68),T87),T193),T53),(((T16,T143),T65),(T79,(T110,(T21,T94))))),(T108,T121)),((((T200,(((T13,T156),T160),T52)),(T195,T142)),T70),(T120,T20)))),((T5,T147),T158)),((((((T80,(T107,T81)),(T180,T67)),T103),(T46,(T176,T159))),((T191,T54),T148)),((((((T174,T102),T101),T175),T76),(T2,T199)),(T132,T32)))),(((((((((T56,T48),T194),(T89,T178)),T37),(T88,T164)),(T26,T83)),T116),(((T64,T133),(T98,T75)),(T188,T6))),(T196,T43))),(((((((T39,T123),(T23,T42)),((T90,T49),T173)),((T109,T31),((T127,T71),T105))),((T22,(T170,T41)),(((T185,T171),T24),T179))),((T97,(T129,T35)),T161)),(((T131,T100),(T18,T181)),T192))),T0),(((((T9,T145),T169),T57),(T92,(((T189,T111),T45),(T113,T15)))),(((T14,T34),T82),(T66,T190)))),(((T154,T146),((((((T138,T93),(T55,T85)),T62),T134),(T51,T11)),((T119,(T135,T149)),(T162,T163)))),(((T30,T167),T47),T59))),(((((((T60,T17),T95),T122),((((T3,T128),T33),((T114,T1),T140)),((T25,(T38,T44)),(T63,(T86,T96))))),((T187,T4),((T166,T184),T124))),T73),(((T72,T112),(T141,T198)),(T99,T144)))),((((T27,(T137,T139)),(T172,T58)),T115),(((T12,T177),(T125,(T151,T186))),((T61,T182),(T104,T183)))))))),T168);
Final Tree: ((T40,((((T7,(T50,T152)),T165),(T8,T153)),(((T136,T157),T155),(((((((((((((T91,(T84,T74)),(((((T78,T117),T197),T10),T77),T69)),((T130,T118),T29)),((((((((T126,(((T36,(T28,T150)),T106),T19)),T68),T87),T193),T53),(((T16,T143),T65),(T79,(T110,(T21,T94))))),(T108,T121)),((((T200,(((T13,T156),T160),T52)),(T195,T142)),T70),(T120,T20)))),((T5,T147),T158)),((((((T80,(T107,T81)),(T180,T67)),T103),(T46,(T176,T159))),((T191,T54),T148)),((((((T174,T102),T101),T175),T76),(T2,T199)),(T132,T32)))),(((((((((T56,T48),T194),(T89,T178)),T37),(T88,T164)),(T26,T83)),T116),(((T64,T133),(T98,T75)),(T188,T6))),(T196,T43))),(((((((T39,T123),(T23,T42)),((T90,T49),T173)),((T109,T31),((T127,T71),T105))),((T22,(T170,T41)),(((T185,T171),T24),T179))),((T97,(T129,T35)),T161)),(((T131,T100),(T18,T181)),T192))),T0),(((((T9,T145),T169),T57),(T92,(((T189,T111),T45),(T113,T15)))),(((T14,T34),T82),(T66,T190)))),(((T154,T146),((((((T138,T93),(T55,T85)),T62),T134),(T51,T11)),((T119,(T135,T149)),(T162,T163)))),(((T30,T167),T47),T59))),(((((((T60,T17),T95),T122),((((T3,T128),T33),((T114,T1),T140)),((T25,(T38,T44)),(T63,(T86,T96))))),((T187,T4),((T166,T184),T124))),T73),(((T72,T112),(T141,T198)),(T99,T144)))),((((T27,(T137,T139)),(T172,T58)),T115),(((T12,T177),(T125,(T151,T186))),((T61,T182),(T104,T183)))))))),T168);
Score: 2.76204545e+10

real	2m21.133s
user	47m27.093s
sys	0m20.257s
