Weighted ASTRAL - Hybrid
Version: v1.13.2.3
#Genetrees: 2000
#Species: 201
#Rounds: 4
#Samples: 4
#Threads: 32
Use two-step algorithm!
Guide Tree 0/27
#NNI moves:0/236
Guide Tree 1/27
#NNI moves:0/236
Guide Tree 2/27
#NNI moves:0/236
Guide Tree 3/27
#NNI moves:1/236
Guide Tree 4/27
#NNI moves:3/236
Guide Tree 5/27
#NNI moves:0/236
Guide Tree 6/27
#NNI moves:0/236
Guide Tree 7/27
#NNI moves:0/236
Guide Tree 8/27
#NNI moves:0/236
Guide Tree 9/27
#NNI moves:1/236
Guide Tree 10/27
#NNI moves:2/236
Guide Tree 11/27
#NNI moves:0/236
Guide Tree 12/27
#NNI moves:1/236
Guide Tree 13/27
#NNI moves:0/236
Guide Tree 14/27
#NNI moves:1/236
Guide Tree 15/27
#NNI moves:0/236
Guide Tree 16/27
#NNI moves:0/236
Guide Tree 17/27
#NNI moves:3/236
Guide Tree 18/27
#NNI moves:1/236
Guide Tree 19/27
#NNI moves:0/236
Guide Tree 20/27
#NNI moves:0/236
Guide Tree 21/27
#NNI moves:0/236
Guide Tree 22/27
#NNI moves:0/236
Guide Tree 23/27
#NNI moves:0/236
Guide Tree 24/27
#NNI moves:0/236
Guide Tree 25/27
#NNI moves:0/236
Guide Tree 26/27
#NNI moves:1/236
Remaining: 1
#NNI moves:6/236
#NNI moves:6/236
((((((((((((((((T27,((T30,T36),(T111,T28))),(T11,(((T78,T3),T75),T121))),((T89,T161),((T123,T72),T188))),((T189,T35),((T195,T143),((T100,T102),T85)))),T62),((((((T138,T52),T147),T25),((T4,T196),(T37,T140))),T137),(T178,T149))),(((T174,T88),T120),((T181,T145),(T69,T160)))),((T109,(T96,T116)),(T165,T194))),(T122,T74)),(((((T57,(T49,T2)),((T21,T162),T199)),T61),((T110,T31),T82)),((T95,(T183,T1)),(((T176,T125),(T192,T16)),T126)))),(((((((((((T139,T92),T115),(T29,T190)),T94),(T107,T155)),((T81,T26),(((((T185,T60),T112),T64),T80),(T128,T63)))),(((T45,T77),(T67,(T131,T14))),T43)),((((T166,T79),T154),T55),((T184,T175),(((T159,T76),T133),T41)))),T0),((T93,T42),(((((T101,T23),(T173,T56)),(T141,T113)),T103),(((T172,T164),T119),((T98,T142),T34))))),(((T19,T170),T135),((T68,T150),((T153,T32),T9))))),((((((T134,T70),T108),((T146,T73),T130)),(((T51,T186),T152),((T105,T59),((T169,T44),(T187,T91))))),T17),((((T179,((T20,T157),((T18,T163),(T53,T83)))),((T168,T33),T200)),T129),((((T132,T40),(T13,T48)),T7),T117)))),(((((((T46,T15),(((T177,T144),T71),T12)),T106),T39),((T84,T50),((((T104,T191),((T90,T167),T6)),((T10,T8),T54)),(T5,T22)))),((T127,(T198,T24)),T158)),(((T58,T118),(T197,(T148,T182))),((T86,T156),T99)))),(((((T65,T97),T136),(((T193,T38),T171),T151)),T114),((T47,T124),T66))),T180),T87);
Guide Tree 0/27
#NNI moves:3/236
Guide Tree 1/27
#NNI moves:0/236
Guide Tree 2/27
#NNI moves:3/236
Guide Tree 3/27
#NNI moves:1/236
Guide Tree 4/27
#NNI moves:4/236
Guide Tree 5/27
#NNI moves:0/236
Guide Tree 6/27
#NNI moves:1/236
Guide Tree 7/27
#NNI moves:0/236
Guide Tree 8/27
#NNI moves:0/236
Guide Tree 9/27
#NNI moves:0/236
Guide Tree 10/27
#NNI moves:0/236
Guide Tree 11/27
#NNI moves:1/236
Guide Tree 12/27
#NNI moves:3/236
Guide Tree 13/27
#NNI moves:0/236
Guide Tree 14/27
#NNI moves:1/236
Guide Tree 15/27
#NNI moves:1/236
Guide Tree 16/27
#NNI moves:0/236
Guide Tree 17/27
#NNI moves:0/236
Guide Tree 18/27
#NNI moves:0/236
Guide Tree 19/27
#NNI moves:3/236
Guide Tree 20/27
#NNI moves:0/236
Guide Tree 21/27
#NNI moves:0/236
Guide Tree 22/27
#NNI moves:4/236
Guide Tree 23/27
#NNI moves:0/236
Guide Tree 24/27
#NNI moves:0/236
Guide Tree 25/27
#NNI moves:1/236
Guide Tree 26/27
#NNI moves:3/236
Remaining: 0
#NNI moves:2/236
#NNI moves:2/236
((((((((((((((((((T111,T28),(T30,T36)),T27),((T121,((T78,T3),T75)),T11)),((T161,T89),((T123,T72),T188))),((T35,T189),(((T102,T100),T85),(T143,T195)))),T62),(((((T196,T4),(T37,T140)),(((T52,T138),T147),T25)),T137),(T149,T178))),(((T174,T88),T120),((T145,T181),(T160,T69)))),((T165,T194),((T96,T116),T109))),(T122,T74)),(((T126,((T125,T176),(T192,T16))),((T1,T183),T95)),(((T31,T110),T82),((((T21,T162),T199),(T57,(T49,T2))),T61)))),((((((((((((T60,T185),T112),T64),T80),(T63,T128)),(T81,T26)),(((((T92,T139),T115),(T190,T29)),T94),(T107,T155))),(T43,((T45,T77),((T14,T131),T67)))),(((T175,T184),((T133,(T76,T159)),T41)),(T55,((T166,T79),T154)))),T0),((T42,T93),(((((T101,T23),(T173,T56)),(T141,T113)),T103),((T119,(T172,T164)),((T142,T98),T34))))),((T135,(T19,T170)),((T150,T68),(T9,(T153,T32)))))),(((((T130,(T146,T73)),((T70,T134),T108)),(((T51,T186),T152),((T105,T59),((T91,T187),(T169,T44))))),T17),((((T179,(((T18,T163),(T83,T53)),(T20,T157))),((T168,T33),T200)),T129),(T117,(((T13,T48),(T132,T40)),T7))))),(((((((((T177,T144),T71),T12),(T46,T15)),T106),T39),(((((T10,T8),T54),(((T90,T167),T6),(T104,T191))),(T22,T5)),(T84,T50))),(T158,((T198,T24),T127))),(((T58,T118),(T197,(T182,T148))),(T99,(T156,T86))))),(((((T65,T97),T136),(T151,(T171,(T38,T193)))),T114),((T124,T47),T66))),T180),T87);
Guide Tree 0/27
#NNI moves:0/236
Guide Tree 1/27
#NNI moves:1/236
Guide Tree 2/27
#NNI moves:0/236
Guide Tree 3/27
#NNI moves:1/236
Guide Tree 4/27
#NNI moves:3/236
Guide Tree 5/27
#NNI moves:0/236
Guide Tree 6/27
#NNI moves:1/236
Guide Tree 7/27
#NNI moves:3/236
Guide Tree 8/27
#NNI moves:1/236
Guide Tree 9/27
#NNI moves:0/236
Guide Tree 10/27
#NNI moves:1/236
Guide Tree 11/27
#NNI moves:0/236
Guide Tree 12/27
#NNI moves:0/236
Guide Tree 13/27
#NNI moves:0/236
Guide Tree 14/27
#NNI moves:1/236
Guide Tree 15/27
#NNI moves:1/236
Guide Tree 16/27
#NNI moves:1/236
Guide Tree 17/27
#NNI moves:3/236
Guide Tree 18/27
#NNI moves:1/236
Guide Tree 19/27
#NNI moves:3/236
Guide Tree 20/27
#NNI moves:0/236
Guide Tree 21/27
#NNI moves:0/236
Guide Tree 22/27
#NNI moves:1/236
Guide Tree 23/27
#NNI moves:0/236
Guide Tree 24/27
#NNI moves:0/236
Guide Tree 25/27
#NNI moves:1/236
Guide Tree 26/27
#NNI moves:0/236
Remaining: 0
#NNI moves:0/236
#NNI moves:0/236
(((((((((((((((((T52,T138),T147),T25),((T140,T37),(T196,T4))),T137),(T178,T149)),((((((((T3,T78),T75),T121),T11),(((T30,T36),(T111,T28)),T27)),(((T72,T123),T188),(T161,T89))),((((T100,T102),T85),(T143,T195)),(T189,T35))),T62)),(((T160,T69),(T181,T145)),((T174,T88),T120))),((T194,T165),((T96,T116),T109))),(T122,T74)),((((((T2,T49),T57),((T21,T162),T199)),T61),((T110,T31),T82)),((((T192,T16),(T176,T125)),T126),(T95,(T183,T1))))),(((((((T41,((T159,T76),T133)),(T184,T175)),(T55,((T166,T79),T154))),(((((T80,(((T185,T60),T112),T64)),(T128,T63)),(T81,T26)),(((((T139,T92),T115),(T29,T190)),T94),(T107,T155))),(T43,((T45,T77),((T131,T14),T67))))),T0),((((((T101,T23),(T173,T56)),(T141,T113)),T103),(((T172,T164),T119),((T142,T98),T34))),(T42,T93))),((T135,(T19,T170)),(((T153,T32),T9),(T150,T68))))),(((((((T169,T44),(T187,T91)),(T105,T59)),((T51,T186),T152)),(((T134,T70),T108),((T146,T73),T130))),T17),(((T7,((T48,T13),(T40,T132))),T117),(((((T20,T157),((T163,T18),(T53,T83))),T179),((T168,T33),T200)),T129)))),((((T197,(T182,T148)),(T58,T118)),((T86,T156),T99)),((((((((T144,T177),T71),T12),(T46,T15)),T106),T39),((((((T167,T90),T6),(T104,T191)),(T54,(T10,T8))),(T22,T5)),(T84,T50))),((T127,(T198,T24)),T158)))),((((T151,(T171,(T38,T193))),((T97,T65),T136)),T114),(T66,(T124,T47)))),T180),T87);
Guide Tree 0/27
#NNI moves:0/236
Guide Tree 1/27
#NNI moves:0/236
Guide Tree 2/27
#NNI moves:3/236
Guide Tree 3/27
#NNI moves:0/236
Guide Tree 4/27
#NNI moves:0/236
Guide Tree 5/27
#NNI moves:0/236
Guide Tree 6/27
#NNI moves:0/236
Guide Tree 7/27
#NNI moves:0/236
Guide Tree 8/27
#NNI moves:0/236
Guide Tree 9/27
#NNI moves:1/236
Guide Tree 10/27
#NNI moves:1/236
Guide Tree 11/27
#NNI moves:0/236
Guide Tree 12/27
#NNI moves:0/236
Guide Tree 13/27
#NNI moves:0/236
Guide Tree 14/27
#NNI moves:0/236
Guide Tree 15/27
#NNI moves:0/236
Guide Tree 16/27
#NNI moves:0/236
Guide Tree 17/27
#NNI moves:0/236
Guide Tree 18/27
#NNI moves:1/236
Guide Tree 19/27
#NNI moves:0/236
Guide Tree 20/27
#NNI moves:0/236
Guide Tree 21/27
#NNI moves:0/236
Guide Tree 22/27
#NNI moves:0/236
Guide Tree 23/27
#NNI moves:0/236
Guide Tree 24/27
#NNI moves:0/236
Guide Tree 25/27
#NNI moves:0/236
Guide Tree 26/27
#NNI moves:0/236
Remaining: 0
#NNI moves:4/236
#NNI moves:4/236
((((((((((((((((((T60,T185),T112),T64),T80),(T128,T63)),(T26,T81)),((T107,T155),((((T92,T139),T115),(T29,T190)),T94))),(((T77,T45),((T14,T131),T67)),T43)),(((T41,((T76,T159),T133)),(T175,T184)),(((T166,T79),T154),T55))),T0),((((((T173,T56),(T23,T101)),(T113,T141)),T103),(((T172,T164),T119),(T34,(T98,T142)))),(T93,T42))),(((T9,(T153,T32)),(T150,T68)),(T135,(T19,T170)))),((((((((((T4,T196),(T37,T140)),(T25,((T138,T52),T147))),T137),(T178,T149)),((((((T102,T100),T85),(T143,T195)),(T35,T189)),(((T89,T161),(T188,(T123,T72))),((((T36,T30),(T28,T111)),T27),(((T75,(T3,T78)),T121),T11)))),T62)),(((T174,T88),T120),((T181,T145),(T160,T69)))),(((T96,T116),T109),(T194,T165))),(T122,T74)),((((T183,T1),T95),(((T192,T16),(T176,T125)),T126)),(((T31,T110),T82),(T61,(((T21,T162),T199),((T2,T49),T57))))))),(((((T200,(T168,T33)),((((T83,T53),(T18,T163)),(T157,T20)),T179)),T129),((((T40,T132),(T13,T48)),T7),T117)),(((((T70,T134),T108),((T146,T73),T130)),((T152,(T186,T51)),(((T91,T187),(T44,T169)),(T105,T59)))),T17))),((((((T22,T5),(((T104,T191),((T90,T167),T6)),((T10,T8),T54))),(T50,T84)),(T39,(((((T177,T144),T71),T12),(T15,T46)),T106))),((T127,(T24,T198)),T158)),(((T58,T118),(T197,(T182,T148))),((T86,T156),T99)))),((((((T38,T193),T171),T151),((T65,T97),T136)),T114),(T66,(T124,T47)))),T180),T87);
Initial score: 3.30748e+10
Initial tree: ((((((((((((((((((T60,T185),T112),T64),T80),(T128,T63)),(T26,T81)),((T107,T155),((((T92,T139),T115),(T29,T190)),T94))),(((T77,T45),((T14,T131),T67)),T43)),(((T41,((T76,T159),T133)),(T175,T184)),(((T166,T79),T154),T55))),T0),((((((T173,T56),(T23,T101)),(T113,T141)),T103),(((T172,T164),T119),(T34,(T98,T142)))),(T93,T42))),(((T9,(T153,T32)),(T150,T68)),(T135,(T19,T170)))),((((((((((T4,T196),(T37,T140)),(T25,((T138,T52),T147))),T137),(T178,T149)),((((((T102,T100),T85),(T143,T195)),(T35,T189)),(((T89,T161),(T188,(T123,T72))),((((T36,T30),(T28,T111)),T27),(((T75,(T3,T78)),T121),T11)))),T62)),(((T174,T88),T120),((T181,T145),(T160,T69)))),(((T96,T116),T109),(T194,T165))),(T122,T74)),((((T183,T1),T95),(((T192,T16),(T176,T125)),T126)),(((T31,T110),T82),(T61,(((T21,T162),T199),((T2,T49),T57))))))),(((((T200,(T168,T33)),((((T83,T53),(T18,T163)),(T157,T20)),T179)),T129),((((T40,T132),(T13,T48)),T7),T117)),(((((T70,T134),T108),((T146,T73),T130)),((T152,(T186,T51)),(((T91,T187),(T44,T169)),(T105,T59)))),T17))),((((((T22,T5),(((T104,T191),((T90,T167),T6)),((T10,T8),T54))),(T50,T84)),(T39,(((((T177,T144),T71),T12),(T15,T46)),T106))),((T127,(T24,T198)),T158)),(((T58,T118),(T197,(T182,T148))),((T86,T156),T99)))),((((((T38,T193),T171),T151),((T65,T97),T136)),T114),(T66,(T124,T47)))),T180),T87);
*** Subsample Process ***
Use two-step algorithm!
#NNI moves:0/236
Remaining: 0
#NNI moves:0/236
#NNI moves:0/236
((((((((((((((((((((T70,T134),T108),(T130,(T73,T146))),(((T105,T59),((T91,T187),(T169,T44))),(T152,(T51,T186)))),T17),((T129,(((((T83,T53),(T163,T18)),(T157,T20)),T179),(T200,(T168,T33)))),((((T40,T132),(T48,T13)),T7),T117))),((((((T182,T148),T197),(T58,T118)),((T86,T156),T99)),((((((T54,(T8,T10)),((T191,T104),((T90,T167),T6))),(T22,T5)),(T84,T50)),((T106,((((T177,T144),T71),T12),(T15,T46))),T39)),((T127,(T24,T198)),T158))),((T180,T87),(((((T171,(T193,T38)),T151),((T97,T65),T136)),T114),((T124,T47),T66))))),(((((((((((T138,T52),T147),T25),((T196,T4),(T37,T140))),T137),(T178,T149)),((((((T100,T102),T85),(T143,T195)),(T189,T35)),(((((T111,T28),(T36,T30)),T27),(T11,(T121,(T75,(T3,T78))))),((T188,(T72,T123)),(T89,T161)))),T62)),(((T174,T88),T120),((T160,T69),(T181,T145)))),((T165,T194),((T96,T116),T109))),(T122,T74)),((((T1,T183),T95),(T126,((T176,T125),(T192,T16)))),(((T31,T110),T82),((((T162,T21),T199),(T57,(T2,T49))),T61))))),(((T68,T150),((T153,T32),T9)),(T135,(T19,T170)))),((((((T173,T56),(T23,T101)),(T113,T141)),T103),((T34,(T142,T98)),((T164,T172),T119))),(T42,T93))),T0),(((((T159,T76),T133),T41),(T175,T184)),((T154,(T166,T79)),T55))),((((T14,T131),T67),(T45,T77)),T43)),((T81,T26),(((((T60,T185),T112),T64),T80),(T128,T63)))),(T107,T155)),T94),(T29,T190)),T115),T92),T139);
#NNI moves:0/236
Remaining: 0
#NNI moves:5/236
#NNI moves:5/236
(((((((((((((((((T112,(T60,T185)),T64),T80),(T128,T63)),(T81,T26)),((T94,((T190,T29),((T139,T92),T115))),(T155,T107))),(((T45,T77),((T131,T14),T67)),T43)),(((T175,T184),(((T159,T76),T133),T41)),(((T79,T166),T154),T55))),T0),((((((T56,T173),(T101,T23)),(T113,T141)),T103),((T34,(T142,T98)),((T164,T172),T119))),(T93,T42))),((((T153,T32),T9),(T150,T68)),((T19,T170),T135))),((((((((((T195,T143),((T100,T102),T85)),(T35,T189)),(((((T36,T30),(T111,T28)),T27),((((T3,T78),T75),T121),T11)),((T161,T89),(T188,(T72,T123))))),T62),(((((T140,T37),(T196,T4)),(((T138,T52),T147),T25)),T137),(T149,T178))),(((T88,T174),T120),((T181,T145),(T69,T160)))),((T109,(T116,T96)),(T165,T194))),(T122,T74)),(((((T199,(T21,T162)),(T57,(T49,T2))),T61),((T110,T31),T82)),((T126,((T176,T125),(T16,T192))),((T1,T183),T95))))),((((((((T83,T53),(T163,T18)),(T20,T157)),T179),((T33,T168),T200)),T129),(T117,(T7,((T40,T132),(T48,T13))))),((((T152,(T51,T186)),(((T187,T91),(T169,T44)),(T105,T59))),((T130,(T146,T73)),((T70,T134),T108))),T17))),(((((T84,T50),((((T8,T10),T54),((T104,T191),(T6,(T90,T167)))),(T22,T5))),((((T15,T46),(((T177,T144),T71),T12)),T106),T39)),((T127,(T24,T198)),T158)),(((T156,T86),T99),(((T182,T148),T197),(T58,T118))))),((((((T38,T193),T171),T151),((T97,T65),T136)),T114),((T124,T47),T66))),T87),T180);
#NNI moves:4/236
Remaining: 0
#NNI moves:6/236
#NNI moves:6/236
((((((((((((((((((((((T90,T167),T6),(T104,T191)),((T8,T10),T54)),(T5,T22)),(T84,T50)),(T39,(((((T177,T144),T71),T12),(T15,T46)),T106))),(((T198,T24),T127),T158)),(((T86,T156),T99),((T58,T118),(T197,(T148,T182))))),((((T47,T124),T66),(T114,((T151,((T193,T38),T171)),((T65,T97),T136)))),(T87,T180))),((((((((T53,T83),(T163,T18)),(T20,T157)),T179),(T200,(T33,T168))),T129),((((T132,T40),(T13,T48)),T7),T117)),((((((T169,T44),(T91,T187)),(T105,T59)),(T152,(T51,T186))),(((T146,T73),T130),(T108,(T70,T134)))),T17))),((((T82,(T31,T110)),(((T57,(T2,T49)),((T21,T162),T199)),T61)),((T126,((T176,T125),(T16,T192))),(T95,(T1,T183)))),((((((((((T100,T102),T85),(T143,T195)),(T189,T35)),(((((T28,T111),(T36,T30)),T27),((T121,((T78,T3),T75)),T11)),((T188,(T123,T72)),(T161,T89)))),T62),(((((T140,T37),(T196,T4)),(((T138,T52),T147),T25)),T137),(T149,T178))),(((T181,T145),(T160,T69)),((T88,T174),T120))),((T109,(T96,T116)),(T194,T165))),(T74,T122)))),(((T68,T150),((T153,T32),T9)),((T19,T170),T135))),(((((T141,T113),((T101,T23),(T56,T173))),T103),((T119,(T172,T164)),(T34,(T142,T98)))),(T42,T93))),T0),(((((T76,T159),T133),T41),(T175,T184)),(T55,((T166,T79),T154)))),(((T77,T45),(T67,(T14,T131))),T43)),(((((T92,T139),T115),(T190,T29)),T94),(T107,T155))),(T26,T81)),(((T112,(T185,T60)),T64),T80)),T128),T63);
#NNI moves:0/236
Remaining: 0
#NNI moves:0/236
#NNI moves:0/236
((((((((((((((((T140,T37),(T196,T4)),((T147,(T52,T138)),T25)),T137),(T178,T149)),((((((T102,T100),T85),(T195,T143)),(T35,T189)),(((((T28,T111),(T30,T36)),T27),(T11,(((T78,T3),T75),T121))),(((T72,T123),T188),(T161,T89)))),T62)),(((T174,T88),T120),((T69,T160),(T181,T145)))),((T194,T165),((T116,T96),T109))),(T122,T74)),((((T1,T183),T95),(((T176,T125),(T16,T192)),T126)),((((T57,(T2,T49)),((T21,T162),T199)),T61),(T82,(T31,T110))))),(((((((((T76,T159),T133),T41),(T175,T184)),((T154,(T79,T166)),T55)),(((((((T139,T92),T115),(T29,T190)),T94),(T155,T107)),((((((T60,T185),T112),T64),T80),(T63,T128)),(T26,T81))),((((T14,T131),T67),(T45,T77)),T43))),T0),((((T119,(T172,T164)),((T142,T98),T34)),(T103,((T113,T141),((T23,T101),(T173,T56))))),(T93,T42))),(((T170,T19),T135),(((T32,T153),T9),(T68,T150))))),(((T117,(((T48,T13),(T132,T40)),T7)),((((T168,T33),T200),((((T163,T18),(T53,T83)),(T20,T157)),T179)),T129)),((((((T169,T44),(T91,T187)),(T59,T105)),(T152,(T186,T51))),((T130,(T146,T73)),(T108,(T70,T134)))),T17))),((((((((T8,T10),T54),((T6,(T90,T167)),(T104,T191))),(T5,T22)),(T84,T50)),((((((T177,T144),T71),T12),(T46,T15)),T106),T39)),(((T24,T198),T127),T158)),((((T148,T182),T197),(T58,T118)),((T156,T86),T99)))),((((T151,((T193,T38),T171)),((T97,T65),T136)),T114),((T47,T124),T66))),T87),T180);
Current score: 3.30748e+10
Current tree: ((((((((((((((((T140,T37),(T196,T4)),((T147,(T52,T138)),T25)),T137),(T178,T149)),((((((T102,T100),T85),(T195,T143)),(T35,T189)),(((((T28,T111),(T30,T36)),T27),(T11,(((T78,T3),T75),T121))),(((T72,T123),T188),(T161,T89)))),T62)),(((T174,T88),T120),((T69,T160),(T181,T145)))),((T194,T165),((T116,T96),T109))),(T122,T74)),((((T1,T183),T95),(((T176,T125),(T16,T192)),T126)),((((T57,(T2,T49)),((T21,T162),T199)),T61),(T82,(T31,T110))))),(((((((((T76,T159),T133),T41),(T175,T184)),((T154,(T79,T166)),T55)),(((((((T139,T92),T115),(T29,T190)),T94),(T155,T107)),((((((T60,T185),T112),T64),T80),(T63,T128)),(T26,T81))),((((T14,T131),T67),(T45,T77)),T43))),T0),((((T119,(T172,T164)),((T142,T98),T34)),(T103,((T113,T141),((T23,T101),(T173,T56))))),(T93,T42))),(((T170,T19),T135),(((T32,T153),T9),(T68,T150))))),(((T117,(((T48,T13),(T132,T40)),T7)),((((T168,T33),T200),((((T163,T18),(T53,T83)),(T20,T157)),T179)),T129)),((((((T169,T44),(T91,T187)),(T59,T105)),(T152,(T186,T51))),((T130,(T146,T73)),(T108,(T70,T134)))),T17))),((((((((T8,T10),T54),((T6,(T90,T167)),(T104,T191))),(T5,T22)),(T84,T50)),((((((T177,T144),T71),T12),(T46,T15)),T106),T39)),(((T24,T198),T127),T158)),((((T148,T182),T197),(T58,T118)),((T156,T86),T99)))),((((T151,((T193,T38),T171)),((T97,T65),T136)),T114),((T47,T124),T66))),T180),T87);
Use two-step algorithm!
#NNI moves:0/236
Remaining: 0
#NNI moves:1/236
#NNI moves:1/236
(((((((((((((((((((((T5,T22),((T54,(T10,T8)),((T104,T191),(T6,(T90,T167))))),(T84,T50)),(T39,(((((T177,T144),T71),T12),(T15,T46)),T106))),(((T198,T24),T127),T158)),(((T118,T58),((T148,T182),T197)),(T99,(T86,T156)))),(((((T136,(T97,T65)),(((T38,T193),T171),T151)),T114),(T66,(T124,T47))),(T180,T87))),((((((T59,T105),((T91,T187),(T44,T169))),((T186,T51),T152)),(((T146,T73),T130),((T134,T70),T108))),T17),((((T200,(T33,T168)),(((T20,T157),((T18,T163),(T53,T83))),T179)),T129),((((T48,T13),(T132,T40)),T7),T117)))),(((((((((T80,(T64,((T185,T60),T112))),(T128,T63)),(T81,T26)),((((T190,T29),((T92,T139),T115)),T94),(T155,T107))),((((T131,T14),T67),(T77,T45)),T43)),(((((T159,T76),T133),T41),(T175,T184)),((T154,(T166,T79)),T55))),T0),(((((T98,T142),T34),((T172,T164),T119)),((((T56,T173),(T101,T23)),(T141,T113)),T103)),(T42,T93))),((((T153,T32),T9),(T150,T68)),((T170,T19),T135)))),(((T95,(T183,T1)),(((T16,T192),(T176,T125)),T126)),((T61,(((T49,T2),T57),(T199,(T21,T162)))),((T110,T31),T82)))),(T74,T122)),((T109,(T116,T96)),(T194,T165))),(((T69,T160),(T145,T181)),((T88,T174),T120))),((((((((T3,T78),T75),T121),T11),(((T111,T28),(T36,T30)),T27)),(((T72,T123),T188),(T89,T161))),(((T85,(T102,T100)),(T195,T143)),(T35,T189))),T62)),(T178,T149)),T137),((T196,T4),(T37,T140))),T25),T147),T52),T138);
#NNI moves:0/236
Remaining: 0
#NNI moves:1/236
#NNI moves:1/236
((((((((((((((((T16,T192),(T176,T125)),T126),((T1,T183),T95)),(((((T162,T21),T199),((T49,T2),T57)),T61),((T31,T110),T82))),(((((((((((T28,T111),(T30,T36)),T27),((T121,((T3,T78),T75)),T11)),((T89,T161),((T72,T123),T188))),((T35,T189),(((T100,T102),T85),(T143,T195)))),T62),((((T25,((T52,T138),T147)),((T4,T196),(T140,T37))),T137),(T149,T178))),(((T174,T88),T120),((T145,T181),(T69,T160)))),((T109,(T116,T96)),(T165,T194))),(T122,T74))),(((((((((T80,((T112,(T185,T60)),T64)),(T63,T128)),(T26,T81)),((T94,((T29,T190),((T92,T139),T115))),(T107,T155))),(((T77,T45),((T131,T14),T67)),T43)),(((((T159,T76),T133),T41),(T175,T184)),(((T79,T166),T154),T55))),T0),((((T34,(T142,T98)),(T119,(T172,T164))),((((T173,T56),(T23,T101)),(T141,T113)),T103)),(T93,T42))),((((T32,T153),T9),(T68,T150)),((T19,T170),T135)))),((((((T186,T51),T152),(((T187,T91),(T169,T44)),(T105,T59))),((T108,(T70,T134)),((T146,T73),T130))),T17),(((T7,((T132,T40),(T13,T48))),T117),((((T168,T33),T200),((((T83,T53),(T18,T163)),(T157,T20)),T179)),T129)))),(((((((((T144,T177),T71),T12),(T15,T46)),T106),T39),((((T54,(T8,T10)),((T6,(T90,T167)),(T104,T191))),(T22,T5)),(T84,T50))),(T158,(T127,(T24,T198)))),(((T118,T58),(T197,(T182,T148))),((T156,T86),T99)))),(T180,T87)),(T66,(T47,T124))),T114),((T171,(T193,T38)),T151)),T136),T97),T65);
#NNI moves:0/236
Remaining: 0
#NNI moves:0/236
#NNI moves:0/236
((((((((((((((((((T112,(T60,T185)),T64),T80),(T128,T63)),(T26,T81)),((((T190,T29),((T139,T92),T115)),T94),(T155,T107))),(((T77,T45),(T67,(T131,T14))),T43)),(((((T76,T159),T133),T41),(T184,T175)),((T154,(T79,T166)),T55))),T0),((((((T173,T56),(T23,T101)),(T141,T113)),T103),(((T172,T164),T119),(T34,(T142,T98)))),(T42,T93))),(((T150,T68),((T32,T153),T9)),((T19,T170),T135))),(((((T66,(T47,T124)),((((T97,T65),T136),(((T193,T38),T171),T151)),T114)),(T87,T180)),(((((T148,T182),T197),(T58,T118)),((T156,T86),T99)),(((((((T191,T104),((T90,T167),T6)),(T54,(T10,T8))),(T22,T5)),(T84,T50)),((((((T144,T177),T71),T12),(T15,T46)),T106),T39)),((T127,(T198,T24)),T158)))),(((((T130,(T146,T73)),((T134,T70),T108)),(((T105,T59),((T91,T187),(T169,T44))),((T186,T51),T152))),T17),(((((T40,T132),(T48,T13)),T7),T117),((((T33,T168),T200),(T179,((T157,T20),((T18,T163),(T83,T53))))),T129))))),(((((((((((T28,T111),(T36,T30)),T27),((((T78,T3),T75),T121),T11)),((T161,T89),((T72,T123),T188))),(((T143,T195),(T85,(T100,T102))),(T35,T189))),T62),(((((T140,T37),(T4,T196)),(((T138,T52),T147),T25)),T137),(T178,T149))),(((T88,T174),T120),((T69,T160),(T145,T181)))),((T194,T165),(T109,(T96,T116)))),(T74,T122))),((((T125,T176),(T192,T16)),T126),(T95,(T183,T1)))),((((T21,T162),T199),(T57,(T49,T2))),T61)),T82),T31),T110);
#NNI moves:0/236
Remaining: 0
#NNI moves:1/236
#NNI moves:1/236
(((((((((((((((((T81,T26),(((((T60,T185),T112),T64),T80),(T63,T128))),((((T190,T29),((T139,T92),T115)),T94),(T107,T155))),(((T77,T45),(T67,(T131,T14))),T43)),(((T184,T175),((T133,(T159,T76)),T41)),((T154,(T166,T79)),T55))),T0),(((((T164,T172),T119),((T98,T142),T34)),(((T141,T113),((T173,T56),(T23,T101))),T103)),(T42,T93))),((((T153,T32),T9),(T150,T68)),(T135,(T19,T170)))),((((((((((T11,(((T78,T3),T75),T121)),(((T36,T30),(T28,T111)),T27)),((T188,(T72,T123)),(T89,T161))),((((T100,T102),T85),(T143,T195)),(T189,T35))),T62),((T149,T178),(((((T52,T138),T147),T25),((T37,T140),(T196,T4))),T137))),((T120,(T174,T88)),((T145,T181),(T69,T160)))),(((T116,T96),T109),(T165,T194))),(T74,T122)),(((((T176,T125),(T16,T192)),T126),(T95,(T183,T1))),(((((T2,T49),T57),(T199,(T162,T21))),T61),(T82,(T110,T31)))))),(((((T108,(T70,T134)),((T146,T73),T130)),((((T187,T91),(T169,T44)),(T105,T59)),((T186,T51),T152))),T17),(((((T132,T40),(T48,T13)),T7),T117),((((((T18,T163),(T53,T83)),(T157,T20)),T179),((T168,T33),T200)),T129)))),((((((T65,T97),T136),((T171,(T193,T38)),T151)),T114),((T47,T124),T66)),(T87,T180))),((((((((T167,T90),T6),(T104,T191)),((T10,T8),T54)),(T5,T22)),(T50,T84)),((((T15,T46),((T71,(T144,T177)),T12)),T106),T39)),(((T198,T24),T127),T158))),((T156,T86),T99)),(T118,T58)),T197),T148),T182);
Current score: 3.30748e+10
Current tree: ((T180,((((((T65,T97),T136),((T171,(T193,T38)),T151)),T114),((T47,T124),T66)),(((((((((((T81,T26),(((((T60,T185),T112),T64),T80),(T63,T128))),((((T190,T29),((T139,T92),T115)),T94),(T107,T155))),(((T77,T45),(T67,(T131,T14))),T43)),(((T184,T175),((T133,(T159,T76)),T41)),((T154,(T166,T79)),T55))),T0),(((((T164,T172),T119),((T98,T142),T34)),(((T141,T113),((T173,T56),(T23,T101))),T103)),(T42,T93))),((((T153,T32),T9),(T150,T68)),(T135,(T19,T170)))),((((((((((T11,(((T78,T3),T75),T121)),(((T36,T30),(T28,T111)),T27)),((T188,(T72,T123)),(T89,T161))),((((T100,T102),T85),(T143,T195)),(T189,T35))),T62),((T149,T178),(((((T52,T138),T147),T25),((T37,T140),(T196,T4))),T137))),((T120,(T174,T88)),((T145,T181),(T69,T160)))),(((T116,T96),T109),(T165,T194))),(T74,T122)),(((((T176,T125),(T16,T192)),T126),(T95,(T183,T1))),(((((T2,T49),T57),(T199,(T162,T21))),T61),(T82,(T110,T31)))))),(((((T108,(T70,T134)),((T146,T73),T130)),((((T187,T91),(T169,T44)),(T105,T59)),((T186,T51),T152))),T17),(((((T132,T40),(T48,T13)),T7),T117),((((((T18,T163),(T53,T83)),(T157,T20)),T179),((T168,T33),T200)),T129)))),(((((((((T167,T90),T6),(T104,T191)),((T10,T8),T54)),(T5,T22)),(T50,T84)),((((T15,T46),((T71,(T144,T177)),T12)),T106),T39)),(((T198,T24),T127),T158)),(((T156,T86),T99),((T118,T58),(T197,(T148,T182)))))))),T87);
Final Tree: ((T180,((((((T65,T97),T136),((T171,(T193,T38)),T151)),T114),((T47,T124),T66)),(((((((((((T81,T26),(((((T60,T185),T112),T64),T80),(T63,T128))),((((T190,T29),((T139,T92),T115)),T94),(T107,T155))),(((T77,T45),(T67,(T131,T14))),T43)),(((T184,T175),((T133,(T159,T76)),T41)),((T154,(T166,T79)),T55))),T0),(((((T164,T172),T119),((T98,T142),T34)),(((T141,T113),((T173,T56),(T23,T101))),T103)),(T42,T93))),((((T153,T32),T9),(T150,T68)),(T135,(T19,T170)))),((((((((((T11,(((T78,T3),T75),T121)),(((T36,T30),(T28,T111)),T27)),((T188,(T72,T123)),(T89,T161))),((((T100,T102),T85),(T143,T195)),(T189,T35))),T62),((T149,T178),(((((T52,T138),T147),T25),((T37,T140),(T196,T4))),T137))),((T120,(T174,T88)),((T145,T181),(T69,T160)))),(((T116,T96),T109),(T165,T194))),(T74,T122)),(((((T176,T125),(T16,T192)),T126),(T95,(T183,T1))),(((((T2,T49),T57),(T199,(T162,T21))),T61),(T82,(T110,T31)))))),(((((T108,(T70,T134)),((T146,T73),T130)),((((T187,T91),(T169,T44)),(T105,T59)),((T186,T51),T152))),T17),(((((T132,T40),(T48,T13)),T7),T117),((((((T18,T163),(T53,T83)),(T157,T20)),T179),((T168,T33),T200)),T129)))),(((((((((T167,T90),T6),(T104,T191)),((T10,T8),T54)),(T5,T22)),(T50,T84)),((((T15,T46),((T71,(T144,T177)),T12)),T106),T39)),(((T198,T24),T127),T158)),(((T156,T86),T99),((T118,T58),(T197,(T148,T182)))))))),T87);
Score: 3.307482827e+10

real	1m43.555s
user	41m18.676s
sys	0m16.898s
