
RAxML-NG v. 1.1.0-master released on 04.08.2022 by The Exelixis Lab.
Developed by: Alexey M. Kozlov and Alexandros Stamatakis.
Contributors: Diego Darriba, Tomas Flouri, Benoit Morel, Sarah Lutteropp, Ben Bettisworth.
Latest version: https://github.com/amkozlov/raxml-ng
Questions/problems/suggestions? Please visit: https://groups.google.com/forum/#!forum/raxml

System: AMD EPYC 7742 64-Core Processor, 128 cores, 251 GB RAM

RAxML-NG was called at 02-Jan-2023 11:06:42 as follows:

/home/chaos/programs/raxml-ng/raxml-ng/bin/raxml-ng --msa data/alignment/38_0.1X_S201_0_haploid --tree pars{1} --model GTR+G --threads 64

Analysis options:
  run mode: ML tree search
  start tree(s): parsimony (1)
  random seed: 1672686402
  tip-inner: OFF
  pattern compression: ON
  per-rate scalers: OFF
  site repeats: ON
  fast spr radius: AUTO
  spr subtree cutoff: 1.000000
  branch lengths: proportional (ML estimate, algorithm: NR-FAST)
  SIMD kernels: AVX2
  parallelization: coarse-grained (auto), PTHREADS (64 threads), thread pinning: OFF

[00:00:00] Reading alignment from file: data/alignment/38_0.1X_S201_0_haploid
[00:00:02] Loaded alignment with 201 taxa and 5000000 sites

Alignment comprises 1 partitions and 377179 patterns

Partition 0: noname
Model: GTR+FO+G4m
Alignment sites / patterns: 5000000 / 377179
Gaps: 0.00 %
Invariant sites: 63.99 %


NOTE: Binary MSA file created: data/alignment/38_0.1X_S201_0_haploid.raxml.rba

Parallelization scheme autoconfig: 1 worker(s) x 64 thread(s)

Parallel reduction/worker buffer size: 1 KB  / 0 KB

[00:00:20] Generating 1 parsimony starting tree(s) with 201 taxa
[00:00:27] Data distribution: max. partitions/sites/weight per thread: 1 / 5894 / 94304
[00:00:27] Data distribution: max. searches per worker: 1

Starting ML tree search with 1 distinct starting trees

[00:00:27 -54505361.638872] Initial branch length optimization
[00:00:30 -27877212.603334] Model parameter optimization (eps = 10.000000)
[00:00:41 -27090060.339276] AUTODETECT spr round 1 (radius: 5)
[00:00:57 -27089600.964478] AUTODETECT spr round 2 (radius: 10)
[00:01:40 -27089600.964459] SPR radius for FAST iterations: 5 (autodetect)
[00:01:40 -27089600.964459] Model parameter optimization (eps = 3.000000)
[00:01:41 -27089600.903987] FAST spr round 1 (radius: 5)
[00:01:56 -27089248.934433] FAST spr round 2 (radius: 5)
[00:02:12 -27089218.459458] FAST spr round 3 (radius: 5)
[00:02:27 -27089198.588405] FAST spr round 4 (radius: 5)
[00:02:45 -27089198.588405] Model parameter optimization (eps = 1.000000)
[00:02:45 -27089198.557833] SLOW spr round 1 (radius: 5)
[00:03:43 -27089198.557833] SLOW spr round 2 (radius: 10)
[00:04:40 -27089198.557833] SLOW spr round 3 (radius: 15)
[00:06:44 -27089198.557833] SLOW spr round 4 (radius: 20)
[00:08:06 -27089198.557833] SLOW spr round 5 (radius: 25)
[00:08:26 -27089198.557833] Model parameter optimization (eps = 0.100000)

[00:08:27] ML tree search #1, logLikelihood: -27089198.547341


Optimized model parameters:

   Partition 0: noname
   Rate heterogeneity: GAMMA (4 cats, mean),  alpha: 1.594048 (ML),  weights&rates: (0.250000,0.239492) (0.250000,0.603497) (0.250000,1.055498) (0.250000,2.101512) 
   Base frequencies (ML): 0.286102 0.215415 0.326946 0.171536 
   Substitution rates (ML): 0.946736 5.937324 3.010512 4.548999 8.553761 1.000000 


Final LogLikelihood: -27089198.547341

AIC score: 54179213.094683 / AICc score: 54179213.161437 / BIC score: 54184690.473659
Free parameters (model + branch lengths): 408

Best ML tree saved to: /expanse/lustre/projects/uot138/chaos/ASTERISK-sim/data/alignment/38_0.1X_S201_0_haploid.raxml.bestTree
Optimized model saved to: /expanse/lustre/projects/uot138/chaos/ASTERISK-sim/data/alignment/38_0.1X_S201_0_haploid.raxml.bestModel

Execution log saved to: /expanse/lustre/projects/uot138/chaos/ASTERISK-sim/data/alignment/38_0.1X_S201_0_haploid.raxml.log

Analysis started: 02-Jan-2023 11:06:42 / finished: 02-Jan-2023 11:15:10

Elapsed time: 507.258 seconds

Consumed energy: 63.245 Wh

