Accurate Species Tree EstimatoR from Independent Site Kernals
Version: v1.13.0.0
#Base: 1014763374
#Species: 201
#Rounds: 1
#Samples: 0
#Threads: 64
Use two-step algorithm!
Guide Tree 0/27
#NNI moves:3/236
Guide Tree 1/27
#NNI moves:3/236
Guide Tree 2/27
#NNI moves:3/236
Guide Tree 3/27
#NNI moves:2/236
Guide Tree 4/27
#NNI moves:0/236
Guide Tree 5/27
#NNI moves:3/236
Guide Tree 6/27
#NNI moves:0/236
Guide Tree 7/27
#NNI moves:0/236
Guide Tree 8/27
#NNI moves:0/236
Guide Tree 9/27
#NNI moves:0/236
Guide Tree 10/27
#NNI moves:3/236
Guide Tree 11/27
#NNI moves:0/236
Guide Tree 12/27
#NNI moves:1/236
Guide Tree 13/27
#NNI moves:0/236
Guide Tree 14/27
#NNI moves:1/236
Guide Tree 15/27
#NNI moves:0/236
Guide Tree 16/27
#NNI moves:1/236
Guide Tree 17/27
#NNI moves:3/236
Guide Tree 18/27
#NNI moves:0/236
Guide Tree 19/27
#NNI moves:0/236
Guide Tree 20/27
#NNI moves:3/236
Guide Tree 21/27
#NNI moves:0/236
Guide Tree 22/27
#NNI moves:1/236
Guide Tree 23/27
#NNI moves:4/236
Guide Tree 24/27
#NNI moves:0/236
Guide Tree 25/27
#NNI moves:3/236
Guide Tree 26/27
#NNI moves:0/236
Remaining: 0
#NNI moves:0/236
#NNI moves:0/236
((((((((((((((((T196,T79),T112),((T198,T23),T61)),((T80,((T4,T53),(T168,T29))),(((((T15,T98),T141),T182),T193),((T197,T70),(((T158,T73),T16),T171))))),(((T159,(T58,T103)),T9),(((T126,T180),T157),(T42,T200)))),(((((T173,T68),(T125,T86)),(T134,T40)),(T10,T136)),((T185,T100),T124))),(((((((T44,T12),T36),T13),(((T33,T41),T77),T2)),(((T47,T148),T93),(T151,T146))),(((T24,((T169,T120),(T59,T82))),T81),T186)),T0)),(((((((T105,(T92,T27)),(T28,T17)),(T34,T117)),((((T131,T85),T192),(T55,T72)),T138)),(((T90,T64),((T187,T102),(T176,T56))),((T95,T63),T133))),(T110,(T184,T108))),(T3,((T122,T129),T154)))),((((((((((T50,T51),T83),T74),T38),T104),((T175,T25),((T30,T37),T155))),(((T39,T14),(T145,T97)),T149)),(T60,T166)),(T164,T109)),(((((((((T1,T96),T143),(T69,T88)),(T32,(T35,T167))),((T18,T130),T84)),(((T188,T99),(((T31,T62),(T160,(T178,T46))),(T21,T140))),((T174,T107),(T190,(T177,T5))))),T76),(T89,(T128,T111))),T132))),((((((T142,T8),T78),T11),(((T161,T94),(T189,T199)),T137)),T179),(T45,T156))),T75),(((((((T113,T163),(T170,T118)),T49),T147),((T101,T114),T152)),((((T181,((T71,T7),T48)),(T150,T127)),(((T172,T20),T106),(T144,T139))),T87)),((T43,T165),T194))),((T195,T57),T6)),((((((T119,T26),T183),((T153,T52),(T19,T135))),(T65,T123)),T66),(((T115,((T67,T116),T22)),T121),T54))),(T191,T162)),T91);
Initial score: 3.10697e+14
Initial tree: ((((((((((((((((T196,T79),T112),((T198,T23),T61)),((T80,((T4,T53),(T168,T29))),(((((T15,T98),T141),T182),T193),((T197,T70),(((T158,T73),T16),T171))))),(((T159,(T58,T103)),T9),(((T126,T180),T157),(T42,T200)))),(((((T173,T68),(T125,T86)),(T134,T40)),(T10,T136)),((T185,T100),T124))),(((((((T44,T12),T36),T13),(((T33,T41),T77),T2)),(((T47,T148),T93),(T151,T146))),(((T24,((T169,T120),(T59,T82))),T81),T186)),T0)),(((((((T105,(T92,T27)),(T28,T17)),(T34,T117)),((((T131,T85),T192),(T55,T72)),T138)),(((T90,T64),((T187,T102),(T176,T56))),((T95,T63),T133))),(T110,(T184,T108))),(T3,((T122,T129),T154)))),((((((((((T50,T51),T83),T74),T38),T104),((T175,T25),((T30,T37),T155))),(((T39,T14),(T145,T97)),T149)),(T60,T166)),(T164,T109)),(((((((((T1,T96),T143),(T69,T88)),(T32,(T35,T167))),((T18,T130),T84)),(((T188,T99),(((T31,T62),(T160,(T178,T46))),(T21,T140))),((T174,T107),(T190,(T177,T5))))),T76),(T89,(T128,T111))),T132))),((((((T142,T8),T78),T11),(((T161,T94),(T189,T199)),T137)),T179),(T45,T156))),T75),(((((((T113,T163),(T170,T118)),T49),T147),((T101,T114),T152)),((((T181,((T71,T7),T48)),(T150,T127)),(((T172,T20),T106),(T144,T139))),T87)),((T43,T165),T194))),((T195,T57),T6)),((((((T119,T26),T183),((T153,T52),(T19,T135))),(T65,T123)),T66),(((T115,((T67,T116),T22)),T121),T54))),(T191,T162)),T91);
*** Subsample Process ***
Current score: 3.10697e+14
Current tree: ((((((((((((((((T196,T79),T112),((T198,T23),T61)),((T80,((T4,T53),(T168,T29))),(((((T15,T98),T141),T182),T193),((T197,T70),(((T158,T73),T16),T171))))),(((T159,(T58,T103)),T9),(((T126,T180),T157),(T42,T200)))),(((((T173,T68),(T125,T86)),(T134,T40)),(T10,T136)),((T185,T100),T124))),(((((((T44,T12),T36),T13),(((T33,T41),T77),T2)),(((T47,T148),T93),(T151,T146))),(((T24,((T169,T120),(T59,T82))),T81),T186)),T0)),(((((((T105,(T92,T27)),(T28,T17)),(T34,T117)),((((T131,T85),T192),(T55,T72)),T138)),(((T90,T64),((T187,T102),(T176,T56))),((T95,T63),T133))),(T110,(T184,T108))),(T3,((T122,T129),T154)))),((((((((((T50,T51),T83),T74),T38),T104),((T175,T25),((T30,T37),T155))),(((T39,T14),(T145,T97)),T149)),(T60,T166)),(T164,T109)),(((((((((T1,T96),T143),(T69,T88)),(T32,(T35,T167))),((T18,T130),T84)),(((T188,T99),(((T31,T62),(T160,(T178,T46))),(T21,T140))),((T174,T107),(T190,(T177,T5))))),T76),(T89,(T128,T111))),T132))),((((((T142,T8),T78),T11),(((T161,T94),(T189,T199)),T137)),T179),(T45,T156))),T75),(((((((T113,T163),(T170,T118)),T49),T147),((T101,T114),T152)),((((T181,((T71,T7),T48)),(T150,T127)),(((T172,T20),T106),(T144,T139))),T87)),((T43,T165),T194))),((T195,T57),T6)),((((((T119,T26),T183),((T153,T52),(T19,T135))),(T65,T123)),T66),(((T115,((T67,T116),T22)),T121),T54))),(T191,T162)),T91);
Final Tree: ((((((((((((((((T196,T79),T112),((T198,T23),T61)),((T80,((T4,T53),(T168,T29))),(((((T15,T98),T141),T182),T193),((T197,T70),(((T158,T73),T16),T171))))),(((T159,(T58,T103)),T9),(((T126,T180),T157),(T42,T200)))),(((((T173,T68),(T125,T86)),(T134,T40)),(T10,T136)),((T185,T100),T124))),(((((((T44,T12),T36),T13),(((T33,T41),T77),T2)),(((T47,T148),T93),(T151,T146))),(((T24,((T169,T120),(T59,T82))),T81),T186)),T0)),(((((((T105,(T92,T27)),(T28,T17)),(T34,T117)),((((T131,T85),T192),(T55,T72)),T138)),(((T90,T64),((T187,T102),(T176,T56))),((T95,T63),T133))),(T110,(T184,T108))),(T3,((T122,T129),T154)))),((((((((((T50,T51),T83),T74),T38),T104),((T175,T25),((T30,T37),T155))),(((T39,T14),(T145,T97)),T149)),(T60,T166)),(T164,T109)),(((((((((T1,T96),T143),(T69,T88)),(T32,(T35,T167))),((T18,T130),T84)),(((T188,T99),(((T31,T62),(T160,(T178,T46))),(T21,T140))),((T174,T107),(T190,(T177,T5))))),T76),(T89,(T128,T111))),T132))),((((((T142,T8),T78),T11),(((T161,T94),(T189,T199)),T137)),T179),(T45,T156))),T75),(((((((T113,T163),(T170,T118)),T49),T147),((T101,T114),T152)),((((T181,((T71,T7),T48)),(T150,T127)),(((T172,T20),T106),(T144,T139))),T87)),((T43,T165),T194))),((T195,T57),T6)),((((((T119,T26),T183),((T153,T52),(T19,T135))),(T65,T123)),T66),(((T115,((T67,T116),T22)),T121),T54))),(T191,T162)),T91);
Score: 3.10697e+14

real	11m2.597s
user	483m20.164s
sys	0m38.782s
