
RAxML-NG v. 1.1.0-master released on 04.08.2022 by The Exelixis Lab.
Developed by: Alexey M. Kozlov and Alexandros Stamatakis.
Contributors: Diego Darriba, Tomas Flouri, Benoit Morel, Sarah Lutteropp, Ben Bettisworth.
Latest version: https://github.com/amkozlov/raxml-ng
Questions/problems/suggestions? Please visit: https://groups.google.com/forum/#!forum/raxml

System: AMD EPYC 7742 64-Core Processor, 128 cores, 251 GB RAM

RAxML-NG was called at 02-Jan-2023 11:00:48 as follows:

/home/chaos/programs/raxml-ng/raxml-ng/bin/raxml-ng --msa data/alignment/3_0.1X_S201_0_haploid --tree pars{1} --model GTR+G --threads 64

Analysis options:
  run mode: ML tree search
  start tree(s): parsimony (1)
  random seed: 1672686048
  tip-inner: OFF
  pattern compression: ON
  per-rate scalers: OFF
  site repeats: ON
  fast spr radius: AUTO
  spr subtree cutoff: 1.000000
  branch lengths: proportional (ML estimate, algorithm: NR-FAST)
  SIMD kernels: AVX2
  parallelization: coarse-grained (auto), PTHREADS (64 threads), thread pinning: OFF

[00:00:00] Reading alignment from file: data/alignment/3_0.1X_S201_0_haploid
[00:00:02] Loaded alignment with 201 taxa and 5000000 sites

Alignment comprises 1 partitions and 312883 patterns

Partition 0: noname
Model: GTR+FO+G4m
Alignment sites / patterns: 5000000 / 312883
Gaps: 0.00 %
Invariant sites: 64.76 %


NOTE: Binary MSA file created: data/alignment/3_0.1X_S201_0_haploid.raxml.rba

Parallelization scheme autoconfig: 1 worker(s) x 64 thread(s)

Parallel reduction/worker buffer size: 1 KB  / 0 KB

[00:00:20] Generating 1 parsimony starting tree(s) with 201 taxa
[00:00:25] Data distribution: max. partitions/sites/weight per thread: 1 / 4889 / 78224
[00:00:25] Data distribution: max. searches per worker: 1

Starting ML tree search with 1 distinct starting trees

[00:00:25 -53741849.523124] Initial branch length optimization
[00:00:27 -26698854.139400] Model parameter optimization (eps = 10.000000)
[00:00:34 -25642493.956748] AUTODETECT spr round 1 (radius: 5)
[00:00:46 -25642091.055241] AUTODETECT spr round 2 (radius: 10)
[00:01:17 -25642091.055241] SPR radius for FAST iterations: 5 (autodetect)
[00:01:17 -25642091.055241] Model parameter optimization (eps = 3.000000)
[00:01:18 -25642091.026562] FAST spr round 1 (radius: 5)
[00:01:30 -25642035.838050] FAST spr round 2 (radius: 5)
[00:01:42 -25641997.445829] FAST spr round 3 (radius: 5)
[00:01:55 -25641970.670243] FAST spr round 4 (radius: 5)
[00:02:07 -25641949.510974] FAST spr round 5 (radius: 5)
[00:02:20 -25641941.361671] FAST spr round 6 (radius: 5)
[00:02:33 -25641941.361671] Model parameter optimization (eps = 1.000000)
[00:02:33 -25641941.325237] SLOW spr round 1 (radius: 5)
[00:03:19 -25641941.325237] SLOW spr round 2 (radius: 10)
[00:04:07 -25641941.325237] SLOW spr round 3 (radius: 15)
[00:05:32 -25641941.325237] SLOW spr round 4 (radius: 20)
[00:06:39 -25641941.325237] SLOW spr round 5 (radius: 25)
[00:06:50 -25641941.325237] Model parameter optimization (eps = 0.100000)

[00:06:51] ML tree search #1, logLikelihood: -25641941.311673


Optimized model parameters:

   Partition 0: noname
   Rate heterogeneity: GAMMA (4 cats, mean),  alpha: 2.334759 (ML),  weights&rates: (0.250000,0.330209) (0.250000,0.686464) (0.250000,1.076484) (0.250000,1.906843) 
   Base frequencies (ML): 0.301894 0.171234 0.260382 0.266490 
   Substitution rates (ML): 0.493066 4.063025 0.567854 0.517991 3.565734 1.000000 


Final LogLikelihood: -25641941.311673

AIC score: 51284698.623347 / AICc score: 51284698.690101 / BIC score: 51290176.002323
Free parameters (model + branch lengths): 408

Best ML tree saved to: /expanse/lustre/projects/uot138/chaos/ASTERISK-sim/data/alignment/3_0.1X_S201_0_haploid.raxml.bestTree
Optimized model saved to: /expanse/lustre/projects/uot138/chaos/ASTERISK-sim/data/alignment/3_0.1X_S201_0_haploid.raxml.bestModel

Execution log saved to: /expanse/lustre/projects/uot138/chaos/ASTERISK-sim/data/alignment/3_0.1X_S201_0_haploid.raxml.log

Analysis started: 02-Jan-2023 11:00:48 / finished: 02-Jan-2023 11:07:40

Elapsed time: 411.435 seconds

Consumed energy: 51.840 Wh

