
RAxML-NG v. 1.1.0-master released on 04.08.2022 by The Exelixis Lab.
Developed by: Alexey M. Kozlov and Alexandros Stamatakis.
Contributors: Diego Darriba, Tomas Flouri, Benoit Morel, Sarah Lutteropp, Ben Bettisworth.
Latest version: https://github.com/amkozlov/raxml-ng
Questions/problems/suggestions? Please visit: https://groups.google.com/forum/#!forum/raxml

System: AMD EPYC 7742 64-Core Processor, 128 cores, 251 GB RAM

RAxML-NG was called at 02-Jan-2023 11:07:18 as follows:

/home/chaos/programs/raxml-ng/raxml-ng/bin/raxml-ng --msa data/alignment/40_0.1X_S201_0_haploid --tree pars{1} --model GTR+G --threads 64

Analysis options:
  run mode: ML tree search
  start tree(s): parsimony (1)
  random seed: 1672686438
  tip-inner: OFF
  pattern compression: ON
  per-rate scalers: OFF
  site repeats: ON
  fast spr radius: AUTO
  spr subtree cutoff: 1.000000
  branch lengths: proportional (ML estimate, algorithm: NR-FAST)
  SIMD kernels: AVX2
  parallelization: coarse-grained (auto), PTHREADS (64 threads), thread pinning: OFF

[00:00:00] Reading alignment from file: data/alignment/40_0.1X_S201_0_haploid
[00:00:02] Loaded alignment with 201 taxa and 5000000 sites

Alignment comprises 1 partitions and 289430 patterns

Partition 0: noname
Model: GTR+FO+G4m
Alignment sites / patterns: 5000000 / 289430
Gaps: 0.00 %
Invariant sites: 67.90 %


NOTE: Binary MSA file created: data/alignment/40_0.1X_S201_0_haploid.raxml.rba

Parallelization scheme autoconfig: 1 worker(s) x 64 thread(s)

Parallel reduction/worker buffer size: 1 KB  / 0 KB

[00:00:20] Generating 1 parsimony starting tree(s) with 201 taxa
[00:00:24] Data distribution: max. partitions/sites/weight per thread: 1 / 4523 / 72368
[00:00:24] Data distribution: max. searches per worker: 1

Starting ML tree search with 1 distinct starting trees

[00:00:24 -52349427.198657] Initial branch length optimization
[00:00:26 -24832239.818841] Model parameter optimization (eps = 10.000000)
[00:00:33 -24212911.643348] AUTODETECT spr round 1 (radius: 5)
[00:00:43 -24212528.536087] AUTODETECT spr round 2 (radius: 10)
[00:01:12 -24212528.536087] SPR radius for FAST iterations: 5 (autodetect)
[00:01:12 -24212528.536087] Model parameter optimization (eps = 3.000000)
[00:01:13 -24212528.494082] FAST spr round 1 (radius: 5)
[00:01:25 -24212528.494082] Model parameter optimization (eps = 1.000000)
[00:01:25 -24212528.465648] SLOW spr round 1 (radius: 5)
[00:02:07 -24212528.465648] SLOW spr round 2 (radius: 10)
[00:02:53 -24212528.465648] SLOW spr round 3 (radius: 15)
[00:04:17 -24212528.465648] SLOW spr round 4 (radius: 20)
[00:05:21 -24212528.465648] SLOW spr round 5 (radius: 25)
[00:05:40 -24212528.465648] Model parameter optimization (eps = 0.100000)

[00:05:40] ML tree search #1, logLikelihood: -24212528.434286


Optimized model parameters:

   Partition 0: noname
   Rate heterogeneity: GAMMA (4 cats, mean),  alpha: 2.310695 (ML),  weights&rates: (0.250000,0.327741) (0.250000,0.684449) (0.250000,1.076123) (0.250000,1.911687) 
   Base frequencies (ML): 0.236002 0.236871 0.306642 0.220485 
   Substitution rates (ML): 3.406737 5.979589 0.287273 2.072828 4.106262 1.000000 


Final LogLikelihood: -24212528.434286

AIC score: 48425872.868571 / AICc score: 48425872.935326 / BIC score: 48431350.247547
Free parameters (model + branch lengths): 408

Best ML tree saved to: /expanse/lustre/projects/uot138/chaos/ASTERISK-sim/data/alignment/40_0.1X_S201_0_haploid.raxml.bestTree
Optimized model saved to: /expanse/lustre/projects/uot138/chaos/ASTERISK-sim/data/alignment/40_0.1X_S201_0_haploid.raxml.bestModel

Execution log saved to: /expanse/lustre/projects/uot138/chaos/ASTERISK-sim/data/alignment/40_0.1X_S201_0_haploid.raxml.log

Analysis started: 02-Jan-2023 11:07:18 / finished: 02-Jan-2023 11:12:59

Elapsed time: 341.206 seconds

Consumed energy: 41.912 Wh

