Accurate Species Tree EstimatoR from Independent Site Kernals
Version: v1.13.0.0
#Base: 916963005
#Species: 201
#Rounds: 1
#Samples: 0
#Threads: 64
Use two-step algorithm!
Guide Tree 0/27
#NNI moves:0/236
Guide Tree 1/27
#NNI moves:0/236
Guide Tree 2/27
#NNI moves:0/236
Guide Tree 3/27
#NNI moves:0/236
Guide Tree 4/27
#NNI moves:0/236
Guide Tree 5/27
#NNI moves:0/236
Guide Tree 6/27
#NNI moves:0/236
Guide Tree 7/27
#NNI moves:0/236
Guide Tree 8/27
#NNI moves:0/236
Guide Tree 9/27
#NNI moves:0/236
Guide Tree 10/27
#NNI moves:0/236
Guide Tree 11/27
#NNI moves:0/236
Guide Tree 12/27
#NNI moves:0/236
Guide Tree 13/27
#NNI moves:0/236
Guide Tree 14/27
#NNI moves:0/236
Guide Tree 15/27
#NNI moves:0/236
Guide Tree 16/27
#NNI moves:0/236
Guide Tree 17/27
#NNI moves:0/236
Guide Tree 18/27
#NNI moves:0/236
Guide Tree 19/27
#NNI moves:0/236
Guide Tree 20/27
#NNI moves:0/236
Guide Tree 21/27
#NNI moves:0/236
Guide Tree 22/27
#NNI moves:0/236
Guide Tree 23/27
#NNI moves:0/236
Guide Tree 24/27
#NNI moves:0/236
Guide Tree 25/27
#NNI moves:0/236
Guide Tree 26/27
#NNI moves:0/236
Remaining: 0
#NNI moves:2/236
#NNI moves:2/236
((((((((((((((((((((T151,((T157,T154),T160)),T121),((((T28,T115),(T41,T130)),(T125,(T122,T17))),T23)),(T84,(T12,T50))),(((T111,T104),T61),T149)),(T179,T35)),((((((((T90,T108),T80),T96),T42),(T165,(T27,T43))),(((T105,(T136,T91)),T185),(T190,(T8,T38)))),(T133,T60)),(T172,(T193,T70)))),(((((T10,T79),(T150,T34)),(((T159,T198),T102),(T54,T19))),(T135,T187)),(((T162,(T109,T173)),T31),(((T73,T142),T127),T134)))),((((T110,(T132,T51)),T163),((((((T113,T176),T59),((T66,T87),T46)),T197),(T117,T200)),T137)),(((T161,T182),T67),T33))),(((((T20,T82),T55),((((((T103,(((T89,T24),T171),T147)),T181),T148),T140),T168),T174)),T186),(T65,(((T143,T141),T177),T13)))),(((T36,T93),T56),(T99,T131))),((((((((T85,T164),T32),(((T158,T72),T14),T129)),T107),((((((T11,((T118,T191),(T120,T29))),(T97,T156)),((T53,((T152,T25),T5)),(T81,T167))),(T184,T92)),T144),((T4,(((T40,T71),T64),T86)),(T188,T146)))),((T39,((T119,T175),T192)),(T95,(T100,T1)))),(((T189,(T15,T45)),(((T180,T139),(T6,T68)),(T194,T52))),T155)),((((T128,T16),(T21,T78)),T94),((T30,T49),T145)))),T0),((((((T178,T47),T22),((T112,T83),(T7,T63))),(((T37,(T88,T44)),T62),T3)),T69),T116)),((((T74,(T98,T26)),(T124,(T9,T183))),(T169,T77)),((T58,T153),(T75,T195)))),(((T106,T57),T199),((T48,T166),((T123,T76),T114)))),(((T2,T170),T138),T18)),T196),T101),T126);
Initial score: 2.81452e+14
Initial tree: ((((((((((((((((((((T151,((T157,T154),T160)),T121),((((T28,T115),(T41,T130)),(T125,(T122,T17))),T23)),(T84,(T12,T50))),(((T111,T104),T61),T149)),(T179,T35)),((((((((T90,T108),T80),T96),T42),(T165,(T27,T43))),(((T105,(T136,T91)),T185),(T190,(T8,T38)))),(T133,T60)),(T172,(T193,T70)))),(((((T10,T79),(T150,T34)),(((T159,T198),T102),(T54,T19))),(T135,T187)),(((T162,(T109,T173)),T31),(((T73,T142),T127),T134)))),((((T110,(T132,T51)),T163),((((((T113,T176),T59),((T66,T87),T46)),T197),(T117,T200)),T137)),(((T161,T182),T67),T33))),(((((T20,T82),T55),((((((T103,(((T89,T24),T171),T147)),T181),T148),T140),T168),T174)),T186),(T65,(((T143,T141),T177),T13)))),(((T36,T93),T56),(T99,T131))),((((((((T85,T164),T32),(((T158,T72),T14),T129)),T107),((((((T11,((T118,T191),(T120,T29))),(T97,T156)),((T53,((T152,T25),T5)),(T81,T167))),(T184,T92)),T144),((T4,(((T40,T71),T64),T86)),(T188,T146)))),((T39,((T119,T175),T192)),(T95,(T100,T1)))),(((T189,(T15,T45)),(((T180,T139),(T6,T68)),(T194,T52))),T155)),((((T128,T16),(T21,T78)),T94),((T30,T49),T145)))),T0),((((((T178,T47),T22),((T112,T83),(T7,T63))),(((T37,(T88,T44)),T62),T3)),T69),T116)),((((T74,(T98,T26)),(T124,(T9,T183))),(T169,T77)),((T58,T153),(T75,T195)))),(((T106,T57),T199),((T48,T166),((T123,T76),T114)))),(((T2,T170),T138),T18)),T196),T101),T126);
*** Subsample Process ***
Current score: 2.81452e+14
Current tree: ((((((((((((((((((((T151,((T157,T154),T160)),T121),((((T28,T115),(T41,T130)),(T125,(T122,T17))),T23)),(T84,(T12,T50))),(((T111,T104),T61),T149)),(T179,T35)),((((((((T90,T108),T80),T96),T42),(T165,(T27,T43))),(((T105,(T136,T91)),T185),(T190,(T8,T38)))),(T133,T60)),(T172,(T193,T70)))),(((((T10,T79),(T150,T34)),(((T159,T198),T102),(T54,T19))),(T135,T187)),(((T162,(T109,T173)),T31),(((T73,T142),T127),T134)))),((((T110,(T132,T51)),T163),((((((T113,T176),T59),((T66,T87),T46)),T197),(T117,T200)),T137)),(((T161,T182),T67),T33))),(((((T20,T82),T55),((((((T103,(((T89,T24),T171),T147)),T181),T148),T140),T168),T174)),T186),(T65,(((T143,T141),T177),T13)))),(((T36,T93),T56),(T99,T131))),((((((((T85,T164),T32),(((T158,T72),T14),T129)),T107),((((((T11,((T118,T191),(T120,T29))),(T97,T156)),((T53,((T152,T25),T5)),(T81,T167))),(T184,T92)),T144),((T4,(((T40,T71),T64),T86)),(T188,T146)))),((T39,((T119,T175),T192)),(T95,(T100,T1)))),(((T189,(T15,T45)),(((T180,T139),(T6,T68)),(T194,T52))),T155)),((((T128,T16),(T21,T78)),T94),((T30,T49),T145)))),T0),((((((T178,T47),T22),((T112,T83),(T7,T63))),(((T37,(T88,T44)),T62),T3)),T69),T116)),((((T74,(T98,T26)),(T124,(T9,T183))),(T169,T77)),((T58,T153),(T75,T195)))),(((T106,T57),T199),((T48,T166),((T123,T76),T114)))),(((T2,T170),T138),T18)),T196),T101),T126);
Final Tree: ((((((((((((((((((((T151,((T157,T154),T160)),T121),((((T28,T115),(T41,T130)),(T125,(T122,T17))),T23)),(T84,(T12,T50))),(((T111,T104),T61),T149)),(T179,T35)),((((((((T90,T108),T80),T96),T42),(T165,(T27,T43))),(((T105,(T136,T91)),T185),(T190,(T8,T38)))),(T133,T60)),(T172,(T193,T70)))),(((((T10,T79),(T150,T34)),(((T159,T198),T102),(T54,T19))),(T135,T187)),(((T162,(T109,T173)),T31),(((T73,T142),T127),T134)))),((((T110,(T132,T51)),T163),((((((T113,T176),T59),((T66,T87),T46)),T197),(T117,T200)),T137)),(((T161,T182),T67),T33))),(((((T20,T82),T55),((((((T103,(((T89,T24),T171),T147)),T181),T148),T140),T168),T174)),T186),(T65,(((T143,T141),T177),T13)))),(((T36,T93),T56),(T99,T131))),((((((((T85,T164),T32),(((T158,T72),T14),T129)),T107),((((((T11,((T118,T191),(T120,T29))),(T97,T156)),((T53,((T152,T25),T5)),(T81,T167))),(T184,T92)),T144),((T4,(((T40,T71),T64),T86)),(T188,T146)))),((T39,((T119,T175),T192)),(T95,(T100,T1)))),(((T189,(T15,T45)),(((T180,T139),(T6,T68)),(T194,T52))),T155)),((((T128,T16),(T21,T78)),T94),((T30,T49),T145)))),T0),((((((T178,T47),T22),((T112,T83),(T7,T63))),(((T37,(T88,T44)),T62),T3)),T69),T116)),((((T74,(T98,T26)),(T124,(T9,T183))),(T169,T77)),((T58,T153),(T75,T195)))),(((T106,T57),T199),((T48,T166),((T123,T76),T114)))),(((T2,T170),T138),T18)),T196),T101),T126);
Score: 2.81452e+14

real	7m53.194s
user	361m47.952s
sys	0m22.126s
