Weighted ASTRAL - Hybrid
Version: v1.13.2.3
#Genetrees: 2000
#Species: 201
#Rounds: 4
#Samples: 4
#Threads: 32
Use two-step algorithm!
Guide Tree 0/27
#NNI moves:0/236
Guide Tree 1/27
#NNI moves:0/236
Guide Tree 2/27
#NNI moves:0/236
Guide Tree 3/27
#NNI moves:0/236
Guide Tree 4/27
#NNI moves:0/236
Guide Tree 5/27
#NNI moves:0/236
Guide Tree 6/27
#NNI moves:0/236
Guide Tree 7/27
#NNI moves:0/236
Guide Tree 8/27
#NNI moves:0/236
Guide Tree 9/27
#NNI moves:0/236
Guide Tree 10/27
#NNI moves:3/236
Guide Tree 11/27
#NNI moves:3/236
Guide Tree 12/27
#NNI moves:0/236
Guide Tree 13/27
#NNI moves:0/236
Guide Tree 14/27
#NNI moves:0/236
Guide Tree 15/27
#NNI moves:4/236
Guide Tree 16/27
#NNI moves:0/236
Guide Tree 17/27
#NNI moves:0/236
Guide Tree 18/27
#NNI moves:0/236
Guide Tree 19/27
#NNI moves:0/236
Guide Tree 20/27
#NNI moves:0/236
Guide Tree 21/27
#NNI moves:3/236
Guide Tree 22/27
#NNI moves:0/236
Guide Tree 23/27
#NNI moves:0/236
Guide Tree 24/27
#NNI moves:0/236
Guide Tree 25/27
#NNI moves:0/236
Guide Tree 26/27
#NNI moves:0/236
Remaining: 0
#NNI moves:14/236
#NNI moves:14/236
(((((((((((((T64,((T154,T157),T100)),T181),(T107,T76)),(((((T150,(T132,T183)),(T184,T85)),(T136,T141)),T3),((((((T144,T39),((T33,T49),T149)),((T129,T182),T74)),(T59,T169)),T159),((T21,T80),((T104,T121),T115))))),(((((T148,(T8,T199)),(T118,T57)),T28),((((T108,T41),T11),T161),(T155,T45))),((((T142,(((T175,T95),T194),T63)),T137),((((((T32,T125),T42),(T86,T106)),((T140,T13),T73)),T101),T65)),(((T1,T166),T109),(T146,T147))))),(((((((T143,(T120,T174)),T87),((T38,T131),T16)),T54),((T130,T89),(T158,T66))),(T34,T15)),(((T163,T116),T178),T97))),(((((((T2,T190),T123),T79),T186),(T105,T173)),(T195,T139)),T88)),((((((((((T56,T29),T153),(T192,T171)),((((((T77,T43),T112),T55),(T81,T111)),(T145,(T138,T6))),(T53,(T189,T19)))),((T50,T164),T102)),(T168,T176)),(((T62,(T51,T52)),(((T12,T179),T44),T60)),((T90,T96),T177))),(T196,T40)),(((((((((T68,(T124,T7)),T170),((T30,T35),T103)),((T5,T152),T151)),T58),T127),((T134,T25),((T14,T167),T9))),(T110,T36)),(T20,T200))),(((((T185,(((T162,T172),T99),T193)),((((T98,T191),T22),((T119,T26),T198)),(T67,T10))),((T27,T122),((T180,T72),(T135,T84)))),((T37,T117),T24)),(T91,(((T47,T114),T4),T93))))),((T187,(((T83,(((T94,T160),T113),(T61,T46))),T92),((T133,T17),T31))),(((T71,T78),(((T126,T69),T75),T70)),((T82,T165),T48)))),T0),((T128,T23),(T18,T188))),T156),T197);
Guide Tree 0/27
#NNI moves:0/236
Guide Tree 1/27
#NNI moves:0/236
Guide Tree 2/27
#NNI moves:0/236
Guide Tree 3/27
#NNI moves:0/236
Guide Tree 4/27
#NNI moves:1/236
Guide Tree 5/27
#NNI moves:0/236
Guide Tree 6/27
#NNI moves:0/236
Guide Tree 7/27
#NNI moves:0/236
Guide Tree 8/27
#NNI moves:0/236
Guide Tree 9/27
#NNI moves:0/236
Guide Tree 10/27
#NNI moves:1/236
Guide Tree 11/27
#NNI moves:0/236
Guide Tree 12/27
#NNI moves:0/236
Guide Tree 13/27
#NNI moves:0/236
Guide Tree 14/27
#NNI moves:1/236
Guide Tree 15/27
#NNI moves:0/236
Guide Tree 16/27
#NNI moves:0/236
Guide Tree 17/27
#NNI moves:0/236
Guide Tree 18/27
#NNI moves:0/236
Guide Tree 19/27
#NNI moves:0/236
Guide Tree 20/27
#NNI moves:1/236
Guide Tree 21/27
#NNI moves:0/236
Guide Tree 22/27
#NNI moves:0/236
Guide Tree 23/27
#NNI moves:1/236
Guide Tree 24/27
#NNI moves:3/236
Guide Tree 25/27
#NNI moves:0/236
Guide Tree 26/27
#NNI moves:0/236
Remaining: 1
#NNI moves:4/236
#NNI moves:4/236
(((((((((((((((T119,T26),T198),((T191,T98),T22)),(T67,T10)),(T185,(((T162,T172),T99),T193))),(((T72,T180),(T84,T135)),(T27,T122))),(T24,(T117,T37))),((((T114,T47),T4),T93),T91)),(((((((T51,T52),T62),(((T179,T12),T44),T60)),((T90,T96),T177)),((((((T189,T19),T53),(((((T77,T43),T112),T55),(T81,T111)),((T6,T138),T145))),((T192,T171),((T56,T29),T153))),((T50,T164),T102)),(T176,T168))),(T196,T40)),((((T127,((((((T124,T7),T68),T170),((T35,T30),T103)),((T5,T152),T151)),T58)),((T134,T25),((T14,T167),T9))),(T110,T36)),(T20,T200)))),(((((((((((T144,T39),((T49,T33),T149)),((T182,T129),T74)),(T59,T169)),T159),((T80,T21),((T121,T104),T115))),(((((T183,T132),T150),(T85,T184)),(T136,T141)),T3)),(((T64,(T100,(T154,T157))),T181),(T107,T76))),((((T65,(((T73,(T140,T13)),(((T32,T125),T42),(T86,T106))),T101)),(((((T95,T175),T194),T63),T142),T137)),((T147,T146),(T109,(T1,T166)))),(((((T8,T199),T148),(T57,T118)),T28),((T161,((T41,T108),T11)),(T45,T155))))),(((T34,T15),(((T158,T66),(T130,T89)),(T54,(((T143,(T120,T174)),T87),((T131,T38),T16))))),(T97,((T116,T163),T178)))),((((T173,T105),((((T2,T190),T123),T79),T186)),(T139,T195)),T88))),(((((T75,(T126,T69)),T70),(T78,T71)),((T165,T82),T48)),(T187,((T31,(T133,T17)),((((T46,T61),((T160,T94),T113)),T83),T92))))),T0),((T128,T23),(T18,T188))),T156),T197);
Guide Tree 0/27
#NNI moves:0/236
Guide Tree 1/27
#NNI moves:0/236
Guide Tree 2/27
#NNI moves:0/236
Guide Tree 3/27
#NNI moves:1/236
Guide Tree 4/27
#NNI moves:3/236
Guide Tree 5/27
#NNI moves:0/236
Guide Tree 6/27
#NNI moves:0/236
Guide Tree 7/27
#NNI moves:1/236
Guide Tree 8/27
#NNI moves:0/236
Guide Tree 9/27
#NNI moves:0/236
Guide Tree 10/27
#NNI moves:0/236
Guide Tree 11/27
#NNI moves:3/236
Guide Tree 12/27
#NNI moves:0/236
Guide Tree 13/27
#NNI moves:0/236
Guide Tree 14/27
#NNI moves:0/236
Guide Tree 15/27
#NNI moves:0/236
Guide Tree 16/27
#NNI moves:3/236
Guide Tree 17/27
#NNI moves:3/236
Guide Tree 18/27
#NNI moves:0/236
Guide Tree 19/27
#NNI moves:3/236
Guide Tree 20/27
#NNI moves:0/236
Guide Tree 21/27
#NNI moves:0/236
Guide Tree 22/27
#NNI moves:3/236
Guide Tree 23/27
#NNI moves:0/236
Guide Tree 24/27
#NNI moves:3/236
Guide Tree 25/27
#NNI moves:3/236
Guide Tree 26/27
#NNI moves:3/236
Remaining: 0
#NNI moves:8/236
#NNI moves:8/236
(((((((((((((((((T68,(T124,T7)),T170),((T30,T35),T103)),((T5,T152),T151)),T58),T127),((T134,T25),(T9,(T167,T14)))),(T36,T110)),(T20,T200)),((((((T164,T50),T102),((((T56,T29),T153),(T192,T171)),(((T189,T19),T53),(((T138,T6),T145),((((T77,T43),T112),T55),(T111,T81)))))),(T168,T176)),(((((T12,T179),T44),T60),((T52,T51),T62)),(T177,(T90,T96)))),(T196,T40))),(((T93,((T47,T114),T4)),T91),(((((((T172,T162),T99),T193),T185),((((T119,T26),T198),(T22,(T98,T191))),(T67,T10))),((T27,T122),((T135,T84),(T72,T180)))),(T24,(T117,T37))))),((((((((((((T32,T125),T42),(T86,T106)),((T140,T13),T73)),T101),T65),(((((T175,T95),T194),T63),T142),T137)),(((T166,T1),T109),(T146,T147))),(((T155,T45),(((T41,T108),T11),T161)),(((T148,(T8,T199)),(T118,T57)),T28))),((((((((T39,T144),((T33,T49),T149)),((T129,T182),T74)),(T169,T59)),T159),(((T104,T121),T115),(T80,T21))),(((((T183,T132),T150),(T184,T85)),(T136,T141)),T3)),((((T100,(T154,T157)),T64),T181),(T76,T107)))),((T97,((T116,T163),T178)),(((((((T174,T120),T143),T87),((T38,T131),T16)),T54),((T158,T66),(T130,T89))),(T34,T15)))),(T88,((T195,T139),(((((T2,T190),T123),T79),T186),(T173,T105)))))),(((((T133,T17),T31),(((((T94,T160),T113),(T61,T46)),T83),T92)),T187),(((T165,T82),T48),((T70,(T75,(T126,T69))),(T71,T78))))),T0),((T18,T188),(T23,T128))),T156),T197);
Guide Tree 0/27
#NNI moves:0/236
Guide Tree 1/27
#NNI moves:0/236
Guide Tree 2/27
#NNI moves:0/236
Guide Tree 3/27
#NNI moves:0/236
Guide Tree 4/27
#NNI moves:1/236
Guide Tree 5/27
#NNI moves:1/236
Guide Tree 6/27
#NNI moves:3/236
Guide Tree 7/27
#NNI moves:0/236
Guide Tree 8/27
#NNI moves:0/236
Guide Tree 9/27
#NNI moves:1/236
Guide Tree 10/27
#NNI moves:3/236
Guide Tree 11/27
#NNI moves:0/236
Guide Tree 12/27
#NNI moves:0/236
Guide Tree 13/27
#NNI moves:0/236
Guide Tree 14/27
#NNI moves:2/236
Guide Tree 15/27
#NNI moves:4/236
Guide Tree 16/27
#NNI moves:0/236
Guide Tree 17/27
#NNI moves:0/236
Guide Tree 18/27
#NNI moves:0/236
Guide Tree 19/27
#NNI moves:2/236
Guide Tree 20/27
#NNI moves:2/236
Guide Tree 21/27
#NNI moves:0/236
Guide Tree 22/27
#NNI moves:0/236
Guide Tree 23/27
#NNI moves:0/236
Guide Tree 24/27
#NNI moves:1/236
Guide Tree 25/27
#NNI moves:4/236
Guide Tree 26/27
#NNI moves:0/236
Remaining: 0
#NNI moves:14/236
#NNI moves:14/236
((((((((((((((((T194,(T175,T95)),T63),T142),T137),((((T73,(T140,T13)),((T86,T106),((T32,T125),T42))),T101),T65)),(((T166,T1),T109),(T147,T146))),(((T45,T155),((T11,(T41,T108)),T161)),(((T148,(T199,T8)),(T57,T118)),T28))),(((((((T74,(T129,T182)),((T144,T39),((T33,T49),T149))),(T59,T169)),T159),((T115,(T121,T104)),(T80,T21))),(T3,((((T132,T183),T150),(T184,T85)),(T141,T136)))),((((T100,(T154,T157)),T64),T181),(T76,T107)))),(((((((T38,T131),T16),(((T174,T120),T143),T87)),T54),((T130,T89),(T158,T66))),(T34,T15)),(T97,(T178,(T116,T163))))),((((((T123,(T2,T190)),T79),T186),(T105,T173)),(T139,T195)),T88)),((((((((T22,(T98,T191)),(T198,(T26,T119))),(T67,T10)),(T185,(((T172,T162),T99),T193))),(((T84,T135),(T72,T180)),(T122,T27))),((T37,T117),T24)),((((T114,T47),T4),T93),T91)),((((((((((T138,T6),T145),((((T77,T43),T112),T55),(T111,T81))),((T189,T19),T53)),((T192,T171),((T29,T56),T153))),((T164,T50),T102)),(T168,T176)),(((((T179,T12),T44),T60),(T62,(T51,T52))),(T177,(T96,T90)))),(T196,T40)),((((((((T152,T5),T151),((T103,(T35,T30)),(((T7,T124),T68),T170))),T58),T127),(((T14,T167),T9),(T25,T134))),(T110,T36)),(T20,T200))))),(((((((T61,T46),(T113,(T160,T94))),T83),T92),(T31,(T17,T133))),T187),(((((T69,T126),T75),T70),(T71,T78)),((T165,T82),T48)))),T0),((T128,T23),(T188,T18))),T156),T197);
Initial score: 2.25506e+10
Initial tree: ((((((((((((((((T194,(T175,T95)),T63),T142),T137),((((T73,(T140,T13)),((T86,T106),((T32,T125),T42))),T101),T65)),(((T166,T1),T109),(T147,T146))),(((T45,T155),((T11,(T41,T108)),T161)),(((T148,(T199,T8)),(T57,T118)),T28))),(((((((T74,(T129,T182)),((T144,T39),((T33,T49),T149))),(T59,T169)),T159),((T115,(T121,T104)),(T80,T21))),(T3,((((T132,T183),T150),(T184,T85)),(T141,T136)))),((((T100,(T154,T157)),T64),T181),(T76,T107)))),(((((((T38,T131),T16),(((T174,T120),T143),T87)),T54),((T130,T89),(T158,T66))),(T34,T15)),(T97,(T178,(T116,T163))))),((((((T123,(T2,T190)),T79),T186),(T105,T173)),(T139,T195)),T88)),((((((((T22,(T98,T191)),(T198,(T26,T119))),(T67,T10)),(T185,(((T172,T162),T99),T193))),(((T84,T135),(T72,T180)),(T122,T27))),((T37,T117),T24)),((((T114,T47),T4),T93),T91)),((((((((((T138,T6),T145),((((T77,T43),T112),T55),(T111,T81))),((T189,T19),T53)),((T192,T171),((T29,T56),T153))),((T164,T50),T102)),(T168,T176)),(((((T179,T12),T44),T60),(T62,(T51,T52))),(T177,(T96,T90)))),(T196,T40)),((((((((T152,T5),T151),((T103,(T35,T30)),(((T7,T124),T68),T170))),T58),T127),(((T14,T167),T9),(T25,T134))),(T110,T36)),(T20,T200))))),(((((((T61,T46),(T113,(T160,T94))),T83),T92),(T31,(T17,T133))),T187),(((((T69,T126),T75),T70),(T71,T78)),((T165,T82),T48)))),T0),((T128,T23),(T188,T18))),T156),T197);
*** Subsample Process ***
Use two-step algorithm!
#NNI moves:0/236
Remaining: 0
#NNI moves:6/236
#NNI moves:8/236
(((((((((((((((((((((T192,T171),((T56,T29),T153)),(((T189,T19),T53),(((T6,T138),T145),((T111,T81),(T55,((T43,T77),T112)))))),(T102,(T50,T164))),(T176,T168)),(((T62,(T51,T52)),(((T179,T12),T44),T60)),((T90,T96),T177))),(T196,T40)),(((((((((T68,(T7,T124)),T170),(T103,(T30,T35))),((T5,T152),T151)),T58),T127),((T9,(T167,T14)),(T25,T134))),(T110,T36)),(T20,T200))),((((T37,T117),T24),((((((T191,T98),T22),((T26,T119),T198)),(T67,T10)),((T193,((T172,T162),T99)),T185)),(((T84,T135),(T72,T180)),(T27,T122)))),(T91,(((T114,T47),T4),T93)))),((((((((T61,T46),(T113,(T160,T94))),T83),T92),(T31,(T17,T133))),T187),(((T82,T165),T48),(((T75,(T126,T69)),T70),(T78,T71)))),(T0,((T156,T197),((T188,T18),(T23,T128)))))),((((T105,T173),((((T190,T2),T123),T79),T186)),(T139,T195)),T88)),(((((((T131,T38),T16),(T87,(T143,(T174,T120)))),T54),((T158,T66),(T130,T89))),(T34,T15)),((T178,(T116,T163)),T97))),(((((((((T33,T49),T149),(T144,T39)),(T74,(T129,T182))),(T59,T169)),T159),(((T104,T121),T115),(T21,T80))),(((((T132,T183),T150),(T184,T85)),(T136,T141)),T3)),((T107,T76),((T64,(T100,(T157,T154))),T181)))),((T28,((T148,(T8,T199)),(T118,T57))),((T155,T45),(T161,(T11,(T41,T108)))))),(((T166,T1),T109),(T146,T147))),(((((T175,T95),T194),T63),T142),T137)),T65),T101),(((T32,T125),T42),(T86,T106))),(T13,T140)),T73);
#NNI moves:0/236
Remaining: 0
#NNI moves:11/236
#NNI moves:11/236
((((((((((((((((((T33,T49),T149),(T144,T39)),((T182,T129),T74)),(T169,T59)),T159),((T21,T80),((T121,T104),T115))),((((T184,T85),((T183,T132),T150)),(T136,T141)),T3)),((T76,T107),((T64,((T157,T154),T100)),T181))),(((((T57,T118),((T8,T199),T148)),T28),((((T108,T41),T11),T161),(T45,T155))),(((T146,T147),((T1,T166),T109)),((((T63,((T175,T95),T194)),T142),T137),((T101,((((T125,T32),T42),(T106,T86)),(T73,(T140,T13)))),T65))))),((((((T16,(T131,T38)),((T143,(T120,T174)),T87)),T54),((T89,T130),(T158,T66))),(T15,T34)),(((T116,T163),T178),T97))),(((T139,T195),((T186,((T123,(T2,T190)),T79)),(T173,T105))),T88)),(((((((((T192,T171),(T153,(T56,T29))),(((T145,(T6,T138)),((((T77,T43),T112),T55),(T111,T81))),(T53,(T19,T189)))),(T102,(T164,T50))),(T168,T176)),(((T96,T90),T177),(((T52,T51),T62),(T60,((T12,T179),T44))))),(T40,T196)),((((((((T103,(T30,T35)),(((T7,T124),T68),T170)),((T152,T5),T151)),T58),T127),((T134,T25),(T9,(T167,T14)))),(T110,T36)),(T20,T200))),(((T93,((T114,T47),T4)),T91),(((T117,T37),T24),((((((T119,T26),T198),((T98,T191),T22)),(T67,T10)),((T193,((T172,T162),T99)),T185)),((T122,T27),((T84,T135),(T72,T180)))))))),(((((T83,((T113,(T160,T94)),(T46,T61))),T92),((T133,T17),T31)),T187),(((T78,T71),((T75,(T126,T69)),T70)),(T48,(T82,T165))))),T0),((T188,T18),(T23,T128))),T197),T156);
#NNI moves:0/236
Remaining: 1
#NNI moves:11/236
#NNI moves:12/236
((((((((((((((((((((((T191,T98),T22),((T119,T26),T198)),(T10,T67)),(T185,(((T172,T162),T99),T193))),(((T84,T135),(T180,T72)),(T27,T122))),((T37,T117),T24)),((T93,((T47,T114),T4)),T91)),((((((((T171,T192),(T153,(T56,T29))),((T53,(T189,T19)),(((T55,((T43,T77),T112)),(T81,T111)),((T138,T6),T145)))),((T50,T164),T102)),(T176,T168)),((((T52,T51),T62),(T60,((T179,T12),T44))),((T96,T90),T177))),(T40,T196)),(((((((((T68,(T124,T7)),T170),((T30,T35),T103)),((T5,T152),T151)),T58),T127),(((T14,T167),T9),(T134,T25))),(T36,T110)),(T20,T200)))),(((((((T126,T69),T75),T70),(T78,T71)),((T165,T82),T48)),(((((((T94,T160),T113),(T46,T61)),T83),T92),((T17,T133),T31)),T187)),((((T18,T188),(T128,T23)),(T197,T156)),T0))),((((T105,T173),(((T123,(T2,T190)),T79),T186)),(T139,T195)),T88)),((((T116,T163),T178),T97),(((((T16,(T131,T38)),((T143,(T174,T120)),T87)),T54),((T66,T158),(T130,T89))),(T34,T15)))),((((((((T42,(T125,T32)),(T86,T106)),((T140,T13),T73)),T101),T65),(T137,((((T95,T175),T194),T63),T142))),(((T166,T1),T109),(T146,T147))),(((((T108,T41),T11),T161),(T155,T45)),(((T57,T118),((T8,T199),T148)),T28)))),((T107,T76),((T64,((T157,T154),T100)),T181))),(((((T132,T183),T150),(T85,T184)),(T136,T141)),T3)),(((T104,T121),T115),(T80,T21))),T159),(T59,T169)),((T182,T129),T74)),(T144,T39)),(T33,T49)),T149);
#NNI moves:1/236
Remaining: 0
#NNI moves:13/236
#NNI moves:13/236
((((((((((((((((T56,T29),T153),(T171,T192)),((((T81,T111),(((T77,T43),T112),T55)),((T138,T6),T145)),((T19,T189),T53))),((T164,T50),T102)),(T168,T176)),((((T52,T51),T62),(((T12,T179),T44),T60)),((T90,T96),T177))),(T40,T196)),((((((((((T7,T124),T68),T170),(T103,(T30,T35))),(T151,(T152,T5))),T58),T127),(((T167,T14),T9),(T134,T25))),(T110,T36)),(T200,T20))),((((((((T98,T191),T22),((T119,T26),T198)),(T10,T67)),((T193,(T99,(T162,T172))),T185)),(((T84,T135),(T180,T72)),(T122,T27))),(T24,(T37,T117))),((((T114,T47),T4),T93),T91))),(((((((((T131,T38),T16),((T143,(T174,T120)),T87)),T54),((T66,T158),(T89,T130))),(T34,T15)),(T97,((T163,T116),T178))),(((((((((T144,T39),(T149,(T33,T49))),((T129,T182),T74)),(T59,T169)),T159),((T80,T21),((T121,T104),T115))),((((T85,T184),((T183,T132),T150)),(T136,T141)),T3)),((T76,T107),((((T157,T154),T100),T64),T181))),((((((((T42,(T32,T125)),(T86,T106)),(T73,(T140,T13))),T101),T65),((((T194,(T95,T175)),T63),T142),T137)),((T109,(T166,T1)),(T146,T147))),((((T57,T118),(T148,(T199,T8))),T28),((T161,(T11,(T108,T41))),(T45,T155)))))),((((T173,T105),((((T2,T190),T123),T79),T186)),(T195,T139)),T88))),(((((((T46,T61),((T160,T94),T113)),T83),T92),((T17,T133),T31)),T187),(((((T126,T69),T75),T70),(T78,T71)),((T165,T82),T48)))),T0),((T188,T18),(T23,T128))),T197),T156);
Current score: 2.25506e+10
Current tree: ((((((((((((((((T56,T29),T153),(T171,T192)),((((T81,T111),(((T77,T43),T112),T55)),((T138,T6),T145)),((T19,T189),T53))),((T164,T50),T102)),(T168,T176)),((((T52,T51),T62),(((T12,T179),T44),T60)),((T90,T96),T177))),(T40,T196)),((((((((((T7,T124),T68),T170),(T103,(T30,T35))),(T151,(T152,T5))),T58),T127),(((T167,T14),T9),(T134,T25))),(T110,T36)),(T200,T20))),((((((((T98,T191),T22),((T119,T26),T198)),(T10,T67)),((T193,(T99,(T162,T172))),T185)),(((T84,T135),(T180,T72)),(T122,T27))),(T24,(T37,T117))),((((T114,T47),T4),T93),T91))),(((((((((T131,T38),T16),((T143,(T174,T120)),T87)),T54),((T66,T158),(T89,T130))),(T34,T15)),(T97,((T163,T116),T178))),(((((((((T144,T39),(T149,(T33,T49))),((T129,T182),T74)),(T59,T169)),T159),((T80,T21),((T121,T104),T115))),((((T85,T184),((T183,T132),T150)),(T136,T141)),T3)),((T76,T107),((((T157,T154),T100),T64),T181))),((((((((T42,(T32,T125)),(T86,T106)),(T73,(T140,T13))),T101),T65),((((T194,(T95,T175)),T63),T142),T137)),((T109,(T166,T1)),(T146,T147))),((((T57,T118),(T148,(T199,T8))),T28),((T161,(T11,(T108,T41))),(T45,T155)))))),((((T173,T105),((((T2,T190),T123),T79),T186)),(T195,T139)),T88))),(((((((T46,T61),((T160,T94),T113)),T83),T92),((T17,T133),T31)),T187),(((((T126,T69),T75),T70),(T78,T71)),((T165,T82),T48)))),T0),((T188,T18),(T23,T128))),T156),T197);
Use two-step algorithm!
#NNI moves:0/236
Remaining: 0
#NNI moves:7/236
#NNI moves:7/236
(((((((((((((((((((((((T106,T86),((T32,T125),T42)),((T140,T13),T73)),T101),T65),(((T63,((T95,T175),T194)),T142),T137)),(((T166,T1),T109),(T146,T147))),(((((T199,T8),T148),(T57,T118)),T28),((((T108,T41),T11),T161),(T155,T45)))),((((((T169,T59),((((T33,T49),T149),(T144,T39)),((T129,T182),T74))),T159),(((T121,T104),T115),(T80,T21))),(((T136,T141),((T150,(T183,T132)),(T85,T184))),T3)),(((((T154,T157),T100),T64),T181),(T76,T107)))),((((((T16,(T38,T131)),(((T120,T174),T143),T87)),T54),((T66,T158),(T130,T89))),(T15,T34)),(((T116,T163),T178),T97))),((((((T123,(T190,T2)),T79),T186),(T173,T105)),(T195,T139)),T88)),(((((((T126,T69),T75),T70),(T71,T78)),((T165,T82),T48)),(((((((T160,T94),T113),(T46,T61)),T83),T92),(T31,(T133,T17))),T187)),((((T18,T188),(T23,T128)),(T156,T197)),T0))),((((((((T26,T119),T198),((T98,T191),T22)),(T10,T67)),(T185,(T193,(T99,(T172,T162))))),((T27,T122),((T135,T84),(T72,T180)))),((T37,T117),T24)),((T93,((T47,T114),T4)),T91))),(((((((((T30,T35),T103),(((T124,T7),T68),T170)),(T151,(T152,T5))),T58),T127),((T134,T25),(T9,(T14,T167)))),(T36,T110)),(T200,T20))),(T40,T196)),(((T96,T90),T177),(((T51,T52),T62),(T60,(T44,(T12,T179)))))),(T176,T168)),(T102,(T50,T164))),((T53,(T19,T189)),(((((T43,T77),T112),T55),(T81,T111)),(T145,(T138,T6))))),(T192,T171)),T153),T56),T29);
#NNI moves:0/236
Remaining: 1
#NNI moves:7/236
#NNI moves:7/236
(((((((((((((((((((T33,T49),T149),(T39,T144)),(T74,(T129,T182))),(T169,T59)),T159),((T80,T21),((T121,T104),T115))),((((T150,(T132,T183)),(T184,T85)),(T136,T141)),T3)),(((((T157,T154),T100),T64),T181),(T107,T76))),((((((T199,T8),T148),(T118,T57)),T28),((T155,T45),(((T108,T41),T11),T161))),((((T142,(((T95,T175),T194),T63)),T137),((((((T125,T32),T42),(T106,T86)),(T73,(T140,T13))),T101),T65)),((T109,(T1,T166)),(T146,T147))))),(((((((T131,T38),T16),(((T120,T174),T143),T87)),T54),((T66,T158),(T89,T130))),(T34,T15)),((T178,(T116,T163)),T97))),((((T173,T105),((((T2,T190),T123),T79),T186)),(T139,T195)),T88)),(((((((T67,T10),(((T98,T191),T22),(T198,(T119,T26)))),((((T172,T162),T99),T193),T185)),(((T84,T135),(T72,T180)),(T122,T27))),(T24,(T117,T37))),((T93,(T4,(T47,T114))),T91)),(((((((((T103,(T30,T35)),(((T124,T7),T68),T170)),((T152,T5),T151)),T58),T127),((T9,(T14,T167)),(T25,T134))),(T110,T36)),(T20,T200)),(((((((((((T43,T77),T112),T55),(T81,T111)),(T145,(T138,T6))),((T19,T189),T53)),((T153,(T29,T56)),(T192,T171))),((T164,T50),T102)),(T176,T168)),(((((T12,T179),T44),T60),((T51,T52),T62)),(T177,(T90,T96)))),(T196,T40))))),((((((((T160,T94),T113),(T61,T46)),T83),T92),((T17,T133),T31)),T187),(((T78,T71),(((T69,T126),T75),T70)),((T82,T165),T48)))),T0),(T156,T197)),(T18,T188)),T23),T128);
#NNI moves:0/236
Remaining: 1
#NNI moves:4/236
#NNI moves:4/236
((((((((((((((((((((((T179,T12),T44),T60),((T52,T51),T62)),((T96,T90),T177)),((((((T56,T29),T153),(T192,T171)),((((T6,T138),T145),((T111,T81),(T55,((T77,T43),T112)))),(T53,(T189,T19)))),((T164,T50),T102)),(T168,T176))),(T196,T40)),((T20,T200),((((T25,T134),((T14,T167),T9)),(((((T103,(T30,T35)),(((T124,T7),T68),T170)),((T5,T152),T151)),T58),T127)),(T36,T110)))),((((((T10,T67),(((T191,T98),T22),((T119,T26),T198))),(((T99,(T162,T172)),T193),T185)),(((T135,T84),(T72,T180)),(T27,T122))),((T37,T117),T24)),((((T114,T47),T4),T93),T91))),(((((T188,T18),(T128,T23)),(T197,T156)),T0),(((((((T113,(T94,T160)),(T61,T46)),T83),T92),((T17,T133),T31)),T187),((((T75,(T126,T69)),T70),(T71,T78)),((T165,T82),T48))))),((((T186,((T123,(T2,T190)),T79)),(T173,T105)),(T195,T139)),T88)),((((T116,T163),T178),T97),(((((T16,(T38,T131)),((T143,(T120,T174)),T87)),T54),((T66,T158),(T89,T130))),(T15,T34)))),((((((T63,(T194,(T95,T175))),T142),T137),(T65,(((((T32,T125),T42),(T86,T106)),((T140,T13),T73)),T101))),((T147,T146),(T109,(T166,T1)))),(((((T41,T108),T11),T161),(T45,T155)),(((T148,(T199,T8)),(T118,T57)),T28)))),((T181,(((T154,T157),T100),T64)),(T76,T107))),(((T136,T141),((T184,T85),((T183,T132),T150))),T3)),((T115,(T121,T104)),(T21,T80))),T159),(T59,T169)),(T74,(T129,T182))),(T39,T144)),(T33,T49)),T149);
#NNI moves:0/236
Remaining: 0
#NNI moves:3/236
#NNI moves:3/236
((((((((((((((((((T62,(T51,T52)),(((T179,T12),T44),T60)),((T96,T90),T177)),(((((T171,T192),((T56,T29),T153)),(((T19,T189),T53),(((T55,((T43,T77),T112)),(T111,T81)),(T145,(T138,T6))))),(T102,(T50,T164))),(T168,T176))),(T40,T196)),(((((((T151,(T152,T5)),(((T30,T35),T103),(((T124,T7),T68),T170))),T58),T127),((T9,(T167,T14)),(T25,T134))),(T36,T110)),(T200,T20))),((((((T10,T67),(((T98,T191),T22),((T26,T119),T198))),((T193,(T99,(T172,T162))),T185)),((T27,T122),((T135,T84),(T72,T180)))),((T117,T37),T24)),(T91,((T4,(T114,T47)),T93)))),(((((((((((T95,T175),T194),T63),T142),T137),((((((T125,T32),T42),(T86,T106)),((T140,T13),T73)),T101),T65)),((T146,T147),((T166,T1),T109))),((((T118,T57),((T199,T8),T148)),T28),((T161,((T41,T108),T11)),(T45,T155)))),(((T181,(((T154,T157),T100),T64)),(T107,T76)),((((T141,T136),((T85,T184),(T150,(T132,T183)))),T3),((((T104,T121),T115),(T80,T21)),(((((T182,T129),T74),(((T49,T33),T149),(T39,T144))),(T59,T169)),T159))))),((((((T16,(T38,T131)),(((T174,T120),T143),T87)),T54),((T158,T66),(T130,T89))),(T15,T34)),(((T163,T116),T178),T97))),((((T173,T105),((T79,((T190,T2),T123)),T186)),(T139,T195)),T88))),((((T128,T23),(T188,T18)),(T197,T156)),T0)),(((((T126,T69),T75),T70),(T71,T78)),((T82,T165),T48))),T187),((T133,T17),T31)),T92),T83),(T46,T61)),T113),T94),T160);
Current score: 2.25506e+10
Current tree: ((T156,(((T128,T23),(T188,T18)),(T0,(((((((((T62,(T51,T52)),(((T179,T12),T44),T60)),((T96,T90),T177)),(((((T171,T192),((T56,T29),T153)),(((T19,T189),T53),(((T55,((T43,T77),T112)),(T111,T81)),(T145,(T138,T6))))),(T102,(T50,T164))),(T168,T176))),(T40,T196)),(((((((T151,(T152,T5)),(((T30,T35),T103),(((T124,T7),T68),T170))),T58),T127),((T9,(T167,T14)),(T25,T134))),(T36,T110)),(T200,T20))),((((((T10,T67),(((T98,T191),T22),((T26,T119),T198))),((T193,(T99,(T172,T162))),T185)),((T27,T122),((T135,T84),(T72,T180)))),((T117,T37),T24)),(T91,((T4,(T114,T47)),T93)))),(((((((((((T95,T175),T194),T63),T142),T137),((((((T125,T32),T42),(T86,T106)),((T140,T13),T73)),T101),T65)),((T146,T147),((T166,T1),T109))),((((T118,T57),((T199,T8),T148)),T28),((T161,((T41,T108),T11)),(T45,T155)))),(((T181,(((T154,T157),T100),T64)),(T107,T76)),((((T141,T136),((T85,T184),(T150,(T132,T183)))),T3),((((T104,T121),T115),(T80,T21)),(((((T182,T129),T74),(((T49,T33),T149),(T39,T144))),(T59,T169)),T159))))),((((((T16,(T38,T131)),(((T174,T120),T143),T87)),T54),((T158,T66),(T130,T89))),(T15,T34)),(((T163,T116),T178),T97))),((((T173,T105),((T79,((T190,T2),T123)),T186)),(T139,T195)),T88))),((((((T126,T69),T75),T70),(T71,T78)),((T82,T165),T48)),(T187,(((T133,T17),T31),(T92,(T83,((T46,T61),(T113,(T94,T160)))))))))))),T197);
Use two-step algorithm!
#NNI moves:0/236
Remaining: 0
#NNI moves:4/236
#NNI moves:4/236
((((((((((((((((((((((T33,T49),T149),(T39,T144)),((T182,T129),T74)),(T59,T169)),T159),((T80,T21),((T121,T104),T115))),(((((T132,T183),T150),(T184,T85)),(T141,T136)),T3)),((T107,T76),((T64,((T154,T157),T100)),T181))),(((((((((T125,T32),T42),(T86,T106)),((T140,T13),T73)),T101),T65),(T137,((((T95,T175),T194),T63),T142))),(((T1,T166),T109),(T146,T147))),((((T11,(T41,T108)),T161),(T155,T45)),(((T148,(T199,T8)),(T118,T57)),T28)))),(((((T66,T158),(T130,T89)),(T54,(((T143,(T174,T120)),T87),(T16,(T38,T131))))),(T34,T15)),(((T163,T116),T178),T97))),(((((T79,((T190,T2),T123)),T186),(T173,T105)),(T139,T195)),T88)),(((T187,((T31,(T133,T17)),((((T113,(T160,T94)),(T61,T46)),T83),T92))),((((T75,(T69,T126)),T70),(T78,T71)),((T82,T165),T48))),(T0,(((T128,T23),(T18,T188)),(T156,T197))))),(((((T27,T122),((T180,T72),(T135,T84))),((((T198,(T26,T119)),((T98,T191),T22)),(T10,T67)),(T185,(T193,((T172,T162),T99))))),(T24,(T37,T117))),(T91,(((T114,T47),T4),T93)))),((((((((((T124,T7),T68),T170),((T30,T35),T103)),(T151,(T152,T5))),T58),T127),(((T167,T14),T9),(T25,T134))),(T36,T110)),(T20,T200))),(T196,T40)),(((T102,(T164,T50)),((((T19,T189),T53),((T145,(T138,T6)),((((T77,T43),T112),T55),(T111,T81)))),(((T29,T56),T153),(T192,T171)))),(T176,T168))),((T90,T96),T177)),(((T179,T12),T44),T60)),T62),T51),T52);
#NNI moves:0/236
Remaining: 0
#NNI moves:14/236
#NNI moves:14/236
(((((((((((((((T198,(T26,T119)),(T22,(T191,T98))),(T10,T67)),((T193,((T162,T172),T99)),T185)),((T122,T27),((T72,T180),(T84,T135)))),(T24,(T37,T117))),(T91,(T93,(T4,(T47,T114))))),((((((((((((T43,T77),T112),T55),(T81,T111)),(T145,(T138,T6))),((T189,T19),T53)),((T192,T171),(T153,(T29,T56)))),(T102,(T50,T164))),(T168,T176)),(((T90,T96),T177),((T60,((T179,T12),T44)),(T62,(T51,T52))))),(T196,T40)),(((((T9,(T167,T14)),(T134,T25)),((((((T30,T35),T103),(((T7,T124),T68),T170)),(T151,(T5,T152))),T58),T127)),(T110,T36)),(T200,T20)))),(((((((((((T42,(T32,T125)),(T106,T86)),((T13,T140),T73)),T101),T65),(((((T175,T95),T194),T63),T142),T137)),(((T166,T1),T109),(T147,T146))),(((T155,T45),(((T41,T108),T11),T161)),(((T57,T118),(T148,(T199,T8))),T28))),((((((((T144,T39),((T33,T49),T149)),((T129,T182),T74)),(T169,T59)),T159),((T115,(T104,T121)),(T80,T21))),(((((T132,T183),T150),(T85,T184)),(T141,T136)),T3)),(((((T154,T157),T100),T64),T181),(T107,T76)))),(((((T89,T130),(T158,T66)),(((((T174,T120),T143),T87),(T16,(T131,T38))),T54)),(T15,T34)),(((T163,T116),T178),T97))),(((T139,T195),((((T123,(T190,T2)),T79),T186),(T105,T173))),T88))),((((((((T160,T94),T113),(T46,T61)),T83),T92),((T17,T133),T31)),T187),(((T70,(T75,(T69,T126))),(T71,T78)),(T48,(T165,T82))))),T0),(T197,T156)),(T128,T23)),T18),T188);
#NNI moves:3/236
Remaining: 0
#NNI moves:10/236
#NNI moves:10/236
(((((((((((((((T41,T108),T11),T161),(T155,T45)),((((T199,T8),T148),(T118,T57)),T28)),((((((T73,(T140,T13)),(((T32,T125),T42),(T86,T106))),T101),T65),(((((T95,T175),T194),T63),T142),T137)),((T147,T146),((T1,T166),T109)))),(((((((T132,T183),T150),(T184,T85)),(T136,T141)),T3),(((((((T49,T33),T149),(T39,T144)),((T129,T182),T74)),(T59,T169)),T159),((T80,T21),((T121,T104),T115)))),((((T100,(T154,T157)),T64),T181),(T76,T107)))),(((T15,T34),((((((T120,T174),T143),T87),(T16,(T131,T38))),T54),((T158,T66),(T130,T89)))),(T97,((T163,T116),T178)))),((((T105,T173),((T79,((T2,T190),T123)),T186)),(T139,T195)),T88)),(((((((((T191,T98),T22),((T119,T26),T198)),(T10,T67)),(T185,(((T172,T162),T99),T193))),((T122,T27),((T84,T135),(T180,T72)))),(T24,(T117,T37))),(((T4,(T114,T47)),T93),T91)),((((((((((((T77,T43),T112),T55),(T111,T81)),((T6,T138),T145)),((T19,T189),T53)),((T153,(T56,T29)),(T192,T171))),(T102,(T164,T50))),(T176,T168)),(((T62,(T52,T51)),(((T12,T179),T44),T60)),((T96,T90),T177))),(T196,T40)),((T200,T20),((((((((T30,T35),T103),(T170,((T7,T124),T68))),((T152,T5),T151)),T58),T127),((T25,T134),((T14,T167),T9))),(T36,T110)))))),((((T92,((((T94,T160),T113),(T46,T61)),T83)),(T31,(T133,T17))),T187),(((T78,T71),(T70,(T75,(T69,T126)))),((T165,T82),T48)))),T0),((T128,T23),(T188,T18))),T156),T197);
#NNI moves:0/236
Remaining: 0
#NNI moves:1/236
#NNI moves:1/236
((((((((((((((((((((((T43,T77),T112),T55),(T111,T81)),((T138,T6),T145)),((T189,T19),T53)),(((T56,T29),T153),(T192,T171))),((T50,T164),T102)),(T168,T176)),((T177,(T90,T96)),(((T51,T52),T62),(((T12,T179),T44),T60)))),(T40,T196)),((((((((T152,T5),T151),((T170,((T7,T124),T68)),(T103,(T30,T35)))),T58),T127),(((T167,T14),T9),(T25,T134))),(T36,T110)),(T200,T20))),(((((((T22,(T191,T98)),((T26,T119),T198)),(T10,T67)),(T185,(((T172,T162),T99),T193))),((T27,T122),((T84,T135),(T180,T72)))),((T117,T37),T24)),(((T4,(T114,T47)),T93),T91))),(((((T92,((((T94,T160),T113),(T61,T46)),T83)),((T133,T17),T31)),T187),(((((T69,T126),T75),T70),(T71,T78)),((T165,T82),T48))),(T0,((T156,T197),((T23,T128),(T188,T18)))))),((((((T123,(T190,T2)),T79),T186),(T105,T173)),(T195,T139)),T88)),(((((T66,T158),(T130,T89)),(((T16,(T38,T131)),(T87,(T143,(T120,T174)))),T54)),(T34,T15)),(((T116,T163),T178),T97))),((((((((T149,(T33,T49)),(T144,T39)),((T182,T129),T74)),(T59,T169)),T159),(((T104,T121),T115),(T80,T21))),(((((T132,T183),T150),(T85,T184)),(T141,T136)),T3)),((((T100,(T154,T157)),T64),T181),(T107,T76)))),(((((T199,T8),T148),(T118,T57)),T28),(((T11,(T41,T108)),T161),(T155,T45)))),(((T1,T166),T109),(T146,T147))),(((((T42,(T32,T125)),(T106,T86)),((T13,T140),T73)),T101),T65)),((((T95,T175),T194),T63),T142)),T137);
Current score: 2.25506e+10
Current tree: ((T156,(((T23,T128),(T188,T18)),(T0,(((((T92,((((T94,T160),T113),(T61,T46)),T83)),((T133,T17),T31)),T187),(((((T69,T126),T75),T70),(T71,T78)),((T165,T82),T48))),((((((((((((((T43,T77),T112),T55),(T111,T81)),((T138,T6),T145)),((T189,T19),T53)),(((T56,T29),T153),(T192,T171))),((T50,T164),T102)),(T168,T176)),((T177,(T90,T96)),(((T51,T52),T62),(((T12,T179),T44),T60)))),(T40,T196)),((((((((T152,T5),T151),((T170,((T7,T124),T68)),(T103,(T30,T35)))),T58),T127),(((T167,T14),T9),(T25,T134))),(T36,T110)),(T200,T20))),(((((((T22,(T191,T98)),((T26,T119),T198)),(T10,T67)),(T185,(((T172,T162),T99),T193))),((T27,T122),((T84,T135),(T180,T72)))),((T117,T37),T24)),(((T4,(T114,T47)),T93),T91))),(((((((T123,(T190,T2)),T79),T186),(T105,T173)),(T195,T139)),T88),((((((T66,T158),(T130,T89)),(((T16,(T38,T131)),(T87,(T143,(T120,T174)))),T54)),(T34,T15)),(((T116,T163),T178),T97)),(((((((((T149,(T33,T49)),(T144,T39)),((T182,T129),T74)),(T59,T169)),T159),(((T104,T121),T115),(T80,T21))),(((((T132,T183),T150),(T85,T184)),(T141,T136)),T3)),((((T100,(T154,T157)),T64),T181),(T107,T76))),((((((T199,T8),T148),(T118,T57)),T28),(((T11,(T41,T108)),T161),(T155,T45))),((((T1,T166),T109),(T146,T147)),((((((T42,(T32,T125)),(T106,T86)),((T13,T140),T73)),T101),T65),(((((T95,T175),T194),T63),T142),T137)))))))))))),T197);
Final Tree: ((T156,(((T23,T128),(T188,T18)),(T0,(((((T92,((((T94,T160),T113),(T61,T46)),T83)),((T133,T17),T31)),T187),(((((T69,T126),T75),T70),(T71,T78)),((T165,T82),T48))),((((((((((((((T43,T77),T112),T55),(T111,T81)),((T138,T6),T145)),((T189,T19),T53)),(((T56,T29),T153),(T192,T171))),((T50,T164),T102)),(T168,T176)),((T177,(T90,T96)),(((T51,T52),T62),(((T12,T179),T44),T60)))),(T40,T196)),((((((((T152,T5),T151),((T170,((T7,T124),T68)),(T103,(T30,T35)))),T58),T127),(((T167,T14),T9),(T25,T134))),(T36,T110)),(T200,T20))),(((((((T22,(T191,T98)),((T26,T119),T198)),(T10,T67)),(T185,(((T172,T162),T99),T193))),((T27,T122),((T84,T135),(T180,T72)))),((T117,T37),T24)),(((T4,(T114,T47)),T93),T91))),(((((((T123,(T190,T2)),T79),T186),(T105,T173)),(T195,T139)),T88),((((((T66,T158),(T130,T89)),(((T16,(T38,T131)),(T87,(T143,(T120,T174)))),T54)),(T34,T15)),(((T116,T163),T178),T97)),(((((((((T149,(T33,T49)),(T144,T39)),((T182,T129),T74)),(T59,T169)),T159),(((T104,T121),T115),(T80,T21))),(((((T132,T183),T150),(T85,T184)),(T141,T136)),T3)),((((T100,(T154,T157)),T64),T181),(T107,T76))),((((((T199,T8),T148),(T118,T57)),T28),(((T11,(T41,T108)),T161),(T155,T45))),((((T1,T166),T109),(T146,T147)),((((((T42,(T32,T125)),(T106,T86)),((T13,T140),T73)),T101),T65),(((((T95,T175),T194),T63),T142),T137)))))))))))),T197);
Score: 2.255056147e+10

real	2m45.395s
user	67m44.748s
sys	0m23.922s
