
RAxML-NG v. 1.1.0-master released on 04.08.2022 by The Exelixis Lab.
Developed by: Alexey M. Kozlov and Alexandros Stamatakis.
Contributors: Diego Darriba, Tomas Flouri, Benoit Morel, Sarah Lutteropp, Ben Bettisworth.
Latest version: https://github.com/amkozlov/raxml-ng
Questions/problems/suggestions? Please visit: https://groups.google.com/forum/#!forum/raxml

System: AMD EPYC 7742 64-Core Processor, 128 cores, 251 GB RAM

RAxML-NG was called at 02-Jan-2023 11:07:30 as follows:

/home/chaos/programs/raxml-ng/raxml-ng/bin/raxml-ng --msa data/alignment/42_0.1X_S201_0_haploid --tree pars{1} --model GTR+G --threads 64

Analysis options:
  run mode: ML tree search
  start tree(s): parsimony (1)
  random seed: 1672686450
  tip-inner: OFF
  pattern compression: ON
  per-rate scalers: OFF
  site repeats: ON
  fast spr radius: AUTO
  spr subtree cutoff: 1.000000
  branch lengths: proportional (ML estimate, algorithm: NR-FAST)
  SIMD kernels: AVX2
  parallelization: coarse-grained (auto), PTHREADS (64 threads), thread pinning: OFF

[00:00:00] Reading alignment from file: data/alignment/42_0.1X_S201_0_haploid
[00:00:02] Loaded alignment with 201 taxa and 5000000 sites

Alignment comprises 1 partitions and 309475 patterns

Partition 0: noname
Model: GTR+FO+G4m
Alignment sites / patterns: 5000000 / 309475
Gaps: 0.00 %
Invariant sites: 66.55 %


NOTE: Binary MSA file created: data/alignment/42_0.1X_S201_0_haploid.raxml.rba

Parallelization scheme autoconfig: 1 worker(s) x 64 thread(s)

Parallel reduction/worker buffer size: 1 KB  / 0 KB

[00:00:20] Generating 1 parsimony starting tree(s) with 201 taxa
[00:00:25] Data distribution: max. partitions/sites/weight per thread: 1 / 4836 / 77376
[00:00:25] Data distribution: max. searches per worker: 1

Starting ML tree search with 1 distinct starting trees

[00:00:25 -52959300.125215] Initial branch length optimization
[00:00:27 -25772668.158200] Model parameter optimization (eps = 10.000000)
[00:00:36 -24994874.813584] AUTODETECT spr round 1 (radius: 5)
[00:00:47 -24994572.743507] AUTODETECT spr round 2 (radius: 10)
[00:01:21 -24994572.743507] SPR radius for FAST iterations: 5 (autodetect)
[00:01:21 -24994572.743507] Model parameter optimization (eps = 3.000000)
[00:01:22 -24994572.729271] FAST spr round 1 (radius: 5)
[00:01:35 -24994524.062884] FAST spr round 2 (radius: 5)
[00:01:48 -24994502.802108] FAST spr round 3 (radius: 5)
[00:02:02 -24994502.802108] Model parameter optimization (eps = 1.000000)
[00:02:02 -24994502.780973] SLOW spr round 1 (radius: 5)
[00:02:54 -24994502.780973] SLOW spr round 2 (radius: 10)
[00:03:46 -24994502.780973] SLOW spr round 3 (radius: 15)
[00:05:17 -24994502.780973] SLOW spr round 4 (radius: 20)
[00:06:23 -24994502.780973] SLOW spr round 5 (radius: 25)
[00:06:37 -24994502.780973] Model parameter optimization (eps = 0.100000)

[00:06:38] ML tree search #1, logLikelihood: -24994502.777880


Optimized model parameters:

   Partition 0: noname
   Rate heterogeneity: GAMMA (4 cats, mean),  alpha: 2.396205 (ML),  weights&rates: (0.250000,0.336390) (0.250000,0.691463) (0.250000,1.077347) (0.250000,1.894800) 
   Base frequencies (ML): 0.289411 0.261406 0.153036 0.296147 
   Substitution rates (ML): 0.294958 1.947448 0.584679 0.697712 2.532878 1.000000 


Final LogLikelihood: -24994502.777880

AIC score: 49989821.555760 / AICc score: 49989821.622514 / BIC score: 49995298.934736
Free parameters (model + branch lengths): 408

Best ML tree saved to: /expanse/lustre/projects/uot138/chaos/ASTERISK-sim/data/alignment/42_0.1X_S201_0_haploid.raxml.bestTree
Optimized model saved to: /expanse/lustre/projects/uot138/chaos/ASTERISK-sim/data/alignment/42_0.1X_S201_0_haploid.raxml.bestModel

Execution log saved to: /expanse/lustre/projects/uot138/chaos/ASTERISK-sim/data/alignment/42_0.1X_S201_0_haploid.raxml.log

Analysis started: 02-Jan-2023 11:07:30 / finished: 02-Jan-2023 11:14:09

Elapsed time: 398.248 seconds

Consumed energy: 49.207 Wh

