Weighted ASTRAL - Hybrid
Version: v1.13.2.3
#Genetrees: 2000
#Species: 201
#Rounds: 4
#Samples: 4
#Threads: 32
Use two-step algorithm!
Guide Tree 0/27
#NNI moves:5/236
Guide Tree 1/27
#NNI moves:3/236
Guide Tree 2/27
#NNI moves:0/236
Guide Tree 3/27
#NNI moves:4/236
Guide Tree 4/27
#NNI moves:1/236
Guide Tree 5/27
#NNI moves:0/236
Guide Tree 6/27
#NNI moves:3/236
Guide Tree 7/27
#NNI moves:0/236
Guide Tree 8/27
#NNI moves:0/236
Guide Tree 9/27
#NNI moves:0/236
Guide Tree 10/27
#NNI moves:3/236
Guide Tree 11/27
#NNI moves:2/236
Guide Tree 12/27
#NNI moves:1/236
Guide Tree 13/27
#NNI moves:1/236
Guide Tree 14/27
#NNI moves:0/236
Guide Tree 15/27
#NNI moves:0/236
Guide Tree 16/27
#NNI moves:2/236
Guide Tree 17/27
#NNI moves:3/236
Guide Tree 18/27
#NNI moves:3/236
Guide Tree 19/27
#NNI moves:4/236
Guide Tree 20/27
#NNI moves:0/236
Guide Tree 21/27
#NNI moves:8/236
Guide Tree 22/27
#NNI moves:3/236
Guide Tree 23/27
#NNI moves:3/236
Guide Tree 24/27
#NNI moves:0/236
Guide Tree 25/27
#NNI moves:0/236
Guide Tree 26/27
#NNI moves:3/236
Remaining: 0
#NNI moves:4/236
#NNI moves:4/236
(((((((((((((((((((((((T49,T34),(T101,T83)),(T179,T68)),T127),((T80,T56),(((T168,T170),T66),(T87,T90)))),(((T106,T53),T158),((T173,T104),T61))),((((((T37,T190),(T164,T8)),((T16,T93),T156)),((T182,T163),(T48,T63))),(T185,T108)),((T138,(T100,T20)),T72))),(((((T42,T25),T7),(T67,T89)),T21),T186)),(((((T77,T12),(T133,T141)),T200),((T147,T11),T199)),((T5,T174),T24))),((((T198,T136),T30),(((T144,T157),T140),T92)),((((T58,T103),(T151,T150)),((T22,(T195,(T145,T98))),T78)),(T2,T192)))),(((((((((T109,T143),T121),T142),T91),(T79,T18)),(T29,T119)),(((T178,T111),T65),(T33,T110))),((((T75,T43),T40),T176),(((T105,T94),T96),(T84,T135)))),T155)),((((T197,((T26,T137),T102)),(T95,T62)),(T169,((((((T57,T76),T177),T86),T59),((T113,T188),(T4,T132))),T41))),(((((T181,T99),(T114,T38)),T54),(T183,T17)),T125))),(((((T193,T32),T194),((T10,T69),(T81,(T128,T97)))),(T122,T172)),(((((((T45,T13),T184),((T1,T154),T123)),(T64,T129)),T153),(T118,T134)),(((((T9,(T149,T71)),T148),T130),T52),(T39,T47))))),(((T180,(T120,(T19,T191))),T70),(T31,(T15,T28)))),T0),(T175,T162)),((((T74,T187),(T112,T165)),(T146,T124)),((T3,T82),T51))),T55),(((((T73,T46),((T139,T85),T88)),T107),(T196,T117)),(T152,T23))),(T159,((((T161,(T160,T60)),T6),T126),(T171,T50)))),(((T166,(T115,T27)),(T131,T36)),((T44,T14),(T35,T167)))),T116),T189);
Guide Tree 0/27
#NNI moves:3/236
Guide Tree 1/27
#NNI moves:0/236
Guide Tree 2/27
#NNI moves:0/236
Guide Tree 3/27
#NNI moves:0/236
Guide Tree 4/27
#NNI moves:1/236
Guide Tree 5/27
#NNI moves:3/236
Guide Tree 6/27
#NNI moves:0/236
Guide Tree 7/27
#NNI moves:0/236
Guide Tree 8/27
#NNI moves:0/236
Guide Tree 9/27
#NNI moves:0/236
Guide Tree 10/27
#NNI moves:0/236
Guide Tree 11/27
#NNI moves:0/236
Guide Tree 12/27
#NNI moves:0/236
Guide Tree 13/27
#NNI moves:3/236
Guide Tree 14/27
#NNI moves:0/236
Guide Tree 15/27
#NNI moves:0/236
Guide Tree 16/27
#NNI moves:0/236
Guide Tree 17/27
#NNI moves:0/236
Guide Tree 18/27
#NNI moves:0/236
Guide Tree 19/27
#NNI moves:0/236
Guide Tree 20/27
#NNI moves:1/236
Guide Tree 21/27
#NNI moves:3/236
Guide Tree 22/27
#NNI moves:3/236
Guide Tree 23/27
#NNI moves:0/236
Guide Tree 24/27
#NNI moves:0/236
Guide Tree 25/27
#NNI moves:0/236
Guide Tree 26/27
#NNI moves:3/236
Remaining: 1
#NNI moves:1/236
#NNI moves:1/236
((((((((((T124,T146),((T165,T112),(T74,T187))),(T51,(T3,T82))),(((((((((((((((T66,(T170,T168)),(T90,T87)),(T56,T80)),((((T49,T34),(T101,T83)),(T68,T179)),T127)),(((T104,T173),T61),((T106,T53),T158))),(((((T48,T63),(T163,T182)),(((T37,T190),(T8,T164)),(T156,(T16,T93)))),(T185,T108)),(T72,(T138,(T100,T20))))),((T21,((T89,T67),((T25,T42),T7))),T186)),(((((T77,T12),(T141,T133)),T200),((T147,T11),T199)),((T174,T5),T24))),(((((T157,T144),T140),T92),((T136,T198),T30)),((T192,T2),((T78,(((T98,T145),T195),T22)),((T58,T103),(T150,T151)))))),((((((T79,T18),(((T121,(T143,T109)),T142),T91)),(T119,T29)),(((T178,T111),T65),(T33,T110))),((((T105,T94),T96),(T84,T135)),(((T75,T43),T40),T176))),T155)),((((T95,T62),(T197,((T137,T26),T102))),((T41,((T59,((T177,(T57,T76)),T86)),((T188,T113),(T4,T132)))),T169)),(((((T99,T181),(T38,T114)),T54),(T17,T183)),T125))),((((T47,T39),((((T9,(T149,T71)),T148),T130),T52)),(((((T184,(T45,T13)),((T1,T154),T123)),(T64,T129)),T153),(T134,T118))),((T172,T122),(((T10,T69),((T97,T128),T81)),((T193,T32),T194))))),((T31,(T15,T28)),((T180,((T191,T19),T120)),T70))),T0),(T175,T162))),T55),(((T117,T196),(((T73,T46),((T139,T85),T88)),T107)),(T23,T152))),(T159,((T126,(((T60,T160),T161),T6)),(T50,T171)))),(((T44,T14),(T167,T35)),((T131,T36),((T115,T27),T166)))),T116),T189);
Guide Tree 0/27
#NNI moves:0/236
Guide Tree 1/27
#NNI moves:0/236
Guide Tree 2/27
#NNI moves:0/236
Guide Tree 3/27
#NNI moves:0/236
Guide Tree 4/27
#NNI moves:1/236
Guide Tree 5/27
#NNI moves:3/236
Guide Tree 6/27
#NNI moves:0/236
Guide Tree 7/27
#NNI moves:3/236
Guide Tree 8/27
#NNI moves:1/236
Guide Tree 9/27
#NNI moves:1/236
Guide Tree 10/27
#NNI moves:3/236
Guide Tree 11/27
#NNI moves:0/236
Guide Tree 12/27
#NNI moves:0/236
Guide Tree 13/27
#NNI moves:1/236
Guide Tree 14/27
#NNI moves:1/236
Guide Tree 15/27
#NNI moves:0/236
Guide Tree 16/27
#NNI moves:1/236
Guide Tree 17/27
#NNI moves:3/236
Guide Tree 18/27
#NNI moves:0/236
Guide Tree 19/27
#NNI moves:0/236
Guide Tree 20/27
#NNI moves:0/236
Guide Tree 21/27
#NNI moves:3/236
Guide Tree 22/27
#NNI moves:1/236
Guide Tree 23/27
#NNI moves:0/236
Guide Tree 24/27
#NNI moves:0/236
Guide Tree 25/27
#NNI moves:0/236
Guide Tree 26/27
#NNI moves:0/236
Remaining: 0
#NNI moves:4/236
#NNI moves:4/236
(((((((((((((((((((((((T8,T164),(T190,T37)),(T156,(T16,T93))),((T163,T182),(T63,T48))),(T185,T108)),((T138,(T100,T20)),T72)),(((T61,(T173,T104)),(T158,(T106,T53))),((((T90,T87),((T170,T168),T66)),(T56,T80)),(T127,(((T101,T83),(T49,T34)),(T179,T68)))))),(T186,(((T7,(T42,T25)),(T89,T67)),T21))),(((((T77,T12),(T141,T133)),T200),(T199,(T11,T147))),((T5,T174),T24))),(((T2,T192),(((((T98,T145),T195),T22),T78),((T150,T151),(T58,T103)))),(((T136,T198),T30),((T140,(T144,T157)),T92)))),(((((T40,(T43,T75)),T176),((T96,(T94,T105)),(T135,T84))),(((((((T109,T143),T121),T142),T91),(T18,T79)),(T119,T29)),(((T178,T111),T65),(T33,T110)))),T155)),(((((((T86,((T57,T76),T177)),T59),((T188,T113),(T4,T132))),T41),T169),((((T137,T26),T102),T197),(T62,T95))),(((((T99,T181),(T114,T38)),T54),(T17,T183)),T125))),((((((((T154,T1),T123),((T13,T45),T184)),(T64,T129)),T153),(T134,T118)),(((((T9,(T71,T149)),T148),T130),T52),(T47,T39))),(((T194,(T193,T32)),(((T97,T128),T81),(T10,T69))),(T122,T172)))),((((T120,(T19,T191)),T180),T70),((T28,T15),T31))),T0),(T175,T162)),(((T3,T82),T51),((T146,T124),((T165,T112),(T74,T187))))),T55),(((((T88,(T139,T85)),(T73,T46)),T107),(T117,T196)),(T152,T23))),(T159,((T171,T50),(((T161,(T160,T60)),T6),T126)))),(((T166,(T115,T27)),(T36,T131)),((T44,T14),(T35,T167)))),T116),T189);
Guide Tree 0/27
#NNI moves:0/236
Guide Tree 1/27
#NNI moves:0/236
Guide Tree 2/27
#NNI moves:0/236
Guide Tree 3/27
#NNI moves:1/236
Guide Tree 4/27
#NNI moves:1/236
Guide Tree 5/27
#NNI moves:1/236
Guide Tree 6/27
#NNI moves:0/236
Guide Tree 7/27
#NNI moves:3/236
Guide Tree 8/27
#NNI moves:0/236
Guide Tree 9/27
#NNI moves:1/236
Guide Tree 10/27
#NNI moves:0/236
Guide Tree 11/27
#NNI moves:0/236
Guide Tree 12/27
#NNI moves:0/236
Guide Tree 13/27
#NNI moves:1/236
Guide Tree 14/27
#NNI moves:0/236
Guide Tree 15/27
#NNI moves:0/236
Guide Tree 16/27
#NNI moves:1/236
Guide Tree 17/27
#NNI moves:0/236
Guide Tree 18/27
#NNI moves:0/236
Guide Tree 19/27
#NNI moves:3/236
Guide Tree 20/27
#NNI moves:0/236
Guide Tree 21/27
#NNI moves:0/236
Guide Tree 22/27
#NNI moves:0/236
Guide Tree 23/27
#NNI moves:1/236
Guide Tree 24/27
#NNI moves:0/236
Guide Tree 25/27
#NNI moves:0/236
Guide Tree 26/27
#NNI moves:0/236
Remaining: 0
#NNI moves:3/236
#NNI moves:3/236
(((((((((((((((((((T72,((T20,T100),T138)),(((((T8,T164),(T190,T37)),((T93,T16),T156)),((T182,T163),(T48,T63))),(T185,T108))),((((T104,T173),T61),((T53,T106),T158)),(((T56,T80),((T87,T90),((T170,T168),T66))),((((T101,T83),(T34,T49)),(T68,T179)),T127)))),((((T67,T89),(T7,(T42,T25))),T21),T186)),(((((T141,T133),(T12,T77)),T200),((T11,T147),T199)),((T174,T5),T24))),(((((T22,(T195,(T98,T145))),T78),((T151,T150),(T103,T58))),(T192,T2)),(((T198,T136),T30),(((T144,T157),T140),T92)))),((((((((T121,(T143,T109)),T142),T91),(T18,T79)),(T119,T29)),(((T178,T111),T65),(T110,T33))),((((T75,T43),T40),T176),((T84,T135),((T94,T105),T96)))),T155)),(((((((T113,T188),(T132,T4)),((((T76,T57),T177),T86),T59)),T41),T169),((T197,((T26,T137),T102)),(T95,T62))),(T125,((T17,T183),(T54,((T99,T181),(T38,T114))))))),((((T52,((((T71,T149),T9),T148),T130)),(T39,T47)),((T118,T134),((((T184,(T45,T13)),((T1,T154),T123)),(T64,T129)),T153))),((((T81,(T97,T128)),(T69,T10)),((T193,T32),T194)),(T122,T172)))),((((T120,(T191,T19)),T180),T70),((T15,T28),T31))),T0),(T175,T162)),((((T165,T112),(T74,T187)),(T124,T146)),(T51,(T82,T3)))),T55),(((T107,((T88,(T139,T85)),(T46,T73))),(T117,T196)),(T152,T23))),(T159,((T50,T171),(((T161,(T60,T160)),T6),T126)))),(((T36,T131),((T27,T115),T166)),((T14,T44),(T167,T35)))),T116),T189);
Initial score: 2.34978e+10
Initial tree: (((((((((((((((((((T72,((T20,T100),T138)),(((((T8,T164),(T190,T37)),((T93,T16),T156)),((T182,T163),(T48,T63))),(T185,T108))),((((T104,T173),T61),((T53,T106),T158)),(((T56,T80),((T87,T90),((T170,T168),T66))),((((T101,T83),(T34,T49)),(T68,T179)),T127)))),((((T67,T89),(T7,(T42,T25))),T21),T186)),(((((T141,T133),(T12,T77)),T200),((T11,T147),T199)),((T174,T5),T24))),(((((T22,(T195,(T98,T145))),T78),((T151,T150),(T103,T58))),(T192,T2)),(((T198,T136),T30),(((T144,T157),T140),T92)))),((((((((T121,(T143,T109)),T142),T91),(T18,T79)),(T119,T29)),(((T178,T111),T65),(T110,T33))),((((T75,T43),T40),T176),((T84,T135),((T94,T105),T96)))),T155)),(((((((T113,T188),(T132,T4)),((((T76,T57),T177),T86),T59)),T41),T169),((T197,((T26,T137),T102)),(T95,T62))),(T125,((T17,T183),(T54,((T99,T181),(T38,T114))))))),((((T52,((((T71,T149),T9),T148),T130)),(T39,T47)),((T118,T134),((((T184,(T45,T13)),((T1,T154),T123)),(T64,T129)),T153))),((((T81,(T97,T128)),(T69,T10)),((T193,T32),T194)),(T122,T172)))),((((T120,(T191,T19)),T180),T70),((T15,T28),T31))),T0),(T175,T162)),((((T165,T112),(T74,T187)),(T124,T146)),(T51,(T82,T3)))),T55),(((T107,((T88,(T139,T85)),(T46,T73))),(T117,T196)),(T152,T23))),(T159,((T50,T171),(((T161,(T60,T160)),T6),T126)))),(((T36,T131),((T27,T115),T166)),((T14,T44),(T167,T35)))),T116),T189);
*** Subsample Process ***
Use two-step algorithm!
#NNI moves:0/236
Remaining: 0
#NNI moves:6/236
#NNI moves:6/236
(((((((((((((((((((((((T166,(T115,T27)),(T36,T131)),((T35,T167),(T14,T44))),(T116,T189)),(((T50,T171),((((T160,T60),T161),T6),T126)),T159)),(((T117,T196),(((T73,T46),(T88,(T85,T139))),T107)),(T152,T23))),T55),((T51,(T82,T3)),(((T74,T187),(T165,T112)),(T146,T124)))),(T175,T162)),T0),(((T28,T15),T31),((((T19,T191),T120),T180),T70))),((((T39,T47),((((T9,(T71,T149)),T148),T130),T52)),((((T64,T129),((T184,(T45,T13)),((T154,T1),T123))),T153),(T134,T118))),((((T10,T69),((T128,T97),T81)),(T194,(T193,T32))),(T122,T172)))),((((((((T177,(T57,T76)),T86),T59),((T113,T188),(T132,T4))),T41),T169),(((T102,(T137,T26)),T197),(T62,T95))),(((((T114,T38),(T99,T181)),T54),(T17,T183)),T125))),(((((((((T109,T143),T121),T142),T91),(T79,T18)),(T119,T29)),(((T178,T111),T65),(T33,T110))),(((T96,(T94,T105)),(T135,T84)),(((T75,T43),T40),T176))),T155)),(((((((T145,T98),T195),T22),T78),((T151,T150),(T103,T58))),(T192,T2)),(((T136,T198),T30),(((T144,T157),T140),T92)))),(((((T12,T77),(T141,T133)),T200),((T147,T11),T199)),((T174,T5),T24))),((((T67,T89),((T25,T42),T7)),T21),T186)),((((((T101,T83),(T34,T49)),(T68,T179)),T127),((T56,T80),((T87,T90),((T168,T170),T66)))),(((T104,T173),T61),((T106,T53),T158)))),((((T182,T163),(T48,T63)),(((T93,T16),T156),((T37,T190),(T8,T164)))),(T185,T108))),T72),T138),T20),T100);
#NNI moves:0/236
Remaining: 0
#NNI moves:16/236
#NNI moves:16/236
(((((((((((((((((((((T106,T53),T158),(T61,(T104,T173))),((((T90,T87),((T170,T168),T66)),(T56,T80)),(((T179,T68),((T49,T34),(T101,T83))),T127))),((((((T93,T16),T156),((T37,T190),(T164,T8))),((T63,T48),(T182,T163))),(T185,T108)),(((T100,T20),T138),T72))),(T186,((((T25,T42),T7),(T67,T89)),T21))),(((((T77,T12),(T133,T141)),T200),((T11,T147),T199)),((T5,T174),T24))),(((((T103,T58),(T151,T150)),(T78,((T195,(T145,T98)),T22))),(T192,T2)),(((T140,(T157,T144)),T92),((T198,T136),T30)))),(((((T65,(T178,T111)),(T33,T110)),((((((T109,T143),T121),T142),T91),(T79,T18)),(T29,T119))),(((T84,T135),((T94,T105),T96)),(T176,(T40,(T75,T43))))),T155)),(((((T102,(T26,T137)),T197),(T62,T95)),((((T59,((T177,(T76,T57)),T86)),((T132,T4),(T113,T188))),T41),T169)),(((((T181,T99),(T38,T114)),T54),(T17,T183)),T125))),(((((T69,T10),(T81,(T128,T97))),((T32,T193),T194)),(T122,T172)),(((((((T71,T149),T9),T148),T130),T52),(T47,T39)),(((((T123,(T154,T1)),((T45,T13),T184)),(T64,T129)),T153),(T134,T118))))),((T31,(T15,T28)),((((T19,T191),T120),T180),T70))),T0),(T175,T162)),(((T82,T3),T51),(((T74,T187),(T165,T112)),(T124,T146)))),T55),(((T117,T196),((((T139,T85),T88),(T73,T46)),T107)),(T152,T23))),(((T50,T171),(((T161,(T160,T60)),T6),T126)),T159)),((((T27,T115),T166),(T131,T36)),((T44,T14),(T35,T167)))),T189),T116);
#NNI moves:0/236
Remaining: 2
#NNI moves:10/236
#NNI moves:14/236
((((((((((((((((((((T149,T71),T9),T148),T130),T52),(T39,T47)),((T153,((((T154,T1),T123),((T13,T45),T184)),(T129,T64))),(T134,T118))),((((T10,T69),(T81,(T97,T128))),(T194,(T32,T193))),(T172,T122))),((((T175,T162),((((((((T6,(T161,(T160,T60))),T126),(T50,T171)),T159),((((T166,(T27,T115)),(T131,T36)),((T44,T14),(T167,T35))),(T189,T116))),(((((T73,T46),((T85,T139),T88)),T107),(T117,T196)),(T152,T23))),T55),((((T112,T165),(T187,T74)),(T146,T124)),((T3,T82),T51)))),T0),(((T28,T15),T31),((((T191,T19),T120),T180),T70)))),((((((T114,T38),(T181,T99)),T54),(T183,T17)),T125),((T169,((((((T57,T76),T177),T86),T59),((T188,T113),(T132,T4))),T41)),((T95,T62),(((T137,T26),T102),T197))))),(((((((((T143,T109),T121),T142),T91),(T18,T79)),(T29,T119)),(((T111,T178),T65),(T110,T33))),((((T94,T105),T96),(T84,T135)),((T40,(T43,T75)),T176))),T155)),((((((T195,(T145,T98)),T22),T78),((T103,T58),(T150,T151))),(T192,T2)),((((T157,T144),T140),T92),(T30,(T136,T198))))),(((T199,(T147,T11)),(((T77,T12),(T141,T133)),T200)),((T174,T5),T24))),(((((T42,T25),T7),(T89,T67)),T21),T186)),(((((T63,T48),(T182,T163)),(((T164,T8),(T37,T190)),((T16,T93),T156))),(T108,T185)),(((T20,T100),T138),T72))),((((T87,T90),(T66,(T168,T170))),(T56,T80)),((((T49,T34),(T83,T101)),(T68,T179)),T127))),(T61,(T173,T104))),T158),T106),T53);
#NNI moves:0/236
Remaining: 0
#NNI moves:1/236
#NNI moves:1/236
(((((((((((((((((((((((T8,T164),(T37,T190)),(T156,(T16,T93))),((T63,T48),(T163,T182))),(T108,T185)),(T72,((T100,T20),T138))),((((((T83,T101),(T49,T34)),(T68,T179)),T127),(((T90,T87),((T168,T170),T66)),(T56,T80))),(((T104,T173),T61),((T106,T53),T158)))),((((T7,(T25,T42)),(T89,T67)),T21),T186)),(((((T141,T133),(T12,T77)),T200),((T147,T11),T199)),((T174,T5),T24))),(((((T157,T144),T140),T92),(T30,(T198,T136))),((((((T98,T145),T195),T22),T78),((T150,T151),(T103,T58))),(T192,T2)))),(((((((((T109,T143),T121),T142),T91),(T79,T18)),(T119,T29)),((T110,T33),((T111,T178),T65))),(((T40,(T43,T75)),T176),((T135,T84),(T96,(T105,T94))))),T155)),((((((((T177,(T76,T57)),T86),T59),((T113,T188),(T132,T4))),T41),T169),((T197,((T26,T137),T102)),(T62,T95))),(((T183,T17),(((T38,T114),(T181,T99)),T54)),T125))),(((((((T184,(T13,T45)),((T1,T154),T123)),(T129,T64)),T153),(T134,T118)),((T47,T39),(T52,((T148,((T149,T71),T9)),T130)))),((T172,T122),(((T193,T32),T194),(((T128,T97),T81),(T10,T69)))))),(((((T191,T19),T120),T180),T70),((T15,T28),T31))),T0),(T162,T175)),((((T112,T165),(T187,T74)),(T146,T124)),(T51,(T3,T82)))),T55),(((((T46,T73),((T85,T139),T88)),T107),(T196,T117)),(T152,T23))),((((((T60,T160),T161),T6),T126),(T50,T171)),T159)),(((T167,T35),(T44,T14)),(((T27,T115),T166),(T36,T131)))),T189),T116);
Current score: 2.34978e+10
Current tree: (((((((((((((((((((((((T8,T164),(T37,T190)),(T156,(T16,T93))),((T63,T48),(T163,T182))),(T108,T185)),(T72,((T100,T20),T138))),((((((T83,T101),(T49,T34)),(T68,T179)),T127),(((T90,T87),((T168,T170),T66)),(T56,T80))),(((T104,T173),T61),((T106,T53),T158)))),((((T7,(T25,T42)),(T89,T67)),T21),T186)),(((((T141,T133),(T12,T77)),T200),((T147,T11),T199)),((T174,T5),T24))),(((((T157,T144),T140),T92),(T30,(T198,T136))),((((((T98,T145),T195),T22),T78),((T150,T151),(T103,T58))),(T192,T2)))),(((((((((T109,T143),T121),T142),T91),(T79,T18)),(T119,T29)),((T110,T33),((T111,T178),T65))),(((T40,(T43,T75)),T176),((T135,T84),(T96,(T105,T94))))),T155)),((((((((T177,(T76,T57)),T86),T59),((T113,T188),(T132,T4))),T41),T169),((T197,((T26,T137),T102)),(T62,T95))),(((T183,T17),(((T38,T114),(T181,T99)),T54)),T125))),(((((((T184,(T13,T45)),((T1,T154),T123)),(T129,T64)),T153),(T134,T118)),((T47,T39),(T52,((T148,((T149,T71),T9)),T130)))),((T172,T122),(((T193,T32),T194),(((T128,T97),T81),(T10,T69)))))),(((((T191,T19),T120),T180),T70),((T15,T28),T31))),T0),(T162,T175)),((((T112,T165),(T187,T74)),(T146,T124)),(T51,(T3,T82)))),T55),(((((T46,T73),((T85,T139),T88)),T107),(T196,T117)),(T152,T23))),((((((T60,T160),T161),T6),T126),(T50,T171)),T159)),(((T167,T35),(T44,T14)),(((T27,T115),T166),(T36,T131)))),T116),T189);
Use two-step algorithm!
#NNI moves:1/236
Remaining: 0
#NNI moves:5/236
#NNI moves:5/236
((((((((((((((((((((((((T36,T131),((T115,T27),T166)),((T14,T44),(T35,T167))),(T116,T189)),(((T126,((T161,(T160,T60)),T6)),(T171,T50)),T159)),((((((T85,T139),T88),(T46,T73)),T107),(T117,T196)),(T152,T23))),T55),((((T112,T165),(T74,T187)),(T124,T146)),((T82,T3),T51))),(T162,T175)),T0),((T70,((T120,(T19,T191)),T180)),(T31,(T28,T15)))),((((((((T13,T45),T184),((T154,T1),T123)),(T129,T64)),T153),(T118,T134)),((((T148,((T71,T149),T9)),T130),T52),(T47,T39))),((((T81,(T97,T128)),(T10,T69)),(T194,(T32,T193))),(T172,T122)))),(((((((((T57,T76),T177),T86),T59),((T188,T113),(T132,T4))),T41),T169),((((T137,T26),T102),T197),(T95,T62))),(((T54,((T181,T99),(T38,T114))),(T17,T183)),T125))),(((((T29,T119),(((T142,((T143,T109),T121)),T91),(T18,T79))),((T33,T110),((T178,T111),T65))),((((T94,T105),T96),(T84,T135)),(((T43,T75),T40),T176))),T155)),(((T92,((T157,T144),T140)),((T136,T198),T30)),((((T103,T58),(T151,T150)),((((T98,T145),T195),T22),T78)),(T192,T2)))),(((T199,(T147,T11)),(((T77,T12),(T133,T141)),T200)),((T174,T5),T24))),((((T89,T67),((T42,T25),T7)),T21),T186)),(((T61,(T173,T104)),((T53,T106),T158)),((((T179,T68),((T49,T34),(T83,T101))),T127),((((T170,T168),T66),(T87,T90)),(T80,T56))))),(((T100,T20),T138),T72)),(T108,T185)),(((T190,T37),(T164,T8)),((T16,T93),T156))),(T48,T63)),T163),T182);
#NNI moves:0/236
Remaining: 1
#NNI moves:0/236
#NNI moves:0/236
((((((((((((((((((((((((T93,T16),T156),((T8,T164),(T37,T190))),((T163,T182),(T48,T63))),(T185,T108)),(((T100,T20),T138),T72)),(((T61,(T173,T104)),((T53,T106),T158)),(((((T101,T83),(T49,T34)),(T179,T68)),T127),(((T90,T87),(T66,(T170,T168))),(T56,T80))))),(T186,((((T42,T25),T7),(T67,T89)),T21))),((T24,(T5,T174)),((T199,(T11,T147)),(T200,((T12,T77),(T141,T133)))))),(((((T144,T157),T140),T92),((T198,T136),T30)),((((T58,T103),(T151,T150)),((T22,(T195,(T145,T98))),T78)),(T192,T2)))),((((((T105,T94),T96),(T135,T84)),((T40,(T43,T75)),T176)),((((T79,T18),((T142,(T121,(T143,T109))),T91)),(T29,T119)),((T33,T110),((T178,T111),T65)))),T155)),((((((((T177,(T76,T57)),T86),T59),((T188,T113),(T4,T132))),T41),T169),((T95,T62),(((T26,T137),T102),T197))),(((((T38,T114),(T181,T99)),T54),(T183,T17)),T125))),((((((((T45,T13),T184),(T123,(T154,T1))),(T129,T64)),T153),(T134,T118)),((T39,T47),(((T148,(T9,(T149,T71))),T130),T52))),((T172,T122),(((T193,T32),T194),((T69,T10),(T81,(T97,T128))))))),(((((T191,T19),T120),T180),T70),((T15,T28),T31))),T0),(T175,T162)),((T51,(T3,T82)),(((T165,T112),(T187,T74)),(T124,T146)))),T55),((((((T85,T139),T88),(T46,T73)),T107),(T196,T117)),(T152,T23))),((((T35,T167),(T44,T14)),(((T27,T115),T166),(T131,T36))),(T116,T189))),T159),(T50,T171)),(T6,(T161,(T160,T60)))),T126);
#NNI moves:0/236
Remaining: 0
#NNI moves:9/236
#NNI moves:9/236
((((((((((((((((((((T123,(T1,T154)),((T13,T45),T184)),(T129,T64)),T153),(T134,T118)),((T47,T39),(((((T149,T71),T9),T148),T130),T52))),((((T32,T193),T194),((T81,(T128,T97)),(T10,T69))),(T172,T122))),(((((T55,((((((T46,T73),((T139,T85),T88)),T107),(T196,T117)),(T152,T23)),(((((((T160,T60),T161),T6),T126),(T50,T171)),T159),((((T36,T131),((T27,T115),T166)),((T35,T167),(T44,T14))),(T189,T116))))),((T51,(T3,T82)),(((T74,T187),(T165,T112)),(T124,T146)))),(T175,T162)),T0),((((T120,(T191,T19)),T180),T70),(T31,(T15,T28))))),((((T17,T183),(((T181,T99),(T38,T114)),T54)),T125),(((T197,((T137,T26),T102)),(T62,T95)),(((((T188,T113),(T4,T132)),((((T57,T76),T177),T86),T59)),T41),T169)))),(((((T135,T84),((T105,T94),T96)),(((T75,T43),T40),T176)),(((((((T109,T143),T121),T142),T91),(T18,T79)),(T29,T119)),(((T111,T178),T65),(T110,T33)))),T155)),(((((T103,T58),(T150,T151)),((T22,((T98,T145),T195)),T78)),(T2,T192)),(((T136,T198),T30),(T92,(T140,(T144,T157)))))),((((T147,T11),T199),(((T141,T133),(T77,T12)),T200)),((T174,T5),T24))),((((T67,T89),((T25,T42),T7)),T21),T186)),((((T53,T106),T158),((T104,T173),T61)),(((((T83,T101),(T49,T34)),(T179,T68)),T127),((T56,T80),((T87,T90),((T170,T168),T66)))))),((T138,(T20,T100)),T72)),(T108,T185)),(((T93,T16),T156),((T8,T164),(T37,T190)))),(T63,T48)),T163),T182);
#NNI moves:3/236
Remaining: 0
#NNI moves:6/236
#NNI moves:6/236
(((((((((((((((((((((T108,T185),((((T16,T93),T156),((T190,T37),(T164,T8))),((T163,T182),(T48,T63)))),(((T20,T100),T138),T72)),((((T53,T106),T158),((T173,T104),T61)),(((((T168,T170),T66),(T87,T90)),(T80,T56)),(((T179,T68),((T34,T49),(T83,T101))),T127)))),(((((T42,T25),T7),(T89,T67)),T21),T186)),(((((T12,T77),(T133,T141)),T200),((T147,T11),T199)),((T5,T174),T24))),(((((T103,T58),(T150,T151)),(T78,(((T145,T98),T195),T22))),(T2,T192)),(((T136,T198),T30),(((T144,T157),T140),T92)))),((((((T178,T111),T65),(T110,T33)),((T29,T119),((T91,(T142,(T121,(T143,T109)))),(T18,T79)))),(((T96,(T105,T94)),(T135,T84)),((T40,(T43,T75)),T176))),T155)),(((((((T132,T4),(T113,T188)),(T59,(((T57,T76),T177),T86))),T41),T169),((((T26,T137),T102),T197),(T62,T95))),(((T54,((T114,T38),(T99,T181))),(T17,T183)),T125))),((((((((T1,T154),T123),((T45,T13),T184)),(T129,T64)),T153),(T118,T134)),((T39,T47),(((((T149,T71),T9),T148),T130),T52))),((T172,T122),((((T97,T128),T81),(T10,T69)),(T194,(T193,T32)))))),(((((T19,T191),T120),T180),T70),((T15,T28),T31))),T0),(T175,T162)),((((T187,T74),(T112,T165)),(T146,T124)),((T3,T82),T51))),T55),((T152,T23),((T107,((T73,T46),((T139,T85),T88))),(T117,T196)))),((((T14,T44),(T35,T167)),((T36,T131),((T27,T115),T166))),(T189,T116))),T159),(T126,(((T60,T160),T161),T6))),T50),T171);
Current score: 2.34978e+10
Current tree: ((T116,((((T14,T44),(T35,T167)),((T36,T131),((T27,T115),T166))),(((((((((((((((((T108,T185),((((T16,T93),T156),((T190,T37),(T164,T8))),((T163,T182),(T48,T63)))),(((T20,T100),T138),T72)),((((T53,T106),T158),((T173,T104),T61)),(((((T168,T170),T66),(T87,T90)),(T80,T56)),(((T179,T68),((T34,T49),(T83,T101))),T127)))),(((((T42,T25),T7),(T89,T67)),T21),T186)),(((((T12,T77),(T133,T141)),T200),((T147,T11),T199)),((T5,T174),T24))),(((((T103,T58),(T150,T151)),(T78,(((T145,T98),T195),T22))),(T2,T192)),(((T136,T198),T30),(((T144,T157),T140),T92)))),((((((T178,T111),T65),(T110,T33)),((T29,T119),((T91,(T142,(T121,(T143,T109)))),(T18,T79)))),(((T96,(T105,T94)),(T135,T84)),((T40,(T43,T75)),T176))),T155)),(((((((T132,T4),(T113,T188)),(T59,(((T57,T76),T177),T86))),T41),T169),((((T26,T137),T102),T197),(T62,T95))),(((T54,((T114,T38),(T99,T181))),(T17,T183)),T125))),((((((((T1,T154),T123),((T45,T13),T184)),(T129,T64)),T153),(T118,T134)),((T39,T47),(((((T149,T71),T9),T148),T130),T52))),((T172,T122),((((T97,T128),T81),(T10,T69)),(T194,(T193,T32)))))),(((((T19,T191),T120),T180),T70),((T15,T28),T31))),T0),(T175,T162)),((((T187,T74),(T112,T165)),(T146,T124)),((T3,T82),T51))),T55),((T152,T23),((T107,((T73,T46),((T139,T85),T88))),(T117,T196)))),(T159,((T126,(((T60,T160),T161),T6)),(T50,T171)))))),T189);
Final Tree: ((T116,((((T14,T44),(T35,T167)),((T36,T131),((T27,T115),T166))),(((((((((((((((((T108,T185),((((T16,T93),T156),((T190,T37),(T164,T8))),((T163,T182),(T48,T63)))),(((T20,T100),T138),T72)),((((T53,T106),T158),((T173,T104),T61)),(((((T168,T170),T66),(T87,T90)),(T80,T56)),(((T179,T68),((T34,T49),(T83,T101))),T127)))),(((((T42,T25),T7),(T89,T67)),T21),T186)),(((((T12,T77),(T133,T141)),T200),((T147,T11),T199)),((T5,T174),T24))),(((((T103,T58),(T150,T151)),(T78,(((T145,T98),T195),T22))),(T2,T192)),(((T136,T198),T30),(((T144,T157),T140),T92)))),((((((T178,T111),T65),(T110,T33)),((T29,T119),((T91,(T142,(T121,(T143,T109)))),(T18,T79)))),(((T96,(T105,T94)),(T135,T84)),((T40,(T43,T75)),T176))),T155)),(((((((T132,T4),(T113,T188)),(T59,(((T57,T76),T177),T86))),T41),T169),((((T26,T137),T102),T197),(T62,T95))),(((T54,((T114,T38),(T99,T181))),(T17,T183)),T125))),((((((((T1,T154),T123),((T45,T13),T184)),(T129,T64)),T153),(T118,T134)),((T39,T47),(((((T149,T71),T9),T148),T130),T52))),((T172,T122),((((T97,T128),T81),(T10,T69)),(T194,(T193,T32)))))),(((((T19,T191),T120),T180),T70),((T15,T28),T31))),T0),(T175,T162)),((((T187,T74),(T112,T165)),(T146,T124)),((T3,T82),T51))),T55),((T152,T23),((T107,((T73,T46),((T139,T85),T88))),(T117,T196)))),(T159,((T126,(((T60,T160),T161),T6)),(T50,T171)))))),T189);
Score: 2.349780876e+10

real	1m59.334s
user	44m25.625s
sys	0m23.629s
