Weighted ASTRAL - Hybrid
Version: v1.13.2.3
#Genetrees: 2000
#Species: 201
#Rounds: 4
#Samples: 4
#Threads: 32
Use two-step algorithm!
Guide Tree 0/27
#NNI moves:0/236
Guide Tree 1/27
#NNI moves:0/236
Guide Tree 2/27
#NNI moves:0/236
Guide Tree 3/27
#NNI moves:0/236
Guide Tree 4/27
#NNI moves:0/236
Guide Tree 5/27
#NNI moves:0/236
Guide Tree 6/27
#NNI moves:0/236
Guide Tree 7/27
#NNI moves:0/236
Guide Tree 8/27
#NNI moves:0/236
Guide Tree 9/27
#NNI moves:3/236
Guide Tree 10/27
#NNI moves:1/236
Guide Tree 11/27
#NNI moves:0/236
Guide Tree 12/27
#NNI moves:0/236
Guide Tree 13/27
#NNI moves:0/236
Guide Tree 14/27
#NNI moves:0/236
Guide Tree 15/27
#NNI moves:0/236
Guide Tree 16/27
#NNI moves:0/236
Guide Tree 17/27
#NNI moves:3/236
Guide Tree 18/27
#NNI moves:0/236
Guide Tree 19/27
#NNI moves:0/236
Guide Tree 20/27
#NNI moves:0/236
Guide Tree 21/27
#NNI moves:3/236
Guide Tree 22/27
#NNI moves:0/236
Guide Tree 23/27
#NNI moves:0/236
Guide Tree 24/27
#NNI moves:1/236
Guide Tree 25/27
#NNI moves:0/236
Guide Tree 26/27
#NNI moves:0/236
Remaining: 1
#NNI moves:0/236
#NNI moves:0/236
((((((((((((T16,(T58,T40)),T168),(T37,T88)),((((T115,T141),((T7,T91),T156)),T120),((T196,T182),(T163,((T175,(T53,T130)),T47))))),(T18,(T12,T27))),T176),((((((T69,(T125,T31)),T187),(T39,T63)),T100),((((T180,T157),(((T138,(T199,T72)),T195),(T171,T111))),(T152,T79)),(T124,T127))),(((T184,T90),((T189,T52),T5)),((T107,(T42,T33)),T56)))),((((((((((T83,T148),((T194,(T126,T46)),T24)),T113),(((((T145,T15),T172),(T143,T179)),T8),(T158,T109))),((T121,T29),T197)),((((T43,T116),(T190,T153)),(((T178,(T132,T82)),T70),(T55,T17))),(T45,(T103,T159)))),(T114,T49)),T106),T44),(((((T68,T166),(T133,T169)),T61),((T131,T97),(T21,(T1,T77)))),(((T98,T198),T67),(T186,T117))))),(((((((T149,T108),T81),(T101,T38)),(((T162,T122),((T30,T66),T188)),T11)),T200),(T2,T60)),((((T48,T76),T59),T74),(((T140,(T13,T96)),(T112,T129)),((T123,T170),((T87,T9),T26)))))),((((((((((T57,T147),T80),T32),T118),((T105,T135),(((T128,T185),((T150,T142),T137)),T104))),((((T181,T51),((T10,(T75,T161)),T23)),T183),T110)),(((((T25,T144),T28),(((T62,T85),T19),T139)),(((((T64,T154),T22),T93),T167),T41)),(T4,T36))),(((T86,((((T35,T84),(T151,T94)),((T173,T155),T177)),((T191,T54),T193))),T95),((((T102,T73),T50),T78),((T99,T92),(((T165,T6),T192),T160))))),((((T3,(T89,T119)),T71),(T164,T65)),(((T34,T146),T174),(T14,T136)))),T0)),T20),T134);
Guide Tree 0/27
#NNI moves:0/236
Guide Tree 1/27
#NNI moves:0/236
Guide Tree 2/27
#NNI moves:0/236
Guide Tree 3/27
#NNI moves:0/236
Guide Tree 4/27
#NNI moves:0/236
Guide Tree 5/27
#NNI moves:0/236
Guide Tree 6/27
#NNI moves:0/236
Guide Tree 7/27
#NNI moves:0/236
Guide Tree 8/27
#NNI moves:0/236
Guide Tree 9/27
#NNI moves:0/236
Guide Tree 10/27
#NNI moves:0/236
Guide Tree 11/27
#NNI moves:0/236
Guide Tree 12/27
#NNI moves:0/236
Guide Tree 13/27
#NNI moves:0/236
Guide Tree 14/27
#NNI moves:0/236
Guide Tree 15/27
#NNI moves:0/236
Guide Tree 16/27
#NNI moves:0/236
Guide Tree 17/27
#NNI moves:0/236
Guide Tree 18/27
#NNI moves:0/236
Guide Tree 19/27
#NNI moves:0/236
Guide Tree 20/27
#NNI moves:0/236
Guide Tree 21/27
#NNI moves:0/236
Guide Tree 22/27
#NNI moves:0/236
Guide Tree 23/27
#NNI moves:0/236
Guide Tree 24/27
#NNI moves:0/236
Guide Tree 25/27
#NNI moves:0/236
Guide Tree 26/27
#NNI moves:0/236
Remaining: 0
#NNI moves:2/236
#NNI moves:2/236
((((((((((((T180,T157),((((T199,T72),T138),T195),(T111,T171))),(T79,T152)),(T124,T127)),(((T39,T63),(((T125,T31),T69),T187)),T100)),(((T5,(T52,T189)),(T184,T90)),(T56,((T42,T33),T107)))),((((((T16,(T58,T40)),T168),(T37,T88)),(((T182,T196),(((T175,(T53,T130)),T47),T163)),((((T91,T7),T156),(T115,T141)),T120))),(T18,(T27,T12))),T176)),(((((((((((T194,(T46,T126)),T24),(T83,T148)),T113),((T8,((T172,(T15,T145)),(T179,T143))),(T109,T158))),(T197,(T29,T121))),((((T190,T153),(T43,T116)),((T55,T17),(T70,(T178,(T132,T82))))),((T159,T103),T45))),(T49,T114)),T106),T44),(((((T77,T1),T21),(T131,T97)),(((T169,T133),(T166,T68)),T61)),(((T198,T98),T67),(T186,T117))))),(((((T123,T170),(T26,(T9,T87))),(((T13,T96),T140),(T129,T112))),(((T48,T76),T59),T74)),((((((T149,T108),T81),(T38,T101)),((((T66,T30),T188),(T122,T162)),T11)),T200),(T2,T60)))),(((((((((T144,T25),T28),(T139,(T19,(T62,T85)))),((T167,(((T64,T154),T22),T93)),T41)),(T36,T4)),(((((T23,((T75,T161),T10)),(T181,T51)),T183),T110),(((((T137,(T150,T142)),(T185,T128)),T104),(T135,T105)),((T32,((T57,T147),T80)),T118)))),((((T50,(T73,T102)),T78),((T160,((T6,T165),T192)),(T99,T92))),(T95,(((T193,(T191,T54)),((T177,(T155,T173)),((T84,T35),(T94,T151)))),T86)))),(((T65,T164),(((T89,T119),T3),T71)),((T174,(T146,T34)),(T136,T14)))),T0)),T20),T134);
Guide Tree 0/27
#NNI moves:0/236
Guide Tree 1/27
#NNI moves:0/236
Guide Tree 2/27
#NNI moves:0/236
Guide Tree 3/27
#NNI moves:0/236
Guide Tree 4/27
#NNI moves:0/236
Guide Tree 5/27
#NNI moves:0/236
Guide Tree 6/27
#NNI moves:0/236
Guide Tree 7/27
#NNI moves:0/236
Guide Tree 8/27
#NNI moves:0/236
Guide Tree 9/27
#NNI moves:0/236
Guide Tree 10/27
#NNI moves:0/236
Guide Tree 11/27
#NNI moves:0/236
Guide Tree 12/27
#NNI moves:0/236
Guide Tree 13/27
#NNI moves:0/236
Guide Tree 14/27
#NNI moves:0/236
Guide Tree 15/27
#NNI moves:0/236
Guide Tree 16/27
#NNI moves:0/236
Guide Tree 17/27
#NNI moves:0/236
Guide Tree 18/27
#NNI moves:1/236
Guide Tree 19/27
#NNI moves:0/236
Guide Tree 20/27
#NNI moves:0/236
Guide Tree 21/27
#NNI moves:0/236
Guide Tree 22/27
#NNI moves:0/236
Guide Tree 23/27
#NNI moves:0/236
Guide Tree 24/27
#NNI moves:1/236
Guide Tree 25/27
#NNI moves:0/236
Guide Tree 26/27
#NNI moves:0/236
Remaining: 0
#NNI moves:0/236
#NNI moves:0/236
((((((((((((((T7,T91),T156),(T115,T141)),T120),(((T47,(T175,(T53,T130))),T163),(T182,T196))),((T37,T88),(T168,(T16,(T58,T40))))),((T12,T27),T18)),T176),(((T100,(((T69,(T125,T31)),T187),(T63,T39))),((T127,T124),(((((T138,(T72,T199)),T195),(T171,T111)),(T157,T180)),(T152,T79)))),((((T33,T42),T107),T56),((T5,(T52,T189)),(T90,T184))))),((((((T68,T166),(T133,T169)),T61),(((T1,T77),T21),(T131,T97))),((T117,T186),((T198,T98),T67))),(((((((((T24,(T194,(T46,T126))),(T148,T83)),T113),(((((T145,T15),T172),(T143,T179)),T8),(T158,T109))),((T121,T29),T197)),((((T190,T153),(T43,T116)),((T17,T55),(((T82,T132),T178),T70))),(T45,(T159,T103)))),(T49,T114)),T106),T44))),(((((T11,((T162,T122),((T30,T66),T188))),((T101,T38),(T81,(T149,T108)))),T200),(T2,T60)),((T74,((T76,T48),T59)),(((T123,T170),((T9,T87),T26)),((T140,(T96,T13)),(T112,T129)))))),(((((((((((T154,T64),T22),T93),T167),T41),((((T62,T85),T19),T139),((T25,T144),T28))),(T36,T4)),((((T32,((T147,T57),T80)),T118),((T104,(((T150,T142),T137),(T185,T128))),(T135,T105))),((((T23,(T10,(T161,T75))),(T181,T51)),T183),T110))),((((((T54,T191),T193),(((T173,T155),T177),((T35,T84),(T94,T151)))),T86),T95),((((T192,(T6,T165)),T160),(T92,T99)),(((T73,T102),T50),T78)))),((((T34,T146),T174),(T14,T136)),((((T119,T89),T3),T71),(T65,T164)))),T0)),T20),T134);
Guide Tree 0/27
#NNI moves:0/236
Guide Tree 1/27
#NNI moves:1/236
Guide Tree 2/27
#NNI moves:1/236
Guide Tree 3/27
#NNI moves:0/236
Guide Tree 4/27
#NNI moves:1/236
Guide Tree 5/27
#NNI moves:0/236
Guide Tree 6/27
#NNI moves:2/236
Guide Tree 7/27
#NNI moves:0/236
Guide Tree 8/27
#NNI moves:0/236
Guide Tree 9/27
#NNI moves:0/236
Guide Tree 10/27
#NNI moves:1/236
Guide Tree 11/27
#NNI moves:1/236
Guide Tree 12/27
#NNI moves:1/236
Guide Tree 13/27
#NNI moves:1/236
Guide Tree 14/27
#NNI moves:0/236
Guide Tree 15/27
#NNI moves:1/236
Guide Tree 16/27
#NNI moves:1/236
Guide Tree 17/27
#NNI moves:0/236
Guide Tree 18/27
#NNI moves:0/236
Guide Tree 19/27
#NNI moves:3/236
Guide Tree 20/27
#NNI moves:1/236
Guide Tree 21/27
#NNI moves:3/236
Guide Tree 22/27
#NNI moves:0/236
Guide Tree 23/27
#NNI moves:0/236
Guide Tree 24/27
#NNI moves:1/236
Guide Tree 25/27
#NNI moves:1/236
Guide Tree 26/27
#NNI moves:1/236
Remaining: 0
#NNI moves:0/236
#NNI moves:0/236
((((((((((((((T116,T43),(T153,T190)),((T17,T55),(((T82,T132),T178),T70))),((T159,T103),T45)),(((T113,((T24,((T46,T126),T194)),(T148,T83))),((((T172,(T145,T15)),(T179,T143)),T8),(T158,T109))),((T29,T121),T197))),(T49,T114)),T106),T44),(((((T77,T1),T21),(T131,T97)),(((T169,T133),(T166,T68)),T61)),(((T98,T198),T67),(T117,T186)))),((((((T33,T42),T107),T56),(((T52,T189),T5),(T184,T90))),((((T187,((T125,T31),T69)),(T63,T39)),T100),((T124,T127),((T152,T79),(((T171,T111),(T195,((T72,T199),T138))),(T157,T180)))))),(((((((((T53,T130),T175),T47),T163),(T182,T196)),(((T115,T141),((T91,T7),T156)),T120)),((((T40,T58),T16),T168),(T88,T37))),(T18,(T27,T12))),T176))),((((((T38,T101),(T81,(T108,T149))),((((T66,T30),T188),(T122,T162)),T11)),T200),(T2,T60)),((((T112,T129),(T140,(T96,T13))),(((T9,T87),T26),(T170,T123))),(((T48,T76),T59),T74)))),(((((((((T177,(T155,T173)),((T94,T151),(T35,T84))),((T191,T54),T193)),T86),T95),(((T160,((T165,T6),T192)),(T99,T92)),(T78,((T102,T73),T50)))),((((((((T64,T154),T22),T93),T167),T41),((((T62,T85),T19),T139),((T25,T144),T28))),(T4,T36)),(((((((T142,T150),T137),(T185,T128)),T104),(T135,T105)),((((T147,T57),T80),T32),T118)),((T183,((((T161,T75),T10),T23),(T51,T181))),T110)))),(((((T89,T119),T3),T71),(T65,T164)),((T14,T136),((T34,T146),T174)))),T0)),T20),T134);
Initial score: 3.1399e+10
Initial tree: ((((((((((((((T116,T43),(T153,T190)),((T17,T55),(((T82,T132),T178),T70))),((T159,T103),T45)),(((T113,((T24,((T46,T126),T194)),(T148,T83))),((((T172,(T145,T15)),(T179,T143)),T8),(T158,T109))),((T29,T121),T197))),(T49,T114)),T106),T44),(((((T77,T1),T21),(T131,T97)),(((T169,T133),(T166,T68)),T61)),(((T98,T198),T67),(T117,T186)))),((((((T33,T42),T107),T56),(((T52,T189),T5),(T184,T90))),((((T187,((T125,T31),T69)),(T63,T39)),T100),((T124,T127),((T152,T79),(((T171,T111),(T195,((T72,T199),T138))),(T157,T180)))))),(((((((((T53,T130),T175),T47),T163),(T182,T196)),(((T115,T141),((T91,T7),T156)),T120)),((((T40,T58),T16),T168),(T88,T37))),(T18,(T27,T12))),T176))),((((((T38,T101),(T81,(T108,T149))),((((T66,T30),T188),(T122,T162)),T11)),T200),(T2,T60)),((((T112,T129),(T140,(T96,T13))),(((T9,T87),T26),(T170,T123))),(((T48,T76),T59),T74)))),(((((((((T177,(T155,T173)),((T94,T151),(T35,T84))),((T191,T54),T193)),T86),T95),(((T160,((T165,T6),T192)),(T99,T92)),(T78,((T102,T73),T50)))),((((((((T64,T154),T22),T93),T167),T41),((((T62,T85),T19),T139),((T25,T144),T28))),(T4,T36)),(((((((T142,T150),T137),(T185,T128)),T104),(T135,T105)),((((T147,T57),T80),T32),T118)),((T183,((((T161,T75),T10),T23),(T51,T181))),T110)))),(((((T89,T119),T3),T71),(T65,T164)),((T14,T136),((T34,T146),T174)))),T0)),T20),T134);
*** Subsample Process ***
Use two-step algorithm!
#NNI moves:0/236
Remaining: 0
#NNI moves:0/236
#NNI moves:0/236
((((((((((((((((((T38,T101),(T81,(T108,T149))),(((T162,T122),(T188,(T30,T66))),T11)),T200),(T60,T2)),((((T140,(T96,T13)),(T112,T129)),(((T9,T87),T26),(T123,T170))),((T59,(T76,T48)),T74))),(((((((((T32,((T57,T147),T80)),T118),(((((T142,T150),T137),(T185,T128)),T104),(T135,T105))),((((T181,T51),(T23,((T161,T75),T10))),T183),T110)),(((((((T154,T64),T22),T93),T167),T41),((T28,(T144,T25)),(((T85,T62),T19),T139))),(T4,T36))),((((T50,(T73,T102)),T78),((T160,((T165,T6),T192)),(T99,T92))),(T95,(((((T84,T35),(T151,T94)),(T177,(T173,T155))),((T54,T191),T193)),T86)))),(((T71,((T119,T89),T3)),(T164,T65)),((T174,(T34,T146)),(T136,T14)))),T0),(T20,T134))),((((((T42,T33),T107),T56),((T90,T184),((T52,T189),T5))),(((((T69,(T31,T125)),T187),(T63,T39)),T100),(((((((T72,T199),T138),T195),(T111,T171)),(T180,T157)),(T152,T79)),(T124,T127)))),((((((((T175,(T130,T53)),T47),T163),(T182,T196)),(((T115,T141),((T91,T7),T156)),T120)),((((T58,T40),T16),T168),(T88,T37))),((T27,T12),T18)),T176))),(((((T68,T166),(T169,T133)),T61),((T131,T97),((T77,T1),T21))),(((T98,T198),T67),(T117,T186)))),T44),T106),(T114,T49)),(((T113,((((T46,T126),T194),T24),(T83,T148))),(((((T145,T15),T172),(T179,T143)),T8),(T158,T109))),(T197,(T121,T29)))),((T103,T159),T45)),((T55,T17),(T70,((T132,T82),T178)))),(T116,T43)),T190),T153);
#NNI moves:1/236
Remaining: 0
#NNI moves:2/236
#NNI moves:2/236
(((((((((T56,((T33,T42),T107)),(((T52,T189),T5),(T184,T90))),((T100,(((T69,(T31,T125)),T187),(T63,T39))),(((((T171,T111),(((T72,T199),T138),T195)),(T180,T157)),(T152,T79)),(T127,T124)))),((((((((T7,T91),T156),(T141,T115)),T120),(((((T130,T53),T175),T47),T163),(T196,T182))),((((T40,T58),T16),T168),(T88,T37))),((T12,T27),T18)),T176)),((((T186,T117),((T98,T198),T67)),((((T166,T68),(T133,T169)),T61),(((T77,T1),T21),(T97,T131)))),((((((T197,(T121,T29)),((((((T46,T126),T194),T24),(T83,T148)),T113),((((T179,T143),((T145,T15),T172)),T8),(T158,T109)))),((T45,(T103,T159)),(((T17,T55),((T178,(T132,T82)),T70)),((T43,T116),(T153,T190))))),(T114,T49)),T106),T44))),(((((((T162,T122),((T66,T30),T188)),T11),(((T108,T149),T81),(T38,T101))),T200),(T60,T2)),((((T48,T76),T59),T74),(((T123,T170),((T87,T9),T26)),(((T96,T13),T140),(T129,T112)))))),(((((((((((T142,T150),T137),(T185,T128)),T104),(T135,T105)),(T118,((T80,(T57,T147)),T32))),((((((T161,T75),T10),T23),(T51,T181)),T183),T110)),((T4,T36),(((T167,(T93,(T22,(T64,T154)))),T41),(((T144,T25),T28),(((T85,T62),T19),T139))))),(((((((T35,T84),(T151,T94)),(T177,(T155,T173))),((T54,T191),T193)),T86),T95),((T78,((T102,T73),T50)),(((T192,(T6,T165)),T160),(T99,T92))))),((((T3,(T119,T89)),T71),(T65,T164)),((T136,T14),(T174,(T34,T146))))),T0)),T134),T20);
#NNI moves:0/236
Remaining: 0
#NNI moves:0/236
#NNI moves:0/236
(((((((((((((((((((T151,T94),(T35,T84)),((T173,T155),T177)),((T191,T54),T193)),T86),T95),((((T192,(T165,T6)),T160),(T92,T99)),(((T102,T73),T50),T78))),((((((((T161,T75),T10),T23),(T51,T181)),T183),T110),((((T80,(T147,T57)),T32),T118),((T104,((T128,T185),((T150,T142),T137))),(T135,T105)))),(((((((T64,T154),T22),T93),T167),T41),((T139,((T62,T85),T19)),((T144,T25),T28))),(T36,T4)))),(((((T89,T119),T3),T71),(T164,T65)),(((T146,T34),T174),(T14,T136)))),T0),(T134,T20)),((((((T87,T9),T26),(T170,T123)),((T140,(T96,T13)),(T129,T112))),(T74,((T76,T48),T59))),((((((T188,(T30,T66)),(T122,T162)),T11),((T101,T38),((T108,T149),T81))),T200),(T2,T60)))),((((((((((T83,T148),((T194,(T46,T126)),T24)),T113),((T109,T158),((((T145,T15),T172),(T179,T143)),T8))),(T197,(T121,T29))),((((((T132,T82),T178),T70),(T55,T17)),((T43,T116),(T190,T153))),(T45,(T103,T159)))),(T49,T114)),T106),T44),(((((T68,T166),(T133,T169)),T61),((T131,T97),(T21,(T1,T77)))),((T117,T186),((T198,T98),T67))))),((((((T16,(T40,T58)),T168),(T37,T88)),((((T115,T141),(T156,(T7,T91))),T120),(((T47,((T130,T53),T175)),T163),(T196,T182)))),((T27,T12),T18)),T176)),((((((T195,((T72,T199),T138)),(T111,T171)),(T180,T157)),(T152,T79)),(T127,T124)),(T100,((T187,((T125,T31),T69)),(T39,T63))))),(((T33,T42),T107),T56)),((T52,T189),T5)),T90),T184);
#NNI moves:0/236
Remaining: 0
#NNI moves:0/236
#NNI moves:0/236
((((((((((((((T109,T158),((((T145,T15),T172),(T143,T179)),T8)),(((T148,T83),(((T126,T46),T194),T24)),T113)),((T121,T29),T197)),((((T116,T43),(T153,T190)),((T17,T55),((T178,(T132,T82)),T70))),(T45,(T103,T159)))),(T49,T114)),T106),T44),(((((T133,T169),(T68,T166)),T61),(((T1,T77),T21),(T131,T97))),((T117,T186),(T67,(T198,T98))))),(((((((T157,T180),((T171,T111),((T138,(T72,T199)),T195))),(T79,T152)),(T127,T124)),((((T69,(T125,T31)),T187),(T39,T63)),T100)),((((T189,T52),T5),(T90,T184)),(((T42,T33),T107),T56))),((((((T182,T196),(T163,(T47,((T53,T130),T175)))),(((T141,T115),(T156,(T91,T7))),T120)),((((T40,T58),T16),T168),(T37,T88))),((T27,T12),T18)),T176))),(((((T48,T76),T59),T74),((((T96,T13),T140),(T129,T112)),(((T9,T87),T26),(T123,T170)))),((((((T108,T149),T81),(T101,T38)),((((T30,T66),T188),(T122,T162)),T11)),T200),(T60,T2)))),((((((((T192,(T165,T6)),T160),(T99,T92)),(((T73,T102),T50),T78)),((((((T84,T35),(T151,T94)),(T177,(T155,T173))),((T191,T54),T193)),T86),T95)),(((((((T10,(T161,T75)),T23),(T51,T181)),T183),T110),(((((T137,(T150,T142)),(T128,T185)),T104),(T135,T105)),(T118,(((T57,T147),T80),T32)))),(((((T144,T25),T28),(((T62,T85),T19),T139)),((T167,(((T64,T154),T22),T93)),T41)),(T4,T36)))),(((T164,T65),((T3,(T89,T119)),T71)),((T136,T14),((T34,T146),T174)))),T0)),T134),T20);
Current score: 3.1399e+10
Current tree: ((((((((((((((T109,T158),((((T145,T15),T172),(T143,T179)),T8)),(((T148,T83),(((T126,T46),T194),T24)),T113)),((T121,T29),T197)),((((T116,T43),(T153,T190)),((T17,T55),((T178,(T132,T82)),T70))),(T45,(T103,T159)))),(T49,T114)),T106),T44),(((((T133,T169),(T68,T166)),T61),(((T1,T77),T21),(T131,T97))),((T117,T186),(T67,(T198,T98))))),(((((((T157,T180),((T171,T111),((T138,(T72,T199)),T195))),(T79,T152)),(T127,T124)),((((T69,(T125,T31)),T187),(T39,T63)),T100)),((((T189,T52),T5),(T90,T184)),(((T42,T33),T107),T56))),((((((T182,T196),(T163,(T47,((T53,T130),T175)))),(((T141,T115),(T156,(T91,T7))),T120)),((((T40,T58),T16),T168),(T37,T88))),((T27,T12),T18)),T176))),(((((T48,T76),T59),T74),((((T96,T13),T140),(T129,T112)),(((T9,T87),T26),(T123,T170)))),((((((T108,T149),T81),(T101,T38)),((((T30,T66),T188),(T122,T162)),T11)),T200),(T60,T2)))),((((((((T192,(T165,T6)),T160),(T99,T92)),(((T73,T102),T50),T78)),((((((T84,T35),(T151,T94)),(T177,(T155,T173))),((T191,T54),T193)),T86),T95)),(((((((T10,(T161,T75)),T23),(T51,T181)),T183),T110),(((((T137,(T150,T142)),(T128,T185)),T104),(T135,T105)),(T118,(((T57,T147),T80),T32)))),(((((T144,T25),T28),(((T62,T85),T19),T139)),((T167,(((T64,T154),T22),T93)),T41)),(T4,T36)))),(((T164,T65),((T3,(T89,T119)),T71)),((T136,T14),((T34,T146),T174)))),T0)),T20),T134);
Final Tree: ((((((((((((((T109,T158),((((T145,T15),T172),(T143,T179)),T8)),(((T148,T83),(((T126,T46),T194),T24)),T113)),((T121,T29),T197)),((((T116,T43),(T153,T190)),((T17,T55),((T178,(T132,T82)),T70))),(T45,(T103,T159)))),(T49,T114)),T106),T44),(((((T133,T169),(T68,T166)),T61),(((T1,T77),T21),(T131,T97))),((T117,T186),(T67,(T198,T98))))),(((((((T157,T180),((T171,T111),((T138,(T72,T199)),T195))),(T79,T152)),(T127,T124)),((((T69,(T125,T31)),T187),(T39,T63)),T100)),((((T189,T52),T5),(T90,T184)),(((T42,T33),T107),T56))),((((((T182,T196),(T163,(T47,((T53,T130),T175)))),(((T141,T115),(T156,(T91,T7))),T120)),((((T40,T58),T16),T168),(T37,T88))),((T27,T12),T18)),T176))),(((((T48,T76),T59),T74),((((T96,T13),T140),(T129,T112)),(((T9,T87),T26),(T123,T170)))),((((((T108,T149),T81),(T101,T38)),((((T30,T66),T188),(T122,T162)),T11)),T200),(T60,T2)))),((((((((T192,(T165,T6)),T160),(T99,T92)),(((T73,T102),T50),T78)),((((((T84,T35),(T151,T94)),(T177,(T155,T173))),((T191,T54),T193)),T86),T95)),(((((((T10,(T161,T75)),T23),(T51,T181)),T183),T110),(((((T137,(T150,T142)),(T128,T185)),T104),(T135,T105)),(T118,(((T57,T147),T80),T32)))),(((((T144,T25),T28),(((T62,T85),T19),T139)),((T167,(((T64,T154),T22),T93)),T41)),(T4,T36)))),(((T164,T65),((T3,(T89,T119)),T71)),((T136,T14),((T34,T146),T174)))),T0)),T20),T134);
Score: 3.139899762e+10

real	2m0.204s
user	37m47.806s
sys	0m17.356s
