Weighted ASTRAL - Hybrid
Version: v1.13.2.3
#Genetrees: 2000
#Species: 201
#Rounds: 4
#Samples: 4
#Threads: 32
Use two-step algorithm!
Guide Tree 0/27
#NNI moves:0/236
Guide Tree 1/27
#NNI moves:0/236
Guide Tree 2/27
#NNI moves:0/236
Guide Tree 3/27
#NNI moves:0/236
Guide Tree 4/27
#NNI moves:0/236
Guide Tree 5/27
#NNI moves:0/236
Guide Tree 6/27
#NNI moves:1/236
Guide Tree 7/27
#NNI moves:3/236
Guide Tree 8/27
#NNI moves:3/236
Guide Tree 9/27
#NNI moves:0/236
Guide Tree 10/27
#NNI moves:0/236
Guide Tree 11/27
#NNI moves:0/236
Guide Tree 12/27
#NNI moves:0/236
Guide Tree 13/27
#NNI moves:0/236
Guide Tree 14/27
#NNI moves:0/236
Guide Tree 15/27
#NNI moves:0/236
Guide Tree 16/27
#NNI moves:0/236
Guide Tree 17/27
#NNI moves:0/236
Guide Tree 18/27
#NNI moves:0/236
Guide Tree 19/27
#NNI moves:1/236
Guide Tree 20/27
#NNI moves:1/236
Guide Tree 21/27
#NNI moves:0/236
Guide Tree 22/27
#NNI moves:1/236
Guide Tree 23/27
#NNI moves:0/236
Guide Tree 24/27
#NNI moves:0/236
Guide Tree 25/27
#NNI moves:0/236
Guide Tree 26/27
#NNI moves:0/236
Remaining: 0
#NNI moves:1/236
#NNI moves:1/236
(((((((((((((((((((((((T129,T33),T57),T183),(T29,T86)),((((T125,T27),((T76,T13),T26)),T12),T173)),(T178,T103)),((((((T88,T96),((T32,((T190,T98),T160)),T37)),T108),(T127,T157)),T4),T164)),((((((T167,(T1,T87)),T84),T14),T177),(((T147,T131),T43),(T132,T73))),(((T85,T159),(T115,T38)),T105))),(T179,T161)),((((T113,T128),((T120,T35),((T97,T138),((T104,T77),(T162,T53))))),(T70,(T64,T174))),(T49,(T15,T66)))),(T119,T62)),((((((T139,((((T60,T11),T19),T117),(T106,T25))),(T83,T191)),(((T121,T56),T170),T148)),(((T90,T152),T39),(T155,(T7,T123)))),((((T176,T8),(((T144,T180),(T112,T61)),(T21,((T126,T158),T142)))),(T195,T185)),(((T194,T2),(T99,T140)),(T18,T200)))),(((T45,T46),(T75,T44)),(((T184,T182),T188),((((T172,(T79,T55)),T69),T28),(((((T169,T17),T149),(T54,T48)),(T165,(T122,T78))),((T150,T23),(T40,T156)))))))),T0),((((((T192,T175),((((T134,T94),T116),T189),T146)),(T20,(T130,(T171,T47)))),(T154,T42)),(T163,T101)),((((T95,T58),T153),((((T30,T51),T82),(T59,T50)),((((T110,T114),(T36,T74)),(T41,T63)),T67))),((((((((T124,T199),((T166,T72),T196)),(T89,T9)),T65),T52),((T145,T22),(T193,T186))),T34),T143)))),(((T93,T3),(T71,T136)),((((((T80,T102),(T141,T197)),T31),(T118,T135)),T92),(T198,T6)))),((((T181,T137),T5),T91),(T24,T168))),T133),(T151,T187)),(T68,T100)),(T81,T111)),(T16,T10)),T107),T109);
Guide Tree 0/27
#NNI moves:0/236
Guide Tree 1/27
#NNI moves:0/236
Guide Tree 2/27
#NNI moves:0/236
Guide Tree 3/27
#NNI moves:1/236
Guide Tree 4/27
#NNI moves:0/236
Guide Tree 5/27
#NNI moves:1/236
Guide Tree 6/27
#NNI moves:0/236
Guide Tree 7/27
#NNI moves:0/236
Guide Tree 8/27
#NNI moves:1/236
Guide Tree 9/27
#NNI moves:0/236
Guide Tree 10/27
#NNI moves:0/236
Guide Tree 11/27
#NNI moves:0/236
Guide Tree 12/27
#NNI moves:0/236
Guide Tree 13/27
#NNI moves:0/236
Guide Tree 14/27
#NNI moves:0/236
Guide Tree 15/27
#NNI moves:0/236
Guide Tree 16/27
#NNI moves:0/236
Guide Tree 17/27
#NNI moves:0/236
Guide Tree 18/27
#NNI moves:0/236
Guide Tree 19/27
#NNI moves:0/236
Guide Tree 20/27
#NNI moves:0/236
Guide Tree 21/27
#NNI moves:0/236
Guide Tree 22/27
#NNI moves:0/236
Guide Tree 23/27
#NNI moves:0/236
Guide Tree 24/27
#NNI moves:0/236
Guide Tree 25/27
#NNI moves:0/236
Guide Tree 26/27
#NNI moves:0/236
Remaining: 0
#NNI moves:1/236
#NNI moves:1/236
(((((((((((((((((((((((T1,T87),T167),T84),T14),T177),((T43,(T131,T147)),(T73,T132))),(((T38,T115),(T159,T85)),T105)),(((((T12,(((T76,T13),T26),(T125,T27))),T173),((T183,((T33,T129),T57)),(T29,T86))),(T178,T103)),(((((((((T98,T190),T160),T32),T37),(T88,T96)),T108),(T157,T127)),T4),T164))),(T179,T161)),((((T113,T128),((T35,T120),(((T77,T104),(T162,T53)),(T97,T138)))),((T174,T64),T70)),(T49,(T66,T15)))),(T119,T62)),(((((((T56,T121),T170),T148),((T191,T83),(((((T60,T11),T19),T117),(T25,T106)),T139))),(((T152,T90),T39),((T7,T123),T155))),((((T176,T8),((T21,((T126,T158),T142)),((T61,T112),(T144,T180)))),(T185,T195)),(((T194,T2),(T99,T140)),(T200,T18)))),(((((((T122,T78),T165),((T48,T54),((T169,T17),T149))),((T40,T156),(T150,T23))),((T69,(T172,(T79,T55))),T28)),(T188,(T184,T182))),((T75,T44),(T46,T45))))),T0),((((((T146,(((T134,T94),T116),T189)),(T192,T175)),(((T47,T171),T130),T20)),(T42,T154)),(T163,T101)),(((((T59,T50),((T51,T30),T82)),((((T74,T36),(T110,T114)),(T41,T63)),T67)),((T95,T58),T153)),((((((((T124,(T9,T89)),T199),(T196,(T166,T72))),T65),T52),((T186,T193),(T145,T22))),T34),T143)))),(((T71,T136),(T3,T93)),((((((T80,T102),(T197,T141)),T31),(T118,T135)),T92),(T6,T198)))),((((T181,T137),T5),T91),(T24,T168))),T133),(T187,T151)),(T68,T100)),(T81,T111)),(T16,T10)),T107),T109);
Guide Tree 0/27
#NNI moves:0/236
Guide Tree 1/27
#NNI moves:0/236
Guide Tree 2/27
#NNI moves:0/236
Guide Tree 3/27
#NNI moves:0/236
Guide Tree 4/27
#NNI moves:0/236
Guide Tree 5/27
#NNI moves:0/236
Guide Tree 6/27
#NNI moves:0/236
Guide Tree 7/27
#NNI moves:0/236
Guide Tree 8/27
#NNI moves:1/236
Guide Tree 9/27
#NNI moves:0/236
Guide Tree 10/27
#NNI moves:0/236
Guide Tree 11/27
#NNI moves:0/236
Guide Tree 12/27
#NNI moves:0/236
Guide Tree 13/27
#NNI moves:0/236
Guide Tree 14/27
#NNI moves:0/236
Guide Tree 15/27
#NNI moves:0/236
Guide Tree 16/27
#NNI moves:0/236
Guide Tree 17/27
#NNI moves:0/236
Guide Tree 18/27
#NNI moves:0/236
Guide Tree 19/27
#NNI moves:1/236
Guide Tree 20/27
#NNI moves:0/236
Guide Tree 21/27
#NNI moves:0/236
Guide Tree 22/27
#NNI moves:0/236
Guide Tree 23/27
#NNI moves:0/236
Guide Tree 24/27
#NNI moves:0/236
Guide Tree 25/27
#NNI moves:0/236
Guide Tree 26/27
#NNI moves:0/236
Remaining: 0
#NNI moves:0/236
#NNI moves:0/236
((((((((((((((((((((((((T13,T76),T26),(T125,T27)),T12),T173),((T86,T29),(T183,(T57,(T33,T129))))),(T103,T178)),((((((T88,T96),((((T190,T98),T160),T32),T37)),T108),(T157,T127)),T4),T164)),((((T85,T159),(T38,T115)),T105),((((((T87,T1),T167),T84),T14),T177),((T132,T73),((T131,T147),T43))))),(T179,T161)),(((T15,T66),T49),(((((T138,T97),((T162,T53),(T77,T104))),(T120,T35)),(T128,T113)),((T174,T64),T70)))),(T119,T62)),((((((T123,T7),T155),((T90,T152),T39)),(((((T117,((T60,T11),T19)),(T106,T25)),T139),(T191,T83)),(T148,((T56,T121),T170)))),((((((T144,T180),(T112,T61)),(T21,((T158,T126),T142))),(T176,T8)),(T185,T195)),(((T2,T194),(T99,T140)),(T200,T18)))),((((((T40,T156),(T150,T23)),((T165,(T122,T78)),((T48,T54),((T169,T17),T149)))),(T28,(T69,(T172,(T55,T79))))),((T184,T182),T188)),((T75,T44),(T46,T45))))),T0),(((((T95,T58),T153),(((((T74,T36),(T114,T110)),(T63,T41)),T67),(((T30,T51),T82),(T50,T59)))),(((((T145,T22),(T193,T186)),(((((T72,T166),T196),((T124,(T89,T9)),T199)),T65),T52)),T34),T143)),((T101,T163),((T154,T42),((T20,(T130,(T171,T47))),(((((T94,T134),T116),T189),T146),(T192,T175))))))),(((((((T102,T80),(T197,T141)),T31),(T135,T118)),T92),(T6,T198)),((T93,T3),(T136,T71)))),((T24,T168),(((T181,T137),T5),T91))),T133),(T151,T187)),(T68,T100)),(T111,T81)),(T16,T10)),T107),T109);
Guide Tree 0/27
#NNI moves:0/236
Guide Tree 1/27
#NNI moves:0/236
Guide Tree 2/27
#NNI moves:1/236
Guide Tree 3/27
#NNI moves:0/236
Guide Tree 4/27
#NNI moves:0/236
Guide Tree 5/27
#NNI moves:0/236
Guide Tree 6/27
#NNI moves:0/236
Guide Tree 7/27
#NNI moves:0/236
Guide Tree 8/27
#NNI moves:0/236
Guide Tree 9/27
#NNI moves:0/236
Guide Tree 10/27
#NNI moves:0/236
Guide Tree 11/27
#NNI moves:0/236
Guide Tree 12/27
#NNI moves:0/236
Guide Tree 13/27
#NNI moves:0/236
Guide Tree 14/27
#NNI moves:0/236
Guide Tree 15/27
#NNI moves:0/236
Guide Tree 16/27
#NNI moves:0/236
Guide Tree 17/27
#NNI moves:0/236
Guide Tree 18/27
#NNI moves:1/236
Guide Tree 19/27
#NNI moves:0/236
Guide Tree 20/27
#NNI moves:0/236
Guide Tree 21/27
#NNI moves:0/236
Guide Tree 22/27
#NNI moves:0/236
Guide Tree 23/27
#NNI moves:0/236
Guide Tree 24/27
#NNI moves:0/236
Guide Tree 25/27
#NNI moves:0/236
Guide Tree 26/27
#NNI moves:0/236
Remaining: 0
#NNI moves:3/236
#NNI moves:3/236
(((((((((((((((((((((((T125,T27),((T76,T13),T26)),T12),T173),(((T57,(T129,T33)),T183),(T29,T86))),(T103,T178)),(((((((((T98,T190),T160),T32),T37),(T88,T96)),T108),(T157,T127)),T4),T164)),((((T115,T38),(T85,T159)),T105),(((T73,T132),(T43,(T131,T147))),((T14,((T167,(T1,T87)),T84)),T177)))),(T161,T179)),(((((T120,T35),(((T53,T162),(T104,T77)),(T97,T138))),(T128,T113)),((T64,T174),T70)),((T66,T15),T49))),(T62,T119)),(((((T200,T18),((T194,T2),(T99,T140))),(((((T180,T144),(T112,T61)),((T142,(T158,T126)),T21)),(T8,T176)),(T195,T185))),((((T123,T7),T155),(T39,(T90,T152))),(((T170,(T56,T121)),T148),((((((T60,T11),T19),T117),(T106,T25)),T139),(T191,T83))))),(((T188,(T182,T184)),((((T23,T150),(T156,T40)),((((T17,T169),T149),(T48,T54)),((T122,T78),T165))),(T28,(T69,((T55,T79),T172))))),((T75,T44),(T46,T45))))),T0),(((((((T63,T41),((T74,T36),(T114,T110))),T67),((T82,(T30,T51)),(T59,T50))),((T58,T95),T153)),((((((((T196,(T166,T72)),(T199,T124)),(T89,T9)),T65),T52),((T145,T22),(T186,T193))),T34),T143)),(((((T175,T192),(((T116,(T134,T94)),T189),T146)),((T130,(T47,T171)),T20)),(T154,T42)),(T163,T101)))),(((((((T80,T102),(T197,T141)),T31),(T135,T118)),T92),(T198,T6)),((T3,T93),(T71,T136)))),((((T137,T181),T5),T91),(T168,T24))),T133),(T151,T187)),(T68,T100)),(T81,T111)),(T10,T16)),T107),T109);
Initial score: 2.65827e+10
Initial tree: (((((((((((((((((((((((T125,T27),((T76,T13),T26)),T12),T173),(((T57,(T129,T33)),T183),(T29,T86))),(T103,T178)),(((((((((T98,T190),T160),T32),T37),(T88,T96)),T108),(T157,T127)),T4),T164)),((((T115,T38),(T85,T159)),T105),(((T73,T132),(T43,(T131,T147))),((T14,((T167,(T1,T87)),T84)),T177)))),(T161,T179)),(((((T120,T35),(((T53,T162),(T104,T77)),(T97,T138))),(T128,T113)),((T64,T174),T70)),((T66,T15),T49))),(T62,T119)),(((((T200,T18),((T194,T2),(T99,T140))),(((((T180,T144),(T112,T61)),((T142,(T158,T126)),T21)),(T8,T176)),(T195,T185))),((((T123,T7),T155),(T39,(T90,T152))),(((T170,(T56,T121)),T148),((((((T60,T11),T19),T117),(T106,T25)),T139),(T191,T83))))),(((T188,(T182,T184)),((((T23,T150),(T156,T40)),((((T17,T169),T149),(T48,T54)),((T122,T78),T165))),(T28,(T69,((T55,T79),T172))))),((T75,T44),(T46,T45))))),T0),(((((((T63,T41),((T74,T36),(T114,T110))),T67),((T82,(T30,T51)),(T59,T50))),((T58,T95),T153)),((((((((T196,(T166,T72)),(T199,T124)),(T89,T9)),T65),T52),((T145,T22),(T186,T193))),T34),T143)),(((((T175,T192),(((T116,(T134,T94)),T189),T146)),((T130,(T47,T171)),T20)),(T154,T42)),(T163,T101)))),(((((((T80,T102),(T197,T141)),T31),(T135,T118)),T92),(T198,T6)),((T3,T93),(T71,T136)))),((((T137,T181),T5),T91),(T168,T24))),T133),(T151,T187)),(T68,T100)),(T81,T111)),(T10,T16)),T107),T109);
*** Subsample Process ***
Use two-step algorithm!
#NNI moves:0/236
Remaining: 0
#NNI moves:0/236
#NNI moves:0/236
(((((((((((((((((((((T112,T61),(T180,T144)),(T21,(T142,(T126,T158)))),(T176,T8)),(T185,T195)),((T200,T18),((T194,T2),(T140,T99)))),((((T90,T152),T39),(T155,(T7,T123))),(((T170,(T56,T121)),T148),(((((T19,(T60,T11)),T117),(T106,T25)),T139),(T191,T83))))),(((((((T149,(T17,T169)),(T48,T54)),(T165,(T78,T122))),((T150,T23),(T40,T156))),(T28,(((T55,T79),T172),T69))),(T188,(T182,T184))),((T75,T44),(T45,T46)))),(((((((((T41,T63),((T36,T74),(T110,T114))),T67),((T59,T50),((T30,T51),T82))),((T58,T95),T153)),((((((((T196,(T166,T72)),(T199,T124)),(T9,T89)),T65),T52),((T193,T186),(T22,T145))),T34),T143)),((((((T171,T47),T130),T20),((T146,((T116,(T94,T134)),T189)),(T192,T175))),(T42,T154)),(T101,T163))),((((((((T197,T141),(T102,T80)),T31),(T118,T135)),T92),(T198,T6)),((T93,T3),(T136,T71))),(((((((T107,T109),(T10,T16)),(T81,T111)),(T68,T100)),(T151,T187)),T133),((T91,((T137,T181),T5)),(T24,T168))))),T0)),(T62,T119)),((((T64,T174),T70),(((((T53,T162),(T104,T77)),(T138,T97)),(T120,T35)),(T128,T113))),(T49,(T15,T66)))),(T161,T179)),((((T73,T132),(T43,(T131,T147))),((((T167,(T1,T87)),T84),T14),T177)),(((T159,T85),(T38,T115)),T105))),((((((T88,T96),((((T98,T190),T160),T32),T37)),T108),(T127,T157)),T4),T164)),(T103,T178)),(((T57,(T129,T33)),T183),(T29,T86))),T173),T12),(T27,T125)),(T76,T13)),T26);
#NNI moves:0/236
Remaining: 0
#NNI moves:2/236
#NNI moves:2/236
((((((((((((((((((((T112,T61),(T144,T180)),(T21,((T126,T158),T142))),(T176,T8)),(T185,T195)),((T18,T200),((T99,T140),(T194,T2)))),((((((((T11,T60),T19),T117),(T106,T25)),T139),(T83,T191)),(T148,(T170,(T56,T121)))),((T39,(T152,T90)),(T155,(T123,T7))))),((((T28,((T172,(T55,T79)),T69)),((((T54,T48),(T149,(T169,T17))),((T122,T78),T165)),((T156,T40),(T150,T23)))),((T182,T184),T188)),((T44,T75),(T45,T46)))),((((((((((((T32,((T98,T190),T160)),T37),(T96,T88)),T108),(T127,T157)),T4),T164),(((((((T13,T76),T26),(T27,T125)),T12),T173),((((T33,T129),T57),T183),(T29,T86))),(T103,T178))),(((((T147,T131),T43),(T132,T73)),((T14,(((T1,T87),T167),T84)),T177)),(T105,((T159,T85),(T38,T115))))),(T179,T161)),(((((((T53,T162),(T77,T104)),(T138,T97)),(T35,T120)),(T113,T128)),((T64,T174),T70)),((T15,T66),T49))),(T119,T62))),T0),(((((((T41,T63),((T110,T114),(T36,T74))),T67),((T59,T50),(T82,(T30,T51)))),((T95,T58),T153)),(((((T186,T193),(T22,T145)),((((((T89,T9),T124),T199),(T196,(T166,T72))),T65),T52)),T34),T143)),((((T20,((T171,T47),T130)),((((T116,(T94,T134)),T189),T146),(T192,T175))),(T154,T42)),(T163,T101)))),(((((T135,T118),(((T197,T141),(T80,T102)),T31)),T92),(T198,T6)),((T136,T71),(T3,T93)))),((((T181,T137),T5),T91),(T24,T168))),T133),(T187,T151)),(T100,T68)),(T111,T81)),(T10,T16)),T109),T107);
#NNI moves:0/236
Remaining: 0
#NNI moves:0/236
#NNI moves:0/236
((((((((((((((((((((T166,T72),T196),(T199,T124)),(T89,T9)),T65),T52),((T145,T22),(T186,T193))),T34),T143),((((((T36,T74),(T110,T114)),(T41,T63)),T67),((T59,T50),((T30,T51),T82))),((T95,T58),T153))),((((((T189,((T94,T134),T116)),T146),(T192,T175)),(T20,((T47,T171),T130))),(T42,T154)),(T163,T101))),((((((((T80,T102),(T141,T197)),T31),(T135,T118)),T92),(T6,T198)),((T93,T3),(T71,T136))),(((T24,T168),(((T137,T181),T5),T91)),((((T100,T68),(((T16,T10),(T109,T107)),(T111,T81))),(T187,T151)),T133)))),T0),(((((((((T157,T127),(((T37,(T32,(T160,(T190,T98)))),(T96,T88)),T108)),T4),T164),((((((T129,T33),T57),T183),(T29,T86)),(((((T13,T76),T26),(T125,T27)),T12),T173)),(T103,T178))),((T105,((T159,T85),(T38,T115))),(((T73,T132),((T147,T131),T43)),(((((T1,T87),T167),T84),T14),T177)))),(T179,T161)),((((T113,T128),((((T53,T162),(T77,T104)),(T97,T138)),(T120,T35))),(T70,(T174,T64))),((T66,T15),T49))),(T119,T62))),(((((((T48,T54),((T169,T17),T149)),(T165,(T78,T122))),((T40,T156),(T23,T150))),((T69,(T172,(T79,T55))),T28)),(T188,(T182,T184))),((T45,T46),(T44,T75)))),((((T191,T83),(((T25,T106),(T117,((T60,T11),T19))),T139)),(((T121,T56),T170),T148)),(((T7,T123),T155),((T90,T152),T39)))),(((T194,T2),(T99,T140)),(T18,T200))),((((T180,T144),(T112,T61)),((T142,(T126,T158)),T21)),(T176,T8))),T195),T185);
#NNI moves:0/236
Remaining: 0
#NNI moves:0/236
#NNI moves:0/236
(((((((((((((((((((((T86,T29),((T57,(T129,T33)),T183)),(T173,(T12,((T125,T27),(T26,(T13,T76)))))),(T178,T103)),((((((T88,T96),((((T98,T190),T160),T32),T37)),T108),(T127,T157)),T4),T164)),((T105,((T38,T115),(T159,T85))),((((((T1,T87),T167),T84),T14),T177),(((T131,T147),T43),(T73,T132))))),(T161,T179)),(((((((T77,T104),(T162,T53)),(T97,T138)),(T120,T35)),(T128,T113)),((T174,T64),T70)),((T66,T15),T49))),(T62,T119)),((((((((((T60,T11),T19),T117),(T25,T106)),T139),(T191,T83)),(T148,(T170,(T121,T56)))),(((T123,T7),T155),((T152,T90),T39))),((((((T180,T144),(T112,T61)),(((T126,T158),T142),T21)),(T8,T176)),(T185,T195)),((T18,T200),((T140,T99),(T2,T194))))),(((((((T79,T55),T172),T69),T28),((((T78,T122),T165),((T54,T48),(T149,(T169,T17)))),((T23,T150),(T40,T156)))),(T188,(T184,T182))),((T75,T44),(T46,T45))))),T0),(((((((((((T9,T89),T124),T199),(T196,(T166,T72))),T65),T52),((T186,T193),(T145,T22))),T34),T143),(((((T30,T51),T82),(T59,T50)),(((T63,T41),((T110,T114),(T36,T74))),T67)),(T153,(T58,T95)))),((((((T189,((T134,T94),T116)),T146),(T192,T175)),(((T47,T171),T130),T20)),(T42,T154)),(T101,T163)))),(((((T118,T135),(((T197,T141),(T80,T102)),T31)),T92),(T198,T6)),((T136,T71),(T93,T3)))),((T24,T168),(T91,((T181,T137),T5)))),T133),(T187,T151)),(T68,T100)),(T81,T111)),(T16,T10)),T109),T107);
Current score: 2.65827e+10
Current tree: (((((((((((((((((((((T86,T29),((T57,(T129,T33)),T183)),(T173,(T12,((T125,T27),(T26,(T13,T76)))))),(T178,T103)),((((((T88,T96),((((T98,T190),T160),T32),T37)),T108),(T127,T157)),T4),T164)),((T105,((T38,T115),(T159,T85))),((((((T1,T87),T167),T84),T14),T177),(((T131,T147),T43),(T73,T132))))),(T161,T179)),(((((((T77,T104),(T162,T53)),(T97,T138)),(T120,T35)),(T128,T113)),((T174,T64),T70)),((T66,T15),T49))),(T62,T119)),((((((((((T60,T11),T19),T117),(T25,T106)),T139),(T191,T83)),(T148,(T170,(T121,T56)))),(((T123,T7),T155),((T152,T90),T39))),((((((T180,T144),(T112,T61)),(((T126,T158),T142),T21)),(T8,T176)),(T185,T195)),((T18,T200),((T140,T99),(T2,T194))))),(((((((T79,T55),T172),T69),T28),((((T78,T122),T165),((T54,T48),(T149,(T169,T17)))),((T23,T150),(T40,T156)))),(T188,(T184,T182))),((T75,T44),(T46,T45))))),T0),((((((((((T196,(T166,T72)),(T199,T124)),(T9,T89)),T65),T52),((T186,T193),(T145,T22))),T34),T143),(((((T30,T51),T82),(T59,T50)),(((T63,T41),((T110,T114),(T36,T74))),T67)),(T153,(T58,T95)))),((((((T189,((T134,T94),T116)),T146),(T192,T175)),(((T47,T171),T130),T20)),(T42,T154)),(T101,T163)))),(((((T118,T135),(((T197,T141),(T80,T102)),T31)),T92),(T198,T6)),((T136,T71),(T93,T3)))),((T24,T168),(T91,((T181,T137),T5)))),T133),(T187,T151)),(T68,T100)),(T81,T111)),(T16,T10)),T107),T109);
Final Tree: (((((((((((((((((((((T86,T29),((T57,(T129,T33)),T183)),(T173,(T12,((T125,T27),(T26,(T13,T76)))))),(T178,T103)),((((((T88,T96),((((T98,T190),T160),T32),T37)),T108),(T127,T157)),T4),T164)),((T105,((T38,T115),(T159,T85))),((((((T1,T87),T167),T84),T14),T177),(((T131,T147),T43),(T73,T132))))),(T161,T179)),(((((((T77,T104),(T162,T53)),(T97,T138)),(T120,T35)),(T128,T113)),((T174,T64),T70)),((T66,T15),T49))),(T62,T119)),((((((((((T60,T11),T19),T117),(T25,T106)),T139),(T191,T83)),(T148,(T170,(T121,T56)))),(((T123,T7),T155),((T152,T90),T39))),((((((T180,T144),(T112,T61)),(((T126,T158),T142),T21)),(T8,T176)),(T185,T195)),((T18,T200),((T140,T99),(T2,T194))))),(((((((T79,T55),T172),T69),T28),((((T78,T122),T165),((T54,T48),(T149,(T169,T17)))),((T23,T150),(T40,T156)))),(T188,(T184,T182))),((T75,T44),(T46,T45))))),T0),((((((((((T196,(T166,T72)),(T199,T124)),(T9,T89)),T65),T52),((T186,T193),(T145,T22))),T34),T143),(((((T30,T51),T82),(T59,T50)),(((T63,T41),((T110,T114),(T36,T74))),T67)),(T153,(T58,T95)))),((((((T189,((T134,T94),T116)),T146),(T192,T175)),(((T47,T171),T130),T20)),(T42,T154)),(T101,T163)))),(((((T118,T135),(((T197,T141),(T80,T102)),T31)),T92),(T198,T6)),((T136,T71),(T93,T3)))),((T24,T168),(T91,((T181,T137),T5)))),T133),(T187,T151)),(T68,T100)),(T81,T111)),(T16,T10)),T107),T109);
Score: 2.658267916e+10

real	1m52.841s
user	43m8.421s
sys	0m28.516s
