Weighted ASTRAL - Hybrid
Version: v1.13.2.3
#Genetrees: 2000
#Species: 201
#Rounds: 4
#Samples: 4
#Threads: 32
Use two-step algorithm!
Guide Tree 0/27
#NNI moves:1/236
Guide Tree 1/27
#NNI moves:0/236
Guide Tree 2/27
#NNI moves:0/236
Guide Tree 3/27
#NNI moves:0/236
Guide Tree 4/27
#NNI moves:0/236
Guide Tree 5/27
#NNI moves:0/236
Guide Tree 6/27
#NNI moves:0/236
Guide Tree 7/27
#NNI moves:0/236
Guide Tree 8/27
#NNI moves:1/236
Guide Tree 9/27
#NNI moves:0/236
Guide Tree 10/27
#NNI moves:0/236
Guide Tree 11/27
#NNI moves:3/236
Guide Tree 12/27
#NNI moves:0/236
Guide Tree 13/27
#NNI moves:0/236
Guide Tree 14/27
#NNI moves:0/236
Guide Tree 15/27
#NNI moves:0/236
Guide Tree 16/27
#NNI moves:0/236
Guide Tree 17/27
#NNI moves:0/236
Guide Tree 18/27
#NNI moves:0/236
Guide Tree 19/27
#NNI moves:0/236
Guide Tree 20/27
#NNI moves:0/236
Guide Tree 21/27
#NNI moves:0/236
Guide Tree 22/27
#NNI moves:0/236
Guide Tree 23/27
#NNI moves:0/236
Guide Tree 24/27
#NNI moves:0/236
Guide Tree 25/27
#NNI moves:0/236
Guide Tree 26/27
#NNI moves:0/236
Remaining: 0
#NNI moves:1/236
#NNI moves:1/236
(((((((((((((((T49,((T185,T117),T135)),((((((T173,T198),T17),T47),T89),((T88,T50),(T51,T127))),((T15,(T42,T82)),(T105,T66)))),((T80,T63),(((T44,(T115,T122)),T57),T164))),((T92,T45),T13)),(T145,T126)),(((((T12,T25),T46),(T1,T178)),T186),T169)),((T21,(T155,(T2,T71))),(T157,T93))),(((T110,T130),(T64,T68)),((((T107,T97),(T141,T70)),(T4,T28)),T154))),((((((T168,T23),((T111,T36),((T81,T76),(T146,T196)))),((T134,T6),T156)),((T129,T158),T95)),(T143,(T22,(T175,T191)))),(T75,T31))),((((((((((T85,T14),T8),T180),((T114,T183),T96)),T118),(((((T136,T177),(T200,T189)),T187),T140),(((T182,T3),((((T73,T172),T163),T179),T39)),T62))),((T29,((T174,T121),T193)),T32)),((T138,T190),T48)),(T91,(T65,T102))),T40)),((((((((((T78,T165),T153),((T148,((T54,(T26,T119)),T144)),T58)),((T69,T194),T123)),(((T98,T55),T147),(T52,T112))),((((T195,(((T176,T139),T159),T100)),(T35,T77)),(T43,(T16,T142))),(T125,T151))),((((T131,T86),T133),(T27,(T33,T101))),((T60,T37),T74))),(((((T149,T79),T34),(T20,T56)),(T197,T109)),((((T108,T30),(T7,T132)),T184),((T120,T166),T10)))),T0),(((((((T152,T181),((((T103,T106),T170),T11),T128)),T124),((T116,T99),((((T94,T90),T38),T137),T18))),(T83,(T150,T72))),(((T59,((T61,T87),T192)),T53),T67)),T188))),((T162,T41),((T199,T167),T113))),((((T9,T19),T5),T160),(T171,T161))),(T84,T24)),T104);
Guide Tree 0/27
#NNI moves:0/236
Guide Tree 1/27
#NNI moves:0/236
Guide Tree 2/27
#NNI moves:0/236
Guide Tree 3/27
#NNI moves:0/236
Guide Tree 4/27
#NNI moves:0/236
Guide Tree 5/27
#NNI moves:0/236
Guide Tree 6/27
#NNI moves:0/236
Guide Tree 7/27
#NNI moves:0/236
Guide Tree 8/27
#NNI moves:0/236
Guide Tree 9/27
#NNI moves:0/236
Guide Tree 10/27
#NNI moves:0/236
Guide Tree 11/27
#NNI moves:0/236
Guide Tree 12/27
#NNI moves:0/236
Guide Tree 13/27
#NNI moves:0/236
Guide Tree 14/27
#NNI moves:0/236
Guide Tree 15/27
#NNI moves:0/236
Guide Tree 16/27
#NNI moves:0/236
Guide Tree 17/27
#NNI moves:0/236
Guide Tree 18/27
#NNI moves:0/236
Guide Tree 19/27
#NNI moves:0/236
Guide Tree 20/27
#NNI moves:0/236
Guide Tree 21/27
#NNI moves:0/236
Guide Tree 22/27
#NNI moves:0/236
Guide Tree 23/27
#NNI moves:0/236
Guide Tree 24/27
#NNI moves:0/236
Guide Tree 25/27
#NNI moves:0/236
Guide Tree 26/27
#NNI moves:0/236
Remaining: 0
#NNI moves:1/236
#NNI moves:1/236
((((((((((((((T1,T178),(T46,(T12,T25))),T186),T169),((((((T57,((T122,T115),T44)),T164),(T80,T63)),((((T185,T117),T135),T49),((((T50,T88),(T51,T127)),(((T17,(T198,T173)),T47),T89)),((T105,T66),((T42,T82),T15))))),((T45,T92),T13)),(T126,T145))),(((T155,(T71,T2)),T21),(T93,T157))),(((T130,T110),(T68,T64)),((((T97,T107),(T70,T141)),(T28,T4)),T154))),(((((T156,(T134,T6)),(((T36,T111),((T196,T146),(T81,T76))),(T23,T168))),(T95,(T158,T129))),(T143,(T22,(T191,T175)))),(T31,T75))),(((((((((T8,(T85,T14)),T180),((T114,T183),T96)),T118),(((T187,((T136,T177),(T189,T200))),T140),(((T182,T3),((T179,((T172,T73),T163)),T39)),T62))),((T29,((T174,T121),T193)),T32)),((T138,T190),T48)),((T65,T102),T91)),T40)),((((((T74,(T60,T37)),((T27,(T101,T33)),((T86,T131),T133))),((((((T165,T78),T153),(T58,(T148,(((T26,T119),T54),T144)))),(T123,(T194,T69))),(((T98,T55),T147),(T52,T112))),((((T142,T16),T43),((((T159,(T176,T139)),T100),T195),(T35,T77))),(T125,T151)))),(((((T79,T149),T34),(T56,T20)),(T109,T197)),(((T166,T120),T10),(((T132,T7),(T108,T30)),T184)))),T0),((((((((T11,((T106,T103),T170)),T128),(T181,T152)),T124),((((T38,(T90,T94)),T137),T18),(T99,T116))),((T150,T72),T83)),(((T59,((T61,T87),T192)),T53),T67)),T188))),(((T167,T199),T113),(T41,T162))),((((T9,T19),T5),T160),(T161,T171))),(T84,T24)),T104);
Guide Tree 0/27
#NNI moves:0/236
Guide Tree 1/27
#NNI moves:0/236
Guide Tree 2/27
#NNI moves:0/236
Guide Tree 3/27
#NNI moves:0/236
Guide Tree 4/27
#NNI moves:0/236
Guide Tree 5/27
#NNI moves:0/236
Guide Tree 6/27
#NNI moves:0/236
Guide Tree 7/27
#NNI moves:0/236
Guide Tree 8/27
#NNI moves:0/236
Guide Tree 9/27
#NNI moves:0/236
Guide Tree 10/27
#NNI moves:0/236
Guide Tree 11/27
#NNI moves:0/236
Guide Tree 12/27
#NNI moves:0/236
Guide Tree 13/27
#NNI moves:0/236
Guide Tree 14/27
#NNI moves:0/236
Guide Tree 15/27
#NNI moves:0/236
Guide Tree 16/27
#NNI moves:0/236
Guide Tree 17/27
#NNI moves:0/236
Guide Tree 18/27
#NNI moves:0/236
Guide Tree 19/27
#NNI moves:0/236
Guide Tree 20/27
#NNI moves:0/236
Guide Tree 21/27
#NNI moves:0/236
Guide Tree 22/27
#NNI moves:0/236
Guide Tree 23/27
#NNI moves:0/236
Guide Tree 24/27
#NNI moves:0/236
Guide Tree 25/27
#NNI moves:0/236
Guide Tree 26/27
#NNI moves:0/236
Remaining: 1
#NNI moves:6/236
#NNI moves:6/236
((((((((((((((((((T88,T50),(T51,T127)),((T47,((T173,T198),T17)),T89)),((T105,T66),((T82,T42),T15))),(((T185,T117),T135),T49)),((T63,T80),(((T44,(T122,T115)),T57),T164))),((T45,T92),T13)),(T126,T145)),((((T46,(T12,T25)),(T1,T178)),T186),T169)),((T21,(T155,(T71,T2))),(T93,T157))),(((((T97,T107),(T141,T70)),(T4,T28)),T154),((T68,T64),(T110,T130)))),(((((((T111,T36),((T81,T76),(T196,T146))),(T23,T168)),((T134,T6),T156)),((T129,T158),T95)),(T143,((T191,T175),T22))),(T75,T31))),(((((((((((T163,(T73,T172)),T179),T39),(T3,T182)),T62),((((T136,T177),(T189,T200)),T187),T140)),(((((T14,T85),T8),T180),((T114,T183),T96)),T118)),((((T121,T174),T193),T29),T32)),((T138,T190),T48)),((T65,T102),T91)),T40)),(((((((T120,T166),T10),(((T30,T108),(T132,T7)),T184)),(((T20,T56),(T34,(T79,T149))),(T197,T109))),((((T151,T125),(((T77,T35),(T195,(((T176,T139),T159),T100))),((T142,T16),T43))),((((T153,(T78,T165)),(T58,(T148,(((T26,T119),T54),T144)))),((T194,T69),T123)),(((T98,T55),T147),(T112,T52)))),(((T133,(T86,T131)),((T33,T101),T27)),((T37,T60),T74)))),T0),((((((((T38,(T94,T90)),T137),T18),(T116,T99)),(((T152,T181),((T11,(T170,(T106,T103))),T128)),T124)),((T150,T72),T83)),(((T59,((T87,T61),T192)),T53),T67)),T188))),(((T167,T199),T113),(T41,T162))),((T160,((T19,T9),T5)),(T161,T171))),(T24,T84)),T104);
Guide Tree 0/27
#NNI moves:0/236
Guide Tree 1/27
#NNI moves:0/236
Guide Tree 2/27
#NNI moves:0/236
Guide Tree 3/27
#NNI moves:0/236
Guide Tree 4/27
#NNI moves:0/236
Guide Tree 5/27
#NNI moves:0/236
Guide Tree 6/27
#NNI moves:0/236
Guide Tree 7/27
#NNI moves:0/236
Guide Tree 8/27
#NNI moves:0/236
Guide Tree 9/27
#NNI moves:0/236
Guide Tree 10/27
#NNI moves:0/236
Guide Tree 11/27
#NNI moves:0/236
Guide Tree 12/27
#NNI moves:0/236
Guide Tree 13/27
#NNI moves:0/236
Guide Tree 14/27
#NNI moves:0/236
Guide Tree 15/27
#NNI moves:0/236
Guide Tree 16/27
#NNI moves:0/236
Guide Tree 17/27
#NNI moves:0/236
Guide Tree 18/27
#NNI moves:0/236
Guide Tree 19/27
#NNI moves:0/236
Guide Tree 20/27
#NNI moves:0/236
Guide Tree 21/27
#NNI moves:0/236
Guide Tree 22/27
#NNI moves:0/236
Guide Tree 23/27
#NNI moves:0/236
Guide Tree 24/27
#NNI moves:0/236
Guide Tree 25/27
#NNI moves:0/236
Guide Tree 26/27
#NNI moves:0/236
Remaining: 0
#NNI moves:5/236
#NNI moves:5/236
((((((((((((((((((T47,((T173,T198),T17)),T89),((T51,T127),(T50,T88))),((T66,T105),(T15,(T42,T82)))),(((T117,T185),T135),T49)),(((((T122,T115),T44),T57),T164),(T63,T80))),((T92,T45),T13)),(T145,T126)),((((T46,(T12,T25)),(T178,T1)),T186),T169)),((T93,T157),((T155,(T2,T71)),T21))),(((((T141,T70),(T97,T107)),(T4,T28)),T154),((T64,T68),(T110,T130)))),(((((T156,(T6,T134)),((((T196,T146),(T76,T81)),(T36,T111)),(T168,T23))),((T158,T129),T95)),(((T191,T175),T22),T143)),(T31,T75))),((((((((((((T73,T172),T163),T179),T39),(T3,T182)),T62),((((T136,T177),(T200,T189)),T187),T140)),((((T183,T114),T96),(((T14,T85),T8),T180)),T118)),((((T121,T174),T193),T29),T32)),(T48,(T190,T138))),((T65,T102),T91)),T40)),((((((((T123,(T69,T194)),((T58,(((T54,(T119,T26)),T144),T148)),(T153,(T78,T165)))),(((T98,T55),T147),(T52,T112))),((((T77,T35),(T195,((T159,(T139,T176)),T100))),((T142,T16),T43)),(T125,T151))),((T74,(T37,T60)),(((T86,T131),T133),(T27,(T101,T33))))),((((T120,T166),T10),(((T30,T108),(T132,T7)),T184)),((((T149,T79),T34),(T56,T20)),(T109,T197)))),T0),((((((T116,T99),(((T38,(T90,T94)),T137),T18)),(((T128,(((T106,T103),T170),T11)),(T181,T152)),T124)),((T72,T150),T83)),((((T192,(T87,T61)),T59),T53),T67)),T188))),((T113,(T167,T199)),(T162,T41))),((T160,(T5,(T19,T9))),(T171,T161))),(T84,T24)),T104);
Initial score: 3.58409e+10
Initial tree: ((((((((((((((((((T47,((T173,T198),T17)),T89),((T51,T127),(T50,T88))),((T66,T105),(T15,(T42,T82)))),(((T117,T185),T135),T49)),(((((T122,T115),T44),T57),T164),(T63,T80))),((T92,T45),T13)),(T145,T126)),((((T46,(T12,T25)),(T178,T1)),T186),T169)),((T93,T157),((T155,(T2,T71)),T21))),(((((T141,T70),(T97,T107)),(T4,T28)),T154),((T64,T68),(T110,T130)))),(((((T156,(T6,T134)),((((T196,T146),(T76,T81)),(T36,T111)),(T168,T23))),((T158,T129),T95)),(((T191,T175),T22),T143)),(T31,T75))),((((((((((((T73,T172),T163),T179),T39),(T3,T182)),T62),((((T136,T177),(T200,T189)),T187),T140)),((((T183,T114),T96),(((T14,T85),T8),T180)),T118)),((((T121,T174),T193),T29),T32)),(T48,(T190,T138))),((T65,T102),T91)),T40)),((((((((T123,(T69,T194)),((T58,(((T54,(T119,T26)),T144),T148)),(T153,(T78,T165)))),(((T98,T55),T147),(T52,T112))),((((T77,T35),(T195,((T159,(T139,T176)),T100))),((T142,T16),T43)),(T125,T151))),((T74,(T37,T60)),(((T86,T131),T133),(T27,(T101,T33))))),((((T120,T166),T10),(((T30,T108),(T132,T7)),T184)),((((T149,T79),T34),(T56,T20)),(T109,T197)))),T0),((((((T116,T99),(((T38,(T90,T94)),T137),T18)),(((T128,(((T106,T103),T170),T11)),(T181,T152)),T124)),((T72,T150),T83)),((((T192,(T87,T61)),T59),T53),T67)),T188))),((T113,(T167,T199)),(T162,T41))),((T160,(T5,(T19,T9))),(T171,T161))),(T84,T24)),T104);
*** Subsample Process ***
Use two-step algorithm!
#NNI moves:0/236
Remaining: 0
#NNI moves:1/236
#NNI moves:1/236
(((((((((((((((((((((((T142,T16),T43),((T195,(((T139,T176),T159),T100)),(T35,T77))),(T125,T151)),(((((((T54,(T26,T119)),T144),T148),T58),((T78,T165),T153)),((T194,T69),T123)),((T52,T112),((T55,T98),T147)))),(((T37,T60),T74),(((T86,T131),T133),(T27,(T33,T101))))),(((((T79,T149),T34),(T56,T20)),(T109,T197)),(((T120,T166),T10),(((T108,T30),(T132,T7)),T184)))),T0),((((((((((T106,T103),T170),T11),T128),(T152,T181)),T124),((T99,T116),(((T38,(T90,T94)),T137),T18))),(T83,(T72,T150))),(((T59,(T192,(T61,T87))),T53),T67)),T188)),((((T84,T24),T104),((T161,T171),(((T19,T9),T5),T160))),(((T199,T167),T113),(T162,T41)))),(((((((((((T163,(T172,T73)),T179),T39),(T3,T182)),T62),(T140,(((T136,T177),(T189,T200)),T187))),((((T8,(T85,T14)),T180),((T114,T183),T96)),T118)),(((T193,(T121,T174)),T29),T32)),(T48,(T190,T138))),((T65,T102),T91)),T40)),(((((T129,T158),T95),(((((T146,T196),(T76,T81)),(T111,T36)),(T23,T168)),(T156,(T6,T134)))),(T143,((T191,T175),T22))),(T75,T31))),(((((T70,T141),(T97,T107)),(T4,T28)),T154),((T64,T68),(T130,T110)))),((T21,(T155,(T71,T2))),(T157,T93))),(((((T25,T12),T46),(T178,T1)),T186),T169)),(T145,T126)),((T92,T45),T13)),(((((T122,T115),T44),T57),T164),(T63,T80))),(((((T17,(T173,T198)),T47),T89),((T88,T50),(T127,T51))),((T105,T66),(T15,(T82,T42))))),T49),T135),T185),T117);
#NNI moves:0/236
Remaining: 0
#NNI moves:2/236
#NNI moves:2/236
((((((((((((((((T146,T196),(T81,T76)),(T111,T36)),(T23,T168)),((T6,T134),T156)),((T129,T158),T95)),(((T191,T175),T22),T143)),(T75,T31)),((((((((T49,((T185,T117),T135)),((((T42,T82),T15),(T105,T66)),((T89,(((T173,T198),T17),T47)),((T88,T50),(T127,T51))))),(((((T115,T122),T44),T57),T164),(T80,T63))),((T45,T92),T13)),(T145,T126)),(((((T25,T12),T46),(T1,T178)),T186),T169)),((T157,T93),(((T2,T71),T155),T21))),(((((T141,T70),(T97,T107)),(T4,T28)),T154),((T130,T110),(T64,T68))))),(((((((((T3,T182),(T39,(((T172,T73),T163),T179))),T62),((T187,((T200,T189),(T136,T177))),T140)),((((T8,(T85,T14)),T180),((T114,T183),T96)),T118)),(T32,((T193,(T121,T174)),T29))),((T190,T138),T48)),(T91,(T65,T102))),T40)),(((((((((((((T26,T119),T54),T144),T148),T58),(T153,(T165,T78))),((T194,T69),T123)),((T112,T52),(T147,(T98,T55)))),((((T195,((T159,(T139,T176)),T100)),(T77,T35)),((T142,T16),T43)),(T125,T151))),((((T131,T86),T133),((T101,T33),T27)),(T74,(T60,T37)))),(((T197,T109),((T34,(T149,T79)),(T20,T56))),((T184,((T108,T30),(T7,T132))),(T10,(T166,T120))))),T0),(((((T124,((((T170,(T103,T106)),T11),T128),(T152,T181))),(((((T90,T94),T38),T137),T18),(T99,T116))),(T83,(T72,T150))),(((T59,((T61,T87),T192)),T53),T67)),T188))),(((T199,T167),T113),(T162,T41))),((T161,T171),(((T19,T9),T5),T160))),T104),T24),T84);
#NNI moves:0/236
Remaining: 0
#NNI moves:3/236
#NNI moves:3/236
(((((((((((((((((((((T85,T14),T8),T180),(T96,(T114,T183))),T118),((((T182,T3),((((T73,T172),T163),T179),T39)),T62),((((T189,T200),(T177,T136)),T187),T140))),(((T193,(T121,T174)),T29),T32)),((T138,T190),T48)),(T91,(T102,T65))),T40),((((((((((((T103,T106),T170),T11),T128),(T181,T152)),T124),((((T38,(T94,T90)),T137),T18),(T99,T116))),(T83,(T72,T150))),((((T192,(T61,T87)),T59),T53),T67)),T188),((((((((T58,((((T119,T26),T54),T144),T148)),((T165,T78),T153)),((T194,T69),T123)),((T112,T52),((T98,T55),T147))),((T125,T151),(((T35,T77),((((T176,T139),T159),T100),T195)),(T43,(T16,T142))))),(((T37,T60),T74),(((T131,T86),T133),((T33,T101),T27)))),(((((T132,T7),(T108,T30)),T184),((T120,T166),T10)),(((T56,T20),((T79,T149),T34)),(T109,T197)))),T0)),(((T162,T41),(T113,(T167,T199))),(((T24,T84),T104),(((T5,(T9,T19)),T160),(T161,T171)))))),(((((((((((T88,T50),(T51,T127)),((((T173,T198),T17),T47),T89)),(((T82,T42),T15),(T105,T66))),(((T185,T117),T135),T49)),((((T44,(T115,T122)),T57),T164),(T80,T63))),((T92,T45),T13)),(T145,T126)),((((T46,(T12,T25)),(T178,T1)),T186),T169)),((T21,(T155,(T2,T71))),(T157,T93))),(((T110,T130),(T68,T64)),((((T97,T107),(T70,T141)),(T4,T28)),T154)))),(T75,T31)),(((T191,T175),T22),T143)),((T158,T129),T95)),(T156,(T134,T6))),(T23,T168)),(T111,T36)),(T146,T196)),T76),T81);
#NNI moves:0/236
Remaining: 0
#NNI moves:2/236
#NNI moves:2/236
(((((((((((((((((((T88,T50),(T127,T51)),((((T173,T198),T17),T47),T89)),((T15,(T82,T42)),(T105,T66))),(T49,(T135,(T117,T185)))),(((((T115,T122),T44),T57),T164),(T63,T80))),((T45,T92),T13)),(T126,T145)),(((((T12,T25),T46),(T1,T178)),T186),T169)),((((T71,T2),T155),T21),(T93,T157))),(((((T97,T107),(T70,T141)),(T28,T4)),T154),((T130,T110),(T68,T64)))),(((((T175,T191),T22),T143),(((T158,T129),T95),(((T23,T168),((T36,T111),((T146,T196),(T81,T76)))),(T156,(T134,T6))))),(T31,T75))),((((((((T96,(T114,T183)),((T8,(T85,T14)),T180)),T118),(((((((T172,T73),T163),T179),T39),(T3,T182)),T62),((((T177,T136),(T189,T200)),T187),T140))),(T32,(((T174,T121),T193),T29))),(T48,(T138,T190))),((T102,T65),T91)),T40)),(((((((((T98,T55),T147),(T112,T52)),((((T165,T78),T153),(((T144,(T54,(T26,T119))),T148),T58)),((T194,T69),T123))),((((T77,T35),((((T139,T176),T159),T100),T195)),((T16,T142),T43)),(T151,T125))),((((T86,T131),T133),((T33,T101),T27)),(T74,(T60,T37)))),(((((T108,T30),(T132,T7)),T184),(T10,(T120,T166))),(((T20,T56),((T149,T79),T34)),(T109,T197)))),T0),(((((((T128,(((T106,T103),T170),T11)),(T152,T181)),T124),((T99,T116),((T137,(T38,(T94,T90))),T18))),((T150,T72),T83)),(T67,((((T61,T87),T192),T59),T53))),T188))),((T162,T41),((T199,T167),T113))),(((T5,(T9,T19)),T160),(T161,T171))),T104),T24),T84);
Current score: 3.58409e+10
Current tree: ((((((((((((((((((T88,T50),(T127,T51)),((((T173,T198),T17),T47),T89)),((T15,(T82,T42)),(T105,T66))),(T49,(T135,(T117,T185)))),(((((T115,T122),T44),T57),T164),(T63,T80))),((T45,T92),T13)),(T126,T145)),(((((T12,T25),T46),(T1,T178)),T186),T169)),((((T71,T2),T155),T21),(T93,T157))),(((((T97,T107),(T70,T141)),(T28,T4)),T154),((T130,T110),(T68,T64)))),(((((T175,T191),T22),T143),(((T158,T129),T95),(((T23,T168),((T36,T111),((T146,T196),(T81,T76)))),(T156,(T134,T6))))),(T31,T75))),((((((((T96,(T114,T183)),((T8,(T85,T14)),T180)),T118),(((((((T172,T73),T163),T179),T39),(T3,T182)),T62),((((T177,T136),(T189,T200)),T187),T140))),(T32,(((T174,T121),T193),T29))),(T48,(T138,T190))),((T102,T65),T91)),T40)),(((((((((T98,T55),T147),(T112,T52)),((((T165,T78),T153),(((T144,(T54,(T26,T119))),T148),T58)),((T194,T69),T123))),((((T77,T35),((((T139,T176),T159),T100),T195)),((T16,T142),T43)),(T151,T125))),((((T86,T131),T133),((T33,T101),T27)),(T74,(T60,T37)))),(((((T108,T30),(T132,T7)),T184),(T10,(T120,T166))),(((T20,T56),((T149,T79),T34)),(T109,T197)))),T0),(((((((T128,(((T106,T103),T170),T11)),(T152,T181)),T124),((T99,T116),((T137,(T38,(T94,T90))),T18))),((T150,T72),T83)),(T67,((((T61,T87),T192),T59),T53))),T188))),((T162,T41),((T199,T167),T113))),(((T5,(T9,T19)),T160),(T161,T171))),(T24,T84)),T104);
Use two-step algorithm!
#NNI moves:0/236
Remaining: 2
#NNI moves:1/236
#NNI moves:1/236
(((((((((((((((((((((((((T170,(T106,T103)),T11),T128),(T181,T152)),T124),(((((T94,T90),T38),T137),T18),(T116,T99))),((T150,T72),T83)),(((((T61,T87),T192),T59),T53),T67)),T188),(((((((T43,(T142,T16)),((((T159,(T176,T139)),T100),T195),(T35,T77))),(T151,T125)),((((((((T119,T26),T54),T144),T148),T58),((T165,T78),T153)),((T194,T69),T123)),(((T55,T98),T147),(T112,T52)))),((((T131,T86),T133),((T101,T33),T27)),((T60,T37),T74))),((((T34,(T79,T149)),(T20,T56)),(T197,T109)),((((T7,T132),(T30,T108)),T184),((T120,T166),T10)))),T0)),((((T171,T161),(T160,((T19,T9),T5))),((T24,T84),T104)),((T162,T41),((T199,T167),T113)))),((((((((((T200,T189),(T136,T177)),T187),T140),(((T182,T3),(T39,((T163,(T172,T73)),T179))),T62)),((((T114,T183),T96),((T8,(T14,T85)),T180)),T118)),((T29,(T193,(T121,T174))),T32)),((T190,T138),T48)),(T91,(T65,T102))),T40)),(((((T129,T158),T95),(((((T76,T81),(T196,T146)),(T36,T111)),(T23,T168)),(T156,(T134,T6)))),(((T175,T191),T22),T143)),(T31,T75))),((T154,(((T141,T70),(T107,T97)),(T4,T28))),((T68,T64),(T110,T130)))),((T93,T157),(((T2,T71),T155),T21))),((((T46,(T25,T12)),(T178,T1)),T186),T169)),(T145,T126)),((T45,T92),T13)),((T164,((T44,(T115,T122)),T57)),(T63,T80))),(T49,((T185,T117),T135))),((T15,(T42,T82)),(T66,T105))),((((T173,T198),T17),T47),T89)),(T127,T51)),T88),T50);
#NNI moves:0/236
Remaining: 0
#NNI moves:4/236
#NNI moves:4/236
(((((((((((((((((((T117,T185),T135),T49),((((T50,T88),(T127,T51)),((((T173,T198),T17),T47),T89)),((T66,T105),((T42,T82),T15)))),((T164,(((T122,T115),T44),T57)),(T63,T80))),((T45,T92),T13)),(T145,T126)),(T169,((((T12,T25),T46),(T1,T178)),T186))),((T21,((T2,T71),T155)),(T93,T157))),(((T110,T130),(T64,T68)),((((T107,T97),(T70,T141)),(T4,T28)),T154))),((((((((T196,T146),(T81,T76)),(T36,T111)),(T168,T23)),((T134,T6),T156)),((T129,T158),T95)),(T143,(T22,(T191,T175)))),(T75,T31))),((((((((T96,(T183,T114)),(((T14,T85),T8),T180)),T118),(((((T177,T136),(T200,T189)),T187),T140),(T62,((T3,T182),((((T73,T172),T163),T179),T39))))),((((T121,T174),T193),T29),T32)),((T138,T190),T48)),(T91,(T65,T102))),T40)),((((((((((T78,T165),T153),(((((T26,T119),T54),T144),T148),T58)),(T123,(T194,T69))),((T52,T112),(T147,(T55,T98)))),(((((T100,((T139,T176),T159)),T195),(T77,T35)),((T142,T16),T43)),(T151,T125))),(((T37,T60),T74),(((T131,T86),T133),((T101,T33),T27)))),((((T120,T166),T10),(((T7,T132),(T108,T30)),T184)),((T197,T109),((T20,T56),(T34,(T149,T79)))))),T0),((((((((T38,(T94,T90)),T137),T18),(T99,T116)),(T124,((T181,T152),((T11,(T170,(T106,T103))),T128)))),((T72,T150),T83)),(((((T61,T87),T192),T59),T53),T67)),T188))),(((T199,T167),T113),(T41,T162))),((T84,T24),T104)),(T171,T161)),T160),(T9,T19)),T5);
#NNI moves:0/236
Remaining: 0
#NNI moves:1/236
#NNI moves:1/236
(((((((((((((((((((((((((((T26,T119),T54),T144),T148),T58),(T153,(T78,T165))),(T123,(T194,T69))),(((T55,T98),T147),(T112,T52))),((((((T159,(T176,T139)),T100),T195),(T77,T35)),((T16,T142),T43)),(T125,T151))),((T74,(T37,T60)),((T133,(T131,T86)),((T33,T101),T27)))),(((T109,T197),(((T79,T149),T34),(T20,T56))),((T184,((T132,T7),(T108,T30))),(T10,(T120,T166))))),T0),(((((T124,((T152,T181),((((T103,T106),T170),T11),T128))),(((((T94,T90),T38),T137),T18),(T116,T99))),((T72,T150),T83)),((T53,(T59,((T61,T87),T192))),T67)),T188)),((((T161,T171),(T160,(T5,(T9,T19)))),(T104,(T84,T24))),(((T199,T167),T113),(T41,T162)))),((((((((T96,(T114,T183)),(T180,(T8,(T85,T14)))),T118),((((T39,(T179,((T73,T172),T163))),(T182,T3)),T62),((((T136,T177),(T200,T189)),T187),T140))),((((T174,T121),T193),T29),T32)),((T138,T190),T48)),((T102,T65),T91)),T40)),(((((((T111,T36),((T146,T196),(T76,T81))),(T23,T168)),(T156,(T6,T134))),((T158,T129),T95)),(((T191,T175),T22),T143)),(T31,T75))),(((T64,T68),(T130,T110)),(((T4,T28),((T70,T141),(T97,T107))),T154))),((T93,T157),((T155,(T71,T2)),T21))),(((((T25,T12),T46),(T178,T1)),T186),T169)),(T145,T126)),((T45,T92),T13)),(((T57,((T122,T115),T44)),T164),(T63,T80))),((((T51,T127),(T88,T50)),(((T17,(T173,T198)),T47),T89)),(((T42,T82),T15),(T105,T66)))),T49),T135),T185),T117);
#NNI moves:0/236
Remaining: 0
#NNI moves:0/236
#NNI moves:0/236
(((((((((((((((((((((((T173,T198),T17),T47),T89),((T50,T88),(T51,T127))),((T15,(T82,T42)),(T66,T105))),(((T117,T185),T135),T49)),((T164,(((T122,T115),T44),T57)),(T63,T80))),((T45,T92),T13)),(T126,T145)),(T169,(((T1,T178),(T46,(T25,T12))),T186))),((T93,T157),(((T2,T71),T155),T21))),(((T110,T130),(T68,T64)),(((T28,T4),((T107,T97),(T70,T141))),T154))),(((((((T111,T36),((T76,T81),(T196,T146))),(T168,T23)),(T156,(T134,T6))),(T95,(T129,T158))),(((T175,T191),T22),T143)),(T75,T31))),((((((((((T177,T136),(T189,T200)),T187),T140),(((((T163,(T73,T172)),T179),T39),(T3,T182)),T62)),((((T183,T114),T96),(((T85,T14),T8),T180)),T118)),(((T193,(T121,T174)),T29),T32)),((T138,T190),T48)),((T65,T102),T91)),T40)),(((((((((((((T119,T26),T54),T144),T148),T58),((T78,T165),T153)),((T194,T69),T123)),(((T55,T98),T147),(T52,T112))),(((((((T176,T139),T159),T100),T195),(T35,T77)),(T43,(T16,T142))),(T151,T125))),((((T86,T131),T133),((T101,T33),T27)),(T74,(T60,T37)))),(((((T79,T149),T34),(T20,T56)),(T197,T109)),((((T30,T108),(T132,T7)),T184),((T166,T120),T10)))),T0),(((((T124,((T128,(((T103,T106),T170),T11)),(T181,T152))),(((((T90,T94),T38),T137),T18),(T116,T99))),((T150,T72),T83)),(((((T61,T87),T192),T59),T53),T67)),T188))),((T41,T162),((T199,T167),T113))),(T104,(T24,T84))),(T161,T171)),T160),T5),T9),T19);
Current score: 3.58409e+10
Current tree: (((T24,T84),((((((((((((((((((T173,T198),T17),T47),T89),((T50,T88),(T51,T127))),((T15,(T82,T42)),(T66,T105))),(((T117,T185),T135),T49)),((T164,(((T122,T115),T44),T57)),(T63,T80))),((T45,T92),T13)),(T126,T145)),(T169,(((T1,T178),(T46,(T25,T12))),T186))),((T93,T157),(((T2,T71),T155),T21))),(((T110,T130),(T68,T64)),(((T28,T4),((T107,T97),(T70,T141))),T154))),(((((((T111,T36),((T76,T81),(T196,T146))),(T168,T23)),(T156,(T134,T6))),(T95,(T129,T158))),(((T175,T191),T22),T143)),(T75,T31))),((((((((((T177,T136),(T189,T200)),T187),T140),(((((T163,(T73,T172)),T179),T39),(T3,T182)),T62)),((((T183,T114),T96),(((T85,T14),T8),T180)),T118)),(((T193,(T121,T174)),T29),T32)),((T138,T190),T48)),((T65,T102),T91)),T40)),(((((((((((((T119,T26),T54),T144),T148),T58),((T78,T165),T153)),((T194,T69),T123)),(((T55,T98),T147),(T52,T112))),(((((((T176,T139),T159),T100),T195),(T35,T77)),(T43,(T16,T142))),(T151,T125))),((((T86,T131),T133),((T101,T33),T27)),(T74,(T60,T37)))),(((((T79,T149),T34),(T20,T56)),(T197,T109)),((((T30,T108),(T132,T7)),T184),((T166,T120),T10)))),T0),(((((T124,((T128,(((T103,T106),T170),T11)),(T181,T152))),(((((T90,T94),T38),T137),T18),(T116,T99))),((T150,T72),T83)),(((((T61,T87),T192),T59),T53),T67)),T188))),((T41,T162),((T199,T167),T113))),((T161,T171),(T160,(T5,(T9,T19)))))),T104);
Use two-step algorithm!
#NNI moves:0/236
Remaining: 2
#NNI moves:5/236
#NNI moves:5/236
(((((((((((((((((((((((T194,T69),T123),(((T165,T78),T153),((T148,(((T26,T119),T54),T144)),T58))),((T147,(T55,T98)),(T52,T112))),(((T43,(T16,T142)),(((T100,((T139,T176),T159)),T195),(T77,T35))),(T151,T125))),((((T86,T131),T133),((T33,T101),T27)),((T60,T37),T74))),(((((T149,T79),T34),(T20,T56)),(T197,T109)),((T184,((T108,T30),(T7,T132))),(T10,(T166,T120))))),T0),(((((((T181,T152),((((T103,T106),T170),T11),T128)),T124),(((T137,((T94,T90),T38)),T18),(T116,T99))),(T83,(T150,T72))),(T67,(((T192,(T61,T87)),T59),T53))),T188)),(((((T5,(T9,T19)),T160),(T171,T161)),((T84,T24),T104)),(((T199,T167),T113),(T162,T41)))),((((((((((T85,T14),T8),T180),((T183,T114),T96)),T118),((((T39,(((T73,T172),T163),T179)),(T3,T182)),T62),((T187,((T200,T189),(T136,T177))),T140))),((T29,((T121,T174),T193)),T32)),((T138,T190),T48)),(T91,(T65,T102))),T40)),((((((T23,T168),((T111,T36),((T76,T81),(T146,T196)))),(T156,(T6,T134))),((T129,T158),T95)),((T22,(T175,T191)),T143)),(T31,T75))),(((T130,T110),(T64,T68)),(T154,(((T141,T70),(T107,T97)),(T28,T4))))),((((T71,T2),T155),T21),(T93,T157))),((T186,((T178,T1),(T46,(T12,T25)))),T169)),(T126,T145)),((T45,T92),T13)),(((T57,((T122,T115),T44)),T164),(T63,T80))),(T49,((T117,T185),T135))),((T105,T66),((T42,T82),T15))),((T51,T127),(T50,T88))),(((T198,T173),T17),T47)),T89);
#NNI moves:0/236
Remaining: 0
#NNI moves:3/236
#NNI moves:3/236
(((((((((((((((((((((T50,T88),(T51,T127)),((T47,(T17,(T173,T198))),T89)),((T105,T66),(T15,(T82,T42)))),(((T185,T117),T135),T49)),(((((T115,T122),T44),T57),T164),(T63,T80))),((T92,T45),T13)),(T145,T126)),((((T46,(T25,T12)),(T178,T1)),T186),T169)),((T157,T93),(((T71,T2),T155),T21))),(((((T107,T97),(T70,T141)),(T28,T4)),T154),((T130,T110),(T68,T64)))),(((((T191,T175),T22),T143),(((T129,T158),T95),((((T111,T36),((T81,T76),(T146,T196))),(T23,T168)),(T156,(T134,T6))))),(T75,T31))),(((((((((((T163,(T172,T73)),T179),T39),(T182,T3)),T62),((((T200,T189),(T136,T177)),T187),T140)),((((T183,T114),T96),(((T85,T14),T8),T180)),T118)),((((T174,T121),T193),T29),T32)),((T138,T190),T48)),(T91,(T65,T102))),T40)),((((((((((T165,T78),T153),((T148,(T144,((T26,T119),T54))),T58)),(T123,(T194,T69))),((T147,(T55,T98)),(T112,T52))),((T125,T151),(((T35,T77),(((T159,(T139,T176)),T100),T195)),((T142,T16),T43)))),(((T27,(T33,T101)),(T133,(T131,T86))),((T60,T37),T74))),((((T120,T166),T10),(((T30,T108),(T132,T7)),T184)),((((T79,T149),T34),(T56,T20)),(T197,T109)))),T0),((((((((T11,((T106,T103),T170)),T128),(T181,T152)),T124),(((((T94,T90),T38),T137),T18),(T99,T116))),((T150,T72),T83)),(T67,((((T61,T87),T192),T59),T53))),T188))),(((T199,T167),T113),(T41,T162))),((T24,T84),T104)),(T161,T171)),T160),T5),T9),T19);
#NNI moves:0/236
Remaining: 0
#NNI moves:3/236
#NNI moves:3/236
((((((((((((((((((T122,T115),T44),T57),T164),(T63,T80)),((((((T17,(T173,T198)),T47),T89),((T51,T127),(T50,T88))),((T15,(T42,T82)),(T66,T105))),(T49,(T135,(T185,T117))))),((T92,T45),T13)),(T126,T145)),((((T46,(T25,T12)),(T1,T178)),T186),T169)),((T93,T157),(((T2,T71),T155),T21))),(((((T70,T141),(T97,T107)),(T4,T28)),T154),((T68,T64),(T110,T130)))),((((T95,(T129,T158)),((((T111,T36),((T196,T146),(T76,T81))),(T23,T168)),((T6,T134),T156))),((T22,(T191,T175)),T143)),(T75,T31))),(((((((((T3,T182),((((T172,T73),T163),T179),T39)),T62),((((T177,T136),(T200,T189)),T187),T140)),(((((T14,T85),T8),T180),((T183,T114),T96)),T118)),((((T121,T174),T193),T29),T32)),((T138,T190),T48)),((T65,T102),T91)),T40)),((((((((T131,T86),T133),((T101,T33),T27)),((T37,T60),T74)),(((((((T144,((T119,T26),T54)),T148),T58),(T153,(T78,T165))),((T69,T194),T123)),((T147,(T55,T98)),(T112,T52))),(((((((T139,T176),T159),T100),T195),(T77,T35)),((T142,T16),T43)),(T151,T125)))),(((T197,T109),(((T79,T149),T34),(T20,T56))),((((T7,T132),(T30,T108)),T184),((T120,T166),T10)))),T0),(((((((T128,(T11,((T106,T103),T170))),(T181,T152)),T124),((((T38,(T94,T90)),T137),T18),(T99,T116))),((T72,T150),T83)),(T67,((((T87,T61),T192),T59),T53))),T188))),(((T167,T199),T113),(T41,T162))),((((T19,T9),T5),T160),(T161,T171))),(T84,T24)),T104);
#NNI moves:0/236
Remaining: 0
#NNI moves:1/236
#NNI moves:1/236
(((((((((((((((((((((((((((T139,T176),T159),T100),T195),(T35,T77)),((T16,T142),T43)),(T151,T125)),((((((T144,(T54,(T26,T119))),T148),T58),((T165,T78),T153)),((T69,T194),T123)),(((T98,T55),T147),(T112,T52)))),(((T37,T60),T74),((T27,(T101,T33)),(T133,(T131,T86))))),(((T10,(T120,T166)),(((T108,T30),(T132,T7)),T184)),(((T56,T20),(T34,(T149,T79))),(T197,T109)))),T0),((((((((((T103,T106),T170),T11),T128),(T181,T152)),T124),(((T137,((T90,T94),T38)),T18),(T116,T99))),((T72,T150),T83)),((((T192,(T61,T87)),T59),T53),T67)),T188)),(((((T5,(T9,T19)),T160),(T171,T161)),((T84,T24),T104)),((T162,T41),(T113,(T199,T167))))),((((((((((T14,T85),T8),T180),(T96,(T114,T183))),T118),(((((((T73,T172),T163),T179),T39),(T3,T182)),T62),((((T177,T136),(T200,T189)),T187),T140))),(T32,(((T121,T174),T193),T29))),((T138,T190),T48)),((T65,T102),T91)),T40)),(((((((T111,T36),((T196,T146),(T81,T76))),(T168,T23)),((T6,T134),T156)),((T129,T158),T95)),(((T191,T175),T22),T143)),(T75,T31))),((((T4,T28),((T107,T97),(T141,T70))),T154),((T64,T68),(T110,T130)))),((T157,T93),(((T71,T2),T155),T21))),((((T46,(T12,T25)),(T178,T1)),T186),T169)),(T145,T126)),(T13,(T92,T45))),((T63,T80),(T164,(((T122,T115),T44),T57)))),(T49,((T185,T117),T135))),(((T82,T42),T15),(T66,T105))),((T50,T88),(T127,T51))),T89),(T17,(T198,T173))),T47);
Current score: 3.58409e+10
Current tree: (((T84,T24),((((T5,(T9,T19)),T160),(T171,T161)),(((T162,T41),(T113,(T199,T167))),(((((((((((((T139,T176),T159),T100),T195),(T35,T77)),((T16,T142),T43)),(T151,T125)),((((((T144,(T54,(T26,T119))),T148),T58),((T165,T78),T153)),((T69,T194),T123)),(((T98,T55),T147),(T112,T52)))),(((T37,T60),T74),((T27,(T101,T33)),(T133,(T131,T86))))),(((T10,(T120,T166)),(((T108,T30),(T132,T7)),T184)),(((T56,T20),(T34,(T149,T79))),(T197,T109)))),T0),((((((((((T103,T106),T170),T11),T128),(T181,T152)),T124),(((T137,((T90,T94),T38)),T18),(T116,T99))),((T72,T150),T83)),((((T192,(T61,T87)),T59),T53),T67)),T188)),(((((((((((T14,T85),T8),T180),(T96,(T114,T183))),T118),(((((((T73,T172),T163),T179),T39),(T3,T182)),T62),((((T177,T136),(T200,T189)),T187),T140))),(T32,(((T121,T174),T193),T29))),((T138,T190),T48)),((T65,T102),T91)),T40),((((((((T111,T36),((T196,T146),(T81,T76))),(T168,T23)),((T6,T134),T156)),((T129,T158),T95)),(((T191,T175),T22),T143)),(T75,T31)),(((((T4,T28),((T107,T97),(T141,T70))),T154),((T64,T68),(T110,T130))),(((T157,T93),(((T71,T2),T155),T21)),(((((T46,(T12,T25)),(T178,T1)),T186),T169),((T145,T126),((T13,(T92,T45)),(((T63,T80),(T164,(((T122,T115),T44),T57))),((T49,((T185,T117),T135)),((((T82,T42),T15),(T66,T105)),(((T50,T88),(T127,T51)),(T89,((T17,(T198,T173)),T47))))))))))))))))),T104);
Use two-step algorithm!
#NNI moves:0/236
Remaining: 0
#NNI moves:9/236
#NNI moves:9/236
(((((((((((((((((T185,T117),T135),T49),(((T66,T105),((T82,T42),T15)),(((T127,T51),(T88,T50)),((((T198,T173),T17),T47),T89)))),(((((T122,T115),T44),T57),T164),(T63,T80))),(T13,(T45,T92))),(T145,T126)),(((((T12,T25),T46),(T178,T1)),T186),T169)),((T93,T157),(T21,((T2,T71),T155)))),(((((T70,T141),(T107,T97)),(T4,T28)),T154),((T68,T64),(T130,T110)))),((((((((T76,T81),(T196,T146)),(T36,T111)),(T23,T168)),((T134,T6),T156)),((T158,T129),T95)),(T143,(T22,(T175,T191)))),(T31,T75))),(((((((((T8,(T14,T85)),T180),((T114,T183),T96)),T118),(((((T136,T177),(T200,T189)),T187),T140),(((T182,T3),((((T73,T172),T163),T179),T39)),T62))),((((T121,T174),T193),T29),T32)),(T48,(T190,T138))),((T65,T102),T91)),T40)),(((((((((T69,T194),T123),(((T148,(T144,(T54,(T119,T26)))),T58),((T78,T165),T153))),(((T98,T55),T147),(T112,T52))),((((T142,T16),T43),(((T100,((T139,T176),T159)),T195),(T77,T35))),(T125,T151))),(((T133,(T86,T131)),((T33,T101),T27)),((T60,T37),T74))),(((((T149,T79),T34),(T20,T56)),(T197,T109)),((T184,((T7,T132),(T30,T108))),((T166,T120),T10)))),T0),(((((T124,((((T170,(T106,T103)),T11),T128),(T152,T181))),((((T38,(T90,T94)),T137),T18),(T116,T99))),(T83,(T150,T72))),((T53,((T192,(T61,T87)),T59)),T67)),T188))),((T41,T162),((T199,T167),T113))),((T171,T161),(T160,((T9,T19),T5)))),(T84,T24)),T104);
#NNI moves:0/236
Remaining: 0
#NNI moves:4/236
#NNI moves:4/236
(((((((((((((((((((((((T142,T16),T43),(((T100,((T176,T139),T159)),T195),(T35,T77))),(T125,T151)),((((((T144,((T26,T119),T54)),T148),T58),(T153,(T78,T165))),((T194,T69),T123)),((T147,(T55,T98)),(T112,T52)))),(((T37,T60),T74),(((T33,T101),T27),((T86,T131),T133)))),((((T56,T20),(T34,(T149,T79))),(T197,T109)),((((T30,T108),(T7,T132)),T184),(T10,(T120,T166))))),T0),(((((((T152,T181),((((T106,T103),T170),T11),T128)),T124),((((T38,(T94,T90)),T137),T18),(T116,T99))),((T150,T72),T83)),(((T59,((T87,T61),T192)),T53),T67)),T188)),((((((T19,T9),T5),T160),(T161,T171)),((T24,T84),T104)),((T41,T162),(T113,(T167,T199))))),((((((((((T200,T189),(T136,T177)),T187),T140),(((T3,T182),((((T73,T172),T163),T179),T39)),T62)),(((((T14,T85),T8),T180),((T114,T183),T96)),T118)),((((T121,T174),T193),T29),T32)),((T190,T138),T48)),((T102,T65),T91)),T40)),(((((((T111,T36),((T196,T146),(T76,T81))),(T23,T168)),((T6,T134),T156)),((T129,T158),T95)),(T143,((T191,T175),T22))),(T31,T75))),(((((T141,T70),(T107,T97)),(T4,T28)),T154),((T110,T130),(T64,T68)))),((T21,(T155,(T71,T2))),(T93,T157))),(((((T12,T25),T46),(T178,T1)),T186),T169)),(T126,T145)),(T13,(T92,T45))),((T164,(((T122,T115),T44),T57)),(T63,T80))),((((T127,T51),(T88,T50)),((T47,(T17,(T198,T173))),T89)),((T66,T105),((T82,T42),T15)))),T49),T135),T185),T117);
#NNI moves:0/236
Remaining: 0
#NNI moves:4/236
#NNI moves:4/236
((((((((((((((((T78,T165),T153),(T58,((((T26,T119),T54),T144),T148))),((T194,T69),T123)),(((T98,T55),T147),(T112,T52))),((T151,T125),(((T16,T142),T43),((((T159,(T139,T176)),T100),T195),(T77,T35))))),(((T27,(T101,T33)),(T133,(T131,T86))),((T60,T37),T74))),(((T184,((T108,T30),(T7,T132))),((T166,T120),T10)),(((T56,T20),((T79,T149),T34)),(T109,T197)))),T0),((((((((((T106,T103),T170),T11),T128),(T181,T152)),T124),(((((T90,T94),T38),T137),T18),(T99,T116))),((T72,T150),T83)),((((T192,(T61,T87)),T59),T53),T67)),T188)),((((((((((((((T17,(T173,T198)),T47),T89),((T88,T50),(T51,T127))),(((T42,T82),T15),(T105,T66))),((T135,(T185,T117)),T49)),(((T57,((T115,T122),T44)),T164),(T63,T80))),(T13,(T45,T92))),(T126,T145)),((((T178,T1),((T25,T12),T46)),T186),T169)),((((T2,T71),T155),T21),(T93,T157))),((((T4,T28),((T141,T70),(T107,T97))),T154),((T64,T68),(T130,T110)))),(((((T191,T175),T22),T143),((((T134,T6),T156),((T23,T168),(((T76,T81),(T146,T196)),(T36,T111)))),((T158,T129),T95))),(T75,T31))),((((((((((((T172,T73),T163),T179),T39),(T182,T3)),T62),((((T189,T200),(T177,T136)),T187),T140)),(((T96,(T183,T114)),(T180,(T8,(T14,T85)))),T118)),(((T193,(T121,T174)),T29),T32)),((T190,T138),T48)),(T91,(T65,T102))),T40))),((T41,T162),(T113,(T167,T199)))),((T160,((T19,T9),T5)),(T161,T171))),T104),T24),T84);
#NNI moves:0/236
Remaining: 0
#NNI moves:4/236
#NNI moves:4/236
((((((((((((((((((((T25,T12),T46),(T178,T1)),T186),T169),(((((((T117,T185),T135),T49),((((((T173,T198),T17),T47),T89),((T127,T51),(T88,T50))),(((T42,T82),T15),(T105,T66)))),((T63,T80),(T164,(((T115,T122),T44),T57)))),(T13,(T45,T92))),(T145,T126))),((((T2,T71),T155),T21),(T93,T157))),(((((T107,T97),(T141,T70)),(T4,T28)),T154),((T64,T68),(T110,T130)))),(((((T175,T191),T22),T143),((((((T76,T81),(T146,T196)),(T36,T111)),(T23,T168)),(T156,(T134,T6))),((T129,T158),T95))),(T75,T31))),((((((((((T189,T200),(T177,T136)),T187),T140),(((T182,T3),((T179,(T163,(T172,T73))),T39)),T62)),(((T96,(T114,T183)),((T8,(T14,T85)),T180)),T118)),(((T193,(T174,T121)),T29),T32)),(T48,(T138,T190))),((T65,T102),T91)),T40)),(((((T5,(T19,T9)),T160),(T171,T161)),((T84,T24),T104)),((T113,(T199,T167)),(T41,T162)))),((((((((((T106,T103),T170),T11),T128),(T152,T181)),T124),((T99,T116),((((T94,T90),T38),T137),T18))),((T72,T150),T83)),(T67,((((T61,T87),T192),T59),T53))),T188)),T0),(((((T30,T108),(T7,T132)),T184),(T10,(T120,T166))),((((T149,T79),T34),(T20,T56)),(T197,T109)))),((((T33,T101),T27),(T133,(T86,T131))),((T60,T37),T74))),(((T43,(T142,T16)),((T35,T77),(T195,(((T139,T176),T159),T100)))),(T151,T125))),(((T194,T69),T123),(((((T54,(T26,T119)),T144),T148),T58),(T153,(T165,T78))))),(T52,T112)),(T98,T55)),T147);
Current score: 3.58409e+10
Current tree: (((T84,T24),((((T5,(T19,T9)),T160),(T171,T161)),(((T113,(T199,T167)),(T41,T162)),(((((((((((T25,T12),T46),(T178,T1)),T186),T169),(((((((T117,T185),T135),T49),((((((T173,T198),T17),T47),T89),((T127,T51),(T88,T50))),(((T42,T82),T15),(T105,T66)))),((T63,T80),(T164,(((T115,T122),T44),T57)))),(T13,(T45,T92))),(T145,T126))),((((T2,T71),T155),T21),(T93,T157))),(((((T107,T97),(T141,T70)),(T4,T28)),T154),((T64,T68),(T110,T130)))),(((((T175,T191),T22),T143),((((((T76,T81),(T146,T196)),(T36,T111)),(T23,T168)),(T156,(T134,T6))),((T129,T158),T95))),(T75,T31))),((((((((((T189,T200),(T177,T136)),T187),T140),(((T182,T3),((T179,(T163,(T172,T73))),T39)),T62)),(((T96,(T114,T183)),((T8,(T14,T85)),T180)),T118)),(((T193,(T174,T121)),T29),T32)),(T48,(T138,T190))),((T65,T102),T91)),T40)),(((((((((((T106,T103),T170),T11),T128),(T152,T181)),T124),((T99,T116),((((T94,T90),T38),T137),T18))),((T72,T150),T83)),(T67,((((T61,T87),T192),T59),T53))),T188),(T0,((((((T30,T108),(T7,T132)),T184),(T10,(T120,T166))),((((T149,T79),T34),(T20,T56)),(T197,T109))),(((((T33,T101),T27),(T133,(T86,T131))),((T60,T37),T74)),((((T43,(T142,T16)),((T35,T77),(T195,(((T139,T176),T159),T100)))),(T151,T125)),((((T194,T69),T123),(((((T54,(T26,T119)),T144),T148),T58),(T153,(T165,T78)))),((T52,T112),((T98,T55),T147)))))))))))),T104);
Final Tree: (((T84,T24),((((T5,(T19,T9)),T160),(T171,T161)),(((T113,(T199,T167)),(T41,T162)),(((((((((((T25,T12),T46),(T178,T1)),T186),T169),(((((((T117,T185),T135),T49),((((((T173,T198),T17),T47),T89),((T127,T51),(T88,T50))),(((T42,T82),T15),(T105,T66)))),((T63,T80),(T164,(((T115,T122),T44),T57)))),(T13,(T45,T92))),(T145,T126))),((((T2,T71),T155),T21),(T93,T157))),(((((T107,T97),(T141,T70)),(T4,T28)),T154),((T64,T68),(T110,T130)))),(((((T175,T191),T22),T143),((((((T76,T81),(T146,T196)),(T36,T111)),(T23,T168)),(T156,(T134,T6))),((T129,T158),T95))),(T75,T31))),((((((((((T189,T200),(T177,T136)),T187),T140),(((T182,T3),((T179,(T163,(T172,T73))),T39)),T62)),(((T96,(T114,T183)),((T8,(T14,T85)),T180)),T118)),(((T193,(T174,T121)),T29),T32)),(T48,(T138,T190))),((T65,T102),T91)),T40)),(((((((((((T106,T103),T170),T11),T128),(T152,T181)),T124),((T99,T116),((((T94,T90),T38),T137),T18))),((T72,T150),T83)),(T67,((((T61,T87),T192),T59),T53))),T188),(T0,((((((T30,T108),(T7,T132)),T184),(T10,(T120,T166))),((((T149,T79),T34),(T20,T56)),(T197,T109))),(((((T33,T101),T27),(T133,(T86,T131))),((T60,T37),T74)),((((T43,(T142,T16)),((T35,T77),(T195,(((T139,T176),T159),T100)))),(T151,T125)),((((T194,T69),T123),(((((T54,(T26,T119)),T144),T148),T58),(T153,(T165,T78)))),((T52,T112),((T98,T55),T147)))))))))))),T104);
Score: 3.584088156e+10

real	2m21.034s
user	55m54.808s
sys	0m22.367s
