
RAxML-NG v. 1.1.0-master released on 04.08.2022 by The Exelixis Lab.
Developed by: Alexey M. Kozlov and Alexandros Stamatakis.
Contributors: Diego Darriba, Tomas Flouri, Benoit Morel, Sarah Lutteropp, Ben Bettisworth.
Latest version: https://github.com/amkozlov/raxml-ng
Questions/problems/suggestions? Please visit: https://groups.google.com/forum/#!forum/raxml

System: AMD EPYC 7742 64-Core Processor, 128 cores, 251 GB RAM

RAxML-NG was called at 02-Jan-2023 11:07:41 as follows:

/home/chaos/programs/raxml-ng/raxml-ng/bin/raxml-ng --msa data/alignment/46_0.1X_S201_0_haploid --tree pars{1} --model GTR+G --threads 64

Analysis options:
  run mode: ML tree search
  start tree(s): parsimony (1)
  random seed: 1672686461
  tip-inner: OFF
  pattern compression: ON
  per-rate scalers: OFF
  site repeats: ON
  fast spr radius: AUTO
  spr subtree cutoff: 1.000000
  branch lengths: proportional (ML estimate, algorithm: NR-FAST)
  SIMD kernels: AVX2
  parallelization: coarse-grained (auto), PTHREADS (64 threads), thread pinning: OFF

[00:00:00] Reading alignment from file: data/alignment/46_0.1X_S201_0_haploid
[00:00:02] Loaded alignment with 201 taxa and 5000000 sites

Alignment comprises 1 partitions and 306888 patterns

Partition 0: noname
Model: GTR+FO+G4m
Alignment sites / patterns: 5000000 / 306888
Gaps: 0.00 %
Invariant sites: 65.93 %


NOTE: Binary MSA file created: data/alignment/46_0.1X_S201_0_haploid.raxml.rba

Parallelization scheme autoconfig: 1 worker(s) x 64 thread(s)

Parallel reduction/worker buffer size: 1 KB  / 0 KB

[00:00:20] Generating 1 parsimony starting tree(s) with 201 taxa
[00:00:24] Data distribution: max. partitions/sites/weight per thread: 1 / 4796 / 76736
[00:00:24] Data distribution: max. searches per worker: 1

Starting ML tree search with 1 distinct starting trees

[00:00:25 -53029865.768858] Initial branch length optimization
[00:00:27 -25752802.314448] Model parameter optimization (eps = 10.000000)
[00:00:32 -25261396.255587] AUTODETECT spr round 1 (radius: 5)
[00:00:44 -25261056.408006] AUTODETECT spr round 2 (radius: 10)
[00:01:13 -25261056.407787] SPR radius for FAST iterations: 5 (autodetect)
[00:01:13 -25261056.407787] Model parameter optimization (eps = 3.000000)
[00:01:14 -25261056.368386] FAST spr round 1 (radius: 5)
[00:01:26 -25261013.207448] FAST spr round 2 (radius: 5)
[00:01:39 -25260988.579687] FAST spr round 3 (radius: 5)
[00:01:53 -25260988.579687] Model parameter optimization (eps = 1.000000)
[00:01:53 -25260988.566517] SLOW spr round 1 (radius: 5)
[00:02:41 -25260988.566517] SLOW spr round 2 (radius: 10)
[00:03:22 -25260988.566517] SLOW spr round 3 (radius: 15)
[00:04:51 -25260988.566517] SLOW spr round 4 (radius: 20)
[00:06:07 -25260988.566517] SLOW spr round 5 (radius: 25)
[00:06:36 -25260988.566517] Model parameter optimization (eps = 0.100000)

[00:06:37] ML tree search #1, logLikelihood: -25260988.555481


Optimized model parameters:

   Partition 0: noname
   Rate heterogeneity: GAMMA (4 cats, mean),  alpha: 2.689372 (ML),  weights&rates: (0.250000,0.363706) (0.250000,0.712737) (0.250000,1.080484) (0.250000,1.843073) 
   Base frequencies (ML): 0.279961 0.233107 0.219349 0.267583 
   Substitution rates (ML): 1.657344 2.650638 0.651083 0.749310 3.735273 1.000000 


Final LogLikelihood: -25260988.555481

AIC score: 50522793.110963 / AICc score: 50522793.177717 / BIC score: 50528270.489939
Free parameters (model + branch lengths): 408

Best ML tree saved to: /expanse/lustre/projects/uot138/chaos/ASTERISK-sim/data/alignment/46_0.1X_S201_0_haploid.raxml.bestTree
Optimized model saved to: /expanse/lustre/projects/uot138/chaos/ASTERISK-sim/data/alignment/46_0.1X_S201_0_haploid.raxml.bestModel

Execution log saved to: /expanse/lustre/projects/uot138/chaos/ASTERISK-sim/data/alignment/46_0.1X_S201_0_haploid.raxml.log

Analysis started: 02-Jan-2023 11:07:41 / finished: 02-Jan-2023 11:14:18

Elapsed time: 397.023 seconds

Consumed energy: 50.193 Wh

