Weighted ASTRAL - Hybrid
Version: v1.13.2.3
#Genetrees: 2000
#Species: 201
#Rounds: 4
#Samples: 4
#Threads: 32
Use two-step algorithm!
Guide Tree 0/27
#NNI moves:1/236
Guide Tree 1/27
#NNI moves:0/236
Guide Tree 2/27
#NNI moves:0/236
Guide Tree 3/27
#NNI moves:0/236
Guide Tree 4/27
#NNI moves:1/236
Guide Tree 5/27
#NNI moves:1/236
Guide Tree 6/27
#NNI moves:0/236
Guide Tree 7/27
#NNI moves:0/236
Guide Tree 8/27
#NNI moves:0/236
Guide Tree 9/27
#NNI moves:0/236
Guide Tree 10/27
#NNI moves:0/236
Guide Tree 11/27
#NNI moves:3/236
Guide Tree 12/27
#NNI moves:3/236
Guide Tree 13/27
#NNI moves:1/236
Guide Tree 14/27
#NNI moves:1/236
Guide Tree 15/27
#NNI moves:1/236
Guide Tree 16/27
#NNI moves:0/236
Guide Tree 17/27
#NNI moves:0/236
Guide Tree 18/27
#NNI moves:2/236
Guide Tree 19/27
#NNI moves:0/236
Guide Tree 20/27
#NNI moves:1/236
Guide Tree 21/27
#NNI moves:0/236
Guide Tree 22/27
#NNI moves:0/236
Guide Tree 23/27
#NNI moves:0/236
Guide Tree 24/27
#NNI moves:1/236
Guide Tree 25/27
#NNI moves:1/236
Guide Tree 26/27
#NNI moves:0/236
Remaining: 0
#NNI moves:1/236
#NNI moves:1/236
((((((((((((((((T75,T112),T177),(((T7,((((T189,T139),T175),T165),T13)),(T122,T168)),(T107,T40))),((((T134,T28),T187),(T37,T49)),T44)),(((((T35,T5),T193),((T143,T87),T157)),(((((T34,T30),(T156,T71)),T90),((((T25,T163),T141),(T118,T100)),(((T192,T3),((T132,T23),T81)),T80))),(((T48,T4),T127),((T18,T47),T102)))),(T76,((T33,T185),((T64,T160),T199))))),(((T158,T186),(T106,((T83,T140),T62))),((T164,T181),T21))),(T10,T147)),(((((T155,T31),T101),(T196,(T121,T184))),T82),(((T135,T197),((T8,T137),T125)),((((T56,T191),T120),(T41,T138)),(((T65,T11),(T179,T17)),(T111,T117)))))),(((((((((T154,T159),T60),T9),(((((T57,T74),(T183,T67)),(T128,T195)),T12),(T178,T79))),(T200,(T173,T42))),T94),(((T85,(T97,T162)),((T77,T133),T69)),((T124,T66),(T95,T26)))),(((((((T103,T16),((T93,((((T72,(T146,T84)),T170),(T86,T98)),(T169,T194))),((T113,T6),T58))),(T73,((T50,T61),T46))),T20),((((T51,(T116,T131)),T91),(T14,(T114,T149))),T174)),T123),(((((T55,T38),(T166,(T53,T172))),(T188,T119)),(((T63,T176),(T167,T145)),(T70,T110))),((T148,T115),T43)))),((((T161,T126),((T24,(T54,T142)),T36)),T144),((((T109,T52),T22),T29),T190)))),T0),((((((T32,T136),((T182,T130),T1)),((T27,T88),T15)),(T104,T19)),(((((T39,T198),T96),T105),T171),(((T151,T2),T59),T129))),((T68,T45),T180))),(T152,T108)),((T89,T78),T150)),T92),T153),T99);
Guide Tree 0/27
#NNI moves:2/236
Guide Tree 1/27
#NNI moves:4/236
Guide Tree 2/27
#NNI moves:0/236
Guide Tree 3/27
#NNI moves:0/236
Guide Tree 4/27
#NNI moves:1/236
Guide Tree 5/27
#NNI moves:3/236
Guide Tree 6/27
#NNI moves:2/236
Guide Tree 7/27
#NNI moves:1/236
Guide Tree 8/27
#NNI moves:1/236
Guide Tree 9/27
#NNI moves:4/236
Guide Tree 10/27
#NNI moves:0/236
Guide Tree 11/27
#NNI moves:0/236
Guide Tree 12/27
#NNI moves:1/236
Guide Tree 13/27
#NNI moves:1/236
Guide Tree 14/27
#NNI moves:0/236
Guide Tree 15/27
#NNI moves:0/236
Guide Tree 16/27
#NNI moves:3/236
Guide Tree 17/27
#NNI moves:0/236
Guide Tree 18/27
#NNI moves:3/236
Guide Tree 19/27
#NNI moves:6/236
Guide Tree 20/27
#NNI moves:0/236
Guide Tree 21/27
#NNI moves:2/236
Guide Tree 22/27
#NNI moves:0/236
Guide Tree 23/27
#NNI moves:1/236
Guide Tree 24/27
#NNI moves:1/236
Guide Tree 25/27
#NNI moves:1/236
Guide Tree 26/27
#NNI moves:1/236
Remaining: 0
#NNI moves:7/236
#NNI moves:7/236
(((((((((((((((((((((T132,T23),T81),(T3,T192)),T80),(((T25,T163),T141),(T118,T100))),(((T34,T30),(T71,T156)),T90)),((T102,(T47,T18)),(T127,(T48,T4)))),((T157,(T87,T143)),((T35,T5),T193))),(((T185,T33),((T160,T64),T199)),T76)),((((T75,T112),T177),((T40,T107),((T7,((T165,(T175,(T189,T139))),T13)),(T168,T122)))),((((T134,T28),T187),(T49,T37)),T44))),(((T164,T181),T21),((T158,T186),((T62,(T140,T83)),T106)))),(T147,T10)),((((T197,T135),(T125,(T137,T8))),((((T56,T191),T120),(T41,T138)),((T111,T117),((T17,T179),(T65,T11))))),((((T184,T121),T196),(T101,(T155,T31))),T82))),((((((((((T93,(((((T146,T84),T72),T170),(T86,T98)),(T194,T169))),((T113,T6),T58)),(T16,T103)),(((T50,T61),T46),T73)),T20),((((T114,T149),T14),((T51,(T116,T131)),T91)),T174)),T123),((((T188,T119),((T38,T55),(T166,(T53,T172)))),(((T145,T167),(T63,T176)),(T70,T110))),((T148,T115),T43))),(((((T173,T42),T200),((((((T74,T57),(T183,T67)),(T195,T128)),T12),(T79,T178)),(((T154,T159),T60),T9))),T94),((((T77,T133),T69),((T162,T97),T85)),((T66,T124),(T26,T95))))),(((((T109,T52),T22),T29),T190),(((T161,T126),(T36,((T54,T142),T24))),T144)))),T0),((((((T1,(T182,T130)),(T136,T32)),((T27,T88),T15)),(T104,T19)),(((((T39,T198),T96),T105),T171),((T59,(T2,T151)),T129))),((T45,T68),T180))),(T152,T108)),(T150,(T89,T78))),T92),T153),T99);
Guide Tree 0/27
#NNI moves:0/236
Guide Tree 1/27
#NNI moves:0/236
Guide Tree 2/27
#NNI moves:0/236
Guide Tree 3/27
#NNI moves:1/236
Guide Tree 4/27
#NNI moves:0/236
Guide Tree 5/27
#NNI moves:0/236
Guide Tree 6/27
#NNI moves:0/236
Guide Tree 7/27
#NNI moves:3/236
Guide Tree 8/27
#NNI moves:1/236
Guide Tree 9/27
#NNI moves:3/236
Guide Tree 10/27
#NNI moves:0/236
Guide Tree 11/27
#NNI moves:0/236
Guide Tree 12/27
#NNI moves:0/236
Guide Tree 13/27
#NNI moves:1/236
Guide Tree 14/27
#NNI moves:0/236
Guide Tree 15/27
#NNI moves:1/236
Guide Tree 16/27
#NNI moves:0/236
Guide Tree 17/27
#NNI moves:1/236
Guide Tree 18/27
#NNI moves:0/236
Guide Tree 19/27
#NNI moves:1/236
Guide Tree 20/27
#NNI moves:3/236
Guide Tree 21/27
#NNI moves:1/236
Guide Tree 22/27
#NNI moves:3/236
Guide Tree 23/27
#NNI moves:0/236
Guide Tree 24/27
#NNI moves:3/236
Guide Tree 25/27
#NNI moves:0/236
Guide Tree 26/27
#NNI moves:0/236
Remaining: 0
#NNI moves:0/236
#NNI moves:0/236
((((((((((((((((T63,T176),(T167,T145)),(T110,T70)),(((T55,T38),((T172,T53),T166)),(T188,T119))),(T43,(T148,T115))),((((((((((((T146,T84),T72),T170),(T98,T86)),(T169,T194)),T93),((T6,T113),T58)),(T16,T103)),((T46,(T50,T61)),T73)),T20),(((T14,(T114,T149)),((T51,(T116,T131)),T91)),T174)),T123)),((((((T60,(T154,T159)),T9),((T79,T178),(((T195,T128),((T57,T74),(T67,T183))),T12))),((T42,T173),T200)),T94),((((T77,T133),T69),((T97,T162),T85)),((T66,T124),(T26,T95))))),((((T126,T161),(T36,(T24,(T54,T142)))),T144),(T190,(((T109,T52),T22),T29)))),(((((((((((T34,T30),(T156,T71)),T90),((T80,((T3,T192),((T23,T132),T81))),((T118,T100),((T25,T163),T141)))),((T102,(T18,T47)),((T4,T48),T127))),((T193,(T35,T5)),((T87,T143),T157))),(T76,((T199,(T64,T160)),(T33,T185)))),((((T49,T37),((T28,T134),T187)),T44),((((((((T139,T189),T175),T165),T13),T7),(T168,T122)),(T40,T107)),((T112,T75),T177)))),(((T181,T164),T21),((T158,T186),(T106,(T62,(T83,T140)))))),(T147,T10)),((((((T191,T56),T120),(T138,T41)),((T111,T117),((T65,T11),(T179,T17)))),((T125,(T8,T137)),(T197,T135))),((((T31,T155),T101),((T121,T184),T196)),T82)))),T0),((((((T88,T27),T15),((T32,T136),(T1,(T130,T182)))),(T19,T104)),((T171,(((T39,T198),T96),T105)),((T59,(T2,T151)),T129))),((T68,T45),T180))),(T108,T152)),((T89,T78),T150)),T92),T153),T99);
Guide Tree 0/27
#NNI moves:1/236
Guide Tree 1/27
#NNI moves:1/236
Guide Tree 2/27
#NNI moves:0/236
Guide Tree 3/27
#NNI moves:0/236
Guide Tree 4/27
#NNI moves:2/236
Guide Tree 5/27
#NNI moves:3/236
Guide Tree 6/27
#NNI moves:0/236
Guide Tree 7/27
#NNI moves:0/236
Guide Tree 8/27
#NNI moves:3/236
Guide Tree 9/27
#NNI moves:0/236
Guide Tree 10/27
#NNI moves:1/236
Guide Tree 11/27
#NNI moves:1/236
Guide Tree 12/27
#NNI moves:0/236
Guide Tree 13/27
#NNI moves:0/236
Guide Tree 14/27
#NNI moves:0/236
Guide Tree 15/27
#NNI moves:0/236
Guide Tree 16/27
#NNI moves:1/236
Guide Tree 17/27
#NNI moves:2/236
Guide Tree 18/27
#NNI moves:0/236
Guide Tree 19/27
#NNI moves:0/236
Guide Tree 20/27
#NNI moves:0/236
Guide Tree 21/27
#NNI moves:4/236
Guide Tree 22/27
#NNI moves:0/236
Guide Tree 23/27
#NNI moves:0/236
Guide Tree 24/27
#NNI moves:0/236
Guide Tree 25/27
#NNI moves:4/236
Guide Tree 26/27
#NNI moves:4/236
Remaining: 0
#NNI moves:8/236
#NNI moves:8/236
((((((((((((((((((T128,T195),((T74,T57),(T67,T183))),T12),(T79,T178)),(((T154,T159),T60),T9)),(T200,(T173,T42))),T94),(((T26,T95),(T124,T66)),(((T133,T77),T69),(T85,(T162,T97))))),(((((((((T113,T6),T58),(T93,(((T98,T86),((T72,(T146,T84)),T170)),(T194,T169)))),(T16,T103)),(((T50,T61),T46),T73)),T20),((((T114,T149),T14),(T91,((T131,T116),T51))),T174)),T123),((((T110,T70),((T176,T63),(T167,T145))),(((T55,T38),((T172,T53),T166)),(T119,T188))),((T115,T148),T43)))),((((T36,((T142,T54),T24)),(T126,T161)),T144),(T190,((T22,(T109,T52)),T29)))),(((((((((((((T189,T139),T175),T165),T13),T7),(T168,T122)),(T107,T40)),(T177,(T112,T75))),(((T37,T49),((T134,T28),T187)),T44)),((((T199,(T160,T64)),(T185,T33)),T76),(((((((T81,(T23,T132)),(T3,T192)),T80),((T100,T118),(T141,(T25,T163)))),(((T71,T156),(T30,T34)),T90)),((T102,(T18,T47)),((T4,T48),T127))),((T157,(T87,T143)),(T193,(T5,T35)))))),(((((T83,T140),T62),T106),(T186,T158)),((T164,T181),T21))),(T10,T147)),((((((T179,T17),(T11,T65)),(T117,T111)),((T138,T41),((T56,T191),T120))),(((T8,T137),T125),(T135,T197))),(T82,((T101,(T31,T155)),(T196,(T184,T121))))))),T0),((((((T2,T151),T59),T129),((((T39,T198),T96),T105),T171)),(((((T130,T182),T1),(T136,T32)),(T15,(T27,T88))),(T19,T104))),(T180,(T68,T45)))),(T108,T152)),((T89,T78),T150)),T92),T153),T99);
Initial score: 2.46034e+10
Initial tree: ((((((((((((((((((T128,T195),((T74,T57),(T67,T183))),T12),(T79,T178)),(((T154,T159),T60),T9)),(T200,(T173,T42))),T94),(((T26,T95),(T124,T66)),(((T133,T77),T69),(T85,(T162,T97))))),(((((((((T113,T6),T58),(T93,(((T98,T86),((T72,(T146,T84)),T170)),(T194,T169)))),(T16,T103)),(((T50,T61),T46),T73)),T20),((((T114,T149),T14),(T91,((T131,T116),T51))),T174)),T123),((((T110,T70),((T176,T63),(T167,T145))),(((T55,T38),((T172,T53),T166)),(T119,T188))),((T115,T148),T43)))),((((T36,((T142,T54),T24)),(T126,T161)),T144),(T190,((T22,(T109,T52)),T29)))),(((((((((((((T189,T139),T175),T165),T13),T7),(T168,T122)),(T107,T40)),(T177,(T112,T75))),(((T37,T49),((T134,T28),T187)),T44)),((((T199,(T160,T64)),(T185,T33)),T76),(((((((T81,(T23,T132)),(T3,T192)),T80),((T100,T118),(T141,(T25,T163)))),(((T71,T156),(T30,T34)),T90)),((T102,(T18,T47)),((T4,T48),T127))),((T157,(T87,T143)),(T193,(T5,T35)))))),(((((T83,T140),T62),T106),(T186,T158)),((T164,T181),T21))),(T10,T147)),((((((T179,T17),(T11,T65)),(T117,T111)),((T138,T41),((T56,T191),T120))),(((T8,T137),T125),(T135,T197))),(T82,((T101,(T31,T155)),(T196,(T184,T121))))))),T0),((((((T2,T151),T59),T129),((((T39,T198),T96),T105),T171)),(((((T130,T182),T1),(T136,T32)),(T15,(T27,T88))),(T19,T104))),(T180,(T68,T45)))),(T108,T152)),((T89,T78),T150)),T92),T153),T99);
*** Subsample Process ***
Use two-step algorithm!
#NNI moves:3/236
Remaining: 0
#NNI moves:5/236
#NNI moves:5/236
((((((((((((((((((((((T80,((T81,(T132,T23)),(T3,T192))),((T141,(T25,T163)),(T100,T118))),(((T34,T30),(T71,T156)),T90)),((T127,(T48,T4)),((T18,T47),T102))),((T157,(T87,T143)),(T193,(T5,T35)))),(((T33,T185),((T160,T64),T199)),T76)),(((((T168,T122),(((T165,((T189,T139),T175)),T13),T7)),(T107,T40)),((T112,T75),T177)),(T44,(((T28,T134),T187),(T37,T49))))),(((T164,T181),T21),((T106,((T140,T83),T62)),(T158,T186)))),(T147,T10)),((((T135,T197),((T8,T137),T125)),((((T17,T179),(T65,T11)),(T111,T117)),(((T56,T191),T120),(T41,T138)))),((((T155,T31),T101),((T121,T184),T196)),T82))),((((((((T32,T136),((T130,T182),T1)),((T88,T27),T15)),(T104,T19)),((T129,((T151,T2),T59)),(T171,(T105,(T96,(T198,T39)))))),((T45,T68),T180)),((((T153,T99),T92),(T150,(T78,T89))),(T108,T152))),T0)),(((((T109,T52),T22),T29),T190),(((((T54,T142),T24),T36),(T161,T126)),T144))),(((((((((((T170,((T146,T84),T72)),(T98,T86)),(T194,T169)),T93),((T113,T6),T58)),(T16,T103)),(((T50,T61),T46),T73)),T20),(((T91,((T116,T131),T51)),((T114,T149),T14)),T174)),T123),(((((T167,T145),(T176,T63)),(T70,T110)),((T119,T188),((T38,T55),((T53,T172),T166)))),(T43,(T115,T148))))),(((T26,T95),(T124,T66)),(((T77,T133),T69),(T85,(T162,T97))))),T94),(T200,(T173,T42))),(((T154,T159),T60),T9)),(T79,T178)),T12),((T57,T74),(T183,T67))),T195),T128);
#NNI moves:0/236
Remaining: 0
#NNI moves:3/236
#NNI moves:3/236
((((((((((((((((((T131,T116),T51),T91),((T114,T149),T14)),T174),((((T103,T16),((T93,((T194,T169),((((T146,T84),T72),T170),(T98,T86)))),((T113,T6),T58))),(T73,((T50,T61),T46))),T20)),T123),(((((T167,T145),(T63,T176)),(T70,T110)),((((T172,T53),T166),(T38,T55)),(T119,T188))),((T148,T115),T43))),((((T95,T26),(T124,T66)),(((T162,T97),T85),((T133,T77),T69))),((((((((T183,T67),(T57,T74)),(T195,T128)),T12),(T178,T79)),(T9,(T60,(T154,T159)))),((T42,T173),T200)),T94))),((T190,(((T109,T52),T22),T29)),(((T126,T161),(((T142,T54),T24),T36)),T144))),((((((((((((T192,T3),((T23,T132),T81)),T80),(((T25,T163),T141),(T118,T100))),(((T34,T30),(T156,T71)),T90)),((T127,(T4,T48)),(T102,(T47,T18)))),(((T143,T87),T157),((T35,T5),T193))),((((T160,T64),T199),(T185,T33)),T76)),(((((T168,T122),(((((T139,T189),T175),T165),T13),T7)),(T40,T107)),((T112,T75),T177)),(((T49,T37),((T28,T134),T187)),T44))),(((((T140,T83),T62),T106),(T186,T158)),(T21,(T164,T181)))),(T10,T147)),(((((T111,T117),((T17,T179),(T11,T65))),((T41,T138),((T56,T191),T120))),(((T137,T8),T125),(T197,T135))),(((T196,(T184,T121)),((T155,T31),T101)),T82)))),T0),(((((T15,(T88,T27)),(((T182,T130),T1),(T136,T32))),(T19,T104)),((((T2,T151),T59),T129),((T105,((T39,T198),T96)),T171))),((T68,T45),T180))),(T108,T152)),(T150,(T78,T89))),T92),T99),T153);
#NNI moves:0/236
Remaining: 0
#NNI moves:3/236
#NNI moves:3/236
(((((((((((((((((((((((((T132,T23),T81),(T3,T192)),T80),((T118,T100),((T25,T163),T141))),(((T71,T156),(T30,T34)),T90)),(((T18,T47),T102),((T4,T48),T127))),((T157,(T87,T143)),((T35,T5),T193))),((((T64,T160),T199),(T33,T185)),T76)),((((T112,T75),T177),(((((T165,((T139,T189),T175)),T13),T7),(T168,T122)),(T40,T107))),((((T28,T134),T187),(T49,T37)),T44))),(((T164,T181),T21),((T186,T158),(((T83,T140),T62),T106)))),(T10,T147)),((((T135,T197),(T125,(T137,T8))),((((T56,T191),T120),(T41,T138)),(((T65,T11),(T17,T179)),(T117,T111)))),(T82,(((T155,T31),T101),((T121,T184),T196))))),(((((((((T39,T198),T96),T105),T171),((T59,(T151,T2)),T129)),(((((T182,T130),T1),(T32,T136)),(T15,(T27,T88))),(T19,T104))),((T68,T45),T180)),((((T89,T78),T150),(T92,(T99,T153))),(T152,T108))),T0)),((((T161,T126),(T36,((T54,T142),T24))),T144),((((T52,T109),T22),T29),T190))),((((((T178,T79),((((T183,T67),(T57,T74)),(T195,T128)),T12)),((T60,(T159,T154)),T9)),((T173,T42),T200)),T94),(((T95,T26),(T66,T124)),(((T77,T133),T69),((T162,T97),T85))))),((T43,(T115,T148)),((((T176,T63),(T167,T145)),(T70,T110)),(((T55,T38),(T166,(T53,T172))),(T119,T188))))),T123),(((((T93,(((T98,T86),(((T84,T146),T72),T170)),(T169,T194))),(T58,(T113,T6))),(T103,T16)),(((T61,T50),T46),T73)),T20)),T174),(T14,(T149,T114))),T91),T51),T116),T131);
#NNI moves:0/236
Remaining: 0
#NNI moves:11/236
#NNI moves:11/236
((((((((((((((((((((T81,(T132,T23)),(T192,T3)),T80),(((T163,T25),T141),(T118,T100))),(((T156,T71),(T34,T30)),T90)),(((T18,T47),T102),((T48,T4),T127))),(((T5,T35),T193),(T157,(T87,T143)))),(((T199,(T64,T160)),(T185,T33)),T76)),(((((T28,T134),T187),(T37,T49)),T44),((((T7,((((T139,T189),T175),T165),T13)),(T168,T122)),(T40,T107)),(T177,(T112,T75))))),(((((T140,T83),T62),T106),(T186,T158)),((T181,T164),T21))),(T147,T10)),((((((T17,T179),(T11,T65)),(T111,T117)),(((T56,T191),T120),(T41,T138))),(((T8,T137),T125),(T197,T135))),((((T155,T31),T101),((T184,T121),T196)),T82))),((((((((T176,T63),(T167,T145)),(T110,T70)),((((T53,T172),T166),(T55,T38)),(T188,T119))),(T43,(T115,T148))),((((((((((T170,((T84,T146),T72)),(T86,T98)),(T169,T194)),T93),(T58,(T113,T6))),(T103,T16)),(((T61,T50),T46),T73)),T20),((((T51,(T131,T116)),T91),((T114,T149),T14)),T174)),T123)),(((((((((T57,T74),(T67,T183)),(T195,T128)),T12),(T79,T178)),((T60,(T159,T154)),T9)),((T42,T173),T200)),T94),(((T66,T124),(T95,T26)),(((T77,T133),T69),((T97,T162),T85))))),((((((T54,T142),T24),T36),(T126,T161)),T144),(T190,(((T52,T109),T22),T29))))),T0),(((((T59,(T151,T2)),T129),((((T198,T39),T96),T105),T171)),((((T1,(T130,T182)),(T32,T136)),(T15,(T88,T27))),(T104,T19))),((T45,T68),T180))),(T152,T108)),(T150,(T78,T89))),T92),T99),T153);
Current score: 2.46034e+10
Current tree: ((((((((((((((((((((T81,(T132,T23)),(T192,T3)),T80),(((T163,T25),T141),(T118,T100))),(((T156,T71),(T34,T30)),T90)),(((T18,T47),T102),((T48,T4),T127))),(((T5,T35),T193),(T157,(T87,T143)))),(((T199,(T64,T160)),(T185,T33)),T76)),(((((T28,T134),T187),(T37,T49)),T44),((((T7,((((T139,T189),T175),T165),T13)),(T168,T122)),(T40,T107)),(T177,(T112,T75))))),(((((T140,T83),T62),T106),(T186,T158)),((T181,T164),T21))),(T147,T10)),((((((T17,T179),(T11,T65)),(T111,T117)),(((T56,T191),T120),(T41,T138))),(((T8,T137),T125),(T197,T135))),((((T155,T31),T101),((T184,T121),T196)),T82))),((((((((T176,T63),(T167,T145)),(T110,T70)),((((T53,T172),T166),(T55,T38)),(T188,T119))),(T43,(T115,T148))),((((((((((T170,((T84,T146),T72)),(T86,T98)),(T169,T194)),T93),(T58,(T113,T6))),(T103,T16)),(((T61,T50),T46),T73)),T20),((((T51,(T131,T116)),T91),((T114,T149),T14)),T174)),T123)),(((((((((T57,T74),(T67,T183)),(T195,T128)),T12),(T79,T178)),((T60,(T159,T154)),T9)),((T42,T173),T200)),T94),(((T66,T124),(T95,T26)),(((T77,T133),T69),((T97,T162),T85))))),((((((T54,T142),T24),T36),(T126,T161)),T144),(T190,(((T52,T109),T22),T29))))),T0),(((((T59,(T151,T2)),T129),((((T198,T39),T96),T105),T171)),((((T1,(T130,T182)),(T32,T136)),(T15,(T88,T27))),(T104,T19))),((T45,T68),T180))),(T152,T108)),(T150,(T78,T89))),T92),T153),T99);
Final Tree: ((((((((((((((((((((T81,(T132,T23)),(T192,T3)),T80),(((T163,T25),T141),(T118,T100))),(((T156,T71),(T34,T30)),T90)),(((T18,T47),T102),((T48,T4),T127))),(((T5,T35),T193),(T157,(T87,T143)))),(((T199,(T64,T160)),(T185,T33)),T76)),(((((T28,T134),T187),(T37,T49)),T44),((((T7,((((T139,T189),T175),T165),T13)),(T168,T122)),(T40,T107)),(T177,(T112,T75))))),(((((T140,T83),T62),T106),(T186,T158)),((T181,T164),T21))),(T147,T10)),((((((T17,T179),(T11,T65)),(T111,T117)),(((T56,T191),T120),(T41,T138))),(((T8,T137),T125),(T197,T135))),((((T155,T31),T101),((T184,T121),T196)),T82))),((((((((T176,T63),(T167,T145)),(T110,T70)),((((T53,T172),T166),(T55,T38)),(T188,T119))),(T43,(T115,T148))),((((((((((T170,((T84,T146),T72)),(T86,T98)),(T169,T194)),T93),(T58,(T113,T6))),(T103,T16)),(((T61,T50),T46),T73)),T20),((((T51,(T131,T116)),T91),((T114,T149),T14)),T174)),T123)),(((((((((T57,T74),(T67,T183)),(T195,T128)),T12),(T79,T178)),((T60,(T159,T154)),T9)),((T42,T173),T200)),T94),(((T66,T124),(T95,T26)),(((T77,T133),T69),((T97,T162),T85))))),((((((T54,T142),T24),T36),(T126,T161)),T144),(T190,(((T52,T109),T22),T29))))),T0),(((((T59,(T151,T2)),T129),((((T198,T39),T96),T105),T171)),((((T1,(T130,T182)),(T32,T136)),(T15,(T88,T27))),(T104,T19))),((T45,T68),T180))),(T152,T108)),(T150,(T78,T89))),T92),T153),T99);
Score: 2.460344271e+10

real	2m17.578s
user	41m6.516s
sys	0m24.525s
