Accurate Species Tree EstimatoR from Independent Site Kernals
Version: v1.13.0.0
#Base: 786515412
#Species: 201
#Rounds: 1
#Samples: 0
#Threads: 64
Use two-step algorithm!
Guide Tree 0/27
#NNI moves:1/236
Guide Tree 1/27
#NNI moves:1/236
Guide Tree 2/27
#NNI moves:0/236
Guide Tree 3/27
#NNI moves:3/236
Guide Tree 4/27
#NNI moves:1/236
Guide Tree 5/27
#NNI moves:1/236
Guide Tree 6/27
#NNI moves:3/236
Guide Tree 7/27
#NNI moves:2/236
Guide Tree 8/27
#NNI moves:1/236
Guide Tree 9/27
#NNI moves:0/236
Guide Tree 10/27
#NNI moves:3/236
Guide Tree 11/27
#NNI moves:0/236
Guide Tree 12/27
#NNI moves:0/236
Guide Tree 13/27
#NNI moves:0/236
Guide Tree 14/27
#NNI moves:1/236
Guide Tree 15/27
#NNI moves:3/236
Guide Tree 16/27
#NNI moves:0/236
Guide Tree 17/27
#NNI moves:3/236
Guide Tree 18/27
#NNI moves:0/236
Guide Tree 19/27
#NNI moves:1/236
Guide Tree 20/27
#NNI moves:0/236
Guide Tree 21/27
#NNI moves:3/236
Guide Tree 22/27
#NNI moves:0/236
Guide Tree 23/27
#NNI moves:3/236
Guide Tree 24/27
#NNI moves:1/236
Guide Tree 25/27
#NNI moves:3/236
Guide Tree 26/27
#NNI moves:1/236
Remaining: 0
#NNI moves:6/236
#NNI moves:6/236
(((((((((((((((((T16,T103),(((T113,T6),T58),(((T194,T169),((T98,T86),(((T146,T84),T170),T72))),T93))),(((T61,T50),T46),T73)),T20),(((((T131,T116),T51),T91),((T149,T114),T14)),T174)),T123),((T43,(T115,T148)),(((((T172,T53),T166),(T38,T55)),(T188,T119)),((T110,T70),((T167,T145),(T63,T176)))))),((((((((T195,T128),((T183,T67),(T57,T74))),T12),(T79,T178)),(((T154,T159),T60),T9)),((T42,T173),T200)),T94),((((T133,T77),T69),((T97,T162),T85)),((T26,T95),(T66,T124))))),((T144,((T126,T161),((T24,(T54,T142)),T36))),((((T109,T52),T22),T29),T190))),(((((((((((T100,T118),(T141,(T25,T163))),(((T192,T3),(T81,(T132,T23))),T80)),(((T34,T30),(T71,T156)),T90)),(((T48,T4),T127),(T102,(T18,T47)))),(((T87,T143),T157),(T193,(T35,T5)))),((((T160,T64),T199),(T185,T33)),T76)),((T44,(((T134,T28),T187),(T49,T37))),((T177,(T75,T112)),(((((((T139,T189),T175),T165),T13),T7),(T122,T168)),(T107,T40))))),(((T181,T164),T21),(((T62,(T83,T140)),T106),(T158,T186)))),(T147,T10)),((((((T179,T17),(T11,T65)),(T117,T111)),((T41,T138),((T191,T56),T120))),(((T8,T137),(T135,T197)),T125)),(((T101,(T155,T31)),(T196,(T121,T184))),T82)))),((((((T1,(T130,T182)),(T32,T136)),((T27,T88),T15)),(T19,T104)),(T180,(T45,T68))),(((((T96,(T39,T198)),T105),T171),T129),((T2,T151),T59)))),T0),(T152,T108)),(T150,(T89,T78))),T92),T153),T99);
Initial score: 2.41672e+14
Initial tree: (((((((((((((((((T16,T103),(((T113,T6),T58),(((T194,T169),((T98,T86),(((T146,T84),T170),T72))),T93))),(((T61,T50),T46),T73)),T20),(((((T131,T116),T51),T91),((T149,T114),T14)),T174)),T123),((T43,(T115,T148)),(((((T172,T53),T166),(T38,T55)),(T188,T119)),((T110,T70),((T167,T145),(T63,T176)))))),((((((((T195,T128),((T183,T67),(T57,T74))),T12),(T79,T178)),(((T154,T159),T60),T9)),((T42,T173),T200)),T94),((((T133,T77),T69),((T97,T162),T85)),((T26,T95),(T66,T124))))),((T144,((T126,T161),((T24,(T54,T142)),T36))),((((T109,T52),T22),T29),T190))),(((((((((((T100,T118),(T141,(T25,T163))),(((T192,T3),(T81,(T132,T23))),T80)),(((T34,T30),(T71,T156)),T90)),(((T48,T4),T127),(T102,(T18,T47)))),(((T87,T143),T157),(T193,(T35,T5)))),((((T160,T64),T199),(T185,T33)),T76)),((T44,(((T134,T28),T187),(T49,T37))),((T177,(T75,T112)),(((((((T139,T189),T175),T165),T13),T7),(T122,T168)),(T107,T40))))),(((T181,T164),T21),(((T62,(T83,T140)),T106),(T158,T186)))),(T147,T10)),((((((T179,T17),(T11,T65)),(T117,T111)),((T41,T138),((T191,T56),T120))),(((T8,T137),(T135,T197)),T125)),(((T101,(T155,T31)),(T196,(T121,T184))),T82)))),((((((T1,(T130,T182)),(T32,T136)),((T27,T88),T15)),(T19,T104)),(T180,(T45,T68))),(((((T96,(T39,T198)),T105),T171),T129),((T2,T151),T59)))),T0),(T152,T108)),(T150,(T89,T78))),T92),T153),T99);
*** Subsample Process ***
Current score: 2.41672e+14
Current tree: (((((((((((((((((T16,T103),(((T113,T6),T58),(((T194,T169),((T98,T86),(((T146,T84),T170),T72))),T93))),(((T61,T50),T46),T73)),T20),(((((T131,T116),T51),T91),((T149,T114),T14)),T174)),T123),((T43,(T115,T148)),(((((T172,T53),T166),(T38,T55)),(T188,T119)),((T110,T70),((T167,T145),(T63,T176)))))),((((((((T195,T128),((T183,T67),(T57,T74))),T12),(T79,T178)),(((T154,T159),T60),T9)),((T42,T173),T200)),T94),((((T133,T77),T69),((T97,T162),T85)),((T26,T95),(T66,T124))))),((T144,((T126,T161),((T24,(T54,T142)),T36))),((((T109,T52),T22),T29),T190))),(((((((((((T100,T118),(T141,(T25,T163))),(((T192,T3),(T81,(T132,T23))),T80)),(((T34,T30),(T71,T156)),T90)),(((T48,T4),T127),(T102,(T18,T47)))),(((T87,T143),T157),(T193,(T35,T5)))),((((T160,T64),T199),(T185,T33)),T76)),((T44,(((T134,T28),T187),(T49,T37))),((T177,(T75,T112)),(((((((T139,T189),T175),T165),T13),T7),(T122,T168)),(T107,T40))))),(((T181,T164),T21),(((T62,(T83,T140)),T106),(T158,T186)))),(T147,T10)),((((((T179,T17),(T11,T65)),(T117,T111)),((T41,T138),((T191,T56),T120))),(((T8,T137),(T135,T197)),T125)),(((T101,(T155,T31)),(T196,(T121,T184))),T82)))),((((((T1,(T130,T182)),(T32,T136)),((T27,T88),T15)),(T19,T104)),(T180,(T45,T68))),(((((T96,(T39,T198)),T105),T171),T129),((T2,T151),T59)))),T0),(T152,T108)),(T150,(T89,T78))),T92),T153),T99);
Final Tree: (((((((((((((((((T16,T103),(((T113,T6),T58),(((T194,T169),((T98,T86),(((T146,T84),T170),T72))),T93))),(((T61,T50),T46),T73)),T20),(((((T131,T116),T51),T91),((T149,T114),T14)),T174)),T123),((T43,(T115,T148)),(((((T172,T53),T166),(T38,T55)),(T188,T119)),((T110,T70),((T167,T145),(T63,T176)))))),((((((((T195,T128),((T183,T67),(T57,T74))),T12),(T79,T178)),(((T154,T159),T60),T9)),((T42,T173),T200)),T94),((((T133,T77),T69),((T97,T162),T85)),((T26,T95),(T66,T124))))),((T144,((T126,T161),((T24,(T54,T142)),T36))),((((T109,T52),T22),T29),T190))),(((((((((((T100,T118),(T141,(T25,T163))),(((T192,T3),(T81,(T132,T23))),T80)),(((T34,T30),(T71,T156)),T90)),(((T48,T4),T127),(T102,(T18,T47)))),(((T87,T143),T157),(T193,(T35,T5)))),((((T160,T64),T199),(T185,T33)),T76)),((T44,(((T134,T28),T187),(T49,T37))),((T177,(T75,T112)),(((((((T139,T189),T175),T165),T13),T7),(T122,T168)),(T107,T40))))),(((T181,T164),T21),(((T62,(T83,T140)),T106),(T158,T186)))),(T147,T10)),((((((T179,T17),(T11,T65)),(T117,T111)),((T41,T138),((T191,T56),T120))),(((T8,T137),(T135,T197)),T125)),(((T101,(T155,T31)),(T196,(T121,T184))),T82)))),((((((T1,(T130,T182)),(T32,T136)),((T27,T88),T15)),(T19,T104)),(T180,(T45,T68))),(((((T96,(T39,T198)),T105),T171),T129),((T2,T151),T59)))),T0),(T152,T108)),(T150,(T89,T78))),T92),T153),T99);
Score: 2.41672e+14

real	5m43.281s
user	276m47.378s
sys	0m13.399s
