Weighted ASTRAL - Hybrid
Version: v1.13.2.3
#Genetrees: 2000
#Species: 201
#Rounds: 4
#Samples: 4
#Threads: 32
Use two-step algorithm!
Guide Tree 0/27
#NNI moves:0/236
Guide Tree 1/27
#NNI moves:0/236
Guide Tree 2/27
#NNI moves:1/236
Guide Tree 3/27
#NNI moves:0/236
Guide Tree 4/27
#NNI moves:0/236
Guide Tree 5/27
#NNI moves:0/236
Guide Tree 6/27
#NNI moves:0/236
Guide Tree 7/27
#NNI moves:0/236
Guide Tree 8/27
#NNI moves:1/236
Guide Tree 9/27
#NNI moves:3/236
Guide Tree 10/27
#NNI moves:0/236
Guide Tree 11/27
#NNI moves:0/236
Guide Tree 12/27
#NNI moves:0/236
Guide Tree 13/27
#NNI moves:1/236
Guide Tree 14/27
#NNI moves:0/236
Guide Tree 15/27
#NNI moves:1/236
Guide Tree 16/27
#NNI moves:0/236
Guide Tree 17/27
#NNI moves:0/236
Guide Tree 18/27
#NNI moves:0/236
Guide Tree 19/27
#NNI moves:0/236
Guide Tree 20/27
#NNI moves:3/236
Guide Tree 21/27
#NNI moves:0/236
Guide Tree 22/27
#NNI moves:3/236
Guide Tree 23/27
#NNI moves:3/236
Guide Tree 24/27
#NNI moves:0/236
Guide Tree 25/27
#NNI moves:1/236
Guide Tree 26/27
#NNI moves:0/236
Remaining: 0
#NNI moves:5/236
#NNI moves:5/236
(((((((((((((((T146,T5),((T147,T114),T189)),T149),T118),(T22,T57)),(((T37,T125),T117),(T132,(T95,T157)))),T25),((((((T82,((T176,T74),T152)),((T72,T18),T11)),(T87,(T99,T67))),T191),((T59,(((T161,T129),T108),T102)),(((T47,T111),T68),T115))),(((((T19,T84),T96),T168),T1),(T136,T120)))),(((((((T160,((T180,T158),(T142,T60))),(T71,T128)),(((T151,T35),((T44,T113),T38)),(((T101,(T41,T20)),(T98,T110)),T75))),(T94,T17)),((T51,T86),((T144,T21),(T167,T159)))),(((T104,T195),(T127,T28)),(T141,T76))),((((T177,T27),(((T9,T66),((T26,T188),T100)),T62)),(T155,T121)),T148))),((((((T183,(T80,(T34,(T174,T40)))),(T135,T58)),T190),(T85,(T12,T46))),((((T194,(T140,T130)),T54),(((((T8,T24),(((T143,T182),T192),T23)),T153),(((T88,T186),(T162,T61)),((T145,T16),T73))),(((T45,T199),(T165,T29)),(T137,((T39,T55),T164))))),((T90,T163),(T107,(T92,T154))))),T0)),((((((((T32,(T33,T150)),T31),T14),((T122,(T123,T36)),(T156,T112))),((T81,T65),T56)),(T124,T10)),((T198,((T171,T116),T52)),T197)),(((((T139,(T103,T49)),T185),T64),(T196,T166)),T69))),(((((((T170,((T173,T77),((T83,(T187,T106)),T43))),(((T2,T3),T193),T42)),T105),(T175,T179)),((T13,T6),T89)),(((((T119,T131),T138),((T200,T126),T134)),T53),(T109,T30))),((T48,T97),T93))),((T91,T169),(((T4,T70),T133),T78))),(T79,((((T7,T181),(T50,T63)),T15),(T172,T184)))),T178);
Guide Tree 0/27
#NNI moves:1/236
Guide Tree 1/27
#NNI moves:0/236
Guide Tree 2/27
#NNI moves:0/236
Guide Tree 3/27
#NNI moves:3/236
Guide Tree 4/27
#NNI moves:1/236
Guide Tree 5/27
#NNI moves:1/236
Guide Tree 6/27
#NNI moves:3/236
Guide Tree 7/27
#NNI moves:0/236
Guide Tree 8/27
#NNI moves:0/236
Guide Tree 9/27
#NNI moves:0/236
Guide Tree 10/27
#NNI moves:0/236
Guide Tree 11/27
#NNI moves:3/236
Guide Tree 12/27
#NNI moves:1/236
Guide Tree 13/27
#NNI moves:0/236
Guide Tree 14/27
#NNI moves:3/236
Guide Tree 15/27
#NNI moves:1/236
Guide Tree 16/27
#NNI moves:0/236
Guide Tree 17/27
#NNI moves:0/236
Guide Tree 18/27
#NNI moves:1/236
Guide Tree 19/27
#NNI moves:1/236
Guide Tree 20/27
#NNI moves:3/236
Guide Tree 21/27
#NNI moves:1/236
Guide Tree 22/27
#NNI moves:1/236
Guide Tree 23/27
#NNI moves:0/236
Guide Tree 24/27
#NNI moves:3/236
Guide Tree 25/27
#NNI moves:0/236
Guide Tree 26/27
#NNI moves:1/236
Remaining: 0
#NNI moves:6/236
#NNI moves:6/236
((((((((((((((T11,(T72,T18)),(((T74,T176),T152),T82)),((T67,T99),T87)),T191),((((T47,T111),T68),T115),((T102,(T108,(T129,T161))),T59))),((T136,T120),((((T84,T19),T96),T168),T1))),((((((((T147,T114),T189),(T5,T146)),T149),T118),(T22,T57)),(((T95,T157),T132),((T37,T125),T117))),T25)),((((((((T26,T188),T100),(T66,T9)),T62),(T27,T177)),(T121,T155)),T148),((((T51,T86),((T144,T21),(T159,T167))),(((((((T20,T41),T101),(T110,T98)),T75),((T151,T35),((T44,T113),T38))),((T71,T128),(((T180,T158),(T142,T60)),T160))),(T94,T17))),(((T104,T195),(T28,T127)),(T141,T76))))),(((((((((((T182,T143),T192),T23),(T8,T24)),T153),(((T162,T61),(T88,T186)),((T145,T16),T73))),(((T164,(T55,T39)),T137),((T165,T29),(T199,T45)))),(((T130,T140),T194),T54)),((T107,(T154,T92)),(T90,T163))),((((T58,T135),((((T174,T40),T34),T80),T183)),T190),((T12,T46),T85))),T0)),((((((T116,T171),T52),T198),T197),((T10,T124),((((((T33,T150),T32),T31),T14),((T112,T156),((T36,T123),T122))),(T56,(T81,T65))))),((((T185,((T103,T49),T139)),T64),(T166,T196)),T69))),(((((T13,T6),T89),((T175,T179),(((((T77,T173),(((T106,T187),T83),T43)),T170),((T193,(T3,T2)),T42)),T105))),(((((T119,T131),T138),((T200,T126),T134)),T53),(T30,T109))),(T93,(T48,T97)))),((T91,T169),((T133,(T70,T4)),T78))),(((((T7,T181),(T50,T63)),T15),(T184,T172)),T79)),T178);
Guide Tree 0/27
#NNI moves:0/236
Guide Tree 1/27
#NNI moves:0/236
Guide Tree 2/27
#NNI moves:0/236
Guide Tree 3/27
#NNI moves:0/236
Guide Tree 4/27
#NNI moves:0/236
Guide Tree 5/27
#NNI moves:0/236
Guide Tree 6/27
#NNI moves:3/236
Guide Tree 7/27
#NNI moves:0/236
Guide Tree 8/27
#NNI moves:0/236
Guide Tree 9/27
#NNI moves:0/236
Guide Tree 10/27
#NNI moves:0/236
Guide Tree 11/27
#NNI moves:0/236
Guide Tree 12/27
#NNI moves:0/236
Guide Tree 13/27
#NNI moves:0/236
Guide Tree 14/27
#NNI moves:0/236
Guide Tree 15/27
#NNI moves:0/236
Guide Tree 16/27
#NNI moves:0/236
Guide Tree 17/27
#NNI moves:0/236
Guide Tree 18/27
#NNI moves:0/236
Guide Tree 19/27
#NNI moves:0/236
Guide Tree 20/27
#NNI moves:0/236
Guide Tree 21/27
#NNI moves:0/236
Guide Tree 22/27
#NNI moves:3/236
Guide Tree 23/27
#NNI moves:0/236
Guide Tree 24/27
#NNI moves:0/236
Guide Tree 25/27
#NNI moves:0/236
Guide Tree 26/27
#NNI moves:0/236
Remaining: 0
#NNI moves:5/236
#NNI moves:5/236
((((((((((((((((T44,T113),T38),(T151,T35)),(((T110,T98),(T101,(T41,T20))),T75)),((T128,T71),(T160,((T158,T180),(T142,T60))))),(T94,T17)),(((T159,T167),(T21,T144)),(T86,T51))),(((T104,T195),(T127,T28)),(T76,T141))),((((((T100,(T26,T188)),(T9,T66)),T62),(T177,T27)),(T121,T155)),T148)),(((((((((T176,T74),T152),T82),((T18,T72),T11)),((T67,T99),T87)),T191),((T115,(T68,(T111,T47))),((T102,((T129,T161),T108)),T59))),((((T96,(T19,T84)),T168),T1),(T136,T120))),((((T57,T22),(T118,((((T147,T114),T189),(T5,T146)),T149))),(((T37,T125),T117),((T95,T157),T132))),T25))),((((((T58,T135),((T80,((T174,T40),T34)),T183)),T190),((T46,T12),T85)),((((((T45,T199),(T165,T29)),((T164,(T39,T55)),T137)),((((T162,T61),(T88,T186)),((T16,T145),T73)),(((T8,T24),(((T182,T143),T192),T23)),T153))),(T54,(T194,(T130,T140)))),(((T154,T92),T107),(T90,T163)))),T0)),(((((T52,(T171,T116)),T198),T197),(((((T156,T112),((T123,T36),T122)),((T31,((T33,T150),T32)),T14)),((T81,T65),T56)),(T10,T124))),(((T64,((T139,(T103,T49)),T185)),(T166,T196)),T69))),(((((((((T3,T2),T193),T42),(((T77,T173),(((T187,T106),T83),T43)),T170)),T105),(T175,T179)),(T89,(T6,T13))),(((((T131,T119),T138),((T200,T126),T134)),T53),(T109,T30))),((T97,T48),T93))),((T169,T91),(((T70,T4),T133),T78))),(((((T50,T63),(T181,T7)),T15),(T184,T172)),T79)),T178);
Guide Tree 0/27
#NNI moves:0/236
Guide Tree 1/27
#NNI moves:0/236
Guide Tree 2/27
#NNI moves:1/236
Guide Tree 3/27
#NNI moves:1/236
Guide Tree 4/27
#NNI moves:3/236
Guide Tree 5/27
#NNI moves:1/236
Guide Tree 6/27
#NNI moves:0/236
Guide Tree 7/27
#NNI moves:0/236
Guide Tree 8/27
#NNI moves:0/236
Guide Tree 9/27
#NNI moves:1/236
Guide Tree 10/27
#NNI moves:3/236
Guide Tree 11/27
#NNI moves:1/236
Guide Tree 12/27
#NNI moves:1/236
Guide Tree 13/27
#NNI moves:0/236
Guide Tree 14/27
#NNI moves:1/236
Guide Tree 15/27
#NNI moves:3/236
Guide Tree 16/27
#NNI moves:3/236
Guide Tree 17/27
#NNI moves:0/236
Guide Tree 18/27
#NNI moves:3/236
Guide Tree 19/27
#NNI moves:1/236
Guide Tree 20/27
#NNI moves:0/236
Guide Tree 21/27
#NNI moves:0/236
Guide Tree 22/27
#NNI moves:0/236
Guide Tree 23/27
#NNI moves:3/236
Guide Tree 24/27
#NNI moves:0/236
Guide Tree 25/27
#NNI moves:0/236
Guide Tree 26/27
#NNI moves:3/236
Remaining: 3
#NNI moves:4/236
#NNI moves:7/236
(((((((((((((((((T20,T41),T101),(T110,T98)),T75),((T151,T35),((T113,T44),T38))),((T128,T71),(T160,((T180,T158),(T60,T142))))),(T94,T17)),(((T167,T159),(T21,T144)),(T86,T51))),((T76,T141),((T28,T127),(T104,T195)))),(T148,(((((T100,(T26,T188)),(T9,T66)),T62),(T27,T177)),(T155,T121)))),((((((T87,(T99,T67)),((((T176,T74),T152),T82),((T18,T72),T11))),T191),((((T108,(T129,T161)),T102),T59),(((T47,T111),T68),T115))),(((T168,(T96,(T84,T19))),T1),(T120,T136))),(((((T149,((T189,(T114,T147)),(T146,T5))),T118),(T57,T22)),(((T95,T157),T132),(T117,(T37,T125)))),T25))),(((((((((T39,T55),T164),T137),((T45,T199),(T165,T29))),((((T61,T162),(T88,T186)),((T145,T16),T73)),(((T24,T8),((T192,(T182,T143)),T23)),T153))),(((T140,T130),T194),T54)),((T107,(T154,T92)),(T90,T163))),(((T46,T12),T85),(((((T34,(T174,T40)),T80),T183),(T58,T135)),T190))),T0)),((((((T116,T171),T52),T198),T197),(((((((T33,T150),T32),T31),T14),(((T123,T36),T122),(T156,T112))),(T56,(T81,T65))),(T10,T124))),(((T166,T196),(((T139,(T103,T49)),T185),T64)),T69))),(((((((T126,T200),T134),((T131,T119),T138)),T53),(T30,T109)),(((T105,((T170,((T77,T173),(((T106,T187),T83),T43))),(T42,(T193,(T3,T2))))),(T175,T179)),(T89,(T6,T13)))),(T93,(T97,T48)))),((T91,T169),(T78,((T70,T4),T133)))),(((((T63,T50),(T181,T7)),T15),(T184,T172)),T79)),T178);
Initial score: 3.64886e+10
Initial tree: (((((((((((((((((T20,T41),T101),(T110,T98)),T75),((T151,T35),((T113,T44),T38))),((T128,T71),(T160,((T180,T158),(T60,T142))))),(T94,T17)),(((T167,T159),(T21,T144)),(T86,T51))),((T76,T141),((T28,T127),(T104,T195)))),(T148,(((((T100,(T26,T188)),(T9,T66)),T62),(T27,T177)),(T155,T121)))),((((((T87,(T99,T67)),((((T176,T74),T152),T82),((T18,T72),T11))),T191),((((T108,(T129,T161)),T102),T59),(((T47,T111),T68),T115))),(((T168,(T96,(T84,T19))),T1),(T120,T136))),(((((T149,((T189,(T114,T147)),(T146,T5))),T118),(T57,T22)),(((T95,T157),T132),(T117,(T37,T125)))),T25))),(((((((((T39,T55),T164),T137),((T45,T199),(T165,T29))),((((T61,T162),(T88,T186)),((T145,T16),T73)),(((T24,T8),((T192,(T182,T143)),T23)),T153))),(((T140,T130),T194),T54)),((T107,(T154,T92)),(T90,T163))),(((T46,T12),T85),(((((T34,(T174,T40)),T80),T183),(T58,T135)),T190))),T0)),((((((T116,T171),T52),T198),T197),(((((((T33,T150),T32),T31),T14),(((T123,T36),T122),(T156,T112))),(T56,(T81,T65))),(T10,T124))),(((T166,T196),(((T139,(T103,T49)),T185),T64)),T69))),(((((((T126,T200),T134),((T131,T119),T138)),T53),(T30,T109)),(((T105,((T170,((T77,T173),(((T106,T187),T83),T43))),(T42,(T193,(T3,T2))))),(T175,T179)),(T89,(T6,T13)))),(T93,(T97,T48)))),((T91,T169),(T78,((T70,T4),T133)))),(((((T63,T50),(T181,T7)),T15),(T184,T172)),T79)),T178);
*** Subsample Process ***
Use two-step algorithm!
#NNI moves:0/236
Remaining: 0
#NNI moves:3/236
#NNI moves:3/236
((((((((((((((((T166,T196),((((T103,T49),T139),T185),T64)),T69),((((((((T33,T150),T32),T31),T14),((T156,T112),((T123,T36),T122))),(T56,(T65,T81))),(T124,T10)),((((T116,T171),T52),T198),T197))),((((((((((T77,T173),(((T187,T106),T83),T43)),T170),(((T3,T2),T193),T42)),T105),(T175,T179)),((T13,T6),T89)),(((((T126,T200),T134),((T131,T119),T138)),T53),(T30,T109))),(T93,(T48,T97))),(((T79,((((T181,T7),(T50,T63)),T15),(T184,T172))),T178),((T169,T91),(T78,(T133,(T70,T4))))))),(((((((((T61,T162),(T186,T88)),((T145,T16),T73)),((((T192,(T182,T143)),T23),(T8,T24)),T153)),((((T55,T39),T164),T137),((T29,T165),(T45,T199)))),(T54,(T194,(T140,T130)))),(((T92,T154),T107),(T163,T90))),(((T12,T46),T85),(T190,(((T80,((T40,T174),T34)),T183),(T58,T135))))),T0)),(((((((((T114,T147),T189),(T146,T5)),T149),T118),(T57,T22)),(((T37,T125),T117),(T132,(T95,T157)))),T25),(((((((T72,T18),T11),(T82,((T74,T176),T152))),(T87,(T67,T99))),T191),((((T108,(T129,T161)),T102),T59),(((T47,T111),T68),T115))),(((((T84,T19),T96),T168),T1),(T120,T136))))),(((((((T26,T188),T100),(T9,T66)),T62),(T177,T27)),(T121,T155)),T148)),((T141,T76),((T127,T28),(T195,T104)))),(((T159,T167),(T21,T144)),(T86,T51))),(T17,T94)),((((T180,T158),(T60,T142)),T160),(T71,T128))),((((T20,T41),T101),(T110,T98)),T75)),(T151,T35)),(T44,T113)),T38);
#NNI moves:0/236
Remaining: 0
#NNI moves:6/236
#NNI moves:6/236
(((((((((((((((((T158,T180),(T142,T60)),T160),(T128,T71)),((((T98,T110),(T101,(T20,T41))),T75),((T38,(T44,T113)),(T151,T35)))),(T17,T94)),((T86,T51),((T159,T167),(T21,T144)))),(((T127,T28),(T104,T195)),(T76,T141))),((((T27,T177),((((T26,T188),T100),(T9,T66)),T62)),(T121,T155)),T148)),((((((T125,T37),T117),(T132,(T95,T157))),((T118,(((T5,T146),((T114,T147),T189)),T149)),(T22,T57))),T25),(((((((T161,T129),T108),T102),T59),((T68,(T47,T111)),T115)),(((((T152,(T74,T176)),T82),((T72,T18),T11)),((T67,T99),T87)),T191)),((T136,T120),((((T84,T19),T96),T168),T1))))),(((((((((T8,T24),(T23,((T143,T182),T192))),T153),(((T186,T88),(T162,T61)),(T73,(T145,T16)))),((T137,(T164,(T55,T39))),((T29,T165),(T199,T45)))),((T194,(T130,T140)),T54)),((T90,T163),((T92,T154),T107))),((((T135,T58),((((T40,T174),T34),T80),T183)),T190),(T85,(T12,T46)))),T0)),(((((T52,(T116,T171)),T198),T197),((((((T123,T36),T122),(T112,T156)),(((T32,(T150,T33)),T31),T14)),((T81,T65),T56)),(T124,T10))),(((T196,T166),((T185,((T103,T49),T139)),T64)),T69))),(((((((T126,T200),T134),((T131,T119),T138)),T53),(T30,T109)),(((((((((T187,T106),T83),T43),(T173,T77)),T170),(T42,((T2,T3),T193))),T105),(T175,T179)),(T89,(T13,T6)))),(T93,(T97,T48)))),((T78,(T133,(T70,T4))),(T91,T169))),T178),((((T63,T50),(T181,T7)),T15),(T184,T172))),T79);
#NNI moves:0/236
Remaining: 0
#NNI moves:4/236
#NNI moves:4/236
((((((((((((((((((((T134,(T126,T200)),((T119,T131),T138)),T53),(T109,T30)),(((T13,T6),T89),(((((((T83,(T187,T106)),T43),(T173,T77)),T170),(((T3,T2),T193),T42)),T105),(T175,T179)))),(T93,(T48,T97))),(((((T70,T4),T133),T78),(T91,T169)),((((T15,((T50,T63),(T7,T181))),(T184,T172)),T79),T178))),(((((((T112,T156),((T36,T123),T122)),(T14,((T32,(T150,T33)),T31))),(T56,(T81,T65))),(T10,T124)),((T198,(T52,(T171,T116))),T197)),((((((T103,T49),T139),T185),T64),(T196,T166)),T69))),(T0,((((((((T24,T8),(((T143,T182),T192),T23)),T153),(((T145,T16),T73),((T88,T186),(T162,T61)))),((T137,((T39,T55),T164)),((T199,T45),(T165,T29)))),(T54,(T194,(T130,T140)))),((T107,(T92,T154)),(T90,T163))),((T190,((T135,T58),((T80,(T34,(T40,T174))),T183))),(T85,(T46,T12)))))),(((((T118,(((T146,T5),((T114,T147),T189)),T149)),(T22,T57)),(((T95,T157),T132),(T117,(T125,T37)))),T25),((((((T108,(T161,T129)),T102),T59),(((T47,T111),T68),T115)),((((((T74,T176),T152),T82),((T18,T72),T11)),((T99,T67),T87)),T191)),(((((T19,T84),T96),T168),T1),(T120,T136))))),((((T177,T27),((((T26,T188),T100),(T9,T66)),T62)),(T121,T155)),T148)),(((T195,T104),(T127,T28)),(T141,T76))),((T51,T86),((T144,T21),(T159,T167)))),(T17,T94)),((T71,T128),(T160,((T142,T60),(T180,T158))))),(((T44,T113),T38),(T35,T151))),T75),(T101,(T20,T41))),T98),T110);
#NNI moves:1/236
Remaining: 0
#NNI moves:6/236
#NNI moves:6/236
(((((((((((((((((((T47,T111),T68),T115),((T102,((T129,T161),T108)),T59)),((((T11,(T18,T72)),(((T74,T176),T152),T82)),(T87,(T67,T99))),T191)),(((((T84,T19),T96),T168),T1),(T136,T120))),((((T118,(T149,((T189,(T114,T147)),(T146,T5)))),(T57,T22)),(((T37,T125),T117),((T157,T95),T132))),T25)),(((((((T128,T71),(((T60,T142),(T158,T180)),T160)),((((T44,T113),T38),(T35,T151)),((((T20,T41),T101),(T98,T110)),T75))),(T94,T17)),(((T144,T21),(T159,T167)),(T86,T51))),((T76,T141),((T28,T127),(T104,T195)))),((((((T9,T66),((T188,T26),T100)),T62),(T27,T177)),(T121,T155)),T148))),(T0,((((((((T40,T174),T34),T80),T183),(T135,T58)),T190),(T85,(T46,T12))),(((T107,(T92,T154)),(T90,T163)),(((((((T192,(T143,T182)),T23),(T8,T24)),T153),(((T162,T61),(T186,T88)),(T73,(T145,T16)))),(((T29,T165),(T45,T199)),((T164,(T55,T39)),T137))),((T194,(T130,T140)),T54)))))),((((((((T32,(T150,T33)),T31),T14),((T156,T112),((T36,T123),T122))),(T56,(T65,T81))),(T124,T10)),((((T116,T171),T52),T198),T197)),((((T185,(T139,(T49,T103))),T64),(T196,T166)),T69))),(((((T175,T179),((((T193,(T2,T3)),T42),(T170,((((T187,T106),T83),T43),(T173,T77)))),T105)),((T6,T13),T89)),((T30,T109),(T53,((T138,(T131,T119)),((T200,T126),T134))))),((T48,T97),T93))),((((T4,T70),T133),T78),(T91,T169))),T178),T79),(T184,T172)),T15),(T7,T181)),T63),T50);
Current score: 3.64886e+10
Current tree: ((((((((((((((T47,T111),T68),T115),((T102,((T129,T161),T108)),T59)),((((T11,(T18,T72)),(((T74,T176),T152),T82)),(T87,(T67,T99))),T191)),(((((T84,T19),T96),T168),T1),(T136,T120))),((((T118,(T149,((T189,(T114,T147)),(T146,T5)))),(T57,T22)),(((T37,T125),T117),((T157,T95),T132))),T25)),(((((((T128,T71),(((T60,T142),(T158,T180)),T160)),((((T44,T113),T38),(T35,T151)),((((T20,T41),T101),(T98,T110)),T75))),(T94,T17)),(((T144,T21),(T159,T167)),(T86,T51))),((T76,T141),((T28,T127),(T104,T195)))),((((((T9,T66),((T188,T26),T100)),T62),(T27,T177)),(T121,T155)),T148))),(T0,((((((((T40,T174),T34),T80),T183),(T135,T58)),T190),(T85,(T46,T12))),(((T107,(T92,T154)),(T90,T163)),(((((((T192,(T143,T182)),T23),(T8,T24)),T153),(((T162,T61),(T186,T88)),(T73,(T145,T16)))),(((T29,T165),(T45,T199)),((T164,(T55,T39)),T137))),((T194,(T130,T140)),T54)))))),((((((((T32,(T150,T33)),T31),T14),((T156,T112),((T36,T123),T122))),(T56,(T65,T81))),(T124,T10)),((((T116,T171),T52),T198),T197)),((((T185,(T139,(T49,T103))),T64),(T196,T166)),T69))),(((((T175,T179),((((T193,(T2,T3)),T42),(T170,((((T187,T106),T83),T43),(T173,T77)))),T105)),((T6,T13),T89)),((T30,T109),(T53,((T138,(T131,T119)),((T200,T126),T134))))),((T48,T97),T93))),((((T4,T70),T133),T78),(T91,T169))),(T79,((T184,T172),(T15,((T7,T181),(T63,T50)))))),T178);
Use two-step algorithm!
#NNI moves:0/236
Remaining: 0
#NNI moves:3/236
#NNI moves:3/236
(((((((((((((((((((((T2,T3),T193),T42),(((((T187,T106),T83),T43),(T77,T173)),T170)),T105),(T175,T179)),(T89,(T13,T6))),((T109,T30),((((T119,T131),T138),((T200,T126),T134)),T53))),((T48,T97),T93)),(((((T172,T184),(T15,((T63,T50),(T181,T7)))),T79),T178),((T91,T169),(((T70,T4),T133),T78)))),((((((T14,(((T33,T150),T32),T31)),((T122,(T36,T123)),(T156,T112))),((T65,T81),T56)),(T10,T124)),(((T52,(T171,T116)),T198),T197)),(((T64,(T185,((T49,T103),T139))),(T196,T166)),T69))),(((((((((T23,(T192,(T182,T143))),(T24,T8)),T153),(((T88,T186),(T162,T61)),(T73,(T145,T16)))),(((T199,T45),(T165,T29)),(T137,((T39,T55),T164)))),((T194,(T140,T130)),T54)),(((T154,T92),T107),(T90,T163))),((((((T34,(T174,T40)),T80),T183),(T135,T58)),T190),(T85,(T46,T12)))),T0)),((((((T167,T159),(T144,T21)),(T86,T51)),(((((((T41,T20),T101),(T98,T110)),T75),(((T113,T44),T38),(T151,T35))),((((T60,T142),(T158,T180)),T160),(T71,T128))),(T17,T94))),(((T127,T28),(T104,T195)),(T141,T76))),(((((((T188,T26),T100),(T9,T66)),T62),(T177,T27)),(T155,T121)),T148))),(((((((T146,T5),((T114,T147),T189)),T149),T118),(T57,T22)),((T117,(T125,T37)),((T95,T157),T132))),T25)),(((((T11,(T72,T18)),(((T176,T74),T152),T82)),((T67,T99),T87)),T191),((((T47,T111),T68),T115),(T59,(((T161,T129),T108),T102))))),(T136,T120)),T1),T168),T96),T84),T19);
#NNI moves:0/236
Remaining: 0
#NNI moves:2/236
#NNI moves:2/236
(((((((((((((((((((((T176,T74),T152),T82),((T18,T72),T11)),(T87,(T67,T99))),T191),((T59,((T108,(T161,T129)),T102)),(T115,((T47,T111),T68)))),((T136,T120),((((T84,T19),T96),T168),T1))),(((((T125,T37),T117),((T95,T157),T132)),((T57,T22),(((((T147,T114),T189),(T5,T146)),T149),T118))),T25)),(((((((((T98,T110),(T101,(T41,T20))),T75),((T35,T151),((T44,T113),T38))),((((T180,T158),(T142,T60)),T160),(T128,T71))),(T94,T17)),((T86,T51),((T167,T159),(T144,T21)))),(((T195,T104),(T28,T127)),(T141,T76))),(((((((T188,T26),T100),(T9,T66)),T62),(T27,T177)),(T155,T121)),T148))),(T0,((((T107,(T92,T154)),(T90,T163)),((((((T24,T8),(((T182,T143),T192),T23)),T153),(((T88,T186),(T61,T162)),(T73,(T145,T16)))),((((T39,T55),T164),T137),((T29,T165),(T199,T45)))),(((T140,T130),T194),T54))),((T85,(T46,T12)),(((((T34,(T40,T174)),T80),T183),(T135,T58)),T190))))),(((((((((T33,T150),T32),T31),T14),((T122,(T123,T36)),(T112,T156))),((T81,T65),T56)),(T10,T124)),(((T52,(T171,T116)),T198),T197)),((((T185,(T139,(T49,T103))),T64),(T166,T196)),T69))),((((((((T193,(T2,T3)),T42),(((T173,T77),(T43,((T187,T106),T83))),T170)),T105),(T175,T179)),((T13,T6),T89)),(((((T131,T119),T138),((T126,T200),T134)),T53),(T30,T109))),(T93,(T97,T48)))),((T169,T91),(T78,((T70,T4),T133)))),T178),T79),(T172,T184)),T15),(T50,T63)),T181),T7);
#NNI moves:0/236
Remaining: 0
#NNI moves:1/236
#NNI moves:1/236
((((((((((((((((((((T42,(T193,(T2,T3))),(((((T106,T187),T83),T43),(T173,T77)),T170)),T105),(T179,T175)),((T13,T6),T89)),((((T138,(T131,T119)),((T200,T126),T134)),T53),(T30,T109))),((T97,T48),T93)),(((((T70,T4),T133),T78),(T91,T169)),((((T184,T172),(((T50,T63),(T7,T181)),T15)),T79),T178))),((((((T116,T171),T52),T198),T197),(((((((T33,T150),T32),T31),T14),((T112,T156),((T123,T36),T122))),(T56,(T65,T81))),(T10,T124))),(T69,(((T185,(T139,(T103,T49))),T64),(T166,T196))))),(((((((((T186,T88),(T61,T162)),((T145,T16),T73)),(((T24,T8),(((T143,T182),T192),T23)),T153)),(((T45,T199),(T29,T165)),(((T55,T39),T164),T137))),((T194,(T130,T140)),T54)),((T163,T90),((T154,T92),T107))),((T85,(T46,T12)),(((T183,(((T174,T40),T34),T80)),(T135,T58)),T190))),T0)),(((((((((T110,T98),((T41,T20),T101)),T75),((T151,T35),((T44,T113),T38))),((((T60,T142),(T180,T158)),T160),(T128,T71))),(T94,T17)),(((T21,T144),(T167,T159)),(T86,T51))),(((T28,T127),(T104,T195)),(T76,T141))),(((T121,T155),((((T66,T9),((T26,T188),T100)),T62),(T27,T177))),T148))),(((((T37,T125),T117),((T157,T95),T132)),(((((T146,T5),(T189,(T147,T114))),T149),T118),(T57,T22))),T25)),((((T96,(T19,T84)),T168),T1),(T136,T120))),(((T68,(T111,T47)),T115),((((T129,T161),T108),T102),T59))),T191),(T87,(T67,T99))),(T82,(T152,(T176,T74)))),T11),T18),T72);
#NNI moves:0/236
Remaining: 1
#NNI moves:3/236
#NNI moves:3/236
((((((((((((((((((((((((T35,T151),((T44,T113),T38)),((((T41,T20),T101),(T98,T110)),T75)),((((T60,T142),(T158,T180)),T160),(T71,T128))),(T17,T94)),(((T167,T159),(T21,T144)),(T51,T86))),(((T195,T104),(T28,T127)),(T141,T76))),((((((T9,T66),((T188,T26),T100)),T62),(T27,T177)),(T155,T121)),T148)),((((T136,T120),((((T19,T84),T96),T168),T1)),((((((T72,T18),T11),(((T74,T176),T152),T82)),((T67,T99),T87)),T191),((T59,((T108,(T161,T129)),T102)),(((T111,T47),T68),T115)))),((((T117,(T37,T125)),((T157,T95),T132)),(((((T5,T146),(T189,(T147,T114))),T149),T118),(T57,T22))),T25))),(((((((((T16,T145),T73),((T186,T88),(T162,T61))),(((T24,T8),(((T143,T182),T192),T23)),T153)),(((T165,T29),(T199,T45)),(((T39,T55),T164),T137))),(((T140,T130),T194),T54)),(((T154,T92),T107),(T90,T163))),((T190,(((((T174,T40),T34),T80),T183),(T58,T135))),((T12,T46),T85))),T0)),((((((T14,(((T33,T150),T32),T31)),(((T36,T123),T122),(T156,T112))),((T81,T65),T56)),(T124,T10)),((((T171,T116),T52),T198),T197)),((((T185,((T49,T103),T139)),T64),(T166,T196)),T69))),(((((((T7,T181),(T63,T50)),T15),(T184,T172)),T79),T178),((T91,T169),(((T4,T70),T133),T78)))),((T97,T48),T93)),((T109,T30),((((T200,T126),T134),((T131,T119),T138)),T53))),(T89,(T6,T13))),(T179,T175)),T105),(((T2,T3),T193),T42)),T170),(T173,T77)),T43),T83),T106),T187);
Current score: 3.64886e+10
Current tree: (((((((T7,T181),(T63,T50)),T15),(T184,T172)),T79),(((T91,T169),(((T4,T70),T133),T78)),((((((((((((T35,T151),((T44,T113),T38)),((((T41,T20),T101),(T98,T110)),T75)),((((T60,T142),(T158,T180)),T160),(T71,T128))),(T17,T94)),(((T167,T159),(T21,T144)),(T51,T86))),(((T195,T104),(T28,T127)),(T141,T76))),((((((T9,T66),((T188,T26),T100)),T62),(T27,T177)),(T155,T121)),T148)),((((T136,T120),((((T19,T84),T96),T168),T1)),((((((T72,T18),T11),(((T74,T176),T152),T82)),((T67,T99),T87)),T191),((T59,((T108,(T161,T129)),T102)),(((T111,T47),T68),T115)))),((((T117,(T37,T125)),((T157,T95),T132)),(((((T5,T146),(T189,(T147,T114))),T149),T118),(T57,T22))),T25))),(((((((((T16,T145),T73),((T186,T88),(T162,T61))),(((T24,T8),(((T143,T182),T192),T23)),T153)),(((T165,T29),(T199,T45)),(((T39,T55),T164),T137))),(((T140,T130),T194),T54)),(((T154,T92),T107),(T90,T163))),((T190,(((((T174,T40),T34),T80),T183),(T58,T135))),((T12,T46),T85))),T0)),((((((T14,(((T33,T150),T32),T31)),(((T36,T123),T122),(T156,T112))),((T81,T65),T56)),(T124,T10)),((((T171,T116),T52),T198),T197)),((((T185,((T49,T103),T139)),T64),(T166,T196)),T69))),(((T97,T48),T93),(((T109,T30),((((T200,T126),T134),((T131,T119),T138)),T53)),((T89,(T6,T13)),((T179,T175),(T105,((((T2,T3),T193),T42),(T170,((T173,T77),(T43,(T83,(T106,T187)))))))))))))),T178);
Use two-step algorithm!
#NNI moves:1/236
Remaining: 0
#NNI moves:5/236
#NNI moves:5/236
(((((((((((((((((T82,((T74,T176),T152)),(T11,(T72,T18))),((T67,T99),T87)),T191),((((T108,(T129,T161)),T102),T59),(((T47,T111),T68),T115))),(((((T19,T84),T96),T168),T1),(T120,T136))),(((((((T189,(T147,T114)),(T146,T5)),T149),T118),(T57,T22)),((T132,(T95,T157)),((T125,T37),T117))),T25)),(((((T51,T86),((T167,T159),(T21,T144))),((((((T158,T180),(T60,T142)),T160),(T128,T71)),((T75,(((T41,T20),T101),(T98,T110))),((T151,T35),((T113,T44),T38)))),(T94,T17))),(((T28,T127),(T195,T104)),(T141,T76))),((((((T66,T9),(T100,(T188,T26))),T62),(T27,T177)),(T121,T155)),T148))),(((((((T140,T130),T194),T54),(((T153,((((T143,T182),T192),T23),(T24,T8))),(((T186,T88),(T61,T162)),((T145,T16),T73))),(((T29,T165),(T199,T45)),((T164,(T39,T55)),T137)))),(((T92,T154),T107),(T90,T163))),((((T135,T58),((T80,((T174,T40),T34)),T183)),T190),((T12,T46),T85))),T0)),((((((T81,T65),T56),(((T31,(T32,(T33,T150))),T14),(((T123,T36),T122),(T156,T112)))),(T10,T124)),((T198,((T116,T171),T52)),T197)),(T69,(((T185,((T49,T103),T139)),T64),(T166,T196))))),(((((((T200,T126),T134),((T119,T131),T138)),T53),(T109,T30)),((((((((T83,(T187,T106)),T43),(T173,T77)),T170),(((T2,T3),T193),T42)),T105),(T175,T179)),((T13,T6),T89))),((T97,T48),T93))),((((((T63,T50),(T7,T181)),T15),(T184,T172)),T79),T178)),(T169,T91)),T78),T133),T70),T4);
#NNI moves:0/236
Remaining: 0
#NNI moves:6/236
#NNI moves:6/236
(((((((((((((((((((T113,T44),T38),(T151,T35)),(((T110,T98),(T101,(T20,T41))),T75)),((((T158,T180),(T142,T60)),T160),(T71,T128))),(T17,T94)),(((T159,T167),(T144,T21)),(T86,T51))),((T76,T141),((T195,T104),(T28,T127)))),(((((((T188,T26),T100),(T66,T9)),T62),(T177,T27)),(T121,T155)),T148)),(((((((T47,T111),T68),T115),(((T108,(T161,T129)),T102),T59)),((((((T176,T74),T152),T82),((T72,T18),T11)),((T99,T67),T87)),T191)),((T1,((T96,(T19,T84)),T168)),(T136,T120))),((((T132,(T95,T157)),((T125,T37),T117)),((((((T147,T114),T189),(T146,T5)),T149),T118),(T57,T22))),T25))),(((((((((((T182,T143),T192),T23),(T24,T8)),T153),((T73,(T145,T16)),((T186,T88),(T61,T162)))),(((T29,T165),(T199,T45)),(((T39,T55),T164),T137))),(((T140,T130),T194),T54)),(((T92,T154),T107),(T90,T163))),(((((T80,((T40,T174),T34)),T183),(T58,T135)),T190),((T46,T12),T85))),T0)),((((T196,T166),((((T103,T49),T139),T185),T64)),T69),((((((T156,T112),(T122,(T36,T123))),((T31,((T150,T33),T32)),T14)),((T65,T81),T56)),(T10,T124)),(T197,((T52,(T171,T116)),T198))))),(((((((T126,T200),T134),(T138,(T131,T119))),T53),(T30,T109)),((T89,(T13,T6)),((((((T2,T3),T193),T42),(T170,((T77,T173),(((T106,T187),T83),T43)))),T105),(T179,T175)))),((T97,T48),T93))),((T91,T169),(((T70,T4),T133),T78))),T178),T79),(T15,((T7,T181),(T50,T63)))),T172),T184);
#NNI moves:3/236
Remaining: 0
#NNI moves:4/236
#NNI moves:4/236
((((((((((((((T108,(T161,T129)),T102),T59),((T68,(T111,T47)),T115)),((((((T74,T176),T152),T82),((T72,T18),T11)),((T99,T67),T87)),T191)),((T1,(((T84,T19),T96),T168)),(T120,T136))),(((((((T189,(T114,T147)),(T5,T146)),T149),T118),(T57,T22)),(((T125,T37),T117),(T132,(T95,T157)))),T25)),(((((((T100,(T26,T188)),(T9,T66)),T62),(T27,T177)),(T155,T121)),T148),(((((((((T20,T41),T101),(T110,T98)),T75),((T35,T151),((T44,T113),T38))),((((T158,T180),(T142,T60)),T160),(T128,T71))),(T94,T17)),(((T167,T159),(T21,T144)),(T51,T86))),(((T195,T104),(T28,T127)),(T76,T141))))),(T0,((((((((T55,T39),T164),T137),((T165,T29),(T199,T45))),((T153,((((T182,T143),T192),T23),(T24,T8))),(((T162,T61),(T88,T186)),((T145,T16),T73)))),((T194,(T140,T130)),T54)),((T163,T90),((T154,T92),T107))),(((T12,T46),T85),(((T58,T135),((((T40,T174),T34),T80),T183)),T190))))),(((T197,(((T171,T116),T52),T198)),(((((T31,((T150,T33),T32)),T14),(((T123,T36),T122),(T112,T156))),(T56,(T81,T65))),(T10,T124))),(((T166,T196),((((T103,T49),T139),T185),T64)),T69))),(((((((T170,((T77,T173),((T83,(T106,T187)),T43))),(((T2,T3),T193),T42)),T105),(T175,T179)),((T6,T13),T89)),(((((T200,T126),T134),((T131,T119),T138)),T53),(T30,T109))),((T48,T97),T93))),((T91,T169),(((T4,T70),T133),T78))),(((((T50,T63),(T7,T181)),T15),(T184,T172)),T79)),T178);
#NNI moves:1/236
Remaining: 0
#NNI moves:6/236
#NNI moves:6/236
((((((((((((((((((T31,(T32,(T150,T33))),T14),(((T36,T123),T122),(T112,T156))),((T65,T81),T56)),(T10,T124)),(T197,(((T171,T116),T52),T198))),((((((T49,T103),T139),T185),T64),(T166,T196)),T69)),(((((((((T193,(T3,T2)),T42),(((T43,((T187,T106),T83)),(T77,T173)),T170)),T105),(T175,T179)),(T89,(T13,T6))),((T53,(((T131,T119),T138),((T126,T200),T134))),(T109,T30))),((T97,T48),T93)),(((T91,T169),((T133,(T70,T4)),T78)),((T79,((((T181,T7),(T63,T50)),T15),(T172,T184))),T178)))),(T0,((((((((((T143,T182),T192),T23),(T24,T8)),T153),(((T88,T186),(T61,T162)),((T145,T16),T73))),(((T165,T29),(T45,T199)),((T164,(T55,T39)),T137))),(((T130,T140),T194),T54)),(((T92,T154),T107),(T163,T90))),((((((T34,(T40,T174)),T80),T183),(T58,T135)),T190),(T85,(T46,T12)))))),(((((((((T110,T98),(T101,(T20,T41))),T75),(((T44,T113),T38),(T35,T151))),((T71,T128),(T160,((T142,T60),(T180,T158))))),(T94,T17)),(((T21,T144),(T167,T159)),(T86,T51))),((T76,T141),((T195,T104),(T28,T127)))),((((((T100,(T188,T26)),(T66,T9)),T62),(T27,T177)),(T155,T121)),T148))),(((((T37,T125),T117),(T132,(T95,T157))),((T57,T22),(((((T114,T147),T189),(T5,T146)),T149),T118))),T25)),(((((T19,T84),T96),T168),T1),(T120,T136))),(T191,((((T18,T72),T11),((T152,(T176,T74)),T82)),((T67,T99),T87)))),(((T47,T111),T68),T115)),T59),T102),(T129,T161)),T108);
Current score: 3.64886e+10
Current tree: (((T79,((((T181,T7),(T63,T50)),T15),(T172,T184))),(((T91,T169),((T133,(T70,T4)),T78)),(((((((((T193,(T3,T2)),T42),(((T43,((T187,T106),T83)),(T77,T173)),T170)),T105),(T175,T179)),(T89,(T13,T6))),((T53,(((T131,T119),T138),((T126,T200),T134))),(T109,T30))),((T97,T48),T93)),((((((((T31,(T32,(T150,T33))),T14),(((T36,T123),T122),(T112,T156))),((T65,T81),T56)),(T10,T124)),(T197,(((T171,T116),T52),T198))),((((((T49,T103),T139),T185),T64),(T166,T196)),T69)),((T0,((((((((((T143,T182),T192),T23),(T24,T8)),T153),(((T88,T186),(T61,T162)),((T145,T16),T73))),(((T165,T29),(T45,T199)),((T164,(T55,T39)),T137))),(((T130,T140),T194),T54)),(((T92,T154),T107),(T163,T90))),((((((T34,(T40,T174)),T80),T183),(T58,T135)),T190),(T85,(T46,T12))))),((((((((((T110,T98),(T101,(T20,T41))),T75),(((T44,T113),T38),(T35,T151))),((T71,T128),(T160,((T142,T60),(T180,T158))))),(T94,T17)),(((T21,T144),(T167,T159)),(T86,T51))),((T76,T141),((T195,T104),(T28,T127)))),((((((T100,(T188,T26)),(T66,T9)),T62),(T27,T177)),(T155,T121)),T148)),((((((T37,T125),T117),(T132,(T95,T157))),((T57,T22),(((((T114,T147),T189),(T5,T146)),T149),T118))),T25),((((((T19,T84),T96),T168),T1),(T120,T136)),((T191,((((T18,T72),T11),((T152,(T176,T74)),T82)),((T67,T99),T87))),((((T47,T111),T68),T115),(T59,(T102,((T129,T161),T108))))))))))))),T178);
Final Tree: (((T79,((((T181,T7),(T63,T50)),T15),(T172,T184))),(((T91,T169),((T133,(T70,T4)),T78)),(((((((((T193,(T3,T2)),T42),(((T43,((T187,T106),T83)),(T77,T173)),T170)),T105),(T175,T179)),(T89,(T13,T6))),((T53,(((T131,T119),T138),((T126,T200),T134))),(T109,T30))),((T97,T48),T93)),((((((((T31,(T32,(T150,T33))),T14),(((T36,T123),T122),(T112,T156))),((T65,T81),T56)),(T10,T124)),(T197,(((T171,T116),T52),T198))),((((((T49,T103),T139),T185),T64),(T166,T196)),T69)),((T0,((((((((((T143,T182),T192),T23),(T24,T8)),T153),(((T88,T186),(T61,T162)),((T145,T16),T73))),(((T165,T29),(T45,T199)),((T164,(T55,T39)),T137))),(((T130,T140),T194),T54)),(((T92,T154),T107),(T163,T90))),((((((T34,(T40,T174)),T80),T183),(T58,T135)),T190),(T85,(T46,T12))))),((((((((((T110,T98),(T101,(T20,T41))),T75),(((T44,T113),T38),(T35,T151))),((T71,T128),(T160,((T142,T60),(T180,T158))))),(T94,T17)),(((T21,T144),(T167,T159)),(T86,T51))),((T76,T141),((T195,T104),(T28,T127)))),((((((T100,(T188,T26)),(T66,T9)),T62),(T27,T177)),(T155,T121)),T148)),((((((T37,T125),T117),(T132,(T95,T157))),((T57,T22),(((((T114,T147),T189),(T5,T146)),T149),T118))),T25),((((((T19,T84),T96),T168),T1),(T120,T136)),((T191,((((T18,T72),T11),((T152,(T176,T74)),T82)),((T67,T99),T87))),((((T47,T111),T68),T115),(T59,(T102,((T129,T161),T108))))))))))))),T178);
Score: 3.648864772e+10

real	2m39.302s
user	58m34.647s
sys	0m18.725s
