Weighted ASTRAL - Hybrid
Version: v1.13.2.3
#Genetrees: 2000
#Species: 201
#Rounds: 4
#Samples: 4
#Threads: 32
Use two-step algorithm!
Guide Tree 0/27
#NNI moves:0/236
Guide Tree 1/27
#NNI moves:1/236
Guide Tree 2/27
#NNI moves:0/236
Guide Tree 3/27
#NNI moves:1/236
Guide Tree 4/27
#NNI moves:0/236
Guide Tree 5/27
#NNI moves:1/236
Guide Tree 6/27
#NNI moves:1/236
Guide Tree 7/27
#NNI moves:1/236
Guide Tree 8/27
#NNI moves:0/236
Guide Tree 9/27
#NNI moves:1/236
Guide Tree 10/27
#NNI moves:1/236
Guide Tree 11/27
#NNI moves:0/236
Guide Tree 12/27
#NNI moves:0/236
Guide Tree 13/27
#NNI moves:0/236
Guide Tree 14/27
#NNI moves:0/236
Guide Tree 15/27
#NNI moves:1/236
Guide Tree 16/27
#NNI moves:1/236
Guide Tree 17/27
#NNI moves:3/236
Guide Tree 18/27
#NNI moves:0/236
Guide Tree 19/27
#NNI moves:0/236
Guide Tree 20/27
#NNI moves:0/236
Guide Tree 21/27
#NNI moves:0/236
Guide Tree 22/27
#NNI moves:0/236
Guide Tree 23/27
#NNI moves:1/236
Guide Tree 24/27
#NNI moves:1/236
Guide Tree 25/27
#NNI moves:1/236
Guide Tree 26/27
#NNI moves:0/236
Remaining: 1
#NNI moves:10/236
#NNI moves:10/236
((((((((((((((((T90,T70),(T120,T178)),(T153,(T169,T171))),(((T56,T23),T112),((T125,T6),T189))),(((((((T42,T3),T14),T40),((T198,T69),T10)),(T57,T22)),(T38,T33)),T115)),((T180,T188),((T93,T11),T191))),(((((((((((((T105,T85),T136),T27),(T193,T123)),(T55,T81)),((T168,T101),(T156,(T26,T133)))),((((((T159,T135),T8),T45),(((T176,T74),T31),T59)),T97),(T194,T130))),T16),(((T163,T61),(T117,T37)),(((T32,T53),T13),T114))),((T86,T36),T199)),(((T190,T43),(T122,T126)),T144)),(((T140,T200),T143),(T146,T96))),T151)),((((((T181,T51),T154),(T179,T185)),(T64,(T167,T92))),(T60,T1)),(((((T106,T48),(T67,T175)),(T165,T63)),((T46,T170),T98)),(T124,T166)))),T0),(((((T58,T157),((((T184,T49),T30),(T2,T65)),(((T68,T47),T107),(T82,T150)))),T183),(T109,T41)),T39)),(((((((((T127,T134),T160),T139),(T174,T52)),(T118,T72)),((T29,T35),(T182,T155))),(((((T9,T158),(T17,T138)),(T173,T19)),T25),((T77,T21),T76))),(T5,(T147,T95))),((((T131,T20),T71),(T186,T75)),((((T128,T34),T4),T104),T121)))),((T89,(T91,T88)),(((T110,T192),(T187,T99)),(T80,T18)))),((((((T164,T28),T84),(T12,T137)),T177),T78),((((T103,(T66,(T73,T162))),(((T145,T148),T141),(T129,T172))),(((T94,T119),(T44,T83)),((((((T132,T54),T196),T161),T24),(T152,T50)),(((T79,T142),(T116,T102)),T195)))),((T111,T149),T87)))),((T62,(T15,(T113,T7))),T100)),T108),T197);
Guide Tree 0/27
#NNI moves:0/236
Guide Tree 1/27
#NNI moves:0/236
Guide Tree 2/27
#NNI moves:1/236
Guide Tree 3/27
#NNI moves:0/236
Guide Tree 4/27
#NNI moves:3/236
Guide Tree 5/27
#NNI moves:0/236
Guide Tree 6/27
#NNI moves:0/236
Guide Tree 7/27
#NNI moves:0/236
Guide Tree 8/27
#NNI moves:0/236
Guide Tree 9/27
#NNI moves:1/236
Guide Tree 10/27
#NNI moves:0/236
Guide Tree 11/27
#NNI moves:0/236
Guide Tree 12/27
#NNI moves:0/236
Guide Tree 13/27
#NNI moves:3/236
Guide Tree 14/27
#NNI moves:3/236
Guide Tree 15/27
#NNI moves:1/236
Guide Tree 16/27
#NNI moves:0/236
Guide Tree 17/27
#NNI moves:0/236
Guide Tree 18/27
#NNI moves:0/236
Guide Tree 19/27
#NNI moves:3/236
Guide Tree 20/27
#NNI moves:0/236
Guide Tree 21/27
#NNI moves:0/236
Guide Tree 22/27
#NNI moves:0/236
Guide Tree 23/27
#NNI moves:0/236
Guide Tree 24/27
#NNI moves:0/236
Guide Tree 25/27
#NNI moves:0/236
Guide Tree 26/27
#NNI moves:0/236
Remaining: 0
#NNI moves:16/236
#NNI moves:16/236
(((((((((((((((((((((((T105,T85),T136),T27),(T123,T193)),(T81,T55)),((T168,T101),((T133,T26),T156))),(((((T8,(T135,T159)),T45),((T31,(T176,T74)),T59)),T97),(T194,T130))),T16),(((T61,T163),(T37,T117)),(T114,((T53,T32),T13)))),(T199,(T86,T36))),(((T122,T126),(T190,T43)),T144)),((T143,(T200,T140)),(T96,T146))),T151),((((((T22,T57),(((T14,(T42,T3)),T40),((T198,T69),T10))),(T38,T33)),T115),((((T125,T6),T189),((T56,T23),T112)),(((T90,T70),(T178,T120)),((T171,T169),T153)))),((T191,(T93,T11)),(T180,T188)))),(((((T165,T63),((T106,T48),(T67,T175))),(T98,(T170,T46))),(T166,T124)),(((((T181,T51),T154),(T185,T179)),((T92,T167),T64)),(T60,T1)))),T0),(((((T58,T157),((((T49,T184),T30),(T2,T65)),((T82,T150),((T47,T68),T107)))),T183),(T41,T109)),T39)),((((((T21,T77),T76),((((T17,T138),(T9,T158)),(T173,T19)),T25)),((((((T127,T134),T160),T139),(T174,T52)),(T72,T118)),((T182,T155),(T35,T29)))),((T147,T95),T5)),(((T104,(T4,(T34,T128))),T121),((T71,(T131,T20)),(T186,T75))))),((((T110,T192),(T99,T187)),(T18,T80)),(T89,(T88,T91)))),((((((((((T54,T132),T196),T161),T24),(T50,T152)),(((T142,T79),(T116,T102)),T195)),((T83,T44),(T94,T119))),((((T145,T148),T141),(T172,T129)),(((T73,T162),T66),T103))),((T111,T149),T87)),((((T137,T12),((T28,T164),T84)),T177),T78))),((((T113,T7),T15),T62),T100)),T108),T197);
Guide Tree 0/27
#NNI moves:1/236
Guide Tree 1/27
#NNI moves:1/236
Guide Tree 2/27
#NNI moves:0/236
Guide Tree 3/27
#NNI moves:0/236
Guide Tree 4/27
#NNI moves:0/236
Guide Tree 5/27
#NNI moves:2/236
Guide Tree 6/27
#NNI moves:1/236
Guide Tree 7/27
#NNI moves:1/236
Guide Tree 8/27
#NNI moves:1/236
Guide Tree 9/27
#NNI moves:1/236
Guide Tree 10/27
#NNI moves:1/236
Guide Tree 11/27
#NNI moves:1/236
Guide Tree 12/27
#NNI moves:4/236
Guide Tree 13/27
#NNI moves:1/236
Guide Tree 14/27
#NNI moves:0/236
Guide Tree 15/27
#NNI moves:3/236
Guide Tree 16/27
#NNI moves:1/236
Guide Tree 17/27
#NNI moves:0/236
Guide Tree 18/27
#NNI moves:3/236
Guide Tree 19/27
#NNI moves:3/236
Guide Tree 20/27
#NNI moves:0/236
Guide Tree 21/27
#NNI moves:1/236
Guide Tree 22/27
#NNI moves:0/236
Guide Tree 23/27
#NNI moves:1/236
Guide Tree 24/27
#NNI moves:0/236
Guide Tree 25/27
#NNI moves:1/236
Guide Tree 26/27
#NNI moves:2/236
Remaining: 0
#NNI moves:1/236
#NNI moves:1/236
((((((((((((((((((T198,T69),T10),((T14,(T3,T42)),T40)),(T57,T22)),(T38,T33)),T115),(((T112,(T56,T23)),(T189,(T125,T6))),(((T169,T171),T153),((T90,T70),(T178,T120))))),(((T93,T11),T191),(T180,T188))),(((((((((((((T176,T74),T31),T59),(((T159,T135),T8),T45)),T97),(T130,T194)),(((T156,(T133,T26)),(T168,T101)),(((T123,T193),(T27,((T85,T105),T136))),(T81,T55)))),T16),((((T53,T32),T13),T114),((T163,T61),(T37,T117)))),((T36,T86),T199)),(((T190,T43),(T122,T126)),T144)),(((T200,T140),T143),(T96,T146))),T151)),((((((T51,T181),T154),(T179,T185)),((T167,T92),T64)),(T60,T1)),((((T170,T46),T98),((T165,T63),((T175,T67),(T106,T48)))),(T166,T124)))),T0),(((((T157,T58),((((T49,T184),T30),(T2,T65)),((T107,(T68,T47)),(T150,T82)))),T183),(T109,T41)),T39)),(((((((T139,((T134,T127),T160)),(T52,T174)),(T118,T72)),((T35,T29),(T182,T155))),(((((T9,T158),(T138,T17)),(T173,T19)),T25),(T76,(T77,T21)))),((T147,T95),T5)),(((((T34,T128),T4),T104),T121),((T186,T75),((T20,T131),T71))))),((((T187,T99),(T192,T110)),(T80,T18)),((T88,T91),T89))),((((((((T116,T102),(T142,T79)),T195),((T24,(((T54,T132),T196),T161)),(T50,T152))),((T83,T44),(T94,T119))),((((T73,T162),T66),T103),(((T145,T148),T141),(T172,T129)))),(T87,(T149,T111))),((T177,((T137,T12),((T164,T28),T84))),T78))),((T62,((T113,T7),T15)),T100)),T108),T197);
Guide Tree 0/27
#NNI moves:4/236
Guide Tree 1/27
#NNI moves:3/236
Guide Tree 2/27
#NNI moves:0/236
Guide Tree 3/27
#NNI moves:3/236
Guide Tree 4/27
#NNI moves:1/236
Guide Tree 5/27
#NNI moves:3/236
Guide Tree 6/27
#NNI moves:0/236
Guide Tree 7/27
#NNI moves:3/236
Guide Tree 8/27
#NNI moves:0/236
Guide Tree 9/27
#NNI moves:1/236
Guide Tree 10/27
#NNI moves:3/236
Guide Tree 11/27
#NNI moves:3/236
Guide Tree 12/27
#NNI moves:6/236
Guide Tree 13/27
#NNI moves:4/236
Guide Tree 14/27
#NNI moves:0/236
Guide Tree 15/27
#NNI moves:0/236
Guide Tree 16/27
#NNI moves:2/236
Guide Tree 17/27
#NNI moves:1/236
Guide Tree 18/27
#NNI moves:0/236
Guide Tree 19/27
#NNI moves:1/236
Guide Tree 20/27
#NNI moves:0/236
Guide Tree 21/27
#NNI moves:3/236
Guide Tree 22/27
#NNI moves:1/236
Guide Tree 23/27
#NNI moves:3/236
Guide Tree 24/27
#NNI moves:3/236
Guide Tree 25/27
#NNI moves:3/236
Guide Tree 26/27
#NNI moves:0/236
Remaining: 0
#NNI moves:3/236
#NNI moves:3/236
((((((((((((((((((T69,T198),T10),(T40,(T14,(T42,T3)))),(T22,T57)),(T33,T38)),T115),((((T6,T125),T189),(T112,(T56,T23))),((T153,(T169,T171)),((T120,T178),(T70,T90))))),((T180,T188),((T93,T11),T191))),((((((((((T101,T168),(T156,(T133,T26))),((((T136,(T105,T85)),T27),(T123,T193)),(T55,T81))),((((T45,(T8,(T159,T135))),(T59,(T31,(T176,T74)))),T97),(T130,T194))),T16),(((T13,(T32,T53)),T114),((T117,T37),(T163,T61)))),((T36,T86),T199)),(((T190,T43),(T122,T126)),T144)),((T96,T146),((T200,T140),T143))),T151)),((((((T175,T67),(T48,T106)),(T63,T165)),((T46,T170),T98)),(T124,T166)),((((T185,T179),((T51,T181),T154)),(T64,(T92,T167))),(T60,T1)))),T0),(((((((T2,T65),((T49,T184),T30)),(((T68,T47),T107),(T82,T150))),(T157,T58)),T183),(T41,T109)),T39)),((((((T77,T21),T76),(((T173,T19),((T138,T17),(T158,T9))),T25)),((((T52,T174),(((T127,T134),T160),T139)),(T72,T118)),((T182,T155),(T35,T29)))),((T147,T95),T5)),(((T186,T75),((T131,T20),T71)),(T121,(((T34,T128),T4),T104))))),((((T99,T187),(T192,T110)),(T18,T80)),((T91,T88),T89))),((((T149,T111),T87),((((((T79,T142),(T102,T116)),T195),(((T161,((T54,T132),T196)),T24),(T152,T50))),((T119,T94),(T44,T83))),((((T148,T145),T141),(T172,T129)),(((T162,T73),T66),T103)))),((((T137,T12),((T28,T164),T84)),T177),T78))),(((T15,(T113,T7)),T62),T100)),T108),T197);
Initial score: 2.67852e+10
Initial tree: ((((((((((((((((((T69,T198),T10),(T40,(T14,(T42,T3)))),(T22,T57)),(T33,T38)),T115),((((T6,T125),T189),(T112,(T56,T23))),((T153,(T169,T171)),((T120,T178),(T70,T90))))),((T180,T188),((T93,T11),T191))),((((((((((T101,T168),(T156,(T133,T26))),((((T136,(T105,T85)),T27),(T123,T193)),(T55,T81))),((((T45,(T8,(T159,T135))),(T59,(T31,(T176,T74)))),T97),(T130,T194))),T16),(((T13,(T32,T53)),T114),((T117,T37),(T163,T61)))),((T36,T86),T199)),(((T190,T43),(T122,T126)),T144)),((T96,T146),((T200,T140),T143))),T151)),((((((T175,T67),(T48,T106)),(T63,T165)),((T46,T170),T98)),(T124,T166)),((((T185,T179),((T51,T181),T154)),(T64,(T92,T167))),(T60,T1)))),T0),(((((((T2,T65),((T49,T184),T30)),(((T68,T47),T107),(T82,T150))),(T157,T58)),T183),(T41,T109)),T39)),((((((T77,T21),T76),(((T173,T19),((T138,T17),(T158,T9))),T25)),((((T52,T174),(((T127,T134),T160),T139)),(T72,T118)),((T182,T155),(T35,T29)))),((T147,T95),T5)),(((T186,T75),((T131,T20),T71)),(T121,(((T34,T128),T4),T104))))),((((T99,T187),(T192,T110)),(T18,T80)),((T91,T88),T89))),((((T149,T111),T87),((((((T79,T142),(T102,T116)),T195),(((T161,((T54,T132),T196)),T24),(T152,T50))),((T119,T94),(T44,T83))),((((T148,T145),T141),(T172,T129)),(((T162,T73),T66),T103)))),((((T137,T12),((T28,T164),T84)),T177),T78))),(((T15,(T113,T7)),T62),T100)),T108),T197);
*** Subsample Process ***
Use two-step algorithm!
#NNI moves:2/236
Remaining: 0
#NNI moves:6/236
#NNI moves:6/236
(((((((((((((((((((T174,T52),(T139,((T127,T134),T160))),(T118,T72)),((T182,T155),(T35,T29))),(((((T138,T17),(T9,T158)),(T19,T173)),T25),((T21,T77),T76))),((T147,T95),T5)),(((T104,((T128,T34),T4)),T121),(((T131,T20),T71),(T186,T75)))),((((((((((((T54,T132),T196),T161),T24),(T50,T152)),(((T79,T142),(T102,T116)),T195)),((T83,T44),(T94,T119))),((((T148,T145),T141),(T129,T172)),(((T73,T162),T66),T103))),((T149,T111),T87)),((((T84,(T164,T28)),(T12,T137)),T177),T78)),((T108,T197),(T100,(((T113,T7),T15),T62)))),((((T99,T187),(T192,T110)),(T18,T80)),((T91,T88),T89)))),(((((((T2,T65),((T184,T49),T30)),((T150,T82),(T107,(T68,T47)))),(T157,T58)),T183),(T109,T41)),T39)),T0),((((((T181,T51),T154),(T185,T179)),((T92,T167),T64)),(T60,T1)),(((((T106,T48),(T175,T67)),(T63,T165)),(T98,(T170,T46))),(T166,T124)))),((((((((((((T8,(T159,T135)),T45),(((T74,T176),T31),T59)),T97),(T130,T194)),(((T101,T168),(T156,(T26,T133))),((T55,T81),((T123,T193),(T27,((T105,T85),T136)))))),T16),(((T61,T163),(T117,T37)),((T13,(T53,T32)),T114))),((T36,T86),T199)),(((T122,T126),(T190,T43)),T144)),((T146,T96),(T143,(T200,T140)))),T151)),((T191,(T93,T11)),(T180,T188))),(((((((T3,T42),T14),T40),((T69,T198),T10)),(T22,T57)),(T38,T33)),T115)),(((T169,T171),T153),((T70,T90),(T120,T178)))),((T56,T23),T112)),T189),T6),T125);
#NNI moves:3/236
Remaining: 0
#NNI moves:5/236
#NNI moves:5/236
(((((((((((((((((((T130,T194),(((((T159,T135),T8),T45),(((T176,T74),T31),T59)),T97)),(((T156,(T26,T133)),(T168,T101)),(((T27,((T85,T105),T136)),(T193,T123)),(T55,T81)))),T16),(((T61,T163),(T117,T37)),(((T32,T53),T13),T114))),(T199,(T86,T36))),(((T126,T122),(T43,T190)),T144)),((T96,T146),(T143,(T200,T140)))),T151),((((((T23,T56),T112),((T6,T125),T189)),(((T70,T90),(T178,T120)),((T169,T171),T153))),((((((T198,T69),T10),(T40,((T42,T3),T14))),(T57,T22)),(T38,T33)),T115)),((T188,T180),((T11,T93),T191)))),((((((T51,T181),T154),(T185,T179)),(T64,(T167,T92))),(T1,T60)),((T124,T166),((((T67,T175),(T106,T48)),(T165,T63)),((T46,T170),T98))))),T0),(((T109,T41),((((((T49,T184),T30),(T65,T2)),(((T68,T47),T107),(T150,T82))),(T58,T157)),T183)),T39)),(((((((((T134,T127),T160),T139),(T174,T52)),(T72,T118)),((T155,T182),(T35,T29))),(((((T138,T17),(T9,T158)),(T19,T173)),T25),((T21,T77),T76))),(T5,(T147,T95))),((((T20,T131),T71),(T186,T75)),((T104,((T128,T34),T4)),T121)))),((((T192,T110),(T187,T99)),(T80,T18)),((T88,T91),T89))),(((((((T162,T73),T66),T103),((T141,(T148,T145)),(T129,T172))),(((((((T54,T132),T196),T161),T24),(T50,T152)),(((T102,T116),(T142,T79)),T195)),((T44,T83),(T119,T94)))),((T149,T111),T87)),(((((T164,T28),T84),(T137,T12)),T177),T78))),(((T15,(T7,T113)),T62),T100)),T197),T108);
#NNI moves:1/236
Remaining: 0
#NNI moves:4/236
#NNI moves:4/236
(((((((((((((((((((((((((((T9,T158),(T17,T138)),(T173,T19)),T25),(T76,(T77,T21))),(((T155,T182),(T35,T29)),(((T174,T52),((T160,(T127,T134)),T139)),(T72,T118)))),((T147,T95),T5)),(((T186,T75),(T71,(T20,T131))),((T104,(T4,(T34,T128))),T121))),((((((((T44,T83),(T119,T94)),(((((T196,(T54,T132)),T161),T24),(T152,T50)),(((T102,T116),(T142,T79)),T195))),((T103,((T162,T73),T66)),((T172,T129),((T145,T148),T141)))),(T87,(T111,T149))),(T78,((((T164,T28),T84),(T12,T137)),T177))),((((T15,(T113,T7)),T62),T100),(T197,T108))),(((T91,T88),T89),(((T187,T99),(T192,T110)),(T80,T18))))),(((((((T107,(T47,T68)),(T82,T150)),(((T184,T49),T30),(T65,T2))),(T58,T157)),T183),(T109,T41)),T39)),T0),((((((T106,T48),(T67,T175)),(T165,T63)),((T46,T170),T98)),(T124,T166)),((((T185,T179),(T154,(T51,T181))),((T167,T92),T64)),(T1,T60)))),(((((T38,T33),((((T198,T69),T10),((T14,(T3,T42)),T40)),(T57,T22))),T115),((((T169,T171),T153),((T178,T120),(T90,T70))),(((T6,T125),T189),(T112,(T56,T23))))),(((T93,T11),T191),(T180,T188)))),T151),(((T200,T140),T143),(T146,T96))),(((T43,T190),(T122,T126)),T144)),((T86,T36),T199)),(((T117,T37),(T163,T61)),(((T53,T32),T13),T114))),T16),((((T193,T123),(((T105,T85),T136),T27)),(T55,T81)),(((T133,T26),T156),(T101,T168)))),(T130,T194)),T97),(((T135,T159),T8),T45)),T59),T31),T74),T176);
#NNI moves:0/236
Remaining: 0
#NNI moves:1/236
#NNI moves:1/236
((((((((((((((((((((((T31,(T176,T74)),T59),(((T135,T159),T8),T45)),T97),(T130,T194)),(((T81,T55),((T193,T123),(((T85,T105),T136),T27))),(((T133,T26),T156),(T101,T168)))),T16),((((T53,T32),T13),T114),((T163,T61),(T37,T117)))),((T36,T86),T199)),(T144,((T190,T43),(T122,T126)))),(((T140,T200),T143),(T146,T96))),T151),((((((T178,T120),(T70,T90)),(T153,(T169,T171))),((T112,(T56,T23)),(T189,(T125,T6)))),(((T33,T38),((T22,T57),((T40,(T14,(T3,T42))),((T69,T198),T10)))),T115)),((T188,T180),((T11,T93),T191)))),(((((T185,T179),((T181,T51),T154)),((T92,T167),T64)),(T1,T60)),((((T170,T46),T98),((T165,T63),((T175,T67),(T106,T48)))),(T124,T166)))),T0),(((((((T30,(T49,T184)),(T65,T2)),(((T47,T68),T107),(T82,T150))),(T58,T157)),T183),(T109,T41)),T39)),((((((T118,T72),((((T134,T127),T160),T139),(T174,T52))),((T29,T35),(T155,T182))),(((T21,T77),T76),(((T173,T19),((T158,T9),(T138,T17))),T25))),((T147,T95),T5)),(((T75,T186),((T20,T131),T71)),((((T128,T34),T4),T104),T121)))),((((T187,T99),(T192,T110)),(T18,T80)),((T88,T91),T89))),((((((((T116,T102),(T79,T142)),T195),((T152,T50),(((T196,(T54,T132)),T161),T24))),((T94,T119),(T83,T44))),((((T148,T145),T141),(T129,T172)),((T66,(T162,T73)),T103))),((T111,T149),T87)),(((((T164,T28),T84),(T12,T137)),T177),T78))),(T100,(T62,((T7,T113),T15)))),T197),T108);
Current score: 2.67852e+10
Current tree: ((((((((((((((((((((((T31,(T176,T74)),T59),(((T135,T159),T8),T45)),T97),(T130,T194)),(((T81,T55),((T193,T123),(((T85,T105),T136),T27))),(((T133,T26),T156),(T101,T168)))),T16),((((T53,T32),T13),T114),((T163,T61),(T37,T117)))),((T36,T86),T199)),(T144,((T190,T43),(T122,T126)))),(((T140,T200),T143),(T146,T96))),T151),((((((T178,T120),(T70,T90)),(T153,(T169,T171))),((T112,(T56,T23)),(T189,(T125,T6)))),(((T33,T38),((T22,T57),((T40,(T14,(T3,T42))),((T69,T198),T10)))),T115)),((T188,T180),((T11,T93),T191)))),(((((T185,T179),((T181,T51),T154)),((T92,T167),T64)),(T1,T60)),((((T170,T46),T98),((T165,T63),((T175,T67),(T106,T48)))),(T124,T166)))),T0),(((((((T30,(T49,T184)),(T65,T2)),(((T47,T68),T107),(T82,T150))),(T58,T157)),T183),(T109,T41)),T39)),((((((T118,T72),((((T134,T127),T160),T139),(T174,T52))),((T29,T35),(T155,T182))),(((T21,T77),T76),(((T173,T19),((T158,T9),(T138,T17))),T25))),((T147,T95),T5)),(((T75,T186),((T20,T131),T71)),((((T128,T34),T4),T104),T121)))),((((T187,T99),(T192,T110)),(T18,T80)),((T88,T91),T89))),((((((((T116,T102),(T79,T142)),T195),((T152,T50),(((T196,(T54,T132)),T161),T24))),((T94,T119),(T83,T44))),((((T148,T145),T141),(T129,T172)),((T66,(T162,T73)),T103))),((T111,T149),T87)),(((((T164,T28),T84),(T12,T137)),T177),T78))),(T100,(T62,((T7,T113),T15)))),T108),T197);
Final Tree: ((((((((((((((((((((((T31,(T176,T74)),T59),(((T135,T159),T8),T45)),T97),(T130,T194)),(((T81,T55),((T193,T123),(((T85,T105),T136),T27))),(((T133,T26),T156),(T101,T168)))),T16),((((T53,T32),T13),T114),((T163,T61),(T37,T117)))),((T36,T86),T199)),(T144,((T190,T43),(T122,T126)))),(((T140,T200),T143),(T146,T96))),T151),((((((T178,T120),(T70,T90)),(T153,(T169,T171))),((T112,(T56,T23)),(T189,(T125,T6)))),(((T33,T38),((T22,T57),((T40,(T14,(T3,T42))),((T69,T198),T10)))),T115)),((T188,T180),((T11,T93),T191)))),(((((T185,T179),((T181,T51),T154)),((T92,T167),T64)),(T1,T60)),((((T170,T46),T98),((T165,T63),((T175,T67),(T106,T48)))),(T124,T166)))),T0),(((((((T30,(T49,T184)),(T65,T2)),(((T47,T68),T107),(T82,T150))),(T58,T157)),T183),(T109,T41)),T39)),((((((T118,T72),((((T134,T127),T160),T139),(T174,T52))),((T29,T35),(T155,T182))),(((T21,T77),T76),(((T173,T19),((T158,T9),(T138,T17))),T25))),((T147,T95),T5)),(((T75,T186),((T20,T131),T71)),((((T128,T34),T4),T104),T121)))),((((T187,T99),(T192,T110)),(T18,T80)),((T88,T91),T89))),((((((((T116,T102),(T79,T142)),T195),((T152,T50),(((T196,(T54,T132)),T161),T24))),((T94,T119),(T83,T44))),((((T148,T145),T141),(T129,T172)),((T66,(T162,T73)),T103))),((T111,T149),T87)),(((((T164,T28),T84),(T12,T137)),T177),T78))),(T100,(T62,((T7,T113),T15)))),T108),T197);
Score: 2.678516626e+10

real	1m41.108s
user	39m28.914s
sys	0m18.061s
