
RAxML-NG v. 1.1.0-master released on 04.08.2022 by The Exelixis Lab.
Developed by: Alexey M. Kozlov and Alexandros Stamatakis.
Contributors: Diego Darriba, Tomas Flouri, Benoit Morel, Sarah Lutteropp, Ben Bettisworth.
Latest version: https://github.com/amkozlov/raxml-ng
Questions/problems/suggestions? Please visit: https://groups.google.com/forum/#!forum/raxml

System: AMD EPYC 7742 64-Core Processor, 128 cores, 251 GB RAM

RAxML-NG was called at 02-Jan-2023 11:08:39 as follows:

/home/chaos/programs/raxml-ng/raxml-ng/bin/raxml-ng --msa data/alignment/50_0.1X_S201_0_haploid --tree pars{1} --model GTR+G --threads 64

Analysis options:
  run mode: ML tree search
  start tree(s): parsimony (1)
  random seed: 1672686519
  tip-inner: OFF
  pattern compression: ON
  per-rate scalers: OFF
  site repeats: ON
  fast spr radius: AUTO
  spr subtree cutoff: 1.000000
  branch lengths: proportional (ML estimate, algorithm: NR-FAST)
  SIMD kernels: AVX2
  parallelization: coarse-grained (auto), PTHREADS (64 threads), thread pinning: OFF

[00:00:00] Reading alignment from file: data/alignment/50_0.1X_S201_0_haploid
[00:00:02] Loaded alignment with 201 taxa and 5000000 sites

Alignment comprises 1 partitions and 228121 patterns

Partition 0: noname
Model: GTR+FO+G4m
Alignment sites / patterns: 5000000 / 228121
Gaps: 0.00 %
Invariant sites: 72.22 %


NOTE: Binary MSA file created: data/alignment/50_0.1X_S201_0_haploid.raxml.rba

Parallelization scheme autoconfig: 1 worker(s) x 64 thread(s)

Parallel reduction/worker buffer size: 1 KB  / 0 KB

[00:00:20] Generating 1 parsimony starting tree(s) with 201 taxa
[00:00:24] Data distribution: max. partitions/sites/weight per thread: 1 / 3565 / 57040
[00:00:24] Data distribution: max. searches per worker: 1

Starting ML tree search with 1 distinct starting trees

[00:00:24 -50716845.443025] Initial branch length optimization
[00:00:26 -22534937.315912] Model parameter optimization (eps = 10.000000)
[00:00:31 -21753239.790869] AUTODETECT spr round 1 (radius: 5)
[00:00:40 -21753239.790825] SPR radius for FAST iterations: 5 (autodetect)
[00:00:40 -21753239.790825] Model parameter optimization (eps = 3.000000)
[00:00:40 -21753239.743061] FAST spr round 1 (radius: 5)
[00:00:49 -21753070.228165] FAST spr round 2 (radius: 5)
[00:00:58 -21752923.375816] FAST spr round 3 (radius: 5)
[00:01:08 -21752869.387628] FAST spr round 4 (radius: 5)
[00:01:17 -21752869.387628] Model parameter optimization (eps = 1.000000)
[00:01:18 -21752869.219501] SLOW spr round 1 (radius: 5)
[00:01:55 -21752869.219482] SLOW spr round 2 (radius: 10)
[00:02:27 -21752869.219482] SLOW spr round 3 (radius: 15)
[00:03:30 -21752869.219482] SLOW spr round 4 (radius: 20)
[00:04:26 -21752869.219482] SLOW spr round 5 (radius: 25)
[00:04:52 -21752869.219482] Model parameter optimization (eps = 0.100000)

[00:04:53] ML tree search #1, logLikelihood: -21752869.214728


Optimized model parameters:

   Partition 0: noname
   Rate heterogeneity: GAMMA (4 cats, mean),  alpha: 1.645315 (ML),  weights&rates: (0.250000,0.246923) (0.250000,0.611083) (0.250000,1.057927) (0.250000,2.084067) 
   Base frequencies (ML): 0.337882 0.206423 0.230728 0.224967 
   Substitution rates (ML): 0.653221 5.775786 0.527753 2.477845 4.256094 1.000000 


Final LogLikelihood: -21752869.214728

AIC score: 43506554.429457 / AICc score: 43506554.496211 / BIC score: 43512031.808433
Free parameters (model + branch lengths): 408

Best ML tree saved to: /expanse/lustre/projects/uot138/chaos/ASTERISK-sim/data/alignment/50_0.1X_S201_0_haploid.raxml.bestTree
Optimized model saved to: /expanse/lustre/projects/uot138/chaos/ASTERISK-sim/data/alignment/50_0.1X_S201_0_haploid.raxml.bestModel

Execution log saved to: /expanse/lustre/projects/uot138/chaos/ASTERISK-sim/data/alignment/50_0.1X_S201_0_haploid.raxml.log

Analysis started: 02-Jan-2023 11:08:39 / finished: 02-Jan-2023 11:13:33

Elapsed time: 293.134 seconds

Consumed energy: 35.648 Wh

