Weighted ASTRAL - Hybrid
Version: v1.13.2.3
#Genetrees: 2000
#Species: 201
#Rounds: 4
#Samples: 4
#Threads: 32
Use two-step algorithm!
Guide Tree 0/27
#NNI moves:0/236
Guide Tree 1/27
#NNI moves:0/236
Guide Tree 2/27
#NNI moves:0/236
Guide Tree 3/27
#NNI moves:0/236
Guide Tree 4/27
#NNI moves:0/236
Guide Tree 5/27
#NNI moves:0/236
Guide Tree 6/27
#NNI moves:0/236
Guide Tree 7/27
#NNI moves:0/236
Guide Tree 8/27
#NNI moves:0/236
Guide Tree 9/27
#NNI moves:0/236
Guide Tree 10/27
#NNI moves:0/236
Guide Tree 11/27
#NNI moves:0/236
Guide Tree 12/27
#NNI moves:0/236
Guide Tree 13/27
#NNI moves:1/236
Guide Tree 14/27
#NNI moves:0/236
Guide Tree 15/27
#NNI moves:1/236
Guide Tree 16/27
#NNI moves:0/236
Guide Tree 17/27
#NNI moves:0/236
Guide Tree 18/27
#NNI moves:0/236
Guide Tree 19/27
#NNI moves:1/236
Guide Tree 20/27
#NNI moves:0/236
Guide Tree 21/27
#NNI moves:0/236
Guide Tree 22/27
#NNI moves:0/236
Guide Tree 23/27
#NNI moves:0/236
Guide Tree 24/27
#NNI moves:0/236
Guide Tree 25/27
#NNI moves:0/236
Guide Tree 26/27
#NNI moves:0/236
Remaining: 0
#NNI moves:1/236
#NNI moves:1/236
(((((((((((((((T112,T80),T150),(T12,T24)),(T132,T159)),((((T94,T32),(T198,((T131,T73),T125))),((T190,T187),(T65,(T96,T139)))),(((T28,T37),T165),T4))),(((T31,T129),(T1,T155)),T48)),((((T171,T27),T175),(((((T38,T22),T181),T66),(T8,T160)),T13)),(((T98,T39),(T30,T61)),T197))),(((((((T74,T106),T179),(((T103,T118),T90),T148)),T109),T54),(((T72,T26),T45),T16)),(T113,((T57,T142),T172)))),((((((T123,T77),T126),T58),T153),(((((T5,T135),T161),(T84,T143)),T195),(((T63,T92),T85),(T137,T101)))),T0)),(((T76,(T50,T10)),(T93,T70)),((T64,T81),T177))),(((((((((((T121,T130),T91),(T55,T21)),(T102,T182)),(((T86,T193),T33),T42)),(((T167,T136),T75),T11)),((((T128,((T170,T53),T97)),T71),(T199,T20)),((T120,T184),T43))),((T162,T104),T88)),((((T194,T180),(((T6,T108),T114),T186)),(T36,T200)),(T35,T115))),T25),((T124,(T111,T117)),((T100,T51),T163)))),((((((((((T127,(T185,T168)),((T138,T67),((T157,T144),T99))),(T3,T173)),(T122,T41)),T23),((((T147,T110),T15),(((T141,T189),T68),T192)),((T164,T49),T119))),(((T78,T95),(T174,((T134,T146),T59))),(T105,T69))),(((((T188,T178),T154),(T107,T183)),(T166,(T158,T82))),((T62,(T149,T176)),T87))),(((((((((T191,T52),T47),(T196,(T151,T9))),(T18,(T133,T60))),T17),T156),T152),(T83,T169)),((((T140,T7),T2),T79),(T145,(T19,T89))))),(T40,T56))),((T29,T116),(T34,T44))),T14),T46);
Guide Tree 0/27
#NNI moves:3/236
Guide Tree 1/27
#NNI moves:0/236
Guide Tree 2/27
#NNI moves:0/236
Guide Tree 3/27
#NNI moves:0/236
Guide Tree 4/27
#NNI moves:0/236
Guide Tree 5/27
#NNI moves:1/236
Guide Tree 6/27
#NNI moves:0/236
Guide Tree 7/27
#NNI moves:0/236
Guide Tree 8/27
#NNI moves:0/236
Guide Tree 9/27
#NNI moves:0/236
Guide Tree 10/27
#NNI moves:0/236
Guide Tree 11/27
#NNI moves:0/236
Guide Tree 12/27
#NNI moves:0/236
Guide Tree 13/27
#NNI moves:0/236
Guide Tree 14/27
#NNI moves:0/236
Guide Tree 15/27
#NNI moves:0/236
Guide Tree 16/27
#NNI moves:1/236
Guide Tree 17/27
#NNI moves:0/236
Guide Tree 18/27
#NNI moves:0/236
Guide Tree 19/27
#NNI moves:0/236
Guide Tree 20/27
#NNI moves:0/236
Guide Tree 21/27
#NNI moves:0/236
Guide Tree 22/27
#NNI moves:0/236
Guide Tree 23/27
#NNI moves:0/236
Guide Tree 24/27
#NNI moves:0/236
Guide Tree 25/27
#NNI moves:0/236
Guide Tree 26/27
#NNI moves:1/236
Remaining: 0
#NNI moves:1/236
#NNI moves:1/236
(((((((((((((T30,T61),(T39,T98)),T197),(((T171,T27),T175),((((T181,(T22,T38)),T66),(T8,T160)),T13))),((((((T190,T187),(T65,(T96,T139))),((((T73,T131),T125),T198),(T94,T32))),(((T37,T28),T165),T4)),((((T112,T80),T150),(T24,T12)),(T132,T159))),(((T129,T31),(T155,T1)),T48))),((((((((T103,T118),T90),T148),(T179,(T106,T74))),T109),T54),(((T26,T72),T45),T16)),((T172,(T142,T57)),T113))),((((((T5,T135),T161),(T143,T84)),T195),((T137,T101),((T63,T92),T85))),(((T126,(T123,T77)),T58),T153))),((((T81,T64),T177),(((T10,T50),T76),(T70,T93))),T0)),(((((((T194,T180),((T114,(T6,T108)),T186)),(T200,T36)),(T115,T35)),(((((T71,(T128,(T97,(T170,T53)))),(T199,T20)),((T120,T184),T43)),(((((T55,T21),((T121,T130),T91)),(T182,T102)),(T42,((T193,T86),T33))),(((T167,T136),T75),T11))),((T104,T162),T88))),T25),(((T100,T51),T163),((T111,T117),T124)))),(((((((((((T185,T168),T127),(((T144,T157),T99),(T67,T138))),(T173,T3)),(T122,T41)),T23),((((T110,T147),T15),((T68,(T189,T141)),T192)),((T164,T49),T119))),(((((T134,T146),T59),T174),(T78,T95)),(T105,T69))),((((T176,T149),T62),T87),((((T188,T178),T154),(T107,T183)),((T158,T82),T166)))),(((T79,(T2,(T140,T7))),((T19,T89),T145)),((T152,(T156,(((((T52,T191),T47),((T151,T9),T196)),((T133,T60),T18)),T17))),(T169,T83)))),(T56,T40))),((T29,T116),(T34,T44))),T14),T46);
Guide Tree 0/27
#NNI moves:0/236
Guide Tree 1/27
#NNI moves:0/236
Guide Tree 2/27
#NNI moves:0/236
Guide Tree 3/27
#NNI moves:2/236
Guide Tree 4/27
#NNI moves:0/236
Guide Tree 5/27
#NNI moves:0/236
Guide Tree 6/27
#NNI moves:0/236
Guide Tree 7/27
#NNI moves:0/236
Guide Tree 8/27
#NNI moves:0/236
Guide Tree 9/27
#NNI moves:0/236
Guide Tree 10/27
#NNI moves:3/236
Guide Tree 11/27
#NNI moves:0/236
Guide Tree 12/27
#NNI moves:0/236
Guide Tree 13/27
#NNI moves:0/236
Guide Tree 14/27
#NNI moves:0/236
Guide Tree 15/27
#NNI moves:3/236
Guide Tree 16/27
#NNI moves:1/236
Guide Tree 17/27
#NNI moves:0/236
Guide Tree 18/27
#NNI moves:0/236
Guide Tree 19/27
#NNI moves:3/236
Guide Tree 20/27
#NNI moves:0/236
Guide Tree 21/27
#NNI moves:0/236
Guide Tree 22/27
#NNI moves:0/236
Guide Tree 23/27
#NNI moves:0/236
Guide Tree 24/27
#NNI moves:0/236
Guide Tree 25/27
#NNI moves:0/236
Guide Tree 26/27
#NNI moves:0/236
Remaining: 1
#NNI moves:5/236
#NNI moves:5/236
(((((((((((((((T94,T32),((T125,(T131,T73)),T198)),((T187,T190),((T139,T96),T65))),(((T37,T28),T165),T4)),((((T80,T112),T150),(T24,T12)),(T159,T132))),(((T155,T1),(T129,T31)),T48)),(((((((T38,T22),T181),T66),(T160,T8)),T13),((T171,T27),T175)),(((T30,T61),(T98,T39)),T197))),(((((((T74,T106),T179),((T90,(T103,T118)),T148)),T109),T54),(T16,((T72,T26),T45))),(((T142,T57),T172),T113))),(((((((T135,T5),T161),(T84,T143)),T195),(((T63,T92),T85),(T101,T137))),(T153,((T126,(T123,T77)),T58))),T0)),((((T10,T50),T76),(T70,T93)),((T81,T64),T177))),(((((((((T33,(T86,T193)),T42),(((T55,T21),(T91,(T130,T121))),(T182,T102))),((T75,(T136,T167)),T11)),((((((T53,T170),T97),T128),T71),(T20,T199)),((T120,T184),T43))),(T88,(T104,T162))),((((T180,T194),((T114,(T6,T108)),T186)),(T36,T200)),(T35,T115))),T25),(((T111,T117),T124),((T100,T51),T163)))),((((((((((((T157,T144),T99),(T67,T138)),(T127,(T185,T168))),(T173,T3)),(T122,T41)),T23),((((T68,(T141,T189)),T192),((T147,T110),T15)),(T119,(T49,T164)))),((T105,T69),((T78,T95),(((T146,T134),T59),T174)))),((((T107,T183),((T188,T178),T154)),(T166,(T158,T82))),(T87,(T62,(T176,T149))))),((((((((T47,(T52,T191)),((T151,T9),T196)),(T18,(T60,T133))),T17),T156),T152),(T169,T83)),((((T140,T7),T2),T79),(T145,(T89,T19))))),(T56,T40))),((T116,T29),(T44,T34))),T14),T46);
Guide Tree 0/27
#NNI moves:0/236
Guide Tree 1/27
#NNI moves:0/236
Guide Tree 2/27
#NNI moves:2/236
Guide Tree 3/27
#NNI moves:2/236
Guide Tree 4/27
#NNI moves:1/236
Guide Tree 5/27
#NNI moves:0/236
Guide Tree 6/27
#NNI moves:0/236
Guide Tree 7/27
#NNI moves:1/236
Guide Tree 8/27
#NNI moves:2/236
Guide Tree 9/27
#NNI moves:2/236
Guide Tree 10/27
#NNI moves:3/236
Guide Tree 11/27
#NNI moves:0/236
Guide Tree 12/27
#NNI moves:0/236
Guide Tree 13/27
#NNI moves:2/236
Guide Tree 14/27
#NNI moves:0/236
Guide Tree 15/27
#NNI moves:0/236
Guide Tree 16/27
#NNI moves:0/236
Guide Tree 17/27
#NNI moves:2/236
Guide Tree 18/27
#NNI moves:1/236
Guide Tree 19/27
#NNI moves:0/236
Guide Tree 20/27
#NNI moves:0/236
Guide Tree 21/27
#NNI moves:0/236
Guide Tree 22/27
#NNI moves:1/236
Guide Tree 23/27
#NNI moves:4/236
Guide Tree 24/27
#NNI moves:2/236
Guide Tree 25/27
#NNI moves:0/236
Guide Tree 26/27
#NNI moves:3/236
Remaining: 0
#NNI moves:5/236
#NNI moves:5/236
((((((((((((((T150,(T80,T112)),(T12,T24)),(T132,T159)),((((T190,T187),((T139,T96),T65)),((T32,T94),(((T131,T73),T125),T198))),((T165,(T37,T28)),T4))),(((T129,T31),(T1,T155)),T48)),((((T61,T30),(T39,T98)),T197),((T175,(T171,T27)),(T13,((T66,(T181,(T22,T38))),(T160,T8)))))),(((((T72,T26),T45),T16),((((((T118,T103),T90),T148),((T106,T74),T179)),T109),T54)),(((T142,T57),T172),T113))),(((((T63,T92),T85),(T137,T101)),(((T161,(T135,T5)),(T143,T84)),T195)),(T153,((T126,(T77,T123)),T58)))),((((T70,T93),(T76,(T10,T50))),((T64,T81),T177)),T0)),(((((((((T6,T108),T114),T186),(T194,T180)),(T200,T36)),(T115,T35)),((((((T33,(T86,T193)),T42),((((T121,T130),T91),(T55,T21)),(T102,T182))),((T75,(T136,T167)),T11)),((((T128,((T170,T53),T97)),T71),(T20,T199)),((T120,T184),T43))),((T104,T162),T88))),T25),((T124,(T111,T117)),(T163,(T51,T100))))),((((((((T15,(T110,T147)),((T68,(T141,T189)),T192)),(T119,(T49,T164))),((((((T67,T138),((T144,T157),T99)),(T127,(T168,T185))),(T3,T173)),(T122,T41)),T23)),((T69,T105),((T174,((T134,T146),T59)),(T78,T95)))),((((T154,(T178,T188)),(T183,T107)),((T158,T82),T166)),(T87,(T62,(T176,T149))))),((((T19,T89),T145),(((T7,T140),T2),T79)),((T152,((((((T52,T191),T47),((T9,T151),T196)),(T18,(T133,T60))),T17),T156)),(T169,T83)))),(T56,T40))),((T34,T44),(T116,T29))),T14),T46);
Initial score: 3.44941e+10
Initial tree: ((((((((((((((T150,(T80,T112)),(T12,T24)),(T132,T159)),((((T190,T187),((T139,T96),T65)),((T32,T94),(((T131,T73),T125),T198))),((T165,(T37,T28)),T4))),(((T129,T31),(T1,T155)),T48)),((((T61,T30),(T39,T98)),T197),((T175,(T171,T27)),(T13,((T66,(T181,(T22,T38))),(T160,T8)))))),(((((T72,T26),T45),T16),((((((T118,T103),T90),T148),((T106,T74),T179)),T109),T54)),(((T142,T57),T172),T113))),((((((T63,T92),T85),(T137,T101)),(((T161,(T135,T5)),(T143,T84)),T195)),(T153,((T126,(T77,T123)),T58))),T0)),(((T70,T93),(T76,(T10,T50))),((T64,T81),T177))),(((((((((T6,T108),T114),T186),(T194,T180)),(T200,T36)),(T115,T35)),((((((T33,(T86,T193)),T42),((((T121,T130),T91),(T55,T21)),(T102,T182))),((T75,(T136,T167)),T11)),((((T128,((T170,T53),T97)),T71),(T20,T199)),((T120,T184),T43))),((T104,T162),T88))),T25),((T124,(T111,T117)),(T163,(T51,T100))))),((((((((T15,(T110,T147)),((T68,(T141,T189)),T192)),(T119,(T49,T164))),((((((T67,T138),((T144,T157),T99)),(T127,(T168,T185))),(T3,T173)),(T122,T41)),T23)),((T69,T105),((T174,((T134,T146),T59)),(T78,T95)))),((((T154,(T178,T188)),(T183,T107)),((T158,T82),T166)),(T87,(T62,(T176,T149))))),((((T19,T89),T145),(((T7,T140),T2),T79)),((T152,((((((T52,T191),T47),((T9,T151),T196)),(T18,(T133,T60))),T17),T156)),(T169,T83)))),(T56,T40))),((T34,T44),(T116,T29))),T14),T46);
*** Subsample Process ***
Use two-step algorithm!
#NNI moves:1/236
Remaining: 0
#NNI moves:7/236
#NNI moves:7/236
((((((((((((((((((((((T110,T147),T15),(((T141,T189),T68),T192)),((T164,T49),T119)),(((T122,T41),((((T185,T168),T127),((T138,T67),(T99,(T144,T157)))),(T3,T173))),T23)),(((T174,((T146,T134),T59)),(T78,T95)),(T69,T105))),((((T183,T107),(T154,(T188,T178))),(T166,(T82,T158))),((T62,(T176,T149)),T87))),(((T145,(T19,T89)),(T79,((T7,T140),T2))),((T152,(((((T133,T60),T18),(((T191,T52),T47),((T9,T151),T196))),T17),T156)),(T169,T83)))),(T40,T56)),((T14,T46),((T34,T44),(T29,T116)))),((((((((((T86,T193),T33),T42),(((T21,T55),((T121,T130),T91)),(T102,T182))),(T11,((T136,T167),T75))),(((T120,T184),T43),((T71,(((T53,T170),T97),T128)),(T20,T199)))),(T88,(T162,T104))),(((((T114,(T6,T108)),T186),(T194,T180)),(T36,T200)),(T35,T115))),T25),((T124,(T111,T117)),((T100,T51),T163)))),(((((T10,T50),T76),(T93,T70)),((T81,T64),T177)),T0)),((((T137,T101),(T85,(T92,T63))),((((T5,T135),T161),(T84,T143)),T195)),(T153,(((T77,T123),T126),T58)))),(((((T72,T26),T45),T16),(((((T74,T106),T179),((T90,(T118,T103)),T148)),T109),T54)),((T172,(T142,T57)),T113))),((((T61,T30),(T39,T98)),T197),(((T171,T27),T175),((((T181,(T22,T38)),T66),(T8,T160)),T13)))),(((T31,T129),(T1,T155)),T48)),(((T150,(T80,T112)),(T12,T24)),(T132,T159))),(((T37,T28),T165),T4)),((T94,T32),(((T131,T73),T125),T198))),((T96,T139),T65)),T190),T187);
#NNI moves:0/236
Remaining: 0
#NNI moves:4/236
#NNI moves:4/236
((((((((((((((T165,(T28,T37)),T4),(((((T131,T73),T125),T198),(T94,T32)),((T187,T190),((T96,T139),T65)))),((T159,T132),(((T80,T112),T150),(T12,T24)))),(((T31,T129),(T1,T155)),T48)),((((T27,T171),T175),(((((T38,T22),T181),T66),(T160,T8)),T13)),(((T30,T61),(T39,T98)),T197))),((((((T148,((T103,T118),T90)),(T179,(T106,T74))),T109),T54),(T16,((T26,T72),T45))),(T113,((T142,T57),T172)))),((((((T123,T77),T126),T58),T153),((((T84,T143),((T5,T135),T161)),T195),((T101,T137),((T92,T63),T85)))),T0)),(((T70,T93),((T10,T50),T76)),(T177,(T64,T81)))),((((((((((T86,T193),T33),T42),((T102,T182),((T21,T55),((T130,T121),T91)))),((T75,(T136,T167)),T11)),(((T199,T20),((((T170,T53),T97),T128),T71)),((T184,T120),T43))),(T88,(T162,T104))),((((T194,T180),((T114,(T6,T108)),T186)),(T36,T200)),(T35,T115))),T25),(((T117,T111),T124),((T100,T51),T163)))),(((((((((((T138,T67),(T99,(T144,T157))),((T185,T168),T127)),(T173,T3)),(T41,T122)),T23),((((T110,T147),T15),(((T141,T189),T68),T192)),(T119,(T164,T49)))),((T105,T69),((T174,((T146,T134),T59)),(T78,T95)))),((((T183,T107),((T178,T188),T154)),((T82,T158),T166)),(T87,(T62,(T176,T149))))),(((T79,((T140,T7),T2)),((T19,T89),T145)),(((((((T60,T133),T18),(((T191,T52),T47),(T196,(T9,T151)))),T17),T156),T152),(T83,T169)))),(T56,T40))),((T34,T44),(T29,T116))),T46),T14);
#NNI moves:0/236
Remaining: 0
#NNI moves:6/236
#NNI moves:6/236
((((((((((((((((((((((((T168,T185),T127),(((T144,T157),T99),(T67,T138))),(T173,T3)),(T41,T122)),T23),((((T147,T110),T15),(((T141,T189),T68),T192)),((T49,T164),T119))),((T105,T69),((T78,T95),(T174,((T134,T146),T59))))),(((T62,(T149,T176)),T87),(((T107,T183),((T178,T188),T154)),((T82,T158),T166)))),(((T145,(T19,T89)),(((T7,T140),T2),T79)),((T83,T169),(((T17,((((T151,T9),T196),((T191,T52),T47)),(T18,(T133,T60)))),T156),T152)))),(T56,T40)),(((T44,T34),(T116,T29)),(T46,T14))),(((((((((T102,T182),((T91,(T121,T130)),(T21,T55))),(((T193,T86),T33),T42)),(T11,(T75,(T167,T136)))),((T43,(T120,T184)),((T71,(((T170,T53),T97),T128)),(T199,T20)))),(T88,(T162,T104))),(((T200,T36),((T186,((T6,T108),T114)),(T194,T180))),(T35,T115))),T25),((T124,(T111,T117)),((T51,T100),T163)))),(((T64,T81),T177),(((T50,T10),T76),(T93,T70)))),(((T153,(((T123,T77),T126),T58)),((((T84,T143),((T135,T5),T161)),T195),(((T63,T92),T85),(T101,T137)))),T0)),(((((((T74,T106),T179),(((T118,T103),T90),T148)),T109),T54),(((T26,T72),T45),T16)),((T172,(T142,T57)),T113))),(((((T66,((T38,T22),T181)),(T8,T160)),T13),((T27,T171),T175)),(((T39,T98),(T30,T61)),T197))),(((T1,T155),(T31,T129)),T48)),((((T112,T80),T150),(T24,T12)),(T159,T132))),(((T190,T187),(T65,(T139,T96))),((T198,(T125,(T73,T131))),(T32,T94)))),T4),T165),T37),T28);
#NNI moves:0/236
Remaining: 0
#NNI moves:2/236
#NNI moves:2/236
((((((((((((((((T144,T157),T99),(T138,T67)),((T168,T185),T127)),(T173,T3)),(T122,T41)),T23),(((((T141,T189),T68),T192),((T110,T147),T15)),((T164,T49),T119))),(((((T146,T134),T59),T174),(T78,T95)),(T69,T105))),((((T82,T158),T166),(((T178,T188),T154),(T107,T183))),(T87,((T149,T176),T62)))),(((((((((T191,T52),T47),((T9,T151),T196)),(T18,(T60,T133))),T17),T156),T152),(T169,T83)),((((T7,T140),T2),T79),((T89,T19),T145)))),(T56,T40)),(((((((((T171,T27),T175),(((T8,T160),(T66,((T22,T38),T181))),T13)),(((T39,T98),(T61,T30)),T197)),(((((T150,(T80,T112)),(T12,T24)),(T159,T132)),((((T94,T32),(((T73,T131),T125),T198)),(((T96,T139),T65),(T187,T190))),(T4,(T165,(T28,T37))))),(((T1,T155),(T129,T31)),T48))),((T113,(T172,(T142,T57))),((T16,(T45,(T26,T72))),((((((T103,T118),T90),T148),(T179,(T74,T106))),T109),T54)))),(((((T92,T63),T85),(T101,T137)),((((T135,T5),T161),(T84,T143)),T195)),(((T126,(T77,T123)),T58),T153))),((((T81,T64),T177),(((T10,T50),T76),(T93,T70))),T0)),(((((((T11,((T167,T136),T75)),(((T33,(T193,T86)),T42),((((T121,T130),T91),(T55,T21)),(T182,T102)))),((((T128,((T53,T170),T97)),T71),(T20,T199)),(T43,(T120,T184)))),(T88,(T104,T162))),((((T194,T180),(((T108,T6),T114),T186)),(T200,T36)),(T115,T35))),T25),(((T117,T111),T124),(T163,(T51,T100)))))),((T29,T116),(T34,T44))),T46),T14);
Current score: 3.44941e+10
Current tree: ((((((((((((((((T144,T157),T99),(T138,T67)),((T168,T185),T127)),(T173,T3)),(T122,T41)),T23),(((((T141,T189),T68),T192),((T110,T147),T15)),((T164,T49),T119))),(((((T146,T134),T59),T174),(T78,T95)),(T69,T105))),((((T82,T158),T166),(((T178,T188),T154),(T107,T183))),(T87,((T149,T176),T62)))),(((((((((T191,T52),T47),((T9,T151),T196)),(T18,(T60,T133))),T17),T156),T152),(T169,T83)),((((T7,T140),T2),T79),((T89,T19),T145)))),(T56,T40)),(((((T81,T64),T177),(((T10,T50),T76),(T93,T70))),(((((((T92,T63),T85),(T101,T137)),((((T135,T5),T161),(T84,T143)),T195)),(((T126,(T77,T123)),T58),T153)),T0),((((((T171,T27),T175),(((T8,T160),(T66,((T22,T38),T181))),T13)),(((T39,T98),(T61,T30)),T197)),(((((T150,(T80,T112)),(T12,T24)),(T159,T132)),((((T94,T32),(((T73,T131),T125),T198)),(((T96,T139),T65),(T187,T190))),(T4,(T165,(T28,T37))))),(((T1,T155),(T129,T31)),T48))),((T113,(T172,(T142,T57))),((T16,(T45,(T26,T72))),((((((T103,T118),T90),T148),(T179,(T74,T106))),T109),T54)))))),(((((((T11,((T167,T136),T75)),(((T33,(T193,T86)),T42),((((T121,T130),T91),(T55,T21)),(T182,T102)))),((((T128,((T53,T170),T97)),T71),(T20,T199)),(T43,(T120,T184)))),(T88,(T104,T162))),((((T194,T180),(((T108,T6),T114),T186)),(T200,T36)),(T115,T35))),T25),(((T117,T111),T124),(T163,(T51,T100)))))),((T29,T116),(T34,T44))),T14),T46);
Use two-step algorithm!
#NNI moves:1/236
Remaining: 0
#NNI moves:11/236
#NNI moves:11/236
(((((((((((((((((((((((T131,T73),T125),T198),(T32,T94)),(((T96,T139),T65),(T190,T187))),((T165,(T28,T37)),T4)),(((T150,(T112,T80)),(T12,T24)),(T159,T132))),(((T1,T155),(T31,T129)),T48)),(((((T160,T8),(((T22,T38),T181),T66)),T13),((T27,T171),T175)),(((T98,T39),(T30,T61)),T197))),((((((((T118,T103),T90),T148),((T106,T74),T179)),T109),T54),(T16,((T72,T26),T45))),(((T57,T142),T172),T113))),(((((T123,T77),T126),T58),T153),(((T85,(T92,T63)),(T137,T101)),(((T84,T143),(T161,(T5,T135))),T195)))),(((((T50,T10),T76),(T70,T93)),((T81,T64),T177)),T0)),((((((((T75,(T167,T136)),T11),(((T182,T102),(((T130,T121),T91),(T55,T21))),(((T86,T193),T33),T42))),((((((T53,T170),T97),T128),T71),(T199,T20)),((T184,T120),T43))),((T104,T162),T88)),((((((T6,T108),T114),T186),(T194,T180)),(T36,T200)),(T115,T35))),T25),((T163,(T51,T100)),(T124,(T117,T111))))),(((T44,T34),(T116,T29)),(T14,T46))),(T40,T56)),(((((T17,(((T196,(T151,T9)),(T47,(T52,T191))),((T60,T133),T18))),T156),T152),(T169,T83)),(((T2,(T140,T7)),T79),((T89,T19),T145)))),((((T154,(T178,T188)),(T183,T107)),(T166,(T158,T82))),((T62,(T176,T149)),T87))),((((T59,(T146,T134)),T174),(T78,T95)),(T105,T69))),((((((T185,T168),T127),((T67,T138),((T144,T157),T99))),(T3,T173)),(T41,T122)),T23)),(((T110,T147),T15),(((T141,T189),T68),T192))),T119),T164),T49);
#NNI moves:0/236
Remaining: 0
#NNI moves:5/236
#NNI moves:5/236
((((((((((((T58,((T123,T77),T126)),T153),(((T137,T101),(T85,(T63,T92))),((((T135,T5),T161),(T84,T143)),T195))),T0),((((((T171,T27),T175),(((T160,T8),(T66,((T38,T22),T181))),T13)),(((T98,T39),(T30,T61)),T197)),((((((T32,T94),(((T131,T73),T125),T198)),((T187,T190),((T139,T96),T65))),(((T28,T37),T165),T4)),((((T112,T80),T150),(T12,T24)),(T132,T159))),(((T129,T31),(T1,T155)),T48))),((((T142,T57),T172),T113),((T16,((T26,T72),T45)),((((T148,((T103,T118),T90)),((T74,T106),T179)),T109),T54))))),((((T10,T50),T76),(T93,T70)),((T64,T81),T177))),((((((((T75,(T167,T136)),T11),((((T86,T193),T33),T42),((((T130,T121),T91),(T21,T55)),(T182,T102)))),(((T71,(T128,(T97,(T53,T170)))),(T20,T199)),((T120,T184),T43))),((T162,T104),T88)),((T35,T115),(((((T6,T108),T114),T186),(T180,T194)),(T200,T36)))),T25),((T163,(T51,T100)),((T111,T117),T124)))),(((((((((T68,(T141,T189)),T192),((T147,T110),T15)),((T49,T164),T119)),((((((T168,T185),T127),(((T144,T157),T99),(T67,T138))),(T173,T3)),(T122,T41)),T23)),(((((T134,T146),T59),T174),(T95,T78)),(T69,T105))),(((((T178,T188),T154),(T107,T183)),(T166,(T82,T158))),(T87,((T176,T149),T62)))),((((((((T133,T60),T18),((T196,(T9,T151)),((T191,T52),T47))),T17),T156),T152),(T169,T83)),(((T2,(T7,T140)),T79),((T19,T89),T145)))),(T40,T56))),(T14,T46)),(T116,T29)),T44),T34);
#NNI moves:0/236
Remaining: 2
#NNI moves:4/236
#NNI moves:4/236
(((((((((((((((((((T91,(T121,T130)),(T21,T55)),(T182,T102)),((T33,(T86,T193)),T42)),(T11,((T136,T167),T75))),((T43,(T120,T184)),((T199,T20),((T128,(T97,(T170,T53))),T71)))),(T88,(T162,T104))),((T115,T35),(((((T108,T6),T114),T186),(T180,T194)),(T36,T200)))),T25),(((T117,T111),T124),(T163,(T51,T100)))),((((((((((((T168,T185),T127),(((T144,T157),T99),(T138,T67))),(T3,T173)),(T41,T122)),T23),((T119,(T164,T49)),(((T110,T147),T15),(T192,(T68,(T141,T189)))))),(((((T146,T134),T59),T174),(T78,T95)),(T69,T105))),(((T166,(T158,T82)),(((T178,T188),T154),(T107,T183))),((T62,(T176,T149)),T87))),(((((T7,T140),T2),T79),((T89,T19),T145)),((((((((T52,T191),T47),(T196,(T151,T9))),(T18,(T133,T60))),T17),T156),T152),(T83,T169)))),(T56,T40)),(((T44,T34),(T116,T29)),(T46,T14)))),((((T50,T10),T76),(T93,T70)),(T177,(T81,T64)))),((((((T27,T171),T175),(((((T38,T22),T181),T66),(T8,T160)),T13)),(((T30,T61),(T98,T39)),T197)),((((((T94,T32),(((T73,T131),T125),T198)),((T187,T190),((T96,T139),T65))),((T165,(T28,T37)),T4)),((((T80,T112),T150),(T24,T12)),(T132,T159))),(((T31,T129),(T1,T155)),T48))),(((((T72,T26),T45),T16),(T54,(((((T118,T103),T90),T148),((T106,T74),T179)),T109))),((T172,(T142,T57)),T113)))),T0),(((T126,(T123,T77)),T58),T153)),((((T5,T135),T161),(T143,T84)),T195)),((T92,T63),T85)),T101),T137);
#NNI moves:0/236
Remaining: 0
#NNI moves:5/236
#NNI moves:5/236
((((((((((((((T1,T155),(T129,T31)),T48),((((T165,(T37,T28)),T4),((((T125,(T131,T73)),T198),(T32,T94)),(((T96,T139),T65),(T190,T187)))),((T159,T132),((T150,(T80,T112)),(T12,T24))))),(((T13,(((T181,(T22,T38)),T66),(T160,T8))),(T175,(T171,T27))),(T197,((T98,T39),(T61,T30))))),((((((T179,(T106,T74)),(((T103,T118),T90),T148)),T109),T54),(((T26,T72),T45),T16)),(((T57,T142),T172),T113))),((((((T5,T135),T161),(T84,T143)),T195),(((T92,T63),T85),(T101,T137))),((((T77,T123),T126),T58),T153))),((((T64,T81),T177),(((T50,T10),T76),(T93,T70))),T0)),((((((T162,T104),T88),((((((T97,(T53,T170)),T128),T71),(T20,T199)),(T43,(T120,T184))),((((T136,T167),T75),T11),(((((T130,T121),T91),(T55,T21)),(T182,T102)),(T42,((T86,T193),T33)))))),((T35,T115),((T36,T200),(((T114,(T108,T6)),T186),(T180,T194))))),T25),((T163,(T51,T100)),((T111,T117),T124)))),((((((((((T141,T189),T68),T192),(T15,(T147,T110))),(T119,(T49,T164))),((((((T99,(T144,T157)),(T67,T138)),((T168,T185),T127)),(T3,T173)),(T122,T41)),T23)),(((((T134,T146),T59),T174),(T78,T95)),(T69,T105))),((((T107,T183),((T178,T188),T154)),((T158,T82),T166)),(((T176,T149),T62),T87))),(((((T140,T7),T2),T79),(T145,(T89,T19))),((((((((T151,T9),T196),(T47,(T191,T52))),((T60,T133),T18)),T17),T156),T152),(T83,T169)))),(T40,T56))),(T46,T14)),(T29,T116)),T34),T44);
Current score: 3.44941e+10
Current tree: ((T14,(((((((T64,T81),T177),(((T50,T10),T76),(T93,T70))),(((((((T1,T155),(T129,T31)),T48),((((T165,(T37,T28)),T4),((((T125,(T131,T73)),T198),(T32,T94)),(((T96,T139),T65),(T190,T187)))),((T159,T132),((T150,(T80,T112)),(T12,T24))))),(((T13,(((T181,(T22,T38)),T66),(T160,T8))),(T175,(T171,T27))),(T197,((T98,T39),(T61,T30))))),((((((T179,(T106,T74)),(((T103,T118),T90),T148)),T109),T54),(((T26,T72),T45),T16)),(((T57,T142),T172),T113))),(T0,((((((T5,T135),T161),(T84,T143)),T195),(((T92,T63),T85),(T101,T137))),((((T77,T123),T126),T58),T153))))),((((((T162,T104),T88),((((((T97,(T53,T170)),T128),T71),(T20,T199)),(T43,(T120,T184))),((((T136,T167),T75),T11),(((((T130,T121),T91),(T55,T21)),(T182,T102)),(T42,((T86,T193),T33)))))),((T35,T115),((T36,T200),(((T114,(T108,T6)),T186),(T180,T194))))),T25),((T163,(T51,T100)),((T111,T117),T124)))),((((((((((T141,T189),T68),T192),(T15,(T147,T110))),(T119,(T49,T164))),((((((T99,(T144,T157)),(T67,T138)),((T168,T185),T127)),(T3,T173)),(T122,T41)),T23)),(((((T134,T146),T59),T174),(T78,T95)),(T69,T105))),((((T107,T183),((T178,T188),T154)),((T158,T82),T166)),(((T176,T149),T62),T87))),(((((T140,T7),T2),T79),(T145,(T89,T19))),((((((((T151,T9),T196),(T47,(T191,T52))),((T60,T133),T18)),T17),T156),T152),(T83,T169)))),(T40,T56))),((T29,T116),(T34,T44)))),T46);
Final Tree: ((T14,(((((((T64,T81),T177),(((T50,T10),T76),(T93,T70))),(((((((T1,T155),(T129,T31)),T48),((((T165,(T37,T28)),T4),((((T125,(T131,T73)),T198),(T32,T94)),(((T96,T139),T65),(T190,T187)))),((T159,T132),((T150,(T80,T112)),(T12,T24))))),(((T13,(((T181,(T22,T38)),T66),(T160,T8))),(T175,(T171,T27))),(T197,((T98,T39),(T61,T30))))),((((((T179,(T106,T74)),(((T103,T118),T90),T148)),T109),T54),(((T26,T72),T45),T16)),(((T57,T142),T172),T113))),(T0,((((((T5,T135),T161),(T84,T143)),T195),(((T92,T63),T85),(T101,T137))),((((T77,T123),T126),T58),T153))))),((((((T162,T104),T88),((((((T97,(T53,T170)),T128),T71),(T20,T199)),(T43,(T120,T184))),((((T136,T167),T75),T11),(((((T130,T121),T91),(T55,T21)),(T182,T102)),(T42,((T86,T193),T33)))))),((T35,T115),((T36,T200),(((T114,(T108,T6)),T186),(T180,T194))))),T25),((T163,(T51,T100)),((T111,T117),T124)))),((((((((((T141,T189),T68),T192),(T15,(T147,T110))),(T119,(T49,T164))),((((((T99,(T144,T157)),(T67,T138)),((T168,T185),T127)),(T3,T173)),(T122,T41)),T23)),(((((T134,T146),T59),T174),(T78,T95)),(T69,T105))),((((T107,T183),((T178,T188),T154)),((T158,T82),T166)),(((T176,T149),T62),T87))),(((((T140,T7),T2),T79),(T145,(T89,T19))),((((((((T151,T9),T196),(T47,(T191,T52))),((T60,T133),T18)),T17),T156),T152),(T83,T169)))),(T40,T56))),((T29,T116),(T34,T44)))),T46);
Score: 3.449414804e+10

real	1m54.949s
user	45m15.161s
sys	0m17.071s
