Weighted ASTRAL - Hybrid
Version: v1.13.2.3
#Genetrees: 2000
#Species: 201
#Rounds: 4
#Samples: 4
#Threads: 32
Use two-step algorithm!
Guide Tree 0/27
#NNI moves:0/236
Guide Tree 1/27
#NNI moves:0/236
Guide Tree 2/27
#NNI moves:0/236
Guide Tree 3/27
#NNI moves:0/236
Guide Tree 4/27
#NNI moves:0/236
Guide Tree 5/27
#NNI moves:0/236
Guide Tree 6/27
#NNI moves:0/236
Guide Tree 7/27
#NNI moves:0/236
Guide Tree 8/27
#NNI moves:0/236
Guide Tree 9/27
#NNI moves:0/236
Guide Tree 10/27
#NNI moves:0/236
Guide Tree 11/27
#NNI moves:3/236
Guide Tree 12/27
#NNI moves:3/236
Guide Tree 13/27
#NNI moves:0/236
Guide Tree 14/27
#NNI moves:0/236
Guide Tree 15/27
#NNI moves:0/236
Guide Tree 16/27
#NNI moves:0/236
Guide Tree 17/27
#NNI moves:0/236
Guide Tree 18/27
#NNI moves:0/236
Guide Tree 19/27
#NNI moves:0/236
Guide Tree 20/27
#NNI moves:0/236
Guide Tree 21/27
#NNI moves:0/236
Guide Tree 22/27
#NNI moves:1/236
Guide Tree 23/27
#NNI moves:0/236
Guide Tree 24/27
#NNI moves:0/236
Guide Tree 25/27
#NNI moves:0/236
Guide Tree 26/27
#NNI moves:1/236
Remaining: 6
#NNI moves:2/236
#NNI moves:2/236
(((((((((((((((((T53,T190),T127),(((T38,T178),(T80,T172)),T198)),(((T104,((T194,T19),(((T131,T132),T33),T196))),(T73,T101)),((((T177,T13),T87),T18),T31))),((T122,T140),(((T117,T95),T71),(T130,(T183,T42))))),((T156,T30),T167)),(T189,((T15,T20),T32))),T0),(((((((T69,(T119,T75)),(T98,T44)),(T81,T111)),(T67,T118)),((T88,T157),T4)),(((T158,T166),((T142,T120),T193)),(T176,T2))),(((T78,T152),T1),(T143,(T185,T179))))),((((((T65,(T147,T129)),T51),T174),(((T171,T83),T116),T41)),((T187,T74),T154)),((((((((T48,T72),T186),T66),T46),T168),((T100,T184),(T199,T182))),((T134,T29),T136)),(T47,T26)))),((((((((((T188,T8),(((T7,T109),T191),(T92,T159))),(T161,T82)),T68),((T63,(T50,T90)),T84)),(((((T128,T96),T160),(T25,(T169,T49))),T108),((T79,T70),T115))),(T57,(T137,T61))),(((((T86,T155),T99),((((T64,T146),T125),T9),T22)),((T135,(T103,(T34,T162))),(T133,T16))),(T153,T107))),((((((T77,T149),(T148,T181)),T144),(T76,T114)),(((T3,T89),((((T91,T37),(T23,T105)),T6),(T5,(T56,T106)))),(T27,((T43,T200),((T180,((T173,T138),T94)),(((T52,T102),T164),T192)))))),((T195,(T163,T11)),((T28,T55),((T85,T112),T150))))),((T54,(T110,T59)),T39))),(((((T24,T121),T93),T60),(T170,T123)),(T14,T151))),(T21,(((T139,T36),T97),T45))),((T10,(T141,T35)),T126)),(((T145,T58),(T197,(T12,T17))),(((T165,T113),T175),T62))),T40),T124);
Guide Tree 0/27
#NNI moves:0/236
Guide Tree 1/27
#NNI moves:0/236
Guide Tree 2/27
#NNI moves:0/236
Guide Tree 3/27
#NNI moves:0/236
Guide Tree 4/27
#NNI moves:0/236
Guide Tree 5/27
#NNI moves:0/236
Guide Tree 6/27
#NNI moves:0/236
Guide Tree 7/27
#NNI moves:0/236
Guide Tree 8/27
#NNI moves:0/236
Guide Tree 9/27
#NNI moves:0/236
Guide Tree 10/27
#NNI moves:0/236
Guide Tree 11/27
#NNI moves:0/236
Guide Tree 12/27
#NNI moves:0/236
Guide Tree 13/27
#NNI moves:0/236
Guide Tree 14/27
#NNI moves:0/236
Guide Tree 15/27
#NNI moves:0/236
Guide Tree 16/27
#NNI moves:0/236
Guide Tree 17/27
#NNI moves:0/236
Guide Tree 18/27
#NNI moves:0/236
Guide Tree 19/27
#NNI moves:0/236
Guide Tree 20/27
#NNI moves:0/236
Guide Tree 21/27
#NNI moves:0/236
Guide Tree 22/27
#NNI moves:0/236
Guide Tree 23/27
#NNI moves:0/236
Guide Tree 24/27
#NNI moves:0/236
Guide Tree 25/27
#NNI moves:0/236
Guide Tree 26/27
#NNI moves:0/236
Remaining: 0
#NNI moves:8/236
#NNI moves:8/236
((((((((((((((((((T38,T178),(T172,T80)),T198),((T156,T30),T167)),((T53,T190),T127)),(((T104,((((T131,T132),T33),T196),(T194,T19))),(T101,T73)),((((T13,T177),T87),T18),T31))),(((T71,(T95,T117)),((T42,T183),T130)),(T122,T140))),(T189,((T15,T20),T32))),T0),((((((((T119,T75),T69),(T44,T98)),(T111,T81)),(T67,T118)),((T157,T88),T4)),(((T166,T158),((T120,T142),T193)),(T2,T176))),((T143,(T179,T185)),((T78,T152),T1)))),((((T187,T74),T154),((T174,(((T147,T129),T65),T51)),(((T83,T171),T116),T41))),((((((((T48,T72),T186),T66),T46),T168),((T100,T184),(T199,T182))),((T29,T134),T136)),(T26,T47)))),((((((((((T49,T169),T25),((T128,T96),T160)),T108),((T79,T70),T115)),((((T161,T82),((((T7,T109),T191),(T159,T92)),(T8,T188))),T68),((T63,(T90,T50)),T84))),((T61,T137),T57)),((((((T34,T162),T103),T135),(T133,T16)),((T22,(((T64,T146),T125),T9)),((T155,T86),T99))),(T153,T107))),((((((T77,T149),(T148,T181)),T144),(T114,T76)),(((((T180,((T138,T173),T94)),(((T52,T102),T164),T192)),(T200,T43)),T27),(((((T37,T91),(T105,T23)),T6),((T106,T56),T5)),(T3,T89)))),(((T28,T55),(T150,(T112,T85))),(T195,(T11,T163))))),(((T59,T110),T54),T39))),((T14,T151),((T60,((T121,T24),T93)),(T170,T123)))),(T21,((T97,(T139,T36)),T45))),(T126,(T10,(T141,T35)))),((((T165,T113),T175),T62),(((T17,T12),T197),(T145,T58)))),T40),T124);
Guide Tree 0/27
#NNI moves:0/236
Guide Tree 1/27
#NNI moves:0/236
Guide Tree 2/27
#NNI moves:0/236
Guide Tree 3/27
#NNI moves:0/236
Guide Tree 4/27
#NNI moves:0/236
Guide Tree 5/27
#NNI moves:0/236
Guide Tree 6/27
#NNI moves:0/236
Guide Tree 7/27
#NNI moves:0/236
Guide Tree 8/27
#NNI moves:0/236
Guide Tree 9/27
#NNI moves:0/236
Guide Tree 10/27
#NNI moves:0/236
Guide Tree 11/27
#NNI moves:0/236
Guide Tree 12/27
#NNI moves:0/236
Guide Tree 13/27
#NNI moves:0/236
Guide Tree 14/27
#NNI moves:0/236
Guide Tree 15/27
#NNI moves:0/236
Guide Tree 16/27
#NNI moves:0/236
Guide Tree 17/27
#NNI moves:0/236
Guide Tree 18/27
#NNI moves:0/236
Guide Tree 19/27
#NNI moves:0/236
Guide Tree 20/27
#NNI moves:0/236
Guide Tree 21/27
#NNI moves:0/236
Guide Tree 22/27
#NNI moves:0/236
Guide Tree 23/27
#NNI moves:0/236
Guide Tree 24/27
#NNI moves:0/236
Guide Tree 25/27
#NNI moves:0/236
Guide Tree 26/27
#NNI moves:0/236
Remaining: 1
#NNI moves:14/236
#NNI moves:14/236
(((((((((((((T11,T163),T195),((T55,T28),(T150,(T112,T85)))),((((((T56,T106),T5),(((T23,T105),(T91,T37)),T6)),(T3,T89)),(((T200,T43),(((T94,(T173,T138)),T180),(((T102,T52),T164),T192))),T27)),((((T181,T148),(T149,T77)),T144),(T114,T76)))),((((((((((T109,T7),T191),(T159,T92)),(T188,T8)),(T161,T82)),T68),(((T50,T90),T63),T84)),((((T160,(T96,T128)),((T49,T169),T25)),T108),((T70,T79),T115))),(T57,(T137,T61))),(((((((T64,T146),T125),T9),T22),((T155,T86),T99)),((((T34,T162),T103),T135),(T133,T16))),(T107,T153)))),((T54,(T110,T59)),T39)),(((((((T67,T118),(((T98,T44),(T69,(T119,T75))),(T111,T81))),((T157,T88),T4)),((T2,T176),((T166,T158),((T142,T120),T193)))),(((T185,T179),T143),(T1,(T78,T152)))),((((((((T183,T42),T130),((T95,T117),T71)),(T122,T140)),((((((T13,T177),T87),T18),T31),(((((T33,(T131,T132)),T196),(T19,T194)),T104),(T101,T73))),((((T38,T178),(T172,T80)),T198),(T127,(T53,T190))))),(T167,(T156,T30))),(((T20,T15),T32),T189)),T0)),((((T74,T187),T154),(((((T147,T129),T65),T51),T174),(((T171,T83),T116),T41))),((((((((T48,T72),T186),T66),T46),T168),((T100,T184),(T182,T199))),((T134,T29),T136)),(T26,T47))))),(((((T24,T121),T93),T60),(T123,T170)),(T14,T151))),(T21,((T97,(T36,T139)),T45))),(T126,((T35,T141),T10))),((((T17,T12),T197),(T58,T145)),((T175,(T113,T165)),T62))),T40),T124);
Guide Tree 0/27
#NNI moves:0/236
Guide Tree 1/27
#NNI moves:2/236
Guide Tree 2/27
#NNI moves:0/236
Guide Tree 3/27
#NNI moves:1/236
Guide Tree 4/27
#NNI moves:0/236
Guide Tree 5/27
#NNI moves:0/236
Guide Tree 6/27
#NNI moves:0/236
Guide Tree 7/27
#NNI moves:0/236
Guide Tree 8/27
#NNI moves:0/236
Guide Tree 9/27
#NNI moves:3/236
Guide Tree 10/27
#NNI moves:3/236
Guide Tree 11/27
#NNI moves:0/236
Guide Tree 12/27
#NNI moves:0/236
Guide Tree 13/27
#NNI moves:0/236
Guide Tree 14/27
#NNI moves:0/236
Guide Tree 15/27
#NNI moves:0/236
Guide Tree 16/27
#NNI moves:0/236
Guide Tree 17/27
#NNI moves:3/236
Guide Tree 18/27
#NNI moves:0/236
Guide Tree 19/27
#NNI moves:3/236
Guide Tree 20/27
#NNI moves:0/236
Guide Tree 21/27
#NNI moves:0/236
Guide Tree 22/27
#NNI moves:1/236
Guide Tree 23/27
#NNI moves:0/236
Guide Tree 24/27
#NNI moves:0/236
Guide Tree 25/27
#NNI moves:0/236
Guide Tree 26/27
#NNI moves:0/236
Remaining: 0
#NNI moves:10/236
#NNI moves:10/236
(((((((((((((((T79,T70),T115),(((T25,(T169,T49)),(T160,(T96,T128))),T108)),(((((T188,T8),(((T7,T109),T191),(T159,T92))),(T161,T82)),T68),(((T50,T90),T63),T84))),((T61,T137),T57)),((T153,T107),(((((T125,(T64,T146)),T9),T22),((T86,T155),T99)),((T16,T133),(((T162,T34),T103),T135))))),((((T27,(((((T138,T173),T94),T180),(T192,(T164,(T102,T52)))),(T200,T43))),(((T5,(T56,T106)),(((T91,T37),(T105,T23)),T6)),(T3,T89))),((((T181,T148),(T77,T149)),T144),(T76,T114))),(((T55,T28),((T85,T112),T150)),((T11,T163),T195)))),(((T59,T110),T54),T39)),((((((T176,T2),(((T142,T120),T193),(T166,T158))),(((T88,T157),T4),((((T44,T98),((T75,T119),T69)),(T111,T81)),(T118,T67)))),((T1,(T152,T78)),((T179,T185),T143))),((((((((((T196,(T33,(T131,T132))),(T194,T19)),T104),(T73,T101)),(T31,(((T13,T177),T87),T18))),(((T53,T190),T127),(((T38,T178),(T172,T80)),T198))),((T122,T140),((T71,(T117,T95)),((T42,T183),T130)))),((T156,T30),T167)),(((T20,T15),T32),T189)),T0)),(((((((((T72,T48),T186),T66),T46),T168),((T182,T199),(T184,T100))),(T136,(T29,T134))),(T47,T26)),(((T174,((T65,(T129,T147)),T51)),(((T171,T83),T116),T41)),(T154,(T187,T74)))))),(((T123,T170),(((T121,T24),T93),T60)),(T151,T14))),((T45,((T36,T139),T97)),T21)),(T126,((T141,T35),T10))),((((T17,T12),T197),(T145,T58)),(((T165,T113),T175),T62))),T40),T124);
Initial score: 2.56117e+10
Initial tree: (((((((((((((((T79,T70),T115),(((T25,(T169,T49)),(T160,(T96,T128))),T108)),(((((T188,T8),(((T7,T109),T191),(T159,T92))),(T161,T82)),T68),(((T50,T90),T63),T84))),((T61,T137),T57)),((T153,T107),(((((T125,(T64,T146)),T9),T22),((T86,T155),T99)),((T16,T133),(((T162,T34),T103),T135))))),((((T27,(((((T138,T173),T94),T180),(T192,(T164,(T102,T52)))),(T200,T43))),(((T5,(T56,T106)),(((T91,T37),(T105,T23)),T6)),(T3,T89))),((((T181,T148),(T77,T149)),T144),(T76,T114))),(((T55,T28),((T85,T112),T150)),((T11,T163),T195)))),(((T59,T110),T54),T39)),((((((T176,T2),(((T142,T120),T193),(T166,T158))),(((T88,T157),T4),((((T44,T98),((T75,T119),T69)),(T111,T81)),(T118,T67)))),((T1,(T152,T78)),((T179,T185),T143))),((((((((((T196,(T33,(T131,T132))),(T194,T19)),T104),(T73,T101)),(T31,(((T13,T177),T87),T18))),(((T53,T190),T127),(((T38,T178),(T172,T80)),T198))),((T122,T140),((T71,(T117,T95)),((T42,T183),T130)))),((T156,T30),T167)),(((T20,T15),T32),T189)),T0)),(((((((((T72,T48),T186),T66),T46),T168),((T182,T199),(T184,T100))),(T136,(T29,T134))),(T47,T26)),(((T174,((T65,(T129,T147)),T51)),(((T171,T83),T116),T41)),(T154,(T187,T74)))))),(((T123,T170),(((T121,T24),T93),T60)),(T151,T14))),((T45,((T36,T139),T97)),T21)),(T126,((T141,T35),T10))),((((T17,T12),T197),(T145,T58)),(((T165,T113),T175),T62))),T40),T124);
*** Subsample Process ***
Use two-step algorithm!
#NNI moves:0/236
Remaining: 0
#NNI moves:7/236
#NNI moves:7/236
((((((((((((((((((T98,T44),((T119,T75),T69)),(T111,T81)),(T67,T118)),((T88,T157),T4)),((T176,T2),(((T120,T142),T193),(T166,T158)))),(((T152,T78),T1),((T179,T185),T143))),((((((((((((T131,T132),T33),T196),(T19,T194)),T104),(T73,T101)),(((T87,(T13,T177)),T18),T31)),((((T38,T178),(T80,T172)),T198),(T127,(T190,T53)))),((((T95,T117),T71),((T183,T42),T130)),(T122,T140))),(T167,(T30,T156))),(((T15,T20),T32),T189)),T0)),((((((T199,T182),(T184,T100)),(((((T72,T48),T186),T66),T46),T168)),(T136,(T134,T29))),(T26,T47)),(((T174,((T65,(T129,T147)),T51)),(T41,((T171,T83),T116))),((T187,T74),T154)))),((((((T24,T121),T93),T60),(T123,T170)),(T14,T151)),((((T40,T124),((((T12,T17),T197),(T145,T58)),(((T113,T165),T175),T62))),(((T141,T35),T10),T126)),((((T36,T139),T97),T45),T21)))),(((T59,T110),T54),T39)),(((((T85,T112),T150),(T28,T55)),(T195,(T11,T163))),(((T114,T76),(T144,((T181,T148),(T149,T77)))),(((((((T138,T173),T94),T180),(T192,((T52,T102),T164))),(T200,T43)),T27),((((T56,T106),T5),(((T37,T91),(T23,T105)),T6)),(T3,T89)))))),(((((((T146,T64),T125),T9),T22),((T86,T155),T99)),((((T162,T34),T103),T135),(T133,T16))),(T153,T107))),((T61,T137),T57)),((((((T159,T92),((T109,T7),T191)),(T188,T8)),(T161,T82)),T68),(T84,((T50,T90),T63)))),(((T25,(T49,T169)),(T160,(T96,T128))),T108)),(T79,T70)),T115);
#NNI moves:0/236
Remaining: 3
#NNI moves:0/236
#NNI moves:0/236
(((((((((((((((((((T177,T13),T87),T18),T31),((T73,T101),(((T19,T194),(((T131,T132),T33),T196)),T104))),((T198,((T80,T172),(T38,T178))),(T127,(T53,T190)))),((((T117,T95),T71),(T130,(T183,T42))),(T140,T122))),((T30,T156),T167)),(((T15,T20),T32),T189)),T0),(((((((T69,(T119,T75)),(T98,T44)),(T111,T81)),(T67,T118)),((T88,T157),T4)),((T2,T176),((T166,T158),((T120,T142),T193)))),(((T152,T78),T1),(T143,(T185,T179))))),((((((T184,T100),(T182,T199)),(((((T48,T72),T186),T66),T46),T168)),((T29,T134),T136)),(T26,T47)),((((T51,((T147,T129),T65)),T174),(((T171,T83),T116),T41)),(T154,(T187,T74))))),((((((((((T146,T64),T125),T9),T22),((T155,T86),T99)),((T16,T133),(T135,((T162,T34),T103)))),(T107,T153)),(((T61,T137),T57),((((((T128,T96),T160),((T49,T169),T25)),T108),((T70,T79),T115)),((((T82,T161),(((T159,T92),((T7,T109),T191)),(T8,T188))),T68),(T84,((T50,T90),T63)))))),((((T150,(T85,T112)),(T55,T28)),((T163,T11),T195)),((((T89,T3),(((T106,T56),T5),(((T91,T37),(T105,T23)),T6))),(((((T94,(T138,T173)),T180),(((T52,T102),T164),T192)),(T43,T200)),T27)),((((T181,T148),(T77,T149)),T144),(T114,T76))))),(((T59,T110),T54),T39))),((T151,T14),((T170,T123),(T60,((T121,T24),T93))))),((T45,((T36,T139),T97)),T21)),(((T35,T141),T10),T126)),((((T113,T165),T175),T62),(((T17,T12),T197),(T58,T145)))),T124),T40);
#NNI moves:0/236
Remaining: 0
#NNI moves:3/236
#NNI moves:3/236
(((((((((((((((((((((((((T37,T91),(T23,T105)),T6),((T56,T106),T5)),(T3,T89)),(((((T94,(T138,T173)),T180),(T192,((T52,T102),T164))),(T43,T200)),T27)),((((T77,T149),(T181,T148)),T144),(T76,T114))),(((T150,(T112,T85)),(T55,T28)),((T11,T163),T195))),(((((T16,T133),(T135,(T103,(T34,T162)))),(((T86,T155),T99),((T9,(T125,(T64,T146))),T22))),(T153,T107)),(((T137,T61),T57),((((((((T7,T109),T191),(T92,T159)),(T188,T8)),(T82,T161)),T68),(((T90,T50),T63),T84)),(((((T96,T128),T160),(T25,(T49,T169))),T108),(T115,(T79,T70))))))),((T54,(T110,T59)),T39)),((((((T139,T36),T97),T45),T21),((((T62,((T165,T113),T175)),(((T17,T12),T197),(T58,T145))),(T124,T40)),((T10,(T141,T35)),T126))),(((T170,T123),(((T24,T121),T93),T60)),(T151,T14)))),(((((T29,T134),T136),(((T100,T184),(T199,T182)),(((((T48,T72),T186),T66),T46),T168))),(T26,T47)),(((((T83,T171),T116),T41),(T174,(T51,((T129,T147),T65)))),((T187,T74),T154)))),(((((((T44,T98),(T69,(T75,T119))),(T81,T111)),(T67,T118)),((T88,T157),T4)),(((T158,T166),((T142,T120),T193)),(T2,T176))),(((T179,T185),T143),((T152,T78),T1)))),T0),((T32,(T15,T20)),T189)),((T30,T156),T167)),((((T95,T117),T71),((T183,T42),T130)),(T140,T122))),((((T172,T80),(T38,T178)),T198),((T190,T53),T127))),(((T87,(T177,T13)),T18),T31)),(T101,T73)),T104),(T19,T194)),T196),(T132,T131)),T33);
#NNI moves:3/236
Remaining: 1
#NNI moves:10/236
#NNI moves:10/236
((((((((((((((((T90,T50),T63),T84),(((((T92,T159),((T7,T109),T191)),(T8,T188)),(T82,T161)),T68)),(((T70,T79),T115),((((T49,T169),T25),(T160,(T96,T128))),T108))),(T57,(T137,T61))),(((((T9,(T125,(T146,T64))),T22),((T155,T86),T99)),((((T162,T34),T103),T135),(T16,T133))),(T107,T153))),((((((((T94,(T138,T173)),T180),(((T102,T52),T164),T192)),(T43,T200)),T27),((((T56,T106),T5),(((T105,T23),(T37,T91)),T6)),(T89,T3))),((T114,T76),(((T149,T77),(T148,T181)),T144))),(((T11,T163),T195),(((T112,T85),T150),(T28,T55))))),(T39,((T59,T110),T54))),(((((((((T30,T156),T167),(((T38,T178),(T80,T172)),T198)),((T122,T140),((T190,T53),T127))),((((T18,((T177,T13),T87)),T31),((((T194,T19),((T33,(T131,T132)),T196)),T104),(T101,T73))),((T71,(T117,T95)),(T130,(T183,T42))))),((T32,(T15,T20)),T189)),T0),(((((((T98,T44),((T75,T119),T69)),(T111,T81)),(T67,T118)),(T4,(T157,T88))),((((T142,T120),T193),(T158,T166)),(T2,T176))),(((T185,T179),T143),((T78,T152),T1)))),((((T136,(T134,T29)),((((T66,(T186,(T72,T48))),T46),T168),((T182,T199),(T100,T184)))),(T26,T47)),(((T187,T74),T154),(((T116,(T171,T83)),T41),(((T65,(T129,T147)),T51),T174)))))),((((T93,(T24,T121)),T60),(T123,T170)),(T151,T14))),((((T139,T36),T97),T45),T21)),((T10,(T35,T141)),T126)),((((T113,T165),T175),T62),((T145,T58),((T17,T12),T197)))),T124),T40);
Current score: 2.56117e+10
Current tree: ((((((((((((((((T90,T50),T63),T84),(((((T92,T159),((T7,T109),T191)),(T8,T188)),(T82,T161)),T68)),(((T70,T79),T115),((((T49,T169),T25),(T160,(T96,T128))),T108))),(T57,(T137,T61))),(((((T9,(T125,(T146,T64))),T22),((T155,T86),T99)),((((T162,T34),T103),T135),(T16,T133))),(T107,T153))),((((((((T94,(T138,T173)),T180),(((T102,T52),T164),T192)),(T43,T200)),T27),((((T56,T106),T5),(((T105,T23),(T37,T91)),T6)),(T89,T3))),((T114,T76),(((T149,T77),(T148,T181)),T144))),(((T11,T163),T195),(((T112,T85),T150),(T28,T55))))),(T39,((T59,T110),T54))),(((((((T30,T156),T167),((((T71,(T117,T95)),(T130,(T183,T42))),(T122,T140)),(((((T38,T178),(T80,T172)),T198),((T190,T53),T127)),(((T18,((T177,T13),T87)),T31),((((T194,T19),((T33,(T131,T132)),T196)),T104),(T101,T73)))))),((T32,(T15,T20)),T189)),T0),(((((((T98,T44),((T75,T119),T69)),(T111,T81)),(T67,T118)),(T4,(T157,T88))),((((T142,T120),T193),(T158,T166)),(T2,T176))),(((T185,T179),T143),((T78,T152),T1)))),((((T136,(T134,T29)),((((T66,(T186,(T72,T48))),T46),T168),((T182,T199),(T100,T184)))),(T26,T47)),(((T187,T74),T154),(((T116,(T171,T83)),T41),(((T65,(T129,T147)),T51),T174)))))),((((T93,(T24,T121)),T60),(T123,T170)),(T151,T14))),((((T139,T36),T97),T45),T21)),((T10,(T35,T141)),T126)),((((T113,T165),T175),T62),((T145,T58),((T17,T12),T197)))),T40),T124);
Final Tree: ((((((((((((((((T90,T50),T63),T84),(((((T92,T159),((T7,T109),T191)),(T8,T188)),(T82,T161)),T68)),(((T70,T79),T115),((((T49,T169),T25),(T160,(T96,T128))),T108))),(T57,(T137,T61))),(((((T9,(T125,(T146,T64))),T22),((T155,T86),T99)),((((T162,T34),T103),T135),(T16,T133))),(T107,T153))),((((((((T94,(T138,T173)),T180),(((T102,T52),T164),T192)),(T43,T200)),T27),((((T56,T106),T5),(((T105,T23),(T37,T91)),T6)),(T89,T3))),((T114,T76),(((T149,T77),(T148,T181)),T144))),(((T11,T163),T195),(((T112,T85),T150),(T28,T55))))),(T39,((T59,T110),T54))),(((((((T30,T156),T167),((((T71,(T117,T95)),(T130,(T183,T42))),(T122,T140)),(((((T38,T178),(T80,T172)),T198),((T190,T53),T127)),(((T18,((T177,T13),T87)),T31),((((T194,T19),((T33,(T131,T132)),T196)),T104),(T101,T73)))))),((T32,(T15,T20)),T189)),T0),(((((((T98,T44),((T75,T119),T69)),(T111,T81)),(T67,T118)),(T4,(T157,T88))),((((T142,T120),T193),(T158,T166)),(T2,T176))),(((T185,T179),T143),((T78,T152),T1)))),((((T136,(T134,T29)),((((T66,(T186,(T72,T48))),T46),T168),((T182,T199),(T100,T184)))),(T26,T47)),(((T187,T74),T154),(((T116,(T171,T83)),T41),(((T65,(T129,T147)),T51),T174)))))),((((T93,(T24,T121)),T60),(T123,T170)),(T151,T14))),((((T139,T36),T97),T45),T21)),((T10,(T35,T141)),T126)),((((T113,T165),T175),T62),((T145,T58),((T17,T12),T197)))),T40),T124);
Score: 2.561174786e+10

real	2m47.086s
user	48m43.445s
sys	0m26.464s
