
RAxML-NG v. 1.1.0-master released on 04.08.2022 by The Exelixis Lab.
Developed by: Alexey M. Kozlov and Alexandros Stamatakis.
Contributors: Diego Darriba, Tomas Flouri, Benoit Morel, Sarah Lutteropp, Ben Bettisworth.
Latest version: https://github.com/amkozlov/raxml-ng
Questions/problems/suggestions? Please visit: https://groups.google.com/forum/#!forum/raxml

System: AMD EPYC 7742 64-Core Processor, 128 cores, 251 GB RAM

RAxML-NG was called at 02-Jan-2023 11:00:49 as follows:

/home/chaos/programs/raxml-ng/raxml-ng/bin/raxml-ng --msa data/alignment/5_0.1X_S201_0_haploid --tree pars{1} --model GTR+G --threads 64

Analysis options:
  run mode: ML tree search
  start tree(s): parsimony (1)
  random seed: 1672686048
  tip-inner: OFF
  pattern compression: ON
  per-rate scalers: OFF
  site repeats: ON
  fast spr radius: AUTO
  spr subtree cutoff: 1.000000
  branch lengths: proportional (ML estimate, algorithm: NR-FAST)
  SIMD kernels: AVX2
  parallelization: coarse-grained (auto), PTHREADS (64 threads), thread pinning: OFF

[00:00:00] Reading alignment from file: data/alignment/5_0.1X_S201_0_haploid
[00:00:02] Loaded alignment with 201 taxa and 5000000 sites

Alignment comprises 1 partitions and 386850 patterns

Partition 0: noname
Model: GTR+FO+G4m
Alignment sites / patterns: 5000000 / 386850
Gaps: 0.00 %
Invariant sites: 70.38 %


NOTE: Binary MSA file created: data/alignment/5_0.1X_S201_0_haploid.raxml.rba

Parallelization scheme autoconfig: 1 worker(s) x 64 thread(s)

Parallel reduction/worker buffer size: 1 KB  / 0 KB

[00:00:21] Generating 1 parsimony starting tree(s) with 201 taxa
[00:00:25] Data distribution: max. partitions/sites/weight per thread: 1 / 6045 / 96720
[00:00:25] Data distribution: max. searches per worker: 1

Starting ML tree search with 1 distinct starting trees

[00:00:26 -53100189.298593] Initial branch length optimization
[00:00:28 -25722259.315734] Model parameter optimization (eps = 10.000000)
[00:00:37 -25168602.399195] AUTODETECT spr round 1 (radius: 5)
[00:00:51 -25168285.522141] AUTODETECT spr round 2 (radius: 10)
[00:01:35 -25168285.522141] SPR radius for FAST iterations: 5 (autodetect)
[00:01:35 -25168285.522141] Model parameter optimization (eps = 3.000000)
[00:01:36 -25168285.510852] FAST spr round 1 (radius: 5)
[00:01:51 -25168285.510852] Model parameter optimization (eps = 1.000000)
[00:01:52 -25168285.475279] SLOW spr round 1 (radius: 5)
[00:02:48 -25168238.948630] SLOW spr round 2 (radius: 5)
[00:03:44 -25168211.717190] SLOW spr round 3 (radius: 5)
[00:04:40 -25168211.717190] SLOW spr round 4 (radius: 10)
[00:05:48 -25168211.717190] SLOW spr round 5 (radius: 15)
[00:08:03 -25168211.717190] SLOW spr round 6 (radius: 20)
[00:09:22 -25168211.717190] SLOW spr round 7 (radius: 25)
[00:09:38 -25168211.717190] Model parameter optimization (eps = 0.100000)

[00:09:38] ML tree search #1, logLikelihood: -25168211.692802


Optimized model parameters:

   Partition 0: noname
   Rate heterogeneity: GAMMA (4 cats, mean),  alpha: 0.596220 (ML),  weights&rates: (0.250000,0.052329) (0.250000,0.310165) (0.250000,0.879378) (0.250000,2.758128) 
   Base frequencies (ML): 0.263347 0.203440 0.314649 0.218564 
   Substitution rates (ML): 0.690610 2.282253 0.247957 1.280378 2.349203 1.000000 


Final LogLikelihood: -25168211.692802

AIC score: 50337239.385604 / AICc score: 50337239.452359 / BIC score: 50342716.764580
Free parameters (model + branch lengths): 408

Best ML tree saved to: /expanse/lustre/projects/uot138/chaos/ASTERISK-sim/data/alignment/5_0.1X_S201_0_haploid.raxml.bestTree
Optimized model saved to: /expanse/lustre/projects/uot138/chaos/ASTERISK-sim/data/alignment/5_0.1X_S201_0_haploid.raxml.bestModel

Execution log saved to: /expanse/lustre/projects/uot138/chaos/ASTERISK-sim/data/alignment/5_0.1X_S201_0_haploid.raxml.log

Analysis started: 02-Jan-2023 11:00:49 / finished: 02-Jan-2023 11:10:27

Elapsed time: 578.821 seconds

Consumed energy: 73.331 Wh

