Iteration 1:
Accurate Species Tree EstimatoR from Independent Site Kernals
Version: v1.13.0.0
#Base: 152204838
#Species: 201
#Rounds: 1
#Samples: 0
#Threads: 64
Use two-step algorithm!
Guide Tree 0/27
#NNI moves:0/236
Guide Tree 1/27
#NNI moves:1/236
Guide Tree 2/27
#NNI moves:2/236
Guide Tree 3/27
#NNI moves:1/236
Guide Tree 4/27
#NNI moves:0/236
Guide Tree 5/27
#NNI moves:2/236
Guide Tree 6/27
#NNI moves:1/236
Guide Tree 7/27
#NNI moves:2/236
Guide Tree 8/27
#NNI moves:1/236
Guide Tree 9/27
#NNI moves:3/236
Guide Tree 10/27
#NNI moves:4/236
Guide Tree 11/27
#NNI moves:5/236
Guide Tree 12/27
#NNI moves:0/236
Guide Tree 13/27
#NNI moves:1/236
Guide Tree 14/27
#NNI moves:0/236
Guide Tree 15/27
#NNI moves:0/236
Guide Tree 16/27
#NNI moves:0/236
Guide Tree 17/27
#NNI moves:4/236
Guide Tree 18/27
#NNI moves:3/236
Guide Tree 19/27
#NNI moves:1/236
Guide Tree 20/27
#NNI moves:0/236
Guide Tree 21/27
#NNI moves:0/236
Guide Tree 22/27
#NNI moves:1/236
Guide Tree 23/27
#NNI moves:1/236
Guide Tree 24/27
#NNI moves:1/236
Guide Tree 25/27
#NNI moves:1/236
Guide Tree 26/27
#NNI moves:1/236
Remaining: 0
#NNI moves:1/236
#NNI moves:1/236
((((((((((((((((T120,T142),T193),(T158,T166)),(T176,T2)),((((T111,T81),(((T75,T119),T69),(T44,T98))),(T67,T118)),(T4,(T88,T157)))),((T143,(T179,T185)),((T152,T78),T1))),(((((((((T172,T80),T198),(T178,T38)),(T167,(T156,T30))),((T190,T53),T127)),((((T42,T183),T130),((T95,T117),T71)),(T122,T140))),(((((T177,T13),T87),T18),T31),((((((T132,T131),T33),T196),(T194,T19)),T104),(T73,T101)))),(((T20,T15),T32),T189)),T0)),(((T47,T26),((((T182,T199),(T184,T100)),((((T186,(T72,T48)),T66),T46),T168)),((T29,T134),T136))),(((T41,((T83,T171),T116)),(T174,((T65,(T129,T147)),T51))),(T154,(T74,T187))))),(((T110,T59),T54),T39)),((((((((T192,((T52,T102),T164)),(((T173,T138),T94),T180)),(T200,T43)),T27),(((((T23,T105),(T91,T37)),T6),((T106,T5),T56)),(T89,T3))),((T144,((T149,T77),(T181,T148))),(T76,T114))),(((T150,(T112,T85)),(T55,T28)),((T163,T11),T195))),((((((((T64,T146),T125),T9),T22),((T155,T86),T99)),((T133,T16),(((T162,T34),T103),T135))),(T153,T107)),((T57,(T137,T61)),(((((T82,T161),(((T92,T159),((T109,T7),T191)),(T8,T188))),T68),(((T90,T50),T63),T84)),(((((T49,T169),T25),((T96,T128),T160)),T108),(T70,(T115,T79)))))))),((T151,T14),(((T93,(T24,T121)),T60),(T170,T123)))),((T45,(T97,(T36,T139))),T21)),(T126,((T141,T35),T10))),((((T113,T165),T175),T62),(((T17,T12),T197),(T145,T58)))),T40),T124);
Initial score: 5.48593e+09
Initial tree: ((((((((((((((((T120,T142),T193),(T158,T166)),(T176,T2)),((((T111,T81),(((T75,T119),T69),(T44,T98))),(T67,T118)),(T4,(T88,T157)))),((T143,(T179,T185)),((T152,T78),T1))),(((((((((T172,T80),T198),(T178,T38)),(T167,(T156,T30))),((T190,T53),T127)),((((T42,T183),T130),((T95,T117),T71)),(T122,T140))),(((((T177,T13),T87),T18),T31),((((((T132,T131),T33),T196),(T194,T19)),T104),(T73,T101)))),(((T20,T15),T32),T189)),T0)),(((T47,T26),((((T182,T199),(T184,T100)),((((T186,(T72,T48)),T66),T46),T168)),((T29,T134),T136))),(((T41,((T83,T171),T116)),(T174,((T65,(T129,T147)),T51))),(T154,(T74,T187))))),(((T110,T59),T54),T39)),((((((((T192,((T52,T102),T164)),(((T173,T138),T94),T180)),(T200,T43)),T27),(((((T23,T105),(T91,T37)),T6),((T106,T5),T56)),(T89,T3))),((T144,((T149,T77),(T181,T148))),(T76,T114))),(((T150,(T112,T85)),(T55,T28)),((T163,T11),T195))),((((((((T64,T146),T125),T9),T22),((T155,T86),T99)),((T133,T16),(((T162,T34),T103),T135))),(T153,T107)),((T57,(T137,T61)),(((((T82,T161),(((T92,T159),((T109,T7),T191)),(T8,T188))),T68),(((T90,T50),T63),T84)),(((((T49,T169),T25),((T96,T128),T160)),T108),(T70,(T115,T79)))))))),((T151,T14),(((T93,(T24,T121)),T60),(T170,T123)))),((T45,(T97,(T36,T139))),T21)),(T126,((T141,T35),T10))),((((T113,T165),T175),T62),(((T17,T12),T197),(T145,T58)))),T40),T124);
*** Subsample Process ***
Current score: 5.48593e+09
Current tree: ((((((((((((((((T120,T142),T193),(T158,T166)),(T176,T2)),((((T111,T81),(((T75,T119),T69),(T44,T98))),(T67,T118)),(T4,(T88,T157)))),((T143,(T179,T185)),((T152,T78),T1))),(((((((((T172,T80),T198),(T178,T38)),(T167,(T156,T30))),((T190,T53),T127)),((((T42,T183),T130),((T95,T117),T71)),(T122,T140))),(((((T177,T13),T87),T18),T31),((((((T132,T131),T33),T196),(T194,T19)),T104),(T73,T101)))),(((T20,T15),T32),T189)),T0)),(((T47,T26),((((T182,T199),(T184,T100)),((((T186,(T72,T48)),T66),T46),T168)),((T29,T134),T136))),(((T41,((T83,T171),T116)),(T174,((T65,(T129,T147)),T51))),(T154,(T74,T187))))),(((T110,T59),T54),T39)),((((((((T192,((T52,T102),T164)),(((T173,T138),T94),T180)),(T200,T43)),T27),(((((T23,T105),(T91,T37)),T6),((T106,T5),T56)),(T89,T3))),((T144,((T149,T77),(T181,T148))),(T76,T114))),(((T150,(T112,T85)),(T55,T28)),((T163,T11),T195))),((((((((T64,T146),T125),T9),T22),((T155,T86),T99)),((T133,T16),(((T162,T34),T103),T135))),(T153,T107)),((T57,(T137,T61)),(((((T82,T161),(((T92,T159),((T109,T7),T191)),(T8,T188))),T68),(((T90,T50),T63),T84)),(((((T49,T169),T25),((T96,T128),T160)),T108),(T70,(T115,T79)))))))),((T151,T14),(((T93,(T24,T121)),T60),(T170,T123)))),((T45,(T97,(T36,T139))),T21)),(T126,((T141,T35),T10))),((((T113,T165),T175),T62),(((T17,T12),T197),(T145,T58)))),T40),T124);
Final Tree: ((((((((((((((((T120,T142),T193),(T158,T166)),(T176,T2)),((((T111,T81),(((T75,T119),T69),(T44,T98))),(T67,T118)),(T4,(T88,T157)))),((T143,(T179,T185)),((T152,T78),T1))),(((((((((T172,T80),T198),(T178,T38)),(T167,(T156,T30))),((T190,T53),T127)),((((T42,T183),T130),((T95,T117),T71)),(T122,T140))),(((((T177,T13),T87),T18),T31),((((((T132,T131),T33),T196),(T194,T19)),T104),(T73,T101)))),(((T20,T15),T32),T189)),T0)),(((T47,T26),((((T182,T199),(T184,T100)),((((T186,(T72,T48)),T66),T46),T168)),((T29,T134),T136))),(((T41,((T83,T171),T116)),(T174,((T65,(T129,T147)),T51))),(T154,(T74,T187))))),(((T110,T59),T54),T39)),((((((((T192,((T52,T102),T164)),(((T173,T138),T94),T180)),(T200,T43)),T27),(((((T23,T105),(T91,T37)),T6),((T106,T5),T56)),(T89,T3))),((T144,((T149,T77),(T181,T148))),(T76,T114))),(((T150,(T112,T85)),(T55,T28)),((T163,T11),T195))),((((((((T64,T146),T125),T9),T22),((T155,T86),T99)),((T133,T16),(((T162,T34),T103),T135))),(T153,T107)),((T57,(T137,T61)),(((((T82,T161),(((T92,T159),((T109,T7),T191)),(T8,T188))),T68),(((T90,T50),T63),T84)),(((((T49,T169),T25),((T96,T128),T160)),T108),(T70,(T115,T79)))))))),((T151,T14),(((T93,(T24,T121)),T60),(T170,T123)))),((T45,(T97,(T36,T139))),T21)),(T126,((T141,T35),T10))),((((T113,T165),T175),T62),(((T17,T12),T197),(T145,T58)))),T40),T124);
Score: 5.48593e+09

real	2m45.499s
user	80m41.424s
sys	0m7.847s
