
RAxML-NG v. 1.1.0-master released on 04.08.2022 by The Exelixis Lab.
Developed by: Alexey M. Kozlov and Alexandros Stamatakis.
Contributors: Diego Darriba, Tomas Flouri, Benoit Morel, Sarah Lutteropp, Ben Bettisworth.
Latest version: https://github.com/amkozlov/raxml-ng
Questions/problems/suggestions? Please visit: https://groups.google.com/forum/#!forum/raxml

System: AMD EPYC 7742 64-Core Processor, 128 cores, 251 GB RAM

RAxML-NG was called at 02-Jan-2023 11:00:48 as follows:

/home/chaos/programs/raxml-ng/raxml-ng/bin/raxml-ng --msa data/alignment/6_0.1X_S201_0_haploid --tree pars{1} --model GTR+G --threads 64

Analysis options:
  run mode: ML tree search
  start tree(s): parsimony (1)
  random seed: 1672686048
  tip-inner: OFF
  pattern compression: ON
  per-rate scalers: OFF
  site repeats: ON
  fast spr radius: AUTO
  spr subtree cutoff: 1.000000
  branch lengths: proportional (ML estimate, algorithm: NR-FAST)
  SIMD kernels: AVX2
  parallelization: coarse-grained (auto), PTHREADS (64 threads), thread pinning: OFF

[00:00:00] Reading alignment from file: data/alignment/6_0.1X_S201_0_haploid
[00:00:02] Loaded alignment with 201 taxa and 5000000 sites

Alignment comprises 1 partitions and 404002 patterns

Partition 0: noname
Model: GTR+FO+G4m
Alignment sites / patterns: 5000000 / 404002
Gaps: 0.00 %
Invariant sites: 74.58 %


NOTE: Binary MSA file created: data/alignment/6_0.1X_S201_0_haploid.raxml.rba

Parallelization scheme autoconfig: 1 worker(s) x 64 thread(s)

Parallel reduction/worker buffer size: 1 KB  / 0 KB

[00:00:21] Generating 1 parsimony starting tree(s) with 201 taxa
[00:00:25] Data distribution: max. partitions/sites/weight per thread: 1 / 6313 / 101008
[00:00:25] Data distribution: max. searches per worker: 1

Starting ML tree search with 1 distinct starting trees

[00:00:25 -52124918.090581] Initial branch length optimization
[00:00:27 -24247298.237863] Model parameter optimization (eps = 10.000000)
[00:00:36 -23912481.660733] AUTODETECT spr round 1 (radius: 5)
[00:00:52 -23911545.640743] AUTODETECT spr round 2 (radius: 10)
[00:01:35 -23911545.640701] SPR radius for FAST iterations: 5 (autodetect)
[00:01:35 -23911545.640701] Model parameter optimization (eps = 3.000000)
[00:01:36 -23911545.634919] FAST spr round 1 (radius: 5)
[00:01:53 -23911395.328398] FAST spr round 2 (radius: 5)
[00:02:11 -23911212.535407] FAST spr round 3 (radius: 5)
[00:02:28 -23911147.150692] FAST spr round 4 (radius: 5)
[00:02:46 -23911087.066730] FAST spr round 5 (radius: 5)
[00:03:04 -23911027.779397] FAST spr round 6 (radius: 5)
[00:03:22 -23910970.109950] FAST spr round 7 (radius: 5)
[00:03:41 -23910964.432598] FAST spr round 8 (radius: 5)
[00:03:58 -23910964.432598] Model parameter optimization (eps = 1.000000)
[00:03:59 -23910964.429207] SLOW spr round 1 (radius: 5)
[00:04:59 -23910791.784086] SLOW spr round 2 (radius: 5)
[00:05:54 -23910787.430773] SLOW spr round 3 (radius: 5)
[00:06:47 -23910787.430773] SLOW spr round 4 (radius: 10)
[00:07:48 -23910787.430773] SLOW spr round 5 (radius: 15)
[00:09:53 -23910787.430773] SLOW spr round 6 (radius: 20)
[00:11:40 -23910787.430773] SLOW spr round 7 (radius: 25)
[00:12:18 -23910787.430773] Model parameter optimization (eps = 0.100000)

[00:12:19] ML tree search #1, logLikelihood: -23910787.427666


Optimized model parameters:

   Partition 0: noname
   Rate heterogeneity: GAMMA (4 cats, mean),  alpha: 0.347290 (ML),  weights&rates: (0.250000,0.009901) (0.250000,0.141447) (0.250000,0.667312) (0.250000,3.181340) 
   Base frequencies (ML): 0.279554 0.266221 0.214316 0.239909 
   Substitution rates (ML): 0.774895 2.801391 0.887009 1.089260 1.678850 1.000000 


Final LogLikelihood: -23910787.427666

AIC score: 47822390.855331 / AICc score: 47822390.922085 / BIC score: 47827868.234307
Free parameters (model + branch lengths): 408

Best ML tree saved to: /expanse/lustre/projects/uot138/chaos/ASTERISK-sim/data/alignment/6_0.1X_S201_0_haploid.raxml.bestTree
Optimized model saved to: /expanse/lustre/projects/uot138/chaos/ASTERISK-sim/data/alignment/6_0.1X_S201_0_haploid.raxml.bestModel

Execution log saved to: /expanse/lustre/projects/uot138/chaos/ASTERISK-sim/data/alignment/6_0.1X_S201_0_haploid.raxml.log

Analysis started: 02-Jan-2023 11:00:48 / finished: 02-Jan-2023 11:13:08

Elapsed time: 740.014 seconds

Consumed energy: 95.334 Wh

