Weighted ASTRAL - Hybrid
Version: v1.13.2.3
#Genetrees: 2000
#Species: 201
#Rounds: 4
#Samples: 4
#Threads: 32
Use two-step algorithm!
Guide Tree 0/27
#NNI moves:0/236
Guide Tree 1/27
#NNI moves:0/236
Guide Tree 2/27
#NNI moves:1/236
Guide Tree 3/27
#NNI moves:1/236
Guide Tree 4/27
#NNI moves:0/236
Guide Tree 5/27
#NNI moves:0/236
Guide Tree 6/27
#NNI moves:0/236
Guide Tree 7/27
#NNI moves:0/236
Guide Tree 8/27
#NNI moves:0/236
Guide Tree 9/27
#NNI moves:1/236
Guide Tree 10/27
#NNI moves:0/236
Guide Tree 11/27
#NNI moves:1/236
Guide Tree 12/27
#NNI moves:0/236
Guide Tree 13/27
#NNI moves:0/236
Guide Tree 14/27
#NNI moves:0/236
Guide Tree 15/27
#NNI moves:0/236
Guide Tree 16/27
#NNI moves:0/236
Guide Tree 17/27
#NNI moves:0/236
Guide Tree 18/27
#NNI moves:1/236
Guide Tree 19/27
#NNI moves:1/236
Guide Tree 20/27
#NNI moves:0/236
Guide Tree 21/27
#NNI moves:1/236
Guide Tree 22/27
#NNI moves:0/236
Guide Tree 23/27
#NNI moves:0/236
Guide Tree 24/27
#NNI moves:1/236
Guide Tree 25/27
#NNI moves:1/236
Guide Tree 26/27
#NNI moves:0/236
Remaining: 1
#NNI moves:0/236
#NNI moves:0/236
(((((((((((((((((T104,T160),T47),T30),T18),T66),((((T54,T151),T45),((T57,(T99,T146)),(T109,T21))),((T137,T188),T27))),((((((T199,T167),T178),(T120,T42)),T10),((((T20,T169),T82),T190),T65)),((((T39,T159),T161),(T79,T2)),T60))),(((T187,T56),T95),T183)),(((T117,T34),T124),((T92,T58),T11))),((((((T74,(T175,T163)),T148),(T114,T83)),(T22,T110)),((((T162,T196),T16),T84),(((((T192,T14),T166),(T19,T107)),T97),T70))),((((((((T152,T100),(T176,T179)),T5),T85),(T158,T200)),(T67,(T32,T53))),T40),(T149,T115)))),(((((T102,(T80,T140)),T123),(((T72,T130),T112),(T143,T126))),(T46,T24)),T156)),(((((((((((((T3,((T132,T90),T91)),((T49,(T136,T147)),T96)),((T23,T164),T4)),((T26,T88),(T171,T31))),((T101,T64),(T106,(T50,T35)))),(((T103,T127),((T142,T105),T128)),((T172,T68),T111))),(((T63,T25),(T43,T48)),(((T29,(T133,T52)),T13),T76))),(((T198,T71),(T15,T28)),(((((T129,T98),((T141,T131),T73)),T153),(T51,T41)),(T150,T144)))),((((T55,T170),T1),((T81,T116),T135)),(T12,T9))),((T194,T139),(T125,T182))),((T78,T33),T36)),T157),(((((T44,T173),T75),(T89,(T138,(T121,T6)))),((((((T145,T185),((T86,(T87,T108)),(T17,T122))),((T113,T62),T93)),((((T197,T38),(T37,T77)),(T134,T119)),T195)),(T154,T181)),(T155,T118))),(((T174,(T165,T193)),T189),(T59,T184))))),T0),(((T94,T177),(T7,T180)),T191)),(T8,T69)),(T168,T61)),T186);
Guide Tree 0/27
#NNI moves:1/236
Guide Tree 1/27
#NNI moves:0/236
Guide Tree 2/27
#NNI moves:1/236
Guide Tree 3/27
#NNI moves:1/236
Guide Tree 4/27
#NNI moves:0/236
Guide Tree 5/27
#NNI moves:0/236
Guide Tree 6/27
#NNI moves:3/236
Guide Tree 7/27
#NNI moves:0/236
Guide Tree 8/27
#NNI moves:3/236
Guide Tree 9/27
#NNI moves:3/236
Guide Tree 10/27
#NNI moves:1/236
Guide Tree 11/27
#NNI moves:3/236
Guide Tree 12/27
#NNI moves:0/236
Guide Tree 13/27
#NNI moves:1/236
Guide Tree 14/27
#NNI moves:3/236
Guide Tree 15/27
#NNI moves:1/236
Guide Tree 16/27
#NNI moves:3/236
Guide Tree 17/27
#NNI moves:0/236
Guide Tree 18/27
#NNI moves:3/236
Guide Tree 19/27
#NNI moves:1/236
Guide Tree 20/27
#NNI moves:1/236
Guide Tree 21/27
#NNI moves:0/236
Guide Tree 22/27
#NNI moves:0/236
Guide Tree 23/27
#NNI moves:1/236
Guide Tree 24/27
#NNI moves:3/236
Guide Tree 25/27
#NNI moves:3/236
Guide Tree 26/27
#NNI moves:1/236
Remaining: 1
#NNI moves:2/236
#NNI moves:2/236
(((((((((((((((T30,((T104,T160),T47)),T18),T66),(((((T99,T146),T57),(T21,T109)),((T54,T151),T45)),((T188,T137),T27))),((((((T199,T167),T178),(T120,T42)),T10),(((T82,(T169,T20)),T190),T65)),(((T161,(T159,T39)),(T79,T2)),T60))),(((T187,T56),T95),T183)),((T11,(T58,T92)),(T124,(T117,T34)))),((((T70,(((T19,T107),(T166,(T192,T14))),T97)),(((T196,T162),T16),T84)),(((((T163,T175),T74),T148),(T114,T83)),(T22,T110))),((((((((T152,T100),(T176,T179)),T5),T85),(T200,T158)),(T67,(T32,T53))),T40),(T115,T149)))),((((((T80,T140),T102),T123),((T112,(T130,T72)),(T126,T143))),(T24,T46)),T156)),((((((((((T122,T17),((T87,T108),T86)),(T145,T185)),(T93,(T113,T62))),(T195,(((T77,T37),(T38,T197)),(T119,T134)))),(T181,T154)),(T118,T155)),((T75,(T44,T173)),(T89,((T121,T6),T138)))),((((T165,T193),T174),T189),(T184,T59))),((((((((T81,T116),T135),((T55,T170),T1)),(T9,T12)),((((((((((T136,T147),T49),T96),(T3,((T132,T90),T91))),(T4,(T23,T164))),((T31,T171),(T26,T88))),(((T50,T35),T106),(T101,T64))),(((T68,T172),T111),((T103,T127),(T128,(T105,T142))))),(((((T133,T52),T29),T13),T76),((T25,T63),(T43,T48)))),(((T71,T198),(T15,T28)),(((((T129,T98),(T73,(T141,T131))),T153),(T41,T51)),(T150,T144))))),((T139,T194),(T182,T125))),((T78,T33),T36)),T157))),T0),(((T94,T177),(T180,T7)),T191)),(T69,T8)),(T168,T61)),T186);
Guide Tree 0/27
#NNI moves:0/236
Guide Tree 1/27
#NNI moves:0/236
Guide Tree 2/27
#NNI moves:0/236
Guide Tree 3/27
#NNI moves:0/236
Guide Tree 4/27
#NNI moves:0/236
Guide Tree 5/27
#NNI moves:0/236
Guide Tree 6/27
#NNI moves:0/236
Guide Tree 7/27
#NNI moves:0/236
Guide Tree 8/27
#NNI moves:0/236
Guide Tree 9/27
#NNI moves:1/236
Guide Tree 10/27
#NNI moves:0/236
Guide Tree 11/27
#NNI moves:0/236
Guide Tree 12/27
#NNI moves:0/236
Guide Tree 13/27
#NNI moves:0/236
Guide Tree 14/27
#NNI moves:0/236
Guide Tree 15/27
#NNI moves:1/236
Guide Tree 16/27
#NNI moves:1/236
Guide Tree 17/27
#NNI moves:0/236
Guide Tree 18/27
#NNI moves:0/236
Guide Tree 19/27
#NNI moves:0/236
Guide Tree 20/27
#NNI moves:0/236
Guide Tree 21/27
#NNI moves:0/236
Guide Tree 22/27
#NNI moves:3/236
Guide Tree 23/27
#NNI moves:0/236
Guide Tree 24/27
#NNI moves:0/236
Guide Tree 25/27
#NNI moves:0/236
Guide Tree 26/27
#NNI moves:0/236
Remaining: 0
#NNI moves:2/236
#NNI moves:2/236
(((((((((((((((((((T23,T164),T4),((T3,((T90,T132),T91)),(((T136,T147),T49),T96))),((T88,T26),(T171,T31))),((T106,(T50,T35)),(T64,T101))),(((T68,T172),T111),(((T105,T142),T128),(T127,T103)))),((T76,(((T52,T133),T29),T13)),((T63,T25),(T48,T43)))),(((((((T141,T131),T73),(T129,T98)),T153),(T41,T51)),(T150,T144)),((T15,T28),(T198,T71)))),((((T116,T81),T135),(T1,(T170,T55))),(T12,T9))),((T182,T125),(T194,T139))),((T78,T33),T36)),T157),((((((((T145,T185),(((T87,T108),T86),(T17,T122))),(T93,(T113,T62))),(T195,((T134,T119),((T37,T77),(T197,T38))))),(T181,T154)),(T155,T118)),(((T173,T44),T75),(T89,((T6,T121),T138)))),((T184,T59),(((T165,T193),T174),T189)))),((((((((((T47,(T104,T160)),T30),T18),T66),(((((T99,T146),T57),(T109,T21)),(T45,(T54,T151))),((T137,T188),T27))),(((T65,(((T169,T20),T82),T190)),(((T120,T42),((T167,T199),T178)),T10)),(T60,((T79,T2),((T39,T159),T161))))),(((T187,T56),T95),T183)),(((T117,T34),T124),((T92,T58),T11))),((((((T74,(T163,T175)),T148),(T83,T114)),(T22,T110)),((((T196,T162),T16),T84),((((T19,T107),(T166,(T14,T192))),T97),T70))),((((((((T100,T152),(T176,T179)),T5),T85),(T158,T200)),(T67,(T53,T32))),T40),(T115,T149)))),((((((T72,T130),T112),(T143,T126)),(((T140,T80),T102),T123)),(T24,T46)),T156))),T0),(((T177,T94),(T180,T7)),T191)),(T8,T69)),(T61,T168)),T186);
Guide Tree 0/27
#NNI moves:1/236
Guide Tree 1/27
#NNI moves:0/236
Guide Tree 2/27
#NNI moves:1/236
Guide Tree 3/27
#NNI moves:0/236
Guide Tree 4/27
#NNI moves:1/236
Guide Tree 5/27
#NNI moves:0/236
Guide Tree 6/27
#NNI moves:0/236
Guide Tree 7/27
#NNI moves:1/236
Guide Tree 8/27
#NNI moves:0/236
Guide Tree 9/27
#NNI moves:0/236
Guide Tree 10/27
#NNI moves:0/236
Guide Tree 11/27
#NNI moves:0/236
Guide Tree 12/27
#NNI moves:0/236
Guide Tree 13/27
#NNI moves:1/236
Guide Tree 14/27
#NNI moves:1/236
Guide Tree 15/27
#NNI moves:0/236
Guide Tree 16/27
#NNI moves:0/236
Guide Tree 17/27
#NNI moves:0/236
Guide Tree 18/27
#NNI moves:0/236
Guide Tree 19/27
#NNI moves:1/236
Guide Tree 20/27
#NNI moves:1/236
Guide Tree 21/27
#NNI moves:0/236
Guide Tree 22/27
#NNI moves:0/236
Guide Tree 23/27
#NNI moves:0/236
Guide Tree 24/27
#NNI moves:0/236
Guide Tree 25/27
#NNI moves:0/236
Guide Tree 26/27
#NNI moves:0/236
Remaining: 1
#NNI moves:3/236
#NNI moves:3/236
(((((((((((((((((T20,T169),T82),T190),T65),(((T178,(T167,T199)),(T120,T42)),T10)),(((T161,(T39,T159)),(T79,T2)),T60)),((((T45,(T54,T151)),((T21,T109),((T99,T146),T57))),(T27,(T188,T137))),(((((T160,T104),T47),T30),T18),T66))),((T95,(T187,T56)),T183)),(((T117,T34),T124),((T58,T92),T11))),((((((T53,T32),T67),(((((T100,T152),(T179,T176)),T5),T85),(T200,T158))),T40),(T115,T149)),((((T83,T114),(T148,((T163,T175),T74))),(T110,T22)),((((T162,T196),T16),T84),((((T166,(T14,T192)),(T107,T19)),T97),T70))))),((((T123,((T140,T80),T102)),((T112,(T130,T72)),(T126,T143))),(T24,T46)),T156)),((((((((((T111,(T68,T172)),(((T105,T142),T128),(T127,T103))),((((T50,T35),T106),(T64,T101)),(((T31,T171),(T88,T26)),((((T91,(T90,T132)),T3),(T96,((T147,T136),T49))),((T23,T164),T4))))),((((T29,(T133,T52)),T13),T76),((T63,T25),(T48,T43)))),((((((T129,T98),(T73,(T131,T141))),T153),(T41,T51)),(T150,T144)),((T71,T198),(T28,T15)))),((T12,T9),((T135,(T81,T116)),((T55,T170),T1)))),((T194,T139),(T125,T182))),((T33,T78),T36)),T157),((((T118,T155),(((((T185,T145),((T17,T122),((T87,T108),T86))),((T62,T113),T93)),(((T134,T119),((T77,T37),(T38,T197))),T195)),(T154,T181))),(((T44,T173),T75),((T138,(T6,T121)),T89))),((((T165,T193),T174),T189),(T184,T59))))),T0),(((T177,T94),(T180,T7)),T191)),(T69,T8)),(T168,T61)),T186);
Initial score: 2.5775e+10
Initial tree: (((((((((((((((((T20,T169),T82),T190),T65),(((T178,(T167,T199)),(T120,T42)),T10)),(((T161,(T39,T159)),(T79,T2)),T60)),((((T45,(T54,T151)),((T21,T109),((T99,T146),T57))),(T27,(T188,T137))),(((((T160,T104),T47),T30),T18),T66))),((T95,(T187,T56)),T183)),(((T117,T34),T124),((T58,T92),T11))),((((((T53,T32),T67),(((((T100,T152),(T179,T176)),T5),T85),(T200,T158))),T40),(T115,T149)),((((T83,T114),(T148,((T163,T175),T74))),(T110,T22)),((((T162,T196),T16),T84),((((T166,(T14,T192)),(T107,T19)),T97),T70))))),((((T123,((T140,T80),T102)),((T112,(T130,T72)),(T126,T143))),(T24,T46)),T156)),((((((((((T111,(T68,T172)),(((T105,T142),T128),(T127,T103))),((((T50,T35),T106),(T64,T101)),(((T31,T171),(T88,T26)),((((T91,(T90,T132)),T3),(T96,((T147,T136),T49))),((T23,T164),T4))))),((((T29,(T133,T52)),T13),T76),((T63,T25),(T48,T43)))),((((((T129,T98),(T73,(T131,T141))),T153),(T41,T51)),(T150,T144)),((T71,T198),(T28,T15)))),((T12,T9),((T135,(T81,T116)),((T55,T170),T1)))),((T194,T139),(T125,T182))),((T33,T78),T36)),T157),((((T118,T155),(((((T185,T145),((T17,T122),((T87,T108),T86))),((T62,T113),T93)),(((T134,T119),((T77,T37),(T38,T197))),T195)),(T154,T181))),(((T44,T173),T75),((T138,(T6,T121)),T89))),((((T165,T193),T174),T189),(T184,T59))))),T0),(((T177,T94),(T180,T7)),T191)),(T69,T8)),(T168,T61)),T186);
*** Subsample Process ***
Use two-step algorithm!
#NNI moves:0/236
Remaining: 1
#NNI moves:3/236
#NNI moves:3/236
((((((((((((((((((((((((T31,T171),(T88,T26)),(((T96,((T136,T147),T49)),(((T132,T90),T91),T3)),(T4,(T23,T164)))),((T106,(T50,T35)),(T101,T64))),((((T142,T105),T128),(T127,T103)),((T172,T68),T111))),(((((T133,T52),T29),T13),T76),((T63,T25),(T43,T48)))),((((((T73,(T141,T131)),(T98,T129)),T153),(T41,T51)),(T144,T150)),((T71,T198),(T15,T28)))),((((T55,T170),T1),((T81,T116),T135)),(T12,T9))),((T125,T182),(T139,T194))),((T33,T78),T36)),T157),((((((((((T108,T87),T86),(T17,T122)),(T145,T185)),(T93,(T62,T113))),(T195,(((T37,T77),(T38,T197)),(T119,T134)))),(T154,T181)),(T118,T155)),((((T6,T121),T138),T89),((T173,T44),T75))),((((T165,T193),T174),T189),(T184,T59)))),(((((T168,T61),T186),(T69,T8)),(((T177,T94),(T180,T7)),T191)),T0)),((((((T140,T80),T102),T123),((T112,(T130,T72)),(T143,T126))),(T46,T24)),T156)),(((((((T163,T175),T74),T148),(T114,T83)),(T22,T110)),(((T16,(T162,T196)),T84),(T70,(((T166,(T192,T14)),(T107,T19)),T97)))),(((((T32,T53),T67),(((T5,((T179,T176),(T100,T152))),T85),(T158,T200))),T40),(T115,T149)))),((T124,(T117,T34)),(T11,(T92,T58)))),(((T187,T56),T95),T183)),(((((T21,T109),((T146,T99),T57)),((T54,T151),T45)),(T27,(T188,T137))),((((T47,(T104,T160)),T30),T18),T66))),((((T178,(T167,T199)),(T120,T42)),T10),((((T20,T169),T82),T190),T65))),T60),(T79,T2)),T161),T159),T39);
#NNI moves:4/236
Remaining: 0
#NNI moves:7/236
#NNI moves:7/236
(((((((((((((((((((T88,T26),(T171,T31)),(((T96,((T136,T147),T49)),((T91,(T132,T90)),T3)),((T23,T164),T4))),((T101,T64),(T106,(T50,T35)))),((T111,(T172,T68)),((T103,T127),((T142,T105),T128)))),(((((T133,T52),T29),T13),T76),((T63,T25),(T43,T48)))),(((T71,T198),(T28,T15)),(((((T73,(T141,T131)),(T129,T98)),T153),(T41,T51)),(T150,T144)))),((((T170,T55),T1),((T81,T116),T135)),(T9,T12))),((T194,T139),(T125,T182))),((T78,T33),T36)),T157),(((((((((T37,T77),(T38,T197)),(T119,T134)),T195),((((T86,(T108,T87)),(T122,T17)),(T185,T145)),((T62,T113),T93))),(T154,T181)),(T155,T118)),((T89,(T138,(T121,T6))),((T173,T44),T75))),((T189,(T174,(T165,T193))),(T59,T184)))),((((((((((T178,(T167,T199)),(T42,T120)),T10),((T190,((T169,T20),T82)),T65)),(((T79,T2),((T159,T39),T161)),T60)),((((T188,T137),T27),(((T21,T109),((T99,T146),T57)),((T54,T151),T45))),(((((T104,T160),T47),T30),T18),T66))),(((T56,T187),T95),T183)),(((T92,T58),T11),(T124,(T34,T117)))),(((((((T163,T175),T74),T148),(T114,T83)),(T110,T22)),((((((T14,T192),T166),(T107,T19)),T97),T70),(((T196,T162),T16),T84))),((((((((T179,T176),(T100,T152)),T5),T85),(T158,T200)),((T53,T32),T67)),T40),(T149,T115)))),(((((T102,(T80,T140)),T123),(((T130,T72),T112),(T126,T143))),(T24,T46)),T156))),T0),(((T180,T7),(T177,T94)),T191)),(T8,T69)),T186),T61),T168);
#NNI moves:3/236
Remaining: 3
#NNI moves:4/236
#NNI moves:4/236
(((((((((((((((((((((((((T74,(T175,T163)),T148),(T83,T114)),(T110,T22)),(((((T166,(T14,T192)),(T19,T107)),T97),T70),(((T162,T196),T16),T84))),((T149,T115),(((T67,(T32,T53)),(((((T176,T179),(T100,T152)),T5),T85),(T200,T158))),T40))),(((((((((T167,T199),T178),(T42,T120)),T10),((((T169,T20),T82),T190),T65)),((((T159,T39),T161),(T79,T2)),T60)),(((((T57,(T146,T99)),(T109,T21)),((T54,T151),T45)),((T137,T188),T27)),(T66,((((T104,T160),T47),T30),T18)))),((T95,(T56,T187)),T183)),((T124,(T117,T34)),((T58,T92),T11)))),(T156,(((((T140,T80),T102),T123),((T143,T126),((T72,T130),T112))),(T46,T24)))),(T0,(((T8,T69),((T61,T168),T186)),(T191,((T94,T177),(T180,T7)))))),((((((((T113,T62),T93),(((T17,T122),((T108,T87),T86)),(T145,T185))),(((T119,T134),((T37,T77),(T197,T38))),T195)),(T181,T154)),(T118,T155)),(((T138,(T121,T6)),T89),((T173,T44),T75))),((T184,T59),((T174,(T165,T193)),T189)))),T157),((T78,T33),T36)),((T139,T194),(T182,T125))),((((T170,T55),T1),((T81,T116),T135)),(T9,T12))),(((((((T141,T131),T73),(T98,T129)),T153),(T51,T41)),(T150,T144)),((T15,T28),(T198,T71)))),(((T43,T48),(T63,T25)),((((T133,T52),T29),T13),T76))),(((T103,T127),((T105,T142),T128)),((T68,T172),T111))),(((T35,T50),T106),(T64,T101))),((T26,T88),(T171,T31))),((T164,T23),T4)),(((T90,T132),T91),T3)),T96),T49),T136),T147);
#NNI moves:0/236
Remaining: 0
#NNI moves:0/236
#NNI moves:0/236
((((((((((((((((((((((T90,T132),T91),T3),(((T147,T136),T49),T96)),(T4,(T164,T23))),((T171,T31),(T88,T26))),(((T50,T35),T106),(T64,T101))),(((T128,(T142,T105)),(T103,T127)),((T68,T172),T111))),(((T63,T25),(T43,T48)),((T13,((T133,T52),T29)),T76))),(((((((T141,T131),T73),(T98,T129)),T153),(T51,T41)),(T144,T150)),((T198,T71),(T28,T15)))),((((T170,T55),T1),((T81,T116),T135)),(T12,T9))),((T139,T194),(T182,T125))),(T36,(T33,T78))),T157),((((T118,T155),((T154,T181),(((((T86,(T87,T108)),(T122,T17)),(T185,T145)),((T62,T113),T93)),((((T37,T77),(T197,T38)),(T119,T134)),T195)))),((((T121,T6),T138),T89),((T44,T173),T75))),((((T165,T193),T174),T189),(T59,T184)))),(((((((((((T176,T179),(T152,T100)),T5),T85),(T200,T158)),((T53,T32),T67)),T40),(T149,T115)),((((((T107,T19),(T166,(T192,T14))),T97),T70),(((T196,T162),T16),T84)),(((T83,T114),(((T163,T175),T74),T148)),(T110,T22)))),(((((T66,((T30,(T47,(T160,T104))),T18)),(((T188,T137),T27),((T45,(T151,T54)),((T109,T21),((T146,T99),T57))))),(((((T120,T42),((T167,T199),T178)),T10),((T190,(T82,(T20,T169))),T65)),(((T161,(T39,T159)),(T2,T79)),T60))),(((T187,T56),T95),T183)),((T11,(T58,T92)),(T124,(T117,T34))))),((((T123,((T80,T140),T102)),((T143,T126),((T130,T72),T112))),(T24,T46)),T156))),T0),(((T180,T7),(T94,T177)),T191)),(T69,T8)),T186),T61),T168);
Current score: 2.5775e+10
Current tree: (((((((((((((((((((((T90,T132),T91),T3),(((T147,T136),T49),T96)),(T4,(T164,T23))),((T171,T31),(T88,T26))),(((T50,T35),T106),(T64,T101))),(((T128,(T142,T105)),(T103,T127)),((T68,T172),T111))),(((T63,T25),(T43,T48)),((T13,((T133,T52),T29)),T76))),(((((((T141,T131),T73),(T98,T129)),T153),(T51,T41)),(T144,T150)),((T198,T71),(T28,T15)))),((((T170,T55),T1),((T81,T116),T135)),(T12,T9))),((T139,T194),(T182,T125))),(T36,(T33,T78))),T157),((((T118,T155),((T154,T181),(((((T86,(T87,T108)),(T122,T17)),(T185,T145)),((T62,T113),T93)),((((T37,T77),(T197,T38)),(T119,T134)),T195)))),((((T121,T6),T138),T89),((T44,T173),T75))),((((T165,T193),T174),T189),(T59,T184)))),(((((((((((T176,T179),(T152,T100)),T5),T85),(T200,T158)),((T53,T32),T67)),T40),(T149,T115)),((((((T107,T19),(T166,(T192,T14))),T97),T70),(((T196,T162),T16),T84)),(((T83,T114),(((T163,T175),T74),T148)),(T110,T22)))),(((((T66,((T30,(T47,(T160,T104))),T18)),(((T188,T137),T27),((T45,(T151,T54)),((T109,T21),((T146,T99),T57))))),(((((T120,T42),((T167,T199),T178)),T10),((T190,(T82,(T20,T169))),T65)),(((T161,(T39,T159)),(T2,T79)),T60))),(((T187,T56),T95),T183)),((T11,(T58,T92)),(T124,(T117,T34))))),((((T123,((T80,T140),T102)),((T143,T126),((T130,T72),T112))),(T24,T46)),T156))),T0),(((T180,T7),(T94,T177)),T191)),(T69,T8)),(T61,T168)),T186);
Final Tree: (((((((((((((((((((((T90,T132),T91),T3),(((T147,T136),T49),T96)),(T4,(T164,T23))),((T171,T31),(T88,T26))),(((T50,T35),T106),(T64,T101))),(((T128,(T142,T105)),(T103,T127)),((T68,T172),T111))),(((T63,T25),(T43,T48)),((T13,((T133,T52),T29)),T76))),(((((((T141,T131),T73),(T98,T129)),T153),(T51,T41)),(T144,T150)),((T198,T71),(T28,T15)))),((((T170,T55),T1),((T81,T116),T135)),(T12,T9))),((T139,T194),(T182,T125))),(T36,(T33,T78))),T157),((((T118,T155),((T154,T181),(((((T86,(T87,T108)),(T122,T17)),(T185,T145)),((T62,T113),T93)),((((T37,T77),(T197,T38)),(T119,T134)),T195)))),((((T121,T6),T138),T89),((T44,T173),T75))),((((T165,T193),T174),T189),(T59,T184)))),(((((((((((T176,T179),(T152,T100)),T5),T85),(T200,T158)),((T53,T32),T67)),T40),(T149,T115)),((((((T107,T19),(T166,(T192,T14))),T97),T70),(((T196,T162),T16),T84)),(((T83,T114),(((T163,T175),T74),T148)),(T110,T22)))),(((((T66,((T30,(T47,(T160,T104))),T18)),(((T188,T137),T27),((T45,(T151,T54)),((T109,T21),((T146,T99),T57))))),(((((T120,T42),((T167,T199),T178)),T10),((T190,(T82,(T20,T169))),T65)),(((T161,(T39,T159)),(T2,T79)),T60))),(((T187,T56),T95),T183)),((T11,(T58,T92)),(T124,(T117,T34))))),((((T123,((T80,T140),T102)),((T143,T126),((T130,T72),T112))),(T24,T46)),T156))),T0),(((T180,T7),(T94,T177)),T191)),(T69,T8)),(T61,T168)),T186);
Score: 2.577502891e+10

real	3m48.465s
user	54m13.848s
sys	0m33.458s
