
RAxML-NG v. 1.1.0-master released on 04.08.2022 by The Exelixis Lab.
Developed by: Alexey M. Kozlov and Alexandros Stamatakis.
Contributors: Diego Darriba, Tomas Flouri, Benoit Morel, Sarah Lutteropp, Ben Bettisworth.
Latest version: https://github.com/amkozlov/raxml-ng
Questions/problems/suggestions? Please visit: https://groups.google.com/forum/#!forum/raxml

System: AMD EPYC 7742 64-Core Processor, 128 cores, 251 GB RAM

RAxML-NG was called at 02-Jan-2023 11:00:49 as follows:

/home/chaos/programs/raxml-ng/raxml-ng/bin/raxml-ng --msa data/alignment/7_0.1X_S201_0_haploid --tree pars{1} --model GTR+G --threads 64

Analysis options:
  run mode: ML tree search
  start tree(s): parsimony (1)
  random seed: 1672686049
  tip-inner: OFF
  pattern compression: ON
  per-rate scalers: OFF
  site repeats: ON
  fast spr radius: AUTO
  spr subtree cutoff: 1.000000
  branch lengths: proportional (ML estimate, algorithm: NR-FAST)
  SIMD kernels: AVX2
  parallelization: coarse-grained (auto), PTHREADS (64 threads), thread pinning: OFF

[00:00:00] Reading alignment from file: data/alignment/7_0.1X_S201_0_haploid
[00:00:03] Loaded alignment with 201 taxa and 5000000 sites

Alignment comprises 1 partitions and 348733 patterns

Partition 0: noname
Model: GTR+FO+G4m
Alignment sites / patterns: 5000000 / 348733
Gaps: 0.00 %
Invariant sites: 68.81 %


NOTE: Binary MSA file created: data/alignment/7_0.1X_S201_0_haploid.raxml.rba

Parallelization scheme autoconfig: 1 worker(s) x 64 thread(s)

Parallel reduction/worker buffer size: 1 KB  / 0 KB

[00:00:20] Generating 1 parsimony starting tree(s) with 201 taxa
[00:00:25] Data distribution: max. partitions/sites/weight per thread: 1 / 5449 / 87184
[00:00:25] Data distribution: max. searches per worker: 1

Starting ML tree search with 1 distinct starting trees

[00:00:25 -52987871.617332] Initial branch length optimization
[00:00:28 -25604760.469954] Model parameter optimization (eps = 10.000000)
[00:00:35 -24905440.086808] AUTODETECT spr round 1 (radius: 5)
[00:00:48 -24905440.086808] SPR radius for FAST iterations: 5 (autodetect)
[00:00:48 -24905440.086808] Model parameter optimization (eps = 3.000000)
[00:00:48 -24905439.983623] FAST spr round 1 (radius: 5)
[00:01:02 -24905423.856962] FAST spr round 2 (radius: 5)
[00:01:16 -24905423.856962] Model parameter optimization (eps = 1.000000)
[00:01:17 -24905423.836238] SLOW spr round 1 (radius: 5)
[00:02:10 -24905423.836238] SLOW spr round 2 (radius: 10)
[00:03:05 -24905423.836238] SLOW spr round 3 (radius: 15)
[00:04:46 -24905423.836238] SLOW spr round 4 (radius: 20)
[00:06:09 -24905423.836238] SLOW spr round 5 (radius: 25)
[00:06:27 -24905423.836238] Model parameter optimization (eps = 0.100000)

[00:06:27] ML tree search #1, logLikelihood: -24905423.817556


Optimized model parameters:

   Partition 0: noname
   Rate heterogeneity: GAMMA (4 cats, mean),  alpha: 0.958466 (ML),  weights&rates: (0.250000,0.128594) (0.250000,0.463902) (0.250000,0.992762) (0.250000,2.414742) 
   Base frequencies (ML): 0.256618 0.204500 0.255523 0.283359 
   Substitution rates (ML): 0.808553 2.374872 0.114569 0.922283 3.307231 1.000000 


Final LogLikelihood: -24905423.817556

AIC score: 49811663.635111 / AICc score: 49811663.701865 / BIC score: 49817141.014087
Free parameters (model + branch lengths): 408

Best ML tree saved to: /expanse/lustre/projects/uot138/chaos/ASTERISK-sim/data/alignment/7_0.1X_S201_0_haploid.raxml.bestTree
Optimized model saved to: /expanse/lustre/projects/uot138/chaos/ASTERISK-sim/data/alignment/7_0.1X_S201_0_haploid.raxml.bestModel

Execution log saved to: /expanse/lustre/projects/uot138/chaos/ASTERISK-sim/data/alignment/7_0.1X_S201_0_haploid.raxml.log

Analysis started: 02-Jan-2023 11:00:49 / finished: 02-Jan-2023 11:07:17

Elapsed time: 387.887 seconds

Consumed energy: 49.009 Wh

