Iteration 1:
Accurate Species Tree EstimatoR from Independent Site Kernals
Version: v1.13.0.0
#Base: 133579977
#Species: 201
#Rounds: 1
#Samples: 0
#Threads: 64
Use two-step algorithm!
Guide Tree 0/27
#NNI moves:0/236
Guide Tree 1/27
#NNI moves:0/236
Guide Tree 2/27
#NNI moves:0/236
Guide Tree 3/27
#NNI moves:0/236
Guide Tree 4/27
#NNI moves:0/236
Guide Tree 5/27
#NNI moves:0/236
Guide Tree 6/27
#NNI moves:0/236
Guide Tree 7/27
#NNI moves:0/236
Guide Tree 8/27
#NNI moves:0/236
Guide Tree 9/27
#NNI moves:0/236
Guide Tree 10/27
#NNI moves:0/236
Guide Tree 11/27
#NNI moves:3/236
Guide Tree 12/27
#NNI moves:3/236
Guide Tree 13/27
#NNI moves:0/236
Guide Tree 14/27
#NNI moves:0/236
Guide Tree 15/27
#NNI moves:1/236
Guide Tree 16/27
#NNI moves:0/236
Guide Tree 17/27
#NNI moves:0/236
Guide Tree 18/27
#NNI moves:1/236
Guide Tree 19/27
#NNI moves:0/236
Guide Tree 20/27
#NNI moves:0/236
Guide Tree 21/27
#NNI moves:0/236
Guide Tree 22/27
#NNI moves:1/236
Guide Tree 23/27
#NNI moves:0/236
Guide Tree 24/27
#NNI moves:0/236
Guide Tree 25/27
#NNI moves:0/236
Guide Tree 26/27
#NNI moves:0/236
Remaining: 0
#NNI moves:1/236
#NNI moves:1/236
(((((((((((((((((T60,T116),(((T178,T158),((T63,T144),T46)),T49)),(((((T119,T163),T125),T185),T196),(T147,T62))),((T33,(T198,T103)),(T155,(T82,T3)))),(T15,T172)),(((T174,T149),T143),T104)),(((T173,T159),T14),(T188,T128))),(T18,((((T22,(T136,T12)),T154),(T23,T93)),(T199,T2)))),((((T50,(T4,T89)),((((T122,T19),T194),T183),((((T54,T129),T98),(T130,T13)),T41))),((T53,T141),(((((T57,T118),T67),((((T5,T162),T70),(T48,T84)),((T152,T80),T17))),((((T120,T66),(T148,T36)),(T184,((T61,T91),T88))),(T181,T107))),T30))),T34)),((((((((((((T25,T43),T56),T150),(T139,(T37,T52))),(T100,(T156,T21))),T94),((T111,T165),T132)),(T28,T85)),(((((T44,T170),T151),(T7,T42)),T87),((T123,T133),T140))),(((((T90,T76),(T47,T168)),T75),T92),T134)),((T78,T69),T110)),(((((T105,T96),(T99,T72)),T81),((T97,((T138,T31),((T124,T112),T117))),((T153,T6),T189))),T83))),T0),((((((((T40,T86),T114),(((T176,T20),T51),(T9,T77))),(T68,(T146,T101))),((T193,T71),((T145,(T127,T65)),T197))),((T180,(T195,T58)),(T55,(T200,(T108,T102))))),((T8,(T167,T74)),(((T190,T121),(T59,T39)),(((T182,(T161,T95)),T106),(T137,T169))))),((((T24,T35),T29),T135),((T10,T157),T131)))),((((((((T187,T38),T45),T177),(T64,T179)),(T73,T160)),T126),(T164,T192)),(((T113,T175),T27),((T171,T109),T191)))),((((T186,T142),T11),(T79,T32)),(T166,T26))),T1),T16),T115);
Initial score: 3.86916e+09
Initial tree: (((((((((((((((((T60,T116),(((T178,T158),((T63,T144),T46)),T49)),(((((T119,T163),T125),T185),T196),(T147,T62))),((T33,(T198,T103)),(T155,(T82,T3)))),(T15,T172)),(((T174,T149),T143),T104)),(((T173,T159),T14),(T188,T128))),(T18,((((T22,(T136,T12)),T154),(T23,T93)),(T199,T2)))),((((T50,(T4,T89)),((((T122,T19),T194),T183),((((T54,T129),T98),(T130,T13)),T41))),((T53,T141),(((((T57,T118),T67),((((T5,T162),T70),(T48,T84)),((T152,T80),T17))),((((T120,T66),(T148,T36)),(T184,((T61,T91),T88))),(T181,T107))),T30))),T34)),((((((((((((T25,T43),T56),T150),(T139,(T37,T52))),(T100,(T156,T21))),T94),((T111,T165),T132)),(T28,T85)),(((((T44,T170),T151),(T7,T42)),T87),((T123,T133),T140))),(((((T90,T76),(T47,T168)),T75),T92),T134)),((T78,T69),T110)),(((((T105,T96),(T99,T72)),T81),((T97,((T138,T31),((T124,T112),T117))),((T153,T6),T189))),T83))),T0),((((((((T40,T86),T114),(((T176,T20),T51),(T9,T77))),(T68,(T146,T101))),((T193,T71),((T145,(T127,T65)),T197))),((T180,(T195,T58)),(T55,(T200,(T108,T102))))),((T8,(T167,T74)),(((T190,T121),(T59,T39)),(((T182,(T161,T95)),T106),(T137,T169))))),((((T24,T35),T29),T135),((T10,T157),T131)))),((((((((T187,T38),T45),T177),(T64,T179)),(T73,T160)),T126),(T164,T192)),(((T113,T175),T27),((T171,T109),T191)))),((((T186,T142),T11),(T79,T32)),(T166,T26))),T1),T16),T115);
*** Subsample Process ***
Current score: 3.86916e+09
Current tree: (((((((((((((((((T60,T116),(((T178,T158),((T63,T144),T46)),T49)),(((((T119,T163),T125),T185),T196),(T147,T62))),((T33,(T198,T103)),(T155,(T82,T3)))),(T15,T172)),(((T174,T149),T143),T104)),(((T173,T159),T14),(T188,T128))),(T18,((((T22,(T136,T12)),T154),(T23,T93)),(T199,T2)))),((((T50,(T4,T89)),((((T122,T19),T194),T183),((((T54,T129),T98),(T130,T13)),T41))),((T53,T141),(((((T57,T118),T67),((((T5,T162),T70),(T48,T84)),((T152,T80),T17))),((((T120,T66),(T148,T36)),(T184,((T61,T91),T88))),(T181,T107))),T30))),T34)),((((((((((((T25,T43),T56),T150),(T139,(T37,T52))),(T100,(T156,T21))),T94),((T111,T165),T132)),(T28,T85)),(((((T44,T170),T151),(T7,T42)),T87),((T123,T133),T140))),(((((T90,T76),(T47,T168)),T75),T92),T134)),((T78,T69),T110)),(((((T105,T96),(T99,T72)),T81),((T97,((T138,T31),((T124,T112),T117))),((T153,T6),T189))),T83))),T0),((((((((T40,T86),T114),(((T176,T20),T51),(T9,T77))),(T68,(T146,T101))),((T193,T71),((T145,(T127,T65)),T197))),((T180,(T195,T58)),(T55,(T200,(T108,T102))))),((T8,(T167,T74)),(((T190,T121),(T59,T39)),(((T182,(T161,T95)),T106),(T137,T169))))),((((T24,T35),T29),T135),((T10,T157),T131)))),((((((((T187,T38),T45),T177),(T64,T179)),(T73,T160)),T126),(T164,T192)),(((T113,T175),T27),((T171,T109),T191)))),((((T186,T142),T11),(T79,T32)),(T166,T26))),T1),T16),T115);
Final Tree: (((((((((((((((((T60,T116),(((T178,T158),((T63,T144),T46)),T49)),(((((T119,T163),T125),T185),T196),(T147,T62))),((T33,(T198,T103)),(T155,(T82,T3)))),(T15,T172)),(((T174,T149),T143),T104)),(((T173,T159),T14),(T188,T128))),(T18,((((T22,(T136,T12)),T154),(T23,T93)),(T199,T2)))),((((T50,(T4,T89)),((((T122,T19),T194),T183),((((T54,T129),T98),(T130,T13)),T41))),((T53,T141),(((((T57,T118),T67),((((T5,T162),T70),(T48,T84)),((T152,T80),T17))),((((T120,T66),(T148,T36)),(T184,((T61,T91),T88))),(T181,T107))),T30))),T34)),((((((((((((T25,T43),T56),T150),(T139,(T37,T52))),(T100,(T156,T21))),T94),((T111,T165),T132)),(T28,T85)),(((((T44,T170),T151),(T7,T42)),T87),((T123,T133),T140))),(((((T90,T76),(T47,T168)),T75),T92),T134)),((T78,T69),T110)),(((((T105,T96),(T99,T72)),T81),((T97,((T138,T31),((T124,T112),T117))),((T153,T6),T189))),T83))),T0),((((((((T40,T86),T114),(((T176,T20),T51),(T9,T77))),(T68,(T146,T101))),((T193,T71),((T145,(T127,T65)),T197))),((T180,(T195,T58)),(T55,(T200,(T108,T102))))),((T8,(T167,T74)),(((T190,T121),(T59,T39)),(((T182,(T161,T95)),T106),(T137,T169))))),((((T24,T35),T29),T135),((T10,T157),T131)))),((((((((T187,T38),T45),T177),(T64,T179)),(T73,T160)),T126),(T164,T192)),(((T113,T175),T27),((T171,T109),T191)))),((((T186,T142),T11),(T79,T32)),(T166,T26))),T1),T16),T115);
Score: 3.86916e+09

real	2m34.395s
user	71m29.028s
sys	0m7.714s
