Accurate Species Tree EstimatoR from Independent Site Kernals
Version: v1.13.0.0
#Base: 859454091
#Species: 201
#Rounds: 1
#Samples: 0
#Threads: 64
Use two-step algorithm!
Guide Tree 0/27
#NNI moves:0/236
Guide Tree 1/27
#NNI moves:0/236
Guide Tree 2/27
#NNI moves:0/236
Guide Tree 3/27
#NNI moves:0/236
Guide Tree 4/27
#NNI moves:0/236
Guide Tree 5/27
#NNI moves:0/236
Guide Tree 6/27
#NNI moves:0/236
Guide Tree 7/27
#NNI moves:1/236
Guide Tree 8/27
#NNI moves:0/236
Guide Tree 9/27
#NNI moves:0/236
Guide Tree 10/27
#NNI moves:1/236
Guide Tree 11/27
#NNI moves:0/236
Guide Tree 12/27
#NNI moves:0/236
Guide Tree 13/27
#NNI moves:0/236
Guide Tree 14/27
#NNI moves:0/236
Guide Tree 15/27
#NNI moves:0/236
Guide Tree 16/27
#NNI moves:0/236
Guide Tree 17/27
#NNI moves:0/236
Guide Tree 18/27
#NNI moves:0/236
Guide Tree 19/27
#NNI moves:0/236
Guide Tree 20/27
#NNI moves:0/236
Guide Tree 21/27
#NNI moves:0/236
Guide Tree 22/27
#NNI moves:0/236
Guide Tree 23/27
#NNI moves:0/236
Guide Tree 24/27
#NNI moves:0/236
Guide Tree 25/27
#NNI moves:0/236
Guide Tree 26/27
#NNI moves:0/236
Remaining: 2
#NNI moves:0/236
#NNI moves:0/236
((((((((((((((T99,T3),(((T119,T114),T12),T150)),((((T16,((T167,(T139,T107)),T24)),T157),(((T137,T105),T18),T128)),(((T62,T49),T55),(T156,T152)))),(((((T149,T121),T182),(T5,T53)),((T192,(T6,T17)),(T191,T142))),(T131,((T35,T159),T40)))),T59),(((T32,T190),(T196,T30)),((T50,(T83,(T45,(T9,T147)))),T64))),(((((((((((T168,((T20,T11),(T36,T154))),((T37,((((T138,T115),(T158,(T106,T161))),T44),T95)),(T13,T185))),((T175,(T89,T74)),T70)),(T31,((T171,T187),(T82,T193)))),(((T143,T101),T155),(((T173,T66),(T130,T33)),T52))),(T146,(T197,T188))),T47),((((((((T28,T124),T57),T118),(((T109,T60),T81),T68)),T135),(((((T2,T179),T200),T186),T48),(T102,(T120,T22)))),((((T123,(T8,T104)),(T132,T23)),T177),((T100,T113),T90))),((((T141,T14),T181),T93),(T51,T1)))),T0),(((((((T144,(T42,T136)),T94),T145),(T151,T72)),(T98,((T56,T46),(T43,T84)))),(((T198,T172),((T112,T69),T199)),T34)),((((((T10,T71),T176),T96),T7),(((T148,(T125,T116)),T183),T194)),(((((T21,T87),T97),T76),T169),((T75,T92),T127))))),((((T91,T134),T170),(T133,T85)),(T41,T184)))),((((T111,T19),T79),(T122,T140)),((((T174,(T54,(T180,T80))),((T29,T110),(T63,T26))),((T108,(T126,T61)),T4)),(T162,T178)))),((((T39,T73),(T153,T58)),(T129,(T103,T25))),(((T27,((T160,((T164,T67),T165)),T65)),T163),T86))),(T77,(T88,(T166,T78)))),(T195,T189)),T15),T38),T117);
Initial score: 2.64976e+14
Initial tree: ((((((((((((((T99,T3),(((T119,T114),T12),T150)),((((T16,((T167,(T139,T107)),T24)),T157),(((T137,T105),T18),T128)),(((T62,T49),T55),(T156,T152)))),(((((T149,T121),T182),(T5,T53)),((T192,(T6,T17)),(T191,T142))),(T131,((T35,T159),T40)))),T59),(((T32,T190),(T196,T30)),((T50,(T83,(T45,(T9,T147)))),T64))),(((((((((((T168,((T20,T11),(T36,T154))),((T37,((((T138,T115),(T158,(T106,T161))),T44),T95)),(T13,T185))),((T175,(T89,T74)),T70)),(T31,((T171,T187),(T82,T193)))),(((T143,T101),T155),(((T173,T66),(T130,T33)),T52))),(T146,(T197,T188))),T47),((((((((T28,T124),T57),T118),(((T109,T60),T81),T68)),T135),(((((T2,T179),T200),T186),T48),(T102,(T120,T22)))),((((T123,(T8,T104)),(T132,T23)),T177),((T100,T113),T90))),((((T141,T14),T181),T93),(T51,T1)))),T0),(((((((T144,(T42,T136)),T94),T145),(T151,T72)),(T98,((T56,T46),(T43,T84)))),(((T198,T172),((T112,T69),T199)),T34)),((((((T10,T71),T176),T96),T7),(((T148,(T125,T116)),T183),T194)),(((((T21,T87),T97),T76),T169),((T75,T92),T127))))),((((T91,T134),T170),(T133,T85)),(T41,T184)))),((((T111,T19),T79),(T122,T140)),((((T174,(T54,(T180,T80))),((T29,T110),(T63,T26))),((T108,(T126,T61)),T4)),(T162,T178)))),((((T39,T73),(T153,T58)),(T129,(T103,T25))),(((T27,((T160,((T164,T67),T165)),T65)),T163),T86))),(T77,(T88,(T166,T78)))),(T195,T189)),T15),T38),T117);
*** Subsample Process ***
Current score: 2.64976e+14
Current tree: ((((((((((((((T99,T3),(((T119,T114),T12),T150)),((((T16,((T167,(T139,T107)),T24)),T157),(((T137,T105),T18),T128)),(((T62,T49),T55),(T156,T152)))),(((((T149,T121),T182),(T5,T53)),((T192,(T6,T17)),(T191,T142))),(T131,((T35,T159),T40)))),T59),(((T32,T190),(T196,T30)),((T50,(T83,(T45,(T9,T147)))),T64))),(((((((((((T168,((T20,T11),(T36,T154))),((T37,((((T138,T115),(T158,(T106,T161))),T44),T95)),(T13,T185))),((T175,(T89,T74)),T70)),(T31,((T171,T187),(T82,T193)))),(((T143,T101),T155),(((T173,T66),(T130,T33)),T52))),(T146,(T197,T188))),T47),((((((((T28,T124),T57),T118),(((T109,T60),T81),T68)),T135),(((((T2,T179),T200),T186),T48),(T102,(T120,T22)))),((((T123,(T8,T104)),(T132,T23)),T177),((T100,T113),T90))),((((T141,T14),T181),T93),(T51,T1)))),T0),(((((((T144,(T42,T136)),T94),T145),(T151,T72)),(T98,((T56,T46),(T43,T84)))),(((T198,T172),((T112,T69),T199)),T34)),((((((T10,T71),T176),T96),T7),(((T148,(T125,T116)),T183),T194)),(((((T21,T87),T97),T76),T169),((T75,T92),T127))))),((((T91,T134),T170),(T133,T85)),(T41,T184)))),((((T111,T19),T79),(T122,T140)),((((T174,(T54,(T180,T80))),((T29,T110),(T63,T26))),((T108,(T126,T61)),T4)),(T162,T178)))),((((T39,T73),(T153,T58)),(T129,(T103,T25))),(((T27,((T160,((T164,T67),T165)),T65)),T163),T86))),(T77,(T88,(T166,T78)))),(T195,T189)),T15),T38),T117);
Final Tree: ((((((((((((((T99,T3),(((T119,T114),T12),T150)),((((T16,((T167,(T139,T107)),T24)),T157),(((T137,T105),T18),T128)),(((T62,T49),T55),(T156,T152)))),(((((T149,T121),T182),(T5,T53)),((T192,(T6,T17)),(T191,T142))),(T131,((T35,T159),T40)))),T59),(((T32,T190),(T196,T30)),((T50,(T83,(T45,(T9,T147)))),T64))),(((((((((((T168,((T20,T11),(T36,T154))),((T37,((((T138,T115),(T158,(T106,T161))),T44),T95)),(T13,T185))),((T175,(T89,T74)),T70)),(T31,((T171,T187),(T82,T193)))),(((T143,T101),T155),(((T173,T66),(T130,T33)),T52))),(T146,(T197,T188))),T47),((((((((T28,T124),T57),T118),(((T109,T60),T81),T68)),T135),(((((T2,T179),T200),T186),T48),(T102,(T120,T22)))),((((T123,(T8,T104)),(T132,T23)),T177),((T100,T113),T90))),((((T141,T14),T181),T93),(T51,T1)))),T0),(((((((T144,(T42,T136)),T94),T145),(T151,T72)),(T98,((T56,T46),(T43,T84)))),(((T198,T172),((T112,T69),T199)),T34)),((((((T10,T71),T176),T96),T7),(((T148,(T125,T116)),T183),T194)),(((((T21,T87),T97),T76),T169),((T75,T92),T127))))),((((T91,T134),T170),(T133,T85)),(T41,T184)))),((((T111,T19),T79),(T122,T140)),((((T174,(T54,(T180,T80))),((T29,T110),(T63,T26))),((T108,(T126,T61)),T4)),(T162,T178)))),((((T39,T73),(T153,T58)),(T129,(T103,T25))),(((T27,((T160,((T164,T67),T165)),T65)),T163),T86))),(T77,(T88,(T166,T78)))),(T195,T189)),T15),T38),T117);
Score: 2.64976e+14

real	6m28.790s
user	305m54.532s
sys	0m20.173s
