Weighted ASTRAL - Hybrid
Version: v1.13.2.3
#Genetrees: 2000
#Species: 201
#Rounds: 4
#Samples: 4
#Threads: 32
Use two-step algorithm!
Guide Tree 0/27
#NNI moves:1/236
Guide Tree 1/27
#NNI moves:3/236
Guide Tree 2/27
#NNI moves:3/236
Guide Tree 3/27
#NNI moves:0/236
Guide Tree 4/27
#NNI moves:0/236
Guide Tree 5/27
#NNI moves:0/236
Guide Tree 6/27
#NNI moves:0/236
Guide Tree 7/27
#NNI moves:1/236
Guide Tree 8/27
#NNI moves:0/236
Guide Tree 9/27
#NNI moves:0/236
Guide Tree 10/27
#NNI moves:1/236
Guide Tree 11/27
#NNI moves:0/236
Guide Tree 12/27
#NNI moves:1/236
Guide Tree 13/27
#NNI moves:1/236
Guide Tree 14/27
#NNI moves:0/236
Guide Tree 15/27
#NNI moves:1/236
Guide Tree 16/27
#NNI moves:0/236
Guide Tree 17/27
#NNI moves:0/236
Guide Tree 18/27
#NNI moves:0/236
Guide Tree 19/27
#NNI moves:0/236
Guide Tree 20/27
#NNI moves:4/236
Guide Tree 21/27
#NNI moves:1/236
Guide Tree 22/27
#NNI moves:0/236
Guide Tree 23/27
#NNI moves:3/236
Guide Tree 24/27
#NNI moves:3/236
Guide Tree 25/27
#NNI moves:3/236
Guide Tree 26/27
#NNI moves:0/236
Remaining: 0
#NNI moves:3/236
#NNI moves:3/236
((((((((((((((T97,(T29,T52)),T90),T177),((T58,T81),T101)),(T148,(((T131,T7),(T181,T196)),T188))),T67),((((T96,(((T166,T59),(T128,T45)),T151)),(((T105,T185),T6),T70)),(((((((T115,T95),(T69,T116)),T192),T77),T53),(T84,T15)),(T112,T60))),((T109,T199),((((((((T2,T143),T92),(T153,T10)),T47),(T114,T74)),T184),(T182,T150)),T99)))),((((((T41,T98),((((((T168,T172),((T179,T156),T106)),T122),(((T87,T55),T33),T9)),((T162,T165),T8)),((((T34,T167),(T73,T146)),(T169,T159)),T161))),((T66,(((T200,T119),T198),(T178,(T1,T194)))),T171)),((T63,T57),T31)),(((T94,((T135,(T37,T139)),(T191,T11))),(((T49,(T155,T16)),T110),(T28,(((T133,T23),T32),T126)))),(T107,T26))),((((((T103,T134),T141),(T189,(T186,T180))),(T48,((T104,T136),T173))),T157),T19))),(((T163,((T164,T85),T100)),(T111,T102)),T56)),((((((((T44,(T91,T3)),T124),(T144,((T21,T65),T93))),(((T17,T174),(T170,T72)),((T89,T80),T46))),((((T68,T86),(T117,T25)),((((((T108,T193),T130),T4),T82),((T35,T61),T79)),T145)),T154)),(((T54,T195),T149),(T18,T62))),(T38,T175)),T0)),(((((T24,((T39,T75),((T76,T5),T42))),(T127,T120)),(T83,T20)),(((T147,T30),(T129,T158)),(((((T40,((T22,T13),T190)),T64),(((T132,(T138,T113)),T123),(T71,T12))),(T176,(T36,T88))),(T197,T14)))),(((((T137,T78),T183),((T142,T160),T118)),T125),(((T27,T51),T43),T152)))),(T50,T187)),T140),T121);
Guide Tree 0/27
#NNI moves:1/236
Guide Tree 1/27
#NNI moves:1/236
Guide Tree 2/27
#NNI moves:0/236
Guide Tree 3/27
#NNI moves:1/236
Guide Tree 4/27
#NNI moves:3/236
Guide Tree 5/27
#NNI moves:0/236
Guide Tree 6/27
#NNI moves:0/236
Guide Tree 7/27
#NNI moves:0/236
Guide Tree 8/27
#NNI moves:0/236
Guide Tree 9/27
#NNI moves:0/236
Guide Tree 10/27
#NNI moves:0/236
Guide Tree 11/27
#NNI moves:0/236
Guide Tree 12/27
#NNI moves:3/236
Guide Tree 13/27
#NNI moves:1/236
Guide Tree 14/27
#NNI moves:0/236
Guide Tree 15/27
#NNI moves:0/236
Guide Tree 16/27
#NNI moves:1/236
Guide Tree 17/27
#NNI moves:1/236
Guide Tree 18/27
#NNI moves:1/236
Guide Tree 19/27
#NNI moves:1/236
Guide Tree 20/27
#NNI moves:0/236
Guide Tree 21/27
#NNI moves:0/236
Guide Tree 22/27
#NNI moves:0/236
Guide Tree 23/27
#NNI moves:0/236
Guide Tree 24/27
#NNI moves:3/236
Guide Tree 25/27
#NNI moves:3/236
Guide Tree 26/27
#NNI moves:3/236
Remaining: 0
#NNI moves:1/236
#NNI moves:1/236
(((((((((((((T53,((((T95,T115),(T116,T69)),T192),T77)),(T84,T15)),(T112,T60)),(((((T128,T45),(T166,T59)),T151),T96),((T6,(T185,T105)),T70))),((((T150,T182),(((((T92,(T2,T143)),(T153,T10)),T47),(T114,T74)),T184)),T99),(T109,T199))),(((((T58,T81),T101),((T90,(T97,(T29,T52))),T177)),(T148,(T188,((T196,T181),(T7,T131))))),T67)),(((((((((((T168,T172),((T156,T179),T106)),T122),(((T87,T55),T33),T9)),(T8,(T162,T165))),(T161,(((T167,T34),(T73,T146)),(T169,T159)))),(T41,T98)),((T66,(((T119,T200),T198),(T178,(T194,T1)))),T171)),(T31,(T63,T57))),((((((T155,T16),T49),T110),((((T133,T23),T32),T126),T28)),(((T135,(T139,T37)),(T11,T191)),T94)),(T26,T107))),((((T48,((T104,T136),T173)),(((T186,T180),T189),((T134,T103),T141))),T157),T19))),((((T100,(T85,T164)),T163),(T102,T111)),T56)),((((((((T89,T80),T46),((T174,T17),(T72,T170))),(((T93,(T21,T65)),T144),(((T3,T91),T44),T124))),((((T68,T86),(T117,T25)),((((T35,T61),T79),(T82,(T4,((T108,T193),T130)))),T145)),T154)),((T149,(T54,T195)),(T62,T18))),(T38,T175)),T0)),((((((((((T22,T13),T190),T40),T64),((T12,T71),(((T113,T138),T132),T123))),(T176,(T88,T36))),(T197,T14)),((T147,T30),(T129,T158))),(((((T39,T75),((T5,T76),T42)),T24),(T127,T120)),(T20,T83))),(((((T160,T142),T118),((T137,T78),T183)),T125),((T43,(T27,T51)),T152)))),(T50,T187)),T140),T121);
Guide Tree 0/27
#NNI moves:0/236
Guide Tree 1/27
#NNI moves:0/236
Guide Tree 2/27
#NNI moves:0/236
Guide Tree 3/27
#NNI moves:0/236
Guide Tree 4/27
#NNI moves:0/236
Guide Tree 5/27
#NNI moves:0/236
Guide Tree 6/27
#NNI moves:0/236
Guide Tree 7/27
#NNI moves:0/236
Guide Tree 8/27
#NNI moves:0/236
Guide Tree 9/27
#NNI moves:0/236
Guide Tree 10/27
#NNI moves:0/236
Guide Tree 11/27
#NNI moves:0/236
Guide Tree 12/27
#NNI moves:0/236
Guide Tree 13/27
#NNI moves:0/236
Guide Tree 14/27
#NNI moves:0/236
Guide Tree 15/27
#NNI moves:0/236
Guide Tree 16/27
#NNI moves:0/236
Guide Tree 17/27
#NNI moves:0/236
Guide Tree 18/27
#NNI moves:0/236
Guide Tree 19/27
#NNI moves:0/236
Guide Tree 20/27
#NNI moves:0/236
Guide Tree 21/27
#NNI moves:0/236
Guide Tree 22/27
#NNI moves:0/236
Guide Tree 23/27
#NNI moves:0/236
Guide Tree 24/27
#NNI moves:0/236
Guide Tree 25/27
#NNI moves:0/236
Guide Tree 26/27
#NNI moves:0/236
Remaining: 0
#NNI moves:3/236
#NNI moves:3/236
((((((((((((T70,((T105,T185),T6)),((((T166,T59),(T45,T128)),T151),T96)),(((T15,T84),(((((T69,T116),(T115,T95)),T192),T77),T53)),(T60,T112))),((((T182,T150),(((T114,T74),(((T92,(T143,T2)),(T153,T10)),T47)),T184)),T99),(T109,T199))),(((((T81,T58),T101),((T90,(T97,(T29,T52))),T177)),((((T196,T181),(T131,T7)),T188),T148)),T67)),(((((((((T162,T165),T8),((((T172,T168),((T179,T156),T106)),T122),(((T55,T87),T33),T9))),((((T73,T146),(T34,T167)),(T169,T159)),T161)),(T41,T98)),(((((T194,T1),T178),(T198,(T200,T119))),T66),T171)),(T31,(T63,T57))),(((((T191,T11),((T37,T139),T135)),T94),((T28,(((T23,T133),T32),T126)),(((T155,T16),T49),T110))),(T107,T26))),((((((T186,T180),T189),((T134,T103),T141)),(T48,((T104,T136),T173))),T157),T19))),(((T163,(T100,(T164,T85))),(T102,T111)),T56)),(((((((((T91,T3),T44),T124),(((T21,T65),T93),T144)),(((T174,T17),(T170,T72)),(T46,(T89,T80)))),((((T86,T68),(T117,T25)),((((T35,T61),T79),((((T108,T193),T130),T4),T82)),T145)),T154)),((T62,T18),(T149,(T54,T195)))),(T175,T38)),T0)),(((((((T75,T39),((T5,T76),T42)),T24),(T127,T120)),(T20,T83)),(((T129,T158),(T147,T30)),(((((T12,T71),(((T113,T138),T132),T123)),((T40,(T190,(T13,T22))),T64)),(T176,(T88,T36))),(T14,T197)))),(((((T137,T78),T183),(T118,(T142,T160))),T125),(((T51,T27),T43),T152)))),(T50,T187)),T140),T121);
Guide Tree 0/27
#NNI moves:0/236
Guide Tree 1/27
#NNI moves:0/236
Guide Tree 2/27
#NNI moves:0/236
Guide Tree 3/27
#NNI moves:0/236
Guide Tree 4/27
#NNI moves:0/236
Guide Tree 5/27
#NNI moves:0/236
Guide Tree 6/27
#NNI moves:0/236
Guide Tree 7/27
#NNI moves:0/236
Guide Tree 8/27
#NNI moves:0/236
Guide Tree 9/27
#NNI moves:0/236
Guide Tree 10/27
#NNI moves:0/236
Guide Tree 11/27
#NNI moves:0/236
Guide Tree 12/27
#NNI moves:0/236
Guide Tree 13/27
#NNI moves:0/236
Guide Tree 14/27
#NNI moves:0/236
Guide Tree 15/27
#NNI moves:0/236
Guide Tree 16/27
#NNI moves:0/236
Guide Tree 17/27
#NNI moves:0/236
Guide Tree 18/27
#NNI moves:0/236
Guide Tree 19/27
#NNI moves:0/236
Guide Tree 20/27
#NNI moves:0/236
Guide Tree 21/27
#NNI moves:0/236
Guide Tree 22/27
#NNI moves:0/236
Guide Tree 23/27
#NNI moves:0/236
Guide Tree 24/27
#NNI moves:0/236
Guide Tree 25/27
#NNI moves:0/236
Guide Tree 26/27
#NNI moves:0/236
Remaining: 0
#NNI moves:0/236
#NNI moves:0/236
(((((((((((((((((((T156,T179),T106),(T172,T168)),T122),(((T87,T55),T33),T9)),((T165,T162),T8)),((((T167,T34),(T73,T146)),(T159,T169)),T161)),(T98,T41)),(((((T194,T1),T178),(T198,(T200,T119))),T66),T171)),(T31,(T57,T63))),((T107,T26),((((T11,T191),((T37,T139),T135)),T94),((((T32,(T133,T23)),T126),T28),(((T16,T155),T49),T110))))),((((((T136,T104),T173),T48),(((T134,T103),T141),(T189,(T186,T180)))),T157),T19)),((((((((T114,T74),(((T10,T153),((T2,T143),T92)),T47)),T184),(T150,T182)),T99),(T199,T109)),((((((T59,T166),(T128,T45)),T151),T96),(((T185,T105),T6),T70)),(((((((T69,T116),(T95,T115)),T192),T77),T53),(T15,T84)),(T60,T112)))),((((((T7,T131),(T181,T196)),T188),T148),(((((T29,T52),T97),T90),T177),(T101,(T81,T58)))),T67))),(((((T164,T85),T100),T163),(T102,T111)),T56)),(((((((T124,((T91,T3),T44)),((T93,(T65,T21)),T144)),(((T170,T72),(T17,T174)),(T46,(T80,T89)))),((((((((T193,T108),T130),T4),T82),((T61,T35),T79)),T145),((T25,T117),(T68,T86))),T154)),((T62,T18),((T54,T195),T149))),(T38,T175)),T0)),((((((((T123,((T138,T113),T132)),(T12,T71)),(T64,(((T22,T13),T190),T40))),((T88,T36),T176)),(T14,T197)),((T147,T30),(T158,T129))),(((((T39,T75),((T5,T76),T42)),T24),(T120,T127)),(T20,T83))),(((((T142,T160),T118),((T78,T137),T183)),T125),(T152,((T51,T27),T43))))),(T50,T187)),T140),T121);
Initial score: 2.82367e+10
Initial tree: (((((((((((((((((((T156,T179),T106),(T172,T168)),T122),(((T87,T55),T33),T9)),((T165,T162),T8)),((((T167,T34),(T73,T146)),(T159,T169)),T161)),(T98,T41)),(((((T194,T1),T178),(T198,(T200,T119))),T66),T171)),(T31,(T57,T63))),((T107,T26),((((T11,T191),((T37,T139),T135)),T94),((((T32,(T133,T23)),T126),T28),(((T16,T155),T49),T110))))),((((((T136,T104),T173),T48),(((T134,T103),T141),(T189,(T186,T180)))),T157),T19)),((((((((T114,T74),(((T10,T153),((T2,T143),T92)),T47)),T184),(T150,T182)),T99),(T199,T109)),((((((T59,T166),(T128,T45)),T151),T96),(((T185,T105),T6),T70)),(((((((T69,T116),(T95,T115)),T192),T77),T53),(T15,T84)),(T60,T112)))),((((((T7,T131),(T181,T196)),T188),T148),(((((T29,T52),T97),T90),T177),(T101,(T81,T58)))),T67))),(((((T164,T85),T100),T163),(T102,T111)),T56)),(((((((T124,((T91,T3),T44)),((T93,(T65,T21)),T144)),(((T170,T72),(T17,T174)),(T46,(T80,T89)))),((((((((T193,T108),T130),T4),T82),((T61,T35),T79)),T145),((T25,T117),(T68,T86))),T154)),((T62,T18),((T54,T195),T149))),(T38,T175)),T0)),((((((((T123,((T138,T113),T132)),(T12,T71)),(T64,(((T22,T13),T190),T40))),((T88,T36),T176)),(T14,T197)),((T147,T30),(T158,T129))),(((((T39,T75),((T5,T76),T42)),T24),(T120,T127)),(T20,T83))),(((((T142,T160),T118),((T78,T137),T183)),T125),(T152,((T51,T27),T43))))),(T50,T187)),T140),T121);
*** Subsample Process ***
Use two-step algorithm!
#NNI moves:0/236
Remaining: 0
#NNI moves:7/236
#NNI moves:7/236
((((((((((((((((((T170,T72),(T17,T174)),((T89,T80),T46)),((((T3,T91),T44),T124),((T93,(T65,T21)),T144))),(((((T82,(((T193,T108),T130),T4)),((T35,T61),T79)),T145),((T68,T86),(T25,T117))),T154)),((T18,T62),((T54,T195),T149))),(T38,T175)),T0),(((((((((T5,T76),T42),(T75,T39)),T24),(T127,T120)),(T20,T83)),((((((T71,T12),(((T138,T113),T132),T123)),(((T190,(T13,T22)),T40),T64)),((T88,T36),T176)),(T14,T197)),((T147,T30),(T129,T158)))),(((((T142,T160),T118),(T183,(T78,T137))),T125),(((T51,T27),T43),T152))),((T140,T121),(T187,T50)))),(((((T164,T85),T100),T163),(T102,T111)),T56)),(((((((T7,T131),(T196,T181)),T188),T148),(((T81,T58),T101),((((T52,T29),T97),T90),T177))),T67),(((((((((T153,T10),((T143,T2),T92)),T47),(T74,T114)),T184),(T150,T182)),T99),(T109,T199)),((((T53,((((T115,T95),(T116,T69)),T192),T77)),(T15,T84)),(T112,T60)),((T70,((T185,T105),T6)),((((T128,T45),(T166,T59)),T151),T96)))))),((((((T134,T103),T141),((T180,T186),T189)),(T48,(T173,(T136,T104)))),T157),T19)),((((((T16,T155),T49),T110),((((T133,T23),T32),T126),T28)),(((T11,T191),(T135,(T139,T37))),T94)),(T107,T26))),((T57,T63),T31)),(((((T1,T194),T178),(T198,(T200,T119))),T66),T171)),(((((T33,(T55,T87)),T9),((((T156,T179),T106),(T172,T168)),T122)),(T8,(T162,T165))),((((T73,T146),(T167,T34)),(T159,T169)),T161))),T98),T41);
#NNI moves:0/236
Remaining: 0
#NNI moves:2/236
#NNI moves:2/236
(((((((((((((((((((T156,T179),T106),(T172,T168)),T122),(T9,((T87,T55),T33))),((T165,T162),T8)),(((T159,T169),((T167,T34),(T146,T73))),T161)),(T41,T98)),(((((T200,T119),T198),((T1,T194),T178)),T66),T171)),((T57,T63),T31)),((((((T32,(T133,T23)),T126),T28),((T49,(T16,T155)),T110)),(T94,((T135,(T139,T37)),(T11,T191)))),(T26,T107))),(((((T141,(T103,T134)),((T180,T186),T189)),(((T104,T136),T173),T48)),T157),T19)),((((((((((T115,T95),(T69,T116)),T192),T77),T53),(T15,T84)),(T112,T60)),((((T185,T105),T6),T70),(T96,(((T59,T166),(T128,T45)),T151)))),((((((((T153,T10),(T92,(T143,T2))),T47),(T74,T114)),T184),(T182,T150)),T99),(T109,T199))),((((((T131,T7),(T196,T181)),T188),T148),(((T58,T81),T101),((T90,((T52,T29),T97)),T177))),T67))),(((((T85,T164),T100),T163),(T102,T111)),T56)),((((((((((T35,T61),T79),(T82,((T130,(T108,T193)),T4))),T145),((T117,T25),(T68,T86))),T154),(((T144,((T21,T65),T93)),((T44,(T3,T91)),T124)),(((T72,T170),(T17,T174)),(T46,(T80,T89))))),((T18,T62),((T195,T54),T149))),(T175,T38)),T0)),(((((T120,T127),((((T5,T76),T42),(T39,T75)),T24)),(T83,T20)),((((((T123,((T138,T113),T132)),(T12,T71)),(((T190,(T13,T22)),T40),T64)),((T36,T88),T176)),(T197,T14)),((T129,T158),(T147,T30)))),(((((T137,T78),T183),((T142,T160),T118)),T125),(((T27,T51),T43),T152)))),(T50,T187)),T121),T140);
#NNI moves:0/236
Remaining: 0
#NNI moves:1/236
#NNI moves:1/236
(((((((((((((((((((((((T39,T75),(T42,(T76,T5))),T24),(T120,T127)),(T20,T83)),((((((((T113,T138),T132),T123),(T12,T71)),((T40,((T22,T13),T190)),T64)),((T36,T88),T176)),(T197,T14)),((T129,T158),(T30,T147)))),(((T43,(T51,T27)),T152),((((T137,T78),T183),(T118,(T142,T160))),T125))),((T50,T187),(T121,T140))),((((((((T17,T174),(T72,T170)),((T89,T80),T46)),((((T3,T91),T44),T124),(T144,((T65,T21),T93)))),((((T25,T117),(T68,T86)),((((((T108,T193),T130),T4),T82),((T61,T35),T79)),T145)),T154)),((T149,(T54,T195)),(T62,T18))),(T175,T38)),T0)),(((((T85,T164),T100),T163),(T102,T111)),T56)),((((((((((T95,T115),(T116,T69)),T192),T77),T53),(T84,T15)),(T60,T112)),(((((T166,T59),(T45,T128)),T151),T96),(T70,((T105,T185),T6)))),(((((((((T2,T143),T92),(T153,T10)),T47),(T114,T74)),T184),(T182,T150)),T99),(T109,T199))),((((T177,(((T29,T52),T97),T90)),((T58,T81),T101)),(T148,(((T131,T7),(T181,T196)),T188))),T67))),(T19,(((((T180,T186),T189),(T141,(T103,T134))),((T173,(T104,T136)),T48)),T157))),((((((T32,(T23,T133)),T126),T28),((T49,(T155,T16)),T110)),(((T11,T191),(T135,(T139,T37))),T94)),(T107,T26))),((T57,T63),T31)),((((T198,(T119,T200)),(T178,(T1,T194))),T66),T171)),(T41,T98)),(((T169,T159),((T73,T146),(T167,T34))),T161)),(T8,(T165,T162))),(((T87,T55),T33),T9)),T122),(T168,T172)),(T156,T179)),T106);
#NNI moves:1/236
Remaining: 0
#NNI moves:6/236
#NNI moves:6/236
((((((((((((((T161,(((T167,T34),(T146,T73)),(T159,T169))),(((T162,T165),T8),(((T33,(T87,T55)),T9),((((T179,T156),T106),(T172,T168)),T122)))),(T41,T98)),(T171,((((T194,T1),T178),((T200,T119),T198)),T66))),((T63,T57),T31)),(((((T126,((T23,T133),T32)),T28),(((T16,T155),T49),T110)),(((T11,T191),(T135,(T139,T37))),T94)),(T107,T26))),((((T48,(T173,(T136,T104))),((T189,(T186,T180)),(T141,(T103,T134)))),T157),T19)),((((((((T128,T45),(T59,T166)),T151),T96),(((T105,T185),T6),T70)),(((((((T116,T69),(T115,T95)),T192),T77),T53),(T84,T15)),(T112,T60))),((((((((T92,(T2,T143)),(T10,T153)),T47),(T114,T74)),T184),(T150,T182)),T99),(T109,T199))),((((T177,(T90,((T52,T29),T97))),((T81,T58),T101)),((((T196,T181),(T131,T7)),T188),T148)),T67))),(((T163,(T100,(T164,T85))),(T102,T111)),T56)),((((((((T25,T117),(T68,T86)),((((((T193,T108),T130),T4),T82),(T79,(T35,T61))),T145)),T154),((((T170,T72),(T174,T17)),(T46,(T89,T80))),((T124,(T44,(T91,T3))),(((T65,T21),T93),T144)))),((T62,T18),(T149,(T195,T54)))),(T175,T38)),T0)),((((((((T40,(T190,(T13,T22))),T64),((T12,T71),((T132,(T138,T113)),T123))),((T88,T36),T176)),(T197,T14)),((T129,T158),(T30,T147))),((T20,T83),(((((T76,T5),T42),(T39,T75)),T24),(T120,T127)))),(((((T160,T142),T118),((T78,T137),T183)),T125),(((T51,T27),T43),T152)))),(T50,T187)),T121),T140);
Current score: 2.82367e+10
Current tree: ((((((((((((((T161,(((T167,T34),(T146,T73)),(T159,T169))),(((T162,T165),T8),(((T33,(T87,T55)),T9),((((T179,T156),T106),(T172,T168)),T122)))),(T41,T98)),(T171,((((T194,T1),T178),((T200,T119),T198)),T66))),((T63,T57),T31)),(((((T126,((T23,T133),T32)),T28),(((T16,T155),T49),T110)),(((T11,T191),(T135,(T139,T37))),T94)),(T107,T26))),((((T48,(T173,(T136,T104))),((T189,(T186,T180)),(T141,(T103,T134)))),T157),T19)),((((((((T128,T45),(T59,T166)),T151),T96),(((T105,T185),T6),T70)),(((((((T116,T69),(T115,T95)),T192),T77),T53),(T84,T15)),(T112,T60))),((((((((T92,(T2,T143)),(T10,T153)),T47),(T114,T74)),T184),(T150,T182)),T99),(T109,T199))),((((T177,(T90,((T52,T29),T97))),((T81,T58),T101)),((((T196,T181),(T131,T7)),T188),T148)),T67))),(((T163,(T100,(T164,T85))),(T102,T111)),T56)),((((((((T25,T117),(T68,T86)),((((((T193,T108),T130),T4),T82),(T79,(T35,T61))),T145)),T154),((((T170,T72),(T174,T17)),(T46,(T89,T80))),((T124,(T44,(T91,T3))),(((T65,T21),T93),T144)))),((T62,T18),(T149,(T195,T54)))),(T175,T38)),T0)),((((((((T40,(T190,(T13,T22))),T64),((T12,T71),((T132,(T138,T113)),T123))),((T88,T36),T176)),(T197,T14)),((T129,T158),(T30,T147))),((T20,T83),(((((T76,T5),T42),(T39,T75)),T24),(T120,T127)))),(((((T160,T142),T118),((T78,T137),T183)),T125),(((T51,T27),T43),T152)))),(T50,T187)),T140),T121);
Final Tree: ((((((((((((((T161,(((T167,T34),(T146,T73)),(T159,T169))),(((T162,T165),T8),(((T33,(T87,T55)),T9),((((T179,T156),T106),(T172,T168)),T122)))),(T41,T98)),(T171,((((T194,T1),T178),((T200,T119),T198)),T66))),((T63,T57),T31)),(((((T126,((T23,T133),T32)),T28),(((T16,T155),T49),T110)),(((T11,T191),(T135,(T139,T37))),T94)),(T107,T26))),((((T48,(T173,(T136,T104))),((T189,(T186,T180)),(T141,(T103,T134)))),T157),T19)),((((((((T128,T45),(T59,T166)),T151),T96),(((T105,T185),T6),T70)),(((((((T116,T69),(T115,T95)),T192),T77),T53),(T84,T15)),(T112,T60))),((((((((T92,(T2,T143)),(T10,T153)),T47),(T114,T74)),T184),(T150,T182)),T99),(T109,T199))),((((T177,(T90,((T52,T29),T97))),((T81,T58),T101)),((((T196,T181),(T131,T7)),T188),T148)),T67))),(((T163,(T100,(T164,T85))),(T102,T111)),T56)),((((((((T25,T117),(T68,T86)),((((((T193,T108),T130),T4),T82),(T79,(T35,T61))),T145)),T154),((((T170,T72),(T174,T17)),(T46,(T89,T80))),((T124,(T44,(T91,T3))),(((T65,T21),T93),T144)))),((T62,T18),(T149,(T195,T54)))),(T175,T38)),T0)),((((((((T40,(T190,(T13,T22))),T64),((T12,T71),((T132,(T138,T113)),T123))),((T88,T36),T176)),(T197,T14)),((T129,T158),(T30,T147))),((T20,T83),(((((T76,T5),T42),(T39,T75)),T24),(T120,T127)))),(((((T160,T142),T118),((T78,T137),T183)),T125),(((T51,T27),T43),T152)))),(T50,T187)),T140),T121);
Score: 2.823672075e+10

real	1m36.447s
user	34m53.419s
sys	0m19.161s
