Iteration 1:
Accurate Species Tree EstimatoR from Independent Site Kernals
Version: v1.13.0.0
#Base: 1850795940
#Species: 21
#Rounds: 1
#Samples: 0
#Threads: 16
#NNI moves:0/60
(((((((((((T140,T120),T100),(T70,T180)),((T60,T80),(T10,T30))),(T190,T90)),((T50,T20),T130)),T0),T40),((T170,T150),T110)),T200),T160);
Initial score: 1.88348e+12
Initial tree: ((T70,(((T140,T120),T100),(((T60,T80),(T10,T30)),((T190,T90),(((T50,T20),T130),(T0,(T40,(((T170,T150),T110),(T200,T160))))))))),T180);
*** Subsample Process ***
Current score: 1.88348e+12
Current tree: ((T70,(((T140,T120),T100),(((T60,T80),(T10,T30)),((T190,T90),(((T50,T20),T130),(T0,(T40,(((T170,T150),T110),(T200,T160))))))))),T180);
Final Tree: ((T70,(((T140,T120),T100),(((T60,T80),(T10,T30)),((T190,T90),(((T50,T20),T130),(T0,(T40,(((T170,T150),T110),(T200,T160))))))))),T180);
Score: 1.88348e+12

real	3m28.392s
user	36m57.643s
sys	0m3.982s
