Iteration 1:
Accurate Species Tree EstimatoR from Independent Site Kernals
Version: v1.13.0.0
#Base: 1724467920
#Species: 21
#Rounds: 1
#Samples: 0
#Threads: 16
#NNI moves:0/60
(((((((((((T110,T170),T10),T150),(T130,T40)),T100),T0),(T160,T30)),((((T190,T60),T120),T140),(((T70,T200),T90),T50))),T180),T80),T20);
Initial score: 1.43907e+12
Initial tree: ((((((T110,T170),T10),T150),(T130,T40)),(T0,((T160,T30),(((((T190,T60),T120),T140),(((T70,T200),T90),T50)),(T180,(T80,T20)))))),T100);
*** Subsample Process ***
Current score: 1.43907e+12
Current tree: ((((((T110,T170),T10),T150),(T130,T40)),(T0,((T160,T30),(((((T190,T60),T120),T140),(((T70,T200),T90),T50)),(T180,(T80,T20)))))),T100);
Final Tree: ((((((T110,T170),T10),T150),(T130,T40)),(T0,((T160,T30),(((((T190,T60),T120),T140),(((T70,T200),T90),T50)),(T180,(T80,T20)))))),T100);
Score: 1.43907e+12

real	3m41.371s
user	33m18.696s
sys	0m6.403s
