Iteration 1:
Accurate Species Tree EstimatoR from Independent Site Kernals
Version: v1.13.0.0
#Base: 1983158520
#Species: 21
#Rounds: 1
#Samples: 0
#Threads: 16
#NNI moves:1/60
(((((((((((((T200,T140),T100),T120),(T80,T40)),T20),T180),((T70,T10),(T50,T60))),((T190,T90),T150)),T0),T130),T110),(T160,T170)),T30);
Initial score: 1.45936e+12
Initial tree: ((T190,(T150,((((((((T200,T140),T100),T120),(T80,T40)),T20),T180),((T70,T10),(T50,T60))),(T0,(T130,(T110,((T160,T170),T30))))))),T90);
*** Subsample Process ***
Current score: 1.45936e+12
Current tree: ((T190,(T150,((((((((T200,T140),T100),T120),(T80,T40)),T20),T180),((T70,T10),(T50,T60))),(T0,(T130,(T110,((T160,T170),T30))))))),T90);
Final Tree: ((T190,(T150,((((((((T200,T140),T100),T120),(T80,T40)),T20),T180),((T70,T10),(T50,T60))),(T0,(T130,(T110,((T160,T170),T30))))))),T90);
Score: 1.45936e+12

real	3m42.620s
user	38m10.564s
sys	0m3.946s
