Iteration 1:
Accurate Species Tree EstimatoR from Independent Site Kernals
Version: v1.13.0.0
#Base: 1619367120
#Species: 21
#Rounds: 1
#Samples: 0
#Threads: 16
#NNI moves:0/60
((((((((((T90,T10),T110),(T80,T100)),T130),((((T180,T40),T50),T30),(T140,T70))),T0),T60),((T190,T160),(T170,T150))),(T120,T20)),T200);
Initial score: 1.10454e+12
Initial tree: ((((T180,T40),T50),((T140,T70),(((((T90,T10),T110),(T80,T100)),T130),(T0,(T60,(((T190,T160),(T170,T150)),((T120,T20),T200))))))),T30);
*** Subsample Process ***
Current score: 1.10454e+12
Current tree: ((((T180,T40),T50),((T140,T70),(((((T90,T10),T110),(T80,T100)),T130),(T0,(T60,(((T190,T160),(T170,T150)),((T120,T20),T200))))))),T30);
Final Tree: ((((T180,T40),T50),((T140,T70),(((((T90,T10),T110),(T80,T100)),T130),(T0,(T60,(((T190,T160),(T170,T150)),((T120,T20),T200))))))),T30);
Score: 1.10454e+12

real	3m9.149s
user	32m46.653s
sys	0m3.909s
