Iteration 1:
Accurate Species Tree EstimatoR from Independent Site Kernals
Version: v1.13.0.0
#Base: 1872900960
#Species: 21
#Rounds: 1
#Samples: 0
#Threads: 16
#NNI moves:0/60
((((((((((T80,T190),T160),((T10,T90),T100)),(((T180,T140),T150),T70)),(T170,T130)),T0),((T200,T120),T110)),(T20,T40)),(T30,T50)),T60);
Initial score: 1.08371e+12
Initial tree: ((T170,(((((T80,T190),T160),((T10,T90),T100)),(((T180,T140),T150),T70)),(T0,(((T200,T120),T110),((T20,T40),((T30,T50),T60)))))),T130);
*** Subsample Process ***
Current score: 1.08371e+12
Current tree: ((T170,(((((T80,T190),T160),((T10,T90),T100)),(((T180,T140),T150),T70)),(T0,(((T200,T120),T110),((T20,T40),((T30,T50),T60)))))),T130);
Final Tree: ((T170,(((((T80,T190),T160),((T10,T90),T100)),(((T180,T140),T150),T70)),(T0,(((T200,T120),T110),((T20,T40),((T30,T50),T60)))))),T130);
Score: 1.08371e+12

real	3m36.390s
user	36m28.300s
sys	0m3.979s
