Iteration 1:
Accurate Species Tree EstimatoR from Independent Site Kernals
Version: v1.13.0.0
#Base: 1153312860
#Species: 21
#Rounds: 1
#Samples: 0
#Threads: 16
#NNI moves:0/60
((((((((((((T10,T160),T90),T100),(T40,T30)),(T120,T70)),T0),(T60,T130)),(((T180,T200),T150),T110)),T170),(T50,T140)),(T190,T20)),T80);
Initial score: 1.28335e+12
Initial tree: ((T40,((((T10,T160),T90),T100),((T120,T70),(T0,((T60,T130),((((T180,T200),T150),T110),(T170,((T50,T140),((T190,T20),T80))))))))),T30);
*** Subsample Process ***
Current score: 1.28335e+12
Current tree: ((T40,((((T10,T160),T90),T100),((T120,T70),(T0,((T60,T130),((((T180,T200),T150),T110),(T170,((T50,T140),((T190,T20),T80))))))))),T30);
Final Tree: ((T40,((((T10,T160),T90),T100),((T120,T70),(T0,((T60,T130),((((T180,T200),T150),T110),(T170,((T50,T140),((T190,T20),T80))))))))),T30);
Score: 1.28335e+12

real	2m22.521s
user	21m40.253s
sys	0m3.841s
