Iteration 1:
Accurate Species Tree EstimatoR from Independent Site Kernals
Version: v1.13.0.0
#Base: 1976883720
#Species: 21
#Rounds: 1
#Samples: 0
#Threads: 16
#NNI moves:0/60
((((((((((T50,T130),T60),((T10,T30),T160)),((T100,T110),T180)),T0),((T190,T40),(T150,T200))),T70),(T80,T140)),((T90,T120),T170)),T20);
Initial score: 2.01663e+12
Initial tree: ((T100,(T180,((((T50,T130),T60),((T10,T30),T160)),(T0,(((T190,T40),(T150,T200)),(T70,((T80,T140),(((T90,T120),T170),T20)))))))),T110);
*** Subsample Process ***
Current score: 2.01663e+12
Current tree: ((T100,(T180,((((T50,T130),T60),((T10,T30),T160)),(T0,(((T190,T40),(T150,T200)),(T70,((T80,T140),(((T90,T120),T170),T20)))))))),T110);
Final Tree: ((T100,(T180,((((T50,T130),T60),((T10,T30),T160)),(T0,(((T190,T40),(T150,T200)),(T70,((T80,T140),(((T90,T120),T170),T20)))))))),T110);
Score: 2.01663e+12

real	3m36.880s
user	38m46.628s
sys	0m4.078s
