Iteration 1:
Accurate Species Tree EstimatoR from Independent Site Kernals
Version: v1.13.0.0
#Base: 1810065180
#Species: 21
#Rounds: 1
#Samples: 0
#Threads: 16
#NNI moves:0/60
((((((((((T190,T60),T90),T30),T110),T40),(((T10,T100),(T140,T70)),T20)),(T200,T150)),((T80,T160),T0)),((T120,T50),(T170,T130))),T180);
Initial score: 1.67392e+12
Initial tree: ((T80,(T0,((((((((T190,T60),T90),T30),T110),T40),(((T10,T100),(T140,T70)),T20)),(T200,T150)),(((T120,T50),(T170,T130)),T180)))),T160);
*** Subsample Process ***
Current score: 1.67392e+12
Current tree: ((T80,(T0,((((((((T190,T60),T90),T30),T110),T40),(((T10,T100),(T140,T70)),T20)),(T200,T150)),(((T120,T50),(T170,T130)),T180)))),T160);
Final Tree: ((T80,(T0,((((((((T190,T60),T90),T30),T110),T40),(((T10,T100),(T140,T70)),T20)),(T200,T150)),(((T120,T50),(T170,T130)),T180)))),T160);
Score: 1.67392e+12

real	3m16.693s
user	34m44.177s
sys	0m4.166s
