Iteration 1:
Accurate Species Tree EstimatoR from Independent Site Kernals
Version: v1.13.0.0
#Base: 1554163800
#Species: 21
#Rounds: 1
#Samples: 0
#Threads: 16
#NNI moves:0/60
(((((((((((T160,T140),T190),T130),((T30,T50),T60)),((T150,T20),T170)),(T110,T90)),(T0,T120)),((T10,T40),T100)),(T180,T200)),T70),T80);
Initial score: 1.03592e+12
Initial tree: ((T150,(T170,(((((T160,T140),T190),T130),((T30,T50),T60)),((T110,T90),((T0,T120),(((T10,T40),T100),((T180,T200),(T70,T80)))))))),T20);
*** Subsample Process ***
Current score: 1.03592e+12
Current tree: ((T150,(T170,(((((T160,T140),T190),T130),((T30,T50),T60)),((T110,T90),((T0,T120),(((T10,T40),T100),((T180,T200),(T70,T80)))))))),T20);
Final Tree: ((T150,(T170,(((((T160,T140),T190),T130),((T30,T50),T60)),((T110,T90),((T0,T120),(((T10,T40),T100),((T180,T200),(T70,T80)))))))),T20);
Score: 1.03592e+12

real	3m5.741s
user	31m4.576s
sys	0m4.170s
