Iteration 1:
Accurate Species Tree EstimatoR from Independent Site Kernals
Version: v1.13.0.0
#Base: 1888262460
#Species: 21
#Rounds: 1
#Samples: 0
#Threads: 16
#NNI moves:0/60
((((((((((T180,T30),T160),T120),T10),(T0,T50)),((((T150,T110),T60),(T20,T70)),T100)),(((T190,T200),T40),T80)),(T140,T130)),T170),T90);
Initial score: 8.85433e+11
Initial tree: ((T0,(((((T180,T30),T160),T120),T10),(((((T150,T110),T60),(T20,T70)),T100),((((T190,T200),T40),T80),((T140,T130),(T170,T90)))))),T50);
*** Subsample Process ***
Current score: 8.85433e+11
Current tree: ((T0,(((((T180,T30),T160),T120),T10),(((((T150,T110),T60),(T20,T70)),T100),((((T190,T200),T40),T80),((T140,T130),(T170,T90)))))),T50);
Final Tree: ((T0,(((((T180,T30),T160),T120),T10),(((((T150,T110),T60),(T20,T70)),T100),((((T190,T200),T40),T80),((T140,T130),(T170,T90)))))),T50);
Score: 8.85433e+11

real	3m31.409s
user	37m14.019s
sys	0m3.914s
