Iteration 1:
Accurate Species Tree EstimatoR from Independent Site Kernals
Version: v1.13.0.0
#Base: 1623413400
#Species: 21
#Rounds: 1
#Samples: 0
#Threads: 16
#NNI moves:1/60
(((((((((T170,T90),T80),((T100,T20),T190)),T200),((T30,T140),T150)),(T110,T40)),(((T180,T120),T70),(T0,((T160,T60),T50)))),T10),T130);
Initial score: 1.3473e+12
Initial tree: (((T160,T60),(T0,(((T180,T120),T70),(((((((T170,T90),T80),((T100,T20),T190)),T200),((T30,T140),T150)),(T110,T40)),(T10,T130))))),T50);
*** Subsample Process ***
Current score: 1.3473e+12
Current tree: (((T160,T60),(T0,(((T180,T120),T70),(((((((T170,T90),T80),((T100,T20),T190)),T200),((T30,T140),T150)),(T110,T40)),(T10,T130))))),T50);
Final Tree: (((T160,T60),(T0,(((T180,T120),T70),(((((((T170,T90),T80),((T100,T20),T190)),T200),((T30,T140),T150)),(T110,T40)),(T10,T130))))),T50);
Score: 1.3473e+12

real	3m25.889s
user	34m59.082s
sys	0m3.948s
