Iteration 1:
Accurate Species Tree EstimatoR from Independent Site Kernals
Version: v1.13.0.0
#Base: 1824991140
#Species: 21
#Rounds: 1
#Samples: 0
#Threads: 16
#NNI moves:0/60
(((((((((((((T170,T20),T120),T130),(T180,T200)),T100),(((T140,T60),T40),T110)),((T50,T10),T70)),T0),T90),(T30,T160)),T190),T80),T150);
Initial score: 1.62531e+12
Initial tree: ((T140,(T40,(T110,((((((T170,T20),T120),T130),(T180,T200)),T100),(((T50,T10),T70),(T0,(T90,((T30,T160),(T190,(T80,T150)))))))))),T60);
*** Subsample Process ***
Current score: 1.62531e+12
Current tree: ((T140,(T40,(T110,((((((T170,T20),T120),T130),(T180,T200)),T100),(((T50,T10),T70),(T0,(T90,((T30,T160),(T190,(T80,T150)))))))))),T60);
Final Tree: ((T140,(T40,(T110,((((((T170,T20),T120),T130),(T180,T200)),T100),(((T50,T10),T70),(T0,(T90,((T30,T160),(T190,(T80,T150)))))))))),T60);
Score: 1.62531e+12

real	3m25.161s
user	33m39.063s
sys	0m4.039s
