Iteration 1:
Accurate Species Tree EstimatoR from Independent Site Kernals
Version: v1.13.0.0
#Base: 1620873660
#Species: 21
#Rounds: 1
#Samples: 0
#Threads: 16
#NNI moves:1/60
((((((((((((T200,T180),(T20,T40)),T190),T10),T160),T0),(T60,((((T70,T80),T120),T30),(T130,T50)))),T110),T90),(T170,T140)),T100),T150);
Initial score: 8.49882e+11
Initial tree: ((((((T200,T180),(T20,T40)),T190),T10),(T0,((T60,((((T70,T80),T120),T30),(T130,T50))),(T110,(T90,((T170,T140),(T100,T150))))))),T160);
*** Subsample Process ***
Current score: 8.49882e+11
Current tree: ((((((T200,T180),(T20,T40)),T190),T10),(T0,((T60,((((T70,T80),T120),T30),(T130,T50))),(T110,(T90,((T170,T140),(T100,T150))))))),T160);
Final Tree: ((((((T200,T180),(T20,T40)),T190),T10),(T0,((T60,((((T70,T80),T120),T30),(T130,T50))),(T110,(T90,((T170,T140),(T100,T150))))))),T160);
Score: 8.49882e+11

real	3m18.319s
user	33m59.201s
sys	0m4.250s
