Weighted ASTRAL - Hybrid
Version: v1.13.2.3
#Genetrees: 2000
#Species: 21
#Rounds: 4
#Samples: 4
#Threads: 32
#NNI moves:1/60
((((((((T120,T140),T100),(T70,T180)),((T60,T80),(T30,T10))),(T90,T190)),((T50,T20),T130)),((((T170,T150),T110),(T160,T200)),T40)),T0);
#NNI moves:0/60
(((((((((((T150,T170),T110),(T200,T160)),T40),T0),((T20,T50),T130)),(T190,T90)),(((T140,T120),T100),(T180,T70))),(T30,T10)),T80),T60);
#NNI moves:0/60
(((((((((T140,T120),T100),(T70,T180)),((T60,T80),(T30,T10))),(T90,T190)),(((((T170,T150),T110),(T200,T160)),T40),T0)),T130),T20),T50);
#NNI moves:3/60
((((((((((((T140,T120),T100),(T180,T70)),((T10,T30),(T60,T80))),(T190,T90)),((T20,T50),T130)),T0),T40),(T200,T160)),T110),T150),T170);
Initial score: 4.0622e+09
Initial tree: ((T70,(((T140,T120),T100),(((T10,T30),(T60,T80)),((T190,T90),(((T20,T50),T130),(T0,(T40,((T200,T160),(T110,(T150,T170)))))))))),T180);
*** Subsample Process ***
#NNI moves:0/60
(((((((((((T150,T170),T110),(T160,T200)),T40),T0),((T20,T50),T130)),(T190,T90)),((T30,T10),(T80,T60))),((T120,T140),T100)),T70),T180);
#NNI moves:0/60
(((((((((((T170,T150),T110),(T200,T160)),T40),T0),((T50,T20),T130)),(T90,T190)),((T60,T80),(T30,T10))),((T140,T120),T100)),T70),T180);
#NNI moves:0/60
(((((((((T170,T150),T110),(T160,T200)),T40),T0),((T20,T50),T130)),((((T120,T140),T100),(T70,T180)),((T80,T60),(T10,T30)))),T90),T190);
#NNI moves:0/60
(((((((((((T150,T170),T110),(T160,T200)),T40),T0),((T50,T20),T130)),(T190,T90)),((T30,T10),(T80,T60))),((T140,T120),T100)),T180),T70);
Current score: 4.0622e+09
Current tree: (((((((((((T150,T170),T110),(T160,T200)),T40),T0),((T50,T20),T130)),(T190,T90)),((T30,T10),(T80,T60))),((T140,T120),T100)),T70),T180);
Final Tree: (((((((((((T150,T170),T110),(T160,T200)),T40),T0),((T50,T20),T130)),(T190,T90)),((T30,T10),(T80,T60))),((T140,T120),T100)),T70),T180);
Score: 4062197997

real	0m4.270s
user	1m3.766s
sys	0m1.668s
