
RAxML-NG v. 1.1.0-master released on 04.08.2022 by The Exelixis Lab.
Developed by: Alexey M. Kozlov and Alexandros Stamatakis.
Contributors: Diego Darriba, Tomas Flouri, Benoit Morel, Sarah Lutteropp, Ben Bettisworth.
Latest version: https://github.com/amkozlov/raxml-ng
Questions/problems/suggestions? Please visit: https://groups.google.com/forum/#!forum/raxml

System: AMD EPYC 7742 64-Core Processor, 128 cores, 251 GB RAM

RAxML-NG was called at 26-May-2023 01:41:22 as follows:

/home/chaos/programs/raxml-ng/raxml-ng/bin/raxml-ng --msa data/alignment/10_1X_S21_1e6_1.5.rename --tree pars{1} --model GTR+G --threads 8 --tree-constraint S21/raxml-5.polytomy --redo

Analysis options:
  run mode: ML tree search
  start tree(s): parsimony (1)
  topological constraint: S21/raxml-5.polytomy (algorithm: NEW)
  random seed: 1685090482
  tip-inner: OFF
  pattern compression: ON
  per-rate scalers: OFF
  site repeats: ON
  fast spr radius: AUTO
  spr subtree cutoff: 1.000000
  branch lengths: proportional (ML estimate, algorithm: NR-FAST)
  SIMD kernels: AVX2
  parallelization: coarse-grained (auto), PTHREADS (8 threads), thread pinning: OFF

WARNING: Running in REDO mode: existing checkpoints are ignored, and all result files will be overwritten!

[00:00:00] Reading alignment from file: data/alignment/10_1X_S21_1e6_1.5.rename
[00:00:01] Loaded alignment with 105 taxa and 5000000 sites

Alignment comprises 1 partitions and 2790314 patterns

Partition 0: noname
Model: GTR+FO+G4m
Alignment sites / patterns: 5000000 / 2790314
Gaps: 0.00 %
Invariant sites: 16.65 %


NOTE: Binary MSA file created: data/alignment/10_1X_S21_1e6_1.5.rename.raxml.rba

[00:00:13] Loading constraint tree from: S21/raxml-5.polytomy
[00:00:13] Loaded comprehensive constraint tree with 105 taxa

Parallelization scheme autoconfig: 1 worker(s) x 8 thread(s)

Parallel reduction/worker buffer size: 1 KB  / 0 KB

[00:00:13] Generating 1 parsimony starting tree(s) with 105 taxa
[00:00:58] Data distribution: max. partitions/sites/weight per thread: 1 / 348790 / 5580640
[00:00:58] Data distribution: max. searches per worker: 1

Starting ML tree search with 1 distinct starting trees

[00:00:58 -130534348.516584] Initial branch length optimization
[00:04:45 -122717577.270638] Model parameter optimization (eps = 10.000000)
[00:27:10 -118971123.636538] AUTODETECT spr round 1 (radius: 5)
[00:32:54 -118971123.581392] SPR radius for FAST iterations: 5 (autodetect)
[00:32:54 -118971123.581392] Model parameter optimization (eps = 3.000000)
[00:34:44 -118971120.430923] FAST spr round 1 (radius: 5)
[01:01:36 -118969572.170343] FAST spr round 2 (radius: 5)
[01:28:31 -118968119.686887] FAST spr round 3 (radius: 5)
[01:55:26 -118966825.309544] FAST spr round 4 (radius: 5)
[02:22:35 -118965953.523840] FAST spr round 5 (radius: 5)
[02:49:46 -118965411.497812] FAST spr round 6 (radius: 5)
[03:16:49 -118965305.618813] FAST spr round 7 (radius: 5)
[03:43:48 -118965305.617055] Model parameter optimization (eps = 1.000000)
[03:47:02 -118965302.125929] SLOW spr round 1 (radius: 5)
[04:35:53 -118964920.532190] SLOW spr round 2 (radius: 5)
[05:26:47 -118962037.563293] SLOW spr round 3 (radius: 5)
[06:14:03 -118961812.461241] SLOW spr round 4 (radius: 5)
[07:05:25 -118955254.240880] SLOW spr round 5 (radius: 5)
[07:55:09 -118952714.000072] SLOW spr round 6 (radius: 5)
[08:42:24 -118952517.477530] SLOW spr round 7 (radius: 5)
[09:29:07 -118951854.006550] SLOW spr round 8 (radius: 5)
[10:17:34 -118949955.014016] SLOW spr round 9 (radius: 5)
[11:04:44 -118949955.011254] SLOW spr round 10 (radius: 10)
[11:35:33 -118949955.011114] SLOW spr round 11 (radius: 15)
[11:38:13 -118949955.011109] SLOW spr round 12 (radius: 20)
[11:40:53 -118949955.011109] SLOW spr round 13 (radius: 25)
[11:43:33 -118949955.011109] Model parameter optimization (eps = 0.100000)

[11:49:52] ML tree search #1, logLikelihood: -118949952.391875


Optimized model parameters:

   Partition 0: noname
   Rate heterogeneity: GAMMA (4 cats, mean),  alpha: 0.914596 (ML),  weights&rates: (0.250000,0.119614) (0.250000,0.449486) (0.250000,0.984270) (0.250000,2.446630) 
   Base frequencies (ML): 0.311555 0.192181 0.213189 0.283075 
   Substitution rates (ML): 4.067641 10.529737 4.191662 5.666430 10.442431 1.000000 


Final LogLikelihood: -118949952.391875

AIC score: 237900336.783750 / AICc score: 237900336.802500 / BIC score: 237903236.572620
Free parameters (model + branch lengths): 216

Best ML tree saved to: /expanse/lustre/projects/uot138/chaos/ASTERISK-sim/data/alignment/10_1X_S21_1e6_1.5.rename.raxml.bestTree
Optimized model saved to: /expanse/lustre/projects/uot138/chaos/ASTERISK-sim/data/alignment/10_1X_S21_1e6_1.5.rename.raxml.bestModel

Execution log saved to: /expanse/lustre/projects/uot138/chaos/ASTERISK-sim/data/alignment/10_1X_S21_1e6_1.5.rename.raxml.log

Analysis started: 26-May-2023 01:41:22 / finished: 26-May-2023 13:31:15

Elapsed time: 42593.108 seconds

Consumed energy: 4753.267 Wh (= 24 km in an electric car, or 119 km with an e-scooter!)

