Weighted ASTRAL - Hybrid
Version: v1.13.2.3
#Genetrees: 2000
#Species: 21
#Rounds: 4
#Samples: 4
#Threads: 32
#NNI moves:0/60
(((((((((T60,T110),(T160,T40)),(T90,T70)),(((T20,T10),T0),(T150,T120))),((((T30,T100),T130),(T140,T190)),T80)),T170),T180),T50),T200);
#NNI moves:0/60
(((((((T110,T60),(T40,T160)),(T70,T90)),(((T10,T20),T0),(T120,T150))),(((T50,T200),T180),T170)),(((T100,T30),T130),(T190,T140))),T80);
#NNI moves:0/60
((((((((((T40,T160),(T60,T110)),(T70,T90)),(((T20,T10),T0),(T150,T120))),(((T50,T200),T180),T170)),T80),(T140,T190)),T130),T100),T30);
#NNI moves:1/60
(((((((((T110,T60),(T40,T160)),(T70,T90)),((T150,T120),((T10,T20),T0))),(((T200,T50),T180),T170)),T80),((T30,T100),T130)),T190),T140);
Initial score: 2.63702e+09
Initial tree: ((T20,(T0,((T150,T120),((((T110,T60),(T40,T160)),(T70,T90)),((((T200,T50),T180),T170),(T80,(((T30,T100),T130),(T190,T140)))))))),T10);
*** Subsample Process ***
#NNI moves:0/60
((((((((((T100,T30),T130),(T190,T140)),T80),(((T200,T50),T180),T170)),(((T60,T110),(T160,T40)),(T70,T90))),(T120,T150)),T0),T20),T10);
#NNI moves:0/60
((((((((((T30,T100),T130),(T140,T190)),T80),(((T50,T200),T180),T170)),(((T110,T60),(T160,T40)),(T90,T70))),(T150,T120)),T0),T20),T10);
#NNI moves:0/60
((((((((((T30,T100),T130),(T190,T140)),T80),(((T200,T50),T180),T170)),(((T20,T10),T0),(T120,T150))),(T70,T90)),(T40,T160)),T110),T60);
#NNI moves:0/60
((((((((((T30,T100),T130),(T190,T140)),T80),(((T200,T50),T180),T170)),(((T40,T160),(T60,T110)),(T90,T70))),(T150,T120)),T0),T10),T20);
Current score: 2.63702e+09
Current tree: ((((((((((T30,T100),T130),(T190,T140)),T80),(((T200,T50),T180),T170)),(((T40,T160),(T60,T110)),(T90,T70))),(T150,T120)),T0),T20),T10);
Final Tree: ((((((((((T30,T100),T130),(T190,T140)),T80),(((T200,T50),T180),T170)),(((T40,T160),(T60,T110)),(T90,T70))),(T150,T120)),T0),T20),T10);
Score: 2637015247

real	0m3.164s
user	0m59.382s
sys	0m0.933s
