
RAxML-NG v. 1.1.0-master released on 04.08.2022 by The Exelixis Lab.
Developed by: Alexey M. Kozlov and Alexandros Stamatakis.
Contributors: Diego Darriba, Tomas Flouri, Benoit Morel, Sarah Lutteropp, Ben Bettisworth.
Latest version: https://github.com/amkozlov/raxml-ng
Questions/problems/suggestions? Please visit: https://groups.google.com/forum/#!forum/raxml

System: AMD EPYC 7742 64-Core Processor, 128 cores, 251 GB RAM

RAxML-NG was called at 26-May-2023 02:27:22 as follows:

/home/chaos/programs/raxml-ng/raxml-ng/bin/raxml-ng --msa data/alignment/11_1X_S21_1e6_1.5.rename --tree pars{1} --model GTR+G --threads 8 --tree-constraint S21/raxml-5.polytomy --redo

Analysis options:
  run mode: ML tree search
  start tree(s): parsimony (1)
  topological constraint: S21/raxml-5.polytomy (algorithm: NEW)
  random seed: 1685093242
  tip-inner: OFF
  pattern compression: ON
  per-rate scalers: OFF
  site repeats: ON
  fast spr radius: AUTO
  spr subtree cutoff: 1.000000
  branch lengths: proportional (ML estimate, algorithm: NR-FAST)
  SIMD kernels: AVX2
  parallelization: coarse-grained (auto), PTHREADS (8 threads), thread pinning: OFF

WARNING: Running in REDO mode: existing checkpoints are ignored, and all result files will be overwritten!

[00:00:00] Reading alignment from file: data/alignment/11_1X_S21_1e6_1.5.rename
[00:00:02] Loaded alignment with 105 taxa and 5000000 sites

Alignment comprises 1 partitions and 3275512 patterns

Partition 0: noname
Model: GTR+FO+G4m
Alignment sites / patterns: 5000000 / 3275512
Gaps: 0.00 %
Invariant sites: 11.15 %


NOTE: Binary MSA file created: data/alignment/11_1X_S21_1e6_1.5.rename.raxml.rba

[00:00:13] Loading constraint tree from: S21/raxml-5.polytomy
[00:00:13] Loaded comprehensive constraint tree with 105 taxa

Parallelization scheme autoconfig: 1 worker(s) x 8 thread(s)

Parallel reduction/worker buffer size: 1 KB  / 0 KB

[00:00:13] Generating 1 parsimony starting tree(s) with 105 taxa
[00:01:03] Data distribution: max. partitions/sites/weight per thread: 1 / 409439 / 6551024
[00:01:03] Data distribution: max. searches per worker: 1

Starting ML tree search with 1 distinct starting trees

[00:01:04 -168046782.318061] Initial branch length optimization
[00:05:26 -159143630.036557] Model parameter optimization (eps = 10.000000)
[00:41:23 -151701256.486689] AUTODETECT spr round 1 (radius: 5)
[00:48:38 -151701256.482971] SPR radius for FAST iterations: 5 (autodetect)
[00:48:38 -151701256.482971] Model parameter optimization (eps = 3.000000)
[00:51:02 -151701252.682118] FAST spr round 1 (radius: 5)
[01:29:43 -151699221.711544] FAST spr round 2 (radius: 5)
[02:07:36 -151697408.837287] FAST spr round 3 (radius: 5)
[02:35:03 -151696173.762869] FAST spr round 4 (radius: 5)
[02:59:25 -151695178.426988] FAST spr round 5 (radius: 5)
[03:23:51 -151694667.777496] FAST spr round 6 (radius: 5)
[03:46:36 -151694636.766514] FAST spr round 7 (radius: 5)
[04:15:54 -151694636.766478] Model parameter optimization (eps = 1.000000)
[04:19:02 -151694630.054369] SLOW spr round 1 (radius: 5)
[05:09:44 -151691268.065390] SLOW spr round 2 (radius: 5)
[05:57:07 -151689978.112930] SLOW spr round 3 (radius: 5)
[06:47:44 -151681507.247684] SLOW spr round 4 (radius: 5)
[07:46:17 -151680661.055808] SLOW spr round 5 (radius: 5)
[08:56:31 -151676114.879541] SLOW spr round 6 (radius: 5)
[10:00:15 -151676114.879236] SLOW spr round 7 (radius: 10)
[10:42:15 -151676114.879238] SLOW spr round 8 (radius: 15)
[10:45:36 -151676114.879238] SLOW spr round 9 (radius: 20)
[10:48:59 -151676114.879238] SLOW spr round 10 (radius: 25)
[10:52:22 -151676114.879238] Model parameter optimization (eps = 0.100000)

[10:54:47] ML tree search #1, logLikelihood: -151676114.005703


Optimized model parameters:

   Partition 0: noname
   Rate heterogeneity: GAMMA (4 cats, mean),  alpha: 0.876577 (ML),  weights&rates: (0.250000,0.111719) (0.250000,0.436230) (0.250000,0.976107) (0.250000,2.475943) 
   Base frequencies (ML): 0.244494 0.168228 0.343257 0.244021 
   Substitution rates (ML): 0.853239 3.624467 1.005265 0.987672 4.512038 1.000000 


Final LogLikelihood: -151676114.005703

AIC score: 303352660.011407 / AICc score: 303352660.030156 / BIC score: 303355559.800276
Free parameters (model + branch lengths): 216

Best ML tree saved to: /expanse/lustre/projects/uot138/chaos/ASTERISK-sim/data/alignment/11_1X_S21_1e6_1.5.rename.raxml.bestTree
Optimized model saved to: /expanse/lustre/projects/uot138/chaos/ASTERISK-sim/data/alignment/11_1X_S21_1e6_1.5.rename.raxml.bestModel

Execution log saved to: /expanse/lustre/projects/uot138/chaos/ASTERISK-sim/data/alignment/11_1X_S21_1e6_1.5.rename.raxml.log

Analysis started: 26-May-2023 02:27:22 / finished: 26-May-2023 13:22:09

Elapsed time: 39287.301 seconds

Consumed energy: 4329.169 Wh (= 22 km in an electric car, or 108 km with an e-scooter!)

