Weighted ASTRAL - Hybrid
Version: v1.13.2.3
#Genetrees: 2000
#Species: 21
#Rounds: 4
#Samples: 4
#Threads: 32
#NNI moves:3/60
(((((((((((((((T110,T180),T10),T100),(T200,T140)),T30),T0),(T40,T190)),T80),((T50,T160),T70)),T60),(T150,T20)),T120),T130),T170),T90);
#NNI moves:0/60
((((((((((T90,T170),T130),T120),(T20,T150)),T60),((T160,T50),T70)),T80),((((((T110,T180),T10),T100),(T200,T140)),T30),T0)),T40),T190);
#NNI moves:0/60
(((((((((((((T110,T180),T10),T100),(T200,T140)),T30),T0),(T190,T40)),T80),((T50,T160),T70)),T60),(((T170,T90),T130),T120)),T20),T150);
#NNI moves:0/60
((((((((((((T180,T110),T10),T100),(T140,T200)),T30),T0),(T190,T40)),T80),(((((T90,T170),T130),T120),(T20,T150)),T60)),T70),T160),T50);
Initial score: 3.69594e+09
Initial tree: ((T180,(T10,(T100,((T140,T200),(T30,(T0,((T190,T40),(T80,((((((T90,T170),T130),T120),(T20,T150)),T60),(T70,(T160,T50))))))))))),T110);
*** Subsample Process ***
#NNI moves:0/60
(((((((((((((((T90,T170),T130),T120),(T20,T150)),T60),((T160,T50),T70)),T80),(T190,T40)),T0),T30),(T140,T200)),T100),T10),T180),T110);
#NNI moves:0/60
(((((((((((((((T170,T90),T130),T120),(T20,T150)),T60),((T50,T160),T70)),T80),(T40,T190)),T0),T30),(T140,T200)),T100),T10),T180),T110);
#NNI moves:1/60
((((((((((T170,T90),T130),T120),(T150,T20)),T60),((T160,T50),T70)),T80),((((((T180,T110),T10),T100),(T140,T200)),T30),T0)),T190),T40);
#NNI moves:1/60
(((((((((((((((T170,T90),T130),T120),(T150,T20)),T60),((T50,T160),T70)),T80),(T40,T190)),T0),T30),(T200,T140)),T100),T10),T110),T180);
Current score: 3.69594e+09
Current tree: (((((((((((((((T170,T90),T130),T120),(T150,T20)),T60),((T50,T160),T70)),T80),(T40,T190)),T0),T30),(T200,T140)),T100),T10),T180),T110);
Final Tree: (((((((((((((((T170,T90),T130),T120),(T150,T20)),T60),((T50,T160),T70)),T80),(T40,T190)),T0),T30),(T200,T140)),T100),T10),T180),T110);
Score: 3695935088

real	0m3.627s
user	1m1.622s
sys	0m1.165s
