Iteration 1:
Accurate Species Tree EstimatoR from Independent Site Kernals
Version: v1.13.0.0
#Base: 371492625
#Species: 21
#Rounds: 1
#Samples: 0
#Threads: 16
#NNI moves:0/60
((((((((((((T180,T110),T10),T100),(T200,T140)),T30),T0),((T190,T40),T80)),((T50,T160),T70)),T60),(((T170,T90),T130),T120)),T20),T150);
Initial score: 1.01048e+10
Initial tree: ((T180,(T10,(T100,((T200,T140),(T30,(T0,(((T190,T40),T80),(((T50,T160),T70),(T60,((((T170,T90),T130),T120),(T20,T150))))))))))),T110);
*** Subsample Process ***
Current score: 1.01048e+10
Current tree: ((T180,(T10,(T100,((T200,T140),(T30,(T0,(((T190,T40),T80),(((T50,T160),T70),(T60,((((T170,T90),T130),T120),(T20,T150))))))))))),T110);
Final Tree: ((T180,(T10,(T100,((T200,T140),(T30,(T0,(((T190,T40),T80),(((T50,T160),T70),(T60,((((T170,T90),T130),T120),(T20,T150))))))))))),T110);
Score: 1.01048e+10

real	1m8.757s
user	9m37.556s
sys	0m1.566s
