Iteration 1:
Accurate Species Tree EstimatoR from Independent Site Kernals
Version: v1.13.0.0
#Base: 288996225
#Species: 21
#Rounds: 1
#Samples: 0
#Threads: 16
#NNI moves:0/60
(((((((((((T140,T170),T20),T190),(T90,T130)),(((T60,T180),(T100,T80)),T10)),T0),((T110,T30),T40)),(T120,T160)),(T150,T70)),T200),T50);
Initial score: 6.12214e+09
Initial tree: ((((T60,T180),(T100,T80)),(((((T140,T170),T20),T190),(T90,T130)),(T0,(((T110,T30),T40),((T120,T160),((T150,T70),(T200,T50))))))),T10);
*** Subsample Process ***
Current score: 6.12214e+09
Current tree: ((((T60,T180),(T100,T80)),(((((T140,T170),T20),T190),(T90,T130)),(T0,(((T110,T30),T40),((T120,T160),((T150,T70),(T200,T50))))))),T10);
Final Tree: ((((T60,T180),(T100,T80)),(((((T140,T170),T20),T190),(T90,T130)),(T0,(((T110,T30),T40),((T120,T160),((T150,T70),(T200,T50))))))),T10);
Score: 6.12214e+09

real	0m44.484s
user	7m35.337s
sys	0m1.157s
