Weighted ASTRAL - Hybrid
Version: v1.13.2.3
#Genetrees: 2000
#Species: 21
#Rounds: 4
#Samples: 4
#Threads: 32
#NNI moves:6/60
((((((((((T200,T50),(T150,T70)),(T160,T120)),((T110,T30),T40)),T0),(((T180,T60),(T100,T80)),T10)),T190),(T90,T130)),(T170,T140)),T20);
#NNI moves:3/60
((((((((((T140,T170),T20),(T90,T130)),T190),(((T80,T100),(T60,T180)),T10)),T0),((T30,T110),T40)),((T50,T200),(T70,T150))),T160),T120);
#NNI moves:4/60
(((((((((((T70,T150),(T50,T200)),(T120,T160)),((T110,T30),T40)),T0),(((T180,T60),(T80,T100)),T10)),T190),(T90,T130)),T20),T140),T170);
#NNI moves:2/60
((((((((T60,T180),(T80,T100)),T10),((((T170,T140),T20),(T130,T90)),T190)),T0),(((T70,T150),(T50,T200)),(T120,T160))),(T110,T30)),T40);
Initial score: 3.14383e+09
Initial tree: ((((T60,T180),(T80,T100)),(((((T170,T140),T20),(T130,T90)),T190),(T0,((((T70,T150),(T50,T200)),(T120,T160)),((T110,T30),T40))))),T10);
*** Subsample Process ***
#NNI moves:1/60
((((((((T150,T70),(T200,T50)),(T160,T120)),((T30,T110),T40)),T0),((((T140,T170),T20),(T130,T90)),T190)),((T100,T80),(T60,T180))),T10);
#NNI moves:2/60
((((((((T70,T150),(T50,T200)),(T160,T120)),((T110,T30),T40)),T0),(T190,((T90,T130),(T20,(T170,T140))))),((T80,T100),(T60,T180))),T10);
#NNI moves:3/60
((((((((((T200,T50),(T70,T150)),(T120,T160)),((T30,T110),T40)),T0),(((T180,T60),(T100,T80)),T10)),T190),((T140,T170),T20)),T130),T90);
#NNI moves:2/60
((((((((((T150,T70),(T200,T50)),(T160,T120)),((T30,T110),T40)),T0),(((T90,T130),((T170,T140),T20)),T190)),T10),(T80,T100)),T60),T180);
Current score: 3.14383e+09
Current tree: ((((((((T150,T70),(T200,T50)),(T160,T120)),((T30,T110),T40)),T0),(((T90,T130),((T170,T140),T20)),T190)),((T80,T100),(T60,T180))),T10);
#NNI moves:3/60
((((((((((T170,T140),T20),(T90,T130)),T190),(((T180,T60),(T100,T80)),T10)),T0),(((T150,T70),(T50,T200)),(T160,T120))),T40),T110),T30);
#NNI moves:5/60
((((((((T80,T100),(T60,T180)),T10),(T0,((((T150,T70),(T50,T200)),(T120,T160)),((T30,T110),T40)))),T190),((T170,T140),T20)),T90),T130);
#NNI moves:1/60
((((((((((T50,T200),(T70,T150)),(T160,T120)),((T30,T110),T40)),T0),((((T170,T140),T20),(T90,T130)),T190)),T10),(T100,T80)),T60),T180);
#NNI moves:0/60
((((((((T70,T150),(T50,T200)),(T120,T160)),((T110,T30),T40)),T0),((((T170,T140),T20),(T130,T90)),T190)),((T180,T60),(T80,T100))),T10);
Current score: 3.14383e+09
Current tree: ((((((((T70,T150),(T50,T200)),(T120,T160)),((T110,T30),T40)),T0),((((T170,T140),T20),(T130,T90)),T190)),((T180,T60),(T80,T100))),T10);
Final Tree: ((((((((T70,T150),(T50,T200)),(T120,T160)),((T110,T30),T40)),T0),((((T170,T140),T20),(T130,T90)),T190)),((T180,T60),(T80,T100))),T10);
Score: 3143826438

real	0m4.566s
user	1m37.220s
sys	0m0.958s
