
RAxML-NG v. 1.1.0-master released on 04.08.2022 by The Exelixis Lab.
Developed by: Alexey M. Kozlov and Alexandros Stamatakis.
Contributors: Diego Darriba, Tomas Flouri, Benoit Morel, Sarah Lutteropp, Ben Bettisworth.
Latest version: https://github.com/amkozlov/raxml-ng
Questions/problems/suggestions? Please visit: https://groups.google.com/forum/#!forum/raxml

System: AMD EPYC 7742 64-Core Processor, 128 cores, 251 GB RAM

RAxML-NG was called at 26-May-2023 02:01:42 as follows:

/home/chaos/programs/raxml-ng/raxml-ng/bin/raxml-ng --msa data/alignment/14_1X_S21_1e6_1.5.rename --tree pars{1} --model GTR+G --threads 8 --tree-constraint S21/raxml-5.polytomy --redo

Analysis options:
  run mode: ML tree search
  start tree(s): parsimony (1)
  topological constraint: S21/raxml-5.polytomy (algorithm: NEW)
  random seed: 1685091702
  tip-inner: OFF
  pattern compression: ON
  per-rate scalers: OFF
  site repeats: ON
  fast spr radius: AUTO
  spr subtree cutoff: 1.000000
  branch lengths: proportional (ML estimate, algorithm: NR-FAST)
  SIMD kernels: AVX2
  parallelization: coarse-grained (auto), PTHREADS (8 threads), thread pinning: OFF

WARNING: Running in REDO mode: existing checkpoints are ignored, and all result files will be overwritten!

[00:00:00] Reading alignment from file: data/alignment/14_1X_S21_1e6_1.5.rename
[00:00:01] Loaded alignment with 105 taxa and 5000000 sites

Alignment comprises 1 partitions and 2489808 patterns

Partition 0: noname
Model: GTR+FO+G4m
Alignment sites / patterns: 5000000 / 2489808
Gaps: 0.00 %
Invariant sites: 22.49 %


NOTE: Binary MSA file created: data/alignment/14_1X_S21_1e6_1.5.rename.raxml.rba

[00:00:11] Loading constraint tree from: S21/raxml-5.polytomy
[00:00:11] Loaded comprehensive constraint tree with 105 taxa

Parallelization scheme autoconfig: 1 worker(s) x 8 thread(s)

Parallel reduction/worker buffer size: 1 KB  / 0 KB

[00:00:11] Generating 1 parsimony starting tree(s) with 105 taxa
[00:00:51] Data distribution: max. partitions/sites/weight per thread: 1 / 311226 / 4979616
[00:00:51] Data distribution: max. searches per worker: 1

Starting ML tree search with 1 distinct starting trees

[00:00:51 -121965504.258456] Initial branch length optimization
[00:03:58 -113352225.556517] Model parameter optimization (eps = 10.000000)
[00:34:56 -108775392.303448] AUTODETECT spr round 1 (radius: 5)
[00:40:54 -108768617.239940] AUTODETECT spr round 2 (radius: 10)
[00:44:24 -108768617.237777] SPR radius for FAST iterations: 5 (autodetect)
[00:44:24 -108768617.237777] Model parameter optimization (eps = 3.000000)
[00:45:35 -108768615.002840] FAST spr round 1 (radius: 5)
[01:10:54 -108766966.018665] FAST spr round 2 (radius: 5)
[01:36:02 -108766475.729174] FAST spr round 3 (radius: 5)
[02:01:06 -108766143.355981] FAST spr round 4 (radius: 5)
[02:25:59 -108766062.355346] FAST spr round 5 (radius: 5)
[02:51:19 -108766062.355147] Model parameter optimization (eps = 1.000000)
[02:53:44 -108766060.418300] SLOW spr round 1 (radius: 5)
[03:45:25 -108762686.289488] SLOW spr round 2 (radius: 5)
[04:30:57 -108762220.253608] SLOW spr round 3 (radius: 5)
[05:17:10 -108759919.530112] SLOW spr round 4 (radius: 5)
[06:00:06 -108759735.137421] SLOW spr round 5 (radius: 5)
[06:44:10 -108756158.166842] SLOW spr round 6 (radius: 5)
[07:27:32 -108756147.239819] SLOW spr round 7 (radius: 5)
[08:10:44 -108756147.238050] SLOW spr round 8 (radius: 10)
[08:37:44 -108756147.237966] SLOW spr round 9 (radius: 15)
[08:48:11 -108756147.237966] SLOW spr round 10 (radius: 20)
[08:50:48 -108756147.237966] SLOW spr round 11 (radius: 25)
[08:53:25 -108756147.237966] Model parameter optimization (eps = 0.100000)

[08:57:12] ML tree search #1, logLikelihood: -108756146.141327


Optimized model parameters:

   Partition 0: noname
   Rate heterogeneity: GAMMA (4 cats, mean),  alpha: 0.746191 (ML),  weights&rates: (0.250000,0.084070) (0.250000,0.384533) (0.250000,0.940853) (0.250000,2.590545) 
   Base frequencies (ML): 0.317517 0.303061 0.156989 0.222432 
   Substitution rates (ML): 1.445266 3.477786 0.193720 1.216573 2.680759 1.000000 


Final LogLikelihood: -108756146.141327

AIC score: 217512724.282654 / AICc score: 217512724.301404 / BIC score: 217515624.071524
Free parameters (model + branch lengths): 216

Best ML tree saved to: /expanse/lustre/projects/uot138/chaos/ASTERISK-sim/data/alignment/14_1X_S21_1e6_1.5.rename.raxml.bestTree
Optimized model saved to: /expanse/lustre/projects/uot138/chaos/ASTERISK-sim/data/alignment/14_1X_S21_1e6_1.5.rename.raxml.bestModel

Execution log saved to: /expanse/lustre/projects/uot138/chaos/ASTERISK-sim/data/alignment/14_1X_S21_1e6_1.5.rename.raxml.log

Analysis started: 26-May-2023 02:01:42 / finished: 26-May-2023 10:58:54

Elapsed time: 32232.574 seconds

Consumed energy: 4180.203 Wh (= 21 km in an electric car, or 105 km with an e-scooter!)

