Iteration 1:
Accurate Species Tree EstimatoR from Independent Site Kernals
Version: v1.13.0.0
#Base: 328779465
#Species: 21
#Rounds: 1
#Samples: 0
#Threads: 16
#NNI moves:0/60
(((((((((((T110,T170),T10),T150),(T130,T40)),T100),T0),(T160,T30)),((((T190,T60),T120),T140),(((T70,T200),T90),T50))),T180),T80),T20);
Initial score: 5.40562e+09
Initial tree: ((((((T110,T170),T10),T150),(T130,T40)),(T0,((T160,T30),(((((T190,T60),T120),T140),(((T70,T200),T90),T50)),(T180,(T80,T20)))))),T100);
*** Subsample Process ***
Current score: 5.40562e+09
Current tree: ((((((T110,T170),T10),T150),(T130,T40)),(T0,((T160,T30),(((((T190,T60),T120),T140),(((T70,T200),T90),T50)),(T180,(T80,T20)))))),T100);
Final Tree: ((((((T110,T170),T10),T150),(T130,T40)),(T0,((T160,T30),(((((T190,T60),T120),T140),(((T70,T200),T90),T50)),(T180,(T80,T20)))))),T100);
Score: 5.40562e+09

real	0m59.729s
user	9m24.911s
sys	0m1.691s
