Weighted ASTRAL - Hybrid
Version: v1.13.2.3
#Genetrees: 2000
#Species: 21
#Rounds: 4
#Samples: 4
#Threads: 32
#NNI moves:0/60
(((((((((((T110,T170),T10),T150),(T130,T40)),T100),((T20,T80),T180)),T0),(T160,T30)),(((T70,T200),T90),T50)),((T60,T190),T120)),T140);
#NNI moves:4/60
(((((((((((((T170,T110),T10),T150),(T130,T40)),T100),((T80,T20),T180)),T0),(T30,T160)),(((T200,T70),T90),T50)),T140),T120),T60),T190);
#NNI moves:0/60
(((((((((T190,T60),T120),T140),(((T200,T70),T90),T50)),(T30,T160)),T0),(((((T110,T170),T10),T150),(T130,T40)),T100)),(T20,T80)),T180);
#NNI moves:0/60
((((((((((T190,T60),T120),T140),(((T200,T70),T90),T50)),(T160,T30)),T0),(((((T170,T110),T10),T150),(T40,T130)),T100)),T180),T80),T20);
Initial score: 3.69085e+09
Initial tree: ((((((T170,T110),T10),T150),(T40,T130)),(((((((T190,T60),T120),T140),(((T200,T70),T90),T50)),(T160,T30)),T0),(T180,(T80,T20)))),T100);
*** Subsample Process ***
#NNI moves:3/60
(((((((((T200,T70),T90),T50),(((T60,T190),T120),T140)),(T160,T30)),T0),((T80,T20),T180)),((((T170,T110),T10),T150),(T130,T40))),T100);
#NNI moves:1/60
(((((((((T70,T200),T90),T50),(((T60,T190),T120),T140)),(T160,T30)),T0),((T20,T80),T180)),((((T110,T170),T10),T150),(T130,T40))),T100);
#NNI moves:0/60
((((((((((T70,T200),T90),T50),(((T190,T60),T120),T140)),(T160,T30)),T0),(((((T170,T110),T10),T150),(T40,T130)),T100)),T180),T80),T20);
#NNI moves:0/60
(((((((((((((T200,T70),T90),T50),(((T190,T60),T120),T140)),(T30,T160)),T0),((T20,T80),T180)),T100),(T40,T130)),T150),T10),T110),T170);
Current score: 3.69085e+09
Current tree: (((((((((T200,T70),T90),T50),(((T190,T60),T120),T140)),(T30,T160)),T0),((T20,T80),T180)),((T40,T130),(T150,(T10,(T110,T170))))),T100);
Final Tree: (((((((((T200,T70),T90),T50),(((T190,T60),T120),T140)),(T30,T160)),T0),((T20,T80),T180)),((T40,T130),(T150,(T10,(T110,T170))))),T100);
Score: 3690854232

real	0m3.871s
user	0m58.038s
sys	0m0.940s
