Weighted ASTRAL - Hybrid
Version: v1.13.2.3
#Genetrees: 2000
#Species: 21
#Rounds: 4
#Samples: 4
#Threads: 32
#NNI moves:0/60
(((((((T60,T160),T180),T0),(((T150,T90),T70),T130)),(((T50,T80),T40),(T190,T120))),(((((T10,T110),(T20,T100)),T140),T200),T170)),T30);
#NNI moves:1/60
((((((((((((T10,T110),(T100,T20)),T140),T200),T170),T30),(((T80,T50),T40),(T190,T120))),(((T90,T150),T70),T130)),T0),T180),T60),T160);
#NNI moves:0/60
(((((((((T160,T60),T180),T0),(((T150,T90),T70),T130)),((((((T20,T100),(T10,T110)),T140),T200),T170),T30)),(T120,T190)),T40),T80),T50);
#NNI moves:0/60
((((((((((((T160,T60),T180),T0),(((T90,T150),T70),T130)),(((T50,T80),T40),(T190,T120))),T30),T170),T200),T140),(T10,T110)),T100),T20);
Initial score: 3.84209e+09
Initial tree: ((T150,(T70,(T130,((((T160,T60),T180),T0),((((T50,T80),T40),(T190,T120)),(T30,(T170,(T200,(T140,((T10,T110),(T100,T20))))))))))),T90);
*** Subsample Process ***
#NNI moves:0/60
((((((((((((T10,T110),(T100,T20)),T140),T200),T170),T30),(((T50,T80),T40),(T190,T120))),(((T160,T60),T180),T0)),T130),T70),T150),T90);
#NNI moves:3/60
((((((((((((T110,T10),(T20,T100)),T140),T200),T170),T30),(((T50,T80),T40),(T120,T190))),(((T60,T160),T180),T0)),T130),T70),T150),T90);
#NNI moves:0/60
((((((((T150,T90),T70),T130),(((T60,T160),T180),T0)),((((((T100,T20),(T110,T10)),T140),T200),T170),T30)),((T50,T80),T40)),T190),T120);
#NNI moves:3/60
((((((((((((T10,T110),(T100,T20)),T140),T200),T170),T30),(((T80,T50),T40),(T120,T190))),(((T160,T60),T180),T0)),T130),T70),T90),T150);
Current score: 3.84209e+09
Current tree: ((((((((((((T10,T110),(T100,T20)),T140),T200),T170),T30),(((T80,T50),T40),(T120,T190))),(((T160,T60),T180),T0)),T130),T70),T150),T90);
#NNI moves:0/60
((((((((T90,T150),T70),T130),(((T60,T160),T180),T0)),(((T50,T80),T40),(T120,T190))),T30),((((T10,T110),(T20,T100)),T140),T200)),T170);
#NNI moves:1/60
(((((((((((T100,T20),(T10,T110)),T140),T200),T170),T30),((((T160,T60),T180),T0),(((T90,T150),T70),T130))),(T190,T120)),T40),T50),T80);
#NNI moves:1/60
((((((((((((T100,T20),(T110,T10)),T140),T200),T170),T30),(((T50,T80),T40),(T190,T120))),(((T90,T150),T70),T130)),T0),T180),T60),T160);
#NNI moves:3/60
((((((((((((T20,T100),(T110,T10)),T140),T200),T170),T30),(((T80,T50),T40),(T190,T120))),(((T160,T60),T180),T0)),T130),T70),T150),T90);
Current score: 3.84209e+09
Current tree: ((((((((((((T20,T100),(T110,T10)),T140),T200),T170),T30),(((T80,T50),T40),(T190,T120))),(((T160,T60),T180),T0)),T130),T70),T150),T90);
#NNI moves:1/60
(((((((((((T50,T80),T40),(T190,T120)),((((T90,T150),T70),T130),(((T60,T160),T180),T0))),T30),T170),T200),T140),(T10,T110)),T20),T100);
#NNI moves:3/60
(((((((((T50,T80),T40),(T120,T190)),((((((T110,T10),(T100,T20)),T140),T200),T170),T30)),(((T160,T60),T180),T0)),T130),T70),T150),T90);
#NNI moves:2/60
(((((((T50,T80),T40),(T120,T190)),((((T160,T60),T180),T0),(((T150,T90),T70),T130))),T30),((((T100,T20),(T10,T110)),T140),T200)),T170);
#NNI moves:3/60
(((((((((((T100,T20),(T110,T10)),T140),T200),T170),T30),(((T50,T80),T40),(T120,T190))),(((T60,T160),T180),T0)),T130),(T150,T90)),T70);
Current score: 3.84209e+09
Current tree: ((T150,((((((((((T100,T20),(T110,T10)),T140),T200),T170),T30),(((T50,T80),T40),(T120,T190))),(((T60,T160),T180),T0)),T130),T70)),T90);
Final Tree: ((T150,((((((((((T100,T20),(T110,T10)),T140),T200),T170),T30),(((T50,T80),T40),(T120,T190))),(((T60,T160),T180),T0)),T130),T70)),T90);
Score: 3842088142

real	0m5.395s
user	2m0.204s
sys	0m1.019s
