Weighted ASTRAL - Hybrid
Version: v1.13.2.3
#Genetrees: 2000
#Species: 21
#Rounds: 4
#Samples: 4
#Threads: 32
#NNI moves:0/60
((((((((((T20,T100),T160),T190),((T140,T110),T40)),((T170,T70),T60)),T200),(T50,T10)),(((((T150,T120),T180),T90),T0),T30)),T130),T80);
#NNI moves:1/60
((((((((((((T100,T20),T160),T190),((T110,T140),T40)),((T70,T170),T60)),T200),(T10,T50)),(T130,T80)),T30),T0),((T120,T150),T180)),T90);
#NNI moves:0/60
(((((((((((((T150,T120),T180),T90),T0),T30),(T130,T80)),(T10,T50)),T200),((T170,T70),T60)),(((T20,T100),T160),T190)),T40),T110),T140);
#NNI moves:0/60
((((((((((((T120,T150),T180),T90),T0),T30),(T80,T130)),(T10,T50)),T200),((((T20,T100),T160),T190),((T110,T140),T40))),T60),T70),T170);
Initial score: 3.15659e+09
Initial tree: ((T150,(T180,(T90,(T0,(T30,((T80,T130),((T10,T50),(T200,(((((T20,T100),T160),T190),((T110,T140),T40)),(T60,(T70,T170))))))))))),T120);
*** Subsample Process ***
#NNI moves:4/60
((((((((((((((T20,T100),T160),T190),((T110,T140),T40)),((T70,T170),T60)),T200),(T10,T50)),(T80,T130)),T30),T0),T90),T180),T150),T120);
#NNI moves:6/60
((((((((((((((T100,T20),T160),T190),((T110,T140),T40)),((T170,T70),T60)),T200),(T50,T10)),(T130,T80)),T30),T0),T90),T180),T150),T120);
#NNI moves:1/60
(((((((((T100,T20),T160),T190),((T140,T110),T40)),((T70,T170),T60)),T200),((((((T150,T120),T180),T90),T0),T30),(T130,T80))),T10),T50);
#NNI moves:0/60
((((((((((((((T100,T20),T160),T190),((T140,T110),T40)),((T170,T70),T60)),T200),(T50,T10)),(T80,T130)),T30),T0),T90),T180),T120),T150);
Current score: 3.15659e+09
Current tree: ((((((((((((((T100,T20),T160),T190),((T140,T110),T40)),((T170,T70),T60)),T200),(T50,T10)),(T80,T130)),T30),T0),T90),T180),T150),T120);
Final Tree: ((((((((((((((T100,T20),T160),T190),((T140,T110),T40)),((T170,T70),T60)),T200),(T50,T10)),(T80,T130)),T30),T0),T90),T180),T150),T120);
Score: 3156585618

real	0m3.235s
user	0m59.947s
sys	0m1.092s
