Weighted ASTRAL - Hybrid
Version: v1.13.2.3
#Genetrees: 2000
#Species: 21
#Rounds: 4
#Samples: 4
#Threads: 32
#NNI moves:5/60
(((((((T40,T80),T120),((T200,T140),T100)),T20),(((T50,T60),(T70,T10)),(((((T160,T170),T30),T110),T130),T0))),((T190,T90),T150)),T180);
#NNI moves:6/60
((((((((((((T170,T160),T30),T110),T130),((T50,T60),(T10,T70))),((T90,T190),T150)),(T0,T180)),T20),((T200,T140),T100)),T120),T40),T80);
#NNI moves:0/60
(((((((((T80,T40),T120),((T140,T200),T100)),T20),(((T190,T90),T150),T180)),((T10,T70),(T60,T50))),T0),(((T160,T170),T30),T110)),T130);
#NNI moves:1/60
((((((((((T50,T60),(T10,T70)),T20),((((T90,T190),T150),T180),(((T200,T140),T100),((T80,T40),T120)))),T0),T130),T110),T30),T170),T160);
Initial score: 3.14181e+09
Initial tree: ((T190,(T150,(T180,((((T200,T140),T100),((T80,T40),T120)),((((T50,T60),(T10,T70)),T20),(T0,(T130,(T110,(T30,(T170,T160)))))))))),T90);
*** Subsample Process ***
#NNI moves:2/60
(((((((((T170,T160),T30),T110),T130),(((T70,T10),(T60,T50)),T20)),((((T200,T140),T100),((T40,T80),T120)),(T180,T0))),T150),T190),T90);
#NNI moves:0/60
(((((((((((T160,T170),T30),T110),T130),T0),(((T60,T50),(T10,T70)),T20)),(((T200,T140),T100),((T40,T80),T120))),T180),T150),T190),T90);
#NNI moves:6/60
(((((((((((T160,T170),T30),T110),T130),T0),(((T10,T70),(T50,T60)),T20)),((T150,(T190,T90)),T180)),(T120,(T80,T40))),T100),T140),T200);
#NNI moves:4/60
(((((((((T40,T80),T120),((T200,T140),T100)),T20),((((((T170,T160),T30),T110),T130),T0),((T70,T10),(T50,T60)))),T180),T150),T90),T190);
Current score: 3.14181e+09
Current tree: (((((((((((T170,T160),T30),T110),T130),T0),(((T70,T10),(T50,T60)),T20)),(((T40,T80),T120),((T200,T140),T100))),T180),T150),T190),T90);
#NNI moves:4/60
(((((((((T40,T80),T120),((T140,T200),T100)),T20),(T180,((T90,T190),T150))),(((((T170,T160),T30),T110),T130),T0)),(T60,T50)),T10),T70);
#NNI moves:3/60
(((((((((T160,T170),T30),T110),T130),(((T10,T70),(T50,T60)),T20)),((T90,T190),T150)),(((T140,T200),T100),((T80,T40),T120))),T180),T0);
#NNI moves:0/60
((((((((((((T200,T140),T100),((T40,T80),T120)),T20),(((T90,T190),T150),T180)),((T70,T10),(T50,T60))),T0),T130),T110),T30),T170),T160);
#NNI moves:1/60
(((((((((T160,T170),T30),T110),T130),(((T70,T10),(T60,T50)),T20)),((((T40,T80),T120),((T200,T140),T100)),(T180,T0))),T150),T190),T90);
Current score: 3.14181e+09
Current tree: ((((T180,(((T0,((((T160,T170),T30),T110),T130)),(((T70,T10),(T60,T50)),T20)),(((T40,T80),T120),((T200,T140),T100)))),T150),T190),T90);
Final Tree: ((((T180,(((T0,((((T160,T170),T30),T110),T130)),(((T70,T10),(T60,T50)),T20)),(((T40,T80),T120),((T200,T140),T100)))),T150),T190),T90);
Score: 3141811397

real	0m4.394s
user	1m30.147s
sys	0m0.923s
