Weighted ASTRAL - Hybrid
Version: v1.13.2.3
#Genetrees: 2000
#Species: 21
#Rounds: 4
#Samples: 4
#Threads: 32
#NNI moves:0/60
((((((((((((T110,T130),T190),(T180,T20)),T150),(T60,T160)),T30),T0),((T100,T50),T40)),((T80,T170),T200)),(T90,T70)),(T120,T140)),T10);
#NNI moves:0/60
(((((((((((((T120,T140),T10),(T90,T70)),((T80,T170),T200)),((T50,T100),T40)),T0),T30),(T160,T60)),T150),(T20,T180)),T190),T110),T130);
#NNI moves:1/60
((((((((((((T130,T110),T190),(T180,T20)),T150),(T60,T160)),T30),T0),((T100,T50),T40)),(((T120,T140),T10),(T90,T70))),T200),T170),T80);
#NNI moves:1/60
(((((((((((T130,T110),T190),(T180,T20)),T150),(T60,T160)),T30),T0),((T50,T100),T40)),(((T140,T120),T10),(T70,T90))),(T80,T170)),T200);
Initial score: 3.25334e+09
Initial tree: (((T50,T100),((((((((T130,T110),T190),(T180,T20)),T150),(T60,T160)),T30),T0),((((T140,T120),T10),(T70,T90)),((T80,T170),T200)))),T40);
*** Subsample Process ***
#NNI moves:2/60
((((((((((T110,T130),T190),(T180,T20)),T150),(T60,T160)),T30),T0),(((T170,T80),T200),(((T140,T120),T10),(T90,T70)))),(T50,T100)),T40);
#NNI moves:2/60
((((((((((T130,T110),T190),(T20,T180)),T150),(T160,T60)),T30),T0),(((T80,T170),T200),((T70,T90),((T120,T140),T10)))),(T50,T100)),T40);
#NNI moves:2/60
((((((((((((T130,T110),T190),(T180,T20)),T150),(T60,T160)),T30),T0),((T100,T50),T40)),((T70,T90),((T120,T140),T10))),T200),T80),T170);
#NNI moves:1/60
(((((((((((T110,T130),T190),(T20,T180)),T150),(T160,T60)),T30),T0),((((T140,T120),T10),(T90,T70)),((T170,T80),T200))),T40),T50),T100);
Current score: 3.25334e+09
Current tree: ((((((((((T110,T130),T190),(T20,T180)),T150),(T160,T60)),T30),T0),((((T140,T120),T10),(T90,T70)),((T170,T80),T200))),(T50,T100)),T40);
Final Tree: ((((((((((T110,T130),T190),(T20,T180)),T150),(T160,T60)),T30),T0),((((T140,T120),T10),(T90,T70)),((T170,T80),T200))),(T50,T100)),T40);
Score: 3253340416

real	0m2.966s
user	0m55.347s
sys	0m0.900s
