
RAxML-NG v. 1.1.0-master released on 04.08.2022 by The Exelixis Lab.
Developed by: Alexey M. Kozlov and Alexandros Stamatakis.
Contributors: Diego Darriba, Tomas Flouri, Benoit Morel, Sarah Lutteropp, Ben Bettisworth.
Latest version: https://github.com/amkozlov/raxml-ng
Questions/problems/suggestions? Please visit: https://groups.google.com/forum/#!forum/raxml

System: AMD EPYC 7742 64-Core Processor, 128 cores, 251 GB RAM

RAxML-NG was called at 26-May-2023 01:47:10 as follows:

/home/chaos/programs/raxml-ng/raxml-ng/bin/raxml-ng --msa data/alignment/18_1X_S21_1e6_1.5.rename --tree pars{1} --model GTR+G --threads 8 --tree-constraint S21/raxml-5.polytomy --redo

Analysis options:
  run mode: ML tree search
  start tree(s): parsimony (1)
  topological constraint: S21/raxml-5.polytomy (algorithm: NEW)
  random seed: 1685090830
  tip-inner: OFF
  pattern compression: ON
  per-rate scalers: OFF
  site repeats: ON
  fast spr radius: AUTO
  spr subtree cutoff: 1.000000
  branch lengths: proportional (ML estimate, algorithm: NR-FAST)
  SIMD kernels: AVX2
  parallelization: coarse-grained (auto), PTHREADS (8 threads), thread pinning: OFF

WARNING: Running in REDO mode: existing checkpoints are ignored, and all result files will be overwritten!

[00:00:00] Reading alignment from file: data/alignment/18_1X_S21_1e6_1.5.rename
[00:00:01] Loaded alignment with 105 taxa and 5000000 sites

Alignment comprises 1 partitions and 2789408 patterns

Partition 0: noname
Model: GTR+FO+G4m
Alignment sites / patterns: 5000000 / 2789408
Gaps: 0.00 %
Invariant sites: 18.14 %


NOTE: Binary MSA file created: data/alignment/18_1X_S21_1e6_1.5.rename.raxml.rba

[00:00:12] Loading constraint tree from: S21/raxml-5.polytomy
[00:00:12] Loaded comprehensive constraint tree with 105 taxa

Parallelization scheme autoconfig: 1 worker(s) x 8 thread(s)

Parallel reduction/worker buffer size: 1 KB  / 0 KB

[00:00:12] Generating 1 parsimony starting tree(s) with 105 taxa
[00:01:16] Data distribution: max. partitions/sites/weight per thread: 1 / 348676 / 5578816
[00:01:16] Data distribution: max. searches per worker: 1

Starting ML tree search with 1 distinct starting trees

[00:01:16 -139245768.209053] Initial branch length optimization
[00:05:15 -131297871.009860] Model parameter optimization (eps = 10.000000)
[00:43:08 -119844186.000406] AUTODETECT spr round 1 (radius: 5)
[00:49:55 -119840766.070095] AUTODETECT spr round 2 (radius: 10)
[00:53:41 -119840766.052635] SPR radius for FAST iterations: 5 (autodetect)
[00:53:41 -119840766.052635] Model parameter optimization (eps = 3.000000)
[00:54:52 -119840765.163113] FAST spr round 1 (radius: 5)
[01:24:58 -119840113.420334] FAST spr round 2 (radius: 5)
[01:53:46 -119840113.420011] Model parameter optimization (eps = 1.000000)
[01:54:43 -119840113.300693] SLOW spr round 1 (radius: 5)
[03:04:51 -119822902.584371] SLOW spr round 2 (radius: 5)
[03:59:44 -119821769.162347] SLOW spr round 3 (radius: 5)
[04:56:52 -119816724.694892] SLOW spr round 4 (radius: 5)
[05:52:52 -119816064.821943] SLOW spr round 5 (radius: 5)
[06:44:39 -119814913.398212] SLOW spr round 6 (radius: 5)
[07:36:28 -119814270.671769] SLOW spr round 7 (radius: 5)
[08:33:56 -119813980.109703] SLOW spr round 8 (radius: 5)
[09:31:11 -119813899.072793] SLOW spr round 9 (radius: 5)
[10:32:31 -119810916.271432] SLOW spr round 10 (radius: 5)
[11:24:18 -119810916.266852] SLOW spr round 11 (radius: 10)
[11:53:20 -119810916.266551] SLOW spr round 12 (radius: 15)
[11:56:06 -119810916.266543] SLOW spr round 13 (radius: 20)
[11:58:59 -119810916.266543] SLOW spr round 14 (radius: 25)
[12:01:49 -119810916.266543] Model parameter optimization (eps = 0.100000)

[12:02:45] ML tree search #1, logLikelihood: -119810916.181438


Optimized model parameters:

   Partition 0: noname
   Rate heterogeneity: GAMMA (4 cats, mean),  alpha: 0.806474 (ML),  weights&rates: (0.250000,0.096936) (0.250000,0.409728) (0.250000,0.958733) (0.250000,2.534604) 
   Base frequencies (ML): 0.270735 0.194689 0.311686 0.222891 
   Substitution rates (ML): 1.834699 15.463170 1.347013 3.732591 14.780778 1.000000 


Final LogLikelihood: -119810916.181438

AIC score: 239622264.362875 / AICc score: 239622264.381625 / BIC score: 239625164.151745
Free parameters (model + branch lengths): 216

Best ML tree saved to: /expanse/lustre/projects/uot138/chaos/ASTERISK-sim/data/alignment/18_1X_S21_1e6_1.5.rename.raxml.bestTree
Optimized model saved to: /expanse/lustre/projects/uot138/chaos/ASTERISK-sim/data/alignment/18_1X_S21_1e6_1.5.rename.raxml.bestModel

Execution log saved to: /expanse/lustre/projects/uot138/chaos/ASTERISK-sim/data/alignment/18_1X_S21_1e6_1.5.rename.raxml.log

Analysis started: 26-May-2023 01:47:10 / finished: 26-May-2023 13:49:56

Elapsed time: 43365.806 seconds

Consumed energy: 5357.408 Wh (= 27 km in an electric car, or 134 km with an e-scooter!)

