Weighted ASTRAL - Hybrid
Version: v1.13.2.3
#Genetrees: 2000
#Species: 21
#Rounds: 4
#Samples: 4
#Threads: 32
#NNI moves:0/60
(((((((T140,T180),T110),((T130,T30),T10)),((((T190,T120),T60),T150),T0)),(((((T80,T200),T70),T160),(T40,T50)),(T90,T100))),T170),T20);
#NNI moves:1/60
(((((((((T180,T140),T110),((T30,T130),T10)),((((T190,T120),T60),T150),T0)),(T170,T20)),(T100,T90)),(((T80,T200),T70),T160)),T50),T40);
#NNI moves:0/60
((((((((T130,T30),T10),((T140,T180),T110)),((((T190,T120),T60),T150),T0)),(T170,T20)),((((T80,T200),T70),T160),(T40,T50))),T100),T90);
#NNI moves:2/60
(((((((((((T200,T80),T70),T160),(T40,T50)),(T100,T90)),(T20,T170)),((((T120,T190),T60),T150),T0)),((T140,T180),T110)),T10),T30),T130);
Initial score: 3.25828e+09
Initial tree: ((((T120,T190),T60),(T0,(((((((T200,T80),T70),T160),(T40,T50)),(T100,T90)),(T20,T170)),(((T140,T180),T110),(T10,(T30,T130)))))),T150);
*** Subsample Process ***
#NNI moves:0/60
((((((((((T80,T200),T70),T160),(T40,T50)),(T100,T90)),(T20,T170)),(((T140,T180),T110),((T30,T130),T10))),T0),((T120,T190),T60)),T150);
#NNI moves:0/60
((((((((((T200,T80),T70),T160),(T40,T50)),(T90,T100)),(T20,T170)),(((T180,T140),T110),((T130,T30),T10))),T0),((T190,T120),T60)),T150);
#NNI moves:0/60
(((((((((((T200,T80),T70),T160),(T50,T40)),(T100,T90)),(T20,T170)),((((T120,T190),T60),T150),T0)),((T130,T30),T10)),T110),T180),T140);
#NNI moves:3/60
((((((((((((T200,T80),T70),T160),(T40,T50)),(T100,T90)),(T170,T20)),(((T30,T130),T10),((T140,T180),T110))),T0),T150),T60),T190),T120);
Current score: 3.25828e+09
Current tree: ((((((((((T200,T80),T70),T160),(T40,T50)),(T100,T90)),(T170,T20)),(((T30,T130),T10),((T140,T180),T110))),T0),(T60,(T190,T120))),T150);
#NNI moves:0/60
((((((((T30,T130),T10),((T180,T140),T110)),((((T120,T190),T60),T150),T0)),(T20,T170)),((((T200,T80),T70),T160),(T40,T50))),T90),T100);
#NNI moves:3/60
(((((((((((T200,T80),T70),T160),(T50,T40)),(T100,T90)),(T170,T20)),((((T190,T120),T60),T150),T0)),((T30,T130),T10)),T110),T180),T140);
#NNI moves:0/60
(((((((((T200,T80),T70),T160),(T50,T40)),(T100,T90)),(T20,T170)),(((T130,T30),T10),((T180,T140),T110))),(((T120,T190),T60),T150)),T0);
#NNI moves:3/60
((((((((((T80,T200),T70),T160),(T40,T50)),(T100,T90)),(T170,T20)),(((T30,T130),T10),((T140,T180),T110))),T0),((T120,T190),T60)),T150);
Current score: 3.25828e+09
Current tree: ((((((((((T80,T200),T70),T160),(T40,T50)),(T100,T90)),(T170,T20)),(((T30,T130),T10),((T140,T180),T110))),T0),((T120,T190),T60)),T150);
#NNI moves:0/60
(((((((((((T130,T30),T10),((T180,T140),T110)),((((T120,T190),T60),T150),T0)),(T20,T170)),(T100,T90)),(T40,T50)),T160),T70),T80),T200);
#NNI moves:0/60
((((((((((T200,T80),T70),T160),(T40,T50)),(T90,T100)),(T170,T20)),(((T180,T140),T110),((T130,T30),T10))),T0),((T190,T120),T60)),T150);
#NNI moves:1/60
(((((((((((T200,T80),T70),T160),(T40,T50)),(T100,T90)),(T170,T20)),((((T190,T120),T60),T150),T0)),((T130,T30),T10)),T110),T180),T140);
#NNI moves:4/60
((((((((((((T200,T80),T70),T160),(T40,T50)),(T100,T90)),(T20,T170)),(((T180,T140),T110),((T130,T30),T10))),T0),T150),T60),T190),T120);
Current score: 3.25828e+09
Current tree: ((((((((((T200,T80),T70),T160),(T40,T50)),(T100,T90)),(T20,T170)),(((T180,T140),T110),((T130,T30),T10))),T0),(T60,(T190,T120))),T150);
Final Tree: ((((((((((T200,T80),T70),T160),(T40,T50)),(T100,T90)),(T20,T170)),(((T180,T140),T110),((T130,T30),T10))),T0),(T60,(T190,T120))),T150);
Score: 3258276902

real	0m5.377s
user	1m53.456s
sys	0m1.011s
