Iteration 1:
Accurate Species Tree EstimatoR from Independent Site Kernals
Version: v1.13.0.0
#Base: 368941650
#Species: 21
#Rounds: 1
#Samples: 0
#Threads: 16
#NNI moves:0/60
((((((((((T90,T170),T140),(T190,T80)),(((T160,T200),T20),T180)),T60),T0),(((T30,T70),T150),(T100,T120))),((T110,T40),T130)),T50),T10);
Initial score: 4.39383e+09
Initial tree: ((((((T90,T170),T140),(T190,T80)),(((T160,T200),T20),T180)),(T0,((((T30,T70),T150),(T100,T120)),(((T110,T40),T130),(T50,T10))))),T60);
*** Subsample Process ***
Current score: 4.39383e+09
Current tree: ((((((T90,T170),T140),(T190,T80)),(((T160,T200),T20),T180)),(T0,((((T30,T70),T150),(T100,T120)),(((T110,T40),T130),(T50,T10))))),T60);
Final Tree: ((((((T90,T170),T140),(T190,T80)),(((T160,T200),T20),T180)),(T0,((((T30,T70),T150),(T100,T120)),(((T110,T40),T130),(T50,T10))))),T60);
Score: 4.39383e+09

real	1m18.257s
user	10m48.543s
sys	0m4.300s
