Weighted ASTRAL - Hybrid
Version: v1.13.2.3
#Genetrees: 2000
#Species: 21
#Rounds: 4
#Samples: 4
#Threads: 32
#NNI moves:3/60
((((((((((T70,T30),T150),(T120,T100)),(((T40,T110),T130),(T10,T50))),T0),T60),(((T160,T200),T20),T180)),(T190,T80)),(T90,T170)),T140);
#NNI moves:0/60
((((((((((T70,T30),T150),(T100,T120)),(((T110,T40),T130),(T50,T10))),T0),T60),(((T200,T160),T20),T180)),((T170,T90),T140)),T190),T80);
#NNI moves:0/60
(((((((((((T70,T30),T150),(T120,T100)),(((T40,T110),T130),(T50,T10))),T0),T60),(((T160,T200),T20),T180)),(T80,T190)),T140),T170),T90);
#NNI moves:1/60
(((((((((((T200,T160),T20),T180),(((T170,T90),T140),(T80,T190))),T60),T0),(((T30,T70),T150),(T100,T120))),(T50,T10)),T130),T110),T40);
Initial score: 4.00769e+09
Initial tree: ((((((T200,T160),T20),T180),(((T170,T90),T140),(T80,T190))),(T0,((((T30,T70),T150),(T100,T120)),((T50,T10),(T130,(T110,T40)))))),T60);
*** Subsample Process ***
#NNI moves:2/60
((((((T90,T170),T140),(T80,T190)),(((T200,T160),T20),T180)),(T0,((((T110,T40),T130),(T10,T50)),(((T30,T70),T150),(T120,T100))))),T60);
#NNI moves:3/60
(((((((T40,T110),T130),(T50,T10)),(((T30,T70),T150),(T120,T100))),T0),((((T170,T90),T140),(T190,T80)),(((T200,T160),T20),T180))),T60);
#NNI moves:0/60
(((((((((((T40,T110),T130),(T10,T50)),(((T30,T70),T150),(T120,T100))),T0),T60),(((T160,T200),T20),T180)),(T80,T190)),T140),T90),T170);
#NNI moves:0/60
(((((((((((T170,T90),T140),(T190,T80)),(((T160,T200),T20),T180)),T60),T0),(((T70,T30),T150),(T100,T120))),(T50,T10)),T130),T110),T40);
Current score: 4.00769e+09
Current tree: ((((((T170,T90),T140),(T190,T80)),(((T160,T200),T20),T180)),(T0,((((T70,T30),T150),(T100,T120)),((T50,T10),(T130,(T110,T40)))))),T60);
Final Tree: ((((((T170,T90),T140),(T190,T80)),(((T160,T200),T20),T180)),(T0,((((T70,T30),T150),(T100,T120)),((T50,T10),(T130,(T110,T40)))))),T60);
Score: 4007687407

real	0m4.307s
user	0m56.132s
sys	0m0.704s
