
RAxML-NG v. 1.1.0-master released on 04.08.2022 by The Exelixis Lab.
Developed by: Alexey M. Kozlov and Alexandros Stamatakis.
Contributors: Diego Darriba, Tomas Flouri, Benoit Morel, Sarah Lutteropp, Ben Bettisworth.
Latest version: https://github.com/amkozlov/raxml-ng
Questions/problems/suggestions? Please visit: https://groups.google.com/forum/#!forum/raxml

System: AMD EPYC 7742 64-Core Processor, 128 cores, 251 GB RAM

RAxML-NG was called at 26-May-2023 02:49:21 as follows:

/home/chaos/programs/raxml-ng/raxml-ng/bin/raxml-ng --msa data/alignment/21_1X_S21_1e6_1.5.rename --tree pars{1} --model GTR+G --threads 8 --tree-constraint S21/raxml-5.polytomy --redo

Analysis options:
  run mode: ML tree search
  start tree(s): parsimony (1)
  topological constraint: S21/raxml-5.polytomy (algorithm: NEW)
  random seed: 1685094561
  tip-inner: OFF
  pattern compression: ON
  per-rate scalers: OFF
  site repeats: ON
  fast spr radius: AUTO
  spr subtree cutoff: 1.000000
  branch lengths: proportional (ML estimate, algorithm: NR-FAST)
  SIMD kernels: AVX2
  parallelization: coarse-grained (auto), PTHREADS (8 threads), thread pinning: OFF

WARNING: Running in REDO mode: existing checkpoints are ignored, and all result files will be overwritten!

[00:00:00] Reading alignment from file: data/alignment/21_1X_S21_1e6_1.5.rename
[00:00:02] Loaded alignment with 105 taxa and 5000000 sites

Alignment comprises 1 partitions and 3631792 patterns

Partition 0: noname
Model: GTR+FO+G4m
Alignment sites / patterns: 5000000 / 3631792
Gaps: 0.00 %
Invariant sites: 8.00 %


NOTE: Binary MSA file created: data/alignment/21_1X_S21_1e6_1.5.rename.raxml.rba

[00:00:15] Loading constraint tree from: S21/raxml-5.polytomy
[00:00:15] Loaded comprehensive constraint tree with 105 taxa

Parallelization scheme autoconfig: 1 worker(s) x 8 thread(s)

Parallel reduction/worker buffer size: 1 KB  / 0 KB

[00:00:15] Generating 1 parsimony starting tree(s) with 105 taxa
[00:01:49] Data distribution: max. partitions/sites/weight per thread: 1 / 453974 / 7263584
[00:01:49] Data distribution: max. searches per worker: 1

Starting ML tree search with 1 distinct starting trees

[00:01:50 -181325002.718996] Initial branch length optimization
[00:09:14 -172300116.346268] Model parameter optimization (eps = 10.000000)
[00:41:11 -170174876.838620] AUTODETECT spr round 1 (radius: 5)
[00:49:11 -170174876.837375] SPR radius for FAST iterations: 5 (autodetect)
[00:49:11 -170174876.837375] Model parameter optimization (eps = 3.000000)
[00:50:34 -170174874.215929] FAST spr round 1 (radius: 5)
[01:48:01 -170171968.442019] FAST spr round 2 (radius: 5)
[02:47:41 -170169619.650157] FAST spr round 3 (radius: 5)
[03:39:25 -170167594.410120] FAST spr round 4 (radius: 5)
[04:29:16 -170166432.002599] FAST spr round 5 (radius: 5)
[05:19:39 -170165393.481722] FAST spr round 6 (radius: 5)
[06:12:40 -170164785.044937] FAST spr round 7 (radius: 5)
[07:10:34 -170164785.044714] Model parameter optimization (eps = 1.000000)
[07:14:00 -170164782.544009] SLOW spr round 1 (radius: 5)
[08:57:31 -170160525.136243] SLOW spr round 2 (radius: 5)
[10:15:55 -170160525.134709] SLOW spr round 3 (radius: 10)
[10:56:40 -170160525.134683] SLOW spr round 4 (radius: 15)
[10:58:59 -170160525.134683] SLOW spr round 5 (radius: 20)
[11:01:38 -170160525.134683] SLOW spr round 6 (radius: 25)
[11:03:55 -170160525.134683] Model parameter optimization (eps = 0.100000)

[11:07:01] ML tree search #1, logLikelihood: -170160524.210058


Optimized model parameters:

   Partition 0: noname
   Rate heterogeneity: GAMMA (4 cats, mean),  alpha: 1.033251 (ML),  weights&rates: (0.250000,0.143540) (0.250000,0.486523) (0.250000,1.005298) (0.250000,2.364639) 
   Base frequencies (ML): 0.229818 0.292511 0.231406 0.246265 
   Substitution rates (ML): 0.906636 2.414777 1.347879 1.719219 2.317097 1.000000 


Final LogLikelihood: -170160524.210058

AIC score: 340321480.420115 / AICc score: 340321480.438865 / BIC score: 340324380.208985
Free parameters (model + branch lengths): 216

Best ML tree saved to: /expanse/lustre/projects/uot138/chaos/ASTERISK-sim/data/alignment/21_1X_S21_1e6_1.5.rename.raxml.bestTree
Optimized model saved to: /expanse/lustre/projects/uot138/chaos/ASTERISK-sim/data/alignment/21_1X_S21_1e6_1.5.rename.raxml.bestModel

Execution log saved to: /expanse/lustre/projects/uot138/chaos/ASTERISK-sim/data/alignment/21_1X_S21_1e6_1.5.rename.raxml.log

Analysis started: 26-May-2023 02:49:21 / finished: 26-May-2023 13:56:23

Elapsed time: 40021.941 seconds

Consumed energy: 4872.700 Wh (= 24 km in an electric car, or 122 km with an e-scooter!)

