Weighted ASTRAL - Hybrid
Version: v1.13.2.3
#Genetrees: 2000
#Species: 21
#Rounds: 4
#Samples: 4
#Threads: 32
#NNI moves:1/60
((((((((((T20,T150),T10),T110),T130),T200),(((T60,T170),T30),(T140,T70))),T0),(T190,T50)),(T80,(((T100,T120),T160),(T180,T40)))),T90);
#NNI moves:1/60
(((((((((((T150,T20),T10),T110),T130),T200),(((T60,T170),T30),(T140,T70))),T0),(T50,T190)),T90),(((T120,T100),T160),(T180,T40))),T80);
#NNI moves:4/60
((((((((((((((T150,T20),T10),T110),T130),T200),(((T60,T170),T30),(T70,T140))),T0),(T190,T50)),T90),T80),(T180,T40)),T160),T120),T100);
#NNI moves:0/60
(((((((((((((T150,T20),T10),T110),T130),T200),(((T60,T170),T30),(T140,T70))),T0),(T190,T50)),T90),T80),(T40,T180)),(T100,T120)),T160);
Initial score: 2.63588e+09
Initial tree: (((T60,T170),((T140,T70),((((((T150,T20),T10),T110),T130),T200),(T0,((T190,T50),(T90,(T80,((T40,T180),((T100,T120),T160))))))))),T30);
*** Subsample Process ***
#NNI moves:3/60
(((((((((((T120,T100),T160),(T180,T40)),T80),T90),(T50,T190)),T0),(((((T20,T150),T10),T110),T130),T200)),(T70,T140)),(T60,T170)),T30);
#NNI moves:0/60
(((((((((((T100,T120),T160),(T40,T180)),T80),T90),(T190,T50)),T0),(((((T150,T20),T10),T110),T130),T200)),(T140,T70)),(T60,T170)),T30);
#NNI moves:1/60
((((((((((((((T100,T120),T160),(T180,T40)),T80),T90),(T50,T190)),T0),((T70,T140),((T170,T60),T30))),T200),T130),T110),T10),T150),T20);
#NNI moves:3/60
((((((((((((T100,T120),T160),(T180,T40)),T80),T90),(T50,T190)),T0),(((((T20,T150),T10),T110),T130),T200)),(T140,T70)),T30),T60),T170);
Current score: 2.63588e+09
Current tree: (((((((((((T100,T120),T160),(T180,T40)),T80),T90),(T50,T190)),T0),(((((T20,T150),T10),T110),T130),T200)),(T140,T70)),(T60,T170)),T30);
#NNI moves:1/60
((((((((((T20,T150),T10),T110),T130),T200),(((T170,T60),T30),(T70,T140))),T0),(T190,T50)),((((T100,T120),T160),(T40,T180)),T80)),T90);
#NNI moves:3/60
(((((((((((T100,T120),T160),(T180,T40)),T80),T90),(T190,T50)),T0),(((T60,T170),T30),(T140,T70))),T200),(((T20,T150),T10),T110)),T130);
#NNI moves:3/60
(((((((((((T100,T120),T160),(T180,T40)),T80),T90),(T190,T50)),T0),(((((T20,T150),T10),T110),T130),T200)),((T170,T60),T30)),T140),T70);
#NNI moves:6/60
(((((((((((T100,T120),T160),(T180,T40)),T80),T90),(T190,T50)),T0),(((((T150,T20),T10),T110),T130),T200)),(T70,T140)),(T170,T60)),T30);
Current score: 2.63588e+09
Current tree: (((((((((((T100,T120),T160),(T180,T40)),T80),T90),(T190,T50)),T0),(((((T150,T20),T10),T110),T130),T200)),(T70,T140)),(T170,T60)),T30);
Final Tree: (((((((((((T100,T120),T160),(T180,T40)),T80),T90),(T190,T50)),T0),(((((T150,T20),T10),T110),T130),T200)),(T70,T140)),(T170,T60)),T30);
Score: 2635879041

real	0m4.832s
user	1m25.999s
sys	0m0.970s
