Weighted ASTRAL - Hybrid
Version: v1.13.2.3
#Genetrees: 2000
#Species: 21
#Rounds: 4
#Samples: 4
#Threads: 32
#NNI moves:0/60
(((((((((T160,T100),T120),(T70,T190)),T30),(T60,T10)),T0),((((T40,T180),T50),T140),((T200,T110),T130))),(((T80,T150),T20),T170)),T90);
#NNI moves:0/60
(((((((((T180,T40),T50),T140),((T110,T200),T130)),((((T150,T80),T20),T170),T90)),T0),(T10,T60)),(((T100,T160),T120),(T190,T70))),T30);
#NNI moves:0/60
(((((((((T40,T180),T50),T140),((T200,T110),T130)),((((T80,T150),T20),T170),T90)),T0),((((T100,T160),T120),(T70,T190)),T30)),T10),T60);
#NNI moves:1/60
(((((((((((T180,T40),T50),T140),((T110,T200),T130)),((((T80,T150),T20),T170),T90)),T0),(T60,T10)),T30),(T120,(T100,T160))),T190),T70);
Initial score: 3.80699e+09
Initial tree: ((T200,(T130,((((T180,T40),T50),T140),(((((T80,T150),T20),T170),T90),(T0,((T60,T10),(T30,((T120,(T100,T160)),(T190,T70))))))))),T110);
*** Subsample Process ***
#NNI moves:0/60
(((((((((((T100,T160),T120),(T190,T70)),T30),(T60,T10)),T0),((((T150,T80),T20),T170),T90)),(((T40,T180),T50),T140)),T130),T200),T110);
#NNI moves:0/60
(((((((((((T160,T100),T120),(T70,T190)),T30),(T10,T60)),T0),((((T150,T80),T20),T170),T90)),(((T180,T40),T50),T140)),T130),T200),T110);
#NNI moves:0/60
(((((((((((T160,T100),T120),(T190,T70)),T30),(T60,T10)),T0),((((T40,T180),T50),T140),((T200,T110),T130))),T90),T170),(T80,T150)),T20);
#NNI moves:0/60
(((((((((((T100,T160),T120),(T70,T190)),T30),(T10,T60)),T0),((((T80,T150),T20),T170),T90)),(((T180,T40),T50),T140)),T130),T110),T200);
Current score: 3.80699e+09
Current tree: (((((((((((T100,T160),T120),(T70,T190)),T30),(T10,T60)),T0),((((T80,T150),T20),T170),T90)),(((T180,T40),T50),T140)),T130),T200),T110);
#NNI moves:0/60
(((((((((T40,T180),T50),T140),((T110,T200),T130)),((((T150,T80),T20),T170),T90)),T0),((((T100,T160),T120),(T190,T70)),T30)),T60),T10);
#NNI moves:0/60
(((((((((((T100,T160),T120),(T70,T190)),T30),(T10,T60)),T0),((((T180,T40),T50),T140),((T110,T200),T130))),T90),T170),(T80,T150)),T20);
#NNI moves:0/60
((((((((((((T160,T100),T120),(T190,T70)),T30),(T60,T10)),T0),((((T150,T80),T20),T170),T90)),((T110,T200),T130)),T140),T50),T180),T40);
#NNI moves:0/60
(((((((((((T160,T100),T120),(T190,T70)),T30),(T10,T60)),T0),((((T80,T150),T20),T170),T90)),(((T40,T180),T50),T140)),T130),T200),T110);
Current score: 3.80699e+09
Current tree: (((((((((((T160,T100),T120),(T190,T70)),T30),(T10,T60)),T0),((((T80,T150),T20),T170),T90)),(((T40,T180),T50),T140)),T130),T200),T110);
Final Tree: (((((((((((T160,T100),T120),(T190,T70)),T30),(T10,T60)),T0),((((T80,T150),T20),T170),T90)),(((T40,T180),T50),T140)),T130),T200),T110);
Score: 3806994948

real	0m3.929s
user	1m17.920s
sys	0m0.976s
