Weighted ASTRAL - Hybrid
Version: v1.13.2.3
#Genetrees: 2000
#Species: 21
#Rounds: 4
#Samples: 4
#Threads: 32
#NNI moves:5/60
(((((((((((((T60,T100),T200),T160),(T30,T110)),T130),((T50,T150),T10)),((T180,T20),T70)),T0),((T170,T140),T190)),T120),T80),T90),T40);
#NNI moves:1/60
(((((((((T90,T40),T80),T120),((T140,T170),T190)),T0),(((T50,T150),T10),(((((T100,T60),T200),T160),(T30,T110)),T130))),T70),T20),T180);
#NNI moves:1/60
((((((((((((T90,T40),T80),T120),((T170,T140),T190)),T0),((T180,T20),T70)),((T50,T150),T10)),T130),(T110,T30)),T160),(T60,T100)),T200);
#NNI moves:4/60
(((((((((((((T40,T90),T80),T120),((T140,T170),T190)),T0),(T70,(T180,T20))),((T150,T50),T10)),T130),(T30,T110)),T160),T200),T100),T60);
Initial score: 3.11732e+09
Initial tree: ((T170,(T190,((((T40,T90),T80),T120),(T0,((T70,(T180,T20)),(((T150,T50),T10),(T130,((T30,T110),(T160,(T200,(T100,T60))))))))))),T140);
*** Subsample Process ***
#NNI moves:5/60
((((((((((((T100,T60),T200),T160),(T30,T110)),T130),((T150,T50),T10)),((T180,T20),T70)),T0),(((T90,T40),T80),T120)),T190),T170),T140);
#NNI moves:0/60
((((((((((((T60,T100),T200),T160),(T30,T110)),T130),((T50,T150),T10)),((T20,T180),T70)),T0),(((T40,T90),T80),T120)),T190),T170),T140);
#NNI moves:2/60
(((((((((T90,T40),T80),T120),((T170,T140),T190)),T0),(((T150,T50),T10),(((((T60,T100),T200),T160),(T110,T30)),T130))),T70),T20),T180);
#NNI moves:3/60
((((((((((((T60,T100),T200),T160),(T30,T110)),T130),((T150,T50),T10)),((T180,T20),T70)),T0),(((T40,T90),T80),T120)),T190),T140),T170);
Current score: 3.11732e+09
Current tree: ((((((((((((T60,T100),T200),T160),(T30,T110)),T130),((T150,T50),T10)),((T180,T20),T70)),T0),(((T40,T90),T80),T120)),T190),T170),T140);
Final Tree: ((((((((((((T60,T100),T200),T160),(T30,T110)),T130),((T150,T50),T10)),((T180,T20),T70)),T0),(((T40,T90),T80),T120)),T190),T170),T140);
Score: 3117321420

real	0m4.539s
user	1m13.995s
sys	0m1.314s
