
RAxML-NG v. 1.1.0-master released on 04.08.2022 by The Exelixis Lab.
Developed by: Alexey M. Kozlov and Alexandros Stamatakis.
Contributors: Diego Darriba, Tomas Flouri, Benoit Morel, Sarah Lutteropp, Ben Bettisworth.
Latest version: https://github.com/amkozlov/raxml-ng
Questions/problems/suggestions? Please visit: https://groups.google.com/forum/#!forum/raxml

System: AMD EPYC 7742 64-Core Processor, 128 cores, 251 GB RAM

RAxML-NG was called at 26-May-2023 01:39:02 as follows:

/home/chaos/programs/raxml-ng/raxml-ng/bin/raxml-ng --msa data/alignment/24_1X_S21_1e6_1.5.rename --tree pars{1} --model GTR+G --threads 8 --tree-constraint S21/raxml-5.polytomy --redo

Analysis options:
  run mode: ML tree search
  start tree(s): parsimony (1)
  topological constraint: S21/raxml-5.polytomy (algorithm: NEW)
  random seed: 1685090342
  tip-inner: OFF
  pattern compression: ON
  per-rate scalers: OFF
  site repeats: ON
  fast spr radius: AUTO
  spr subtree cutoff: 1.000000
  branch lengths: proportional (ML estimate, algorithm: NR-FAST)
  SIMD kernels: AVX2
  parallelization: coarse-grained (auto), PTHREADS (8 threads), thread pinning: OFF

WARNING: Running in REDO mode: existing checkpoints are ignored, and all result files will be overwritten!

[00:00:00] Reading alignment from file: data/alignment/24_1X_S21_1e6_1.5.rename
[00:00:01] Loaded alignment with 105 taxa and 5000000 sites

Alignment comprises 1 partitions and 2487965 patterns

Partition 0: noname
Model: GTR+FO+G4m
Alignment sites / patterns: 5000000 / 2487965
Gaps: 0.00 %
Invariant sites: 26.94 %


NOTE: Binary MSA file created: data/alignment/24_1X_S21_1e6_1.5.rename.raxml.rba

[00:00:12] Loading constraint tree from: S21/raxml-5.polytomy
[00:00:12] Loaded comprehensive constraint tree with 105 taxa

Parallelization scheme autoconfig: 1 worker(s) x 8 thread(s)

Parallel reduction/worker buffer size: 1 KB  / 0 KB

[00:00:12] Generating 1 parsimony starting tree(s) with 105 taxa
[00:00:51] Data distribution: max. partitions/sites/weight per thread: 1 / 310996 / 4975936
[00:00:51] Data distribution: max. searches per worker: 1

Starting ML tree search with 1 distinct starting trees

[00:00:52 -128120699.583401] Initial branch length optimization
[00:03:41 -119545818.998495] Model parameter optimization (eps = 10.000000)
[00:26:03 -114393470.621186] AUTODETECT spr round 1 (radius: 5)
[00:31:41 -114391449.156095] AUTODETECT spr round 2 (radius: 10)
[00:35:02 -114391449.153284] SPR radius for FAST iterations: 5 (autodetect)
[00:35:02 -114391449.153284] Model parameter optimization (eps = 3.000000)
[00:36:11 -114391447.006416] FAST spr round 1 (radius: 5)
[01:01:34 -114390324.611405] FAST spr round 2 (radius: 5)
[01:26:26 -114389786.414060] FAST spr round 3 (radius: 5)
[01:51:29 -114389778.721371] FAST spr round 4 (radius: 5)
[02:16:30 -114389778.721118] Model parameter optimization (eps = 1.000000)
[02:17:21 -114389778.434039] SLOW spr round 1 (radius: 5)
[03:07:47 -114389421.896581] SLOW spr round 2 (radius: 5)
[03:55:29 -114385796.185244] SLOW spr round 3 (radius: 5)
[04:38:47 -114385796.185190] SLOW spr round 4 (radius: 10)
[05:05:46 -114385796.185190] SLOW spr round 5 (radius: 15)
[05:08:14 -114385796.185190] SLOW spr round 6 (radius: 20)
[05:10:42 -114385796.185190] SLOW spr round 7 (radius: 25)
[05:13:10 -114385796.185190] Model parameter optimization (eps = 0.100000)

[05:14:49] ML tree search #1, logLikelihood: -114385795.550278


Optimized model parameters:

   Partition 0: noname
   Rate heterogeneity: GAMMA (4 cats, mean),  alpha: 0.578437 (ML),  weights&rates: (0.250000,0.048693) (0.250000,0.300072) (0.250000,0.869907) (0.250000,2.781328) 
   Base frequencies (ML): 0.245180 0.219064 0.283046 0.252711 
   Substitution rates (ML): 0.431797 1.897153 0.245534 0.519948 2.072182 1.000000 


Final LogLikelihood: -114385795.550278

AIC score: 228772023.100556 / AICc score: 228772023.119305 / BIC score: 228774922.889425
Free parameters (model + branch lengths): 216

Best ML tree saved to: /expanse/lustre/projects/uot138/chaos/ASTERISK-sim/data/alignment/24_1X_S21_1e6_1.5.rename.raxml.bestTree
Optimized model saved to: /expanse/lustre/projects/uot138/chaos/ASTERISK-sim/data/alignment/24_1X_S21_1e6_1.5.rename.raxml.bestModel

Execution log saved to: /expanse/lustre/projects/uot138/chaos/ASTERISK-sim/data/alignment/24_1X_S21_1e6_1.5.rename.raxml.log

Analysis started: 26-May-2023 01:39:02 / finished: 26-May-2023 06:53:52

Elapsed time: 18889.997 seconds

Consumed energy: 2336.457 Wh (= 12 km in an electric car, or 58 km with an e-scooter!)

