Weighted ASTRAL - Hybrid
Version: v1.13.2.3
#Genetrees: 2000
#Species: 21
#Rounds: 4
#Samples: 4
#Threads: 32
#NNI moves:6/60
((((((((((((T90,T60),(T10,T130)),(T180,T150)),T170),((T20,T160),T190)),T0),((T200,T30),T100)),((T120,T50),T40)),T140),T110),T80),T70);
#NNI moves:0/60
(((((((((((T10,T130),(T60,T90)),(T150,T180)),T170),((T160,T20),T190)),T0),((T30,T200),T100)),((T120,T50),T40)),T140),(T70,T80)),T110);
#NNI moves:3/60
((((((((((((T80,T70),T110),T140),((T50,T120),T40)),((T200,T30),T100)),T0),((T20,T160),T190)),T170),(T150,T180)),(T10,T130)),T90),T60);
#NNI moves:0/60
((((((((((((T70,T80),T110),T140),((T120,T50),T40)),((T30,T200),T100)),T0),((T20,T160),T190)),T170),(T180,T150)),(T130,T10)),T60),T90);
Initial score: 2.92063e+09
Initial tree: (((T30,T200),(((((T70,T80),T110),T140),((T120,T50),T40)),(T0,(((T20,T160),T190),(T170,((T180,T150),((T130,T10),(T60,T90)))))))),T100);
*** Subsample Process ***
#NNI moves:1/60
((((((((T180,T150),((T60,T90),(T130,T10))),T170),((T20,T160),T190)),T0),((((T80,T70),T110),T140),((T50,T120),T40))),(T30,T200)),T100);
#NNI moves:1/60
(((((((((T130,T10),(T90,T60)),(T150,T180)),T170),((T160,T20),T190)),T0),((((T70,T80),T110),T140),((T50,T120),T40))),(T30,T200)),T100);
#NNI moves:0/60
((((((((((((T60,T90),(T130,T10)),(T180,T150)),T170),((T20,T160),T190)),T0),((T200,T30),T100)),((T50,T120),T40)),T140),T110),T80),T70);
#NNI moves:1/60
(((((((((T150,T180),((T130,T10),(T90,T60))),T170),((T160,T20),T190)),T0),((((T70,T80),T110),T140),((T50,T120),T40))),T100),T30),T200);
Current score: 2.92063e+09
Current tree: ((((((((T150,T180),((T130,T10),(T90,T60))),T170),((T160,T20),T190)),T0),((((T70,T80),T110),T140),((T50,T120),T40))),(T30,T200)),T100);
Final Tree: ((((((((T150,T180),((T130,T10),(T90,T60))),T170),((T160,T20),T190)),T0),((((T70,T80),T110),T140),((T50,T120),T40))),(T30,T200)),T100);
Score: 2920628132

real	0m3.342s
user	1m2.626s
sys	0m1.017s
