Weighted ASTRAL - Hybrid
Version: v1.13.2.3
#Genetrees: 2000
#Species: 21
#Rounds: 4
#Samples: 4
#Threads: 32
#NNI moves:0/60
(((((((((T90,T30),T170),T10),(T160,T40)),T110),((T120,T180),T100)),((((((T80,T190),T60),T140),T130),(T50,T70)),T0)),(T150,T20)),T200);
#NNI moves:0/60
((((((((((((T190,T80),T60),T140),T130),(T50,T70)),T0),((T20,T150),T200)),((T180,T120),T100)),T110),(((T30,T90),T170),T10)),T160),T40);
#NNI moves:0/60
((((((((((((T90,T30),T170),T10),(T40,T160)),T110),((T120,T180),T100)),((T150,T20),T200)),T0),(T50,T70)),T130),((T190,T80),T60)),T140);
#NNI moves:0/60
(((((((((((T190,T80),T60),T140),T130),(T70,T50)),T0),((T20,T150),T200)),(((((T30,T90),T170),T10),(T40,T160)),T110)),T100),T180),T120);
Initial score: 3.78703e+09
Initial tree: ((T150,(T200,(((((((T190,T80),T60),T140),T130),(T70,T50)),T0),((((((T30,T90),T170),T10),(T40,T160)),T110),(T100,(T180,T120)))))),T20);
*** Subsample Process ***
#NNI moves:0/60
((((((((((T30,T90),T170),T10),(T40,T160)),T110),((T180,T120),T100)),((((((T80,T190),T60),T140),T130),(T70,T50)),T0)),T200),T150),T20);
#NNI moves:0/60
((((((((((T90,T30),T170),T10),(T40,T160)),T110),((T120,T180),T100)),((((((T190,T80),T60),T140),T130),(T70,T50)),T0)),T200),T150),T20);
#NNI moves:0/60
((((((((((((((T90,T30),T170),T10),(T160,T40)),T110),((T180,T120),T100)),((T150,T20),T200)),T0),(T70,T50)),T130),T140),T60),T190),T80);
#NNI moves:0/60
((((((((((T30,T90),T170),T10),(T40,T160)),T110),((T120,T180),T100)),((((((T80,T190),T60),T140),T130),(T70,T50)),T0)),T200),T20),T150);
Current score: 3.78703e+09
Current tree: ((((((((((T30,T90),T170),T10),(T40,T160)),T110),((T120,T180),T100)),((((((T80,T190),T60),T140),T130),(T70,T50)),T0)),T200),T150),T20);
Final Tree: ((((((((((T30,T90),T170),T10),(T40,T160)),T110),((T120,T180),T100)),((((((T80,T190),T60),T140),T130),(T70,T50)),T0)),T200),T150),T20);
Score: 3787029097

real	0m2.984s
user	0m53.924s
sys	0m1.000s
