Weighted ASTRAL - Hybrid
Version: v1.13.2.3
#Genetrees: 2000
#Species: 21
#Rounds: 4
#Samples: 4
#Threads: 32
#NNI moves:3/60
((((((((((((T200,T40),T140),((T80,T100),T160)),T180),(T170,T110)),(T20,T70)),((T90,T190),T0)),T50),((T130,T60),T30)),T120),T10),T150);
#NNI moves:1/60
((((((((((((T60,T130),T30),((T150,T10),T120)),T50),((T90,T190),T0)),(T70,T20)),(T170,T110)),T180),((T100,T80),T160)),T140),T200),T40);
#NNI moves:0/60
(((((((((((((T40,T200),T140),((T80,T100),T160)),T180),(T110,T170)),(T20,T70)),T0),T50),(T90,T190)),((T10,T150),T120)),T30),T60),T130);
#NNI moves:0/60
((((((((((((T100,T80),T160),((T40,T200),T140)),T180),(T170,T110)),(T70,T20)),((T90,T190),T0)),T50),((T60,T130),T30)),T120),T150),T10);
Initial score: 3.55463e+09
Initial tree: (((((T100,T80),T160),((T40,T200),T140)),((T170,T110),((T70,T20),(((T90,T190),T0),(T50,(((T60,T130),T30),(T120,(T150,T10)))))))),T180);
*** Subsample Process ***
#NNI moves:2/60
(((((((((T60,T130),T30),((T150,T10),T120)),T50),((T90,T190),T0)),(T70,T20)),(T170,T110)),(((T100,T80),T160),((T40,T200),T140))),T180);
#NNI moves:1/60
(((((((((T10,T150),T120),((T130,T60),T30)),T50),((T190,T90),T0)),(T20,T70)),(T170,T110)),(((T200,T40),T140),((T80,T100),T160))),T180);
#NNI moves:0/60
((((((((T60,T130),T30),((T10,T150),T120)),T50),((T90,T190),T0)),(((((T100,T80),T160),((T40,T200),T140)),T180),(T110,T170))),T20),T70);
#NNI moves:0/60
(((((((((((((T130,T60),T30),((T10,T150),T120)),(T190,T90)),T50),T0),(T70,T20)),(T170,T110)),T180),((T200,T40),T140)),T160),T80),T100);
Current score: 3.55463e+09
Current tree: (((((((((T130,T60),T30),((T10,T150),T120)),T50),((T190,T90),T0)),(T70,T20)),(T170,T110)),(((T200,T40),T140),(T160,(T80,T100)))),T180);
Final Tree: (((((((((T130,T60),T30),((T10,T150),T120)),T50),((T190,T90),T0)),(T70,T20)),(T170,T110)),(((T200,T40),T140),(T160,(T80,T100)))),T180);
Score: 3554627571

real	0m2.919s
user	0m53.696s
sys	0m0.851s
