Weighted ASTRAL - Hybrid
Version: v1.13.2.3
#Genetrees: 2000
#Species: 21
#Rounds: 4
#Samples: 4
#Threads: 32
#NNI moves:0/60
((((((((((T90,T10),T100),((T80,T190),T160)),(((T140,T180),T150),T70)),(T170,T130)),T0),T110),(((T20,T40),T60),(T120,T200))),T50),T30);
#NNI moves:0/60
((((((((((((T90,T10),T100),((T190,T80),T160)),(((T180,T140),T150),T70)),(T130,T170)),T0),T110),(T30,T50)),(T200,T120)),T60),T20),T40);
#NNI moves:0/60
(((((((((((T190,T80),T160),((T90,T10),T100)),(((T140,T180),T150),T70)),(T170,T130)),T0),T110),(T50,T30)),((T40,T20),T60)),T200),T120);
#NNI moves:0/60
((((((((((((T40,T20),T60),(T120,T200)),(T30,T50)),T110),T0),(T130,T170)),(((T10,T90),T100),((T190,T80),T160))),T70),T150),T180),T140);
Initial score: 3.88674e+09
Initial tree: ((T170,(((((((T40,T20),T60),(T120,T200)),(T30,T50)),T110),T0),((((T10,T90),T100),((T190,T80),T160)),(T70,(T150,(T180,T140)))))),T130);
*** Subsample Process ***
#NNI moves:3/60
(((((((T10,T90),T100),((T80,T190),T160)),(((T180,T140),T150),T70)),(((((T200,T120),((T20,T40),T60)),(T50,T30)),T110),T0)),T170),T130);
#NNI moves:3/60
(((((((T190,T80),T160),((T90,T10),T100)),(((T140,T180),T150),T70)),((((((T20,T40),T60),(T120,T200)),(T50,T30)),T110),T0)),T170),T130);
#NNI moves:6/60
((((((((((((T10,T90),T100),((T190,T80),T160)),(((T180,T140),T150),T70)),(T170,T130)),T0),T110),(T50,T30)),(T120,T200)),T60),T20),T40);
#NNI moves:3/60
(((((((T190,T80),T160),((T90,T10),T100)),(((T180,T140),T150),T70)),((((((T40,T20),T60),(T200,T120)),(T50,T30)),T110),T0)),T130),T170);
Current score: 3.88674e+09
Current tree: (((((((T190,T80),T160),((T90,T10),T100)),(((T180,T140),T150),T70)),((((((T40,T20),T60),(T200,T120)),(T50,T30)),T110),T0)),T170),T130);
#NNI moves:3/60
((((((((((((T40,T20),T60),(T120,T200)),(T50,T30)),T110),T0),(T130,T170)),(((T10,T90),T100),((T190,T80),T160))),T70),T150),T140),T180);
#NNI moves:2/60
((((((((T90,T10),T100),((T190,T80),T160)),(((T180,T140),T150),T70)),(T130,T170)),T0),((((T20,T40),T60),(T120,T200)),(T30,T50))),T110);
#NNI moves:3/60
((((((((((T120,T200),((T40,T20),T60)),(T50,T30)),T110),T0),(T130,T170)),(((T180,T140),T150),T70)),((T190,T80),T160)),(T90,T10)),T100);
#NNI moves:5/60
(((((((T90,T10),T100),((T190,T80),T160)),(((T180,T140),T150),T70)),((((((T20,T40),T60),(T200,T120)),(T30,T50)),T110),T0)),T170),T130);
Current score: 3.88674e+09
Current tree: (((((((T90,T10),T100),((T190,T80),T160)),(((T180,T140),T150),T70)),((((((T20,T40),T60),(T200,T120)),(T30,T50)),T110),T0)),T170),T130);
Final Tree: (((((((T90,T10),T100),((T190,T80),T160)),(((T180,T140),T150),T70)),((((((T20,T40),T60),(T200,T120)),(T30,T50)),T110),T0)),T170),T130);
Score: 3886742774

real	0m4.417s
user	1m31.951s
sys	0m0.931s
