Weighted ASTRAL - Hybrid
Version: v1.13.2.3
#Genetrees: 2000
#Species: 21
#Rounds: 4
#Samples: 4
#Threads: 32
#NNI moves:6/60
(((((((((((T70,T60),T120),(T200,T10)),T20),((T100,T160),(T150,T30))),((((T180,T140),T40),T170),T130)),(T90,T80)),T0),T110),T50),T190);
#NNI moves:1/60
(((((((((((T60,T70),T120),(T10,T200)),T20),((T160,T100),(T30,T150))),((T80,T90),(((T50,T190),T110),T0))),T130),T170),T40),T180),T140);
#NNI moves:2/60
(((((((((T140,T180),T40),T170),T130),((((T50,T190),T110),T0),(T90,T80))),((((T70,T60),T120),(T200,T10)),T20)),(T150,T30)),T160),T100);
#NNI moves:3/60
(((((((((T70,T60),T120),(T10,T200)),T20),((T30,T150),(T100,T160))),((((T140,T180),T40),T170),T130)),(((T190,T50),T110),T0)),T80),T90);
Initial score: 3.58012e+09
Initial tree: (((((((((T70,T60),T120),(T10,T200)),T20),((T30,T150),(T100,T160))),((((T140,T180),T40),T170),T130)),(((T190,T50),T110),T0)),T90),T80);
*** Subsample Process ***
#NNI moves:3/60
(((((((((T70,T60),T120),(T10,T200)),T20),((T150,T30),(T100,T160))),((((T140,T180),T40),T170),T130)),(((T50,T190),T110),T0)),T90),T80);
#NNI moves:3/60
(((((((((T60,T70),T120),(T200,T10)),T20),((T100,T160),(T30,T150))),((((T180,T140),T40),T170),T130)),(((T50,T190),T110),T0)),T90),T80);
#NNI moves:1/60
(((((((((((T60,T70),T120),(T10,T200)),T20),((T30,T150),(T160,T100))),((T90,T80),(((T50,T190),T110),T0))),T130),T170),T40),T180),T140);
#NNI moves:0/60
(((((((((T70,T60),T120),(T200,T10)),T20),((T160,T100),(T30,T150))),((((T140,T180),T40),T170),T130)),(((T190,T50),T110),T0)),T80),T90);
Current score: 3.58012e+09
Current tree: (((((((((T70,T60),T120),(T200,T10)),T20),((T160,T100),(T30,T150))),((((T140,T180),T40),T170),T130)),(((T190,T50),T110),T0)),T90),T80);
#NNI moves:1/60
(((((((((T140,T180),T40),T170),T130),((((T190,T50),T110),T0),(T80,T90))),((((T70,T60),T120),(T10,T200)),T20)),(T150,T30)),T100),T160);
#NNI moves:0/60
(((((((((T60,T70),T120),(T10,T200)),T20),((T30,T150),(T160,T100))),((((T50,T190),T110),T0),(T80,T90))),T130),((T140,T180),T40)),T170);
#NNI moves:0/60
((((((((((T70,T60),T120),(T10,T200)),T20),((T100,T160),(T30,T150))),((((T140,T180),T40),T170),T130)),(T80,T90)),T0),(T50,T190)),T110);
#NNI moves:0/60
(((((((((T60,T70),T120),(T200,T10)),T20),((T30,T150),(T160,T100))),((((T180,T140),T40),T170),T130)),(((T50,T190),T110),T0)),T90),T80);
Current score: 3.58012e+09
Current tree: (((((((((T60,T70),T120),(T200,T10)),T20),((T30,T150),(T160,T100))),((((T180,T140),T40),T170),T130)),(((T50,T190),T110),T0)),T90),T80);
Final Tree: (((((((((T60,T70),T120),(T200,T10)),T20),((T30,T150),(T160,T100))),((((T180,T140),T40),T170),T130)),(((T50,T190),T110),T0)),T90),T80);
Score: 3580122512

real	0m4.785s
user	1m38.986s
sys	0m0.988s
