Iteration 1:
Accurate Species Tree EstimatoR from Independent Site Kernals
Version: v1.13.0.0
#Base: 266771820
#Species: 21
#Rounds: 1
#Samples: 0
#Threads: 16
#NNI moves:0/60
((((((((((T140,T180),T40),T170),T130),(((T50,T190),T110),T0)),(T90,T80)),((((T60,T70),T120),(T10,T200)),T20)),(T160,T100)),T30),T150);
Initial score: 4.04215e+09
Initial tree: ((T90,((((((T140,T180),T40),T170),T130),(((T50,T190),T110),T0)),(((((T60,T70),T120),(T10,T200)),T20),((T160,T100),(T30,T150))))),T80);
*** Subsample Process ***
Current score: 4.04215e+09
Current tree: ((T90,((((((T140,T180),T40),T170),T130),(((T50,T190),T110),T0)),(((((T60,T70),T120),(T10,T200)),T20),((T160,T100),(T30,T150))))),T80);
Final Tree: ((T90,((((((T140,T180),T40),T170),T130),(((T50,T190),T110),T0)),(((((T60,T70),T120),(T10,T200)),T20),((T160,T100),(T30,T150))))),T80);
Score: 4.04215e+09

real	0m45.162s
user	8m7.126s
sys	0m1.271s
