Weighted ASTRAL - Hybrid
Version: v1.13.2.3
#Genetrees: 2000
#Species: 21
#Rounds: 4
#Samples: 4
#Threads: 32
#NNI moves:1/60
((((((((((T80,T110),T20),((T200,T140),((T120,T170),T40))),(((T160,T100),T130),T150)),T0),T50),((T60,T70),T30)),(T190,T90)),T180),T10);
#NNI moves:0/60
(((((((((((T170,T120),T40),(T140,T200)),((T110,T80),T20)),(((T100,T160),T130),T150)),T0),T50),((T70,T60),T30)),(T180,T10)),T190),T90);
#NNI moves:3/60
((((((((((T90,T190),(T180,T10)),((T60,T70),T30)),T50),T0),(((T160,T100),T130),T150)),((T80,T110),T20)),((T120,T170),T40)),T140),T200);
#NNI moves:1/60
(((((((((T170,T120),T40),(T140,T200)),((T110,T80),T20)),(T0,((((T90,T190),(T10,T180)),((T60,T70),T30)),T50))),T150),T130),T100),T160);
Initial score: 2.79947e+09
Initial tree: ((T80,(T20,((((T170,T120),T40),(T140,T200)),((T0,((((T90,T190),(T10,T180)),((T60,T70),T30)),T50)),(T150,(T130,(T100,T160))))))),T110);
*** Subsample Process ***
#NNI moves:0/60
((((((((((T10,T180),(T90,T190)),((T60,T70),T30)),T50),T0),(((T100,T160),T130),T150)),(((T120,T170),T40),(T140,T200))),T20),T80),T110);
#NNI moves:1/60
((((((((((T180,T10),(T190,T90)),((T60,T70),T30)),T50),T0),(((T100,T160),T130),T150)),(((T170,T120),T40),(T200,T140))),T20),T80),T110);
#NNI moves:1/60
((((((((T170,T120),T40),(T140,T200)),((T80,T110),T20)),(T0,((((T90,T190),(T180,T10)),((T70,T60),T30)),T50))),T150),(T160,T100)),T130);
#NNI moves:1/60
((((((((((T180,T10),(T190,T90)),((T60,T70),T30)),T50),T0),(((T160,T100),T130),T150)),(((T120,T170),T40),(T200,T140))),T20),T110),T80);
Current score: 2.79947e+09
Current tree: ((((((((((T180,T10),(T190,T90)),((T60,T70),T30)),T50),T0),(((T160,T100),T130),T150)),(((T120,T170),T40),(T200,T140))),T20),T80),T110);
#NNI moves:0/60
((((((((((T170,T120),T40),(T140,T200)),((T110,T80),T20)),(((T100,T160),T130),T150)),T0),T50),((T180,T10),(T90,T190))),(T60,T70)),T30);
#NNI moves:1/60
((((((((((T190,T90),(T180,T10)),((T60,T70),T30)),T50),T0),((((T120,T170),T40),(T140,T200)),((T110,T80),T20))),T150),T130),T100),T160);
#NNI moves:3/60
(((((((((((T190,T90),(T10,T180)),((T60,T70),T30)),T50),T0),(((T100,T160),T130),T150)),((T110,T80),T20)),(T200,T140)),T40),T120),T170);
#NNI moves:1/60
((((((((((T180,T10),(T190,T90)),((T70,T60),T30)),T50),T0),(((T160,T100),T130),T150)),(((T170,T120),T40),(T200,T140))),T20),T80),T110);
Current score: 2.79947e+09
Current tree: ((((((((((T180,T10),(T190,T90)),((T70,T60),T30)),T50),T0),(((T160,T100),T130),T150)),(((T170,T120),T40),(T200,T140))),T20),T80),T110);
#NNI moves:0/60
(((((((((((T120,T170),T40),(T140,T200)),((T110,T80),T20)),(((T160,T100),T130),T150)),T0),T50),((T70,T60),T30)),(T90,T190)),T180),T10);
#NNI moves:0/60
((((((((((T190,T90),(T10,T180)),((T60,T70),T30)),T50),T0),(((T160,T100),T130),T150)),(((T120,T170),T40),(T140,T200))),T20),T80),T110);
#NNI moves:4/60
(((((((((T190,T90),(T180,T10)),((T60,T70),T30)),T50),T0),(((T80,T110),T20),(((T120,T170),T40),(T200,T140)))),T150),(T100,T160)),T130);
#NNI moves:1/60
(((((((((T190,T90),(T10,T180)),((T70,T60),T30)),T50),T0),(((T100,T160),T130),T150)),((T200,T140),((T170,T120),T40))),(T80,T110)),T20);
Current score: 2.79947e+09
Current tree: ((T80,((((((((T190,T90),(T10,T180)),((T70,T60),T30)),T50),T0),(((T100,T160),T130),T150)),((T200,T140),((T170,T120),T40))),T20)),T110);
#NNI moves:1/60
((((((((((T190,T90),(T180,T10)),((T60,T70),T30)),T50),T0),(((T100,T160),T130),T150)),((T140,T200),((T120,T170),T40))),T20),T80),T110);
#NNI moves:1/60
((((((((((T110,T80),T20),((T200,T140),((T170,T120),T40))),(((T100,T160),T130),T150)),T0),T50),((T60,T70),T30)),(T10,T180)),T90),T190);
#NNI moves:0/60
((((((((((T10,T180),(T90,T190)),((T60,T70),T30)),T50),T0),(((T160,T100),T130),T150)),(((T170,T120),T40),(T140,T200))),T20),T110),T80);
#NNI moves:0/60
(((((((((((T170,T120),T40),(T200,T140)),((T80,T110),T20)),(((T100,T160),T130),T150)),T0),T50),((T60,T70),T30)),(T10,T180)),T190),T90);
Current score: 2.79947e+09
Current tree: ((T80,(T20,((((T170,T120),T40),(T200,T140)),((((T100,T160),T130),T150),(T0,(T50,(((T60,T70),T30),((T10,T180),(T190,T90))))))))),T110);
#NNI moves:0/60
(((((((((((T190,T90),(T180,T10)),((T60,T70),T30)),T50),T0),(((T100,T160),T130),T150)),((T80,T110),T20)),(T140,T200)),T40),T170),T120);
#NNI moves:1/60
(((((((((T10,T180),(T190,T90)),((T60,T70),T30)),T50),T0),(((T160,T100),T130),T150)),(((T170,T120),T40),(T200,T140))),(T80,T110)),T20);
#NNI moves:1/60
((((((((((T110,T80),T20),(((T120,T170),T40),(T140,T200))),(((T160,T100),T130),T150)),T0),T50),((T10,T180),(T90,T190))),T30),T70),T60);
#NNI moves:0/60
(((((((((((T10,T180),(T90,T190)),((T70,T60),T30)),T50),T0),(((T160,T100),T130),T150)),((T80,T110),T20)),(T140,T200)),T40),T120),T170);
Current score: 2.79947e+09
Current tree: ((T80,(T20,(((((((T10,T180),(T90,T190)),((T70,T60),T30)),T50),T0),(((T160,T100),T130),T150)),((T140,T200),(T40,(T120,T170)))))),T110);
Final Tree: ((T80,(T20,(((((((T10,T180),(T90,T190)),((T70,T60),T30)),T50),T0),(((T160,T100),T130),T150)),((T140,T200),(T40,(T120,T170)))))),T110);
Score: 2799467664

real	0m7.678s
user	2m38.091s
sys	0m1.198s
