
RAxML-NG v. 1.1.0-master released on 04.08.2022 by The Exelixis Lab.
Developed by: Alexey M. Kozlov and Alexandros Stamatakis.
Contributors: Diego Darriba, Tomas Flouri, Benoit Morel, Sarah Lutteropp, Ben Bettisworth.
Latest version: https://github.com/amkozlov/raxml-ng
Questions/problems/suggestions? Please visit: https://groups.google.com/forum/#!forum/raxml

System: AMD EPYC 7742 64-Core Processor, 128 cores, 251 GB RAM

RAxML-NG was called at 26-May-2023 02:11:48 as follows:

/home/chaos/programs/raxml-ng/raxml-ng/bin/raxml-ng --msa data/alignment/31_1X_S21_1e6_1.5.rename --tree pars{1} --model GTR+G --threads 8 --tree-constraint S21/raxml-5.polytomy --redo

Analysis options:
  run mode: ML tree search
  start tree(s): parsimony (1)
  topological constraint: S21/raxml-5.polytomy (algorithm: NEW)
  random seed: 1685092308
  tip-inner: OFF
  pattern compression: ON
  per-rate scalers: OFF
  site repeats: ON
  fast spr radius: AUTO
  spr subtree cutoff: 1.000000
  branch lengths: proportional (ML estimate, algorithm: NR-FAST)
  SIMD kernels: AVX2
  parallelization: coarse-grained (auto), PTHREADS (8 threads), thread pinning: OFF

WARNING: Running in REDO mode: existing checkpoints are ignored, and all result files will be overwritten!

[00:00:00] Reading alignment from file: data/alignment/31_1X_S21_1e6_1.5.rename
[00:00:01] Loaded alignment with 105 taxa and 5000000 sites

Alignment comprises 1 partitions and 3453055 patterns

Partition 0: noname
Model: GTR+FO+G4m
Alignment sites / patterns: 5000000 / 3453055
Gaps: 0.00 %
Invariant sites: 7.86 %


NOTE: Binary MSA file created: data/alignment/31_1X_S21_1e6_1.5.rename.raxml.rba

[00:00:12] Loading constraint tree from: S21/raxml-5.polytomy
[00:00:12] Loaded comprehensive constraint tree with 105 taxa

Parallelization scheme autoconfig: 1 worker(s) x 8 thread(s)

Parallel reduction/worker buffer size: 1 KB  / 0 KB

[00:00:12] Generating 1 parsimony starting tree(s) with 105 taxa
[00:01:08] Data distribution: max. partitions/sites/weight per thread: 1 / 431632 / 6906112
[00:01:08] Data distribution: max. searches per worker: 1

Starting ML tree search with 1 distinct starting trees

[00:01:09 -153843779.580117] Initial branch length optimization
[00:06:27 -145047581.960003] Model parameter optimization (eps = 10.000000)
[00:39:42 -139102077.593644] AUTODETECT spr round 1 (radius: 5)
[00:48:27 -139094939.513335] AUTODETECT spr round 2 (radius: 10)
[00:52:58 -139094939.507284] SPR radius for FAST iterations: 5 (autodetect)
[00:52:58 -139094939.507284] Model parameter optimization (eps = 3.000000)
[00:55:50 -139094933.450237] FAST spr round 1 (radius: 5)
[01:33:59 -139091191.034391] FAST spr round 2 (radius: 5)
[02:10:58 -139091191.032548] Model parameter optimization (eps = 1.000000)
[02:13:41 -139091188.920334] SLOW spr round 1 (radius: 5)
[03:31:35 -139088544.584004] SLOW spr round 2 (radius: 5)
[04:44:12 -139081328.927888] SLOW spr round 3 (radius: 5)
[05:52:25 -139072477.343224] SLOW spr round 4 (radius: 5)
[07:00:32 -139067288.517991] SLOW spr round 5 (radius: 5)
[08:06:52 -139067288.517983] SLOW spr round 6 (radius: 10)
[08:44:35 -139067288.517983] SLOW spr round 7 (radius: 15)
[08:47:54 -139067288.517983] SLOW spr round 8 (radius: 20)
[08:51:12 -139067288.517983] SLOW spr round 9 (radius: 25)
[08:54:15 -139067288.517983] Model parameter optimization (eps = 0.100000)

[08:58:21] ML tree search #1, logLikelihood: -139067287.511113


Optimized model parameters:

   Partition 0: noname
   Rate heterogeneity: GAMMA (4 cats, mean),  alpha: 1.285300 (ML),  weights&rates: (0.250000,0.190172) (0.250000,0.548426) (0.250000,1.034861) (0.250000,2.226542) 
   Base frequencies (ML): 0.210845 0.250744 0.354943 0.183467 
   Substitution rates (ML): 0.921368 3.247956 0.538423 1.196787 3.733158 1.000000 


Final LogLikelihood: -139067287.511113

AIC score: 278135007.022227 / AICc score: 278135007.040976 / BIC score: 278137906.811096
Free parameters (model + branch lengths): 216

Best ML tree saved to: /expanse/lustre/projects/uot138/chaos/ASTERISK-sim/data/alignment/31_1X_S21_1e6_1.5.rename.raxml.bestTree
Optimized model saved to: /expanse/lustre/projects/uot138/chaos/ASTERISK-sim/data/alignment/31_1X_S21_1e6_1.5.rename.raxml.bestModel

Execution log saved to: /expanse/lustre/projects/uot138/chaos/ASTERISK-sim/data/alignment/31_1X_S21_1e6_1.5.rename.raxml.log

Analysis started: 26-May-2023 02:11:48 / finished: 26-May-2023 11:10:09

Elapsed time: 32301.248 seconds

Consumed energy: 3614.580 Wh (= 18 km in an electric car, or 90 km with an e-scooter!)

