Weighted ASTRAL - Hybrid
Version: v1.13.2.3
#Genetrees: 2000
#Species: 21
#Rounds: 4
#Samples: 4
#Threads: 32
#NNI moves:1/60
(((((((((((T140,T90),T30),T170),((T20,T150),T200)),T40),(T160,T190)),T0),((((T50,T60),T130),(T120,T100)),T180)),T10),(T110,T70)),T80);
#NNI moves:2/60
(((((((((T60,T50),T130),(T120,T100)),T180),(((T70,T110),T80),T10)),T0),(((((T140,T90),T30),T170),((T20,T150),T200)),T40)),T160),T190);
#NNI moves:0/60
((((((((((((T90,T140),T30),T170),((T20,T150),T200)),T40),(T190,T160)),T0),((((T50,T60),T130),(T120,T100)),T180)),T10),T80),T70),T110);
#NNI moves:0/60
(((((((((((T50,T60),T130),(T100,T120)),T180),(((T110,T70),T80),T10)),T0),(T190,T160)),T40),((T150,T20),T200)),((T140,T90),T30)),T170);
Initial score: 2.89005e+09
Initial tree: (((((T50,T60),T130),(T100,T120)),((((T110,T70),T80),T10),(T0,((T190,T160),(T40,(((T150,T20),T200),(((T140,T90),T30),T170))))))),T180);
*** Subsample Process ***
#NNI moves:2/60
((((((((((T140,T90),T30),T170),((T20,T150),T200)),T40),(T190,T160)),T0),(((T110,T70),T80),T10)),((T100,T120),((T50,T60),T130))),T180);
#NNI moves:1/60
((((((((((T90,T140),T30),T170),((T20,T150),T200)),T40),(T190,T160)),T0),(((T70,T110),T80),T10)),(((T60,T50),T130),(T100,T120))),T180);
#NNI moves:6/60
(((((((((((T150,T20),T200),(T170,((T90,T140),T30))),T40),(T190,T160)),T0),((((T60,T50),T130),(T120,T100)),T180)),T10),T80),T110),T70);
#NNI moves:0/60
(((((((((((((T140,T90),T30),T170),((T20,T150),T200)),T40),(T190,T160)),T0),(((T70,T110),T80),T10)),T180),(T100,T120)),T130),T50),T60);
Current score: 2.89005e+09
Current tree: ((((((((((T140,T90),T30),T170),((T20,T150),T200)),T40),(T190,T160)),T0),(((T70,T110),T80),T10)),((T100,T120),(T130,(T50,T60)))),T180);
#NNI moves:0/60
(((((((((((T60,T50),T130),(T100,T120)),T180),(((T70,T110),T80),T10)),T0),(T160,T190)),T40),(((T140,T90),T30),T170)),(T20,T150)),T200);
#NNI moves:5/60
(((((((((T20,T150),T200),(T170,((T140,T90),T30))),T40),(T190,T160)),T0),((((T50,T60),T130),(T120,T100)),T180)),((T70,T110),T80)),T10);
#NNI moves:0/60
((((((((((((T90,T140),T30),T170),((T150,T20),T200)),T40),(T160,T190)),T0),(((T70,T110),T80),T10)),T180),((T60,T50),T130)),T100),T120);
#NNI moves:7/60
(((((((((T20,T150),T200),(T170,((T90,T140),T30))),T40),(T190,T160)),T0),(((T110,T70),T80),T10)),((T120,T100),((T60,T50),T130))),T180);
Current score: 2.89005e+09
Current tree: (((((((((T20,T150),T200),(T170,((T90,T140),T30))),T40),(T190,T160)),T0),(((T110,T70),T80),T10)),((T120,T100),((T60,T50),T130))),T180);
Final Tree: (((((((((T20,T150),T200),(T170,((T90,T140),T30))),T40),(T190,T160)),T0),(((T110,T70),T80),T10)),((T120,T100),((T60,T50),T130))),T180);
Score: 2890052467

real	0m5.046s
user	1m28.606s
sys	0m0.998s
