
RAxML-NG v. 1.1.0-master released on 04.08.2022 by The Exelixis Lab.
Developed by: Alexey M. Kozlov and Alexandros Stamatakis.
Contributors: Diego Darriba, Tomas Flouri, Benoit Morel, Sarah Lutteropp, Ben Bettisworth.
Latest version: https://github.com/amkozlov/raxml-ng
Questions/problems/suggestions? Please visit: https://groups.google.com/forum/#!forum/raxml

System: AMD EPYC 7742 64-Core Processor, 128 cores, 251 GB RAM

RAxML-NG was called at 26-May-2023 01:54:14 as follows:

/home/chaos/programs/raxml-ng/raxml-ng/bin/raxml-ng --msa data/alignment/32_1X_S21_1e6_1.5.rename --tree pars{1} --model GTR+G --threads 8 --tree-constraint S21/raxml-5.polytomy --redo

Analysis options:
  run mode: ML tree search
  start tree(s): parsimony (1)
  topological constraint: S21/raxml-5.polytomy (algorithm: NEW)
  random seed: 1685091254
  tip-inner: OFF
  pattern compression: ON
  per-rate scalers: OFF
  site repeats: ON
  fast spr radius: AUTO
  spr subtree cutoff: 1.000000
  branch lengths: proportional (ML estimate, algorithm: NR-FAST)
  SIMD kernels: AVX2
  parallelization: coarse-grained (auto), PTHREADS (8 threads), thread pinning: OFF

WARNING: Running in REDO mode: existing checkpoints are ignored, and all result files will be overwritten!

[00:00:00] Reading alignment from file: data/alignment/32_1X_S21_1e6_1.5.rename
[00:00:01] Loaded alignment with 105 taxa and 5000000 sites

Alignment comprises 1 partitions and 3308494 patterns

Partition 0: noname
Model: GTR+FO+G4m
Alignment sites / patterns: 5000000 / 3308494
Gaps: 0.00 %
Invariant sites: 9.32 %


NOTE: Binary MSA file created: data/alignment/32_1X_S21_1e6_1.5.rename.raxml.rba

[00:00:12] Loading constraint tree from: S21/raxml-5.polytomy
[00:00:12] Loaded comprehensive constraint tree with 105 taxa

Parallelization scheme autoconfig: 1 worker(s) x 8 thread(s)

Parallel reduction/worker buffer size: 1 KB  / 0 KB

[00:00:12] Generating 1 parsimony starting tree(s) with 105 taxa
[00:01:04] Data distribution: max. partitions/sites/weight per thread: 1 / 413562 / 6616992
[00:01:04] Data distribution: max. searches per worker: 1

Starting ML tree search with 1 distinct starting trees

[00:01:05 -145284357.209468] Initial branch length optimization
[00:06:01 -136889830.099602] Model parameter optimization (eps = 10.000000)
[00:32:25 -132323124.295026] AUTODETECT spr round 1 (radius: 5)
[00:40:12 -132318333.447180] AUTODETECT spr round 2 (radius: 10)
[00:44:32 -132318333.447137] SPR radius for FAST iterations: 5 (autodetect)
[00:44:32 -132318333.447137] Model parameter optimization (eps = 3.000000)
[00:45:39 -132318333.168339] FAST spr round 1 (radius: 5)
[01:20:31 -132315214.188357] FAST spr round 2 (radius: 5)
[01:55:33 -132314063.919243] FAST spr round 3 (radius: 5)
[02:30:29 -132313874.169703] FAST spr round 4 (radius: 5)
[03:06:00 -132313874.168213] Model parameter optimization (eps = 1.000000)
[03:09:00 -132313870.659016] SLOW spr round 1 (radius: 5)
[04:17:47 -132308050.032802] SLOW spr round 2 (radius: 5)
[05:22:31 -132306215.298730] SLOW spr round 3 (radius: 5)
[06:27:01 -132301911.949166] SLOW spr round 4 (radius: 5)
[07:32:01 -132296227.955053] SLOW spr round 5 (radius: 5)
[08:33:50 -132296227.954987] SLOW spr round 6 (radius: 10)
[09:08:41 -132296227.954987] SLOW spr round 7 (radius: 15)
[09:11:57 -132296227.954987] SLOW spr round 8 (radius: 20)
[09:15:13 -132296227.954987] SLOW spr round 9 (radius: 25)
[09:18:29 -132296227.954987] Model parameter optimization (eps = 0.100000)

[09:21:59] ML tree search #1, logLikelihood: -132296227.305026


Optimized model parameters:

   Partition 0: noname
   Rate heterogeneity: GAMMA (4 cats, mean),  alpha: 1.338476 (ML),  weights&rates: (0.250000,0.199258) (0.250000,0.559259) (0.250000,1.039338) (0.250000,2.202145) 
   Base frequencies (ML): 0.304394 0.239572 0.183781 0.272253 
   Substitution rates (ML): 0.759655 1.607387 0.519977 0.275670 2.284234 1.000000 


Final LogLikelihood: -132296227.305026

AIC score: 264592886.610052 / AICc score: 264592886.628801 / BIC score: 264595786.398921
Free parameters (model + branch lengths): 216

Best ML tree saved to: /expanse/lustre/projects/uot138/chaos/ASTERISK-sim/data/alignment/32_1X_S21_1e6_1.5.rename.raxml.bestTree
Optimized model saved to: /expanse/lustre/projects/uot138/chaos/ASTERISK-sim/data/alignment/32_1X_S21_1e6_1.5.rename.raxml.bestModel

Execution log saved to: /expanse/lustre/projects/uot138/chaos/ASTERISK-sim/data/alignment/32_1X_S21_1e6_1.5.rename.raxml.log

Analysis started: 26-May-2023 01:54:14 / finished: 26-May-2023 11:16:14

Elapsed time: 33719.771 seconds

Consumed energy: 3744.834 Wh (= 19 km in an electric car, or 94 km with an e-scooter!)

