Weighted ASTRAL - Hybrid
Version: v1.13.2.3
#Genetrees: 2000
#Species: 21
#Rounds: 4
#Samples: 4
#Threads: 32
#NNI moves:1/60
((((((((((T130,T50),T60),((T30,T10),T160)),((T100,T110),T180)),T0),((T40,T190),(T200,T150))),T70),(T140,T80)),((T90,T120),T170)),T20);
#NNI moves:3/60
((((((((((((T120,T90),T170),T20),(T140,T80)),T70),((T190,T40),(T150,T200))),T0),((T110,T100),T180)),((T130,T50),T60)),T160),T30),T10);
#NNI moves:1/60
(((((((((T10,T30),T160),((T50,T130),T60)),((T100,T110),T180)),T0),(((((T120,T90),T170),T20),(T140,T80)),T70)),(T200,T150)),T190),T40);
#NNI moves:1/60
((((((((T10,T30),T160),((T50,T130),T60)),((T110,T100),T180)),T0),((T40,T190),(T150,T200))),((T80,T140),(((T120,T90),T170),T20))),T70);
Initial score: 3.3152e+09
Initial tree: ((T100,(T180,((((T10,T30),T160),((T50,T130),T60)),(T0,(((T40,T190),(T150,T200)),(((T80,T140),(((T120,T90),T170),T20)),T70)))))),T110);
*** Subsample Process ***
#NNI moves:0/60
(((((((((((T90,T120),T170),T20),(T140,T80)),T70),((T200,T150),(T190,T40))),T0),(((T30,T10),T160),((T50,T130),T60))),T180),T100),T110);
#NNI moves:0/60
(((((((((((T120,T90),T170),T20),(T140,T80)),T70),((T190,T40),(T150,T200))),T0),(((T50,T130),T60),((T30,T10),T160))),T180),T100),T110);
#NNI moves:0/60
((((((((T120,T90),T170),T20),(T80,T140)),T70),((T40,T190),(T200,T150))),((((T130,T50),T60),((T30,T10),T160)),((T100,T110),T180))),T0);
#NNI moves:0/60
(((((((((((T90,T120),T170),T20),(T140,T80)),T70),((T190,T40),(T200,T150))),T0),(((T50,T130),T60),((T10,T30),T160))),T180),T110),T100);
Current score: 3.3152e+09
Current tree: (((((((((((T90,T120),T170),T20),(T140,T80)),T70),((T190,T40),(T200,T150))),T0),(((T50,T130),T60),((T10,T30),T160))),T180),T100),T110);
#NNI moves:1/60
((((((((T50,T130),T60),((T10,T30),T160)),((T110,T100),T180)),T0),((T150,T200),(T40,T190))),((((T90,T120),T170),T20),(T140,T80))),T70);
#NNI moves:0/60
((((((((T90,T120),T170),T20),(T140,T80)),T70),((T40,T190),(T200,T150))),((((T130,T50),T60),((T10,T30),T160)),((T110,T100),T180))),T0);
#NNI moves:3/60
((((((((((((T90,T120),T170),T20),(T80,T140)),T70),((T40,T190),(T150,T200))),T0),((T110,T100),T180)),((T30,T10),T160)),T60),T130),T50);
#NNI moves:0/60
(((((((((((T90,T120),T170),T20),(T140,T80)),T70),((T40,T190),(T200,T150))),T0),(((T50,T130),T60),((T30,T10),T160))),T180),T100),T110);
Current score: 3.3152e+09
Current tree: (((((((((((T90,T120),T170),T20),(T140,T80)),T70),((T40,T190),(T200,T150))),T0),(((T50,T130),T60),((T30,T10),T160))),T180),T100),T110);
#NNI moves:1/60
((((((((((((T50,T130),T60),((T30,T10),T160)),((T110,T100),T180)),T0),((T200,T150),(T190,T40))),T70),(T140,T80)),T20),T170),T90),T120);
#NNI moves:1/60
(((((((((((T120,T90),T170),T20),(T140,T80)),T70),((T190,T40),(T200,T150))),T0),(((T50,T130),T60),((T30,T10),T160))),T180),T100),T110);
#NNI moves:0/60
((((((((T120,T90),T170),T20),(T140,T80)),T70),((T190,T40),(T150,T200))),((((T50,T130),T60),((T10,T30),T160)),((T100,T110),T180))),T0);
#NNI moves:0/60
((((((((((T120,T90),T170),T20),(T80,T140)),T70),((T150,T200),(T40,T190))),T0),(((T130,T50),T60),((T10,T30),T160))),(T100,T110)),T180);
Current score: 3.3152e+09
Current tree: ((T100,(((((((((T120,T90),T170),T20),(T80,T140)),T70),((T150,T200),(T40,T190))),T0),(((T130,T50),T60),((T10,T30),T160))),T180)),T110);
Final Tree: ((T100,(((((((((T120,T90),T170),T20),(T80,T140)),T70),((T150,T200),(T40,T190))),T0),(((T130,T50),T60),((T10,T30),T160))),T180)),T110);
Score: 3315199452

real	0m4.782s
user	1m41.348s
sys	0m1.221s
