Weighted ASTRAL - Hybrid
Version: v1.13.2.3
#Genetrees: 2000
#Species: 21
#Rounds: 4
#Samples: 4
#Threads: 32
#NNI moves:0/60
(((((((((((((T10,T60),T170),T200),T70),((T50,T190),T150)),((T20,T130),T180)),T0),T140),T100),(T160,T120)),((T30,T90),T40)),T110),T80);
#NNI moves:0/60
((((((((T60,T10),T170),T200),T70),((T50,T190),T150)),((T130,T20),T180)),((((((T90,T30),T40),(T80,T110)),(T120,T160)),T100),T140)),T0);
#NNI moves:0/60
(((((((((((T90,T30),T40),(T110,T80)),(T160,T120)),T100),T140),T0),(((((T10,T60),T170),T200),T70),((T50,T190),T150))),T180),T130),T20);
#NNI moves:0/60
((((((((((T90,T30),T40),(T80,T110)),(T120,T160)),T100),T140),T0),(((((T10,T60),T170),T200),T70),((T190,T50),T150))),(T20,T130)),T180);
Initial score: 3.65895e+09
Initial tree: (((((((T90,T30),T40),(T80,T110)),(T120,T160)),T100),(T0,((((((T10,T60),T170),T200),T70),((T190,T50),T150)),((T20,T130),T180)))),T140);
*** Subsample Process ***
#NNI moves:0/60
(((((((((T60,T10),T170),T200),T70),((T190,T50),T150)),((T130,T20),T180)),T0),(((((T90,T30),T40),(T80,T110)),(T120,T160)),T100)),T140);
#NNI moves:0/60
(((((((((T10,T60),T170),T200),T70),((T190,T50),T150)),((T130,T20),T180)),T0),(((((T90,T30),T40),(T80,T110)),(T160,T120)),T100)),T140);
#NNI moves:0/60
((((((((T10,T60),T170),T200),T70),((T190,T50),T150)),((T130,T20),T180)),((((((T30,T90),T40),(T80,T110)),(T120,T160)),T100),T140)),T0);
#NNI moves:0/60
((((((((((((((T60,T10),T170),T200),T70),((T190,T50),T150)),((T130,T20),T180)),T0),T140),T100),(T160,T120)),(T110,T80)),T40),T90),T30);
Current score: 3.65895e+09
Current tree: (((((((((T60,T10),T170),T200),T70),((T190,T50),T150)),((T130,T20),T180)),T0),(T100,((T160,T120),((T110,T80),(T40,(T90,T30)))))),T140);
Final Tree: (((((((((T60,T10),T170),T200),T70),((T190,T50),T150)),((T130,T20),T180)),T0),(T100,((T160,T120),((T110,T80),(T40,(T90,T30)))))),T140);
Score: 3658946205

real	0m2.872s
user	0m53.358s
sys	0m0.702s
