Weighted ASTRAL - Hybrid
Version: v1.13.2.3
#Genetrees: 2000
#Species: 21
#Rounds: 4
#Samples: 4
#Threads: 32
#NNI moves:1/60
((((((((((((T190,T60),T90),T110),T30),T40),(((T140,T70),(T100,T10)),T20)),(T150,T200)),T180),((T80,T160),T0)),(T120,T50)),T170),T130);
#NNI moves:0/60
((((((((((T170,T130),(T50,T120)),((T160,T80),T0)),T180),(T150,T200)),(((((T60,T190),T90),T110),T30),T40)),T20),(T10,T100)),T140),T70);
#NNI moves:1/60
((((((((((((T190,T60),T90),T110),T30),T40),(((T70,T140),(T100,T10)),T20)),(T150,T200)),T180),((T80,T160),T0)),(T170,T130)),T50),T120);
#NNI moves:0/60
((((((((((T50,T120),(T130,T170)),((T160,T80),T0)),T180),(T150,T200)),(((((T190,T60),T90),T110),T30),T40)),T20),(T70,T140)),T10),T100);
Initial score: 3.96815e+09
Initial tree: ((T80,(T0,(((T50,T120),(T130,T170)),(T180,((T150,T200),((((((T190,T60),T90),T110),T30),T40),(T20,((T70,T140),(T10,T100))))))))),T160);
*** Subsample Process ***
#NNI moves:0/60
((((((((((((T60,T190),T90),T110),T30),T40),(((T70,T140),(T10,T100)),T20)),(T150,T200)),T180),((T170,T130),(T120,T50))),T0),T80),T160);
#NNI moves:0/60
((((((((((((T190,T60),T90),T110),T30),T40),(((T10,T100),(T140,T70)),T20)),(T200,T150)),T180),((T50,T120),(T130,T170))),T0),T80),T160);
#NNI moves:2/60
(((((((((T190,T60),T90),T110),T30),T40),(((T140,T70),(T100,T10)),T20)),((((T120,T50),(T170,T130)),((T80,T160),T0)),T180)),T150),T200);
#NNI moves:0/60
((((((((((((T190,T60),T90),T110),T30),T40),(((T10,T100),(T140,T70)),T20)),(T200,T150)),T180),((T50,T120),(T170,T130))),T0),T160),T80);
Current score: 3.96815e+09
Current tree: ((((((((((((T190,T60),T90),T110),T30),T40),(((T10,T100),(T140,T70)),T20)),(T200,T150)),T180),((T50,T120),(T170,T130))),T0),T80),T160);
#NNI moves:0/60
((((((((((T120,T50),(T130,T170)),((T160,T80),T0)),T180),(T200,T150)),(((((T190,T60),T90),T110),T30),T40)),T20),(T70,T140)),T100),T10);
#NNI moves:0/60
(((((((((T60,T190),T90),T110),T30),T40),(((T140,T70),(T10,T100)),T20)),((((T50,T120),(T130,T170)),((T160,T80),T0)),T180)),T200),T150);
#NNI moves:0/60
((((((((((((T60,T190),T90),T110),T30),T40),(((T10,T100),(T70,T140)),T20)),(T200,T150)),T180),((T160,T80),T0)),(T130,T170)),T50),T120);
#NNI moves:0/60
((((((((((((T60,T190),T90),T110),T30),T40),(((T100,T10),(T70,T140)),T20)),(T150,T200)),T180),((T120,T50),(T170,T130))),T0),T80),T160);
Current score: 3.96815e+09
Current tree: ((((((((((((T60,T190),T90),T110),T30),T40),(((T100,T10),(T70,T140)),T20)),(T150,T200)),T180),((T120,T50),(T170,T130))),T0),T80),T160);
#NNI moves:1/60
((((((((((((T120,T50),(T130,T170)),((T160,T80),T0)),T180),(T150,T200)),(((T140,T70),(T100,T10)),T20)),T40),T30),T110),T90),T60),T190);
#NNI moves:0/60
((((((((((((T190,T60),T90),T110),T30),T40),(((T100,T10),(T140,T70)),T20)),(T150,T200)),T180),((T120,T50),(T130,T170))),T0),T80),T160);
#NNI moves:0/60
(((((((((T190,T60),T90),T110),T30),T40),(((T10,T100),(T140,T70)),T20)),((((T170,T130),(T120,T50)),((T80,T160),T0)),T180)),T200),T150);
#NNI moves:0/60
(((((((((((T190,T60),T90),T110),T30),T40),(((T10,T100),(T70,T140)),T20)),(T200,T150)),T180),((T120,T50),(T130,T170))),(T80,T160)),T0);
Current score: 3.96815e+09
Current tree: ((T80,((((((((((T190,T60),T90),T110),T30),T40),(((T10,T100),(T70,T140)),T20)),(T200,T150)),T180),((T120,T50),(T130,T170))),T0)),T160);
Final Tree: ((T80,((((((((((T190,T60),T90),T110),T30),T40),(((T10,T100),(T70,T140)),T20)),(T200,T150)),T180),((T120,T50),(T130,T170))),T0)),T160);
Score: 3968152610

real	0m5.025s
user	1m44.275s
sys	0m1.190s
