Weighted ASTRAL - Hybrid
Version: v1.13.2.3
#Genetrees: 2000
#Species: 21
#Rounds: 4
#Samples: 4
#Threads: 32
#NNI moves:0/60
(((((((((((T190,T110),T50),(T120,T170)),(T100,T30)),T200),T90),(((((T140,T80),T60),T180),(T40,T130)),T20)),T160),T0),(T10,T150)),T70);
#NNI moves:0/60
(((((((((((((T140,T80),T60),T180),(T130,T40)),T20),((((T150,T10),T70),T0),T160)),T90),T200),(T30,T100)),(T170,T120)),T50),T190),T110);
#NNI moves:3/60
(((((((((T140,T80),T60),T180),(T40,T130)),T20),((((T10,T150),T70),T0),T160)),T90),((((T110,T190),T50),(T170,T120)),(T30,T100))),T200);
#NNI moves:1/60
(((((((((((T110,T190),T50),(T120,T170)),(T30,T100)),T200),T90),((((T150,T10),T70),T0),T160)),T20),(T40,T130)),((T80,T140),T60)),T180);
Initial score: 3.60758e+09
Initial tree: ((T10,(T70,(T0,(T160,(((((((T110,T190),T50),(T120,T170)),(T30,T100)),T200),T90),(T20,((T40,T130),(((T80,T140),T60),T180)))))))),T150);
*** Subsample Process ***
#NNI moves:0/60
((((((((((((T190,T110),T50),(T120,T170)),(T100,T30)),T200),T90),(((((T80,T140),T60),T180),(T40,T130)),T20)),T160),T0),T70),T10),T150);
#NNI moves:0/60
((((((((((((T110,T190),T50),(T170,T120)),(T100,T30)),T200),T90),(((((T80,T140),T60),T180),(T130,T40)),T20)),T160),T0),T70),T10),T150);
#NNI moves:0/60
((((((((((((T110,T190),T50),(T120,T170)),(T100,T30)),T200),T90),((((T10,T150),T70),T0),T160)),T20),(T130,T40)),T180),(T140,T80)),T60);
#NNI moves:1/60
((((((((((((T110,T190),T50),(T120,T170)),(T30,T100)),T200),T90),(((((T140,T80),T60),T180),(T40,T130)),T20)),T160),T0),T70),T150),T10);
Current score: 3.60758e+09
Current tree: ((((((((((((T110,T190),T50),(T120,T170)),(T30,T100)),T200),T90),(((((T140,T80),T60),T180),(T40,T130)),T20)),T160),T0),T70),T10),T150);
#NNI moves:0/60
(((((((((((T80,T140),T60),T180),(T130,T40)),T20),((((T150,T10),T70),T0),T160)),T90),T200),(((T110,T190),T50),(T170,T120))),T30),T100);
#NNI moves:0/60
(((((((((((T110,T190),T50),(T120,T170)),(T100,T30)),T200),T90),((((T150,T10),T70),T0),T160)),T20),(((T80,T140),T60),T180)),T40),T130);
#NNI moves:1/60
((((((((T140,T80),T60),T180),(T40,T130)),T20),((((((T110,T190),T50),(T120,T170)),(T30,T100)),T200),T90)),(((T150,T10),T70),T0)),T160);
#NNI moves:0/60
((((((((((((T110,T190),T50),(T170,T120)),(T30,T100)),T200),T90),(((((T80,T140),T60),T180),(T130,T40)),T20)),T160),T0),T70),T10),T150);
Current score: 3.60758e+09
Current tree: ((((((((((((T110,T190),T50),(T170,T120)),(T30,T100)),T200),T90),(((((T80,T140),T60),T180),(T130,T40)),T20)),T160),T0),T70),T10),T150);
#NNI moves:0/60
(((((((((((((T80,T140),T60),T180),(T40,T130)),T20),((((T150,T10),T70),T0),T160)),T90),T200),(T100,T30)),(T170,T120)),T50),T110),T190);
#NNI moves:0/60
((((((((((((T190,T110),T50),(T120,T170)),(T30,T100)),T200),T90),(((((T80,T140),T60),T180),(T40,T130)),T20)),T160),T0),T70),T10),T150);
#NNI moves:0/60
((((((((((((T190,T110),T50),(T120,T170)),(T100,T30)),T200),T90),((((T10,T150),T70),T0),T160)),T20),(T40,T130)),T180),(T140,T80)),T60);
#NNI moves:4/60
(((((((((((T190,T110),T50),(T120,T170)),(T30,T100)),T200),T90),(((((T140,T80),T60),T180),(T40,T130)),T20)),T160),T0),(T10,T150)),T70);
Current score: 3.60758e+09
Current tree: ((T10,((((((((((T190,T110),T50),(T120,T170)),(T30,T100)),T200),T90),(((((T140,T80),T60),T180),(T40,T130)),T20)),T160),T0),T70)),T150);
#NNI moves:0/60
((((((((((((T190,T110),T50),(T170,T120)),(T30,T100)),T200),T90),(((((T140,T80),T60),T180),(T130,T40)),T20)),T160),T0),T70),T10),T150);
#NNI moves:0/60
(((((((((((((T140,T80),T60),T180),(T40,T130)),T20),((((T150,T10),T70),T0),T160)),T90),T200),(T30,T100)),(T170,T120)),T50),T110),T190);
#NNI moves:0/60
((((((((((((T110,T190),T50),(T120,T170)),(T30,T100)),T200),T90),(((((T140,T80),T60),T180),(T40,T130)),T20)),T160),T0),T70),T150),T10);
#NNI moves:0/60
((((((((((((T80,T140),T60),T180),(T40,T130)),T20),((((T10,T150),T70),T0),T160)),T90),T200),(T100,T30)),(T120,T170)),(T110,T190)),T50);
Current score: 3.60758e+09
Current tree: ((T10,(T70,(T0,(T160,((((((T80,T140),T60),T180),(T40,T130)),T20),(T90,(T200,((T100,T30),((T120,T170),((T110,T190),T50)))))))))),T150);
Final Tree: ((T10,(T70,(T0,(T160,((((((T80,T140),T60),T180),(T40,T130)),T20),(T90,(T200,((T100,T30),((T120,T170),((T110,T190),T50)))))))))),T150);
Score: 3607584870

real	0m5.928s
user	2m11.662s
sys	0m1.140s
