Weighted ASTRAL - Hybrid
Version: v1.13.2.3
#Genetrees: 2000
#Species: 21
#Rounds: 4
#Samples: 4
#Threads: 32
#NNI moves:3/60
(((((((((((T30,T20),T200),(T50,T130)),T110),T0),(T70,T170)),((((T180,T60),T160),(T190,T150)),(T120,T100))),(T10,T80)),T140),T40),T90);
#NNI moves:3/60
((((((((((T30,T20),T200),(T130,T50)),T110),T0),(T170,T70)),(((T40,T90),T140),(T80,T10))),(((T60,T180),T160),(T190,T150))),T120),T100);
#NNI moves:4/60
(((((((T40,T90),T140),(T10,T80)),((T70,T170),(((((T20,T30),T200),(T50,T130)),T110),T0))),(((T180,T60),T160),(T190,T150))),T100),T120);
#NNI moves:1/60
((((((((((((T30,T20),T200),(T130,T50)),T110),T0),(T170,T70)),(((T90,T40),T140),(T10,T80))),(T100,T120)),(T190,T150)),T160),T60),T180);
Initial score: 3.20144e+09
Initial tree: ((T70,((((((T30,T20),T200),(T130,T50)),T110),T0),((((T90,T40),T140),(T10,T80)),((T100,T120),((T190,T150),(T160,(T60,T180))))))),T170);
*** Subsample Process ***
#NNI moves:6/60
((((((((T20,T30),T200),(T50,T130)),T110),T0),((((T90,T40),T140),(T80,T10)),((((T60,T180),T160),(T150,T190)),(T120,T100)))),T70),T170);
#NNI moves:0/60
((((((((T60,T180),T160),(T150,T190)),(T100,T120)),(((T40,T90),T140),(T10,T80))),(((((T30,T20),T200),(T130,T50)),T110),T0)),T70),T170);
#NNI moves:6/60
((((((((((T20,T30),T200),(T130,T50)),T110),T0),(T70,T170)),((((T60,T180),T160),(T190,T150)),(T100,T120))),((T90,T40),T140)),T10),T80);
#NNI moves:4/60
((((((((T180,T60),T160),(T190,T150)),(T100,T120)),((T80,T10),((T40,T90),T140))),(T0,((((T30,T20),T200),(T130,T50)),T110))),T170),T70);
Current score: 3.20144e+09
Current tree: ((((((((T180,T60),T160),(T190,T150)),(T100,T120)),((T80,T10),((T40,T90),T140))),(T0,((((T30,T20),T200),(T130,T50)),T110))),T70),T170);
Final Tree: ((((((((T180,T60),T160),(T190,T150)),(T100,T120)),((T80,T10),((T40,T90),T140))),(T0,((((T30,T20),T200),(T130,T50)),T110))),T70),T170);
Score: 3201440833

real	0m3.346s
user	1m6.378s
sys	0m0.883s
