Weighted ASTRAL - Hybrid
Version: v1.13.2.3
#Genetrees: 2000
#Species: 21
#Rounds: 4
#Samples: 4
#Threads: 32
#NNI moves:1/60
(((((((((((T200,T160),T70),(T20,T120)),(T150,T110)),(T10,T130)),(T180,T80)),((T170,T90),T100)),T190),T0),((T140,T60),(T50,T40))),T30);
#NNI moves:0/60
(((((((((((T40,T50),(T60,T140)),T30),T0),T190),((T90,T170),T100)),(T80,T180)),(T10,T130)),(((T160,T200),T70),(T120,T20))),T150),T110);
#NNI moves:0/60
(((((((((((((T200,T160),T70),(T20,T120)),(T110,T150)),(T130,T10)),(T80,T180)),((T170,T90),T100)),T190),T0),T30),(T50,T40)),T60),T140);
#NNI moves:0/60
((((((((((T160,T200),T70),(T20,T120)),(T110,T150)),(T130,T10)),(T80,T180)),(((((T60,T140),(T40,T50)),T30),T0),T190)),T100),T90),T170);
Initial score: 4.06557e+09
Initial tree: ((T50,((T60,T140),(T30,(T0,(T190,(((((((T160,T200),T70),(T20,T120)),(T110,T150)),(T130,T10)),(T80,T180)),(T100,(T90,T170)))))))),T40);
*** Subsample Process ***
#NNI moves:3/60
(((((((((((((T200,T160),T70),(T120,T20)),(T150,T110)),(T10,T130)),(T180,T80)),((T90,T170),T100)),T190),T0),T30),(T140,T60)),T50),T40);
#NNI moves:0/60
(((((((((((((T160,T200),T70),(T20,T120)),(T150,T110)),(T130,T10)),(T180,T80)),((T170,T90),T100)),T190),T0),T30),(T60,T140)),T50),T40);
#NNI moves:0/60
((((((((((T160,T200),T70),(T120,T20)),(T150,T110)),(T10,T130)),(T80,T180)),(((((T140,T60),(T50,T40)),T30),T0),T190)),T100),T90),T170);
#NNI moves:0/60
(((((((((((((T200,T160),T70),(T20,T120)),(T150,T110)),(T10,T130)),(T180,T80)),((T170,T90),T100)),T190),T0),T30),(T60,T140)),T40),T50);
Current score: 4.06557e+09
Current tree: (((((((((((((T200,T160),T70),(T20,T120)),(T150,T110)),(T10,T130)),(T180,T80)),((T170,T90),T100)),T190),T0),T30),(T60,T140)),T50),T40);
Final Tree: (((((((((((((T200,T160),T70),(T20,T120)),(T150,T110)),(T10,T130)),(T180,T80)),((T170,T90),T100)),T190),T0),T30),(T60,T140)),T50),T40);
Score: 4065565093

real	0m3.014s
user	0m54.287s
sys	0m1.130s
