Weighted ASTRAL - Hybrid
Version: v1.13.2.3
#Genetrees: 2000
#Species: 21
#Rounds: 4
#Samples: 4
#Threads: 32
#NNI moves:1/60
((((((((T20,T200),T40),(T70,T130)),(((T10,T90),T50),T180)),((((T100,T30),T140),(T120,T160)),T110)),(((T60,T80),T190),T0)),T170),T150);
#NNI moves:1/60
((((((((((T100,T30),T140),(T160,T120)),T110),((T150,T170),(((T80,T60),T190),T0))),(((T20,T200),T40),(T70,T130))),T180),T50),T10),T90);
#NNI moves:0/60
(((((((((T20,T200),T40),(T130,T70)),(((T90,T10),T50),T180)),((((T80,T60),T190),T0),(T170,T150))),T110),(T120,T160)),(T30,T100)),T140);
#NNI moves:0/60
((((((((T20,T200),T40),(T70,T130)),(((T90,T10),T50),T180)),((((T100,T30),T140),(T160,T120)),T110)),(((T80,T60),T190),T0)),T150),T170);
Initial score: 3.18057e+09
Initial tree: ((((T90,T10),T50),((((T20,T200),T40),(T70,T130)),(((((T100,T30),T140),(T160,T120)),T110),((((T80,T60),T190),T0),(T150,T170))))),T180);
*** Subsample Process ***
#NNI moves:0/60
((((((((T80,T60),T190),T0),(T150,T170)),((((T100,T30),T140),(T120,T160)),T110)),(((T20,T200),T40),(T130,T70))),((T90,T10),T50)),T180);
#NNI moves:0/60
((((((((T60,T80),T190),T0),(T150,T170)),((((T30,T100),T140),(T120,T160)),T110)),(((T20,T200),T40),(T130,T70))),((T10,T90),T50)),T180);
#NNI moves:0/60
(((((((T200,T20),T40),(T130,T70)),(((T90,T10),T50),T180)),((((T60,T80),T190),T0),(T170,T150))),(((T100,T30),T140),(T160,T120))),T110);
#NNI moves:1/60
((((((((((T30,T100),T140),(T160,T120)),T110),((T150,T170),(((T80,T60),T190),T0))),(((T20,T200),T40),(T70,T130))),T180),T50),T10),T90);
Current score: 3.18057e+09
Current tree: ((((((((T30,T100),T140),(T160,T120)),T110),((T150,T170),(((T80,T60),T190),T0))),(((T20,T200),T40),(T70,T130))),(T50,(T10,T90))),T180);
#NNI moves:3/60
((((((((T30,T100),T140),(T120,T160)),T110),((((T20,T200),T40),(T70,T130)),(((T90,T10),T50),T180))),(((T60,T80),T190),T0)),T170),T150);
#NNI moves:1/60
((((((((((T200,T20),T40),(T130,T70)),(((T10,T90),T50),T180)),((((T80,T60),T190),T0),(T150,T170))),T110),(T120,T160)),T140),T100),T30);
#NNI moves:0/60
((((((((((T100,T30),T140),(T120,T160)),T110),((((T80,T60),T190),T0),(T170,T150))),(((T90,T10),T50),T180)),(T70,T130)),T40),T20),T200);
#NNI moves:1/60
((((((((T30,T100),T140),(T160,T120)),T110),((T150,T170),(((T80,T60),T190),T0))),(((T200,T20),T40),(T70,T130))),((T90,T10),T50)),T180);
Current score: 3.18057e+09
Current tree: ((((((((T30,T100),T140),(T160,T120)),T110),((T150,T170),(((T80,T60),T190),T0))),(((T200,T20),T40),(T70,T130))),((T90,T10),T50)),T180);
#NNI moves:0/60
((((((((((T200,T20),T40),(T70,T130)),(((T90,T10),T50),T180)),((((T60,T80),T190),T0),(T150,T170))),T110),(T160,T120)),T140),T30),T100);
#NNI moves:1/60
((((((((T60,T80),T190),T0),(T170,T150)),(T110,(((T100,T30),T140),(T120,T160)))),(((T20,T200),T40),(T130,T70))),((T10,T90),T50)),T180);
#NNI moves:0/60
(((((((((T20,T200),T40),(T70,T130)),(((T10,T90),T50),T180)),((((T60,T80),T190),T0),(T170,T150))),T110),((T100,T30),T140)),T120),T160);
#NNI moves:1/60
((((((((((T30,T100),T140),(T120,T160)),T110),((T150,T170),(((T60,T80),T190),T0))),(((T200,T20),T40),(T130,T70))),T180),T50),T10),T90);
Current score: 3.18057e+09
Current tree: ((((((((T30,T100),T140),(T120,T160)),T110),((T150,T170),(((T60,T80),T190),T0))),(((T200,T20),T40),(T130,T70))),(T50,(T10,T90))),T180);
Final Tree: ((((((((T30,T100),T140),(T120,T160)),T110),((T150,T170),(((T60,T80),T190),T0))),(((T200,T20),T40),(T130,T70))),(T50,(T10,T90))),T180);
Score: 3180574357

real	0m4.655s
user	1m40.571s
sys	0m1.073s
