
RAxML-NG v. 1.1.0-master released on 04.08.2022 by The Exelixis Lab.
Developed by: Alexey M. Kozlov and Alexandros Stamatakis.
Contributors: Diego Darriba, Tomas Flouri, Benoit Morel, Sarah Lutteropp, Ben Bettisworth.
Latest version: https://github.com/amkozlov/raxml-ng
Questions/problems/suggestions? Please visit: https://groups.google.com/forum/#!forum/raxml

System: AMD EPYC 7742 64-Core Processor, 128 cores, 251 GB RAM

RAxML-NG was called at 26-May-2023 01:44:35 as follows:

/home/chaos/programs/raxml-ng/raxml-ng/bin/raxml-ng --msa data/alignment/38_1X_S21_1e6_1.5.rename --tree pars{1} --model GTR+G --threads 8 --tree-constraint S21/raxml-5.polytomy --redo

Analysis options:
  run mode: ML tree search
  start tree(s): parsimony (1)
  topological constraint: S21/raxml-5.polytomy (algorithm: NEW)
  random seed: 1685090675
  tip-inner: OFF
  pattern compression: ON
  per-rate scalers: OFF
  site repeats: ON
  fast spr radius: AUTO
  spr subtree cutoff: 1.000000
  branch lengths: proportional (ML estimate, algorithm: NR-FAST)
  SIMD kernels: AVX2
  parallelization: coarse-grained (auto), PTHREADS (8 threads), thread pinning: OFF

WARNING: Running in REDO mode: existing checkpoints are ignored, and all result files will be overwritten!

[00:00:00] Reading alignment from file: data/alignment/38_1X_S21_1e6_1.5.rename
[00:00:01] Loaded alignment with 105 taxa and 5000000 sites

Alignment comprises 1 partitions and 2658493 patterns

Partition 0: noname
Model: GTR+FO+G4m
Alignment sites / patterns: 5000000 / 2658493
Gaps: 0.00 %
Invariant sites: 20.18 %


NOTE: Binary MSA file created: data/alignment/38_1X_S21_1e6_1.5.rename.raxml.rba

[00:00:11] Loading constraint tree from: S21/raxml-5.polytomy
[00:00:11] Loaded comprehensive constraint tree with 105 taxa

Parallelization scheme autoconfig: 1 worker(s) x 8 thread(s)

Parallel reduction/worker buffer size: 1 KB  / 0 KB

[00:00:11] Generating 1 parsimony starting tree(s) with 105 taxa
[00:00:54] Data distribution: max. partitions/sites/weight per thread: 1 / 332312 / 5316992
[00:00:54] Data distribution: max. searches per worker: 1

Starting ML tree search with 1 distinct starting trees

[00:00:55 -134162058.971696] Initial branch length optimization
[00:04:32 -126519644.689550] Model parameter optimization (eps = 10.000000)
[00:42:25 -121961512.186779] AUTODETECT spr round 1 (radius: 5)
[00:50:17 -121956334.286934] AUTODETECT spr round 2 (radius: 10)
[00:54:00 -121956334.278948] SPR radius for FAST iterations: 5 (autodetect)
[00:54:00 -121956334.278948] Model parameter optimization (eps = 3.000000)
[00:55:21 -121956333.109442] FAST spr round 1 (radius: 5)
[01:27:56 -121956333.109297] Model parameter optimization (eps = 1.000000)
[01:29:02 -121956332.869607] SLOW spr round 1 (radius: 5)
[02:38:20 -121955083.489099] SLOW spr round 2 (radius: 5)
[03:42:39 -121954194.807228] SLOW spr round 3 (radius: 5)
[04:43:55 -121953359.303528] SLOW spr round 4 (radius: 5)
[05:42:47 -121952245.454682] SLOW spr round 5 (radius: 5)
[06:41:39 -121950678.118424] SLOW spr round 6 (radius: 5)
[07:30:34 -121949882.057277] SLOW spr round 7 (radius: 5)
[08:19:38 -121943822.480386] SLOW spr round 8 (radius: 5)
[09:14:43 -121943822.477606] SLOW spr round 9 (radius: 10)
[09:58:51 -121943822.477523] SLOW spr round 10 (radius: 15)
[10:02:00 -121943822.477523] SLOW spr round 11 (radius: 20)
[10:05:12 -121943822.477523] SLOW spr round 12 (radius: 25)
[10:08:23 -121943822.477523] Model parameter optimization (eps = 0.100000)

[10:13:56] ML tree search #1, logLikelihood: -121943821.574621


Optimized model parameters:

   Partition 0: noname
   Rate heterogeneity: GAMMA (4 cats, mean),  alpha: 0.750916 (ML),  weights&rates: (0.250000,0.085081) (0.250000,0.386596) (0.250000,0.942368) (0.250000,2.585956) 
   Base frequencies (ML): 0.349698 0.264378 0.116337 0.269586 
   Substitution rates (ML): 1.060738 2.311294 0.458572 1.319300 2.981511 1.000000 


Final LogLikelihood: -121943821.574621

AIC score: 243888075.149242 / AICc score: 243888075.167992 / BIC score: 243890974.938112
Free parameters (model + branch lengths): 216

Best ML tree saved to: /expanse/lustre/projects/uot138/chaos/ASTERISK-sim/data/alignment/38_1X_S21_1e6_1.5.rename.raxml.bestTree
Optimized model saved to: /expanse/lustre/projects/uot138/chaos/ASTERISK-sim/data/alignment/38_1X_S21_1e6_1.5.rename.raxml.bestModel

Execution log saved to: /expanse/lustre/projects/uot138/chaos/ASTERISK-sim/data/alignment/38_1X_S21_1e6_1.5.rename.raxml.log

Analysis started: 26-May-2023 01:44:35 / finished: 26-May-2023 11:58:31

Elapsed time: 36836.292 seconds

Consumed energy: 4449.818 Wh (= 22 km in an electric car, or 111 km with an e-scooter!)

