Weighted ASTRAL - Hybrid
Version: v1.13.2.3
#Genetrees: 2000
#Species: 21
#Rounds: 4
#Samples: 4
#Threads: 32
#NNI moves:1/60
((((((((((T50,T90),(T180,T10)),T190),T40),((T160,T150),T60)),T120),(T0,((((T110,T20),(T30,T140)),T170),T130))),T100),(T200,T80)),T70);
#NNI moves:1/60
(((((((((((T10,T180),(T90,T50)),T190),T40),((T150,T160),T60)),T120),(T0,((((T140,T30),(T110,T20)),T170),T130))),T100),T70),T200),T80);
#NNI moves:4/60
(((((((((((T30,T140),(T20,T110)),T170),T130),T0),(((T80,T200),T70),T100)),T120),((((T50,T90),(T180,T10)),T190),T40)),T60),T150),T160);
#NNI moves:4/60
(((((((((((T20,T110),(T140,T30)),T170),T130),T0),(((T80,T200),T70),T100)),T120),((T150,T160),T60)),T40),((T50,T90),(T10,T180))),T190);
Initial score: 3.2484e+09
Initial tree: (((((T20,T110),(T140,T30)),T170),(T0,((((T80,T200),T70),T100),(T120,(((T150,T160),T60),(T40,(((T50,T90),(T10,T180)),T190))))))),T130);
*** Subsample Process ***
#NNI moves:3/60
((((((((((T180,T10),(T90,T50)),T190),T40),((T160,T150),T60)),T120),(((T200,T80),T70),T100)),T0),(((T30,T140),(T20,T110)),T170)),T130);
#NNI moves:4/60
((((((((((T10,T180),(T50,T90)),T190),T40),((T150,T160),T60)),T120),(((T80,T200),T70),T100)),T0),(((T110,T20),(T30,T140)),T170)),T130);
#NNI moves:1/60
(((((((((((T90,T50),(T10,T180)),T190),T40),((T160,T150),T60)),T120),(((((T140,T30),(T110,T20)),T170),T130),T0)),T100),T70),T80),T200);
#NNI moves:0/60
(((((((((((((T50,T90),(T180,T10)),T190),T40),((T150,T160),T60)),T120),(((T200,T80),T70),T100)),T0),T130),T170),(T20,T110)),T30),T140);
Current score: 3.2484e+09
Current tree: ((((((((((T50,T90),(T180,T10)),T190),T40),((T150,T160),T60)),T120),(((T200,T80),T70),T100)),T0),(T170,((T20,T110),(T30,T140)))),T130);
Final Tree: ((((((((((T50,T90),(T180,T10)),T190),T40),((T150,T160),T60)),T120),(((T200,T80),T70),T100)),T0),(T170,((T20,T110),(T30,T140)))),T130);
Score: 3248404049

real	0m3.505s
user	1m1.329s
sys	0m0.888s
