Iteration 1:
Accurate Species Tree EstimatoR from Independent Site Kernals
Version: v1.13.0.0
#Base: 360618720
#Species: 21
#Rounds: 1
#Samples: 0
#Threads: 16
#NNI moves:1/60
(((((((((T110,T20),(T30,T140)),T170),T130),(T0,(((T200,T80),T70),T100))),T120),((((T10,T180),(T90,T50)),T190),T40)),(T160,T150)),T60);
Initial score: 6.39078e+09
Initial tree: (((((T110,T20),(T30,T140)),T170),((T0,(((T200,T80),T70),T100)),(T120,(((((T10,T180),(T90,T50)),T190),T40),((T160,T150),T60))))),T130);
*** Subsample Process ***
Current score: 6.39078e+09
Current tree: (((((T110,T20),(T30,T140)),T170),((T0,(((T200,T80),T70),T100)),(T120,(((((T10,T180),(T90,T50)),T190),T40),((T160,T150),T60))))),T130);
Final Tree: (((((T110,T20),(T30,T140)),T170),((T0,(((T200,T80),T70),T100)),(T120,(((((T10,T180),(T90,T50)),T190),T40),((T160,T150),T60))))),T130);
Score: 6.39078e+09

real	0m58.311s
user	10m35.956s
sys	0m1.277s
