
RAxML-NG v. 1.1.0-master released on 04.08.2022 by The Exelixis Lab.
Developed by: Alexey M. Kozlov and Alexandros Stamatakis.
Contributors: Diego Darriba, Tomas Flouri, Benoit Morel, Sarah Lutteropp, Ben Bettisworth.
Latest version: https://github.com/amkozlov/raxml-ng
Questions/problems/suggestions? Please visit: https://groups.google.com/forum/#!forum/raxml

System: AMD EPYC 7742 64-Core Processor, 128 cores, 251 GB RAM

RAxML-NG was called at 26-May-2023 01:44:38 as follows:

/home/chaos/programs/raxml-ng/raxml-ng/bin/raxml-ng --msa data/alignment/39_1X_S21_1e6_1.5.rename --tree pars{1} --model GTR+G --threads 8 --tree-constraint S21/raxml-5.polytomy --redo

Analysis options:
  run mode: ML tree search
  start tree(s): parsimony (1)
  topological constraint: S21/raxml-5.polytomy (algorithm: NEW)
  random seed: 1685090678
  tip-inner: OFF
  pattern compression: ON
  per-rate scalers: OFF
  site repeats: ON
  fast spr radius: AUTO
  spr subtree cutoff: 1.000000
  branch lengths: proportional (ML estimate, algorithm: NR-FAST)
  SIMD kernels: AVX2
  parallelization: coarse-grained (auto), PTHREADS (8 threads), thread pinning: OFF

WARNING: Running in REDO mode: existing checkpoints are ignored, and all result files will be overwritten!

[00:00:00] Reading alignment from file: data/alignment/39_1X_S21_1e6_1.5.rename
[00:00:01] Loaded alignment with 105 taxa and 5000000 sites

Alignment comprises 1 partitions and 2742845 patterns

Partition 0: noname
Model: GTR+FO+G4m
Alignment sites / patterns: 5000000 / 2742845
Gaps: 0.00 %
Invariant sites: 16.91 %


NOTE: Binary MSA file created: data/alignment/39_1X_S21_1e6_1.5.rename.raxml.rba

[00:00:13] Loading constraint tree from: S21/raxml-5.polytomy
[00:00:13] Loaded comprehensive constraint tree with 105 taxa

Parallelization scheme autoconfig: 1 worker(s) x 8 thread(s)

Parallel reduction/worker buffer size: 1 KB  / 0 KB

[00:00:13] Generating 1 parsimony starting tree(s) with 105 taxa
[00:01:02] Data distribution: max. partitions/sites/weight per thread: 1 / 342856 / 5485696
[00:01:02] Data distribution: max. searches per worker: 1

Starting ML tree search with 1 distinct starting trees

[00:01:03 -140332364.902368] Initial branch length optimization
[00:05:09 -132105383.531712] Model parameter optimization (eps = 10.000000)
[00:32:24 -124258265.653083] AUTODETECT spr round 1 (radius: 5)
[00:40:03 -124244639.110261] AUTODETECT spr round 2 (radius: 10)
[00:44:27 -124244639.105281] SPR radius for FAST iterations: 5 (autodetect)
[00:44:27 -124244639.105281] Model parameter optimization (eps = 3.000000)
[00:47:03 -124244635.865928] FAST spr round 1 (radius: 5)
[01:20:01 -124244521.196483] FAST spr round 2 (radius: 5)
[01:52:02 -124244520.922074] FAST spr round 3 (radius: 5)
[02:24:28 -124244520.921818] Model parameter optimization (eps = 1.000000)
[02:25:47 -124244520.410473] SLOW spr round 1 (radius: 5)
[03:36:42 -124236454.237256] SLOW spr round 2 (radius: 5)
[04:38:55 -124232328.637403] SLOW spr round 3 (radius: 5)
[05:36:15 -124231310.415951] SLOW spr round 4 (radius: 5)
[06:32:46 -124230525.096413] SLOW spr round 5 (radius: 5)
[07:29:36 -124226605.945188] SLOW spr round 6 (radius: 5)
[08:19:39 -124226447.920940] SLOW spr round 7 (radius: 5)
[09:13:26 -124225951.897584] SLOW spr round 8 (radius: 5)
[10:25:37 -124225941.483231] SLOW spr round 9 (radius: 5)
[11:09:47 -124225941.483194] SLOW spr round 10 (radius: 10)
[11:38:36 -124225941.483194] SLOW spr round 11 (radius: 15)
[11:41:15 -124225941.483194] SLOW spr round 12 (radius: 20)
[11:43:44 -124225941.483194] SLOW spr round 13 (radius: 25)
[11:46:04 -124225941.483194] Model parameter optimization (eps = 0.100000)

[11:48:54] ML tree search #1, logLikelihood: -124225939.544369


Optimized model parameters:

   Partition 0: noname
   Rate heterogeneity: GAMMA (4 cats, mean),  alpha: 0.762338 (ML),  weights&rates: (0.250000,0.087523) (0.250000,0.391517) (0.250000,0.945947) (0.250000,2.575012) 
   Base frequencies (ML): 0.351234 0.234551 0.176073 0.238142 
   Substitution rates (ML): 0.921957 13.648445 4.181519 4.835907 11.517972 1.000000 


Final LogLikelihood: -124225939.544369

AIC score: 248452311.088738 / AICc score: 248452311.107487 / BIC score: 248455210.877607
Free parameters (model + branch lengths): 216

Best ML tree saved to: /expanse/lustre/projects/uot138/chaos/ASTERISK-sim/data/alignment/39_1X_S21_1e6_1.5.rename.raxml.bestTree
Optimized model saved to: /expanse/lustre/projects/uot138/chaos/ASTERISK-sim/data/alignment/39_1X_S21_1e6_1.5.rename.raxml.bestModel

Execution log saved to: /expanse/lustre/projects/uot138/chaos/ASTERISK-sim/data/alignment/39_1X_S21_1e6_1.5.rename.raxml.log

Analysis started: 26-May-2023 01:44:38 / finished: 26-May-2023 13:33:32

Elapsed time: 42534.418 seconds

Consumed energy: 5096.311 Wh (= 25 km in an electric car, or 127 km with an e-scooter!)

