Weighted ASTRAL - Hybrid
Version: v1.13.2.3
#Genetrees: 2000
#Species: 21
#Rounds: 4
#Samples: 4
#Threads: 32
#NNI moves:1/60
(((((((((((T160,T140),T190),T130),(T90,T110)),(((T30,T50),T60),((T150,T20),T170))),T120),T0),((T10,T40),T100)),(T200,T180)),T70),T80);
#NNI moves:4/60
((((((((((T20,T150),T170),((T50,T30),T60)),((((T140,T160),T190),T130),(T90,T110))),T120),T0),((T80,T70),(T180,T200))),T100),T40),T10);
#NNI moves:1/60
(((((((((((T180,T200),(T70,T80)),((T10,T40),T100)),T0),T120),(((T150,T20),T170),((T30,T50),T60))),(T90,T110)),T130),T190),T140),T160);
#NNI moves:0/60
((((((((((T80,T70),(T180,T200)),((T40,T10),T100)),T0),T120),(((T50,T30),T60),((T20,T150),T170))),(T90,T110)),T130),(T160,T140)),T190);
Initial score: 3.68997e+09
Initial tree: ((T150,(T170,(((T50,T30),T60),((((((T80,T70),(T180,T200)),((T40,T10),T100)),T0),T120),((T90,T110),(T130,((T160,T140),T190))))))),T20);
*** Subsample Process ***
#NNI moves:4/60
(((((((((T140,T160),T190),T130),(T90,T110)),(((((T80,T70),(T180,T200)),((T10,T40),T100)),T0),T120)),((T30,T50),T60)),T170),T150),T20);
#NNI moves:4/60
((((((((((T180,T200),(T70,T80)),((T40,T10),T100)),T0),T120),((T90,T110),(((T160,T140),T190),T130))),((T30,T50),T60)),T170),T150),T20);
#NNI moves:4/60
(((((((((((T80,T70),(T180,T200)),((T10,T40),T100)),T0),T120),(((T150,T20),T170),((T30,T50),T60))),(T110,T90)),T130),T190),T140),T160);
#NNI moves:3/60
(((((((((T160,T140),T190),T130),(T90,T110)),(((((T70,T80),(T180,T200)),((T40,T10),T100)),T0),T120)),((T50,T30),T60)),T170),T20),T150);
Current score: 3.68997e+09
Current tree: (((((((((T160,T140),T190),T130),(T90,T110)),(((((T70,T80),(T180,T200)),((T40,T10),T100)),T0),T120)),((T50,T30),T60)),T170),T150),T20);
#NNI moves:1/60
(((((((((((T160,T140),T190),T130),(T90,T110)),(((T20,T150),T170),((T50,T30),T60))),T120),T0),((T40,T10),T100)),(T200,T180)),T80),T70);
#NNI moves:4/60
(((((((((T180,T200),(T70,T80)),((T40,T10),T100)),T0),T120),(((T20,T150),T170),((T30,T50),T60))),(T110,T90)),((T160,T140),T190)),T130);
#NNI moves:0/60
((((((((((T70,T80),(T200,T180)),((T10,T40),T100)),T0),T120),((((T160,T140),T190),T130),(T90,T110))),((T20,T150),T170)),T60),T30),T50);
#NNI moves:0/60
((((((((((T180,T200),(T70,T80)),((T40,T10),T100)),T0),T120),((((T140,T160),T190),T130),(T90,T110))),((T50,T30),T60)),T170),T150),T20);
Current score: 3.68997e+09
Current tree: ((((((((((T180,T200),(T70,T80)),((T40,T10),T100)),T0),T120),((((T140,T160),T190),T130),(T90,T110))),((T50,T30),T60)),T170),T150),T20);
Final Tree: ((((((((((T180,T200),(T70,T80)),((T40,T10),T100)),T0),T120),((((T140,T160),T190),T130),(T90,T110))),((T50,T30),T60)),T170),T150),T20);
Score: 3689968374

real	0m7.562s
user	1m39.647s
sys	0m1.306s
