
RAxML-NG v. 1.1.0-master released on 04.08.2022 by The Exelixis Lab.
Developed by: Alexey M. Kozlov and Alexandros Stamatakis.
Contributors: Diego Darriba, Tomas Flouri, Benoit Morel, Sarah Lutteropp, Ben Bettisworth.
Latest version: https://github.com/amkozlov/raxml-ng
Questions/problems/suggestions? Please visit: https://groups.google.com/forum/#!forum/raxml

System: AMD EPYC 7742 64-Core Processor, 128 cores, 251 GB RAM

RAxML-NG was called at 26-May-2023 01:39:00 as follows:

/home/chaos/programs/raxml-ng/raxml-ng/bin/raxml-ng --msa data/alignment/40_1X_S21_1e6_1.5.rename --tree pars{1} --model GTR+G --threads 8 --tree-constraint S21/raxml-5.polytomy --redo

Analysis options:
  run mode: ML tree search
  start tree(s): parsimony (1)
  topological constraint: S21/raxml-5.polytomy (algorithm: NEW)
  random seed: 1685090340
  tip-inner: OFF
  pattern compression: ON
  per-rate scalers: OFF
  site repeats: ON
  fast spr radius: AUTO
  spr subtree cutoff: 1.000000
  branch lengths: proportional (ML estimate, algorithm: NR-FAST)
  SIMD kernels: AVX2
  parallelization: coarse-grained (auto), PTHREADS (8 threads), thread pinning: OFF

WARNING: Running in REDO mode: existing checkpoints are ignored, and all result files will be overwritten!

[00:00:00] Reading alignment from file: data/alignment/40_1X_S21_1e6_1.5.rename
[00:00:01] Loaded alignment with 105 taxa and 5000000 sites

Alignment comprises 1 partitions and 2491550 patterns

Partition 0: noname
Model: GTR+FO+G4m
Alignment sites / patterns: 5000000 / 2491550
Gaps: 0.00 %
Invariant sites: 18.95 %


NOTE: Binary MSA file created: data/alignment/40_1X_S21_1e6_1.5.rename.raxml.rba

[00:00:12] Loading constraint tree from: S21/raxml-5.polytomy
[00:00:12] Loaded comprehensive constraint tree with 105 taxa

Parallelization scheme autoconfig: 1 worker(s) x 8 thread(s)

Parallel reduction/worker buffer size: 1 KB  / 0 KB

[00:00:12] Generating 1 parsimony starting tree(s) with 105 taxa
[00:00:53] Data distribution: max. partitions/sites/weight per thread: 1 / 311444 / 4983104
[00:00:53] Data distribution: max. searches per worker: 1

Starting ML tree search with 1 distinct starting trees

[00:00:54 -125049335.556471] Initial branch length optimization
[00:03:55 -117132371.676454] Model parameter optimization (eps = 10.000000)
[00:21:42 -111228950.512770] AUTODETECT spr round 1 (radius: 5)
[00:27:37 -111228950.511930] SPR radius for FAST iterations: 5 (autodetect)
[00:27:37 -111228950.511930] Model parameter optimization (eps = 3.000000)
[00:28:41 -111228950.095967] FAST spr round 1 (radius: 5)
[00:58:58 -111227982.080596] FAST spr round 2 (radius: 5)
[01:28:15 -111227444.707889] FAST spr round 3 (radius: 5)
[01:58:26 -111226949.422146] FAST spr round 4 (radius: 5)
[02:28:59 -111226949.421811] Model parameter optimization (eps = 1.000000)
[02:29:58 -111226949.315810] SLOW spr round 1 (radius: 5)
[03:30:04 -111223848.768989] SLOW spr round 2 (radius: 5)
[04:28:30 -111220685.917665] SLOW spr round 3 (radius: 5)
[05:24:47 -111215520.687896] SLOW spr round 4 (radius: 5)
[06:17:55 -111213866.038997] SLOW spr round 5 (radius: 5)
[07:10:57 -111212938.186412] SLOW spr round 6 (radius: 5)
[08:01:08 -111212938.184030] SLOW spr round 7 (radius: 10)
[08:28:51 -111212938.183961] SLOW spr round 8 (radius: 15)
[08:41:20 -111212938.183959] SLOW spr round 9 (radius: 20)
[08:43:56 -111212938.183959] SLOW spr round 10 (radius: 25)
[08:46:32 -111212938.183959] Model parameter optimization (eps = 0.100000)

[09:08:08] ML tree search #1, logLikelihood: -111212430.643067


Optimized model parameters:

   Partition 0: noname
   Rate heterogeneity: GAMMA (4 cats, mean),  alpha: 0.801357 (ML),  weights&rates: (0.250000,0.095847) (0.250000,0.407680) (0.250000,0.957330) (0.250000,2.539143) 
   Base frequencies (ML): 0.329325 0.182447 0.190602 0.297625 
   Substitution rates (ML): 1.217018 2.915617 0.478606 0.886709 5.206963 1.000000 


Final LogLikelihood: -111212430.643067

AIC score: 222425293.286134 / AICc score: 222425293.304884 / BIC score: 222428193.075004
Free parameters (model + branch lengths): 216

Best ML tree saved to: /expanse/lustre/projects/uot138/chaos/ASTERISK-sim/data/alignment/40_1X_S21_1e6_1.5.rename.raxml.bestTree
Optimized model saved to: /expanse/lustre/projects/uot138/chaos/ASTERISK-sim/data/alignment/40_1X_S21_1e6_1.5.rename.raxml.bestModel

Execution log saved to: /expanse/lustre/projects/uot138/chaos/ASTERISK-sim/data/alignment/40_1X_S21_1e6_1.5.rename.raxml.log

Analysis started: 26-May-2023 01:39:00 / finished: 26-May-2023 10:47:09

Elapsed time: 32888.864 seconds

Consumed energy: 3938.598 Wh (= 20 km in an electric car, or 98 km with an e-scooter!)

