Weighted ASTRAL - Hybrid
Version: v1.13.2.3
#Genetrees: 2000
#Species: 21
#Rounds: 4
#Samples: 4
#Threads: 32
#NNI moves:0/60
(((((((((((((T120,T40),T100),T180),T30),T0),T170),(T140,T20)),(T110,T200)),(T150,T10)),((T130,T160),T50)),T70),((T90,T80),T190)),T60);
#NNI moves:0/60
(((((((((((((T40,T120),T100),T180),T30),T0),T170),(T20,T140)),(T200,T110)),(T10,T150)),((((T90,T80),T190),T60),T70)),T50),T130),T160);
#NNI moves:0/60
(((((((((((T120,T40),T100),T180),T30),T0),T170),(T140,T20)),(T110,T200)),(((((T90,T80),T190),T60),T70),((T160,T130),T50))),T10),T150);
#NNI moves:0/60
(((((((((((T80,T90),T190),T60),T70),((T160,T130),T50)),(T10,T150)),(T200,T110)),(T20,T140)),T170),((((T120,T40),T100),T180),T30)),T0);
Initial score: 3.46065e+09
Initial tree: ((((((((((T80,T90),T190),T60),T70),((T160,T130),T50)),(T10,T150)),(T200,T110)),(T20,T140)),(((((T120,T40),T100),T180),T30),T0)),T170);
*** Subsample Process ***
#NNI moves:0/60
((((((((((T80,T90),T190),T60),T70),((T160,T130),T50)),(T10,T150)),(T200,T110)),(T20,T140)),(((((T120,T40),T100),T180),T30),T0)),T170);
#NNI moves:0/60
((((((((((T90,T80),T190),T60),T70),((T160,T130),T50)),(T10,T150)),(T110,T200)),(T20,T140)),(((((T40,T120),T100),T180),T30),T0)),T170);
#NNI moves:4/60
((((((((((T120,T40),T100),T180),T30),T0),T170),(T140,T20)),((T10,T150),(((((T90,T80),T190),T60),T70),((T160,T130),T50)))),T110),T200);
#NNI moves:0/60
(((((((((((((((T90,T80),T190),T60),T70),((T130,T160),T50)),(T150,T10)),(T200,T110)),(T20,T140)),T170),T0),T30),T180),T100),T40),T120);
Current score: 3.46065e+09
Current tree: ((((((((((T90,T80),T190),T60),T70),((T130,T160),T50)),(T150,T10)),(T200,T110)),(T20,T140)),(T0,(T30,(T180,(T100,(T40,T120)))))),T170);
#NNI moves:0/60
(((((((((((((T120,T40),T100),T180),T30),T0),T170),(T20,T140)),(T200,T110)),(T10,T150)),((((T90,T80),T190),T60),T70)),T50),T130),T160);
#NNI moves:0/60
(((((((((T90,T80),T190),T60),T70),((T160,T130),T50)),(T150,T10)),(((((((T40,T120),T100),T180),T30),T0),T170),(T140,T20))),T110),T200);
#NNI moves:0/60
(((((((((((((T90,T80),T190),T60),T70),((T130,T160),T50)),(T150,T10)),(T110,T200)),(T20,T140)),T170),T0),T30),((T120,T40),T100)),T180);
#NNI moves:0/60
((((((((((T90,T80),T190),T60),T70),((T130,T160),T50)),(T10,T150)),(T110,T200)),(T140,T20)),(((((T40,T120),T100),T180),T30),T0)),T170);
Current score: 3.46065e+09
Current tree: ((((((((((T90,T80),T190),T60),T70),((T130,T160),T50)),(T10,T150)),(T110,T200)),(T140,T20)),(((((T40,T120),T100),T180),T30),T0)),T170);
#NNI moves:0/60
(((((((((((((((T40,T120),T100),T180),T30),T0),T170),(T140,T20)),(T200,T110)),(T150,T10)),((T160,T130),T50)),T70),T60),T190),T90),T80);
#NNI moves:0/60
((((((((((T80,T90),T190),T60),T70),((T130,T160),T50)),(T10,T150)),(T200,T110)),(T20,T140)),(((((T120,T40),T100),T180),T30),T0)),T170);
#NNI moves:0/60
(((((((((T80,T90),T190),T60),T70),((T160,T130),T50)),(T10,T150)),(((((((T120,T40),T100),T180),T30),T0),T170),(T20,T140))),T200),T110);
#NNI moves:0/60
(((((((((((((((T80,T90),T190),T60),T70),((T160,T130),T50)),(T150,T10)),(T200,T110)),(T140,T20)),T170),T0),T30),T180),T100),T120),T40);
Current score: 3.46065e+09
Current tree: ((((((((((T80,T90),T190),T60),T70),((T160,T130),T50)),(T150,T10)),(T200,T110)),(T140,T20)),(T0,(T30,(T180,(T100,(T120,T40)))))),T170);
#NNI moves:1/60
((((((((((T80,T90),T190),T60),T70),((T130,T160),T50)),(T150,T10)),(T200,T110)),(T140,T20)),(((((T40,T120),T100),T180),T30),T0)),T170);
#NNI moves:0/60
(((((((((((((((T40,T120),T100),T180),T30),T0),T170),(T20,T140)),(T200,T110)),(T150,T10)),((T130,T160),T50)),T70),T60),T190),T90),T80);
#NNI moves:0/60
(((((((((((((((T90,T80),T190),T60),T70),((T160,T130),T50)),(T10,T150)),(T200,T110)),(T20,T140)),T170),T0),T30),T180),T100),T120),T40);
#NNI moves:0/60
((((((((((((((T120,T40),T100),T180),T30),T0),T170),(T140,T20)),(T200,T110)),(T150,T10)),((T130,T160),T50)),T70),T60),(T90,T80)),T190);
Current score: 3.46065e+09
Current tree: (((((((T120,T40),T100),T180),T30),T0),((T140,T20),((T200,T110),((T150,T10),(((T130,T160),T50),(T70,(T60,((T90,T80),T190)))))))),T170);
#NNI moves:0/60
(((((((((((((T80,T90),T190),T60),T70),((T130,T160),T50)),(T10,T150)),(T200,T110)),(T20,T140)),T170),T0),T30),((T120,T40),T100)),T180);
#NNI moves:0/60
(((((((((((((((T40,T120),T100),T180),T30),T0),T170),(T140,T20)),(T200,T110)),(T10,T150)),((T160,T130),T50)),T70),T60),T190),T80),T90);
#NNI moves:3/60
(((((((((((T80,T90),T190),T60),T70),((T130,T160),T50)),(T10,T150)),(T110,T200)),(T20,T140)),T170),((((T40,T120),T100),T180),T30)),T0);
#NNI moves:0/60
(((((((((((((T120,T40),T100),T180),T30),T0),T170),(T20,T140)),(T110,T200)),(T10,T150)),((T130,T160),T50)),T70),((T80,T90),T190)),T60);
Current score: 3.46065e+09
Current tree: (((((((T120,T40),T100),T180),T30),T0),((T20,T140),((T110,T200),((T10,T150),(((T130,T160),T50),(T70,(((T80,T90),T190),T60))))))),T170);
Final Tree: (((((((T120,T40),T100),T180),T30),T0),((T20,T140),((T110,T200),((T10,T150),(((T130,T160),T50),(T70,(((T80,T90),T190),T60))))))),T170);
Score: 3460649853

real	0m6.303s
user	2m23.680s
sys	0m1.058s
