Weighted ASTRAL - Hybrid
Version: v1.13.2.3
#Genetrees: 2000
#Species: 21
#Rounds: 4
#Samples: 4
#Threads: 32
#NNI moves:0/60
(((((((((((T130,T140),(T90,T170)),(((T200,T190),T40),T80)),T100),(((T150,T110),T60),(T20,T70))),(T0,T50)),T10),T120),T160),T30),T180);
#NNI moves:1/60
((((((((((T110,T150),T60),(T70,T20)),((T50,T0),((((T180,T30),T160),T120),T10))),T100),((T90,T170),(T130,T140))),T80),T40),T200),T190);
#NNI moves:3/60
((((((((((T190,T200),T40),T80),((T90,T170),(T130,T140))),T100),(((T150,T110),T60),(T20,T70))),(T0,T50)),T10),((T30,T180),T160)),T120);
#NNI moves:1/60
(((((((((T190,T200),T40),T80),((T170,T90),(T130,T140))),T100),(((((T180,T30),T160),T120),T10),(T50,T0))),((T150,T110),T60)),T70),T20);
Initial score: 3.60639e+09
Initial tree: ((T0,(((((T180,T30),T160),T120),T10),((((((T190,T200),T40),T80),((T170,T90),(T130,T140))),T100),(((T150,T110),T60),(T70,T20))))),T50);
*** Subsample Process ***
#NNI moves:3/60
((((((((T170,T90),(T130,T140)),(((T200,T190),T40),T80)),T100),(((T110,T150),T60),(T70,T20))),((((T30,T180),T160),T120),T10)),T0),T50);
#NNI moves:0/60
((((((((T90,T170),(T140,T130)),(((T200,T190),T40),T80)),T100),(((T110,T150),T60),(T70,T20))),((((T180,T30),T160),T120),T10)),T0),T50);
#NNI moves:1/60
((((((((T130,T140),(T90,T170)),(((T190,T200),T40),T80)),T100),(((((T30,T180),T160),T120),T10),(T0,T50))),(T20,T70)),(T150,T110)),T60);
#NNI moves:3/60
((((((((T140,T130),(T170,T90)),(((T190,T200),T40),T80)),T100),(((T150,T110),T60),(T70,T20))),((((T180,T30),T160),T120),T10)),T50),T0);
Current score: 3.60639e+09
Current tree: ((((((((T140,T130),(T170,T90)),(((T190,T200),T40),T80)),T100),(((T150,T110),T60),(T70,T20))),((((T180,T30),T160),T120),T10)),T0),T50);
Final Tree: ((((((((T140,T130),(T170,T90)),(((T190,T200),T40),T80)),T100),(((T150,T110),T60),(T70,T20))),((((T180,T30),T160),T120),T10)),T0),T50);
Score: 3606390081

real	0m5.115s
user	1m3.007s
sys	0m0.874s
