
RAxML-NG v. 1.1.0-master released on 04.08.2022 by The Exelixis Lab.
Developed by: Alexey M. Kozlov and Alexandros Stamatakis.
Contributors: Diego Darriba, Tomas Flouri, Benoit Morel, Sarah Lutteropp, Ben Bettisworth.
Latest version: https://github.com/amkozlov/raxml-ng
Questions/problems/suggestions? Please visit: https://groups.google.com/forum/#!forum/raxml

System: AMD EPYC 7742 64-Core Processor, 128 cores, 251 GB RAM

RAxML-NG was called at 26-May-2023 01:23:53 as follows:

/home/chaos/programs/raxml-ng/raxml-ng/bin/raxml-ng --msa data/alignment/42_1X_S21_1e6_1.5.rename --tree pars{1} --model GTR+G --threads 8 --tree-constraint S21/raxml-5.polytomy --redo

Analysis options:
  run mode: ML tree search
  start tree(s): parsimony (1)
  topological constraint: S21/raxml-5.polytomy (algorithm: NEW)
  random seed: 1685089433
  tip-inner: OFF
  pattern compression: ON
  per-rate scalers: OFF
  site repeats: ON
  fast spr radius: AUTO
  spr subtree cutoff: 1.000000
  branch lengths: proportional (ML estimate, algorithm: NR-FAST)
  SIMD kernels: AVX2
  parallelization: coarse-grained (auto), PTHREADS (8 threads), thread pinning: OFF

WARNING: Running in REDO mode: existing checkpoints are ignored, and all result files will be overwritten!

[00:00:00] Reading alignment from file: data/alignment/42_1X_S21_1e6_1.5.rename
[00:00:01] Loaded alignment with 105 taxa and 5000000 sites

Alignment comprises 1 partitions and 2735514 patterns

Partition 0: noname
Model: GTR+FO+G4m
Alignment sites / patterns: 5000000 / 2735514
Gaps: 0.00 %
Invariant sites: 15.35 %


NOTE: Binary MSA file created: data/alignment/42_1X_S21_1e6_1.5.rename.raxml.rba

[00:00:12] Loading constraint tree from: S21/raxml-5.polytomy
[00:00:12] Loaded comprehensive constraint tree with 105 taxa

Parallelization scheme autoconfig: 1 worker(s) x 8 thread(s)

Parallel reduction/worker buffer size: 1 KB  / 0 KB

[00:00:12] Generating 1 parsimony starting tree(s) with 105 taxa
[00:01:03] Data distribution: max. partitions/sites/weight per thread: 1 / 341940 / 5471040
[00:01:03] Data distribution: max. searches per worker: 1

Starting ML tree search with 1 distinct starting trees

[00:01:04 -125556934.421826] Initial branch length optimization
[00:05:28 -117573931.263859] Model parameter optimization (eps = 10.000000)
[00:37:54 -111227943.278389] AUTODETECT spr round 1 (radius: 5)
[00:44:42 -111227943.263184] SPR radius for FAST iterations: 5 (autodetect)
[00:44:42 -111227943.263184] Model parameter optimization (eps = 3.000000)
[00:47:56 -111227938.430127] FAST spr round 1 (radius: 5)
[01:19:51 -111226876.310981] FAST spr round 2 (radius: 5)
[01:51:10 -111225841.626200] FAST spr round 3 (radius: 5)
[02:20:09 -111224992.120818] FAST spr round 4 (radius: 5)
[02:50:06 -111224992.120704] Model parameter optimization (eps = 1.000000)
[02:51:25 -111224991.328564] SLOW spr round 1 (radius: 5)
[03:47:54 -111223844.965677] SLOW spr round 2 (radius: 5)
[04:51:21 -111218193.039257] SLOW spr round 3 (radius: 5)
[05:51:49 -111215795.500423] SLOW spr round 4 (radius: 5)
[06:42:18 -111214818.629313] SLOW spr round 5 (radius: 5)
[07:31:26 -111214818.628917] SLOW spr round 6 (radius: 10)
[08:00:38 -111214818.628900] SLOW spr round 7 (radius: 15)
[08:03:17 -111214818.628900] SLOW spr round 8 (radius: 20)
[08:06:01 -111214818.628900] SLOW spr round 9 (radius: 25)
[08:08:46 -111214818.628900] Model parameter optimization (eps = 0.100000)

[08:11:46] ML tree search #1, logLikelihood: -111214818.078224


Optimized model parameters:

   Partition 0: noname
   Rate heterogeneity: GAMMA (4 cats, mean),  alpha: 1.057082 (ML),  weights&rates: (0.250000,0.148201) (0.250000,0.493262) (0.250000,1.008850) (0.250000,2.349688) 
   Base frequencies (ML): 0.255082 0.153198 0.330960 0.260760 
   Substitution rates (ML): 3.002930 7.529863 1.012391 2.131876 7.926686 1.000000 


Final LogLikelihood: -111214818.078224

AIC score: 222430068.156448 / AICc score: 222430068.175198 / BIC score: 222432967.945318
Free parameters (model + branch lengths): 216

Best ML tree saved to: /expanse/lustre/projects/uot138/chaos/ASTERISK-sim/data/alignment/42_1X_S21_1e6_1.5.rename.raxml.bestTree
Optimized model saved to: /expanse/lustre/projects/uot138/chaos/ASTERISK-sim/data/alignment/42_1X_S21_1e6_1.5.rename.raxml.bestModel

Execution log saved to: /expanse/lustre/projects/uot138/chaos/ASTERISK-sim/data/alignment/42_1X_S21_1e6_1.5.rename.raxml.log

Analysis started: 26-May-2023 01:23:53 / finished: 26-May-2023 09:35:40

Elapsed time: 29506.400 seconds

Consumed energy: 4023.558 Wh (= 20 km in an electric car, or 101 km with an e-scooter!)

