
RAxML-NG v. 1.1.0-master released on 04.08.2022 by The Exelixis Lab.
Developed by: Alexey M. Kozlov and Alexandros Stamatakis.
Contributors: Diego Darriba, Tomas Flouri, Benoit Morel, Sarah Lutteropp, Ben Bettisworth.
Latest version: https://github.com/amkozlov/raxml-ng
Questions/problems/suggestions? Please visit: https://groups.google.com/forum/#!forum/raxml

System: AMD EPYC 7742 64-Core Processor, 128 cores, 251 GB RAM

RAxML-NG was called at 26-May-2023 01:45:40 as follows:

/home/chaos/programs/raxml-ng/raxml-ng/bin/raxml-ng --msa data/alignment/43_1X_S21_1e6_1.5.rename --tree pars{1} --model GTR+G --threads 8 --tree-constraint S21/raxml-5.polytomy --redo

Analysis options:
  run mode: ML tree search
  start tree(s): parsimony (1)
  topological constraint: S21/raxml-5.polytomy (algorithm: NEW)
  random seed: 1685090740
  tip-inner: OFF
  pattern compression: ON
  per-rate scalers: OFF
  site repeats: ON
  fast spr radius: AUTO
  spr subtree cutoff: 1.000000
  branch lengths: proportional (ML estimate, algorithm: NR-FAST)
  SIMD kernels: AVX2
  parallelization: coarse-grained (auto), PTHREADS (8 threads), thread pinning: OFF

WARNING: Running in REDO mode: existing checkpoints are ignored, and all result files will be overwritten!

[00:00:00] Reading alignment from file: data/alignment/43_1X_S21_1e6_1.5.rename
[00:00:01] Loaded alignment with 105 taxa and 5000000 sites

Alignment comprises 1 partitions and 2394341 patterns

Partition 0: noname
Model: GTR+FO+G4m
Alignment sites / patterns: 5000000 / 2394341
Gaps: 0.00 %
Invariant sites: 26.88 %


NOTE: Binary MSA file created: data/alignment/43_1X_S21_1e6_1.5.rename.raxml.rba

[00:00:12] Loading constraint tree from: S21/raxml-5.polytomy
[00:00:12] Loaded comprehensive constraint tree with 105 taxa

Parallelization scheme autoconfig: 1 worker(s) x 8 thread(s)

Parallel reduction/worker buffer size: 1 KB  / 0 KB

[00:00:12] Generating 1 parsimony starting tree(s) with 105 taxa
[00:00:53] Data distribution: max. partitions/sites/weight per thread: 1 / 299293 / 4788688
[00:00:53] Data distribution: max. searches per worker: 1

Starting ML tree search with 1 distinct starting trees

[00:00:53 -125781165.089686] Initial branch length optimization
[00:03:52 -116908522.393059] Model parameter optimization (eps = 10.000000)
[00:27:40 -111375144.622505] AUTODETECT spr round 1 (radius: 5)
[00:34:15 -111371483.819226] AUTODETECT spr round 2 (radius: 10)
[00:37:24 -111371483.815606] SPR radius for FAST iterations: 5 (autodetect)
[00:37:24 -111371483.815606] Model parameter optimization (eps = 3.000000)
[00:39:32 -111371479.336489] FAST spr round 1 (radius: 5)
[01:08:31 -111368864.130710] FAST spr round 2 (radius: 5)
[01:36:40 -111368305.904624] FAST spr round 3 (radius: 5)
[02:04:30 -111367949.545240] FAST spr round 4 (radius: 5)
[02:32:39 -111367696.784345] FAST spr round 5 (radius: 5)
[03:01:06 -111367696.784319] Model parameter optimization (eps = 1.000000)
[03:02:04 -111367696.591338] SLOW spr round 1 (radius: 5)
[03:59:51 -111365396.089225] SLOW spr round 2 (radius: 5)
[04:54:22 -111364054.179522] SLOW spr round 3 (radius: 5)
[05:50:52 -111357680.208060] SLOW spr round 4 (radius: 5)
[06:45:41 -111356561.804770] SLOW spr round 5 (radius: 5)
[07:42:35 -111349596.136482] SLOW spr round 6 (radius: 5)
[08:38:54 -111344668.796481] SLOW spr round 7 (radius: 5)
[09:43:41 -111335920.115300] SLOW spr round 8 (radius: 5)
[10:27:06 -111334963.320179] SLOW spr round 9 (radius: 5)
[11:09:58 -111334466.526723] SLOW spr round 10 (radius: 5)
[11:54:52 -111334046.305305] SLOW spr round 11 (radius: 5)
[12:39:13 -111331953.834376] SLOW spr round 12 (radius: 5)
[13:20:38 -111331953.833005] SLOW spr round 13 (radius: 10)
[13:47:28 -111331953.832957] SLOW spr round 14 (radius: 15)
[13:49:53 -111331953.832957] SLOW spr round 15 (radius: 20)
[13:52:18 -111331953.832957] SLOW spr round 16 (radius: 25)
[13:54:43 -111331953.832957] Model parameter optimization (eps = 0.100000)

[13:58:01] ML tree search #1, logLikelihood: -111331952.702093


Optimized model parameters:

   Partition 0: noname
   Rate heterogeneity: GAMMA (4 cats, mean),  alpha: 0.586324 (ML),  weights&rates: (0.250000,0.050300) (0.250000,0.304584) (0.250000,0.874178) (0.250000,2.770938) 
   Base frequencies (ML): 0.222006 0.255693 0.240946 0.281356 
   Substitution rates (ML): 0.915085 3.694379 0.445972 1.861770 4.417044 1.000000 


Final LogLikelihood: -111331952.702093

AIC score: 222664337.404185 / AICc score: 222664337.422935 / BIC score: 222667237.193055
Free parameters (model + branch lengths): 216

Best ML tree saved to: /expanse/lustre/projects/uot138/chaos/ASTERISK-sim/data/alignment/43_1X_S21_1e6_1.5.rename.raxml.bestTree
Optimized model saved to: /expanse/lustre/projects/uot138/chaos/ASTERISK-sim/data/alignment/43_1X_S21_1e6_1.5.rename.raxml.bestModel

Execution log saved to: /expanse/lustre/projects/uot138/chaos/ASTERISK-sim/data/alignment/43_1X_S21_1e6_1.5.rename.raxml.log

Analysis started: 26-May-2023 01:45:40 / finished: 26-May-2023 15:43:42

Elapsed time: 50281.545 seconds

Consumed energy: 5805.564 Wh (= 29 km in an electric car, or 145 km with an e-scooter!)

