Weighted ASTRAL - Hybrid
Version: v1.13.2.3
#Genetrees: 2000
#Species: 21
#Rounds: 4
#Samples: 4
#Threads: 32
#NNI moves:0/60
(((((((((((T160,T60),T50),T0),((T120,T180),T70)),(T130,T10)),(T40,T110)),((T30,T140),T150)),T200),((T20,T100),T190)),(T170,T80)),T90);
#NNI moves:0/60
((((((((((((T80,T170),T90),((T20,T100),T190)),T200),((T140,T30),T150)),(T110,T40)),T10),(((T180,T120),T70),T130)),T0),T50),T160),T60);
#NNI moves:3/60
(((((((((((T60,T160),T50),T0),((T120,T180),T70)),(T130,T10)),(T40,T110)),((T140,T30),T150)),T200),((T170,T80),T90)),(T20,T100)),T190);
#NNI moves:1/60
((((((((T80,T170),T90),((T20,T100),T190)),T200),((T140,T30),T150)),(((((T60,T160),T50),T0),((T180,T120),T70)),(T10,T130))),T110),T40);
Initial score: 3.19604e+09
Initial tree: (((T60,T160),(T0,(((T180,T120),T70),((T10,T130),((((((T80,T170),T90),((T20,T100),T190)),T200),((T140,T30),T150)),(T110,T40)))))),T50);
*** Subsample Process ***
#NNI moves:5/60
(((((((((((T100,T20),T190),((T80,T170),T90)),T200),(T150,(T30,T140))),(T110,T40)),(T130,T10)),((T180,T120),T70)),T0),(T60,T160)),T50);
#NNI moves:0/60
(((((((((((T170,T80),T90),((T20,T100),T190)),T200),((T30,T140),T150)),(T40,T110)),(T130,T10)),((T120,T180),T70)),T0),(T60,T160)),T50);
#NNI moves:1/60
((((((((T100,T20),T190),((T170,T80),T90)),T200),((T140,T30),T150)),(((((T160,T60),T50),T0),((T180,T120),T70)),(T10,T130))),T40),T110);
#NNI moves:4/60
((((((((((((T20,T100),T190),((T170,T80),T90)),T200),((T30,T140),T150)),(T110,T40)),(T130,T10)),((T120,T180),T70)),T0),T50),T60),T160);
Current score: 3.19604e+09
Current tree: (((((((((((T20,T100),T190),((T170,T80),T90)),T200),((T30,T140),T150)),(T110,T40)),(T130,T10)),((T120,T180),T70)),T0),(T60,T160)),T50);
#NNI moves:3/60
((((((((T180,T120),T70),(((T160,T60),T50),T0)),(T130,T10)),(T110,T40)),((T140,T30),T150)),(((T80,T170),T90),((T20,T100),T190))),T200);
#NNI moves:1/60
((((((((T100,T20),T190),((T80,T170),T90)),T200),((T30,T140),T150)),(((((T60,T160),T50),T0),((T120,T180),T70)),(T10,T130))),T40),T110);
#NNI moves:1/60
(((((((((((T100,T20),T190),((T80,T170),T90)),T200),((T30,T140),T150)),(T40,T110)),(T130,T10)),(((T160,T60),T50),T0)),T70),T180),T120);
#NNI moves:4/60
(((((((((((T20,T100),T190),((T170,T80),T90)),T200),(T150,(T30,T140))),(T110,T40)),(T130,T10)),((T120,T180),T70)),T0),(T160,T60)),T50);
Current score: 3.19604e+09
Current tree: (((((((((((T20,T100),T190),((T170,T80),T90)),T200),(T150,(T30,T140))),(T110,T40)),(T130,T10)),((T120,T180),T70)),T0),(T160,T60)),T50);
Final Tree: (((((((((((T20,T100),T190),((T170,T80),T90)),T200),(T150,(T30,T140))),(T110,T40)),(T130,T10)),((T120,T180),T70)),T0),(T160,T60)),T50);
Score: 3196040309

real	0m6.706s
user	1m34.055s
sys	0m1.109s
