Iteration 1:
Accurate Species Tree EstimatoR from Independent Site Kernals
Version: v1.13.0.0
#Base: 315930510
#Species: 21
#Rounds: 1
#Samples: 0
#Threads: 16
#NNI moves:1/60
(((((((((T170,T90),T80),((T100,T20),T190)),T200),((T30,T140),T150)),(T110,T40)),(((T180,T120),T70),(T0,((T160,T60),T50)))),T10),T130);
Initial score: 4.93979e+09
Initial tree: (((T160,T60),(T0,(((T180,T120),T70),(((((((T170,T90),T80),((T100,T20),T190)),T200),((T30,T140),T150)),(T110,T40)),(T10,T130))))),T50);
*** Subsample Process ***
Current score: 4.93979e+09
Current tree: (((T160,T60),(T0,(((T180,T120),T70),(((((((T170,T90),T80),((T100,T20),T190)),T200),((T30,T140),T150)),(T110,T40)),(T10,T130))))),T50);
Final Tree: (((T160,T60),(T0,(((T180,T120),T70),(((((((T170,T90),T80),((T100,T20),T190)),T200),((T30,T140),T150)),(T110,T40)),(T10,T130))))),T50);
Score: 4.93979e+09

real	0m52.593s
user	9m49.443s
sys	0m1.285s
