Weighted ASTRAL - Hybrid
Version: v1.13.2.3
#Genetrees: 2000
#Species: 21
#Rounds: 4
#Samples: 4
#Threads: 32
#NNI moves:3/60
(((((((((((T120,T130),T40),((T180,T100),T90)),(T190,T70)),T0),(((T150,T80),(T110,T10)),(T160,T50))),T20),(T140,T170)),T60),T200),T30);
#NNI moves:0/60
(((((((((T10,T110),(T80,T150)),(T50,T160)),((((T30,T200),T60),(T140,T170)),T20)),T0),(T70,T190)),((T130,T120),T40)),(T180,T100)),T90);
#NNI moves:4/60
(((((((((T200,T30),T60),(T170,T140)),T20),(((T80,T150),(T110,T10)),(T160,T50))),T0),(((T100,T180),T90),((T120,T130),T40))),T70),T190);
#NNI moves:0/60
(((((((((((T30,T200),T60),(T140,T170)),T20),(((T80,T150),(T110,T10)),(T50,T160))),T0),(T70,T190)),((T180,T100),T90)),T40),T130),T120);
Initial score: 3.35838e+09
Initial tree: (((((T30,T200),T60),(T140,T170)),((((T80,T150),(T110,T10)),(T50,T160)),(T0,((T70,T190),(((T180,T100),T90),(T40,(T130,T120))))))),T20);
*** Subsample Process ***
#NNI moves:0/60
((((((((T180,T100),T90),((T130,T120),T40)),(T70,T190)),T0),(((T80,T150),(T110,T10)),(T160,T50))),(((T30,T200),T60),(T140,T170))),T20);
#NNI moves:3/60
((((((((T120,T130),T40),((T100,T180),T90)),(T190,T70)),T0),(((T10,T110),(T80,T150)),(T50,T160))),(((T30,T200),T60),(T140,T170))),T20);
#NNI moves:1/60
((((((((((T180,T100),T90),((T120,T130),T40)),(T70,T190)),T0),((((T30,T200),T60),(T170,T140)),T20)),(T50,T160)),(T110,T10)),T150),T80);
#NNI moves:0/60
(((((((((((T100,T180),T90),((T130,T120),T40)),(T70,T190)),T0),(((T110,T10),(T80,T150)),(T160,T50))),T20),(T140,T170)),T60),T200),T30);
Current score: 3.35838e+09
Current tree: ((((((((T100,T180),T90),((T130,T120),T40)),(T70,T190)),T0),(((T110,T10),(T80,T150)),(T160,T50))),((T140,T170),(T60,(T200,T30)))),T20);
#NNI moves:1/60
((((((((T10,T110),(T80,T150)),(T50,T160)),(T20,(((T30,T200),T60),(T140,T170)))),T0),(((T120,T130),T40),((T100,T180),T90))),T190),T70);
#NNI moves:4/60
((((((((((T180,T100),T90),((T120,T130),T40)),(T70,T190)),T0),((((T200,T30),T60),(T170,T140)),T20)),(T160,T50)),(T10,T110)),T80),T150);
#NNI moves:0/60
((((((((((T100,T180),T90),((T120,T130),T40)),(T70,T190)),T0),(((T80,T150),(T10,T110)),(T50,T160))),T20),((T30,T200),T60)),T140),T170);
#NNI moves:0/60
((((((((T130,T120),T40),((T100,T180),T90)),(T190,T70)),T0),(((T80,T150),(T110,T10)),(T160,T50))),(((T30,T200),T60),(T170,T140))),T20);
Current score: 3.35838e+09
Current tree: ((((((((T130,T120),T40),((T100,T180),T90)),(T190,T70)),T0),(((T80,T150),(T110,T10)),(T160,T50))),(((T30,T200),T60),(T170,T140))),T20);
Final Tree: ((((((((T130,T120),T40),((T100,T180),T90)),(T190,T70)),T0),(((T80,T150),(T110,T10)),(T160,T50))),(((T30,T200),T60),(T170,T140))),T20);
Score: 3358381357

real	0m4.854s
user	1m31.910s
sys	0m1.191s
