Iteration 1:
Accurate Species Tree EstimatoR from Independent Site Kernals
Version: v1.13.0.0
#Base: 372363075
#Species: 21
#Rounds: 1
#Samples: 0
#Threads: 16
#NNI moves:0/60
(((((((((T30,T50),T110),(T130,T20)),((T100,T10),T80)),T0),((T120,T70),(T160,T190))),(T40,T150)),(((T60,T170),T90),(T140,T200))),T180);
Initial score: 6.38692e+09
Initial tree: ((T100,(T80,((((T30,T50),T110),(T130,T20)),(T0,(((T120,T70),(T160,T190)),((T40,T150),((((T60,T170),T90),(T140,T200)),T180))))))),T10);
*** Subsample Process ***
Current score: 6.38692e+09
Current tree: ((T100,(T80,((((T30,T50),T110),(T130,T20)),(T0,(((T120,T70),(T160,T190)),((T40,T150),((((T60,T170),T90),(T140,T200)),T180))))))),T10);
Final Tree: ((T100,(T80,((((T30,T50),T110),(T130,T20)),(T0,(((T120,T70),(T160,T190)),((T40,T150),((((T60,T170),T90),(T140,T200)),T180))))))),T10);
Score: 6.38692e+09

real	0m58.900s
user	10m53.540s
sys	0m1.345s
