
RAxML-NG v. 1.1.0-master released on 04.08.2022 by The Exelixis Lab.
Developed by: Alexey M. Kozlov and Alexandros Stamatakis.
Contributors: Diego Darriba, Tomas Flouri, Benoit Morel, Sarah Lutteropp, Ben Bettisworth.
Latest version: https://github.com/amkozlov/raxml-ng
Questions/problems/suggestions? Please visit: https://groups.google.com/forum/#!forum/raxml

System: AMD EPYC 7742 64-Core Processor, 128 cores, 251 GB RAM

RAxML-NG was called at 26-May-2023 01:37:59 as follows:

/home/chaos/programs/raxml-ng/raxml-ng/bin/raxml-ng --msa data/alignment/45_1X_S21_1e6_1.5.rename --tree pars{1} --model GTR+G --threads 8 --tree-constraint S21/raxml-5.polytomy --redo

Analysis options:
  run mode: ML tree search
  start tree(s): parsimony (1)
  topological constraint: S21/raxml-5.polytomy (algorithm: NEW)
  random seed: 1685090279
  tip-inner: OFF
  pattern compression: ON
  per-rate scalers: OFF
  site repeats: ON
  fast spr radius: AUTO
  spr subtree cutoff: 1.000000
  branch lengths: proportional (ML estimate, algorithm: NR-FAST)
  SIMD kernels: AVX2
  parallelization: coarse-grained (auto), PTHREADS (8 threads), thread pinning: OFF

WARNING: Running in REDO mode: existing checkpoints are ignored, and all result files will be overwritten!

[00:00:00] Reading alignment from file: data/alignment/45_1X_S21_1e6_1.5.rename
[00:00:01] Loaded alignment with 105 taxa and 5000000 sites

Alignment comprises 1 partitions and 2924658 patterns

Partition 0: noname
Model: GTR+FO+G4m
Alignment sites / patterns: 5000000 / 2924658
Gaps: 0.00 %
Invariant sites: 14.77 %


NOTE: Binary MSA file created: data/alignment/45_1X_S21_1e6_1.5.rename.raxml.rba

[00:00:12] Loading constraint tree from: S21/raxml-5.polytomy
[00:00:12] Loaded comprehensive constraint tree with 105 taxa

Parallelization scheme autoconfig: 1 worker(s) x 8 thread(s)

Parallel reduction/worker buffer size: 1 KB  / 0 KB

[00:00:12] Generating 1 parsimony starting tree(s) with 105 taxa
[00:00:58] Data distribution: max. partitions/sites/weight per thread: 1 / 365583 / 5849328
[00:00:58] Data distribution: max. searches per worker: 1

Starting ML tree search with 1 distinct starting trees

[00:00:59 -139185505.822774] Initial branch length optimization
[00:04:37 -131352528.822083] Model parameter optimization (eps = 10.000000)
[00:37:03 -127261692.370959] AUTODETECT spr round 1 (radius: 5)
[00:43:45 -127256560.611760] AUTODETECT spr round 2 (radius: 10)
[00:47:15 -127256560.611458] SPR radius for FAST iterations: 5 (autodetect)
[00:47:15 -127256560.611458] Model parameter optimization (eps = 3.000000)
[00:49:35 -127256554.713679] FAST spr round 1 (radius: 5)
[01:20:07 -127256028.636683] FAST spr round 2 (radius: 5)
[01:50:44 -127256028.636669] Model parameter optimization (eps = 1.000000)
[01:51:43 -127256027.960663] SLOW spr round 1 (radius: 5)
[02:54:36 -127253423.842824] SLOW spr round 2 (radius: 5)
[03:57:23 -127246804.388600] SLOW spr round 3 (radius: 5)
[04:52:45 -127246804.386943] SLOW spr round 4 (radius: 10)
[05:25:39 -127246804.386894] SLOW spr round 5 (radius: 15)
[05:28:27 -127246804.386889] SLOW spr round 6 (radius: 20)
[05:31:16 -127246804.386889] SLOW spr round 7 (radius: 25)
[05:34:05 -127246804.386889] Model parameter optimization (eps = 0.100000)

[05:38:14] ML tree search #1, logLikelihood: -127246803.334912


Optimized model parameters:

   Partition 0: noname
   Rate heterogeneity: GAMMA (4 cats, mean),  alpha: 0.882984 (ML),  weights&rates: (0.250000,0.113056) (0.250000,0.438516) (0.250000,0.977539) (0.250000,2.470888) 
   Base frequencies (ML): 0.288635 0.139558 0.307373 0.264433 
   Substitution rates (ML): 1.337638 2.258016 0.544623 0.685641 2.853779 1.000000 


Final LogLikelihood: -127246803.334912

AIC score: 254494038.669823 / AICc score: 254494038.688573 / BIC score: 254496938.458693
Free parameters (model + branch lengths): 216

Best ML tree saved to: /expanse/lustre/projects/uot138/chaos/ASTERISK-sim/data/alignment/45_1X_S21_1e6_1.5.rename.raxml.bestTree
Optimized model saved to: /expanse/lustre/projects/uot138/chaos/ASTERISK-sim/data/alignment/45_1X_S21_1e6_1.5.rename.raxml.bestModel

Execution log saved to: /expanse/lustre/projects/uot138/chaos/ASTERISK-sim/data/alignment/45_1X_S21_1e6_1.5.rename.raxml.log

Analysis started: 26-May-2023 01:37:59 / finished: 26-May-2023 07:16:13

Elapsed time: 20294.386 seconds

Consumed energy: 2014.964 Wh (= 10 km in an electric car, or 50 km with an e-scooter!)

