
RAxML-NG v. 1.1.0-master released on 04.08.2022 by The Exelixis Lab.
Developed by: Alexey M. Kozlov and Alexandros Stamatakis.
Contributors: Diego Darriba, Tomas Flouri, Benoit Morel, Sarah Lutteropp, Ben Bettisworth.
Latest version: https://github.com/amkozlov/raxml-ng
Questions/problems/suggestions? Please visit: https://groups.google.com/forum/#!forum/raxml

System: AMD EPYC 7742 64-Core Processor, 128 cores, 251 GB RAM

RAxML-NG was called at 26-May-2023 01:25:41 as follows:

/home/chaos/programs/raxml-ng/raxml-ng/bin/raxml-ng --msa data/alignment/46_1X_S21_1e6_1.5.rename --tree pars{1} --model GTR+G --threads 8 --tree-constraint S21/raxml-5.polytomy --redo

Analysis options:
  run mode: ML tree search
  start tree(s): parsimony (1)
  topological constraint: S21/raxml-5.polytomy (algorithm: NEW)
  random seed: 1685089541
  tip-inner: OFF
  pattern compression: ON
  per-rate scalers: OFF
  site repeats: ON
  fast spr radius: AUTO
  spr subtree cutoff: 1.000000
  branch lengths: proportional (ML estimate, algorithm: NR-FAST)
  SIMD kernels: AVX2
  parallelization: coarse-grained (auto), PTHREADS (8 threads), thread pinning: OFF

WARNING: Running in REDO mode: existing checkpoints are ignored, and all result files will be overwritten!

[00:00:00] Reading alignment from file: data/alignment/46_1X_S21_1e6_1.5.rename
[00:00:01] Loaded alignment with 105 taxa and 5000000 sites

Alignment comprises 1 partitions and 1962161 patterns

Partition 0: noname
Model: GTR+FO+G4m
Alignment sites / patterns: 5000000 / 1962161
Gaps: 0.00 %
Invariant sites: 28.94 %


NOTE: Binary MSA file created: data/alignment/46_1X_S21_1e6_1.5.rename.raxml.rba

[00:00:11] Loading constraint tree from: S21/raxml-5.polytomy
[00:00:11] Loaded comprehensive constraint tree with 105 taxa

Parallelization scheme autoconfig: 1 worker(s) x 8 thread(s)

Parallel reduction/worker buffer size: 1 KB  / 0 KB

[00:00:11] Generating 1 parsimony starting tree(s) with 105 taxa
[00:00:46] Data distribution: max. partitions/sites/weight per thread: 1 / 245271 / 3924336
[00:00:46] Data distribution: max. searches per worker: 1

Starting ML tree search with 1 distinct starting trees

[00:00:46 -96582832.160976] Initial branch length optimization
[00:03:02 -87322000.738798] Model parameter optimization (eps = 10.000000)
[00:21:16 -85091492.198685] AUTODETECT spr round 1 (radius: 5)
[00:25:44 -85087538.804205] AUTODETECT spr round 2 (radius: 10)
[00:28:13 -85087538.802474] SPR radius for FAST iterations: 5 (autodetect)
[00:28:13 -85087538.802474] Model parameter optimization (eps = 3.000000)
[00:29:04 -85087535.990693] FAST spr round 1 (radius: 5)
[00:47:44 -85087535.988004] Model parameter optimization (eps = 1.000000)
[00:49:18 -85087533.968177] SLOW spr round 1 (radius: 5)
[01:27:58 -85086128.551725] SLOW spr round 2 (radius: 5)
[02:04:09 -85081564.473518] SLOW spr round 3 (radius: 5)
[02:37:13 -85080650.788613] SLOW spr round 4 (radius: 5)
[03:12:54 -85074052.124723] SLOW spr round 5 (radius: 5)
[03:44:21 -85074052.121927] SLOW spr round 6 (radius: 10)
[04:04:48 -85074052.121829] SLOW spr round 7 (radius: 15)
[04:06:44 -85074052.121827] SLOW spr round 8 (radius: 20)
[04:08:40 -85074052.121823] SLOW spr round 9 (radius: 25)
[04:10:36 -85074052.121822] Model parameter optimization (eps = 0.100000)

[04:11:14] ML tree search #1, logLikelihood: -85074052.062222


Optimized model parameters:

   Partition 0: noname
   Rate heterogeneity: GAMMA (4 cats, mean),  alpha: 0.782927 (ML),  weights&rates: (0.250000,0.091921) (0.250000,0.400168) (0.250000,0.952109) (0.250000,2.555802) 
   Base frequencies (ML): 0.336609 0.165770 0.250385 0.247236 
   Substitution rates (ML): 1.808066 2.716441 0.559915 2.537767 4.949605 1.000000 


Final LogLikelihood: -85074052.062222

AIC score: 170148536.124444 / AICc score: 170148536.143194 / BIC score: 170151435.913314
Free parameters (model + branch lengths): 216

Best ML tree saved to: /expanse/lustre/projects/uot138/chaos/ASTERISK-sim/data/alignment/46_1X_S21_1e6_1.5.rename.raxml.bestTree
Optimized model saved to: /expanse/lustre/projects/uot138/chaos/ASTERISK-sim/data/alignment/46_1X_S21_1e6_1.5.rename.raxml.bestModel

Execution log saved to: /expanse/lustre/projects/uot138/chaos/ASTERISK-sim/data/alignment/46_1X_S21_1e6_1.5.rename.raxml.log

Analysis started: 26-May-2023 01:25:41 / finished: 26-May-2023 05:36:55

Elapsed time: 15074.139 seconds

Consumed energy: 1482.552 Wh (= 7 km in an electric car, or 37 km with an e-scooter!)

