Weighted ASTRAL - Hybrid
Version: v1.13.2.3
#Genetrees: 2000
#Species: 21
#Rounds: 4
#Samples: 4
#Threads: 32
#NNI moves:3/60
(((((((((((((T30,T90),(T80,T100)),T160),T40),T140),T10),T120),T190),(((T180,T130),T150),T0)),((T20,T170),T50)),(T60,T200)),T110),T70);
#NNI moves:0/60
(((((((((((T110,T70),(T60,T200)),((T170,T20),T50)),(((T130,T180),T150),T0)),T190),T120),T10),T140),T40),((T30,T90),(T100,T80))),T160);
#NNI moves:0/60
(((((((((((((T80,T100),(T30,T90)),T160),T40),T140),T10),T120),T190),(((T180,T130),T150),T0)),((T60,T200),(T110,T70))),T50),T170),T20);
#NNI moves:1/60
(((((((((((((T170,T20),T50),((T200,T60),(T70,T110))),(((T130,T180),T150),T0)),T190),T120),T10),T140),T40),T160),(T30,T90)),T100),T80);
Initial score: 3.16788e+09
Initial tree: (((T130,T180),(T0,((((T170,T20),T50),((T200,T60),(T70,T110))),(T190,(T120,(T10,(T140,(T40,(T160,((T30,T90),(T100,T80))))))))))),T150);
*** Subsample Process ***
#NNI moves:2/60
((((((((((((T30,T90),(T100,T80)),T160),T40),T140),T10),T120),T190),(((T170,T20),T50),((T60,T200),(T70,T110)))),T0),(T130,T180)),T150);
#NNI moves:0/60
((((((((((((T90,T30),(T80,T100)),T160),T40),T140),T10),T120),T190),(((T70,T110),(T200,T60)),((T20,T170),T50))),T0),(T130,T180)),T150);
#NNI moves:3/60
(((((((((((((T100,T80),(T90,T30)),T160),T40),T140),T10),T120),T190),(((T180,T130),T150),T0)),((T170,T20),T50)),(T60,T200)),T70),T110);
#NNI moves:0/60
(((((((((((((T80,T100),(T30,T90)),T160),T40),T140),T10),T120),T190),(((T60,T200),(T110,T70)),((T170,T20),T50))),T0),T150),T130),T180);
Current score: 3.16788e+09
Current tree: ((((((((((((T80,T100),(T30,T90)),T160),T40),T140),T10),T120),T190),(((T60,T200),(T110,T70)),((T170,T20),T50))),T0),(T130,T180)),T150);
#NNI moves:0/60
(((((((((T60,T200),(T110,T70)),((T20,T170),T50)),(((T180,T130),T150),T0)),T190),T120),T10),((((T80,T100),(T90,T30)),T160),T40)),T140);
#NNI moves:1/60
(((((((((((((T30,T90),(T80,T100)),T160),T40),T140),T10),T120),T190),(((T130,T180),T150),T0)),((T200,T60),(T110,T70))),T50),T20),T170);
#NNI moves:0/60
(((((((((((((T110,T70),(T60,T200)),((T20,T170),T50)),(((T180,T130),T150),T0)),T190),T120),T10),T140),T40),T160),(T100,T80)),T90),T30);
#NNI moves:2/60
((((((((((((T30,T90),(T80,T100)),T160),T40),T140),T10),T120),T190),(((T170,T20),T50),((T60,T200),(T70,T110)))),T0),(T180,T130)),T150);
Current score: 3.16788e+09
Current tree: ((((((((((((T30,T90),(T80,T100)),T160),T40),T140),T10),T120),T190),(((T170,T20),T50),((T60,T200),(T70,T110)))),T0),(T180,T130)),T150);
#NNI moves:4/60
(((((((((((((T20,T170),T50),((T200,T60),(T70,T110))),(((T180,T130),T150),T0)),T190),T120),T10),T140),T40),T160),(T100,T80)),T30),T90);
#NNI moves:1/60
((((((((((((T80,T100),(T90,T30)),T160),T40),T140),T10),T120),T190),(((T170,T20),T50),((T60,T200),(T70,T110)))),T0),(T130,T180)),T150);
#NNI moves:1/60
(((((((((((((T80,T100),(T30,T90)),T160),T40),T140),T10),T120),T190),(((T130,T180),T150),T0)),((T60,T200),(T110,T70))),T50),T170),T20);
#NNI moves:1/60
(((((((((((((T100,T80),(T30,T90)),T160),T40),T140),T10),T120),T190),(((T170,T20),T50),((T60,T200),(T70,T110)))),T0),T150),T130),T180);
Current score: 3.16788e+09
Current tree: ((((((((((((T100,T80),(T30,T90)),T160),T40),T140),T10),T120),T190),(((T170,T20),T50),((T60,T200),(T70,T110)))),T0),(T130,T180)),T150);
Final Tree: ((((((((((((T100,T80),(T30,T90)),T160),T40),T140),T10),T120),T190),(((T170,T20),T50),((T60,T200),(T70,T110)))),T0),(T130,T180)),T150);
Score: 3167882098

real	0m5.473s
user	1m47.573s
sys	0m1.105s
