
RAxML-NG v. 1.1.0-master released on 04.08.2022 by The Exelixis Lab.
Developed by: Alexey M. Kozlov and Alexandros Stamatakis.
Contributors: Diego Darriba, Tomas Flouri, Benoit Morel, Sarah Lutteropp, Ben Bettisworth.
Latest version: https://github.com/amkozlov/raxml-ng
Questions/problems/suggestions? Please visit: https://groups.google.com/forum/#!forum/raxml

System: AMD EPYC 7742 64-Core Processor, 128 cores, 251 GB RAM

RAxML-NG was called at 26-May-2023 01:35:48 as follows:

/home/chaos/programs/raxml-ng/raxml-ng/bin/raxml-ng --msa data/alignment/47_1X_S21_1e6_1.5.rename --tree pars{1} --model GTR+G --threads 8 --tree-constraint S21/raxml-5.polytomy --redo

Analysis options:
  run mode: ML tree search
  start tree(s): parsimony (1)
  topological constraint: S21/raxml-5.polytomy (algorithm: NEW)
  random seed: 1685090148
  tip-inner: OFF
  pattern compression: ON
  per-rate scalers: OFF
  site repeats: ON
  fast spr radius: AUTO
  spr subtree cutoff: 1.000000
  branch lengths: proportional (ML estimate, algorithm: NR-FAST)
  SIMD kernels: AVX2
  parallelization: coarse-grained (auto), PTHREADS (8 threads), thread pinning: OFF

WARNING: Running in REDO mode: existing checkpoints are ignored, and all result files will be overwritten!

[00:00:00] Reading alignment from file: data/alignment/47_1X_S21_1e6_1.5.rename
[00:00:01] Loaded alignment with 105 taxa and 5000000 sites

Alignment comprises 1 partitions and 2853588 patterns

Partition 0: noname
Model: GTR+FO+G4m
Alignment sites / patterns: 5000000 / 2853588
Gaps: 0.00 %
Invariant sites: 12.13 %


NOTE: Binary MSA file created: data/alignment/47_1X_S21_1e6_1.5.rename.raxml.rba

[00:00:11] Loading constraint tree from: S21/raxml-5.polytomy
[00:00:11] Loaded comprehensive constraint tree with 105 taxa

Parallelization scheme autoconfig: 1 worker(s) x 8 thread(s)

Parallel reduction/worker buffer size: 1 KB  / 0 KB

[00:00:11] Generating 1 parsimony starting tree(s) with 105 taxa
[00:00:58] Data distribution: max. partitions/sites/weight per thread: 1 / 356699 / 5707184
[00:00:58] Data distribution: max. searches per worker: 1

Starting ML tree search with 1 distinct starting trees

[00:00:59 -126271955.746229] Initial branch length optimization
[00:05:09 -117417194.427149] Model parameter optimization (eps = 10.000000)
[00:28:09 -113210440.415536] AUTODETECT spr round 1 (radius: 5)
[00:34:26 -113208680.112412] AUTODETECT spr round 2 (radius: 10)
[00:38:05 -113208680.111916] SPR radius for FAST iterations: 5 (autodetect)
[00:38:05 -113208680.111916] Model parameter optimization (eps = 3.000000)
[00:39:24 -113208677.441593] FAST spr round 1 (radius: 5)
[01:08:28 -113207651.522121] FAST spr round 2 (radius: 5)
[01:37:06 -113206969.611541] FAST spr round 3 (radius: 5)
[02:05:26 -113206969.611534] Model parameter optimization (eps = 1.000000)
[02:07:53 -113206967.438404] SLOW spr round 1 (radius: 5)
[03:06:28 -113205498.929287] SLOW spr round 2 (radius: 5)
[04:01:27 -113204053.413866] SLOW spr round 3 (radius: 5)
[04:59:44 -113196447.871755] SLOW spr round 4 (radius: 5)
[05:46:48 -113195813.950675] SLOW spr round 5 (radius: 5)
[06:35:55 -113193267.407697] SLOW spr round 6 (radius: 5)
[07:22:29 -113193267.405164] SLOW spr round 7 (radius: 10)
[07:52:16 -113193267.405054] SLOW spr round 8 (radius: 15)
[07:55:04 -113193267.405046] SLOW spr round 9 (radius: 20)
[07:57:53 -113193267.405046] SLOW spr round 10 (radius: 25)
[08:00:42 -113193267.405046] Model parameter optimization (eps = 0.100000)

[08:02:45] ML tree search #1, logLikelihood: -113193267.217482


Optimized model parameters:

   Partition 0: noname
   Rate heterogeneity: GAMMA (4 cats, mean),  alpha: 1.205423 (ML),  weights&rates: (0.250000,0.176034) (0.250000,0.530848) (0.250000,1.027158) (0.250000,2.265960) 
   Base frequencies (ML): 0.305339 0.249888 0.231630 0.213143 
   Substitution rates (ML): 0.546730 2.579739 0.455811 0.995113 2.759387 1.000000 


Final LogLikelihood: -113193267.217482

AIC score: 226386966.434965 / AICc score: 226386966.453714 / BIC score: 226389866.223834
Free parameters (model + branch lengths): 216

Best ML tree saved to: /expanse/lustre/projects/uot138/chaos/ASTERISK-sim/data/alignment/47_1X_S21_1e6_1.5.rename.raxml.bestTree
Optimized model saved to: /expanse/lustre/projects/uot138/chaos/ASTERISK-sim/data/alignment/47_1X_S21_1e6_1.5.rename.raxml.bestModel

Execution log saved to: /expanse/lustre/projects/uot138/chaos/ASTERISK-sim/data/alignment/47_1X_S21_1e6_1.5.rename.raxml.log

Analysis started: 26-May-2023 01:35:48 / finished: 26-May-2023 09:38:34

Elapsed time: 28965.996 seconds

Consumed energy: 3017.720 Wh (= 15 km in an electric car, or 75 km with an e-scooter!)

