Weighted ASTRAL - Hybrid
Version: v1.13.2.3
#Genetrees: 2000
#Species: 21
#Rounds: 4
#Samples: 4
#Threads: 32
#NNI moves:0/60
(((((((((T30,T200),T170),(T70,T50)),(T150,T10)),T0),((((T180,T60),T160),(T110,T20)),(T100,T120))),((T140,T130),T90)),(T40,T80)),T190);
#NNI moves:1/60
(((((((((((T60,T180),T160),(T20,T110)),(T120,T100)),(((T140,T130),T90),((T40,T80),T190))),T0),(T10,T150)),(T50,T70)),T170),T30),T200);
#NNI moves:4/60
((((((((T70,T50),((T200,T30),T170)),(T150,T10)),T0),(((T40,T80),T190),((T140,T130),T90))),(((T60,T180),T160),(T110,T20))),T120),T100);
#NNI moves:1/60
(((((((((((T200,T30),T170),(T50,T70)),(T150,T10)),T0),((T80,T40),T190)),((T140,T130),T90)),(T120,T100)),((T60,T180),T160)),T20),T110);
Initial score: 3.40435e+09
Initial tree: ((T70,(((T200,T30),T170),((T150,T10),(T0,((((T80,T40),T190),((T140,T130),T90)),((T120,T100),(((T60,T180),T160),(T20,T110)))))))),T50);
*** Subsample Process ***
#NNI moves:1/60
((((((((((T180,T60),T160),(T20,T110)),(T100,T120)),(((T140,T130),T90),((T80,T40),T190))),T0),(T10,T150)),((T30,T200),T170)),T70),T50);
#NNI moves:0/60
((((((((((T60,T180),T160),(T110,T20)),(T100,T120)),(((T40,T80),T190),((T130,T140),T90))),T0),(T150,T10)),((T200,T30),T170)),T70),T50);
#NNI moves:3/60
((((((((((T30,T200),T170),(T70,T50)),(T10,T150)),T0),((((T60,T180),T160),(T20,T110)),(T100,T120))),((T80,T40),T190)),T90),T130),T140);
#NNI moves:0/60
((((((((((T60,T180),T160),(T20,T110)),(T120,T100)),(((T40,T80),T190),((T140,T130),T90))),T0),(T10,T150)),((T200,T30),T170)),T50),T70);
Current score: 3.40435e+09
Current tree: ((((((((((T60,T180),T160),(T20,T110)),(T120,T100)),(((T40,T80),T190),((T140,T130),T90))),T0),(T10,T150)),((T200,T30),T170)),T70),T50);
Final Tree: ((((((((((T60,T180),T160),(T20,T110)),(T120,T100)),(((T40,T80),T190),((T140,T130),T90))),T0),(T10,T150)),((T200,T30),T170)),T70),T50);
Score: 3404347195

real	0m3.186s
user	1m1.251s
sys	0m0.885s
