Weighted ASTRAL - Hybrid
Version: v1.13.2.3
#Genetrees: 2000
#Species: 21
#Rounds: 4
#Samples: 4
#Threads: 32
#NNI moves:0/60
(((((((((((T50,T100),(T110,T80)),(T30,T150)),(T160,T20)),((T190,T130),(T200,T140))),(T60,T170)),T0),T180),((T70,T120),T90)),T10),T40);
#NNI moves:2/60
((((((((((((T70,T120),T90),(T10,T40)),T180),T0),(T170,T60)),((T140,T200),(T190,T130))),(T20,T160)),(T150,T30)),(T100,T50)),T110),T80);
#NNI moves:0/60
(((((((((T110,T80),(T50,T100)),(T30,T150)),(T160,T20)),((T130,T190),(T140,T200))),(T60,T170)),T0),(((T70,T120),T90),(T10,T40))),T180);
#NNI moves:0/60
((((((((((((T120,T70),T90),(T40,T10)),T180),T0),(T60,T170)),((T190,T130),(T140,T200))),(T160,T20)),(T150,T30)),(T100,T50)),T80),T110);
Initial score: 3.27511e+09
Initial tree: ((T50,((((((((((T120,T70),T90),(T40,T10)),T180),T0),(T60,T170)),((T190,T130),(T140,T200))),(T160,T20)),(T150,T30)),(T80,T110))),T100);
*** Subsample Process ***
#NNI moves:0/60
((((((((((((T70,T120),T90),(T10,T40)),T180),T0),(T60,T170)),((T190,T130),(T140,T200))),(T160,T20)),(T150,T30)),(T80,T110)),T50),T100);
#NNI moves:0/60
((((((((((((T120,T70),T90),(T40,T10)),T180),T0),(T170,T60)),((T200,T140),(T190,T130))),(T20,T160)),(T150,T30)),(T110,T80)),T50),T100);
#NNI moves:1/60
((((((((((T120,T70),T90),(T10,T40)),T180),T0),(T60,T170)),((((T80,T110),(T50,T100)),(T150,T30)),(T20,T160))),(T140,T200)),T130),T190);
#NNI moves:1/60
((((((((((((T120,T70),T90),(T10,T40)),T180),T0),(T170,T60)),((T140,T200),(T190,T130))),(T160,T20)),(T30,T150)),(T110,T80)),T100),T50);
Current score: 3.27511e+09
Current tree: ((((((((((((T120,T70),T90),(T10,T40)),T180),T0),(T170,T60)),((T140,T200),(T190,T130))),(T160,T20)),(T30,T150)),(T110,T80)),T50),T100);
#NNI moves:0/60
((((((((T100,T50),(T110,T80)),(T30,T150)),(T20,T160)),((T200,T140),(T190,T130))),(T60,T170)),((((T120,T70),T90),(T40,T10)),T180)),T0);
#NNI moves:4/60
(((((((((T80,T110),(T100,T50)),(T150,T30)),(T20,T160)),((T60,T170),T0)),((((T120,T70),T90),(T10,T40)),T180)),(T130,T190)),T200),T140);
#NNI moves:0/60
(((((((((((T70,T120),T90),(T10,T40)),T180),T0),(T60,T170)),((T130,T190),(T140,T200))),(T160,T20)),((T100,T50),(T80,T110))),T30),T150);
#NNI moves:1/60
((((((((((((T120,T70),T90),(T40,T10)),T180),T0),(T60,T170)),((T190,T130),(T140,T200))),(T20,T160)),(T150,T30)),(T110,T80)),T50),T100);
Current score: 3.27511e+09
Current tree: ((((((((((((T120,T70),T90),(T40,T10)),T180),T0),(T60,T170)),((T190,T130),(T140,T200))),(T20,T160)),(T150,T30)),(T110,T80)),T50),T100);
#NNI moves:6/60
((((((((((((T110,T80),(T100,T50)),(T150,T30)),(T160,T20)),((T140,T200),(T190,T130))),(T170,T60)),T0),T180),(T40,T10)),T90),T120),T70);
#NNI moves:1/60
((((((((((((T70,T120),T90),(T10,T40)),T180),T0),(T170,T60)),((T140,T200),(T190,T130))),(T160,T20)),(T30,T150)),(T110,T80)),T50),T100);
#NNI moves:0/60
((((((((((T70,T120),T90),(T10,T40)),T180),T0),(T170,T60)),((((T110,T80),(T50,T100)),(T150,T30)),(T160,T20))),(T200,T140)),T130),T190);
#NNI moves:1/60
((((((((((((T70,T120),T90),(T10,T40)),T180),T0),(T170,T60)),((T140,T200),(T130,T190))),(T160,T20)),(T30,T150)),(T50,T100)),T80),T110);
Current score: 3.27511e+09
Current tree: ((T50,((((((((((T70,T120),T90),(T10,T40)),T180),T0),(T170,T60)),((T140,T200),(T130,T190))),(T160,T20)),(T30,T150)),(T80,T110))),T100);
Final Tree: ((T50,((((((((((T70,T120),T90),(T10,T40)),T180),T0),(T170,T60)),((T140,T200),(T130,T190))),(T160,T20)),(T30,T150)),(T80,T110))),T100);
Score: 3275107195

real	0m4.870s
user	1m41.381s
sys	0m1.199s
