Weighted ASTRAL - Hybrid
Version: v1.13.2.3
#Genetrees: 2000
#Species: 21
#Rounds: 4
#Samples: 4
#Threads: 32
#NNI moves:0/60
(((((((((((T160,T50),T100),T80),(T30,T70)),T170),((T90,T200),T60)),T180),((((T130,T20),T120),T140),(T110,T10))),T0),(T190,T150)),T40);
#NNI moves:0/60
(((((((((((((T20,T130),T120),T140),(T110,T10)),(((T190,T150),T40),T0)),T180),((T200,T90),T60)),T170),(T70,T30)),T80),T100),T160),T50);
#NNI moves:0/60
(((((((((((T160,T50),T100),T80),(T30,T70)),T170),((T200,T90),T60)),T180),(((T190,T150),T40),T0)),(T10,T110)),((T130,T20),T120)),T140);
#NNI moves:0/60
(((((((((((((T20,T130),T120),T140),(T10,T110)),(((T190,T150),T40),T0)),T180),((T200,T90),T60)),T170),(T30,T70)),T80),T100),T50),T160);
Initial score: 3.91213e+09
Initial tree: (((((((T20,T130),T120),T140),(T10,T110)),(((T190,T150),T40),T0)),(((T200,T90),T60),(T170,((T30,T70),(T80,(T100,(T50,T160))))))),T180);
*** Subsample Process ***
#NNI moves:0/60
((((((((T50,T160),T100),T80),(T30,T70)),T170),((T200,T90),T60)),(((((T20,T130),T120),T140),(T110,T10)),(((T150,T190),T40),T0))),T180);
#NNI moves:0/60
((((((((T160,T50),T100),T80),(T30,T70)),T170),((T90,T200),T60)),(((((T130,T20),T120),T140),(T10,T110)),(((T190,T150),T40),T0))),T180);
#NNI moves:0/60
(((((((((((((T160,T50),T100),T80),(T70,T30)),T170),((T200,T90),T60)),T180),(((T150,T190),T40),T0)),(T110,T10)),T140),T120),T130),T20);
#NNI moves:0/60
(((((((((((((T20,T130),T120),T140),(T10,T110)),(((T150,T190),T40),T0)),T180),((T200,T90),T60)),T170),(T70,T30)),T80),T100),T50),T160);
Current score: 3.91213e+09
Current tree: (((((((T20,T130),T120),T140),(T10,T110)),(((T150,T190),T40),T0)),(((T200,T90),T60),(T170,((T70,T30),(T80,(T100,(T50,T160))))))),T180);
#NNI moves:0/60
((((((((((((T160,T50),T100),T80),(T30,T70)),T170),((T200,T90),T60)),T180),((((T20,T130),T120),T140),(T10,T110))),T0),T40),T190),T150);
#NNI moves:0/60
((((((((((T130,T20),T120),T140),(T110,T10)),(((T150,T190),T40),T0)),T180),(((((T50,T160),T100),T80),(T30,T70)),T170)),T60),T200),T90);
#NNI moves:0/60
(((((((((((T50,T160),T100),T80),(T70,T30)),T170),((T200,T90),T60)),T180),(((T190,T150),T40),T0)),(T110,T10)),((T20,T130),T120)),T140);
#NNI moves:0/60
((((((((T50,T160),T100),T80),(T30,T70)),T170),((T90,T200),T60)),(((((T130,T20),T120),T140),(T110,T10)),(((T190,T150),T40),T0))),T180);
Current score: 3.91213e+09
Current tree: ((((((((T50,T160),T100),T80),(T30,T70)),T170),((T90,T200),T60)),(((((T130,T20),T120),T140),(T110,T10)),(((T190,T150),T40),T0))),T180);
#NNI moves:0/60
(((((((((((((T20,T130),T120),T140),(T110,T10)),(((T150,T190),T40),T0)),T180),((T200,T90),T60)),T170),(T30,T70)),T80),T100),T50),T160);
#NNI moves:0/60
(((((((T130,T20),T120),T140),(T110,T10)),(((T190,T150),T40),T0)),((((((T160,T50),T100),T80),(T30,T70)),T170),((T90,T200),T60))),T180);
#NNI moves:0/60
(((((((((((((T130,T20),T120),T140),(T110,T10)),(((T150,T190),T40),T0)),T180),((T90,T200),T60)),T170),(T30,T70)),T80),T100),T160),T50);
#NNI moves:0/60
(((((((((((((T160,T50),T100),T80),(T30,T70)),T170),((T90,T200),T60)),T180),(((T190,T150),T40),T0)),(T110,T10)),T140),T120),T130),T20);
Current score: 3.91213e+09
Current tree: ((((((((T160,T50),T100),T80),(T30,T70)),T170),((T90,T200),T60)),((((T190,T150),T40),T0),((T110,T10),(T140,(T120,(T130,T20)))))),T180);
Final Tree: ((((((((T160,T50),T100),T80),(T30,T70)),T170),((T90,T200),T60)),((((T190,T150),T40),T0),((T110,T10),(T140,(T120,(T130,T20)))))),T180);
Score: 3912134235

real	0m6.745s
user	1m44.870s
sys	0m1.041s
