Weighted ASTRAL - Hybrid
Version: v1.13.2.3
#Genetrees: 2000
#Species: 21
#Rounds: 4
#Samples: 4
#Threads: 32
#NNI moves:0/60
(((((((((((T80,T150),T190),(T30,T160)),T90),(((T50,T10),T70),T0)),(((T140,T60),T40),T110)),T100),(T180,T200)),T130),(T20,T170)),T120);
#NNI moves:0/60
((((((((((((T20,T170),T120),T130),(T200,T180)),T100),(((T60,T140),T40),T110)),(((T10,T50),T70),T0)),T90),(T160,T30)),T190),T80),T150);
#NNI moves:1/60
(((((((T150,T80),T190),(T160,T30)),T90),((((T140,T60),T40),T110),(((((T20,T170),T120),T130),(T180,T200)),T100))),((T50,T10),T70)),T0);
#NNI moves:0/60
((((((((((T150,T80),T190),(T160,T30)),T90),(((T10,T50),T70),T0)),(((T60,T140),T40),T110)),T100),(((T20,T170),T120),T130)),T200),T180);
Initial score: 3.53369e+09
Initial tree: ((T140,(T40,(T110,((((((T150,T80),T190),(T160,T30)),T90),(((T10,T50),T70),T0)),(T100,((((T20,T170),T120),T130),(T200,T180))))))),T60);
*** Subsample Process ***
#NNI moves:0/60
((((((((((T150,T80),T190),(T30,T160)),T90),(((T50,T10),T70),T0)),(((((T20,T170),T120),T130),(T200,T180)),T100)),T110),T40),T140),T60);
#NNI moves:0/60
((((((((((T80,T150),T190),(T160,T30)),T90),(((T10,T50),T70),T0)),(((((T170,T20),T120),T130),(T180,T200)),T100)),T110),T40),T140),T60);
#NNI moves:0/60
((((((((((((T80,T150),T190),(T30,T160)),T90),(((T50,T10),T70),T0)),(((T140,T60),T40),T110)),T100),(T200,T180)),T130),T120),T170),T20);
#NNI moves:0/60
((((((((((T150,T80),T190),(T160,T30)),T90),(((T10,T50),T70),T0)),(((((T20,T170),T120),T130),(T180,T200)),T100)),T110),T40),T60),T140);
Current score: 3.53369e+09
Current tree: ((((((((((T150,T80),T190),(T160,T30)),T90),(((T10,T50),T70),T0)),(((((T20,T170),T120),T130),(T180,T200)),T100)),T110),T40),T140),T60);
#NNI moves:0/60
(((((((((((T20,T170),T120),T130),(T200,T180)),T100),(((T60,T140),T40),T110)),((((T150,T80),T190),(T30,T160)),T90)),T0),T70),T50),T10);
#NNI moves:1/60
((((((((((T80,T150),T190),(T30,T160)),T90),(((T10,T50),T70),T0)),(((T60,T140),T40),T110)),T100),(((T170,T20),T120),T130)),T200),T180);
#NNI moves:0/60
((((((((((((T20,T170),T120),T130),(T200,T180)),T100),(((T60,T140),T40),T110)),(((T50,T10),T70),T0)),T90),(T160,T30)),T190),T150),T80);
#NNI moves:0/60
((((((((((T80,T150),T190),(T160,T30)),T90),(((T50,T10),T70),T0)),(((((T170,T20),T120),T130),(T180,T200)),T100)),T110),T40),T140),T60);
Current score: 3.53369e+09
Current tree: ((((((((((T80,T150),T190),(T160,T30)),T90),(((T50,T10),T70),T0)),(((((T170,T20),T120),T130),(T180,T200)),T100)),T110),T40),T140),T60);
Final Tree: ((((((((((T80,T150),T190),(T160,T30)),T90),(((T50,T10),T70),T0)),(((((T170,T20),T120),T130),(T180,T200)),T100)),T110),T40),T140),T60);
Score: 3533689460

real	0m3.575s
user	1m9.444s
sys	0m0.918s
