
RAxML-NG v. 1.1.0-master released on 04.08.2022 by The Exelixis Lab.
Developed by: Alexey M. Kozlov and Alexandros Stamatakis.
Contributors: Diego Darriba, Tomas Flouri, Benoit Morel, Sarah Lutteropp, Ben Bettisworth.
Latest version: https://github.com/amkozlov/raxml-ng
Questions/problems/suggestions? Please visit: https://groups.google.com/forum/#!forum/raxml

System: AMD EPYC 7742 64-Core Processor, 128 cores, 251 GB RAM

RAxML-NG was called at 26-May-2023 01:40:31 as follows:

/home/chaos/programs/raxml-ng/raxml-ng/bin/raxml-ng --msa data/alignment/5_1X_S21_1e6_1.5.rename --tree pars{1} --model GTR+G --threads 8 --tree-constraint S21/raxml-5.polytomy --redo

Analysis options:
  run mode: ML tree search
  start tree(s): parsimony (1)
  topological constraint: S21/raxml-5.polytomy (algorithm: NEW)
  random seed: 1685090431
  tip-inner: OFF
  pattern compression: ON
  per-rate scalers: OFF
  site repeats: ON
  fast spr radius: AUTO
  spr subtree cutoff: 1.000000
  branch lengths: proportional (ML estimate, algorithm: NR-FAST)
  SIMD kernels: AVX2
  parallelization: coarse-grained (auto), PTHREADS (8 threads), thread pinning: OFF

WARNING: Running in REDO mode: existing checkpoints are ignored, and all result files will be overwritten!

[00:00:00] Reading alignment from file: data/alignment/5_1X_S21_1e6_1.5.rename
[00:00:01] Loaded alignment with 105 taxa and 5000000 sites

Alignment comprises 1 partitions and 2675585 patterns

Partition 0: noname
Model: GTR+FO+G4m
Alignment sites / patterns: 5000000 / 2675585
Gaps: 0.00 %
Invariant sites: 16.94 %


NOTE: Binary MSA file created: data/alignment/5_1X_S21_1e6_1.5.rename.raxml.rba

[00:00:12] Loading constraint tree from: S21/raxml-5.polytomy
[00:00:12] Loaded comprehensive constraint tree with 105 taxa

Parallelization scheme autoconfig: 1 worker(s) x 8 thread(s)

Parallel reduction/worker buffer size: 1 KB  / 0 KB

[00:00:12] Generating 1 parsimony starting tree(s) with 105 taxa
[00:00:59] Data distribution: max. partitions/sites/weight per thread: 1 / 334449 / 5351184
[00:00:59] Data distribution: max. searches per worker: 1

Starting ML tree search with 1 distinct starting trees

[00:00:59 -124859620.730846] Initial branch length optimization
[00:04:44 -116741488.451224] Model parameter optimization (eps = 10.000000)
[00:29:33 -111532366.528946] AUTODETECT spr round 1 (radius: 5)
[00:36:06 -111524975.850746] AUTODETECT spr round 2 (radius: 10)
[00:39:19 -111524975.850737] SPR radius for FAST iterations: 5 (autodetect)
[00:39:19 -111524975.850737] Model parameter optimization (eps = 3.000000)
[00:40:10 -111524975.761341] FAST spr round 1 (radius: 5)
[01:09:03 -111522856.137146] FAST spr round 2 (radius: 5)
[01:36:49 -111522079.759489] FAST spr round 3 (radius: 5)
[02:04:48 -111521427.898635] FAST spr round 4 (radius: 5)
[02:30:56 -111521427.898617] Model parameter optimization (eps = 1.000000)
[02:31:51 -111521426.914059] SLOW spr round 1 (radius: 5)
[03:11:07 -111520595.839115] SLOW spr round 2 (radius: 5)
[03:52:47 -111518058.747215] SLOW spr round 3 (radius: 5)
[04:41:51 -111517578.088720] SLOW spr round 4 (radius: 5)
[05:34:41 -111514842.341259] SLOW spr round 5 (radius: 5)
[06:28:26 -111512548.546046] SLOW spr round 6 (radius: 5)
[07:17:26 -111512548.543960] SLOW spr round 7 (radius: 10)
[07:38:29 -111512548.543888] SLOW spr round 8 (radius: 15)
[07:40:27 -111512548.543887] SLOW spr round 9 (radius: 20)
[07:42:19 -111512548.543887] SLOW spr round 10 (radius: 25)
[07:44:10 -111512548.543887] Model parameter optimization (eps = 0.100000)

[07:47:05] ML tree search #1, logLikelihood: -111512543.601608


Optimized model parameters:

   Partition 0: noname
   Rate heterogeneity: GAMMA (4 cats, mean),  alpha: 0.993640 (ML),  weights&rates: (0.250000,0.135683) (0.250000,0.474832) (0.250000,0.998938) (0.250000,2.390547) 
   Base frequencies (ML): 0.360861 0.198549 0.154083 0.286506 
   Substitution rates (ML): 1.008364 2.957158 0.271807 0.830529 3.059026 1.000000 


Final LogLikelihood: -111512543.601608

AIC score: 223025519.203216 / AICc score: 223025519.221966 / BIC score: 223028418.992086
Free parameters (model + branch lengths): 216

Best ML tree saved to: /expanse/lustre/projects/uot138/chaos/ASTERISK-sim/data/alignment/5_1X_S21_1e6_1.5.rename.raxml.bestTree
Optimized model saved to: /expanse/lustre/projects/uot138/chaos/ASTERISK-sim/data/alignment/5_1X_S21_1e6_1.5.rename.raxml.bestModel

Execution log saved to: /expanse/lustre/projects/uot138/chaos/ASTERISK-sim/data/alignment/5_1X_S21_1e6_1.5.rename.raxml.log

Analysis started: 26-May-2023 01:40:31 / finished: 26-May-2023 09:27:36

Elapsed time: 28025.359 seconds

Consumed energy: 3574.848 Wh (= 18 km in an electric car, or 89 km with an e-scooter!)

