Weighted ASTRAL - Hybrid
Version: v1.13.2.3
#Genetrees: 2000
#Species: 21
#Rounds: 4
#Samples: 4
#Threads: 32
#NNI moves:0/60
(((((((((T90,T50),T150),T170),(T180,T0)),((T80,T140),T130)),((((T120,T10),(T190,T20)),T60),(T30,T160))),(T70,T110)),(T100,T200)),T40);
#NNI moves:0/60
(((((((((T50,T90),T150),T170),(T180,T0)),((T140,T80),T130)),((((T20,T190),(T10,T120)),T60),(T160,T30))),((T200,T100),T40)),T70),T110);
#NNI moves:0/60
(((((((((T90,T50),T150),T170),(T180,T0)),((T80,T140),T130)),(((T100,T200),T40),(T110,T70))),(((T190,T20),(T120,T10)),T60)),T160),T30);
#NNI moves:0/60
((((((((((T190,T20),(T120,T10)),T60),(T160,T30)),(((T200,T100),T40),(T110,T70))),((T140,T80),T130)),(T0,T180)),T170),(T50,T90)),T150);
Initial score: 3.94234e+09
Initial tree: ((T0,(((((((T190,T20),(T120,T10)),T60),(T160,T30)),(((T200,T100),T40),(T110,T70))),((T140,T80),T130)),(T170,((T50,T90),T150)))),T180);
*** Subsample Process ***
#NNI moves:0/60
(((((((((T120,T10),(T20,T190)),T60),(T30,T160)),(((T200,T100),T40),(T70,T110))),((T80,T140),T130)),(((T90,T50),T150),T170)),T0),T180);
#NNI moves:0/60
(((((((((T10,T120),(T190,T20)),T60),(T30,T160)),(((T100,T200),T40),(T110,T70))),((T80,T140),T130)),(((T90,T50),T150),T170)),T0),T180);
#NNI moves:0/60
(((((((((T90,T50),T150),T170),(T0,T180)),((T140,T80),T130)),((((T20,T190),(T10,T120)),T60),(T30,T160))),((T200,T100),T40)),T110),T70);
#NNI moves:0/60
(((((((((T10,T120),(T190,T20)),T60),(T30,T160)),(((T100,T200),T40),(T70,T110))),((T80,T140),T130)),(((T50,T90),T150),T170)),T180),T0);
Current score: 3.94234e+09
Current tree: (((((((((T10,T120),(T190,T20)),T60),(T30,T160)),(((T100,T200),T40),(T70,T110))),((T80,T140),T130)),(((T50,T90),T150),T170)),T0),T180);
#NNI moves:0/60
(((((((((T50,T90),T150),T170),(T180,T0)),((T80,T140),T130)),(((T200,T100),T40),(T70,T110))),(((T10,T120),(T20,T190)),T60)),T30),T160);
#NNI moves:0/60
((((((((((T90,T50),T150),T170),(T180,T0)),((T80,T140),T130)),((((T190,T20),(T10,T120)),T60),(T160,T30))),(T70,T110)),T40),T100),T200);
#NNI moves:1/60
((((((((((T190,T20),(T10,T120)),T60),(T30,T160)),(((T100,T200),T40),(T70,T110))),((T140,T80),T130)),(T180,T0)),T170),(T90,T50)),T150);
#NNI moves:0/60
(((((((((T120,T10),(T20,T190)),T60),(T160,T30)),(((T200,T100),T40),(T110,T70))),((T80,T140),T130)),(((T90,T50),T150),T170)),T0),T180);
Current score: 3.94234e+09
Current tree: (((((((((T120,T10),(T20,T190)),T60),(T160,T30)),(((T200,T100),T40),(T110,T70))),((T80,T140),T130)),(((T90,T50),T150),T170)),T0),T180);
Final Tree: (((((((((T120,T10),(T20,T190)),T60),(T160,T30)),(((T200,T100),T40),(T110,T70))),((T80,T140),T130)),(((T90,T50),T150),T170)),T0),T180);
Score: 3942344898

real	0m3.526s
user	1m7.928s
sys	0m0.889s
