Weighted ASTRAL - Hybrid
Version: v1.13.2.3
#Genetrees: 2000
#Species: 21
#Rounds: 4
#Samples: 4
#Threads: 32
#NNI moves:0/60
(((((((((((T180,T200),(T20,T40)),T190),T10),T160),T0),((((T150,T100),(T140,T170)),T90),T110)),T60),(((T80,T70),T120),T30)),T50),T130);
#NNI moves:10/60
(((((((((((T40,T20),(T200,T180)),T190),T10),T160),T0),((((T170,T140),(T100,T150)),T90),T110)),T60),(((T70,T80),T120),T30)),T130),T50);
#NNI moves:0/60
((((((((T80,T70),T120),T30),(T50,T130)),T60),((((T170,T140),(T150,T100)),T90),T110)),(((((T180,T200),(T20,T40)),T190),T10),T160)),T0);
#NNI moves:3/60
(((((((((((((T70,T80),T120),T30),(T130,T50)),T60),((((T170,T140),(T100,T150)),T90),T110)),T0),T160),T10),T190),(T40,T20)),T200),T180);
Initial score: 2.9767e+09
Initial tree: (((((((((T70,T80),T120),T30),(T130,T50)),T60),((((T170,T140),(T100,T150)),T90),T110)),T0),(T10,(T190,((T40,T20),(T200,T180))))),T160);
*** Subsample Process ***
#NNI moves:1/60
(((((((((T70,T80),T120),T30),(T50,T130)),T60),((((T170,T140),(T150,T100)),T90),T110)),T0),((((T40,T20),(T200,T180)),T190),T10)),T160);
#NNI moves:0/60
(((((((((T80,T70),T120),T30),(T50,T130)),T60),((((T150,T100),(T140,T170)),T90),T110)),T0),((((T180,T200),(T20,T40)),T190),T10)),T160);
#NNI moves:4/60
((((((((((T200,T180),(T40,T20)),T190),T10),T160),T0),(((((T80,T70),T120),T30),(T50,T130)),T60)),T110),((T100,T150),(T170,T140))),T90);
#NNI moves:0/60
(((((((((((((T80,T70),T120),T30),(T50,T130)),T60),((((T150,T100),(T170,T140)),T90),T110)),T0),T160),T10),T190),(T20,T40)),T180),T200);
Current score: 2.9767e+09
Current tree: (((((((((T80,T70),T120),T30),(T50,T130)),T60),((((T150,T100),(T170,T140)),T90),T110)),T0),(T10,(T190,((T20,T40),(T180,T200))))),T160);
Final Tree: (((((((((T80,T70),T120),T30),(T50,T130)),T60),((((T150,T100),(T170,T140)),T90),T110)),T0),(T10,(T190,((T20,T40),(T180,T200))))),T160);
Score: 2976697195

real	0m3.652s
user	1m2.952s
sys	0m0.846s
