Weighted ASTRAL - Hybrid
Version: v1.13.2.3
#Genetrees: 2000
#Species: 21
#Rounds: 4
#Samples: 4
#Threads: 32
#NNI moves:3/60
(((((((((((((T90,T100),T60),(T120,T200)),((T70,T20),T130)),T0),T170),T10),(((T30,T190),T50),(T150,T40))),T160),T140),T110),T80),T180);
#NNI moves:1/60
((((((T30,T190),T50),(T40,T150)),((((T80,T180),T110),T140),T160)),((((((T100,T90),T60),(T120,T200)),((T70,T20),T130)),T0),T170)),T10);
#NNI moves:1/60
(((((((T30,T190),T50),(T40,T150)),((((T180,T80),T110),T140),T160)),T10),(((((T90,T100),T60),(T200,T120)),((T20,T70),T130)),T0)),T170);
#NNI moves:0/60
(((((((((T180,T80),T110),T140),T160),(((T190,T30),T50),(T40,T150))),T10),T170),((((T90,T100),T60),(T120,T200)),((T20,T70),T130))),T0);
Initial score: 3.53938e+09
Initial tree: (((((T180,T80),T110),T140),((((T190,T30),T50),(T40,T150)),(T10,(T170,(((((T90,T100),T60),(T120,T200)),((T20,T70),T130)),T0))))),T160);
*** Subsample Process ***
#NNI moves:1/60
((((((((((T100,T90),T60),(T120,T200)),((T20,T70),T130)),T0),T170),T10),(((T30,T190),T50),(T40,T150))),(((T180,T80),T110),T140)),T160);
#NNI moves:3/60
((((((((((T90,T100),T60),(T200,T120)),((T20,T70),T130)),T0),T170),T10),(((T190,T30),T50),(T150,T40))),(((T80,T180),T110),T140)),T160);
#NNI moves:1/60
((((((((((((T90,T100),T60),(T120,T200)),((T20,T70),T130)),T0),T170),T10),(T160,(((T180,T80),T110),T140))),(T40,T150)),T50),T30),T190);
#NNI moves:0/60
(((((((((((((T90,T100),T60),(T120,T200)),((T70,T20),T130)),T0),T170),T10),(((T190,T30),T50),(T150,T40))),T160),T140),T110),T80),T180);
Current score: 3.53938e+09
Current tree: ((((((((((T90,T100),T60),(T120,T200)),((T70,T20),T130)),T0),T170),T10),(((T190,T30),T50),(T150,T40))),(T140,(T110,(T80,T180)))),T160);
#NNI moves:1/60
(((((((((((T190,T30),T50),(T40,T150)),((((T180,T80),T110),T140),T160)),T10),T170),T0),(((T90,T100),T60),(T200,T120))),T130),T70),T20);
#NNI moves:0/60
(((((((((((T90,T100),T60),(T120,T200)),((T20,T70),T130)),T0),T170),T10),((((T80,T180),T110),T140),T160)),((T190,T30),T50)),T40),T150);
#NNI moves:3/60
(((((((((((T90,T100),T60),(T120,T200)),((T70,T20),T130)),T0),T170),T10),(((T190,T30),T50),(T40,T150))),T160),((T180,T80),T110)),T140);
#NNI moves:0/60
((((((((((T90,T100),T60),(T200,T120)),((T70,T20),T130)),T0),T170),T10),(((T30,T190),T50),(T40,T150))),(((T80,T180),T110),T140)),T160);
Current score: 3.53938e+09
Current tree: ((((((((((T90,T100),T60),(T200,T120)),((T70,T20),T130)),T0),T170),T10),(((T30,T190),T50),(T40,T150))),(((T80,T180),T110),T140)),T160);
Final Tree: ((((((((((T90,T100),T60),(T200,T120)),((T70,T20),T130)),T0),T170),T10),(((T30,T190),T50),(T40,T150))),(((T80,T180),T110),T140)),T160);
Score: 3539382922

real	0m6.816s
user	1m26.739s
sys	0m1.853s
