Weighted ASTRAL - Hybrid
Version: v1.13.2.3
#Genetrees: 2000
#Species: 21
#Rounds: 4
#Samples: 4
#Threads: 32
#NNI moves:0/60
((((((((((((T40,T190),T30),(T20,T120)),T160),(T50,T140)),T0),((T80,T170),T130)),T100),(((T150,T10),(T70,T60)),T90)),T180),T200),T110);
#NNI moves:3/60
((((((((((T70,T60),(T10,T150)),T90),((T110,T200),T180)),T100),((T80,T170),T130)),T0),(T140,T50)),(((T40,T190),T30),(T20,T120))),T160);
#NNI moves:0/60
(((((((((((((T40,T190),T30),(T120,T20)),T160),(T50,T140)),T0),((T80,T170),T130)),T100),((T110,T200),T180)),T90),(T150,T10)),T60),T70);
#NNI moves:3/60
(((((((((((T40,T190),T30),(T20,T120)),T160),(T140,T50)),T0),((T170,T80),T130)),T100),(((T150,T10),(T70,T60)),T90)),(T110,T200)),T180);
Initial score: 3.15152e+09
Initial tree: ((T50,(((((T40,T190),T30),(T20,T120)),T160),(T0,(((T170,T80),T130),(T100,((((T150,T10),(T70,T60)),T90),((T110,T200),T180))))))),T140);
*** Subsample Process ***
#NNI moves:3/60
((((((((((T70,T60),(T150,T10)),T90),((T200,T110),T180)),T100),((T170,T80),T130)),T0),((((T190,T40),T30),(T120,T20)),T160)),T50),T140);
#NNI moves:3/60
((((((((((T60,T70),(T10,T150)),T90),((T200,T110),T180)),T100),((T170,T80),T130)),T0),((((T40,T190),T30),(T20,T120)),T160)),T50),T140);
#NNI moves:0/60
(((((((((T40,T190),T30),(T120,T20)),T160),(T50,T140)),T0),(((((T150,T10),(T60,T70)),T90),((T200,T110),T180)),T100)),(T80,T170)),T130);
#NNI moves:4/60
((((((((((T60,T70),(T10,T150)),T90),((T200,T110),T180)),T100),((T80,T170),T130)),T0),((((T190,T40),T30),(T120,T20)),T160)),T140),T50);
Current score: 3.15152e+09
Current tree: ((((((((((T60,T70),(T10,T150)),T90),((T200,T110),T180)),T100),((T80,T170),T130)),T0),((((T190,T40),T30),(T120,T20)),T160)),T50),T140);
#NNI moves:3/60
((((((((((((T40,T190),T30),(T20,T120)),T160),(T140,T50)),T0),((T170,T80),T130)),T100),(((T60,T70),(T150,T10)),T90)),T180),T200),T110);
#NNI moves:3/60
((((((((((T190,T40),T30),(T20,T120)),T160),(T140,T50)),T0),(((((T60,T70),(T10,T150)),T90),((T110,T200),T180)),T100)),T130),T80),T170);
#NNI moves:1/60
((((((((((((T60,T70),(T10,T150)),T90),((T200,T110),T180)),T100),((T80,T170),T130)),T0),(T140,T50)),T160),(T20,T120)),(T190,T40)),T30);
#NNI moves:0/60
((((((((((T150,T10),(T70,T60)),T90),((T110,T200),T180)),T100),((T80,T170),T130)),T0),((((T190,T40),T30),(T20,T120)),T160)),T50),T140);
Current score: 3.15152e+09
Current tree: ((((((((((T150,T10),(T70,T60)),T90),((T110,T200),T180)),T100),((T80,T170),T130)),T0),((((T190,T40),T30),(T20,T120)),T160)),T50),T140);
Final Tree: ((((((((((T150,T10),(T70,T60)),T90),((T110,T200),T180)),T100),((T80,T170),T130)),T0),((((T190,T40),T30),(T20,T120)),T160)),T50),T140);
Score: 3151518406

real	0m7.091s
user	1m38.530s
sys	0m0.946s
