Weighted ASTRAL - Hybrid
Version: v1.13.2.3
#Genetrees: 2000
#Species: 201
#Rounds: 4
#Samples: 4
#Threads: 32
Use two-step algorithm!
Guide Tree 0/27
#NNI moves:0/236
Guide Tree 1/27
#NNI moves:0/236
Guide Tree 2/27
#NNI moves:0/236
Guide Tree 3/27
#NNI moves:0/236
Guide Tree 4/27
#NNI moves:0/236
Guide Tree 5/27
#NNI moves:0/236
Guide Tree 6/27
#NNI moves:0/236
Guide Tree 7/27
#NNI moves:0/236
Guide Tree 8/27
#NNI moves:0/236
Guide Tree 9/27
#NNI moves:0/236
Guide Tree 10/27
#NNI moves:0/236
Guide Tree 11/27
#NNI moves:0/236
Guide Tree 12/27
#NNI moves:0/236
Guide Tree 13/27
#NNI moves:0/236
Guide Tree 14/27
#NNI moves:0/236
Guide Tree 15/27
#NNI moves:0/236
Guide Tree 16/27
#NNI moves:0/236
Guide Tree 17/27
#NNI moves:0/236
Guide Tree 18/27
#NNI moves:0/236
Guide Tree 19/27
#NNI moves:0/236
Guide Tree 20/27
#NNI moves:0/236
Guide Tree 21/27
#NNI moves:0/236
Guide Tree 22/27
#NNI moves:0/236
Guide Tree 23/27
#NNI moves:0/236
Guide Tree 24/27
#NNI moves:0/236
Guide Tree 25/27
#NNI moves:0/236
Guide Tree 26/27
#NNI moves:0/236
Remaining: 0
#NNI moves:3/236
#NNI moves:3/236
((((((((((((((((((T153,T67),(T196,T64)),T60),((T193,T53),T127)),(T96,T182)),(((T165,T21),T35),T112)),((T28,T142),T65)),(((T7,((T101,(T198,T159)),(T72,T34))),(T125,T186)),((T55,T184),T56))),(((T154,T71),T37),T80)),(((T108,T33),((((T10,T99),T30),T158),T105)),(((T161,T36),T25),T123))),(((T51,T27),(T111,(T197,T109))),(T119,T74))),((((T114,T87),(T85,T2)),(T66,T185)),(T122,T54))),((((((T44,T103),((((T120,(T13,T126)),(T146,T140)),(T176,T100)),(T117,T69))),((((T3,T141),((T22,T70),T68)),T47),(T43,T180))),T77),(T58,(T147,(T83,T175)))),T8)),(T195,(T129,T97))),((((((((T49,T88),(T145,T61)),((T136,T188),(T46,T151))),(T12,T172)),((T98,(T139,T144)),(T191,(((T133,(T183,T169)),T76),T73)))),T81),((T113,(T102,T177)),T107)),((((((((T106,T92),T156),T90),(T190,T42)),T4),(T93,T32)),T104),(T62,T132)))),(((((T20,((T162,T164),((T39,((T149,T135),T78)),T95))),(((T5,T163),T9),(T148,(T50,T14)))),((((((((T86,T16),T91),(T171,(T23,T199))),T157),(T138,T24)),(((T115,T152),T118),(T17,T130))),(T173,T121)),((((T89,T31),(T15,(T194,T75))),((T181,T29),((T38,(T52,T11)),(T79,T6)))),(T59,(T143,T167))))),((((((T137,(T174,T166)),((((T63,T160),T18),(T94,T200)),(T189,(T26,T1)))),(T155,(T134,T116))),((((T19,T170),T150),((T82,T128),T178)),(T179,T110))),T40),((T124,T84),(T168,T41)))),T0)),((((T192,T57),T48),T131),T45)),T187);
Guide Tree 0/27
#NNI moves:0/236
Guide Tree 1/27
#NNI moves:0/236
Guide Tree 2/27
#NNI moves:0/236
Guide Tree 3/27
#NNI moves:0/236
Guide Tree 4/27
#NNI moves:0/236
Guide Tree 5/27
#NNI moves:3/236
Guide Tree 6/27
#NNI moves:0/236
Guide Tree 7/27
#NNI moves:0/236
Guide Tree 8/27
#NNI moves:0/236
Guide Tree 9/27
#NNI moves:1/236
Guide Tree 10/27
#NNI moves:0/236
Guide Tree 11/27
#NNI moves:0/236
Guide Tree 12/27
#NNI moves:0/236
Guide Tree 13/27
#NNI moves:3/236
Guide Tree 14/27
#NNI moves:0/236
Guide Tree 15/27
#NNI moves:0/236
Guide Tree 16/27
#NNI moves:0/236
Guide Tree 17/27
#NNI moves:0/236
Guide Tree 18/27
#NNI moves:3/236
Guide Tree 19/27
#NNI moves:0/236
Guide Tree 20/27
#NNI moves:0/236
Guide Tree 21/27
#NNI moves:0/236
Guide Tree 22/27
#NNI moves:0/236
Guide Tree 23/27
#NNI moves:0/236
Guide Tree 24/27
#NNI moves:3/236
Guide Tree 25/27
#NNI moves:0/236
Guide Tree 26/27
#NNI moves:0/236
Remaining: 0
#NNI moves:1/236
#NNI moves:1/236
(((((((((((((((T182,T96),((((T67,T153),(T64,T196)),T60),((T193,T53),T127))),(T112,((T165,T21),T35))),((T28,T142),T65)),(((T186,T125),((((T198,T159),T101),(T72,T34)),T7)),((T55,T184),T56))),(((T154,T71),T37),T80)),(((T33,T108),(T105,(T158,(T30,(T99,T10))))),(((T36,T161),T25),T123))),((((T197,T109),T111),(T51,T27)),(T119,T74))),(((T66,T185),((T2,T85),(T87,T114))),(T122,T54))),(((((((T69,T117),(((T140,T146),((T126,T13),T120)),(T100,T176))),(T44,T103)),((((T68,(T22,T70)),(T3,T141)),T47),(T43,T180))),T77),(T58,(T147,(T175,T83)))),T8)),((T97,T129),T195)),((((((((T188,T136),(T46,T151)),((T49,T88),(T145,T61))),(T172,T12)),((T98,(T144,T139)),(((((T183,T169),T133),T76),T73),T191))),T81),(((T102,T177),T113),T107)),((((((((T106,T92),T156),T90),(T190,T42)),T4),(T32,T93)),T104),(T132,T62)))),(((((((((((T86,T16),T91),(T171,(T199,T23))),T157),(T138,T24)),((T17,T130),((T152,T115),T118))),(T121,T173)),(((T167,T143),T59),(((((T52,T11),T38),(T6,T79)),(T29,T181)),((T15,(T194,T75)),(T31,T89))))),((((T14,T50),T148),((T5,T163),T9)),(((T162,T164),(((T78,(T149,T135)),T39),T95)),T20))),(((((((T82,T128),T178),((T170,T19),T150)),(T179,T110)),(((((T200,T94),((T160,T63),T18)),((T26,T1),T189)),((T166,T174),T137)),(T155,(T116,T134)))),T40),((T124,T84),(T41,T168)))),T0)),(((T48,(T192,T57)),T131),T45)),T187);
Guide Tree 0/27
#NNI moves:3/236
Guide Tree 1/27
#NNI moves:0/236
Guide Tree 2/27
#NNI moves:0/236
Guide Tree 3/27
#NNI moves:0/236
Guide Tree 4/27
#NNI moves:0/236
Guide Tree 5/27
#NNI moves:0/236
Guide Tree 6/27
#NNI moves:0/236
Guide Tree 7/27
#NNI moves:0/236
Guide Tree 8/27
#NNI moves:3/236
Guide Tree 9/27
#NNI moves:0/236
Guide Tree 10/27
#NNI moves:3/236
Guide Tree 11/27
#NNI moves:0/236
Guide Tree 12/27
#NNI moves:0/236
Guide Tree 13/27
#NNI moves:0/236
Guide Tree 14/27
#NNI moves:0/236
Guide Tree 15/27
#NNI moves:0/236
Guide Tree 16/27
#NNI moves:0/236
Guide Tree 17/27
#NNI moves:0/236
Guide Tree 18/27
#NNI moves:0/236
Guide Tree 19/27
#NNI moves:0/236
Guide Tree 20/27
#NNI moves:0/236
Guide Tree 21/27
#NNI moves:0/236
Guide Tree 22/27
#NNI moves:0/236
Guide Tree 23/27
#NNI moves:3/236
Guide Tree 24/27
#NNI moves:0/236
Guide Tree 25/27
#NNI moves:0/236
Guide Tree 26/27
#NNI moves:3/236
Remaining: 0
#NNI moves:0/236
#NNI moves:0/236
((((((((((((((((T34,T72),(T101,(T159,T198))),T7),(T125,T186)),(T56,(T184,T55))),((((((T193,T53),T127),(T60,((T196,T64),(T67,T153)))),(T182,T96)),(T112,((T165,T21),T35))),((T142,T28),T65))),(((T154,T71),T37),T80)),((T123,(T25,(T161,T36))),((((T30,(T99,T10)),T158),T105),(T108,T33)))),(((T111,(T197,T109)),(T51,T27)),(T74,T119))),((((T85,T2),(T87,T114)),(T66,T185)),(T122,T54))),(((((T175,T83),T147),T58),((((T103,T44),(((((T13,T126),T120),(T140,T146)),(T100,T176)),(T69,T117))),((T43,T180),((((T22,T70),T68),(T3,T141)),T47))),T77)),T8)),((T97,T129),T195)),(((((((((T92,T106),T156),T90),(T190,T42)),T4),(T32,T93)),T104),(T132,T62)),(((((T98,(T139,T144)),((((T133,(T183,T169)),T76),T73),T191)),((((T46,T151),(T188,T136)),((T88,T49),(T61,T145))),(T12,T172))),T81),((T113,(T102,T177)),T107)))),((((((((T39,((T149,T135),T78)),T95),(T164,T162)),T20),(((T163,T5),T9),((T14,T50),T148))),(((((T17,T130),(T118,(T115,T152))),((((T91,(T16,T86)),((T23,T199),T171)),T157),(T24,T138))),(T173,T121)),((((((T52,T11),T38),(T79,T6)),(T181,T29)),((T31,T89),(T15,(T194,T75)))),((T143,T167),T59)))),(((((((T19,T170),T150),((T82,T128),T178)),(T110,T179)),(((((T18,(T63,T160)),(T94,T200)),((T26,T1),T189)),(T137,(T174,T166))),(T155,(T134,T116)))),T40),((T124,T84),(T168,T41)))),T0)),((((T57,T192),T48),T131),T45)),T187);
Guide Tree 0/27
#NNI moves:0/236
Guide Tree 1/27
#NNI moves:0/236
Guide Tree 2/27
#NNI moves:0/236
Guide Tree 3/27
#NNI moves:0/236
Guide Tree 4/27
#NNI moves:0/236
Guide Tree 5/27
#NNI moves:0/236
Guide Tree 6/27
#NNI moves:0/236
Guide Tree 7/27
#NNI moves:0/236
Guide Tree 8/27
#NNI moves:0/236
Guide Tree 9/27
#NNI moves:0/236
Guide Tree 10/27
#NNI moves:0/236
Guide Tree 11/27
#NNI moves:0/236
Guide Tree 12/27
#NNI moves:0/236
Guide Tree 13/27
#NNI moves:0/236
Guide Tree 14/27
#NNI moves:0/236
Guide Tree 15/27
#NNI moves:0/236
Guide Tree 16/27
#NNI moves:0/236
Guide Tree 17/27
#NNI moves:0/236
Guide Tree 18/27
#NNI moves:0/236
Guide Tree 19/27
#NNI moves:0/236
Guide Tree 20/27
#NNI moves:0/236
Guide Tree 21/27
#NNI moves:0/236
Guide Tree 22/27
#NNI moves:0/236
Guide Tree 23/27
#NNI moves:0/236
Guide Tree 24/27
#NNI moves:0/236
Guide Tree 25/27
#NNI moves:0/236
Guide Tree 26/27
#NNI moves:0/236
Remaining: 0
#NNI moves:3/236
#NNI moves:3/236
((((((((((((((T28,T142),T65),(((T96,T182),((((T153,T67),(T64,T196)),T60),(T127,(T193,T53)))),(T112,(T35,(T21,T165))))),(((T186,T125),(((T34,T72),((T159,T198),T101)),T7)),((T184,T55),T56))),(((T154,T71),T37),T80)),((((T161,T36),T25),T123),(((T158,((T99,T10),T30)),T105),(T108,T33)))),(((T27,T51),((T197,T109),T111)),(T119,T74))),(((T185,T66),((T85,T2),(T114,T87))),(T122,T54))),((((((((T68,(T70,T22)),(T141,T3)),T47),(T43,T180)),((((T100,T176),(((T13,T126),T120),(T140,T146))),(T69,T117)),(T103,T44))),T77),((T147,(T175,T83)),T58)),T8)),((T97,T129),T195)),((((((((((T169,T183),T133),T76),T73),T191),((T144,T139),T98)),((((T136,T188),(T46,T151)),((T88,T49),(T61,T145))),(T12,T172))),T81),(((T177,T102),T113),T107)),((((T32,T93),(((((T106,T92),T156),T90),(T42,T190)),T4)),T104),(T132,T62)))),(((((((((((T199,T23),T171),(T91,(T16,T86))),T157),(T138,T24)),((T118,(T115,T152)),(T17,T130))),(T173,T121)),(((((T194,T75),T15),(T31,T89)),((T181,T29),((T6,T79),((T52,T11),T38)))),((T167,T143),T59))),(((T148,(T50,T14)),(T9,(T5,T163))),(T20,((((T78,(T149,T135)),T39),T95),(T164,T162))))),((((((((T26,T1),T189),(((T63,T160),T18),(T200,T94))),((T174,T166),T137)),(T155,(T134,T116))),(((T178,(T128,T82)),(T150,(T170,T19))),(T179,T110))),T40),((T168,T41),(T124,T84)))),T0)),((((T192,T57),T48),T131),T45)),T187);
Initial score: 6.18339e+10
Initial tree: ((((((((((((((T28,T142),T65),(((T96,T182),((((T153,T67),(T64,T196)),T60),(T127,(T193,T53)))),(T112,(T35,(T21,T165))))),(((T186,T125),(((T34,T72),((T159,T198),T101)),T7)),((T184,T55),T56))),(((T154,T71),T37),T80)),((((T161,T36),T25),T123),(((T158,((T99,T10),T30)),T105),(T108,T33)))),(((T27,T51),((T197,T109),T111)),(T119,T74))),(((T185,T66),((T85,T2),(T114,T87))),(T122,T54))),((((((((T68,(T70,T22)),(T141,T3)),T47),(T43,T180)),((((T100,T176),(((T13,T126),T120),(T140,T146))),(T69,T117)),(T103,T44))),T77),((T147,(T175,T83)),T58)),T8)),((T97,T129),T195)),((((((((((T169,T183),T133),T76),T73),T191),((T144,T139),T98)),((((T136,T188),(T46,T151)),((T88,T49),(T61,T145))),(T12,T172))),T81),(((T177,T102),T113),T107)),((((T32,T93),(((((T106,T92),T156),T90),(T42,T190)),T4)),T104),(T132,T62)))),(((((((((((T199,T23),T171),(T91,(T16,T86))),T157),(T138,T24)),((T118,(T115,T152)),(T17,T130))),(T173,T121)),(((((T194,T75),T15),(T31,T89)),((T181,T29),((T6,T79),((T52,T11),T38)))),((T167,T143),T59))),(((T148,(T50,T14)),(T9,(T5,T163))),(T20,((((T78,(T149,T135)),T39),T95),(T164,T162))))),((((((((T26,T1),T189),(((T63,T160),T18),(T200,T94))),((T174,T166),T137)),(T155,(T134,T116))),(((T178,(T128,T82)),(T150,(T170,T19))),(T179,T110))),T40),((T168,T41),(T124,T84)))),T0)),((((T192,T57),T48),T131),T45)),T187);
*** Subsample Process ***
Use two-step algorithm!
#NNI moves:0/236
Remaining: 0
#NNI moves:0/236
#NNI moves:0/236
(((((((((((((((((((((((((T15,(T75,T194)),(T89,T31)),((((T11,T52),T38),(T79,T6)),(T181,T29))),((T143,T167),T59)),((((T157,(((T199,T23),T171),((T16,T86),T91))),(T24,T138)),(((T152,T115),T118),(T17,T130))),(T173,T121))),(((T148,(T14,T50)),((T5,T163),T9)),(((T164,T162),(((T78,(T135,T149)),T39),T95)),T20))),(((((((T19,T170),T150),(T178,(T128,T82))),(T110,T179)),(((T134,T116),T155),(((T166,T174),T137),(((T26,T1),T189),((T94,T200),((T160,T63),T18)))))),T40),((T124,T84),(T41,T168)))),T0),(((((T192,T57),T48),T131),T45),T187)),((((((((T76,(T133,(T183,T169))),T73),T191),((T144,T139),T98)),((((T188,T136),(T46,T151)),((T49,T88),(T145,T61))),(T12,T172))),T81),(((T102,T177),T113),T107)),((T104,((((T190,T42),(((T92,T106),T156),T90)),T4),(T93,T32))),(T62,T132)))),((T129,T97),T195)),((((((((T100,T176),(((T13,T126),T120),(T140,T146))),(T69,T117)),(T44,T103)),((((T68,(T70,T22)),(T141,T3)),T47),(T43,T180))),T77),((T147,(T175,T83)),T58)),T8)),(((T185,T66),((T114,T87),(T2,T85))),(T122,T54))),((((T197,T109),T111),(T27,T51)),(T74,T119))),((((T36,T161),T25),T123),(((T158,((T99,T10),T30)),T105),(T108,T33)))),(((T71,T154),T37),T80)),((((((T198,T159),T101),(T72,T34)),T7),(T186,T125)),((T55,T184),T56))),((T142,T28),T65)),((T35,(T165,T21)),T112)),(T182,T96)),((T193,T53),T127)),T60),(T196,T64)),T153),T67);
#NNI moves:0/236
Remaining: 0
#NNI moves:0/236
#NNI moves:0/236
((((((((((((((((((((T101,(T198,T159)),(T34,T72)),T7),(T125,T186)),((T55,T184),T56)),(((((T21,T165),T35),T112),((((T53,T193),T127),(((T196,T64),(T153,T67)),T60)),(T96,T182))),((T142,T28),T65))),((T37,(T154,T71)),T80)),((((((T10,T99),T30),T158),T105),(T33,T108)),(((T36,T161),T25),T123))),((((T197,T109),T111),(T27,T51)),(T74,T119))),((((T87,T114),(T2,T85)),(T66,T185)),(T54,T122))),((((((((T141,T3),((T22,T70),T68)),T47),(T180,T43)),((((((T13,T126),T120),(T140,T146)),(T176,T100)),(T69,T117)),(T44,T103))),T77),(((T83,T175),T147),T58)),T8)),((T129,T97),T195)),((((((((T76,((T169,T183),T133)),T73),T191),(T98,(T144,T139))),((((T188,T136),(T151,T46)),((T145,T61),(T88,T49))),(T12,T172))),T81),(((T177,T102),T113),T107)),((((T32,T93),(((T90,((T106,T92),T156)),(T190,T42)),T4)),T104),(T132,T62)))),(((((((((T38,(T11,T52)),(T79,T6)),(T181,T29)),((T89,T31),(T15,(T194,T75)))),(T59,(T167,T143))),(((((((T199,T23),T171),((T16,T86),T91)),T157),(T24,T138)),((T17,T130),((T152,T115),T118))),(T173,T121))),(((T9,(T5,T163)),((T14,T50),T148)),(((T162,T164),((((T149,T135),T78),T39),T95)),T20))),((((((T116,T134),T155),((T137,(T166,T174)),((((T63,T160),T18),(T94,T200)),((T26,T1),T189)))),(((T150,(T170,T19)),((T82,T128),T178)),(T179,T110))),T40),((T84,T124),(T41,T168)))),T0)),T187),T45),T131),T48),T57),T192);
#NNI moves:0/236
Remaining: 1
#NNI moves:0/236
#NNI moves:0/236
((((((((((((((((((((((((T16,T86),T91),((T199,T23),T171)),T157),(T138,T24)),(((T115,T152),T118),(T130,T17))),(T173,T121)),(((T143,T167),T59),(((((T11,T52),T38),(T79,T6)),(T29,T181)),(((T75,T194),T15),(T89,T31))))),((((T5,T163),T9),(T148,(T14,T50))),((((T39,(T78,(T149,T135))),T95),(T162,T164)),T20))),(((((((((T160,T63),T18),(T94,T200)),(T189,(T1,T26))),(T137,(T166,T174))),((T116,T134),T155)),((((T19,T170),T150),(T178,(T82,T128))),(T179,T110))),T40),((T168,T41),(T84,T124)))),T0),(((((T57,T192),T48),T131),T45),T187)),(((((((((T106,T92),T156),T90),(T42,T190)),T4),(T93,T32)),T104),(T132,T62)),(((((((T49,T88),(T145,T61)),((T188,T136),(T151,T46))),(T12,T172)),(((((T133,(T183,T169)),T76),T73),T191),(T98,(T144,T139)))),T81),(T107,((T102,T177),T113))))),((T97,T129),T195)),(((((((((T22,T70),T68),(T141,T3)),T47),(T180,T43)),(((((T140,T146),((T126,T13),T120)),(T176,T100)),(T117,T69)),(T44,T103))),T77),(((T175,T83),T147),T58)),T8)),((((T114,T87),(T2,T85)),(T185,T66)),(T122,T54))),(((T51,T27),((T109,T197),T111)),(T119,T74))),((((T158,((T10,T99),T30)),T105),(T33,T108)),((T25,(T36,T161)),T123))),(((T154,T71),T37),T80)),((((((T159,T198),T101),(T72,T34)),T7),(T125,T186)),((T55,T184),T56))),((T142,T28),T65)),(((((T64,T196),(T67,T153)),T60),(T127,(T53,T193))),(T96,T182))),((T21,T165),T35)),T112);
#NNI moves:1/236
Remaining: 0
#NNI moves:4/236
#NNI moves:4/236
((((((((((((((((((((T60,((T153,T67),(T64,T196))),((T193,T53),T127)),(T182,T96)),(((T165,T21),T35),T112)),((T142,T28),T65)),((((((T159,T198),T101),(T34,T72)),T7),(T186,T125)),((T184,T55),T56))),(((T154,T71),T37),T80)),((((T36,T161),T25),T123),((T33,T108),(T105,(((T99,T10),T30),T158))))),((T74,T119),(((T109,T197),T111),(T51,T27)))),(((T185,T66),((T2,T85),(T114,T87))),(T54,T122))),(((((((((T146,T140),((T126,T13),T120)),(T100,T176)),(T117,T69)),(T44,T103)),((((T68,(T22,T70)),(T3,T141)),T47),(T43,T180))),T77),(T58,(T147,(T83,T175)))),T8)),(T195,(T129,T97))),((((((T12,T172),(((T145,T61),(T49,T88)),((T151,T46),(T188,T136)))),((((((T169,T183),T133),T76),T73),T191),((T144,T139),T98))),T81),(T107,(T113,(T102,T177)))),((T132,T62),(((((T190,T42),(((T106,T92),T156),T90)),T4),(T93,T32)),T104)))),((((((((((T200,T94),((T160,T63),T18)),(T189,(T26,T1))),((T166,T174),T137)),(T155,(T134,T116))),((T110,T179),(((T82,T128),T178),(T150,(T19,T170))))),T40),((T41,T168),(T124,T84))),((((((T29,T181),((T38,(T52,T11)),(T79,T6))),(((T75,T194),T15),(T31,T89))),((T167,T143),T59)),((((T118,(T152,T115)),(T130,T17)),(((((T23,T199),T171),((T16,T86),T91)),T157),(T24,T138))),(T173,T121))),(((((T39,(T78,(T135,T149))),T95),(T164,T162)),T20),((T9,(T163,T5)),((T14,T50),T148))))),T0)),T187),T45),T131),T48),T57),T192);
Current score: 6.18339e+10
Current tree: ((((((((((((((((T60,((T153,T67),(T64,T196))),((T193,T53),T127)),(T182,T96)),(((T165,T21),T35),T112)),((T142,T28),T65)),((((((T159,T198),T101),(T34,T72)),T7),(T186,T125)),((T184,T55),T56))),(((T154,T71),T37),T80)),((((T36,T161),T25),T123),((T33,T108),(T105,(((T99,T10),T30),T158))))),((T74,T119),(((T109,T197),T111),(T51,T27)))),(((T185,T66),((T2,T85),(T114,T87))),(T54,T122))),(((((((((T146,T140),((T126,T13),T120)),(T100,T176)),(T117,T69)),(T44,T103)),((((T68,(T22,T70)),(T3,T141)),T47),(T43,T180))),T77),(T58,(T147,(T83,T175)))),T8)),(T195,(T129,T97))),((((((T12,T172),(((T145,T61),(T49,T88)),((T151,T46),(T188,T136)))),((((((T169,T183),T133),T76),T73),T191),((T144,T139),T98))),T81),(T107,(T113,(T102,T177)))),((T132,T62),(((((T190,T42),(((T106,T92),T156),T90)),T4),(T93,T32)),T104)))),((((((((((T200,T94),((T160,T63),T18)),(T189,(T26,T1))),((T166,T174),T137)),(T155,(T134,T116))),((T110,T179),(((T82,T128),T178),(T150,(T19,T170))))),T40),((T41,T168),(T124,T84))),((((((T29,T181),((T38,(T52,T11)),(T79,T6))),(((T75,T194),T15),(T31,T89))),((T167,T143),T59)),((((T118,(T152,T115)),(T130,T17)),(((((T23,T199),T171),((T16,T86),T91)),T157),(T24,T138))),(T173,T121))),(((((T39,(T78,(T135,T149))),T95),(T164,T162)),T20),((T9,(T163,T5)),((T14,T50),T148))))),T0)),(T45,(T131,(T48,(T57,T192))))),T187);
Final Tree: ((((((((((((((((T60,((T153,T67),(T64,T196))),((T193,T53),T127)),(T182,T96)),(((T165,T21),T35),T112)),((T142,T28),T65)),((((((T159,T198),T101),(T34,T72)),T7),(T186,T125)),((T184,T55),T56))),(((T154,T71),T37),T80)),((((T36,T161),T25),T123),((T33,T108),(T105,(((T99,T10),T30),T158))))),((T74,T119),(((T109,T197),T111),(T51,T27)))),(((T185,T66),((T2,T85),(T114,T87))),(T54,T122))),(((((((((T146,T140),((T126,T13),T120)),(T100,T176)),(T117,T69)),(T44,T103)),((((T68,(T22,T70)),(T3,T141)),T47),(T43,T180))),T77),(T58,(T147,(T83,T175)))),T8)),(T195,(T129,T97))),((((((T12,T172),(((T145,T61),(T49,T88)),((T151,T46),(T188,T136)))),((((((T169,T183),T133),T76),T73),T191),((T144,T139),T98))),T81),(T107,(T113,(T102,T177)))),((T132,T62),(((((T190,T42),(((T106,T92),T156),T90)),T4),(T93,T32)),T104)))),((((((((((T200,T94),((T160,T63),T18)),(T189,(T26,T1))),((T166,T174),T137)),(T155,(T134,T116))),((T110,T179),(((T82,T128),T178),(T150,(T19,T170))))),T40),((T41,T168),(T124,T84))),((((((T29,T181),((T38,(T52,T11)),(T79,T6))),(((T75,T194),T15),(T31,T89))),((T167,T143),T59)),((((T118,(T152,T115)),(T130,T17)),(((((T23,T199),T171),((T16,T86),T91)),T157),(T24,T138))),(T173,T121))),(((((T39,(T78,(T135,T149))),T95),(T164,T162)),T20),((T9,(T163,T5)),((T14,T50),T148))))),T0)),(T45,(T131,(T48,(T57,T192))))),T187);
Score: 6.183389588e+10

real	0m53.774s
user	19m4.627s
sys	0m16.553s
