
RAxML-NG v. 1.1.0-master released on 04.08.2022 by The Exelixis Lab.
Developed by: Alexey M. Kozlov and Alexandros Stamatakis.
Contributors: Diego Darriba, Tomas Flouri, Benoit Morel, Sarah Lutteropp, Ben Bettisworth.
Latest version: https://github.com/amkozlov/raxml-ng
Questions/problems/suggestions? Please visit: https://groups.google.com/forum/#!forum/raxml

System: AMD EPYC 7742 64-Core Processor, 128 cores, 251 GB RAM

RAxML-NG was called at 26-Dec-2022 16:51:16 as follows:

/home/chaos/programs/raxml-ng/raxml-ng/bin/raxml-ng --msa data/alignment/10_1X_S201_0_haploid --tree pars{1} --model GTR+G --threads 64

Analysis options:
  run mode: ML tree search
  start tree(s): parsimony (1)
  random seed: 1672102276
  tip-inner: OFF
  pattern compression: ON
  per-rate scalers: OFF
  site repeats: ON
  fast spr radius: AUTO
  spr subtree cutoff: 1.000000
  branch lengths: proportional (ML estimate, algorithm: NR-FAST)
  SIMD kernels: AVX2
  parallelization: coarse-grained (auto), PTHREADS (64 threads), thread pinning: OFF

[00:00:00] Reading alignment from file: data/alignment/10_1X_S201_0_haploid
[00:00:03] Loaded alignment with 201 taxa and 5000000 sites

Alignment comprises 1 partitions and 3658358 patterns

Partition 0: noname
Model: GTR+FO+G4m
Alignment sites / patterns: 5000000 / 3658358
Gaps: 0.00 %
Invariant sites: 9.14 %


NOTE: Binary MSA file created: data/alignment/10_1X_S201_0_haploid.raxml.rba

Parallelization scheme autoconfig: 1 worker(s) x 64 thread(s)

Parallel reduction/worker buffer size: 1 KB  / 0 KB

[00:00:23] Generating 1 parsimony starting tree(s) with 201 taxa
[00:00:49] Data distribution: max. partitions/sites/weight per thread: 1 / 57162 / 914592
[00:00:49] Data distribution: max. searches per worker: 1

Starting ML tree search with 1 distinct starting trees

[00:00:50 -166765318.929976] Initial branch length optimization
[00:02:44 -150978098.129273] Model parameter optimization (eps = 10.000000)
[00:08:46 -146809916.535096] AUTODETECT spr round 1 (radius: 5)
[00:14:58 -146761805.443471] AUTODETECT spr round 2 (radius: 10)
[00:35:45 -146761805.441374] SPR radius for FAST iterations: 5 (autodetect)
[00:35:45 -146761805.441374] Model parameter optimization (eps = 3.000000)
[00:36:09 -146761802.725894] FAST spr round 1 (radius: 5)
[00:46:57 -146759971.985402] FAST spr round 2 (radius: 5)
[00:57:23 -146759800.069162] FAST spr round 3 (radius: 5)
[01:08:22 -146759800.069115] Model parameter optimization (eps = 1.000000)
[01:08:43 -146759799.953594] SLOW spr round 1 (radius: 5)
[01:41:33 -146758389.919656] SLOW spr round 2 (radius: 5)
[02:12:42 -146758389.918603] SLOW spr round 3 (radius: 10)
[02:50:42 -146758389.918549] SLOW spr round 4 (radius: 15)
[03:55:57 -146758389.918544] SLOW spr round 5 (radius: 20)
[05:01:55 -146758389.918544] SLOW spr round 6 (radius: 25)
[05:25:07 -146758389.918544] Model parameter optimization (eps = 0.100000)

[05:25:47] ML tree search #1, logLikelihood: -146758389.759490


Optimized model parameters:

   Partition 0: noname
   Rate heterogeneity: GAMMA (4 cats, mean),  alpha: 1.533483 (ML),  weights&rates: (0.250000,0.230449) (0.250000,0.594036) (0.250000,1.052329) (0.250000,2.123186) 
   Base frequencies (ML): 0.293707 0.241492 0.243255 0.221547 
   Substitution rates (ML): 1.504126 2.744347 0.765415 0.529789 2.721118 1.000000 


Final LogLikelihood: -146758389.759490

AIC score: 293517595.518980 / AICc score: 293517595.585734 / BIC score: 293523072.897956
Free parameters (model + branch lengths): 408

Best ML tree saved to: /expanse/lustre/projects/uot138/chaos/ASTERISK-sim/data/alignment/10_1X_S201_0_haploid.raxml.bestTree
Optimized model saved to: /expanse/lustre/projects/uot138/chaos/ASTERISK-sim/data/alignment/10_1X_S201_0_haploid.raxml.bestModel

Execution log saved to: /expanse/lustre/projects/uot138/chaos/ASTERISK-sim/data/alignment/10_1X_S201_0_haploid.raxml.log

Analysis started: 26-Dec-2022 16:51:16 / finished: 26-Dec-2022 22:17:06

Elapsed time: 19549.063 seconds

Consumed energy: 2227.886 Wh (= 11 km in an electric car, or 56 km with an e-scooter!)

