
RAxML-NG v. 1.1.0-master released on 04.08.2022 by The Exelixis Lab.
Developed by: Alexey M. Kozlov and Alexandros Stamatakis.
Contributors: Diego Darriba, Tomas Flouri, Benoit Morel, Sarah Lutteropp, Ben Bettisworth.
Latest version: https://github.com/amkozlov/raxml-ng
Questions/problems/suggestions? Please visit: https://groups.google.com/forum/#!forum/raxml

System: AMD EPYC 7742 64-Core Processor, 128 cores, 251 GB RAM

RAxML-NG was called at 26-Dec-2022 16:51:18 as follows:

/home/chaos/programs/raxml-ng/raxml-ng/bin/raxml-ng --msa data/alignment/11_1X_S201_0_haploid --tree pars{1} --model GTR+G --threads 64

Analysis options:
  run mode: ML tree search
  start tree(s): parsimony (1)
  random seed: 1672102278
  tip-inner: OFF
  pattern compression: ON
  per-rate scalers: OFF
  site repeats: ON
  fast spr radius: AUTO
  spr subtree cutoff: 1.000000
  branch lengths: proportional (ML estimate, algorithm: NR-FAST)
  SIMD kernels: AVX2
  parallelization: coarse-grained (auto), PTHREADS (64 threads), thread pinning: OFF

[00:00:00] Reading alignment from file: data/alignment/11_1X_S201_0_haploid
[00:00:03] Loaded alignment with 201 taxa and 5000000 sites

Alignment comprises 1 partitions and 3309584 patterns

Partition 0: noname
Model: GTR+FO+G4m
Alignment sites / patterns: 5000000 / 3309584
Gaps: 0.00 %
Invariant sites: 11.27 %


NOTE: Binary MSA file created: data/alignment/11_1X_S201_0_haploid.raxml.rba

Parallelization scheme autoconfig: 1 worker(s) x 64 thread(s)

Parallel reduction/worker buffer size: 1 KB  / 0 KB

[00:00:22] Generating 1 parsimony starting tree(s) with 201 taxa
[00:00:47] Data distribution: max. partitions/sites/weight per thread: 1 / 51713 / 827408
[00:00:47] Data distribution: max. searches per worker: 1

Starting ML tree search with 1 distinct starting trees

[00:00:48 -138370311.592670] Initial branch length optimization
[00:02:23 -123355676.494208] Model parameter optimization (eps = 10.000000)
[00:06:23 -119270946.328251] AUTODETECT spr round 1 (radius: 5)
[00:12:14 -119254834.171414] AUTODETECT spr round 2 (radius: 10)
[00:32:24 -119254834.171094] SPR radius for FAST iterations: 5 (autodetect)
[00:32:24 -119254834.171094] Model parameter optimization (eps = 3.000000)
[00:32:41 -119254832.136050] FAST spr round 1 (radius: 5)
[00:41:20 -119253164.695737] FAST spr round 2 (radius: 5)
[00:50:21 -119252563.235030] FAST spr round 3 (radius: 5)
[00:59:44 -119252170.264073] FAST spr round 4 (radius: 5)
[01:09:18 -119251849.125995] FAST spr round 5 (radius: 5)
[01:18:54 -119251849.125995] Model parameter optimization (eps = 1.000000)
[01:19:08 -119251848.983549] SLOW spr round 1 (radius: 5)
[01:49:47 -119251848.983549] SLOW spr round 2 (radius: 10)
[02:21:17 -119251848.983549] SLOW spr round 3 (radius: 15)
[03:17:35 -119251848.983549] SLOW spr round 4 (radius: 20)
[03:54:34 -119251848.983549] SLOW spr round 5 (radius: 25)
[04:05:47 -119251848.983549] Model parameter optimization (eps = 0.100000)

[04:06:36] ML tree search #1, logLikelihood: -119251848.629371


Optimized model parameters:

   Partition 0: noname
   Rate heterogeneity: GAMMA (4 cats, mean),  alpha: 2.233744 (ML),  weights&rates: (0.250000,0.319667) (0.250000,0.677771) (0.250000,1.074872) (0.250000,1.927691) 
   Base frequencies (ML): 0.320772 0.243962 0.218733 0.216533 
   Substitution rates (ML): 1.091324 2.369152 1.423125 1.132523 5.899745 1.000000 


Final LogLikelihood: -119251848.629371

AIC score: 238504513.258742 / AICc score: 238504513.325497 / BIC score: 238509990.637718
Free parameters (model + branch lengths): 408

Best ML tree saved to: /expanse/lustre/projects/uot138/chaos/ASTERISK-sim/data/alignment/11_1X_S201_0_haploid.raxml.bestTree
Optimized model saved to: /expanse/lustre/projects/uot138/chaos/ASTERISK-sim/data/alignment/11_1X_S201_0_haploid.raxml.bestModel

Execution log saved to: /expanse/lustre/projects/uot138/chaos/ASTERISK-sim/data/alignment/11_1X_S201_0_haploid.raxml.log

Analysis started: 26-Dec-2022 16:51:18 / finished: 26-Dec-2022 20:57:56

Elapsed time: 14797.747 seconds

Consumed energy: 1714.681 Wh (= 9 km in an electric car, or 43 km with an e-scooter!)

