Weighted ASTRAL - Hybrid
Version: v1.13.2.3
#Genetrees: 2000
#Species: 201
#Rounds: 4
#Samples: 4
#Threads: 32
Use two-step algorithm!
Guide Tree 0/27
#NNI moves:0/236
Guide Tree 1/27
#NNI moves:0/236
Guide Tree 2/27
#NNI moves:0/236
Guide Tree 3/27
#NNI moves:1/236
Guide Tree 4/27
#NNI moves:0/236
Guide Tree 5/27
#NNI moves:0/236
Guide Tree 6/27
#NNI moves:0/236
Guide Tree 7/27
#NNI moves:0/236
Guide Tree 8/27
#NNI moves:0/236
Guide Tree 9/27
#NNI moves:0/236
Guide Tree 10/27
#NNI moves:0/236
Guide Tree 11/27
#NNI moves:0/236
Guide Tree 12/27
#NNI moves:0/236
Guide Tree 13/27
#NNI moves:0/236
Guide Tree 14/27
#NNI moves:0/236
Guide Tree 15/27
#NNI moves:0/236
Guide Tree 16/27
#NNI moves:0/236
Guide Tree 17/27
#NNI moves:0/236
Guide Tree 18/27
#NNI moves:0/236
Guide Tree 19/27
#NNI moves:3/236
Guide Tree 20/27
#NNI moves:0/236
Guide Tree 21/27
#NNI moves:0/236
Guide Tree 22/27
#NNI moves:0/236
Guide Tree 23/27
#NNI moves:1/236
Guide Tree 24/27
#NNI moves:0/236
Guide Tree 25/27
#NNI moves:0/236
Guide Tree 26/27
#NNI moves:0/236
Remaining: 0
#NNI moves:0/236
#NNI moves:0/236
(((((((((T118,T200),T135),T140),(T58,T128)),((((T144,T79),(T39,T33)),(T122,(T101,T71))),(((T75,(T98,T114)),T13),T7))),((((((T49,T165),(T94,T100)),T192),T76),T63),((((((T180,T110),T158),T36),(T10,T56)),T53),((T4,((T8,T68),(T5,T183))),((T89,T138),(T61,T106)))))),(((((T47,T11),T111),(((T172,T179),T19),(T197,T21))),((T52,T27),(((T145,T55),(T193,T116)),(T161,T72)))),T30)),(((((((((T148,(T48,T51)),T25),(T37,T160)),((((((T164,T173),T143),T23),T142),T82),T34)),(((T139,T50),((((T171,T84),(T96,T107)),(T1,T175)),T86)),T186)),T70),(((((((((T77,(T29,((T170,(T153,T17)),T90))),(T134,(T42,T130))),(T137,T169)),(((T159,T16),T9),((T120,(T88,T35)),T91))),((T54,T132),T15)),(((T109,T194),T46),T156)),((T85,((T65,T41),T24)),T152)),(((((T20,((((T191,T59),T187),T108),T92)),(T174,T147)),((((T189,T83),T188),T123),T3)),(((T155,T102),T163),T78)),(T6,(((T57,T131),T150),T119)))),((((((T162,(T149,((T146,T154),T167))),T151),T22),((T141,T12),T93)),((T26,T184),((T31,T185),T73))),T60))),((((((T125,T117),((((T104,T64),(T81,T195)),T198),T133)),((T38,T40),(((T127,(T14,T99)),T121),T43))),T196),((T129,((((T69,T28),T115),T103),T190)),((((T67,T176),(T199,T45)),T177),((((T166,T124),((T95,T168),T112)),(T2,((T44,T87),T178))),T105)))),(((T97,((T126,T181),(T182,T18))),((T157,T32),T74)),(((T80,T136),T113),T66)))),T0)),T62);
Guide Tree 0/27
#NNI moves:0/236
Guide Tree 1/27
#NNI moves:0/236
Guide Tree 2/27
#NNI moves:0/236
Guide Tree 3/27
#NNI moves:0/236
Guide Tree 4/27
#NNI moves:0/236
Guide Tree 5/27
#NNI moves:0/236
Guide Tree 6/27
#NNI moves:0/236
Guide Tree 7/27
#NNI moves:0/236
Guide Tree 8/27
#NNI moves:0/236
Guide Tree 9/27
#NNI moves:0/236
Guide Tree 10/27
#NNI moves:0/236
Guide Tree 11/27
#NNI moves:0/236
Guide Tree 12/27
#NNI moves:0/236
Guide Tree 13/27
#NNI moves:0/236
Guide Tree 14/27
#NNI moves:0/236
Guide Tree 15/27
#NNI moves:0/236
Guide Tree 16/27
#NNI moves:0/236
Guide Tree 17/27
#NNI moves:0/236
Guide Tree 18/27
#NNI moves:0/236
Guide Tree 19/27
#NNI moves:0/236
Guide Tree 20/27
#NNI moves:0/236
Guide Tree 21/27
#NNI moves:0/236
Guide Tree 22/27
#NNI moves:0/236
Guide Tree 23/27
#NNI moves:0/236
Guide Tree 24/27
#NNI moves:0/236
Guide Tree 25/27
#NNI moves:0/236
Guide Tree 26/27
#NNI moves:0/236
Remaining: 0
#NNI moves:0/236
#NNI moves:0/236
(((((((((((((((T42,T130),T134),(((T90,((T17,T153),T170)),T29),T77)),(T137,T169)),(((T16,T159),T9),(((T88,T35),T120),T91))),((T132,T54),T15)),(((T109,T194),T46),T156)),((((T65,T41),T24),T85),T152)),((((T3,((T188,(T83,T189)),T123)),((T174,T147),(((((T59,T191),T187),T108),T92),T20))),((T163,(T102,T155)),T78)),((T119,((T57,T131),T150)),T6))),(((((((T149,((T154,T146),T167)),T162),T151),T22),((T12,T141),T93)),((T184,T26),((T31,T185),T73))),T60)),(((((T82,(((T143,(T173,T164)),T23),T142)),T34),((T37,T160),(((T51,T48),T148),T25))),(((((T175,T1),((T171,T84),(T107,T96))),T86),(T139,T50)),T186)),T70)),((((((((T178,(T87,T44)),T2),((T112,(T95,T168)),(T124,T166))),T105),(T177,((T67,T176),(T45,T199)))),(((((T69,T28),T115),T103),T190),T129)),(((((((T195,T81),(T104,T64)),T198),T133),(T125,T117)),((T38,T40),((((T14,T99),T127),T121),T43))),T196)),((T66,((T136,T80),T113)),((T97,((T18,T182),(T126,T181))),((T157,T32),T74))))),T0),((((((((T8,T68),(T5,T183)),T4),((T106,T61),(T138,T89))),(((((T180,T110),T158),T36),(T10,T56)),T53)),(((((T94,T100),(T165,T49)),T192),T76),T63)),(((((T118,T200),T135),T140),(T58,T128)),(((((T114,T98),T75),T13),T7),(((T101,T71),T122),((T33,T39),(T144,T79)))))),((((T52,T27),(((T55,T145),(T193,T116)),(T161,T72))),(((T197,T21),((T172,T179),T19)),((T47,T11),T111))),T30))),T62);
Guide Tree 0/27
#NNI moves:0/236
Guide Tree 1/27
#NNI moves:0/236
Guide Tree 2/27
#NNI moves:0/236
Guide Tree 3/27
#NNI moves:0/236
Guide Tree 4/27
#NNI moves:0/236
Guide Tree 5/27
#NNI moves:0/236
Guide Tree 6/27
#NNI moves:0/236
Guide Tree 7/27
#NNI moves:0/236
Guide Tree 8/27
#NNI moves:0/236
Guide Tree 9/27
#NNI moves:0/236
Guide Tree 10/27
#NNI moves:0/236
Guide Tree 11/27
#NNI moves:0/236
Guide Tree 12/27
#NNI moves:0/236
Guide Tree 13/27
#NNI moves:0/236
Guide Tree 14/27
#NNI moves:0/236
Guide Tree 15/27
#NNI moves:0/236
Guide Tree 16/27
#NNI moves:0/236
Guide Tree 17/27
#NNI moves:0/236
Guide Tree 18/27
#NNI moves:0/236
Guide Tree 19/27
#NNI moves:0/236
Guide Tree 20/27
#NNI moves:0/236
Guide Tree 21/27
#NNI moves:0/236
Guide Tree 22/27
#NNI moves:0/236
Guide Tree 23/27
#NNI moves:0/236
Guide Tree 24/27
#NNI moves:0/236
Guide Tree 25/27
#NNI moves:0/236
Guide Tree 26/27
#NNI moves:0/236
Remaining: 0
#NNI moves:0/236
#NNI moves:0/236
(((((((((((T110,T180),T158),T36),(T56,T10)),T53),(((T106,T61),(T138,T89)),(((T5,T183),(T68,T8)),T4))),(((((T49,T165),(T94,T100)),T192),T76),T63)),(((T58,T128),(((T118,T200),T135),T140)),((T7,((T75,(T98,T114)),T13)),(((T101,T71),T122),((T144,T79),(T39,T33)))))),(((((T21,T197),((T172,T179),T19)),((T47,T11),T111)),((T52,T27),(((T193,T116),(T55,T145)),(T72,T161)))),T30)),((((((((((((((((T153,T17),T170),T90),T29),T77),(T134,(T42,T130))),(T169,T137)),(((T16,T159),T9),((T120,(T88,T35)),T91))),(T15,(T132,T54))),((T46,(T109,T194)),T156)),(((T24,(T65,T41)),T85),T152)),((((((T92,((T187,(T59,T191)),T108)),T20),(T147,T174)),(T3,(((T83,T189),T188),T123))),(((T102,T155),T163),T78)),((((T57,T131),T150),T119),T6))),((((((((T167,(T154,T146)),T149),T162),T151),T22),((T141,T12),T93)),((T26,T184),(T73,(T31,T185)))),T60)),(((((((T48,T51),T148),T25),(T37,T160)),((((T23,((T173,T164),T143)),T142),T82),T34)),((((((T96,T107),(T84,T171)),(T175,T1)),T86),(T50,T139)),T186)),T70)),(((((((((T87,T44),T178),T2),((T112,(T95,T168)),(T166,T124))),T105),(T177,((T67,T176),(T45,T199)))),(T129,(((T115,(T28,T69)),T103),T190))),(T196,((((((T64,T104),(T195,T81)),T198),T133),(T125,T117)),(((T121,((T14,T99),T127)),T43),(T38,T40))))),(((((T126,T181),(T182,T18)),T97),((T32,T157),T74)),(((T80,T136),T113),T66)))),T0)),T62);
Guide Tree 0/27
#NNI moves:0/236
Guide Tree 1/27
#NNI moves:0/236
Guide Tree 2/27
#NNI moves:0/236
Guide Tree 3/27
#NNI moves:0/236
Guide Tree 4/27
#NNI moves:0/236
Guide Tree 5/27
#NNI moves:0/236
Guide Tree 6/27
#NNI moves:0/236
Guide Tree 7/27
#NNI moves:1/236
Guide Tree 8/27
#NNI moves:0/236
Guide Tree 9/27
#NNI moves:0/236
Guide Tree 10/27
#NNI moves:1/236
Guide Tree 11/27
#NNI moves:0/236
Guide Tree 12/27
#NNI moves:0/236
Guide Tree 13/27
#NNI moves:0/236
Guide Tree 14/27
#NNI moves:0/236
Guide Tree 15/27
#NNI moves:0/236
Guide Tree 16/27
#NNI moves:0/236
Guide Tree 17/27
#NNI moves:0/236
Guide Tree 18/27
#NNI moves:0/236
Guide Tree 19/27
#NNI moves:0/236
Guide Tree 20/27
#NNI moves:0/236
Guide Tree 21/27
#NNI moves:0/236
Guide Tree 22/27
#NNI moves:0/236
Guide Tree 23/27
#NNI moves:0/236
Guide Tree 24/27
#NNI moves:0/236
Guide Tree 25/27
#NNI moves:0/236
Guide Tree 26/27
#NNI moves:0/236
Remaining: 0
#NNI moves:0/236
#NNI moves:0/236
(((((((((T138,T89),(T106,T61)),(T4,((T8,T68),(T183,T5)))),(((((T180,T110),T158),T36),(T56,T10)),T53)),(((((T100,T94),(T165,T49)),T192),T76),T63)),(((((T101,T71),T122),((T79,T144),(T33,T39))),(((T75,(T114,T98)),T13),T7)),((T58,T128),((T135,(T200,T118)),T140)))),(((((T72,T161),((T145,T55),(T116,T193))),(T27,T52)),(((T21,T197),((T172,T179),T19)),((T47,T11),T111))),T30)),(((((((((((T95,T168),T112),(T166,T124)),((T178,(T44,T87)),T2)),T105),(T177,((T199,T45),(T176,T67)))),((((T115,(T28,T69)),T103),T190),T129)),((((((T127,(T99,T14)),T121),T43),(T38,T40)),(((((T81,T195),(T104,T64)),T198),T133),(T117,T125))),T196)),((T66,((T80,T136),T113)),((T97,((T18,T182),(T181,T126))),((T157,T32),T74)))),((((((((T194,T109),T46),T156),((((T91,((T88,T35),T120)),((T16,T159),T9)),((((T130,T42),T134),(T77,(T29,(((T17,T153),T170),T90)))),(T169,T137))),((T132,T54),T15))),(((T24,(T65,T41)),T85),T152)),(((T119,((T131,T57),T150)),T6),((T78,(T163,(T155,T102))),(((T123,(T188,(T83,T189))),T3),(((((T187,(T59,T191)),T108),T92),T20),(T147,T174)))))),(((((((((T146,T154),T167),T149),T162),T151),T22),(T93,(T141,T12))),(((T185,T31),T73),(T184,T26))),T60)),(((T186,((((T1,T175),((T107,T96),(T84,T171))),T86),(T139,T50))),(((T160,T37),(((T48,T51),T148),T25)),(T34,(T82,(((T143,(T173,T164)),T23),T142))))),T70))),T0)),T62);
Initial score: 7.77277e+10
Initial tree: (((((((((T138,T89),(T106,T61)),(T4,((T8,T68),(T183,T5)))),(((((T180,T110),T158),T36),(T56,T10)),T53)),(((((T100,T94),(T165,T49)),T192),T76),T63)),(((((T101,T71),T122),((T79,T144),(T33,T39))),(((T75,(T114,T98)),T13),T7)),((T58,T128),((T135,(T200,T118)),T140)))),(((((T72,T161),((T145,T55),(T116,T193))),(T27,T52)),(((T21,T197),((T172,T179),T19)),((T47,T11),T111))),T30)),(((((((((((T95,T168),T112),(T166,T124)),((T178,(T44,T87)),T2)),T105),(T177,((T199,T45),(T176,T67)))),((((T115,(T28,T69)),T103),T190),T129)),((((((T127,(T99,T14)),T121),T43),(T38,T40)),(((((T81,T195),(T104,T64)),T198),T133),(T117,T125))),T196)),((T66,((T80,T136),T113)),((T97,((T18,T182),(T181,T126))),((T157,T32),T74)))),((((((((T194,T109),T46),T156),((((T91,((T88,T35),T120)),((T16,T159),T9)),((((T130,T42),T134),(T77,(T29,(((T17,T153),T170),T90)))),(T169,T137))),((T132,T54),T15))),(((T24,(T65,T41)),T85),T152)),(((T119,((T131,T57),T150)),T6),((T78,(T163,(T155,T102))),(((T123,(T188,(T83,T189))),T3),(((((T187,(T59,T191)),T108),T92),T20),(T147,T174)))))),(((((((((T146,T154),T167),T149),T162),T151),T22),(T93,(T141,T12))),(((T185,T31),T73),(T184,T26))),T60)),(((T186,((((T1,T175),((T107,T96),(T84,T171))),T86),(T139,T50))),(((T160,T37),(((T48,T51),T148),T25)),(T34,(T82,(((T143,(T173,T164)),T23),T142))))),T70))),T0)),T62);
*** Subsample Process ***
Use two-step algorithm!
#NNI moves:0/236
Remaining: 0
#NNI moves:0/236
#NNI moves:0/236
(((((((((((((((((((T9,(T16,T159)),((T120,(T35,T88)),T91)),((((T42,T130),T134),(((((T153,T17),T170),T90),T29),T77)),(T169,T137))),((T132,T54),T15)),(((T109,T194),T46),T156)),((((T65,T41),T24),T85),T152)),(((((T102,T155),T163),T78),((((T188,(T83,T189)),T123),T3),((T20,(T92,((T187,(T59,T191)),T108))),(T147,T174)))),((T119,(T150,(T131,T57))),T6))),(((((T141,T12),T93),((T151,((((T146,T154),T167),T149),T162)),T22)),((T184,T26),((T185,T31),T73))),T60)),(((((T160,T37),((T148,(T51,T48)),T25)),(T34,((((T143,(T173,T164)),T23),T142),T82))),((((((T171,T84),(T107,T96)),(T175,T1)),T86),(T139,T50)),T186)),T70)),((((((((T124,T166),(T112,(T168,T95))),((T178,(T44,T87)),T2)),T105),(((T199,T45),(T67,T176)),T177)),(T129,((((T28,T69),T115),T103),T190))),(((((((T81,T195),(T104,T64)),T198),T133),(T125,T117)),(((((T99,T14),T127),T121),T43),(T40,T38))),T196)),((T66,((T80,T136),T113)),((((T18,T182),(T126,T181)),T97),(T74,(T157,T32)))))),T0),T62),(((((T161,T72),((T116,T193),(T55,T145))),(T27,T52)),((T111,(T47,T11)),(((T179,T172),T19),(T197,T21)))),T30)),(((((T39,T33),(T144,T79)),((T101,T71),T122)),((((T98,T114),T75),T13),T7)),((T128,T58),(((T200,T118),T135),T140)))),(((((T49,T165),(T100,T94)),T192),T76),T63)),(((T10,T56),(((T110,T180),T158),T36)),T53)),((T61,T106),(T89,T138))),((T183,T5),(T68,T8))),T4);
#NNI moves:0/236
Remaining: 0
#NNI moves:0/236
#NNI moves:0/236
((((((((((((((((((((T161,T72),((T116,T193),(T55,T145))),(T52,T27)),(((T11,T47),T111),((T19,(T179,T172)),(T21,T197)))),T30),((((((T138,T89),(T106,T61)),(T4,((T183,T5),(T68,T8)))),((((T158,(T180,T110)),T36),(T56,T10)),T53)),((T76,(T192,((T94,T100),(T165,T49)))),T63)),(((((T144,T79),(T39,T33)),((T101,T71),T122)),(((T75,(T98,T114)),T13),T7)),((((T200,T118),T135),T140),(T128,T58))))),T62),T0),(((((((((T99,T14),T127),T121),T43),(T38,T40)),(((T198,((T195,T81),(T104,T64))),T133),(T125,T117))),T196),(((((((T87,T44),T178),T2),((T112,(T168,T95)),(T124,T166))),T105),(((T176,T67),(T199,T45)),T177)),(((((T28,T69),T115),T103),T190),T129))),(((((T182,T18),(T126,T181)),T97),((T32,T157),T74)),(((T80,T136),T113),T66)))),(((((((((T164,T173),T143),T23),T142),T82),T34),((T25,(T148,(T51,T48))),(T37,T160))),(((T86,(((T84,T171),(T96,T107)),(T1,T175))),(T139,T50)),T186)),T70)),((((T184,T26),((T31,T185),T73)),(((T141,T12),T93),((((T149,(T167,(T146,T154))),T162),T151),T22))),T60)),(((((T123,((T83,T189),T188)),T3),(((((T187,(T191,T59)),T108),T92),T20),(T147,T174))),(((T155,T102),T163),T78)),(((T150,(T57,T131)),T119),T6))),((((T65,T41),T24),T85),T152)),((T46,(T109,T194)),T156)),((T54,T132),T15)),(((((((T17,T153),T170),T90),T29),T77),((T130,T42),T134)),(T169,T137))),((T120,(T88,T35)),T91)),T9),T16),T159);
#NNI moves:0/236
Remaining: 0
#NNI moves:1/236
#NNI moves:1/236
(((((((((((((((((((((T123,((T189,T83),T188)),T3),((((((T59,T191),T187),T108),T92),T20),(T174,T147))),(((T102,T155),T163),T78)),((((T57,T131),T150),T119),T6)),(((((T109,T194),T46),T156),((((((T42,T130),T134),((T29,(((T153,T17),T170),T90)),T77)),(T137,T169)),((T9,(T159,T16)),((T120,(T35,T88)),T91))),((T54,T132),T15))),(T152,(((T65,T41),T24),T85)))),((((T93,(T141,T12)),((((T149,((T154,T146),T167)),T162),T151),T22)),(((T185,T31),T73),(T184,T26))),T60)),((((((T148,(T51,T48)),T25),(T160,T37)),(T34,(((((T164,T173),T143),T23),T142),T82))),(((T86,(((T107,T96),(T171,T84)),(T1,T175))),(T50,T139)),T186)),T70)),((((((((T166,T124),((T95,T168),T112)),(T2,((T87,T44),T178))),T105),(T177,((T176,T67),(T45,T199)))),(((((T28,T69),T115),T103),T190),T129)),(((((((T104,T64),(T81,T195)),T198),T133),(T125,T117)),(((((T99,T14),T127),T121),T43),(T38,T40))),T196)),(((((T126,T181),(T18,T182)),T97),((T32,T157),T74)),(((T80,T136),T113),T66)))),T0),T62),((((((T193,T116),(T55,T145)),(T161,T72)),(T52,T27)),(((T197,T21),((T172,T179),T19)),((T47,T11),T111))),T30)),((((T13,(T75,(T98,T114))),T7),((T122,(T71,T101)),((T144,T79),(T33,T39)))),((T140,(T135,(T118,T200))),(T58,T128)))),(((T192,((T49,T165),(T100,T94))),T76),T63)),((((T5,T183),(T8,T68)),T4),((T106,T61),(T89,T138)))),T53),(T56,T10)),T36),T158),T110),T180);
#NNI moves:0/236
Remaining: 0
#NNI moves:0/236
#NNI moves:0/236
((((((((((((((((((((T114,T98),T75),T13),T7),(((T33,T39),(T144,T79)),(T122,(T101,T71)))),((T140,((T200,T118),T135)),(T58,T128))),((((((T183,T5),(T68,T8)),T4),((T106,T61),(T89,T138))),(((T10,T56),(T36,((T180,T110),T158))),T53)),(((((T94,T100),(T49,T165)),T192),T76),T63))),(((((T21,T197),((T179,T172),T19)),((T47,T11),T111)),(((T72,T161),((T55,T145),(T116,T193))),(T27,T52))),T30)),T62),T0),((((T129,((T103,((T28,T69),T115)),T190)),(((((T178,(T44,T87)),T2),(((T95,T168),T112),(T124,T166))),T105),(((T45,T199),(T67,T176)),T177))),((((T133,(T198,((T195,T81),(T64,T104)))),(T117,T125)),((T38,T40),((T121,((T14,T99),T127)),T43))),T196)),(((((T126,T181),(T18,T182)),T97),(T74,(T157,T32))),(((T80,T136),T113),T66)))),((((((((T96,T107),(T84,T171)),(T175,T1)),T86),(T50,T139)),T186),(((T160,T37),(((T51,T48),T148),T25)),((T82,((((T173,T164),T143),T23),T142)),T34))),T70)),(((((((T149,((T146,T154),T167)),T162),T151),T22),(T93,(T141,T12))),(((T31,T185),T73),(T184,T26))),T60)),(((((((T134,(T42,T130)),(T77,(((T170,(T153,T17)),T90),T29))),(T137,T169)),((((T35,T88),T120),T91),((T159,T16),T9))),(T15,(T54,T132))),(T156,((T109,T194),T46))),((T85,((T41,T65),T24)),T152))),((T119,(T150,(T57,T131))),T6)),((T163,(T155,T102)),T78)),(((T188,(T189,T83)),T123),T3)),(T147,T174)),(T92,(T108,(T187,(T59,T191))))),T20);
Current score: 7.77277e+10
Current tree: ((((((((((T114,T98),T75),T13),T7),(((T33,T39),(T144,T79)),(T122,(T101,T71)))),((T140,((T200,T118),T135)),(T58,T128))),((((((T183,T5),(T68,T8)),T4),((T106,T61),(T89,T138))),(((T10,T56),(T36,((T180,T110),T158))),T53)),(((((T94,T100),(T49,T165)),T192),T76),T63))),(((((T21,T197),((T179,T172),T19)),((T47,T11),T111)),(((T72,T161),((T55,T145),(T116,T193))),(T27,T52))),T30)),(T0,(((((T129,((T103,((T28,T69),T115)),T190)),(((((T178,(T44,T87)),T2),(((T95,T168),T112),(T124,T166))),T105),(((T45,T199),(T67,T176)),T177))),((((T133,(T198,((T195,T81),(T64,T104)))),(T117,T125)),((T38,T40),((T121,((T14,T99),T127)),T43))),T196)),(((((T126,T181),(T18,T182)),T97),(T74,(T157,T32))),(((T80,T136),T113),T66))),(((((((((T96,T107),(T84,T171)),(T175,T1)),T86),(T50,T139)),T186),(((T160,T37),(((T51,T48),T148),T25)),((T82,((((T173,T164),T143),T23),T142)),T34))),T70),((((((((T149,((T146,T154),T167)),T162),T151),T22),(T93,(T141,T12))),(((T31,T185),T73),(T184,T26))),T60),((((((((T134,(T42,T130)),(T77,(((T170,(T153,T17)),T90),T29))),(T137,T169)),((((T35,T88),T120),T91),((T159,T16),T9))),(T15,(T54,T132))),(T156,((T109,T194),T46))),((T85,((T41,T65),T24)),T152)),(((T119,(T150,(T57,T131))),T6),(((T163,(T155,T102)),T78),((((T188,(T189,T83)),T123),T3),((T147,T174),((T92,(T108,(T187,(T59,T191)))),T20))))))))))),T62);
Use two-step algorithm!
#NNI moves:0/236
Remaining: 0
#NNI moves:0/236
#NNI moves:0/236
((((((((((((((((((((((((T170,(T153,T17)),T90),T29),T77),((T42,T130),T134)),(T137,T169)),(((T120,(T88,T35)),T91),((T159,T16),T9))),(T15,(T132,T54))),(T156,((T194,T109),T46))),((((T41,T65),T24),T85),T152)),(((((((T83,T189),T188),T123),T3),((((((T191,T59),T187),T108),T92),T20),(T174,T147))),((T163,(T102,T155)),T78)),((((T131,T57),T150),T119),T6))),(((((((((T154,T146),T167),T149),T162),T151),T22),((T141,T12),T93)),(((T31,T185),T73),(T184,T26))),T60)),((((((((T84,T171),(T96,T107)),(T175,T1)),T86),(T139,T50)),T186),((((T148,(T48,T51)),T25),(T160,T37)),((((((T164,T173),T143),T23),T142),T82),T34))),T70)),(((((((((T87,T44),T178),T2),((T112,(T168,T95)),(T166,T124))),T105),(((T176,T67),(T199,T45)),T177)),(((((T69,T28),T115),T103),T190),T129)),((((T117,T125),((((T64,T104),(T195,T81)),T198),T133)),((((T127,(T14,T99)),T121),T43),(T40,T38))),T196)),(((T74,(T32,T157)),(((T18,T182),(T181,T126)),T97)),(((T80,T136),T113),T66)))),T0),T62),(((((T161,T72),((T145,T55),(T193,T116))),(T52,T27)),((((T179,T172),T19),(T197,T21)),((T11,T47),T111))),T30)),((((((T5,T183),(T68,T8)),T4),((T138,T89),(T61,T106))),(((T56,T10),(((T180,T110),T158),T36)),T53)),(((((T100,T94),(T165,T49)),T192),T76),T63))),(((T135,(T200,T118)),T140),(T58,T128))),(((T75,(T98,T114)),T13),T7)),(T122,(T71,T101))),(T39,T33)),T79),T144);
#NNI moves:0/236
Remaining: 0
#NNI moves:0/236
#NNI moves:0/236
(((((((((((((((((((((T87,T44),T178),T2),((T166,T124),((T95,T168),T112))),T105),(((T199,T45),(T67,T176)),T177)),((((T115,(T69,T28)),T103),T190),T129)),((((T117,T125),(T133,(((T81,T195),(T104,T64)),T198))),((T38,T40),((((T99,T14),T127),T121),T43))),T196)),(((T113,(T80,T136)),T66),(((T157,T32),T74),(((T182,T18),(T126,T181)),T97)))),((((((((((T8,T68),(T5,T183)),T4),((T61,T106),(T89,T138))),(((T56,T10),(((T110,T180),T158),T36)),T53)),((T76,(((T49,T165),(T94,T100)),T192)),T63)),(((T140,(T135,(T118,T200))),(T58,T128)),((((T39,T33),(T144,T79)),((T101,T71),T122)),((T13,(T75,(T98,T114))),T7)))),((((T111,(T11,T47)),((T21,T197),(T19,(T172,T179)))),((((T193,T116),(T55,T145)),(T161,T72)),(T27,T52))),T30)),T62),T0)),(((((((T48,T51),T148),T25),(T37,T160)),(T34,(((((T164,T173),T143),T23),T142),T82))),((((((T96,T107),(T84,T171)),(T175,T1)),T86),(T139,T50)),T186)),T70)),((((((((T167,(T154,T146)),T149),T162),T151),T22),((T141,T12),T93)),(((T31,T185),T73),(T184,T26))),T60)),((((T150,(T57,T131)),T119),T6),((((T123,((T83,T189),T188)),T3),((((((T191,T59),T187),T108),T92),T20),(T174,T147))),((T163,(T102,T155)),T78)))),((((T41,T65),T24),T85),T152)),(T156,((T109,T194),T46))),((T54,T132),T15)),((((T35,T88),T120),T91),(T9,(T159,T16)))),(T137,T169)),(((T90,((T17,T153),T170)),T29),T77)),(T42,T130)),T134);
#NNI moves:0/236
Remaining: 0
#NNI moves:0/236
#NNI moves:0/236
((((((((((((((((((((((((((T17,T153),T170),T90),T29),T77),((T130,T42),T134)),(T169,T137)),((((T88,T35),T120),T91),((T159,T16),T9))),((T54,T132),T15)),(T156,(T46,(T109,T194)))),((T85,((T65,T41),T24)),T152)),(((((T123,((T189,T83),T188)),T3),((((((T59,T191),T187),T108),T92),T20),(T147,T174))),(T78,(T163,(T155,T102)))),(((T150,(T131,T57)),T119),T6))),((((T93,(T141,T12)),((((((T154,T146),T167),T149),T162),T151),T22)),((T26,T184),((T31,T185),T73))),T60)),((((((((T171,T84),(T96,T107)),(T1,T175)),T86),(T50,T139)),T186),((((T148,(T48,T51)),T25),(T160,T37)),((((T23,((T173,T164),T143)),T142),T82),T34))),T70)),((((((((T178,(T44,T87)),T2),((T124,T166),((T168,T95),T112))),T105),(((T45,T199),(T176,T67)),T177)),(T129,((T103,(T115,(T69,T28))),T190))),(((((((T195,T81),(T104,T64)),T198),T133),(T117,T125)),((T43,((T127,(T14,T99)),T121)),(T38,T40))),T196)),((T66,(T113,(T80,T136))),((T97,((T18,T182),(T126,T181))),(T74,(T157,T32)))))),T0),T62),((((((T179,T172),T19),(T21,T197)),((T47,T11),T111)),((T27,T52),((T72,T161),((T55,T145),(T193,T116))))),T30)),((((((T98,T114),T75),T13),T7),(((T144,T79),(T39,T33)),((T101,T71),T122))),((T58,T128),(T140,(T135,(T118,T200)))))),(((((T100,T94),(T165,T49)),T192),T76),T63)),(((T10,T56),(T36,((T180,T110),T158))),T53)),((T89,T138),(T106,T61))),T4),(T8,T68)),T5),T183);
#NNI moves:0/236
Remaining: 0
#NNI moves:0/236
#NNI moves:0/236
(((((((((((((((((((((((T71,T101),T122),((T79,T144),(T39,T33))),(T7,(((T114,T98),T75),T13))),((T128,T58),(T140,(T135,(T118,T200))))),((T63,((((T165,T49),(T94,T100)),T192),T76)),((((T10,T56),(((T180,T110),T158),T36)),T53),((((T8,T68),(T183,T5)),T4),((T61,T106),(T89,T138)))))),((((((T145,T55),(T193,T116)),(T72,T161)),(T27,T52)),((((T179,T172),T19),(T197,T21)),((T11,T47),T111))),T30)),T62),T0),(((((T80,T136),T113),T66),((((T182,T18),(T126,T181)),T97),((T157,T32),T74))),(((((((T166,T124),(T112,(T95,T168))),(((T44,T87),T178),T2)),T105),(((T176,T67),(T45,T199)),T177)),(T129,((((T28,T69),T115),T103),T190))),((((T133,(((T81,T195),(T64,T104)),T198)),(T117,T125)),(((((T14,T99),T127),T121),T43),(T40,T38))),T196)))),((((((((T171,T84),(T96,T107)),(T1,T175)),T86),(T50,T139)),T186),(((T25,((T51,T48),T148)),(T160,T37)),(((T142,((T143,(T164,T173)),T23)),T82),T34))),T70)),(((((T31,T185),T73),(T26,T184)),((T22,((T162,(((T146,T154),T167),T149)),T151)),((T12,T141),T93))),T60)),(((((T123,((T189,T83),T188)),T3),((((T108,((T59,T191),T187)),T92),T20),(T147,T174))),(((T102,T155),T163),T78)),((((T131,T57),T150),T119),T6))),(T152,(((T41,T65),T24),T85))),(((T194,T109),T46),T156)),((T54,T132),T15)),(((T120,(T88,T35)),T91),((T16,T159),T9))),(T169,T137)),((T130,T42),T134)),T77),T29),(T170,(T153,T17))),T90);
Current score: 7.77277e+10
Current tree: (((((((((T71,T101),T122),((T79,T144),(T39,T33))),(T7,(((T114,T98),T75),T13))),((T128,T58),(T140,(T135,(T118,T200))))),((T63,((((T165,T49),(T94,T100)),T192),T76)),((((T10,T56),(((T180,T110),T158),T36)),T53),((((T8,T68),(T183,T5)),T4),((T61,T106),(T89,T138)))))),((((((T145,T55),(T193,T116)),(T72,T161)),(T27,T52)),((((T179,T172),T19),(T197,T21)),((T11,T47),T111))),T30)),(T0,((((((T80,T136),T113),T66),((((T182,T18),(T126,T181)),T97),((T157,T32),T74))),(((((((T166,T124),(T112,(T95,T168))),(((T44,T87),T178),T2)),T105),(((T176,T67),(T45,T199)),T177)),(T129,((((T28,T69),T115),T103),T190))),((((T133,(((T81,T195),(T64,T104)),T198)),(T117,T125)),(((((T14,T99),T127),T121),T43),(T40,T38))),T196))),(((((((((T171,T84),(T96,T107)),(T1,T175)),T86),(T50,T139)),T186),(((T25,((T51,T48),T148)),(T160,T37)),(((T142,((T143,(T164,T173)),T23)),T82),T34))),T70),((((((T31,T185),T73),(T26,T184)),((T22,((T162,(((T146,T154),T167),T149)),T151)),((T12,T141),T93))),T60),((((((T123,((T189,T83),T188)),T3),((((T108,((T59,T191),T187)),T92),T20),(T147,T174))),(((T102,T155),T163),T78)),((((T131,T57),T150),T119),T6)),((T152,(((T41,T65),T24),T85)),((((T194,T109),T46),T156),(((T54,T132),T15),((((T120,(T88,T35)),T91),((T16,T159),T9)),((T169,T137),(((T130,T42),T134),(T77,(T29,((T170,(T153,T17)),T90))))))))))))))),T62);
Use two-step algorithm!
#NNI moves:0/236
Remaining: 0
#NNI moves:6/236
#NNI moves:6/236
(((((((((((((((((((T194,T109),T46),T156),((((((T29,((T170,(T153,T17)),T90)),T77),((T130,T42),T134)),(T169,T137)),(((T159,T16),T9),(((T35,T88),T120),T91))),(T15,(T54,T132)))),(T152,(T85,(T24,(T41,T65))))),(((((T174,T147),((((T187,(T191,T59)),T108),T92),T20)),((((T189,T83),T188),T123),T3)),(((T155,T102),T163),T78)),((((T131,T57),T150),T119),T6))),((((T22,((((T167,(T154,T146)),T149),T162),T151)),((T141,T12),T93)),(((T185,T31),T73),(T26,T184))),T60)),(((((T160,T37),(((T51,T48),T148),T25)),((((((T173,T164),T143),T23),T142),T82),T34)),(((((T1,T175),((T171,T84),(T96,T107))),T86),(T139,T50)),T186)),T70)),(((((((((T14,T99),T127),T121),T43),(T40,T38)),(((((T195,T81),(T64,T104)),T198),T133),(T117,T125))),T196),((((((T69,T28),T115),T103),T190),T129),((((T67,T176),(T199,T45)),T177),(((T2,(T178,(T87,T44))),((T112,(T95,T168)),(T166,T124))),T105)))),(((((T182,T18),(T181,T126)),T97),((T32,T157),T74)),(((T136,T80),T113),T66)))),T0),T62),(((((T11,T47),T111),(((T179,T172),T19),(T21,T197))),((T27,T52),(((T145,T55),(T193,T116)),(T72,T161)))),T30)),(((((T36,(T158,(T110,T180))),(T56,T10)),T53),(((T138,T89),(T106,T61)),(((T8,T68),(T5,T183)),T4))),((T76,(T192,((T100,T94),(T49,T165)))),T63))),((T140,((T118,T200),T135)),(T128,T58))),(((T75,(T114,T98)),T13),T7)),((T101,T71),T122)),(T144,T79)),T39),T33);
#NNI moves:0/236
Remaining: 0
#NNI moves:0/236
#NNI moves:0/236
(((((((((((((((((((((T180,T110),T158),T36),(T56,T10)),T53),((((T183,T5),(T8,T68)),T4),((T89,T138),(T106,T61)))),(((((T100,T94),(T165,T49)),T192),T76),T63)),(((((T71,T101),T122),((T39,T33),(T79,T144))),((((T114,T98),T75),T13),T7)),((T128,T58),(((T200,T118),T135),T140)))),(((((T11,T47),T111),((T19,(T179,T172)),(T197,T21))),(((T72,T161),((T193,T116),(T145,T55))),(T27,T52))),T30)),T62),T0),(((((((((T99,T14),T127),T121),T43),(T40,T38)),(((T198,((T195,T81),(T104,T64))),T133),(T117,T125))),T196),(((T190,(T103,((T28,T69),T115))),T129),((((T67,T176),(T45,T199)),T177),((((T112,(T168,T95)),(T166,T124)),(((T87,T44),T178),T2)),T105)))),(((((T181,T126),(T182,T18)),T97),((T32,T157),T74)),((T113,(T80,T136)),T66)))),(((((((T48,T51),T148),T25),(T37,T160)),(((((T143,(T164,T173)),T23),T142),T82),T34)),((((((T171,T84),(T107,T96)),(T1,T175)),T86),(T139,T50)),T186)),T70)),(((((((T149,((T154,T146),T167)),T162),T151),T22),((T141,T12),T93)),(((T31,T185),T73),(T26,T184))),T60)),((((T3,((T188,(T189,T83)),T123)),(((T92,(((T59,T191),T187),T108)),T20),(T147,T174))),(T78,((T102,T155),T163))),((((T57,T131),T150),T119),T6))),((((T41,T65),T24),T85),T152)),((((((((T170,(T17,T153)),T90),T29),T77),((T130,T42),T134)),(T137,T169)),((T9,(T16,T159)),(((T88,T35),T120),T91))),((T132,T54),T15))),T156),T46),T109),T194);
#NNI moves:0/236
Remaining: 0
#NNI moves:0/236
#NNI moves:0/236
(((((((((T138,T89),(T106,T61)),(((T8,T68),(T183,T5)),T4)),(((((T180,T110),T158),T36),(T10,T56)),T53)),((T76,(((T94,T100),(T49,T165)),T192)),T63)),(((T128,T58),(((T118,T200),T135),T140)),((((T144,T79),(T39,T33)),((T71,T101),T122)),((((T98,T114),T75),T13),T7)))),((((((T193,T116),(T145,T55)),(T72,T161)),(T52,T27)),(((T11,T47),T111),(((T172,T179),T19),(T21,T197)))),T30)),((((((((((T147,T174),((((T187,(T191,T59)),T108),T92),T20)),(T3,(T123,(T188,(T189,T83))))),((T163,(T102,T155)),T78)),((T119,((T131,T57),T150)),T6)),((((T24,(T65,T41)),T85),T152),((((((T77,(((T170,(T17,T153)),T90),T29)),(T134,(T42,T130))),(T169,T137)),(((T16,T159),T9),(T91,((T88,T35),T120)))),((T132,T54),T15)),(((T194,T109),T46),T156)))),(((((T12,T141),T93),(((((T167,(T154,T146)),T149),T162),T151),T22)),((T73,(T185,T31)),(T26,T184))),T60)),(((((((((T164,T173),T143),T23),T142),T82),T34),((((T51,T48),T148),T25),(T160,T37))),((((((T171,T84),(T96,T107)),(T175,T1)),T86),(T139,T50)),T186)),T70)),(((((((((T81,T195),(T104,T64)),T198),T133),(T117,T125)),(((((T14,T99),T127),T121),T43),(T38,T40))),T196),((((((T124,T166),(T112,(T95,T168))),(((T44,T87),T178),T2)),T105),(((T45,T199),(T176,T67)),T177)),(T129,(((T115,(T28,T69)),T103),T190)))),((((T80,T136),T113),T66),(((T157,T32),T74),(((T126,T181),(T18,T182)),T97))))),T0)),T62);
#NNI moves:0/236
Remaining: 0
#NNI moves:0/236
#NNI moves:0/236
((((((((((((((((((((((T91,((T35,T88),T120)),((T16,T159),T9)),((T169,T137),((((T90,((T17,T153),T170)),T29),T77),(T134,(T130,T42))))),((T132,T54),T15)),((T46,(T109,T194)),T156)),(((T24,(T41,T65)),T85),T152)),(((((T147,T174),(((T108,((T59,T191),T187)),T92),T20)),((((T189,T83),T188),T123),T3)),(((T102,T155),T163),T78)),((((T57,T131),T150),T119),T6))),(((((((T149,(T167,(T154,T146))),T162),T151),T22),((T141,T12),T93)),((T26,T184),((T185,T31),T73))),T60)),((((T34,((((T143,(T173,T164)),T23),T142),T82)),((((T48,T51),T148),T25),(T160,T37))),((((((T107,T96),(T84,T171)),(T175,T1)),T86),(T139,T50)),T186)),T70)),(((((((T45,T199),(T67,T176)),T177),(((((T44,T87),T178),T2),(((T95,T168),T112),(T124,T166))),T105)),(T129,(((T115,(T69,T28)),T103),T190))),((((((T127,(T99,T14)),T121),T43),(T40,T38)),((T117,T125),((((T81,T195),(T104,T64)),T198),T133))),T196)),(((((T126,T181),(T18,T182)),T97),((T32,T157),T74)),(((T136,T80),T113),T66)))),T0),T62),(((((T72,T161),((T193,T116),(T145,T55))),(T27,T52)),(((T197,T21),((T172,T179),T19)),((T47,T11),T111))),T30)),((((T135,(T118,T200)),T140),(T58,T128)),((((T33,T39),(T79,T144)),(T122,(T71,T101))),((((T98,T114),T75),T13),T7)))),(((((T165,T49),(T100,T94)),T192),T76),T63)),((T4,((T68,T8),(T183,T5))),((T61,T106),(T138,T89)))),T53),(T10,T56)),T36),T158),T110),T180);
Current score: 7.77277e+10
Current tree: (((((((((((((T91,((T35,T88),T120)),((T16,T159),T9)),((T169,T137),((((T90,((T17,T153),T170)),T29),T77),(T134,(T130,T42))))),((T132,T54),T15)),((T46,(T109,T194)),T156)),(((T24,(T41,T65)),T85),T152)),(((((T147,T174),(((T108,((T59,T191),T187)),T92),T20)),((((T189,T83),T188),T123),T3)),(((T102,T155),T163),T78)),((((T57,T131),T150),T119),T6))),(((((((T149,(T167,(T154,T146))),T162),T151),T22),((T141,T12),T93)),((T26,T184),((T185,T31),T73))),T60)),((((T34,((((T143,(T173,T164)),T23),T142),T82)),((((T48,T51),T148),T25),(T160,T37))),((((((T107,T96),(T84,T171)),(T175,T1)),T86),(T139,T50)),T186)),T70)),(((((((T45,T199),(T67,T176)),T177),(((((T44,T87),T178),T2),(((T95,T168),T112),(T124,T166))),T105)),(T129,(((T115,(T69,T28)),T103),T190))),((((((T127,(T99,T14)),T121),T43),(T40,T38)),((T117,T125),((((T81,T195),(T104,T64)),T198),T133))),T196)),(((((T126,T181),(T18,T182)),T97),((T32,T157),T74)),(((T136,T80),T113),T66)))),T0),((((((T72,T161),((T193,T116),(T145,T55))),(T27,T52)),(((T197,T21),((T172,T179),T19)),((T47,T11),T111))),T30),(((((T135,(T118,T200)),T140),(T58,T128)),((((T33,T39),(T79,T144)),(T122,(T71,T101))),((((T98,T114),T75),T13),T7))),((((((T165,T49),(T100,T94)),T192),T76),T63),(((T4,((T68,T8),(T183,T5))),((T61,T106),(T138,T89))),(T53,((T10,T56),(T36,(T158,(T110,T180)))))))))),T62);
Final Tree: (((((((((((((T91,((T35,T88),T120)),((T16,T159),T9)),((T169,T137),((((T90,((T17,T153),T170)),T29),T77),(T134,(T130,T42))))),((T132,T54),T15)),((T46,(T109,T194)),T156)),(((T24,(T41,T65)),T85),T152)),(((((T147,T174),(((T108,((T59,T191),T187)),T92),T20)),((((T189,T83),T188),T123),T3)),(((T102,T155),T163),T78)),((((T57,T131),T150),T119),T6))),(((((((T149,(T167,(T154,T146))),T162),T151),T22),((T141,T12),T93)),((T26,T184),((T185,T31),T73))),T60)),((((T34,((((T143,(T173,T164)),T23),T142),T82)),((((T48,T51),T148),T25),(T160,T37))),((((((T107,T96),(T84,T171)),(T175,T1)),T86),(T139,T50)),T186)),T70)),(((((((T45,T199),(T67,T176)),T177),(((((T44,T87),T178),T2),(((T95,T168),T112),(T124,T166))),T105)),(T129,(((T115,(T69,T28)),T103),T190))),((((((T127,(T99,T14)),T121),T43),(T40,T38)),((T117,T125),((((T81,T195),(T104,T64)),T198),T133))),T196)),(((((T126,T181),(T18,T182)),T97),((T32,T157),T74)),(((T136,T80),T113),T66)))),T0),((((((T72,T161),((T193,T116),(T145,T55))),(T27,T52)),(((T197,T21),((T172,T179),T19)),((T47,T11),T111))),T30),(((((T135,(T118,T200)),T140),(T58,T128)),((((T33,T39),(T79,T144)),(T122,(T71,T101))),((((T98,T114),T75),T13),T7))),((((((T165,T49),(T100,T94)),T192),T76),T63),(((T4,((T68,T8),(T183,T5))),((T61,T106),(T138,T89))),(T53,((T10,T56),(T36,(T158,(T110,T180)))))))))),T62);
Score: 7.772772284e+10

real	1m15.244s
user	29m3.101s
sys	0m17.276s
