
RAxML-NG v. 1.1.0-master released on 04.08.2022 by The Exelixis Lab.
Developed by: Alexey M. Kozlov and Alexandros Stamatakis.
Contributors: Diego Darriba, Tomas Flouri, Benoit Morel, Sarah Lutteropp, Ben Bettisworth.
Latest version: https://github.com/amkozlov/raxml-ng
Questions/problems/suggestions? Please visit: https://groups.google.com/forum/#!forum/raxml

System: AMD EPYC 7742 64-Core Processor, 128 cores, 251 GB RAM

RAxML-NG was called at 26-Dec-2022 16:51:18 as follows:

/home/chaos/programs/raxml-ng/raxml-ng/bin/raxml-ng --msa data/alignment/13_1X_S201_0_haploid --tree pars{1} --model GTR+G --threads 64

Analysis options:
  run mode: ML tree search
  start tree(s): parsimony (1)
  random seed: 1672102278
  tip-inner: OFF
  pattern compression: ON
  per-rate scalers: OFF
  site repeats: ON
  fast spr radius: AUTO
  spr subtree cutoff: 1.000000
  branch lengths: proportional (ML estimate, algorithm: NR-FAST)
  SIMD kernels: AVX2
  parallelization: coarse-grained (auto), PTHREADS (64 threads), thread pinning: OFF

[00:00:00] Reading alignment from file: data/alignment/13_1X_S201_0_haploid
[00:00:03] Loaded alignment with 201 taxa and 5000000 sites

Alignment comprises 1 partitions and 3112411 patterns

Partition 0: noname
Model: GTR+FO+G4m
Alignment sites / patterns: 5000000 / 3112411
Gaps: 0.00 %
Invariant sites: 15.90 %


NOTE: Binary MSA file created: data/alignment/13_1X_S201_0_haploid.raxml.rba

Parallelization scheme autoconfig: 1 worker(s) x 64 thread(s)

Parallel reduction/worker buffer size: 1 KB  / 0 KB

[00:00:22] Generating 1 parsimony starting tree(s) with 201 taxa
[00:00:46] Data distribution: max. partitions/sites/weight per thread: 1 / 48632 / 778112
[00:00:46] Data distribution: max. searches per worker: 1

Starting ML tree search with 1 distinct starting trees

[00:00:48 -150258919.836862] Initial branch length optimization
[00:02:03 -133110421.282048] Model parameter optimization (eps = 10.000000)
[00:07:38 -126778526.856230] AUTODETECT spr round 1 (radius: 5)
[00:12:36 -126713682.774954] AUTODETECT spr round 2 (radius: 10)
[00:29:54 -126713682.765483] SPR radius for FAST iterations: 5 (autodetect)
[00:29:54 -126713682.765483] Model parameter optimization (eps = 3.000000)
[00:30:09 -126713680.260762] FAST spr round 1 (radius: 5)
[00:38:29 -126712930.643093] FAST spr round 2 (radius: 5)
[00:47:21 -126712775.042097] FAST spr round 3 (radius: 5)
[00:56:32 -126712671.337936] FAST spr round 4 (radius: 5)
[01:06:11 -126712671.337873] Model parameter optimization (eps = 1.000000)
[01:06:27 -126712671.274533] SLOW spr round 1 (radius: 5)
[01:36:15 -126712671.274471] SLOW spr round 2 (radius: 10)
[02:06:15 -126712671.274458] SLOW spr round 3 (radius: 15)
[03:02:16 -126712671.274458] SLOW spr round 4 (radius: 20)
[03:42:43 -126712671.274458] SLOW spr round 5 (radius: 25)
[03:54:21 -126712671.274458] Model parameter optimization (eps = 0.100000)

[03:55:10] ML tree search #1, logLikelihood: -126712670.534178


Optimized model parameters:

   Partition 0: noname
   Rate heterogeneity: GAMMA (4 cats, mean),  alpha: 1.290540 (ML),  weights&rates: (0.250000,0.191079) (0.250000,0.549523) (0.250000,1.035323) (0.250000,2.224075) 
   Base frequencies (ML): 0.300058 0.170469 0.245642 0.283830 
   Substitution rates (ML): 3.216853 9.236762 0.514034 5.163063 5.433186 1.000000 


Final LogLikelihood: -126712670.534178

AIC score: 253426157.068357 / AICc score: 253426157.135111 / BIC score: 253431634.447333
Free parameters (model + branch lengths): 408

Best ML tree saved to: /expanse/lustre/projects/uot138/chaos/ASTERISK-sim/data/alignment/13_1X_S201_0_haploid.raxml.bestTree
Optimized model saved to: /expanse/lustre/projects/uot138/chaos/ASTERISK-sim/data/alignment/13_1X_S201_0_haploid.raxml.bestModel

Execution log saved to: /expanse/lustre/projects/uot138/chaos/ASTERISK-sim/data/alignment/13_1X_S201_0_haploid.raxml.log

Analysis started: 26-Dec-2022 16:51:18 / finished: 26-Dec-2022 20:46:30

Elapsed time: 14111.855 seconds

Consumed energy: 1636.865 Wh (= 8 km in an electric car, or 41 km with an e-scooter!)

