
RAxML-NG v. 1.1.0-master released on 04.08.2022 by The Exelixis Lab.
Developed by: Alexey M. Kozlov and Alexandros Stamatakis.
Contributors: Diego Darriba, Tomas Flouri, Benoit Morel, Sarah Lutteropp, Ben Bettisworth.
Latest version: https://github.com/amkozlov/raxml-ng
Questions/problems/suggestions? Please visit: https://groups.google.com/forum/#!forum/raxml

System: AMD EPYC 7742 64-Core Processor, 128 cores, 251 GB RAM

RAxML-NG was called at 26-Dec-2022 16:51:18 as follows:

/home/chaos/programs/raxml-ng/raxml-ng/bin/raxml-ng --msa data/alignment/16_1X_S201_0_haploid --tree pars{1} --model GTR+G --threads 64

Analysis options:
  run mode: ML tree search
  start tree(s): parsimony (1)
  random seed: 1672102278
  tip-inner: OFF
  pattern compression: ON
  per-rate scalers: OFF
  site repeats: ON
  fast spr radius: AUTO
  spr subtree cutoff: 1.000000
  branch lengths: proportional (ML estimate, algorithm: NR-FAST)
  SIMD kernels: AVX2
  parallelization: coarse-grained (auto), PTHREADS (64 threads), thread pinning: OFF

[00:00:00] Reading alignment from file: data/alignment/16_1X_S201_0_haploid
[00:00:03] Loaded alignment with 201 taxa and 5000000 sites

Alignment comprises 1 partitions and 3012173 patterns

Partition 0: noname
Model: GTR+FO+G4m
Alignment sites / patterns: 5000000 / 3012173
Gaps: 0.00 %
Invariant sites: 13.46 %


NOTE: Binary MSA file created: data/alignment/16_1X_S201_0_haploid.raxml.rba

Parallelization scheme autoconfig: 1 worker(s) x 64 thread(s)

Parallel reduction/worker buffer size: 1 KB  / 0 KB

[00:00:22] Generating 1 parsimony starting tree(s) with 201 taxa
[00:00:46] Data distribution: max. partitions/sites/weight per thread: 1 / 47066 / 753056
[00:00:46] Data distribution: max. searches per worker: 1

Starting ML tree search with 1 distinct starting trees

[00:00:47 -129170069.065572] Initial branch length optimization
[00:02:01 -112862919.595539] Model parameter optimization (eps = 10.000000)
[00:06:16 -107850786.002566] AUTODETECT spr round 1 (radius: 5)
[00:11:02 -107825362.688001] AUTODETECT spr round 2 (radius: 10)
[00:27:56 -107825362.687383] SPR radius for FAST iterations: 5 (autodetect)
[00:27:56 -107825362.687383] Model parameter optimization (eps = 3.000000)
[00:28:26 -107825358.675181] FAST spr round 1 (radius: 5)
[00:36:06 -107824925.498414] FAST spr round 2 (radius: 5)
[00:44:54 -107824681.601710] FAST spr round 3 (radius: 5)
[00:53:27 -107824494.844895] FAST spr round 4 (radius: 5)
[01:01:55 -107824494.844895] Model parameter optimization (eps = 1.000000)
[01:02:07 -107824494.800312] SLOW spr round 1 (radius: 5)
[01:28:39 -107824221.132342] SLOW spr round 2 (radius: 5)
[01:54:21 -107824221.132215] SLOW spr round 3 (radius: 10)
[02:25:01 -107824221.132207] SLOW spr round 4 (radius: 15)
[03:17:07 -107824221.132207] SLOW spr round 5 (radius: 20)
[03:59:33 -107824221.132207] SLOW spr round 6 (radius: 25)
[04:19:14 -107824221.132207] Model parameter optimization (eps = 0.100000)

[04:19:45] ML tree search #1, logLikelihood: -107824220.638059


Optimized model parameters:

   Partition 0: noname
   Rate heterogeneity: GAMMA (4 cats, mean),  alpha: 2.081640 (ML),  weights&rates: (0.250000,0.302829) (0.250000,0.663423) (0.250000,1.071904) (0.250000,1.961843) 
   Base frequencies (ML): 0.345655 0.168342 0.232744 0.253260 
   Substitution rates (ML): 1.489042 3.526997 0.448086 1.701508 6.287697 1.000000 


Final LogLikelihood: -107824220.638059

AIC score: 215649257.276118 / AICc score: 215649257.342872 / BIC score: 215654734.655094
Free parameters (model + branch lengths): 408

Best ML tree saved to: /expanse/lustre/projects/uot138/chaos/ASTERISK-sim/data/alignment/16_1X_S201_0_haploid.raxml.bestTree
Optimized model saved to: /expanse/lustre/projects/uot138/chaos/ASTERISK-sim/data/alignment/16_1X_S201_0_haploid.raxml.bestModel

Execution log saved to: /expanse/lustre/projects/uot138/chaos/ASTERISK-sim/data/alignment/16_1X_S201_0_haploid.raxml.log

Analysis started: 26-Dec-2022 16:51:18 / finished: 26-Dec-2022 21:11:05

Elapsed time: 15586.807 seconds

Consumed energy: 1817.014 Wh (= 9 km in an electric car, or 45 km with an e-scooter!)

