Weighted ASTRAL - Hybrid
Version: v1.13.2.3
#Genetrees: 2000
#Species: 201
#Rounds: 4
#Samples: 4
#Threads: 32
Use two-step algorithm!
Guide Tree 0/27
#NNI moves:0/236
Guide Tree 1/27
#NNI moves:0/236
Guide Tree 2/27
#NNI moves:3/236
Guide Tree 3/27
#NNI moves:0/236
Guide Tree 4/27
#NNI moves:0/236
Guide Tree 5/27
#NNI moves:0/236
Guide Tree 6/27
#NNI moves:0/236
Guide Tree 7/27
#NNI moves:0/236
Guide Tree 8/27
#NNI moves:0/236
Guide Tree 9/27
#NNI moves:0/236
Guide Tree 10/27
#NNI moves:0/236
Guide Tree 11/27
#NNI moves:0/236
Guide Tree 12/27
#NNI moves:0/236
Guide Tree 13/27
#NNI moves:0/236
Guide Tree 14/27
#NNI moves:0/236
Guide Tree 15/27
#NNI moves:0/236
Guide Tree 16/27
#NNI moves:0/236
Guide Tree 17/27
#NNI moves:0/236
Guide Tree 18/27
#NNI moves:0/236
Guide Tree 19/27
#NNI moves:0/236
Guide Tree 20/27
#NNI moves:0/236
Guide Tree 21/27
#NNI moves:0/236
Guide Tree 22/27
#NNI moves:0/236
Guide Tree 23/27
#NNI moves:0/236
Guide Tree 24/27
#NNI moves:0/236
Guide Tree 25/27
#NNI moves:0/236
Guide Tree 26/27
#NNI moves:0/236
Remaining: 0
#NNI moves:0/236
#NNI moves:0/236
((((((((((((((((T55,T151),T68),(T153,T39)),((T25,T9),(T147,T120))),T99),(((((T162,T114),T115),(T62,T157)),(((T78,(T118,((((T116,T40),T165),T189),T132))),(T125,T82)),T84)),(((((T108,T79),((T187,T13),T198)),(T66,T182)),T80),(T107,(T101,T183))))),((((((T51,T52),T196),((T100,T29),(T45,(T65,T37)))),(T186,T18)),((((T145,T176),(T26,T21)),(T140,T129)),(((T41,T191),(T85,T104)),(T171,T200)))),((T133,(T35,T95)),T64))),(((((((T134,((T32,T123),(T166,T197))),((T16,(T177,((T199,T152),T113))),(T159,(T169,T181)))),T175),((((T5,(T161,T73)),T46),T69),T75)),((T135,T192),((T3,T86),T96))),(((T67,T89),((((T19,T154),(T20,T188)),T49),((T8,T158),T172))),T124)),T23)),((((T180,T102),T4),T185),T167)),((((((T70,T87),T7),T77),((((T36,T103),(T94,T195)),((T63,T34),T141)),((T142,T97),T10))),(((((((T50,T144),T179),T44),T146),T136),T143),T60)),(T93,((T17,T76),T127)))),((((((T119,T98),(((T110,T33),T173),((T58,(T2,T61)),T12))),((((T31,T193),T122),(T178,T92)),T56)),(((T170,((T137,T57),T160)),T24),T30)),(((((((T139,T42),T74),T83),T28),T131),(((((T11,T194),(T138,T71)),T155),T81),(T27,T72))),(((T53,T109),T43),(T130,T117)))),T0)),(((((T121,T59),((((T48,T91),T148),T105),T54)),(T150,T163)),(T168,((T149,T14),((T22,T128),T47)))),((T111,T6),(T112,(T38,T15))))),((T190,T1),((T184,(T88,T156)),T174))),T90),(T126,T164)),T106);
Guide Tree 0/27
#NNI moves:0/236
Guide Tree 1/27
#NNI moves:0/236
Guide Tree 2/27
#NNI moves:0/236
Guide Tree 3/27
#NNI moves:0/236
Guide Tree 4/27
#NNI moves:0/236
Guide Tree 5/27
#NNI moves:0/236
Guide Tree 6/27
#NNI moves:0/236
Guide Tree 7/27
#NNI moves:0/236
Guide Tree 8/27
#NNI moves:3/236
Guide Tree 9/27
#NNI moves:3/236
Guide Tree 10/27
#NNI moves:3/236
Guide Tree 11/27
#NNI moves:0/236
Guide Tree 12/27
#NNI moves:0/236
Guide Tree 13/27
#NNI moves:0/236
Guide Tree 14/27
#NNI moves:3/236
Guide Tree 15/27
#NNI moves:0/236
Guide Tree 16/27
#NNI moves:0/236
Guide Tree 17/27
#NNI moves:0/236
Guide Tree 18/27
#NNI moves:0/236
Guide Tree 19/27
#NNI moves:0/236
Guide Tree 20/27
#NNI moves:3/236
Guide Tree 21/27
#NNI moves:1/236
Guide Tree 22/27
#NNI moves:0/236
Guide Tree 23/27
#NNI moves:3/236
Guide Tree 24/27
#NNI moves:0/236
Guide Tree 25/27
#NNI moves:0/236
Guide Tree 26/27
#NNI moves:3/236
Remaining: 0
#NNI moves:0/236
#NNI moves:0/236
((((((((((((((((T66,T182),(((T187,T13),T198),(T108,T79))),T80),((T101,T183),T107)),((((((T132,(((T116,T40),T165),T189)),T118),T78),(T125,T82)),T84),(((T162,T114),T115),(T62,T157)))),(((((T151,T55),T68),(T153,T39)),((T9,T25),(T120,T147))),T99)),(((((((T37,T65),T45),(T100,T29)),((T51,T52),T196)),(T18,T186)),(((T129,T140),((T145,T176),(T21,T26))),(((T41,T191),(T85,T104)),(T171,T200)))),((T133,(T35,T95)),T64))),(((((T67,T89),((((T20,T188),(T19,T154)),T49),((T158,T8),T172))),T124),(((((((T161,T73),T5),T46),T69),T75),(((((T169,T181),T159),(T16,(T177,((T199,T152),T113)))),(((T197,T166),(T32,T123)),T134)),T175)),((T192,T135),((T3,T86),T96)))),T23)),(((T4,(T102,T180)),T185),T167)),((((((T142,T97),T10),(((T63,T34),T141),((T195,T94),(T36,T103)))),(((T87,T70),T7),T77)),(((((((T50,T144),T179),T44),T146),T136),T143),T60)),(((T76,T17),T127),T93))),(((((((T173,(T110,T33)),(T12,((T61,T2),T58))),(T98,T119)),(T56,((T92,T178),(T122,(T193,T31))))),(((((T137,T57),T160),T170),T24),T30)),((((T72,T27),(T81,(((T138,T71),(T194,T11)),T155))),(((((T42,T139),T74),T83),T28),T131)),((T130,T117),(T43,(T53,T109))))),T0)),(((((T121,T59),((T105,(T148,(T48,T91))),T54)),(T150,T163)),((((T128,T22),T47),(T149,T14)),T168)),(((T38,T15),T112),(T111,T6)))),((T190,T1),(((T88,T156),T184),T174))),T90),(T126,T164)),T106);
Guide Tree 0/27
#NNI moves:0/236
Guide Tree 1/27
#NNI moves:0/236
Guide Tree 2/27
#NNI moves:0/236
Guide Tree 3/27
#NNI moves:1/236
Guide Tree 4/27
#NNI moves:0/236
Guide Tree 5/27
#NNI moves:0/236
Guide Tree 6/27
#NNI moves:0/236
Guide Tree 7/27
#NNI moves:0/236
Guide Tree 8/27
#NNI moves:0/236
Guide Tree 9/27
#NNI moves:3/236
Guide Tree 10/27
#NNI moves:1/236
Guide Tree 11/27
#NNI moves:1/236
Guide Tree 12/27
#NNI moves:0/236
Guide Tree 13/27
#NNI moves:0/236
Guide Tree 14/27
#NNI moves:0/236
Guide Tree 15/27
#NNI moves:0/236
Guide Tree 16/27
#NNI moves:0/236
Guide Tree 17/27
#NNI moves:0/236
Guide Tree 18/27
#NNI moves:0/236
Guide Tree 19/27
#NNI moves:0/236
Guide Tree 20/27
#NNI moves:0/236
Guide Tree 21/27
#NNI moves:0/236
Guide Tree 22/27
#NNI moves:0/236
Guide Tree 23/27
#NNI moves:0/236
Guide Tree 24/27
#NNI moves:0/236
Guide Tree 25/27
#NNI moves:0/236
Guide Tree 26/27
#NNI moves:0/236
Remaining: 0
#NNI moves:0/236
#NNI moves:0/236
((((((((((((((((T162,T114),T115),(T62,T157)),(((((((T165,(T40,T116)),T189),T132),T118),T78),(T82,T125)),T84)),((((((T187,T13),T198),(T108,T79)),(T182,T66)),T80),(T107,(T101,T183)))),((((T120,T147),(T25,T9)),((T153,T39),((T151,T55),T68))),T99)),((((((T52,T51),T196),((T29,T100),((T37,T65),T45))),(T18,T186)),(((T140,T129),((T145,T176),(T21,T26))),(((T85,T104),(T41,T191)),(T171,T200)))),((T133,(T95,T35)),T64))),(((((((((T181,T169),T159),((T177,(T113,(T199,T152))),T16)),(((T123,T32),(T166,T197)),T134)),T175),((((T5,(T161,T73)),T46),T69),T75)),((T135,T192),((T86,T3),T96))),(((T89,T67),(((T8,T158),T172),(((T188,T20),(T154,T19)),T49))),T124)),T23)),(((T4,(T102,T180)),T185),T167)),((((((T70,T87),T7),T77),(((T142,T97),T10),(((T34,T63),T141),((T36,T103),(T94,T195))))),(((((((T144,T50),T179),T44),T146),T136),T143),T60)),(((T76,T17),T127),T93))),(((((((T178,T92),((T193,T31),T122)),T56),((((T58,(T2,T61)),T12),((T33,T110),T173)),(T98,T119))),(((((T57,T137),T160),T170),T24),T30)),((((T27,T72),(T81,(T155,((T138,T71),(T11,T194))))),(((((T139,T42),T74),T83),T28),T131)),(((T53,T109),T43),(T130,T117)))),T0)),(((T111,T6),(T112,(T38,T15))),(((((((T48,T91),T148),T105),T54),(T121,T59)),(T163,T150)),(((T14,T149),((T22,T128),T47)),T168)))),((((T88,T156),T184),T174),(T1,T190))),T90),(T164,T126)),T106);
Guide Tree 0/27
#NNI moves:0/236
Guide Tree 1/27
#NNI moves:0/236
Guide Tree 2/27
#NNI moves:0/236
Guide Tree 3/27
#NNI moves:0/236
Guide Tree 4/27
#NNI moves:0/236
Guide Tree 5/27
#NNI moves:0/236
Guide Tree 6/27
#NNI moves:0/236
Guide Tree 7/27
#NNI moves:0/236
Guide Tree 8/27
#NNI moves:0/236
Guide Tree 9/27
#NNI moves:0/236
Guide Tree 10/27
#NNI moves:0/236
Guide Tree 11/27
#NNI moves:0/236
Guide Tree 12/27
#NNI moves:0/236
Guide Tree 13/27
#NNI moves:1/236
Guide Tree 14/27
#NNI moves:0/236
Guide Tree 15/27
#NNI moves:0/236
Guide Tree 16/27
#NNI moves:0/236
Guide Tree 17/27
#NNI moves:0/236
Guide Tree 18/27
#NNI moves:0/236
Guide Tree 19/27
#NNI moves:0/236
Guide Tree 20/27
#NNI moves:0/236
Guide Tree 21/27
#NNI moves:0/236
Guide Tree 22/27
#NNI moves:0/236
Guide Tree 23/27
#NNI moves:0/236
Guide Tree 24/27
#NNI moves:0/236
Guide Tree 25/27
#NNI moves:0/236
Guide Tree 26/27
#NNI moves:0/236
Remaining: 0
#NNI moves:0/236
#NNI moves:0/236
((((((((((((((((T26,T21),(T145,T176)),(T129,T140)),(((T104,T85),(T191,T41)),(T200,T171))),(((((T65,T37),T45),(T100,T29)),(T196,(T52,T51))),(T186,T18))),((T133,(T35,T95)),T64)),((((((T114,T162),T115),(T157,T62)),((((T118,(((T165,(T40,T116)),T189),T132)),T78),(T82,T125)),T84)),(((T101,T183),T107),(((T182,T66),(((T13,T187),T198),(T108,T79))),T80))),((((T39,T153),(T68,(T151,T55))),((T25,T9),(T120,T147))),T99))),((((((((T154,T19),(T20,T188)),T49),((T158,T8),T172)),(T89,T67)),T124),(((((((T181,T169),T159),(T16,((T113,(T152,T199)),T177))),(((T166,T197),(T123,T32)),T134)),T175),(((T46,((T161,T73),T5)),T69),T75)),((T96,(T3,T86)),(T192,T135)))),T23)),(((T4,(T102,T180)),T185),T167)),(((((((T34,T63),T141),((T103,T36),(T195,T94))),(T10,(T97,T142))),((T7,(T87,T70)),T77)),(((((((T50,T144),T179),T44),T146),T136),T143),T60)),((T127,(T76,T17)),T93))),((((((((T110,T33),T173),(T12,((T61,T2),T58))),(T119,T98)),((((T193,T31),T122),(T178,T92)),T56)),(T30,(T24,(T170,((T137,T57),T160))))),((((T72,T27),((((T11,T194),(T138,T71)),T155),T81)),(((((T42,T139),T74),T83),T28),T131)),((T43,(T109,T53)),(T130,T117)))),T0)),((((T163,T150),(((((T48,T91),T148),T105),T54),(T59,T121))),(T168,(((T128,T22),T47),(T149,T14)))),(((T38,T15),T112),(T6,T111)))),((((T156,T88),T184),T174),(T190,T1))),T90),(T126,T164)),T106);
Initial score: 5.68867e+10
Initial tree: ((((((((((((((((T26,T21),(T145,T176)),(T129,T140)),(((T104,T85),(T191,T41)),(T200,T171))),(((((T65,T37),T45),(T100,T29)),(T196,(T52,T51))),(T186,T18))),((T133,(T35,T95)),T64)),((((((T114,T162),T115),(T157,T62)),((((T118,(((T165,(T40,T116)),T189),T132)),T78),(T82,T125)),T84)),(((T101,T183),T107),(((T182,T66),(((T13,T187),T198),(T108,T79))),T80))),((((T39,T153),(T68,(T151,T55))),((T25,T9),(T120,T147))),T99))),((((((((T154,T19),(T20,T188)),T49),((T158,T8),T172)),(T89,T67)),T124),(((((((T181,T169),T159),(T16,((T113,(T152,T199)),T177))),(((T166,T197),(T123,T32)),T134)),T175),(((T46,((T161,T73),T5)),T69),T75)),((T96,(T3,T86)),(T192,T135)))),T23)),(((T4,(T102,T180)),T185),T167)),(((((((T34,T63),T141),((T103,T36),(T195,T94))),(T10,(T97,T142))),((T7,(T87,T70)),T77)),(((((((T50,T144),T179),T44),T146),T136),T143),T60)),((T127,(T76,T17)),T93))),((((((((T110,T33),T173),(T12,((T61,T2),T58))),(T119,T98)),((((T193,T31),T122),(T178,T92)),T56)),(T30,(T24,(T170,((T137,T57),T160))))),((((T72,T27),((((T11,T194),(T138,T71)),T155),T81)),(((((T42,T139),T74),T83),T28),T131)),((T43,(T109,T53)),(T130,T117)))),T0)),((((T163,T150),(((((T48,T91),T148),T105),T54),(T59,T121))),(T168,(((T128,T22),T47),(T149,T14)))),(((T38,T15),T112),(T6,T111)))),((((T156,T88),T184),T174),(T190,T1))),T90),(T126,T164)),T106);
*** Subsample Process ***
Use two-step algorithm!
#NNI moves:0/236
Remaining: 0
#NNI moves:0/236
#NNI moves:0/236
(((((((((((((((((((((T193,T31),T122),(T92,T178)),T56),((T98,T119),((T173,(T33,T110)),(T12,((T2,T61),T58))))),(T30,((T170,((T137,T57),T160)),T24))),(((((((T11,T194),(T138,T71)),T155),T81),(T72,T27)),(((((T139,T42),T74),T83),T28),T131)),((T43,(T109,T53)),(T130,T117)))),T0),(((((T150,T163),((T54,(((T91,T48),T148),T105)),(T59,T121))),((((T22,T128),T47),(T149,T14)),T168)),(((T38,T15),T112),(T111,T6))),((((T126,T164),T106),T90),((T174,(T184,(T88,T156))),(T1,T190))))),((((((T70,T87),T7),T77),((((T94,T195),(T36,T103)),((T34,T63),T141)),(T10,(T97,T142)))),((((T146,(((T144,T50),T179),T44)),T136),T143),T60)),((T127,(T76,T17)),T93))),((T185,(T4,(T180,T102))),T167)),(((((((((T161,T73),T5),T46),T69),T75),((((T159,(T169,T181)),((((T152,T199),T113),T177),T16)),(T134,((T123,T32),(T166,T197)))),T175)),((T192,T135),(T96,(T86,T3)))),((((((T154,T19),(T188,T20)),T49),((T158,T8),T172)),(T89,T67)),T124)),T23)),((((((T114,T162),T115),(T157,T62)),(((((T132,((T165,(T116,T40)),T189)),T118),T78),(T125,T82)),T84)),(((((T198,(T187,T13)),(T108,T79)),(T66,T182)),T80),(T107,(T183,T101)))),(((((T151,T55),T68),(T39,T153)),((T120,T147),(T25,T9))),T99))),((T133,(T35,T95)),T64)),(((T129,T140),((T26,T21),(T145,T176))),(((T191,T41),(T104,T85)),(T171,T200)))),(T186,T18)),((T52,T51),T196)),(T100,T29)),T45),T37),T65);
#NNI moves:0/236
Remaining: 0
#NNI moves:0/236
#NNI moves:0/236
(((((((((((((((((T162,T114),T115),(T157,T62)),(((((T132,(T189,((T116,T40),T165))),T118),T78),(T125,T82)),T84)),(((((T108,T79),((T13,T187),T198)),(T182,T66)),T80),(T107,(T101,T183)))),(T99,(((T39,T153),((T151,T55),T68)),((T25,T9),(T147,T120))))),((((((T191,T41),(T85,T104)),(T200,T171)),(((T176,T145),(T26,T21)),(T129,T140))),((((T45,(T37,T65)),(T100,T29)),((T51,T52),T196)),(T18,T186))),(T64,((T95,T35),T133)))),(((((((((T161,T73),T5),T46),T69),T75),(((((((T199,T152),T113),T177),T16),(T159,(T181,T169))),(((T166,T197),(T32,T123)),T134)),T175)),((T192,T135),(T96,(T86,T3)))),(((((T158,T8),T172),(T49,((T154,T19),(T188,T20)))),(T89,T67)),T124)),T23)),(T167,(((T180,T102),T4),T185))),(((((T7,(T87,T70)),T77),((((T36,T103),(T94,T195)),((T63,T34),T141)),((T142,T97),T10))),((((((T179,(T50,T144)),T44),T146),T136),T143),T60)),(T93,(T127,(T76,T17))))),(((((((((T194,T11),(T138,T71)),T155),T81),(T27,T72)),((((T74,(T139,T42)),T83),T28),T131)),(((T53,T109),T43),(T117,T130))),((((((T33,T110),T173),(((T2,T61),T58),T12)),(T119,T98)),(((T122,(T193,T31)),(T92,T178)),T56)),((T24,(((T137,T57),T160),T170)),T30))),T0)),(((((T47,(T22,T128)),(T149,T14)),T168),((((((T91,T48),T148),T105),T54),(T121,T59)),(T163,T150))),((T112,(T15,T38)),(T111,T6)))),((((T156,T88),T184),T174),(T1,T190))),T90),T106),T164),T126);
#NNI moves:0/236
Remaining: 0
#NNI moves:0/236
#NNI moves:0/236
((((((((((((((((T63,T34),T141),((T36,T103),(T195,T94))),(T10,(T142,T97))),(((T70,T87),T7),T77)),(((((((T50,T144),T179),T44),T146),T136),T143),T60)),(T93,((T17,T76),T127))),(((((((((T33,T110),T173),(((T61,T2),T58),T12)),(T98,T119)),((((T31,T193),T122),(T92,T178)),T56)),(((((T137,T57),T160),T170),T24),T30)),(((((((T42,T139),T74),T83),T28),T131),(((((T194,T11),(T138,T71)),T155),T81),(T27,T72))),((T43,(T109,T53)),(T130,T117)))),T0),((((((T149,T14),(T47,(T22,T128))),T168),((((T105,((T48,T91),T148)),T54),(T59,T121)),(T150,T163))),((T111,T6),((T38,T15),T112))),((((T164,T126),T106),T90),((((T88,T156),T184),T174),(T190,T1)))))),((((T180,T102),T4),T185),T167)),((((((T172,(T158,T8)),(((T19,T154),(T20,T188)),T49)),(T67,T89)),T124),(((((((T197,T166),(T123,T32)),T134),(((T169,T181),T159),((T177,((T199,T152),T113)),T16))),T175),(((T46,((T73,T161),T5)),T69),T75)),((T135,T192),(T96,(T3,T86))))),T23)),((((((T85,T104),(T191,T41)),(T200,T171)),((T129,T140),((T26,T21),(T176,T145)))),((((T100,T29),(T45,(T65,T37))),((T51,T52),T196)),(T18,T186))),(T64,((T95,T35),T133)))),(((((T55,T151),T68),(T39,T153)),((T25,T9),(T120,T147))),T99)),((((T66,T182),((T198,(T187,T13)),(T108,T79))),T80),(T107,(T183,T101)))),((T62,T157),((T162,T114),T115))),((((T132,(((T40,T116),T165),T189)),T118),T78),(T125,T82))),T84);
#NNI moves:0/236
Remaining: 0
#NNI moves:0/236
#NNI moves:0/236
(((((((((((((((((((T181,T169),T159),((((T152,T199),T113),T177),T16)),(T134,((T123,T32),(T166,T197)))),T175),(((T46,((T73,T161),T5)),T69),T75)),((T192,T135),((T86,T3),T96))),(T124,((((T8,T158),T172),(((T188,T20),(T19,T154)),T49)),(T89,T67)))),T23),((((((((T79,T108),((T187,T13),T198)),(T66,T182)),T80),((T183,T101),T107)),((((T78,(((((T116,T40),T165),T189),T132),T118)),(T125,T82)),T84),((T115,(T114,T162)),(T62,T157)))),((((T68,(T151,T55)),(T153,T39)),((T147,T120),(T25,T9))),T99)),(((((T129,T140),((T145,T176),(T21,T26))),(((T41,T191),(T85,T104)),(T200,T171))),((T18,T186),(((T45,(T37,T65)),(T29,T100)),((T52,T51),T196)))),(((T35,T95),T133),T64)))),(((T4,(T102,T180)),T185),T167)),(((((((T195,T94),(T36,T103)),(T141,(T34,T63))),((T142,T97),T10)),((T7,(T70,T87)),T77)),((((T146,(T44,((T50,T144),T179))),T136),T143),T60)),((T127,(T17,T76)),T93))),((((((((T33,T110),T173),((T58,(T61,T2)),T12)),(T119,T98)),((((T193,T31),T122),(T92,T178)),T56)),(((((T137,T57),T160),T170),T24),T30)),(((((((T139,T42),T74),T83),T28),T131),((T72,T27),((((T71,T138),(T11,T194)),T155),T81))),(((T109,T53),T43),(T117,T130)))),T0)),(((((T47,(T128,T22)),(T149,T14)),T168),((((T105,((T48,T91),T148)),T54),(T121,T59)),(T163,T150))),((T111,T6),((T38,T15),T112)))),((((T88,T156),T184),T174),(T1,T190))),T90),T106),T164),T126);
Current score: 5.68867e+10
Current tree: ((((((((((((((((((T181,T169),T159),((((T152,T199),T113),T177),T16)),(T134,((T123,T32),(T166,T197)))),T175),(((T46,((T73,T161),T5)),T69),T75)),((T192,T135),((T86,T3),T96))),(T124,((((T8,T158),T172),(((T188,T20),(T19,T154)),T49)),(T89,T67)))),T23),((((((((T79,T108),((T187,T13),T198)),(T66,T182)),T80),((T183,T101),T107)),((((T78,(((((T116,T40),T165),T189),T132),T118)),(T125,T82)),T84),((T115,(T114,T162)),(T62,T157)))),((((T68,(T151,T55)),(T153,T39)),((T147,T120),(T25,T9))),T99)),(((((T129,T140),((T145,T176),(T21,T26))),(((T41,T191),(T85,T104)),(T200,T171))),((T18,T186),(((T45,(T37,T65)),(T29,T100)),((T52,T51),T196)))),(((T35,T95),T133),T64)))),(((T4,(T102,T180)),T185),T167)),(((((((T195,T94),(T36,T103)),(T141,(T34,T63))),((T142,T97),T10)),((T7,(T70,T87)),T77)),((((T146,(T44,((T50,T144),T179))),T136),T143),T60)),((T127,(T17,T76)),T93))),((((((((T33,T110),T173),((T58,(T61,T2)),T12)),(T119,T98)),((((T193,T31),T122),(T92,T178)),T56)),(((((T137,T57),T160),T170),T24),T30)),(((((((T139,T42),T74),T83),T28),T131),((T72,T27),((((T71,T138),(T11,T194)),T155),T81))),(((T109,T53),T43),(T117,T130)))),T0)),(((((T47,(T128,T22)),(T149,T14)),T168),((((T105,((T48,T91),T148)),T54),(T121,T59)),(T163,T150))),((T111,T6),((T38,T15),T112)))),((((T88,T156),T184),T174),(T1,T190))),T90),(T164,T126)),T106);
Use two-step algorithm!
#NNI moves:0/236
Remaining: 0
#NNI moves:0/236
#NNI moves:0/236
(((((((((((((((((((((((T2,T61),T58),T12),(T173,(T110,T33))),(T98,T119)),((((T31,T193),T122),(T178,T92)),T56)),((((T160,(T137,T57)),T170),T24),T30)),((((T27,T72),((((T194,T11),(T71,T138)),T155),T81)),(T131,(((T74,(T42,T139)),T83),T28))),((T117,T130),((T53,T109),T43)))),T0),((((((((T148,(T48,T91)),T105),T54),(T59,T121)),(T150,T163)),(T168,(((T22,T128),T47),(T149,T14)))),(((T15,T38),T112),(T6,T111))),(((T1,T190),(((T156,T88),T184),T174)),(((T164,T126),T106),T90)))),((((((T141,(T63,T34)),((T36,T103),(T94,T195))),((T97,T142),T10)),(((T87,T70),T7),T77)),((T143,(((((T50,T144),T179),T44),T146),T136)),T60)),((T127,(T76,T17)),T93))),(T167,((T4,(T102,T180)),T185))),((((((T200,T171),((T104,T85),(T41,T191))),(((T26,T21),(T176,T145)),(T129,T140))),(((T196,(T52,T51)),((T29,T100),((T37,T65),T45))),(T18,T186))),(T64,(T133,(T95,T35)))),(((((((((((T40,T116),T165),T189),T132),T118),T78),(T82,T125)),T84),((T157,T62),((T162,T114),T115))),((T107,(T101,T183)),(((((T13,T187),T198),(T79,T108)),(T182,T66)),T80))),((((T147,T120),(T9,T25)),(((T151,T55),T68),(T39,T153))),T99)))),T23),(((T67,T89),((((T188,T20),(T19,T154)),T49),(T172,(T8,T158)))),T124)),((T135,T192),((T86,T3),T96))),(((((T32,T123),(T197,T166)),T134),(((((T152,T199),T113),T177),T16),((T169,T181),T159))),T175)),T75),T69),T46),T5),T161),T73);
#NNI moves:0/236
Remaining: 0
#NNI moves:2/236
#NNI moves:2/236
(((((((((((((((((((((T40,T116),T165),T189),T132),T118),T78),(T82,T125)),T84),(((T114,T162),T115),(T62,T157))),(((T101,T183),T107),(((T66,T182),((T198,(T187,T13)),(T108,T79))),T80))),((((T68,(T55,T151)),(T153,T39)),((T9,T25),(T147,T120))),T99)),(((((T196,(T52,T51)),(((T65,T37),T45),(T100,T29))),(T18,T186)),((((T191,T41),(T85,T104)),(T200,T171)),(((T145,T176),(T26,T21)),(T140,T129)))),(((T35,T95),T133),T64))),(((((T75,((((T73,T161),T5),T46),T69)),((((T159,(T181,T169)),((((T199,T152),T113),T177),T16)),(((T32,T123),(T166,T197)),T134)),T175)),((T192,T135),((T86,T3),T96))),(((T89,T67),((((T19,T154),(T20,T188)),T49),((T158,T8),T172))),T124)),T23)),(((T4,(T180,T102)),T185),T167)),((((T76,T17),T127),T93),((((((T94,T195),(T36,T103)),((T34,T63),T141)),((T142,T97),T10)),((T7,(T70,T87)),T77)),((T143,(((((T144,T50),T179),T44),T146),T136)),T60)))),(((((((T178,T92),(T122,(T31,T193))),T56),((((T58,(T2,T61)),T12),((T110,T33),T173)),(T119,T98))),(((((T57,T137),T160),T170),T24),T30)),((((T27,T72),((T155,((T138,T71),(T11,T194))),T81)),((((T74,(T42,T139)),T83),T28),T131)),((T43,(T53,T109)),(T117,T130)))),T0)),((((((T105,((T48,T91),T148)),T54),(T59,T121)),(T150,T163)),(((T149,T14),((T22,T128),T47)),T168)),((T112,(T15,T38)),(T111,T6)))),(((T126,T164),T106),T90)),(T174,(T184,(T88,T156)))),T1),T190);
#NNI moves:0/236
Remaining: 0
#NNI moves:0/236
#NNI moves:0/236
(((((((((((((((T114,T162),T115),(T62,T157)),((((((T189,((T116,T40),T165)),T132),T118),T78),(T82,T125)),T84)),((((((T13,T187),T198),(T108,T79)),(T182,T66)),T80),((T183,T101),T107))),((((T68,(T151,T55)),(T39,T153)),((T147,T120),(T9,T25))),T99)),(((((T200,T171),((T191,T41),(T104,T85))),((T140,T129),((T176,T145),(T26,T21)))),(((((T37,T65),T45),(T100,T29)),((T52,T51),T196)),(T18,T186))),((T133,(T35,T95)),T64))),((((((((T5,(T161,T73)),T46),T69),T75),(((((((T152,T199),T113),T177),T16),((T181,T169),T159)),(((T197,T166),(T32,T123)),T134)),T175)),((T135,T192),((T86,T3),T96))),((((((T154,T19),(T188,T20)),T49),((T8,T158),T172)),(T89,T67)),T124)),T23)),(T167,(((T180,T102),T4),T185))),(((((((T44,((T50,T144),T179)),T146),T136),T143),T60),(((((T36,T103),(T94,T195)),((T34,T63),T141)),(T10,(T142,T97))),(T77,(T7,(T87,T70))))),(T93,((T76,T17),T127)))),(((((((((T138,T71),(T194,T11)),T155),T81),(T72,T27)),(((((T139,T42),T74),T83),T28),T131)),(((T53,T109),T43),(T130,T117))),(((((T12,(T58,(T2,T61))),((T33,T110),T173)),(T98,T119)),((((T31,T193),T122),(T178,T92)),T56)),((((T160,(T57,T137)),T170),T24),T30))),T0)),((((((T22,T128),T47),(T149,T14)),T168),((((((T48,T91),T148),T105),T54),(T59,T121)),(T163,T150))),(((T38,T15),T112),(T111,T6)))),(((T184,(T88,T156)),T174),(T190,T1))),(T106,(T126,T164))),T90);
#NNI moves:0/236
Remaining: 0
#NNI moves:0/236
#NNI moves:0/236
((((((((((((((((((((T194,T11),(T71,T138)),T155),T81),(T72,T27)),(((((T139,T42),T74),T83),T28),T131)),((T117,T130),((T53,T109),T43))),((((T98,T119),((T12,((T2,T61),T58)),(T173,(T110,T33)))),(((T122,(T193,T31)),(T92,T178)),T56)),(((T170,(T160,(T57,T137))),T24),T30))),T0),(((((((((T91,T48),T148),T105),T54),(T59,T121)),(T150,T163)),(((T14,T149),((T128,T22),T47)),T168)),((T112,(T38,T15)),(T111,T6))),(((T190,T1),(T174,(T184,(T156,T88)))),(T90,(T106,(T164,T126)))))),(((((((T103,T36),(T94,T195)),(T141,(T34,T63))),((T97,T142),T10)),(T77,(T7,(T70,T87)))),(T60,(((T146,(((T50,T144),T179),T44)),T136),T143))),(T93,((T76,T17),T127)))),((((T180,T102),T4),T185),T167)),((((((((T5,(T73,T161)),T46),T69),T75),(((((((T152,T199),T113),T177),T16),(T159,(T169,T181))),(((T123,T32),(T197,T166)),T134)),T175)),((T96,(T86,T3)),(T135,T192))),((((((T19,T154),(T188,T20)),T49),(T172,(T158,T8))),(T89,T67)),T124)),T23)),(((((T200,T171),((T104,T85),(T41,T191))),(((T21,T26),(T145,T176)),(T129,T140))),((T18,T186),((T196,(T52,T51)),(((T65,T37),T45),(T29,T100))))),(((T35,T95),T133),T64))),((((T9,T25),(T147,T120)),((T39,T153),((T55,T151),T68))),T99)),((T107,(T101,T183)),(T80,((((T187,T13),T198),(T108,T79)),(T66,T182))))),(((T78,(T118,((T189,((T40,T116),T165)),T132))),(T125,T82)),T84)),((T114,T162),T115)),T157),T62);
Current score: 5.68867e+10
Current tree: (((T164,T126),(T90,(((T190,T1),(T174,(T184,(T156,T88)))),(((((((((T91,T48),T148),T105),T54),(T59,T121)),(T150,T163)),(((T14,T149),((T128,T22),T47)),T168)),((T112,(T38,T15)),(T111,T6))),((((((((((T194,T11),(T71,T138)),T155),T81),(T72,T27)),(((((T139,T42),T74),T83),T28),T131)),((T117,T130),((T53,T109),T43))),((((T98,T119),((T12,((T2,T61),T58)),(T173,(T110,T33)))),(((T122,(T193,T31)),(T92,T178)),T56)),(((T170,(T160,(T57,T137))),T24),T30))),T0),((((((((T103,T36),(T94,T195)),(T141,(T34,T63))),((T97,T142),T10)),(T77,(T7,(T70,T87)))),(T60,(((T146,(((T50,T144),T179),T44)),T136),T143))),(T93,((T76,T17),T127))),(((((T180,T102),T4),T185),T167),(((((((((T5,(T73,T161)),T46),T69),T75),(((((((T152,T199),T113),T177),T16),(T159,(T169,T181))),(((T123,T32),(T197,T166)),T134)),T175)),((T96,(T86,T3)),(T135,T192))),((((((T19,T154),(T188,T20)),T49),(T172,(T158,T8))),(T89,T67)),T124)),T23),((((((T200,T171),((T104,T85),(T41,T191))),(((T21,T26),(T145,T176)),(T129,T140))),((T18,T186),((T196,(T52,T51)),(((T65,T37),T45),(T29,T100))))),(((T35,T95),T133),T64)),(((((T9,T25),(T147,T120)),((T39,T153),((T55,T151),T68))),T99),(((T107,(T101,T183)),(T80,((((T187,T13),T198),(T108,T79)),(T66,T182)))),((((T78,(T118,((T189,((T40,T116),T165)),T132))),(T125,T82)),T84),(((T114,T162),T115),(T157,T62)))))))))))))),T106);
Final Tree: (((T164,T126),(T90,(((T190,T1),(T174,(T184,(T156,T88)))),(((((((((T91,T48),T148),T105),T54),(T59,T121)),(T150,T163)),(((T14,T149),((T128,T22),T47)),T168)),((T112,(T38,T15)),(T111,T6))),((((((((((T194,T11),(T71,T138)),T155),T81),(T72,T27)),(((((T139,T42),T74),T83),T28),T131)),((T117,T130),((T53,T109),T43))),((((T98,T119),((T12,((T2,T61),T58)),(T173,(T110,T33)))),(((T122,(T193,T31)),(T92,T178)),T56)),(((T170,(T160,(T57,T137))),T24),T30))),T0),((((((((T103,T36),(T94,T195)),(T141,(T34,T63))),((T97,T142),T10)),(T77,(T7,(T70,T87)))),(T60,(((T146,(((T50,T144),T179),T44)),T136),T143))),(T93,((T76,T17),T127))),(((((T180,T102),T4),T185),T167),(((((((((T5,(T73,T161)),T46),T69),T75),(((((((T152,T199),T113),T177),T16),(T159,(T169,T181))),(((T123,T32),(T197,T166)),T134)),T175)),((T96,(T86,T3)),(T135,T192))),((((((T19,T154),(T188,T20)),T49),(T172,(T158,T8))),(T89,T67)),T124)),T23),((((((T200,T171),((T104,T85),(T41,T191))),(((T21,T26),(T145,T176)),(T129,T140))),((T18,T186),((T196,(T52,T51)),(((T65,T37),T45),(T29,T100))))),(((T35,T95),T133),T64)),(((((T9,T25),(T147,T120)),((T39,T153),((T55,T151),T68))),T99),(((T107,(T101,T183)),(T80,((((T187,T13),T198),(T108,T79)),(T66,T182)))),((((T78,(T118,((T189,((T40,T116),T165)),T132))),(T125,T82)),T84),(((T114,T162),T115),(T157,T62)))))))))))))),T106);
Score: 5.688671332e+10

real	2m1.758s
user	28m26.828s
sys	0m26.970s
