
RAxML-NG v. 1.1.0-master released on 04.08.2022 by The Exelixis Lab.
Developed by: Alexey M. Kozlov and Alexandros Stamatakis.
Contributors: Diego Darriba, Tomas Flouri, Benoit Morel, Sarah Lutteropp, Ben Bettisworth.
Latest version: https://github.com/amkozlov/raxml-ng
Questions/problems/suggestions? Please visit: https://groups.google.com/forum/#!forum/raxml

System: AMD EPYC 7742 64-Core Processor, 128 cores, 251 GB RAM

RAxML-NG was called at 26-Dec-2022 16:51:18 as follows:

/home/chaos/programs/raxml-ng/raxml-ng/bin/raxml-ng --msa data/alignment/17_1X_S201_0_haploid --tree pars{1} --model GTR+G --threads 64

Analysis options:
  run mode: ML tree search
  start tree(s): parsimony (1)
  random seed: 1672102278
  tip-inner: OFF
  pattern compression: ON
  per-rate scalers: OFF
  site repeats: ON
  fast spr radius: AUTO
  spr subtree cutoff: 1.000000
  branch lengths: proportional (ML estimate, algorithm: NR-FAST)
  SIMD kernels: AVX2
  parallelization: coarse-grained (auto), PTHREADS (64 threads), thread pinning: OFF

[00:00:00] Reading alignment from file: data/alignment/17_1X_S201_0_haploid
[00:00:03] Loaded alignment with 201 taxa and 5000000 sites

Alignment comprises 1 partitions and 3905979 patterns

Partition 0: noname
Model: GTR+FO+G4m
Alignment sites / patterns: 5000000 / 3905979
Gaps: 0.00 %
Invariant sites: 3.87 %


NOTE: Binary MSA file created: data/alignment/17_1X_S201_0_haploid.raxml.rba

Parallelization scheme autoconfig: 1 worker(s) x 64 thread(s)

Parallel reduction/worker buffer size: 1 KB  / 0 KB

[00:00:22] Generating 1 parsimony starting tree(s) with 201 taxa
[00:00:51] Data distribution: max. partitions/sites/weight per thread: 1 / 61031 / 976496
[00:00:51] Data distribution: max. searches per worker: 1

Starting ML tree search with 1 distinct starting trees

[00:00:52 -148908733.853879] Initial branch length optimization
[00:03:21 -134711750.297927] Model parameter optimization (eps = 10.000000)
[00:08:52 -127607990.758595] AUTODETECT spr round 1 (radius: 5)
[00:15:14 -127570517.361619] AUTODETECT spr round 2 (radius: 10)
[00:37:46 -127570517.361616] SPR radius for FAST iterations: 5 (autodetect)
[00:37:46 -127570517.361616] Model parameter optimization (eps = 3.000000)
[00:38:19 -127570509.154256] FAST spr round 1 (radius: 5)
[00:48:34 -127568748.422633] FAST spr round 2 (radius: 5)
[00:58:52 -127566822.240542] FAST spr round 3 (radius: 5)
[01:09:58 -127565521.730773] FAST spr round 4 (radius: 5)
[01:21:07 -127565498.168461] FAST spr round 5 (radius: 5)
[01:31:30 -127565498.168461] Model parameter optimization (eps = 1.000000)
[01:31:45 -127565497.944662] SLOW spr round 1 (radius: 5)
[02:05:21 -127565497.944609] SLOW spr round 2 (radius: 10)
[02:47:18 -127565497.944609] SLOW spr round 3 (radius: 15)
[04:07:39 -127565497.944609] SLOW spr round 4 (radius: 20)
[04:58:15 -127565497.944609] SLOW spr round 5 (radius: 25)
[05:11:45 -127565497.944609] Model parameter optimization (eps = 0.100000)

[05:12:01] ML tree search #1, logLikelihood: -127565497.878511


Optimized model parameters:

   Partition 0: noname
   Rate heterogeneity: GAMMA (4 cats, mean),  alpha: 6.953461 (ML),  weights&rates: (0.250000,0.567334) (0.250000,0.839538) (0.250000,1.079062) (0.250000,1.514066) 
   Base frequencies (ML): 0.269465 0.172772 0.330330 0.227433 
   Substitution rates (ML): 1.634533 4.868306 0.695387 2.241640 6.827755 1.000000 


Final LogLikelihood: -127565497.878511

AIC score: 255131811.757021 / AICc score: 255131811.823776 / BIC score: 255137289.135997
Free parameters (model + branch lengths): 408

Best ML tree saved to: /expanse/lustre/projects/uot138/chaos/ASTERISK-sim/data/alignment/17_1X_S201_0_haploid.raxml.bestTree
Optimized model saved to: /expanse/lustre/projects/uot138/chaos/ASTERISK-sim/data/alignment/17_1X_S201_0_haploid.raxml.bestModel

Execution log saved to: /expanse/lustre/projects/uot138/chaos/ASTERISK-sim/data/alignment/17_1X_S201_0_haploid.raxml.log

Analysis started: 26-Dec-2022 16:51:18 / finished: 26-Dec-2022 22:03:20

Elapsed time: 18722.567 seconds

Consumed energy: 2117.971 Wh (= 11 km in an electric car, or 53 km with an e-scooter!)

