Iteration 1:
Accurate Species Tree EstimatoR from Independent Site Kernals
Version: v1.13.0.0
#Base: 851767248
#Species: 201
#Rounds: 1
#Samples: 0
#Threads: 64
Use two-step algorithm!
Guide Tree 0/27
#NNI moves:0/236
Guide Tree 1/27
#NNI moves:0/236
Guide Tree 2/27
#NNI moves:0/236
Guide Tree 3/27
#NNI moves:0/236
Guide Tree 4/27
#NNI moves:0/236
Guide Tree 5/27
#NNI moves:0/236
Guide Tree 6/27
#NNI moves:0/236
Guide Tree 7/27
#NNI moves:0/236
Guide Tree 8/27
#NNI moves:0/236
Guide Tree 9/27
#NNI moves:0/236
Guide Tree 10/27
#NNI moves:0/236
Guide Tree 11/27
#NNI moves:0/236
Guide Tree 12/27
#NNI moves:0/236
Guide Tree 13/27
#NNI moves:0/236
Guide Tree 14/27
#NNI moves:0/236
Guide Tree 15/27
#NNI moves:0/236
Guide Tree 16/27
#NNI moves:0/236
Guide Tree 17/27
#NNI moves:0/236
Guide Tree 18/27
#NNI moves:0/236
Guide Tree 19/27
#NNI moves:0/236
Guide Tree 20/27
#NNI moves:0/236
Guide Tree 21/27
#NNI moves:0/236
Guide Tree 22/27
#NNI moves:0/236
Guide Tree 23/27
#NNI moves:0/236
Guide Tree 24/27
#NNI moves:0/236
Guide Tree 25/27
#NNI moves:0/236
Guide Tree 26/27
#NNI moves:0/236
Remaining: 0
#NNI moves:0/236
#NNI moves:0/236
(((((((((((((((((T181,T169),T159),((T177,((T152,T199),T113)),T16)),(((T123,T32),(T197,T166)),T134)),T175),(((((T73,T161),T5),T46),T69),T75)),((T96,(T86,T3)),(T192,T135))),((((T172,(T158,T8)),(T49,((T20,T188),(T154,T19)))),(T67,T89)),T124)),T23),((((((((((((T116,T40),T165),T189),T132),T118),T78),(T82,T125)),T84),((T115,(T114,T162)),(T157,T62))),(((((T108,T79),((T187,T13),T198)),(T182,T66)),T80),((T101,T183),T107))),((((T153,T39),((T151,T55),T68)),((T25,T9),(T147,T120))),T99)),(((((T140,T129),((T176,T145),(T26,T21))),(((T191,T41),(T104,T85)),(T200,T171))),(((((T65,T37),T45),(T100,T29)),(T196,(T51,T52))),(T18,T186))),((T133,(T95,T35)),T64)))),(((((((T70,T87),T7),T77),(((T141,(T34,T63)),((T195,T94),(T36,T103))),(T10,(T97,T142)))),(((T136,((((T144,T50),T179),T44),T146)),T143),T60)),(T93,((T17,T76),T127))),((T185,((T180,T102),T4)),T167))),((((((T81,(((T138,T71),(T11,T194)),T155)),(T72,T27)),((T28,(T83,(T74,(T42,T139)))),T131)),((T43,(T53,T109)),(T130,T117))),(((((T173,(T110,T33)),(((T2,T61),T58),T12)),(T98,T119)),(((T122,(T193,T31)),(T92,T178)),T56)),((T24,((T160,(T57,T137)),T170)),T30))),T0)),((((((((T91,T48),T148),T105),T54),(T59,T121)),(T150,T163)),(((T47,(T128,T22)),(T149,T14)),T168)),((T111,T6),(T112,(T15,T38))))),((T190,T1),((T184,(T88,T156)),T174))),T90),(T126,T164)),T106);
Initial score: 2.53319e+10
Initial tree: (((((((((((((((((T181,T169),T159),((T177,((T152,T199),T113)),T16)),(((T123,T32),(T197,T166)),T134)),T175),(((((T73,T161),T5),T46),T69),T75)),((T96,(T86,T3)),(T192,T135))),((((T172,(T158,T8)),(T49,((T20,T188),(T154,T19)))),(T67,T89)),T124)),T23),((((((((((((T116,T40),T165),T189),T132),T118),T78),(T82,T125)),T84),((T115,(T114,T162)),(T157,T62))),(((((T108,T79),((T187,T13),T198)),(T182,T66)),T80),((T101,T183),T107))),((((T153,T39),((T151,T55),T68)),((T25,T9),(T147,T120))),T99)),(((((T140,T129),((T176,T145),(T26,T21))),(((T191,T41),(T104,T85)),(T200,T171))),(((((T65,T37),T45),(T100,T29)),(T196,(T51,T52))),(T18,T186))),((T133,(T95,T35)),T64)))),(((((((T70,T87),T7),T77),(((T141,(T34,T63)),((T195,T94),(T36,T103))),(T10,(T97,T142)))),(((T136,((((T144,T50),T179),T44),T146)),T143),T60)),(T93,((T17,T76),T127))),((T185,((T180,T102),T4)),T167))),((((((T81,(((T138,T71),(T11,T194)),T155)),(T72,T27)),((T28,(T83,(T74,(T42,T139)))),T131)),((T43,(T53,T109)),(T130,T117))),(((((T173,(T110,T33)),(((T2,T61),T58),T12)),(T98,T119)),(((T122,(T193,T31)),(T92,T178)),T56)),((T24,((T160,(T57,T137)),T170)),T30))),T0)),((((((((T91,T48),T148),T105),T54),(T59,T121)),(T150,T163)),(((T47,(T128,T22)),(T149,T14)),T168)),((T111,T6),(T112,(T15,T38))))),((T190,T1),((T184,(T88,T156)),T174))),T90),(T126,T164)),T106);
*** Subsample Process ***
Current score: 2.53319e+10
Current tree: (((((((((((((((((T181,T169),T159),((T177,((T152,T199),T113)),T16)),(((T123,T32),(T197,T166)),T134)),T175),(((((T73,T161),T5),T46),T69),T75)),((T96,(T86,T3)),(T192,T135))),((((T172,(T158,T8)),(T49,((T20,T188),(T154,T19)))),(T67,T89)),T124)),T23),((((((((((((T116,T40),T165),T189),T132),T118),T78),(T82,T125)),T84),((T115,(T114,T162)),(T157,T62))),(((((T108,T79),((T187,T13),T198)),(T182,T66)),T80),((T101,T183),T107))),((((T153,T39),((T151,T55),T68)),((T25,T9),(T147,T120))),T99)),(((((T140,T129),((T176,T145),(T26,T21))),(((T191,T41),(T104,T85)),(T200,T171))),(((((T65,T37),T45),(T100,T29)),(T196,(T51,T52))),(T18,T186))),((T133,(T95,T35)),T64)))),(((((((T70,T87),T7),T77),(((T141,(T34,T63)),((T195,T94),(T36,T103))),(T10,(T97,T142)))),(((T136,((((T144,T50),T179),T44),T146)),T143),T60)),(T93,((T17,T76),T127))),((T185,((T180,T102),T4)),T167))),((((((T81,(((T138,T71),(T11,T194)),T155)),(T72,T27)),((T28,(T83,(T74,(T42,T139)))),T131)),((T43,(T53,T109)),(T130,T117))),(((((T173,(T110,T33)),(((T2,T61),T58),T12)),(T98,T119)),(((T122,(T193,T31)),(T92,T178)),T56)),((T24,((T160,(T57,T137)),T170)),T30))),T0)),((((((((T91,T48),T148),T105),T54),(T59,T121)),(T150,T163)),(((T47,(T128,T22)),(T149,T14)),T168)),((T111,T6),(T112,(T15,T38))))),((T190,T1),((T184,(T88,T156)),T174))),T90),(T126,T164)),T106);
Final Tree: (((((((((((((((((T181,T169),T159),((T177,((T152,T199),T113)),T16)),(((T123,T32),(T197,T166)),T134)),T175),(((((T73,T161),T5),T46),T69),T75)),((T96,(T86,T3)),(T192,T135))),((((T172,(T158,T8)),(T49,((T20,T188),(T154,T19)))),(T67,T89)),T124)),T23),((((((((((((T116,T40),T165),T189),T132),T118),T78),(T82,T125)),T84),((T115,(T114,T162)),(T157,T62))),(((((T108,T79),((T187,T13),T198)),(T182,T66)),T80),((T101,T183),T107))),((((T153,T39),((T151,T55),T68)),((T25,T9),(T147,T120))),T99)),(((((T140,T129),((T176,T145),(T26,T21))),(((T191,T41),(T104,T85)),(T200,T171))),(((((T65,T37),T45),(T100,T29)),(T196,(T51,T52))),(T18,T186))),((T133,(T95,T35)),T64)))),(((((((T70,T87),T7),T77),(((T141,(T34,T63)),((T195,T94),(T36,T103))),(T10,(T97,T142)))),(((T136,((((T144,T50),T179),T44),T146)),T143),T60)),(T93,((T17,T76),T127))),((T185,((T180,T102),T4)),T167))),((((((T81,(((T138,T71),(T11,T194)),T155)),(T72,T27)),((T28,(T83,(T74,(T42,T139)))),T131)),((T43,(T53,T109)),(T130,T117))),(((((T173,(T110,T33)),(((T2,T61),T58),T12)),(T98,T119)),(((T122,(T193,T31)),(T92,T178)),T56)),((T24,((T160,(T57,T137)),T170)),T30))),T0)),((((((((T91,T48),T148),T105),T54),(T59,T121)),(T150,T163)),(((T47,(T128,T22)),(T149,T14)),T168)),((T111,T6),(T112,(T15,T38))))),((T190,T1),((T184,(T88,T156)),T174))),T90),(T126,T164)),T106);
Score: 2.53319e+10

real	10m30.116s
user	446m38.820s
sys	1m11.197s
