
RAxML-NG v. 1.1.0-master released on 04.08.2022 by The Exelixis Lab.
Developed by: Alexey M. Kozlov and Alexandros Stamatakis.
Contributors: Diego Darriba, Tomas Flouri, Benoit Morel, Sarah Lutteropp, Ben Bettisworth.
Latest version: https://github.com/amkozlov/raxml-ng
Questions/problems/suggestions? Please visit: https://groups.google.com/forum/#!forum/raxml

System: AMD EPYC 7742 64-Core Processor, 128 cores, 251 GB RAM

RAxML-NG was called at 26-Dec-2022 16:51:18 as follows:

/home/chaos/programs/raxml-ng/raxml-ng/bin/raxml-ng --msa data/alignment/18_1X_S201_0_haploid --tree pars{1} --model GTR+G --threads 64

Analysis options:
  run mode: ML tree search
  start tree(s): parsimony (1)
  random seed: 1672102278
  tip-inner: OFF
  pattern compression: ON
  per-rate scalers: OFF
  site repeats: ON
  fast spr radius: AUTO
  spr subtree cutoff: 1.000000
  branch lengths: proportional (ML estimate, algorithm: NR-FAST)
  SIMD kernels: AVX2
  parallelization: coarse-grained (auto), PTHREADS (64 threads), thread pinning: OFF

[00:00:00] Reading alignment from file: data/alignment/18_1X_S201_0_haploid
[00:00:03] Loaded alignment with 201 taxa and 5000000 sites

Alignment comprises 1 partitions and 3528195 patterns

Partition 0: noname
Model: GTR+FO+G4m
Alignment sites / patterns: 5000000 / 3528195
Gaps: 0.00 %
Invariant sites: 9.73 %


NOTE: Binary MSA file created: data/alignment/18_1X_S201_0_haploid.raxml.rba

Parallelization scheme autoconfig: 1 worker(s) x 64 thread(s)

Parallel reduction/worker buffer size: 1 KB  / 0 KB

[00:00:24] Generating 1 parsimony starting tree(s) with 201 taxa
[00:00:50] Data distribution: max. partitions/sites/weight per thread: 1 / 55129 / 882064
[00:00:50] Data distribution: max. searches per worker: 1

Starting ML tree search with 1 distinct starting trees

[00:00:51 -153617105.038407] Initial branch length optimization
[00:02:42 -137949434.301156] Model parameter optimization (eps = 10.000000)
[00:06:41 -130383623.751794] AUTODETECT spr round 1 (radius: 5)
[00:12:18 -130315346.872227] AUTODETECT spr round 2 (radius: 10)
[00:30:07 -130315346.867539] SPR radius for FAST iterations: 5 (autodetect)
[00:30:07 -130315346.867539] Model parameter optimization (eps = 3.000000)
[00:30:34 -130315343.365405] FAST spr round 1 (radius: 5)
[00:39:57 -130314992.018438] FAST spr round 2 (radius: 5)
[00:50:09 -130314670.926789] FAST spr round 3 (radius: 5)
[01:00:09 -130314450.762203] FAST spr round 4 (radius: 5)
[01:10:28 -130314428.848775] FAST spr round 5 (radius: 5)
[01:20:38 -130314428.848775] Model parameter optimization (eps = 1.000000)
[01:20:55 -130314428.758550] SLOW spr round 1 (radius: 5)
[01:53:31 -130313601.501845] SLOW spr round 2 (radius: 5)
[02:22:44 -130313527.469161] SLOW spr round 3 (radius: 5)
[02:52:04 -130313527.469161] SLOW spr round 4 (radius: 10)
[03:25:06 -130313527.469161] SLOW spr round 5 (radius: 15)
[04:25:10 -130313527.469161] SLOW spr round 6 (radius: 20)
[05:15:51 -130313527.469161] SLOW spr round 7 (radius: 25)
[05:34:59 -130313527.469161] Model parameter optimization (eps = 0.100000)

[05:35:15] ML tree search #1, logLikelihood: -130313527.453883


Optimized model parameters:

   Partition 0: noname
   Rate heterogeneity: GAMMA (4 cats, mean),  alpha: 2.100954 (ML),  weights&rates: (0.250000,0.305035) (0.250000,0.665337) (0.250000,1.072322) (0.250000,1.957306) 
   Base frequencies (ML): 0.305585 0.258136 0.198461 0.237818 
   Substitution rates (ML): 1.346311 3.648834 0.492092 1.166541 6.649146 1.000000 


Final LogLikelihood: -130313527.453883

AIC score: 260627870.907767 / AICc score: 260627870.974521 / BIC score: 260633348.286743
Free parameters (model + branch lengths): 408

Best ML tree saved to: /expanse/lustre/projects/uot138/chaos/ASTERISK-sim/data/alignment/18_1X_S201_0_haploid.raxml.bestTree
Optimized model saved to: /expanse/lustre/projects/uot138/chaos/ASTERISK-sim/data/alignment/18_1X_S201_0_haploid.raxml.bestModel

Execution log saved to: /expanse/lustre/projects/uot138/chaos/ASTERISK-sim/data/alignment/18_1X_S201_0_haploid.raxml.log

Analysis started: 26-Dec-2022 16:51:18 / finished: 26-Dec-2022 22:26:34

Elapsed time: 20116.608 seconds

Consumed energy: 2296.391 Wh (= 11 km in an electric car, or 57 km with an e-scooter!)

