Weighted ASTRAL - Hybrid
Version: v1.13.2.3
#Genetrees: 2000
#Species: 201
#Rounds: 4
#Samples: 4
#Threads: 32
Use two-step algorithm!
Guide Tree 0/27
#NNI moves:0/236
Guide Tree 1/27
#NNI moves:0/236
Guide Tree 2/27
#NNI moves:0/236
Guide Tree 3/27
#NNI moves:0/236
Guide Tree 4/27
#NNI moves:0/236
Guide Tree 5/27
#NNI moves:0/236
Guide Tree 6/27
#NNI moves:0/236
Guide Tree 7/27
#NNI moves:0/236
Guide Tree 8/27
#NNI moves:0/236
Guide Tree 9/27
#NNI moves:0/236
Guide Tree 10/27
#NNI moves:0/236
Guide Tree 11/27
#NNI moves:0/236
Guide Tree 12/27
#NNI moves:0/236
Guide Tree 13/27
#NNI moves:0/236
Guide Tree 14/27
#NNI moves:0/236
Guide Tree 15/27
#NNI moves:0/236
Guide Tree 16/27
#NNI moves:0/236
Guide Tree 17/27
#NNI moves:0/236
Guide Tree 18/27
#NNI moves:0/236
Guide Tree 19/27
#NNI moves:0/236
Guide Tree 20/27
#NNI moves:0/236
Guide Tree 21/27
#NNI moves:0/236
Guide Tree 22/27
#NNI moves:0/236
Guide Tree 23/27
#NNI moves:0/236
Guide Tree 24/27
#NNI moves:0/236
Guide Tree 25/27
#NNI moves:0/236
Guide Tree 26/27
#NNI moves:0/236
Remaining: 0
#NNI moves:1/236
#NNI moves:1/236
(((((((((((((((((((((T79,T51),T124),T76),(T98,((T195,T107),(((T168,T104),T131),T123)))),T186),((((((T12,T47),T198),(T45,T130)),T81),((T67,T41),T6)),((T121,T95),(T136,T9)))),T16),(T66,(T3,(T102,(T151,T165))))),((((T106,(T78,T137)),T26),(T99,T43)),((T193,T15),T62))),(((((((T111,T173),(T185,T13)),T156),(((T14,T110),T40),T19)),(T196,T22)),(T42,T183)),((T153,T53),(T44,T159)))),((T83,(T148,T74)),((T118,T109),T146))),(((((T154,T75),T132),(T92,T38)),(T24,T88)),((T10,T50),T8))),((((T157,T82),T134),(((T188,T149),((T184,T143),T119)),(T72,T49))),T31)),T128),(((((T187,(T37,T61)),T150),((T182,T89),((T7,T135),T161))),(((T77,T30),((T70,(T85,T46)),T152)),T181)),((((((T126,T122),((T120,T23),T59)),(T87,T100)),(T179,T28)),((T29,T158),(T96,T71))),T69))),T0),(((((((T55,(T101,(T189,T84))),(T163,T80)),T5),(((T190,T21),(T33,T1)),T2)),((T58,(T114,T167)),(T57,(T139,T25)))),(((((T64,(((T90,T170),(T174,(T164,T103))),T125)),((((T27,T177),(T129,T144)),(T133,T97)),(T35,((T116,T155),(T115,T194))))),(T11,T147)),T91),(((T4,T140),T56),(T73,T112)))),(((((((((((T141,T200),T197),T138),(T160,T192)),(T94,T20)),(((T52,T162),(T108,T54)),(T93,T17))),(T142,(T105,(T175,T117)))),T180),(T32,(T191,T18))),((((T176,T171),T199),T169),T127)),(T48,T145)))),(((T39,T65),((T166,(T60,T86)),T68)),(T178,T172))),(T36,T113)),T34),T63);
Guide Tree 0/27
#NNI moves:0/236
Guide Tree 1/27
#NNI moves:0/236
Guide Tree 2/27
#NNI moves:0/236
Guide Tree 3/27
#NNI moves:0/236
Guide Tree 4/27
#NNI moves:0/236
Guide Tree 5/27
#NNI moves:0/236
Guide Tree 6/27
#NNI moves:0/236
Guide Tree 7/27
#NNI moves:0/236
Guide Tree 8/27
#NNI moves:0/236
Guide Tree 9/27
#NNI moves:0/236
Guide Tree 10/27
#NNI moves:0/236
Guide Tree 11/27
#NNI moves:0/236
Guide Tree 12/27
#NNI moves:0/236
Guide Tree 13/27
#NNI moves:0/236
Guide Tree 14/27
#NNI moves:0/236
Guide Tree 15/27
#NNI moves:0/236
Guide Tree 16/27
#NNI moves:0/236
Guide Tree 17/27
#NNI moves:0/236
Guide Tree 18/27
#NNI moves:0/236
Guide Tree 19/27
#NNI moves:0/236
Guide Tree 20/27
#NNI moves:0/236
Guide Tree 21/27
#NNI moves:0/236
Guide Tree 22/27
#NNI moves:0/236
Guide Tree 23/27
#NNI moves:0/236
Guide Tree 24/27
#NNI moves:0/236
Guide Tree 25/27
#NNI moves:0/236
Guide Tree 26/27
#NNI moves:0/236
Remaining: 0
#NNI moves:1/236
#NNI moves:1/236
((((((((((((((((((((((T12,T47),T198),(T130,T45)),T81),((T41,T67),T6)),((T9,T136),(T95,T121))),((((((T131,(T168,T104)),T123),(T107,T195)),T98),((T124,(T79,T51)),T76)),T186)),T16),((((T165,T151),T102),T3),T66)),(((T193,T15),T62),((T99,T43),(((T137,T78),T106),T26)))),(((T153,T53),(T159,T44)),((T42,T183),(((((T110,T14),T40),T19),(((T111,T173),(T13,T185)),T156)),(T22,T196))))),((T83,(T148,T74)),(T146,(T118,T109)))),((((T92,T38),(T132,(T75,T154))),(T24,T88)),((T50,T10),T8))),((((T72,T49),((T149,T188),((T143,T184),T119))),(T134,(T157,T82))),T31)),T128),((((((((T23,T120),T59),(T126,T122)),(T100,T87)),(T179,T28)),((T158,T29),(T96,T71))),T69),(((((T135,T7),T161),(T89,T182)),(((T61,T37),T187),T150)),(((((T46,T85),T70),T152),(T77,T30)),T181)))),T0),(((((((T163,T80),(T55,((T189,T84),T101))),T5),(((T33,T1),(T21,T190)),T2)),((T58,(T114,T167)),((T25,T139),T57))),((((((((T129,T144),(T27,T177)),(T133,T97)),(((T115,T194),(T155,T116)),T35)),((((T170,T90),(T174,(T164,T103))),T125),T64)),(T147,T11)),T91),(((T140,T4),T56),(T73,T112)))),(((((((((T138,(T197,(T200,T141))),(T160,T192)),(T94,T20)),(((T54,T108),(T52,T162)),(T17,T93))),((T105,(T117,T175)),T142)),T180),((T191,T18),T32)),((((T176,T171),T199),T169),T127)),(T48,T145)))),(((T39,T65),(((T60,T86),T166),T68)),(T172,T178))),(T36,T113)),T34),T63);
Guide Tree 0/27
#NNI moves:0/236
Guide Tree 1/27
#NNI moves:0/236
Guide Tree 2/27
#NNI moves:0/236
Guide Tree 3/27
#NNI moves:0/236
Guide Tree 4/27
#NNI moves:0/236
Guide Tree 5/27
#NNI moves:0/236
Guide Tree 6/27
#NNI moves:0/236
Guide Tree 7/27
#NNI moves:0/236
Guide Tree 8/27
#NNI moves:0/236
Guide Tree 9/27
#NNI moves:0/236
Guide Tree 10/27
#NNI moves:0/236
Guide Tree 11/27
#NNI moves:0/236
Guide Tree 12/27
#NNI moves:0/236
Guide Tree 13/27
#NNI moves:0/236
Guide Tree 14/27
#NNI moves:0/236
Guide Tree 15/27
#NNI moves:0/236
Guide Tree 16/27
#NNI moves:0/236
Guide Tree 17/27
#NNI moves:0/236
Guide Tree 18/27
#NNI moves:0/236
Guide Tree 19/27
#NNI moves:0/236
Guide Tree 20/27
#NNI moves:0/236
Guide Tree 21/27
#NNI moves:0/236
Guide Tree 22/27
#NNI moves:0/236
Guide Tree 23/27
#NNI moves:0/236
Guide Tree 24/27
#NNI moves:0/236
Guide Tree 25/27
#NNI moves:0/236
Guide Tree 26/27
#NNI moves:0/236
Remaining: 0
#NNI moves:1/236
#NNI moves:1/236
(((((((((((((((((((T136,T9),(T95,T121)),((((T45,T130),((T47,T12),T198)),T81),(T6,(T41,T67)))),(((((T79,T51),T124),T76),(T98,((((T104,T168),T131),T123),(T107,T195)))),T186)),T16),(T66,(((T165,T151),T102),T3))),((T62,(T193,T15)),((((T78,T137),T106),T26),(T43,T99)))),(((T183,T42),((((T40,(T110,T14)),T19),(((T111,T173),(T185,T13)),T156)),(T196,T22))),((T53,T153),(T44,T159)))),(((T118,T109),T146),(T83,(T148,T74)))),((((T38,T92),(T132,(T75,T154))),(T24,T88)),((T50,T10),T8))),(((((T119,(T184,T143)),(T149,T188)),(T72,T49)),((T82,T157),T134)),T31)),T128),(((((T179,T28),((T100,T87),((T59,(T23,T120)),(T126,T122)))),((T29,T158),(T96,T71))),T69),(((((T37,T61),T187),T150),((T161,(T135,T7)),(T89,T182))),((((T70,(T85,T46)),T152),(T77,T30)),T181)))),T0),((((((((((T155,T116),(T194,T115)),T35),(((T129,T144),(T27,T177)),(T133,T97))),((((T170,T90),((T164,T103),T174)),T125),T64)),(T11,T147)),T91),(((T140,T4),T56),(T112,T73))),(((T58,(T114,T167)),(T57,(T139,T25))),((((T1,T33),(T190,T21)),T2),(((((T189,T84),T101),T55),(T163,T80)),T5)))),(((((((((((T141,T200),T197),T138),(T160,T192)),(T20,T94)),(((T54,T108),(T52,T162)),(T93,T17))),(((T175,T117),T105),T142)),T180),(T32,(T191,T18))),((T169,((T176,T171),T199)),T127)),(T48,T145)))),(((((T60,T86),T166),T68),(T65,T39)),(T172,T178))),(T36,T113)),T34),T63);
Guide Tree 0/27
#NNI moves:0/236
Guide Tree 1/27
#NNI moves:0/236
Guide Tree 2/27
#NNI moves:0/236
Guide Tree 3/27
#NNI moves:0/236
Guide Tree 4/27
#NNI moves:0/236
Guide Tree 5/27
#NNI moves:0/236
Guide Tree 6/27
#NNI moves:0/236
Guide Tree 7/27
#NNI moves:0/236
Guide Tree 8/27
#NNI moves:0/236
Guide Tree 9/27
#NNI moves:0/236
Guide Tree 10/27
#NNI moves:0/236
Guide Tree 11/27
#NNI moves:0/236
Guide Tree 12/27
#NNI moves:0/236
Guide Tree 13/27
#NNI moves:0/236
Guide Tree 14/27
#NNI moves:0/236
Guide Tree 15/27
#NNI moves:0/236
Guide Tree 16/27
#NNI moves:0/236
Guide Tree 17/27
#NNI moves:0/236
Guide Tree 18/27
#NNI moves:0/236
Guide Tree 19/27
#NNI moves:0/236
Guide Tree 20/27
#NNI moves:0/236
Guide Tree 21/27
#NNI moves:0/236
Guide Tree 22/27
#NNI moves:0/236
Guide Tree 23/27
#NNI moves:0/236
Guide Tree 24/27
#NNI moves:0/236
Guide Tree 25/27
#NNI moves:0/236
Guide Tree 26/27
#NNI moves:0/236
Remaining: 0
#NNI moves:3/236
#NNI moves:3/236
(((((((((((((((((((((T130,T45),(T198,(T47,T12))),T81),((T67,T41),T6)),((T136,T9),(T121,T95))),((((((T131,(T104,T168)),T123),(T195,T107)),T98),((T124,(T79,T51)),T76)),T186)),T16),(((T102,(T151,T165)),T3),T66)),(((T26,((T78,T137),T106)),(T99,T43)),((T193,T15),T62))),(((((((T185,T13),(T111,T173)),T156),(((T14,T110),T40),T19)),(T22,T196)),(T183,T42)),((T53,T153),(T159,T44)))),((T83,(T148,T74)),(T146,(T109,T118)))),(((((T75,T154),T132),(T92,T38)),(T88,T24)),((T50,T10),T8))),((((T157,T82),T134),((T72,T49),((T149,T188),((T143,T184),T119)))),T31)),T128),(((((((T46,T85),T70),T152),(T30,T77)),T181),(((T89,T182),((T135,T7),T161)),(((T37,T61),T187),T150))),((((T96,T71),(T158,T29)),((((T59,(T23,T120)),(T126,T122)),(T87,T100)),(T179,T28))),T69))),T0),((((((T114,T167),T58),((T25,T139),T57)),(((((T101,(T189,T84)),T55),(T80,T163)),T5),(((T1,T33),(T190,T21)),T2))),((((T11,T147),(((((T155,T116),(T194,T115)),T35),((T97,T133),((T129,T144),(T177,T27)))),((((T90,T170),(T174,(T103,T164))),T125),T64))),T91),((T112,T73),((T4,T140),T56)))),(((((((((T54,T108),(T162,T52)),(T17,T93)),((T20,T94),((T192,T160),((T197,(T200,T141)),T138)))),(T142,(T105,(T117,T175)))),T180),((T191,T18),T32)),((((T176,T171),T199),T169),T127)),(T145,T48)))),(((((T86,T60),T166),T68),(T39,T65)),(T172,T178))),(T113,T36)),T34),T63);
Initial score: 7.26441e+10
Initial tree: (((((((((((((((((((((T130,T45),(T198,(T47,T12))),T81),((T67,T41),T6)),((T136,T9),(T121,T95))),((((((T131,(T104,T168)),T123),(T195,T107)),T98),((T124,(T79,T51)),T76)),T186)),T16),(((T102,(T151,T165)),T3),T66)),(((T26,((T78,T137),T106)),(T99,T43)),((T193,T15),T62))),(((((((T185,T13),(T111,T173)),T156),(((T14,T110),T40),T19)),(T22,T196)),(T183,T42)),((T53,T153),(T159,T44)))),((T83,(T148,T74)),(T146,(T109,T118)))),(((((T75,T154),T132),(T92,T38)),(T88,T24)),((T50,T10),T8))),((((T157,T82),T134),((T72,T49),((T149,T188),((T143,T184),T119)))),T31)),T128),(((((((T46,T85),T70),T152),(T30,T77)),T181),(((T89,T182),((T135,T7),T161)),(((T37,T61),T187),T150))),((((T96,T71),(T158,T29)),((((T59,(T23,T120)),(T126,T122)),(T87,T100)),(T179,T28))),T69))),T0),((((((T114,T167),T58),((T25,T139),T57)),(((((T101,(T189,T84)),T55),(T80,T163)),T5),(((T1,T33),(T190,T21)),T2))),((((T11,T147),(((((T155,T116),(T194,T115)),T35),((T97,T133),((T129,T144),(T177,T27)))),((((T90,T170),(T174,(T103,T164))),T125),T64))),T91),((T112,T73),((T4,T140),T56)))),(((((((((T54,T108),(T162,T52)),(T17,T93)),((T20,T94),((T192,T160),((T197,(T200,T141)),T138)))),(T142,(T105,(T117,T175)))),T180),((T191,T18),T32)),((((T176,T171),T199),T169),T127)),(T145,T48)))),(((((T86,T60),T166),T68),(T39,T65)),(T172,T178))),(T113,T36)),T34),T63);
*** Subsample Process ***
Use two-step algorithm!
#NNI moves:0/236
Remaining: 0
#NNI moves:0/236
#NNI moves:0/236
(((((((((((((((((((((((((((((T116,T155),(T115,T194)),T35),(((T129,T144),(T27,T177)),(T97,T133))),((((T174,(T103,T164)),(T90,T170)),T125),T64)),(T147,T11)),T91),((T73,T112),((T140,T4),T56))),((((T114,T167),T58),((T139,T25),T57)),((T5,((T163,T80),(T55,(T101,(T189,T84))))),(((T190,T21),(T1,T33)),T2)))),(((((((((T160,T192),(((T141,T200),T197),T138)),(T20,T94)),((T93,T17),((T52,T162),(T54,T108)))),((T105,(T175,T117)),T142)),T180),(T32,(T18,T191))),((((T171,T176),T199),T169),T127)),(T48,T145))),(((T34,T63),(T113,T36)),(((T68,(T166,(T60,T86))),(T65,T39)),(T172,T178)))),T0),((((((T100,T87),(((T120,T23),T59),(T126,T122))),(T28,T179)),((T29,T158),(T71,T96))),T69),((((T89,T182),((T135,T7),T161)),(((T37,T61),T187),T150)),(((((T46,T85),T70),T152),(T77,T30)),T181)))),T128),((((T49,T72),((T119,(T143,T184)),(T188,T149))),((T82,T157),T134)),T31)),(((((T75,T154),T132),(T92,T38)),(T88,T24)),((T50,T10),T8))),((T83,(T74,T148)),((T118,T109),T146))),(((((((T14,T110),T40),T19),(T156,((T173,T111),(T185,T13)))),(T22,T196)),(T183,T42)),((T159,T44),(T53,T153)))),(((T26,((T137,T78),T106)),(T43,T99)),((T193,T15),T62))),(((T102,(T165,T151)),T3),T66)),T16),(((((T195,T107),((T131,(T168,T104)),T123)),T98),(((T79,T51),T124),T76)),T186)),((T121,T95),(T9,T136))),((T41,T67),T6)),T81),(T130,T45)),T198),T47),T12);
#NNI moves:0/236
Remaining: 0
#NNI moves:0/236
#NNI moves:0/236
(((((((((((((((((((((((T168,T104),T131),T123),(T195,T107)),T98),(((T51,T79),T124),T76)),T186),(((T6,(T41,T67)),((((T47,T12),T198),(T45,T130)),T81)),((T95,T121),(T9,T136)))),T16),((T3,((T165,T151),T102)),T66)),((T62,(T193,T15)),((((T137,T78),T106),T26),(T43,T99)))),(((((T156,((T13,T185),(T111,T173))),(((T110,T14),T40),T19)),(T196,T22)),(T42,T183)),((T44,T159),(T53,T153)))),(((T118,T109),T146),((T148,T74),T83))),(((T10,T50),T8),(((T132,(T154,T75)),(T92,T38)),(T24,T88)))),((((((T143,T184),T119),(T188,T149)),(T49,T72)),((T82,T157),T134)),T31)),T128),(((((T77,T30),(T152,(T70,(T46,T85)))),T181),((((T37,T61),T187),T150),((T182,T89),(T161,(T135,T7))))),(((((T87,T100),((T126,T122),(T59,(T120,T23)))),(T28,T179)),((T29,T158),(T96,T71))),T69))),T0),((((((((((T116,T155),(T115,T194)),T35),(((T129,T144),(T177,T27)),(T97,T133))),(((((T164,T103),T174),(T90,T170)),T125),T64)),(T147,T11)),T91),((T56,(T140,T4)),(T112,T73))),(((T58,(T167,T114)),((T139,T25),T57)),((T5,((T80,T163),(((T189,T84),T101),T55))),(((T190,T21),(T33,T1)),T2)))),(((((((((T192,T160),(T138,((T200,T141),T197))),(T94,T20)),(((T52,T162),(T54,T108)),(T93,T17))),(T142,((T117,T175),T105))),T180),((T18,T191),T32)),(T127,(((T176,T171),T199),T169))),(T145,T48)))),(((((T86,T60),T166),T68),(T65,T39)),(T172,T178))),(T113,T36)),T63),T34);
#NNI moves:0/236
Remaining: 0
#NNI moves:3/236
#NNI moves:3/236
(((((((((((((((((((((((((((((T141,T200),T197),T138),(T192,T160)),(T94,T20)),(((T108,T54),(T52,T162)),(T17,T93))),(((T175,T117),T105),T142)),T180),((T18,T191),T32)),((((T176,T171),T199),T169),T127)),(T145,T48)),((((((((T84,T189),T101),T55),(T163,T80)),T5),(((T190,T21),(T33,T1)),T2)),((T57,(T139,T25)),(T58,(T167,T114)))),((((((((T194,T115),(T155,T116)),T35),(((T27,T177),(T144,T129)),(T97,T133))),((((T170,T90),((T164,T103),T174)),T125),T64)),(T147,T11)),T91),((T73,T112),((T140,T4),T56))))),(((T172,T178),((((T60,T86),T166),T68),(T39,T65))),((T36,T113),(T63,T34)))),T0),((((((T70,(T46,T85)),T152),(T30,T77)),T181),((((T61,T37),T187),T150),((T182,T89),((T7,T135),T161)))),(((((T100,T87),(((T23,T120),T59),(T126,T122))),(T28,T179)),((T29,T158),(T71,T96))),T69))),T128),((((T82,T157),T134),(((T119,(T184,T143)),(T188,T149)),(T72,T49))),T31)),(((((T75,T154),T132),(T92,T38)),(T88,T24)),((T10,T50),T8))),(((T118,T109),T146),((T148,T74),T83))),(((T159,T44),(T153,T53)),((((((T14,T110),T40),T19),(T156,((T185,T13),(T111,T173)))),(T22,T196)),(T42,T183)))),((((T106,(T78,T137)),T26),(T99,T43)),(T62,(T15,T193)))),((T3,(T102,(T165,T151))),T66)),T16),(((T6,(T41,T67)),(((T198,(T12,T47)),(T130,T45)),T81)),((T121,T95),(T9,T136)))),T186),(((T123,((T168,T104),T131)),(T107,T195)),T98)),T76),(T51,T79)),T124);
#NNI moves:0/236
Remaining: 0
#NNI moves:0/236
#NNI moves:0/236
(((((((((((((((T194,T115),(T155,T116)),T35),(((T177,T27),(T144,T129)),(T97,T133))),(((((T103,T164),T174),(T170,T90)),T125),T64)),(T147,T11)),T91),((T112,T73),((T140,T4),T56))),(((((((T84,T189),T101),T55),(T163,T80)),T5),(((T190,T21),(T33,T1)),T2)),(((T25,T139),T57),((T167,T114),T58)))),(((((T18,T191),T32),(((((T17,T93),((T108,T54),(T52,T162))),(((T138,((T141,T200),T197)),(T192,T160)),(T20,T94))),(((T117,T175),T105),T142)),T180)),((((T171,T176),T199),T169),T127)),(T145,T48))),((((((((((((((T6,(T41,T67)),(((T45,T130),(T198,(T47,T12))),T81)),((T9,T136),(T121,T95))),(((((T79,T51),T124),T76),((((T131,(T104,T168)),T123),(T107,T195)),T98)),T186)),T16),((T3,((T165,T151),T102)),T66)),(((((T78,T137),T106),T26),(T43,T99)),((T15,T193),T62))),(((((((T110,T14),T40),T19),(((T111,T173),(T185,T13)),T156)),(T22,T196)),(T183,T42)),((T44,T159),(T53,T153)))),(((T118,T109),T146),(T83,(T148,T74)))),((((T92,T38),(T132,(T154,T75))),(T88,T24)),(T8,(T10,T50)))),((((T72,T49),((T149,T188),((T184,T143),T119))),((T157,T82),T134)),T31)),T128),(((((((T46,T85),T70),T152),(T77,T30)),T181),(((T161,(T7,T135)),(T89,T182)),(T150,((T37,T61),T187)))),((((((T122,T126),((T120,T23),T59)),(T87,T100)),(T179,T28)),((T71,T96),(T29,T158))),T69))),T0)),(((((T60,T86),T166),T68),(T65,T39)),(T178,T172))),(T113,T36)),T63),T34);
Current score: 7.26441e+10
Current tree: (((((((((((((((T194,T115),(T155,T116)),T35),(((T177,T27),(T144,T129)),(T97,T133))),(((((T103,T164),T174),(T170,T90)),T125),T64)),(T147,T11)),T91),((T112,T73),((T140,T4),T56))),(((((((T84,T189),T101),T55),(T163,T80)),T5),(((T190,T21),(T33,T1)),T2)),(((T25,T139),T57),((T167,T114),T58)))),(((((T18,T191),T32),(((((T17,T93),((T108,T54),(T52,T162))),(((T138,((T141,T200),T197)),(T192,T160)),(T20,T94))),(((T117,T175),T105),T142)),T180)),((((T171,T176),T199),T169),T127)),(T145,T48))),((((((((((((((T6,(T41,T67)),(((T45,T130),(T198,(T47,T12))),T81)),((T9,T136),(T121,T95))),(((((T79,T51),T124),T76),((((T131,(T104,T168)),T123),(T107,T195)),T98)),T186)),T16),((T3,((T165,T151),T102)),T66)),(((((T78,T137),T106),T26),(T43,T99)),((T15,T193),T62))),(((((((T110,T14),T40),T19),(((T111,T173),(T185,T13)),T156)),(T22,T196)),(T183,T42)),((T44,T159),(T53,T153)))),(((T118,T109),T146),(T83,(T148,T74)))),((((T92,T38),(T132,(T154,T75))),(T88,T24)),(T8,(T10,T50)))),((((T72,T49),((T149,T188),((T184,T143),T119))),((T157,T82),T134)),T31)),T128),(((((((T46,T85),T70),T152),(T77,T30)),T181),(((T161,(T7,T135)),(T89,T182)),(T150,((T37,T61),T187)))),((((((T122,T126),((T120,T23),T59)),(T87,T100)),(T179,T28)),((T71,T96),(T29,T158))),T69))),T0)),(((((T60,T86),T166),T68),(T65,T39)),(T178,T172))),(T113,T36)),T34),T63);
Final Tree: (((((((((((((((T194,T115),(T155,T116)),T35),(((T177,T27),(T144,T129)),(T97,T133))),(((((T103,T164),T174),(T170,T90)),T125),T64)),(T147,T11)),T91),((T112,T73),((T140,T4),T56))),(((((((T84,T189),T101),T55),(T163,T80)),T5),(((T190,T21),(T33,T1)),T2)),(((T25,T139),T57),((T167,T114),T58)))),(((((T18,T191),T32),(((((T17,T93),((T108,T54),(T52,T162))),(((T138,((T141,T200),T197)),(T192,T160)),(T20,T94))),(((T117,T175),T105),T142)),T180)),((((T171,T176),T199),T169),T127)),(T145,T48))),((((((((((((((T6,(T41,T67)),(((T45,T130),(T198,(T47,T12))),T81)),((T9,T136),(T121,T95))),(((((T79,T51),T124),T76),((((T131,(T104,T168)),T123),(T107,T195)),T98)),T186)),T16),((T3,((T165,T151),T102)),T66)),(((((T78,T137),T106),T26),(T43,T99)),((T15,T193),T62))),(((((((T110,T14),T40),T19),(((T111,T173),(T185,T13)),T156)),(T22,T196)),(T183,T42)),((T44,T159),(T53,T153)))),(((T118,T109),T146),(T83,(T148,T74)))),((((T92,T38),(T132,(T154,T75))),(T88,T24)),(T8,(T10,T50)))),((((T72,T49),((T149,T188),((T184,T143),T119))),((T157,T82),T134)),T31)),T128),(((((((T46,T85),T70),T152),(T77,T30)),T181),(((T161,(T7,T135)),(T89,T182)),(T150,((T37,T61),T187)))),((((((T122,T126),((T120,T23),T59)),(T87,T100)),(T179,T28)),((T71,T96),(T29,T158))),T69))),T0)),(((((T60,T86),T166),T68),(T65,T39)),(T178,T172))),(T113,T36)),T34),T63);
Score: 7.264405359e+10

real	1m8.251s
user	19m0.054s
sys	0m18.447s
