
RAxML-NG v. 1.1.0-master released on 04.08.2022 by The Exelixis Lab.
Developed by: Alexey M. Kozlov and Alexandros Stamatakis.
Contributors: Diego Darriba, Tomas Flouri, Benoit Morel, Sarah Lutteropp, Ben Bettisworth.
Latest version: https://github.com/amkozlov/raxml-ng
Questions/problems/suggestions? Please visit: https://groups.google.com/forum/#!forum/raxml

System: AMD EPYC 7742 64-Core Processor, 128 cores, 251 GB RAM

RAxML-NG was called at 26-Dec-2022 16:51:18 as follows:

/home/chaos/programs/raxml-ng/raxml-ng/bin/raxml-ng --msa data/alignment/21_1X_S201_0_haploid --tree pars{1} --model GTR+G --threads 64

Analysis options:
  run mode: ML tree search
  start tree(s): parsimony (1)
  random seed: 1672102278
  tip-inner: OFF
  pattern compression: ON
  per-rate scalers: OFF
  site repeats: ON
  fast spr radius: AUTO
  spr subtree cutoff: 1.000000
  branch lengths: proportional (ML estimate, algorithm: NR-FAST)
  SIMD kernels: AVX2
  parallelization: coarse-grained (auto), PTHREADS (64 threads), thread pinning: OFF

[00:00:00] Reading alignment from file: data/alignment/21_1X_S201_0_haploid
[00:00:02] Loaded alignment with 201 taxa and 5000000 sites

Alignment comprises 1 partitions and 3360393 patterns

Partition 0: noname
Model: GTR+FO+G4m
Alignment sites / patterns: 5000000 / 3360393
Gaps: 0.00 %
Invariant sites: 9.59 %


NOTE: Binary MSA file created: data/alignment/21_1X_S201_0_haploid.raxml.rba

Parallelization scheme autoconfig: 1 worker(s) x 64 thread(s)

Parallel reduction/worker buffer size: 1 KB  / 0 KB

[00:00:22] Generating 1 parsimony starting tree(s) with 201 taxa
[00:00:48] Data distribution: max. partitions/sites/weight per thread: 1 / 52507 / 840112
[00:00:48] Data distribution: max. searches per worker: 1

Starting ML tree search with 1 distinct starting trees

[00:00:49 -139843013.795880] Initial branch length optimization
[00:02:25 -124322459.077621] Model parameter optimization (eps = 10.000000)
[00:07:59 -118014727.617644] AUTODETECT spr round 1 (radius: 5)
[00:13:10 -117968240.744614] AUTODETECT spr round 2 (radius: 10)
[00:32:40 -117968240.744339] SPR radius for FAST iterations: 5 (autodetect)
[00:32:40 -117968240.744339] Model parameter optimization (eps = 3.000000)
[00:32:53 -117968239.107541] FAST spr round 1 (radius: 5)
[00:41:18 -117967236.335073] FAST spr round 2 (radius: 5)
[00:50:15 -117966627.307227] FAST spr round 3 (radius: 5)
[00:59:13 -117966212.515568] FAST spr round 4 (radius: 5)
[01:08:04 -117966161.899414] FAST spr round 5 (radius: 5)
[01:17:15 -117966161.899412] Model parameter optimization (eps = 1.000000)
[01:17:51 -117966160.132526] SLOW spr round 1 (radius: 5)
[01:44:58 -117966160.132520] SLOW spr round 2 (radius: 10)
[02:21:04 -117966160.132520] SLOW spr round 3 (radius: 15)
[03:19:00 -117966160.132520] SLOW spr round 4 (radius: 20)
[04:08:01 -117966160.132520] SLOW spr round 5 (radius: 25)
[04:20:15 -117966160.132520] Model parameter optimization (eps = 0.100000)

[04:20:45] ML tree search #1, logLikelihood: -117966159.514873


Optimized model parameters:

   Partition 0: noname
   Rate heterogeneity: GAMMA (4 cats, mean),  alpha: 3.068797 (ML),  weights&rates: (0.250000,0.394515) (0.250000,0.735267) (0.250000,1.082835) (0.250000,1.787382) 
   Base frequencies (ML): 0.306714 0.287887 0.155107 0.250292 
   Substitution rates (ML): 0.258483 2.666860 0.494801 1.355279 3.260400 1.000000 


Final LogLikelihood: -117966159.514873

AIC score: 235933135.029745 / AICc score: 235933135.096500 / BIC score: 235938612.408721
Free parameters (model + branch lengths): 408

Best ML tree saved to: /expanse/lustre/projects/uot138/chaos/ASTERISK-sim/data/alignment/21_1X_S201_0_haploid.raxml.bestTree
Optimized model saved to: /expanse/lustre/projects/uot138/chaos/ASTERISK-sim/data/alignment/21_1X_S201_0_haploid.raxml.bestModel

Execution log saved to: /expanse/lustre/projects/uot138/chaos/ASTERISK-sim/data/alignment/21_1X_S201_0_haploid.raxml.log

Analysis started: 26-Dec-2022 16:51:18 / finished: 26-Dec-2022 21:12:04

Elapsed time: 15646.296 seconds

Consumed energy: 1781.041 Wh (= 9 km in an electric car, or 45 km with an e-scooter!)

