Weighted ASTRAL - Hybrid
Version: v1.13.2.3
#Genetrees: 2000
#Species: 201
#Rounds: 4
#Samples: 4
#Threads: 32
Use two-step algorithm!
Guide Tree 0/27
#NNI moves:0/236
Guide Tree 1/27
#NNI moves:0/236
Guide Tree 2/27
#NNI moves:1/236
Guide Tree 3/27
#NNI moves:0/236
Guide Tree 4/27
#NNI moves:0/236
Guide Tree 5/27
#NNI moves:0/236
Guide Tree 6/27
#NNI moves:1/236
Guide Tree 7/27
#NNI moves:0/236
Guide Tree 8/27
#NNI moves:0/236
Guide Tree 9/27
#NNI moves:0/236
Guide Tree 10/27
#NNI moves:0/236
Guide Tree 11/27
#NNI moves:0/236
Guide Tree 12/27
#NNI moves:0/236
Guide Tree 13/27
#NNI moves:0/236
Guide Tree 14/27
#NNI moves:0/236
Guide Tree 15/27
#NNI moves:0/236
Guide Tree 16/27
#NNI moves:0/236
Guide Tree 17/27
#NNI moves:0/236
Guide Tree 18/27
#NNI moves:0/236
Guide Tree 19/27
#NNI moves:0/236
Guide Tree 20/27
#NNI moves:3/236
Guide Tree 21/27
#NNI moves:0/236
Guide Tree 22/27
#NNI moves:0/236
Guide Tree 23/27
#NNI moves:3/236
Guide Tree 24/27
#NNI moves:0/236
Guide Tree 25/27
#NNI moves:0/236
Guide Tree 26/27
#NNI moves:0/236
Remaining: 0
#NNI moves:0/236
#NNI moves:0/236
(((((((((((((((((((((T136,T53),(T66,T45)),(((T127,T19),T184),T9)),((((T46,T12),T16),((T143,T159),T81)),(((T32,T126),T100),T156))),((T23,T120),T175)),(((T160,(T185,(T57,T164))),(((T28,T169),T82),(T76,T8))),((((T161,T62),(T157,T25)),T186),(T4,T39)))),(((((T18,T165),((T191,T195),(T13,T85))),((T123,T113),T51)),((T99,T15),T56)),T75)),((((T96,T65),(T40,T167)),T162),(((T180,T189),T41),(T141,T73)))),(((((T95,T121),T196),((T49,(T88,T149)),((T24,T168),(T118,(T199,T6))))),T47),((((((T115,T101),T14),T68),T163),T80),T177))),(T90,((T176,(T142,T108)),T119))),((((((T155,T122),((((T139,T131),T102),T2),((T50,T190),T138))),T171),T67),((T154,T125),T173)),(((T129,T31),((T7,T22),(T35,T111))),(T128,T72)))),T0),(((((((((T110,T106),T148),((T63,T64),T93)),(T87,T91)),T134),((((((T55,((T151,T59),T20)),T174),((T105,T150),T172)),(T107,T1)),((T89,T114),T124)),(T116,(T117,(T10,T158))))),(((T153,T130),(T198,T152)),T112)),(((((T5,T29),((T179,T146),T132)),(T200,T92)),T74),(T188,T61))),((((T78,T3),(T197,T34)),(((T97,T86),T137),(T178,T144))),(T48,T145)))),((((((T38,(T192,T37)),T187),(T181,T166)),T182),T140),((T194,(T79,T70)),(T43,T11)))),(((((T52,T60),T83),(T135,T36)),((T26,T77),T71)),(T103,((((T183,T170),T193),T94),T58)))),((T69,(((T109,T84),((T30,T44),T27)),T133)),((T54,T21),T98))),T33),T42),T147),T104),T17);
Guide Tree 0/27
#NNI moves:0/236
Guide Tree 1/27
#NNI moves:0/236
Guide Tree 2/27
#NNI moves:0/236
Guide Tree 3/27
#NNI moves:1/236
Guide Tree 4/27
#NNI moves:0/236
Guide Tree 5/27
#NNI moves:0/236
Guide Tree 6/27
#NNI moves:0/236
Guide Tree 7/27
#NNI moves:0/236
Guide Tree 8/27
#NNI moves:0/236
Guide Tree 9/27
#NNI moves:0/236
Guide Tree 10/27
#NNI moves:1/236
Guide Tree 11/27
#NNI moves:0/236
Guide Tree 12/27
#NNI moves:0/236
Guide Tree 13/27
#NNI moves:0/236
Guide Tree 14/27
#NNI moves:0/236
Guide Tree 15/27
#NNI moves:0/236
Guide Tree 16/27
#NNI moves:0/236
Guide Tree 17/27
#NNI moves:0/236
Guide Tree 18/27
#NNI moves:0/236
Guide Tree 19/27
#NNI moves:0/236
Guide Tree 20/27
#NNI moves:0/236
Guide Tree 21/27
#NNI moves:0/236
Guide Tree 22/27
#NNI moves:0/236
Guide Tree 23/27
#NNI moves:0/236
Guide Tree 24/27
#NNI moves:0/236
Guide Tree 25/27
#NNI moves:0/236
Guide Tree 26/27
#NNI moves:0/236
Remaining: 0
#NNI moves:0/236
#NNI moves:0/236
(((((((((((((((((((((T66,T45),(T53,T136)),((T184,(T19,T127)),T9)),((T156,((T126,T32),T100)),(((T143,T159),T81),((T12,T46),T16)))),((T23,T120),T175)),(((((T157,T25),(T161,T62)),T186),(T39,T4)),((((T169,T28),T82),(T76,T8)),((T185,(T57,T164)),T160)))),((((T99,T15),T56),(((T113,T123),T51),((T165,T18),((T195,T191),(T85,T13))))),T75)),((((T96,T65),(T40,T167)),T162),((T73,T141),(T41,(T180,T189))))),((((((T88,T149),T49),(((T6,T199),T118),(T168,T24))),(T196,(T95,T121))),T47),(((T163,(((T115,T101),T14),T68)),T80),T177))),(((T176,(T108,T142)),T119),T90)),(((((((T138,(T190,T50)),(T2,(T102,(T139,T131)))),(T155,T122)),T171),T67),((T154,T125),T173)),(((T129,T31),((T22,T7),(T111,T35))),(T72,T128)))),T0),(((((((((T63,T64),T93),((T110,T106),T148)),(T87,T91)),T134),((T116,((T158,T10),T117)),((((T172,(T105,T150)),((T55,((T59,T151),T20)),T174)),(T107,T1)),((T89,T114),T124)))),(((T153,T130),(T198,T152)),T112)),(((((T29,T5),(T132,(T179,T146))),(T92,T200)),T74),(T61,T188))),(((((T97,T86),T137),(T144,T178)),((T197,T34),(T78,T3))),(T48,T145)))),(((T11,T43),((T79,T70),T194)),((((((T37,T192),T38),T187),(T166,T181)),T182),T140))),(((((T60,T52),T83),(T135,T36)),((T26,T77),T71)),(T103,(T58,((T193,(T183,T170)),T94))))),(((((T109,T84),((T44,T30),T27)),T133),T69),(T98,(T21,T54)))),T33),T42),T147),T104),T17);
Guide Tree 0/27
#NNI moves:0/236
Guide Tree 1/27
#NNI moves:0/236
Guide Tree 2/27
#NNI moves:0/236
Guide Tree 3/27
#NNI moves:1/236
Guide Tree 4/27
#NNI moves:0/236
Guide Tree 5/27
#NNI moves:0/236
Guide Tree 6/27
#NNI moves:0/236
Guide Tree 7/27
#NNI moves:0/236
Guide Tree 8/27
#NNI moves:0/236
Guide Tree 9/27
#NNI moves:0/236
Guide Tree 10/27
#NNI moves:0/236
Guide Tree 11/27
#NNI moves:0/236
Guide Tree 12/27
#NNI moves:0/236
Guide Tree 13/27
#NNI moves:1/236
Guide Tree 14/27
#NNI moves:0/236
Guide Tree 15/27
#NNI moves:0/236
Guide Tree 16/27
#NNI moves:0/236
Guide Tree 17/27
#NNI moves:0/236
Guide Tree 18/27
#NNI moves:0/236
Guide Tree 19/27
#NNI moves:0/236
Guide Tree 20/27
#NNI moves:3/236
Guide Tree 21/27
#NNI moves:0/236
Guide Tree 22/27
#NNI moves:0/236
Guide Tree 23/27
#NNI moves:0/236
Guide Tree 24/27
#NNI moves:0/236
Guide Tree 25/27
#NNI moves:1/236
Guide Tree 26/27
#NNI moves:0/236
Remaining: 0
#NNI moves:0/236
#NNI moves:0/236
(((((((((((((((((((T4,T39),(((T161,T62),(T157,T25)),T186)),(((T82,(T169,T28)),(T76,T8)),((T185,(T164,T57)),T160))),(((((T184,(T19,T127)),T9),((T53,T136),(T66,T45))),(((T16,(T12,T46)),(T81,(T159,T143))),(T156,(T100,(T126,T32))))),((T23,T120),T175))),((((T15,T99),T56),(((T165,T18),((T85,T13),(T191,T195))),((T113,T123),T51))),T75)),((((T167,T40),(T65,T96)),T162),((T141,T73),((T189,T180),T41)))),((((T196,(T95,T121)),(((T168,T24),(T118,(T199,T6))),((T149,T88),T49))),T47),((((((T101,T115),T14),T68),T163),T80),T177))),((T119,((T142,T108),T176)),T90)),(((((T7,T22),(T35,T111)),(T129,T31)),(T72,T128)),(((((T122,T155),((((T131,T139),T102),T2),(T138,(T190,T50)))),T171),T67),((T154,T125),T173)))),T0),((((((((((T55,((T151,T59),T20)),T174),((T150,T105),T172)),(T107,T1)),((T89,T114),T124)),(((T10,T158),T117),T116)),(T134,(((T148,(T110,T106)),((T63,T64),T93)),(T87,T91)))),(T112,((T198,T152),(T153,T130)))),((T74,(((T29,T5),((T179,T146),T132)),(T92,T200))),(T188,T61))),((T145,T48),(((T197,T34),(T78,T3)),((T137,(T86,T97)),(T178,T144)))))),(((T194,(T70,T79)),(T11,T43)),(((((T38,(T37,T192)),T187),(T166,T181)),T182),T140))),(((((T193,(T170,T183)),T94),T58),T103),((((T52,T60),T83),(T135,T36)),((T26,T77),T71)))),((T69,((((T44,T30),T27),(T84,T109)),T133)),((T21,T54),T98))),T33),T42),T147),T104),T17);
Guide Tree 0/27
#NNI moves:0/236
Guide Tree 1/27
#NNI moves:0/236
Guide Tree 2/27
#NNI moves:0/236
Guide Tree 3/27
#NNI moves:1/236
Guide Tree 4/27
#NNI moves:1/236
Guide Tree 5/27
#NNI moves:0/236
Guide Tree 6/27
#NNI moves:0/236
Guide Tree 7/27
#NNI moves:0/236
Guide Tree 8/27
#NNI moves:0/236
Guide Tree 9/27
#NNI moves:0/236
Guide Tree 10/27
#NNI moves:0/236
Guide Tree 11/27
#NNI moves:0/236
Guide Tree 12/27
#NNI moves:3/236
Guide Tree 13/27
#NNI moves:0/236
Guide Tree 14/27
#NNI moves:0/236
Guide Tree 15/27
#NNI moves:0/236
Guide Tree 16/27
#NNI moves:0/236
Guide Tree 17/27
#NNI moves:0/236
Guide Tree 18/27
#NNI moves:0/236
Guide Tree 19/27
#NNI moves:1/236
Guide Tree 20/27
#NNI moves:0/236
Guide Tree 21/27
#NNI moves:0/236
Guide Tree 22/27
#NNI moves:1/236
Guide Tree 23/27
#NNI moves:3/236
Guide Tree 24/27
#NNI moves:0/236
Guide Tree 25/27
#NNI moves:0/236
Guide Tree 26/27
#NNI moves:0/236
Remaining: 0
#NNI moves:0/236
#NNI moves:0/236
((((((((((((((((((T189,T180),T41),(T141,T73)),(((T167,T40),(T65,T96)),T162)),((((((T82,(T28,T169)),(T8,T76)),((T185,(T57,T164)),T160)),((((T62,T161),(T157,T25)),T186),(T4,T39))),((((T9,((T127,T19),T184)),((T53,T136),(T45,T66))),((((T126,T32),T100),T156),((T16,(T12,T46)),((T159,T143),T81)))),((T120,T23),T175))),((((((T13,T85),(T195,T191)),(T18,T165)),((T123,T113),T51)),((T99,T15),T56)),T75))),((((T163,((T14,(T115,T101)),T68)),T80),T177),((((((T6,T199),T118),(T24,T168)),((T149,T88),T49)),(T196,(T95,T121))),T47))),(T90,(((T108,T142),T176),T119))),((((((((T190,T50),T138),(T2,((T139,T131),T102))),(T122,T155)),T171),T67),((T154,T125),T173)),((T128,T72),((T129,T31),((T22,T7),(T111,T35)))))),T0),((((((((((T105,T150),T172),(T174,(((T151,T59),T20),T55))),(T1,T107)),((T114,T89),T124)),(T116,((T158,T10),T117))),(((((T106,T110),T148),((T64,T63),T93)),(T87,T91)),T134)),(T112,((T198,T152),(T130,T153)))),(((((T132,(T179,T146)),(T29,T5)),(T92,T200)),T74),(T188,T61))),((((T197,T34),(T3,T78)),((T137,(T97,T86)),(T178,T144))),(T48,T145)))),((((T79,T70),T194),(T43,T11)),((((((T37,T192),T38),T187),(T181,T166)),T182),T140))),((T103,((T94,(T193,(T170,T183))),T58)),((T71,(T26,T77)),((T135,T36),(T83,(T52,T60)))))),(((((T27,(T44,T30)),(T109,T84)),T133),T69),((T21,T54),T98))),T33),T42),T147),T104),T17);
Initial score: 5.88059e+10
Initial tree: ((((((((((((((((((T189,T180),T41),(T141,T73)),(((T167,T40),(T65,T96)),T162)),((((((T82,(T28,T169)),(T8,T76)),((T185,(T57,T164)),T160)),((((T62,T161),(T157,T25)),T186),(T4,T39))),((((T9,((T127,T19),T184)),((T53,T136),(T45,T66))),((((T126,T32),T100),T156),((T16,(T12,T46)),((T159,T143),T81)))),((T120,T23),T175))),((((((T13,T85),(T195,T191)),(T18,T165)),((T123,T113),T51)),((T99,T15),T56)),T75))),((((T163,((T14,(T115,T101)),T68)),T80),T177),((((((T6,T199),T118),(T24,T168)),((T149,T88),T49)),(T196,(T95,T121))),T47))),(T90,(((T108,T142),T176),T119))),((((((((T190,T50),T138),(T2,((T139,T131),T102))),(T122,T155)),T171),T67),((T154,T125),T173)),((T128,T72),((T129,T31),((T22,T7),(T111,T35)))))),T0),((((((((((T105,T150),T172),(T174,(((T151,T59),T20),T55))),(T1,T107)),((T114,T89),T124)),(T116,((T158,T10),T117))),(((((T106,T110),T148),((T64,T63),T93)),(T87,T91)),T134)),(T112,((T198,T152),(T130,T153)))),(((((T132,(T179,T146)),(T29,T5)),(T92,T200)),T74),(T188,T61))),((((T197,T34),(T3,T78)),((T137,(T97,T86)),(T178,T144))),(T48,T145)))),((((T79,T70),T194),(T43,T11)),((((((T37,T192),T38),T187),(T181,T166)),T182),T140))),((T103,((T94,(T193,(T170,T183))),T58)),((T71,(T26,T77)),((T135,T36),(T83,(T52,T60)))))),(((((T27,(T44,T30)),(T109,T84)),T133),T69),((T21,T54),T98))),T33),T42),T147),T104),T17);
*** Subsample Process ***
Use two-step algorithm!
#NNI moves:0/236
Remaining: 0
#NNI moves:0/236
#NNI moves:0/236
(((((((((((((((((((T114,T89),T124),((((T105,T150),T172),((((T151,T59),T20),T55),T174)),(T107,T1))),(T116,((T10,T158),T117))),(((T87,T91),(((T63,T64),T93),((T110,T106),T148))),T134)),(((T152,T198),(T153,T130)),T112)),(((((T29,T5),((T179,T146),T132)),(T200,T92)),T74),(T188,T61))),(((((T86,T97),T137),(T144,T178)),((T78,T3),(T197,T34))),(T48,T145))),(((((((T193,(T183,T170)),T94),T58),T103),((((T52,T60),T83),(T36,T135)),((T77,T26),T71))),(((((T104,T17),T147),T42),T33),((T69,((((T30,T44),T27),(T84,T109)),T133)),(T98,(T21,T54))))),((((((T38,(T192,T37)),T187),(T181,T166)),T182),T140),((T194,(T70,T79)),(T11,T43))))),T0),((((((((T190,T50),T138),(((T139,T131),T102),T2)),(T122,T155)),T171),T67),((T125,T154),T173)),((((T22,T7),(T111,T35)),(T129,T31)),(T128,T72)))),(((T176,(T142,T108)),T119),T90)),((((((T168,T24),((T6,T199),T118)),(T49,(T88,T149))),(T196,(T95,T121))),T47),((((((T115,T101),T14),T68),T163),T80),T177))),((((((T9,((T127,T19),T184)),((T66,T45),(T53,T136))),((((T126,T32),T100),T156),((T16,(T12,T46)),((T159,T143),T81)))),((T120,T23),T175)),(((((T157,T25),(T62,T161)),T186),(T39,T4)),((((T57,T164),T185),T160),((T8,T76),((T28,T169),T82))))),((((((T195,T191),(T13,T85)),(T18,T165)),((T123,T113),T51)),((T99,T15),T56)),T75))),(((T65,T96),(T167,T40)),T162)),(T73,T141)),T41),T180),T189);
#NNI moves:0/236
Remaining: 0
#NNI moves:0/236
#NNI moves:0/236
(((((((((((((((((((T120,T23),T175),((((T136,T53),(T45,T66)),(((T19,T127),T184),T9)),(((T16,(T46,T12)),((T159,T143),T81)),((T100,(T32,T126)),T156)))),(((((T157,T25),(T161,T62)),T186),(T4,T39)),((((T164,T57),T185),T160),((T76,T8),(T82,(T28,T169)))))),(((((T113,T123),T51),((T165,T18),((T195,T191),(T13,T85)))),((T99,T15),T56)),T75)),((T162,((T65,T96),(T167,T40))),((T41,(T189,T180)),(T73,T141)))),((((((T24,T168),((T6,T199),T118)),((T149,T88),T49)),((T95,T121),T196)),T47),((((((T101,T115),T14),T68),T163),T80),T177))),((((T142,T108),T176),T119),T90)),((((((((T50,T190),T138),((T102,(T139,T131)),T2)),(T155,T122)),T171),T67),(T173,(T154,T125))),((((T111,T35),(T7,T22)),(T129,T31)),(T128,T72)))),T0),(((((((T124,(T114,T89)),((((T55,((T151,T59),T20)),T174),(T172,(T105,T150))),(T1,T107))),(((T158,T10),T117),T116)),(((T87,T91),(((T64,T63),T93),(T148,(T110,T106)))),T134)),(((T152,T198),(T130,T153)),T112)),((((((T179,T146),T132),(T5,T29)),(T92,T200)),T74),(T188,T61))),((((T78,T3),(T197,T34)),(((T97,T86),T137),(T144,T178))),(T48,T145)))),(((((T187,(T38,(T192,T37))),(T181,T166)),T182),T140),(((T70,T79),T194),(T43,T11)))),((((T94,(T193,(T170,T183))),T58),T103),(((T36,T135),((T60,T52),T83)),((T26,T77),T71)))),(((((T27,(T44,T30)),(T84,T109)),T133),T69),(T98,(T21,T54)))),T33),T42),T147),T17),T104);
#NNI moves:0/236
Remaining: 0
#NNI moves:0/236
#NNI moves:0/236
(((((((((((((((((T21,T54),T98),(((((T44,T30),T27),(T109,T84)),T133),T69)),(T33,((T147,(T17,T104)),T42))),((T103,((T94,((T170,T183),T193)),T58)),((((T52,T60),T83),(T36,T135)),(T71,(T26,T77))))),(((((((T37,T192),T38),T187),(T166,T181)),T182),T140),(((T70,T79),T194),(T43,T11)))),(((((T3,T78),(T34,T197)),(((T97,T86),T137),(T144,T178))),(T48,T145)),(((((((T93,(T63,T64)),((T110,T106),T148)),(T87,T91)),T134),((((T89,T114),T124),((((T55,((T151,T59),T20)),T174),(T172,(T105,T150))),(T107,T1))),(((T10,T158),T117),T116))),(((T130,T153),(T152,T198)),T112)),((((T200,T92),(((T179,T146),T132),(T5,T29))),T74),(T188,T61))))),T0),(((((((((T139,T131),T102),T2),((T50,T190),T138)),(T155,T122)),T171),T67),(T173,(T154,T125))),((((T7,T22),(T111,T35)),(T31,T129)),(T128,T72)))),((((T108,T142),T176),T119),T90)),(((((((T6,T199),T118),(T168,T24)),((T88,T149),T49)),((T95,T121),T196)),T47),((T80,((((T101,T115),T14),T68),T163)),T177))),((((T65,T96),(T167,T40)),T162),(((T180,T189),T41),(T141,T73)))),(((((T123,T113),T51),(((T191,T195),(T85,T13)),(T165,T18))),((T99,T15),T56)),T75)),(((((T62,T161),(T25,T157)),T186),(T4,T39)),((((T169,T28),T82),(T76,T8)),(T160,(T185,(T57,T164)))))),(((((T12,T46),T16),(T81,(T143,T159))),(((T32,T126),T100),T156)),((((T127,T19),T184),T9),((T136,T53),(T66,T45))))),(T120,T23)),T175);
#NNI moves:0/236
Remaining: 0
#NNI moves:0/236
#NNI moves:0/236
((((((((((((((((((((T82,(T169,T28)),(T8,T76)),(T160,(T185,(T164,T57)))),((((T62,T161),(T25,T157)),T186),(T4,T39))),((((((T159,T143),T81),(T16,(T12,T46))),(((T126,T32),T100),T156)),((T9,(T184,(T127,T19))),((T66,T45),(T136,T53)))),((T23,T120),T175))),((((((T195,T191),(T13,T85)),(T18,T165)),((T113,T123),T51)),((T99,T15),T56)),T75)),(((T141,T73),(T41,(T180,T189))),(T162,((T40,T167),(T65,T96))))),(((((((T6,T199),T118),(T24,T168)),(T49,(T88,T149))),((T121,T95),T196)),T47),(((T163,(T68,(T14,(T101,T115)))),T80),T177))),((T119,((T108,T142),T176)),T90)),((((((((T102,(T131,T139)),T2),((T50,T190),T138)),(T122,T155)),T171),T67),((T154,T125),T173)),((((T7,T22),(T35,T111)),(T31,T129)),(T72,T128)))),T0),((((((((((((T151,T59),T20),T55),T174),(T172,(T105,T150))),(T1,T107)),((T114,T89),T124)),(T116,(T117,(T10,T158)))),((((T93,(T63,T64)),((T110,T106),T148)),(T91,T87)),T134)),(((T130,T153),(T152,T198)),T112)),((((((T146,T179),T132),(T5,T29)),(T200,T92)),T74),(T188,T61))),((((T144,T178),((T86,T97),T137)),((T3,T78),(T197,T34))),(T48,T145)))),((((T70,T79),T194),(T11,T43)),(((((T38,(T192,T37)),T187),(T166,T181)),T182),T140))),((((T36,T135),((T60,T52),T83)),((T26,T77),T71)),(((((T183,T170),T193),T94),T58),T103))),((((((T44,T30),T27),(T84,T109)),T133),T69),((T54,T21),T98))),T33),T42),T147),T17),T104);
Current score: 5.88059e+10
Current tree: ((((((((((((((((((((T82,(T169,T28)),(T8,T76)),(T160,(T185,(T164,T57)))),((((T62,T161),(T25,T157)),T186),(T4,T39))),((((((T159,T143),T81),(T16,(T12,T46))),(((T126,T32),T100),T156)),((T9,(T184,(T127,T19))),((T66,T45),(T136,T53)))),((T23,T120),T175))),((((((T195,T191),(T13,T85)),(T18,T165)),((T113,T123),T51)),((T99,T15),T56)),T75)),(((T141,T73),(T41,(T180,T189))),(T162,((T40,T167),(T65,T96))))),(((((((T6,T199),T118),(T24,T168)),(T49,(T88,T149))),((T121,T95),T196)),T47),(((T163,(T68,(T14,(T101,T115)))),T80),T177))),((T119,((T108,T142),T176)),T90)),((((((((T102,(T131,T139)),T2),((T50,T190),T138)),(T122,T155)),T171),T67),((T154,T125),T173)),((((T7,T22),(T35,T111)),(T31,T129)),(T72,T128)))),T0),((((((((((((T151,T59),T20),T55),T174),(T172,(T105,T150))),(T1,T107)),((T114,T89),T124)),(T116,(T117,(T10,T158)))),((((T93,(T63,T64)),((T110,T106),T148)),(T91,T87)),T134)),(((T130,T153),(T152,T198)),T112)),((((((T146,T179),T132),(T5,T29)),(T200,T92)),T74),(T188,T61))),((((T144,T178),((T86,T97),T137)),((T3,T78),(T197,T34))),(T48,T145)))),((((T70,T79),T194),(T11,T43)),(((((T38,(T192,T37)),T187),(T166,T181)),T182),T140))),((((T36,T135),((T60,T52),T83)),((T26,T77),T71)),(((((T183,T170),T193),T94),T58),T103))),((((((T44,T30),T27),(T84,T109)),T133),T69),((T54,T21),T98))),T33),T42),T147),T104),T17);
Final Tree: ((((((((((((((((((((T82,(T169,T28)),(T8,T76)),(T160,(T185,(T164,T57)))),((((T62,T161),(T25,T157)),T186),(T4,T39))),((((((T159,T143),T81),(T16,(T12,T46))),(((T126,T32),T100),T156)),((T9,(T184,(T127,T19))),((T66,T45),(T136,T53)))),((T23,T120),T175))),((((((T195,T191),(T13,T85)),(T18,T165)),((T113,T123),T51)),((T99,T15),T56)),T75)),(((T141,T73),(T41,(T180,T189))),(T162,((T40,T167),(T65,T96))))),(((((((T6,T199),T118),(T24,T168)),(T49,(T88,T149))),((T121,T95),T196)),T47),(((T163,(T68,(T14,(T101,T115)))),T80),T177))),((T119,((T108,T142),T176)),T90)),((((((((T102,(T131,T139)),T2),((T50,T190),T138)),(T122,T155)),T171),T67),((T154,T125),T173)),((((T7,T22),(T35,T111)),(T31,T129)),(T72,T128)))),T0),((((((((((((T151,T59),T20),T55),T174),(T172,(T105,T150))),(T1,T107)),((T114,T89),T124)),(T116,(T117,(T10,T158)))),((((T93,(T63,T64)),((T110,T106),T148)),(T91,T87)),T134)),(((T130,T153),(T152,T198)),T112)),((((((T146,T179),T132),(T5,T29)),(T200,T92)),T74),(T188,T61))),((((T144,T178),((T86,T97),T137)),((T3,T78),(T197,T34))),(T48,T145)))),((((T70,T79),T194),(T11,T43)),(((((T38,(T192,T37)),T187),(T166,T181)),T182),T140))),((((T36,T135),((T60,T52),T83)),((T26,T77),T71)),(((((T183,T170),T193),T94),T58),T103))),((((((T44,T30),T27),(T84,T109)),T133),T69),((T54,T21),T98))),T33),T42),T147),T104),T17);
Score: 5.88058655e+10

real	1m1.298s
user	20m59.867s
sys	0m19.987s
