Weighted ASTRAL - Hybrid
Version: v1.13.2.3
#Genetrees: 2000
#Species: 201
#Rounds: 4
#Samples: 4
#Threads: 32
Use two-step algorithm!
Guide Tree 0/27
#NNI moves:0/236
Guide Tree 1/27
#NNI moves:0/236
Guide Tree 2/27
#NNI moves:0/236
Guide Tree 3/27
#NNI moves:0/236
Guide Tree 4/27
#NNI moves:0/236
Guide Tree 5/27
#NNI moves:0/236
Guide Tree 6/27
#NNI moves:0/236
Guide Tree 7/27
#NNI moves:0/236
Guide Tree 8/27
#NNI moves:0/236
Guide Tree 9/27
#NNI moves:0/236
Guide Tree 10/27
#NNI moves:0/236
Guide Tree 11/27
#NNI moves:0/236
Guide Tree 12/27
#NNI moves:0/236
Guide Tree 13/27
#NNI moves:0/236
Guide Tree 14/27
#NNI moves:0/236
Guide Tree 15/27
#NNI moves:0/236
Guide Tree 16/27
#NNI moves:0/236
Guide Tree 17/27
#NNI moves:0/236
Guide Tree 18/27
#NNI moves:0/236
Guide Tree 19/27
#NNI moves:0/236
Guide Tree 20/27
#NNI moves:0/236
Guide Tree 21/27
#NNI moves:0/236
Guide Tree 22/27
#NNI moves:0/236
Guide Tree 23/27
#NNI moves:0/236
Guide Tree 24/27
#NNI moves:0/236
Guide Tree 25/27
#NNI moves:0/236
Guide Tree 26/27
#NNI moves:0/236
Remaining: 0
#NNI moves:0/236
#NNI moves:0/236
((((((((((((((((((T53,T2),T193),T43),((((T7,T184),T190),((T145,T114),T70)),(T102,T33))),T155),((((T160,((T136,T175),(T152,T100))),(((T174,T138),T34),T27)),(T24,(((((T126,T188),T142),(T173,T124)),T128),(T1,T8)))),(((T83,((T36,(T69,T47)),(((T108,T68),T22),((T38,T120),T73)))),T35),(T84,T103)))),(((((((T161,T3),((T182,T89),T99)),T162),(T115,(T45,T117))),((T55,T183),(T46,T95))),(((T19,(T141,T196)),((T23,T41),T66)),((T199,T52),T105))),(T112,((T139,T194),T30)))),(((T153,((T76,T60),T98)),(((T171,T75),T10),T13)),(((T11,T6),T15),(T107,T85)))),((((((T129,((T157,T172),T49)),(T20,(T106,T14))),((T143,T56),T197)),((((((((T44,T25),(T91,T80)),T195),(T164,T177)),T151),((T144,T74),((T122,T178),T168))),(((T62,T159),T119),T150)),(((T149,T16),((T78,T186),T125)),((T134,T29),(T109,T92))))),T170),((((((T156,T64),(T132,T88)),((T58,T77),T63)),(T166,T57)),(((T48,T192),T67),T72)),((((T118,((T9,T94),T121)),(T90,T127)),(T185,T154)),(T31,T158))))),T0),(((((T163,T82),((T40,T180),(T50,T169))),T135),(((T93,T97),T147),T113)),(T116,T140))),((((((T148,(((T32,T130),T86),T17)),((T54,T189),(T123,T71))),(((((T42,T104),T81),T39),(((T179,T167),T165),T61)),(((T28,T59),T65),T181))),T191),T131),(((T51,T21),((T87,T96),((T4,T200),T5))),(T111,((T137,T187),(T101,T110)))))),T133),(T37,(T26,(T12,T198)))),T176),T146),T18),T79);
Guide Tree 0/27
#NNI moves:0/236
Guide Tree 1/27
#NNI moves:0/236
Guide Tree 2/27
#NNI moves:0/236
Guide Tree 3/27
#NNI moves:0/236
Guide Tree 4/27
#NNI moves:0/236
Guide Tree 5/27
#NNI moves:0/236
Guide Tree 6/27
#NNI moves:0/236
Guide Tree 7/27
#NNI moves:0/236
Guide Tree 8/27
#NNI moves:0/236
Guide Tree 9/27
#NNI moves:0/236
Guide Tree 10/27
#NNI moves:0/236
Guide Tree 11/27
#NNI moves:0/236
Guide Tree 12/27
#NNI moves:0/236
Guide Tree 13/27
#NNI moves:0/236
Guide Tree 14/27
#NNI moves:0/236
Guide Tree 15/27
#NNI moves:0/236
Guide Tree 16/27
#NNI moves:0/236
Guide Tree 17/27
#NNI moves:0/236
Guide Tree 18/27
#NNI moves:0/236
Guide Tree 19/27
#NNI moves:0/236
Guide Tree 20/27
#NNI moves:0/236
Guide Tree 21/27
#NNI moves:0/236
Guide Tree 22/27
#NNI moves:0/236
Guide Tree 23/27
#NNI moves:0/236
Guide Tree 24/27
#NNI moves:0/236
Guide Tree 25/27
#NNI moves:0/236
Guide Tree 26/27
#NNI moves:0/236
Remaining: 0
#NNI moves:0/236
#NNI moves:0/236
((((((((((((((((((((T182,T89),T99),(T161,T3)),T162),(T115,(T45,T117))),((T183,T55),(T46,T95))),(((T199,T52),T105),(((T41,T23),T66),((T196,T141),T19)))),(T112,((T194,T139),T30))),(((((((((T188,T126),T142),(T124,T173)),T128),(T8,T1)),T24),((((T138,T174),T34),T27),(((T136,T175),(T152,T100)),T160))),(((((((T120,T38),T73),((T68,T108),T22)),((T69,T47),T36)),T83),T35),(T84,T103))),(((((T190,(T7,T184)),(T70,(T114,T145))),(T102,T33)),(T43,((T53,T2),T193))),T155))),(((((T60,T76),T98),T153),(T13,((T171,T75),T10))),(((T11,T6),T15),(T85,T107)))),(((((((T151,((((T91,T80),(T25,T44)),T195),(T164,T177))),((T144,T74),(T168,(T178,T122)))),(T150,((T62,T159),T119))),(((T92,T109),(T29,T134)),((T125,(T78,T186)),(T16,T149)))),(((T20,(T14,T106)),(T129,((T172,T157),T49))),((T56,T143),T197))),T170),(((((((T9,T94),T121),T118),(T127,T90)),(T154,T185)),(T31,T158)),(((((T156,T64),(T132,T88)),((T58,T77),T63)),(T57,T166)),((T67,(T48,T192)),T72))))),T0),((((((T40,T180),(T169,T50)),(T82,T163)),T135),(((T97,T93),T147),T113)),(T116,T140))),(((T111,((T110,T101),(T187,T137))),(((T87,T96),((T200,T4),T5)),(T51,T21))),((((((T54,T189),(T71,T123)),(T148,(((T130,T32),T86),T17))),((((T81,(T42,T104)),T39),((T165,(T179,T167)),T61)),(((T59,T28),T65),T181))),T191),T131))),T133),(T37,((T12,T198),T26))),T176),T146),T18),T79);
Guide Tree 0/27
#NNI moves:0/236
Guide Tree 1/27
#NNI moves:0/236
Guide Tree 2/27
#NNI moves:0/236
Guide Tree 3/27
#NNI moves:0/236
Guide Tree 4/27
#NNI moves:0/236
Guide Tree 5/27
#NNI moves:0/236
Guide Tree 6/27
#NNI moves:0/236
Guide Tree 7/27
#NNI moves:0/236
Guide Tree 8/27
#NNI moves:0/236
Guide Tree 9/27
#NNI moves:0/236
Guide Tree 10/27
#NNI moves:0/236
Guide Tree 11/27
#NNI moves:0/236
Guide Tree 12/27
#NNI moves:0/236
Guide Tree 13/27
#NNI moves:0/236
Guide Tree 14/27
#NNI moves:0/236
Guide Tree 15/27
#NNI moves:0/236
Guide Tree 16/27
#NNI moves:0/236
Guide Tree 17/27
#NNI moves:0/236
Guide Tree 18/27
#NNI moves:0/236
Guide Tree 19/27
#NNI moves:0/236
Guide Tree 20/27
#NNI moves:0/236
Guide Tree 21/27
#NNI moves:0/236
Guide Tree 22/27
#NNI moves:0/236
Guide Tree 23/27
#NNI moves:0/236
Guide Tree 24/27
#NNI moves:0/236
Guide Tree 25/27
#NNI moves:0/236
Guide Tree 26/27
#NNI moves:0/236
Remaining: 0
#NNI moves:0/236
#NNI moves:0/236
((((((((((((((((((T23,T41),T66),((T141,T196),T19)),((T199,T52),T105)),((((T45,T117),T115),(T162,(((T182,T89),T99),(T161,T3)))),((T55,T183),(T95,T46)))),((T30,(T139,T194)),T112)),(((((((T114,T145),T70),(T190,(T7,T184))),(T33,T102)),(((T2,T53),T193),T43)),T155),((((((T138,T174),T34),T27),(((T136,T175),(T152,T100)),T160)),(((((T142,(T188,T126)),(T173,T124)),T128),(T1,T8)),T24)),(((((((T108,T68),T22),((T120,T38),T73)),((T69,T47),T36)),T83),T35),(T84,T103))))),((((T11,T6),T15),(T107,T85)),((((T75,T171),T10),T13),(((T60,T76),T98),T153)))),(((((((((((T44,T25),(T91,T80)),T195),(T177,T164)),T151),((T74,T144),((T178,T122),T168))),((T119,(T62,T159)),T150)),(((T125,(T78,T186)),(T149,T16)),((T92,T109),(T134,T29)))),(((T143,T56),T197),(((T106,T14),T20),((T49,(T157,T172)),T129)))),T170),(((((((T94,T9),T121),T118),(T90,T127)),(T154,T185)),(T31,T158)),(((((T88,T132),(T64,T156)),((T77,T58),T63)),(T166,T57)),(((T48,T192),T67),T72))))),T0),((((((T50,T169),(T40,T180)),(T82,T163)),T135),(T113,(T147,(T97,T93)))),(T140,T116))),(((((T110,T101),(T187,T137)),T111),(((T96,T87),((T4,T200),T5)),(T51,T21))),((((((T54,T189),(T123,T71)),(T148,(((T32,T130),T86),T17))),(((((T42,T104),T81),T39),(((T179,T167),T165),T61)),(T181,((T28,T59),T65)))),T191),T131))),T133),(T37,(T26,(T198,T12)))),T176),T146),T18),T79);
Guide Tree 0/27
#NNI moves:0/236
Guide Tree 1/27
#NNI moves:0/236
Guide Tree 2/27
#NNI moves:0/236
Guide Tree 3/27
#NNI moves:0/236
Guide Tree 4/27
#NNI moves:0/236
Guide Tree 5/27
#NNI moves:0/236
Guide Tree 6/27
#NNI moves:0/236
Guide Tree 7/27
#NNI moves:0/236
Guide Tree 8/27
#NNI moves:0/236
Guide Tree 9/27
#NNI moves:0/236
Guide Tree 10/27
#NNI moves:0/236
Guide Tree 11/27
#NNI moves:0/236
Guide Tree 12/27
#NNI moves:0/236
Guide Tree 13/27
#NNI moves:0/236
Guide Tree 14/27
#NNI moves:0/236
Guide Tree 15/27
#NNI moves:0/236
Guide Tree 16/27
#NNI moves:0/236
Guide Tree 17/27
#NNI moves:0/236
Guide Tree 18/27
#NNI moves:0/236
Guide Tree 19/27
#NNI moves:0/236
Guide Tree 20/27
#NNI moves:0/236
Guide Tree 21/27
#NNI moves:0/236
Guide Tree 22/27
#NNI moves:0/236
Guide Tree 23/27
#NNI moves:0/236
Guide Tree 24/27
#NNI moves:0/236
Guide Tree 25/27
#NNI moves:0/236
Guide Tree 26/27
#NNI moves:0/236
Remaining: 0
#NNI moves:0/236
#NNI moves:0/236
((((((((((((((((T63,(T58,T77)),((T88,T132),(T64,T156))),(T166,T57)),(T72,((T48,T192),T67))),((((T90,T127),(T118,((T9,T94),T121))),(T185,T154)),(T158,T31))),(((((T150,(T119,(T62,T159))),(((T144,T74),((T178,T122),T168)),(((((T80,T91),(T25,T44)),T195),(T177,T164)),T151))),((((T78,T186),T125),(T149,T16)),((T109,T92),(T134,T29)))),(((T56,T143),T197),((T129,((T172,T157),T49)),((T14,T106),T20)))),T170)),((((((((T8,T1),(((T173,T124),((T188,T126),T142)),T128)),T24),((((T175,T136),(T152,T100)),T160),(T27,((T138,T174),T34)))),((T103,T84),(((((T47,T69),T36),((T73,(T120,T38)),((T108,T68),T22))),T83),T35))),((((((T114,T145),T70),((T7,T184),T190)),(T102,T33)),(T43,((T2,T53),T193))),T155)),(((((((T3,T161),(T99,(T89,T182))),T162),((T45,T117),T115)),((T55,T183),(T95,T46))),(((T19,(T141,T196)),(T66,(T23,T41))),(T105,(T199,T52)))),(T112,((T194,T139),T30)))),(((((T76,T60),T98),T153),((T10,(T171,T75)),T13)),((T85,T107),((T11,T6),T15))))),T0),((((((T180,T40),(T50,T169)),(T163,T82)),T135),(((T97,T93),T147),T113)),(T116,T140))),(((((((T189,T54),(T71,T123)),((T17,((T130,T32),T86)),T148)),(((T61,((T167,T179),T165)),(((T42,T104),T81),T39)),(((T28,T59),T65),T181))),T191),T131),((((T187,T137),(T110,T101)),T111),(((T96,T87),((T4,T200),T5)),(T21,T51))))),T133),(T37,((T12,T198),T26))),T176),T146),T18),T79);
Initial score: 7.68199e+10
Initial tree: ((((((((((((((((T63,(T58,T77)),((T88,T132),(T64,T156))),(T166,T57)),(T72,((T48,T192),T67))),((((T90,T127),(T118,((T9,T94),T121))),(T185,T154)),(T158,T31))),(((((T150,(T119,(T62,T159))),(((T144,T74),((T178,T122),T168)),(((((T80,T91),(T25,T44)),T195),(T177,T164)),T151))),((((T78,T186),T125),(T149,T16)),((T109,T92),(T134,T29)))),(((T56,T143),T197),((T129,((T172,T157),T49)),((T14,T106),T20)))),T170)),((((((((T8,T1),(((T173,T124),((T188,T126),T142)),T128)),T24),((((T175,T136),(T152,T100)),T160),(T27,((T138,T174),T34)))),((T103,T84),(((((T47,T69),T36),((T73,(T120,T38)),((T108,T68),T22))),T83),T35))),((((((T114,T145),T70),((T7,T184),T190)),(T102,T33)),(T43,((T2,T53),T193))),T155)),(((((((T3,T161),(T99,(T89,T182))),T162),((T45,T117),T115)),((T55,T183),(T95,T46))),(((T19,(T141,T196)),(T66,(T23,T41))),(T105,(T199,T52)))),(T112,((T194,T139),T30)))),(((((T76,T60),T98),T153),((T10,(T171,T75)),T13)),((T85,T107),((T11,T6),T15))))),T0),((((((T180,T40),(T50,T169)),(T163,T82)),T135),(((T97,T93),T147),T113)),(T116,T140))),(((((((T189,T54),(T71,T123)),((T17,((T130,T32),T86)),T148)),(((T61,((T167,T179),T165)),(((T42,T104),T81),T39)),(((T28,T59),T65),T181))),T191),T131),((((T187,T137),(T110,T101)),T111),(((T96,T87),((T4,T200),T5)),(T21,T51))))),T133),(T37,((T12,T198),T26))),T176),T146),T18),T79);
*** Subsample Process ***
Use two-step algorithm!
#NNI moves:0/236
Remaining: 0
#NNI moves:0/236
#NNI moves:0/236
(((((((((((((((T136,T175),(T152,T100)),T160),((T34,(T138,T174)),T27)),(((((T142,(T126,T188)),(T173,T124)),T128),(T8,T1)),T24)),((((((T73,(T120,T38)),((T108,T68),T22)),((T69,T47),T36)),T83),T35),(T103,T84))),((((((T145,T114),T70),((T7,T184),T190)),(T102,T33)),(((T53,T2),T193),T43)),T155)),((((((T41,T23),T66),((T141,T196),T19)),((T199,T52),T105)),(((T115,(T45,T117)),((((T182,T89),T99),(T161,T3)),T162)),((T55,T183),(T46,T95)))),(T112,(T30,(T194,T139))))),(((((T76,T60),T98),T153),(((T171,T75),T10),T13)),(((T11,T6),T15),(T85,T107)))),((((((((((T189,T54),(T123,T71)),((((T32,T130),T86),T17),T148)),(((((T167,T179),T165),T61),(((T104,T42),T81),T39)),(((T59,T28),T65),T181))),T191),T131),((((T5,(T200,T4)),(T96,T87)),(T51,T21)),(((T101,T110),(T137,T187)),T111))),(((((T18,T79),T146),T176),(T37,((T12,T198),T26))),T133)),((((((T180,T40),(T169,T50)),(T163,T82)),T135),(((T97,T93),T147),T113)),(T140,T116))),T0)),((((((((((T44,T25),(T91,T80)),T195),(T164,T177)),T151),((T74,T144),(T168,(T178,T122)))),(T150,((T62,T159),T119))),(((T16,T149),(T125,(T186,T78))),((T134,T29),(T92,T109)))),(((T143,T56),T197),((T20,(T14,T106)),(T129,(T49,(T172,T157)))))),T170)),((((T127,T90),(T118,((T9,T94),T121))),(T185,T154)),(T31,T158))),(((T63,(T77,T58)),((T64,T156),(T88,T132))),(T166,T57))),((T192,T48),T67)),T72);
#NNI moves:0/236
Remaining: 0
#NNI moves:1/236
#NNI moves:1/236
(((((((((((((((((((((T108,T68),T22),(T73,(T120,T38))),((T47,T69),T36)),T83),T35),(T103,T84)),(((((T152,T100),(T136,T175)),T160),(((T174,T138),T34),T27)),(((T128,((T124,T173),(T142,(T126,T188)))),(T8,T1)),T24))),((((((T145,T114),T70),((T184,T7),T190)),(T33,T102)),(((T53,T2),T193),T43)),T155)),((((((T23,T41),T66),((T141,T196),T19)),((T199,T52),T105)),(((T115,(T117,T45)),(((T99,(T182,T89)),(T161,T3)),T162)),((T55,T183),(T46,T95)))),(((T194,T139),T30),T112))),((((T10,(T171,T75)),T13),(T153,((T60,T76),T98))),((T107,T85),((T11,T6),T15)))),(((((((((((T80,T91),(T25,T44)),T195),(T177,T164)),T151),((T168,(T178,T122)),(T144,T74))),(((T62,T159),T119),T150)),(((T29,T134),(T109,T92)),((T125,(T186,T78)),(T16,T149)))),(((((T157,T172),T49),T129),(T20,(T106,T14))),((T143,T56),T197))),T170),(((((T63,(T77,T58)),((T64,T156),(T88,T132))),(T57,T166)),(T72,(T67,(T48,T192)))),(((T154,T185),((((T9,T94),T121),T118),(T127,T90))),(T158,T31))))),T0),(((((T93,T97),T147),T113),(((T82,T163),((T40,T180),(T169,T50))),T135)),(T140,T116))),(((((((T54,T189),(T123,T71)),(((T86,(T32,T130)),T17),T148)),(((((T104,T42),T81),T39),(T61,((T167,T179),T165))),(((T28,T59),T65),T181))),T191),T131),(((T51,T21),((T87,T96),(T5,(T200,T4)))),(((T187,T137),(T110,T101)),T111)))),T133),((T26,(T198,T12)),T37)),T176),T146),T79),T18);
#NNI moves:0/236
Remaining: 0
#NNI moves:0/236
#NNI moves:0/236
(((((((((((((((((((((T178,T122),T168),(T144,T74)),(((((T44,T25),(T80,T91)),T195),(T177,T164)),T151)),(((T62,T159),T119),T150)),(((T149,T16),((T78,T186),T125)),((T29,T134),(T109,T92)))),(((T56,T143),T197),(((T14,T106),T20),(((T172,T157),T49),T129)))),T170),((((((T64,T156),(T88,T132)),(T63,(T77,T58))),(T166,T57)),(((T48,T192),T67),T72)),(((T185,T154),((((T9,T94),T121),T118),(T127,T90))),(T31,T158)))),(((((((((((T59,T28),T65),T181),((((T179,T167),T165),T61),((T81,(T42,T104)),T39))),(((T54,T189),(T123,T71)),((T17,(T86,(T32,T130))),T148))),T191),T131),(((T21,T51),((T87,T96),((T200,T4),T5))),(((T110,T101),(T137,T187)),T111))),((((T26,(T198,T12)),T37),((T146,(T79,T18)),T176)),T133)),(((((T163,T82),((T169,T50),(T180,T40))),T135),(((T93,T97),T147),T113)),(T140,T116))),T0)),(((((T171,T75),T10),T13),(((T76,T60),T98),T153)),(((T6,T11),T15),(T85,T107)))),((((((((T89,T182),T99),(T161,T3)),T162),(T115,(T117,T45))),((T55,T183),(T46,T95))),(((T66,(T23,T41)),((T141,T196),T19)),(T105,(T52,T199)))),((T30,(T139,T194)),T112))),(((((T190,(T7,T184)),((T114,T145),T70)),(T102,T33)),(((T53,T2),T193),T43)),T155)),((((((T142,(T188,T126)),(T173,T124)),T128),(T8,T1)),T24),(((T34,(T174,T138)),T27),(((T152,T100),(T175,T136)),T160)))),(T84,T103)),T35),T83),(((T68,T108),T22),((T38,T120),T73))),T36),T69),T47);
#NNI moves:0/236
Remaining: 0
#NNI moves:1/236
#NNI moves:1/236
(((((((((((((((((((T114,T145),T70),(T190,(T184,T7))),(T33,T102)),(((T53,T2),T193),T43)),T155),(((((T8,T1),((((T126,T188),T142),(T124,T173)),T128)),T24),((((T100,T152),(T175,T136)),T160),(((T174,T138),T34),T27))),((((((T22,(T68,T108)),(T73,(T38,T120))),((T47,T69),T36)),T83),T35),(T103,T84)))),((((((((T89,T182),T99),(T161,T3)),T162),((T117,T45),T115)),((T55,T183),(T46,T95))),(((T66,(T41,T23)),(T19,(T141,T196))),((T52,T199),T105))),(T112,((T139,T194),T30)))),(((T13,(T10,(T75,T171))),(((T60,T76),T98),T153)),(((T6,T11),T15),(T85,T107)))),((((((T143,T56),T197),(((T106,T14),T20),(((T172,T157),T49),T129))),((((T92,T109),(T134,T29)),(((T78,T186),T125),(T16,T149))),((T150,((T159,T62),T119)),((T151,((T164,T177),(((T80,T91),(T44,T25)),T195))),(((T122,T178),T168),(T144,T74)))))),T170),(((((T127,T90),(((T9,T94),T121),T118)),(T154,T185)),(T158,T31)),((((T48,T192),T67),T72),((((T77,T58),T63),((T132,T88),(T64,T156))),(T166,T57)))))),T0),((T140,T116),(((((T180,T40),(T169,T50)),(T163,T82)),T135),((T147,(T93,T97)),T113)))),((((((((T86,(T130,T32)),T17),T148),((T71,T123),(T189,T54))),((((T81,(T42,T104)),T39),(T61,((T167,T179),T165))),((T65,(T59,T28)),T181))),T191),T131),(((((T200,T4),T5),(T96,T87)),(T21,T51)),(((T110,T101),(T137,T187)),T111)))),T133),(((T12,T198),T26),T37)),T176),T146),T79),T18);
Current score: 7.68199e+10
Current tree: (((((((((((((((((((T114,T145),T70),(T190,(T184,T7))),(T33,T102)),(((T53,T2),T193),T43)),T155),(((((T8,T1),((((T126,T188),T142),(T124,T173)),T128)),T24),((((T100,T152),(T175,T136)),T160),(((T174,T138),T34),T27))),((((((T22,(T68,T108)),(T73,(T38,T120))),((T47,T69),T36)),T83),T35),(T103,T84)))),((((((((T89,T182),T99),(T161,T3)),T162),((T117,T45),T115)),((T55,T183),(T46,T95))),(((T66,(T41,T23)),(T19,(T141,T196))),((T52,T199),T105))),(T112,((T139,T194),T30)))),(((T13,(T10,(T75,T171))),(((T60,T76),T98),T153)),(((T6,T11),T15),(T85,T107)))),((((((T143,T56),T197),(((T106,T14),T20),(((T172,T157),T49),T129))),((((T92,T109),(T134,T29)),(((T78,T186),T125),(T16,T149))),((T150,((T159,T62),T119)),((T151,((T164,T177),(((T80,T91),(T44,T25)),T195))),(((T122,T178),T168),(T144,T74)))))),T170),(((((T127,T90),(((T9,T94),T121),T118)),(T154,T185)),(T158,T31)),((((T48,T192),T67),T72),((((T77,T58),T63),((T132,T88),(T64,T156))),(T166,T57)))))),T0),((T140,T116),(((((T180,T40),(T169,T50)),(T163,T82)),T135),((T147,(T93,T97)),T113)))),((((((((T86,(T130,T32)),T17),T148),((T71,T123),(T189,T54))),((((T81,(T42,T104)),T39),(T61,((T167,T179),T165))),((T65,(T59,T28)),T181))),T191),T131),(((((T200,T4),T5),(T96,T87)),(T21,T51)),(((T110,T101),(T137,T187)),T111)))),T133),(((T12,T198),T26),T37)),T176),T146),T18),T79);
Final Tree: (((((((((((((((((((T114,T145),T70),(T190,(T184,T7))),(T33,T102)),(((T53,T2),T193),T43)),T155),(((((T8,T1),((((T126,T188),T142),(T124,T173)),T128)),T24),((((T100,T152),(T175,T136)),T160),(((T174,T138),T34),T27))),((((((T22,(T68,T108)),(T73,(T38,T120))),((T47,T69),T36)),T83),T35),(T103,T84)))),((((((((T89,T182),T99),(T161,T3)),T162),((T117,T45),T115)),((T55,T183),(T46,T95))),(((T66,(T41,T23)),(T19,(T141,T196))),((T52,T199),T105))),(T112,((T139,T194),T30)))),(((T13,(T10,(T75,T171))),(((T60,T76),T98),T153)),(((T6,T11),T15),(T85,T107)))),((((((T143,T56),T197),(((T106,T14),T20),(((T172,T157),T49),T129))),((((T92,T109),(T134,T29)),(((T78,T186),T125),(T16,T149))),((T150,((T159,T62),T119)),((T151,((T164,T177),(((T80,T91),(T44,T25)),T195))),(((T122,T178),T168),(T144,T74)))))),T170),(((((T127,T90),(((T9,T94),T121),T118)),(T154,T185)),(T158,T31)),((((T48,T192),T67),T72),((((T77,T58),T63),((T132,T88),(T64,T156))),(T166,T57)))))),T0),((T140,T116),(((((T180,T40),(T169,T50)),(T163,T82)),T135),((T147,(T93,T97)),T113)))),((((((((T86,(T130,T32)),T17),T148),((T71,T123),(T189,T54))),((((T81,(T42,T104)),T39),(T61,((T167,T179),T165))),((T65,(T59,T28)),T181))),T191),T131),(((((T200,T4),T5),(T96,T87)),(T21,T51)),(((T110,T101),(T137,T187)),T111)))),T133),(((T12,T198),T26),T37)),T176),T146),T18),T79);
Score: 7.681985354e+10

real	1m4.300s
user	22m13.408s
sys	0m18.975s
