
RAxML-NG v. 1.1.0-master released on 04.08.2022 by The Exelixis Lab.
Developed by: Alexey M. Kozlov and Alexandros Stamatakis.
Contributors: Diego Darriba, Tomas Flouri, Benoit Morel, Sarah Lutteropp, Ben Bettisworth.
Latest version: https://github.com/amkozlov/raxml-ng
Questions/problems/suggestions? Please visit: https://groups.google.com/forum/#!forum/raxml

System: AMD EPYC 7742 64-Core Processor, 128 cores, 251 GB RAM

RAxML-NG was called at 26-Dec-2022 16:51:18 as follows:

/home/chaos/programs/raxml-ng/raxml-ng/bin/raxml-ng --msa data/alignment/23_1X_S201_0_haploid --tree pars{1} --model GTR+G --threads 64

Analysis options:
  run mode: ML tree search
  start tree(s): parsimony (1)
  random seed: 1672102278
  tip-inner: OFF
  pattern compression: ON
  per-rate scalers: OFF
  site repeats: ON
  fast spr radius: AUTO
  spr subtree cutoff: 1.000000
  branch lengths: proportional (ML estimate, algorithm: NR-FAST)
  SIMD kernels: AVX2
  parallelization: coarse-grained (auto), PTHREADS (64 threads), thread pinning: OFF

[00:00:00] Reading alignment from file: data/alignment/23_1X_S201_0_haploid
[00:00:02] Loaded alignment with 201 taxa and 5000000 sites

Alignment comprises 1 partitions and 3330388 patterns

Partition 0: noname
Model: GTR+FO+G4m
Alignment sites / patterns: 5000000 / 3330388
Gaps: 0.00 %
Invariant sites: 9.17 %


NOTE: Binary MSA file created: data/alignment/23_1X_S201_0_haploid.raxml.rba

Parallelization scheme autoconfig: 1 worker(s) x 64 thread(s)

Parallel reduction/worker buffer size: 1 KB  / 0 KB

[00:00:22] Generating 1 parsimony starting tree(s) with 201 taxa
[00:00:48] Data distribution: max. partitions/sites/weight per thread: 1 / 52038 / 832608
[00:00:48] Data distribution: max. searches per worker: 1

Starting ML tree search with 1 distinct starting trees

[00:00:49 -134495157.320532] Initial branch length optimization
[00:02:29 -119434232.953456] Model parameter optimization (eps = 10.000000)
[00:06:12 -114129243.292029] AUTODETECT spr round 1 (radius: 5)
[00:12:29 -114107969.827601] AUTODETECT spr round 2 (radius: 10)
[00:34:50 -114107969.827601] SPR radius for FAST iterations: 5 (autodetect)
[00:34:50 -114107969.827601] Model parameter optimization (eps = 3.000000)
[00:35:22 -114107962.908390] FAST spr round 1 (radius: 5)
[00:44:33 -114105786.470300] FAST spr round 2 (radius: 5)
[00:54:06 -114104238.805864] FAST spr round 3 (radius: 5)
[01:03:30 -114103770.035194] FAST spr round 4 (radius: 5)
[01:13:29 -114103462.198817] FAST spr round 5 (radius: 5)
[01:23:10 -114103349.071154] FAST spr round 6 (radius: 5)
[01:33:34 -114103349.071154] Model parameter optimization (eps = 1.000000)
[01:33:51 -114103349.055664] SLOW spr round 1 (radius: 5)
[02:03:52 -114103205.843789] SLOW spr round 2 (radius: 5)
[02:30:48 -114103205.843788] SLOW spr round 3 (radius: 10)
[03:00:17 -114103205.843788] SLOW spr round 4 (radius: 15)
[03:55:52 -114103205.843788] SLOW spr round 5 (radius: 20)
[04:38:22 -114103205.843788] SLOW spr round 6 (radius: 25)
[04:48:12 -114103205.843788] Model parameter optimization (eps = 0.100000)

[04:48:27] ML tree search #1, logLikelihood: -114103205.743937


Optimized model parameters:

   Partition 0: noname
   Rate heterogeneity: GAMMA (4 cats, mean),  alpha: 3.411794 (ML),  weights&rates: (0.250000,0.418807) (0.250000,0.752049) (0.250000,1.083911) (0.250000,1.745233) 
   Base frequencies (ML): 0.357053 0.255424 0.180771 0.206752 
   Substitution rates (ML): 1.629112 4.732296 0.298247 2.402691 4.427737 1.000000 


Final LogLikelihood: -114103205.743937

AIC score: 228207227.487874 / AICc score: 228207227.554628 / BIC score: 228212704.866850
Free parameters (model + branch lengths): 408

Best ML tree saved to: /expanse/lustre/projects/uot138/chaos/ASTERISK-sim/data/alignment/23_1X_S201_0_haploid.raxml.bestTree
Optimized model saved to: /expanse/lustre/projects/uot138/chaos/ASTERISK-sim/data/alignment/23_1X_S201_0_haploid.raxml.bestModel

Execution log saved to: /expanse/lustre/projects/uot138/chaos/ASTERISK-sim/data/alignment/23_1X_S201_0_haploid.raxml.log

Analysis started: 26-Dec-2022 16:51:18 / finished: 26-Dec-2022 21:39:46

Elapsed time: 17308.867 seconds

Consumed energy: 1926.965 Wh (= 10 km in an electric car, or 48 km with an e-scooter!)

