Weighted ASTRAL - Hybrid
Version: v1.13.2.3
#Genetrees: 2000
#Species: 201
#Rounds: 4
#Samples: 4
#Threads: 32
Use two-step algorithm!
Guide Tree 0/27
#NNI moves:0/236
Guide Tree 1/27
#NNI moves:0/236
Guide Tree 2/27
#NNI moves:0/236
Guide Tree 3/27
#NNI moves:0/236
Guide Tree 4/27
#NNI moves:0/236
Guide Tree 5/27
#NNI moves:0/236
Guide Tree 6/27
#NNI moves:0/236
Guide Tree 7/27
#NNI moves:0/236
Guide Tree 8/27
#NNI moves:1/236
Guide Tree 9/27
#NNI moves:0/236
Guide Tree 10/27
#NNI moves:0/236
Guide Tree 11/27
#NNI moves:0/236
Guide Tree 12/27
#NNI moves:0/236
Guide Tree 13/27
#NNI moves:0/236
Guide Tree 14/27
#NNI moves:0/236
Guide Tree 15/27
#NNI moves:0/236
Guide Tree 16/27
#NNI moves:0/236
Guide Tree 17/27
#NNI moves:0/236
Guide Tree 18/27
#NNI moves:0/236
Guide Tree 19/27
#NNI moves:0/236
Guide Tree 20/27
#NNI moves:0/236
Guide Tree 21/27
#NNI moves:0/236
Guide Tree 22/27
#NNI moves:3/236
Guide Tree 23/27
#NNI moves:0/236
Guide Tree 24/27
#NNI moves:0/236
Guide Tree 25/27
#NNI moves:0/236
Guide Tree 26/27
#NNI moves:0/236
Remaining: 0
#NNI moves:0/236
#NNI moves:0/236
((((((((((((((((((T82,T138),((T67,T84),T170)),(T48,(T49,(T45,T131)))),(T62,T71)),(((T72,T16),T121),((T171,((T56,(((T113,T3),T87),T191)),(((T168,(T102,T144)),T21),T186))),(T150,((T61,T147),T78))))),(T112,T9)),((((T178,(T142,T176)),(T141,T190)),T161),((T99,T93),((T69,T160),((((T94,T189),T39),T98),T155))))),((((((((T96,T13),(((T156,T41),T97),T59)),T85),T157),(T64,((T115,(T148,T133)),T187))),((T63,T89),(T165,T44))),((((((T36,(T139,T197)),(T116,T55)),T66),(T92,T17)),((T104,T34),T27)),T195)),((T11,T181),T95))),(((((((((((T143,T122),T123),(T86,T65)),T38),(((T28,T184),(T179,T42)),T193)),((T194,((((T152,T136),T145),T54),T163)),(T162,T111))),((((T47,T169),T200),T79),((T173,T74),T119))),(T31,T174)),(((T20,(T172,T125)),(((T183,(T76,T75)),T124),(((T1,T120),T2),(T37,T105)))),(T117,T6))),(((T153,T149),T26),T51)),((((T8,T151),T134),T88),(T185,T19)))),((((((T127,((T46,T107),T175)),(T182,T158)),(T177,T60)),T101),T15),(T57,T132))),T0),(((((((T52,T80),(T100,T199)),T128),((T188,T126),T81)),((T110,T29),((((T154,T53),(T14,T137)),T159),(((T90,T77),T10),(T164,T196))))),(T130,T129)),T192)),T109),(((((((((T167,T5),T33),(T91,T166)),T32),(T70,((T4,T106),T140))),(T24,(T68,T23))),(((T118,T30),T103),(((T180,T7),(T40,T58)),(T73,T50)))),(((T114,T198),T83),(T135,T25))),T35)),T22),(T18,T43)),(T12,T108)),T146);
Guide Tree 0/27
#NNI moves:0/236
Guide Tree 1/27
#NNI moves:0/236
Guide Tree 2/27
#NNI moves:0/236
Guide Tree 3/27
#NNI moves:0/236
Guide Tree 4/27
#NNI moves:0/236
Guide Tree 5/27
#NNI moves:0/236
Guide Tree 6/27
#NNI moves:0/236
Guide Tree 7/27
#NNI moves:0/236
Guide Tree 8/27
#NNI moves:1/236
Guide Tree 9/27
#NNI moves:0/236
Guide Tree 10/27
#NNI moves:0/236
Guide Tree 11/27
#NNI moves:0/236
Guide Tree 12/27
#NNI moves:0/236
Guide Tree 13/27
#NNI moves:0/236
Guide Tree 14/27
#NNI moves:0/236
Guide Tree 15/27
#NNI moves:3/236
Guide Tree 16/27
#NNI moves:0/236
Guide Tree 17/27
#NNI moves:0/236
Guide Tree 18/27
#NNI moves:0/236
Guide Tree 19/27
#NNI moves:0/236
Guide Tree 20/27
#NNI moves:0/236
Guide Tree 21/27
#NNI moves:0/236
Guide Tree 22/27
#NNI moves:0/236
Guide Tree 23/27
#NNI moves:0/236
Guide Tree 24/27
#NNI moves:0/236
Guide Tree 25/27
#NNI moves:0/236
Guide Tree 26/27
#NNI moves:0/236
Remaining: 0
#NNI moves:0/236
#NNI moves:0/236
(((((((((((((((((((((T156,T41),T97),T59),(T13,T96)),T85),T157),((((T133,T148),T115),T187),T64)),((T165,T44),(T89,T63))),(((T27,(T34,T104)),((T66,((T36,(T139,T197)),(T116,T55))),(T92,T17))),T195)),(T95,(T181,T11))),((((((((T67,T84),T170),(T82,T138)),(T48,(T49,(T131,T45)))),(T62,T71)),(((T171,((((T168,(T102,T144)),T21),T186),((((T3,T113),T87),T191),T56))),(((T147,T61),T78),T150)),((T16,T72),T121))),(T112,T9)),(((T99,T93),((T160,T69),((T98,((T94,T189),T39)),T155))),(((T178,(T176,T142)),(T190,T141)),T161)))),((((((((T111,T162),(T194,((((T152,T136),T145),T54),T163))),((((T28,T184),(T42,T179)),T193),((((T122,T143),T123),(T65,T86)),T38))),(((T200,(T47,T169)),T79),(T119,(T74,T173)))),(T174,T31)),(((((T105,T37),((T1,T120),T2)),(((T76,T75),T183),T124)),((T125,T172),T20)),(T117,T6))),((T26,(T153,T149)),T51)),((T185,T19),(T88,((T151,T8),T134))))),(((((((T175,(T46,T107)),T127),(T182,T158)),(T177,T60)),T101),T15),(T57,T132))),T0),(((((((T100,T199),(T80,T52)),T128),((T188,T126),T81)),((T29,T110),((((T77,T90),T10),(T196,T164)),(((T14,T137),(T154,T53)),T159)))),(T130,T129)),T192)),T109),((((((((T91,T166),((T167,T5),T33)),T32),(((T4,T106),T140),T70)),((T23,T68),T24)),((((T7,T180),(T58,T40)),(T73,T50)),((T30,T118),T103))),((T83,(T198,T114)),(T135,T25))),T35)),T22),(T43,T18)),(T12,T108)),T146);
Guide Tree 0/27
#NNI moves:0/236
Guide Tree 1/27
#NNI moves:0/236
Guide Tree 2/27
#NNI moves:0/236
Guide Tree 3/27
#NNI moves:0/236
Guide Tree 4/27
#NNI moves:0/236
Guide Tree 5/27
#NNI moves:0/236
Guide Tree 6/27
#NNI moves:0/236
Guide Tree 7/27
#NNI moves:0/236
Guide Tree 8/27
#NNI moves:0/236
Guide Tree 9/27
#NNI moves:0/236
Guide Tree 10/27
#NNI moves:0/236
Guide Tree 11/27
#NNI moves:0/236
Guide Tree 12/27
#NNI moves:0/236
Guide Tree 13/27
#NNI moves:0/236
Guide Tree 14/27
#NNI moves:0/236
Guide Tree 15/27
#NNI moves:0/236
Guide Tree 16/27
#NNI moves:0/236
Guide Tree 17/27
#NNI moves:0/236
Guide Tree 18/27
#NNI moves:0/236
Guide Tree 19/27
#NNI moves:0/236
Guide Tree 20/27
#NNI moves:0/236
Guide Tree 21/27
#NNI moves:0/236
Guide Tree 22/27
#NNI moves:0/236
Guide Tree 23/27
#NNI moves:0/236
Guide Tree 24/27
#NNI moves:0/236
Guide Tree 25/27
#NNI moves:0/236
Guide Tree 26/27
#NNI moves:0/236
Remaining: 0
#NNI moves:1/236
#NNI moves:1/236
(((((((((((((((((T150,((T61,T147),T78)),((((T191,(T87,(T113,T3))),T56),(((T168,(T102,T144)),T21),T186)),T171)),(T121,(T16,T72))),((((T49,(T131,T45)),T48),((T138,T82),((T67,T84),T170))),(T62,T71))),(T112,T9)),(((T99,T93),(((((T94,T189),T39),T98),T155),(T69,T160))),(((T141,T190),(T178,(T142,T176))),T161))),((((((T85,((T59,((T156,T41),T97)),(T13,T96))),T157),(((T115,(T133,T148)),T187),T64)),((T63,T89),(T44,T165))),(((((((T139,T197),T36),(T116,T55)),T66),(T92,T17)),(T27,(T34,T104))),T195)),((T11,T181),T95))),((((((((((((T152,T136),T145),T54),T163),T194),(T111,T162)),(((((T143,T122),T123),(T86,T65)),T38),(((T179,T42),(T184,T28)),T193))),((((T47,T169),T200),T79),(T119,(T173,T74)))),(T31,T174)),(((((T37,T105),(T2,(T1,T120))),(((T76,T75),T183),T124)),((T125,T172),T20)),(T6,T117))),(T51,(T26,(T149,T153)))),(((T134,(T151,T8)),T88),(T19,T185)))),((((((((T107,T46),T175),T127),(T158,T182)),(T177,T60)),T101),T15),(T132,T57))),T0),(((((T81,(T188,T126)),(((T52,T80),(T100,T199)),T128)),(((((T137,T14),(T154,T53)),T159),(((T77,T90),T10),(T164,T196))),(T110,T29))),(T129,T130)),T192)),T109),((((((T68,T23),T24),((T32,((T33,(T167,T5)),(T91,T166))),(T70,((T4,T106),T140)))),((((T7,T180),(T58,T40)),(T73,T50)),((T118,T30),T103))),((T83,(T198,T114)),(T135,T25))),T35)),T22),(T43,T18)),(T108,T12)),T146);
Guide Tree 0/27
#NNI moves:0/236
Guide Tree 1/27
#NNI moves:0/236
Guide Tree 2/27
#NNI moves:3/236
Guide Tree 3/27
#NNI moves:0/236
Guide Tree 4/27
#NNI moves:0/236
Guide Tree 5/27
#NNI moves:0/236
Guide Tree 6/27
#NNI moves:0/236
Guide Tree 7/27
#NNI moves:0/236
Guide Tree 8/27
#NNI moves:0/236
Guide Tree 9/27
#NNI moves:0/236
Guide Tree 10/27
#NNI moves:0/236
Guide Tree 11/27
#NNI moves:0/236
Guide Tree 12/27
#NNI moves:0/236
Guide Tree 13/27
#NNI moves:0/236
Guide Tree 14/27
#NNI moves:0/236
Guide Tree 15/27
#NNI moves:0/236
Guide Tree 16/27
#NNI moves:1/236
Guide Tree 17/27
#NNI moves:0/236
Guide Tree 18/27
#NNI moves:1/236
Guide Tree 19/27
#NNI moves:0/236
Guide Tree 20/27
#NNI moves:0/236
Guide Tree 21/27
#NNI moves:0/236
Guide Tree 22/27
#NNI moves:0/236
Guide Tree 23/27
#NNI moves:0/236
Guide Tree 24/27
#NNI moves:0/236
Guide Tree 25/27
#NNI moves:0/236
Guide Tree 26/27
#NNI moves:0/236
Remaining: 0
#NNI moves:3/236
#NNI moves:3/236
((((((((((((((((((((((T113,T3),T87),T191),T56),((((T144,T102),T168),T21),T186)),T171),((T78,(T61,T147)),T150)),(T121,(T72,T16))),(((T48,(T49,(T131,T45))),(((T67,T84),T170),(T82,T138))),(T71,T62))),(T112,T9)),((((T155,((T39,(T189,T94)),T98)),(T160,T69)),(T93,T99)),(((T141,T190),((T142,T176),T178)),T161))),(((((T89,T63),(T165,T44)),(((((((T41,T156),T97),T59),(T96,T13)),T85),T157),((((T148,T133),T115),T187),T64))),(T195,((((((T197,T139),T36),(T55,T116)),T66),(T17,T92)),((T34,T104),T27)))),(T95,(T181,T11)))),((((((((T183,(T76,T75)),T124),((T105,T37),(T2,(T1,T120)))),((T172,T125),T20)),(T6,T117)),(((((T193,((T42,T179),(T184,T28))),((((T122,T143),T123),(T65,T86)),T38)),((T162,T111),((T163,(((T152,T136),T145),T54)),T194))),(((T173,T74),T119),(((T47,T169),T200),T79))),(T174,T31))),(((T153,T149),T26),T51)),((T88,((T151,T8),T134)),(T19,T185)))),(((T101,(((((T107,T46),T175),T127),(T182,T158)),(T60,T177))),T15),(T132,T57))),T0),((((((((T77,T90),T10),(T164,T196)),(((T154,T53),(T14,T137)),T159)),(T29,T110)),((((T199,T100),(T80,T52)),T128),((T126,T188),T81))),(T129,T130)),T192)),T109),((((T25,T135),(T83,(T114,T198))),(((((((T5,T167),T33),(T91,T166)),T32),(((T106,T4),T140),T70)),(T24,(T23,T68))),((((T58,T40),(T7,T180)),(T73,T50)),((T118,T30),T103)))),T35)),T22),(T43,T18)),(T12,T108)),T146);
Initial score: 4.18703e+10
Initial tree: ((((((((((((((((((((((T113,T3),T87),T191),T56),((((T144,T102),T168),T21),T186)),T171),((T78,(T61,T147)),T150)),(T121,(T72,T16))),(((T48,(T49,(T131,T45))),(((T67,T84),T170),(T82,T138))),(T71,T62))),(T112,T9)),((((T155,((T39,(T189,T94)),T98)),(T160,T69)),(T93,T99)),(((T141,T190),((T142,T176),T178)),T161))),(((((T89,T63),(T165,T44)),(((((((T41,T156),T97),T59),(T96,T13)),T85),T157),((((T148,T133),T115),T187),T64))),(T195,((((((T197,T139),T36),(T55,T116)),T66),(T17,T92)),((T34,T104),T27)))),(T95,(T181,T11)))),((((((((T183,(T76,T75)),T124),((T105,T37),(T2,(T1,T120)))),((T172,T125),T20)),(T6,T117)),(((((T193,((T42,T179),(T184,T28))),((((T122,T143),T123),(T65,T86)),T38)),((T162,T111),((T163,(((T152,T136),T145),T54)),T194))),(((T173,T74),T119),(((T47,T169),T200),T79))),(T174,T31))),(((T153,T149),T26),T51)),((T88,((T151,T8),T134)),(T19,T185)))),(((T101,(((((T107,T46),T175),T127),(T182,T158)),(T60,T177))),T15),(T132,T57))),T0),((((((((T77,T90),T10),(T164,T196)),(((T154,T53),(T14,T137)),T159)),(T29,T110)),((((T199,T100),(T80,T52)),T128),((T126,T188),T81))),(T129,T130)),T192)),T109),((((T25,T135),(T83,(T114,T198))),(((((((T5,T167),T33),(T91,T166)),T32),(((T106,T4),T140),T70)),(T24,(T23,T68))),((((T58,T40),(T7,T180)),(T73,T50)),((T118,T30),T103)))),T35)),T22),(T43,T18)),(T12,T108)),T146);
*** Subsample Process ***
Use two-step algorithm!
#NNI moves:0/236
Remaining: 0
#NNI moves:0/236
#NNI moves:0/236
(((((((((((((((((((((((((T143,T122),T123),(T65,T86)),T38),(T193,((T42,T179),(T184,T28)))),((((((T152,T136),T145),T54),T163),T194),(T111,T162))),((T79,((T169,T47),T200)),((T173,T74),T119))),(T174,T31)),((((T124,((T76,T75),T183)),((T105,T37),((T1,T120),T2))),((T172,T125),T20)),(T6,T117))),((T26,(T153,T149)),T51)),(((T134,(T151,T8)),T88),(T185,T19))),(((((((((((((T91,T166),((T167,T5),T33)),T32),(((T4,T106),T140),T70)),((T68,T23),T24)),((((T40,T58),(T7,T180)),(T73,T50)),((T118,T30),T103))),((T135,T25),((T114,T198),T83))),T35),((((T12,T108),T146),(T43,T18)),T22)),T109),(((((((T52,T80),(T199,T100)),T128),(T81,(T188,T126))),(((T159,((T53,T154),(T14,T137))),((T196,T164),((T77,T90),T10))),(T110,T29))),(T130,T129)),T192)),T0),((((((T182,T158),(T127,((T107,T46),T175))),(T60,T177)),T101),T15),(T132,T57)))),((((((((((T41,T156),T97),T59),(T96,T13)),T85),T157),((((T148,T133),T115),T187),T64)),((T63,T89),(T165,T44))),((((T34,T104),T27),(((((T197,T139),T36),(T116,T55)),T66),(T17,T92))),T195)),(T95,(T181,T11)))),((((((T39,(T189,T94)),T98),T155),(T160,T69)),(T93,T99)),(T161,(((T176,T142),T178),(T141,T190))))),(T9,T112)),((T62,T71),(((T49,(T131,T45)),T48),(((T67,T84),T170),(T82,T138))))),((T72,T16),T121)),(((T61,T147),T78),T150)),T171),(((T168,(T144,T102)),T21),T186)),T56),T191),T87),T113),T3);
#NNI moves:0/236
Remaining: 1
#NNI moves:0/236
#NNI moves:0/236
(((((((((((((T180,T7),(T58,T40)),(T73,T50)),((T118,T30),T103)),(((((T91,T166),(T33,(T167,T5))),T32),(((T106,T4),T140),T70)),(T24,(T68,T23)))),((T25,T135),((T114,T198),T83))),T35),(((((((((((((((T65,T86),((T143,T122),T123)),T38),(((T42,T179),(T184,T28)),T193)),((T194,((T54,((T152,T136),T145)),T163)),(T111,T162))),(((T74,T173),T119),((T200,(T47,T169)),T79))),(T174,T31)),(((((T37,T105),((T1,T120),T2)),(((T76,T75),T183),T124)),((T172,T125),T20)),(T6,T117))),(T51,((T153,T149),T26))),((((T8,T151),T134),T88),(T19,T185))),(((((((((T61,T147),T78),T150),(((((T168,(T102,T144)),T21),T186),((((T3,T113),T87),T191),T56)),T171)),(T121,(T72,T16))),(((((T84,T67),T170),(T82,T138)),(((T131,T45),T49),T48)),(T62,T71))),(T112,T9)),(((((((T189,T94),T39),T98),T155),(T160,T69)),(T99,T93)),((((T176,T142),T178),(T141,T190)),T161))),(((((((((T197,T139),T36),(T55,T116)),T66),(T17,T92)),((T104,T34),T27)),T195),(((T157,(((T13,T96),((T97,(T156,T41)),T59)),T85)),((((T133,T148),T115),T187),T64)),((T44,T165),(T89,T63)))),((T11,T181),T95)))),((((((T158,T182),(T127,((T46,T107),T175))),(T177,T60)),T101),T15),(T132,T57))),T0),((((((T126,T188),T81),(T128,((T100,T199),(T80,T52)))),((T110,T29),((T159,((T154,T53),(T14,T137))),(((T77,T90),T10),(T196,T164))))),(T129,T130)),T192)),T109)),T22),(T43,T18)),T146),T108),T12);
#NNI moves:0/236
Remaining: 0
#NNI moves:0/236
#NNI moves:0/236
((((((((((((((((((((((((((T184,T28),(T42,T179)),T193),((((T122,T143),T123),(T65,T86)),T38)),(((((T145,(T152,T136)),T54),T163),T194),(T111,T162))),((T79,(T200,(T47,T169))),((T173,T74),T119))),(T31,T174)),(((T20,(T125,T172)),((((T1,T120),T2),(T37,T105)),((T183,(T75,T76)),T124))),(T6,T117))),(((T149,T153),T26),T51)),((((T151,T8),T134),T88),(T185,T19))),((((((((((T139,T197),T36),(T55,T116)),T66),(T92,T17)),((T104,T34),T27)),T195),((((((T96,T13),(((T41,T156),T97),T59)),T85),T157),((((T148,T133),T115),T187),T64)),((T44,T165),(T63,T89)))),((T181,T11),T95)),((((((((T45,T131),T49),T48),((T138,T82),((T84,T67),T170))),(T71,T62)),((((T78,(T61,T147)),T150),(T171,((T56,((T87,(T3,T113)),T191)),((((T144,T102),T168),T21),T186)))),((T16,T72),T121))),(T112,T9)),(((((((T94,T189),T39),T98),T155),(T160,T69)),(T99,T93)),(((T190,T141),((T142,T176),T178)),T161))))),(((((((T175,(T107,T46)),T127),(T182,T158)),(T177,T60)),T101),T15),(T57,T132))),T0),((((((((T14,T137),(T154,T53)),T159),(((T90,T77),T10),(T196,T164))),(T110,T29)),((T128,((T52,T80),(T199,T100))),((T126,T188),T81))),(T129,T130)),T192)),T109),((((T108,T12),T146),(T43,T18)),T22)),T35),(((T198,T114),T83),(T135,T25))),((((T40,T58),(T180,T7)),(T73,T50)),((T118,T30),T103))),(T24,(T68,T23))),((T140,(T4,T106)),T70)),T32),(T91,T166)),T33),T5),T167);
#NNI moves:0/236
Remaining: 0
#NNI moves:8/236
#NNI moves:8/236
(((((((((((((((((((((((T3,T113),T87),T191),T56),((((T102,T144),T168),T21),T186)),T171),((T78,(T61,T147)),T150)),(T121,(T16,T72))),(((((T67,T84),T170),(T138,T82)),(((T45,T131),T49),T48)),(T71,T62))),(T112,T9)),((((T190,T141),((T176,T142),T178)),T161),(((T155,(T98,(T39,(T94,T189)))),(T160,T69)),(T93,T99)))),(((((T44,T165),(T89,T63)),(((((((T41,T156),T97),T59),(T96,T13)),T85),T157),((((T133,T148),T115),T187),T64))),((((T17,T92),(((T36,(T197,T139)),(T55,T116)),T66)),((T34,T104),T27)),T195)),((T11,T181),T95))),(((((((((((T143,T122),T123),(T65,T86)),T38),(((T179,T42),(T184,T28)),T193)),(((((T145,(T136,T152)),T54),T163),T194),(T111,T162))),(((T200,(T47,T169)),T79),(T119,(T173,T74)))),(T174,T31)),(((((T105,T37),((T120,T1),T2)),((T183,(T75,T76)),T124)),((T125,T172),T20)),(T117,T6))),(((T149,T153),T26),T51)),((T88,((T8,T151),T134)),(T185,T19)))),((((((T127,((T107,T46),T175)),(T158,T182)),(T60,T177)),T101),T15),(T57,T132))),T0),(((((((T196,T164),((T90,T77),T10)),(T159,((T14,T137),(T154,T53)))),(T29,T110)),((((T100,T199),(T52,T80)),T128),((T126,T188),T81))),(T130,T129)),T192)),T109),((((((T118,T30),T103),((T50,T73),((T180,T7),(T40,T58)))),((((T140,(T4,T106)),T70),(((T166,T91),((T167,T5),T33)),T32)),((T68,T23),T24))),((T83,(T114,T198)),(T135,T25))),T35)),T22),(T43,T18)),T146),T108),T12);
Current score: 4.18703e+10
Current tree: ((((((((((((((((((((((T3,T113),T87),T191),T56),((((T102,T144),T168),T21),T186)),T171),((T78,(T61,T147)),T150)),(T121,(T16,T72))),(((((T67,T84),T170),(T138,T82)),(((T45,T131),T49),T48)),(T71,T62))),(T112,T9)),((((T190,T141),((T176,T142),T178)),T161),(((T155,(T98,(T39,(T94,T189)))),(T160,T69)),(T93,T99)))),(((((T44,T165),(T89,T63)),(((((((T41,T156),T97),T59),(T96,T13)),T85),T157),((((T133,T148),T115),T187),T64))),((((T17,T92),(((T36,(T197,T139)),(T55,T116)),T66)),((T34,T104),T27)),T195)),((T11,T181),T95))),(((((((((((T143,T122),T123),(T65,T86)),T38),(((T179,T42),(T184,T28)),T193)),(((((T145,(T136,T152)),T54),T163),T194),(T111,T162))),(((T200,(T47,T169)),T79),(T119,(T173,T74)))),(T174,T31)),(((((T105,T37),((T120,T1),T2)),((T183,(T75,T76)),T124)),((T125,T172),T20)),(T117,T6))),(((T149,T153),T26),T51)),((T88,((T8,T151),T134)),(T185,T19)))),((((((T127,((T107,T46),T175)),(T158,T182)),(T60,T177)),T101),T15),(T57,T132))),T0),(((((((T196,T164),((T90,T77),T10)),(T159,((T14,T137),(T154,T53)))),(T29,T110)),((((T100,T199),(T52,T80)),T128),((T126,T188),T81))),(T130,T129)),T192)),T109),((((((T118,T30),T103),((T50,T73),((T180,T7),(T40,T58)))),((((T140,(T4,T106)),T70),(((T166,T91),((T167,T5),T33)),T32)),((T68,T23),T24))),((T83,(T114,T198)),(T135,T25))),T35)),T22),(T43,T18)),(T108,T12)),T146);
Use two-step algorithm!
#NNI moves:0/236
Remaining: 0
#NNI moves:0/236
#NNI moves:0/236
(((((((((((((((((((((((T199,T100),(T80,T52)),T128),((T188,T126),T81)),(((((T90,T77),T10),(T164,T196)),(T159,((T154,T53),(T14,T137)))),(T110,T29))),(T129,T130)),T192),((((((((((T166,T91),((T5,T167),T33)),T32),(((T4,T106),T140),T70)),((T68,T23),T24)),(((T73,T50),((T58,T40),(T180,T7))),((T118,T30),T103))),((T25,T135),((T198,T114),T83))),T35),(((T18,T43),((T108,T12),T146)),T22)),T109)),T0),((((((((T46,T107),T175),T127),(T158,T182)),(T60,T177)),T101),T15),(T57,T132))),((((((((((((T136,T152),T145),T54),T163),T194),(T162,T111)),((((T65,T86),((T122,T143),T123)),T38),(((T28,T184),(T179,T42)),T193))),(((T173,T74),T119),((T200,(T169,T47)),T79))),(T31,T174)),(((((T37,T105),((T120,T1),T2)),(((T76,T75),T183),T124)),((T125,T172),T20)),(T6,T117))),(T51,(T26,(T153,T149)))),((T19,T185),(T88,(T134,(T8,T151)))))),((((((((T55,T116),((T139,T197),T36)),T66),(T92,T17)),((T34,T104),T27)),T195),((((((T96,T13),((T97,(T41,T156)),T59)),T85),T157),(T64,((T115,(T133,T148)),T187))),((T165,T44),(T63,T89)))),((T11,T181),T95))),(((((((T189,T94),T39),T98),T155),(T69,T160)),(T99,T93)),((((T142,T176),T178),(T141,T190)),T161))),(T112,T9)),((((T138,T82),((T84,T67),T170)),(T48,((T131,T45),T49))),(T71,T62))),((T16,T72),T121)),(((T61,T147),T78),T150)),T171),((((T102,T144),T168),T21),T186)),T56),T191),(T113,T3)),T87);
#NNI moves:0/236
Remaining: 0
#NNI moves:0/236
#NNI moves:0/236
((((((((((((((((((T191,((T3,T113),T87)),T56),((((T102,T144),T168),T21),T186)),T171),(((T61,T147),T78),T150)),(T121,(T16,T72))),((((T82,T138),((T67,T84),T170)),((T49,(T45,T131)),T48)),(T71,T62))),(T112,T9)),(((T93,T99),(((((T94,T189),T39),T98),T155),(T160,T69))),(((T190,T141),((T142,T176),T178)),T161))),(((((T64,(((T148,T133),T115),T187)),((T85,((((T156,T41),T97),T59),(T13,T96))),T157)),((T63,T89),(T165,T44))),(((((((T197,T139),T36),(T55,T116)),T66),(T17,T92)),(T27,(T34,T104))),T195)),((T11,T181),T95))),((((((((T162,T111),(((T54,((T152,T136),T145)),T163),T194)),((((T86,T65),((T122,T143),T123)),T38),(((T42,T179),(T28,T184)),T193))),(((T200,(T47,T169)),T79),((T173,T74),T119))),(T31,T174)),(((((T37,T105),(T2,(T1,T120))),((T183,(T76,T75)),T124)),(T20,(T172,T125))),(T6,T117))),(T51,((T153,T149),T26))),((T185,T19),((T134,(T151,T8)),T88)))),((((((T182,T158),(((T46,T107),T175),T127)),(T177,T60)),T101),T15),(T57,T132))),T0),((((((T159,((T14,T137),(T154,T53))),(((T77,T90),T10),(T196,T164))),(T110,T29)),(((T126,T188),T81),(((T52,T80),(T100,T199)),T128))),(T129,T130)),T192)),T109),((((((((T166,T91),((T167,T5),T33)),T32),((T140,(T4,T106)),T70)),((T23,T68),T24)),(((T50,T73),((T40,T58),(T180,T7))),(T103,(T118,T30)))),((T135,T25),((T114,T198),T83))),T35)),(((T12,T108),T146),(T18,T43))),T22);
#NNI moves:0/236
Remaining: 0
#NNI moves:0/236
#NNI moves:0/236
((((((((((((((((((T78,(T61,T147)),T150),(((((T168,(T102,T144)),T21),T186),(((T87,(T113,T3)),T191),T56)),T171)),(T121,(T16,T72))),(((((T84,T67),T170),(T138,T82)),(((T45,T131),T49),T48)),(T62,T71))),(T112,T9)),(((T93,T99),((T160,T69),(T155,(T98,((T94,T189),T39))))),(((T141,T190),((T142,T176),T178)),T161))),(((((((T115,(T133,T148)),T187),T64),((((T96,T13),(T59,(T97,(T41,T156)))),T85),T157)),((T44,T165),(T89,T63))),((((((T55,T116),((T197,T139),T36)),T66),(T92,T17)),((T104,T34),T27)),T195)),(T95,(T11,T181)))),(((((((((T1,T120),T2),(T105,T37)),(T124,((T75,T76),T183))),((T172,T125),T20)),(T117,T6)),(((((((T65,T86),((T143,T122),T123)),T38),(((T28,T184),(T179,T42)),T193)),((T111,T162),(((((T152,T136),T145),T54),T163),T194))),(((T74,T173),T119),((T200,(T47,T169)),T79))),(T31,T174))),(((T149,T153),T26),T51)),((((T151,T8),T134),T88),(T19,T185)))),(((((T60,T177),(((T175,(T46,T107)),T127),(T182,T158))),T101),T15),(T132,T57))),T0),(((T130,T129),((((((T53,T154),(T14,T137)),T159),(((T77,T90),T10),(T196,T164))),(T110,T29)),((((T199,T100),(T80,T52)),T128),(T81,(T126,T188))))),T192)),T109),(((((((T140,(T106,T4)),T70),(((T33,(T167,T5)),(T91,T166)),T32)),((T23,T68),T24)),((((T58,T40),(T180,T7)),(T50,T73)),((T30,T118),T103))),(((T198,T114),T83),(T25,T135))),T35)),T22),(T146,(T12,T108))),T18),T43);
#NNI moves:0/236
Remaining: 0
#NNI moves:0/236
#NNI moves:0/236
((((((((((((((((((((T90,T77),T10),(T164,T196)),(((T137,T14),(T154,T53)),T159)),(T29,T110)),((T81,(T126,T188)),(((T80,T52),(T100,T199)),T128))),(T130,T129)),T192),((((((((T73,T50),((T7,T180),(T58,T40))),((T118,T30),T103)),(((T23,T68),T24),((((T106,T4),T140),T70),((((T5,T167),T33),(T166,T91)),T32)))),((T135,T25),((T114,T198),T83))),T35),(T22,((T43,T18),(T146,(T108,T12))))),T109)),T0),(((((T60,T177),((((T107,T46),T175),T127),(T158,T182))),T101),T15),(T132,T57))),(((((((((T76,T75),T183),T124),((T2,(T120,T1)),(T105,T37))),(T20,(T125,T172))),(T6,T117)),(((((((T65,T86),((T143,T122),T123)),T38),(T193,((T184,T28),(T42,T179)))),((((T54,((T152,T136),T145)),T163),T194),(T162,T111))),(((T200,(T169,T47)),T79),(T119,(T173,T74)))),(T174,T31))),((T26,(T149,T153)),T51)),(((T134,(T151,T8)),T88),(T185,T19)))),((((((((T55,T116),(T36,(T197,T139))),T66),(T92,T17)),((T104,T34),T27)),T195),((((((T13,T96),(((T41,T156),T97),T59)),T85),T157),(T64,((T115,(T148,T133)),T187))),((T165,T44),(T89,T63)))),(T95,(T11,T181)))),((((T69,T160),((((T94,T189),T39),T98),T155)),(T93,T99)),(T161,((T141,T190),((T142,T176),T178))))),(T112,T9)),((((T170,(T67,T84)),(T82,T138)),(T48,((T45,T131),T49))),(T62,T71))),((T16,T72),T121)),((((((T102,T144),T168),T21),T186),(T56,(((T113,T3),T87),T191))),T171)),((T147,T61),T78)),T150);
Current score: 4.18703e+10
Current tree: (((T108,T12),((T43,T18),(T22,(((((((T73,T50),((T7,T180),(T58,T40))),((T118,T30),T103)),(((T23,T68),T24),((((T106,T4),T140),T70),((((T5,T167),T33),(T166,T91)),T32)))),((T135,T25),((T114,T198),T83))),T35),(T109,(((((((((T90,T77),T10),(T164,T196)),(((T137,T14),(T154,T53)),T159)),(T29,T110)),((T81,(T126,T188)),(((T80,T52),(T100,T199)),T128))),(T130,T129)),T192),(T0,((((((T60,T177),((((T107,T46),T175),T127),(T158,T182))),T101),T15),(T132,T57)),((((((((((T76,T75),T183),T124),((T2,(T120,T1)),(T105,T37))),(T20,(T125,T172))),(T6,T117)),(((((((T65,T86),((T143,T122),T123)),T38),(T193,((T184,T28),(T42,T179)))),((((T54,((T152,T136),T145)),T163),T194),(T162,T111))),(((T200,(T169,T47)),T79),(T119,(T173,T74)))),(T174,T31))),((T26,(T149,T153)),T51)),(((T134,(T151,T8)),T88),(T185,T19))),(((((((((T55,T116),(T36,(T197,T139))),T66),(T92,T17)),((T104,T34),T27)),T195),((((((T13,T96),(((T41,T156),T97),T59)),T85),T157),(T64,((T115,(T148,T133)),T187))),((T165,T44),(T89,T63)))),(T95,(T11,T181))),(((((T69,T160),((((T94,T189),T39),T98),T155)),(T93,T99)),(T161,((T141,T190),((T142,T176),T178)))),((T112,T9),(((((T170,(T67,T84)),(T82,T138)),(T48,((T45,T131),T49))),(T62,T71)),(((T16,T72),T121),(((((((T102,T144),T168),T21),T186),(T56,(((T113,T3),T87),T191))),T171),(((T147,T61),T78),T150)))))))))))))))),T146);
Final Tree: (((T108,T12),((T43,T18),(T22,(((((((T73,T50),((T7,T180),(T58,T40))),((T118,T30),T103)),(((T23,T68),T24),((((T106,T4),T140),T70),((((T5,T167),T33),(T166,T91)),T32)))),((T135,T25),((T114,T198),T83))),T35),(T109,(((((((((T90,T77),T10),(T164,T196)),(((T137,T14),(T154,T53)),T159)),(T29,T110)),((T81,(T126,T188)),(((T80,T52),(T100,T199)),T128))),(T130,T129)),T192),(T0,((((((T60,T177),((((T107,T46),T175),T127),(T158,T182))),T101),T15),(T132,T57)),((((((((((T76,T75),T183),T124),((T2,(T120,T1)),(T105,T37))),(T20,(T125,T172))),(T6,T117)),(((((((T65,T86),((T143,T122),T123)),T38),(T193,((T184,T28),(T42,T179)))),((((T54,((T152,T136),T145)),T163),T194),(T162,T111))),(((T200,(T169,T47)),T79),(T119,(T173,T74)))),(T174,T31))),((T26,(T149,T153)),T51)),(((T134,(T151,T8)),T88),(T185,T19))),(((((((((T55,T116),(T36,(T197,T139))),T66),(T92,T17)),((T104,T34),T27)),T195),((((((T13,T96),(((T41,T156),T97),T59)),T85),T157),(T64,((T115,(T148,T133)),T187))),((T165,T44),(T89,T63)))),(T95,(T11,T181))),(((((T69,T160),((((T94,T189),T39),T98),T155)),(T93,T99)),(T161,((T141,T190),((T142,T176),T178)))),((T112,T9),(((((T170,(T67,T84)),(T82,T138)),(T48,((T45,T131),T49))),(T62,T71)),(((T16,T72),T121),(((((((T102,T144),T168),T21),T186),(T56,(((T113,T3),T87),T191))),T171),(((T147,T61),T78),T150)))))))))))))))),T146);
Score: 4.187034594e+10

real	2m2.922s
user	47m25.032s
sys	0m23.623s
