Weighted ASTRAL - Hybrid
Version: v1.13.2.3
#Genetrees: 2000
#Species: 201
#Rounds: 4
#Samples: 4
#Threads: 32
Use two-step algorithm!
Guide Tree 0/27
#NNI moves:0/236
Guide Tree 1/27
#NNI moves:0/236
Guide Tree 2/27
#NNI moves:0/236
Guide Tree 3/27
#NNI moves:0/236
Guide Tree 4/27
#NNI moves:0/236
Guide Tree 5/27
#NNI moves:0/236
Guide Tree 6/27
#NNI moves:0/236
Guide Tree 7/27
#NNI moves:3/236
Guide Tree 8/27
#NNI moves:0/236
Guide Tree 9/27
#NNI moves:0/236
Guide Tree 10/27
#NNI moves:0/236
Guide Tree 11/27
#NNI moves:0/236
Guide Tree 12/27
#NNI moves:0/236
Guide Tree 13/27
#NNI moves:0/236
Guide Tree 14/27
#NNI moves:0/236
Guide Tree 15/27
#NNI moves:0/236
Guide Tree 16/27
#NNI moves:0/236
Guide Tree 17/27
#NNI moves:0/236
Guide Tree 18/27
#NNI moves:0/236
Guide Tree 19/27
#NNI moves:0/236
Guide Tree 20/27
#NNI moves:0/236
Guide Tree 21/27
#NNI moves:0/236
Guide Tree 22/27
#NNI moves:0/236
Guide Tree 23/27
#NNI moves:0/236
Guide Tree 24/27
#NNI moves:0/236
Guide Tree 25/27
#NNI moves:0/236
Guide Tree 26/27
#NNI moves:0/236
Remaining: 0
#NNI moves:0/236
#NNI moves:0/236
((((((((((((T109,(T11,T6)),T130),((T92,T184),(T166,T142))),((((T101,T73),(T12,T188)),T10),T126)),((((((T111,T104),(T76,T75)),T175),((T123,T47),(T172,(T122,T4)))),(T9,(T180,T192))),(T181,T150))),(((((T99,(T138,T24)),((T58,T162),((T66,T194),(T59,T71)))),(T103,T61)),(((((T114,T158),(T173,T54)),(((T90,T183),T13),T26)),T125),T41)),(((((T189,T62),(((T65,T148),T86),T36)),T15),T60),T177))),((((((((T83,T193),T79),T57),T95),((((((T131,T118),T37),T198),T108),T151),T132)),(T81,(T119,T170))),((T16,T55),T14)),T22)),((((((T106,T27),T53),T33),((((((T164,T139),((T68,(T20,T168)),(T134,T178))),T197),T153),T156),(T98,(T160,T174)))),T190),(T63,(T32,T141)))),T0),(((((((T110,T159),(T88,T23)),(((((T70,T44),T128),(T113,T51)),(T48,T64)),(((T195,T18),T154),((T45,T8),T3)))),(((T84,T163),(T112,(T146,T80))),(((T129,T38),T185),T169))),(((T52,T165),(T140,T179)),(T121,T5))),(((((T77,T34),(T96,T157)),(T91,(T107,(((T72,T1),T39),T182)))),((((((((T105,T187),(T199,T35)),T94),T120),(((T145,T144),T133),(T147,T50))),(T40,T176)),(T74,(T149,T186))),(T127,T143))),T29)),(((((((T17,T196),T25),(T42,T2)),((((T152,(T191,((T85,T136),T31))),(T167,T161)),T200),T155)),((((T30,(T115,T124)),T69),T89),T117)),(((T100,T43),T21),T135)),((((((((T87,T19),T7),T46),(T67,T171)),(((T82,T102),T97),T93)),(T137,T116)),T78),T28)))),T56),T49);
Guide Tree 0/27
#NNI moves:1/236
Guide Tree 1/27
#NNI moves:4/236
Guide Tree 2/27
#NNI moves:3/236
Guide Tree 3/27
#NNI moves:0/236
Guide Tree 4/27
#NNI moves:0/236
Guide Tree 5/27
#NNI moves:0/236
Guide Tree 6/27
#NNI moves:3/236
Guide Tree 7/27
#NNI moves:0/236
Guide Tree 8/27
#NNI moves:3/236
Guide Tree 9/27
#NNI moves:0/236
Guide Tree 10/27
#NNI moves:3/236
Guide Tree 11/27
#NNI moves:0/236
Guide Tree 12/27
#NNI moves:0/236
Guide Tree 13/27
#NNI moves:3/236
Guide Tree 14/27
#NNI moves:0/236
Guide Tree 15/27
#NNI moves:3/236
Guide Tree 16/27
#NNI moves:0/236
Guide Tree 17/27
#NNI moves:3/236
Guide Tree 18/27
#NNI moves:0/236
Guide Tree 19/27
#NNI moves:3/236
Guide Tree 20/27
#NNI moves:0/236
Guide Tree 21/27
#NNI moves:0/236
Guide Tree 22/27
#NNI moves:0/236
Guide Tree 23/27
#NNI moves:3/236
Guide Tree 24/27
#NNI moves:0/236
Guide Tree 25/27
#NNI moves:0/236
Guide Tree 26/27
#NNI moves:3/236
Remaining: 0
#NNI moves:0/236
#NNI moves:0/236
(((((((((((((T138,T24),T99),(((T71,T59),(T194,T66)),(T58,T162))),(T103,T61)),((T125,(((T173,T54),(T158,T114)),(((T183,T90),T13),T26))),T41)),(((((((T148,T65),T86),T36),(T62,T189)),T15),T60),T177)),(((((T192,T180),T9),((((T75,T76),(T111,T104)),T175),(((T4,T122),T172),(T47,T123)))),(T181,T150)),(((((T73,T101),(T12,T188)),T10),T126),((T130,((T11,T6),T109)),((T166,T142),(T92,T184)))))),((((((((T193,T83),T79),T57),T95),((((((T131,T118),T37),T198),T108),T151),T132)),((T119,T170),T81)),(T14,(T16,T55))),T22)),(((((((T197,((((T168,T20),T68),(T178,T134)),(T164,T139))),T153),T156),(T98,(T160,T174))),(((T27,T106),T53),T33)),T190),(T63,(T32,T141)))),T0),((((((((T64,T48),((T51,T113),((T70,T44),T128))),(((T8,T45),T3),((T195,T18),T154))),((T88,T23),(T110,T159))),(((T185,(T38,T129)),T169),((T84,T163),((T80,T146),T112)))),(((T52,T165),(T140,T179)),(T121,T5))),((((((((T133,(T145,T144)),(T50,T147)),((T94,((T105,T187),(T35,T199))),T120)),(T176,T40)),(T74,(T186,T149))),(T143,T127)),(((T77,T34),(T157,T96)),(((((T72,T1),T39),T182),T107),T91))),T29)),(((T135,((T100,T43),T21)),((T117,(((T30,(T124,T115)),T69),T89)),(((((T152,(((T85,T136),T31),T191)),(T167,T161)),T200),T155),((T25,(T196,T17)),(T42,T2))))),((((T137,T116),(((((T87,T19),T7),T46),(T171,T67)),(T93,(T97,(T102,T82))))),T78),T28)))),T56),T49);
Guide Tree 0/27
#NNI moves:0/236
Guide Tree 1/27
#NNI moves:0/236
Guide Tree 2/27
#NNI moves:3/236
Guide Tree 3/27
#NNI moves:0/236
Guide Tree 4/27
#NNI moves:0/236
Guide Tree 5/27
#NNI moves:3/236
Guide Tree 6/27
#NNI moves:0/236
Guide Tree 7/27
#NNI moves:1/236
Guide Tree 8/27
#NNI moves:0/236
Guide Tree 9/27
#NNI moves:0/236
Guide Tree 10/27
#NNI moves:3/236
Guide Tree 11/27
#NNI moves:0/236
Guide Tree 12/27
#NNI moves:1/236
Guide Tree 13/27
#NNI moves:3/236
Guide Tree 14/27
#NNI moves:1/236
Guide Tree 15/27
#NNI moves:0/236
Guide Tree 16/27
#NNI moves:0/236
Guide Tree 17/27
#NNI moves:3/236
Guide Tree 18/27
#NNI moves:0/236
Guide Tree 19/27
#NNI moves:3/236
Guide Tree 20/27
#NNI moves:0/236
Guide Tree 21/27
#NNI moves:3/236
Guide Tree 22/27
#NNI moves:3/236
Guide Tree 23/27
#NNI moves:0/236
Guide Tree 24/27
#NNI moves:3/236
Guide Tree 25/27
#NNI moves:3/236
Guide Tree 26/27
#NNI moves:0/236
Remaining: 0
#NNI moves:0/236
#NNI moves:0/236
(((((((((((T17,T196),T25),(T42,T2)),(((((T191,(T31,(T136,T85))),T152),(T167,T161)),T200),T155)),(T117,(T89,(T69,((T115,T124),T30))))),((T21,(T100,T43)),T135)),(((((((T7,(T87,T19)),T46),(T171,T67)),(T93,(T97,(T102,T82)))),(T116,T137)),T78),T28)),(((((((((T70,T44),T128),(T113,T51)),(T48,T64)),(((T195,T18),T154),((T8,T45),T3))),((T23,T88),(T159,T110))),(((T84,T163),(T112,(T146,T80))),(((T129,T38),T185),T169))),((T5,T121),((T52,T165),(T140,T179)))),(((((((((T144,T145),T133),(T147,T50)),((T94,((T105,T187),(T35,T199))),T120)),(T40,T176)),((T149,T186),T74)),(T143,T127)),((((((T1,T72),T39),T182),T107),T91),((T96,T157),(T34,T77)))),T29))),((((((((((T101,T73),(T188,T12)),T10),T126),((T130,((T11,T6),T109)),((T92,T184),(T166,T142)))),((((T180,T192),T9),(((T172,(T4,T122)),(T47,T123)),(((T111,T104),(T75,T76)),T175))),(T181,T150))),(((((((T59,T71),(T66,T194)),(T162,T58)),((T138,T24),T99)),(T103,T61)),((T125,(((T158,T114),(T173,T54)),((T13,(T183,T90)),T26))),T41)),(((T15,((T36,((T148,T65),T86)),(T62,T189))),T60),T177))),((((((T57,(T79,(T83,T193))),T95),(((T108,(((T131,T118),T37),T198)),T151),T132)),((T119,T170),T81)),((T16,T55),T14)),T22)),(((T32,T141),T63),((((T156,(((((T178,T134),(T68,(T20,T168))),(T164,T139)),T197),T153)),(T98,(T174,T160))),((T53,(T27,T106)),T33)),T190))),T0)),T56),T49);
Guide Tree 0/27
#NNI moves:0/236
Guide Tree 1/27
#NNI moves:1/236
Guide Tree 2/27
#NNI moves:2/236
Guide Tree 3/27
#NNI moves:0/236
Guide Tree 4/27
#NNI moves:0/236
Guide Tree 5/27
#NNI moves:0/236
Guide Tree 6/27
#NNI moves:0/236
Guide Tree 7/27
#NNI moves:0/236
Guide Tree 8/27
#NNI moves:1/236
Guide Tree 9/27
#NNI moves:1/236
Guide Tree 10/27
#NNI moves:1/236
Guide Tree 11/27
#NNI moves:0/236
Guide Tree 12/27
#NNI moves:1/236
Guide Tree 13/27
#NNI moves:0/236
Guide Tree 14/27
#NNI moves:1/236
Guide Tree 15/27
#NNI moves:2/236
Guide Tree 16/27
#NNI moves:1/236
Guide Tree 17/27
#NNI moves:1/236
Guide Tree 18/27
#NNI moves:3/236
Guide Tree 19/27
#NNI moves:0/236
Guide Tree 20/27
#NNI moves:1/236
Guide Tree 21/27
#NNI moves:0/236
Guide Tree 22/27
#NNI moves:0/236
Guide Tree 23/27
#NNI moves:3/236
Guide Tree 24/27
#NNI moves:1/236
Guide Tree 25/27
#NNI moves:0/236
Guide Tree 26/27
#NNI moves:4/236
Remaining: 0
#NNI moves:4/236
#NNI moves:4/236
(((((((((((T182,((T1,T72),T39)),T107),T91),((T157,T96),(T34,T77))),((((T40,T176),(((T133,(T145,T144)),(T147,T50)),((T94,((T199,T35),(T187,T105))),T120))),(T74,(T186,T149))),(T143,T127))),T29),((((((T154,(T195,T18)),((T45,T8),T3)),(((T51,T113),(T128,(T70,T44))),(T48,T64))),((T110,T159),(T23,T88))),(((T163,T84),((T80,T146),T112)),(((T129,T38),T185),T169))),((T121,T5),((T165,T52),(T140,T179))))),((((((((T102,T82),T97),T93),((((T87,T19),T7),T46),(T171,T67))),(T116,T137)),T78),T28),(((((((T152,(((T85,T136),T31),T191)),(T167,T161)),T200),T155),((T2,T42),(T25,(T196,T17)))),((T89,(T69,(T30,(T124,T115)))),T117)),(((T43,T100),T21),T135)))),((((((((((T123,T47),((T4,T122),T172)),(((T111,T104),(T76,T75)),T175)),((T180,T192),T9)),(T150,T181)),((T126,(((T188,T12),(T73,T101)),T10)),(((T92,T184),(T166,T142)),(((T11,T6),T109),T130)))),(((T41,((((T54,T173),(T158,T114)),(((T183,T90),T13),T26)),T125)),((T61,T103),(((T58,T162),((T194,T66),(T71,T59))),((T138,T24),T99)))),((T60,((((T86,(T148,T65)),T36),(T62,T189)),T15)),T177))),(((((T132,(((((T118,T131),T37),T198),T108),T151)),(T95,((T79,(T83,T193)),T57))),((T170,T119),T81)),((T55,T16),T14)),T22)),(((((((((((T168,T20),T68),(T178,T134)),(T139,T164)),T197),T153),T156),((T174,T160),T98)),((T53,(T27,T106)),T33)),T190),((T32,T141),T63))),T0)),T56),T49);
Initial score: 7.37007e+10
Initial tree: (((((((((((T182,((T1,T72),T39)),T107),T91),((T157,T96),(T34,T77))),((((T40,T176),(((T133,(T145,T144)),(T147,T50)),((T94,((T199,T35),(T187,T105))),T120))),(T74,(T186,T149))),(T143,T127))),T29),((((((T154,(T195,T18)),((T45,T8),T3)),(((T51,T113),(T128,(T70,T44))),(T48,T64))),((T110,T159),(T23,T88))),(((T163,T84),((T80,T146),T112)),(((T129,T38),T185),T169))),((T121,T5),((T165,T52),(T140,T179))))),((((((((T102,T82),T97),T93),((((T87,T19),T7),T46),(T171,T67))),(T116,T137)),T78),T28),(((((((T152,(((T85,T136),T31),T191)),(T167,T161)),T200),T155),((T2,T42),(T25,(T196,T17)))),((T89,(T69,(T30,(T124,T115)))),T117)),(((T43,T100),T21),T135)))),((((((((((T123,T47),((T4,T122),T172)),(((T111,T104),(T76,T75)),T175)),((T180,T192),T9)),(T150,T181)),((T126,(((T188,T12),(T73,T101)),T10)),(((T92,T184),(T166,T142)),(((T11,T6),T109),T130)))),(((T41,((((T54,T173),(T158,T114)),(((T183,T90),T13),T26)),T125)),((T61,T103),(((T58,T162),((T194,T66),(T71,T59))),((T138,T24),T99)))),((T60,((((T86,(T148,T65)),T36),(T62,T189)),T15)),T177))),(((((T132,(((((T118,T131),T37),T198),T108),T151)),(T95,((T79,(T83,T193)),T57))),((T170,T119),T81)),((T55,T16),T14)),T22)),(((((((((((T168,T20),T68),(T178,T134)),(T139,T164)),T197),T153),T156),((T174,T160),T98)),((T53,(T27,T106)),T33)),T190),((T32,T141),T63))),T0)),T56),T49);
*** Subsample Process ***
Use two-step algorithm!
#NNI moves:0/236
Remaining: 0
#NNI moves:3/236
#NNI moves:3/236
(((((((((((((((((((((T4,T122),T172),(T123,T47)),(T175,((T76,T75),(T111,T104)))),(T9,(T192,T180))),(T150,T181)),(((((T12,T188),(T73,T101)),T10),T126),(((T166,T142),(T92,T184)),((T109,(T11,T6)),T130)))),(((((((T173,T54),(T114,T158)),(((T90,T183),T13),T26)),T125),T41),((T103,T61),(((T138,T24),T99),(((T59,T71),(T194,T66)),(T162,T58))))),((((((T86,(T148,T65)),T36),(T62,T189)),T15),T60),T177))),((((((((((T118,T131),T37),T198),T108),T151),T132),(T95,(((T83,T193),T79),T57))),((T170,T119),T81)),(T14,(T16,T55))),T22)),(((((T156,((((((T168,T20),T68),(T178,T134)),(T139,T164)),T197),T153)),((T174,T160),T98)),((T53,(T27,T106)),T33)),T190),(T63,(T32,T141)))),T0),(T56,T49)),((((((T42,T2),((T17,T196),T25)),(((((((T136,T85),T31),T191),T152),(T161,T167)),T200),T155)),(((((T115,T124),T30),T69),T89),T117)),((T21,(T100,T43)),T135)),((((((T46,(T7,(T87,T19))),(T171,T67)),(((T82,T102),T97),T93)),(T116,T137)),T78),T28))),((((((T3,(T8,T45)),((T18,T195),T154)),((((T70,T44),T128),(T51,T113)),(T64,T48))),((T88,T23),(T110,T159))),(((T163,T84),((T146,T80),T112)),(T169,((T129,T38),T185)))),((T5,T121),((T179,T140),(T165,T52))))),T29),((T143,T127),(((T176,T40),(((((T199,T35),(T105,T187)),T94),T120),(((T145,T144),T133),(T147,T50)))),(T74,(T149,T186))))),((T157,T96),(T34,T77))),T91),T107),((T1,T72),T39)),T182);
#NNI moves:0/236
Remaining: 0
#NNI moves:0/236
#NNI moves:0/236
(((((((((((((T73,T101),(T12,T188)),T10),T126),(((T184,T92),(T166,T142)),(((T6,T11),T109),T130))),((((((T122,T4),T172),(T123,T47)),(((T104,T111),(T75,T76)),T175)),(T9,(T192,T180))),(T150,T181))),(((((((T13,(T183,T90)),T26),((T114,T158),(T173,T54))),T125),T41),(((((T194,T66),(T59,T71)),(T162,T58)),(T99,(T24,T138))),(T61,T103))),((T60,(((T62,T189),(T36,(T86,(T148,T65)))),T15)),T177))),((((T81,(T119,T170)),((((T79,(T193,T83)),T57),T95),(((((T37,(T131,T118)),T198),T108),T151),T132))),(T14,(T55,T16))),T22)),(((((((((T139,T164),((T134,T178),(T68,(T168,T20)))),T197),T153),T156),(T98,(T174,T160))),((T53,(T106,T27)),T33)),T190),(T63,(T141,T32)))),T0),(((((((((((T144,T145),T133),(T50,T147)),((((T187,T105),(T199,T35)),T94),T120)),(T176,T40)),((T186,T149),T74)),(T143,T127)),(((T157,T96),(T34,T77)),(T91,((((T1,T72),T39),T182),T107)))),T29),(((((T84,T163),((T146,T80),T112)),(((T129,T38),T185),T169)),((((((T44,T70),T128),(T113,T51)),(T48,T64)),(((T18,T195),T154),(T3,(T8,T45)))),((T23,T88),(T110,T159)))),((T5,T121),((T179,T140),(T52,T165))))),((((((T2,T42),((T196,T17),T25)),((T200,(((T191,(T31,(T85,T136))),T152),(T167,T161))),T155)),((((T30,(T115,T124)),T69),T89),T117)),(((T100,T43),T21),T135)),(((((((T102,T82),T97),T93),((T171,T67),(((T87,T19),T7),T46))),(T116,T137)),T78),T28)))),T49),T56);
#NNI moves:0/236
Remaining: 0
#NNI moves:3/236
#NNI moves:3/236
(((((((((((((((((((T149,T186),T74),((((T94,((T187,T105),(T35,T199))),T120),((T50,T147),((T144,T145),T133))),(T40,T176))),(T127,T143)),(((T34,T77),(T157,T96)),((T107,(((T1,T72),T39),T182)),T91))),T29),(((T5,T121),((T165,T52),(T179,T140))),((((T112,(T146,T80)),(T84,T163)),(((T129,T38),T185),T169)),(((((T128,(T44,T70)),(T51,T113)),(T48,T64)),((T3,(T8,T45)),((T195,T18),T154))),((T159,T110),(T88,T23)))))),(((((((((T191,((T136,T85),T31)),T152),(T167,T161)),T200),T155),(((T17,T196),T25),(T2,T42))),((((T30,(T124,T115)),T69),T89),T117)),(((T100,T43),T21),T135)),((((((T67,T171),(((T87,T19),T7),T46)),((T97,(T82,T102)),T93)),(T137,T116)),T78),T28))),(T49,T56)),T0),((((((((((T68,(T168,T20)),(T178,T134)),(T139,T164)),T197),T153),T156),(T98,(T160,T174))),(((T27,T106),T53),T33)),T190),(T63,(T141,T32)))),((((T16,T55),T14),(((T95,(((T193,T83),T79),T57)),((T151,(((T37,(T118,T131)),T198),T108)),T132)),(T81,(T170,T119)))),T22)),(((((T99,(T24,T138)),((T162,T58),((T59,T71),(T66,T194)))),(T103,T61)),((((((T90,T183),T13),T26),((T114,T158),(T54,T173))),T125),T41)),((T60,(((T189,T62),(((T65,T148),T86),T36)),T15)),T177))),(((((T188,T12),(T73,T101)),T10),T126),((T130,(T109,(T11,T6))),((T92,T184),(T142,T166))))),(T150,T181)),(T9,(T192,T180))),((T172,(T122,T4)),(T123,T47))),((T104,T111),(T75,T76))),T175);
#NNI moves:0/236
Remaining: 0
#NNI moves:1/236
#NNI moves:1/236
((((((((((((T109,(T11,T6)),T130),((T142,T166),(T184,T92))),((((T188,T12),(T73,T101)),T10),T126)),((((((T75,T76),(T111,T104)),T175),(((T122,T4),T172),(T47,T123))),((T192,T180),T9)),(T150,T181))),((((((T24,T138),T99),((T58,T162),((T66,T194),(T59,T71)))),(T103,T61)),((((T26,(T13,(T90,T183))),((T158,T114),(T54,T173))),T125),T41)),(((((T36,(T86,(T65,T148))),(T189,T62)),T15),T60),T177))),((((((((T193,T83),T79),T57),T95),(T132,(((((T118,T131),T37),T198),T108),T151))),((T170,T119),T81)),(T14,(T55,T16))),T22)),(((((((((((T168,T20),T68),(T134,T178)),(T164,T139)),T197),T153),T156),((T160,T174),T98)),(T33,(T53,(T27,T106)))),T190),((T141,T32),T63))),T0),((((((((((T70,T44),T128),(T113,T51)),(T48,T64)),((T154,(T195,T18)),((T8,T45),T3))),((T159,T110),(T23,T88))),((((T129,T38),T185),T169),(((T80,T146),T112),(T163,T84)))),(((T179,T140),(T52,T165)),(T5,T121))),((((T127,T143),(((((T133,(T144,T145)),(T147,T50)),((((T35,T199),(T105,T187)),T94),T120)),(T40,T176)),((T186,T149),T74))),(((T96,T157),(T34,T77)),(T91,(((T39,(T72,T1)),T182),T107)))),T29)),(((((((((T191,((T136,T85),T31)),T152),(T167,T161)),T200),T155),((T2,T42),((T17,T196),T25))),(((((T124,T115),T30),T69),T89),T117)),(T135,(T21,(T43,T100)))),(((((T93,((T82,T102),T97)),((T46,((T87,T19),T7)),(T67,T171))),(T137,T116)),T78),T28)))),T49),T56);
Current score: 7.37007e+10
Current tree: ((((((((((((T109,(T11,T6)),T130),((T142,T166),(T184,T92))),((((T188,T12),(T73,T101)),T10),T126)),((((((T75,T76),(T111,T104)),T175),(((T122,T4),T172),(T47,T123))),((T192,T180),T9)),(T150,T181))),((((((T24,T138),T99),((T58,T162),((T66,T194),(T59,T71)))),(T103,T61)),((((T26,(T13,(T90,T183))),((T158,T114),(T54,T173))),T125),T41)),(((((T36,(T86,(T65,T148))),(T189,T62)),T15),T60),T177))),((((((((T193,T83),T79),T57),T95),(T132,(((((T118,T131),T37),T198),T108),T151))),((T170,T119),T81)),(T14,(T55,T16))),T22)),(((((((((((T168,T20),T68),(T134,T178)),(T164,T139)),T197),T153),T156),((T160,T174),T98)),(T33,(T53,(T27,T106)))),T190),((T141,T32),T63))),T0),((((((((((T70,T44),T128),(T113,T51)),(T48,T64)),((T154,(T195,T18)),((T8,T45),T3))),((T159,T110),(T23,T88))),((((T129,T38),T185),T169),(((T80,T146),T112),(T163,T84)))),(((T179,T140),(T52,T165)),(T5,T121))),((((T127,T143),(((((T133,(T144,T145)),(T147,T50)),((((T35,T199),(T105,T187)),T94),T120)),(T40,T176)),((T186,T149),T74))),(((T96,T157),(T34,T77)),(T91,(((T39,(T72,T1)),T182),T107)))),T29)),(((((((((T191,((T136,T85),T31)),T152),(T167,T161)),T200),T155),((T2,T42),((T17,T196),T25))),(((((T124,T115),T30),T69),T89),T117)),(T135,(T21,(T43,T100)))),(((((T93,((T82,T102),T97)),((T46,((T87,T19),T7)),(T67,T171))),(T137,T116)),T78),T28)))),T56),T49);
Use two-step algorithm!
#NNI moves:1/236
Remaining: 1
#NNI moves:4/236
#NNI moves:4/236
(((((((((((((((((((T96,T157),(T77,T34)),((((T39,(T1,T72)),T182),T107),T91)),(((((((T144,T145),T133),(T147,T50)),((((T187,T105),(T199,T35)),T94),T120)),(T40,T176)),((T186,T149),T74)),(T127,T143))),T29),(((((((T45,T8),T3),((T195,T18),T154)),((T64,T48),(((T44,T70),T128),(T113,T51)))),((T23,T88),(T110,T159))),((((T146,T80),T112),(T84,T163)),(((T129,T38),T185),T169))),(((T165,T52),(T140,T179)),(T121,T5)))),((((((((T167,T161),((((T136,T85),T31),T191),T152)),T200),T155),(((T196,T17),T25),(T42,T2))),((((T30,(T115,T124)),T69),T89),T117)),(((T43,T100),T21),T135)),((((((((T19,T87),T7),T46),(T171,T67)),(((T102,T82),T97),T93)),(T116,T137)),T78),T28))),(T56,T49)),T0),(((T141,T32),T63),(((((T106,T27),T53),T33),((((((((T20,T168),T68),(T134,T178)),(T164,T139)),T197),T153),T156),((T160,T174),T98))),T190))),((((((T151,((T198,((T118,T131),T37)),T108)),T132),((((T193,T83),T79),T57),T95)),(T81,(T119,T170))),((T16,T55),T14)),T22)),((((((T62,T189),((T86,(T148,T65)),T36)),T15),T60),T177),((((((T66,T194),(T59,T71)),(T162,T58)),((T24,T138),T99)),(T103,T61)),(((((T13,(T183,T90)),T26),((T158,T114),(T54,T173))),T125),T41)))),(((T10,((T73,T101),(T188,T12))),T126),(((T142,T166),(T92,T184)),(T130,((T6,T11),T109))))),(T150,T181)),(T9,(T180,T192))),(((T75,T76),(T104,T111)),T175)),(T172,(T122,T4))),T47),T123);
#NNI moves:1/236
Remaining: 0
#NNI moves:6/236
#NNI moves:6/236
(((((((((((((((((((((((T114,T158),(T54,T173)),(T26,(T13,(T90,T183)))),T125),T41),((((T24,T138),T99),(((T71,T59),(T194,T66)),(T58,T162))),(T103,T61))),(T177,(T60,(((((T148,T65),T86),T36),(T62,T189)),T15)))),(((((T180,T192),T9),((((T75,T76),(T111,T104)),T175),(((T4,T122),T172),(T123,T47)))),(T181,T150)),(((T10,((T188,T12),(T73,T101))),T126),(((T166,T142),(T184,T92)),((T109,(T6,T11)),T130))))),((((((((T83,T193),T79),T57),T95),((((((T131,T118),T37),T198),T108),T151),T132)),(T81,(T119,T170))),(T14,(T55,T16))),T22)),(((T141,T32),T63),((((((((T139,T164),((T68,(T20,T168)),(T178,T134))),T197),T153),T156),(T98,(T160,T174))),(((T106,T27),T53),T33)),T190))),T0),(T56,T49)),(((((((((((T85,T136),T31),T191),T152),(T167,T161)),T200),T155),((T2,T42),((T17,T196),T25))),(((((T115,T124),T30),T69),T89),T117)),(((T43,T100),T21),T135)),((((T137,T116),(((((T19,T87),T7),T46),(T67,T171)),(((T82,T102),T97),T93))),T78),T28))),((((((T48,T64),(((T44,T70),T128),(T113,T51))),(((T8,T45),T3),((T195,T18),T154))),((T23,T88),(T110,T159))),(((T163,T84),(T112,(T80,T146))),(T169,((T129,T38),T185)))),(((T165,T52),(T179,T140)),(T121,T5)))),T29),(((((((T144,T145),T133),(T50,T147)),(T120,(((T199,T35),(T105,T187)),T94))),(T40,T176)),((T186,T149),T74)),(T143,T127))),((T157,T96),(T77,T34))),T91),T107),T182),T39),T72),T1);
#NNI moves:0/236
Remaining: 0
#NNI moves:0/236
#NNI moves:0/236
((((((((((((((((((((((((T70,T44),T128),(T51,T113)),(T48,T64)),(((T195,T18),T154),((T8,T45),T3))),((T88,T23),(T159,T110))),(((T163,T84),((T80,T146),T112)),((T185,(T129,T38)),T169))),((T5,T121),((T140,T179),(T165,T52)))),((((((((T133,(T144,T145)),(T50,T147)),((((T35,T199),(T187,T105)),T94),T120)),(T176,T40)),(T74,(T186,T149))),(T143,T127)),((((T182,(T39,(T72,T1))),T107),T91),((T77,T34),(T96,T157)))),T29)),(((((((T46,((T87,T19),T7)),(T67,T171)),((T97,(T82,T102)),T93)),(T137,T116)),T78),T28),((T135,(T21,(T43,T100))),((((((T152,(((T136,T85),T31),T191)),(T167,T161)),T200),T155),(((T196,T17),T25),(T42,T2))),((T89,(((T115,T124),T30),T69)),T117))))),(T49,T56)),T0),((((((((((T178,T134),((T20,T168),T68)),(T139,T164)),T197),T153),T156),(T98,(T174,T160))),(((T27,T106),T53),T33)),T190),(T63,(T32,T141)))),(((((T119,T170),T81),(((T151,(T108,(T198,((T118,T131),T37)))),T132),((T57,(T79,(T83,T193))),T95))),((T16,T55),T14)),T22)),((((((T188,T12),(T101,T73)),T10),T126),(((T142,T166),(T184,T92)),(((T11,T6),T109),T130))),(((T9,(T180,T192)),((((T104,T111),(T75,T76)),T175),((T123,T47),((T4,T122),T172)))),(T181,T150)))),((T60,(((T189,T62),(((T148,T65),T86),T36)),T15)),T177)),((((T24,T138),T99),(((T194,T66),(T71,T59)),(T162,T58))),(T61,T103))),T41),T125),((T114,T158),(T173,T54))),T26),T13),T90),T183);
#NNI moves:0/236
Remaining: 0
#NNI moves:0/236
#NNI moves:0/236
((((((((((((((((((((((T114,T158),(T173,T54)),((T13,(T183,T90)),T26)),T125),T41),(((((T71,T59),(T66,T194)),(T162,T58)),(T99,(T138,T24))),(T61,T103))),((T60,(T15,((T189,T62),(T36,((T148,T65),T86))))),T177)),((((((T101,T73),(T12,T188)),T10),T126),(((T142,T166),(T92,T184)),(((T6,T11),T109),T130))),((T150,T181),(((T192,T180),T9),((((T75,T76),(T111,T104)),T175),(((T4,T122),T172),(T47,T123))))))),(((((((((T37,(T118,T131)),T198),T108),T151),T132),((((T83,T193),T79),T57),T95)),((T119,T170),T81)),((T16,T55),T14)),T22)),((((T33,((T27,T106),T53)),((T156,((((((T20,T168),T68),(T178,T134)),(T164,T139)),T197),T153)),((T174,T160),T98))),T190),((T141,T32),T63))),T0),(T49,T56)),(((((((((((T85,T136),T31),T191),T152),(T167,T161)),T200),T155),((T42,T2),((T196,T17),T25))),(((T69,((T115,T124),T30)),T89),T117)),(((T43,T100),T21),T135)),((((((T46,((T19,T87),T7)),(T67,T171)),(((T82,T102),T97),T93)),(T137,T116)),T78),T28))),(((((((((T145,T144),T133),(T147,T50)),((((T187,T105),(T35,T199)),T94),T120)),(T40,T176)),((T186,T149),T74)),(T127,T143)),(((T107,((T39,(T1,T72)),T182)),T91),((T34,T77),(T157,T96)))),T29)),(((T140,T179),(T165,T52)),(T121,T5))),((((T129,T38),T185),T169),((T112,(T80,T146)),(T163,T84)))),((T88,T23),(T159,T110))),(((T51,T113),((T70,T44),T128)),(T64,T48))),((T45,T8),T3)),T154),T195),T18);
Current score: 7.37007e+10
Current tree: ((T56,((((((((((((T114,T158),(T173,T54)),((T13,(T183,T90)),T26)),T125),T41),(((((T71,T59),(T66,T194)),(T162,T58)),(T99,(T138,T24))),(T61,T103))),((T60,(T15,((T189,T62),(T36,((T148,T65),T86))))),T177)),((((((T101,T73),(T12,T188)),T10),T126),(((T142,T166),(T92,T184)),(((T6,T11),T109),T130))),((T150,T181),(((T192,T180),T9),((((T75,T76),(T111,T104)),T175),(((T4,T122),T172),(T47,T123))))))),(((((((((T37,(T118,T131)),T198),T108),T151),T132),((((T83,T193),T79),T57),T95)),((T119,T170),T81)),((T16,T55),T14)),T22)),((((T33,((T27,T106),T53)),((T156,((((((T20,T168),T68),(T178,T134)),(T164,T139)),T197),T153)),((T174,T160),T98))),T190),((T141,T32),T63))),T0),((((((((((((T85,T136),T31),T191),T152),(T167,T161)),T200),T155),((T42,T2),((T196,T17),T25))),(((T69,((T115,T124),T30)),T89),T117)),(((T43,T100),T21),T135)),((((((T46,((T19,T87),T7)),(T67,T171)),(((T82,T102),T97),T93)),(T137,T116)),T78),T28)),((((((((((T145,T144),T133),(T147,T50)),((((T187,T105),(T35,T199)),T94),T120)),(T40,T176)),((T186,T149),T74)),(T127,T143)),(((T107,((T39,(T1,T72)),T182)),T91),((T34,T77),(T157,T96)))),T29),((((T140,T179),(T165,T52)),(T121,T5)),(((((T129,T38),T185),T169),((T112,(T80,T146)),(T163,T84))),(((T88,T23),(T159,T110)),((((T51,T113),((T70,T44),T128)),(T64,T48)),(((T45,T8),T3),(T154,(T195,T18))))))))))),T49);
Use two-step algorithm!
#NNI moves:0/236
Remaining: 0
#NNI moves:0/236
#NNI moves:0/236
((((((((((((((((((T51,T113),((T44,T70),T128)),(T48,T64)),(((T45,T8),T3),((T18,T195),T154))),((T110,T159),(T88,T23))),(((T185,(T38,T129)),T169),(((T80,T146),T112),(T163,T84)))),((T5,T121),((T52,T165),(T140,T179)))),(((((T77,T34),(T157,T96)),(((T182,((T1,T72),T39)),T107),T91)),((((((((T105,T187),(T199,T35)),T94),T120),((T50,T147),((T145,T144),T133))),(T40,T176)),(T74,(T186,T149))),(T143,T127))),T29)),(((((((((((T136,T85),T31),T191),T152),(T167,T161)),T200),T155),((T2,T42),(T25,(T17,T196)))),(((((T124,T115),T30),T69),T89),T117)),(T135,((T43,T100),T21))),((((((T67,T171),(((T19,T87),T7),T46)),(((T102,T82),T97),T93)),(T137,T116)),T78),T28))),(T56,T49)),T0),(((((((T197,(((T134,T178),((T20,T168),T68)),(T139,T164))),T153),T156),(T98,(T174,T160))),((T53,(T106,T27)),T33)),T190),((T32,T141),T63))),((((((((((T118,T131),T37),T198),T108),T151),T132),((T57,((T193,T83),T79)),T95)),((T170,T119),T81)),((T16,T55),T14)),T22)),((((T10,((T101,T73),(T12,T188))),T126),((((T6,T11),T109),T130),((T142,T166),(T92,T184)))),((((((T104,T111),(T75,T76)),T175),((T47,T123),((T4,T122),T172))),((T192,T180),T9)),(T150,T181)))),(((((((T65,T148),T86),T36),(T189,T62)),T15),T60),T177)),((((T162,T58),((T66,T194),(T71,T59))),(T99,(T138,T24))),(T61,T103))),((((T158,T114),(T54,T173)),(T26,(T13,(T183,T90)))),T125)),T41);
#NNI moves:0/236
Remaining: 0
#NNI moves:0/236
#NNI moves:0/236
(((((((((((((((((((((T6,T11),T109),T130),((T184,T92),(T142,T166))),((T10,((T188,T12),(T101,T73))),T126)),((((((T122,T4),T172),(T123,T47)),(T175,((T76,T75),(T111,T104)))),((T180,T192),T9)),(T181,T150))),((((((((T148,T65),T86),T36),(T189,T62)),T15),T60),T177),((T41,(((((T90,T183),T13),T26),((T173,T54),(T158,T114))),T125)),(((((T66,T194),(T59,T71)),(T58,T162)),((T24,T138),T99)),(T61,T103))))),(((((((T108,(((T131,T118),T37),T198)),T151),T132),((((T193,T83),T79),T57),T95)),((T119,T170),T81)),((T55,T16),T14)),T22)),((((((((((T178,T134),(T68,(T168,T20))),(T139,T164)),T197),T153),T156),((T160,T174),T98)),(((T27,T106),T53),T33)),T190),((T141,T32),T63))),T0),(T49,T56)),((((((T25,(T196,T17)),(T42,T2)),((((((T31,(T85,T136)),T191),T152),(T161,T167)),T200),T155)),(((((T115,T124),T30),T69),T89),T117)),(T135,(T21,(T43,T100)))),((((((((T19,T87),T7),T46),(T171,T67)),((T97,(T82,T102)),T93)),(T137,T116)),T78),T28))),(((((T157,T96),(T34,T77)),(((((T72,T1),T39),T182),T107),T91)),((((((((T105,T187),(T35,T199)),T94),T120),(((T145,T144),T133),(T50,T147))),(T40,T176)),((T186,T149),T74)),(T143,T127))),T29)),(((T179,T140),(T52,T165)),(T121,T5))),(((T112,(T80,T146)),(T84,T163)),((T185,(T129,T38)),T169))),((T88,T23),(T110,T159))),((((T44,T70),T128),(T51,T113)),(T64,T48))),((T45,T8),T3)),T154),T195),T18);
#NNI moves:0/236
Remaining: 0
#NNI moves:0/236
#NNI moves:0/236
((((((((((((((T4,T122),T172),(T47,T123)),(T175,((T111,T104),(T75,T76)))),((T192,T180),T9)),(T181,T150)),(((((T12,T188),(T101,T73)),T10),T126),((((T6,T11),T109),T130),((T92,T184),(T142,T166))))),((((((T36,((T65,T148),T86)),(T189,T62)),T15),T60),T177),(((((T58,T162),((T66,T194),(T71,T59))),((T138,T24),T99)),(T103,T61)),(((((T173,T54),(T114,T158)),(((T183,T90),T13),T26)),T125),T41)))),((((((((((T118,T131),T37),T198),T108),T151),T132),(T95,((T79,(T83,T193)),T57))),((T119,T170),T81)),((T55,T16),T14)),T22)),(((((((((((T168,T20),T68),(T178,T134)),(T139,T164)),T197),T153),T156),((T174,T160),T98)),((T53,(T106,T27)),T33)),T190),((T32,T141),T63))),T0),((((((((((T87,T19),T7),T46),(T67,T171)),(((T102,T82),T97),T93)),(T137,T116)),T78),T28),(((((T2,T42),((T17,T196),T25)),(((((((T85,T136),T31),T191),T152),(T167,T161)),T200),T155)),(T117,(((T30,(T115,T124)),T69),T89))),(((T43,T100),T21),T135))),(((((((((((T35,T199),(T187,T105)),T94),T120),(((T145,T144),T133),(T147,T50))),(T176,T40)),(T74,(T186,T149))),(T143,T127)),(((T157,T96),(T34,T77)),(((((T1,T72),T39),T182),T107),T91))),T29),(((((T112,(T80,T146)),(T84,T163)),(((T129,T38),T185),T169)),(((((T18,T195),T154),((T45,T8),T3)),((((T44,T70),T128),(T113,T51)),(T48,T64))),((T88,T23),(T110,T159)))),(((T52,T165),(T179,T140)),(T5,T121)))))),T56),T49);
#NNI moves:1/236
Remaining: 0
#NNI moves:5/236
#NNI moves:6/236
((((((((((((((((((((T178,T134),(T68,(T168,T20))),(T139,T164)),T197),T153),T156),((T174,T160),T98)),(T33,((T27,T106),T53))),T190),((T32,T141),T63)),((((((((((T154,(T195,T18)),((T45,T8),T3)),((T48,T64),((T128,(T70,T44)),(T113,T51)))),((T23,T88),(T110,T159))),(((T112,(T80,T146)),(T84,T163)),(((T38,T129),T185),T169))),(((T165,T52),(T179,T140)),(T121,T5))),((((((((((T35,T199),(T105,T187)),T94),T120),(((T145,T144),T133),(T147,T50))),(T40,T176)),(T74,(T186,T149))),(T127,T143)),((((((T1,T72),T39),T182),T107),T91),((T96,T157),(T77,T34)))),T29)),(((((((T196,T17),T25),(T2,T42)),(((((T191,((T85,T136),T31)),T152),(T161,T167)),T200),T155)),(((((T124,T115),T30),T69),T89),T117)),((T21,(T43,T100)),T135)),((((((((T87,T19),T7),T46),(T171,T67)),(((T102,T82),T97),T93)),(T116,T137)),T78),T28))),(T56,T49)),T0)),(((((T95,(((T193,T83),T79),T57)),(((T108,(T198,(T37,(T118,T131)))),T151),T132)),((T170,T119),T81)),((T16,T55),T14)),T22)),((((((T189,T62),(T36,(T86,(T65,T148)))),T15),T60),T177),((((((T54,T173),(T114,T158)),(T26,(T13,(T183,T90)))),T125),T41),((((T24,T138),T99),(((T71,T59),(T194,T66)),(T58,T162))),(T61,T103))))),(((((T123,T47),((T4,T122),T172)),(((T76,T75),(T104,T111)),T175)),((T180,T192),T9)),(T150,T181))),((T130,((T11,T6),T109)),((T92,T184),(T142,T166)))),T126),T10),(T188,T12)),T73),T101);
Current score: 7.37007e+10
Current tree: ((T56,(((((((((T154,(T195,T18)),((T45,T8),T3)),((T48,T64),((T128,(T70,T44)),(T113,T51)))),((T23,T88),(T110,T159))),(((T112,(T80,T146)),(T84,T163)),(((T38,T129),T185),T169))),(((T165,T52),(T179,T140)),(T121,T5))),((((((((((T35,T199),(T105,T187)),T94),T120),(((T145,T144),T133),(T147,T50))),(T40,T176)),(T74,(T186,T149))),(T127,T143)),((((((T1,T72),T39),T182),T107),T91),((T96,T157),(T77,T34)))),T29)),(((((((T196,T17),T25),(T2,T42)),(((((T191,((T85,T136),T31)),T152),(T161,T167)),T200),T155)),(((((T124,T115),T30),T69),T89),T117)),((T21,(T43,T100)),T135)),((((((((T87,T19),T7),T46),(T171,T67)),(((T102,T82),T97),T93)),(T116,T137)),T78),T28))),(T0,(((((((((((T178,T134),(T68,(T168,T20))),(T139,T164)),T197),T153),T156),((T174,T160),T98)),(T33,((T27,T106),T53))),T190),((T32,T141),T63)),((((((T95,(((T193,T83),T79),T57)),(((T108,(T198,(T37,(T118,T131)))),T151),T132)),((T170,T119),T81)),((T16,T55),T14)),T22),(((((((T189,T62),(T36,(T86,(T65,T148)))),T15),T60),T177),((((((T54,T173),(T114,T158)),(T26,(T13,(T183,T90)))),T125),T41),((((T24,T138),T99),(((T71,T59),(T194,T66)),(T58,T162))),(T61,T103)))),((((((T123,T47),((T4,T122),T172)),(((T76,T75),(T104,T111)),T175)),((T180,T192),T9)),(T150,T181)),(((T130,((T11,T6),T109)),((T92,T184),(T142,T166))),(T126,(T10,((T188,T12),(T73,T101)))))))))))),T49);
Final Tree: ((T56,(((((((((T154,(T195,T18)),((T45,T8),T3)),((T48,T64),((T128,(T70,T44)),(T113,T51)))),((T23,T88),(T110,T159))),(((T112,(T80,T146)),(T84,T163)),(((T38,T129),T185),T169))),(((T165,T52),(T179,T140)),(T121,T5))),((((((((((T35,T199),(T105,T187)),T94),T120),(((T145,T144),T133),(T147,T50))),(T40,T176)),(T74,(T186,T149))),(T127,T143)),((((((T1,T72),T39),T182),T107),T91),((T96,T157),(T77,T34)))),T29)),(((((((T196,T17),T25),(T2,T42)),(((((T191,((T85,T136),T31)),T152),(T161,T167)),T200),T155)),(((((T124,T115),T30),T69),T89),T117)),((T21,(T43,T100)),T135)),((((((((T87,T19),T7),T46),(T171,T67)),(((T102,T82),T97),T93)),(T116,T137)),T78),T28))),(T0,(((((((((((T178,T134),(T68,(T168,T20))),(T139,T164)),T197),T153),T156),((T174,T160),T98)),(T33,((T27,T106),T53))),T190),((T32,T141),T63)),((((((T95,(((T193,T83),T79),T57)),(((T108,(T198,(T37,(T118,T131)))),T151),T132)),((T170,T119),T81)),((T16,T55),T14)),T22),(((((((T189,T62),(T36,(T86,(T65,T148)))),T15),T60),T177),((((((T54,T173),(T114,T158)),(T26,(T13,(T183,T90)))),T125),T41),((((T24,T138),T99),(((T71,T59),(T194,T66)),(T58,T162))),(T61,T103)))),((((((T123,T47),((T4,T122),T172)),(((T76,T75),(T104,T111)),T175)),((T180,T192),T9)),(T150,T181)),(((T130,((T11,T6),T109)),((T92,T184),(T142,T166))),(T126,(T10,((T188,T12),(T73,T101)))))))))))),T49);
Score: 7.370070986e+10

real	1m22.584s
user	28m43.878s
sys	0m17.754s
