
RAxML-NG v. 1.1.0-master released on 04.08.2022 by The Exelixis Lab.
Developed by: Alexey M. Kozlov and Alexandros Stamatakis.
Contributors: Diego Darriba, Tomas Flouri, Benoit Morel, Sarah Lutteropp, Ben Bettisworth.
Latest version: https://github.com/amkozlov/raxml-ng
Questions/problems/suggestions? Please visit: https://groups.google.com/forum/#!forum/raxml

System: AMD EPYC 7742 64-Core Processor, 128 cores, 251 GB RAM

RAxML-NG was called at 26-Dec-2022 16:51:18 as follows:

/home/chaos/programs/raxml-ng/raxml-ng/bin/raxml-ng --msa data/alignment/26_1X_S201_0_haploid --tree pars{1} --model GTR+G --threads 64

Analysis options:
  run mode: ML tree search
  start tree(s): parsimony (1)
  random seed: 1672102278
  tip-inner: OFF
  pattern compression: ON
  per-rate scalers: OFF
  site repeats: ON
  fast spr radius: AUTO
  spr subtree cutoff: 1.000000
  branch lengths: proportional (ML estimate, algorithm: NR-FAST)
  SIMD kernels: AVX2
  parallelization: coarse-grained (auto), PTHREADS (64 threads), thread pinning: OFF

[00:00:00] Reading alignment from file: data/alignment/26_1X_S201_0_haploid
[00:00:02] Loaded alignment with 201 taxa and 5000000 sites

Alignment comprises 1 partitions and 3890378 patterns

Partition 0: noname
Model: GTR+FO+G4m
Alignment sites / patterns: 5000000 / 3890378
Gaps: 0.00 %
Invariant sites: 5.96 %


NOTE: Binary MSA file created: data/alignment/26_1X_S201_0_haploid.raxml.rba

Parallelization scheme autoconfig: 1 worker(s) x 64 thread(s)

Parallel reduction/worker buffer size: 1 KB  / 0 KB

[00:00:22] Generating 1 parsimony starting tree(s) with 201 taxa
[00:00:48] Data distribution: max. partitions/sites/weight per thread: 1 / 60788 / 972608
[00:00:48] Data distribution: max. searches per worker: 1

Starting ML tree search with 1 distinct starting trees

[00:00:50 -156365451.869807] Initial branch length optimization
[00:02:55 -141904550.267703] Model parameter optimization (eps = 10.000000)
[00:08:11 -139549561.856180] AUTODETECT spr round 1 (radius: 5)
[00:15:02 -139538918.413298] AUTODETECT spr round 2 (radius: 10)
[00:39:02 -139538918.413179] SPR radius for FAST iterations: 5 (autodetect)
[00:39:02 -139538918.413179] Model parameter optimization (eps = 3.000000)
[00:39:24 -139538915.946938] FAST spr round 1 (radius: 5)
[00:49:46 -139537789.368873] FAST spr round 2 (radius: 5)
[01:00:42 -139536874.750469] FAST spr round 3 (radius: 5)
[01:11:59 -139536874.750468] Model parameter optimization (eps = 1.000000)
[01:12:18 -139536874.477104] SLOW spr round 1 (radius: 5)
[01:48:46 -139536874.476690] SLOW spr round 2 (radius: 10)
[02:24:11 -139536874.476679] SLOW spr round 3 (radius: 15)
[03:36:36 -139536874.476679] SLOW spr round 4 (radius: 20)
[04:18:58 -139536874.476679] SLOW spr round 5 (radius: 25)
[04:29:07 -139536874.476679] Model parameter optimization (eps = 0.100000)

[04:29:44] ML tree search #1, logLikelihood: -139536874.331457


Optimized model parameters:

   Partition 0: noname
   Rate heterogeneity: GAMMA (4 cats, mean),  alpha: 3.078066 (ML),  weights&rates: (0.250000,0.395212) (0.250000,0.735761) (0.250000,1.082875) (0.250000,1.786151) 
   Base frequencies (ML): 0.287617 0.278887 0.230313 0.203183 
   Substitution rates (ML): 0.946799 1.769577 1.050940 1.092787 2.630251 1.000000 


Final LogLikelihood: -139536874.331457

AIC score: 279074564.662914 / AICc score: 279074564.729669 / BIC score: 279080042.041890
Free parameters (model + branch lengths): 408

Best ML tree saved to: /expanse/lustre/projects/uot138/chaos/ASTERISK-sim/data/alignment/26_1X_S201_0_haploid.raxml.bestTree
Optimized model saved to: /expanse/lustre/projects/uot138/chaos/ASTERISK-sim/data/alignment/26_1X_S201_0_haploid.raxml.bestModel

Execution log saved to: /expanse/lustre/projects/uot138/chaos/ASTERISK-sim/data/alignment/26_1X_S201_0_haploid.raxml.log

Analysis started: 26-Dec-2022 16:51:18 / finished: 26-Dec-2022 21:21:03

Elapsed time: 16185.752 seconds

Consumed energy: 1779.532 Wh (= 9 km in an electric car, or 44 km with an e-scooter!)

