
RAxML-NG v. 1.1.0-master released on 04.08.2022 by The Exelixis Lab.
Developed by: Alexey M. Kozlov and Alexandros Stamatakis.
Contributors: Diego Darriba, Tomas Flouri, Benoit Morel, Sarah Lutteropp, Ben Bettisworth.
Latest version: https://github.com/amkozlov/raxml-ng
Questions/problems/suggestions? Please visit: https://groups.google.com/forum/#!forum/raxml

System: AMD EPYC 7742 64-Core Processor, 128 cores, 251 GB RAM

RAxML-NG was called at 26-Dec-2022 16:51:18 as follows:

/home/chaos/programs/raxml-ng/raxml-ng/bin/raxml-ng --msa data/alignment/27_1X_S201_0_haploid --tree pars{1} --model GTR+G --threads 64

Analysis options:
  run mode: ML tree search
  start tree(s): parsimony (1)
  random seed: 1672102278
  tip-inner: OFF
  pattern compression: ON
  per-rate scalers: OFF
  site repeats: ON
  fast spr radius: AUTO
  spr subtree cutoff: 1.000000
  branch lengths: proportional (ML estimate, algorithm: NR-FAST)
  SIMD kernels: AVX2
  parallelization: coarse-grained (auto), PTHREADS (64 threads), thread pinning: OFF

[00:00:00] Reading alignment from file: data/alignment/27_1X_S201_0_haploid
[00:00:02] Loaded alignment with 201 taxa and 5000000 sites

Alignment comprises 1 partitions and 1863900 patterns

Partition 0: noname
Model: GTR+FO+G4m
Alignment sites / patterns: 5000000 / 1863900
Gaps: 0.00 %
Invariant sites: 49.14 %


NOTE: Binary MSA file created: data/alignment/27_1X_S201_0_haploid.raxml.rba

Parallelization scheme autoconfig: 1 worker(s) x 64 thread(s)

Parallel reduction/worker buffer size: 1 KB  / 0 KB

[00:00:21] Generating 1 parsimony starting tree(s) with 201 taxa
[00:00:36] Data distribution: max. partitions/sites/weight per thread: 1 / 29124 / 465984
[00:00:36] Data distribution: max. searches per worker: 1

Starting ML tree search with 1 distinct starting trees

[00:00:37 -139557191.293788] Initial branch length optimization
[00:01:00 -120731078.764124] Model parameter optimization (eps = 10.000000)
[00:04:12 -114136679.387300] AUTODETECT spr round 1 (radius: 5)
[00:07:12 -114037059.634431] AUTODETECT spr round 2 (radius: 10)
[00:16:20 -114037059.596842] SPR radius for FAST iterations: 5 (autodetect)
[00:16:20 -114037059.596842] Model parameter optimization (eps = 3.000000)
[00:16:31 -114037057.466114] FAST spr round 1 (radius: 5)
[00:21:37 -114036304.194854] FAST spr round 2 (radius: 5)
[00:26:55 -114035691.872347] FAST spr round 3 (radius: 5)
[00:31:52 -114035329.878715] FAST spr round 4 (radius: 5)
[00:36:45 -114035129.299258] FAST spr round 5 (radius: 5)
[00:41:17 -114034965.944632] FAST spr round 6 (radius: 5)
[00:46:06 -114034804.326163] FAST spr round 7 (radius: 5)
[00:51:04 -114034804.323478] Model parameter optimization (eps = 1.000000)
[00:51:13 -114034804.047027] SLOW spr round 1 (radius: 5)
[01:04:59 -114034454.897520] SLOW spr round 2 (radius: 5)
[01:17:49 -114034454.897520] SLOW spr round 3 (radius: 10)
[01:34:34 -114034454.897520] SLOW spr round 4 (radius: 15)
[02:03:24 -114034454.897520] SLOW spr round 5 (radius: 20)
[02:27:39 -114034454.897520] SLOW spr round 6 (radius: 25)
[02:38:11 -114034454.897520] Model parameter optimization (eps = 0.100000)

[02:38:48] ML tree search #1, logLikelihood: -114034454.289381


Optimized model parameters:

   Partition 0: noname
   Rate heterogeneity: GAMMA (4 cats, mean),  alpha: 0.332410 (ML),  weights&rates: (0.250000,0.008289) (0.250000,0.129831) (0.250000,0.646425) (0.250000,3.215455) 
   Base frequencies (ML): 0.253655 0.217030 0.215045 0.314269 
   Substitution rates (ML): 0.889830 2.675905 0.618453 1.144306 3.472401 1.000000 


Final LogLikelihood: -114034454.289381

AIC score: 228069724.578762 / AICc score: 228069724.645517 / BIC score: 228075201.957738
Free parameters (model + branch lengths): 408

Best ML tree saved to: /expanse/lustre/projects/uot138/chaos/ASTERISK-sim/data/alignment/27_1X_S201_0_haploid.raxml.bestTree
Optimized model saved to: /expanse/lustre/projects/uot138/chaos/ASTERISK-sim/data/alignment/27_1X_S201_0_haploid.raxml.bestModel

Execution log saved to: /expanse/lustre/projects/uot138/chaos/ASTERISK-sim/data/alignment/27_1X_S201_0_haploid.raxml.log

Analysis started: 26-Dec-2022 16:51:18 / finished: 26-Dec-2022 19:30:07

Elapsed time: 9529.294 seconds

Consumed energy: 1111.219 Wh (= 6 km in an electric car, or 28 km with an e-scooter!)

