
RAxML-NG v. 1.1.0-master released on 04.08.2022 by The Exelixis Lab.
Developed by: Alexey M. Kozlov and Alexandros Stamatakis.
Contributors: Diego Darriba, Tomas Flouri, Benoit Morel, Sarah Lutteropp, Ben Bettisworth.
Latest version: https://github.com/amkozlov/raxml-ng
Questions/problems/suggestions? Please visit: https://groups.google.com/forum/#!forum/raxml

System: AMD EPYC 7742 64-Core Processor, 128 cores, 251 GB RAM

RAxML-NG was called at 26-Dec-2022 16:51:18 as follows:

/home/chaos/programs/raxml-ng/raxml-ng/bin/raxml-ng --msa data/alignment/28_1X_S201_0_haploid --tree pars{1} --model GTR+G --threads 64

Analysis options:
  run mode: ML tree search
  start tree(s): parsimony (1)
  random seed: 1672102278
  tip-inner: OFF
  pattern compression: ON
  per-rate scalers: OFF
  site repeats: ON
  fast spr radius: AUTO
  spr subtree cutoff: 1.000000
  branch lengths: proportional (ML estimate, algorithm: NR-FAST)
  SIMD kernels: AVX2
  parallelization: coarse-grained (auto), PTHREADS (64 threads), thread pinning: OFF

[00:00:00] Reading alignment from file: data/alignment/28_1X_S201_0_haploid
[00:00:03] Loaded alignment with 201 taxa and 5000000 sites

Alignment comprises 1 partitions and 3875652 patterns

Partition 0: noname
Model: GTR+FO+G4m
Alignment sites / patterns: 5000000 / 3875652
Gaps: 0.00 %
Invariant sites: 5.48 %


NOTE: Binary MSA file created: data/alignment/28_1X_S201_0_haploid.raxml.rba

Parallelization scheme autoconfig: 1 worker(s) x 64 thread(s)

Parallel reduction/worker buffer size: 1 KB  / 0 KB

[00:00:23] Generating 1 parsimony starting tree(s) with 201 taxa
[00:00:50] Data distribution: max. partitions/sites/weight per thread: 1 / 60558 / 968928
[00:00:50] Data distribution: max. searches per worker: 1

Starting ML tree search with 1 distinct starting trees

[00:00:52 -159047274.408755] Initial branch length optimization
[00:03:11 -144537062.132248] Model parameter optimization (eps = 10.000000)
[00:08:31 -140051603.019250] AUTODETECT spr round 1 (radius: 5)
[00:15:33 -140035587.480563] AUTODETECT spr round 2 (radius: 10)
[00:37:56 -140035587.480553] SPR radius for FAST iterations: 5 (autodetect)
[00:37:56 -140035587.480553] Model parameter optimization (eps = 3.000000)
[00:38:17 -140035585.275617] FAST spr round 1 (radius: 5)
[00:48:16 -140032375.739474] FAST spr round 2 (radius: 5)
[00:58:53 -140032050.142005] FAST spr round 3 (radius: 5)
[01:10:19 -140031883.281723] FAST spr round 4 (radius: 5)
[01:22:23 -140031883.281723] Model parameter optimization (eps = 1.000000)
[01:22:42 -140031882.449887] SLOW spr round 1 (radius: 5)
[01:59:30 -140031882.449883] SLOW spr round 2 (radius: 10)
[02:34:03 -140031882.449883] SLOW spr round 3 (radius: 15)
[03:42:33 -140031882.449883] SLOW spr round 4 (radius: 20)
[04:37:50 -140031882.449883] SLOW spr round 5 (radius: 25)
[04:55:55 -140031882.449883] Model parameter optimization (eps = 0.100000)

[04:56:28] ML tree search #1, logLikelihood: -140031882.235101


Optimized model parameters:

   Partition 0: noname
   Rate heterogeneity: GAMMA (4 cats, mean),  alpha: 3.012274 (ML),  weights&rates: (0.250000,0.390209) (0.250000,0.732205) (0.250000,1.082576) (0.250000,1.795009) 
   Base frequencies (ML): 0.248577 0.264487 0.196678 0.290258 
   Substitution rates (ML): 2.973408 8.975645 3.380284 2.255185 5.457171 1.000000 


Final LogLikelihood: -140031882.235101

AIC score: 280064580.470201 / AICc score: 280064580.536956 / BIC score: 280070057.849177
Free parameters (model + branch lengths): 408

Best ML tree saved to: /expanse/lustre/projects/uot138/chaos/ASTERISK-sim/data/alignment/28_1X_S201_0_haploid.raxml.bestTree
Optimized model saved to: /expanse/lustre/projects/uot138/chaos/ASTERISK-sim/data/alignment/28_1X_S201_0_haploid.raxml.bestModel

Execution log saved to: /expanse/lustre/projects/uot138/chaos/ASTERISK-sim/data/alignment/28_1X_S201_0_haploid.raxml.log

Analysis started: 26-Dec-2022 16:51:18 / finished: 26-Dec-2022 21:47:47

Elapsed time: 17789.532 seconds

Consumed energy: 2044.587 Wh (= 10 km in an electric car, or 51 km with an e-scooter!)

