Weighted ASTRAL - Hybrid
Version: v1.13.2.3
#Genetrees: 2000
#Species: 201
#Rounds: 4
#Samples: 4
#Threads: 32
Use two-step algorithm!
Guide Tree 0/27
#NNI moves:1/236
Guide Tree 1/27
#NNI moves:0/236
Guide Tree 2/27
#NNI moves:0/236
Guide Tree 3/27
#NNI moves:0/236
Guide Tree 4/27
#NNI moves:0/236
Guide Tree 5/27
#NNI moves:1/236
Guide Tree 6/27
#NNI moves:1/236
Guide Tree 7/27
#NNI moves:2/236
Guide Tree 8/27
#NNI moves:0/236
Guide Tree 9/27
#NNI moves:1/236
Guide Tree 10/27
#NNI moves:2/236
Guide Tree 11/27
#NNI moves:1/236
Guide Tree 12/27
#NNI moves:1/236
Guide Tree 13/27
#NNI moves:3/236
Guide Tree 14/27
#NNI moves:1/236
Guide Tree 15/27
#NNI moves:1/236
Guide Tree 16/27
#NNI moves:0/236
Guide Tree 17/27
#NNI moves:0/236
Guide Tree 18/27
#NNI moves:1/236
Guide Tree 19/27
#NNI moves:1/236
Guide Tree 20/27
#NNI moves:1/236
Guide Tree 21/27
#NNI moves:2/236
Guide Tree 22/27
#NNI moves:2/236
Guide Tree 23/27
#NNI moves:1/236
Guide Tree 24/27
#NNI moves:1/236
Guide Tree 25/27
#NNI moves:4/236
Guide Tree 26/27
#NNI moves:0/236
Remaining: 0
#NNI moves:1/236
#NNI moves:1/236
((((((((((((((((T60,T70),T42),((T175,T8),T47)),(T111,T120)),((T61,T127),(T72,T4))),((T188,(T163,T199)),T92)),((T200,T10),(T46,T141))),((((T7,T167),T154),((T28,T38),((T78,T112),T20))),((((T164,T62),T119),T82),((T138,T101),T51)))),(T132,T146)),((((((T142,T91),T117),((((T44,T69),T27),(T19,T41)),(T48,T157))),(((T105,T150),T153),T30)),(T174,T155)),((((T162,T100),T160),T171),(T17,(T178,T107))))),(((((T104,T193),(T118,T32)),(((T169,T57),T31),T130)),(T149,T137)),(((((T176,T184),((T1,T85),T76)),((T194,T134),((T74,T182),((T68,(T89,T67)),T13)))),(T177,T147)),((T97,T93),((((T6,T170),((T15,T37),T43)),(((T140,T94),T180),T40)),T53))))),(((((((T52,(T79,T131)),(T102,T133)),T59),(((T190,((((T197,T108),(T50,T99)),T124),T144)),(((((T148,T151),T183),T88),T109),T139)),((T135,T2),T198))),((((T136,T128),(T34,T192)),T81),T66)),((((((((T49,T21),(T126,T114)),T103),T25),(((T121,T185),T14),((T35,T181),T63))),((T23,T84),T110)),(((T3,(T73,T95)),T55),T116)),((T36,T159),(T24,T12)))),T0)),((((((((T158,T96),T29),T187),(((T143,T87),T18),(((T77,T179),(T125,T83)),T45))),T156),T186),(T168,(T172,T98))),((((T165,T195),T39),(T90,T196)),(T26,T123)))),(((((((T64,T191),T113),(T54,T129)),T33),(T152,T80)),(T86,((T22,T115),T11))),(((((T75,T189),(T58,T166)),((T65,T56),T122)),T106),(((T5,T16),T9),T71)))),(T145,T173)),T161);
Guide Tree 0/27
#NNI moves:1/236
Guide Tree 1/27
#NNI moves:0/236
Guide Tree 2/27
#NNI moves:0/236
Guide Tree 3/27
#NNI moves:3/236
Guide Tree 4/27
#NNI moves:1/236
Guide Tree 5/27
#NNI moves:1/236
Guide Tree 6/27
#NNI moves:3/236
Guide Tree 7/27
#NNI moves:0/236
Guide Tree 8/27
#NNI moves:3/236
Guide Tree 9/27
#NNI moves:0/236
Guide Tree 10/27
#NNI moves:0/236
Guide Tree 11/27
#NNI moves:0/236
Guide Tree 12/27
#NNI moves:1/236
Guide Tree 13/27
#NNI moves:0/236
Guide Tree 14/27
#NNI moves:0/236
Guide Tree 15/27
#NNI moves:1/236
Guide Tree 16/27
#NNI moves:1/236
Guide Tree 17/27
#NNI moves:1/236
Guide Tree 18/27
#NNI moves:0/236
Guide Tree 19/27
#NNI moves:3/236
Guide Tree 20/27
#NNI moves:3/236
Guide Tree 21/27
#NNI moves:1/236
Guide Tree 22/27
#NNI moves:1/236
Guide Tree 23/27
#NNI moves:3/236
Guide Tree 24/27
#NNI moves:0/236
Guide Tree 25/27
#NNI moves:0/236
Guide Tree 26/27
#NNI moves:3/236
Remaining: 0
#NNI moves:1/236
#NNI moves:1/236
((((((((((((((T111,T120),(((T70,T60),T42),(T47,(T8,T175)))),((T127,T61),(T72,T4))),(((T199,T163),T188),T92)),((T10,T200),(T141,T46))),(((((T62,T164),T119),T82),(T51,(T101,T138))),(((T167,T7),T154),((T38,T28),((T78,T112),T20))))),(T146,T132)),((((((T48,T157),((T27,(T69,T44)),(T19,T41))),((T142,T91),T117)),(T30,((T105,T150),T153))),(T174,T155)),((((T162,T100),T160),T171),(T17,(T178,T107))))),(((((((T170,T6),(T43,(T37,T15))),((T180,(T140,T94)),T40)),T53),(T97,T93)),(((((T1,T85),T76),(T184,T176)),(((T182,T74),(((T67,T89),T68),T13)),(T134,T194))),(T147,T177))),(((((T57,T169),T31),T130),((T193,T104),(T118,T32))),(T149,T137)))),((((((((T109,((T183,(T148,T151)),T88)),T139),(((((T108,T197),(T50,T99)),T124),T144),T190)),((T135,T2),T198)),(((T102,T133),(T52,(T131,T79))),T59)),((((T136,T128),(T34,T192)),T81),T66)),(((T12,T24),(T159,T36)),((((((T121,T185),T14),(T63,(T35,T181))),((((T49,T21),(T126,T114)),T103),T25)),((T84,T23),T110)),(((T3,(T95,T73)),T55),T116)))),T0)),(((T123,T26),((T90,T196),(T39,(T195,T165)))),(((((((T158,T96),T29),T187),(((T87,T143),T18),(((T179,T77),(T83,T125)),T45))),T156),T186),((T98,T172),T168)))),((((((T54,T129),(T113,(T191,T64))),T33),(T152,T80)),(T86,((T115,T22),T11))),((((T5,T16),T9),T71),((((T75,T189),(T58,T166)),((T56,T65),T122)),T106)))),(T145,T173)),T161);
Guide Tree 0/27
#NNI moves:1/236
Guide Tree 1/27
#NNI moves:0/236
Guide Tree 2/27
#NNI moves:0/236
Guide Tree 3/27
#NNI moves:0/236
Guide Tree 4/27
#NNI moves:3/236
Guide Tree 5/27
#NNI moves:0/236
Guide Tree 6/27
#NNI moves:3/236
Guide Tree 7/27
#NNI moves:3/236
Guide Tree 8/27
#NNI moves:1/236
Guide Tree 9/27
#NNI moves:0/236
Guide Tree 10/27
#NNI moves:0/236
Guide Tree 11/27
#NNI moves:0/236
Guide Tree 12/27
#NNI moves:1/236
Guide Tree 13/27
#NNI moves:3/236
Guide Tree 14/27
#NNI moves:0/236
Guide Tree 15/27
#NNI moves:3/236
Guide Tree 16/27
#NNI moves:1/236
Guide Tree 17/27
#NNI moves:2/236
Guide Tree 18/27
#NNI moves:1/236
Guide Tree 19/27
#NNI moves:1/236
Guide Tree 20/27
#NNI moves:1/236
Guide Tree 21/27
#NNI moves:1/236
Guide Tree 22/27
#NNI moves:1/236
Guide Tree 23/27
#NNI moves:0/236
Guide Tree 24/27
#NNI moves:4/236
Guide Tree 25/27
#NNI moves:1/236
Guide Tree 26/27
#NNI moves:1/236
Remaining: 0
#NNI moves:1/236
#NNI moves:1/236
((((((((((((((((T175,T8),T47),((T70,T60),T42)),(T111,T120)),((T72,T4),(T127,T61))),((T188,(T199,T163)),T92)),((T141,T46),(T200,T10))),((((T101,T138),T51),(((T164,T62),T119),T82)),(((T28,T38),((T112,T78),T20)),((T7,T167),T154)))),(T146,T132)),(((((T162,T100),T160),T171),(T17,(T107,T178))),((((((T19,T41),((T44,T69),T27)),(T157,T48)),((T142,T91),T117)),(((T150,T105),T153),T30)),(T174,T155)))),((((T147,T177),((((T182,T74),(((T89,T67),T68),T13)),(T194,T134)),(((T1,T85),T76),(T184,T176)))),((((((T37,T15),T43),(T170,T6)),(T40,((T140,T94),T180))),T53),(T97,T93))),(((T130,(T31,(T57,T169))),((T193,T104),(T32,T118))),(T149,T137)))),((((((T198,(T135,T2)),((T190,((((T108,T197),(T50,T99)),T124),T144)),(((T88,((T151,T148),T183)),T109),T139))),(((T133,T102),((T79,T131),T52)),T59)),((((T192,T34),(T128,T136)),T81),T66)),(((((T25,(((T21,T49),(T114,T126)),T103)),(((T185,T121),T14),((T35,T181),T63))),((T84,T23),T110)),(((T3,(T73,T95)),T55),T116)),((T36,T159),(T12,T24)))),T0)),((((T90,T196),((T195,T165),T39)),(T123,T26)),(((((((T143,T87),T18),(((T83,T125),(T77,T179)),T45)),(((T158,T96),T29),T187)),T156),T186),((T98,T172),T168)))),((((((T58,T166),(T75,T189)),((T56,T65),T122)),T106),(((T16,T5),T9),T71)),((((((T64,T191),T113),(T54,T129)),T33),(T80,T152)),(((T22,T115),T11),T86)))),(T173,T145)),T161);
Guide Tree 0/27
#NNI moves:1/236
Guide Tree 1/27
#NNI moves:3/236
Guide Tree 2/27
#NNI moves:0/236
Guide Tree 3/27
#NNI moves:0/236
Guide Tree 4/27
#NNI moves:0/236
Guide Tree 5/27
#NNI moves:1/236
Guide Tree 6/27
#NNI moves:0/236
Guide Tree 7/27
#NNI moves:1/236
Guide Tree 8/27
#NNI moves:4/236
Guide Tree 9/27
#NNI moves:3/236
Guide Tree 10/27
#NNI moves:3/236
Guide Tree 11/27
#NNI moves:3/236
Guide Tree 12/27
#NNI moves:3/236
Guide Tree 13/27
#NNI moves:3/236
Guide Tree 14/27
#NNI moves:0/236
Guide Tree 15/27
#NNI moves:0/236
Guide Tree 16/27
#NNI moves:0/236
Guide Tree 17/27
#NNI moves:3/236
Guide Tree 18/27
#NNI moves:0/236
Guide Tree 19/27
#NNI moves:3/236
Guide Tree 20/27
#NNI moves:0/236
Guide Tree 21/27
#NNI moves:0/236
Guide Tree 22/27
#NNI moves:0/236
Guide Tree 23/27
#NNI moves:0/236
Guide Tree 24/27
#NNI moves:3/236
Guide Tree 25/27
#NNI moves:1/236
Guide Tree 26/27
#NNI moves:0/236
Remaining: 0
#NNI moves:1/236
#NNI moves:1/236
((((((((((((((((T8,T175),T47),((T60,T70),T42)),(T120,T111)),((T127,T61),(T4,T72))),(((T163,T199),T188),T92)),((T46,T141),(T200,T10))),(((T154,(T167,T7)),((T20,(T78,T112)),(T28,T38))),(((T101,T138),T51),((T119,(T62,T164)),T82)))),(T132,T146)),(((((T100,T162),T160),T171),((T107,T178),T17)),((((T117,(T91,T142)),(((T19,T41),((T44,T69),T27)),(T48,T157))),((T153,(T105,T150)),T30)),(T155,T174)))),(((((((T180,(T94,T140)),T40),((T43,(T15,T37)),(T170,T6))),T53),(T93,T97)),((((T134,T194),((((T67,T89),T68),T13),(T182,T74))),(((T1,T85),T76),(T184,T176))),(T147,T177))),((((T193,T104),(T118,T32)),((T31,(T57,T169)),T130)),(T137,T149)))),((((((((T73,T95),T3),T55),T116),((((((T49,T21),(T126,T114)),T103),T25),((T14,(T185,T121)),(T63,(T35,T181)))),((T23,T84),T110))),((T24,T12),(T159,T36))),(((((((((T151,T148),T183),T88),T109),T139),(((((T108,T197),(T50,T99)),T124),T144),T190)),((T135,T2),T198)),(((T52,(T131,T79)),(T133,T102)),T59)),((((T192,T34),(T128,T136)),T81),T66))),T0)),((((T98,T172),T168),((((((T143,T87),T18),(((T77,T179),(T125,T83)),T45)),(((T96,T158),T29),T187)),T156),T186)),(((T39,(T195,T165)),(T90,T196)),(T123,T26)))),((((((T129,T54),(T113,(T191,T64))),T33),(T80,T152)),(((T22,T115),T11),T86)),((((T122,(T65,T56)),((T75,T189),(T58,T166))),T106),(((T16,T5),T9),T71)))),(T145,T173)),T161);
Initial score: 6.31764e+10
Initial tree: ((((((((((((((((T8,T175),T47),((T60,T70),T42)),(T120,T111)),((T127,T61),(T4,T72))),(((T163,T199),T188),T92)),((T46,T141),(T200,T10))),(((T154,(T167,T7)),((T20,(T78,T112)),(T28,T38))),(((T101,T138),T51),((T119,(T62,T164)),T82)))),(T132,T146)),(((((T100,T162),T160),T171),((T107,T178),T17)),((((T117,(T91,T142)),(((T19,T41),((T44,T69),T27)),(T48,T157))),((T153,(T105,T150)),T30)),(T155,T174)))),(((((((T180,(T94,T140)),T40),((T43,(T15,T37)),(T170,T6))),T53),(T93,T97)),((((T134,T194),((((T67,T89),T68),T13),(T182,T74))),(((T1,T85),T76),(T184,T176))),(T147,T177))),((((T193,T104),(T118,T32)),((T31,(T57,T169)),T130)),(T137,T149)))),((((((((T73,T95),T3),T55),T116),((((((T49,T21),(T126,T114)),T103),T25),((T14,(T185,T121)),(T63,(T35,T181)))),((T23,T84),T110))),((T24,T12),(T159,T36))),(((((((((T151,T148),T183),T88),T109),T139),(((((T108,T197),(T50,T99)),T124),T144),T190)),((T135,T2),T198)),(((T52,(T131,T79)),(T133,T102)),T59)),((((T192,T34),(T128,T136)),T81),T66))),T0)),((((T98,T172),T168),((((((T143,T87),T18),(((T77,T179),(T125,T83)),T45)),(((T96,T158),T29),T187)),T156),T186)),(((T39,(T195,T165)),(T90,T196)),(T123,T26)))),((((((T129,T54),(T113,(T191,T64))),T33),(T80,T152)),(((T22,T115),T11),T86)),((((T122,(T65,T56)),((T75,T189),(T58,T166))),T106),(((T16,T5),T9),T71)))),(T145,T173)),T161);
*** Subsample Process ***
Use two-step algorithm!
#NNI moves:1/236
Remaining: 0
#NNI moves:9/236
#NNI moves:9/236
(((((((((((((((((((((((T151,T148),T183),T88),T109),T139),((T144,(((T197,T108),(T50,T99)),T124)),T190)),((T135,T2),T198)),(((T102,T133),(T52,(T131,T79))),T59)),((((T128,T136),(T192,T34)),T81),T66)),(((((((T185,T121),T14),(T63,(T181,T35))),((((T49,T21),(T126,T114)),T103),T25)),((T23,T84),T110)),(T116,(((T73,T95),T3),T55))),((T24,T12),(T159,T36)))),T0),(((((T39,(T195,T165)),(T90,T196)),(T123,T26)),((T168,(T98,T172)),(((((((T125,T83),(T179,T77)),T45),(T18,(T143,T87))),((T29,(T96,T158)),T187)),T156),T186))),((((((((T64,T191),T113),(T129,T54)),T33),(T152,T80)),((T11,(T115,T22)),T86)),((T71,((T16,T5),T9)),((((T58,T166),(T189,T75)),((T65,T56),T122)),T106))),((T145,T173),T161)))),((((((((T68,(T89,T67)),T13),(T182,T74)),(T194,T134)),((T184,T176),((T1,T85),T76))),(T147,T177)),((((((T37,T15),T43),(T6,T170)),((T180,(T94,T140)),T40)),T53),(T97,T93))),((((T118,T32),(T104,T193)),(T130,(T31,(T57,T169)))),(T137,T149)))),(((((T100,T162),T160),T171),((T178,T107),T17)),(((((T48,T157),(((T44,T69),T27),(T19,T41))),((T142,T91),T117)),((T153,(T150,T105)),T30)),(T174,T155)))),(T132,T146)),((((T138,T101),T51),(((T62,T164),T119),T82)),(((T167,T7),T154),((T20,(T112,T78)),(T28,T38))))),((T46,T141),(T200,T10))),(((T199,T163),T188),T92)),((T127,T61),(T4,T72))),(T111,T120)),((T60,T70),T42)),(T175,T8)),T47);
#NNI moves:0/236
Remaining: 0
#NNI moves:1/236
#NNI moves:1/236
(((((((((((((((T15,T37),T43),(T6,T170)),(((T140,T94),T180),T40)),T53),(T97,T93)),(((((((T89,T67),T68),T13),(T74,T182)),(T194,T134)),(((T85,T1),T76),(T176,T184))),(T177,T147))),((((T32,T118),(T104,T193)),((T31,(T169,T57)),T130)),(T149,T137))),((((((((T62,T164),T119),T82),((T138,T101),T51)),(((T167,T7),T154),((T20,(T112,T78)),(T28,T38)))),(((((T61,T127),(T72,T4)),(((T42,(T60,T70)),(T47,(T8,T175))),(T120,T111))),(T92,(T188,(T163,T199)))),((T141,T46),(T10,T200)))),(T132,T146)),(((((T162,T100),T160),T171),((T107,T178),T17)),(((((T48,T157),(((T44,T69),T27),(T41,T19))),((T142,T91),T117)),((T153,(T150,T105)),T30)),(T174,T155))))),(((((((((((T50,T99),(T197,T108)),T124),T144),T190),((T109,((T183,(T151,T148)),T88)),T139)),(T198,(T135,T2))),((((T79,T131),T52),(T133,T102)),T59)),(T66,(((T128,T136),(T192,T34)),T81))),(((T116,(((T95,T73),T3),T55)),(((((T121,T185),T14),((T35,T181),T63)),(T25,(T103,((T114,T126),(T49,T21))))),((T84,T23),T110))),((T159,T36),(T12,T24)))),T0)),(((T168,(T98,T172)),(((((T29,(T158,T96)),T187),((T18,(T143,T87)),(((T77,T179),(T125,T83)),T45))),T156),T186)),((((T195,T165),T39),(T90,T196)),(T123,T26)))),((((T33,((T54,T129),((T191,T64),T113))),(T80,T152)),(T86,(T11,(T115,T22)))),((((T122,(T65,T56)),((T166,T58),(T75,T189))),T106),((T9,(T16,T5)),T71)))),T161),T173),T145);
#NNI moves:0/236
Remaining: 0
#NNI moves:0/236
#NNI moves:0/236
(((((((((((((((((((T75,T189),(T58,T166)),((T56,T65),T122)),T106),(((T5,T16),T9),T71)),((((((T64,T191),T113),(T129,T54)),T33),(T80,T152)),(T86,((T115,T22),T11)))),((T173,T145),T161)),(((((((((T179,T77),(T83,T125)),T45),((T87,T143),T18)),(((T96,T158),T29),T187)),T156),T186),((T172,T98),T168)),((((T165,T195),T39),(T196,T90)),(T26,T123)))),(((((((((((T108,T197),(T50,T99)),T124),T144),T190),(((((T148,T151),T183),T88),T109),T139)),(T198,(T2,T135))),(T59,(((T131,T79),T52),(T102,T133)))),((((T128,T136),(T192,T34)),T81),T66)),(((((T25,(T103,((T114,T126),(T21,T49)))),((T63,(T35,T181)),((T121,T185),T14))),((T23,T84),T110)),(T116,(((T73,T95),T3),T55))),((T36,T159),(T24,T12)))),T0)),((((((((((T60,T70),T42),((T175,T8),T47)),(T111,T120)),((T61,T127),(T4,T72))),(T92,((T163,T199),T188))),((T46,T141),(T10,T200))),((((T119,(T62,T164)),T82),((T101,T138),T51)),(((T7,T167),T154),((T38,T28),(T20,(T78,T112)))))),(T146,T132)),((((((T142,T91),T117),((T48,T157),(((T44,T69),T27),(T41,T19)))),(((T150,T105),T153),T30)),(T174,T155)),((T17,(T178,T107)),(((T162,T100),T160),T171))))),(((((T57,T169),T31),T130),((T104,T193),(T118,T32))),(T149,T137))),((((((T68,(T89,T67)),T13),(T74,T182)),(T194,T134)),((T176,T184),((T85,T1),T76))),(T147,T177))),(T93,T97)),T53),(((T140,T94),T180),T40)),(T170,T6)),T43),T15),T37);
#NNI moves:0/236
Remaining: 0
#NNI moves:0/236
#NNI moves:0/236
(((((((((((((((T199,T163),T188),T92),((((T47,(T8,T175)),((T70,T60),T42)),(T111,T120)),((T4,T72),(T61,T127)))),((T10,T200),(T141,T46))),((((T119,(T62,T164)),T82),((T101,T138),T51)),(((T167,T7),T154),((T28,T38),((T112,T78),T20))))),(T146,T132)),((((((T91,T142),T117),((((T44,T69),T27),(T41,T19)),(T48,T157))),(((T105,T150),T153),T30)),(T174,T155)),(((T107,T178),T17),((T160,(T100,T162)),T171)))),(((((T104,T193),(T32,T118)),(T130,(T31,(T57,T169)))),(T137,T149)),((((((T74,T182),(T13,((T89,T67),T68))),(T194,T134)),(((T1,T85),T76),(T176,T184))),(T177,T147)),(((((T180,(T140,T94)),T40),((T6,T170),(T43,(T15,T37)))),T53),(T97,T93))))),(((((((T25,(((T126,T114),(T21,T49)),T103)),((T63,(T181,T35)),((T185,T121),T14))),((T84,T23),T110)),(((T3,(T73,T95)),T55),T116)),((T159,T36),(T12,T24))),(((((T190,((((T99,T50),(T197,T108)),T124),T144)),((T109,(T88,(T183,(T148,T151)))),T139)),((T2,T135),T198)),((((T131,T79),T52),(T133,T102)),T59)),(T66,(T81,((T34,T192),(T128,T136)))))),T0)),(((((((T29,(T158,T96)),T187),(((T87,T143),T18),(T45,((T179,T77),(T83,T125))))),T156),T186),((T172,T98),T168)),(((T196,T90),(T39,(T165,T195))),(T26,T123)))),(((T106,(((T189,T75),(T58,T166)),((T65,T56),T122))),((T9,(T5,T16)),T71)),((((T115,T22),T11),T86),((((T54,T129),((T64,T191),T113)),T33),(T152,T80))))),T161),T173),T145);
Current score: 6.31764e+10
Current tree: ((((((((((((((T199,T163),T188),T92),((((T47,(T8,T175)),((T70,T60),T42)),(T111,T120)),((T4,T72),(T61,T127)))),((T10,T200),(T141,T46))),((((T119,(T62,T164)),T82),((T101,T138),T51)),(((T167,T7),T154),((T28,T38),((T112,T78),T20))))),(T146,T132)),((((((T91,T142),T117),((((T44,T69),T27),(T41,T19)),(T48,T157))),(((T105,T150),T153),T30)),(T174,T155)),(((T107,T178),T17),((T160,(T100,T162)),T171)))),(((((T104,T193),(T32,T118)),(T130,(T31,(T57,T169)))),(T137,T149)),((((((T74,T182),(T13,((T89,T67),T68))),(T194,T134)),(((T1,T85),T76),(T176,T184))),(T177,T147)),(((((T180,(T140,T94)),T40),((T6,T170),(T43,(T15,T37)))),T53),(T97,T93))))),(((((((T25,(((T126,T114),(T21,T49)),T103)),((T63,(T181,T35)),((T185,T121),T14))),((T84,T23),T110)),(((T3,(T73,T95)),T55),T116)),((T159,T36),(T12,T24))),(((((T190,((((T99,T50),(T197,T108)),T124),T144)),((T109,(T88,(T183,(T148,T151)))),T139)),((T2,T135),T198)),((((T131,T79),T52),(T133,T102)),T59)),(T66,(T81,((T34,T192),(T128,T136)))))),T0)),(((((((T29,(T158,T96)),T187),(((T87,T143),T18),(T45,((T179,T77),(T83,T125))))),T156),T186),((T172,T98),T168)),(((T196,T90),(T39,(T165,T195))),(T26,T123)))),(((T106,(((T189,T75),(T58,T166)),((T65,T56),T122))),((T9,(T5,T16)),T71)),((((T115,T22),T11),T86),((((T54,T129),((T64,T191),T113)),T33),(T152,T80))))),(T173,T145)),T161);
Final Tree: ((((((((((((((T199,T163),T188),T92),((((T47,(T8,T175)),((T70,T60),T42)),(T111,T120)),((T4,T72),(T61,T127)))),((T10,T200),(T141,T46))),((((T119,(T62,T164)),T82),((T101,T138),T51)),(((T167,T7),T154),((T28,T38),((T112,T78),T20))))),(T146,T132)),((((((T91,T142),T117),((((T44,T69),T27),(T41,T19)),(T48,T157))),(((T105,T150),T153),T30)),(T174,T155)),(((T107,T178),T17),((T160,(T100,T162)),T171)))),(((((T104,T193),(T32,T118)),(T130,(T31,(T57,T169)))),(T137,T149)),((((((T74,T182),(T13,((T89,T67),T68))),(T194,T134)),(((T1,T85),T76),(T176,T184))),(T177,T147)),(((((T180,(T140,T94)),T40),((T6,T170),(T43,(T15,T37)))),T53),(T97,T93))))),(((((((T25,(((T126,T114),(T21,T49)),T103)),((T63,(T181,T35)),((T185,T121),T14))),((T84,T23),T110)),(((T3,(T73,T95)),T55),T116)),((T159,T36),(T12,T24))),(((((T190,((((T99,T50),(T197,T108)),T124),T144)),((T109,(T88,(T183,(T148,T151)))),T139)),((T2,T135),T198)),((((T131,T79),T52),(T133,T102)),T59)),(T66,(T81,((T34,T192),(T128,T136)))))),T0)),(((((((T29,(T158,T96)),T187),(((T87,T143),T18),(T45,((T179,T77),(T83,T125))))),T156),T186),((T172,T98),T168)),(((T196,T90),(T39,(T165,T195))),(T26,T123)))),(((T106,(((T189,T75),(T58,T166)),((T65,T56),T122))),((T9,(T5,T16)),T71)),((((T115,T22),T11),T86),((((T54,T129),((T64,T191),T113)),T33),(T152,T80))))),(T173,T145)),T161);
Score: 6.317642268e+10

real	1m7.341s
user	18m22.603s
sys	0m15.659s
