Weighted ASTRAL - Hybrid
Version: v1.13.2.3
#Genetrees: 2000
#Species: 201
#Rounds: 4
#Samples: 4
#Threads: 32
Use two-step algorithm!
Guide Tree 0/27
#NNI moves:1/236
Guide Tree 1/27
#NNI moves:0/236
Guide Tree 2/27
#NNI moves:0/236
Guide Tree 3/27
#NNI moves:0/236
Guide Tree 4/27
#NNI moves:0/236
Guide Tree 5/27
#NNI moves:1/236
Guide Tree 6/27
#NNI moves:0/236
Guide Tree 7/27
#NNI moves:0/236
Guide Tree 8/27
#NNI moves:0/236
Guide Tree 9/27
#NNI moves:0/236
Guide Tree 10/27
#NNI moves:1/236
Guide Tree 11/27
#NNI moves:1/236
Guide Tree 12/27
#NNI moves:1/236
Guide Tree 13/27
#NNI moves:0/236
Guide Tree 14/27
#NNI moves:0/236
Guide Tree 15/27
#NNI moves:0/236
Guide Tree 16/27
#NNI moves:0/236
Guide Tree 17/27
#NNI moves:1/236
Guide Tree 18/27
#NNI moves:0/236
Guide Tree 19/27
#NNI moves:0/236
Guide Tree 20/27
#NNI moves:3/236
Guide Tree 21/27
#NNI moves:0/236
Guide Tree 22/27
#NNI moves:0/236
Guide Tree 23/27
#NNI moves:0/236
Guide Tree 24/27
#NNI moves:0/236
Guide Tree 25/27
#NNI moves:1/236
Guide Tree 26/27
#NNI moves:0/236
Remaining: 0
#NNI moves:0/236
#NNI moves:0/236
((((((((((((((((((((T139,T10),T180),T31),(T15,T108)),((T155,(T98,T157)),(T66,T149))),((T41,T63),T94)),(((T169,(T128,(T25,T198))),(T109,(T106,T185))),(T107,T36))),(((((T190,T90),T7),(T58,T88)),(T29,T192)),(T113,T4))),(((T46,T158),T152),(T43,T78))),(T118,T14)),((((T127,T30),(T151,T19)),((T154,(T2,(T178,T191))),T81)),(((((T72,T96),T148),(T60,T126)),((T47,T70),T28)),(T97,T182)))),(((T197,((T194,T102),T89)),T50),((T75,(T183,T77)),T196))),T0),(((((((((T136,T32),T62),T137),(((T51,T162),((T101,T6),T125)),((((T49,T144),T114),(T45,T167)),T186))),(((((T193,T42),T143),T65),T104),((T138,T156),T67))),((T134,T164),(((((T12,T11),T132),((T84,T44),(T187,T160))),(T124,T82)),(T71,T100)))),(((((T189,T168),T147),T172),(T103,T135)),(T195,T18))),(T159,T130)),((((((((T24,T85),(T115,T179)),T188),(T173,T99)),(T73,T86)),(T141,T150)),((((T9,T76),T129),(T69,T95)),T74)),(((T53,T68),(((T55,(T184,T34)),(T57,T176)),T87)),T175)))),(((T27,T16),T119),T131)),(((((T161,T1),T117),(T17,T40)),T61),(T35,(((T92,T170),T79),((T3,((T120,T163),T153)),T13))))),(((T133,(((T140,(T122,(T181,T112))),(T37,T91)),((T200,T111),T123))),((((T142,T33),T165),((T166,T26),T177)),(T39,(T22,T199)))),(T8,T52))),((((T145,T23),T59),(T105,(T174,T64))),(T38,T20))),((((T83,T21),T93),((T121,(T54,T146)),((T56,T48),(T110,T116)))),(T5,T80))),T171);
Guide Tree 0/27
#NNI moves:0/236
Guide Tree 1/27
#NNI moves:0/236
Guide Tree 2/27
#NNI moves:0/236
Guide Tree 3/27
#NNI moves:0/236
Guide Tree 4/27
#NNI moves:0/236
Guide Tree 5/27
#NNI moves:0/236
Guide Tree 6/27
#NNI moves:0/236
Guide Tree 7/27
#NNI moves:0/236
Guide Tree 8/27
#NNI moves:0/236
Guide Tree 9/27
#NNI moves:0/236
Guide Tree 10/27
#NNI moves:0/236
Guide Tree 11/27
#NNI moves:0/236
Guide Tree 12/27
#NNI moves:0/236
Guide Tree 13/27
#NNI moves:0/236
Guide Tree 14/27
#NNI moves:0/236
Guide Tree 15/27
#NNI moves:0/236
Guide Tree 16/27
#NNI moves:0/236
Guide Tree 17/27
#NNI moves:0/236
Guide Tree 18/27
#NNI moves:0/236
Guide Tree 19/27
#NNI moves:0/236
Guide Tree 20/27
#NNI moves:0/236
Guide Tree 21/27
#NNI moves:0/236
Guide Tree 22/27
#NNI moves:0/236
Guide Tree 23/27
#NNI moves:0/236
Guide Tree 24/27
#NNI moves:0/236
Guide Tree 25/27
#NNI moves:0/236
Guide Tree 26/27
#NNI moves:0/236
Remaining: 0
#NNI moves:6/236
#NNI moves:6/236
((((((((((((((((T94,(T63,T41)),(((((T10,T139),T180),T31),(T108,T15)),(((T157,T98),T155),(T66,T149)))),((((T128,(T198,T25)),T169),((T106,T185),T109)),(T36,T107))),(((T29,T192),(((T90,T190),T7),(T58,T88))),(T113,T4))),(((T158,T46),T152),(T43,T78))),(T14,T118)),(((T182,T97),(((T148,(T72,T96)),(T126,T60)),((T47,T70),T28))),(((T127,T30),(T151,T19)),(T81,(((T178,T191),T2),T154))))),(((T75,(T183,T77)),T196),((((T102,T194),T89),T197),T50))),T0),((((((((((T45,T167),((T144,T49),T114)),T186),(((T101,T6),T125),(T51,T162))),(((T32,T136),T62),T137)),((((T143,(T42,T193)),T65),T104),((T156,T138),T67))),((((T82,T124),(((T12,T11),T132),((T160,T187),(T84,T44)))),(T71,T100)),(T134,T164))),(((((T189,T168),T147),T172),(T103,T135)),(T18,T195))),(T159,T130)),(((((T69,T95),((T76,T9),T129)),T74),((T150,T141),(((T188,((T24,T85),(T115,T179))),(T99,T173)),(T73,T86)))),(((T53,T68),((((T184,T34),T55),(T57,T176)),T87)),T175)))),(((T27,T16),T119),T131)),(((((T161,T1),T117),(T17,T40)),T61),(T35,(((T170,T92),T79),(((T153,(T120,T163)),T3),T13))))),((((((T200,T111),T123),((T37,T91),(((T112,T181),T122),T140))),T133),((((T26,T166),T177),((T33,T142),T165)),((T22,T199),T39))),(T52,T8))),((((T145,T23),T59),((T174,T64),T105)),(T20,T38))),((((T121,(T146,T54)),((T116,T110),(T48,T56))),((T83,T21),T93)),(T80,T5))),T171);
Guide Tree 0/27
#NNI moves:0/236
Guide Tree 1/27
#NNI moves:0/236
Guide Tree 2/27
#NNI moves:0/236
Guide Tree 3/27
#NNI moves:0/236
Guide Tree 4/27
#NNI moves:0/236
Guide Tree 5/27
#NNI moves:0/236
Guide Tree 6/27
#NNI moves:0/236
Guide Tree 7/27
#NNI moves:0/236
Guide Tree 8/27
#NNI moves:0/236
Guide Tree 9/27
#NNI moves:0/236
Guide Tree 10/27
#NNI moves:0/236
Guide Tree 11/27
#NNI moves:0/236
Guide Tree 12/27
#NNI moves:0/236
Guide Tree 13/27
#NNI moves:0/236
Guide Tree 14/27
#NNI moves:0/236
Guide Tree 15/27
#NNI moves:0/236
Guide Tree 16/27
#NNI moves:0/236
Guide Tree 17/27
#NNI moves:0/236
Guide Tree 18/27
#NNI moves:0/236
Guide Tree 19/27
#NNI moves:0/236
Guide Tree 20/27
#NNI moves:0/236
Guide Tree 21/27
#NNI moves:0/236
Guide Tree 22/27
#NNI moves:0/236
Guide Tree 23/27
#NNI moves:0/236
Guide Tree 24/27
#NNI moves:1/236
Guide Tree 25/27
#NNI moves:0/236
Guide Tree 26/27
#NNI moves:0/236
Remaining: 0
#NNI moves:8/236
#NNI moves:8/236
((((((((((((((((T107,T36),(((T106,T185),T109),((T128,(T25,T198)),T169))),((((T155,(T157,T98)),(T149,T66)),((T31,((T10,T139),T180)),(T108,T15))),((T41,T63),T94))),(((T192,T29),((T58,T88),((T90,T190),T7))),(T113,T4))),(((T46,T158),T152),(T43,T78))),(T118,T14)),((((((T191,T178),T2),T154),T81),((T19,T151),(T30,T127))),((T97,T182),(((T60,T126),(T148,(T96,T72))),((T47,T70),T28))))),((((T89,(T194,T102)),T197),T50),(T196,((T183,T77),T75)))),T0),((((((((((T84,T44),(T187,T160)),((T11,T12),T132)),(T82,T124)),(T71,T100)),(T134,T164)),(((T67,(T138,T156)),(((T143,(T42,T193)),T65),T104)),(((T62,(T32,T136)),T137),(((((T49,T144),T114),(T167,T45)),T186),((T162,T51),((T101,T6),T125)))))),(((((T168,T189),T147),T172),(T103,T135)),(T18,T195))),(T130,T159)),(((((((T184,T34),T55),(T57,T176)),T87),(T53,T68)),T175),((((T86,T73),((((T24,T85),(T115,T179)),T188),(T173,T99))),(T141,T150)),(((T129,(T76,T9)),(T95,T69)),T74))))),((T119,(T27,T16)),T131)),(((((T161,T1),T117),(T17,T40)),T61),((((T92,T170),T79),(T13,((T153,(T163,T120)),T3))),T35))),(((T133,(((T200,T111),T123),((T91,T37),(T140,(T122,(T181,T112)))))),(((T165,(T142,T33)),((T166,T26),T177)),((T22,T199),T39))),(T8,T52))),(((T59,(T145,T23)),((T174,T64),T105)),(T20,T38))),(((((T146,T54),T121),((T110,T116),(T48,T56))),((T21,T83),T93)),(T80,T5))),T171);
Guide Tree 0/27
#NNI moves:0/236
Guide Tree 1/27
#NNI moves:0/236
Guide Tree 2/27
#NNI moves:0/236
Guide Tree 3/27
#NNI moves:1/236
Guide Tree 4/27
#NNI moves:0/236
Guide Tree 5/27
#NNI moves:0/236
Guide Tree 6/27
#NNI moves:0/236
Guide Tree 7/27
#NNI moves:0/236
Guide Tree 8/27
#NNI moves:0/236
Guide Tree 9/27
#NNI moves:0/236
Guide Tree 10/27
#NNI moves:0/236
Guide Tree 11/27
#NNI moves:0/236
Guide Tree 12/27
#NNI moves:0/236
Guide Tree 13/27
#NNI moves:0/236
Guide Tree 14/27
#NNI moves:0/236
Guide Tree 15/27
#NNI moves:0/236
Guide Tree 16/27
#NNI moves:0/236
Guide Tree 17/27
#NNI moves:0/236
Guide Tree 18/27
#NNI moves:0/236
Guide Tree 19/27
#NNI moves:0/236
Guide Tree 20/27
#NNI moves:3/236
Guide Tree 21/27
#NNI moves:0/236
Guide Tree 22/27
#NNI moves:0/236
Guide Tree 23/27
#NNI moves:0/236
Guide Tree 24/27
#NNI moves:0/236
Guide Tree 25/27
#NNI moves:1/236
Guide Tree 26/27
#NNI moves:0/236
Remaining: 0
#NNI moves:8/236
#NNI moves:8/236
((((((((((((((((T96,T72),T148),(T60,T126)),((T70,T47),T28)),(T182,T97)),(((((T191,T178),T2),T154),T81),((T19,T151),(T30,T127)))),((((((((T66,T149),((T157,T98),T155)),((((T139,T10),T180),T31),(T108,T15))),((T63,T41),T94)),(((((T25,T198),T128),T169),((T106,T185),T109)),(T107,T36))),((((T7,(T90,T190)),(T88,T58)),(T29,T192)),(T113,T4))),((T78,T43),(T152,(T158,T46)))),(T118,T14))),(((((T194,T102),T89),T197),T50),((T75,(T77,T183)),T196))),T0),(((((((T173,T99),(((T179,T115),(T24,T85)),T188)),(T73,T86)),(T150,T141)),((((T76,T9),T129),(T95,T69)),T74)),(((T68,T53),(T87,((T57,T176),((T184,T34),T55)))),T175)),(((((T134,T164),(((T124,T82),(((T160,T187),(T44,T84)),((T11,T12),T132))),(T71,T100))),((((((T6,T101),T125),(T51,T162)),((((T49,T144),T114),(T45,T167)),T186)),(((T32,T136),T62),T137)),((((T143,(T42,T193)),T65),T104),((T156,T138),T67)))),(((T172,(T147,(T168,T189))),(T135,T103)),(T18,T195))),(T130,T159)))),(T131,((T27,T16),T119))),((((T17,T40),((T1,T161),T117)),T61),((((((T163,T120),T153),T3),T13),((T92,T170),T79)),T35))),(((((T22,T199),T39),(((T142,T33),T165),((T26,T166),T177))),((((T91,T37),((T122,(T112,T181)),T140)),((T111,T200),T123)),T133)),(T52,T8))),((((T145,T23),T59),((T64,T174),T105)),(T20,T38))),(((((T48,T56),(T110,T116)),((T146,T54),T121)),((T83,T21),T93)),(T80,T5))),T171);
Initial score: 6.67209e+10
Initial tree: ((((((((((((((((T96,T72),T148),(T60,T126)),((T70,T47),T28)),(T182,T97)),(((((T191,T178),T2),T154),T81),((T19,T151),(T30,T127)))),((((((((T66,T149),((T157,T98),T155)),((((T139,T10),T180),T31),(T108,T15))),((T63,T41),T94)),(((((T25,T198),T128),T169),((T106,T185),T109)),(T107,T36))),((((T7,(T90,T190)),(T88,T58)),(T29,T192)),(T113,T4))),((T78,T43),(T152,(T158,T46)))),(T118,T14))),(((((T194,T102),T89),T197),T50),((T75,(T77,T183)),T196))),T0),(((((((T173,T99),(((T179,T115),(T24,T85)),T188)),(T73,T86)),(T150,T141)),((((T76,T9),T129),(T95,T69)),T74)),(((T68,T53),(T87,((T57,T176),((T184,T34),T55)))),T175)),(((((T134,T164),(((T124,T82),(((T160,T187),(T44,T84)),((T11,T12),T132))),(T71,T100))),((((((T6,T101),T125),(T51,T162)),((((T49,T144),T114),(T45,T167)),T186)),(((T32,T136),T62),T137)),((((T143,(T42,T193)),T65),T104),((T156,T138),T67)))),(((T172,(T147,(T168,T189))),(T135,T103)),(T18,T195))),(T130,T159)))),(T131,((T27,T16),T119))),((((T17,T40),((T1,T161),T117)),T61),((((((T163,T120),T153),T3),T13),((T92,T170),T79)),T35))),(((((T22,T199),T39),(((T142,T33),T165),((T26,T166),T177))),((((T91,T37),((T122,(T112,T181)),T140)),((T111,T200),T123)),T133)),(T52,T8))),((((T145,T23),T59),((T64,T174),T105)),(T20,T38))),(((((T48,T56),(T110,T116)),((T146,T54),T121)),((T83,T21),T93)),(T80,T5))),T171);
*** Subsample Process ***
Use two-step algorithm!
#NNI moves:3/236
Remaining: 0
#NNI moves:4/236
#NNI moves:4/236
(((((((((((((((((T17,T40),(T117,(T1,T161))),T61),((((((T120,T163),T153),T3),T13),(T79,(T92,T170))),T35)),((((((T174,T64),T105),(T59,(T145,T23))),(T38,T20)),(((((T83,T21),T93),(((T54,T146),T121),((T56,T48),(T116,T110)))),(T80,T5)),T171)),(((T133,(((((T181,T112),T122),T140),(T91,T37)),((T111,T200),T123))),(((T22,T199),T39),(((T166,T26),T177),((T33,T142),T165)))),(T8,T52)))),(T131,((T27,T16),T119))),((((((T73,T86),((((T179,T115),(T85,T24)),T188),(T173,T99))),(T150,T141)),(((T129,(T76,T9)),(T69,T95)),T74)),((((((T34,T184),T55),(T57,T176)),T87),(T53,T68)),T175)),(((((((((T11,T12),T132),((T160,T187),(T84,T44))),(T82,T124)),(T100,T71)),(T134,T164)),(((T104,((T143,(T193,T42)),T65)),(T67,(T156,T138))),(((((T101,T6),T125),(T162,T51)),(((T45,T167),((T49,T144),T114)),T186)),(((T136,T32),T62),T137)))),((T18,T195),(((T147,(T189,T168)),T172),(T103,T135)))),(T130,T159)))),T0),(((((T102,T194),T89),T197),T50),((T75,(T77,T183)),T196))),(((((((((T25,T198),T128),T169),((T106,T185),T109)),(T36,T107)),((((T155,(T98,T157)),(T149,T66)),((((T10,T139),T180),T31),(T108,T15))),(T94,(T63,T41)))),((((T7,(T190,T90)),(T88,T58)),(T29,T192)),(T113,T4))),(((T158,T46),T152),(T78,T43))),(T118,T14))),((((T2,(T178,T191)),T154),T81),((T30,T127),(T19,T151)))),(T182,T97)),((T47,T70),T28)),(T126,T60)),T148),T72),T96);
#NNI moves:0/236
Remaining: 0
#NNI moves:0/236
#NNI moves:0/236
(((((((((((((((((((((T109,(T185,T106)),(((T198,T25),T128),T169)),(T36,T107)),((((T15,T108),(T31,((T139,T10),T180))),((T149,T66),(T155,(T98,T157)))),((T41,T63),T94))),((T113,T4),((((T90,T190),T7),(T58,T88)),(T29,T192)))),(((T158,T46),T152),(T43,T78))),(T14,T118)),(((((T2,(T191,T178)),T154),T81),((T30,T127),(T19,T151))),((T97,T182),(((T47,T70),T28),((T126,T60),((T96,T72),T148)))))),((((T183,T77),T75),T196),((((T102,T194),T89),T197),T50))),T0),(((((((((T179,T115),(T24,T85)),T188),(T99,T173)),(T73,T86)),(T150,T141)),((((T9,T76),T129),(T95,T69)),T74)),(((((T55,(T34,T184)),(T57,T176)),T87),(T53,T68)),T175)),((((((T147,(T189,T168)),T172),(T135,T103)),(T195,T18)),((((((((T49,T144),T114),(T167,T45)),T186),(((T6,T101),T125),(T162,T51))),(((T136,T32),T62),T137)),(((T65,((T193,T42),T143)),T104),((T138,T156),T67))),((((((T12,T11),T132),((T187,T160),(T84,T44))),(T82,T124)),(T71,T100)),(T134,T164)))),(T130,T159)))),(((T27,T16),T119),T131)),((((T117,(T161,T1)),(T40,T17)),T61),(((T79,(T92,T170)),((((T163,T120),T153),T3),T13)),T35))),((((((T140,((T181,T112),T122)),(T37,T91)),((T200,T111),T123)),T133),(((T177,(T166,T26)),((T142,T33),T165)),((T22,T199),T39))),(T8,T52))),((((T64,T174),T105),((T145,T23),T59)),(T38,T20))),T171),(T80,T5)),(((T48,T56),(T116,T110)),((T146,T54),T121))),T93),T21),T83);
#NNI moves:0/236
Remaining: 0
#NNI moves:0/236
#NNI moves:0/236
(((((((((((((((((((((((T144,T49),T114),(T45,T167)),T186),((T125,(T101,T6)),(T162,T51))),(((T136,T32),T62),T137)),((T67,(T138,T156)),((((T193,T42),T143),T65),T104))),((((((T84,T44),(T160,T187)),((T12,T11),T132)),(T82,T124)),(T71,T100)),(T164,T134))),(((((T168,T189),T147),T172),(T135,T103)),(T195,T18))),(T159,T130)),((((((T76,T9),T129),(T69,T95)),T74),(((T73,T86),((((T179,T115),(T24,T85)),T188),(T173,T99))),(T150,T141))),(((T53,T68),((((T34,T184),T55),(T57,T176)),T87)),T175))),(((((((((T37,T91),(T140,((T112,T181),T122))),(T123,(T200,T111))),T133),((((T33,T142),T165),(T177,(T166,T26))),((T199,T22),T39))),(T8,T52)),((((T5,T80),((((T110,T116),(T56,T48)),((T146,T54),T121)),((T21,T83),T93))),T171),((((T145,T23),T59),((T64,T174),T105)),(T38,T20)))),((((T13,(((T120,T163),T153),T3)),((T170,T92),T79)),T35),((((T161,T1),T117),(T40,T17)),T61))),(((T27,T16),T119),T131))),T0),(((T197,(T89,(T102,T194))),T50),(((T183,T77),T75),T196))),((((T30,T127),(T19,T151)),((((T178,T191),T2),T154),T81)),(((((T72,T96),T148),(T60,T126)),((T70,T47),T28)),(T97,T182)))),(T14,T118)),((T78,T43),((T158,T46),T152))),((((T7,(T190,T90)),(T88,T58)),(T29,T192)),(T113,T4))),((((T149,T66),((T157,T98),T155)),((T108,T15),((T180,(T10,T139)),T31))),((T63,T41),T94))),(T36,T107)),(T109,(T106,T185))),((T198,T25),T128)),T169);
#NNI moves:0/236
Remaining: 0
#NNI moves:1/236
#NNI moves:1/236
((((((((((((((((((((((T167,T45),(T114,(T49,T144))),T186),((T125,(T101,T6)),(T51,T162))),(((T136,T32),T62),T137)),((((T143,(T42,T193)),T65),T104),((T138,T156),T67))),((((((T84,T44),(T160,T187)),(T132,(T11,T12))),(T82,T124)),(T71,T100)),(T164,T134))),((T18,T195),((((T189,T168),T147),T172),(T135,T103)))),(T159,T130)),((((T150,T141),(((T188,((T24,T85),(T115,T179))),(T173,T99)),(T86,T73))),(T74,((T69,T95),((T9,T76),T129)))),(((((T176,T57),(T55,(T184,T34))),T87),(T53,T68)),T175))),(((((((((((T149,T66),(T155,(T98,T157))),(((T180,(T139,T10)),T31),(T108,T15))),((T41,T63),T94)),(((((T25,T198),T128),T169),((T185,T106),T109)),(T36,T107))),(((T29,T192),(((T90,T190),T7),(T88,T58))),(T4,T113))),((T43,T78),((T158,T46),T152))),(T118,T14)),((((((T191,T178),T2),T154),T81),((T151,T19),(T30,T127))),((T182,T97),(((T60,T126),(T148,(T72,T96))),((T70,T47),T28))))),(((((T102,T194),T89),T197),T50),(((T77,T183),T75),T196))),T0)),(((T16,T27),T119),T131)),(((((T170,T92),T79),((((T163,T120),T153),T3),T13)),T35),(T61,(((T1,T161),T117),(T40,T17))))),(((((T177,(T26,T166)),((T33,T142),T165)),((T22,T199),T39)),((((((T112,T181),T122),T140),(T91,T37)),(T123,(T200,T111))),T133)),(T8,T52))),(((T105,(T64,T174)),((T145,T23),T59)),(T20,T38))),T171),(T5,T80)),((T83,T21),T93)),((T146,T54),T121)),(T56,T48)),T110),T116);
Current score: 6.67209e+10
Current tree: (((((((((((((((((T167,T45),(T114,(T49,T144))),T186),((T125,(T101,T6)),(T51,T162))),(((T136,T32),T62),T137)),((((T143,(T42,T193)),T65),T104),((T138,T156),T67))),((((((T84,T44),(T160,T187)),(T132,(T11,T12))),(T82,T124)),(T71,T100)),(T164,T134))),((T18,T195),((((T189,T168),T147),T172),(T135,T103)))),(T159,T130)),((((T150,T141),(((T188,((T24,T85),(T115,T179))),(T173,T99)),(T86,T73))),(T74,((T69,T95),((T9,T76),T129)))),(((((T176,T57),(T55,(T184,T34))),T87),(T53,T68)),T175))),(((((((((((T149,T66),(T155,(T98,T157))),(((T180,(T139,T10)),T31),(T108,T15))),((T41,T63),T94)),(((((T25,T198),T128),T169),((T185,T106),T109)),(T36,T107))),(((T29,T192),(((T90,T190),T7),(T88,T58))),(T4,T113))),((T43,T78),((T158,T46),T152))),(T118,T14)),((((((T191,T178),T2),T154),T81),((T151,T19),(T30,T127))),((T182,T97),(((T60,T126),(T148,(T72,T96))),((T70,T47),T28))))),(((((T102,T194),T89),T197),T50),(((T77,T183),T75),T196))),T0)),(((T16,T27),T119),T131)),(((((T170,T92),T79),((((T163,T120),T153),T3),T13)),T35),(T61,(((T1,T161),T117),(T40,T17))))),(((((T177,(T26,T166)),((T33,T142),T165)),((T22,T199),T39)),((((((T112,T181),T122),T140),(T91,T37)),(T123,(T200,T111))),T133)),(T8,T52))),(((T105,(T64,T174)),((T145,T23),T59)),(T20,T38))),((T5,T80),(((T83,T21),T93),(((T146,T54),T121),((T56,T48),(T110,T116)))))),T171);
Final Tree: (((((((((((((((((T167,T45),(T114,(T49,T144))),T186),((T125,(T101,T6)),(T51,T162))),(((T136,T32),T62),T137)),((((T143,(T42,T193)),T65),T104),((T138,T156),T67))),((((((T84,T44),(T160,T187)),(T132,(T11,T12))),(T82,T124)),(T71,T100)),(T164,T134))),((T18,T195),((((T189,T168),T147),T172),(T135,T103)))),(T159,T130)),((((T150,T141),(((T188,((T24,T85),(T115,T179))),(T173,T99)),(T86,T73))),(T74,((T69,T95),((T9,T76),T129)))),(((((T176,T57),(T55,(T184,T34))),T87),(T53,T68)),T175))),(((((((((((T149,T66),(T155,(T98,T157))),(((T180,(T139,T10)),T31),(T108,T15))),((T41,T63),T94)),(((((T25,T198),T128),T169),((T185,T106),T109)),(T36,T107))),(((T29,T192),(((T90,T190),T7),(T88,T58))),(T4,T113))),((T43,T78),((T158,T46),T152))),(T118,T14)),((((((T191,T178),T2),T154),T81),((T151,T19),(T30,T127))),((T182,T97),(((T60,T126),(T148,(T72,T96))),((T70,T47),T28))))),(((((T102,T194),T89),T197),T50),(((T77,T183),T75),T196))),T0)),(((T16,T27),T119),T131)),(((((T170,T92),T79),((((T163,T120),T153),T3),T13)),T35),(T61,(((T1,T161),T117),(T40,T17))))),(((((T177,(T26,T166)),((T33,T142),T165)),((T22,T199),T39)),((((((T112,T181),T122),T140),(T91,T37)),(T123,(T200,T111))),T133)),(T8,T52))),(((T105,(T64,T174)),((T145,T23),T59)),(T20,T38))),((T5,T80),(((T83,T21),T93),(((T146,T54),T121),((T56,T48),(T110,T116)))))),T171);
Score: 6.672088392e+10

real	1m6.838s
user	22m8.103s
sys	0m19.290s
