Weighted ASTRAL - Hybrid
Version: v1.13.2.3
#Genetrees: 2000
#Species: 201
#Rounds: 4
#Samples: 4
#Threads: 32
Use two-step algorithm!
Guide Tree 0/27
#NNI moves:0/236
Guide Tree 1/27
#NNI moves:0/236
Guide Tree 2/27
#NNI moves:0/236
Guide Tree 3/27
#NNI moves:1/236
Guide Tree 4/27
#NNI moves:1/236
Guide Tree 5/27
#NNI moves:0/236
Guide Tree 6/27
#NNI moves:1/236
Guide Tree 7/27
#NNI moves:2/236
Guide Tree 8/27
#NNI moves:1/236
Guide Tree 9/27
#NNI moves:2/236
Guide Tree 10/27
#NNI moves:2/236
Guide Tree 11/27
#NNI moves:3/236
Guide Tree 12/27
#NNI moves:3/236
Guide Tree 13/27
#NNI moves:2/236
Guide Tree 14/27
#NNI moves:1/236
Guide Tree 15/27
#NNI moves:1/236
Guide Tree 16/27
#NNI moves:1/236
Guide Tree 17/27
#NNI moves:0/236
Guide Tree 18/27
#NNI moves:3/236
Guide Tree 19/27
#NNI moves:1/236
Guide Tree 20/27
#NNI moves:2/236
Guide Tree 21/27
#NNI moves:0/236
Guide Tree 22/27
#NNI moves:0/236
Guide Tree 23/27
#NNI moves:0/236
Guide Tree 24/27
#NNI moves:0/236
Guide Tree 25/27
#NNI moves:1/236
Guide Tree 26/27
#NNI moves:0/236
Remaining: 0
#NNI moves:3/236
#NNI moves:3/236
(((((((((((((((T147,T166),(T11,T89)),((T186,T28),T144)),((((T63,(T167,T146)),(T40,T185)),T172),T122)),((((T7,T90),(T140,T73)),(T55,T195)),((((T26,T30),T151),((((T176,T13),T194),T132),(T16,T69))),(((T188,T86),T93),(T78,T99))))),(((((T152,T104),(T109,T8)),T174),((T168,T177),T114)),(T198,T170))),(((((T150,T67),T92),((((((T162,T103),T134),(T56,((T117,T157),T95))),((((T138,T22),(T181,T131)),(T179,T48)),((T171,T101),T77))),(T62,T3)),(T20,T116))),((T155,T9),((T32,T39),(T81,T115)))),(((T102,(T74,T49)),T82),T200))),((((((T160,T15),((T87,T85),T79)),T66),T190),T128),((T76,T27),(T106,T126)))),T0),((((((T192,T46),T52),((T136,T70),T110)),((T123,T158),T5)),(((T44,T80),(T98,T184)),((((T91,T173),(T2,(T12,T127))),T65),(T139,T61)))),((T111,T159),((T141,(T10,T75)),T137)))),(((((((T165,((T120,(T191,T142)),T51)),T29),((T33,T100),T97)),((((T121,(T68,T94)),T96),((T113,T197),T42)),T156)),T1),T37),((((T34,T175),(T88,(T45,T199))),((T164,T148),T21)),((T183,T143),T145)))),(((((((T125,T14),T24),(T107,T19)),(((T43,T130),T118),(T18,T35))),((T154,((T187,T149),T105)),T84)),((((T54,(T31,T108)),(T57,T129)),((T163,T71),T189)),((T4,T135),(T64,(T83,T169))))),(((T50,(T59,(T112,T60))),(T153,T161)),(((T36,T133),(T53,T193)),((T178,T119),T41))))),(((T38,T180),((T47,T25),T72)),((T124,(T17,T6)),(T182,T58)))),T196),T23);
Guide Tree 0/27
#NNI moves:2/236
Guide Tree 1/27
#NNI moves:2/236
Guide Tree 2/27
#NNI moves:2/236
Guide Tree 3/27
#NNI moves:2/236
Guide Tree 4/27
#NNI moves:3/236
Guide Tree 5/27
#NNI moves:1/236
Guide Tree 6/27
#NNI moves:0/236
Guide Tree 7/27
#NNI moves:0/236
Guide Tree 8/27
#NNI moves:2/236
Guide Tree 9/27
#NNI moves:5/236
Guide Tree 10/27
#NNI moves:3/236
Guide Tree 11/27
#NNI moves:5/236
Guide Tree 12/27
#NNI moves:2/236
Guide Tree 13/27
#NNI moves:1/236
Guide Tree 14/27
#NNI moves:1/236
Guide Tree 15/27
#NNI moves:2/236
Guide Tree 16/27
#NNI moves:5/236
Guide Tree 17/27
#NNI moves:5/236
Guide Tree 18/27
#NNI moves:1/236
Guide Tree 19/27
#NNI moves:2/236
Guide Tree 20/27
#NNI moves:0/236
Guide Tree 21/27
#NNI moves:0/236
Guide Tree 22/27
#NNI moves:2/236
Guide Tree 23/27
#NNI moves:2/236
Guide Tree 24/27
#NNI moves:1/236
Guide Tree 25/27
#NNI moves:1/236
Guide Tree 26/27
#NNI moves:0/236
Remaining: 0
#NNI moves:3/236
#NNI moves:3/236
((((((((((((((((T40,T185),((T146,T167),T63)),T172),T122),(((T166,T147),(T11,T89)),((T186,T28),T144))),(((((T69,T16),(T132,((T13,T176),T194))),((T30,T26),T151)),(((T188,T86),T93),(T99,T78))),(((T90,T7),(T73,T140)),(T55,T195)))),((((T168,T177),T114),(((T109,T8),(T104,T152)),T174)),(T170,T198))),((((((T62,T3),(((((T22,T138),(T131,T181)),(T179,T48)),((T101,T171),T77)),((((T157,T117),T95),T56),((T162,T103),T134)))),(T20,T116)),(T92,(T67,T150))),((T9,T155),((T32,T39),(T81,T115)))),((((T74,T49),T102),T82),T200))),(((((((T87,T85),T79),(T160,T15)),T66),T190),T128),((T106,T126),(T76,T27)))),T0),((((((T192,T46),T52),(T110,(T136,T70))),(T5,(T123,T158))),(((T44,T80),(T184,T98)),((T139,T61),((((T12,T127),T2),(T173,T91)),T65)))),((((T10,T75),T141),T137),(T111,T159)))),(((((((((T94,T68),T121),T96),(T42,(T113,T197))),T156),((((((T142,T191),T120),T51),T165),T29),((T33,T100),T97))),T1),T37),(((((T45,T199),T88),(T175,T34)),((T164,T148),T21)),((T183,T143),T145)))),((((((T118,(T130,T43)),(T35,T18)),(((T14,T125),T24),(T107,T19))),(T84,(T154,((T149,T187),T105)))),((((T169,T83),T64),(T4,T135)),(((T57,T129),((T108,T31),T54)),((T71,T163),T189)))),((((T36,T133),(T193,T53)),(T41,(T178,T119))),(((T59,(T60,T112)),T50),(T153,T161))))),(((T38,T180),((T25,T47),T72)),((T182,T58),((T6,T17),T124)))),T196),T23);
Guide Tree 0/27
#NNI moves:1/236
Guide Tree 1/27
#NNI moves:3/236
Guide Tree 2/27
#NNI moves:0/236
Guide Tree 3/27
#NNI moves:1/236
Guide Tree 4/27
#NNI moves:0/236
Guide Tree 5/27
#NNI moves:3/236
Guide Tree 6/27
#NNI moves:2/236
Guide Tree 7/27
#NNI moves:3/236
Guide Tree 8/27
#NNI moves:0/236
Guide Tree 9/27
#NNI moves:3/236
Guide Tree 10/27
#NNI moves:1/236
Guide Tree 11/27
#NNI moves:1/236
Guide Tree 12/27
#NNI moves:3/236
Guide Tree 13/27
#NNI moves:3/236
Guide Tree 14/27
#NNI moves:0/236
Guide Tree 15/27
#NNI moves:1/236
Guide Tree 16/27
#NNI moves:1/236
Guide Tree 17/27
#NNI moves:3/236
Guide Tree 18/27
#NNI moves:1/236
Guide Tree 19/27
#NNI moves:4/236
Guide Tree 20/27
#NNI moves:3/236
Guide Tree 21/27
#NNI moves:1/236
Guide Tree 22/27
#NNI moves:1/236
Guide Tree 23/27
#NNI moves:0/236
Guide Tree 24/27
#NNI moves:3/236
Guide Tree 25/27
#NNI moves:1/236
Guide Tree 26/27
#NNI moves:0/236
Remaining: 0
#NNI moves:3/236
#NNI moves:3/236
(((((((((((((((T140,T73),(T90,T7)),(T55,T195)),(((T78,T99),((T86,T188),T93)),(((((T176,T13),T194),T132),(T69,T16)),(T151,(T30,T26))))),(((((T185,T40),((T146,T167),T63)),T172),T122),(((T89,T11),(T166,T147)),((T28,T186),T144)))),(((T174,((T104,T152),(T109,T8))),((T168,T177),T114)),(T198,T170))),((((T155,T9),((T115,T81),(T32,T39))),((((((((T22,T138),(T131,T181)),(T48,T179)),((T101,T171),T77)),((((T117,T157),T95),T56),(T134,(T162,T103)))),(T3,T62)),(T20,T116)),((T67,T150),T92))),((T82,(T102,(T49,T74))),T200))),(((T106,T126),(T27,T76)),(((T66,(((T87,T85),T79),(T160,T15))),T190),T128))),T0),((((((T192,T46),T52),(T110,(T70,T136))),((T123,T158),T5)),(((T98,T184),(T44,T80)),((((T2,(T12,T127)),(T91,T173)),T65),(T139,T61)))),((T137,((T10,T75),T141)),(T111,T159)))),(((((T34,T175),((T199,T45),T88)),((T164,T148),T21)),(T145,(T183,T143))),(((((T97,(T100,T33)),(((T51,((T142,T191),T120)),T165),T29)),(((T96,((T94,T68),T121)),((T113,T197),T42)),T156)),T1),T37))),(((((T135,T4),((T83,T169),T64)),(((T129,T57),((T108,T31),T54)),((T163,T71),T189))),((((T107,T19),((T14,T125),T24)),(((T43,T130),T118),(T18,T35))),(T84,(T154,(T105,(T187,T149)))))),(((((T112,T60),T59),T50),(T161,T153)),(((T178,T119),T41),((T133,T36),(T53,T193)))))),(((T182,T58),((T6,T17),T124)),((T180,T38),((T25,T47),T72)))),T196),T23);
Guide Tree 0/27
#NNI moves:1/236
Guide Tree 1/27
#NNI moves:1/236
Guide Tree 2/27
#NNI moves:0/236
Guide Tree 3/27
#NNI moves:0/236
Guide Tree 4/27
#NNI moves:3/236
Guide Tree 5/27
#NNI moves:1/236
Guide Tree 6/27
#NNI moves:0/236
Guide Tree 7/27
#NNI moves:0/236
Guide Tree 8/27
#NNI moves:1/236
Guide Tree 9/27
#NNI moves:0/236
Guide Tree 10/27
#NNI moves:0/236
Guide Tree 11/27
#NNI moves:0/236
Guide Tree 12/27
#NNI moves:1/236
Guide Tree 13/27
#NNI moves:0/236
Guide Tree 14/27
#NNI moves:3/236
Guide Tree 15/27
#NNI moves:0/236
Guide Tree 16/27
#NNI moves:0/236
Guide Tree 17/27
#NNI moves:0/236
Guide Tree 18/27
#NNI moves:1/236
Guide Tree 19/27
#NNI moves:0/236
Guide Tree 20/27
#NNI moves:3/236
Guide Tree 21/27
#NNI moves:0/236
Guide Tree 22/27
#NNI moves:0/236
Guide Tree 23/27
#NNI moves:3/236
Guide Tree 24/27
#NNI moves:0/236
Guide Tree 25/27
#NNI moves:0/236
Guide Tree 26/27
#NNI moves:0/236
Remaining: 0
#NNI moves:3/236
#NNI moves:3/236
(((((((((((((((((((T157,T117),T95),T56),((T103,T162),T134)),((((T131,T181),(T22,T138)),(T48,T179)),(T77,(T171,T101)))),(T3,T62)),(T20,T116)),(T92,(T67,T150))),(((T39,T32),(T81,T115)),(T9,T155))),((T82,((T49,T74),T102)),T200)),((((T122,((((T167,T146),T63),(T40,T185)),T172)),(((T166,T147),(T89,T11)),((T186,T28),T144))),((((T73,T140),(T7,T90)),(T55,T195)),((((T30,T26),T151),((((T176,T13),T194),T132),(T69,T16))),(((T188,T86),T93),(T99,T78))))),((((T177,T168),T114),(((T109,T8),(T104,T152)),T174)),(T170,T198)))),((((((T15,T160),((T85,T87),T79)),T66),T190),T128),((T106,T126),(T76,T27)))),T0),(((((T110,(T70,T136)),(T52,(T46,T192))),((T123,T158),T5)),((((((T12,T127),T2),(T91,T173)),T65),(T139,T61)),((T98,T184),(T80,T44)))),((((T75,T10),T141),T137),(T159,T111)))),(((((T156,((((T68,T94),T121),T96),(T42,(T113,T197)))),(((T33,T100),T97),((T165,((T120,(T191,T142)),T51)),T29))),T1),T37),(((T183,T143),T145),(((T164,T148),T21),((T175,T34),((T199,T45),T88)))))),(((((((T31,T108),T54),(T129,T57)),((T163,T71),T189)),(((T169,T83),T64),(T4,T135))),(((((T130,T43),T118),(T35,T18)),(((T125,T14),T24),(T107,T19))),(T84,(((T187,T149),T105),T154)))),(((T50,((T60,T112),T59)),(T161,T153)),(((T133,T36),(T193,T53)),(T41,(T178,T119)))))),(((T58,T182),((T17,T6),T124)),((T180,T38),(T72,(T47,T25))))),T196),T23);
Initial score: 6.60946e+10
Initial tree: (((((((((((((((((((T157,T117),T95),T56),((T103,T162),T134)),((((T131,T181),(T22,T138)),(T48,T179)),(T77,(T171,T101)))),(T3,T62)),(T20,T116)),(T92,(T67,T150))),(((T39,T32),(T81,T115)),(T9,T155))),((T82,((T49,T74),T102)),T200)),((((T122,((((T167,T146),T63),(T40,T185)),T172)),(((T166,T147),(T89,T11)),((T186,T28),T144))),((((T73,T140),(T7,T90)),(T55,T195)),((((T30,T26),T151),((((T176,T13),T194),T132),(T69,T16))),(((T188,T86),T93),(T99,T78))))),((((T177,T168),T114),(((T109,T8),(T104,T152)),T174)),(T170,T198)))),((((((T15,T160),((T85,T87),T79)),T66),T190),T128),((T106,T126),(T76,T27)))),T0),(((((T110,(T70,T136)),(T52,(T46,T192))),((T123,T158),T5)),((((((T12,T127),T2),(T91,T173)),T65),(T139,T61)),((T98,T184),(T80,T44)))),((((T75,T10),T141),T137),(T159,T111)))),(((((T156,((((T68,T94),T121),T96),(T42,(T113,T197)))),(((T33,T100),T97),((T165,((T120,(T191,T142)),T51)),T29))),T1),T37),(((T183,T143),T145),(((T164,T148),T21),((T175,T34),((T199,T45),T88)))))),(((((((T31,T108),T54),(T129,T57)),((T163,T71),T189)),(((T169,T83),T64),(T4,T135))),(((((T130,T43),T118),(T35,T18)),(((T125,T14),T24),(T107,T19))),(T84,(((T187,T149),T105),T154)))),(((T50,((T60,T112),T59)),(T161,T153)),(((T133,T36),(T193,T53)),(T41,(T178,T119)))))),(((T58,T182),((T17,T6),T124)),((T180,T38),(T72,(T47,T25))))),T196),T23);
*** Subsample Process ***
Use two-step algorithm!
#NNI moves:1/236
Remaining: 0
#NNI moves:3/236
#NNI moves:3/236
((((((((((((((((((((((((T14,T125),T24),(T107,T19)),((T118,(T130,T43)),(T18,T35))),((((T187,T149),T105),T154),T84)),(((((T31,T108),T54),(T129,T57)),((T71,T163),T189)),((T4,T135),((T169,T83),T64)))),((((T53,T193),(T133,T36)),(T41,(T119,T178))),((((T60,T112),T59),T50),(T161,T153)))),((T196,T23),(((T180,T38),(T72,(T47,T25))),(((T17,T6),T124),(T182,T58))))),(((((T156,((T96,((T94,T68),T121)),(T42,(T197,T113)))),(((((T120,(T191,T142)),T51),T165),T29),((T33,T100),T97))),T1),T37),((((T34,T175),((T199,T45),T88)),((T164,T148),T21)),(T145,(T183,T143))))),(((((T110,(T136,T70)),((T46,T192),T52)),(T5,(T158,T123))),((((((T12,T127),T2),(T173,T91)),T65),(T61,T139)),((T98,T184),(T80,T44)))),(((T141,(T10,T75)),T137),(T111,T159)))),T0),(((T190,((((T87,T85),T79),(T160,T15)),T66)),T128),((T27,T76),(T106,T126)))),((((((T7,T90),(T140,T73)),(T55,T195)),((((T30,T26),T151),((T69,T16),(((T176,T13),T194),T132))),(((T188,T86),T93),(T78,T99)))),((((((T167,T146),T63),(T40,T185)),T172),T122),(((T186,T28),T144),((T147,T166),(T89,T11))))),((((T177,T168),T114),(((T109,T8),(T104,T152)),T174)),(T170,T198)))),((((T74,T49),T102),T82),T200)),((T9,T155),((T39,T32),(T115,T81)))),(T92,(T150,T67))),(T116,T20)),(T62,T3)),((((T157,T117),T95),T56),((T162,T103),T134))),((T101,T171),T77)),(T48,T179)),(T22,T138)),T131),T181);
#NNI moves:3/236
Remaining: 3
#NNI moves:5/236
#NNI moves:5/236
(((((((((((T75,T10),T141),T137),(T111,T159)),(((((T192,T46),T52),((T136,T70),T110)),(T5,(T158,T123))),(((T61,T139),(((T91,T173),((T12,T127),T2)),T65)),((T98,T184),(T44,T80))))),((((((((((((T162,T103),T134),(T56,((T157,T117),T95))),(((T171,T101),T77),(((T138,T22),(T131,T181)),(T48,T179)))),(T3,T62)),(T20,T116)),((T150,T67),T92)),((T9,T155),((T32,T39),(T115,T81)))),(((T102,(T74,T49)),T82),T200)),(((((T195,T55),((T7,T90),(T73,T140))),((((((T176,T13),T194),T132),(T69,T16)),(T151,(T26,T30))),((T93,(T86,T188)),(T78,T99)))),((((T28,T186),T144),((T147,T166),(T11,T89))),(((((T146,T167),T63),(T40,T185)),T172),T122))),(((((T152,T104),(T8,T109)),T174),(T114,(T168,T177))),(T170,T198)))),(((T190,((((T85,T87),T79),(T160,T15)),T66)),T128),((T27,T76),(T126,T106)))),T0)),((((((T29,((((T142,T191),T120),T51),T165)),(T97,(T33,T100))),((((T121,(T94,T68)),T96),((T113,T197),T42)),T156)),T1),T37),(((T21,(T148,T164)),(((T199,T45),T88),(T175,T34))),(T145,(T183,T143))))),((((((T19,T107),((T125,T14),T24)),((T18,T35),((T43,T130),T118))),((((T149,T187),T105),T154),T84)),(((T135,T4),(T64,(T169,T83))),(((T129,T57),((T31,T108),T54)),((T71,T163),T189)))),(((((T60,T112),T59),T50),(T153,T161)),(((T36,T133),(T53,T193)),((T178,T119),T41))))),(((T58,T182),((T17,T6),T124)),((T72,(T47,T25)),(T180,T38)))),T23),T196);
#NNI moves:0/236
Remaining: 0
#NNI moves:8/236
#NNI moves:8/236
(((((((((((((((((T103,T162),T134),(((T157,T117),T95),T56)),(((T101,T171),T77),(((T181,T131),(T138,T22)),(T179,T48)))),(T62,T3)),(T116,T20)),((T150,T67),T92)),(((T39,T32),(T81,T115)),(T9,T155))),((((T49,T74),T102),T82),T200)),(((((((T132,((T13,T176),T194)),(T16,T69)),((T26,T30),T151)),((T78,T99),((T86,T188),T93))),(((T7,T90),(T140,T73)),(T55,T195))),((((((T167,T146),T63),(T40,T185)),T172),T122),(((T147,T166),(T89,T11)),(T144,(T186,T28))))),((T198,T170),((T114,(T177,T168)),(((T152,T104),(T109,T8)),T174))))),((((((T79,(T87,T85)),(T160,T15)),T66),T190),T128),((T27,T76),(T126,T106)))),T0),(((((((T36,T133),(T193,T53)),((T178,T119),T41)),((T161,T153),(((T60,T112),T59),T50))),(((T84,(((T149,T187),T105),T154)),(((T35,T18),((T130,T43),T118)),((T24,(T14,T125)),(T19,T107)))),((((T54,(T108,T31)),(T129,T57)),((T163,T71),T189)),((T64,(T83,T169)),(T135,T4))))),(((((T6,T17),T124),(T182,T58)),(((T25,T47),T72),(T38,T180))),(T23,T196))),(((((((((T120,(T142,T191)),T51),T165),T29),(T97,(T100,T33))),(((T42,(T113,T197)),((T121,(T94,T68)),T96)),T156)),T1),T37),((((T34,T175),(T88,(T45,T199))),(T21,(T164,T148))),((T183,T143),T145))))),((((((T173,T91),(T2,(T127,T12))),T65),(T61,T139)),((T184,T98),(T80,T44))),((((T192,T46),T52),((T136,T70),T110)),(T5,(T158,T123))))),(T137,(T141,(T10,T75)))),T111),T159);
#NNI moves:1/236
Remaining: 0
#NNI moves:4/236
#NNI moves:4/236
(((((((((((((((T147,T166),(T89,T11)),(T144,(T28,T186))),((((T40,T185),((T146,T167),T63)),T172),T122)),((((((T194,(T13,T176)),T132),(T16,T69)),((T30,T26),T151)),(((T188,T86),T93),(T78,T99))),(((T90,T7),(T73,T140)),(T195,T55)))),((T170,T198),(((T177,T168),T114),(((T104,T152),(T8,T109)),T174)))),((((((((((T157,T117),T95),T56),((T162,T103),T134)),(((T179,T48),((T138,T22),(T181,T131))),(T77,(T171,T101)))),(T62,T3)),(T116,T20)),((T67,T150),T92)),(((T115,T81),(T32,T39)),(T9,T155))),((((T49,T74),T102),T82),T200))),((((((T79,(T87,T85)),(T160,T15)),T66),T190),T128),((T76,T27),(T126,T106)))),T0),(((((T61,T139),((((T12,T127),T2),(T173,T91)),T65)),((T184,T98),(T44,T80))),((((T46,T192),T52),((T136,T70),T110)),((T158,T123),T5))),((T159,T111),(((T75,T10),T141),T137)))),((((((((((T142,T191),T120),T51),T165),T29),(T97,(T100,T33))),(((T42,(T197,T113)),(((T94,T68),T121),T96)),T156)),T1),T37),(((((T45,T199),T88),(T34,T175)),(T21,(T164,T148))),((T183,T143),T145)))),(((((((T43,T130),T118),(T35,T18)),((T107,T19),(T24,(T125,T14)))),(((T105,(T187,T149)),T154),T84)),((((T169,T83),T64),(T135,T4)),(((T163,T71),T189),(((T108,T31),T54),(T57,T129))))),((((T193,T53),(T133,T36)),(T41,(T178,T119))),((((T112,T60),T59),T50),(T161,T153))))),(((T182,T58),(T124,(T17,T6))),((T72,(T47,T25)),(T38,T180)))),T23),T196);
Current score: 6.60946e+10
Current tree: (((((((((((((((T147,T166),(T89,T11)),(T144,(T28,T186))),((((T40,T185),((T146,T167),T63)),T172),T122)),((((((T194,(T13,T176)),T132),(T16,T69)),((T30,T26),T151)),(((T188,T86),T93),(T78,T99))),(((T90,T7),(T73,T140)),(T195,T55)))),((T170,T198),(((T177,T168),T114),(((T104,T152),(T8,T109)),T174)))),((((((((((T157,T117),T95),T56),((T162,T103),T134)),(((T179,T48),((T138,T22),(T181,T131))),(T77,(T171,T101)))),(T62,T3)),(T116,T20)),((T67,T150),T92)),(((T115,T81),(T32,T39)),(T9,T155))),((((T49,T74),T102),T82),T200))),((((((T79,(T87,T85)),(T160,T15)),T66),T190),T128),((T76,T27),(T126,T106)))),T0),(((((T61,T139),((((T12,T127),T2),(T173,T91)),T65)),((T184,T98),(T44,T80))),((((T46,T192),T52),((T136,T70),T110)),((T158,T123),T5))),((T159,T111),(((T75,T10),T141),T137)))),((((((((((T142,T191),T120),T51),T165),T29),(T97,(T100,T33))),(((T42,(T197,T113)),(((T94,T68),T121),T96)),T156)),T1),T37),(((((T45,T199),T88),(T34,T175)),(T21,(T164,T148))),((T183,T143),T145)))),(((((((T43,T130),T118),(T35,T18)),((T107,T19),(T24,(T125,T14)))),(((T105,(T187,T149)),T154),T84)),((((T169,T83),T64),(T135,T4)),(((T163,T71),T189),(((T108,T31),T54),(T57,T129))))),((((T193,T53),(T133,T36)),(T41,(T178,T119))),((((T112,T60),T59),T50),(T161,T153))))),(((T182,T58),(T124,(T17,T6))),((T72,(T47,T25)),(T38,T180)))),T196),T23);
Use two-step algorithm!
#NNI moves:1/236
Remaining: 0
#NNI moves:4/236
#NNI moves:4/236
(((((((((((((((((T133,T36),(T53,T193)),((T178,T119),T41)),((T50,(T59,(T112,T60))),(T161,T153))),(((((T18,T35),(T118,(T43,T130))),(((T14,T125),T24),(T19,T107))),((((T149,T187),T105),T154),T84)),(((T135,T4),(T64,(T83,T169))),((((T108,T31),T54),(T129,T57)),(T189,(T163,T71)))))),(((((T47,T25),T72),(T180,T38)),((T58,T182),((T6,T17),T124))),(T196,T23))),((((((((T197,T113),T42),(((T68,T94),T121),T96)),T156),((((T51,((T142,T191),T120)),T165),T29),((T100,T33),T97))),T1),T37),((((T175,T34),(T88,(T199,T45))),((T148,T164),T21)),((T143,T183),T145)))),(((((T123,T158),T5),(((T46,T192),T52),(T110,(T70,T136)))),(((T80,T44),(T98,T184)),((((T91,T173),((T127,T12),T2)),T65),(T139,T61)))),((T159,T111),(T137,(T141,(T75,T10)))))),T0),(((T126,T106),(T27,T76)),((((((T87,T85),T79),(T15,T160)),T66),T190),T128))),(((((((((T103,T162),T134),((T95,(T157,T117)),T56)),((T77,(T101,T171)),(((T131,T181),(T138,T22)),(T179,T48)))),(T3,T62)),(T20,T116)),((T67,T150),T92)),(((T32,T39),(T115,T81)),(T9,T155))),(((T102,(T49,T74)),T82),T200))),((T198,T170),((((T152,T104),(T8,T109)),T174),((T177,T168),T114)))),(((((T86,T188),T93),(T78,T99)),((T151,(T30,T26)),((((T13,T176),T194),T132),(T69,T16)))),(((T7,T90),(T140,T73)),(T55,T195)))),(((T11,T89),(T166,T147)),(T144,(T28,T186)))),T122),((T40,T185),(T63,(T146,T167)))),T172);
#NNI moves:4/236
Remaining: 0
#NNI moves:6/236
#NNI moves:6/236
((((((((((((((((((T63,(T167,T146)),(T185,T40)),T172),T122),(((T186,T28),T144),((T11,T89),(T147,T166)))),((((T90,T7),(T140,T73)),(T195,T55)),((((T188,T86),T93),(T99,T78)),(((T69,T16),(((T176,T13),T194),T132)),(T151,(T30,T26)))))),((T170,T198),((((T152,T104),(T8,T109)),T174),((T168,T177),T114)))),(((((T20,T116),((((T56,((T117,T157),T95)),((T103,T162),T134)),(((T101,T171),T77),(((T181,T131),(T138,T22)),(T179,T48)))),(T62,T3))),((T150,T67),T92)),(((T32,T39),(T115,T81)),(T9,T155))),(((T102,(T49,T74)),T82),T200))),(((T126,T106),(T76,T27)),(((((T79,(T87,T85)),(T160,T15)),T66),T190),T128))),T0),(((((T110,(T70,T136)),((T46,T192),T52)),((T158,T123),T5)),(((T184,T98),(T80,T44)),(((((T12,T127),T2),(T173,T91)),T65),(T61,T139)))),((T137,((T10,T75),T141)),(T159,T111)))),(((((((((T68,T94),T121),T96),((T113,T197),T42)),T156),((((((T142,T191),T120),T51),T165),T29),(T97,(T100,T33)))),T1),T37),(((T21,(T164,T148)),((T34,T175),((T45,T199),T88))),((T143,T183),T145)))),(((((T135,T4),((T83,T169),T64)),(((T129,T57),(T54,(T31,T108))),((T163,T71),T189))),((((T19,T107),((T125,T14),T24)),(((T43,T130),T118),(T18,T35))),((((T187,T149),T105),T154),T84))),(((T41,(T178,T119)),((T53,T193),(T36,T133))),((((T60,T112),T59),T50),(T153,T161))))),(T196,T23)),(((T17,T6),T124),(T182,T58))),((T47,T25),T72)),T180),T38);
#NNI moves:0/236
Remaining: 0
#NNI moves:0/236
#NNI moves:0/236
(((((((((((((((((((T14,T125),T24),(T107,T19)),(((T130,T43),T118),(T18,T35))),((((T149,T187),T105),T154),T84)),((((T169,T83),T64),(T135,T4)),((((T31,T108),T54),(T57,T129)),((T71,T163),T189)))),(((T153,T161),(T50,(T59,(T112,T60)))),(((T133,T36),(T53,T193)),((T178,T119),T41)))),(((((T6,T17),T124),(T182,T58)),((T72,(T25,T47)),(T38,T180))),(T23,T196))),(((((((((T94,T68),T121),T96),(T42,(T197,T113))),T156),(((T33,T100),T97),(((((T142,T191),T120),T51),T165),T29))),T1),T37),((((T88,(T45,T199)),(T175,T34)),((T164,T148),T21)),((T183,T143),T145)))),(((((T110,(T70,T136)),(T52,(T192,T46))),((T123,T158),T5)),(((T65,((T173,T91),((T12,T127),T2))),(T139,T61)),((T98,T184),(T80,T44)))),((T111,T159),(((T75,T10),T141),T137)))),T0),((((((T79,(T85,T87)),(T160,T15)),T66),T190),T128),((T27,T76),(T106,T126)))),((((((((((T117,T157),T95),T56),((T103,T162),T134)),((((T131,T181),(T138,T22)),(T48,T179)),(T77,(T171,T101)))),(T3,T62)),(T116,T20)),((T150,T67),T92)),((T155,T9),((T115,T81),(T32,T39)))),((((T49,T74),T102),T82),T200))),(((T174,((T104,T152),(T109,T8))),((T177,T168),T114)),(T198,T170))),((((T7,T90),(T73,T140)),(T195,T55)),(((T93,(T86,T188)),(T99,T78)),(((T132,((T176,T13),T194)),(T69,T16)),((T26,T30),T151))))),((T172,((T185,T40),((T146,T167),T63))),T122)),((T166,T147),(T11,T89))),(T186,T28)),T144);
#NNI moves:1/236
Remaining: 0
#NNI moves:3/236
#NNI moves:3/236
(((((((((((((((((((((((T103,T162),T134),((T95,(T157,T117)),T56)),((T77,(T101,T171)),((T48,T179),((T22,T138),(T131,T181))))),(T62,T3)),(T20,T116)),((T150,T67),T92)),(((T32,T39),(T115,T81)),(T155,T9))),((((T74,T49),T102),T82),T200)),((((T114,(T177,T168)),(((T8,T109),(T152,T104)),T174)),(T198,T170)),(((((T99,T78),((T86,T188),T93)),(((((T13,T176),T194),T132),(T69,T16)),((T26,T30),T151))),(((T90,T7),(T73,T140)),(T55,T195))),(((T144,(T28,T186)),((T89,T11),(T147,T166))),((((T63,(T167,T146)),(T185,T40)),T172),T122))))),(((((((T85,T87),T79),(T15,T160)),T66),T190),T128),((T126,T106),(T27,T76)))),T0),((((((T136,T70),T110),((T46,T192),T52)),((T123,T158),T5)),((((((T127,T12),T2),(T91,T173)),T65),(T139,T61)),((T98,T184),(T80,T44)))),((T159,T111),(T137,(T141,(T10,T75)))))),((((((((T113,T197),T42),(((T68,T94),T121),T96)),T156),((((((T142,T191),T120),T51),T165),T29),(T97,(T100,T33)))),T1),T37),(((((T199,T45),T88),(T175,T34)),((T164,T148),T21)),((T143,T183),T145)))),((((T38,T180),(T72,(T47,T25))),((T124,(T17,T6)),(T58,T182))),(T23,T196))),(((T41,(T178,T119)),((T53,T193),(T133,T36))),(((T59,(T60,T112)),T50),(T161,T153)))),(((T4,T135),((T83,T169),T64)),(((T54,(T108,T31)),(T129,T57)),((T163,T71),T189)))),((((T149,T187),T105),T154),T84)),(((T130,T43),T118),(T18,T35))),(T107,T19)),T24),T125),T14);
Current score: 6.60946e+10
Current tree: ((T196,((((T38,T180),(T72,(T47,T25))),((T124,(T17,T6)),(T58,T182))),(((((((((((((((T103,T162),T134),((T95,(T157,T117)),T56)),((T77,(T101,T171)),((T48,T179),((T22,T138),(T131,T181))))),(T62,T3)),(T20,T116)),((T150,T67),T92)),(((T32,T39),(T115,T81)),(T155,T9))),((((T74,T49),T102),T82),T200)),((((T114,(T177,T168)),(((T8,T109),(T152,T104)),T174)),(T198,T170)),(((((T99,T78),((T86,T188),T93)),(((((T13,T176),T194),T132),(T69,T16)),((T26,T30),T151))),(((T90,T7),(T73,T140)),(T55,T195))),(((T144,(T28,T186)),((T89,T11),(T147,T166))),((((T63,(T167,T146)),(T185,T40)),T172),T122))))),(((((((T85,T87),T79),(T15,T160)),T66),T190),T128),((T126,T106),(T27,T76)))),T0),((((((T136,T70),T110),((T46,T192),T52)),((T123,T158),T5)),((((((T127,T12),T2),(T91,T173)),T65),(T139,T61)),((T98,T184),(T80,T44)))),((T159,T111),(T137,(T141,(T10,T75)))))),((((((((T113,T197),T42),(((T68,T94),T121),T96)),T156),((((((T142,T191),T120),T51),T165),T29),(T97,(T100,T33)))),T1),T37),(((((T199,T45),T88),(T175,T34)),((T164,T148),T21)),((T143,T183),T145)))),((((T41,(T178,T119)),((T53,T193),(T133,T36))),(((T59,(T60,T112)),T50),(T161,T153))),((((T4,T135),((T83,T169),T64)),(((T54,(T108,T31)),(T129,T57)),((T163,T71),T189))),(((((T149,T187),T105),T154),T84),((((T130,T43),T118),(T18,T35)),((T107,T19),(T24,(T125,T14)))))))))),T23);
Use two-step algorithm!
#NNI moves:0/236
Remaining: 0
#NNI moves:0/236
#NNI moves:0/236
((((((((((((((((T177,T168),T114),(((T104,T152),(T8,T109)),T174)),(T198,T170)),(((((((T167,T146),T63),(T185,T40)),T172),T122),(((T28,T186),T144),((T147,T166),(T89,T11)))),(((((T16,T69),((T194,(T176,T13)),T132)),((T26,T30),T151)),(((T86,T188),T93),(T99,T78))),(((T90,T7),(T140,T73)),(T55,T195))))),((((((T62,T3),((((T171,T101),T77),(((T138,T22),(T131,T181)),(T48,T179))),(((T95,(T157,T117)),T56),((T103,T162),T134)))),(T116,T20)),((T67,T150),T92)),(((T115,T81),(T39,T32)),(T155,T9))),(((T102,(T74,T49)),T82),T200))),((((((T15,T160),((T85,T87),T79)),T66),T190),T128),((T27,T76),(T106,T126)))),T0),(((((T184,T98),(T44,T80)),((((T91,T173),((T12,T127),T2)),T65),(T139,T61))),(((T52,(T46,T192)),((T136,T70),T110)),((T123,T158),T5))),((T137,((T10,T75),T141)),(T111,T159)))),((((((((T113,T197),T42),(((T94,T68),T121),T96)),T156),((((((T142,T191),T120),T51),T165),T29),((T33,T100),T97))),T1),T37),(((T143,T183),T145),(((T148,T164),T21),(((T199,T45),T88),(T34,T175)))))),(((((T178,T119),T41),((T193,T53),(T36,T133))),(((T59,(T60,T112)),T50),(T153,T161))),((((((T130,T43),T118),(T18,T35)),(((T125,T14),T24),(T19,T107))),((T154,((T187,T149),T105)),T84)),(((T64,(T169,T83)),(T4,T135)),((((T31,T108),T54),(T129,T57)),((T163,T71),T189)))))),(T196,T23)),((T38,T180),((T25,T47),T72))),(T58,T182)),(T6,T17)),T124);
#NNI moves:1/236
Remaining: 0
#NNI moves:4/236
#NNI moves:4/236
((((((((((((((((T143,T183),T145),((((T199,T45),T88),(T175,T34)),((T148,T164),T21))),((((((T100,T33),T97),(T29,(((T120,(T191,T142)),T51),T165))),(((((T94,T68),T121),T96),((T197,T113),T42)),T156)),T1),T37)),((((((T53,T193),(T133,T36)),((T119,T178),T41)),((((T60,T112),T59),T50),(T161,T153))),((((T154,(T105,(T187,T149))),T84),((((T14,T125),T24),(T19,T107)),((T18,T35),((T130,T43),T118)))),((((T57,T129),(T54,(T108,T31))),(T189,(T163,T71))),((T4,T135),(T64,(T83,T169)))))),((((T72,(T25,T47)),(T38,T180)),(((T6,T17),T124),(T182,T58))),(T23,T196)))),((((((((T127,T12),T2),(T173,T91)),T65),(T61,T139)),((T98,T184),(T44,T80))),(((T158,T123),T5),((T52,(T192,T46)),((T70,T136),T110)))),((((T75,T10),T141),T137),(T159,T111)))),T0),((((((T15,T160),((T85,T87),T79)),T66),T190),T128),((T126,T106),(T76,T27)))),((((((((((T117,T157),T95),T56),(T134,(T103,T162))),((((T181,T131),(T22,T138)),(T179,T48)),((T101,T171),T77))),(T62,T3)),(T116,T20)),(T92,(T67,T150))),(((T115,T81),(T32,T39)),(T155,T9))),(((T102,(T49,T74)),T82),T200))),(((((T140,T73),(T90,T7)),(T195,T55)),((((T69,T16),((T194,(T13,T176)),T132)),((T30,T26),T151)),(((T86,T188),T93),(T78,T99)))),(((((T40,T185),((T167,T146),T63)),T172),T122),(((T28,T186),T144),((T89,T11),(T166,T147)))))),(T198,T170)),((T168,T177),T114)),T174),(T152,T104)),T8),T109);
#NNI moves:1/236
Remaining: 0
#NNI moves:4/236
#NNI moves:4/236
(((((((((((((((T90,T7),(T140,T73)),(T55,T195)),(((((T194,(T176,T13)),T132),(T16,T69)),((T30,T26),T151)),(((T86,T188),T93),(T99,T78)))),((((((T167,T146),T63),(T185,T40)),T172),T122),(((T28,T186),T144),((T11,T89),(T147,T166))))),(((T174,((T152,T104),(T8,T109))),((T177,T168),T114)),(T170,T198))),(((((T115,T81),(T39,T32)),(T155,T9)),((((((((T157,T117),T95),T56),(T134,(T103,T162))),((((T22,T138),(T131,T181)),(T48,T179)),((T101,T171),T77))),(T62,T3)),(T20,T116)),(T92,(T150,T67)))),((((T74,T49),T102),T82),T200))),(((T106,T126),(T76,T27)),((T190,(((T15,T160),((T87,T85),T79)),T66)),T128))),T0),(((((T158,T123),T5),(((T46,T192),T52),((T70,T136),T110))),(((T65,((T173,T91),((T127,T12),T2))),(T61,T139)),((T44,T80),(T184,T98)))),((T137,((T10,T75),T141)),(T111,T159)))),(((((T88,(T45,T199)),(T34,T175)),(T21,(T164,T148))),((T183,T143),T145)),((((((((T68,T94),T121),T96),(T42,(T113,T197))),T156),(((((T120,(T142,T191)),T51),T165),T29),(T97,(T33,T100)))),T1),T37))),((((((T71,T163),T189),((T129,T57),((T108,T31),T54))),(((T83,T169),T64),(T4,T135))),((((T105,(T149,T187)),T154),T84),(((T19,T107),((T14,T125),T24)),(((T43,T130),T118),(T35,T18))))),((((T59,(T60,T112)),T50),(T161,T153)),((T41,(T178,T119)),((T36,T133),(T53,T193)))))),(((T182,T58),(T124,(T17,T6))),((T38,T180),(T72,(T47,T25))))),T196),T23);
#NNI moves:1/236
Remaining: 0
#NNI moves:4/236
#NNI moves:4/236
((((((((((((((((((T80,T44),(T184,T98)),((T65,((T173,T91),((T127,T12),T2))),(T61,T139))),((((T136,T70),T110),(T52,(T192,T46))),((T123,T158),T5))),((((T75,T10),T141),T137),(T159,T111))),((((((T175,T34),(T88,(T45,T199))),(T21,(T164,T148))),((T183,T143),T145)),(((((T97,(T100,T33)),(((((T191,T142),T120),T51),T165),T29)),(((T96,((T68,T94),T121)),((T197,T113),T42)),T156)),T1),T37)),(((((((T105,(T187,T149)),T154),T84),(((T35,T18),(T118,(T43,T130))),((T107,T19),((T125,T14),T24)))),((((T83,T169),T64),(T4,T135)),(((T163,T71),T189),((T129,T57),((T31,T108),T54))))),((((T193,T53),(T133,T36)),((T119,T178),T41)),((T50,((T112,T60),T59)),(T153,T161)))),((T196,T23),(((T180,T38),((T47,T25),T72)),((T58,T182),((T6,T17),T124))))))),T0),(((T106,T126),(T76,T27)),(((((T79,(T85,T87)),(T160,T15)),T66),T190),T128))),(((((((((T48,T179),((T22,T138),(T131,T181))),((T101,T171),T77)),((((T117,T157),T95),T56),(T134,(T103,T162)))),(T62,T3)),(T20,T116)),(T92,(T150,T67))),((T155,T9),((T39,T32),(T81,T115)))),(T200,((T102,(T49,T74)),T82)))),((T198,T170),((((T109,T8),(T104,T152)),T174),(T114,(T177,T168))))),((((((T167,T146),T63),(T40,T185)),T172),T122),(((T166,T147),(T11,T89)),(T144,(T186,T28))))),((T55,T195),((T140,T73),(T90,T7)))),((T99,T78),((T188,T86),T93))),((T26,T30),T151)),(T16,T69)),T132),(T13,T176)),T194);
Current score: 6.60946e+10
Current tree: ((T196,((((T180,T38),((T47,T25),T72)),((T58,T182),((T6,T17),T124))),(((((((T105,(T187,T149)),T154),T84),(((T35,T18),(T118,(T43,T130))),((T107,T19),((T125,T14),T24)))),((((T83,T169),T64),(T4,T135)),(((T163,T71),T189),((T129,T57),((T31,T108),T54))))),((((T193,T53),(T133,T36)),((T119,T178),T41)),((T50,((T112,T60),T59)),(T153,T161)))),((((((T175,T34),(T88,(T45,T199))),(T21,(T164,T148))),((T183,T143),T145)),(((((T97,(T100,T33)),(((((T191,T142),T120),T51),T165),T29)),(((T96,((T68,T94),T121)),((T197,T113),T42)),T156)),T1),T37)),((((((T80,T44),(T184,T98)),((T65,((T173,T91),((T127,T12),T2))),(T61,T139))),((((T136,T70),T110),(T52,(T192,T46))),((T123,T158),T5))),((((T75,T10),T141),T137),(T159,T111))),(T0,((((T106,T126),(T76,T27)),(((((T79,(T85,T87)),(T160,T15)),T66),T190),T128)),((((((((((T48,T179),((T22,T138),(T131,T181))),((T101,T171),T77)),((((T117,T157),T95),T56),(T134,(T103,T162)))),(T62,T3)),(T20,T116)),(T92,(T150,T67))),((T155,T9),((T39,T32),(T81,T115)))),(T200,((T102,(T49,T74)),T82))),(((T198,T170),((((T109,T8),(T104,T152)),T174),(T114,(T177,T168)))),(((((((T167,T146),T63),(T40,T185)),T172),T122),(((T166,T147),(T11,T89)),(T144,(T186,T28)))),(((T55,T195),((T140,T73),(T90,T7))),(((T99,T78),((T188,T86),T93)),(((T26,T30),T151),((T16,T69),(T132,((T13,T176),T194)))))))))))))))),T23);
Final Tree: ((T196,((((T180,T38),((T47,T25),T72)),((T58,T182),((T6,T17),T124))),(((((((T105,(T187,T149)),T154),T84),(((T35,T18),(T118,(T43,T130))),((T107,T19),((T125,T14),T24)))),((((T83,T169),T64),(T4,T135)),(((T163,T71),T189),((T129,T57),((T31,T108),T54))))),((((T193,T53),(T133,T36)),((T119,T178),T41)),((T50,((T112,T60),T59)),(T153,T161)))),((((((T175,T34),(T88,(T45,T199))),(T21,(T164,T148))),((T183,T143),T145)),(((((T97,(T100,T33)),(((((T191,T142),T120),T51),T165),T29)),(((T96,((T68,T94),T121)),((T197,T113),T42)),T156)),T1),T37)),((((((T80,T44),(T184,T98)),((T65,((T173,T91),((T127,T12),T2))),(T61,T139))),((((T136,T70),T110),(T52,(T192,T46))),((T123,T158),T5))),((((T75,T10),T141),T137),(T159,T111))),(T0,((((T106,T126),(T76,T27)),(((((T79,(T85,T87)),(T160,T15)),T66),T190),T128)),((((((((((T48,T179),((T22,T138),(T131,T181))),((T101,T171),T77)),((((T117,T157),T95),T56),(T134,(T103,T162)))),(T62,T3)),(T20,T116)),(T92,(T150,T67))),((T155,T9),((T39,T32),(T81,T115)))),(T200,((T102,(T49,T74)),T82))),(((T198,T170),((((T109,T8),(T104,T152)),T174),(T114,(T177,T168)))),(((((((T167,T146),T63),(T40,T185)),T172),T122),(((T166,T147),(T11,T89)),(T144,(T186,T28)))),(((T55,T195),((T140,T73),(T90,T7))),(((T99,T78),((T188,T86),T93)),(((T26,T30),T151),((T16,T69),(T132,((T13,T176),T194)))))))))))))))),T23);
Score: 6.609462251e+10

real	1m19.243s
user	30m8.362s
sys	0m18.229s
