
RAxML-NG v. 1.1.0-master released on 04.08.2022 by The Exelixis Lab.
Developed by: Alexey M. Kozlov and Alexandros Stamatakis.
Contributors: Diego Darriba, Tomas Flouri, Benoit Morel, Sarah Lutteropp, Ben Bettisworth.
Latest version: https://github.com/amkozlov/raxml-ng
Questions/problems/suggestions? Please visit: https://groups.google.com/forum/#!forum/raxml

System: AMD EPYC 7742 64-Core Processor, 128 cores, 251 GB RAM

RAxML-NG was called at 26-Dec-2022 16:51:18 as follows:

/home/chaos/programs/raxml-ng/raxml-ng/bin/raxml-ng --msa data/alignment/31_1X_S201_0_haploid --tree pars{1} --model GTR+G --threads 64

Analysis options:
  run mode: ML tree search
  start tree(s): parsimony (1)
  random seed: 1672102278
  tip-inner: OFF
  pattern compression: ON
  per-rate scalers: OFF
  site repeats: ON
  fast spr radius: AUTO
  spr subtree cutoff: 1.000000
  branch lengths: proportional (ML estimate, algorithm: NR-FAST)
  SIMD kernels: AVX2
  parallelization: coarse-grained (auto), PTHREADS (64 threads), thread pinning: OFF

[00:00:00] Reading alignment from file: data/alignment/31_1X_S201_0_haploid
[00:00:03] Loaded alignment with 201 taxa and 5000000 sites

Alignment comprises 1 partitions and 3447089 patterns

Partition 0: noname
Model: GTR+FO+G4m
Alignment sites / patterns: 5000000 / 3447089
Gaps: 0.00 %
Invariant sites: 7.97 %


NOTE: Binary MSA file created: data/alignment/31_1X_S201_0_haploid.raxml.rba

Parallelization scheme autoconfig: 1 worker(s) x 64 thread(s)

Parallel reduction/worker buffer size: 1 KB  / 0 KB

[00:00:23] Generating 1 parsimony starting tree(s) with 201 taxa
[00:00:50] Data distribution: max. partitions/sites/weight per thread: 1 / 53861 / 861776
[00:00:50] Data distribution: max. searches per worker: 1

Starting ML tree search with 1 distinct starting trees

[00:00:51 -137721908.359915] Initial branch length optimization
[00:02:32 -122921920.652255] Model parameter optimization (eps = 10.000000)
[00:07:03 -118476538.492259] AUTODETECT spr round 1 (radius: 5)
[00:12:32 -118458044.410702] AUTODETECT spr round 2 (radius: 10)
[00:32:25 -118458044.410460] SPR radius for FAST iterations: 5 (autodetect)
[00:32:25 -118458044.410460] Model parameter optimization (eps = 3.000000)
[00:32:42 -118458043.136059] FAST spr round 1 (radius: 5)
[00:41:27 -118456132.255446] FAST spr round 2 (radius: 5)
[00:50:33 -118454922.823087] FAST spr round 3 (radius: 5)
[00:59:36 -118454269.379833] FAST spr round 4 (radius: 5)
[01:09:08 -118454269.379833] Model parameter optimization (eps = 1.000000)
[01:09:25 -118454269.274093] SLOW spr round 1 (radius: 5)
[01:41:01 -118454269.274093] SLOW spr round 2 (radius: 10)
[02:20:01 -118454269.274093] SLOW spr round 3 (radius: 15)
[03:25:04 -118454269.274093] SLOW spr round 4 (radius: 20)
[04:06:18 -118454269.274093] SLOW spr round 5 (radius: 25)
[04:16:15 -118454269.274093] Model parameter optimization (eps = 0.100000)

[04:16:59] ML tree search #1, logLikelihood: -118454269.005028


Optimized model parameters:

   Partition 0: noname
   Rate heterogeneity: GAMMA (4 cats, mean),  alpha: 3.807679 (ML),  weights&rates: (0.250000,0.443475) (0.250000,0.768284) (0.250000,1.084379) (0.250000,1.703862) 
   Base frequencies (ML): 0.349924 0.201338 0.202180 0.246558 
   Substitution rates (ML): 2.591267 4.079683 0.465764 2.440941 4.711389 1.000000 


Final LogLikelihood: -118454269.005028

AIC score: 236909354.010057 / AICc score: 236909354.076811 / BIC score: 236914831.389033
Free parameters (model + branch lengths): 408

Best ML tree saved to: /expanse/lustre/projects/uot138/chaos/ASTERISK-sim/data/alignment/31_1X_S201_0_haploid.raxml.bestTree
Optimized model saved to: /expanse/lustre/projects/uot138/chaos/ASTERISK-sim/data/alignment/31_1X_S201_0_haploid.raxml.bestModel

Execution log saved to: /expanse/lustre/projects/uot138/chaos/ASTERISK-sim/data/alignment/31_1X_S201_0_haploid.raxml.log

Analysis started: 26-Dec-2022 16:51:18 / finished: 26-Dec-2022 21:08:18

Elapsed time: 15420.067 seconds

Consumed energy: 1746.592 Wh (= 9 km in an electric car, or 44 km with an e-scooter!)

