Weighted ASTRAL - Hybrid
Version: v1.13.2.3
#Genetrees: 2000
#Species: 201
#Rounds: 4
#Samples: 4
#Threads: 32
Use two-step algorithm!
Guide Tree 0/27
#NNI moves:0/236
Guide Tree 1/27
#NNI moves:0/236
Guide Tree 2/27
#NNI moves:0/236
Guide Tree 3/27
#NNI moves:0/236
Guide Tree 4/27
#NNI moves:0/236
Guide Tree 5/27
#NNI moves:0/236
Guide Tree 6/27
#NNI moves:0/236
Guide Tree 7/27
#NNI moves:0/236
Guide Tree 8/27
#NNI moves:0/236
Guide Tree 9/27
#NNI moves:0/236
Guide Tree 10/27
#NNI moves:0/236
Guide Tree 11/27
#NNI moves:0/236
Guide Tree 12/27
#NNI moves:0/236
Guide Tree 13/27
#NNI moves:0/236
Guide Tree 14/27
#NNI moves:0/236
Guide Tree 15/27
#NNI moves:0/236
Guide Tree 16/27
#NNI moves:0/236
Guide Tree 17/27
#NNI moves:0/236
Guide Tree 18/27
#NNI moves:0/236
Guide Tree 19/27
#NNI moves:0/236
Guide Tree 20/27
#NNI moves:0/236
Guide Tree 21/27
#NNI moves:0/236
Guide Tree 22/27
#NNI moves:0/236
Guide Tree 23/27
#NNI moves:0/236
Guide Tree 24/27
#NNI moves:0/236
Guide Tree 25/27
#NNI moves:0/236
Guide Tree 26/27
#NNI moves:0/236
Remaining: 0
#NNI moves:14/236
#NNI moves:14/236
(((((((((((((((((((((((((T65,T41),(T143,T163)),T175),((T29,T11),T66)),(T42,T10)),((((T69,T48),((T79,T60),T51)),(T25,T188)),(T177,T95))),(T121,T144)),T98),((((T170,T75),T118),(((T154,T132),(T6,T173)),T171)),((((T36,T129),T92),T112),(T131,T172)))),(((T200,(T8,T182)),T107),T158)),((((((((((((T84,T184),T13),T152),((T142,T139),(T26,T39))),T181),T70),T103),(T21,T88)),(T17,(T2,T55))),((T14,T23),T198)),(((T74,T7),T126),T166)),T174)),(T22,((((T81,T105),T62),((T161,T72),T54)),T155))),((T89,T15),T116)),(((((T34,T82),T57),(((T44,T127),T87),T193)),((T186,((T151,T134),T43)),((((T108,(T146,T150)),T63),T169),T195))),((((T96,(T106,T97)),T156),(T50,T125)),T190))),(T176,T123)),((((T109,(T180,T67)),(((((T27,T113),T114),(T73,T4)),T130),(((T20,T135),T115),T71))),((T37,T28),((T59,T192),T94))),(((((T157,T167),T124),T162),T76),T33))),T0),(((((((T165,T145),(T104,(T80,T110))),(T147,T122)),((((T191,T86),T179),(((T45,T159),T58),T189)),((T12,T78),((T168,T153),T136)))),((((((T90,(((T49,T178),T187),(T111,T83))),((((T24,T30),(((T64,T91),T16),T3)),T32),(T194,T148))),(T137,T117)),T102),(((T40,T47),T35),T9)),((T196,T31),(T141,T133)))),(((((T120,T68),(T77,T160)),T19),(((T18,T185),T5),(T61,T119))),T93)),(((T128,T100),T53),(T199,T99)))),(T164,(T197,T1))),T149),T183),(T101,(T56,T85))),(T46,(T38,T52))),T140),T138);
Guide Tree 0/27
#NNI moves:0/236
Guide Tree 1/27
#NNI moves:0/236
Guide Tree 2/27
#NNI moves:0/236
Guide Tree 3/27
#NNI moves:1/236
Guide Tree 4/27
#NNI moves:0/236
Guide Tree 5/27
#NNI moves:0/236
Guide Tree 6/27
#NNI moves:3/236
Guide Tree 7/27
#NNI moves:1/236
Guide Tree 8/27
#NNI moves:0/236
Guide Tree 9/27
#NNI moves:0/236
Guide Tree 10/27
#NNI moves:1/236
Guide Tree 11/27
#NNI moves:1/236
Guide Tree 12/27
#NNI moves:3/236
Guide Tree 13/27
#NNI moves:0/236
Guide Tree 14/27
#NNI moves:0/236
Guide Tree 15/27
#NNI moves:3/236
Guide Tree 16/27
#NNI moves:0/236
Guide Tree 17/27
#NNI moves:0/236
Guide Tree 18/27
#NNI moves:0/236
Guide Tree 19/27
#NNI moves:1/236
Guide Tree 20/27
#NNI moves:1/236
Guide Tree 21/27
#NNI moves:0/236
Guide Tree 22/27
#NNI moves:0/236
Guide Tree 23/27
#NNI moves:0/236
Guide Tree 24/27
#NNI moves:0/236
Guide Tree 25/27
#NNI moves:0/236
Guide Tree 26/27
#NNI moves:0/236
Remaining: 0
#NNI moves:1/236
#NNI moves:1/236
(((((((((((((((((((((((((T41,T65),(T163,T143)),T175),(T66,(T11,T29))),(T42,T10)),(((T25,T188),((T51,(T60,T79)),(T48,T69))),(T177,T95))),(T121,T144)),T98),((((T92,(T36,T129)),T112),(T131,T172)),((((T132,T154),(T6,T173)),T171),((T170,T75),T118)))),(((T200,(T8,T182)),T107),T158)),((((((((((((T184,T84),T13),T152),((T39,T26),(T139,T142))),T181),T70),T103),(T21,T88)),(T17,(T2,T55))),(T198,(T23,T14))),(T166,((T7,T74),T126))),T174)),(((((T72,T161),T54),(T62,(T81,T105))),T155),T22)),((T15,T89),T116)),((((T50,T125),(T156,((T106,T97),T96))),T190),(((T186,((T134,T151),T43)),(((((T150,T146),T108),T63),T169),T195)),((((T44,T127),T87),T193),(T57,(T34,T82)))))),(T123,T176)),((((((T115,(T20,T135)),T71),((((T113,T27),T114),(T4,T73)),T130)),((T180,T67),T109)),((T37,T28),((T192,T59),T94))),((((T124,(T157,T167)),T162),T76),T33))),T0),((((((((T80,T110),T104),(T165,T145)),(T122,T147)),(((T12,T78),((T153,T168),T136)),((T179,(T191,T86)),(((T159,T45),T58),T189)))),((((T35,(T47,T40)),T9),((((((T187,(T178,T49)),(T111,T83)),T90),((T194,T148),(((((T91,T64),T16),T3),(T30,T24)),T32))),(T117,T137)),T102)),((T31,T196),(T133,T141)))),(((((T77,T160),(T68,T120)),T19),(((T18,T185),T5),(T61,T119))),T93)),(((T128,T100),T53),(T99,T199)))),((T197,T1),T164)),T149),T183),((T56,T85),T101)),((T38,T52),T46)),T140),T138);
Guide Tree 0/27
#NNI moves:0/236
Guide Tree 1/27
#NNI moves:0/236
Guide Tree 2/27
#NNI moves:0/236
Guide Tree 3/27
#NNI moves:0/236
Guide Tree 4/27
#NNI moves:0/236
Guide Tree 5/27
#NNI moves:0/236
Guide Tree 6/27
#NNI moves:0/236
Guide Tree 7/27
#NNI moves:3/236
Guide Tree 8/27
#NNI moves:0/236
Guide Tree 9/27
#NNI moves:0/236
Guide Tree 10/27
#NNI moves:0/236
Guide Tree 11/27
#NNI moves:0/236
Guide Tree 12/27
#NNI moves:0/236
Guide Tree 13/27
#NNI moves:1/236
Guide Tree 14/27
#NNI moves:0/236
Guide Tree 15/27
#NNI moves:3/236
Guide Tree 16/27
#NNI moves:0/236
Guide Tree 17/27
#NNI moves:0/236
Guide Tree 18/27
#NNI moves:0/236
Guide Tree 19/27
#NNI moves:0/236
Guide Tree 20/27
#NNI moves:0/236
Guide Tree 21/27
#NNI moves:0/236
Guide Tree 22/27
#NNI moves:0/236
Guide Tree 23/27
#NNI moves:3/236
Guide Tree 24/27
#NNI moves:0/236
Guide Tree 25/27
#NNI moves:0/236
Guide Tree 26/27
#NNI moves:0/236
Remaining: 0
#NNI moves:1/236
#NNI moves:1/236
((((((((((((((((((((((T173,T6),(T154,T132)),T171),(T118,(T170,T75))),((T112,(T92,(T36,T129))),(T131,T172))),((((((((T79,T60),T51),(T48,T69)),(T25,T188)),(T177,T95)),((((T29,T11),T66),(T175,((T41,T65),(T143,T163)))),(T10,T42))),(T121,T144)),T98)),((((T8,T182),T200),T107),T158)),((((((((((T152,(T13,(T84,T184))),((T26,T39),(T139,T142))),T181),T70),T103),(T21,T88)),((T2,T55),T17)),(T198,(T23,T14))),(T166,(T126,(T74,T7)))),T174)),(((((T72,T161),T54),((T105,T81),T62)),T155),T22)),(T116,(T89,T15))),(((((T82,T34),T57),((T87,(T44,T127)),T193)),((((T151,T134),T43),T186),((((T108,(T150,T146)),T63),T169),T195))),((((T96,(T106,T97)),T156),(T50,T125)),T190))),(T176,T123)),((((((((T113,T27),T114),(T73,T4)),T130),(T71,(T115,(T135,T20)))),((T180,T67),T109)),((T28,T37),((T192,T59),T94))),(((T162,((T157,T167),T124)),T76),T33))),T0),((((((T61,T119),(T5,(T18,T185))),(((T120,T68),(T77,T160)),T19)),T93),((((T102,((T137,T117),(((T148,T194),(((T30,T24),(((T91,T64),T16),T3)),T32)),((((T49,T178),T187),(T111,T83)),T90)))),(((T47,T40),T35),T9)),((T196,T31),(T141,T133))),(((((T58,(T45,T159)),T189),(T179,(T191,T86))),((T78,T12),((T168,T153),T136))),((T147,T122),((T104,(T80,T110)),(T165,T145)))))),((T99,T199),((T128,T100),T53)))),((T197,T1),T164)),T149),T183),(T101,(T85,T56))),((T38,T52),T46)),T140),T138);
Guide Tree 0/27
#NNI moves:0/236
Guide Tree 1/27
#NNI moves:0/236
Guide Tree 2/27
#NNI moves:0/236
Guide Tree 3/27
#NNI moves:1/236
Guide Tree 4/27
#NNI moves:1/236
Guide Tree 5/27
#NNI moves:0/236
Guide Tree 6/27
#NNI moves:0/236
Guide Tree 7/27
#NNI moves:1/236
Guide Tree 8/27
#NNI moves:0/236
Guide Tree 9/27
#NNI moves:0/236
Guide Tree 10/27
#NNI moves:0/236
Guide Tree 11/27
#NNI moves:3/236
Guide Tree 12/27
#NNI moves:0/236
Guide Tree 13/27
#NNI moves:0/236
Guide Tree 14/27
#NNI moves:3/236
Guide Tree 15/27
#NNI moves:0/236
Guide Tree 16/27
#NNI moves:1/236
Guide Tree 17/27
#NNI moves:3/236
Guide Tree 18/27
#NNI moves:0/236
Guide Tree 19/27
#NNI moves:0/236
Guide Tree 20/27
#NNI moves:0/236
Guide Tree 21/27
#NNI moves:1/236
Guide Tree 22/27
#NNI moves:0/236
Guide Tree 23/27
#NNI moves:1/236
Guide Tree 24/27
#NNI moves:1/236
Guide Tree 25/27
#NNI moves:0/236
Guide Tree 26/27
#NNI moves:1/236
Remaining: 0
#NNI moves:0/236
#NNI moves:0/236
(((((((((((((((((((((((((T60,T79),T51),(T69,T48)),(T188,T25)),(T177,T95)),(((T66,(T11,T29)),(((T65,T41),(T163,T143)),T175)),(T42,T10))),(T144,T121)),T98),(((((T173,T6),(T154,T132)),T171),((T170,T75),T118)),((((T129,T36),T92),T112),(T131,T172)))),(((T200,(T182,T8)),T107),T158)),((((((((T181,(((T39,T26),(T139,T142)),(((T84,T184),T13),T152))),T70),T103),(T88,T21)),((T55,T2),T17)),(T198,(T14,T23))),(((T74,T7),T126),T166)),T174)),(((((T105,T81),T62),((T161,T72),T54)),T155),T22)),((T15,T89),T116)),((((T195,(T169,((T108,(T146,T150)),T63))),(((T134,T151),T43),T186)),((T193,((T127,T44),T87)),(T57,(T82,T34)))),(((T125,T50),((T96,(T97,T106)),T156)),T190))),(T123,T176)),(((((T124,(T167,T157)),T162),T76),T33),((((T67,T180),T109),((T71,(T115,(T135,T20))),(((T4,T73),((T113,T27),T114)),T130))),((T94,(T192,T59)),(T28,T37))))),T0),((((((((((((((T64,T91),T16),T3),(T24,T30)),T32),(T148,T194)),(((T111,T83),((T49,T178),T187)),T90)),(T117,T137)),T102),(((T40,T47),T35),T9)),((T141,T133),(T31,T196))),((((T179,(T86,T191)),(((T45,T159),T58),T189)),((T78,T12),((T168,T153),T136))),((((T110,T80),T104),(T145,T165)),(T147,T122)))),(((((T18,T185),T5),(T61,T119)),(T19,((T68,T120),(T160,T77)))),T93)),(((T128,T100),T53),(T99,T199)))),((T1,T197),T164)),T149),T183),((T85,T56),T101)),((T52,T38),T46)),T140),T138);
Initial score: 7.2952e+10
Initial tree: (((((((((((((((((((((((((T60,T79),T51),(T69,T48)),(T188,T25)),(T177,T95)),(((T66,(T11,T29)),(((T65,T41),(T163,T143)),T175)),(T42,T10))),(T144,T121)),T98),(((((T173,T6),(T154,T132)),T171),((T170,T75),T118)),((((T129,T36),T92),T112),(T131,T172)))),(((T200,(T182,T8)),T107),T158)),((((((((T181,(((T39,T26),(T139,T142)),(((T84,T184),T13),T152))),T70),T103),(T88,T21)),((T55,T2),T17)),(T198,(T14,T23))),(((T74,T7),T126),T166)),T174)),(((((T105,T81),T62),((T161,T72),T54)),T155),T22)),((T15,T89),T116)),((((T195,(T169,((T108,(T146,T150)),T63))),(((T134,T151),T43),T186)),((T193,((T127,T44),T87)),(T57,(T82,T34)))),(((T125,T50),((T96,(T97,T106)),T156)),T190))),(T123,T176)),(((((T124,(T167,T157)),T162),T76),T33),((((T67,T180),T109),((T71,(T115,(T135,T20))),(((T4,T73),((T113,T27),T114)),T130))),((T94,(T192,T59)),(T28,T37))))),T0),((((((((((((((T64,T91),T16),T3),(T24,T30)),T32),(T148,T194)),(((T111,T83),((T49,T178),T187)),T90)),(T117,T137)),T102),(((T40,T47),T35),T9)),((T141,T133),(T31,T196))),((((T179,(T86,T191)),(((T45,T159),T58),T189)),((T78,T12),((T168,T153),T136))),((((T110,T80),T104),(T145,T165)),(T147,T122)))),(((((T18,T185),T5),(T61,T119)),(T19,((T68,T120),(T160,T77)))),T93)),(((T128,T100),T53),(T99,T199)))),((T1,T197),T164)),T149),T183),((T85,T56),T101)),((T52,T38),T46)),T140),T138);
*** Subsample Process ***
Use two-step algorithm!
#NNI moves:0/236
Remaining: 1
#NNI moves:0/236
#NNI moves:0/236
(((((((((((((((((((((((((((((T111,T83),((T49,T178),T187)),T90),(((((T16,(T91,T64)),T3),(T24,T30)),T32),(T148,T194))),(T117,T137)),T102),((T35,(T40,T47)),T9)),((T196,T31),(T133,T141))),((((T136,(T153,T168)),(T78,T12)),(((T191,T86),T179),(((T159,T45),T58),T189))),((((T80,T110),T104),(T165,T145)),(T147,T122)))),((((T5,(T185,T18)),(T61,T119)),(((T120,T68),(T160,T77)),T19)),T93)),(((T128,T100),T53),(T99,T199))),((((((T140,T138),((T52,T38),T46)),((T85,T56),T101)),T183),T149),(T164,(T197,T1)))),T0),(((((T180,T67),T109),((((T114,(T113,T27)),(T73,T4)),T130),(((T135,T20),T115),T71))),((T28,T37),((T192,T59),T94))),((((T124,(T167,T157)),T162),T76),T33))),(T176,T123)),((((T193,((T44,T127),T87)),((T34,T82),T57)),((((T134,T151),T43),T186),(((((T146,T150),T108),T63),T169),T195))),(((T125,T50),((T96,(T97,T106)),T156)),T190))),((T15,T89),T116)),(((((T105,T81),T62),((T72,T161),T54)),T155),T22)),(((((((((((T39,T26),(T139,T142)),(((T84,T184),T13),T152)),T181),T70),T103),(T21,T88)),((T55,T2),T17)),(T198,(T14,T23))),(((T74,T7),T126),T166)),T174)),(T158,((T200,(T8,T182)),T107))),(((((T154,T132),(T6,T173)),T171),((T170,T75),T118)),((T112,(T92,(T36,T129))),(T172,T131)))),T98),(T144,T121)),(((((T41,T65),(T163,T143)),T175),(T66,(T11,T29))),(T42,T10))),(T177,T95)),(T188,T25)),(T51,(T79,T60))),T48),T69);
#NNI moves:1/236
Remaining: 0
#NNI moves:4/236
#NNI moves:4/236
(((((((((((((((((((((T75,T170),T118),(((T154,T132),(T173,T6)),T171)),((((T36,T129),T92),T112),(T131,T172))),(T98,(((((((T143,T163),(T65,T41)),T175),((T29,T11),T66)),(T10,T42)),((((T48,T69),(T51,(T60,T79))),(T25,T188)),(T95,T177))),(T121,T144)))),((((T8,T182),T200),T107),T158)),(((((T7,T74),T126),T166),(((((((((T142,T139),(T26,T39)),(((T184,T84),T13),T152)),T181),T70),T103),(T88,T21)),(T17,(T55,T2))),((T14,T23),T198))),T174)),(T22,((((T72,T161),T54),(T62,(T105,T81))),T155))),(T116,(T15,T89))),((((((T134,T151),T43),T186),(((T63,((T150,T146),T108)),T169),T195)),((((T127,T44),T87),T193),((T34,T82),T57))),((((T96,(T97,T106)),T156),(T125,T50)),T190))),(T176,T123)),((((((((T27,T113),T114),(T73,T4)),T130),(T71,((T135,T20),T115))),(T109,(T180,T67))),((T37,T28),(T94,(T192,T59)))),((T76,(((T157,T167),T124),T162)),T33))),T0),((((((((((((T24,T30),(((T64,T91),T16),T3)),T32),(T148,T194)),((((T49,T178),T187),(T83,T111)),T90)),(T117,T137)),T102),((T35,(T47,T40)),T9)),((T133,T141),(T196,T31))),(((((T191,T86),T179),(((T45,T159),T58),T189)),((T12,T78),(T136,(T153,T168)))),((((T110,T80),T104),(T165,T145)),(T147,T122)))),(((T19,((T77,T160),(T68,T120))),((T5,(T18,T185)),(T119,T61))),T93)),(((T100,T128),T53),(T199,T99)))),((T1,T197),T164)),T149),T183),((T85,T56),T101)),((T52,T38),T46)),T138),T140);
#NNI moves:0/236
Remaining: 0
#NNI moves:1/236
#NNI moves:1/236
(((((((((((((((((((((((((T159,T45),T58),T189),((T86,T191),T179)),((T12,T78),((T153,T168),T136))),(((T165,T145),((T80,T110),T104)),(T147,T122))),(((((((((T30,T24),((T16,(T91,T64)),T3)),T32),(T194,T148)),((((T49,T178),T187),(T83,T111)),T90)),(T117,T137)),T102),((T35,(T47,T40)),T9)),((T141,T133),(T196,T31)))),(((((T120,T68),(T77,T160)),T19),(((T18,T185),T5),(T61,T119))),T93)),((T99,T199),((T100,T128),T53))),(((T183,((T101,(T56,T85)),(((T38,T52),T46),(T138,T140)))),T149),((T197,T1),T164))),T0),((((T94,(T59,T192)),(T28,T37)),((((T115,(T20,T135)),T71),(((T114,(T27,T113)),(T73,T4)),T130)),(T109,(T67,T180)))),(((((T157,T167),T124),T162),T76),T33))),(T123,T176)),(((((T43,(T134,T151)),T186),(T195,((T63,((T150,T146),T108)),T169))),((((T44,T127),T87),T193),((T34,T82),T57))),(T190,((((T106,T97),T96),T156),(T50,T125))))),(T116,(T89,T15))),(((((T81,T105),T62),((T161,T72),T54)),T155),T22)),(((((((((((T39,T26),(T142,T139)),(((T184,T84),T13),T152)),T181),T70),T103),(T21,T88)),((T55,T2),T17)),(T198,(T14,T23))),(((T7,T74),T126),T166)),T174)),((((T8,T182),T200),T107),T158)),(((T171,((T6,T173),(T154,T132))),((T170,T75),T118)),((T131,T172),(((T36,T129),T92),T112)))),T98),(T144,T121)),((((T69,T48),(T51,(T79,T60))),(T188,T25)),(T177,T95))),(((T11,T29),T66),(((T163,T143),(T41,T65)),T175))),T42),T10);
#NNI moves:0/236
Remaining: 0
#NNI moves:3/236
#NNI moves:3/236
((((((((((((((((((((((T42,T10),(((T29,T11),T66),(((T163,T143),(T65,T41)),T175))),(((T188,T25),((T51,(T60,T79)),(T69,T48))),(T95,T177))),(T144,T121)),T98),(((T171,((T173,T6),(T154,T132))),((T75,T170),T118)),(((T92,(T129,T36)),T112),(T172,T131)))),((((T8,T182),T200),T107),T158)),((((((((((((T184,T84),T13),T152),((T139,T142),(T39,T26))),T181),T70),T103),(T88,T21)),(T17,(T55,T2))),((T23,T14),T198)),((T126,(T74,T7)),T166)),T174)),(T22,((((T161,T72),T54),(T62,(T81,T105))),T155))),((T15,T89),T116)),(((((T34,T82),T57),(((T127,T44),T87),T193)),((((((T150,T146),T108),T63),T169),T195),(((T151,T134),T43),T186))),(((((T97,T106),T96),T156),(T125,T50)),T190))),(T176,T123)),(((((((T20,T135),T115),T71),(T130,(((T27,T113),T114),(T73,T4)))),((T67,T180),T109)),((T37,T28),(T94,(T59,T192)))),((((T124,(T157,T167)),T162),T76),T33))),T0),((((((((((T194,T148),(((((T64,T91),T16),T3),(T30,T24)),T32)),((((T49,T178),T187),(T83,T111)),T90)),(T117,T137)),T102),(T9,(T35,(T47,T40)))),((T133,T141),(T31,T196))),(((((T153,T168),T136),(T78,T12)),(((T86,T191),T179),(T189,((T159,T45),T58)))),(((T145,T165),(T104,(T80,T110))),(T147,T122)))),(((((T77,T160),(T120,T68)),T19),(((T185,T18),T5),(T61,T119))),T93)),(((T128,T100),T53),(T199,T99)))),((T197,T1),T164)),T149),T183),((T56,T85),T101)),((T52,T38),T46)),T138),T140);
Current score: 7.2952e+10
Current tree: ((((((((((((((((((((((T42,T10),(((T29,T11),T66),(((T163,T143),(T65,T41)),T175))),(((T188,T25),((T51,(T60,T79)),(T69,T48))),(T95,T177))),(T144,T121)),T98),(((T171,((T173,T6),(T154,T132))),((T75,T170),T118)),(((T92,(T129,T36)),T112),(T172,T131)))),((((T8,T182),T200),T107),T158)),((((((((((((T184,T84),T13),T152),((T139,T142),(T39,T26))),T181),T70),T103),(T88,T21)),(T17,(T55,T2))),((T23,T14),T198)),((T126,(T74,T7)),T166)),T174)),(T22,((((T161,T72),T54),(T62,(T81,T105))),T155))),((T15,T89),T116)),(((((T34,T82),T57),(((T127,T44),T87),T193)),((((((T150,T146),T108),T63),T169),T195),(((T151,T134),T43),T186))),(((((T97,T106),T96),T156),(T125,T50)),T190))),(T176,T123)),(((((((T20,T135),T115),T71),(T130,(((T27,T113),T114),(T73,T4)))),((T67,T180),T109)),((T37,T28),(T94,(T59,T192)))),((((T124,(T157,T167)),T162),T76),T33))),T0),((((((((((T194,T148),(((((T64,T91),T16),T3),(T30,T24)),T32)),((((T49,T178),T187),(T83,T111)),T90)),(T117,T137)),T102),(T9,(T35,(T47,T40)))),((T133,T141),(T31,T196))),(((((T153,T168),T136),(T78,T12)),(((T86,T191),T179),(T189,((T159,T45),T58)))),(((T145,T165),(T104,(T80,T110))),(T147,T122)))),(((((T77,T160),(T120,T68)),T19),(((T185,T18),T5),(T61,T119))),T93)),(((T128,T100),T53),(T199,T99)))),((T197,T1),T164)),T149),T183),((T56,T85),T101)),((T52,T38),T46)),T140),T138);
Final Tree: ((((((((((((((((((((((T42,T10),(((T29,T11),T66),(((T163,T143),(T65,T41)),T175))),(((T188,T25),((T51,(T60,T79)),(T69,T48))),(T95,T177))),(T144,T121)),T98),(((T171,((T173,T6),(T154,T132))),((T75,T170),T118)),(((T92,(T129,T36)),T112),(T172,T131)))),((((T8,T182),T200),T107),T158)),((((((((((((T184,T84),T13),T152),((T139,T142),(T39,T26))),T181),T70),T103),(T88,T21)),(T17,(T55,T2))),((T23,T14),T198)),((T126,(T74,T7)),T166)),T174)),(T22,((((T161,T72),T54),(T62,(T81,T105))),T155))),((T15,T89),T116)),(((((T34,T82),T57),(((T127,T44),T87),T193)),((((((T150,T146),T108),T63),T169),T195),(((T151,T134),T43),T186))),(((((T97,T106),T96),T156),(T125,T50)),T190))),(T176,T123)),(((((((T20,T135),T115),T71),(T130,(((T27,T113),T114),(T73,T4)))),((T67,T180),T109)),((T37,T28),(T94,(T59,T192)))),((((T124,(T157,T167)),T162),T76),T33))),T0),((((((((((T194,T148),(((((T64,T91),T16),T3),(T30,T24)),T32)),((((T49,T178),T187),(T83,T111)),T90)),(T117,T137)),T102),(T9,(T35,(T47,T40)))),((T133,T141),(T31,T196))),(((((T153,T168),T136),(T78,T12)),(((T86,T191),T179),(T189,((T159,T45),T58)))),(((T145,T165),(T104,(T80,T110))),(T147,T122)))),(((((T77,T160),(T120,T68)),T19),(((T185,T18),T5),(T61,T119))),T93)),(((T128,T100),T53),(T199,T99)))),((T197,T1),T164)),T149),T183),((T56,T85),T101)),((T52,T38),T46)),T140),T138);
Score: 7.295203443e+10

real	1m8.025s
user	21m44.822s
sys	0m18.921s
