
RAxML-NG v. 1.1.0-master released on 04.08.2022 by The Exelixis Lab.
Developed by: Alexey M. Kozlov and Alexandros Stamatakis.
Contributors: Diego Darriba, Tomas Flouri, Benoit Morel, Sarah Lutteropp, Ben Bettisworth.
Latest version: https://github.com/amkozlov/raxml-ng
Questions/problems/suggestions? Please visit: https://groups.google.com/forum/#!forum/raxml

System: AMD EPYC 7742 64-Core Processor, 128 cores, 251 GB RAM

RAxML-NG was called at 26-Dec-2022 19:30:08 as follows:

/home/chaos/programs/raxml-ng/raxml-ng/bin/raxml-ng --msa data/alignment/33_1X_S201_0_haploid --tree pars{1} --model GTR+G --threads 64

Analysis options:
  run mode: ML tree search
  start tree(s): parsimony (1)
  random seed: 1672111808
  tip-inner: OFF
  pattern compression: ON
  per-rate scalers: OFF
  site repeats: ON
  fast spr radius: AUTO
  spr subtree cutoff: 1.000000
  branch lengths: proportional (ML estimate, algorithm: NR-FAST)
  SIMD kernels: AVX2
  parallelization: coarse-grained (auto), PTHREADS (64 threads), thread pinning: OFF

[00:00:00] Reading alignment from file: data/alignment/33_1X_S201_0_haploid
[00:00:03] Loaded alignment with 201 taxa and 5000000 sites

Alignment comprises 1 partitions and 3637510 patterns

Partition 0: noname
Model: GTR+FO+G4m
Alignment sites / patterns: 5000000 / 3637510
Gaps: 0.00 %
Invariant sites: 7.15 %


NOTE: Binary MSA file created: data/alignment/33_1X_S201_0_haploid.raxml.rba

Parallelization scheme autoconfig: 1 worker(s) x 64 thread(s)

Parallel reduction/worker buffer size: 1 KB  / 0 KB

[00:00:22] Generating 1 parsimony starting tree(s) with 201 taxa
[00:00:48] Data distribution: max. partitions/sites/weight per thread: 1 / 56837 / 909392
[00:00:48] Data distribution: max. searches per worker: 1

Starting ML tree search with 1 distinct starting trees

[00:00:50 -151052565.901883] Initial branch length optimization
[00:02:56 -134987207.205024] Model parameter optimization (eps = 10.000000)
[00:08:29 -130814772.999927] AUTODETECT spr round 1 (radius: 5)
[00:14:26 -130779899.078217] AUTODETECT spr round 2 (radius: 10)
[00:31:27 -130779899.078016] SPR radius for FAST iterations: 5 (autodetect)
[00:31:27 -130779899.078016] Model parameter optimization (eps = 3.000000)
[00:31:46 -130779896.678694] FAST spr round 1 (radius: 5)
[00:41:10 -130778767.295551] FAST spr round 2 (radius: 5)
[00:50:31 -130778392.293227] FAST spr round 3 (radius: 5)
[01:00:36 -130778126.404622] FAST spr round 4 (radius: 5)
[01:11:06 -130777888.567455] FAST spr round 5 (radius: 5)
[01:21:33 -130777888.567453] Model parameter optimization (eps = 1.000000)
[01:21:50 -130777888.412881] SLOW spr round 1 (radius: 5)
[01:53:31 -130777888.412881] SLOW spr round 2 (radius: 10)
[02:28:00 -130777888.412881] SLOW spr round 3 (radius: 15)
[03:24:20 -130777888.412881] SLOW spr round 4 (radius: 20)
[04:19:36 -130777888.412881] SLOW spr round 5 (radius: 25)
[04:49:04 -130777888.412881] Model parameter optimization (eps = 0.100000)

[04:49:38] ML tree search #1, logLikelihood: -130777888.174925


Optimized model parameters:

   Partition 0: noname
   Rate heterogeneity: GAMMA (4 cats, mean),  alpha: 2.629435 (ML),  weights&rates: (0.250000,0.358394) (0.250000,0.708701) (0.250000,1.079956) (0.250000,1.852949) 
   Base frequencies (ML): 0.322468 0.196017 0.240620 0.240894 
   Substitution rates (ML): 1.303490 3.408158 0.767258 1.962581 4.242061 1.000000 


Final LogLikelihood: -130777888.174925

AIC score: 261556592.349851 / AICc score: 261556592.416605 / BIC score: 261562069.728827
Free parameters (model + branch lengths): 408

Best ML tree saved to: /expanse/lustre/projects/uot138/chaos/ASTERISK-sim/data/alignment/33_1X_S201_0_haploid.raxml.bestTree
Optimized model saved to: /expanse/lustre/projects/uot138/chaos/ASTERISK-sim/data/alignment/33_1X_S201_0_haploid.raxml.bestModel

Execution log saved to: /expanse/lustre/projects/uot138/chaos/ASTERISK-sim/data/alignment/33_1X_S201_0_haploid.raxml.log

Analysis started: 26-Dec-2022 19:30:08 / finished: 27-Dec-2022 00:19:48

Elapsed time: 17379.687 seconds

Consumed energy: 1965.012 Wh (= 10 km in an electric car, or 49 km with an e-scooter!)

