Iteration 1:
Accurate Species Tree EstimatoR from Independent Site Kernals
Version: v1.13.0.0
#Base: 773470311
#Species: 201
#Rounds: 1
#Samples: 0
#Threads: 64
Use two-step algorithm!
Guide Tree 0/27
#NNI moves:3/236
Guide Tree 1/27
#NNI moves:3/236
Guide Tree 2/27
#NNI moves:0/236
Guide Tree 3/27
#NNI moves:0/236
Guide Tree 4/27
#NNI moves:0/236
Guide Tree 5/27
#NNI moves:0/236
Guide Tree 6/27
#NNI moves:0/236
Guide Tree 7/27
#NNI moves:3/236
Guide Tree 8/27
#NNI moves:3/236
Guide Tree 9/27
#NNI moves:0/236
Guide Tree 10/27
#NNI moves:1/236
Guide Tree 11/27
#NNI moves:1/236
Guide Tree 12/27
#NNI moves:0/236
Guide Tree 13/27
#NNI moves:3/236
Guide Tree 14/27
#NNI moves:0/236
Guide Tree 15/27
#NNI moves:1/236
Guide Tree 16/27
#NNI moves:0/236
Guide Tree 17/27
#NNI moves:0/236
Guide Tree 18/27
#NNI moves:0/236
Guide Tree 19/27
#NNI moves:3/236
Guide Tree 20/27
#NNI moves:1/236
Guide Tree 21/27
#NNI moves:1/236
Guide Tree 22/27
#NNI moves:0/236
Guide Tree 23/27
#NNI moves:0/236
Guide Tree 24/27
#NNI moves:0/236
Guide Tree 25/27
#NNI moves:0/236
Guide Tree 26/27
#NNI moves:0/236
Remaining: 0
#NNI moves:2/236
#NNI moves:2/236
(((((((((((((((((((T112,(T92,(T129,T36))),(T131,T172)),((T171,((T173,T6),(T132,T154))),((T75,T170),T118))),((((((T25,T188),((T48,T69),(T51,(T60,T79)))),(T95,T177)),(((((T163,T143),(T41,T65)),T175),((T11,T29),T66)),(T10,T42))),(T121,T144)),T98)),((((T182,T8),T200),T107),T158)),((((((((((((T139,T142),(T39,T26)),(((T184,T84),T13),T152)),T181),T70),T103),(T21,T88)),((T2,T55),T17)),((T14,T23),T198)),(T166,((T74,T7),T126))),T174),(((((T105,T81),T62),((T161,T72),T54)),T155),T22))),(T116,(T89,T15))),((((((T127,T44),T87),T193),((T82,T34),T57)),((T186,(T43,(T151,T134))),((T63,((T146,T150),T108)),(T195,T169)))),(T190,((((T106,T97),T96),T156),(T50,T125))))),(T176,T123)),((((T162,((T157,T167),T124)),T76),T33),(((((((T113,T27),T114),(T4,T73)),T130),(((T20,T135),T115),T71)),(T109,(T180,T67))),(((T192,T59),T94),(T37,T28))))),T0),(((((((T78,T12),((T168,T153),T136)),((T179,(T86,T191)),(T189,((T45,T159),T58)))),((((T110,T80),T104),(T145,T165)),(T122,T147))),((((((((T83,T111),((T49,T178),T187)),T90),((T194,T148),((((T16,(T64,T91)),T3),(T30,T24)),T32))),(T137,T117)),T102),((T35,(T47,T40)),T9)),((T196,T31),(T141,T133)))),((((T119,T61),((T185,T18),T5)),(T19,((T77,T160),(T68,T120)))),T93)),((T53,(T100,T128)),(T99,T199)))),((T1,T197),T164)),T149),T183),((T56,T85),T101)),(T46,(T38,T52))),T140),T138);
Initial score: 3.77411e+10
Initial tree: (((((((((((((((((((T112,(T92,(T129,T36))),(T131,T172)),((T171,((T173,T6),(T132,T154))),((T75,T170),T118))),((((((T25,T188),((T48,T69),(T51,(T60,T79)))),(T95,T177)),(((((T163,T143),(T41,T65)),T175),((T11,T29),T66)),(T10,T42))),(T121,T144)),T98)),((((T182,T8),T200),T107),T158)),((((((((((((T139,T142),(T39,T26)),(((T184,T84),T13),T152)),T181),T70),T103),(T21,T88)),((T2,T55),T17)),((T14,T23),T198)),(T166,((T74,T7),T126))),T174),(((((T105,T81),T62),((T161,T72),T54)),T155),T22))),(T116,(T89,T15))),((((((T127,T44),T87),T193),((T82,T34),T57)),((T186,(T43,(T151,T134))),((T63,((T146,T150),T108)),(T195,T169)))),(T190,((((T106,T97),T96),T156),(T50,T125))))),(T176,T123)),((((T162,((T157,T167),T124)),T76),T33),(((((((T113,T27),T114),(T4,T73)),T130),(((T20,T135),T115),T71)),(T109,(T180,T67))),(((T192,T59),T94),(T37,T28))))),T0),(((((((T78,T12),((T168,T153),T136)),((T179,(T86,T191)),(T189,((T45,T159),T58)))),((((T110,T80),T104),(T145,T165)),(T122,T147))),((((((((T83,T111),((T49,T178),T187)),T90),((T194,T148),((((T16,(T64,T91)),T3),(T30,T24)),T32))),(T137,T117)),T102),((T35,(T47,T40)),T9)),((T196,T31),(T141,T133)))),((((T119,T61),((T185,T18),T5)),(T19,((T77,T160),(T68,T120)))),T93)),((T53,(T100,T128)),(T99,T199)))),((T1,T197),T164)),T149),T183),((T56,T85),T101)),(T46,(T38,T52))),T140),T138);
*** Subsample Process ***
Current score: 3.77411e+10
Current tree: (((((((((((((((((((T112,(T92,(T129,T36))),(T131,T172)),((T171,((T173,T6),(T132,T154))),((T75,T170),T118))),((((((T25,T188),((T48,T69),(T51,(T60,T79)))),(T95,T177)),(((((T163,T143),(T41,T65)),T175),((T11,T29),T66)),(T10,T42))),(T121,T144)),T98)),((((T182,T8),T200),T107),T158)),((((((((((((T139,T142),(T39,T26)),(((T184,T84),T13),T152)),T181),T70),T103),(T21,T88)),((T2,T55),T17)),((T14,T23),T198)),(T166,((T74,T7),T126))),T174),(((((T105,T81),T62),((T161,T72),T54)),T155),T22))),(T116,(T89,T15))),((((((T127,T44),T87),T193),((T82,T34),T57)),((T186,(T43,(T151,T134))),((T63,((T146,T150),T108)),(T195,T169)))),(T190,((((T106,T97),T96),T156),(T50,T125))))),(T176,T123)),((((T162,((T157,T167),T124)),T76),T33),(((((((T113,T27),T114),(T4,T73)),T130),(((T20,T135),T115),T71)),(T109,(T180,T67))),(((T192,T59),T94),(T37,T28))))),T0),(((((((T78,T12),((T168,T153),T136)),((T179,(T86,T191)),(T189,((T45,T159),T58)))),((((T110,T80),T104),(T145,T165)),(T122,T147))),((((((((T83,T111),((T49,T178),T187)),T90),((T194,T148),((((T16,(T64,T91)),T3),(T30,T24)),T32))),(T137,T117)),T102),((T35,(T47,T40)),T9)),((T196,T31),(T141,T133)))),((((T119,T61),((T185,T18),T5)),(T19,((T77,T160),(T68,T120)))),T93)),((T53,(T100,T128)),(T99,T199)))),((T1,T197),T164)),T149),T183),((T56,T85),T101)),(T46,(T38,T52))),T140),T138);
Final Tree: (((((((((((((((((((T112,(T92,(T129,T36))),(T131,T172)),((T171,((T173,T6),(T132,T154))),((T75,T170),T118))),((((((T25,T188),((T48,T69),(T51,(T60,T79)))),(T95,T177)),(((((T163,T143),(T41,T65)),T175),((T11,T29),T66)),(T10,T42))),(T121,T144)),T98)),((((T182,T8),T200),T107),T158)),((((((((((((T139,T142),(T39,T26)),(((T184,T84),T13),T152)),T181),T70),T103),(T21,T88)),((T2,T55),T17)),((T14,T23),T198)),(T166,((T74,T7),T126))),T174),(((((T105,T81),T62),((T161,T72),T54)),T155),T22))),(T116,(T89,T15))),((((((T127,T44),T87),T193),((T82,T34),T57)),((T186,(T43,(T151,T134))),((T63,((T146,T150),T108)),(T195,T169)))),(T190,((((T106,T97),T96),T156),(T50,T125))))),(T176,T123)),((((T162,((T157,T167),T124)),T76),T33),(((((((T113,T27),T114),(T4,T73)),T130),(((T20,T135),T115),T71)),(T109,(T180,T67))),(((T192,T59),T94),(T37,T28))))),T0),(((((((T78,T12),((T168,T153),T136)),((T179,(T86,T191)),(T189,((T45,T159),T58)))),((((T110,T80),T104),(T145,T165)),(T122,T147))),((((((((T83,T111),((T49,T178),T187)),T90),((T194,T148),((((T16,(T64,T91)),T3),(T30,T24)),T32))),(T137,T117)),T102),((T35,(T47,T40)),T9)),((T196,T31),(T141,T133)))),((((T119,T61),((T185,T18),T5)),(T19,((T77,T160),(T68,T120)))),T93)),((T53,(T100,T128)),(T99,T199)))),((T1,T197),T164)),T149),T183),((T56,T85),T101)),(T46,(T38,T52))),T140),T138);
Score: 3.77411e+10

real	8m27.810s
user	403m0.581s
sys	0m37.349s
