
RAxML-NG v. 1.1.0-master released on 04.08.2022 by The Exelixis Lab.
Developed by: Alexey M. Kozlov and Alexandros Stamatakis.
Contributors: Diego Darriba, Tomas Flouri, Benoit Morel, Sarah Lutteropp, Ben Bettisworth.
Latest version: https://github.com/amkozlov/raxml-ng
Questions/problems/suggestions? Please visit: https://groups.google.com/forum/#!forum/raxml

System: AMD EPYC 7742 64-Core Processor, 128 cores, 251 GB RAM

RAxML-NG was called at 27-Dec-2022 02:02:23 as follows:

/home/chaos/programs/raxml-ng/raxml-ng/bin/raxml-ng --msa data/alignment/34_1X_S201_0_haploid --tree pars{1} --model GTR+G --threads 64

Analysis options:
  run mode: ML tree search
  start tree(s): parsimony (1)
  random seed: 1672135343
  tip-inner: OFF
  pattern compression: ON
  per-rate scalers: OFF
  site repeats: ON
  fast spr radius: AUTO
  spr subtree cutoff: 1.000000
  branch lengths: proportional (ML estimate, algorithm: NR-FAST)
  SIMD kernels: AVX2
  parallelization: coarse-grained (auto), PTHREADS (64 threads), thread pinning: OFF

[00:00:00] Reading alignment from file: data/alignment/34_1X_S201_0_haploid
[00:00:02] Loaded alignment with 201 taxa and 5000000 sites

Alignment comprises 1 partitions and 3386435 patterns

Partition 0: noname
Model: GTR+FO+G4m
Alignment sites / patterns: 5000000 / 3386435
Gaps: 0.00 %
Invariant sites: 8.36 %


NOTE: Binary MSA file created: data/alignment/34_1X_S201_0_haploid.raxml.rba

Parallelization scheme autoconfig: 1 worker(s) x 64 thread(s)

Parallel reduction/worker buffer size: 1 KB  / 0 KB

[00:00:22] Generating 1 parsimony starting tree(s) with 201 taxa
[00:00:47] Data distribution: max. partitions/sites/weight per thread: 1 / 52914 / 846624
[00:00:47] Data distribution: max. searches per worker: 1

Starting ML tree search with 1 distinct starting trees

[00:00:48 -136029975.974325] Initial branch length optimization
[00:02:26 -120793097.447486] Model parameter optimization (eps = 10.000000)
[00:06:05 -115364564.104822] AUTODETECT spr round 1 (radius: 5)
[00:11:59 -115345195.805787] AUTODETECT spr round 2 (radius: 10)
[00:31:43 -115345195.805581] SPR radius for FAST iterations: 5 (autodetect)
[00:31:43 -115345195.805581] Model parameter optimization (eps = 3.000000)
[00:32:15 -115345192.425401] FAST spr round 1 (radius: 5)
[00:41:30 -115345042.561576] FAST spr round 2 (radius: 5)
[00:51:11 -115344943.007511] FAST spr round 3 (radius: 5)
[01:01:43 -115344851.768750] FAST spr round 4 (radius: 5)
[01:11:37 -115344851.768750] Model parameter optimization (eps = 1.000000)
[01:11:52 -115344851.737831] SLOW spr round 1 (radius: 5)
[01:42:59 -115344183.779109] SLOW spr round 2 (radius: 5)
[02:11:18 -115344183.779109] SLOW spr round 3 (radius: 10)
[02:45:31 -115344183.779109] SLOW spr round 4 (radius: 15)
[03:36:26 -115344183.779109] SLOW spr round 5 (radius: 20)
[04:20:29 -115344183.779109] SLOW spr round 6 (radius: 25)
[04:38:07 -115344183.779109] Model parameter optimization (eps = 0.100000)

[04:38:40] ML tree search #1, logLikelihood: -115344183.297569


Optimized model parameters:

   Partition 0: noname
   Rate heterogeneity: GAMMA (4 cats, mean),  alpha: 4.294493 (ML),  weights&rates: (0.250000,0.469843) (0.250000,0.784815) (0.250000,1.084251) (0.250000,1.661091) 
   Base frequencies (ML): 0.296604 0.202879 0.219063 0.281454 
   Substitution rates (ML): 0.914390 2.517809 0.375956 1.872750 5.067672 1.000000 


Final LogLikelihood: -115344183.297569

AIC score: 230689182.595139 / AICc score: 230689182.661893 / BIC score: 230694659.974115
Free parameters (model + branch lengths): 408

Best ML tree saved to: /expanse/lustre/projects/uot138/chaos/ASTERISK-sim/data/alignment/34_1X_S201_0_haploid.raxml.bestTree
Optimized model saved to: /expanse/lustre/projects/uot138/chaos/ASTERISK-sim/data/alignment/34_1X_S201_0_haploid.raxml.bestModel

Execution log saved to: /expanse/lustre/projects/uot138/chaos/ASTERISK-sim/data/alignment/34_1X_S201_0_haploid.raxml.log

Analysis started: 27-Dec-2022 02:02:23 / finished: 27-Dec-2022 06:41:04

Elapsed time: 16721.455 seconds

Consumed energy: 1900.461 Wh (= 10 km in an electric car, or 48 km with an e-scooter!)

