Accurate Species Tree EstimatoR from Independent Site Kernals
Version: v1.13.0.0
#Base: 2616933369
#Species: 201
#Rounds: 1
#Samples: 0
#Threads: 64
Use two-step algorithm!
Guide Tree 0/27
#NNI moves:0/236
Guide Tree 1/27
#NNI moves:2/236
Guide Tree 2/27
#NNI moves:1/236
Guide Tree 3/27
#NNI moves:1/236
Guide Tree 4/27
#NNI moves:4/236
Guide Tree 5/27
#NNI moves:4/236
Guide Tree 6/27
#NNI moves:1/236
Guide Tree 7/27
#NNI moves:1/236
Guide Tree 8/27
#NNI moves:1/236
Guide Tree 9/27
#NNI moves:3/236
Guide Tree 10/27
#NNI moves:0/236
Guide Tree 11/27
#NNI moves:1/236
Guide Tree 12/27
#NNI moves:0/236
Guide Tree 13/27
#NNI moves:1/236
Guide Tree 14/27
#NNI moves:1/236
Guide Tree 15/27
#NNI moves:0/236
Guide Tree 16/27
#NNI moves:1/236
Guide Tree 17/27
#NNI moves:3/236
Guide Tree 18/27
#NNI moves:3/236
Guide Tree 19/27
#NNI moves:2/236
Guide Tree 20/27
#NNI moves:0/236
Guide Tree 21/27
#NNI moves:4/236
Guide Tree 22/27
#NNI moves:1/236
Guide Tree 23/27
#NNI moves:0/236
Guide Tree 24/27
#NNI moves:1/236
Guide Tree 25/27
#NNI moves:3/236
Guide Tree 26/27
#NNI moves:1/236
Remaining: 1
#NNI moves:0/236
#NNI moves:3/236
((((((((((((((T199,((T131,T179),T93)),(((T185,T2),T142),(T180,T28))),(T104,((T65,T198),T31))),((T186,T165),T137)),((T61,T84),((T32,T6),T71))),((((((T86,T51),T129),T135),(T126,T5)),((((T182,T94),T171),((T56,T38),T134)),(T156,T196))),((T99,T117),(T105,(T64,T163))))),((((T132,T68),(T33,(T36,T148))),T139),T54)),(((((T55,T170),(T184,T29)),(((T26,T195),T176),T11)),(((T74,T143),T63),(((((T18,T23),T128),T16),(T127,(T149,T25))),(T130,T138)))),((((((T76,T102),(T69,T78)),T183),(T164,T145)),((T15,((T91,T187),T45)),((T50,(T120,T35)),T42))),(T162,T44)))),((T57,T167),T85)),((((((((((((T152,T87),(T133,(T123,((T144,(T141,T173)),T73)))),T19),T66),(T17,T194)),((T60,(T189,T12)),(((T190,T82),T114),T92))),((T90,T119),(T53,T97))),(((((T188,T157),(T30,T48)),T4),(T37,T108)),T88)),(T110,T113)),((T40,(T14,T89)),(T161,T177))),((((((T100,T10),T112),((T70,T9),T140)),(T124,T116)),((T58,T20),T125)),(T111,(T118,T46)))),(((((((T153,T21),T95),(T192,T106)),T52),(T47,T59)),(T109,T154)),(((T24,T98),T150),((T49,T168),T200))))),((((T77,T191),T147),(T121,T146)),((((T79,T43),T172),(T83,T175)),(T155,(T169,T7))))),T0),((((((((((T81,T197),T3),(T122,T136)),((T151,T8),T107)),(T67,T166)),((T103,T174),T193)),(((((T41,T13),T39),T181),T158),(((T80,T96),((T27,T22),(T159,(T75,T62)))),(T178,T160)))),T1),T101),(T72,T115))),T34);
Initial score: 7.19985e+14
Initial tree: ((((((((((((((T199,((T131,T179),T93)),(((T185,T2),T142),(T180,T28))),(T104,((T65,T198),T31))),((T186,T165),T137)),((T61,T84),((T32,T6),T71))),((((((T86,T51),T129),T135),(T126,T5)),((((T182,T94),T171),((T56,T38),T134)),(T156,T196))),((T99,T117),(T105,(T64,T163))))),((((T132,T68),(T33,(T36,T148))),T139),T54)),(((((T55,T170),(T184,T29)),(((T26,T195),T176),T11)),(((T74,T143),T63),(((((T18,T23),T128),T16),(T127,(T149,T25))),(T130,T138)))),((((((T76,T102),(T69,T78)),T183),(T164,T145)),((T15,((T91,T187),T45)),((T50,(T120,T35)),T42))),(T162,T44)))),((T57,T167),T85)),((((((((((((T152,T87),(T133,(T123,((T144,(T141,T173)),T73)))),T19),T66),(T17,T194)),((T60,(T189,T12)),(((T190,T82),T114),T92))),((T90,T119),(T53,T97))),(((((T188,T157),(T30,T48)),T4),(T37,T108)),T88)),(T110,T113)),((T40,(T14,T89)),(T161,T177))),((((((T100,T10),T112),((T70,T9),T140)),(T124,T116)),((T58,T20),T125)),(T111,(T118,T46)))),(((((((T153,T21),T95),(T192,T106)),T52),(T47,T59)),(T109,T154)),(((T24,T98),T150),((T49,T168),T200))))),((((T77,T191),T147),(T121,T146)),((((T79,T43),T172),(T83,T175)),(T155,(T169,T7))))),T0),((((((((((T81,T197),T3),(T122,T136)),((T151,T8),T107)),(T67,T166)),((T103,T174),T193)),(((((T41,T13),T39),T181),T158),(((T80,T96),((T27,T22),(T159,(T75,T62)))),(T178,T160)))),T1),T101),(T72,T115))),T34);
*** Subsample Process ***
Current score: 7.19985e+14
Current tree: ((((((((((((((T199,((T131,T179),T93)),(((T185,T2),T142),(T180,T28))),(T104,((T65,T198),T31))),((T186,T165),T137)),((T61,T84),((T32,T6),T71))),((((((T86,T51),T129),T135),(T126,T5)),((((T182,T94),T171),((T56,T38),T134)),(T156,T196))),((T99,T117),(T105,(T64,T163))))),((((T132,T68),(T33,(T36,T148))),T139),T54)),(((((T55,T170),(T184,T29)),(((T26,T195),T176),T11)),(((T74,T143),T63),(((((T18,T23),T128),T16),(T127,(T149,T25))),(T130,T138)))),((((((T76,T102),(T69,T78)),T183),(T164,T145)),((T15,((T91,T187),T45)),((T50,(T120,T35)),T42))),(T162,T44)))),((T57,T167),T85)),((((((((((((T152,T87),(T133,(T123,((T144,(T141,T173)),T73)))),T19),T66),(T17,T194)),((T60,(T189,T12)),(((T190,T82),T114),T92))),((T90,T119),(T53,T97))),(((((T188,T157),(T30,T48)),T4),(T37,T108)),T88)),(T110,T113)),((T40,(T14,T89)),(T161,T177))),((((((T100,T10),T112),((T70,T9),T140)),(T124,T116)),((T58,T20),T125)),(T111,(T118,T46)))),(((((((T153,T21),T95),(T192,T106)),T52),(T47,T59)),(T109,T154)),(((T24,T98),T150),((T49,T168),T200))))),((((T77,T191),T147),(T121,T146)),((((T79,T43),T172),(T83,T175)),(T155,(T169,T7))))),T0),((((((((((T81,T197),T3),(T122,T136)),((T151,T8),T107)),(T67,T166)),((T103,T174),T193)),(((((T41,T13),T39),T181),T158),(((T80,T96),((T27,T22),(T159,(T75,T62)))),(T178,T160)))),T1),T101),(T72,T115))),T34);
Final Tree: ((((((((((((((T199,((T131,T179),T93)),(((T185,T2),T142),(T180,T28))),(T104,((T65,T198),T31))),((T186,T165),T137)),((T61,T84),((T32,T6),T71))),((((((T86,T51),T129),T135),(T126,T5)),((((T182,T94),T171),((T56,T38),T134)),(T156,T196))),((T99,T117),(T105,(T64,T163))))),((((T132,T68),(T33,(T36,T148))),T139),T54)),(((((T55,T170),(T184,T29)),(((T26,T195),T176),T11)),(((T74,T143),T63),(((((T18,T23),T128),T16),(T127,(T149,T25))),(T130,T138)))),((((((T76,T102),(T69,T78)),T183),(T164,T145)),((T15,((T91,T187),T45)),((T50,(T120,T35)),T42))),(T162,T44)))),((T57,T167),T85)),((((((((((((T152,T87),(T133,(T123,((T144,(T141,T173)),T73)))),T19),T66),(T17,T194)),((T60,(T189,T12)),(((T190,T82),T114),T92))),((T90,T119),(T53,T97))),(((((T188,T157),(T30,T48)),T4),(T37,T108)),T88)),(T110,T113)),((T40,(T14,T89)),(T161,T177))),((((((T100,T10),T112),((T70,T9),T140)),(T124,T116)),((T58,T20),T125)),(T111,(T118,T46)))),(((((((T153,T21),T95),(T192,T106)),T52),(T47,T59)),(T109,T154)),(((T24,T98),T150),((T49,T168),T200))))),((((T77,T191),T147),(T121,T146)),((((T79,T43),T172),(T83,T175)),(T155,(T169,T7))))),T0),((((((((((T81,T197),T3),(T122,T136)),((T151,T8),T107)),(T67,T166)),((T103,T174),T193)),(((((T41,T13),T39),T181),T158),(((T80,T96),((T27,T22),(T159,(T75,T62)))),(T178,T160)))),T1),T101),(T72,T115))),T34);
Score: 7.19985e+14

real	69m47.685s
user	3644m43.658s
sys	1m8.529s
