Weighted ASTRAL - Hybrid
Version: v1.13.2.3
#Genetrees: 2000
#Species: 201
#Rounds: 4
#Samples: 4
#Threads: 32
Use two-step algorithm!
Guide Tree 0/27
#NNI moves:0/236
Guide Tree 1/27
#NNI moves:0/236
Guide Tree 2/27
#NNI moves:0/236
Guide Tree 3/27
#NNI moves:0/236
Guide Tree 4/27
#NNI moves:0/236
Guide Tree 5/27
#NNI moves:0/236
Guide Tree 6/27
#NNI moves:0/236
Guide Tree 7/27
#NNI moves:1/236
Guide Tree 8/27
#NNI moves:0/236
Guide Tree 9/27
#NNI moves:1/236
Guide Tree 10/27
#NNI moves:0/236
Guide Tree 11/27
#NNI moves:1/236
Guide Tree 12/27
#NNI moves:0/236
Guide Tree 13/27
#NNI moves:0/236
Guide Tree 14/27
#NNI moves:0/236
Guide Tree 15/27
#NNI moves:0/236
Guide Tree 16/27
#NNI moves:0/236
Guide Tree 17/27
#NNI moves:0/236
Guide Tree 18/27
#NNI moves:0/236
Guide Tree 19/27
#NNI moves:0/236
Guide Tree 20/27
#NNI moves:1/236
Guide Tree 21/27
#NNI moves:0/236
Guide Tree 22/27
#NNI moves:0/236
Guide Tree 23/27
#NNI moves:0/236
Guide Tree 24/27
#NNI moves:0/236
Guide Tree 25/27
#NNI moves:0/236
Guide Tree 26/27
#NNI moves:0/236
Remaining: 0
#NNI moves:0/236
#NNI moves:0/236
(((((((((((((((((T123,T135),(T176,T63)),T141),(T148,(T124,(T20,T177)))),(((T158,(((T24,T54),T102),T62)),T173),(T125,(((T137,T93),(T92,T101)),T74)))),T107),(((T40,(T96,T73)),((T157,T59),T156)),(T130,(T55,T112)))),((((((T179,T86),(T11,T3)),((T178,T51),T80)),T140),(((T60,T81),T89),((T71,T35),(T33,T38)))),((T164,(T113,T32)),T180))),((T23,T114),((T198,T78),(T119,T44)))),(((((T31,(((T161,T105),T191),T45)),(((T28,T18),T145),T47)),((T67,T88),(T195,T104))),T109),(T144,T162))),((((((((((T196,((T83,(T36,T30)),((T68,T184),T116))),(T117,T167)),(T129,T5)),((((((T103,T193),T188),T192),((T165,T108),T136)),T99),((((T14,T185),T7),T64),((T115,T143),T121)))),T186),(T9,((((T187,T122),T100),(T57,(T76,T41))),T26))),(((((T183,T87),T171),T69),(T194,T166)),(((((((T131,T4),T199),(T120,(T170,T111))),((T2,T172),((T147,T49),T43))),T25),T39),((((((T94,T182),(T53,T50)),T153),(T106,T17)),((T132,(T110,T98)),((((T52,(T56,T6)),(T190,(T82,T181))),(T97,T133)),T163))),(T139,(T61,T95)))))),((T84,(T22,T118)),(T42,T29))),T200),((((T189,T127),T169),((T168,T34),T48)),((T90,T142),T174)))),(((((T66,T149),((T160,T37),(T65,T79))),T146),((T128,T75),T77)),T0)),((((((((T10,T138),(T85,T1)),((T8,T175),T13)),T21),T159),((T91,(T12,T154)),(((T151,T72),T150),T46))),T70),((T152,T16),T155))),(((T58,T134),T197),T126)),T27),T15),T19);
Guide Tree 0/27
#NNI moves:1/236
Guide Tree 1/27
#NNI moves:1/236
Guide Tree 2/27
#NNI moves:0/236
Guide Tree 3/27
#NNI moves:0/236
Guide Tree 4/27
#NNI moves:0/236
Guide Tree 5/27
#NNI moves:0/236
Guide Tree 6/27
#NNI moves:0/236
Guide Tree 7/27
#NNI moves:0/236
Guide Tree 8/27
#NNI moves:1/236
Guide Tree 9/27
#NNI moves:0/236
Guide Tree 10/27
#NNI moves:0/236
Guide Tree 11/27
#NNI moves:0/236
Guide Tree 12/27
#NNI moves:0/236
Guide Tree 13/27
#NNI moves:0/236
Guide Tree 14/27
#NNI moves:0/236
Guide Tree 15/27
#NNI moves:0/236
Guide Tree 16/27
#NNI moves:0/236
Guide Tree 17/27
#NNI moves:0/236
Guide Tree 18/27
#NNI moves:0/236
Guide Tree 19/27
#NNI moves:0/236
Guide Tree 20/27
#NNI moves:0/236
Guide Tree 21/27
#NNI moves:0/236
Guide Tree 22/27
#NNI moves:0/236
Guide Tree 23/27
#NNI moves:0/236
Guide Tree 24/27
#NNI moves:0/236
Guide Tree 25/27
#NNI moves:0/236
Guide Tree 26/27
#NNI moves:0/236
Remaining: 0
#NNI moves:3/236
#NNI moves:3/236
(((((((((((((((T38,T33),(T35,T71)),((T60,T81),T89)),((((T179,T86),(T11,T3)),((T51,T178),T80)),T140)),(((T113,T32),T164),T180)),((((((((T93,T137),(T101,T92)),T74),T125),((T158,((T102,(T54,T24)),T62)),T173)),((T148,((T177,T20),T124)),(((T135,T123),(T63,T176)),T141))),T107),(((T40,(T96,T73)),(T156,(T59,T157))),((T112,T55),T130)))),(((T78,T198),(T44,T119)),(T23,T114))),(((((T195,T104),(T88,T67)),(((((T105,T161),T191),T45),T31),(((T18,T28),T145),T47))),T109),(T162,T144))),((((((((((((((T56,T6),T52),((T181,T82),T190)),(T133,T97)),T163),((T110,T98),T132)),((((T50,T53),(T94,T182)),T153),(T106,T17))),((T61,T95),T139)),(((((T2,T172),(T43,(T49,T147))),(((T4,T131),T199),((T111,T170),T120))),T25),T39)),((T166,T194),(((T183,T87),T171),T69))),(((((((((T36,T30),T83),((T68,T184),T116)),T196),(T117,T167)),(T5,T129)),((((((T103,T193),T188),T192),((T165,T108),T136)),T99),((T64,(T7,(T14,T185))),(T121,(T143,T115))))),T186),(T9,((((T76,T41),T57),(T100,(T187,T122))),T26)))),(((T118,T22),T84),(T42,T29))),T200),(((T142,T90),T174),(((T34,T168),T48),((T127,T189),T169))))),(T0,(((((T79,T65),(T37,T160)),(T66,T149)),T146),((T128,T75),T77)))),((((((((T85,T1),(T138,T10)),((T8,T175),T13)),T21),T159),((T46,(T150,(T72,T151))),(T91,(T154,T12)))),T70),(T155,(T152,T16)))),(((T58,T134),T197),T126)),T27),T15),T19);
Guide Tree 0/27
#NNI moves:1/236
Guide Tree 1/27
#NNI moves:3/236
Guide Tree 2/27
#NNI moves:3/236
Guide Tree 3/27
#NNI moves:3/236
Guide Tree 4/27
#NNI moves:0/236
Guide Tree 5/27
#NNI moves:0/236
Guide Tree 6/27
#NNI moves:0/236
Guide Tree 7/27
#NNI moves:0/236
Guide Tree 8/27
#NNI moves:3/236
Guide Tree 9/27
#NNI moves:1/236
Guide Tree 10/27
#NNI moves:0/236
Guide Tree 11/27
#NNI moves:3/236
Guide Tree 12/27
#NNI moves:3/236
Guide Tree 13/27
#NNI moves:0/236
Guide Tree 14/27
#NNI moves:0/236
Guide Tree 15/27
#NNI moves:0/236
Guide Tree 16/27
#NNI moves:0/236
Guide Tree 17/27
#NNI moves:0/236
Guide Tree 18/27
#NNI moves:0/236
Guide Tree 19/27
#NNI moves:0/236
Guide Tree 20/27
#NNI moves:0/236
Guide Tree 21/27
#NNI moves:0/236
Guide Tree 22/27
#NNI moves:0/236
Guide Tree 23/27
#NNI moves:0/236
Guide Tree 24/27
#NNI moves:0/236
Guide Tree 25/27
#NNI moves:0/236
Guide Tree 26/27
#NNI moves:0/236
Remaining: 0
#NNI moves:6/236
#NNI moves:6/236
(((((((((((((((((T123,T135),(T176,T63)),T141),((T124,(T20,T177)),T148)),(((((T101,T92),(T137,T93)),T74),T125),((T158,((T102,(T54,T24)),T62)),T173))),T107),((((T73,T96),T40),((T157,T59),T156)),((T112,T55),T130))),((((((T11,T3),(T179,T86)),((T178,T51),T80)),T140),(((T81,T60),T89),((T71,T35),(T38,T33)))),(((T32,T113),T164),T180))),(((T119,T44),(T198,T78)),(T23,T114))),(((((((T18,T28),T145),T47),((((T161,T105),T191),T45),T31)),((T88,T67),(T195,T104))),T109),(T162,T144))),((((((((((((T49,T147),T43),(T2,T172)),(((T4,T131),T199),((T111,T170),T120))),T25),T39),(((T61,T95),T139),(((((T133,T97),((T190,(T82,T181)),((T6,T56),T52))),T163),(T132,(T110,T98))),((((T53,T50),(T94,T182)),T153),(T106,T17))))),((((T87,T183),T171),T69),(T194,T166))),(((((((((T103,T193),T188),T192),((T165,T108),T136)),T99),((((T14,T185),T7),T64),(T121,(T115,T143)))),((((((T184,T68),T116),((T30,T36),T83)),T196),(T117,T167)),(T129,T5))),T186),((((T57,(T76,T41)),((T187,T122),T100)),T26),T9))),((T29,T42),((T118,T22),T84))),T200),(((T48,(T168,T34)),((T127,T189),T169)),((T90,T142),T174)))),(((((T66,T149),((T37,T160),(T79,T65))),T146),(T77,(T128,T75))),T0)),(((((((T13,(T8,T175)),((T10,T138),(T85,T1))),T21),T159),((T91,(T154,T12)),(T46,(T150,(T72,T151))))),T70),((T152,T16),T155))),(((T134,T58),T197),T126)),T27),T15),T19);
Guide Tree 0/27
#NNI moves:0/236
Guide Tree 1/27
#NNI moves:0/236
Guide Tree 2/27
#NNI moves:1/236
Guide Tree 3/27
#NNI moves:1/236
Guide Tree 4/27
#NNI moves:1/236
Guide Tree 5/27
#NNI moves:1/236
Guide Tree 6/27
#NNI moves:0/236
Guide Tree 7/27
#NNI moves:1/236
Guide Tree 8/27
#NNI moves:4/236
Guide Tree 9/27
#NNI moves:2/236
Guide Tree 10/27
#NNI moves:0/236
Guide Tree 11/27
#NNI moves:0/236
Guide Tree 12/27
#NNI moves:0/236
Guide Tree 13/27
#NNI moves:1/236
Guide Tree 14/27
#NNI moves:0/236
Guide Tree 15/27
#NNI moves:0/236
Guide Tree 16/27
#NNI moves:0/236
Guide Tree 17/27
#NNI moves:0/236
Guide Tree 18/27
#NNI moves:0/236
Guide Tree 19/27
#NNI moves:0/236
Guide Tree 20/27
#NNI moves:0/236
Guide Tree 21/27
#NNI moves:0/236
Guide Tree 22/27
#NNI moves:1/236
Guide Tree 23/27
#NNI moves:0/236
Guide Tree 24/27
#NNI moves:1/236
Guide Tree 25/27
#NNI moves:0/236
Guide Tree 26/27
#NNI moves:1/236
Remaining: 0
#NNI moves:0/236
#NNI moves:0/236
((((((((((((((T156,(T59,T157)),((T73,T96),T40)),((T55,T112),T130)),((((T125,(((T93,T137),(T92,T101)),T74)),(((((T24,T54),T102),T62),T158),T173)),((((T135,T123),(T63,T176)),T141),(T148,((T177,T20),T124)))),T107)),(((((T33,T38),(T35,T71)),(T89,(T81,T60))),((((T179,T86),(T3,T11)),((T51,T178),T80)),T140)),((T164,(T113,T32)),T180))),(((T198,T78),(T119,T44)),(T114,T23))),(((((T47,((T28,T18),T145)),(((T191,(T105,T161)),T45),T31)),((T88,T67),(T104,T195))),T109),(T162,T144))),((((((((((((T188,(T193,T103)),T192),(T136,(T108,T165))),T99),((((T14,T185),T7),T64),((T115,T143),T121))),(((((T83,(T36,T30)),((T184,T68),T116)),T196),(T167,T117)),(T129,T5))),T186),(((((T76,T41),T57),((T187,T122),T100)),T26),T9)),((((((((((T181,T82),T190),((T6,T56),T52)),(T97,T133)),T163),(T132,(T98,T110))),((((T182,T94),(T50,T53)),T153),(T17,T106))),((T61,T95),T139)),(((((T199,(T4,T131)),(T120,(T111,T170))),((T2,T172),(T43,(T49,T147)))),T25),T39)),((T69,((T87,T183),T171)),(T194,T166)))),(((T118,T22),T84),(T29,T42))),T200),(((T48,(T168,T34)),((T189,T127),T169)),(T174,(T142,T90))))),((((((T160,T37),(T65,T79)),(T66,T149)),T146),((T75,T128),T77)),T0)),(((((((T72,T151),T150),T46),(T91,(T154,T12))),(((((T1,T85),(T138,T10)),((T175,T8),T13)),T21),T159)),T70),((T152,T16),T155))),(((T134,T58),T197),T126)),T27),T15),T19);
Initial score: 8.52579e+10
Initial tree: ((((((((((((((T156,(T59,T157)),((T73,T96),T40)),((T55,T112),T130)),((((T125,(((T93,T137),(T92,T101)),T74)),(((((T24,T54),T102),T62),T158),T173)),((((T135,T123),(T63,T176)),T141),(T148,((T177,T20),T124)))),T107)),(((((T33,T38),(T35,T71)),(T89,(T81,T60))),((((T179,T86),(T3,T11)),((T51,T178),T80)),T140)),((T164,(T113,T32)),T180))),(((T198,T78),(T119,T44)),(T114,T23))),(((((T47,((T28,T18),T145)),(((T191,(T105,T161)),T45),T31)),((T88,T67),(T104,T195))),T109),(T162,T144))),((((((((((((T188,(T193,T103)),T192),(T136,(T108,T165))),T99),((((T14,T185),T7),T64),((T115,T143),T121))),(((((T83,(T36,T30)),((T184,T68),T116)),T196),(T167,T117)),(T129,T5))),T186),(((((T76,T41),T57),((T187,T122),T100)),T26),T9)),((((((((((T181,T82),T190),((T6,T56),T52)),(T97,T133)),T163),(T132,(T98,T110))),((((T182,T94),(T50,T53)),T153),(T17,T106))),((T61,T95),T139)),(((((T199,(T4,T131)),(T120,(T111,T170))),((T2,T172),(T43,(T49,T147)))),T25),T39)),((T69,((T87,T183),T171)),(T194,T166)))),(((T118,T22),T84),(T29,T42))),T200),(((T48,(T168,T34)),((T189,T127),T169)),(T174,(T142,T90))))),((((((T160,T37),(T65,T79)),(T66,T149)),T146),((T75,T128),T77)),T0)),(((((((T72,T151),T150),T46),(T91,(T154,T12))),(((((T1,T85),(T138,T10)),((T175,T8),T13)),T21),T159)),T70),((T152,T16),T155))),(((T134,T58),T197),T126)),T27),T15),T19);
*** Subsample Process ***
Use two-step algorithm!
#NNI moves:0/236
Remaining: 0
#NNI moves:0/236
#NNI moves:0/236
((((((((((((((((((((T136,(T108,T165)),((T188,(T193,T103)),T192)),T99),((((T185,T14),T7),T64),((T143,T115),T121))),((((((T36,T30),T83),((T184,T68),T116)),T196),(T117,T167)),(T129,T5))),T186),(((((T76,T41),T57),((T122,T187),T100)),T26),T9)),((((((((T133,T97),(((T181,T82),T190),(T52,(T56,T6)))),T163),(T132,(T98,T110))),((((T182,T94),(T53,T50)),T153),(T106,T17))),((T95,T61),T139)),((((((T4,T131),T199),(T120,(T111,T170))),((T2,T172),((T49,T147),T43))),T25),T39)),((T69,((T183,T87),T171)),(T166,T194)))),(((T118,T22),T84),(T29,T42))),T200),((((T168,T34),T48),((T189,T127),T169)),((T142,T90),T174))),((((((((((T10,T138),(T1,T85)),(T13,(T8,T175))),T21),T159),((T91,(T154,T12)),(((T151,T72),T150),T46))),T70),((T16,T152),T155)),(((T15,T19),T27),(((T134,T58),T197),T126))),(((T146,(((T65,T79),(T160,T37)),(T66,T149))),((T75,T128),T77)),T0))),(((((T47,((T28,T18),T145)),(((T191,(T161,T105)),T45),T31)),((T195,T104),(T88,T67))),T109),(T162,T144))),(((T78,T198),(T119,T44)),(T23,T114))),(((((T33,T38),(T35,T71)),((T81,T60),T89)),((((T51,T178),T80),((T179,T86),(T11,T3))),T140)),(((T113,T32),T164),T180))),((((((((T24,T54),T102),T62),T158),T173),((((T137,T93),(T92,T101)),T74),T125)),((((T123,T135),(T63,T176)),T141),(T148,((T20,T177),T124)))),T107)),((T156,(T59,T157)),((T73,T96),T40))),T130),T112),T55);
#NNI moves:1/236
Remaining: 0
#NNI moves:5/236
#NNI moves:5/236
(((((((((((((((((((T182,T94),(T53,T50)),T153),(T17,T106)),((((T97,T133),(((T6,T56),T52),(T190,(T181,T82)))),T163),(T132,(T98,T110)))),(T139,(T95,T61))),(((((T172,T2),((T147,T49),T43)),((T120,(T170,T111)),((T131,T4),T199))),T25),T39)),((((T183,T87),T171),T69),(T194,T166))),((((((((T108,T165),T136),(((T103,T193),T188),T192)),T99),(((T143,T115),T121),(((T185,T14),T7),T64))),((((((T36,T30),T83),((T68,T184),T116)),T196),(T117,T167)),(T129,T5))),T186),(((((T187,T122),T100),((T76,T41),T57)),T26),T9))),((T29,T42),(T84,(T118,T22)))),T200),((((T168,T34),T48),(T169,(T189,T127))),((T142,T90),T174))),(((((((((((T102,(T24,T54)),T62),T158),T173),((((T101,T92),(T93,T137)),T74),T125)),((((T176,T63),(T123,T135)),T141),(((T20,T177),T124),T148))),T107),(((T156,(T157,T59)),((T73,T96),T40)),((T55,T112),T130))),(((((T35,T71),(T38,T33)),((T60,T81),T89)),((((T178,T51),T80),((T11,T3),(T179,T86))),T140)),(((T32,T113),T164),T180))),(((T78,T198),(T119,T44)),(T114,T23))),(((((T67,T88),(T104,T195)),(((((T105,T161),T191),T45),T31),((T145,(T28,T18)),T47))),T109),(T162,T144)))),(((((T149,T66),((T79,T65),(T160,T37))),T146),((T128,T75),T77)),T0)),((((((((T175,T8),T13),((T85,T1),(T138,T10))),T21),T159),((((T72,T151),T150),T46),((T154,T12),T91))),T70),((T16,T152),T155))),(T126,(T197,(T134,T58)))),T27),T19),T15);
#NNI moves:0/236
Remaining: 0
#NNI moves:0/236
#NNI moves:0/236
((((((((((((((((((((T59,T157),T156),(T40,(T73,T96))),(T130,(T112,T55))),((((((T135,T123),(T63,T176)),T141),(((T177,T20),T124),T148)),((((T62,(T102,(T54,T24))),T158),T173),((((T101,T92),(T137,T93)),T74),T125))),T107)),((((((T11,T3),(T86,T179)),((T51,T178),T80)),T140),(((T71,T35),(T33,T38)),((T60,T81),T89))),(((T32,T113),T164),T180))),((T23,T114),((T44,T119),(T78,T198)))),(((((((T28,T18),T145),T47),(((T191,(T161,T105)),T45),T31)),((T67,T88),(T195,T104))),T109),(T162,T144))),((((((((((T10,T138),(T1,T85)),((T175,T8),T13)),T21),T159),(((T150,(T151,T72)),T46),((T12,T154),T91))),T70),(T155,(T152,T16))),((T27,(T19,T15)),(((T58,T134),T197),T126))),(((T146,(((T160,T37),(T79,T65)),(T149,T66))),((T75,T128),T77)),T0))),((T174,(T142,T90)),(((T127,T189),T169),(T48,(T168,T34))))),T200),(((T22,T118),T84),(T42,T29))),(((((T100,(T187,T122)),(T57,(T41,T76))),T26),T9),(((((T196,(((T36,T30),T83),(T116,(T68,T184)))),(T167,T117)),(T129,T5)),(((((T165,T108),T136),(((T103,T193),T188),T192)),T99),((T64,((T14,T185),T7)),((T115,T143),T121)))),T186))),((T166,T194),(((T183,T87),T171),T69))),((T25,((((T49,T147),T43),(T172,T2)),((T120,(T111,T170)),((T131,T4),T199)))),T39)),((T95,T61),T139)),(((((T190,(T181,T82)),((T56,T6),T52)),(T133,T97)),T163),((T110,T98),T132))),(T17,T106)),((T53,T50),(T182,T94))),T153);
#NNI moves:0/236
Remaining: 0
#NNI moves:5/236
#NNI moves:5/236
((((((((((((((((((T2,T172),((T147,T49),T43)),(((T170,T111),T120),(T199,(T131,T4)))),T25),T39),((((((((T181,T82),T190),(T52,(T56,T6))),(T97,T133)),T163),((T98,T110),T132)),((((T94,T182),(T53,T50)),T153),(T17,T106))),(T139,(T61,T95)))),((T194,T166),(((T183,T87),T171),T69))),(((((((T143,T115),T121),(T64,((T14,T185),T7))),(T99,((T136,(T165,T108)),(((T193,T103),T188),T192)))),(((T167,T117),((((T68,T184),T116),((T36,T30),T83)),T196)),(T129,T5))),T186),((T26,(((T76,T41),T57),(T100,(T187,T122)))),T9))),((T42,T29),((T22,T118),T84))),T200),((T174,(T142,T90)),((T48,(T168,T34)),((T127,T189),T169)))),(((((((T32,T113),T164),T180),(((((T11,T3),(T86,T179)),((T51,T178),T80)),T140),(((T35,T71),(T38,T33)),((T81,T60),T89)))),((((T55,T112),T130),(((T157,T59),T156),((T96,T73),T40))),((((((T123,T135),(T63,T176)),T141),((T124,(T177,T20)),T148)),(((((T93,T137),(T92,T101)),T74),T125),(((((T54,T24),T102),T62),T158),T173))),T107))),(((T78,T198),(T119,T44)),(T114,T23))),((T109,(((T47,((T18,T28),T145)),((((T105,T161),T191),T45),T31)),((T195,T104),(T67,T88)))),(T162,T144)))),((((((T79,T65),(T37,T160)),(T66,T149)),T146),((T128,T75),T77)),T0)),(((((T46,((T151,T72),T150)),((T12,T154),T91)),(((((T85,T1),(T10,T138)),((T175,T8),T13)),T21),T159)),T70),(T155,(T16,T152)))),(T126,(T197,(T58,T134)))),T27),T19),T15);
Current score: 8.52579e+10
Current tree: ((((((((((((((((((T2,T172),((T147,T49),T43)),(((T170,T111),T120),(T199,(T131,T4)))),T25),T39),((((((((T181,T82),T190),(T52,(T56,T6))),(T97,T133)),T163),((T98,T110),T132)),((((T94,T182),(T53,T50)),T153),(T17,T106))),(T139,(T61,T95)))),((T194,T166),(((T183,T87),T171),T69))),(((((((T143,T115),T121),(T64,((T14,T185),T7))),(T99,((T136,(T165,T108)),(((T193,T103),T188),T192)))),(((T167,T117),((((T68,T184),T116),((T36,T30),T83)),T196)),(T129,T5))),T186),((T26,(((T76,T41),T57),(T100,(T187,T122)))),T9))),((T42,T29),((T22,T118),T84))),T200),((T174,(T142,T90)),((T48,(T168,T34)),((T127,T189),T169)))),(((((((T32,T113),T164),T180),(((((T11,T3),(T86,T179)),((T51,T178),T80)),T140),(((T35,T71),(T38,T33)),((T81,T60),T89)))),((((T55,T112),T130),(((T157,T59),T156),((T96,T73),T40))),((((((T123,T135),(T63,T176)),T141),((T124,(T177,T20)),T148)),(((((T93,T137),(T92,T101)),T74),T125),(((((T54,T24),T102),T62),T158),T173))),T107))),(((T78,T198),(T119,T44)),(T114,T23))),((T109,(((T47,((T18,T28),T145)),((((T105,T161),T191),T45),T31)),((T195,T104),(T67,T88)))),(T162,T144)))),((((((T79,T65),(T37,T160)),(T66,T149)),T146),((T128,T75),T77)),T0)),(((((T46,((T151,T72),T150)),((T12,T154),T91)),(((((T85,T1),(T10,T138)),((T175,T8),T13)),T21),T159)),T70),(T155,(T16,T152)))),(T126,(T197,(T58,T134)))),T27),T15),T19);
Use two-step algorithm!
#NNI moves:1/236
Remaining: 0
#NNI moves:2/236
#NNI moves:2/236
(((((((((((((((((((((((((T101,T92),(T137,T93)),T74),T125),(((T62,((T24,T54),T102)),T158),T173)),((((T20,T177),T124),T148),(((T176,T63),(T135,T123)),T141))),T107),(((T40,(T73,T96)),((T59,T157),T156)),((T112,T55),T130))),(((((T80,(T51,T178)),((T3,T11),(T179,T86))),T140),((T89,(T81,T60)),((T71,T35),(T38,T33)))),(((T113,T32),T164),T180))),(((T44,T119),(T198,T78)),(T23,T114))),((T162,T144),((((((T28,T18),T145),T47),(T31,(((T161,T105),T191),T45))),((T67,T88),(T104,T195))),T109))),((((((((((T1,T85),(T138,T10)),((T8,T175),T13)),T21),T159),((((T72,T151),T150),T46),((T154,T12),T91))),T70),((T152,T16),T155)),(((T197,(T134,T58)),T126),(T27,(T15,T19)))),((((((T160,T37),(T79,T65)),(T149,T66)),T146),((T128,T75),T77)),T0))),((((T168,T34),T48),((T127,T189),T169)),((T142,T90),T174))),T200),((T29,T42),((T118,T22),T84))),(((((((T115,T143),T121),((T7,(T14,T185)),T64)),((((T108,T165),T136),(((T103,T193),T188),T192)),T99)),(((((T116,(T68,T184)),((T36,T30),T83)),T196),(T117,T167)),(T129,T5))),T186),((T26,(((T187,T122),T100),((T41,T76),T57))),T9))),(((T171,(T87,T183)),T69),(T166,T194))),((((T17,T106),(((T53,T50),(T94,T182)),T153)),((((((T82,T181),T190),((T6,T56),T52)),(T133,T97)),T163),((T110,T98),T132))),(T139,(T61,T95)))),T39),T25),(((T170,T111),T120),(T199,(T4,T131)))),(T172,T2)),T43),T49),T147);
#NNI moves:0/236
Remaining: 0
#NNI moves:5/236
#NNI moves:5/236
((((((((((((((((((((T188,(T193,T103)),T192),((T165,T108),T136)),T99),((T64,((T14,T185),T7)),((T115,T143),T121))),(((((T116,(T184,T68)),(T83,(T30,T36))),T196),(T167,T117)),(T129,T5))),T186),(T9,((((T76,T41),T57),(T100,(T187,T122))),T26))),(((((((T199,(T131,T4)),((T111,T170),T120)),((T2,T172),(T43,(T147,T49)))),T25),T39),((((((T182,T94),(T53,T50)),T153),(T17,T106)),((((((T56,T6),T52),(T190,(T82,T181))),(T133,T97)),T163),(T132,(T98,T110)))),((T95,T61),T139))),(((T171,(T183,T87)),T69),(T166,T194)))),((T84,(T118,T22)),(T42,T29))),T200),((((T168,T34),T48),(T169,(T127,T189))),(T174,(T142,T90)))),(((((((((((T101,T92),(T137,T93)),T74),T125),((((T102,(T24,T54)),T62),T158),T173)),((((T176,T63),(T135,T123)),T141),((T124,(T20,T177)),T148))),T107),((((T73,T96),T40),(T156,(T59,T157))),(T130,(T55,T112)))),((((((T86,T179),(T11,T3)),((T178,T51),T80)),T140),((T89,(T81,T60)),((T33,T38),(T71,T35)))),((T164,(T113,T32)),T180))),(((T119,T44),(T78,T198)),(T114,T23))),(((((T31,((T191,(T105,T161)),T45)),(((T18,T28),T145),T47)),((T67,T88),(T195,T104))),T109),(T144,T162)))),((((((T79,T65),(T160,T37)),(T66,T149)),T146),((T128,T75),T77)),T0)),(((((T91,(T12,T154)),(((T151,T72),T150),T46)),(((((T175,T8),T13),((T10,T138),(T85,T1))),T21),T159)),T70),((T16,T152),T155))),((T15,T19),T27)),T126),T197),T134),T58);
#NNI moves:0/236
Remaining: 6
#NNI moves:4/236
#NNI moves:4/236
(((((((((((((((((((((((((T102,(T54,T24)),T62),T158),T173),((((T93,T137),(T101,T92)),T74),T125)),((((T63,T176),(T123,T135)),T141),(T148,(T124,(T20,T177))))),T107),(((T55,T112),T130),(((T96,T73),T40),((T157,T59),T156)))),((((T32,T113),T164),T180),((((T38,T33),(T71,T35)),((T81,T60),T89)),((((T179,T86),(T11,T3)),((T51,T178),T80)),T140)))),(((T44,T119),(T198,T78)),(T23,T114))),((((((((T161,T105),T191),T45),T31),(((T28,T18),T145),T47)),((T67,T88),(T104,T195))),T109),(T144,T162))),(((((((T65,T79),(T160,T37)),(T149,T66)),T146),((T75,T128),T77)),T0),(((((((T12,T154),T91),((T150,(T151,T72)),T46)),((T21,(((T1,T85),(T138,T10)),(T13,(T175,T8)))),T159)),T70),((T16,T152),T155)),((T126,((T58,T134),T197)),((T19,T15),T27))))),((T174,(T90,T142)),((T48,(T168,T34)),(T169,(T127,T189))))),T200),((T42,T29),((T118,T22),T84))),((((((((T170,T111),T120),((T131,T4),T199)),((T172,T2),((T147,T49),T43))),T25),T39),((((((T50,T53),(T182,T94)),T153),(T17,T106)),((T163,((((T6,T56),T52),((T82,T181),T190)),(T97,T133))),(T132,(T110,T98)))),(T139,(T95,T61)))),((T194,T166),(((T183,T87),T171),T69)))),(((((T122,T187),T100),((T76,T41),T57)),T26),T9)),T186),(((T167,T117),((((T30,T36),T83),((T68,T184),T116)),T196)),(T129,T5))),((((T14,T185),T7),T64),(T121,(T115,T143)))),T99),((T165,T108),T136)),T192),(T193,T103)),T188);
#NNI moves:0/236
Remaining: 1
#NNI moves:3/236
#NNI moves:3/236
(((((((((((((((((((((((T185,T14),T7),T64),(T121,(T115,T143))),((((T165,T108),T136),((T188,(T193,T103)),T192)),T99)),((T129,T5),((((T83,(T30,T36)),(T116,(T184,T68))),T196),(T167,T117)))),T186),(((((T41,T76),T57),((T187,T122),T100)),T26),T9)),((((((((T170,T111),T120),((T131,T4),T199)),((T43,(T147,T49)),(T2,T172))),T25),T39),((((((T53,T50),(T94,T182)),T153),(T17,T106)),(((T110,T98),T132),(((T133,T97),(((T82,T181),T190),(T52,(T56,T6)))),T163))),((T61,T95),T139))),((((T87,T183),T171),T69),(T166,T194)))),((T29,T42),(T84,(T118,T22)))),T200),(((T90,T142),T174),(((T34,T168),T48),((T127,T189),T169)))),((((((((((T62,((T54,T24),T102)),T158),T173),((((T137,T93),(T101,T92)),T74),T125)),((((T123,T135),(T176,T63)),T141),(((T20,T177),T124),T148))),T107),((T130,(T112,T55)),(((T59,T157),T156),((T73,T96),T40)))),((((((T86,T179),(T11,T3)),((T178,T51),T80)),T140),((T89,(T81,T60)),((T33,T38),(T35,T71)))),(T180,((T113,T32),T164)))),((T23,T114),((T198,T78),(T44,T119)))),((((((T145,(T18,T28)),T47),(T31,(((T161,T105),T191),T45))),((T104,T195),(T88,T67))),T109),(T162,T144)))),((((T75,T128),T77),((((T79,T65),(T37,T160)),(T66,T149)),T146)),T0)),((((T58,T134),T197),T126),((T19,T15),T27))),((T152,T16),T155)),T70),(((T12,T154),T91),(((T151,T72),T150),T46))),T159),T21),((T138,T10),(T85,T1))),(T175,T8)),T13);
Current score: 8.52579e+10
Current tree: ((T15,(T27,((((T58,T134),T197),T126),(((((((((((((((T185,T14),T7),T64),(T121,(T115,T143))),((((T165,T108),T136),((T188,(T193,T103)),T192)),T99)),((T129,T5),((((T83,(T30,T36)),(T116,(T184,T68))),T196),(T167,T117)))),T186),(((((T41,T76),T57),((T187,T122),T100)),T26),T9)),((((((((T170,T111),T120),((T131,T4),T199)),((T43,(T147,T49)),(T2,T172))),T25),T39),((((((T53,T50),(T94,T182)),T153),(T17,T106)),(((T110,T98),T132),(((T133,T97),(((T82,T181),T190),(T52,(T56,T6)))),T163))),((T61,T95),T139))),((((T87,T183),T171),T69),(T166,T194)))),((T29,T42),(T84,(T118,T22)))),T200),(((T90,T142),T174),(((T34,T168),T48),((T127,T189),T169)))),((((((((((T62,((T54,T24),T102)),T158),T173),((((T137,T93),(T101,T92)),T74),T125)),((((T123,T135),(T176,T63)),T141),(((T20,T177),T124),T148))),T107),((T130,(T112,T55)),(((T59,T157),T156),((T73,T96),T40)))),((((((T86,T179),(T11,T3)),((T178,T51),T80)),T140),((T89,(T81,T60)),((T33,T38),(T35,T71)))),(T180,((T113,T32),T164)))),((T23,T114),((T198,T78),(T44,T119)))),((((((T145,(T18,T28)),T47),(T31,(((T161,T105),T191),T45))),((T104,T195),(T88,T67))),T109),(T162,T144)))),((((T75,T128),T77),((((T79,T65),(T37,T160)),(T66,T149)),T146)),T0)),(((T152,T16),T155),(T70,((((T12,T154),T91),(((T151,T72),T150),T46)),(T159,(T21,(((T138,T10),(T85,T1)),((T175,T8),T13))))))))))),T19);
Final Tree: ((T15,(T27,((((T58,T134),T197),T126),(((((((((((((((T185,T14),T7),T64),(T121,(T115,T143))),((((T165,T108),T136),((T188,(T193,T103)),T192)),T99)),((T129,T5),((((T83,(T30,T36)),(T116,(T184,T68))),T196),(T167,T117)))),T186),(((((T41,T76),T57),((T187,T122),T100)),T26),T9)),((((((((T170,T111),T120),((T131,T4),T199)),((T43,(T147,T49)),(T2,T172))),T25),T39),((((((T53,T50),(T94,T182)),T153),(T17,T106)),(((T110,T98),T132),(((T133,T97),(((T82,T181),T190),(T52,(T56,T6)))),T163))),((T61,T95),T139))),((((T87,T183),T171),T69),(T166,T194)))),((T29,T42),(T84,(T118,T22)))),T200),(((T90,T142),T174),(((T34,T168),T48),((T127,T189),T169)))),((((((((((T62,((T54,T24),T102)),T158),T173),((((T137,T93),(T101,T92)),T74),T125)),((((T123,T135),(T176,T63)),T141),(((T20,T177),T124),T148))),T107),((T130,(T112,T55)),(((T59,T157),T156),((T73,T96),T40)))),((((((T86,T179),(T11,T3)),((T178,T51),T80)),T140),((T89,(T81,T60)),((T33,T38),(T35,T71)))),(T180,((T113,T32),T164)))),((T23,T114),((T198,T78),(T44,T119)))),((((((T145,(T18,T28)),T47),(T31,(((T161,T105),T191),T45))),((T104,T195),(T88,T67))),T109),(T162,T144)))),((((T75,T128),T77),((((T79,T65),(T37,T160)),(T66,T149)),T146)),T0)),(((T152,T16),T155),(T70,((((T12,T154),T91),(((T151,T72),T150),T46)),(T159,(T21,(((T138,T10),(T85,T1)),((T175,T8),T13))))))))))),T19);
Score: 8.525793248e+10

real	1m53.738s
user	31m34.590s
sys	0m22.337s
