Weighted ASTRAL - Hybrid
Version: v1.13.2.3
#Genetrees: 2000
#Species: 201
#Rounds: 4
#Samples: 4
#Threads: 32
Use two-step algorithm!
Guide Tree 0/27
#NNI moves:0/236
Guide Tree 1/27
#NNI moves:0/236
Guide Tree 2/27
#NNI moves:0/236
Guide Tree 3/27
#NNI moves:0/236
Guide Tree 4/27
#NNI moves:0/236
Guide Tree 5/27
#NNI moves:0/236
Guide Tree 6/27
#NNI moves:0/236
Guide Tree 7/27
#NNI moves:0/236
Guide Tree 8/27
#NNI moves:0/236
Guide Tree 9/27
#NNI moves:0/236
Guide Tree 10/27
#NNI moves:0/236
Guide Tree 11/27
#NNI moves:0/236
Guide Tree 12/27
#NNI moves:0/236
Guide Tree 13/27
#NNI moves:0/236
Guide Tree 14/27
#NNI moves:0/236
Guide Tree 15/27
#NNI moves:0/236
Guide Tree 16/27
#NNI moves:0/236
Guide Tree 17/27
#NNI moves:0/236
Guide Tree 18/27
#NNI moves:0/236
Guide Tree 19/27
#NNI moves:0/236
Guide Tree 20/27
#NNI moves:0/236
Guide Tree 21/27
#NNI moves:0/236
Guide Tree 22/27
#NNI moves:0/236
Guide Tree 23/27
#NNI moves:0/236
Guide Tree 24/27
#NNI moves:0/236
Guide Tree 25/27
#NNI moves:0/236
Guide Tree 26/27
#NNI moves:0/236
Remaining: 0
#NNI moves:6/236
#NNI moves:6/236
((((((((((((((((((T109,T175),T76),((T11,(T158,T124)),(T27,T117))),(T118,(T19,T179))),(T67,T138)),((((T140,T189),(((T88,T181),T9),T132)),T95),(((T93,T22),T77),(T41,T54)))),(((((T66,(T173,(T188,T40))),((T6,T24),T90)),((T8,T128),T4)),T186),((T63,T193),((T87,T127),T168)))),(T195,T166)),(((((T69,(T92,T155)),((T2,T53),T199)),T80),T142),((((T10,T174),T14),(T149,T157)),T121))),T191),(((((((((T17,T192),T18),T180),(((T115,T59),T60),(T107,(T162,T185)))),((T28,(T198,T71)),T172)),T160),((((T167,T150),T103),((T79,(T58,T26)),(T61,T190))),(T73,(T55,T21)))),(((T126,(T3,T86)),((((T108,T25),T187),((T37,T169),T46)),T99)),T114)),((((((((T131,T49),(T62,T36)),T104),((((T123,T119),(T64,((T112,T83),T100))),(T78,T171)),T182)),((T75,T116),T7)),(T5,(T52,T120))),T97),(((T84,T56),((T23,T13),T144)),(T111,(T16,T15)))))),(((((((((T176,T32),(((((T143,T51),T178),T39),T163),(T102,T12))),T91),T200),(((T31,(T65,T20)),((T29,(T81,T113)),(T146,T45))),((((T82,(T35,T94)),T156),(((T139,T72),T89),T133)),(T74,T30)))),((T96,T50),T130)),((((T47,((T196,T135),T134)),T148),T48),(((((T110,T164),T33),T136),(T159,T57)),T183))),(((T44,T1),T154),T38)),((T141,T197),(T151,(T101,(T129,T165)))))),T0),((((T122,T105),((T106,((T170,T153),T177)),(((T98,T125),T85),T70))),((T161,T194),T152)),(T137,T42))),(T68,T145)),(T147,T184)),T43),T34);
Guide Tree 0/27
#NNI moves:0/236
Guide Tree 1/27
#NNI moves:0/236
Guide Tree 2/27
#NNI moves:0/236
Guide Tree 3/27
#NNI moves:0/236
Guide Tree 4/27
#NNI moves:0/236
Guide Tree 5/27
#NNI moves:0/236
Guide Tree 6/27
#NNI moves:0/236
Guide Tree 7/27
#NNI moves:0/236
Guide Tree 8/27
#NNI moves:0/236
Guide Tree 9/27
#NNI moves:0/236
Guide Tree 10/27
#NNI moves:0/236
Guide Tree 11/27
#NNI moves:0/236
Guide Tree 12/27
#NNI moves:0/236
Guide Tree 13/27
#NNI moves:0/236
Guide Tree 14/27
#NNI moves:0/236
Guide Tree 15/27
#NNI moves:0/236
Guide Tree 16/27
#NNI moves:0/236
Guide Tree 17/27
#NNI moves:0/236
Guide Tree 18/27
#NNI moves:0/236
Guide Tree 19/27
#NNI moves:0/236
Guide Tree 20/27
#NNI moves:0/236
Guide Tree 21/27
#NNI moves:0/236
Guide Tree 22/27
#NNI moves:0/236
Guide Tree 23/27
#NNI moves:0/236
Guide Tree 24/27
#NNI moves:0/236
Guide Tree 25/27
#NNI moves:0/236
Guide Tree 26/27
#NNI moves:0/236
Remaining: 0
#NNI moves:6/236
#NNI moves:6/236
(((((((((((((((((((T100,(T112,T83)),T64),(T119,T123)),(T171,T78)),T182),(((T62,T36),(T131,T49)),T104)),((T75,T116),T7)),(T5,(T120,T52))),T97),(((T56,T84),(T144,(T13,T23))),((T15,T16),T111))),((((T73,(T21,T55)),(((T150,T167),T103),((T190,T61),((T58,T26),T79)))),((((T28,(T198,T71)),T172),((((T162,T185),T107),(T60,(T115,T59))),(((T17,T192),T18),T180))),T160)),(((((T187,(T25,T108)),((T37,T169),T46)),T99),((T86,T3),T126)),T114))),((((((((((T11,(T124,T158)),(T27,T117)),(T76,(T175,T109))),((T179,T19),T118)),(T138,T67)),((((T140,T189),(T132,(T9,(T88,T181)))),T95),((T41,T54),((T93,T22),T77)))),((((T87,T127),T168),(T63,T193)),((((T8,T128),T4),(((T24,T6),T90),(T66,((T188,T40),T173)))),T186))),(T166,T195)),(((T80,(((T155,T92),T69),((T53,T2),T199))),T142),(((T14,(T10,T174)),(T149,T157)),T121))),T191)),((((((((((T12,T102),((T39,((T143,T51),T178)),T163)),(T176,T32)),T91),T200),(((T31,(T20,T65)),((T146,T45),((T113,T81),T29))),((((T82,(T35,T94)),T156),(((T139,T72),T89),T133)),(T30,T74)))),((T50,T96),T130)),((((T136,((T110,T164),T33)),(T159,T57)),T183),(((((T135,T196),T134),T47),T148),T48))),(T38,((T1,T44),T154))),((T151,((T165,T129),T101)),(T141,T197)))),T0),(((((T106,((T153,T170),T177)),(T70,(T85,(T125,T98)))),(T122,T105)),(T152,(T161,T194))),(T137,T42))),(T145,T68)),(T184,T147)),T43),T34);
Guide Tree 0/27
#NNI moves:0/236
Guide Tree 1/27
#NNI moves:0/236
Guide Tree 2/27
#NNI moves:0/236
Guide Tree 3/27
#NNI moves:0/236
Guide Tree 4/27
#NNI moves:0/236
Guide Tree 5/27
#NNI moves:0/236
Guide Tree 6/27
#NNI moves:0/236
Guide Tree 7/27
#NNI moves:0/236
Guide Tree 8/27
#NNI moves:0/236
Guide Tree 9/27
#NNI moves:0/236
Guide Tree 10/27
#NNI moves:0/236
Guide Tree 11/27
#NNI moves:0/236
Guide Tree 12/27
#NNI moves:0/236
Guide Tree 13/27
#NNI moves:0/236
Guide Tree 14/27
#NNI moves:0/236
Guide Tree 15/27
#NNI moves:0/236
Guide Tree 16/27
#NNI moves:0/236
Guide Tree 17/27
#NNI moves:0/236
Guide Tree 18/27
#NNI moves:0/236
Guide Tree 19/27
#NNI moves:0/236
Guide Tree 20/27
#NNI moves:0/236
Guide Tree 21/27
#NNI moves:0/236
Guide Tree 22/27
#NNI moves:0/236
Guide Tree 23/27
#NNI moves:0/236
Guide Tree 24/27
#NNI moves:0/236
Guide Tree 25/27
#NNI moves:0/236
Guide Tree 26/27
#NNI moves:0/236
Remaining: 3
#NNI moves:4/236
#NNI moves:4/236
((((((((((((((((((T35,T94),T82),T156),(((T139,T72),T89),T133)),(T74,T30)),(((T45,T146),((T113,T81),T29)),((T65,T20),T31))),((((((((T51,T143),T178),T39),T163),(T12,T102)),(T176,T32)),T91),T200)),((T50,T96),T130)),((((((T164,T110),T33),T136),(T57,T159)),T183),(((T47,((T135,T196),T134)),T148),T48))),(((T44,T1),T154),T38)),(((T101,(T129,T165)),T151),(T197,T141))),(((((((((T198,T71),T28),T172),((((T185,T162),T107),(T60,(T115,T59))),(((T17,T192),T18),T180))),T160),(((T55,T21),T73),(((T167,T150),T103),((T79,(T26,T58)),(T61,T190))))),(((((T187,(T25,T108)),((T37,T169),T46)),T99),((T3,T86),T126)),T114)),((((((((T49,T131),(T62,T36)),T104),((((T64,((T83,T112),T100)),(T119,T123)),(T78,T171)),T182)),((T75,T116),T7)),(T5,(T120,T52))),T97),((((T13,T23),T144),(T56,T84)),(T111,(T16,T15))))),(((((((((T66,((T188,T40),T173)),(T90,(T6,T24))),((T128,T8),T4)),T186),(((T87,T127),T168),(T63,T193))),(((T138,T67),(((T76,(T175,T109)),((T27,T117),(T11,(T158,T124)))),((T179,T19),T118))),((((((T88,T181),T9),T132),(T140,T189)),T95),(((T93,T22),T77),(T41,T54))))),(T166,T195)),((((T157,T149),((T10,T174),T14)),T121),(((((T155,T92),T69),((T2,T53),T199)),T80),T142))),T191))),T0),((((T105,T122),((T70,(T85,(T125,T98))),((T177,(T153,T170)),T106))),(T152,(T194,T161))),(T137,T42))),(T145,T68)),(T147,T184)),T43),T34);
Guide Tree 0/27
#NNI moves:1/236
Guide Tree 1/27
#NNI moves:3/236
Guide Tree 2/27
#NNI moves:0/236
Guide Tree 3/27
#NNI moves:0/236
Guide Tree 4/27
#NNI moves:3/236
Guide Tree 5/27
#NNI moves:3/236
Guide Tree 6/27
#NNI moves:0/236
Guide Tree 7/27
#NNI moves:1/236
Guide Tree 8/27
#NNI moves:0/236
Guide Tree 9/27
#NNI moves:0/236
Guide Tree 10/27
#NNI moves:0/236
Guide Tree 11/27
#NNI moves:0/236
Guide Tree 12/27
#NNI moves:0/236
Guide Tree 13/27
#NNI moves:0/236
Guide Tree 14/27
#NNI moves:1/236
Guide Tree 15/27
#NNI moves:0/236
Guide Tree 16/27
#NNI moves:0/236
Guide Tree 17/27
#NNI moves:0/236
Guide Tree 18/27
#NNI moves:0/236
Guide Tree 19/27
#NNI moves:1/236
Guide Tree 20/27
#NNI moves:0/236
Guide Tree 21/27
#NNI moves:0/236
Guide Tree 22/27
#NNI moves:0/236
Guide Tree 23/27
#NNI moves:3/236
Guide Tree 24/27
#NNI moves:0/236
Guide Tree 25/27
#NNI moves:1/236
Guide Tree 26/27
#NNI moves:0/236
Remaining: 0
#NNI moves:3/236
#NNI moves:3/236
(((((((((((((((((((T188,T40),T173),T66),(T90,(T6,T24))),((T8,T128),T4)),T186),((T193,T63),(T168,(T127,T87)))),((((T54,T41),(T77,(T22,T93))),(((((T88,T181),T9),T132),(T189,T140)),T95)),((((((T158,T124),T11),(T27,T117)),((T175,T109),T76)),((T19,T179),T118)),(T67,T138)))),(T166,T195)),((((((T155,T92),T69),((T2,T53),T199)),T80),T142),((((T10,T174),T14),(T149,T157)),T121))),T191),(((((((T61,T190),((T58,T26),T79)),(T103,(T167,T150))),(T73,(T55,T21))),((((((T185,T162),T107),((T115,T59),T60)),(((T17,T192),T18),T180)),(T172,((T71,T198),T28))),T160)),((((((T169,T37),T46),(T187,(T25,T108))),T99),(T126,(T3,T86))),T114)),((((T15,T16),T111),((T144,(T23,T13)),(T56,T84))),(((((T116,T75),T7),((((T171,T78),((T64,(T100,(T83,T112))),(T119,T123))),T182),(((T49,T131),(T62,T36)),T104))),((T120,T52),T5)),T97)))),((((((((T74,T30),(((T82,(T94,T35)),T156),(((T139,T72),T89),T133))),((((T81,T113),T29),(T45,T146)),((T20,T65),T31))),(((((T163,((T178,(T143,T51)),T39)),(T102,T12)),(T176,T32)),T91),T200)),((T96,T50),T130)),((((T136,((T110,T164),T33)),(T57,T159)),T183),(((((T135,T196),T134),T47),T148),T48))),(((T1,T44),T154),T38)),((T141,T197),(((T165,T129),T101),T151)))),T0),(((((((T125,T98),T85),T70),(T106,(T177,(T153,T170)))),(T122,T105)),(T152,(T194,T161))),(T42,T137))),(T145,T68)),(T147,T184)),T43),T34);
Initial score: 6.59908e+10
Initial tree: (((((((((((((((((((T188,T40),T173),T66),(T90,(T6,T24))),((T8,T128),T4)),T186),((T193,T63),(T168,(T127,T87)))),((((T54,T41),(T77,(T22,T93))),(((((T88,T181),T9),T132),(T189,T140)),T95)),((((((T158,T124),T11),(T27,T117)),((T175,T109),T76)),((T19,T179),T118)),(T67,T138)))),(T166,T195)),((((((T155,T92),T69),((T2,T53),T199)),T80),T142),((((T10,T174),T14),(T149,T157)),T121))),T191),(((((((T61,T190),((T58,T26),T79)),(T103,(T167,T150))),(T73,(T55,T21))),((((((T185,T162),T107),((T115,T59),T60)),(((T17,T192),T18),T180)),(T172,((T71,T198),T28))),T160)),((((((T169,T37),T46),(T187,(T25,T108))),T99),(T126,(T3,T86))),T114)),((((T15,T16),T111),((T144,(T23,T13)),(T56,T84))),(((((T116,T75),T7),((((T171,T78),((T64,(T100,(T83,T112))),(T119,T123))),T182),(((T49,T131),(T62,T36)),T104))),((T120,T52),T5)),T97)))),((((((((T74,T30),(((T82,(T94,T35)),T156),(((T139,T72),T89),T133))),((((T81,T113),T29),(T45,T146)),((T20,T65),T31))),(((((T163,((T178,(T143,T51)),T39)),(T102,T12)),(T176,T32)),T91),T200)),((T96,T50),T130)),((((T136,((T110,T164),T33)),(T57,T159)),T183),(((((T135,T196),T134),T47),T148),T48))),(((T1,T44),T154),T38)),((T141,T197),(((T165,T129),T101),T151)))),T0),(((((((T125,T98),T85),T70),(T106,(T177,(T153,T170)))),(T122,T105)),(T152,(T194,T161))),(T42,T137))),(T145,T68)),(T147,T184)),T43),T34);
*** Subsample Process ***
Use two-step algorithm!
#NNI moves:0/236
Remaining: 2
#NNI moves:0/236
#NNI moves:0/236
(((((((((((((((((((((((((T35,T94),T82),T156),(((T139,T72),T89),T133)),(T30,T74)),((((T81,T113),T29),(T45,T146)),((T20,T65),T31))),(((((T163,(((T143,T51),T178),T39)),(T12,T102)),(T32,T176)),T91),T200)),(T130,(T96,T50))),((((T47,((T196,T135),T134)),T148),T48),(((((T110,T164),T33),T136),(T159,T57)),T183))),(((T44,T1),T154),T38)),((T151,((T129,T165),T101)),(T141,T197))),(((((T152,(T161,T194)),((T105,T122),(((T85,(T98,T125)),T70),(((T153,T170),T177),T106)))),(T137,T42)),(((T43,T34),(T184,T147)),(T145,T68))),T0)),(((((((((T162,T185),T107),((T115,T59),T60)),((T18,(T17,T192)),T180)),((T28,(T71,T198)),T172)),T160),((((T190,T61),(T79,(T26,T58))),((T167,T150),T103)),(T73,(T55,T21)))),((((((T37,T169),T46),(T187,(T108,T25))),T99),((T3,T86),T126)),T114)),((((((((T171,T78),(((T100,(T83,T112)),T64),(T119,T123))),T182),(T104,((T131,T49),(T62,T36)))),((T116,T75),T7)),((T52,T120),T5)),T97),((((T13,T23),T144),(T84,T56)),((T15,T16),T111))))),T191),(((((T199,(T53,T2)),(T69,(T155,T92))),T80),T142),((((T174,T10),T14),(T149,T157)),T121))),(T166,T195)),(((((((T158,T124),T11),(T27,T117)),((T175,T109),T76)),((T19,T179),T118)),(T67,T138)),(((T77,(T22,T93)),(T41,T54)),(((((T181,T88),T9),T132),(T189,T140)),T95)))),(((T87,T127),T168),(T63,T193))),T186),((T8,T128),T4)),((T6,T24),T90)),T66),T173),T40),T188);
#NNI moves:1/236
Remaining: 0
#NNI moves:5/236
#NNI moves:5/236
((((((((((((((((T107,(T185,T162)),((T59,T115),T60)),(((T192,T17),T18),T180)),((T28,(T198,T71)),T172)),T160),((T73,(T55,T21)),(((T150,T167),T103),((T190,T61),((T26,T58),T79))))),(((T99,(((T108,T25),T187),((T37,T169),T46))),((T3,T86),T126)),T114)),((((((T116,T75),T7),(((((T64,((T83,T112),T100)),(T123,T119)),(T171,T78)),T182),(((T62,T36),(T131,T49)),T104))),((T120,T52),T5)),T97),((((T23,T13),T144),(T84,T56)),((T15,T16),T111)))),((((((((((T109,T175),T76),(((T124,T158),T11),(T117,T27))),((T179,T19),T118)),(T67,T138)),((((T22,T93),T77),(T54,T41)),(T95,((((T181,T88),T9),T132),(T140,T189))))),(((((T66,(T173,(T40,T188))),((T6,T24),T90)),((T8,T128),T4)),T186),((T168,(T87,T127)),(T63,T193)))),(T195,T166)),(((((T69,(T155,T92)),(T199,(T53,T2))),T80),T142),((((T10,T174),T14),(T149,T157)),T121))),T191)),(((((((((T133,(T89,(T139,T72))),(((T35,T94),T82),T156)),(T30,T74)),(((T65,T20),T31),((T45,T146),((T81,T113),T29)))),(((((((T178,(T143,T51)),T39),T163),(T12,T102)),(T176,T32)),T91),T200)),((T96,T50),T130)),(((((T134,(T196,T135)),T47),T148),T48),(((((T164,T110),T33),T136),(T159,T57)),T183))),((T154,(T1,T44)),T38)),((((T129,T165),T101),T151),(T141,T197)))),T0),(((((((T125,T98),T85),T70),(((T153,T170),T177),T106)),(T122,T105)),(T152,(T194,T161))),(T42,T137))),(T145,T68)),(T184,T147)),T34),T43);
#NNI moves:0/236
Remaining: 0
#NNI moves:2/236
#NNI moves:2/236
(((((((((((((((((((T20,T65),T31),((T29,(T113,T81)),(T45,T146))),(((((T35,T94),T82),T156),(T133,(T89,(T139,T72)))),(T74,T30))),((((((((T143,T51),T178),T39),T163),(T12,T102)),(T176,T32)),T91),T200)),((T96,T50),T130)),((((((T135,T196),T134),T47),T148),T48),(((T159,T57),(((T164,T110),T33),T136)),T183))),((T154,(T44,T1)),T38)),((((T165,T129),T101),T151),(T197,T141))),(((((((((T170,T153),T177),T106),(T70,((T98,T125),T85))),(T122,T105)),((T194,T161),T152)),(T42,T137)),(((T147,T184),(T34,T43)),(T145,T68))),T0)),((((((((T92,T155),T69),((T53,T2),T199)),T80),T142),(((T149,T157),((T10,T174),T14)),T121)),((((((T127,T87),T168),(T63,T193)),((((T66,(T173,(T40,T188))),((T6,T24),T90)),((T8,T128),T4)),T186)),(((T67,T138),(((T19,T179),T118),(((T109,T175),T76),(((T124,T158),T11),(T27,T117))))),((((T93,T22),T77),(T41,T54)),(((T132,((T88,T181),T9)),(T189,T140)),T95)))),(T166,T195))),T191)),(((((T13,T23),T144),(T56,T84)),((T15,T16),T111)),((((((((T119,T123),(((T112,T83),T100),T64)),(T78,T171)),T182),(((T62,T36),(T131,T49)),T104)),(T7,(T116,T75))),((T52,T120),T5)),T97))),(T114,(((T3,T86),T126),(T99,((T46,(T169,T37)),((T108,T25),T187)))))),(((T172,((T71,T198),T28)),(((T60,(T115,T59)),((T185,T162),T107)),(((T17,T192),T18),T180))),T160)),(T73,(T21,T55))),((T79,(T58,T26)),(T190,T61))),T103),T150),T167);
#NNI moves:0/236
Remaining: 0
#NNI moves:4/236
#NNI moves:4/236
(((((((((((((((((T17,T192),T18),T180),(((T185,T162),T107),(T60,(T59,T115)))),(T172,((T198,T71),T28))),T160),((((T190,T61),((T26,T58),T79)),((T150,T167),T103)),(T73,(T55,T21)))),(((((T187,(T25,T108)),(T46,(T169,T37))),T99),(T126,(T3,T86))),T114)),((((((((T36,T62),(T131,T49)),T104),((((((T83,T112),T100),T64),(T119,T123)),(T171,T78)),T182)),((T75,T116),T7)),(T5,(T52,T120))),T97),(((T15,T16),T111),((T84,T56),(T144,(T23,T13)))))),((((((((T127,T87),T168),(T63,T193)),(((((T6,T24),T90),((T173,(T40,T188)),T66)),(T4,(T8,T128))),T186)),(((((T132,((T88,T181),T9)),(T140,T189)),T95),((T54,T41),(T77,(T93,T22)))),((((((T158,T124),T11),(T117,T27)),((T175,T109),T76)),((T179,T19),T118)),(T138,T67)))),(T195,T166)),((((((T53,T2),T199),((T92,T155),T69)),T80),T142),(((T14,(T10,T174)),(T149,T157)),T121))),T191)),(((((((((((T35,T94),T82),T156),(((T72,T139),T89),T133)),(T74,T30)),(((T65,T20),T31),(((T113,T81),T29),(T146,T45)))),((((((T39,(T178,(T51,T143))),T163),(T12,T102)),(T176,T32)),T91),T200)),(T130,(T50,T96))),((((T47,((T196,T135),T134)),T148),T48),(((T136,(T33,(T164,T110))),(T57,T159)),T183))),((T154,(T1,T44)),T38)),(((T101,(T165,T129)),T151),(T197,T141)))),T0),(((((T70,((T98,T125),T85)),(((T170,T153),T177),T106)),(T122,T105)),((T161,T194),T152)),(T42,T137))),(T145,T68)),(T147,T184)),T34),T43);
Current score: 6.59908e+10
Current tree: (((((((((((((((((T17,T192),T18),T180),(((T185,T162),T107),(T60,(T59,T115)))),(T172,((T198,T71),T28))),T160),((((T190,T61),((T26,T58),T79)),((T150,T167),T103)),(T73,(T55,T21)))),(((((T187,(T25,T108)),(T46,(T169,T37))),T99),(T126,(T3,T86))),T114)),((((((((T36,T62),(T131,T49)),T104),((((((T83,T112),T100),T64),(T119,T123)),(T171,T78)),T182)),((T75,T116),T7)),(T5,(T52,T120))),T97),(((T15,T16),T111),((T84,T56),(T144,(T23,T13)))))),((((((((T127,T87),T168),(T63,T193)),(((((T6,T24),T90),((T173,(T40,T188)),T66)),(T4,(T8,T128))),T186)),(((((T132,((T88,T181),T9)),(T140,T189)),T95),((T54,T41),(T77,(T93,T22)))),((((((T158,T124),T11),(T117,T27)),((T175,T109),T76)),((T179,T19),T118)),(T138,T67)))),(T195,T166)),((((((T53,T2),T199),((T92,T155),T69)),T80),T142),(((T14,(T10,T174)),(T149,T157)),T121))),T191)),(((((((((((T35,T94),T82),T156),(((T72,T139),T89),T133)),(T74,T30)),(((T65,T20),T31),(((T113,T81),T29),(T146,T45)))),((((((T39,(T178,(T51,T143))),T163),(T12,T102)),(T176,T32)),T91),T200)),(T130,(T50,T96))),((((T47,((T196,T135),T134)),T148),T48),(((T136,(T33,(T164,T110))),(T57,T159)),T183))),((T154,(T1,T44)),T38)),(((T101,(T165,T129)),T151),(T197,T141)))),T0),(((((T70,((T98,T125),T85)),(((T170,T153),T177),T106)),(T122,T105)),((T161,T194),T152)),(T42,T137))),(T145,T68)),(T147,T184)),T43),T34);
Final Tree: (((((((((((((((((T17,T192),T18),T180),(((T185,T162),T107),(T60,(T59,T115)))),(T172,((T198,T71),T28))),T160),((((T190,T61),((T26,T58),T79)),((T150,T167),T103)),(T73,(T55,T21)))),(((((T187,(T25,T108)),(T46,(T169,T37))),T99),(T126,(T3,T86))),T114)),((((((((T36,T62),(T131,T49)),T104),((((((T83,T112),T100),T64),(T119,T123)),(T171,T78)),T182)),((T75,T116),T7)),(T5,(T52,T120))),T97),(((T15,T16),T111),((T84,T56),(T144,(T23,T13)))))),((((((((T127,T87),T168),(T63,T193)),(((((T6,T24),T90),((T173,(T40,T188)),T66)),(T4,(T8,T128))),T186)),(((((T132,((T88,T181),T9)),(T140,T189)),T95),((T54,T41),(T77,(T93,T22)))),((((((T158,T124),T11),(T117,T27)),((T175,T109),T76)),((T179,T19),T118)),(T138,T67)))),(T195,T166)),((((((T53,T2),T199),((T92,T155),T69)),T80),T142),(((T14,(T10,T174)),(T149,T157)),T121))),T191)),(((((((((((T35,T94),T82),T156),(((T72,T139),T89),T133)),(T74,T30)),(((T65,T20),T31),(((T113,T81),T29),(T146,T45)))),((((((T39,(T178,(T51,T143))),T163),(T12,T102)),(T176,T32)),T91),T200)),(T130,(T50,T96))),((((T47,((T196,T135),T134)),T148),T48),(((T136,(T33,(T164,T110))),(T57,T159)),T183))),((T154,(T1,T44)),T38)),(((T101,(T165,T129)),T151),(T197,T141)))),T0),(((((T70,((T98,T125),T85)),(((T170,T153),T177),T106)),(T122,T105)),((T161,T194),T152)),(T42,T137))),(T145,T68)),(T147,T184)),T43),T34);
Score: 6.599077031e+10

real	1m44.737s
user	25m57.606s
sys	0m32.396s
