
RAxML-NG v. 1.1.0-master released on 04.08.2022 by The Exelixis Lab.
Developed by: Alexey M. Kozlov and Alexandros Stamatakis.
Contributors: Diego Darriba, Tomas Flouri, Benoit Morel, Sarah Lutteropp, Ben Bettisworth.
Latest version: https://github.com/amkozlov/raxml-ng
Questions/problems/suggestions? Please visit: https://groups.google.com/forum/#!forum/raxml

System: AMD EPYC 7742 64-Core Processor, 128 cores, 251 GB RAM

RAxML-NG was called at 26-Dec-2022 20:07:17 as follows:

/home/chaos/programs/raxml-ng/raxml-ng/bin/raxml-ng --msa data/alignment/37_1X_S201_0_haploid --tree pars{1} --model GTR+G --threads 64

Analysis options:
  run mode: ML tree search
  start tree(s): parsimony (1)
  random seed: 1672114037
  tip-inner: OFF
  pattern compression: ON
  per-rate scalers: OFF
  site repeats: ON
  fast spr radius: AUTO
  spr subtree cutoff: 1.000000
  branch lengths: proportional (ML estimate, algorithm: NR-FAST)
  SIMD kernels: AVX2
  parallelization: coarse-grained (auto), PTHREADS (64 threads), thread pinning: OFF

[00:00:00] Reading alignment from file: data/alignment/37_1X_S201_0_haploid
[00:00:03] Loaded alignment with 201 taxa and 5000000 sites

Alignment comprises 1 partitions and 2741132 patterns

Partition 0: noname
Model: GTR+FO+G4m
Alignment sites / patterns: 5000000 / 2741132
Gaps: 0.00 %
Invariant sites: 23.29 %


NOTE: Binary MSA file created: data/alignment/37_1X_S201_0_haploid.raxml.rba

Parallelization scheme autoconfig: 1 worker(s) x 64 thread(s)

Parallel reduction/worker buffer size: 1 KB  / 0 KB

[00:00:21] Generating 1 parsimony starting tree(s) with 201 taxa
[00:00:43] Data distribution: max. partitions/sites/weight per thread: 1 / 42831 / 685296
[00:00:43] Data distribution: max. searches per worker: 1

Starting ML tree search with 1 distinct starting trees

[00:00:44 -139554108.586271] Initial branch length optimization
[00:01:39 -122184747.201892] Model parameter optimization (eps = 10.000000)
[00:05:54 -116637523.466104] AUTODETECT spr round 1 (radius: 5)
[00:10:22 -116592318.167340] AUTODETECT spr round 2 (radius: 10)
[00:26:19 -116592318.159048] SPR radius for FAST iterations: 5 (autodetect)
[00:26:19 -116592318.159048] Model parameter optimization (eps = 3.000000)
[00:26:46 -116592313.641408] FAST spr round 1 (radius: 5)
[00:33:51 -116591210.481215] FAST spr round 2 (radius: 5)
[00:41:25 -116590443.279661] FAST spr round 3 (radius: 5)
[00:49:04 -116590443.279533] Model parameter optimization (eps = 1.000000)
[00:49:17 -116590443.084548] SLOW spr round 1 (radius: 5)
[01:12:22 -116590209.229582] SLOW spr round 2 (radius: 5)
[01:34:13 -116590209.228588] SLOW spr round 3 (radius: 10)
[02:00:21 -116590209.228534] SLOW spr round 4 (radius: 15)
[02:46:17 -116590209.228505] SLOW spr round 5 (radius: 20)
[03:20:09 -116590209.228499] SLOW spr round 6 (radius: 25)
[03:31:18 -116590209.228475] Model parameter optimization (eps = 0.100000)

[03:32:07] ML tree search #1, logLikelihood: -116590207.203279


Optimized model parameters:

   Partition 0: noname
   Rate heterogeneity: GAMMA (4 cats, mean),  alpha: 0.807751 (ML),  weights&rates: (0.250000,0.097207) (0.250000,0.410236) (0.250000,0.959080) (0.250000,2.533477) 
   Base frequencies (ML): 0.326224 0.204970 0.234702 0.234104 
   Substitution rates (ML): 0.659920 2.917558 0.129860 1.549556 3.171355 1.000000 


Final LogLikelihood: -116590207.203279

AIC score: 233181230.406558 / AICc score: 233181230.473312 / BIC score: 233186707.785534
Free parameters (model + branch lengths): 408

Best ML tree saved to: /expanse/lustre/projects/uot138/chaos/ASTERISK-sim/data/alignment/37_1X_S201_0_haploid.raxml.bestTree
Optimized model saved to: /expanse/lustre/projects/uot138/chaos/ASTERISK-sim/data/alignment/37_1X_S201_0_haploid.raxml.bestModel

Execution log saved to: /expanse/lustre/projects/uot138/chaos/ASTERISK-sim/data/alignment/37_1X_S201_0_haploid.raxml.log

Analysis started: 26-Dec-2022 20:07:17 / finished: 26-Dec-2022 23:39:26

Elapsed time: 12728.734 seconds

Consumed energy: 1460.832 Wh (= 7 km in an electric car, or 37 km with an e-scooter!)

