Weighted ASTRAL - Hybrid
Version: v1.13.2.3
#Genetrees: 2000
#Species: 201
#Rounds: 4
#Samples: 4
#Threads: 32
Use two-step algorithm!
Guide Tree 0/27
#NNI moves:0/236
Guide Tree 1/27
#NNI moves:0/236
Guide Tree 2/27
#NNI moves:0/236
Guide Tree 3/27
#NNI moves:0/236
Guide Tree 4/27
#NNI moves:0/236
Guide Tree 5/27
#NNI moves:0/236
Guide Tree 6/27
#NNI moves:0/236
Guide Tree 7/27
#NNI moves:0/236
Guide Tree 8/27
#NNI moves:0/236
Guide Tree 9/27
#NNI moves:0/236
Guide Tree 10/27
#NNI moves:0/236
Guide Tree 11/27
#NNI moves:0/236
Guide Tree 12/27
#NNI moves:0/236
Guide Tree 13/27
#NNI moves:0/236
Guide Tree 14/27
#NNI moves:0/236
Guide Tree 15/27
#NNI moves:0/236
Guide Tree 16/27
#NNI moves:0/236
Guide Tree 17/27
#NNI moves:0/236
Guide Tree 18/27
#NNI moves:0/236
Guide Tree 19/27
#NNI moves:0/236
Guide Tree 20/27
#NNI moves:0/236
Guide Tree 21/27
#NNI moves:0/236
Guide Tree 22/27
#NNI moves:0/236
Guide Tree 23/27
#NNI moves:0/236
Guide Tree 24/27
#NNI moves:0/236
Guide Tree 25/27
#NNI moves:0/236
Guide Tree 26/27
#NNI moves:0/236
Remaining: 0
#NNI moves:3/236
#NNI moves:3/236
((((((((((((((((((((T78,T117),T197),T10),T77),T69),((T74,T84),T91)),((T118,T130),T29)),(((((T142,T195),((((T156,T13),T160),T52),T200)),T70),(T20,T120)),(((((T143,T16),T65),((T110,(T94,T21)),T79)),((T193,(T87,((((T36,(T150,T28)),T106),T19),(T126,T68)))),T53)),(T108,T121)))),((T5,T147),T158)),((((T2,T199),(T76,((T101,(T102,T174)),T175))),(T32,T132)),(((T191,T54),T148),((T46,(T176,T159)),(T103,((T180,T67),((T81,T107),T80))))))),((T43,T196),(((((((T178,T89),(T194,(T48,T56))),T37),(T88,T164)),(T26,T83)),T116),(((T64,T133),(T75,T98)),(T188,T6))))),((((T97,(T129,T35)),T161),((((T170,T41),T22),(((T171,T185),T24),T179)),((((T71,T127),T105),(T109,T31)),(((T49,T90),T173),((T39,T123),(T23,T42)))))),(((T18,T181),(T131,T100)),T192))),T0),(((T57,((T145,T9),T169)),(T92,(((T189,T111),T45),(T15,T113)))),(((T14,T34),T82),(T190,T66)))),((((((((T85,T55),(T138,T93)),T62),T134),(T51,T11)),(((T149,T135),T119),(T163,T162))),(T146,T154)),(((T167,T30),T47),T59))),(((((((T17,T60),T95),T122),(((T33,(T3,T128)),(T140,(T114,T1))),((T38,(T25,T44)),(T63,(T96,T86))))),((T187,T4),((T166,T184),T124))),T73),((T99,T144),((T141,T198),(T72,T112))))),((((T182,T61),(T104,T183)),(((T186,T151),(T177,T12)),T125)),((((T137,T139),T27),(T172,T58)),T115))),(((((T152,T50),T7),T165),(T153,T8)),(T155,(T157,T136)))),T40),T168);
Guide Tree 0/27
#NNI moves:0/236
Guide Tree 1/27
#NNI moves:0/236
Guide Tree 2/27
#NNI moves:0/236
Guide Tree 3/27
#NNI moves:0/236
Guide Tree 4/27
#NNI moves:0/236
Guide Tree 5/27
#NNI moves:0/236
Guide Tree 6/27
#NNI moves:0/236
Guide Tree 7/27
#NNI moves:0/236
Guide Tree 8/27
#NNI moves:0/236
Guide Tree 9/27
#NNI moves:0/236
Guide Tree 10/27
#NNI moves:0/236
Guide Tree 11/27
#NNI moves:0/236
Guide Tree 12/27
#NNI moves:0/236
Guide Tree 13/27
#NNI moves:0/236
Guide Tree 14/27
#NNI moves:0/236
Guide Tree 15/27
#NNI moves:0/236
Guide Tree 16/27
#NNI moves:0/236
Guide Tree 17/27
#NNI moves:0/236
Guide Tree 18/27
#NNI moves:0/236
Guide Tree 19/27
#NNI moves:0/236
Guide Tree 20/27
#NNI moves:0/236
Guide Tree 21/27
#NNI moves:0/236
Guide Tree 22/27
#NNI moves:0/236
Guide Tree 23/27
#NNI moves:0/236
Guide Tree 24/27
#NNI moves:0/236
Guide Tree 25/27
#NNI moves:0/236
Guide Tree 26/27
#NNI moves:0/236
Remaining: 0
#NNI moves:1/236
#NNI moves:1/236
(((((((((((((((((((((T19,(T106,((T28,T150),T36))),(T68,T126)),T87),T193),T53),(((T16,T143),T65),(T79,((T94,T21),T110)))),(T108,T121)),((((((T160,(T13,T156)),T52),T200),(T142,T195)),T70),(T120,T20))),((((T77,(T10,((T78,T117),T197))),T69),(T91,(T84,T74))),((T130,T118),T29))),((T5,T147),T158)),((((((T101,(T102,T174)),T175),T76),(T2,T199)),(T132,T32)),(((T191,T54),T148),((((T67,T180),(T80,(T81,T107))),T103),((T176,T159),T46))))),((((T188,T6),((T64,T133),(T98,T75))),(((((((T48,T56),T194),(T178,T89)),T37),(T88,T164)),(T83,T26)),T116)),(T43,T196))),((((((T24,(T185,T171)),T179),(T22,(T41,T170))),((((T90,T49),T173),((T23,T42),(T123,T39))),(((T127,T71),T105),(T109,T31)))),(((T129,T35),T97),T161)),(T192,((T131,T100),(T18,T181))))),T0),((((T14,T34),T82),(T190,T66)),((((T9,T145),T169),T57),(((T15,T113),((T111,T189),T45)),T92)))),(((((T162,T163),((T149,T135),T119)),(((((T85,T55),(T138,T93)),T62),T134),(T51,T11))),(T154,T146)),((T47,(T30,T167)),T59))),((((((((T1,T114),T140),(T33,(T128,T3))),(((T25,T44),T38),((T96,T86),T63))),(((T17,T60),T95),T122)),((T4,T187),(T124,(T184,T166)))),T73),((T99,T144),((T72,T112),(T198,T141))))),(((((T12,T177),(T186,T151)),T125),((T183,T104),(T182,T61))),((((T137,T139),T27),(T58,T172)),T115))),(((((T152,T50),T7),T165),(T153,T8)),((T157,T136),T155))),T40),T168);
Guide Tree 0/27
#NNI moves:0/236
Guide Tree 1/27
#NNI moves:0/236
Guide Tree 2/27
#NNI moves:0/236
Guide Tree 3/27
#NNI moves:0/236
Guide Tree 4/27
#NNI moves:0/236
Guide Tree 5/27
#NNI moves:0/236
Guide Tree 6/27
#NNI moves:0/236
Guide Tree 7/27
#NNI moves:0/236
Guide Tree 8/27
#NNI moves:0/236
Guide Tree 9/27
#NNI moves:0/236
Guide Tree 10/27
#NNI moves:0/236
Guide Tree 11/27
#NNI moves:0/236
Guide Tree 12/27
#NNI moves:0/236
Guide Tree 13/27
#NNI moves:0/236
Guide Tree 14/27
#NNI moves:0/236
Guide Tree 15/27
#NNI moves:0/236
Guide Tree 16/27
#NNI moves:0/236
Guide Tree 17/27
#NNI moves:0/236
Guide Tree 18/27
#NNI moves:0/236
Guide Tree 19/27
#NNI moves:0/236
Guide Tree 20/27
#NNI moves:0/236
Guide Tree 21/27
#NNI moves:0/236
Guide Tree 22/27
#NNI moves:0/236
Guide Tree 23/27
#NNI moves:0/236
Guide Tree 24/27
#NNI moves:0/236
Guide Tree 25/27
#NNI moves:0/236
Guide Tree 26/27
#NNI moves:0/236
Remaining: 0
#NNI moves:0/236
#NNI moves:0/236
(((((((((((((((T29,(T118,T130)),((T91,(T84,T74)),(((((T117,T78),T197),T10),T77),T69))),((((((T16,T143),T65),(((T94,T21),T110),T79)),((((((((T150,T28),T36),T106),T19),(T126,T68)),T87),T193),T53)),(T108,T121)),((T20,T120),(T70,((T142,T195),(((T160,(T13,T156)),T52),T200)))))),((T5,T147),T158)),((((T191,T54),T148),((T46,(T176,T159)),(T103,((T80,(T107,T81)),(T180,T67))))),((((((T102,T174),T101),T175),T76),(T2,T199)),(T32,T132)))),((((T188,T6),((T133,T64),(T75,T98))),((((T37,((T178,T89),(T194,(T48,T56)))),(T88,T164)),(T26,T83)),T116)),(T43,T196))),(((((((T123,T39),(T42,T23)),((T49,T90),T173)),(((T71,T127),T105),(T109,T31))),((((T171,T185),T24),T179),((T41,T170),T22))),(((T35,T129),T97),T161)),(T192,((T18,T181),(T131,T100))))),T0),((((((T111,T189),T45),(T15,T113)),T92),((T169,(T9,T145)),T57)),((T66,T190),((T14,T34),T82)))),((((((T135,T149),T119),(T163,T162)),(((((T55,T85),(T93,T138)),T62),T134),(T11,T51))),(T154,T146)),(((T30,T167),T47),T59))),(((((((T63,(T86,T96)),((T25,T44),T38)),((T140,(T1,T114)),((T3,T128),T33))),(T122,(T95,(T60,T17)))),((T4,T187),((T184,T166),T124))),T73),(((T72,T112),(T198,T141)),(T144,T99)))),(((((T139,T137),T27),(T172,T58)),T115),((((T151,T186),(T12,T177)),T125),((T182,T61),(T183,T104))))),((((T7,(T50,T152)),T165),(T153,T8)),((T157,T136),T155))),T40),T168);
Guide Tree 0/27
#NNI moves:0/236
Guide Tree 1/27
#NNI moves:0/236
Guide Tree 2/27
#NNI moves:0/236
Guide Tree 3/27
#NNI moves:0/236
Guide Tree 4/27
#NNI moves:0/236
Guide Tree 5/27
#NNI moves:0/236
Guide Tree 6/27
#NNI moves:0/236
Guide Tree 7/27
#NNI moves:0/236
Guide Tree 8/27
#NNI moves:0/236
Guide Tree 9/27
#NNI moves:0/236
Guide Tree 10/27
#NNI moves:0/236
Guide Tree 11/27
#NNI moves:0/236
Guide Tree 12/27
#NNI moves:0/236
Guide Tree 13/27
#NNI moves:0/236
Guide Tree 14/27
#NNI moves:0/236
Guide Tree 15/27
#NNI moves:0/236
Guide Tree 16/27
#NNI moves:0/236
Guide Tree 17/27
#NNI moves:0/236
Guide Tree 18/27
#NNI moves:0/236
Guide Tree 19/27
#NNI moves:0/236
Guide Tree 20/27
#NNI moves:0/236
Guide Tree 21/27
#NNI moves:0/236
Guide Tree 22/27
#NNI moves:0/236
Guide Tree 23/27
#NNI moves:0/236
Guide Tree 24/27
#NNI moves:0/236
Guide Tree 25/27
#NNI moves:0/236
Guide Tree 26/27
#NNI moves:0/236
Remaining: 0
#NNI moves:0/236
#NNI moves:0/236
((((((((((((((((((T107,T81),T80),(T67,T180)),T103),(T46,(T176,T159))),((T54,T191),T148)),(((T199,T2),((((T102,T174),T101),T175),T76)),(T32,T132))),((((((((((T68,T126),((((T28,T150),T36),T106),T19)),T87),T193),T53),((T79,((T94,T21),T110)),((T16,T143),T65))),(T121,T108)),((((T195,T142),((T52,((T13,T156),T160)),T200)),T70),(T20,T120))),((((((T197,(T78,T117)),T10),T77),T69),(T91,(T84,T74))),((T130,T118),T29))),(T158,(T147,T5)))),((((((T88,T164),((((T48,T56),T194),(T89,T178)),T37)),(T26,T83)),T116),(((T133,T64),(T98,T75)),(T6,T188))),(T43,T196))),(((((T179,((T185,T171),T24)),(T22,(T41,T170))),((((T123,T39),(T42,T23)),((T90,T49),T173)),((T31,T109),(T105,(T127,T71))))),((T97,(T129,T35)),T161)),(((T18,T181),(T131,T100)),T192))),T0),(((T190,T66),(T82,(T34,T14))),((((T113,T15),((T111,T189),T45)),T92),((T169,(T9,T145)),T57)))),((((((T62,((T55,T85),(T93,T138))),T134),(T51,T11)),((T162,T163),((T149,T135),T119))),(T146,T154)),(((T30,T167),T47),T59))),((((((((T96,T86),T63),(T38,(T25,T44))),(((T114,T1),T140),((T128,T3),T33))),(((T17,T60),T95),T122)),((T4,T187),((T166,T184),T124))),T73),(((T112,T72),(T141,T198)),(T144,T99)))),(((((T177,T12),(T186,T151)),T125),((T182,T61),(T183,T104))),(T115,((T58,T172),((T139,T137),T27))))),(((((T152,T50),T7),T165),(T153,T8)),((T136,T157),T155))),T40),T168);
Initial score: 5.48773e+10
Initial tree: ((((((((((((((((((T107,T81),T80),(T67,T180)),T103),(T46,(T176,T159))),((T54,T191),T148)),(((T199,T2),((((T102,T174),T101),T175),T76)),(T32,T132))),((((((((((T68,T126),((((T28,T150),T36),T106),T19)),T87),T193),T53),((T79,((T94,T21),T110)),((T16,T143),T65))),(T121,T108)),((((T195,T142),((T52,((T13,T156),T160)),T200)),T70),(T20,T120))),((((((T197,(T78,T117)),T10),T77),T69),(T91,(T84,T74))),((T130,T118),T29))),(T158,(T147,T5)))),((((((T88,T164),((((T48,T56),T194),(T89,T178)),T37)),(T26,T83)),T116),(((T133,T64),(T98,T75)),(T6,T188))),(T43,T196))),(((((T179,((T185,T171),T24)),(T22,(T41,T170))),((((T123,T39),(T42,T23)),((T90,T49),T173)),((T31,T109),(T105,(T127,T71))))),((T97,(T129,T35)),T161)),(((T18,T181),(T131,T100)),T192))),T0),(((T190,T66),(T82,(T34,T14))),((((T113,T15),((T111,T189),T45)),T92),((T169,(T9,T145)),T57)))),((((((T62,((T55,T85),(T93,T138))),T134),(T51,T11)),((T162,T163),((T149,T135),T119))),(T146,T154)),(((T30,T167),T47),T59))),((((((((T96,T86),T63),(T38,(T25,T44))),(((T114,T1),T140),((T128,T3),T33))),(((T17,T60),T95),T122)),((T4,T187),((T166,T184),T124))),T73),(((T112,T72),(T141,T198)),(T144,T99)))),(((((T177,T12),(T186,T151)),T125),((T182,T61),(T183,T104))),(T115,((T58,T172),((T139,T137),T27))))),(((((T152,T50),T7),T165),(T153,T8)),((T136,T157),T155))),T40),T168);
*** Subsample Process ***
Use two-step algorithm!
#NNI moves:0/236
Remaining: 0
#NNI moves:0/236
#NNI moves:0/236
((((((((((((((((((((((T38,(T25,T44)),(T63,(T86,T96))),((T33,(T3,T128)),((T1,T114),T140))),(T122,((T17,T60),T95))),(((T166,T184),T124),(T187,T4))),T73),((T144,T99),((T141,T198),(T72,T112)))),((((((T177,T12),(T186,T151)),T125),((T61,T182),(T183,T104))),((((T139,T137),T27),(T58,T172)),T115)),((T40,T168),(((T136,T157),T155),((((T152,T50),T7),T165),(T8,T153)))))),(((T146,T154),((((T149,T135),T119),(T162,T163)),(((T62,((T93,T138),(T55,T85))),T134),(T51,T11)))),((T47,(T30,T167)),T59))),(((T82,(T14,T34)),(T66,T190)),(((((T111,T189),T45),(T15,T113)),T92),(T57,(T169,(T9,T145)))))),T0),(((((((T39,T123),(T23,T42)),((T90,T49),T173)),(((T127,T71),T105),(T31,T109))),((((T185,T171),T24),T179),(T22,(T41,T170)))),((T97,(T129,T35)),T161)),(((T131,T100),(T18,T181)),T192))),(((((T75,T98),(T133,T64)),(T6,T188)),((((((T178,T89),(T194,(T56,T48))),T37),(T88,T164)),(T83,T26)),T116)),(T43,T196))),(((((((((((((T150,T28),T36),T106),T19),(T68,T126)),T87),T193),T53),(((T110,(T94,T21)),T79),((T16,T143),T65))),(T108,T121)),(((((T52,(T160,(T13,T156))),T200),(T142,T195)),T70),(T20,T120))),((((T77,((T197,(T117,T78)),T10)),T69),(T91,(T74,T84))),(T29,(T130,T118)))),(T158,(T5,T147)))),(((((T101,(T102,T174)),T175),T76),(T2,T199)),(T32,T132))),((T54,T191),T148)),((T159,T176),T46)),T103),(T180,T67)),T80),T107),T81);
#NNI moves:0/236
Remaining: 0
#NNI moves:0/236
#NNI moves:0/236
(((((((((((((((((((((((T36,(T150,T28)),T106),T19),(T68,T126)),T87),T193),T53),((((T94,T21),T110),T79),((T143,T16),T65))),(T108,T121)),((((T142,T195),((((T13,T156),T160),T52),T200)),T70),(T20,T120))),(((T130,T118),T29),(((((T197,(T117,T78)),T10),T77),T69),((T74,T84),T91)))),((T147,T5),T158)),((((T191,T54),T148),((((T180,T67),((T107,T81),T80)),T103),((T159,T176),T46))),(((((T101,(T174,T102)),T175),T76),(T2,T199)),(T32,T132)))),((((((((T178,T89),((T56,T48),T194)),T37),(T88,T164)),(T26,T83)),T116),(((T64,T133),(T75,T98)),(T188,T6))),(T196,T43))),(((((((T90,T49),T173),((T39,T123),(T23,T42))),(((T127,T71),T105),(T31,T109))),(((T170,T41),T22),((T24,(T171,T185)),T179))),(((T129,T35),T97),T161)),(((T181,T18),(T131,T100)),T192))),T0),(((((T113,T15),((T111,T189),T45)),T92),(T57,((T145,T9),T169))),(((T34,T14),T82),(T190,T66)))),((((((T62,((T93,T138),(T55,T85))),T134),(T11,T51)),(((T135,T149),T119),(T162,T163))),(T146,T154)),(T59,(T47,(T167,T30))))),((((((T95,(T17,T60)),T122),((((T86,T96),T63),((T44,T25),T38)),(((T3,T128),T33),(T140,(T114,T1))))),((T124,(T166,T184)),(T187,T4))),T73),(((T112,T72),(T141,T198)),(T144,T99)))),(((T125,((T12,T177),(T186,T151))),((T104,T183),(T182,T61))),((((T137,T139),T27),(T172,T58)),T115))),(((T136,T157),T155),(((T7,(T152,T50)),T165),(T153,T8)))),T168),T40);
#NNI moves:0/236
Remaining: 0
#NNI moves:0/236
#NNI moves:0/236
(((((((((((((((((((((((((((((T86,T96),T63),(T38,(T25,T44))),(((T128,T3),T33),((T114,T1),T140))),(((T60,T17),T95),T122)),((T4,T187),(T124,(T184,T166)))),T73),(((T198,T141),(T72,T112)),(T99,T144))),((((((T7,(T50,T152)),T165),(T153,T8)),((T157,T136),T155)),(T168,T40)),(((((T186,T151),(T177,T12)),T125),((T104,T183),(T182,T61))),(((T58,T172),((T137,T139),T27)),T115)))),((((((((T93,T138),(T85,T55)),T62),T134),(T51,T11)),(((T135,T149),T119),(T163,T162))),(T154,T146)),(((T167,T30),T47),T59))),(((T92,((T113,T15),(T45,(T189,T111)))),(((T9,T145),T169),T57)),((T190,T66),(T82,(T14,T34))))),T0),(((((((T42,T23),(T123,T39)),(T173,(T90,T49))),(((T71,T127),T105),(T31,T109))),((((T185,T171),T24),T179),((T170,T41),T22))),(((T129,T35),T97),T161)),(T192,((T18,T181),(T100,T131))))),((((((((T89,T178),((T56,T48),T194)),T37),(T164,T88)),(T83,T26)),T116),(((T64,T133),(T98,T75)),(T188,T6))),(T43,T196))),((((T2,T199),(((T101,(T174,T102)),T175),T76)),(T32,T132)),(((T103,((T180,T67),((T81,T107),T80))),(T46,(T159,T176))),((T191,T54),T148)))),((T147,T5),T158)),(((T69,(T77,(((T117,T78),T197),T10))),((T74,T84),T91)),(T29,(T118,T130)))),((((T195,T142),((((T156,T13),T160),T52),T200)),T70),(T120,T20))),(T121,T108)),(((T110,(T94,T21)),T79),((T143,T16),T65))),T53),T193),T87),(T68,T126)),T19),T106),T36),T28),T150);
#NNI moves:0/236
Remaining: 0
#NNI moves:0/236
#NNI moves:0/236
((((((((((((((((((T65,(T143,T16)),(((T21,T94),T110),T79)),(((((T68,T126),(T19,(T106,(T36,(T150,T28))))),T87),T193),T53)),(T121,T108)),((T70,(((T52,((T156,T13),T160)),T200),(T142,T195))),(T120,T20))),(((T69,((((T78,T117),T197),T10),T77)),(T91,(T84,T74))),((T118,T130),T29))),((T147,T5),T158)),(((T32,T132),((T76,(((T174,T102),T101),T175)),(T2,T199))),((((((T107,T81),T80),(T67,T180)),T103),(T46,(T159,T176))),(T148,(T54,T191))))),(((((((((T56,T48),T194),(T89,T178)),T37),(T88,T164)),(T83,T26)),T116),(((T98,T75),(T133,T64)),(T188,T6))),(T43,T196))),(((((((T42,T23),(T123,T39)),(T173,(T90,T49))),(((T127,T71),T105),(T31,T109))),((T179,(T24,(T185,T171))),((T41,T170),T22))),(((T129,T35),T97),T161)),(((T100,T131),(T181,T18)),T192))),T0),(((T57,(T169,(T9,T145))),((((T189,T111),T45),(T113,T15)),T92)),((T82,(T14,T34)),(T190,T66)))),(((((T162,T163),(T119,(T135,T149))),((T11,T51),((((T138,T93),(T55,T85)),T62),T134))),(T154,T146)),(((T30,T167),T47),T59))),((((((((T1,T114),T140),((T128,T3),T33)),(((T86,T96),T63),((T25,T44),T38))),(T122,((T60,T17),T95))),(((T184,T166),T124),(T187,T4))),T73),(((T72,T112),(T141,T198)),(T99,T144)))),((((T183,T104),(T182,T61)),(T125,((T12,T177),(T151,T186)))),(((T58,T172),(T27,(T139,T137))),T115))),((((T7,(T50,T152)),T165),(T153,T8)),((T136,T157),T155))),T168),T40);
Current score: 5.48773e+10
Current tree: ((((((((((((((((((T65,(T143,T16)),(((T21,T94),T110),T79)),(((((T68,T126),(T19,(T106,(T36,(T150,T28))))),T87),T193),T53)),(T121,T108)),((T70,(((T52,((T156,T13),T160)),T200),(T142,T195))),(T120,T20))),(((T69,((((T78,T117),T197),T10),T77)),(T91,(T84,T74))),((T118,T130),T29))),((T147,T5),T158)),(((T32,T132),((T76,(((T174,T102),T101),T175)),(T2,T199))),((((((T107,T81),T80),(T67,T180)),T103),(T46,(T159,T176))),(T148,(T54,T191))))),(((((((((T56,T48),T194),(T89,T178)),T37),(T88,T164)),(T83,T26)),T116),(((T98,T75),(T133,T64)),(T188,T6))),(T43,T196))),(((((((T42,T23),(T123,T39)),(T173,(T90,T49))),(((T127,T71),T105),(T31,T109))),((T179,(T24,(T185,T171))),((T41,T170),T22))),(((T129,T35),T97),T161)),(((T100,T131),(T181,T18)),T192))),T0),(((T57,(T169,(T9,T145))),((((T189,T111),T45),(T113,T15)),T92)),((T82,(T14,T34)),(T190,T66)))),(((((T162,T163),(T119,(T135,T149))),((T11,T51),((((T138,T93),(T55,T85)),T62),T134))),(T154,T146)),(((T30,T167),T47),T59))),((((((((T1,T114),T140),((T128,T3),T33)),(((T86,T96),T63),((T25,T44),T38))),(T122,((T60,T17),T95))),(((T184,T166),T124),(T187,T4))),T73),(((T72,T112),(T141,T198)),(T99,T144)))),((((T183,T104),(T182,T61)),(T125,((T12,T177),(T151,T186)))),(((T58,T172),(T27,(T139,T137))),T115))),((((T7,(T50,T152)),T165),(T153,T8)),((T136,T157),T155))),T40),T168);
Use two-step algorithm!
#NNI moves:0/236
Remaining: 0
#NNI moves:1/236
#NNI moves:1/236
(((((((((((((((((((((((T157,T136),T155),((T153,T8),(((T50,T152),T7),T165))),(T40,T168)),((((T27,(T139,T137)),(T58,T172)),T115),((((T151,T186),(T12,T177)),T125),((T183,T104),(T61,T182))))),((((((((T3,T128),T33),((T1,T114),T140)),((T38,(T25,T44)),(T63,(T96,T86)))),((T95,(T17,T60)),T122)),((T124,(T166,T184)),(T4,T187))),T73),(((T112,T72),(T198,T141)),(T144,T99)))),((((((T135,T149),T119),(T163,T162)),((T51,T11),(T134,(((T85,T55),(T93,T138)),T62)))),(T154,T146)),(((T167,T30),T47),T59))),(((((T45,(T189,T111)),(T15,T113)),T92),(((T145,T9),T169),T57)),(((T34,T14),T82),(T190,T66)))),T0),((((((T173,(T90,T49)),((T39,T123),(T42,T23))),(((T71,T127),T105),(T31,T109))),((T179,((T171,T185),T24)),((T170,T41),T22))),(T161,((T129,T35),T97))),(((T100,T131),(T18,T181)),T192))),(((((T133,T64),(T75,T98)),(T6,T188)),((((((T89,T178),(T194,(T48,T56))),T37),(T164,T88)),(T26,T83)),T116)),(T196,T43))),((((((T180,T67),((T81,T107),T80)),T103),((T176,T159),T46)),((T191,T54),T148)),((((((T174,T102),T101),T175),T76),(T199,T2)),(T32,T132)))),(T158,(T147,T5))),(((T118,T130),T29),(((T77,((T197,(T117,T78)),T10)),T69),(T91,(T84,T74))))),((((((T94,T21),T110),T79),(T65,(T143,T16))),(((((T126,T68),((T106,((T150,T28),T36)),T19)),T87),T193),T53)),(T121,T108))),(T120,T20)),T70),(T195,T142)),T200),T52),T160),T156),T13);
#NNI moves:0/236
Remaining: 0
#NNI moves:0/236
#NNI moves:0/236
((((((((((((((((((T91,(T74,T84)),(T69,((T10,((T78,T117),T197)),T77))),((T130,T118),T29)),(((((((T21,T94),T110),T79),((T143,T16),T65)),(T53,((((T19,(T106,((T150,T28),T36))),(T126,T68)),T87),T193))),(T121,T108)),((((T195,T142),(((T160,(T13,T156)),T52),T200)),T70),(T20,T120)))),((T147,T5),T158)),((((T54,T191),T148),((T103,((T80,(T81,T107)),(T67,T180))),(T46,(T159,T176)))),((((((T174,T102),T101),T175),T76),(T2,T199)),(T32,T132)))),(((((T75,T98),(T64,T133)),(T188,T6)),((((T88,T164),(((T89,T178),(T194,(T56,T48))),T37)),(T83,T26)),T116)),(T196,T43))),((((((T173,(T90,T49)),((T39,T123),(T42,T23))),(((T127,T71),T105),(T109,T31))),((((T185,T171),T24),T179),((T170,T41),T22))),(((T35,T129),T97),T161)),(((T131,T100),(T181,T18)),T192))),T0),(((((T113,T15),(T45,(T111,T189))),T92),(((T145,T9),T169),T57)),(((T14,T34),T82),(T66,T190)))),((((((T135,T149),T119),(T163,T162)),(((((T55,T85),(T138,T93)),T62),T134),(T51,T11))),(T146,T154)),(((T167,T30),T47),T59))),((((((((T25,T44),T38),(T63,(T96,T86))),((T140,(T1,T114)),((T3,T128),T33))),((T95,(T17,T60)),T122)),(((T166,T184),T124),(T4,T187))),T73),((T99,T144),((T141,T198),(T72,T112))))),((T115,((T172,T58),((T139,T137),T27))),(((T183,T104),(T182,T61)),(((T177,T12),(T186,T151)),T125)))),(T40,T168)),(T155,(T157,T136))),(T153,T8)),(T7,(T50,T152))),T165);
#NNI moves:0/236
Remaining: 0
#NNI moves:1/236
#NNI moves:1/236
((((((((((((((((((((T38,(T25,T44)),((T86,T96),T63)),(((T114,T1),T140),(T33,(T3,T128)))),(((T60,T17),T95),T122)),(((T184,T166),T124),(T4,T187))),T73),(((T198,T141),(T72,T112)),(T99,T144))),((((((T12,T177),(T186,T151)),T125),((T104,T183),(T182,T61))),((((T139,T137),T27),(T58,T172)),T115)),((((T136,T157),T155),((((T152,T50),T7),T165),(T153,T8))),(T168,T40)))),(((((T162,T163),((T135,T149),T119)),(((((T138,T93),(T55,T85)),T62),T134),(T51,T11))),(T146,T154)),(T59,(T47,(T30,T167))))),((((((T189,T111),T45),(T113,T15)),T92),(((T9,T145),T169),T57)),((T190,T66),((T34,T14),T82)))),T0),(((((((T49,T90),T173),((T42,T23),(T123,T39))),(((T71,T127),T105),(T109,T31))),((((T171,T185),T24),T179),((T41,T170),T22))),(T161,((T35,T129),T97))),(((T100,T131),(T181,T18)),T192))),((((((((T194,(T48,T56)),(T178,T89)),T37),(T88,T164)),(T83,T26)),T116),(((T133,T64),(T75,T98)),(T188,T6))),(T43,T196))),((((T54,T191),T148),((T46,(T176,T159)),(((T67,T180),((T107,T81),T80)),T103))),((((T175,(T101,(T102,T174))),T76),(T2,T199)),(T32,T132)))),((T147,T5),T158)),(((((T79,((T21,T94),T110)),((T143,T16),T65)),((((((((T28,T150),T36),T106),T19),(T126,T68)),T87),T193),T53)),(T108,T121)),((((T195,T142),((((T156,T13),T160),T52),T200)),T70),(T20,T120)))),((T130,T118),T29)),((T74,T84),T91)),(((T197,(T117,T78)),T10),T77)),T69);
#NNI moves:0/236
Remaining: 0
#NNI moves:1/236
#NNI moves:1/236
((((((((((((((((((((T195,T142),((((T156,T13),T160),T52),T200)),T70),(T120,T20)),((((((T94,T21),T110),T79),((T16,T143),T65)),((((((((T150,T28),T36),T106),T19),(T126,T68)),T87),T193),T53)),(T108,T121))),((((T74,T84),T91),(((T10,(T197,(T117,T78))),T77),T69)),((T118,T130),T29))),((T147,T5),T158)),(((((T176,T159),T46),(T103,(((T81,T107),T80),(T67,T180)))),((T54,T191),T148)),((T32,T132),((T199,T2),((T175,((T174,T102),T101)),T76))))),((((((((T89,T178),((T48,T56),T194)),T37),(T164,T88)),(T26,T83)),T116),((T6,T188),((T75,T98),(T133,T64)))),(T196,T43))),(((((((T49,T90),T173),((T23,T42),(T39,T123))),((T31,T109),((T71,T127),T105))),((T22,(T170,T41)),(T179,((T171,T185),T24)))),((T97,(T35,T129)),T161)),(((T100,T131),(T18,T181)),T192))),T0),((((((T111,T189),T45),(T113,T15)),T92),((T169,(T9,T145)),T57)),((T82,(T34,T14)),(T190,T66)))),((((((T149,T135),T119),(T163,T162)),((T134,(((T93,T138),(T55,T85)),T62)),(T11,T51))),(T154,T146)),(((T167,T30),T47),T59))),((((((((T44,T25),T38),((T96,T86),T63)),((T33,(T3,T128)),((T114,T1),T140))),(T122,(T95,(T60,T17)))),((T124,(T184,T166)),(T187,T4))),T73),((T99,T144),((T141,T198),(T112,T72))))),((((T172,T58),((T139,T137),T27)),T115),(((T183,T104),(T61,T182)),(((T177,T12),(T151,T186)),T125)))),(T168,T40)),((T136,T157),T155)),(T153,T8)),(T7,(T50,T152))),T165);
Current score: 5.48773e+10
Current tree: ((T40,((((((((((((((((T195,T142),((((T156,T13),T160),T52),T200)),T70),(T120,T20)),((((((T94,T21),T110),T79),((T16,T143),T65)),((((((((T150,T28),T36),T106),T19),(T126,T68)),T87),T193),T53)),(T108,T121))),((((T74,T84),T91),(((T10,(T197,(T117,T78))),T77),T69)),((T118,T130),T29))),((T147,T5),T158)),(((((T176,T159),T46),(T103,(((T81,T107),T80),(T67,T180)))),((T54,T191),T148)),((T32,T132),((T199,T2),((T175,((T174,T102),T101)),T76))))),((((((((T89,T178),((T48,T56),T194)),T37),(T164,T88)),(T26,T83)),T116),((T6,T188),((T75,T98),(T133,T64)))),(T196,T43))),(((((((T49,T90),T173),((T23,T42),(T39,T123))),((T31,T109),((T71,T127),T105))),((T22,(T170,T41)),(T179,((T171,T185),T24)))),((T97,(T35,T129)),T161)),(((T100,T131),(T18,T181)),T192))),T0),((((((T111,T189),T45),(T113,T15)),T92),((T169,(T9,T145)),T57)),((T82,(T34,T14)),(T190,T66)))),((((((T149,T135),T119),(T163,T162)),((T134,(((T93,T138),(T55,T85)),T62)),(T11,T51))),(T154,T146)),(((T167,T30),T47),T59))),((((((((T44,T25),T38),((T96,T86),T63)),((T33,(T3,T128)),((T114,T1),T140))),(T122,(T95,(T60,T17)))),((T124,(T184,T166)),(T187,T4))),T73),((T99,T144),((T141,T198),(T112,T72))))),((((T172,T58),((T139,T137),T27)),T115),(((T183,T104),(T61,T182)),(((T177,T12),(T151,T186)),T125)))),(((T136,T157),T155),((T153,T8),((T7,(T50,T152)),T165))))),T168);
Use two-step algorithm!
#NNI moves:0/236
Remaining: 0
#NNI moves:2/236
#NNI moves:2/236
(((((((((((((((((((((((T86,T96),T63),((T25,T44),T38)),(((T114,T1),T140),(T33,(T3,T128)))),(((T17,T60),T95),T122)),((T187,T4),((T166,T184),T124))),T73),(((T112,T72),(T198,T141)),(T99,T144))),(((((T172,T58),((T139,T137),T27)),T115),(((T104,T183),(T61,T182)),(((T12,T177),(T151,T186)),T125))),((((T153,T8),(((T152,T50),T7),T165)),((T157,T136),T155)),(T40,T168)))),(((((T134,(((T85,T55),(T93,T138)),T62)),(T51,T11)),(((T149,T135),T119),(T162,T163))),(T146,T154)),(T59,((T167,T30),T47)))),(((T82,(T14,T34)),(T66,T190)),((((T45,(T111,T189)),(T113,T15)),T92),(T57,(T169,(T145,T9)))))),T0),(((((((T39,T123),(T23,T42)),((T49,T90),T173)),(((T71,T127),T105),(T31,T109))),(((T41,T170),T22),(((T185,T171),T24),T179))),(((T35,T129),T97),T161)),(((T100,T131),(T18,T181)),T192))),(((((T98,T75),(T64,T133)),(T6,T188)),((((((T178,T89),((T48,T56),T194)),T37),(T88,T164)),(T26,T83)),T116)),(T196,T43))),((((T199,T2),((T175,((T102,T174),T101)),T76)),(T132,T32)),(((((T67,T180),(T80,(T81,T107))),T103),((T176,T159),T46)),((T54,T191),T148)))),((T147,T5),T158)),(((((((T117,T78),T197),T10),T77),T69),(T91,(T84,T74))),((T118,T130),T29))),(((((((T19,((T36,(T150,T28)),T106)),(T126,T68)),T87),T193),T53),(((T143,T16),T65),(((T21,T94),T110),T79))),(T121,T108))),(T20,T120)),T70),(T195,T142)),(((T156,T13),T160),T52)),T200);
#NNI moves:0/236
Remaining: 0
#NNI moves:0/236
#NNI moves:0/236
(((((((((((((((((((T199,T2),((((T174,T102),T101),T175),T76)),(T32,T132)),((((((T107,T81),T80),(T67,T180)),T103),((T159,T176),T46)),((T191,T54),T148))),(((((((((((((T28,T150),T36),T106),T19),(T68,T126)),T87),T193),T53),(((T110,(T21,T94)),T79),(T65,(T16,T143)))),(T108,T121)),((((((T160,(T156,T13)),T52),T200),(T195,T142)),T70),(T120,T20))),(((T118,T130),T29),(((((T197,(T78,T117)),T10),T77),T69),((T84,T74),T91)))),((T5,T147),T158))),(((((T75,T98),(T133,T64)),(T6,T188)),((((T164,T88),((((T56,T48),T194),(T89,T178)),T37)),(T83,T26)),T116)),(T196,T43))),((((((T105,(T71,T127)),(T109,T31)),((T173,(T49,T90)),((T39,T123),(T42,T23)))),((T22,(T170,T41)),(((T171,T185),T24),T179))),(((T129,T35),T97),T161)),(((T181,T18),(T100,T131)),T192))),T0),(((((T45,(T111,T189)),(T15,T113)),T92),((T169,(T9,T145)),T57)),((T190,T66),((T14,T34),T82)))),((((((((T138,T93),(T55,T85)),T62),T134),(T11,T51)),(((T149,T135),T119),(T163,T162))),(T154,T146)),(T59,((T167,T30),T47)))),(((((((T63,(T96,T86)),((T25,T44),T38)),((T33,(T3,T128)),((T114,T1),T140))),((T95,(T17,T60)),T122)),((T187,T4),((T184,T166),T124))),T73),(((T198,T141),(T72,T112)),(T99,T144)))),(((T125,((T12,T177),(T186,T151))),((T61,T182),(T104,T183))),((((T139,T137),T27),(T172,T58)),T115))),(T168,T40)),((T136,T157),T155)),(T8,T153)),T165),T7),T152),T50);
#NNI moves:0/236
Remaining: 0
#NNI moves:0/236
#NNI moves:0/236
(((((((((((((((T103,((T80,(T107,T81)),(T67,T180))),((T159,T176),T46)),(T148,(T191,T54))),((((((T102,T174),T101),T175),T76),(T199,T2)),(T32,T132))),((((((((((T68,T126),(T19,(T106,((T150,T28),T36)))),T87),T193),T53),(((T16,T143),T65),(T79,(T110,(T94,T21))))),(T108,T121)),((T70,((T200,((T160,(T156,T13)),T52)),(T195,T142))),(T20,T120))),(((((((T78,T117),T197),T10),T77),T69),(T91,(T74,T84))),((T118,T130),T29))),((T5,T147),T158))),((((((((T178,T89),(T194,(T56,T48))),T37),(T164,T88)),(T83,T26)),T116),((T188,T6),((T64,T133),(T75,T98)))),(T196,T43))),((((((T105,(T127,T71)),(T109,T31)),(((T23,T42),(T123,T39)),((T49,T90),T173))),((((T171,T185),T24),T179),((T170,T41),T22))),(((T35,T129),T97),T161)),(((T18,T181),(T100,T131)),T192))),T0),((((((T189,T111),T45),(T113,T15)),T92),(((T145,T9),T169),T57)),((T190,T66),(T82,(T34,T14))))),(((((T163,T162),((T149,T135),T119)),((T134,(T62,((T55,T85),(T93,T138)))),(T11,T51))),(T154,T146)),((T47,(T30,T167)),T59))),((((T72,T112),(T141,T198)),(T99,T144)),(((((((T25,T44),T38),(T63,(T86,T96))),((T33,(T128,T3)),(T140,(T1,T114)))),((T95,(T17,T60)),T122)),(((T184,T166),T124),(T187,T4))),T73))),(((((T177,T12),(T186,T151)),T125),((T182,T61),(T183,T104))),(T115,(((T139,T137),T27),(T58,T172))))),(((T165,(T7,(T152,T50))),(T153,T8)),((T136,T157),T155))),T40),T168);
#NNI moves:0/236
Remaining: 0
#NNI moves:0/236
#NNI moves:0/236
((((((((((((((((((((((T150,T28),T36),T106),T19),(T68,T126)),T87),T193),T53),((((T21,T94),T110),T79),(T65,(T16,T143)))),(T121,T108)),(((((((T156,T13),T160),T52),T200),(T195,T142)),T70),(T120,T20))),(((T69,((T10,((T78,T117),T197)),T77)),(T91,(T74,T84))),((T130,T118),T29))),((T147,T5),T158)),(((((((((T71,T127),T105),(T31,T109)),(((T49,T90),T173),((T39,T123),(T42,T23)))),((((T185,T171),T24),T179),(T22,(T41,T170)))),(((T129,T35),T97),T161)),(T192,((T18,T181),(T100,T131)))),(((((T190,T66),((T34,T14),T82)),(((((T189,T111),T45),(T113,T15)),T92),(T57,((T9,T145),T169)))),((((((((T184,T166),T124),(T187,T4)),(((((T128,T3),T33),((T1,T114),T140)),((T63,(T96,T86)),((T44,T25),T38))),(T122,((T17,T60),T95)))),T73),((T144,T99),((T112,T72),(T198,T141)))),((((((T7,(T50,T152)),T165),(T8,T153)),(T155,(T136,T157))),(T40,T168)),(((((T139,T137),T27),(T58,T172)),T115),(((T61,T182),(T183,T104)),(((T177,T12),(T186,T151)),T125))))),(((((T51,T11),((((T55,T85),(T138,T93)),T62),T134)),((T163,T162),((T149,T135),T119))),(T146,T154)),(((T30,T167),T47),T59)))),T0)),((((T6,T188),((T98,T75),(T133,T64))),((((((T89,T178),(T194,(T56,T48))),T37),(T164,T88)),(T83,T26)),T116)),(T43,T196)))),((((((T102,T174),T101),T175),T76),(T2,T199)),(T132,T32))),((T191,T54),T148)),(T46,(T176,T159))),T103),(T67,T180)),T80),T81),T107);
Current score: 5.48773e+10
Current tree: ((T40,(((((T7,(T50,T152)),T165),(T8,T153)),(T155,(T136,T157))),((((((T139,T137),T27),(T58,T172)),T115),(((T61,T182),(T183,T104)),(((T177,T12),(T186,T151)),T125))),(((((((T184,T166),T124),(T187,T4)),(((((T128,T3),T33),((T1,T114),T140)),((T63,(T96,T86)),((T44,T25),T38))),(T122,((T17,T60),T95)))),T73),((T144,T99),((T112,T72),(T198,T141)))),((((((T51,T11),((((T55,T85),(T138,T93)),T62),T134)),((T163,T162),((T149,T135),T119))),(T146,T154)),(((T30,T167),T47),T59)),((((T190,T66),((T34,T14),T82)),(((((T189,T111),T45),(T113,T15)),T92),(T57,((T9,T145),T169)))),(T0,((((((((T71,T127),T105),(T31,T109)),(((T49,T90),T173),((T39,T123),(T42,T23)))),((((T185,T171),T24),T179),(T22,(T41,T170)))),(((T129,T35),T97),T161)),(T192,((T18,T181),(T100,T131)))),(((((T6,T188),((T98,T75),(T133,T64))),((((((T89,T178),(T194,(T56,T48))),T37),(T164,T88)),(T83,T26)),T116)),(T43,T196)),((((((((((((((T150,T28),T36),T106),T19),(T68,T126)),T87),T193),T53),((((T21,T94),T110),T79),(T65,(T16,T143)))),(T121,T108)),(((((((T156,T13),T160),T52),T200),(T195,T142)),T70),(T120,T20))),(((T69,((T10,((T78,T117),T197)),T77)),(T91,(T74,T84))),((T130,T118),T29))),((T147,T5),T158)),(((((((T102,T174),T101),T175),T76),(T2,T199)),(T132,T32)),(((T191,T54),T148),((T46,(T176,T159)),(T103,((T67,T180),(T80,(T81,T107))))))))))))))))),T168);
Use two-step algorithm!
#NNI moves:0/236
Remaining: 1
#NNI moves:0/236
#NNI moves:0/236
(((((((((((((((((((((T126,T68),((((T150,T28),T36),T106),T19)),T87),T193),T53),((((T94,T21),T110),T79),((T143,T16),T65))),(T108,T121)),((((T195,T142),(T200,(((T13,T156),T160),T52))),T70),(T120,T20))),(((T91,(T84,T74)),(((T10,((T78,T117),T197)),T77),T69)),((T130,T118),T29))),(T158,(T5,T147))),((((T191,T54),T148),((T46,(T176,T159)),((((T81,T107),T80),(T180,T67)),T103))),(((((T101,(T102,T174)),T175),T76),(T2,T199)),(T132,T32)))),((T43,T196),((((T64,T133),(T75,T98)),(T188,T6)),(((T83,T26),(((((T56,T48),T194),(T178,T89)),T37),(T164,T88))),T116)))),(((((((T171,T185),T24),T179),((T170,T41),T22)),((((T42,T23),(T39,T123)),((T49,T90),T173)),(((T71,T127),T105),(T31,T109)))),(((T35,T129),T97),T161)),(((T18,T181),(T131,T100)),T192))),T0),(((T82,(T14,T34)),(T190,T66)),((((T45,(T111,T189)),(T15,T113)),T92),(((T145,T9),T169),T57)))),((((((((T55,T85),(T138,T93)),T62),T134),(T51,T11)),(((T135,T149),T119),(T162,T163))),(T154,T146)),((T47,(T30,T167)),T59))),((((((((T1,T114),T140),((T3,T128),T33)),(((T25,T44),T38),((T86,T96),T63))),(((T17,T60),T95),T122)),((T187,T4),((T184,T166),T124))),T73),((T144,T99),((T141,T198),(T112,T72))))),((((T61,T182),(T183,T104)),(((T186,T151),(T177,T12)),T125)),(((T58,T172),(T27,(T139,T137))),T115))),(((((T152,T50),T7),T165),(T8,T153)),((T136,T157),T155))),T40),T168);
#NNI moves:0/236
Remaining: 0
#NNI moves:3/236
#NNI moves:3/236
((((((((((((((((((((((((((((T128,T3),T33),(T140,(T1,T114))),((T38,(T25,T44)),((T86,T96),T63))),(T122,((T17,T60),T95))),(((T184,T166),T124),(T4,T187))),T73),(((T112,T72),(T141,T198)),(T144,T99))),(((((T153,T8),(((T152,T50),T7),T165)),((T157,T136),T155)),(T40,T168)),((((T27,(T139,T137)),(T172,T58)),T115),(((T182,T61),(T104,T183)),(((T177,T12),(T186,T151)),T125))))),((((((((T55,T85),(T138,T93)),T62),T134),(T51,T11)),((T119,(T149,T135)),(T162,T163))),(T146,T154)),(T59,((T167,T30),T47)))),(((((T45,(T189,T111)),(T113,T15)),T92),((T169,(T145,T9)),T57)),(((T34,T14),T82),(T66,T190)))),T0),(((((((T49,T90),T173),((T39,T123),(T23,T42))),((T109,T31),((T71,T127),T105))),((((T185,T171),T24),T179),((T41,T170),T22))),((T97,(T129,T35)),T161)),(((T181,T18),(T131,T100)),T192))),((((((((T194,(T48,T56)),(T178,T89)),T37),(T164,T88)),(T26,T83)),T116),(((T98,T75),(T133,T64)),(T188,T6))),(T196,T43))),(((((T159,T176),T46),((((T107,T81),T80),(T180,T67)),T103)),((T54,T191),T148)),((((((T102,T174),T101),T175),T76),(T2,T199)),(T132,T32)))),((T5,T147),T158)),((((T84,T74),T91),(((T10,(T197,(T117,T78))),T77),T69)),((T130,T118),T29))),((T20,T120),(((T142,T195),(T200,(T52,((T156,T13),T160)))),T70))),(T108,T121)),(((T110,(T94,T21)),T79),((T143,T16),T65))),T53),T193),T87),(T68,T126)),T19),T106),(T28,T150)),T36);
#NNI moves:0/236
Remaining: 0
#NNI moves:3/236
#NNI moves:3/236
(((((((((((((((((((T143,T16),T65),(((T94,T21),T110),T79)),((((((((T28,T150),T36),T106),T19),(T126,T68)),T87),T193),T53)),(T108,T121)),(((((T52,(T160,(T13,T156))),T200),(T142,T195)),T70),(T120,T20))),(((((((T78,T117),T197),T10),T77),T69),((T84,T74),T91)),(T29,(T130,T118)))),(T158,(T147,T5))),(((((T176,T159),T46),(((T80,(T81,T107)),(T180,T67)),T103)),(T148,(T191,T54))),((T32,T132),(((T175,(T101,(T102,T174))),T76),(T199,T2))))),(((((((((T56,T48),T194),(T178,T89)),T37),(T164,T88)),(T83,T26)),T116),(((T64,T133),(T98,T75)),(T188,T6))),(T43,T196))),((((((T31,T109),(T105,(T71,T127))),((T173,(T49,T90)),((T42,T23),(T123,T39)))),((T22,(T170,T41)),(((T171,T185),T24),T179))),((T97,(T129,T35)),T161)),(((T18,T181),(T100,T131)),T192))),T0),((((((T189,T111),T45),(T15,T113)),T92),(T57,((T145,T9),T169))),(((T14,T34),T82),(T66,T190)))),(((((T134,(((T93,T138),(T55,T85)),T62)),(T51,T11)),((T163,T162),((T135,T149),T119))),(T146,T154)),(T59,((T30,T167),T47)))),((((((((T128,T3),T33),((T114,T1),T140)),(((T44,T25),T38),((T86,T96),T63))),(((T60,T17),T95),T122)),((T4,T187),(T124,(T184,T166)))),T73),((T99,T144),((T141,T198),(T72,T112))))),((((T61,T182),(T183,T104)),(((T12,T177),(T151,T186)),T125)),((((T139,T137),T27),(T172,T58)),T115))),((T155,(T136,T157)),(((T7,(T50,T152)),T165),(T153,T8)))),T168),T40);
#NNI moves:0/236
Remaining: 0
#NNI moves:1/236
#NNI moves:1/236
((((((((((((((((((((((T17,T60),T95),T122),((((T114,T1),T140),((T128,T3),T33)),((T63,(T86,T96)),((T25,T44),T38)))),(((T166,T184),T124),(T187,T4))),T73),(((T141,T198),(T112,T72)),(T144,T99))),(((((T182,T61),(T183,T104)),(T125,((T12,T177),(T186,T151)))),(((T58,T172),((T139,T137),T27)),T115)),((((((T50,T152),T7),T165),(T153,T8)),(T155,(T157,T136))),(T40,T168)))),(((((T163,T162),((T149,T135),T119)),(((((T93,T138),(T85,T55)),T62),T134),(T51,T11))),(T146,T154)),(((T167,T30),T47),T59))),((((T169,(T145,T9)),T57),(((T15,T113),(T45,(T189,T111))),T92)),(((T14,T34),T82),(T190,T66)))),T0),(((((((T71,T127),T105),(T109,T31)),(((T123,T39),(T42,T23)),((T49,T90),T173))),(((T41,T170),T22),(((T171,T185),T24),T179))),(((T129,T35),T97),T161)),(((T131,T100),(T181,T18)),T192))),((((((T37,((T194,(T48,T56)),(T89,T178))),(T88,T164)),(T83,T26)),T116),(((T64,T133),(T98,T75)),(T188,T6))),(T196,T43))),((((((T67,T180),((T81,T107),T80)),T103),((T159,T176),T46)),((T54,T191),T148)),((T32,T132),((((T101,(T102,T174)),T175),T76),(T199,T2))))),((T147,T5),T158)),((((T77,(((T78,T117),T197),T10)),T69),((T84,T74),T91)),((T118,T130),T29))),(((((T52,((T156,T13),T160)),T200),(T195,T142)),T70),(T20,T120))),(T108,T121)),(((((T126,T68),((((T150,T28),T36),T106),T19)),T87),T193),T53)),(((T21,T94),T110),T79)),(T143,T16)),T65);
Current score: 5.48773e+10
Current tree: ((T40,((((((T50,T152),T7),T165),(T153,T8)),(T155,(T157,T136))),(((((T182,T61),(T183,T104)),(T125,((T12,T177),(T186,T151)))),(((T58,T172),((T139,T137),T27)),T115)),((((((((T17,T60),T95),T122),((((T114,T1),T140),((T128,T3),T33)),((T63,(T86,T96)),((T25,T44),T38)))),(((T166,T184),T124),(T187,T4))),T73),(((T141,T198),(T112,T72)),(T144,T99))),((((((T163,T162),((T149,T135),T119)),(((((T93,T138),(T85,T55)),T62),T134),(T51,T11))),(T146,T154)),(((T167,T30),T47),T59)),(((((T169,(T145,T9)),T57),(((T15,T113),(T45,(T189,T111))),T92)),(((T14,T34),T82),(T190,T66))),(T0,((((((((T71,T127),T105),(T109,T31)),(((T123,T39),(T42,T23)),((T49,T90),T173))),(((T41,T170),T22),(((T171,T185),T24),T179))),(((T129,T35),T97),T161)),(((T131,T100),(T181,T18)),T192)),(((((((T37,((T194,(T48,T56)),(T89,T178))),(T88,T164)),(T83,T26)),T116),(((T64,T133),(T98,T75)),(T188,T6))),(T196,T43)),(((((((T67,T180),((T81,T107),T80)),T103),((T159,T176),T46)),((T54,T191),T148)),((T32,T132),((((T101,(T102,T174)),T175),T76),(T199,T2)))),(((T147,T5),T158),(((((T77,(((T78,T117),T197),T10)),T69),((T84,T74),T91)),((T118,T130),T29)),((((((T52,((T156,T13),T160)),T200),(T195,T142)),T70),(T20,T120)),((T108,T121),((((((T126,T68),((((T150,T28),T36),T106),T19)),T87),T193),T53),((((T21,T94),T110),T79),((T143,T16),T65))))))))))))))))),T168);
Final Tree: ((T40,((((((T50,T152),T7),T165),(T153,T8)),(T155,(T157,T136))),(((((T182,T61),(T183,T104)),(T125,((T12,T177),(T186,T151)))),(((T58,T172),((T139,T137),T27)),T115)),((((((((T17,T60),T95),T122),((((T114,T1),T140),((T128,T3),T33)),((T63,(T86,T96)),((T25,T44),T38)))),(((T166,T184),T124),(T187,T4))),T73),(((T141,T198),(T112,T72)),(T144,T99))),((((((T163,T162),((T149,T135),T119)),(((((T93,T138),(T85,T55)),T62),T134),(T51,T11))),(T146,T154)),(((T167,T30),T47),T59)),(((((T169,(T145,T9)),T57),(((T15,T113),(T45,(T189,T111))),T92)),(((T14,T34),T82),(T190,T66))),(T0,((((((((T71,T127),T105),(T109,T31)),(((T123,T39),(T42,T23)),((T49,T90),T173))),(((T41,T170),T22),(((T171,T185),T24),T179))),(((T129,T35),T97),T161)),(((T131,T100),(T181,T18)),T192)),(((((((T37,((T194,(T48,T56)),(T89,T178))),(T88,T164)),(T83,T26)),T116),(((T64,T133),(T98,T75)),(T188,T6))),(T196,T43)),(((((((T67,T180),((T81,T107),T80)),T103),((T159,T176),T46)),((T54,T191),T148)),((T32,T132),((((T101,(T102,T174)),T175),T76),(T199,T2)))),(((T147,T5),T158),(((((T77,(((T78,T117),T197),T10)),T69),((T84,T74),T91)),((T118,T130),T29)),((((((T52,((T156,T13),T160)),T200),(T195,T142)),T70),(T20,T120)),((T108,T121),((((((T126,T68),((((T150,T28),T36),T106),T19)),T87),T193),T53),((((T21,T94),T110),T79),((T143,T16),T65))))))))))))))))),T168);
Score: 5.487733059e+10

real	2m30.051s
user	46m25.689s
sys	0m22.930s
