Weighted ASTRAL - Hybrid
Version: v1.13.2.3
#Genetrees: 2000
#Species: 201
#Rounds: 4
#Samples: 4
#Threads: 32
Use two-step algorithm!
Guide Tree 0/27
#NNI moves:0/236
Guide Tree 1/27
#NNI moves:0/236
Guide Tree 2/27
#NNI moves:0/236
Guide Tree 3/27
#NNI moves:0/236
Guide Tree 4/27
#NNI moves:1/236
Guide Tree 5/27
#NNI moves:0/236
Guide Tree 6/27
#NNI moves:0/236
Guide Tree 7/27
#NNI moves:0/236
Guide Tree 8/27
#NNI moves:0/236
Guide Tree 9/27
#NNI moves:0/236
Guide Tree 10/27
#NNI moves:0/236
Guide Tree 11/27
#NNI moves:3/236
Guide Tree 12/27
#NNI moves:0/236
Guide Tree 13/27
#NNI moves:0/236
Guide Tree 14/27
#NNI moves:0/236
Guide Tree 15/27
#NNI moves:0/236
Guide Tree 16/27
#NNI moves:3/236
Guide Tree 17/27
#NNI moves:0/236
Guide Tree 18/27
#NNI moves:0/236
Guide Tree 19/27
#NNI moves:0/236
Guide Tree 20/27
#NNI moves:0/236
Guide Tree 21/27
#NNI moves:0/236
Guide Tree 22/27
#NNI moves:0/236
Guide Tree 23/27
#NNI moves:0/236
Guide Tree 24/27
#NNI moves:0/236
Guide Tree 25/27
#NNI moves:0/236
Guide Tree 26/27
#NNI moves:0/236
Remaining: 0
#NNI moves:2/236
#NNI moves:2/236
((((((((((((((T77,T45),(T67,(T14,T131))),T43),(((T26,T81),(((((T185,T112),T60),T64),T80),(T63,T128))),((T107,T155),(T94,(((T92,T139),T115),(T190,T29)))))),T0),((T55,(T154,(T79,T166))),(((T133,(T159,T76)),T41),(T184,T175)))),(((T19,T170),T135),(((T32,T153),T9),(T68,T150)))),((((((T101,T23),(T173,T56)),(T113,T141)),T103),(((T172,T164),T119),((T98,T142),T34))),(T93,T42))),((((((((((T140,T37),(T196,T4)),((T147,(T52,T138)),T25)),T137),(T149,T178)),((((((T102,T100),T85),(T195,T143)),(T189,T35)),T62),((((T123,T72),T188),(T161,T89)),(((((T78,T3),T75),T121),T11),(((T111,T28),(T36,T30)),T27))))),((T120,(T174,T88)),((T160,T69),(T181,T145)))),((T109,(T96,T116)),(T165,T194))),(T74,T122)),((((((T21,T162),T199),((T49,T2),T57)),T61),((T110,T31),T82)),((((T16,T192),(T125,T176)),T126),(T95,(T1,T183)))))),(((((((T20,T157),((T163,T18),(T53,T83))),T179),((T168,T33),T200)),T129),((((T132,T40),(T13,T48)),T7),T117)),(((((T70,T134),T108),((T146,T73),T130)),((((T44,T169),(T187,T91)),(T59,T105)),(T152,(T186,T51)))),T17))),(((((((((T6,(T167,T90)),(T104,T191)),(T54,(T10,T8))),(T5,T22)),(T50,T84)),((((T46,T15),(((T177,T144),T71),T12)),T106),T39)),(T158,((T24,T198),T127))),((T156,T86),T99)),((T118,T58),((T148,T182),T197)))),(((T124,T47),T66),(((((T193,T38),T171),T151),(T65,(T97,T136))),T114))),T180),T87);
Guide Tree 0/27
#NNI moves:0/236
Guide Tree 1/27
#NNI moves:0/236
Guide Tree 2/27
#NNI moves:3/236
Guide Tree 3/27
#NNI moves:1/236
Guide Tree 4/27
#NNI moves:0/236
Guide Tree 5/27
#NNI moves:0/236
Guide Tree 6/27
#NNI moves:0/236
Guide Tree 7/27
#NNI moves:0/236
Guide Tree 8/27
#NNI moves:1/236
Guide Tree 9/27
#NNI moves:3/236
Guide Tree 10/27
#NNI moves:0/236
Guide Tree 11/27
#NNI moves:3/236
Guide Tree 12/27
#NNI moves:0/236
Guide Tree 13/27
#NNI moves:1/236
Guide Tree 14/27
#NNI moves:0/236
Guide Tree 15/27
#NNI moves:3/236
Guide Tree 16/27
#NNI moves:3/236
Guide Tree 17/27
#NNI moves:0/236
Guide Tree 18/27
#NNI moves:0/236
Guide Tree 19/27
#NNI moves:3/236
Guide Tree 20/27
#NNI moves:1/236
Guide Tree 21/27
#NNI moves:3/236
Guide Tree 22/27
#NNI moves:0/236
Guide Tree 23/27
#NNI moves:0/236
Guide Tree 24/27
#NNI moves:0/236
Guide Tree 25/27
#NNI moves:1/236
Guide Tree 26/27
#NNI moves:1/236
Remaining: 0
#NNI moves:0/236
#NNI moves:0/236
(((((((((((T1,T183),T95),(((T125,T176),(T16,T192)),T126)),((((T199,(T162,T21)),(T57,(T2,T49))),T61),((T31,T110),T82))),((((((((((T28,T111),(T30,T36)),T27),((((T3,T78),T75),T121),T11)),((T188,(T123,T72)),(T89,T161))),(T62,((T35,T189),(((T102,T100),T85),(T143,T195))))),((T137,(((T140,T37),(T196,T4)),((T147,(T52,T138)),T25))),(T178,T149))),(((T174,T88),T120),((T145,T181),(T69,T160)))),(((T96,T116),T109),(T165,T194))),(T122,T74))),((((((((((T190,T29),((T139,T92),T115)),T94),(T155,T107)),((T26,T81),(((((T185,T112),T60),T64),T80),(T63,T128)))),(((T45,T77),(T67,(T131,T14))),T43)),T0),(((T154,(T166,T79)),T55),((T184,T175),(T41,((T159,T76),T133))))),(((T19,T170),T135),((T9,(T32,T153)),(T68,T150)))),(((((T113,T141),((T173,T56),(T101,T23))),T103),((T119,(T172,T164)),((T142,T98),T34))),(T42,T93)))),((((((((T53,T83),(T18,T163)),(T20,T157)),T179),((T168,T33),T200)),T129),((((T48,T13),(T40,T132)),T7),T117)),(((((T70,T134),T108),(T130,(T146,T73))),((((T187,T91),(T169,T44)),(T105,T59)),((T186,T51),T152))),T17))),(((((((((T191,T104),(T6,(T167,T90))),((T8,T10),T54)),(T22,T5)),(T50,T84)),((T106,((T46,T15),(((T144,T177),T71),T12))),T39)),(T158,(T127,(T24,T198)))),(T99,(T86,T156))),((T118,T58),((T148,T182),T197)))),(((((T171,(T38,T193)),T151),((T97,T136),T65)),T114),(T66,(T124,T47)))),T180),T87);
Guide Tree 0/27
#NNI moves:1/236
Guide Tree 1/27
#NNI moves:0/236
Guide Tree 2/27
#NNI moves:3/236
Guide Tree 3/27
#NNI moves:3/236
Guide Tree 4/27
#NNI moves:3/236
Guide Tree 5/27
#NNI moves:1/236
Guide Tree 6/27
#NNI moves:1/236
Guide Tree 7/27
#NNI moves:3/236
Guide Tree 8/27
#NNI moves:0/236
Guide Tree 9/27
#NNI moves:4/236
Guide Tree 10/27
#NNI moves:2/236
Guide Tree 11/27
#NNI moves:0/236
Guide Tree 12/27
#NNI moves:1/236
Guide Tree 13/27
#NNI moves:1/236
Guide Tree 14/27
#NNI moves:6/236
Guide Tree 15/27
#NNI moves:0/236
Guide Tree 16/27
#NNI moves:3/236
Guide Tree 17/27
#NNI moves:3/236
Guide Tree 18/27
#NNI moves:0/236
Guide Tree 19/27
#NNI moves:3/236
Guide Tree 20/27
#NNI moves:1/236
Guide Tree 21/27
#NNI moves:2/236
Guide Tree 22/27
#NNI moves:3/236
Guide Tree 23/27
#NNI moves:1/236
Guide Tree 24/27
#NNI moves:0/236
Guide Tree 25/27
#NNI moves:1/236
Guide Tree 26/27
#NNI moves:4/236
Remaining: 0
#NNI moves:0/236
#NNI moves:0/236
((((((((((((((T107,T155),((((T92,T139),T115),(T29,T190)),T94)),((((((T185,T112),T60),T64),T80),(T63,T128)),(T26,T81))),(((T67,(T14,T131)),(T45,T77)),T43)),T0),(((((T159,T76),T133),T41),(T184,T175)),((T154,(T79,T166)),T55))),(((T19,T170),T135),(((T32,T153),T9),(T150,T68)))),(((((T142,T98),T34),(T119,(T172,T164))),(T103,((T113,T141),((T101,T23),(T173,T56))))),(T42,T93))),(((((((((((T30,T36),(T111,T28)),T27),(T11,((T75,(T78,T3)),T121))),((T188,(T123,T72)),(T89,T161))),(((((T100,T102),T85),(T195,T143)),(T189,T35)),T62)),(((((T4,T196),(T140,T37)),(((T138,T52),T147),T25)),T137),(T149,T178))),(((T145,T181),(T69,T160)),((T88,T174),T120))),((T194,T165),(T109,(T116,T96)))),(T74,T122)),((((((T2,T49),T57),((T162,T21),T199)),T61),((T31,T110),T82)),((T95,(T183,T1)),(T126,((T16,T192),(T125,T176))))))),(((((((T157,T20),((T83,T53),(T18,T163))),T179),(T200,(T168,T33))),T129),((((T132,T40),(T48,T13)),T7),T117)),(((((T146,T73),T130),((T134,T70),T108)),(((T105,T59),((T44,T169),(T187,T91))),((T186,T51),T152))),T17))),((((((((((T167,T90),T6),(T191,T104)),(T54,(T10,T8))),(T22,T5)),(T84,T50)),(T39,(((T46,T15),(((T144,T177),T71),T12)),T106))),(T158,((T24,T198),T127))),((T156,T86),T99)),((T58,T118),(T197,(T182,T148))))),((((((T38,T193),T171),T151),((T97,T136),T65)),T114),((T124,T47),T66))),T180),T87);
Guide Tree 0/27
#NNI moves:1/236
Guide Tree 1/27
#NNI moves:1/236
Guide Tree 2/27
#NNI moves:0/236
Guide Tree 3/27
#NNI moves:0/236
Guide Tree 4/27
#NNI moves:1/236
Guide Tree 5/27
#NNI moves:0/236
Guide Tree 6/27
#NNI moves:0/236
Guide Tree 7/27
#NNI moves:1/236
Guide Tree 8/27
#NNI moves:0/236
Guide Tree 9/27
#NNI moves:0/236
Guide Tree 10/27
#NNI moves:0/236
Guide Tree 11/27
#NNI moves:1/236
Guide Tree 12/27
#NNI moves:0/236
Guide Tree 13/27
#NNI moves:4/236
Guide Tree 14/27
#NNI moves:4/236
Guide Tree 15/27
#NNI moves:0/236
Guide Tree 16/27
#NNI moves:1/236
Guide Tree 17/27
#NNI moves:1/236
Guide Tree 18/27
#NNI moves:1/236
Guide Tree 19/27
#NNI moves:2/236
Guide Tree 20/27
#NNI moves:0/236
Guide Tree 21/27
#NNI moves:0/236
Guide Tree 22/27
#NNI moves:0/236
Guide Tree 23/27
#NNI moves:0/236
Guide Tree 24/27
#NNI moves:0/236
Guide Tree 25/27
#NNI moves:0/236
Guide Tree 26/27
#NNI moves:1/236
Remaining: 0
#NNI moves:4/236
#NNI moves:4/236
((((((((((((((T94,(((T139,T92),T115),(T190,T29))),(T107,T155)),((T26,T81),(((((T185,T112),T60),T64),T80),(T128,T63)))),(((T77,T45),((T131,T14),T67)),T43)),T0),((((T79,T166),T154),T55),((T41,((T76,T159),T133)),(T184,T175)))),(((T170,T19),T135),((T150,T68),((T153,T32),T9)))),((((T34,(T142,T98)),(T119,(T172,T164))),((((T56,T173),(T23,T101)),(T113,T141)),T103)),(T93,T42))),((((((((((T121,((T78,T3),T75)),T11),(((T28,T111),(T36,T30)),T27)),((T188,(T72,T123)),(T161,T89))),(((T35,T189),((T195,T143),(T85,(T100,T102)))),T62)),(((((T140,T37),(T4,T196)),((T147,(T138,T52)),T25)),T137),(T149,T178))),(((T145,T181),(T69,T160)),(T120,(T88,T174)))),((T194,T165),((T116,T96),T109))),(T74,T122)),((((((T49,T2),T57),((T162,T21),T199)),T61),((T31,T110),T82)),(((T183,T1),T95),(((T192,T16),(T176,T125)),T126))))),((((((T33,T168),T200),(((T20,T157),((T83,T53),(T18,T163))),T179)),T129),((T7,((T13,T48),(T40,T132))),T117)),(((((T186,T51),T152),(((T44,T169),(T187,T91)),(T59,T105))),(((T146,T73),T130),(T108,(T134,T70)))),T17))),((((((((((T177,T144),T71),T12),(T46,T15)),T106),T39),(((T22,T5),(((T104,T191),((T167,T90),T6)),((T8,T10),T54))),(T50,T84))),((T127,(T24,T198)),T158)),((T156,T86),T99)),((T58,T118),((T182,T148),T197)))),((T66,(T124,T47)),(T114,((T151,(T171,(T38,T193))),((T136,T97),T65))))),T180),T87);
Initial score: 6.45107e+10
Initial tree: ((((((((((((((T94,(((T139,T92),T115),(T190,T29))),(T107,T155)),((T26,T81),(((((T185,T112),T60),T64),T80),(T128,T63)))),(((T77,T45),((T131,T14),T67)),T43)),T0),((((T79,T166),T154),T55),((T41,((T76,T159),T133)),(T184,T175)))),(((T170,T19),T135),((T150,T68),((T153,T32),T9)))),((((T34,(T142,T98)),(T119,(T172,T164))),((((T56,T173),(T23,T101)),(T113,T141)),T103)),(T93,T42))),((((((((((T121,((T78,T3),T75)),T11),(((T28,T111),(T36,T30)),T27)),((T188,(T72,T123)),(T161,T89))),(((T35,T189),((T195,T143),(T85,(T100,T102)))),T62)),(((((T140,T37),(T4,T196)),((T147,(T138,T52)),T25)),T137),(T149,T178))),(((T145,T181),(T69,T160)),(T120,(T88,T174)))),((T194,T165),((T116,T96),T109))),(T74,T122)),((((((T49,T2),T57),((T162,T21),T199)),T61),((T31,T110),T82)),(((T183,T1),T95),(((T192,T16),(T176,T125)),T126))))),((((((T33,T168),T200),(((T20,T157),((T83,T53),(T18,T163))),T179)),T129),((T7,((T13,T48),(T40,T132))),T117)),(((((T186,T51),T152),(((T44,T169),(T187,T91)),(T59,T105))),(((T146,T73),T130),(T108,(T134,T70)))),T17))),((((((((((T177,T144),T71),T12),(T46,T15)),T106),T39),(((T22,T5),(((T104,T191),((T167,T90),T6)),((T8,T10),T54))),(T50,T84))),((T127,(T24,T198)),T158)),((T156,T86),T99)),((T58,T118),((T182,T148),T197)))),((T66,(T124,T47)),(T114,((T151,(T171,(T38,T193))),((T136,T97),T65))))),T180),T87);
*** Subsample Process ***
Use two-step algorithm!
#NNI moves:0/236
Remaining: 0
#NNI moves:0/236
#NNI moves:0/236
((((((((((((((((((((((((T121,((T3,T78),T75)),T11),(((T111,T28),(T36,T30)),T27)),((T161,T89),((T123,T72),T188))),(((T35,T189),((T85,(T102,T100)),(T143,T195))),T62)),(((((T147,(T52,T138)),T25),((T196,T4),(T140,T37))),T137),(T149,T178))),(((T69,T160),(T145,T181)),(T120,(T88,T174)))),(((T96,T116),T109),(T165,T194))),(T122,T74)),((((T110,T31),T82),((((T49,T2),T57),((T21,T162),T199)),T61)),((T95,(T1,T183)),(((T125,T176),(T192,T16)),T126)))),(((((((((T22,T5),((((T167,T90),T6),(T191,T104)),((T8,T10),T54))),(T50,T84)),(((((T71,(T177,T144)),T12),(T15,T46)),T106),T39)),(T158,((T24,T198),T127))),((T156,T86),T99)),(((T182,T148),T197),(T58,T118))),((T180,T87),((T114,(((T136,T97),T65),(((T38,T193),T171),T151))),(T66,(T47,T124))))),(((((T179,(((T53,T83),(T163,T18)),(T20,T157))),((T168,T33),T200)),T129),((((T132,T40),(T48,T13)),T7),T117)),(((((T134,T70),T108),((T73,T146),T130)),(((T186,T51),T152),((T59,T105),((T91,T187),(T169,T44))))),T17)))),(((((T113,T141),((T56,T173),(T101,T23))),T103),(((T98,T142),T34),(T119,(T172,T164)))),(T42,T93))),(((T68,T150),((T153,T32),T9)),((T170,T19),T135))),((((T79,T166),T154),T55),((T41,((T76,T159),T133)),(T184,T175)))),T0),(((T45,T77),(T67,(T131,T14))),T43)),((T155,T107),(((T190,T29),((T139,T92),T115)),T94))),(T26,T81)),(T63,T128)),T80),T64),T60),T185),T112);
#NNI moves:0/236
Remaining: 0
#NNI moves:0/236
#NNI moves:0/236
(((((((((((((((((T75,(T3,T78)),T121),T11),(((T30,T36),(T28,T111)),T27)),(((T72,T123),T188),(T161,T89))),((((T85,(T102,T100)),(T143,T195)),(T189,T35)),T62)),((((((T138,T52),T147),T25),((T196,T4),(T140,T37))),T137),(T149,T178))),(((T181,T145),(T160,T69)),((T88,T174),T120))),((T109,(T96,T116)),(T194,T165))),(T122,T74)),(((((T192,T16),(T125,T176)),T126),((T183,T1),T95)),(((((T162,T21),T199),((T2,T49),T57)),T61),((T31,T110),T82)))),(((((((((T14,T131),T67),(T77,T45)),T43),((((T128,T63),((((T112,T185),T60),T64),T80)),(T26,T81)),((((T29,T190),((T92,T139),T115)),T94),(T155,T107)))),T0),((((T133,(T159,T76)),T41),(T175,T184)),(((T166,T79),T154),T55))),((((T153,T32),T9),(T150,T68)),((T19,T170),T135))),(((((T113,T141),((T56,T173),(T23,T101))),T103),((T34,(T142,T98)),((T172,T164),T119))),(T93,T42)))),((((((T134,T70),T108),((T73,T146),T130)),((((T91,T187),(T44,T169)),(T59,T105)),((T186,T51),T152))),T17),((((T179,(((T163,T18),(T83,T53)),(T20,T157))),(T200,(T168,T33))),T129),((((T13,T48),(T40,T132)),T7),T117)))),(((((((((T71,(T177,T144)),T12),(T46,T15)),T106),T39),(((T5,T22),(((T6,(T167,T90)),(T191,T104)),((T10,T8),T54))),(T50,T84))),(((T24,T198),T127),T158)),((T156,T86),T99)),(((T182,T148),T197),(T58,T118)))),((((T151,((T193,T38),T171)),((T136,T97),T65)),T114),((T124,T47),T66))),T87),T180);
#NNI moves:0/236
Remaining: 0
#NNI moves:0/236
#NNI moves:0/236
((((((((((((((((((((((T169,T44),(T91,T187)),(T105,T59)),(T152,(T51,T186))),(((T134,T70),T108),(T130,(T146,T73)))),T17),(((((T13,T48),(T132,T40)),T7),T117),((((T168,T33),T200),(T179,((T157,T20),((T163,T18),(T53,T83))))),T129))),(((((((((T54,(T8,T10)),((T6,(T167,T90)),(T191,T104))),(T5,T22)),(T50,T84)),(((((T71,(T177,T144)),T12),(T46,T15)),T106),T39)),(((T24,T198),T127),T158)),((T156,T86),T99)),(((T182,T148),T197),(T118,T58))),((((T124,T47),T66),((((T97,T136),T65),(((T38,T193),T171),T151)),T114)),(T87,T180)))),((((((((((T64,((T185,T112),T60)),T80),(T128,T63)),(T26,T81)),((((T29,T190),(T115,(T139,T92))),T94),(T155,T107))),((((T131,T14),T67),(T45,T77)),T43)),T0),((T55,((T166,T79),T154)),((T41,(T133,(T76,T159))),(T184,T175)))),((((T32,T153),T9),(T68,T150)),((T19,T170),T135))),(((((T142,T98),T34),((T172,T164),T119)),((((T101,T23),(T56,T173)),(T141,T113)),T103)),(T93,T42)))),((((T1,T183),T95),(((T176,T125),(T192,T16)),T126)),(((T110,T31),T82),(((T199,(T21,T162)),(T57,(T2,T49))),T61)))),(T122,T74)),(((T116,T96),T109),(T165,T194))),(((T145,T181),(T160,T69)),((T174,T88),T120))),((T137,(((T196,T4),(T140,T37)),(T25,((T52,T138),T147)))),(T178,T149))),(((((T100,T102),T85),(T143,T195)),(T35,T189)),T62)),((T188,(T72,T123)),(T89,T161))),(((T30,T36),(T111,T28)),T27)),T11),T121),T75),T3),T78);
#NNI moves:0/236
Remaining: 0
#NNI moves:0/236
#NNI moves:0/236
((((((((((((((((T196,T4),(T140,T37)),(((T52,T138),T147),T25)),T137),(T178,T149)),((((T35,T189),(((T102,T100),T85),(T143,T195))),T62),(((((T28,T111),(T36,T30)),T27),(T11,(((T3,T78),T75),T121))),((T89,T161),((T123,T72),T188))))),(((T88,T174),T120),((T69,T160),(T181,T145)))),(((T116,T96),T109),(T194,T165))),(T122,T74)),(((((T199,(T162,T21)),((T49,T2),T57)),T61),(T82,(T110,T31))),((((T176,T125),(T16,T192)),T126),((T1,T183),T95)))),((((((((((T29,T190),((T92,T139),T115)),T94),(T155,T107)),(((T80,(((T112,T185),T60),T64)),(T128,T63)),(T26,T81))),(((T67,(T131,T14)),(T77,T45)),T43)),T0),((((T79,T166),T154),T55),((((T76,T159),T133),T41),(T175,T184)))),(((T150,T68),(T9,(T32,T153))),(T135,(T170,T19)))),(((((T142,T98),T34),((T164,T172),T119)),((((T23,T101),(T56,T173)),(T141,T113)),T103)),(T42,T93)))),(((((((T91,T187),(T169,T44)),(T105,T59)),(T152,(T186,T51))),((T130,(T146,T73)),((T70,T134),T108))),T17),(((((((T53,T83),(T18,T163)),(T157,T20)),T179),((T168,T33),T200)),T129),(T117,(((T48,T13),(T132,T40)),T7))))),((((((((T54,(T8,T10)),((T191,T104),((T90,T167),T6))),(T5,T22)),(T84,T50)),((T106,((T46,T15),(((T144,T177),T71),T12))),T39)),(((T198,T24),T127),T158)),((T156,T86),T99)),((T197,(T148,T182)),(T58,T118)))),(((((T136,T97),T65),(((T193,T38),T171),T151)),T114),(T66,(T124,T47)))),T87),T180);
Current score: 6.45107e+10
Current tree: ((((((((((((((((T196,T4),(T140,T37)),(((T52,T138),T147),T25)),T137),(T178,T149)),((((T35,T189),(((T102,T100),T85),(T143,T195))),T62),(((((T28,T111),(T36,T30)),T27),(T11,(((T3,T78),T75),T121))),((T89,T161),((T123,T72),T188))))),(((T88,T174),T120),((T69,T160),(T181,T145)))),(((T116,T96),T109),(T194,T165))),(T122,T74)),(((((T199,(T162,T21)),((T49,T2),T57)),T61),(T82,(T110,T31))),((((T176,T125),(T16,T192)),T126),((T1,T183),T95)))),((((((((((T29,T190),((T92,T139),T115)),T94),(T155,T107)),(((T80,(((T112,T185),T60),T64)),(T128,T63)),(T26,T81))),(((T67,(T131,T14)),(T77,T45)),T43)),T0),((((T79,T166),T154),T55),((((T76,T159),T133),T41),(T175,T184)))),(((T150,T68),(T9,(T32,T153))),(T135,(T170,T19)))),(((((T142,T98),T34),((T164,T172),T119)),((((T23,T101),(T56,T173)),(T141,T113)),T103)),(T42,T93)))),(((((((T91,T187),(T169,T44)),(T105,T59)),(T152,(T186,T51))),((T130,(T146,T73)),((T70,T134),T108))),T17),(((((((T53,T83),(T18,T163)),(T157,T20)),T179),((T168,T33),T200)),T129),(T117,(((T48,T13),(T132,T40)),T7))))),((((((((T54,(T8,T10)),((T191,T104),((T90,T167),T6))),(T5,T22)),(T84,T50)),((T106,((T46,T15),(((T144,T177),T71),T12))),T39)),(((T198,T24),T127),T158)),((T156,T86),T99)),((T197,(T148,T182)),(T58,T118)))),(((((T136,T97),T65),(((T193,T38),T171),T151)),T114),(T66,(T124,T47)))),T180),T87);
Final Tree: ((((((((((((((((T196,T4),(T140,T37)),(((T52,T138),T147),T25)),T137),(T178,T149)),((((T35,T189),(((T102,T100),T85),(T143,T195))),T62),(((((T28,T111),(T36,T30)),T27),(T11,(((T3,T78),T75),T121))),((T89,T161),((T123,T72),T188))))),(((T88,T174),T120),((T69,T160),(T181,T145)))),(((T116,T96),T109),(T194,T165))),(T122,T74)),(((((T199,(T162,T21)),((T49,T2),T57)),T61),(T82,(T110,T31))),((((T176,T125),(T16,T192)),T126),((T1,T183),T95)))),((((((((((T29,T190),((T92,T139),T115)),T94),(T155,T107)),(((T80,(((T112,T185),T60),T64)),(T128,T63)),(T26,T81))),(((T67,(T131,T14)),(T77,T45)),T43)),T0),((((T79,T166),T154),T55),((((T76,T159),T133),T41),(T175,T184)))),(((T150,T68),(T9,(T32,T153))),(T135,(T170,T19)))),(((((T142,T98),T34),((T164,T172),T119)),((((T23,T101),(T56,T173)),(T141,T113)),T103)),(T42,T93)))),(((((((T91,T187),(T169,T44)),(T105,T59)),(T152,(T186,T51))),((T130,(T146,T73)),((T70,T134),T108))),T17),(((((((T53,T83),(T18,T163)),(T157,T20)),T179),((T168,T33),T200)),T129),(T117,(((T48,T13),(T132,T40)),T7))))),((((((((T54,(T8,T10)),((T191,T104),((T90,T167),T6))),(T5,T22)),(T84,T50)),((T106,((T46,T15),(((T144,T177),T71),T12))),T39)),(((T198,T24),T127),T158)),((T156,T86),T99)),((T197,(T148,T182)),(T58,T118)))),(((((T136,T97),T65),(((T193,T38),T171),T151)),T114),(T66,(T124,T47)))),T180),T87);
Score: 6.451072197e+10

real	1m31.561s
user	20m38.399s
sys	0m19.296s
