
RAxML-NG v. 1.1.0-master released on 04.08.2022 by The Exelixis Lab.
Developed by: Alexey M. Kozlov and Alexandros Stamatakis.
Contributors: Diego Darriba, Tomas Flouri, Benoit Morel, Sarah Lutteropp, Ben Bettisworth.
Latest version: https://github.com/amkozlov/raxml-ng
Questions/problems/suggestions? Please visit: https://groups.google.com/forum/#!forum/raxml

System: AMD EPYC 7742 64-Core Processor, 128 cores, 251 GB RAM

RAxML-NG was called at 27-Dec-2022 02:02:23 as follows:

/home/chaos/programs/raxml-ng/raxml-ng/bin/raxml-ng --msa data/alignment/38_1X_S201_0_haploid --tree pars{1} --model GTR+G --threads 64

Analysis options:
  run mode: ML tree search
  start tree(s): parsimony (1)
  random seed: 1672135343
  tip-inner: OFF
  pattern compression: ON
  per-rate scalers: OFF
  site repeats: ON
  fast spr radius: AUTO
  spr subtree cutoff: 1.000000
  branch lengths: proportional (ML estimate, algorithm: NR-FAST)
  SIMD kernels: AVX2
  parallelization: coarse-grained (auto), PTHREADS (64 threads), thread pinning: OFF

[00:00:00] Reading alignment from file: data/alignment/38_1X_S201_0_haploid
[00:00:02] Loaded alignment with 201 taxa and 5000000 sites

Alignment comprises 1 partitions and 3988120 patterns

Partition 0: noname
Model: GTR+FO+G4m
Alignment sites / patterns: 5000000 / 3988120
Gaps: 0.00 %
Invariant sites: 4.46 %


NOTE: Binary MSA file created: data/alignment/38_1X_S201_0_haploid.raxml.rba

Parallelization scheme autoconfig: 1 worker(s) x 64 thread(s)

Parallel reduction/worker buffer size: 1 KB  / 0 KB

[00:00:22] Generating 1 parsimony starting tree(s) with 201 taxa
[00:00:52] Data distribution: max. partitions/sites/weight per thread: 1 / 62315 / 997040
[00:00:52] Data distribution: max. searches per worker: 1

Starting ML tree search with 1 distinct starting trees

[00:00:54 -160555196.506829] Initial branch length optimization
[00:03:29 -146383379.330339] Model parameter optimization (eps = 10.000000)
[00:08:11 -141615839.585806] AUTODETECT spr round 1 (radius: 5)
[00:15:22 -141608987.839918] AUTODETECT spr round 2 (radius: 10)
[00:39:58 -141608987.839817] SPR radius for FAST iterations: 5 (autodetect)
[00:39:58 -141608987.839817] Model parameter optimization (eps = 3.000000)
[00:41:15 -141608961.170664] FAST spr round 1 (radius: 5)
[00:52:45 -141604984.344201] FAST spr round 2 (radius: 5)
[01:04:16 -141604953.144220] FAST spr round 3 (radius: 5)
[01:16:22 -141604953.144220] Model parameter optimization (eps = 1.000000)
[01:16:39 -141604952.968342] SLOW spr round 1 (radius: 5)
[01:52:34 -141604952.968340] SLOW spr round 2 (radius: 10)
[02:29:46 -141604952.968340] SLOW spr round 3 (radius: 15)
[03:45:59 -141604952.968340] SLOW spr round 4 (radius: 20)
[04:36:00 -141604952.968340] SLOW spr round 5 (radius: 25)
[04:48:49 -141604952.968340] Model parameter optimization (eps = 0.100000)

[04:50:01] ML tree search #1, logLikelihood: -141604952.021555


Optimized model parameters:

   Partition 0: noname
   Rate heterogeneity: GAMMA (4 cats, mean),  alpha: 4.012827 (ML),  weights&rates: (0.250000,0.455065) (0.250000,0.775651) (0.250000,1.084399) (0.250000,1.684884) 
   Base frequencies (ML): 0.319164 0.223046 0.203952 0.253838 
   Substitution rates (ML): 1.145894 2.017934 0.213179 0.659233 1.682455 1.000000 


Final LogLikelihood: -141604952.021555

AIC score: 283210720.043111 / AICc score: 283210720.109865 / BIC score: 283216197.422087
Free parameters (model + branch lengths): 408

Best ML tree saved to: /expanse/lustre/projects/uot138/chaos/ASTERISK-sim/data/alignment/38_1X_S201_0_haploid.raxml.bestTree
Optimized model saved to: /expanse/lustre/projects/uot138/chaos/ASTERISK-sim/data/alignment/38_1X_S201_0_haploid.raxml.bestModel

Execution log saved to: /expanse/lustre/projects/uot138/chaos/ASTERISK-sim/data/alignment/38_1X_S201_0_haploid.raxml.log

Analysis started: 27-Dec-2022 02:02:23 / finished: 27-Dec-2022 06:52:25

Elapsed time: 17402.245 seconds

Consumed energy: 1957.418 Wh (= 10 km in an electric car, or 49 km with an e-scooter!)

