Weighted ASTRAL - Hybrid
Version: v1.13.2.3
#Genetrees: 2000
#Species: 201
#Rounds: 4
#Samples: 4
#Threads: 32
Use two-step algorithm!
Guide Tree 0/27
#NNI moves:0/236
Guide Tree 1/27
#NNI moves:0/236
Guide Tree 2/27
#NNI moves:3/236
Guide Tree 3/27
#NNI moves:0/236
Guide Tree 4/27
#NNI moves:0/236
Guide Tree 5/27
#NNI moves:0/236
Guide Tree 6/27
#NNI moves:0/236
Guide Tree 7/27
#NNI moves:0/236
Guide Tree 8/27
#NNI moves:0/236
Guide Tree 9/27
#NNI moves:0/236
Guide Tree 10/27
#NNI moves:0/236
Guide Tree 11/27
#NNI moves:0/236
Guide Tree 12/27
#NNI moves:0/236
Guide Tree 13/27
#NNI moves:0/236
Guide Tree 14/27
#NNI moves:0/236
Guide Tree 15/27
#NNI moves:0/236
Guide Tree 16/27
#NNI moves:1/236
Guide Tree 17/27
#NNI moves:0/236
Guide Tree 18/27
#NNI moves:3/236
Guide Tree 19/27
#NNI moves:0/236
Guide Tree 20/27
#NNI moves:3/236
Guide Tree 21/27
#NNI moves:3/236
Guide Tree 22/27
#NNI moves:3/236
Guide Tree 23/27
#NNI moves:3/236
Guide Tree 24/27
#NNI moves:3/236
Guide Tree 25/27
#NNI moves:1/236
Guide Tree 26/27
#NNI moves:3/236
Remaining: 0
#NNI moves:2/236
#NNI moves:2/236
((((((((((((((((T142,T3),T119),T111),T32),(T41,(T1,T173))),(T40,(((T135,(((T182,T164),T162),(T99,T11))),(T42,T43)),(T144,T134)))),((T124,T148),T102)),((T66,T139),(T88,T143))),(((T55,T159),(T93,T59)),(((T190,T96),T44),T69))),(((((T72,T35),T187),(T153,T90)),(T50,T132)),((((T193,T178),T188),(T180,T49)),T10))),(((((((T108,((T12,T5),(T25,T8))),((T118,T37),T150)),((((((T160,T13),T54),((T24,T152),(T147,T45))),T31),((T87,T58),T82)),T122)),(((T163,(T136,((T74,T17),(T165,T115)))),(T60,(T181,T2))),(T48,T39))),((T21,(T149,T52)),((T112,T145),(T168,T105)))),(((T47,T199),T183),(T176,T114))),T68)),((((T103,T120),T106),T156),(T36,T172))),(((((((((T157,T175),(T192,T15)),T104),(T169,T121)),((((T189,T83),T138),T22),((((T80,T200),((T194,T179),T61)),(((T85,T158),(T123,T46)),T29)),T70))),(T100,(T51,T16))),((T9,T128),(T92,T71))),T0),(((T62,(T77,T196)),T14),T155))),(((((((((T26,T109),T151),(T56,(T198,T86))),T81),((T95,T185),T6)),((T20,(T53,T154)),(T4,T110))),(T98,((((T166,T127),((T133,T101),T30)),T186),T140))),(((T79,T171),(T195,(T23,T84))),T76)),((((T161,(T191,T197)),(T170,T7)),T75),(((T67,T177),T146),((T97,T141),(T89,T19)))))),((((((((T33,T78),T73),(((T117,T126),T174),(T129,T34))),(T63,T107)),T38),(T116,(T167,T137))),((T184,T28),((((T91,T131),T113),T94),T27))),(T65,((T125,T18),(T130,T57))))),T64);
Guide Tree 0/27
#NNI moves:0/236
Guide Tree 1/27
#NNI moves:1/236
Guide Tree 2/27
#NNI moves:0/236
Guide Tree 3/27
#NNI moves:0/236
Guide Tree 4/27
#NNI moves:0/236
Guide Tree 5/27
#NNI moves:0/236
Guide Tree 6/27
#NNI moves:0/236
Guide Tree 7/27
#NNI moves:1/236
Guide Tree 8/27
#NNI moves:0/236
Guide Tree 9/27
#NNI moves:1/236
Guide Tree 10/27
#NNI moves:0/236
Guide Tree 11/27
#NNI moves:1/236
Guide Tree 12/27
#NNI moves:0/236
Guide Tree 13/27
#NNI moves:0/236
Guide Tree 14/27
#NNI moves:3/236
Guide Tree 15/27
#NNI moves:0/236
Guide Tree 16/27
#NNI moves:0/236
Guide Tree 17/27
#NNI moves:0/236
Guide Tree 18/27
#NNI moves:0/236
Guide Tree 19/27
#NNI moves:0/236
Guide Tree 20/27
#NNI moves:0/236
Guide Tree 21/27
#NNI moves:1/236
Guide Tree 22/27
#NNI moves:1/236
Guide Tree 23/27
#NNI moves:0/236
Guide Tree 24/27
#NNI moves:0/236
Guide Tree 25/27
#NNI moves:0/236
Guide Tree 26/27
#NNI moves:1/236
Remaining: 0
#NNI moves:3/236
#NNI moves:3/236
((((((((((((((((T165,T115),(T17,T74)),T136),T163),(T60,(T2,T181))),(T39,T48)),(((((T8,T25),(T12,T5)),T108),((T37,T118),T150)),((((((T160,T13),T54),((T152,T24),(T147,T45))),T31),((T58,T87),T82)),T122))),(((T52,T149),T21),((T168,T105),(T145,T112)))),((T176,T114),((T47,T199),T183))),T68),(((((((((T43,T42),(((T99,T11),((T182,T164),T162)),T135)),(T144,T134)),T40),((((T119,(T142,T3)),T111),T32),(T41,(T1,T173)))),(T102,(T124,T148))),((T143,T88),(T139,T66))),(((T93,T59),(T55,T159)),(T69,((T190,T96),T44)))),(((((T35,T72),T187),(T90,T153)),(T50,T132)),((((T178,T193),T188),(T49,T180)),T10)))),((((T103,T120),T106),T156),(T172,T36))),(((((((((((T46,T123),(T85,T158)),T29),((T61,(T194,T179)),(T200,T80))),T70),(((T189,T83),T138),T22)),((T104,((T192,T15),(T157,T175))),(T121,T169))),((T51,T16),T100)),((T71,T92),(T128,T9))),T0),(((T62,(T77,T196)),T14),T155))),((((((((T151,(T109,T26)),(T56,(T198,T86))),T81),((T95,T185),T6)),(((T53,T154),T20),(T110,T4))),(((((T30,(T101,T133)),(T127,T166)),T186),T140),T98)),((((T23,T84),T195),(T171,T79)),T76)),((((T161,(T197,T191)),(T7,T170)),T75),(((T177,T67),T146),((T97,T141),(T89,T19)))))),(((((T137,T167),T116),(((((T33,T78),T73),(((T117,T126),T174),(T129,T34))),(T107,T63)),T38)),(((T94,((T91,T131),T113)),T27),(T184,T28))),(((T125,T18),(T130,T57)),T65))),T64);
Guide Tree 0/27
#NNI moves:0/236
Guide Tree 1/27
#NNI moves:0/236
Guide Tree 2/27
#NNI moves:0/236
Guide Tree 3/27
#NNI moves:1/236
Guide Tree 4/27
#NNI moves:0/236
Guide Tree 5/27
#NNI moves:1/236
Guide Tree 6/27
#NNI moves:0/236
Guide Tree 7/27
#NNI moves:0/236
Guide Tree 8/27
#NNI moves:1/236
Guide Tree 9/27
#NNI moves:0/236
Guide Tree 10/27
#NNI moves:0/236
Guide Tree 11/27
#NNI moves:0/236
Guide Tree 12/27
#NNI moves:0/236
Guide Tree 13/27
#NNI moves:1/236
Guide Tree 14/27
#NNI moves:0/236
Guide Tree 15/27
#NNI moves:0/236
Guide Tree 16/27
#NNI moves:0/236
Guide Tree 17/27
#NNI moves:0/236
Guide Tree 18/27
#NNI moves:3/236
Guide Tree 19/27
#NNI moves:1/236
Guide Tree 20/27
#NNI moves:0/236
Guide Tree 21/27
#NNI moves:1/236
Guide Tree 22/27
#NNI moves:1/236
Guide Tree 23/27
#NNI moves:3/236
Guide Tree 24/27
#NNI moves:0/236
Guide Tree 25/27
#NNI moves:0/236
Guide Tree 26/27
#NNI moves:1/236
Remaining: 0
#NNI moves:1/236
#NNI moves:1/236
((((((((((((T48,T39),(((((T74,T17),(T115,T165)),T136),T163),(T60,(T181,T2)))),(((((((T13,T160),T54),((T24,T152),(T147,T45))),T31),((T58,T87),T82)),T122),((((T12,T5),(T8,T25)),T108),((T37,T118),T150)))),(((T112,T145),(T105,T168)),((T52,T149),T21))),(((T199,T47),T183),(T114,T176))),T68),((((((T178,T193),T188),(T180,T49)),T10),(((T153,T90),((T35,T72),T187)),(T50,T132))),((((((T32,((T119,(T3,T142)),T111)),(T41,(T1,T173))),((((((T99,T11),((T182,T164),T162)),T135),(T43,T42)),(T144,T134)),T40)),((T148,T124),T102)),((T88,T143),(T139,T66))),(((T44,(T190,T96)),T69),((T93,T59),(T55,T159)))))),((((T103,T120),T106),T156),(T36,T172))),(((((((((((T123,T46),(T158,T85)),T29),((T61,(T194,T179)),(T80,T200))),T70),(((T189,T83),T138),T22)),((((T157,T175),(T15,T192)),T104),(T169,T121))),((T16,T51),T100)),((T92,T71),(T128,T9))),T0),((((T196,T77),T62),T14),T155))),(((((((((T198,T86),T56),((T26,T109),T151)),T81),((T185,T95),T6)),(((T154,T53),T20),(T4,T110))),((((((T133,T101),T30),(T166,T127)),T186),T140),T98)),((((T23,T84),T195),(T171,T79)),T76)),((((T170,T7),(T161,(T191,T197))),T75),(((T97,T141),(T19,T89)),((T177,T67),T146))))),(((((((((T117,T126),T174),(T129,T34)),(T73,(T33,T78))),(T63,T107)),T38),((T137,T167),T116)),(((((T131,T91),T113),T94),T27),(T184,T28))),(((T130,T57),(T18,T125)),T65))),T64);
Guide Tree 0/27
#NNI moves:1/236
Guide Tree 1/27
#NNI moves:0/236
Guide Tree 2/27
#NNI moves:1/236
Guide Tree 3/27
#NNI moves:0/236
Guide Tree 4/27
#NNI moves:0/236
Guide Tree 5/27
#NNI moves:0/236
Guide Tree 6/27
#NNI moves:3/236
Guide Tree 7/27
#NNI moves:0/236
Guide Tree 8/27
#NNI moves:1/236
Guide Tree 9/27
#NNI moves:1/236
Guide Tree 10/27
#NNI moves:0/236
Guide Tree 11/27
#NNI moves:0/236
Guide Tree 12/27
#NNI moves:0/236
Guide Tree 13/27
#NNI moves:0/236
Guide Tree 14/27
#NNI moves:1/236
Guide Tree 15/27
#NNI moves:1/236
Guide Tree 16/27
#NNI moves:0/236
Guide Tree 17/27
#NNI moves:0/236
Guide Tree 18/27
#NNI moves:0/236
Guide Tree 19/27
#NNI moves:0/236
Guide Tree 20/27
#NNI moves:0/236
Guide Tree 21/27
#NNI moves:1/236
Guide Tree 22/27
#NNI moves:0/236
Guide Tree 23/27
#NNI moves:0/236
Guide Tree 24/27
#NNI moves:0/236
Guide Tree 25/27
#NNI moves:1/236
Guide Tree 26/27
#NNI moves:1/236
Remaining: 0
#NNI moves:2/236
#NNI moves:2/236
((((((((((((((T136,((T17,T74),(T165,T115))),T163),((T181,T2),T60)),(T48,T39)),(((((T87,T58),T82),((((T45,T147),(T152,T24)),((T160,T13),T54)),T31)),T122),((((T25,T8),(T5,T12)),T108),((T37,T118),T150)))),(((T145,T112),(T105,T168)),((T52,T149),T21))),(((T199,T47),T183),(T176,T114))),T68),(((((T159,T55),(T59,T93)),(((T96,T190),T44),T69)),((((((((((T164,T182),T162),(T11,T99)),T135),(T43,T42)),(T134,T144)),T40),((T41,(T173,T1)),(((T119,(T3,T142)),T111),T32))),((T148,T124),T102)),((T139,T66),(T143,T88)))),(((T132,T50),(((T35,T72),T187),(T90,T153))),(((T49,T180),((T178,T193),T188)),T10)))),(((T106,(T120,T103)),T156),(T36,T172))),(((((((((((T194,T179),T61),(T80,T200)),(((T46,T123),(T158,T85)),T29)),T70),(T22,(T138,(T83,T189)))),((((T192,T15),(T157,T175)),T104),(T121,T169))),((T16,T51),T100)),((T9,T128),(T71,T92))),T0),((((T196,T77),T62),T14),T155))),(((((((T95,T185),T6),((((T86,T198),T56),((T109,T26),T151)),T81)),(((T154,T53),T20),(T4,T110))),(((((T30,(T101,T133)),(T166,T127)),T186),T140),T98)),((((T84,T23),T195),(T171,T79)),T76)),((((T19,T89),(T141,T97)),((T67,T177),T146)),(((T170,T7),((T191,T197),T161)),T75)))),((((T27,((T113,(T91,T131)),T94)),(T184,T28)),((((((T33,T78),T73),(((T117,T126),T174),(T129,T34))),(T107,T63)),T38),((T167,T137),T116))),(T65,((T125,T18),(T57,T130))))),T64);
Initial score: 7.73566e+10
Initial tree: ((((((((((((((T136,((T17,T74),(T165,T115))),T163),((T181,T2),T60)),(T48,T39)),(((((T87,T58),T82),((((T45,T147),(T152,T24)),((T160,T13),T54)),T31)),T122),((((T25,T8),(T5,T12)),T108),((T37,T118),T150)))),(((T145,T112),(T105,T168)),((T52,T149),T21))),(((T199,T47),T183),(T176,T114))),T68),(((((T159,T55),(T59,T93)),(((T96,T190),T44),T69)),((((((((((T164,T182),T162),(T11,T99)),T135),(T43,T42)),(T134,T144)),T40),((T41,(T173,T1)),(((T119,(T3,T142)),T111),T32))),((T148,T124),T102)),((T139,T66),(T143,T88)))),(((T132,T50),(((T35,T72),T187),(T90,T153))),(((T49,T180),((T178,T193),T188)),T10)))),(((T106,(T120,T103)),T156),(T36,T172))),(((((((((((T194,T179),T61),(T80,T200)),(((T46,T123),(T158,T85)),T29)),T70),(T22,(T138,(T83,T189)))),((((T192,T15),(T157,T175)),T104),(T121,T169))),((T16,T51),T100)),((T9,T128),(T71,T92))),T0),((((T196,T77),T62),T14),T155))),(((((((T95,T185),T6),((((T86,T198),T56),((T109,T26),T151)),T81)),(((T154,T53),T20),(T4,T110))),(((((T30,(T101,T133)),(T166,T127)),T186),T140),T98)),((((T84,T23),T195),(T171,T79)),T76)),((((T19,T89),(T141,T97)),((T67,T177),T146)),(((T170,T7),((T191,T197),T161)),T75)))),((((T27,((T113,(T91,T131)),T94)),(T184,T28)),((((((T33,T78),T73),(((T117,T126),T174),(T129,T34))),(T107,T63)),T38),((T167,T137),T116))),(T65,((T125,T18),(T57,T130))))),T64);
*** Subsample Process ***
Use two-step algorithm!
#NNI moves:0/236
Remaining: 0
#NNI moves:3/236
#NNI moves:3/236
(((((((((((((((((((((T198,T86),T56),((T26,T109),T151)),T81),((T185,T95),T6)),((T20,(T154,T53)),(T110,T4))),(T98,((((T30,(T133,T101)),(T127,T166)),T186),T140))),(((T195,(T23,T84)),(T171,T79)),T76)),((((T89,T19),(T141,T97)),((T177,T67),T146)),((((T197,T191),T161),(T170,T7)),T75))),(((((T27,(((T91,T131),T113),T94)),(T28,T184)),(((((((T117,T126),T174),(T34,T129)),((T33,T78),T73)),(T107,T63)),T38),((T137,T167),T116))),(T65,((T57,T130),(T18,T125)))),T64)),((T155,(((T196,T77),T62),T14)),((((((T22,(T138,(T189,T83))),((((T200,T80),(T61,(T179,T194))),(((T46,T123),(T85,T158)),T29)),T70)),((((T157,T175),(T192,T15)),T104),(T169,T121))),(T100,(T51,T16))),((T71,T92),(T128,T9))),T0))),(((T106,(T120,T103)),T156),(T36,T172))),(((((((((((T11,T99),((T164,T182),T162)),T135),(T43,T42)),(T134,T144)),T40),(((T111,((T142,T3),T119)),T32),((T173,T1),T41))),((T148,T124),T102)),((T88,T143),(T139,T66))),(((T93,T59),(T55,T159)),(((T96,T190),T44),T69))),(((T50,T132),(((T35,T72),T187),(T90,T153))),(((T188,(T178,T193)),(T180,T49)),T10)))),T68),((T176,T114),((T199,T47),T183))),(((T168,T105),(T145,T112)),((T149,T52),T21))),((((((T54,(T160,T13)),((T45,T147),(T152,T24))),T31),((T87,T58),T82)),T122),((((T25,T8),(T5,T12)),T108),((T37,T118),T150)))),(T39,T48)),((T181,T2),T60)),(((T165,T115),(T17,T74)),T136)),T163);
#NNI moves:0/236
Remaining: 0
#NNI moves:3/236
#NNI moves:3/236
((((((((((((((((((((((((T164,T182),T162),(T99,T11)),T135),(T43,T42)),(T134,T144)),T40),(((((T3,T142),T119),T111),T32),((T1,T173),T41))),((T148,T124),T102)),((T66,T139),(T143,T88))),((((T96,T190),T44),T69),((T93,T59),(T55,T159)))),(((((T193,T178),T188),(T180,T49)),T10),(((T90,T153),((T72,T35),T187)),(T50,T132)))),((((((((((T54,(T160,T13)),((T152,T24),(T45,T147))),T31),(T82,(T87,T58))),T122),(((T118,T37),T150),(((T8,T25),(T12,T5)),T108))),((((((T115,T165),(T74,T17)),T136),T163),((T2,T181),T60)),(T39,T48))),(((T145,T112),(T168,T105)),((T149,T52),T21))),((T176,T114),((T47,T199),T183))),T68)),((((T103,T120),T106),T156),(T36,T172))),(((((((((((T123,T46),(T85,T158)),T29),((T61,(T179,T194)),(T200,T80))),T70),(((T83,T189),T138),T22)),((((T175,T157),(T192,T15)),T104),(T169,T121))),(T100,(T16,T51))),((T71,T92),(T128,T9))),T0),((((T196,T77),T62),T14),T155))),(((((((((T86,T198),T56),(T151,(T109,T26))),T81),((T95,T185),T6)),(((T53,T154),T20),(T110,T4))),(T98,((((T166,T127),(T30,(T101,T133))),T186),T140))),((((T84,T23),T195),(T171,T79)),T76)),((((T141,T97),(T19,T89)),(T146,(T177,T67))),((((T197,T191),T161),(T170,T7)),T75)))),T64),(T65,((T57,T130),(T18,T125)))),((T116,(T137,T167)),((((((T126,T117),T174),(T129,T34)),((T33,T78),T73)),(T63,T107)),T38))),(T184,T28)),T27),T94),(T91,T131)),T113);
#NNI moves:0/236
Remaining: 0
#NNI moves:1/236
#NNI moves:1/236
(((((((((((((((((((((((((T26,T109),T151),((T86,T198),T56)),T81),((T95,T185),T6)),(((T53,T154),T20),(T110,T4))),(((((T127,T166),((T133,T101),T30)),T186),T140),T98)),(((T171,T79),((T23,T84),T195)),T76)),((((T97,T141),(T89,T19)),((T177,T67),T146)),(((T7,T170),((T191,T197),T161)),T75))),(((((((((T129,T34),((T126,T117),T174)),(T73,(T78,T33))),(T63,T107)),T38),(T116,(T137,T167))),(((((T91,T131),T113),T94),T27),(T184,T28))),(((T130,T57),(T125,T18)),T65)),T64)),((((((((((T80,T200),((T194,T179),T61)),(((T85,T158),(T123,T46)),T29)),T70),(((T83,T189),T138),T22)),((T121,T169),(((T15,T192),(T175,T157)),T104))),((T51,T16),T100)),((T128,T9),(T71,T92))),T0),(((T62,(T196,T77)),T14),T155))),((((T103,T120),T106),T156),(T36,T172))),((((((((((T115,T165),(T17,T74)),T136),T163),((T2,T181),T60)),(T39,T48)),(((((T25,T8),(T5,T12)),T108),((T118,T37),T150)),((((((T160,T13),T54),((T24,T152),(T45,T147))),T31),((T58,T87),T82)),T122))),(((T145,T112),(T105,T168)),((T52,T149),T21))),((T176,T114),(T183,(T47,T199)))),T68)),((((T188,(T193,T178)),(T180,T49)),T10),(((T153,T90),((T72,T35),T187)),(T132,T50)))),(((T59,T93),(T55,T159)),((T44,(T96,T190)),T69))),((T139,T66),(T88,T143))),(T102,(T148,T124))),(((((T142,T3),T119),T111),T32),(T41,(T1,T173)))),T40),(T144,T134)),(T42,T43)),T135),(T99,T11)),(T164,T182)),T162);
#NNI moves:0/236
Remaining: 0
#NNI moves:1/236
#NNI moves:1/236
((((((((((((((((((((((T115,T165),(T74,T17)),T136),T163),((T181,T2),T60)),(T39,T48)),(((((((T160,T13),T54),((T152,T24),(T45,T147))),T31),((T87,T58),T82)),T122),((((T8,T25),(T5,T12)),T108),(T150,(T118,T37))))),(((T145,T112),(T105,T168)),(T21,(T149,T52)))),(((T47,T199),T183),(T176,T114))),T68),((((((((((T142,T3),T119),T111),T32),((T173,T1),T41)),(((T134,T144),((((T11,T99),((T164,T182),T162)),T135),(T42,T43))),T40)),((T148,T124),T102)),((T143,T88),(T66,T139))),(((T59,T93),(T55,T159)),(((T190,T96),T44),T69))),(((((T35,T72),T187),(T153,T90)),(T132,T50)),(T10,(((T193,T178),T188),(T180,T49)))))),((T36,T172),(((T120,T103),T106),T156))),(((((((((T157,T175),(T15,T192)),T104),(T121,T169)),((((((T46,T123),(T158,T85)),T29),(((T194,T179),T61),(T200,T80))),T70),(((T189,T83),T138),T22))),((T16,T51),T100)),((T92,T71),(T9,T128))),T0),((T14,((T77,T196),T62)),T155))),(((((T7,T170),((T197,T191),T161)),T75),(((T19,T89),(T97,T141)),((T177,T67),T146))),(((((T110,T4),(T20,(T154,T53))),((T81,((T151,(T26,T109)),((T86,T198),T56))),((T95,T185),T6))),(((T186,((T30,(T101,T133)),(T127,T166))),T140),T98)),((((T23,T84),T195),(T79,T171)),T76)))),T64),(((T57,T130),(T18,T125)),T65)),(((T94,(T113,(T131,T91))),T27),(T184,T28))),((T137,T167),T116)),T38),(((T174,(T117,T126)),(T129,T34)),((T78,T33),T73))),T107),T63);
Current score: 7.73566e+10
Current tree: ((((((((((((((((T115,T165),(T74,T17)),T136),T163),((T181,T2),T60)),(T39,T48)),(((((((T160,T13),T54),((T152,T24),(T45,T147))),T31),((T87,T58),T82)),T122),((((T8,T25),(T5,T12)),T108),(T150,(T118,T37))))),(((T145,T112),(T105,T168)),(T21,(T149,T52)))),(((T47,T199),T183),(T176,T114))),T68),((((((((((T142,T3),T119),T111),T32),((T173,T1),T41)),(((T134,T144),((((T11,T99),((T164,T182),T162)),T135),(T42,T43))),T40)),((T148,T124),T102)),((T143,T88),(T66,T139))),(((T59,T93),(T55,T159)),(((T190,T96),T44),T69))),(((((T35,T72),T187),(T153,T90)),(T132,T50)),(T10,(((T193,T178),T188),(T180,T49)))))),((T36,T172),(((T120,T103),T106),T156))),(((((((((T157,T175),(T15,T192)),T104),(T121,T169)),((((((T46,T123),(T158,T85)),T29),(((T194,T179),T61),(T200,T80))),T70),(((T189,T83),T138),T22))),((T16,T51),T100)),((T92,T71),(T9,T128))),T0),((T14,((T77,T196),T62)),T155))),(((((T7,T170),((T197,T191),T161)),T75),(((T19,T89),(T97,T141)),((T177,T67),T146))),(((((T110,T4),(T20,(T154,T53))),((T81,((T151,(T26,T109)),((T86,T198),T56))),((T95,T185),T6))),(((T186,((T30,(T101,T133)),(T127,T166))),T140),T98)),((((T23,T84),T195),(T79,T171)),T76)))),((((T57,T130),(T18,T125)),T65),((((T94,(T113,(T131,T91))),T27),(T184,T28)),(((T137,T167),T116),(T38,((((T174,(T117,T126)),(T129,T34)),((T78,T33),T73)),(T107,T63))))))),T64);
Final Tree: ((((((((((((((((T115,T165),(T74,T17)),T136),T163),((T181,T2),T60)),(T39,T48)),(((((((T160,T13),T54),((T152,T24),(T45,T147))),T31),((T87,T58),T82)),T122),((((T8,T25),(T5,T12)),T108),(T150,(T118,T37))))),(((T145,T112),(T105,T168)),(T21,(T149,T52)))),(((T47,T199),T183),(T176,T114))),T68),((((((((((T142,T3),T119),T111),T32),((T173,T1),T41)),(((T134,T144),((((T11,T99),((T164,T182),T162)),T135),(T42,T43))),T40)),((T148,T124),T102)),((T143,T88),(T66,T139))),(((T59,T93),(T55,T159)),(((T190,T96),T44),T69))),(((((T35,T72),T187),(T153,T90)),(T132,T50)),(T10,(((T193,T178),T188),(T180,T49)))))),((T36,T172),(((T120,T103),T106),T156))),(((((((((T157,T175),(T15,T192)),T104),(T121,T169)),((((((T46,T123),(T158,T85)),T29),(((T194,T179),T61),(T200,T80))),T70),(((T189,T83),T138),T22))),((T16,T51),T100)),((T92,T71),(T9,T128))),T0),((T14,((T77,T196),T62)),T155))),(((((T7,T170),((T197,T191),T161)),T75),(((T19,T89),(T97,T141)),((T177,T67),T146))),(((((T110,T4),(T20,(T154,T53))),((T81,((T151,(T26,T109)),((T86,T198),T56))),((T95,T185),T6))),(((T186,((T30,(T101,T133)),(T127,T166))),T140),T98)),((((T23,T84),T195),(T79,T171)),T76)))),((((T57,T130),(T18,T125)),T65),((((T94,(T113,(T131,T91))),T27),(T184,T28)),(((T137,T167),T116),(T38,((((T174,(T117,T126)),(T129,T34)),((T78,T33),T73)),(T107,T63))))))),T64);
Score: 7.735662235e+10

real	0m51.874s
user	17m39.052s
sys	0m14.985s
