
RAxML-NG v. 1.1.0-master released on 04.08.2022 by The Exelixis Lab.
Developed by: Alexey M. Kozlov and Alexandros Stamatakis.
Contributors: Diego Darriba, Tomas Flouri, Benoit Morel, Sarah Lutteropp, Ben Bettisworth.
Latest version: https://github.com/amkozlov/raxml-ng
Questions/problems/suggestions? Please visit: https://groups.google.com/forum/#!forum/raxml

System: AMD EPYC 7742 64-Core Processor, 128 cores, 251 GB RAM

RAxML-NG was called at 26-Dec-2022 16:51:19 as follows:

/home/chaos/programs/raxml-ng/raxml-ng/bin/raxml-ng --msa data/alignment/3_1X_S201_0_haploid --tree pars{1} --model GTR+G --threads 64

Analysis options:
  run mode: ML tree search
  start tree(s): parsimony (1)
  random seed: 1672102279
  tip-inner: OFF
  pattern compression: ON
  per-rate scalers: OFF
  site repeats: ON
  fast spr radius: AUTO
  spr subtree cutoff: 1.000000
  branch lengths: proportional (ML estimate, algorithm: NR-FAST)
  SIMD kernels: AVX2
  parallelization: coarse-grained (auto), PTHREADS (64 threads), thread pinning: OFF

[00:00:00] Reading alignment from file: data/alignment/3_1X_S201_0_haploid
[00:00:03] Loaded alignment with 201 taxa and 5000000 sites

Alignment comprises 1 partitions and 3198226 patterns

Partition 0: noname
Model: GTR+FO+G4m
Alignment sites / patterns: 5000000 / 3198226
Gaps: 0.00 %
Invariant sites: 17.68 %


NOTE: Binary MSA file created: data/alignment/3_1X_S201_0_haploid.raxml.rba

Parallelization scheme autoconfig: 1 worker(s) x 64 thread(s)

Parallel reduction/worker buffer size: 1 KB  / 0 KB

[00:00:22] Generating 1 parsimony starting tree(s) with 201 taxa
[00:00:46] Data distribution: max. partitions/sites/weight per thread: 1 / 49973 / 799568
[00:00:46] Data distribution: max. searches per worker: 1

Starting ML tree search with 1 distinct starting trees

[00:00:47 -167112977.155905] Initial branch length optimization
[00:02:08 -148933750.175091] Model parameter optimization (eps = 10.000000)
[00:08:20 -142114065.674060] AUTODETECT spr round 1 (radius: 5)
[00:13:50 -142021776.338924] AUTODETECT spr round 2 (radius: 10)
[00:31:06 -142021776.327309] SPR radius for FAST iterations: 5 (autodetect)
[00:31:07 -142021776.327309] Model parameter optimization (eps = 3.000000)
[00:31:20 -142021776.065499] FAST spr round 1 (radius: 5)
[00:42:07 -142016625.712020] FAST spr round 2 (radius: 5)
[00:51:26 -142015598.997832] FAST spr round 3 (radius: 5)
[01:01:05 -142015152.079591] FAST spr round 4 (radius: 5)
[01:11:03 -142014877.360014] FAST spr round 5 (radius: 5)
[01:20:35 -142014641.546626] FAST spr round 6 (radius: 5)
[01:29:59 -142014641.546626] Model parameter optimization (eps = 1.000000)
[01:30:17 -142014641.099382] SLOW spr round 1 (radius: 5)
[02:00:22 -142014590.862905] SLOW spr round 2 (radius: 5)
[02:27:42 -142014590.860528] SLOW spr round 3 (radius: 10)
[02:57:32 -142014590.860227] SLOW spr round 4 (radius: 15)
[03:48:29 -142014590.860159] SLOW spr round 5 (radius: 20)
[04:27:14 -142014590.860117] SLOW spr round 6 (radius: 25)
[04:35:19 -142014590.860115] Model parameter optimization (eps = 0.100000)

[04:35:50] ML tree search #1, logLikelihood: -142014590.694753


Optimized model parameters:

   Partition 0: noname
   Rate heterogeneity: GAMMA (4 cats, mean),  alpha: 0.839854 (ML),  weights&rates: (0.250000,0.104007) (0.250000,0.422698) (0.250000,0.967414) (0.250000,2.505881) 
   Base frequencies (ML): 0.287750 0.287309 0.244167 0.180774 
   Substitution rates (ML): 2.617981 5.253630 0.615210 0.936248 5.067456 1.000000 


Final LogLikelihood: -142014590.694753

AIC score: 284029997.389507 / AICc score: 284029997.456261 / BIC score: 284035474.768483
Free parameters (model + branch lengths): 408

Best ML tree saved to: /expanse/lustre/projects/uot138/chaos/ASTERISK-sim/data/alignment/3_1X_S201_0_haploid.raxml.bestTree
Optimized model saved to: /expanse/lustre/projects/uot138/chaos/ASTERISK-sim/data/alignment/3_1X_S201_0_haploid.raxml.bestModel

Execution log saved to: /expanse/lustre/projects/uot138/chaos/ASTERISK-sim/data/alignment/3_1X_S201_0_haploid.raxml.log

Analysis started: 26-Dec-2022 16:51:19 / finished: 26-Dec-2022 21:27:11

Elapsed time: 16551.560 seconds

Consumed energy: 1906.996 Wh (= 10 km in an electric car, or 48 km with an e-scooter!)

