
RAxML-NG v. 1.1.0-master released on 04.08.2022 by The Exelixis Lab.
Developed by: Alexey M. Kozlov and Alexandros Stamatakis.
Contributors: Diego Darriba, Tomas Flouri, Benoit Morel, Sarah Lutteropp, Ben Bettisworth.
Latest version: https://github.com/amkozlov/raxml-ng
Questions/problems/suggestions? Please visit: https://groups.google.com/forum/#!forum/raxml

System: AMD EPYC 7742 64-Core Processor, 128 cores, 251 GB RAM

RAxML-NG was called at 26-Dec-2022 20:48:35 as follows:

/home/chaos/programs/raxml-ng/raxml-ng/bin/raxml-ng --msa data/alignment/40_1X_S201_0_haploid --tree pars{1} --model GTR+G --threads 64

Analysis options:
  run mode: ML tree search
  start tree(s): parsimony (1)
  random seed: 1672116515
  tip-inner: OFF
  pattern compression: ON
  per-rate scalers: OFF
  site repeats: ON
  fast spr radius: AUTO
  spr subtree cutoff: 1.000000
  branch lengths: proportional (ML estimate, algorithm: NR-FAST)
  SIMD kernels: AVX2
  parallelization: coarse-grained (auto), PTHREADS (64 threads), thread pinning: OFF

[00:00:00] Reading alignment from file: data/alignment/40_1X_S201_0_haploid
[00:00:03] Loaded alignment with 201 taxa and 5000000 sites

Alignment comprises 1 partitions and 3967689 patterns

Partition 0: noname
Model: GTR+FO+G4m
Alignment sites / patterns: 5000000 / 3967689
Gaps: 0.00 %
Invariant sites: 3.24 %


NOTE: Binary MSA file created: data/alignment/40_1X_S201_0_haploid.raxml.rba

Parallelization scheme autoconfig: 1 worker(s) x 64 thread(s)

Parallel reduction/worker buffer size: 1 KB  / 0 KB

[00:00:22] Generating 1 parsimony starting tree(s) with 201 taxa
[00:00:51] Data distribution: max. partitions/sites/weight per thread: 1 / 61996 / 991936
[00:00:51] Data distribution: max. searches per worker: 1

Starting ML tree search with 1 distinct starting trees

[00:00:53 -149544605.073354] Initial branch length optimization
[00:03:44 -135669315.805056] Model parameter optimization (eps = 10.000000)
[00:10:14 -127443767.561803] AUTODETECT spr round 1 (radius: 5)
[00:16:47 -127408004.953978] AUTODETECT spr round 2 (radius: 10)
[00:38:41 -127408004.953978] SPR radius for FAST iterations: 5 (autodetect)
[00:38:41 -127408004.953978] Model parameter optimization (eps = 3.000000)
[00:39:23 -127407998.401176] FAST spr round 1 (radius: 5)
[00:49:17 -127406926.514118] FAST spr round 2 (radius: 5)
[00:59:06 -127406509.935355] FAST spr round 3 (radius: 5)
[01:09:28 -127406509.935355] Model parameter optimization (eps = 1.000000)
[01:09:43 -127406509.882545] SLOW spr round 1 (radius: 5)
[01:43:49 -127406509.882545] SLOW spr round 2 (radius: 10)
[02:22:42 -127406509.882545] SLOW spr round 3 (radius: 15)
[03:27:38 -127406509.882545] SLOW spr round 4 (radius: 20)
[04:18:38 -127406509.882545] SLOW spr round 5 (radius: 25)
[04:34:02 -127406509.882545] Model parameter optimization (eps = 0.100000)

[04:34:18] ML tree search #1, logLikelihood: -127406509.830979


Optimized model parameters:

   Partition 0: noname
   Rate heterogeneity: GAMMA (4 cats, mean),  alpha: 9.660162 (ML),  weights&rates: (0.250000,0.625722) (0.250000,0.868210) (0.250000,1.073031) (0.250000,1.433037) 
   Base frequencies (ML): 0.273922 0.177874 0.309767 0.238437 
   Substitution rates (ML): 2.928595 8.852047 2.523483 2.323900 13.733343 1.000000 


Final LogLikelihood: -127406509.830979

AIC score: 254813835.661958 / AICc score: 254813835.728713 / BIC score: 254819313.040934
Free parameters (model + branch lengths): 408

Best ML tree saved to: /expanse/lustre/projects/uot138/chaos/ASTERISK-sim/data/alignment/40_1X_S201_0_haploid.raxml.bestTree
Optimized model saved to: /expanse/lustre/projects/uot138/chaos/ASTERISK-sim/data/alignment/40_1X_S201_0_haploid.raxml.bestModel

Execution log saved to: /expanse/lustre/projects/uot138/chaos/ASTERISK-sim/data/alignment/40_1X_S201_0_haploid.raxml.log

Analysis started: 26-Dec-2022 20:48:35 / finished: 27-Dec-2022 01:22:55

Elapsed time: 16460.050 seconds

Consumed energy: 1826.606 Wh (= 9 km in an electric car, or 46 km with an e-scooter!)

