Weighted ASTRAL - Hybrid
Version: v1.13.2.3
#Genetrees: 2000
#Species: 201
#Rounds: 4
#Samples: 4
#Threads: 32
Use two-step algorithm!
Guide Tree 0/27
#NNI moves:0/236
Guide Tree 1/27
#NNI moves:0/236
Guide Tree 2/27
#NNI moves:0/236
Guide Tree 3/27
#NNI moves:0/236
Guide Tree 4/27
#NNI moves:0/236
Guide Tree 5/27
#NNI moves:0/236
Guide Tree 6/27
#NNI moves:0/236
Guide Tree 7/27
#NNI moves:0/236
Guide Tree 8/27
#NNI moves:0/236
Guide Tree 9/27
#NNI moves:0/236
Guide Tree 10/27
#NNI moves:0/236
Guide Tree 11/27
#NNI moves:0/236
Guide Tree 12/27
#NNI moves:0/236
Guide Tree 13/27
#NNI moves:0/236
Guide Tree 14/27
#NNI moves:0/236
Guide Tree 15/27
#NNI moves:0/236
Guide Tree 16/27
#NNI moves:0/236
Guide Tree 17/27
#NNI moves:0/236
Guide Tree 18/27
#NNI moves:0/236
Guide Tree 19/27
#NNI moves:0/236
Guide Tree 20/27
#NNI moves:0/236
Guide Tree 21/27
#NNI moves:0/236
Guide Tree 22/27
#NNI moves:0/236
Guide Tree 23/27
#NNI moves:0/236
Guide Tree 24/27
#NNI moves:0/236
Guide Tree 25/27
#NNI moves:0/236
Guide Tree 26/27
#NNI moves:0/236
Remaining: 0
#NNI moves:0/236
#NNI moves:0/236
((((((((((((((((((((((T90,T108),T80),T96),T42),((T43,T27),T165)),(((T38,T8),T190),(((T136,T91),T105),T185))),(T133,T60)),((T70,T193),T172)),((((((((T41,T130),(T28,T115)),((T17,T122),T125)),T23),((((T154,T157),T160),T151),T121)),((T12,T50),T84)),(((T104,T111),T61),T149)),(T35,T179))),(((((T150,T34),(T79,T10)),(((T198,T159),T102),(T19,T54))),(T187,T135)),((((T142,T73),T127),T134),(((T109,T173),T162),T31)))),((((T161,T182),T67),T33),(((((T59,(T113,T176)),((T66,T87),T46)),T197),((T117,T200),T137)),(((T132,T51),T110),T163)))),((((((((T181,((((T89,T24),T171),T147),T103)),T148),T140),T168),T174),(T55,(T82,T20))),T186),((((T143,T141),T177),T13),T65))),(((T93,T36),T56),(T99,T131))),(((((((T188,T146),(((T64,(T40,T71)),T86),T4)),(((((((T118,T191),(T120,T29)),T11),(T97,T156)),((((T25,T152),T5),T53),(T81,T167))),(T92,T184)),T144)),(T107,((T32,(T85,T164)),(T129,((T158,T72),T14))))),((((T175,T119),T192),T39),(T95,(T1,T100)))),((((T194,T52),((T6,T68),(T139,T180))),((T15,T45),T189)),T155)),((((T21,T78),(T16,T128)),T94),((T30,T49),T145)))),T0),(T69,(((((T7,T63),(T83,T112)),((T47,T178),T22)),(T3,(((T88,T44),T37),T62))),T116))),(((((T183,T9),T124),(T74,(T26,T98))),(T77,T169)),((T153,T58),(T75,T195)))),(((T48,T166),((T123,T76),T114)),((T106,T57),T199))),(((T2,T170),T138),T18)),T196),T101),T126);
Guide Tree 0/27
#NNI moves:0/236
Guide Tree 1/27
#NNI moves:0/236
Guide Tree 2/27
#NNI moves:0/236
Guide Tree 3/27
#NNI moves:0/236
Guide Tree 4/27
#NNI moves:0/236
Guide Tree 5/27
#NNI moves:0/236
Guide Tree 6/27
#NNI moves:0/236
Guide Tree 7/27
#NNI moves:0/236
Guide Tree 8/27
#NNI moves:0/236
Guide Tree 9/27
#NNI moves:0/236
Guide Tree 10/27
#NNI moves:0/236
Guide Tree 11/27
#NNI moves:0/236
Guide Tree 12/27
#NNI moves:0/236
Guide Tree 13/27
#NNI moves:0/236
Guide Tree 14/27
#NNI moves:0/236
Guide Tree 15/27
#NNI moves:0/236
Guide Tree 16/27
#NNI moves:0/236
Guide Tree 17/27
#NNI moves:0/236
Guide Tree 18/27
#NNI moves:0/236
Guide Tree 19/27
#NNI moves:0/236
Guide Tree 20/27
#NNI moves:0/236
Guide Tree 21/27
#NNI moves:0/236
Guide Tree 22/27
#NNI moves:0/236
Guide Tree 23/27
#NNI moves:0/236
Guide Tree 24/27
#NNI moves:0/236
Guide Tree 25/27
#NNI moves:0/236
Guide Tree 26/27
#NNI moves:0/236
Remaining: 0
#NNI moves:0/236
#NNI moves:0/236
((((((((((((((((((((T105,(T136,T91)),T185),((T8,T38),T190)),(((((T90,T108),T80),T96),T42),((T27,T43),T165))),(T133,T60)),((T193,T70),T172)),((((((((T41,T130),(T28,T115)),(T125,(T17,T122))),T23),(((T160,(T157,T154)),T151),T121)),(T84,(T12,T50))),(((T104,T111),T61),T149)),(T179,T35))),(((((T79,T10),(T34,T150)),(((T159,T198),T102),(T54,T19))),(T135,T187)),((((T142,T73),T127),T134),(T31,(T162,(T109,T173)))))),((((T182,T161),T67),T33),((((T200,T117),T137),(((T46,(T87,T66)),((T113,T176),T59)),T197)),(((T51,T132),T110),T163)))),(((((((T148,(T181,((T147,(T171,(T24,T89))),T103))),T140),T168),T174),((T82,T20),T55)),T186),((T13,((T141,T143),T177)),T65))),((T99,T131),((T36,T93),T56))),((((((((((((T120,T29),(T191,T118)),T11),(T156,T97)),((((T25,T152),T5),T53),(T167,T81))),(T184,T92)),T144),((T188,T146),(T4,(T86,((T40,T71),T64))))),(((((T158,T72),T14),T129),((T85,T164),T32)),T107)),(((T100,T1),T95),(((T175,T119),T192),T39))),(((T189,(T15,T45)),((T52,T194),((T139,T180),(T6,T68)))),T155)),((((T16,T128),(T21,T78)),T94),(T145,(T30,T49))))),T0),(((((((T88,T44),T37),T62),T3),((T22,(T178,T47)),((T112,T83),(T7,T63)))),T116),T69)),(((((T183,T9),T124),((T26,T98),T74)),(T169,T77)),((T75,T195),(T58,T153)))),(((T48,T166),((T76,T123),T114)),(T199,(T106,T57)))),(((T2,T170),T138),T18)),T196),T101),T126);
Guide Tree 0/27
#NNI moves:0/236
Guide Tree 1/27
#NNI moves:0/236
Guide Tree 2/27
#NNI moves:0/236
Guide Tree 3/27
#NNI moves:0/236
Guide Tree 4/27
#NNI moves:0/236
Guide Tree 5/27
#NNI moves:0/236
Guide Tree 6/27
#NNI moves:0/236
Guide Tree 7/27
#NNI moves:0/236
Guide Tree 8/27
#NNI moves:0/236
Guide Tree 9/27
#NNI moves:0/236
Guide Tree 10/27
#NNI moves:0/236
Guide Tree 11/27
#NNI moves:0/236
Guide Tree 12/27
#NNI moves:0/236
Guide Tree 13/27
#NNI moves:0/236
Guide Tree 14/27
#NNI moves:0/236
Guide Tree 15/27
#NNI moves:0/236
Guide Tree 16/27
#NNI moves:0/236
Guide Tree 17/27
#NNI moves:0/236
Guide Tree 18/27
#NNI moves:0/236
Guide Tree 19/27
#NNI moves:0/236
Guide Tree 20/27
#NNI moves:0/236
Guide Tree 21/27
#NNI moves:0/236
Guide Tree 22/27
#NNI moves:0/236
Guide Tree 23/27
#NNI moves:0/236
Guide Tree 24/27
#NNI moves:0/236
Guide Tree 25/27
#NNI moves:0/236
Guide Tree 26/27
#NNI moves:0/236
Remaining: 0
#NNI moves:3/236
#NNI moves:3/236
(((((((((((((((((((T185,((T91,T136),T105)),(T190,(T38,T8))),(((T43,T27),T165),(T42,(((T90,T108),T80),T96)))),(T133,T60)),((T70,T193),T172)),((((((((T130,T41),(T115,T28)),((T122,T17),T125)),T23),(T121,((T160,(T154,T157)),T151))),((T12,T50),T84)),(((T111,T104),T61),T149)),(T179,T35))),(((((T19,T54),((T159,T198),T102)),((T34,T150),(T79,T10))),(T187,T135)),(((T127,(T142,T73)),T134),(((T109,T173),T162),T31)))),((((T110,(T132,T51)),T163),(((T117,T200),T137),((((T87,T66),T46),(T59,(T176,T113))),T197))),((T67,(T161,T182)),T33))),((((T174,((T140,((T181,(((T171,(T24,T89)),T147),T103)),T148)),T168)),(T55,(T82,T20))),T186),(((T177,(T141,T143)),T13),T65))),(((T93,T36),T56),(T99,T131))),((((((((((T11,((T120,T29),(T191,T118))),(T156,T97)),((T81,T167),(((T25,T152),T5),T53))),(T184,T92)),T144),((((T64,(T40,T71)),T86),T4),(T188,T146))),((((T164,T85),T32),((T14,(T158,T72)),T129)),T107)),((((T175,T119),T192),T39),((T100,T1),T95))),(((((T68,T6),(T180,T139)),(T52,T194)),(T189,(T15,T45))),T155)),(((T49,T30),T145),(((T78,T21),(T16,T128)),T94)))),T0),(T69,(T116,(((((T88,T44),T37),T62),T3),(((T47,T178),T22),((T7,T63),(T83,T112))))))),(((((T9,T183),T124),((T26,T98),T74)),(T169,T77)),((T75,T195),(T58,T153)))),((((T123,T76),T114),(T166,T48)),((T106,T57),T199))),(T18,(T138,(T170,T2)))),T196),T101),T126);
Guide Tree 0/27
#NNI moves:0/236
Guide Tree 1/27
#NNI moves:0/236
Guide Tree 2/27
#NNI moves:0/236
Guide Tree 3/27
#NNI moves:0/236
Guide Tree 4/27
#NNI moves:0/236
Guide Tree 5/27
#NNI moves:0/236
Guide Tree 6/27
#NNI moves:0/236
Guide Tree 7/27
#NNI moves:0/236
Guide Tree 8/27
#NNI moves:0/236
Guide Tree 9/27
#NNI moves:0/236
Guide Tree 10/27
#NNI moves:0/236
Guide Tree 11/27
#NNI moves:0/236
Guide Tree 12/27
#NNI moves:0/236
Guide Tree 13/27
#NNI moves:0/236
Guide Tree 14/27
#NNI moves:0/236
Guide Tree 15/27
#NNI moves:0/236
Guide Tree 16/27
#NNI moves:0/236
Guide Tree 17/27
#NNI moves:0/236
Guide Tree 18/27
#NNI moves:0/236
Guide Tree 19/27
#NNI moves:0/236
Guide Tree 20/27
#NNI moves:0/236
Guide Tree 21/27
#NNI moves:0/236
Guide Tree 22/27
#NNI moves:0/236
Guide Tree 23/27
#NNI moves:0/236
Guide Tree 24/27
#NNI moves:0/236
Guide Tree 25/27
#NNI moves:0/236
Guide Tree 26/27
#NNI moves:0/236
Remaining: 0
#NNI moves:3/236
#NNI moves:3/236
((((((((((((((((((((((T154,T157),T160),T151),T121),((((T122,T17),T125),((T130,T41),(T28,T115))),T23)),((T12,T50),T84)),(T149,(T61,(T104,T111)))),(T35,T179)),((((((T105,(T91,T136)),T185),((T38,T8),T190)),(((T27,T43),T165),((T96,((T108,T90),T80)),T42))),(T133,T60)),((T193,T70),T172))),(((((T54,T19),((T198,T159),T102)),((T34,T150),(T10,T79))),(T187,T135)),(((T162,(T173,T109)),T31),(((T73,T142),T127),T134)))),(((((((T66,T87),T46),((T113,T176),T59)),T197),((T200,T117),T137)),((T110,(T132,T51)),T163)),(T33,((T161,T182),T67)))),(((T13,((T141,T143),T177)),T65),(T186,(((((((T103,(((T24,T89),T171),T147)),T181),T148),T140),T168),T174),(T55,(T20,T82)))))),(((T93,T36),T56),(T99,T131))),((((((((((((T152,T25),T5),T53),(T167,T81)),((((T120,T29),(T118,T191)),T11),(T156,T97))),(T184,T92)),T144),((((T64,(T40,T71)),T86),T4),(T146,T188))),(((T129,((T158,T72),T14)),((T164,T85),T32)),T107)),((((T119,T175),T192),T39),((T100,T1),T95))),((((T15,T45),T189),((T52,T194),((T68,T6),(T139,T180)))),T155)),(((T49,T30),T145),(((T128,T16),(T21,T78)),T94)))),T0),(((((T22,(T178,T47)),((T83,T112),(T63,T7))),((((T44,T88),T37),T62),T3)),T116),T69)),(((T195,T75),(T58,T153)),((((T183,T9),T124),((T98,T26),T74)),(T77,T169)))),(((T48,T166),((T76,T123),T114)),(T199,(T106,T57)))),(T18,((T2,T170),T138))),T196),T101),T126);
Initial score: 6.63396e+10
Initial tree: ((((((((((((((((((((((T154,T157),T160),T151),T121),((((T122,T17),T125),((T130,T41),(T28,T115))),T23)),((T12,T50),T84)),(T149,(T61,(T104,T111)))),(T35,T179)),((((((T105,(T91,T136)),T185),((T38,T8),T190)),(((T27,T43),T165),((T96,((T108,T90),T80)),T42))),(T133,T60)),((T193,T70),T172))),(((((T54,T19),((T198,T159),T102)),((T34,T150),(T10,T79))),(T187,T135)),(((T162,(T173,T109)),T31),(((T73,T142),T127),T134)))),(((((((T66,T87),T46),((T113,T176),T59)),T197),((T200,T117),T137)),((T110,(T132,T51)),T163)),(T33,((T161,T182),T67)))),(((T13,((T141,T143),T177)),T65),(T186,(((((((T103,(((T24,T89),T171),T147)),T181),T148),T140),T168),T174),(T55,(T20,T82)))))),(((T93,T36),T56),(T99,T131))),((((((((((((T152,T25),T5),T53),(T167,T81)),((((T120,T29),(T118,T191)),T11),(T156,T97))),(T184,T92)),T144),((((T64,(T40,T71)),T86),T4),(T146,T188))),(((T129,((T158,T72),T14)),((T164,T85),T32)),T107)),((((T119,T175),T192),T39),((T100,T1),T95))),((((T15,T45),T189),((T52,T194),((T68,T6),(T139,T180)))),T155)),(((T49,T30),T145),(((T128,T16),(T21,T78)),T94)))),T0),(((((T22,(T178,T47)),((T83,T112),(T63,T7))),((((T44,T88),T37),T62),T3)),T116),T69)),(((T195,T75),(T58,T153)),((((T183,T9),T124),((T98,T26),T74)),(T77,T169)))),(((T48,T166),((T76,T123),T114)),(T199,(T106,T57)))),(T18,((T2,T170),T138))),T196),T101),T126);
*** Subsample Process ***
Use two-step algorithm!
#NNI moves:0/236
Remaining: 0
#NNI moves:1/236
#NNI moves:1/236
(((((((((((((((((((((((((((T25,T152),T5),T53),(T167,T81)),((T97,T156),(((T120,T29),(T118,T191)),T11))),(T184,T92)),T144),(((T86,((T71,T40),T64)),T4),(T146,T188))),(((((T158,T72),T14),T129),(T32,(T164,T85))),T107)),(((T192,(T119,T175)),T39),((T1,T100),T95))),(((((T139,T180),(T68,T6)),(T194,T52)),((T15,T45),T189)),T155)),(((T30,T49),T145),(((T16,T128),(T78,T21)),T94))),((((((((T26,T98),T74),((T9,T183),T124)),(T77,T169)),((T75,T195),(T58,T153))),((((T101,T126),T196),(T18,(T138,(T170,T2)))),((((T76,T123),T114),(T48,T166)),(T199,(T57,T106))))),(T69,((((T62,((T44,T88),T37)),T3),(((T112,T83),(T7,T63)),(T22,(T47,T178)))),T116))),T0)),((T56,(T36,T93)),(T131,T99))),((T186,((((((((T147,(T171,(T24,T89))),T103),T181),T148),T140),T168),T174),(T55,(T20,T82)))),(((T177,(T141,T143)),T13),T65))),((((((T46,(T66,T87)),(T59,(T176,T113))),T197),((T200,T117),T137)),(((T132,T51),T110),T163)),(((T161,T182),T67),T33))),((((((T198,T159),T102),(T19,T54)),((T79,T10),(T34,T150))),(T187,T135)),(((T162,(T173,T109)),T31),((T127,(T142,T73)),T134)))),((((((T43,T27),T165),((((T90,T108),T80),T96),T42)),(((T38,T8),T190),((T105,(T136,T91)),T185))),(T133,T60)),((T193,T70),T172))),(T35,T179)),(((T104,T111),T61),T149)),((T50,T12),T84)),((T151,((T154,T157),T160)),T121)),T23),((T130,T41),(T115,T28))),T125),T17),T122);
#NNI moves:0/236
Remaining: 0
#NNI moves:0/236
#NNI moves:0/236
(((((((((((((((((((((T136,T91),T105),T185),((T8,T38),T190)),((((T80,(T90,T108)),T96),T42),((T43,T27),T165))),(T133,T60)),((T70,T193),T172)),((((((T151,((T157,T154),T160)),T121),(T23,(((T130,T41),(T115,T28)),(T125,(T122,T17))))),(T84,(T12,T50))),((T61,(T104,T111)),T149)),(T179,T35))),(((((T150,T34),(T10,T79)),((T102,(T198,T159)),(T54,T19))),(T135,T187)),((((T142,T73),T127),T134),(((T109,T173),T162),T31)))),(((((T200,T117),T137),(((T46,(T66,T87)),((T176,T113),T59)),T197)),(((T132,T51),T110),T163)),(T33,((T182,T161),T67)))),((((((((((((T24,T89),T171),T147),T103),T181),T148),T140),T168),T174),(T55,(T20,T82))),T186),((((T143,T141),T177),T13),T65))),((T131,T99),((T93,T36),T56))),((((((((((T53,((T25,T152),T5)),(T167,T81)),((((T191,T118),(T120,T29)),T11),(T156,T97))),(T184,T92)),T144),(((((T71,T40),T64),T86),T4),(T188,T146))),(((((T158,T72),T14),T129),(T32,(T85,T164))),T107)),(((T192,(T175,T119)),T39),((T1,T100),T95))),(((((T180,T139),(T6,T68)),(T194,T52)),((T45,T15),T189)),T155)),((((T128,T16),(T78,T21)),T94),((T49,T30),T145)))),T0),((((((T7,T63),(T112,T83)),(T22,(T178,T47))),(T3,(((T88,T44),T37),T62))),T116),T69)),(((((T98,T26),T74),((T183,T9),T124)),(T77,T169)),((T195,T75),(T58,T153)))),(((T114,(T123,T76)),(T48,T166)),((T106,T57),T199))),((T138,(T170,T2)),T18)),T196),T126),T101);
#NNI moves:0/236
Remaining: 0
#NNI moves:0/236
#NNI moves:0/236
(((((((((((((((((((((T183,T9),T124),((T98,T26),T74)),(T169,T77)),((T153,T58),(T75,T195))),(((((T123,T76),T114),(T166,T48)),((T106,T57),T199)),((T196,(T126,T101)),(((T2,T170),T138),T18)))),((((((T63,T7),(T112,T83)),((T47,T178),T22)),(T3,(((T44,T88),T37),T62))),T116),T69)),T0),((((((((T92,T184),(((T97,T156),(((T191,T118),(T120,T29)),T11)),((T81,T167),(T53,(T5,(T152,T25)))))),T144),((T4,(T86,(T64,(T71,T40)))),(T146,T188))),(T107,((((T158,T72),T14),T129),(T32,(T85,T164))))),(((T100,T1),T95),(((T175,T119),T192),T39))),(((T189,(T15,T45)),((T194,T52),((T68,T6),(T139,T180)))),T155)),((T145,(T30,T49)),(((T16,T128),(T78,T21)),T94)))),(((T36,T93),T56),(T131,T99))),((((((((((((T24,T89),T171),T147),T103),T181),T148),T140),T168),T174),((T82,T20),T55)),T186),((((T141,T143),T177),T13),T65))),(((T163,(T110,(T132,T51))),((((T59,(T113,T176)),((T87,T66),T46)),T197),(T137,(T200,T117)))),(((T182,T161),T67),T33))),(((((T102,(T198,T159)),(T19,T54)),((T150,T34),(T79,T10))),(T135,T187)),(((T162,(T173,T109)),T31),(((T142,T73),T127),T134)))),((((((((T41,T130),(T28,T115)),((T17,T122),T125)),T23),((T151,((T154,T157),T160)),T121)),(T84,(T12,T50))),(((T104,T111),T61),T149)),(T35,T179))),(T172,(T193,T70))),(T60,T133)),(((T8,T38),T190),(((T136,T91),T105),T185))),((((T108,T90),T80),T96),T42)),T165),T43),T27);
#NNI moves:1/236
Remaining: 0
#NNI moves:4/236
#NNI moves:4/236
(((((((((((((((T163,(T110,(T132,T51))),(((((T66,T87),T46),((T176,T113),T59)),T197),(T137,(T200,T117)))),(((T182,T161),T67),T33)),(((((T70,T193),T172),(((((T43,T27),T165),((((T108,T90),T80),T96),T42)),(((T105,(T91,T136)),T185),(T190,(T38,T8)))),(T60,T133))),((((T84,(T12,T50)),((T121,((T160,(T154,T157)),T151)),((((T115,T28),(T130,T41)),(T125,(T17,T122))),T23))),((T61,(T111,T104)),T149)),(T179,T35))),(((((T102,(T159,T198)),(T54,T19)),((T79,T10),(T150,T34))),(T187,T135)),((T31,((T173,T109),T162)),(T134,(T127,(T73,T142))))))),(((((T20,T82),T55),(((((((T147,((T24,T89),T171)),T103),T181),T148),T140),T168),T174)),T186),((T13,((T143,T141),T177)),T65))),((T131,T99),((T36,T93),T56))),((((((((T92,T184),(((((T120,T29),(T191,T118)),T11),(T97,T156)),(((T5,(T152,T25)),T53),(T81,T167)))),T144),((T4,((T64,(T71,T40)),T86)),(T188,T146))),(((T32,(T85,T164)),(((T72,T158),T14),T129)),T107)),((T95,(T1,T100)),(((T119,T175),T192),T39))),((((T194,T52),((T68,T6),(T180,T139))),(T189,(T45,T15))),T155)),((((T21,T78),(T16,T128)),T94),((T49,T30),T145)))),T0),((((((T112,T83),(T63,T7)),(T22,(T178,T47))),((T62,((T88,T44),T37)),T3)),T116),T69)),(((T75,T195),(T153,T58)),(((T74,(T98,T26)),((T183,T9),T124)),(T77,T169)))),((((T123,T76),T114),(T166,T48)),(T199,(T106,T57)))),((T138,(T170,T2)),T18)),T196),T126),T101);
Current score: 6.63396e+10
Current tree: (((((((((((((((T163,(T110,(T132,T51))),(((((T66,T87),T46),((T176,T113),T59)),T197),(T137,(T200,T117)))),(((T182,T161),T67),T33)),(((((T70,T193),T172),(((((T43,T27),T165),((((T108,T90),T80),T96),T42)),(((T105,(T91,T136)),T185),(T190,(T38,T8)))),(T60,T133))),((((T84,(T12,T50)),((T121,((T160,(T154,T157)),T151)),((((T115,T28),(T130,T41)),(T125,(T17,T122))),T23))),((T61,(T111,T104)),T149)),(T179,T35))),(((((T102,(T159,T198)),(T54,T19)),((T79,T10),(T150,T34))),(T187,T135)),((T31,((T173,T109),T162)),(T134,(T127,(T73,T142))))))),(((((T20,T82),T55),(((((((T147,((T24,T89),T171)),T103),T181),T148),T140),T168),T174)),T186),((T13,((T143,T141),T177)),T65))),((T131,T99),((T36,T93),T56))),((((((((T92,T184),(((((T120,T29),(T191,T118)),T11),(T97,T156)),(((T5,(T152,T25)),T53),(T81,T167)))),T144),((T4,((T64,(T71,T40)),T86)),(T188,T146))),(((T32,(T85,T164)),(((T72,T158),T14),T129)),T107)),((T95,(T1,T100)),(((T119,T175),T192),T39))),((((T194,T52),((T68,T6),(T180,T139))),(T189,(T45,T15))),T155)),((((T21,T78),(T16,T128)),T94),((T49,T30),T145)))),T0),((((((T112,T83),(T63,T7)),(T22,(T178,T47))),((T62,((T88,T44),T37)),T3)),T116),T69)),(((T75,T195),(T153,T58)),(((T74,(T98,T26)),((T183,T9),T124)),(T77,T169)))),((((T123,T76),T114),(T166,T48)),(T199,(T106,T57)))),((T138,(T170,T2)),T18)),T196),T101),T126);
Final Tree: (((((((((((((((T163,(T110,(T132,T51))),(((((T66,T87),T46),((T176,T113),T59)),T197),(T137,(T200,T117)))),(((T182,T161),T67),T33)),(((((T70,T193),T172),(((((T43,T27),T165),((((T108,T90),T80),T96),T42)),(((T105,(T91,T136)),T185),(T190,(T38,T8)))),(T60,T133))),((((T84,(T12,T50)),((T121,((T160,(T154,T157)),T151)),((((T115,T28),(T130,T41)),(T125,(T17,T122))),T23))),((T61,(T111,T104)),T149)),(T179,T35))),(((((T102,(T159,T198)),(T54,T19)),((T79,T10),(T150,T34))),(T187,T135)),((T31,((T173,T109),T162)),(T134,(T127,(T73,T142))))))),(((((T20,T82),T55),(((((((T147,((T24,T89),T171)),T103),T181),T148),T140),T168),T174)),T186),((T13,((T143,T141),T177)),T65))),((T131,T99),((T36,T93),T56))),((((((((T92,T184),(((((T120,T29),(T191,T118)),T11),(T97,T156)),(((T5,(T152,T25)),T53),(T81,T167)))),T144),((T4,((T64,(T71,T40)),T86)),(T188,T146))),(((T32,(T85,T164)),(((T72,T158),T14),T129)),T107)),((T95,(T1,T100)),(((T119,T175),T192),T39))),((((T194,T52),((T68,T6),(T180,T139))),(T189,(T45,T15))),T155)),((((T21,T78),(T16,T128)),T94),((T49,T30),T145)))),T0),((((((T112,T83),(T63,T7)),(T22,(T178,T47))),((T62,((T88,T44),T37)),T3)),T116),T69)),(((T75,T195),(T153,T58)),(((T74,(T98,T26)),((T183,T9),T124)),(T77,T169)))),((((T123,T76),T114),(T166,T48)),(T199,(T106,T57)))),((T138,(T170,T2)),T18)),T196),T101),T126);
Score: 6.633961075e+10

real	1m9.888s
user	21m54.041s
sys	0m20.816s
