Weighted ASTRAL - Hybrid
Version: v1.13.2.3
#Genetrees: 2000
#Species: 201
#Rounds: 4
#Samples: 4
#Threads: 32
Use two-step algorithm!
Guide Tree 0/27
#NNI moves:0/236
Guide Tree 1/27
#NNI moves:0/236
Guide Tree 2/27
#NNI moves:0/236
Guide Tree 3/27
#NNI moves:0/236
Guide Tree 4/27
#NNI moves:0/236
Guide Tree 5/27
#NNI moves:0/236
Guide Tree 6/27
#NNI moves:0/236
Guide Tree 7/27
#NNI moves:0/236
Guide Tree 8/27
#NNI moves:0/236
Guide Tree 9/27
#NNI moves:0/236
Guide Tree 10/27
#NNI moves:0/236
Guide Tree 11/27
#NNI moves:0/236
Guide Tree 12/27
#NNI moves:0/236
Guide Tree 13/27
#NNI moves:0/236
Guide Tree 14/27
#NNI moves:0/236
Guide Tree 15/27
#NNI moves:0/236
Guide Tree 16/27
#NNI moves:0/236
Guide Tree 17/27
#NNI moves:0/236
Guide Tree 18/27
#NNI moves:0/236
Guide Tree 19/27
#NNI moves:0/236
Guide Tree 20/27
#NNI moves:0/236
Guide Tree 21/27
#NNI moves:0/236
Guide Tree 22/27
#NNI moves:0/236
Guide Tree 23/27
#NNI moves:0/236
Guide Tree 24/27
#NNI moves:0/236
Guide Tree 25/27
#NNI moves:0/236
Guide Tree 26/27
#NNI moves:0/236
Remaining: 2
#NNI moves:3/236
#NNI moves:3/236
(((((((((((((T102,(T164,T50)),(((T53,(T19,T189)),(((((T77,T43),T112),(T81,T111)),T55),((T6,T138),T145))),((T153,(T56,T29)),(T192,T171)))),(T176,T168)),(((T96,T90),T177),(((T52,T51),T62),(((T12,T179),T44),T60)))),(T40,T196)),((((((((T170,((T124,T7),T68)),((T30,T35),T103)),((T5,T152),T151)),T58),T127),((T25,T134),((T167,T14),T9))),(T110,T36)),(T200,T20))),((((((T193,((T172,T162),T99)),T185),((((T191,T98),T22),((T26,T119),T198)),(T67,T10))),(((T84,T135),(T72,T180)),(T122,T27))),(T24,(T37,T117))),((T93,((T47,T114),T4)),T91))),((((((((((T169,T59),((((T49,T33),T149),(T39,T144)),((T182,T129),T74))),T159),(((T121,T104),T115),(T80,T21))),(((((T132,T183),T150),(T85,T184)),(T136,T141)),T3)),(((((T157,T100),T154),T64),T181),(T107,T76))),(((((((T194,(T175,T95)),T63),T142),T137),((((((T32,T125),T42),(T86,T106)),(T73,(T13,T140))),T101),T65)),((T146,T147),((T1,T166),T109))),(((((T41,T108),T11),T161),(T45,T155)),((((T199,T8),T148),(T118,T57)),T28)))),((((T66,T158),(T130,T89)),((((T131,T38),T16),(T87,((T174,T120),T143))),T54)),(T34,T15))),(((T116,T163),T178),T97)),(((((T79,((T2,T190),T123)),T186),(T105,T173)),(T139,T195)),T88))),((((((T126,T69),T75),T70),(T78,T71)),((T82,T165),T48)),((((((T61,T46),(T113,(T94,T160))),T83),T92),(T31,(T17,T133))),T187))),T0),((T128,T23),(T18,T188))),T156),T197);
Guide Tree 0/27
#NNI moves:0/236
Guide Tree 1/27
#NNI moves:0/236
Guide Tree 2/27
#NNI moves:0/236
Guide Tree 3/27
#NNI moves:0/236
Guide Tree 4/27
#NNI moves:0/236
Guide Tree 5/27
#NNI moves:0/236
Guide Tree 6/27
#NNI moves:0/236
Guide Tree 7/27
#NNI moves:0/236
Guide Tree 8/27
#NNI moves:0/236
Guide Tree 9/27
#NNI moves:0/236
Guide Tree 10/27
#NNI moves:0/236
Guide Tree 11/27
#NNI moves:0/236
Guide Tree 12/27
#NNI moves:0/236
Guide Tree 13/27
#NNI moves:0/236
Guide Tree 14/27
#NNI moves:0/236
Guide Tree 15/27
#NNI moves:0/236
Guide Tree 16/27
#NNI moves:0/236
Guide Tree 17/27
#NNI moves:0/236
Guide Tree 18/27
#NNI moves:0/236
Guide Tree 19/27
#NNI moves:0/236
Guide Tree 20/27
#NNI moves:0/236
Guide Tree 21/27
#NNI moves:0/236
Guide Tree 22/27
#NNI moves:0/236
Guide Tree 23/27
#NNI moves:0/236
Guide Tree 24/27
#NNI moves:0/236
Guide Tree 25/27
#NNI moves:0/236
Guide Tree 26/27
#NNI moves:0/236
Remaining: 0
#NNI moves:0/236
#NNI moves:0/236
((((((((((((((T44,(T12,T179)),T60),((T51,T52),T62)),((T90,T96),T177)),((((((T189,T19),T53),((T55,((T81,T111),(T112,(T43,T77)))),((T6,T138),T145))),((T153,(T56,T29)),(T171,T192))),(T102,(T50,T164))),(T168,T176))),(T196,T40)),((((T127,(((((T68,(T124,T7)),T170),(T103,(T35,T30))),(T151,(T5,T152))),T58)),(((T167,T14),T9),(T25,T134))),(T36,T110)),(T20,T200))),((((((((T172,T162),T99),T193),T185),((T67,T10),(((T191,T98),T22),((T119,T26),T198)))),(((T135,T84),(T72,T180)),(T122,T27))),((T117,T37),T24)),((T93,((T47,T114),T4)),T91))),((((((((T147,T146),(T109,(T1,T166))),((((((T175,T95),T194),T63),T142),T137),(((((T140,T13),T73),(((T32,T125),T42),(T86,T106))),T101),T65))),((((T11,(T108,T41)),T161),(T45,T155)),((((T8,T199),T148),(T118,T57)),T28))),((((T159,((((T39,T144),(T149,(T49,T33))),((T129,T182),T74)),(T169,T59))),((T80,T21),((T121,T104),T115))),((((T150,(T132,T183)),(T85,T184)),(T141,T136)),T3)),(((((T100,T157),T154),T64),T181),(T107,T76)))),((T34,T15),(((((T131,T38),T16),(T87,(T143,(T120,T174)))),T54),((T130,T89),(T158,T66))))),((T178,(T163,T116)),T97)),((((T173,T105),((T79,((T2,T190),T123)),T186)),(T139,T195)),T88))),((((T70,((T126,T69),T75)),(T78,T71)),((T165,T82),T48)),(((T92,(T83,(((T160,T94),T113),(T61,T46)))),((T17,T133),T31)),T187))),T0),((T128,T23),(T18,T188))),T156),T197);
Guide Tree 0/27
#NNI moves:3/236
Guide Tree 1/27
#NNI moves:0/236
Guide Tree 2/27
#NNI moves:0/236
Guide Tree 3/27
#NNI moves:0/236
Guide Tree 4/27
#NNI moves:0/236
Guide Tree 5/27
#NNI moves:3/236
Guide Tree 6/27
#NNI moves:0/236
Guide Tree 7/27
#NNI moves:0/236
Guide Tree 8/27
#NNI moves:3/236
Guide Tree 9/27
#NNI moves:0/236
Guide Tree 10/27
#NNI moves:0/236
Guide Tree 11/27
#NNI moves:0/236
Guide Tree 12/27
#NNI moves:0/236
Guide Tree 13/27
#NNI moves:0/236
Guide Tree 14/27
#NNI moves:0/236
Guide Tree 15/27
#NNI moves:0/236
Guide Tree 16/27
#NNI moves:1/236
Guide Tree 17/27
#NNI moves:0/236
Guide Tree 18/27
#NNI moves:0/236
Guide Tree 19/27
#NNI moves:0/236
Guide Tree 20/27
#NNI moves:0/236
Guide Tree 21/27
#NNI moves:0/236
Guide Tree 22/27
#NNI moves:0/236
Guide Tree 23/27
#NNI moves:0/236
Guide Tree 24/27
#NNI moves:0/236
Guide Tree 25/27
#NNI moves:0/236
Guide Tree 26/27
#NNI moves:0/236
Remaining: 0
#NNI moves:0/236
#NNI moves:0/236
(((((((((((((((T153,(T56,T29)),(T192,T171)),((((T138,T6),T145),(((T111,T81),((T43,T77),T112)),T55)),((T189,T19),T53))),(T102,(T164,T50))),(T176,T168)),(((T62,(T51,T52)),(((T179,T12),T44),T60)),(T177,(T90,T96)))),(T196,T40)),((((((T14,T167),T9),(T134,T25)),(((((T5,T152),T151),((T170,(T68,(T124,T7))),(T103,(T30,T35)))),T58),T127)),(T110,T36)),(T20,T200))),((((((((T191,T98),T22),(T198,(T119,T26))),(T10,T67)),(T185,(((T172,T162),T99),T193))),(((T84,T135),(T72,T180)),(T27,T122))),(T24,(T117,T37))),(((T4,(T47,T114)),T93),T91))),(((((((((((T74,(T182,T129)),((T144,T39),(T149,(T33,T49)))),(T169,T59)),T159),((T21,T80),((T121,T104),T115))),((((T150,(T132,T183)),(T85,T184)),(T141,T136)),T3)),(((T64,((T157,T100),T154)),T181),(T107,T76))),((((((((T95,T175),T194),T63),T142),T137),(T65,((((T13,T140),T73),((T86,T106),((T32,T125),T42))),T101))),((T109,(T1,T166)),(T147,T146))),((((T118,T57),((T8,T199),T148)),T28),((T45,T155),((T11,(T108,T41)),T161))))),(((((T87,((T120,T174),T143)),((T131,T38),T16)),T54),((T66,T158),(T130,T89))),(T34,T15))),((T178,(T163,T116)),T97)),(T88,((T195,T139),((T173,T105),((T79,((T190,T2),T123)),T186)))))),((((T78,T71),(((T126,T69),T75),T70)),((T82,T165),T48)),(((T31,(T17,T133)),((((T61,T46),((T94,T160),T113)),T83),T92)),T187))),T0),((T18,T188),(T23,T128))),T156),T197);
Guide Tree 0/27
#NNI moves:0/236
Guide Tree 1/27
#NNI moves:0/236
Guide Tree 2/27
#NNI moves:0/236
Guide Tree 3/27
#NNI moves:0/236
Guide Tree 4/27
#NNI moves:0/236
Guide Tree 5/27
#NNI moves:0/236
Guide Tree 6/27
#NNI moves:0/236
Guide Tree 7/27
#NNI moves:0/236
Guide Tree 8/27
#NNI moves:0/236
Guide Tree 9/27
#NNI moves:0/236
Guide Tree 10/27
#NNI moves:0/236
Guide Tree 11/27
#NNI moves:0/236
Guide Tree 12/27
#NNI moves:0/236
Guide Tree 13/27
#NNI moves:0/236
Guide Tree 14/27
#NNI moves:0/236
Guide Tree 15/27
#NNI moves:0/236
Guide Tree 16/27
#NNI moves:0/236
Guide Tree 17/27
#NNI moves:0/236
Guide Tree 18/27
#NNI moves:0/236
Guide Tree 19/27
#NNI moves:0/236
Guide Tree 20/27
#NNI moves:0/236
Guide Tree 21/27
#NNI moves:0/236
Guide Tree 22/27
#NNI moves:0/236
Guide Tree 23/27
#NNI moves:0/236
Guide Tree 24/27
#NNI moves:0/236
Guide Tree 25/27
#NNI moves:0/236
Guide Tree 26/27
#NNI moves:0/236
Remaining: 0
#NNI moves:0/236
#NNI moves:0/236
(((((((((((((((((T30,T35),T103),(T170,((T124,T7),T68))),(T151,(T152,T5))),T58),T127),((T134,T25),((T14,T167),T9))),(T110,T36)),(T20,T200)),(((((((T12,T179),T44),T60),(T62,(T52,T51))),((T96,T90),T177)),((((((T55,(((T77,T43),T112),(T111,T81))),((T6,T138),T145)),((T19,T189),T53)),((T171,T192),(T153,(T56,T29)))),((T50,T164),T102)),(T168,T176))),(T196,T40))),((((((((T98,T191),T22),(T198,(T119,T26))),(T10,T67)),((((T162,T172),T99),T193),T185)),(((T180,T72),(T135,T84)),(T122,T27))),((T37,T117),T24)),((T93,((T47,T114),T4)),T91))),(((((((((T142,((T194,(T175,T95)),T63)),T137),(((((T140,T13),T73),((T106,T86),((T125,T32),T42))),T101),T65)),((T109,(T1,T166)),(T147,T146))),((((T148,(T199,T8)),(T57,T118)),T28),((((T108,T41),T11),T161),(T155,T45)))),(((((T115,(T104,T121)),(T80,T21)),(((T59,T169),(((T39,T144),(T149,(T33,T49))),((T182,T129),T74))),T159)),((((T85,T184),(T150,(T132,T183))),(T141,T136)),T3)),((T107,T76),((T64,((T157,T100),T154)),T181)))),((((((T131,T38),T16),(T87,((T120,T174),T143))),T54),((T89,T130),(T158,T66))),(T15,T34))),(((T163,T116),T178),T97)),(T88,(((T105,T173),((T79,((T2,T190),T123)),T186)),(T195,T139))))),(((((T17,T133),T31),((T83,((T46,T61),(T113,(T160,T94)))),T92)),T187),(((T78,T71),((T75,(T69,T126)),T70)),((T165,T82),T48)))),T0),((T128,T23),(T188,T18))),T156),T197);
Initial score: 6.7564e+10
Initial tree: (((((((((((((((((T30,T35),T103),(T170,((T124,T7),T68))),(T151,(T152,T5))),T58),T127),((T134,T25),((T14,T167),T9))),(T110,T36)),(T20,T200)),(((((((T12,T179),T44),T60),(T62,(T52,T51))),((T96,T90),T177)),((((((T55,(((T77,T43),T112),(T111,T81))),((T6,T138),T145)),((T19,T189),T53)),((T171,T192),(T153,(T56,T29)))),((T50,T164),T102)),(T168,T176))),(T196,T40))),((((((((T98,T191),T22),(T198,(T119,T26))),(T10,T67)),((((T162,T172),T99),T193),T185)),(((T180,T72),(T135,T84)),(T122,T27))),((T37,T117),T24)),((T93,((T47,T114),T4)),T91))),(((((((((T142,((T194,(T175,T95)),T63)),T137),(((((T140,T13),T73),((T106,T86),((T125,T32),T42))),T101),T65)),((T109,(T1,T166)),(T147,T146))),((((T148,(T199,T8)),(T57,T118)),T28),((((T108,T41),T11),T161),(T155,T45)))),(((((T115,(T104,T121)),(T80,T21)),(((T59,T169),(((T39,T144),(T149,(T33,T49))),((T182,T129),T74))),T159)),((((T85,T184),(T150,(T132,T183))),(T141,T136)),T3)),((T107,T76),((T64,((T157,T100),T154)),T181)))),((((((T131,T38),T16),(T87,((T120,T174),T143))),T54),((T89,T130),(T158,T66))),(T15,T34))),(((T163,T116),T178),T97)),(T88,(((T105,T173),((T79,((T2,T190),T123)),T186)),(T195,T139))))),(((((T17,T133),T31),((T83,((T46,T61),(T113,(T160,T94)))),T92)),T187),(((T78,T71),((T75,(T69,T126)),T70)),((T165,T82),T48)))),T0),((T128,T23),(T188,T18))),T156),T197);
*** Subsample Process ***
Use two-step algorithm!
#NNI moves:0/236
Remaining: 0
#NNI moves:3/236
#NNI moves:3/236
((((((((((((((((((((((T137,(T142,((T194,(T175,T95)),T63))),(T65,((((T140,T13),T73),(((T125,T32),T42),(T106,T86))),T101))),(((T1,T166),T109),(T146,T147))),((((T57,T118),((T8,T199),T148)),T28),((((T108,T41),T11),T161),(T155,T45)))),(((((T80,T21),((T121,T104),T115)),(T159,((((T39,T144),((T49,T33),T149)),(T74,(T182,T129))),(T59,T169)))),(((T136,T141),((T184,T85),(T150,(T132,T183)))),T3)),((T107,T76),((((T157,T100),T154),T64),T181)))),(((T54,((T16,(T131,T38)),(T87,(T143,(T120,T174))))),((T66,T158),(T130,T89))),(T15,T34))),(T97,((T116,T163),T178))),(((((((T2,T190),T123),T79),T186),(T105,T173)),(T139,T195)),T88)),((T0,((T156,T197),((T188,T18),(T23,T128)))),((((((((T94,T160),T113),(T61,T46)),T83),T92),((T17,T133),T31)),T187),(((T82,T165),T48),((T70,(T75,(T126,T69))),(T71,T78)))))),((((((((T162,T172),T99),T193),T185),((T67,T10),(((T98,T191),T22),(T198,(T119,T26))))),(((T135,T84),(T180,T72)),(T27,T122))),((T37,T117),T24)),((T93,(T4,(T114,T47))),T91))),(((((((((((T77,T43),T112),(T81,T111)),T55),((T6,T138),T145)),((T189,T19),T53)),((T153,(T29,T56)),(T171,T192))),(T102,(T50,T164))),(T168,T176)),((((T52,T51),T62),((T44,(T179,T12)),T60)),((T90,T96),T177))),(T40,T196))),(T20,T200)),(T36,T110)),((T134,T25),((T14,T167),T9))),T127),T58),(T151,(T152,T5))),((T30,T35),T103)),T170),T68),T7),T124);
#NNI moves:0/236
Remaining: 0
#NNI moves:0/236
#NNI moves:0/236
((((((((((((((((((T112,(T77,T43)),(T81,T111)),T55),((T138,T6),T145)),(T53,(T189,T19))),(((T56,T29),T153),(T192,T171))),((T164,T50),T102)),(T176,T168)),(((((T179,T12),T44),T60),((T52,T51),T62)),(T177,(T96,T90)))),(T40,T196)),(((((((T151,(T152,T5)),(((T35,T30),T103),((T68,(T124,T7)),T170))),T58),T127),(((T14,T167),T9),(T134,T25))),(T36,T110)),(T200,T20))),((((((((T191,T98),T22),(T198,(T26,T119))),(T67,T10)),((T193,(T99,(T172,T162))),T185)),(((T135,T84),(T72,T180)),(T27,T122))),((T117,T37),T24)),((((T47,T114),T4),T93),T91))),(((((((((((((T125,T32),T42),(T86,T106)),(T73,(T140,T13))),T101),T65),(((((T175,T95),T194),T63),T142),T137)),(((T166,T1),T109),(T146,T147))),((T28,((T148,(T8,T199)),(T57,T118))),((((T41,T108),T11),T161),(T155,T45)))),(((((((T132,T183),T150),(T85,T184)),(T141,T136)),T3),(((T80,T21),((T121,T104),T115)),((((((T33,T49),T149),(T144,T39)),((T182,T129),T74)),(T59,T169)),T159))),(((((T157,T100),T154),T64),T181),(T76,T107)))),((((T89,T130),(T158,T66)),(T54,(((T143,(T120,T174)),T87),((T131,T38),T16)))),(T34,T15))),(((T163,T116),T178),T97)),(((((((T190,T2),T123),T79),T186),(T105,T173)),(T139,T195)),T88))),(((((((T61,T46),((T94,T160),T113)),T83),T92),((T17,T133),T31)),T187),((T48,(T82,T165)),((T70,((T69,T126),T75)),(T71,T78))))),T0),((T188,T18),(T23,T128))),T197),T156);
#NNI moves:0/236
Remaining: 0
#NNI moves:0/236
#NNI moves:0/236
(((((((((((((((((((((((T42,(T125,T32)),(T86,T106)),((T140,T13),T73)),T101),T65),(((((T175,T95),T194),T63),T142),T137)),((T147,T146),((T166,T1),T109))),(((((T41,T108),T11),T161),(T45,T155)),(((T118,T57),((T8,T199),T148)),T28))),((((((T121,T104),T115),(T80,T21)),(T159,((((T182,T129),T74),((T144,T39),((T49,T33),T149))),(T59,T169)))),(((T136,T141),(((T132,T183),T150),(T184,T85))),T3)),(((((T157,T100),T154),T64),T181),(T76,T107)))),(((((((T120,T174),T143),T87),((T131,T38),T16)),T54),((T66,T158),(T89,T130))),(T15,T34))),((T178,(T116,T163)),T97)),((((T173,T105),(T186,(T79,(T123,(T2,T190))))),(T139,T195)),T88)),((((((((T113,(T160,T94)),(T61,T46)),T83),T92),(T31,(T133,T17))),T187),(((((T69,T126),T75),T70),(T78,T71)),(T48,(T82,T165)))),((((T18,T188),(T128,T23)),(T197,T156)),T0))),((((((((T119,T26),T198),((T191,T98),T22)),(T10,T67)),((T193,((T162,T172),T99)),T185)),(((T180,T72),(T135,T84)),(T122,T27))),((T37,T117),T24)),((((T47,T114),T4),T93),T91))),((((((((((T124,T7),T68),T170),((T30,T35),T103)),((T5,T152),T151)),T58),T127),((T25,T134),((T14,T167),T9))),(T110,T36)),(T200,T20))),(T196,T40)),(((((T179,T12),T44),T60),((T52,T51),T62)),((T90,T96),T177))),(T168,T176)),((T50,T164),T102)),(((((T112,(T43,T77)),(T81,T111)),T55),((T138,T6),T145)),(T53,(T189,T19)))),((T56,T29),T153)),T171),T192);
#NNI moves:0/236
Remaining: 0
#NNI moves:0/236
#NNI moves:0/236
((((((((((((((((((T175,T95),T194),T63),T142),T137),(((((T140,T13),T73),(((T32,T125),T42),(T86,T106))),T101),T65)),(((T166,T1),T109),(T146,T147))),(((T155,T45),(((T108,T41),T11),T161)),(((T148,(T8,T199)),(T57,T118)),T28))),((((((T104,T121),T115),(T80,T21)),(((((T39,T144),(T149,(T33,T49))),(T74,(T182,T129))),(T169,T59)),T159)),(((((T183,T132),T150),(T184,T85)),(T136,T141)),T3)),(((((T157,T100),T154),T64),T181),(T76,T107)))),((T34,T15),((((T16,(T131,T38)),(((T174,T120),T143),T87)),T54),((T89,T130),(T66,T158))))),((T178,(T116,T163)),T97)),(((((T79,(T123,(T190,T2))),T186),(T173,T105)),(T139,T195)),T88)),(((((((T102,(T50,T164)),(((T192,T171),((T29,T56),T153)),(((T55,(((T43,T77),T112),(T111,T81))),(T145,(T138,T6))),((T189,T19),T53)))),(T176,T168)),(((((T179,T12),T44),T60),((T51,T52),T62)),((T96,T90),T177))),(T40,T196)),(((((((((T68,(T7,T124)),T170),(T103,(T30,T35))),((T152,T5),T151)),T58),T127),((T9,(T167,T14)),(T25,T134))),(T110,T36)),(T200,T20))),((((((T10,T67),((T198,(T119,T26)),((T98,T191),T22))),((((T162,T172),T99),T193),T185)),((T27,T122),((T72,T180),(T135,T84)))),((T117,T37),T24)),(T91,((T4,(T47,T114)),T93))))),(((T48,(T165,T82)),((((T69,T126),T75),T70),(T78,T71))),(((((((T160,T94),T113),(T61,T46)),T83),T92),((T17,T133),T31)),T187))),T0),((T188,T18),(T23,T128))),T197),T156);
Current score: 6.7564e+10
Current tree: ((((((((((((((((((T175,T95),T194),T63),T142),T137),(((((T140,T13),T73),(((T32,T125),T42),(T86,T106))),T101),T65)),(((T166,T1),T109),(T146,T147))),(((T155,T45),(((T108,T41),T11),T161)),(((T148,(T8,T199)),(T57,T118)),T28))),((((((T104,T121),T115),(T80,T21)),(((((T39,T144),(T149,(T33,T49))),(T74,(T182,T129))),(T169,T59)),T159)),(((((T183,T132),T150),(T184,T85)),(T136,T141)),T3)),(((((T157,T100),T154),T64),T181),(T76,T107)))),((T34,T15),((((T16,(T131,T38)),(((T174,T120),T143),T87)),T54),((T89,T130),(T66,T158))))),((T178,(T116,T163)),T97)),(((((T79,(T123,(T190,T2))),T186),(T173,T105)),(T139,T195)),T88)),(((((((T102,(T50,T164)),(((T192,T171),((T29,T56),T153)),(((T55,(((T43,T77),T112),(T111,T81))),(T145,(T138,T6))),((T189,T19),T53)))),(T176,T168)),(((((T179,T12),T44),T60),((T51,T52),T62)),((T96,T90),T177))),(T40,T196)),(((((((((T68,(T7,T124)),T170),(T103,(T30,T35))),((T152,T5),T151)),T58),T127),((T9,(T167,T14)),(T25,T134))),(T110,T36)),(T200,T20))),((((((T10,T67),((T198,(T119,T26)),((T98,T191),T22))),((((T162,T172),T99),T193),T185)),((T27,T122),((T72,T180),(T135,T84)))),((T117,T37),T24)),(T91,((T4,(T47,T114)),T93))))),(((T48,(T165,T82)),((((T69,T126),T75),T70),(T78,T71))),(((((((T160,T94),T113),(T61,T46)),T83),T92),((T17,T133),T31)),T187))),T0),((T188,T18),(T23,T128))),T156),T197);
Use two-step algorithm!
#NNI moves:0/236
Remaining: 0
#NNI moves:0/236
#NNI moves:0/236
((((((((((((((((((((((((T112,(T77,T43)),(T81,T111)),T55),((T138,T6),T145)),((T19,T189),T53)),(((T29,T56),T153),(T171,T192))),((T164,T50),T102)),(T176,T168)),((((T52,T51),T62),((T44,(T12,T179)),T60)),(T177,(T90,T96)))),(T196,T40)),(((((((((T30,T35),T103),((T68,(T7,T124)),T170)),((T5,T152),T151)),T58),T127),((T9,(T14,T167)),(T25,T134))),(T110,T36)),(T200,T20))),(((((((T22,(T191,T98)),((T26,T119),T198)),(T10,T67)),((T193,(T99,(T162,T172))),T185)),(((T72,T180),(T135,T84)),(T27,T122))),(T24,(T117,T37))),((((T47,T114),T4),T93),T91))),((((((((T113,(T94,T160)),(T61,T46)),T83),T92),((T133,T17),T31)),T187),((((T75,(T69,T126)),T70),(T78,T71)),((T82,T165),T48))),((((T18,T188),(T23,T128)),(T156,T197)),T0))),((((((T123,(T190,T2)),T79),T186),(T173,T105)),(T195,T139)),T88)),(((T163,T116),T178),T97)),((((((T38,T131),T16),(((T120,T174),T143),T87)),T54),((T158,T66),(T130,T89))),(T15,T34))),((((((((T144,T39),((T33,T49),T149)),(T74,(T129,T182))),(T59,T169)),T159),((T80,T21),((T104,T121),T115))),(((T141,T136),(((T183,T132),T150),(T85,T184))),T3)),((T181,(((T157,T100),T154),T64)),(T107,T76)))),(((((T199,T8),T148),(T118,T57)),T28),((T45,T155),(((T108,T41),T11),T161)))),(((T166,T1),T109),(T147,T146))),(((((T42,(T32,T125)),(T106,T86)),((T140,T13),T73)),T101),T65)),T137),T142),((T175,T95),T194)),T63);
#NNI moves:0/236
Remaining: 0
#NNI moves:3/236
#NNI moves:3/236
(((((((((((((((((((T39,T144),((T49,T33),T149)),((T129,T182),T74)),(T169,T59)),T159),(((T104,T121),T115),(T21,T80))),((((T85,T184),((T132,T183),T150)),(T136,T141)),T3)),((T181,(T64,((T157,T100),T154))),(T107,T76))),((((((((T95,T175),T194),T63),T142),T137),((((((T125,T32),T42),(T86,T106)),((T13,T140),T73)),T101),T65)),((T147,T146),(T109,(T1,T166)))),((((T118,T57),((T8,T199),T148)),T28),(((T11,(T108,T41)),T161),(T155,T45))))),((((T89,T130),(T66,T158)),((((T38,T131),T16),(T87,((T120,T174),T143))),T54)),(T34,T15))),(T97,((T116,T163),T178))),(((((((T2,T190),T123),T79),T186),(T173,T105)),(T139,T195)),T88)),(((((((((((T138,T6),T145),(((T111,T81),((T77,T43),T112)),T55)),((T19,T189),T53)),(((T56,T29),T153),(T192,T171))),((T164,T50),T102)),(T176,T168)),((((T51,T52),T62),(((T12,T179),T44),T60)),(T177,(T96,T90)))),(T196,T40)),(((((((((T68,(T7,T124)),T170),((T30,T35),T103)),(T151,(T5,T152))),T58),T127),(((T14,T167),T9),(T25,T134))),(T110,T36)),(T20,T200))),((((((T72,T180),(T135,T84)),(T27,T122)),(((T193,((T172,T162),T99)),T185),((T10,T67),(((T26,T119),T198),((T98,T191),T22))))),((T37,T117),T24)),(T91,((T4,(T47,T114)),T93))))),((((((T69,T126),T75),T70),(T78,T71)),((T82,T165),T48)),(((((((T94,T160),T113),(T61,T46)),T83),T92),((T17,T133),T31)),T187))),T0),(T156,T197)),(T18,T188)),T23),T128);
#NNI moves:0/236
Remaining: 0
#NNI moves:2/236
#NNI moves:2/236
((((((((((((((((((((((((((((T43,T77),T112),(T81,T111)),T55),((T138,T6),T145)),((T189,T19),T53)),((T153,(T29,T56)),(T171,T192))),((T50,T164),T102)),(T176,T168)),(((((T179,T12),T44),T60),((T52,T51),T62)),((T90,T96),T177))),(T196,T40)),(((((T134,T25),(T9,(T167,T14))),((((((T35,T30),T103),((T68,(T124,T7)),T170)),((T5,T152),T151)),T58),T127)),(T36,T110)),(T20,T200))),((((((T84,T135),(T72,T180)),(T27,T122)),(((T10,T67),(((T119,T26),T198),((T98,T191),T22))),((T193,(T99,(T162,T172))),T185))),(T24,(T117,T37))),((T93,((T47,T114),T4)),T91))),(((((T188,T18),(T128,T23)),(T197,T156)),T0),((((T82,T165),T48),((T78,T71),(((T69,T126),T75),T70))),((((((T61,T46),((T94,T160),T113)),T83),T92),((T17,T133),T31)),T187)))),((((((T123,(T2,T190)),T79),T186),(T173,T105)),(T139,T195)),T88)),(T97,((T116,T163),T178))),(((((((T120,T174),T143),T87),(T16,(T131,T38))),T54),((T158,T66),(T89,T130))),(T15,T34))),((((((((T42,(T125,T32)),(T106,T86)),((T13,T140),T73)),T101),T65),(((T63,((T95,T175),T194)),T142),T137)),(((T166,T1),T109),(T146,T147))),(((((T41,T108),T11),T161),(T45,T155)),(((T148,(T8,T199)),(T118,T57)),T28)))),((T107,T76),((((T100,T157),T154),T64),T181))),(((T141,T136),(((T132,T183),T150),(T184,T85))),T3)),(((T104,T121),T115),(T21,T80))),T159),(T59,T169)),((T129,T182),T74)),(T144,T39)),T149),T49),T33);
#NNI moves:0/236
Remaining: 0
#NNI moves:5/236
#NNI moves:5/236
(((((((((((((((((T199,T8),T148),(T118,T57)),T28),((T45,T155),(((T41,T108),T11),T161))),(((((((T42,(T32,T125)),(T106,T86)),((T140,T13),T73)),T101),T65),((((T194,(T95,T175)),T63),T142),T137)),(((T166,T1),T109),(T146,T147)))),((((((((T149,(T49,T33)),(T144,T39)),((T129,T182),T74)),(T59,T169)),T159),((T115,(T121,T104)),(T21,T80))),((((T150,(T132,T183)),(T85,T184)),(T141,T136)),T3)),(((((T157,T100),T154),T64),T181),(T107,T76)))),(((T54,((T16,(T38,T131)),(((T174,T120),T143),T87))),((T158,T66),(T89,T130))),(T34,T15))),(((T116,T163),T178),T97)),((((((T123,(T190,T2)),T79),T186),(T173,T105)),(T195,T139)),T88)),((((((((((((T112,(T43,T77)),(T111,T81)),T55),((T6,T138),T145)),((T19,T189),T53)),(((T56,T29),T153),(T171,T192))),(T102,(T164,T50))),(T176,T168)),(((T90,T96),T177),(((T51,T52),T62),(T60,(T44,(T12,T179)))))),(T40,T196)),(((((T25,T134),(T9,(T14,T167))),((((((T68,(T7,T124)),T170),(T103,(T30,T35))),((T5,T152),T151)),T58),T127)),(T110,T36)),(T20,T200))),((((((T72,T180),(T84,T135)),(T27,T122)),((((T22,(T98,T191)),((T119,T26),T198)),(T67,T10)),((((T162,T172),T99),T193),T185))),(T24,(T37,T117))),(T91,(((T47,T114),T4),T93))))),((((T128,T23),(T188,T18)),(T197,T156)),T0)),((((((T46,T61),(T113,(T94,T160))),T83),T92),((T133,T17),T31)),T187)),((T165,T82),T48)),(T70,((T69,T126),T75))),T78),T71);
Current score: 6.7564e+10
Current tree: ((T156,(((T128,T23),(T188,T18)),(T0,((((((((((((T199,T8),T148),(T118,T57)),T28),((T45,T155),(((T41,T108),T11),T161))),(((((((T42,(T32,T125)),(T106,T86)),((T140,T13),T73)),T101),T65),((((T194,(T95,T175)),T63),T142),T137)),(((T166,T1),T109),(T146,T147)))),((((((((T149,(T49,T33)),(T144,T39)),((T129,T182),T74)),(T59,T169)),T159),((T115,(T121,T104)),(T21,T80))),((((T150,(T132,T183)),(T85,T184)),(T141,T136)),T3)),(((((T157,T100),T154),T64),T181),(T107,T76)))),(((T54,((T16,(T38,T131)),(((T174,T120),T143),T87))),((T158,T66),(T89,T130))),(T34,T15))),(((T116,T163),T178),T97)),((((((T123,(T190,T2)),T79),T186),(T173,T105)),(T195,T139)),T88)),((((((((((((T112,(T43,T77)),(T111,T81)),T55),((T6,T138),T145)),((T19,T189),T53)),(((T56,T29),T153),(T171,T192))),(T102,(T164,T50))),(T176,T168)),(((T90,T96),T177),(((T51,T52),T62),(T60,(T44,(T12,T179)))))),(T40,T196)),(((((T25,T134),(T9,(T14,T167))),((((((T68,(T7,T124)),T170),(T103,(T30,T35))),((T5,T152),T151)),T58),T127)),(T110,T36)),(T20,T200))),((((((T72,T180),(T84,T135)),(T27,T122)),((((T22,(T98,T191)),((T119,T26),T198)),(T67,T10)),((((T162,T172),T99),T193),T185))),(T24,(T37,T117))),(T91,(((T47,T114),T4),T93))))),(((((((T46,T61),(T113,(T94,T160))),T83),T92),((T133,T17),T31)),T187),(((T165,T82),T48),((T70,((T69,T126),T75)),(T78,T71)))))))),T197);
Use two-step algorithm!
#NNI moves:0/236
Remaining: 1
#NNI moves:0/236
#NNI moves:0/236
(((((((((((T60,((T179,T12),T44)),((T51,T52),T62)),((T96,T90),T177)),((((((T56,T29),T153),(T171,T192)),(((T189,T19),T53),((((T81,T111),((T77,T43),T112)),T55),((T6,T138),T145)))),((T164,T50),T102)),(T176,T168))),(T40,T196)),((((((((T103,(T35,T30)),((T68,(T7,T124)),T170)),(T151,(T5,T152))),T58),T127),((T134,T25),((T14,T167),T9))),(T110,T36)),(T20,T200))),((((((((T162,T172),T99),T193),T185),(((T22,(T98,T191)),(T198,(T26,T119))),(T67,T10))),((T27,T122),((T180,T72),(T84,T135)))),((T37,T117),T24)),((((T47,T114),T4),T93),T91))),(((((((((T115,(T121,T104)),(T21,T80)),(((((T182,T129),T74),((T144,T39),(T149,(T49,T33)))),(T59,T169)),T159)),(T3,((((T132,T183),T150),(T184,T85)),(T141,T136)))),(((((T100,T157),T154),T64),T181),(T107,T76))),((((((((T95,T175),T194),T63),T142),T137),((((T73,(T140,T13)),((T106,T86),(T42,(T125,T32)))),T101),T65)),((T147,T146),(T109,(T166,T1)))),(((T161,((T41,T108),T11)),(T155,T45)),((((T199,T8),T148),(T118,T57)),T28)))),(((((((T174,T120),T143),T87),((T38,T131),T16)),T54),((T89,T130),(T66,T158))),(T15,T34))),(((T163,T116),T178),T97)),(((((((T190,T2),T123),T79),T186),(T105,T173)),(T139,T195)),T88))),((((((((T160,T94),T113),(T61,T46)),T83),T92),((T17,T133),T31)),T187),(((((T69,T126),T75),T70),(T71,T78)),((T165,T82),T48)))),(((T128,T23),(T18,T188)),(T156,T197))),T0);
#NNI moves:0/236
Remaining: 1
#NNI moves:0/236
#NNI moves:0/236
(((((((((((((((((((T175,T95),T194),T63),T142),T137),(((((T13,T140),T73),((T86,T106),(T42,(T125,T32)))),T101),T65)),(((T1,T166),T109),(T146,T147))),((((T11,(T108,T41)),T161),(T155,T45)),(((T148,(T199,T8)),(T118,T57)),T28))),(((((T115,(T104,T121)),(T21,T80)),(((((T144,T39),((T33,T49),T149)),((T182,T129),T74)),(T59,T169)),T159)),(((T136,T141),(((T183,T132),T150),(T184,T85))),T3)),((T181,(((T100,T157),T154),T64)),(T76,T107)))),((((((T38,T131),T16),(((T120,T174),T143),T87)),T54),((T130,T89),(T158,T66))),(T15,T34))),(((T116,T163),T178),T97)),(((((((T190,T2),T123),T79),T186),(T173,T105)),(T195,T139)),T88)),(((((((T62,(T51,T52)),(((T12,T179),T44),T60)),((T90,T96),T177)),(((((T192,T171),(T153,(T29,T56))),((((((T43,T77),T112),(T81,T111)),T55),((T6,T138),T145)),((T189,T19),T53))),((T164,T50),T102)),(T168,T176))),(T40,T196)),(((((((T151,(T152,T5)),(((T30,T35),T103),(((T124,T7),T68),T170))),T58),T127),(((T167,T14),T9),(T25,T134))),(T110,T36)),(T200,T20))),(((((T185,(((T172,T162),T99),T193)),((T10,T67),(((T98,T191),T22),((T119,T26),T198)))),((T27,T122),((T72,T180),(T84,T135)))),(T24,(T37,T117))),(((T4,(T114,T47)),T93),T91)))),((((((((T94,T160),T113),(T46,T61)),T83),T92),((T133,T17),T31)),T187),(((T71,T78),(((T126,T69),T75),T70)),(T48,(T165,T82))))),T0),(T197,T156)),(T128,T23)),T18),T188);
#NNI moves:0/236
Remaining: 0
#NNI moves:2/236
#NNI moves:2/236
(((((((((((((((((((T43,T77),T112),(T111,T81)),T55),((T6,T138),T145)),((T19,T189),T53)),((T153,(T56,T29)),(T192,T171))),((T164,T50),T102)),(T176,T168)),((((T51,T52),T62),(((T179,T12),T44),T60)),((T90,T96),T177))),(T40,T196)),((((((((((T124,T7),T68),T170),(T103,(T30,T35))),(T151,(T152,T5))),T58),T127),(((T14,T167),T9),(T25,T134))),(T36,T110)),(T20,T200))),((((((((T162,T172),T99),T193),T185),((T67,T10),((T198,(T26,T119)),((T191,T98),T22)))),((T27,T122),((T84,T135),(T180,T72)))),(T24,(T37,T117))),(T91,(T93,((T47,T114),T4))))),((((((((T155,T45),(T161,(T11,(T108,T41)))),(((T118,T57),((T199,T8),T148)),T28)),(((((((T140,T13),T73),((T106,T86),(T42,(T125,T32)))),T101),T65),(((((T95,T175),T194),T63),T142),T137)),(((T1,T166),T109),(T147,T146)))),((((((T169,T59),(((T144,T39),((T33,T49),T149)),((T182,T129),T74))),T159),((T80,T21),(T115,(T121,T104)))),((((T150,(T183,T132)),(T85,T184)),(T141,T136)),T3)),(((T64,((T157,T100),T154)),T181),(T76,T107)))),((((((T131,T38),T16),(((T174,T120),T143),T87)),T54),((T89,T130),(T66,T158))),(T34,T15))),(((T163,T116),T178),T97)),(((((((T190,T2),T123),T79),T186),(T105,T173)),(T195,T139)),T88))),((((T71,T78),(T70,((T126,T69),T75))),((T82,T165),T48)),((((((T61,T46),((T94,T160),T113)),T83),T92),((T133,T17),T31)),T187))),T0),((T128,T23),(T188,T18))),T156),T197);
#NNI moves:0/236
Remaining: 0
#NNI moves:0/236
#NNI moves:0/236
(((((((((((((((((((((((((((T13,T140),T73),((T86,T106),(T42,(T125,T32)))),T101),T65),(((((T175,T95),T194),T63),T142),T137)),((T147,T146),(T109,(T1,T166)))),(((T155,T45),(((T41,T108),T11),T161)),(((T148,(T199,T8)),(T118,T57)),T28))),(((((T21,T80),((T104,T121),T115)),(((((T129,T182),T74),((T39,T144),((T33,T49),T149))),(T169,T59)),T159)),((((T85,T184),((T183,T132),T150)),(T141,T136)),T3)),(((T64,(T154,(T100,T157))),T181),(T76,T107)))),((((((T131,T38),T16),(T87,(T143,(T120,T174)))),T54),((T158,T66),(T89,T130))),(T15,T34))),(T97,((T163,T116),T178))),((((T173,T105),((T79,(T123,(T2,T190))),T186)),(T139,T195)),T88)),(((((((T69,T126),T75),T70),(T78,T71)),((T82,T165),T48)),(((((((T160,T94),T113),(T46,T61)),T83),T92),((T133,T17),T31)),T187)),(((T156,T197),((T23,T128),(T188,T18))),T0))),(((((((T22,(T98,T191)),((T119,T26),T198)),(T10,T67)),(T185,((T99,(T162,T172)),T193))),(((T84,T135),(T180,T72)),(T122,T27))),((T37,T117),T24)),((((T114,T47),T4),T93),T91))),(((((((((T30,T35),T103),(((T7,T124),T68),T170)),((T152,T5),T151)),T58),T127),(((T14,T167),T9),(T134,T25))),(T110,T36)),(T20,T200))),(T40,T196)),((T177,(T96,T90)),(((T44,(T12,T179)),T60),(T62,(T51,T52))))),(T168,T176)),(T102,(T164,T50))),((T192,T171),(T153,(T29,T56)))),((T19,T189),T53)),((T6,T138),T145)),T55),(T111,T81)),T112),T77),T43);
Current score: 6.7564e+10
Current tree: ((T156,(((T23,T128),(T188,T18)),(T0,(((((((T69,T126),T75),T70),(T78,T71)),((T82,T165),T48)),(((((((T160,T94),T113),(T46,T61)),T83),T92),((T133,T17),T31)),T187)),(((((((((((((T13,T140),T73),((T86,T106),(T42,(T125,T32)))),T101),T65),(((((T175,T95),T194),T63),T142),T137)),((T147,T146),(T109,(T1,T166)))),(((T155,T45),(((T41,T108),T11),T161)),(((T148,(T199,T8)),(T118,T57)),T28))),(((((T21,T80),((T104,T121),T115)),(((((T129,T182),T74),((T39,T144),((T33,T49),T149))),(T169,T59)),T159)),((((T85,T184),((T183,T132),T150)),(T141,T136)),T3)),(((T64,(T154,(T100,T157))),T181),(T76,T107)))),((((((T131,T38),T16),(T87,(T143,(T120,T174)))),T54),((T158,T66),(T89,T130))),(T15,T34))),(T97,((T163,T116),T178))),((((T173,T105),((T79,(T123,(T2,T190))),T186)),(T139,T195)),T88)),((((((((T22,(T98,T191)),((T119,T26),T198)),(T10,T67)),(T185,((T99,(T162,T172)),T193))),(((T84,T135),(T180,T72)),(T122,T27))),((T37,T117),T24)),((((T114,T47),T4),T93),T91)),((((((((((T30,T35),T103),(((T7,T124),T68),T170)),((T152,T5),T151)),T58),T127),(((T14,T167),T9),(T134,T25))),(T110,T36)),(T20,T200)),((T40,T196),(((T177,(T96,T90)),(((T44,(T12,T179)),T60),(T62,(T51,T52)))),((T168,T176),((T102,(T164,T50)),(((T192,T171),(T153,(T29,T56))),(((T19,T189),T53),(((T6,T138),T145),(T55,((T111,T81),(T112,(T77,T43)))))))))))))))))),T197);
Final Tree: ((T156,(((T23,T128),(T188,T18)),(T0,(((((((T69,T126),T75),T70),(T78,T71)),((T82,T165),T48)),(((((((T160,T94),T113),(T46,T61)),T83),T92),((T133,T17),T31)),T187)),(((((((((((((T13,T140),T73),((T86,T106),(T42,(T125,T32)))),T101),T65),(((((T175,T95),T194),T63),T142),T137)),((T147,T146),(T109,(T1,T166)))),(((T155,T45),(((T41,T108),T11),T161)),(((T148,(T199,T8)),(T118,T57)),T28))),(((((T21,T80),((T104,T121),T115)),(((((T129,T182),T74),((T39,T144),((T33,T49),T149))),(T169,T59)),T159)),((((T85,T184),((T183,T132),T150)),(T141,T136)),T3)),(((T64,(T154,(T100,T157))),T181),(T76,T107)))),((((((T131,T38),T16),(T87,(T143,(T120,T174)))),T54),((T158,T66),(T89,T130))),(T15,T34))),(T97,((T163,T116),T178))),((((T173,T105),((T79,(T123,(T2,T190))),T186)),(T139,T195)),T88)),((((((((T22,(T98,T191)),((T119,T26),T198)),(T10,T67)),(T185,((T99,(T162,T172)),T193))),(((T84,T135),(T180,T72)),(T122,T27))),((T37,T117),T24)),((((T114,T47),T4),T93),T91)),((((((((((T30,T35),T103),(((T7,T124),T68),T170)),((T152,T5),T151)),T58),T127),(((T14,T167),T9),(T134,T25))),(T110,T36)),(T20,T200)),((T40,T196),(((T177,(T96,T90)),(((T44,(T12,T179)),T60),(T62,(T51,T52)))),((T168,T176),((T102,(T164,T50)),(((T192,T171),(T153,(T29,T56))),(((T19,T189),T53),(((T6,T138),T145),(T55,((T111,T81),(T112,(T77,T43)))))))))))))))))),T197);
Score: 6.756397859e+10

real	1m50.623s
user	32m29.410s
sys	0m27.077s
