Weighted ASTRAL - Hybrid
Version: v1.13.2.3
#Genetrees: 2000
#Species: 201
#Rounds: 4
#Samples: 4
#Threads: 32
Use two-step algorithm!
Guide Tree 0/27
#NNI moves:0/236
Guide Tree 1/27
#NNI moves:0/236
Guide Tree 2/27
#NNI moves:0/236
Guide Tree 3/27
#NNI moves:0/236
Guide Tree 4/27
#NNI moves:2/236
Guide Tree 5/27
#NNI moves:0/236
Guide Tree 6/27
#NNI moves:0/236
Guide Tree 7/27
#NNI moves:1/236
Guide Tree 8/27
#NNI moves:0/236
Guide Tree 9/27
#NNI moves:1/236
Guide Tree 10/27
#NNI moves:1/236
Guide Tree 11/27
#NNI moves:0/236
Guide Tree 12/27
#NNI moves:1/236
Guide Tree 13/27
#NNI moves:0/236
Guide Tree 14/27
#NNI moves:0/236
Guide Tree 15/27
#NNI moves:0/236
Guide Tree 16/27
#NNI moves:0/236
Guide Tree 17/27
#NNI moves:1/236
Guide Tree 18/27
#NNI moves:2/236
Guide Tree 19/27
#NNI moves:0/236
Guide Tree 20/27
#NNI moves:3/236
Guide Tree 21/27
#NNI moves:1/236
Guide Tree 22/27
#NNI moves:0/236
Guide Tree 23/27
#NNI moves:0/236
Guide Tree 24/27
#NNI moves:1/236
Guide Tree 25/27
#NNI moves:0/236
Guide Tree 26/27
#NNI moves:1/236
Remaining: 0
#NNI moves:0/236
#NNI moves:0/236
((((((((((((((((((((T84,T18),T186),T157),T103),(T43,T86)),T68),(T3,T121)),((((((T47,T62),T130),T177),T159),(((T99,T182),((T151,T165),T172)),(T31,T162))),(T7,T69))),T76),((((T45,T153),((T29,T123),(T13,T23))),T143),((((T125,T32),(T37,T108)),(T171,T198)),T67))),(((T192,(T93,T132)),(((T12,T106),(T188,T131)),T46)),(((T140,T111),T147),(T15,T72)))),((((((((((T53,T173),(T4,T26)),((T33,T92),T90)),T87),T38),(T179,T63)),(((T124,((T55,T141),T66)),(T126,T122)),(T196,(T57,T65)))),(T139,T178)),((T28,T170),T169)),(T193,T136))),((((((((((T81,T88),(T41,T54)),(((T189,T49),T152),((T71,(T128,T109)),T195))),T199),(((T146,((T58,T200),((T112,T16),T190))),((T95,T94),T185)),((T34,T19),T40))),T101),(((T117,T175),T8),(T113,T168))),((T149,T11),(T156,T75))),(((((T181,T56),(T44,T183)),((T114,T36),(T77,T158))),(((T102,T184),T14),T148)),(((T137,T104),(T176,T80)),T135))),((T97,T52),((T64,T17),(T85,T39))))),(((((T24,T60),(((((T150,T107),T164),T110),(T115,T51)),T161)),T9),(T70,((T59,T91),(T61,(T25,T20))))),(((T74,T127),T78),(T79,T48)))),(((T42,T100),T5),((T144,T83),((T2,T116),T6)))),((((T98,((((T96,T82),T155),T1),(T10,T194))),(T197,T22)),((T89,T73),(T167,T142))),((((T119,((T138,T154),((T129,T133),(T191,T187)))),(T166,T134)),(T21,T120)),(((T163,T145),(T180,T30)),T160)))),T0),(T50,(T174,(T27,T105)))),T35),T118);
Guide Tree 0/27
#NNI moves:3/236
Guide Tree 1/27
#NNI moves:0/236
Guide Tree 2/27
#NNI moves:1/236
Guide Tree 3/27
#NNI moves:0/236
Guide Tree 4/27
#NNI moves:3/236
Guide Tree 5/27
#NNI moves:3/236
Guide Tree 6/27
#NNI moves:3/236
Guide Tree 7/27
#NNI moves:0/236
Guide Tree 8/27
#NNI moves:0/236
Guide Tree 9/27
#NNI moves:0/236
Guide Tree 10/27
#NNI moves:3/236
Guide Tree 11/27
#NNI moves:0/236
Guide Tree 12/27
#NNI moves:0/236
Guide Tree 13/27
#NNI moves:0/236
Guide Tree 14/27
#NNI moves:1/236
Guide Tree 15/27
#NNI moves:0/236
Guide Tree 16/27
#NNI moves:0/236
Guide Tree 17/27
#NNI moves:0/236
Guide Tree 18/27
#NNI moves:0/236
Guide Tree 19/27
#NNI moves:1/236
Guide Tree 20/27
#NNI moves:0/236
Guide Tree 21/27
#NNI moves:0/236
Guide Tree 22/27
#NNI moves:3/236
Guide Tree 23/27
#NNI moves:0/236
Guide Tree 24/27
#NNI moves:0/236
Guide Tree 25/27
#NNI moves:0/236
Guide Tree 26/27
#NNI moves:0/236
Remaining: 0
#NNI moves:1/236
#NNI moves:1/236
(((((((((((((((((T19,T34),T40),((((T190,(T16,T112)),(T58,T200)),T146),((T94,T95),T185))),(((((T189,T49),T152),((T71,(T128,T109)),T195)),((T81,T88),(T41,T54))),T199)),T101),(((T117,T175),T8),(T113,T168))),((T149,T11),(T75,T156))),((((T176,T80),(T104,T137)),T135),((((T181,T56),(T44,T183)),((T36,T114),(T77,T158))),(((T102,T184),T14),T148)))),(((T85,T39),(T17,T64)),(T97,T52))),(((((((((T31,T162),(((T151,T165),T172),(T99,T182))),(((T130,(T62,T47)),T177),T159)),(T7,T69)),((((((T186,(T84,T18)),T157),T103),(T86,T43)),T68),(T121,T3))),T76),(((((T32,T125),(T37,T108)),(T171,T198)),T67),(((T45,T153),((T23,T13),(T29,T123))),T143))),(((((T106,T12),(T131,T188)),T46),(T192,(T132,T93))),(((T111,T140),T147),(T72,T15)))),((((((T38,((((T92,T33),T90),((T4,T26),(T53,T173))),T87)),(T179,T63)),(((T126,T122),(T124,((T141,T55),T66))),((T57,T65),T196))),(T139,T178)),(T169,(T28,T170))),(T193,T136)))),(((((T60,T24),(T161,((((T107,T150),T164),T110),(T115,T51)))),T9),((((T20,T25),T61),(T59,T91)),T70)),(((T127,T74),T78),(T79,T48)))),((T5,(T100,T42)),((T6,(T116,T2)),(T83,T144)))),(((((((T155,(T96,T82)),T1),(T194,T10)),T98),(T197,T22)),((T142,T167),(T73,T89))),((((T166,T134),(((T154,T138),((T133,T129),(T191,T187))),T119)),(T21,T120)),(T160,((T180,T30),(T163,T145)))))),T0),(T50,((T27,T105),T174))),T35),T118);
Guide Tree 0/27
#NNI moves:0/236
Guide Tree 1/27
#NNI moves:3/236
Guide Tree 2/27
#NNI moves:0/236
Guide Tree 3/27
#NNI moves:1/236
Guide Tree 4/27
#NNI moves:0/236
Guide Tree 5/27
#NNI moves:0/236
Guide Tree 6/27
#NNI moves:0/236
Guide Tree 7/27
#NNI moves:1/236
Guide Tree 8/27
#NNI moves:0/236
Guide Tree 9/27
#NNI moves:0/236
Guide Tree 10/27
#NNI moves:0/236
Guide Tree 11/27
#NNI moves:0/236
Guide Tree 12/27
#NNI moves:3/236
Guide Tree 13/27
#NNI moves:0/236
Guide Tree 14/27
#NNI moves:0/236
Guide Tree 15/27
#NNI moves:0/236
Guide Tree 16/27
#NNI moves:0/236
Guide Tree 17/27
#NNI moves:0/236
Guide Tree 18/27
#NNI moves:3/236
Guide Tree 19/27
#NNI moves:1/236
Guide Tree 20/27
#NNI moves:0/236
Guide Tree 21/27
#NNI moves:0/236
Guide Tree 22/27
#NNI moves:1/236
Guide Tree 23/27
#NNI moves:0/236
Guide Tree 24/27
#NNI moves:1/236
Guide Tree 25/27
#NNI moves:1/236
Guide Tree 26/27
#NNI moves:0/236
Remaining: 0
#NNI moves:1/236
#NNI moves:1/236
(((((((((((((((((T86,T43),((T157,((T84,T18),T186)),T103)),T68),(T3,T121)),((((((T151,T165),T172),(T99,T182)),(T162,T31)),(((T130,(T62,T47)),T177),T159)),(T7,T69))),T76),((((T45,T153),((T29,T123),(T13,T23))),T143),((((T37,T108),(T125,T32)),(T198,T171)),T67))),(((((T188,T131),(T106,T12)),T46),((T132,T93),T192)),((T147,(T140,T111)),(T72,T15)))),(((((((T124,(T66,(T141,T55))),(T122,T126)),((T57,T65),T196)),((((((T173,T53),(T4,T26)),(T90,(T92,T33))),T87),T38),(T179,T63))),(T139,T178)),((T28,T170),T169)),(T136,T193))),(((((((((((T49,T189),T152),((T71,(T128,T109)),T195)),((T81,T88),(T41,T54))),T199),(((((T200,T58),(T190,(T16,T112))),T146),((T94,T95),T185)),((T19,T34),T40))),T101),(((T175,T117),T8),(T168,T113))),((T149,T11),(T156,T75))),(((((T114,T36),(T77,T158)),((T181,T56),(T44,T183))),(T148,((T102,T184),T14))),(((T176,T80),(T104,T137)),T135))),(((T64,T17),(T39,T85)),(T97,T52)))),(((((((((T150,T107),T164),T110),(T115,T51)),T161),(T60,T24)),T9),((((T25,T20),T61),(T59,T91)),T70)),((T78,(T127,T74)),(T48,T79)))),((((T2,T116),T6),(T83,T144)),((T100,T42),T5))),(((((T180,T30),(T145,T163)),T160),(((T119,(((T133,T129),(T187,T191)),(T138,T154))),(T166,T134)),(T120,T21))),(((T142,T167),(T73,T89)),((T197,T22),((((T155,(T82,T96)),T1),(T10,T194)),T98))))),T0),(((T27,T105),T174),T50)),T35),T118);
Guide Tree 0/27
#NNI moves:0/236
Guide Tree 1/27
#NNI moves:0/236
Guide Tree 2/27
#NNI moves:0/236
Guide Tree 3/27
#NNI moves:0/236
Guide Tree 4/27
#NNI moves:0/236
Guide Tree 5/27
#NNI moves:0/236
Guide Tree 6/27
#NNI moves:0/236
Guide Tree 7/27
#NNI moves:0/236
Guide Tree 8/27
#NNI moves:0/236
Guide Tree 9/27
#NNI moves:0/236
Guide Tree 10/27
#NNI moves:0/236
Guide Tree 11/27
#NNI moves:0/236
Guide Tree 12/27
#NNI moves:0/236
Guide Tree 13/27
#NNI moves:0/236
Guide Tree 14/27
#NNI moves:0/236
Guide Tree 15/27
#NNI moves:0/236
Guide Tree 16/27
#NNI moves:0/236
Guide Tree 17/27
#NNI moves:0/236
Guide Tree 18/27
#NNI moves:1/236
Guide Tree 19/27
#NNI moves:0/236
Guide Tree 20/27
#NNI moves:0/236
Guide Tree 21/27
#NNI moves:0/236
Guide Tree 22/27
#NNI moves:0/236
Guide Tree 23/27
#NNI moves:0/236
Guide Tree 24/27
#NNI moves:0/236
Guide Tree 25/27
#NNI moves:0/236
Guide Tree 26/27
#NNI moves:0/236
Remaining: 0
#NNI moves:0/236
#NNI moves:0/236
(((((((((((((((T153,T45),((T23,T13),(T123,T29))),T143),(T67,(((T37,T108),(T125,T32)),(T198,T171)))),((((T121,T3),((((((T18,T84),T186),T157),T103),(T86,T43)),T68)),((((((T62,T47),T130),T177),T159),((T162,T31),((T172,(T151,T165)),(T99,T182)))),(T7,T69))),T76)),(((T15,T72),(T147,(T140,T111))),(((T93,T132),T192),(((T131,T188),(T106,T12)),T46)))),(((((((T57,T65),T196),((T122,T126),(T124,(T66,(T141,T55))))),((((((T4,T26),(T173,T53)),(T90,(T92,T33))),T87),T38),(T63,T179))),(T139,T178)),((T170,T28),T169)),(T193,T136))),(((((((((T34,T19),T40),(((T95,T94),T185),(T146,(((T16,T112),T190),(T58,T200))))),((((T81,T88),(T41,T54)),((T195,(T71,(T128,T109))),(T152,(T49,T189)))),T199)),T101),(((T175,T117),T8),(T113,T168))),((T156,T75),(T11,T149))),(((((T114,T36),(T77,T158)),((T56,T181),(T44,T183))),(((T184,T102),T14),T148)),(((T80,T176),(T104,T137)),T135))),(((T17,T64),(T39,T85)),(T52,T97)))),(((T79,T48),(T78,(T74,T127))),(((((T20,T25),T61),(T59,T91)),T70),(((((((T107,T150),T164),T110),(T51,T115)),T161),(T24,T60)),T9)))),((((T116,T2),T6),(T83,T144)),((T100,T42),T5))),((((T73,T89),(T142,T167)),((T197,T22),(((((T82,T96),T155),T1),(T10,T194)),T98))),(((((((T129,T133),(T191,T187)),(T154,T138)),T119),(T134,T166)),(T21,T120)),(((T30,T180),(T145,T163)),T160)))),T0),(T50,((T105,T27),T174))),T35),T118);
Initial score: 6.23599e+10
Initial tree: (((((((((((((((T153,T45),((T23,T13),(T123,T29))),T143),(T67,(((T37,T108),(T125,T32)),(T198,T171)))),((((T121,T3),((((((T18,T84),T186),T157),T103),(T86,T43)),T68)),((((((T62,T47),T130),T177),T159),((T162,T31),((T172,(T151,T165)),(T99,T182)))),(T7,T69))),T76)),(((T15,T72),(T147,(T140,T111))),(((T93,T132),T192),(((T131,T188),(T106,T12)),T46)))),(((((((T57,T65),T196),((T122,T126),(T124,(T66,(T141,T55))))),((((((T4,T26),(T173,T53)),(T90,(T92,T33))),T87),T38),(T63,T179))),(T139,T178)),((T170,T28),T169)),(T193,T136))),(((((((((T34,T19),T40),(((T95,T94),T185),(T146,(((T16,T112),T190),(T58,T200))))),((((T81,T88),(T41,T54)),((T195,(T71,(T128,T109))),(T152,(T49,T189)))),T199)),T101),(((T175,T117),T8),(T113,T168))),((T156,T75),(T11,T149))),(((((T114,T36),(T77,T158)),((T56,T181),(T44,T183))),(((T184,T102),T14),T148)),(((T80,T176),(T104,T137)),T135))),(((T17,T64),(T39,T85)),(T52,T97)))),(((T79,T48),(T78,(T74,T127))),(((((T20,T25),T61),(T59,T91)),T70),(((((((T107,T150),T164),T110),(T51,T115)),T161),(T24,T60)),T9)))),((((T116,T2),T6),(T83,T144)),((T100,T42),T5))),((((T73,T89),(T142,T167)),((T197,T22),(((((T82,T96),T155),T1),(T10,T194)),T98))),(((((((T129,T133),(T191,T187)),(T154,T138)),T119),(T134,T166)),(T21,T120)),(((T30,T180),(T145,T163)),T160)))),T0),(T50,((T105,T27),T174))),T35),T118);
*** Subsample Process ***
Use two-step algorithm!
#NNI moves:1/236
Remaining: 0
#NNI moves:3/236
#NNI moves:3/236
((((((((((((((((((((T154,T138),((T129,T133),(T187,T191))),T119),(T134,T166)),(T21,T120)),(((T180,T30),(T163,T145)),T160)),(((((T1,((T82,T96),T155)),(T194,T10)),T98),(T22,T197)),((T167,T142),(T89,T73)))),(((T35,T118),(((T105,T27),T174),T50)),T0)),((((T116,T2),T6),(T83,T144)),((T42,T100),T5))),(((((((((T150,T107),T164),T110),(T115,T51)),T161),(T60,T24)),T9),(T70,(((T20,T25),T61),(T59,T91)))),(((T74,T127),T78),(T48,T79)))),(((((((((T34,T19),T40),((((T58,T200),((T112,T16),T190)),T146),((T95,T94),T185))),(((((T71,(T109,T128)),T195),((T49,T189),T152)),((T81,T88),(T54,T41))),T199)),T101),((T8,(T175,T117)),(T168,T113))),((T156,T75),(T149,T11))),((((T80,T176),(T104,T137)),T135),((((T184,T102),T14),T148),(((T158,T77),(T114,T36)),((T183,T44),(T56,T181)))))),(((T85,T39),(T17,T64)),(T52,T97)))),((((((T38,(T87,(((T53,T173),(T4,T26)),(T90,(T92,T33))))),(T63,T179)),(((T124,((T141,T55),T66)),(T126,T122)),((T57,T65),T196))),(T178,T139)),(T169,(T170,T28))),(T136,T193))),(((T15,T72),((T111,T140),T147)),((((T188,T131),(T12,T106)),T46),(T192,(T93,T132))))),((((((T31,T162),(((T165,T151),T172),(T99,T182))),(((T130,(T47,T62)),T177),T159)),(T7,T69)),((((((T186,(T18,T84)),T157),T103),(T86,T43)),T68),(T121,T3))),T76)),(T67,(((T125,T32),(T37,T108)),(T171,T198)))),T143),(T45,T153)),(T123,T29)),T23),T13);
#NNI moves:0/236
Remaining: 0
#NNI moves:0/236
#NNI moves:0/236
(((((((((((((((((((T26,T4),(T53,T173)),(T90,(T33,T92))),T87),T38),(T179,T63)),(((T57,T65),T196),((((T141,T55),T66),T124),(T122,T126)))),(T139,T178)),((T28,T170),T169)),(T136,T193)),(((((((((T99,T182),(T172,(T165,T151))),(T31,T162)),((T177,((T47,T62),T130)),T159)),(T7,T69)),(((((((T18,T84),T186),T157),T103),(T43,T86)),T68),(T121,T3))),T76),((((T45,T153),((T13,T23),(T123,T29))),T143),((((T125,T32),(T108,T37)),(T171,T198)),T67))),(((T46,((T131,T188),(T12,T106))),((T132,T93),T192)),(((T111,T140),T147),(T72,T15))))),((((((((((((T16,T112),T190),(T58,T200)),T146),(T185,(T95,T94))),(T40,(T19,T34))),(((((T189,T49),T152),(((T128,T109),T71),T195)),((T41,T54),(T81,T88))),T199)),T101),((T8,(T175,T117)),(T168,T113))),((T75,T156),(T11,T149))),(((((T184,T102),T14),T148),(((T183,T44),(T181,T56)),((T158,T77),(T114,T36)))),(((T104,T137),(T80,T176)),T135))),((T52,T97),((T64,T17),(T39,T85))))),((((((((T164,(T150,T107)),T110),(T51,T115)),T161),(T24,T60)),T9),((((T25,T20),T61),(T59,T91)),T70)),((T48,T79),((T74,T127),T78)))),(((T144,T83),((T2,T116),T6)),((T100,T42),T5))),((((T98,((((T96,T82),T155),T1),(T194,T10))),(T22,T197)),((T73,T89),(T142,T167))),((((T30,T180),(T145,T163)),T160),(((T166,T134),(((T154,T138),((T187,T191),(T129,T133))),T119)),(T21,T120))))),T0),(((T105,T27),T174),T50)),T118),T35);
#NNI moves:0/236
Remaining: 0
#NNI moves:10/236
#NNI moves:10/236
((((((((((((((((((((((((T49,T189),T152),(T195,((T128,T109),T71))),((T41,T54),(T88,T81))),T199),(((((T58,T200),(T190,(T16,T112))),T146),((T95,T94),T185)),(T40,(T34,T19)))),T101),((T8,(T117,T175)),(T113,T168))),((T75,T156),(T149,T11))),((((T14,(T184,T102)),T148),(((T36,T114),(T158,T77)),((T56,T181),(T183,T44)))),(((T137,T104),(T176,T80)),T135))),((T97,T52),((T39,T85),(T17,T64)))),(((((((T21,T120),((T119,((T138,T154),((T133,T129),(T191,T187)))),(T134,T166))),(((T30,T180),(T145,T163)),T160)),(((((((T96,T82),T155),T1),(T194,T10)),T98),(T197,T22)),((T142,T167),(T89,T73)))),(((((T27,T105),T174),T50),(T118,T35)),T0)),((((T116,T2),T6),(T144,T83)),(T5,(T42,T100)))),(((T48,T79),((T74,T127),T78)),((((((((T107,T150),T164),T110),(T51,T115)),T161),(T60,T24)),T9),(((T59,T91),((T25,T20),T61)),T70))))),((((((T188,T131),(T106,T12)),T46),(T192,(T132,T93))),(((T140,T111),T147),(T72,T15))),(((((T121,T3),(T68,((((T186,(T18,T84)),T157),T103),(T86,T43)))),((((((T165,T151),T172),(T99,T182)),(T31,T162)),((T177,((T47,T62),T130)),T159)),(T7,T69))),T76),(((((T29,T123),(T13,T23)),(T45,T153)),T143),((((T125,T32),(T108,T37)),(T171,T198)),T67))))),(T193,T136)),((T170,T28),T169)),(T139,T178)),(((((T55,T141),T66),T124),(T126,T122)),(T196,(T65,T57)))),(T179,T63)),T38),T87),((T53,T173),(T4,T26))),T90),T33),T92);
#NNI moves:0/236
Remaining: 0
#NNI moves:1/236
#NNI moves:1/236
(((((((((((((((T121,T3),(T68,(((((T84,T18),T186),T157),T103),(T43,T86)))),(((((T182,T99),((T151,T165),T172)),(T31,T162)),(T159,(T177,((T62,T47),T130)))),(T7,T69))),T76),(((((T125,T32),(T108,T37)),(T171,T198)),T67),(((T153,T45),((T123,T29),(T23,T13))),T143))),(((T147,(T111,T140)),(T72,T15)),((((T12,T106),(T131,T188)),T46),(T192,(T132,T93))))),((((((((((T53,T173),(T4,T26)),(T90,(T92,T33))),T87),T38),(T63,T179)),(((T122,T126),(((T55,T141),T66),T124)),(T196,(T57,T65)))),(T139,T178)),((T170,T28),T169)),(T136,T193))),(((((((T183,T44),(T181,T56)),((T36,T114),(T158,T77))),(((T102,T184),T14),T148)),(((T80,T176),(T137,T104)),T135)),(((((((((T49,T189),T152),(T195,((T109,T128),T71))),((T88,T81),(T41,T54))),T199),(((((T190,(T16,T112)),(T200,T58)),T146),((T94,T95),T185)),((T19,T34),T40))),T101),((T168,T113),(T8,(T175,T117)))),((T156,T75),(T149,T11)))),(((T85,T39),(T64,T17)),(T52,T97)))),(((T48,T79),((T127,T74),T78)),((((((((T150,T107),T164),T110),(T115,T51)),T161),(T24,T60)),T9),((((T20,T25),T61),(T91,T59)),T70)))),((T5,(T100,T42)),((T83,T144),(T6,(T116,T2))))),(((((((T154,T138),((T129,T133),(T187,T191))),T119),(T166,T134)),(T21,T120)),(((T163,T145),(T30,T180)),T160)),(((((T194,T10),(T1,(T155,(T82,T96)))),T98),(T197,T22)),((T142,T167),(T89,T73))))),T0),(((T105,T27),T174),T50)),T118),T35);
Current score: 6.23599e+10
Current tree: (((((((((((((((T121,T3),(T68,(((((T84,T18),T186),T157),T103),(T43,T86)))),(((((T182,T99),((T151,T165),T172)),(T31,T162)),(T159,(T177,((T62,T47),T130)))),(T7,T69))),T76),(((((T125,T32),(T108,T37)),(T171,T198)),T67),(((T153,T45),((T123,T29),(T23,T13))),T143))),(((T147,(T111,T140)),(T72,T15)),((((T12,T106),(T131,T188)),T46),(T192,(T132,T93))))),((((((((((T53,T173),(T4,T26)),(T90,(T92,T33))),T87),T38),(T63,T179)),(((T122,T126),(((T55,T141),T66),T124)),(T196,(T57,T65)))),(T139,T178)),((T170,T28),T169)),(T136,T193))),(((((((T183,T44),(T181,T56)),((T36,T114),(T158,T77))),(((T102,T184),T14),T148)),(((T80,T176),(T137,T104)),T135)),(((((((((T49,T189),T152),(T195,((T109,T128),T71))),((T88,T81),(T41,T54))),T199),(((((T190,(T16,T112)),(T200,T58)),T146),((T94,T95),T185)),((T19,T34),T40))),T101),((T168,T113),(T8,(T175,T117)))),((T156,T75),(T149,T11)))),(((T85,T39),(T64,T17)),(T52,T97)))),(((T48,T79),((T127,T74),T78)),((((((((T150,T107),T164),T110),(T115,T51)),T161),(T24,T60)),T9),((((T20,T25),T61),(T91,T59)),T70)))),((T5,(T100,T42)),((T83,T144),(T6,(T116,T2))))),(((((((T154,T138),((T129,T133),(T187,T191))),T119),(T166,T134)),(T21,T120)),(((T163,T145),(T30,T180)),T160)),(((((T194,T10),(T1,(T155,(T82,T96)))),T98),(T197,T22)),((T142,T167),(T89,T73))))),T0),(((T105,T27),T174),T50)),T35),T118);
Final Tree: (((((((((((((((T121,T3),(T68,(((((T84,T18),T186),T157),T103),(T43,T86)))),(((((T182,T99),((T151,T165),T172)),(T31,T162)),(T159,(T177,((T62,T47),T130)))),(T7,T69))),T76),(((((T125,T32),(T108,T37)),(T171,T198)),T67),(((T153,T45),((T123,T29),(T23,T13))),T143))),(((T147,(T111,T140)),(T72,T15)),((((T12,T106),(T131,T188)),T46),(T192,(T132,T93))))),((((((((((T53,T173),(T4,T26)),(T90,(T92,T33))),T87),T38),(T63,T179)),(((T122,T126),(((T55,T141),T66),T124)),(T196,(T57,T65)))),(T139,T178)),((T170,T28),T169)),(T136,T193))),(((((((T183,T44),(T181,T56)),((T36,T114),(T158,T77))),(((T102,T184),T14),T148)),(((T80,T176),(T137,T104)),T135)),(((((((((T49,T189),T152),(T195,((T109,T128),T71))),((T88,T81),(T41,T54))),T199),(((((T190,(T16,T112)),(T200,T58)),T146),((T94,T95),T185)),((T19,T34),T40))),T101),((T168,T113),(T8,(T175,T117)))),((T156,T75),(T149,T11)))),(((T85,T39),(T64,T17)),(T52,T97)))),(((T48,T79),((T127,T74),T78)),((((((((T150,T107),T164),T110),(T115,T51)),T161),(T24,T60)),T9),((((T20,T25),T61),(T91,T59)),T70)))),((T5,(T100,T42)),((T83,T144),(T6,(T116,T2))))),(((((((T154,T138),((T129,T133),(T187,T191))),T119),(T166,T134)),(T21,T120)),(((T163,T145),(T30,T180)),T160)),(((((T194,T10),(T1,(T155,(T82,T96)))),T98),(T197,T22)),((T142,T167),(T89,T73))))),T0),(((T105,T27),T174),T50)),T35),T118);
Score: 6.23598903e+10

real	1m55.640s
user	26m2.298s
sys	0m28.033s
