Iteration 1:
Accurate Species Tree EstimatoR from Independent Site Kernals
Version: v1.13.0.0
#Base: 658501125
#Species: 201
#Rounds: 1
#Samples: 0
#Threads: 64
Use two-step algorithm!
Guide Tree 0/27
#NNI moves:0/236
Guide Tree 1/27
#NNI moves:0/236
Guide Tree 2/27
#NNI moves:0/236
Guide Tree 3/27
#NNI moves:0/236
Guide Tree 4/27
#NNI moves:0/236
Guide Tree 5/27
#NNI moves:0/236
Guide Tree 6/27
#NNI moves:0/236
Guide Tree 7/27
#NNI moves:0/236
Guide Tree 8/27
#NNI moves:0/236
Guide Tree 9/27
#NNI moves:0/236
Guide Tree 10/27
#NNI moves:1/236
Guide Tree 11/27
#NNI moves:0/236
Guide Tree 12/27
#NNI moves:0/236
Guide Tree 13/27
#NNI moves:0/236
Guide Tree 14/27
#NNI moves:0/236
Guide Tree 15/27
#NNI moves:0/236
Guide Tree 16/27
#NNI moves:0/236
Guide Tree 17/27
#NNI moves:0/236
Guide Tree 18/27
#NNI moves:0/236
Guide Tree 19/27
#NNI moves:0/236
Guide Tree 20/27
#NNI moves:0/236
Guide Tree 21/27
#NNI moves:0/236
Guide Tree 22/27
#NNI moves:0/236
Guide Tree 23/27
#NNI moves:0/236
Guide Tree 24/27
#NNI moves:0/236
Guide Tree 25/27
#NNI moves:0/236
Guide Tree 26/27
#NNI moves:0/236
Remaining: 0
#NNI moves:0/236
#NNI moves:0/236
(((((((((((((T140,T111),T147),(T15,T72)),((((T106,T12),(T131,T188)),T46),((T93,T132),T192))),((((((T123,T29),(T23,T13)),(T153,T45)),T143),(((T171,T198),((T125,T32),(T108,T37))),T67)),((((((T177,((T62,T47),T130)),T159),((((T165,T151),T172),(T182,T99)),(T162,T31))),(T7,T69)),((((T103,((T186,(T18,T84)),T157)),(T43,T86)),T68),(T121,T3))),T76))),((((((((T66,(T55,T141)),T124),(T126,T122)),((T65,T57),T196)),((T63,T179),((T87,(((T33,T92),T90),((T53,T173),(T26,T4)))),T38))),(T139,T178)),((T28,T170),T169)),(T193,T136))),(((((((((T54,T41),(T81,T88)),((T152,(T49,T189)),((T71,(T128,T109)),T195))),T199),(((T146,((T190,(T112,T16)),(T200,T58))),((T95,T94),T185)),((T34,T19),T40))),T101),(((T117,T175),T8),(T168,T113))),((((((T102,T184),T14),T148),(((T181,T56),(T183,T44)),((T36,T114),(T158,T77)))),(T135,((T104,T137),(T80,T176)))),((T75,T156),(T149,T11)))),((T52,T97),((T64,T17),(T39,T85))))),((((((T24,T60),(((((T107,T150),T164),T110),(T115,T51)),T161)),T9),(((T61,(T25,T20)),(T59,T91)),T70)),(((T74,T127),T78),(T48,T79))),((((T116,T2),T6),(T83,T144)),(T5,(T42,T100))))),((((T21,T120),((((T138,T154),(T187,T191)),(T129,T133)),((T134,T166),T119))),(T160,((T30,T180),(T145,T163)))),(((((((T82,T96),T155),T1),(T194,T10)),T98),(T22,T197)),((T89,T73),(T167,T142))))),T0),(T50,(T174,(T27,T105)))),T35),T118);
Initial score: 2.61899e+10
Initial tree: (((((((((((((T140,T111),T147),(T15,T72)),((((T106,T12),(T131,T188)),T46),((T93,T132),T192))),((((((T123,T29),(T23,T13)),(T153,T45)),T143),(((T171,T198),((T125,T32),(T108,T37))),T67)),((((((T177,((T62,T47),T130)),T159),((((T165,T151),T172),(T182,T99)),(T162,T31))),(T7,T69)),((((T103,((T186,(T18,T84)),T157)),(T43,T86)),T68),(T121,T3))),T76))),((((((((T66,(T55,T141)),T124),(T126,T122)),((T65,T57),T196)),((T63,T179),((T87,(((T33,T92),T90),((T53,T173),(T26,T4)))),T38))),(T139,T178)),((T28,T170),T169)),(T193,T136))),(((((((((T54,T41),(T81,T88)),((T152,(T49,T189)),((T71,(T128,T109)),T195))),T199),(((T146,((T190,(T112,T16)),(T200,T58))),((T95,T94),T185)),((T34,T19),T40))),T101),(((T117,T175),T8),(T168,T113))),((((((T102,T184),T14),T148),(((T181,T56),(T183,T44)),((T36,T114),(T158,T77)))),(T135,((T104,T137),(T80,T176)))),((T75,T156),(T149,T11)))),((T52,T97),((T64,T17),(T39,T85))))),((((((T24,T60),(((((T107,T150),T164),T110),(T115,T51)),T161)),T9),(((T61,(T25,T20)),(T59,T91)),T70)),(((T74,T127),T78),(T48,T79))),((((T116,T2),T6),(T83,T144)),(T5,(T42,T100))))),((((T21,T120),((((T138,T154),(T187,T191)),(T129,T133)),((T134,T166),T119))),(T160,((T30,T180),(T145,T163)))),(((((((T82,T96),T155),T1),(T194,T10)),T98),(T22,T197)),((T89,T73),(T167,T142))))),T0),(T50,(T174,(T27,T105)))),T35),T118);
*** Subsample Process ***
Current score: 2.61899e+10
Current tree: (((((((((((((T140,T111),T147),(T15,T72)),((((T106,T12),(T131,T188)),T46),((T93,T132),T192))),((((((T123,T29),(T23,T13)),(T153,T45)),T143),(((T171,T198),((T125,T32),(T108,T37))),T67)),((((((T177,((T62,T47),T130)),T159),((((T165,T151),T172),(T182,T99)),(T162,T31))),(T7,T69)),((((T103,((T186,(T18,T84)),T157)),(T43,T86)),T68),(T121,T3))),T76))),((((((((T66,(T55,T141)),T124),(T126,T122)),((T65,T57),T196)),((T63,T179),((T87,(((T33,T92),T90),((T53,T173),(T26,T4)))),T38))),(T139,T178)),((T28,T170),T169)),(T193,T136))),(((((((((T54,T41),(T81,T88)),((T152,(T49,T189)),((T71,(T128,T109)),T195))),T199),(((T146,((T190,(T112,T16)),(T200,T58))),((T95,T94),T185)),((T34,T19),T40))),T101),(((T117,T175),T8),(T168,T113))),((((((T102,T184),T14),T148),(((T181,T56),(T183,T44)),((T36,T114),(T158,T77)))),(T135,((T104,T137),(T80,T176)))),((T75,T156),(T149,T11)))),((T52,T97),((T64,T17),(T39,T85))))),((((((T24,T60),(((((T107,T150),T164),T110),(T115,T51)),T161)),T9),(((T61,(T25,T20)),(T59,T91)),T70)),(((T74,T127),T78),(T48,T79))),((((T116,T2),T6),(T83,T144)),(T5,(T42,T100))))),((((T21,T120),((((T138,T154),(T187,T191)),(T129,T133)),((T134,T166),T119))),(T160,((T30,T180),(T145,T163)))),(((((((T82,T96),T155),T1),(T194,T10)),T98),(T22,T197)),((T89,T73),(T167,T142))))),T0),(T50,(T174,(T27,T105)))),T35),T118);
Final Tree: (((((((((((((T140,T111),T147),(T15,T72)),((((T106,T12),(T131,T188)),T46),((T93,T132),T192))),((((((T123,T29),(T23,T13)),(T153,T45)),T143),(((T171,T198),((T125,T32),(T108,T37))),T67)),((((((T177,((T62,T47),T130)),T159),((((T165,T151),T172),(T182,T99)),(T162,T31))),(T7,T69)),((((T103,((T186,(T18,T84)),T157)),(T43,T86)),T68),(T121,T3))),T76))),((((((((T66,(T55,T141)),T124),(T126,T122)),((T65,T57),T196)),((T63,T179),((T87,(((T33,T92),T90),((T53,T173),(T26,T4)))),T38))),(T139,T178)),((T28,T170),T169)),(T193,T136))),(((((((((T54,T41),(T81,T88)),((T152,(T49,T189)),((T71,(T128,T109)),T195))),T199),(((T146,((T190,(T112,T16)),(T200,T58))),((T95,T94),T185)),((T34,T19),T40))),T101),(((T117,T175),T8),(T168,T113))),((((((T102,T184),T14),T148),(((T181,T56),(T183,T44)),((T36,T114),(T158,T77)))),(T135,((T104,T137),(T80,T176)))),((T75,T156),(T149,T11)))),((T52,T97),((T64,T17),(T39,T85))))),((((((T24,T60),(((((T107,T150),T164),T110),(T115,T51)),T161)),T9),(((T61,(T25,T20)),(T59,T91)),T70)),(((T74,T127),T78),(T48,T79))),((((T116,T2),T6),(T83,T144)),(T5,(T42,T100))))),((((T21,T120),((((T138,T154),(T187,T191)),(T129,T133)),((T134,T166),T119))),(T160,((T30,T180),(T145,T163)))),(((((((T82,T96),T155),T1),(T194,T10)),T98),(T22,T197)),((T89,T73),(T167,T142))))),T0),(T50,(T174,(T27,T105)))),T35),T118);
Score: 2.61899e+10

real	7m18.771s
user	338m57.271s
sys	0m31.552s
