Weighted ASTRAL - Hybrid
Version: v1.13.2.3
#Genetrees: 2000
#Species: 201
#Rounds: 4
#Samples: 4
#Threads: 32
Use two-step algorithm!
Guide Tree 0/27
#NNI moves:0/236
Guide Tree 1/27
#NNI moves:3/236
Guide Tree 2/27
#NNI moves:0/236
Guide Tree 3/27
#NNI moves:0/236
Guide Tree 4/27
#NNI moves:0/236
Guide Tree 5/27
#NNI moves:1/236
Guide Tree 6/27
#NNI moves:0/236
Guide Tree 7/27
#NNI moves:0/236
Guide Tree 8/27
#NNI moves:0/236
Guide Tree 9/27
#NNI moves:1/236
Guide Tree 10/27
#NNI moves:0/236
Guide Tree 11/27
#NNI moves:0/236
Guide Tree 12/27
#NNI moves:0/236
Guide Tree 13/27
#NNI moves:0/236
Guide Tree 14/27
#NNI moves:0/236
Guide Tree 15/27
#NNI moves:0/236
Guide Tree 16/27
#NNI moves:0/236
Guide Tree 17/27
#NNI moves:0/236
Guide Tree 18/27
#NNI moves:1/236
Guide Tree 19/27
#NNI moves:0/236
Guide Tree 20/27
#NNI moves:0/236
Guide Tree 21/27
#NNI moves:0/236
Guide Tree 22/27
#NNI moves:0/236
Guide Tree 23/27
#NNI moves:0/236
Guide Tree 24/27
#NNI moves:0/236
Guide Tree 25/27
#NNI moves:0/236
Guide Tree 26/27
#NNI moves:3/236
Remaining: 0
#NNI moves:2/236
#NNI moves:2/236
((((((((((((((((((((((T49,T34),(T83,T101)),(T68,T179)),T127),((((T168,T170),T66),(T90,T87)),(T56,T80))),(((T104,T173),T61),((T106,T53),T158))),((T21,(((T25,T42),T7),(T67,T89))),T186)),(((((T182,T163),(T63,T48)),(((T16,T93),T156),((T190,T37),(T8,T164)))),(T185,T108)),((T138,(T100,T20)),T72))),(((((T12,T77),(T133,T141)),T200),((T147,T11),T199)),(T24,(T174,T5)))),((((((T195,(T98,T145)),T22),T78),((T150,T151),(T58,T103))),(T192,T2)),(((T140,(T157,T144)),T92),((T198,T136),T30)))),((((((((T76,T57),T177),T86),T59),((T188,T113),(T4,T132))),T41),(((((T26,T137),T102),T197),(T95,T62)),T169)),(((((T99,T181),(T38,T114)),T54),(T17,T183)),T125))),((((((T75,T43),T40),T176),((T96,(T94,T105)),(T135,T84))),(((((((T143,T109),T121),T142),T91),(T79,T18)),(T119,T29)),((T33,T110),(T65,(T178,T111))))),T155)),(((T122,T172),((((T128,T97),T81),(T69,T10)),((T32,T193),T194))),(((((((T149,T71),T9),T148),T130),T52),(T39,T47)),((T153,(((T184,(T13,T45)),(T123,(T1,T154))),(T64,T129))),(T118,T134))))),T0),(T162,T175)),(((((T112,T165),(T74,T187)),(T124,T146)),((T3,T82),T51)),((((T120,(T191,T19)),T180),T70),((T15,T28),T31)))),T55),((((((T85,T139),T88),(T73,T46)),T107),(T117,T196)),(T23,T152))),((((((T60,T160),T161),T6),T126),(T171,T50)),T159)),(((T14,T44),(T167,T35)),((T36,T131),(T166,(T27,T115))))),T116),T189);
Guide Tree 0/27
#NNI moves:0/236
Guide Tree 1/27
#NNI moves:0/236
Guide Tree 2/27
#NNI moves:1/236
Guide Tree 3/27
#NNI moves:1/236
Guide Tree 4/27
#NNI moves:0/236
Guide Tree 5/27
#NNI moves:1/236
Guide Tree 6/27
#NNI moves:1/236
Guide Tree 7/27
#NNI moves:0/236
Guide Tree 8/27
#NNI moves:1/236
Guide Tree 9/27
#NNI moves:0/236
Guide Tree 10/27
#NNI moves:1/236
Guide Tree 11/27
#NNI moves:0/236
Guide Tree 12/27
#NNI moves:0/236
Guide Tree 13/27
#NNI moves:0/236
Guide Tree 14/27
#NNI moves:0/236
Guide Tree 15/27
#NNI moves:0/236
Guide Tree 16/27
#NNI moves:0/236
Guide Tree 17/27
#NNI moves:3/236
Guide Tree 18/27
#NNI moves:0/236
Guide Tree 19/27
#NNI moves:0/236
Guide Tree 20/27
#NNI moves:0/236
Guide Tree 21/27
#NNI moves:1/236
Guide Tree 22/27
#NNI moves:0/236
Guide Tree 23/27
#NNI moves:1/236
Guide Tree 24/27
#NNI moves:3/236
Guide Tree 25/27
#NNI moves:0/236
Guide Tree 26/27
#NNI moves:0/236
Remaining: 0
#NNI moves:3/236
#NNI moves:6/236
((((((((((((((((((((((T101,T83),(T49,T34)),(T68,T179)),T127),((T56,T80),((T66,(T168,T170)),(T87,T90)))),(((T53,T106),T158),((T104,T173),T61))),(T186,((((T25,T42),T7),(T89,T67)),T21))),((((((T8,T164),(T37,T190)),(T156,(T93,T16))),((T163,T182),(T48,T63))),(T108,T185)),(((T100,T20),T138),T72))),(((((T77,T12),(T133,T141)),T200),((T11,T147),T199)),(T24,(T174,T5)))),(((((((T98,T145),T195),T22),T78),((T58,T103),(T151,T150))),(T192,T2)),(((T198,T136),T30),((T140,(T157,T144)),T92)))),(((((T95,T62),((T102,(T26,T137)),T197)),T169),((((T4,T132),(T113,T188)),(((T177,(T76,T57)),T86),T59)),T41)),(((((T99,T181),(T114,T38)),T54),(T17,T183)),T125))),(((((T84,T135),(T96,(T94,T105))),(((T75,T43),T40),T176)),((((T79,T18),((T142,((T143,T109),T121)),T91)),(T29,T119)),((T65,(T178,T111)),(T110,T33)))),T155)),(((((T193,T32),T194),(((T97,T128),T81),(T69,T10))),(T172,T122)),(((T39,T47),(T52,((((T149,T71),T9),T148),T130))),((((((T1,T154),T123),((T13,T45),T184)),(T64,T129)),T153),(T134,T118))))),T0),(T175,T162)),((((T124,T146),((T112,T165),(T74,T187))),((T3,T82),T51)),((((T120,(T19,T191)),T180),T70),(T31,(T28,T15))))),T55),(((T107,(((T85,T139),T88),(T46,T73))),(T117,T196)),(T152,T23))),(((((T161,(T60,T160)),T6),T126),(T171,T50)),T159)),((((T27,T115),T166),(T131,T36)),((T44,T14),(T35,T167)))),T116),T189);
Guide Tree 0/27
#NNI moves:0/236
Guide Tree 1/27
#NNI moves:0/236
Guide Tree 2/27
#NNI moves:0/236
Guide Tree 3/27
#NNI moves:0/236
Guide Tree 4/27
#NNI moves:0/236
Guide Tree 5/27
#NNI moves:0/236
Guide Tree 6/27
#NNI moves:0/236
Guide Tree 7/27
#NNI moves:0/236
Guide Tree 8/27
#NNI moves:0/236
Guide Tree 9/27
#NNI moves:0/236
Guide Tree 10/27
#NNI moves:0/236
Guide Tree 11/27
#NNI moves:3/236
Guide Tree 12/27
#NNI moves:0/236
Guide Tree 13/27
#NNI moves:0/236
Guide Tree 14/27
#NNI moves:0/236
Guide Tree 15/27
#NNI moves:0/236
Guide Tree 16/27
#NNI moves:0/236
Guide Tree 17/27
#NNI moves:0/236
Guide Tree 18/27
#NNI moves:1/236
Guide Tree 19/27
#NNI moves:0/236
Guide Tree 20/27
#NNI moves:0/236
Guide Tree 21/27
#NNI moves:0/236
Guide Tree 22/27
#NNI moves:0/236
Guide Tree 23/27
#NNI moves:0/236
Guide Tree 24/27
#NNI moves:3/236
Guide Tree 25/27
#NNI moves:0/236
Guide Tree 26/27
#NNI moves:0/236
Remaining: 0
#NNI moves:11/236
#NNI moves:11/236
((((((((((((((((((((((T87,T90),((T170,T168),T66)),(T56,T80)),(T127,(((T83,T101),(T34,T49)),(T68,T179)))),(((T53,T106),T158),((T104,T173),T61))),(T186,(((T7,(T42,T25)),(T67,T89)),T21))),((((((T16,T93),T156),((T190,T37),(T164,T8))),((T163,T182),(T48,T63))),(T185,T108)),(T72,((T100,T20),T138)))),(((((T77,T12),(T133,T141)),T200),(T199,(T147,T11))),((T174,T5),T24))),((((T78,(((T98,T145),T195),T22)),((T58,T103),(T151,T150))),(T192,T2)),(((T140,(T157,T144)),T92),(T30,(T198,T136))))),((((((T188,T113),(T132,T4)),((((T76,T57),T177),T86),T59)),T41),((((T102,(T26,T137)),T197),(T62,T95)),T169)),(((T54,((T38,T114),(T99,T181))),(T17,T183)),T125))),((((T176,(T40,(T75,T43))),((T96,(T94,T105)),(T84,T135))),(((T119,T29),((((T121,(T143,T109)),T142),T91),(T79,T18))),((T110,T33),(T65,(T178,T111))))),T155)),((((((((T71,T149),T9),T148),T130),T52),(T47,T39)),((T153,((T64,T129),(((T45,T13),T184),(T123,(T1,T154))))),(T134,T118))),(((((T128,T97),T81),(T10,T69)),((T32,T193),T194)),(T172,T122)))),T0),(((T82,T3),T51),((T124,T146),((T112,T165),(T74,T187))))),(T175,T162)),(((((T191,T19),T120),T180),T70),(T31,(T15,T28)))),T55),(((T117,T196),(((T46,T73),((T85,T139),T88)),T107)),(T152,T23))),(T159,((((T161,(T60,T160)),T6),T126),(T171,T50)))),(((T14,T44),(T35,T167)),((T131,T36),((T27,T115),T166)))),T116),T189);
Guide Tree 0/27
#NNI moves:3/236
Guide Tree 1/27
#NNI moves:4/236
Guide Tree 2/27
#NNI moves:1/236
Guide Tree 3/27
#NNI moves:0/236
Guide Tree 4/27
#NNI moves:0/236
Guide Tree 5/27
#NNI moves:1/236
Guide Tree 6/27
#NNI moves:6/236
Guide Tree 7/27
#NNI moves:0/236
Guide Tree 8/27
#NNI moves:1/236
Guide Tree 9/27
#NNI moves:2/236
Guide Tree 10/27
#NNI moves:0/236
Guide Tree 11/27
#NNI moves:1/236
Guide Tree 12/27
#NNI moves:0/236
Guide Tree 13/27
#NNI moves:2/236
Guide Tree 14/27
#NNI moves:1/236
Guide Tree 15/27
#NNI moves:1/236
Guide Tree 16/27
#NNI moves:0/236
Guide Tree 17/27
#NNI moves:6/236
Guide Tree 18/27
#NNI moves:3/236
Guide Tree 19/27
#NNI moves:3/236
Guide Tree 20/27
#NNI moves:1/236
Guide Tree 21/27
#NNI moves:5/236
Guide Tree 22/27
#NNI moves:0/236
Guide Tree 23/27
#NNI moves:1/236
Guide Tree 24/27
#NNI moves:4/236
Guide Tree 25/27
#NNI moves:1/236
Guide Tree 26/27
#NNI moves:1/236
Remaining: 0
#NNI moves:0/236
#NNI moves:0/236
(((((((((((((((((((((T93,T16),T156),((T37,T190),(T8,T164))),((T182,T163),(T63,T48))),(T185,T108)),(((T20,T100),T138),T72)),(((((T7,(T25,T42)),(T67,T89)),T21),T186),((((((T168,T170),T66),(T87,T90)),(T56,T80)),(((T68,T179),((T34,T49),(T101,T83))),T127)),(((T173,T104),T61),((T53,T106),T158))))),(((T200,((T12,T77),(T133,T141))),(T199,(T147,T11))),((T5,T174),T24))),(((((T103,T58),(T150,T151)),((T22,((T145,T98),T195)),T78)),(T2,T192)),(((T198,T136),T30),(T92,((T144,T157),T140))))),((((T183,T17),(T54,((T114,T38),(T99,T181)))),T125),((((((T177,(T57,T76)),T86),T59),((T132,T4),(T113,T188))),T41),(((T62,T95),((T102,(T26,T137)),T197)),T169)))),(((((T29,T119),(((T142,((T109,T143),T121)),T91),(T79,T18))),(((T178,T111),T65),(T110,T33))),((((T75,T43),T40),T176),((T135,T84),((T94,T105),T96)))),T155)),(((((T193,T32),T194),((T10,T69),((T128,T97),T81))),(T172,T122)),(((T134,T118),(T153,(((T184,(T13,T45)),((T1,T154),T123)),(T64,T129)))),((T47,T39),(T52,((((T71,T149),T9),T148),T130)))))),T0),(T175,T162)),(((((T74,T187),(T112,T165)),(T124,T146)),(T51,(T3,T82))),(((T180,(T120,(T191,T19))),T70),((T15,T28),T31)))),T55),(((((T73,T46),((T85,T139),T88)),T107),(T117,T196)),(T152,T23))),(((T126,(T6,((T60,T160),T161))),(T171,T50)),T159)),(((T44,T14),(T35,T167)),((T36,T131),((T115,T27),T166)))),T116),T189);
Initial score: 5.21894e+10
Initial tree: (((((((((((((((((((((T93,T16),T156),((T37,T190),(T8,T164))),((T182,T163),(T63,T48))),(T185,T108)),(((T20,T100),T138),T72)),(((((T7,(T25,T42)),(T67,T89)),T21),T186),((((((T168,T170),T66),(T87,T90)),(T56,T80)),(((T68,T179),((T34,T49),(T101,T83))),T127)),(((T173,T104),T61),((T53,T106),T158))))),(((T200,((T12,T77),(T133,T141))),(T199,(T147,T11))),((T5,T174),T24))),(((((T103,T58),(T150,T151)),((T22,((T145,T98),T195)),T78)),(T2,T192)),(((T198,T136),T30),(T92,((T144,T157),T140))))),((((T183,T17),(T54,((T114,T38),(T99,T181)))),T125),((((((T177,(T57,T76)),T86),T59),((T132,T4),(T113,T188))),T41),(((T62,T95),((T102,(T26,T137)),T197)),T169)))),(((((T29,T119),(((T142,((T109,T143),T121)),T91),(T79,T18))),(((T178,T111),T65),(T110,T33))),((((T75,T43),T40),T176),((T135,T84),((T94,T105),T96)))),T155)),(((((T193,T32),T194),((T10,T69),((T128,T97),T81))),(T172,T122)),(((T134,T118),(T153,(((T184,(T13,T45)),((T1,T154),T123)),(T64,T129)))),((T47,T39),(T52,((((T71,T149),T9),T148),T130)))))),T0),(T175,T162)),(((((T74,T187),(T112,T165)),(T124,T146)),(T51,(T3,T82))),(((T180,(T120,(T191,T19))),T70),((T15,T28),T31)))),T55),(((((T73,T46),((T85,T139),T88)),T107),(T117,T196)),(T152,T23))),(((T126,(T6,((T60,T160),T161))),(T171,T50)),T159)),(((T44,T14),(T35,T167)),((T36,T131),((T115,T27),T166)))),T116),T189);
*** Subsample Process ***
Use two-step algorithm!
#NNI moves:4/236
Remaining: 0
#NNI moves:5/236
#NNI moves:5/236
(((((((((((((((((((((((T14,T44),(T35,T167)),((T36,T131),((T115,T27),T166))),(T116,T189)),(T159,((T50,T171),((((T60,T160),T161),T6),T126)))),(((((T46,T73),((T139,T85),T88)),T107),(T117,T196)),(T23,T152))),T55),((T70,(T180,(T120,(T191,T19)))),(T31,(T15,T28)))),(T162,T175)),(((T3,T82),T51),(((T187,T74),(T112,T165)),(T146,T124)))),T0),((((T39,T47),(T52,((((T71,T149),T9),T148),T130))),((T134,T118),((((T123,(T154,T1)),((T13,T45),T184)),(T129,T64)),T153))),((T172,T122),(((T193,T32),T194),(((T128,T97),T81),(T69,T10)))))),(((((T29,T119),(((T142,((T109,T143),T121)),T91),(T79,T18))),((T33,T110),((T111,T178),T65))),(((T96,(T94,T105)),(T84,T135)),(((T75,T43),T40),T176))),T155)),((((((((T76,T57),T177),T86),T59),((T132,T4),(T113,T188))),T41),((((T102,(T26,T137)),T197),(T95,T62)),T169)),(((T183,T17),(((T114,T38),(T99,T181)),T54)),T125))),(((T92,((T144,T157),T140)),((T198,T136),T30)),((((T151,T150),(T58,T103)),((((T98,T145),T195),T22),T78)),(T192,T2)))),(((((T12,T77),(T133,T141)),T200),((T11,T147),T199)),((T5,T174),T24))),((((((T42,T25),T7),(T89,T67)),T21),T186),((((((T34,T49),(T101,T83)),(T179,T68)),T127),((T56,T80),((T87,T90),((T170,T168),T66)))),(((T53,T106),T158),((T173,T104),T61))))),(((T20,T100),T138),T72)),(T185,T108)),(((T16,T93),T156),((T8,T164),(T37,T190)))),(T63,T48)),T182),T163);
#NNI moves:0/236
Remaining: 0
#NNI moves:2/236
#NNI moves:2/236
(((((((((((((((((((T127,((T179,T68),((T49,T34),(T83,T101)))),((T80,T56),(((T170,T168),T66),(T90,T87)))),(((T106,T53),T158),(T61,(T104,T173)))),((T21,(((T25,T42),T7),(T89,T67))),T186)),((T72,(T138,(T100,T20))),(((((T164,T8),(T190,T37)),(T156,(T93,T16))),((T63,T48),(T182,T163))),(T108,T185)))),(((((T133,T141),(T12,T77)),T200),((T11,T147),T199)),(T24,(T5,T174)))),(((((T144,T157),T140),T92),((T198,T136),T30)),((((T150,T151),(T58,T103)),((((T98,T145),T195),T22),T78)),(T2,T192)))),((((((((T57,T76),T177),T86),T59),((T132,T4),(T188,T113))),T41),(((((T26,T137),T102),T197),(T62,T95)),T169)),(((T183,T17),(((T38,T114),(T99,T181)),T54)),T125))),(((((T110,T33),(T65,(T178,T111))),((((((T109,T143),T121),T142),T91),(T79,T18)),(T119,T29))),(((T84,T135),(T96,(T105,T94))),(T176,((T75,T43),T40)))),T155)),((((((T148,((T149,T71),T9)),T130),T52),(T39,T47)),((((((T154,T1),T123),(T184,(T13,T45))),(T129,T64)),T153),(T134,T118))),((((T69,T10),((T128,T97),T81)),(T194,(T193,T32))),(T122,T172)))),T0),(T162,T175)),(((T51,(T3,T82)),(((T165,T112),(T74,T187)),(T124,T146))),(((T15,T28),T31),(((T120,(T191,T19)),T180),T70)))),T55),(((((T73,T46),((T85,T139),T88)),T107),(T196,T117)),(T152,T23))),((((((T160,T60),T161),T6),T126),(T171,T50)),T159)),(((T36,T131),((T115,T27),T166)),((T44,T14),(T35,T167)))),T189),T116);
#NNI moves:0/236
Remaining: 0
#NNI moves:5/236
#NNI moves:5/236
(((((((((((((((((((((((T14,T44),(T167,T35)),((T131,T36),((T27,T115),T166))),(T189,T116)),((((T6,(T161,(T60,T160))),T126),(T171,T50)),T159)),((((((T85,T139),T88),(T46,T73)),T107),(T196,T117)),(T152,T23))),T55),((((T3,T82),T51),((T124,T146),((T74,T187),(T165,T112)))),(((T28,T15),T31),(((T120,(T19,T191)),T180),T70)))),(T175,T162)),T0),((((((((T13,T45),T184),((T154,T1),T123)),(T129,T64)),T153),(T118,T134)),(((((T9,(T71,T149)),T148),T130),T52),(T47,T39))),(((((T128,T97),T81),(T10,T69)),((T32,T193),T194)),(T122,T172)))),((((T176,(T40,(T43,T75))),(((T94,T105),T96),(T84,T135))),(((T33,T110),((T111,T178),T65)),((((T142,(T121,(T109,T143))),T91),(T18,T79)),(T119,T29)))),T155)),(((((((T177,(T57,T76)),T86),T59),((T113,T188),(T4,T132))),T41),(((T95,T62),(((T26,T137),T102),T197)),T169)),(((((T114,T38),(T99,T181)),T54),(T183,T17)),T125))),(((((T151,T150),(T103,T58)),((((T145,T98),T195),T22),T78)),(T192,T2)),((((T157,T144),T140),T92),((T198,T136),T30)))),(((((T12,T77),(T133,T141)),T200),((T147,T11),T199)),((T5,T174),T24))),((((((T164,T8),(T37,T190)),(T156,(T16,T93))),((T48,T63),(T163,T182))),(T108,T185)),(T72,((T20,T100),T138)))),((((T106,T53),T158),(T61,(T173,T104))),(((((T170,T168),T66),(T87,T90)),(T80,T56)),(T127,(((T49,T34),(T101,T83)),(T68,T179)))))),T186),T21),(T89,T67)),T7),T42),T25);
#NNI moves:1/236
Remaining: 0
#NNI moves:6/236
#NNI moves:6/236
((((((((((((((((((((((T49,T34),(T83,T101)),(T68,T179)),T127),((T56,T80),(((T168,T170),T66),(T90,T87)))),((T61,(T104,T173)),(T158,(T106,T53)))),((((T89,T67),((T42,T25),T7)),T21),T186)),((((((T164,T8),(T190,T37)),((T93,T16),T156)),((T48,T63),(T182,T163))),(T185,T108)),(((T20,T100),T138),T72))),(((((T77,T12),(T141,T133)),T200),(T199,(T11,T147))),(T24,(T5,T174)))),(((((T103,T58),(T150,T151)),((((T145,T98),T195),T22),T78)),(T2,T192)),((T92,(T140,(T157,T144))),((T136,T198),T30)))),((((((((T76,T57),T177),T86),T59),((T113,T188),(T132,T4))),T41),(((((T137,T26),T102),T197),(T95,T62)),T169)),(T125,((((T38,T114),(T181,T99)),T54),(T17,T183))))),((((T176,((T43,T75),T40)),(((T94,T105),T96),(T84,T135))),((((T111,T178),T65),(T110,T33)),(((T91,((T121,(T109,T143)),T142)),(T18,T79)),(T29,T119)))),T155)),((((((((T154,T1),T123),((T13,T45),T184)),(T129,T64)),T153),(T118,T134)),(((T130,(((T71,T149),T9),T148)),T52),(T47,T39))),(((((T128,T97),T81),(T69,T10)),((T193,T32),T194)),(T122,T172)))),T0),(T175,T162)),((((T124,T146),((T112,T165),(T187,T74))),(T51,(T82,T3))),((((T120,(T191,T19)),T180),T70),((T28,T15),T31)))),T55),((T152,T23),(((((T139,T85),T88),(T46,T73)),T107),(T196,T117)))),(((T50,T171),(((T161,(T160,T60)),T6),T126)),T159)),((((T115,T27),T166),(T36,T131)),((T167,T35),(T14,T44)))),T189),T116);
Current score: 5.21894e+10
Current tree: ((((((((((((((((((((((T49,T34),(T83,T101)),(T68,T179)),T127),((T56,T80),(((T168,T170),T66),(T90,T87)))),((T61,(T104,T173)),(T158,(T106,T53)))),((((T89,T67),((T42,T25),T7)),T21),T186)),((((((T164,T8),(T190,T37)),((T93,T16),T156)),((T48,T63),(T182,T163))),(T185,T108)),(((T20,T100),T138),T72))),(((((T77,T12),(T141,T133)),T200),(T199,(T11,T147))),(T24,(T5,T174)))),(((((T103,T58),(T150,T151)),((((T145,T98),T195),T22),T78)),(T2,T192)),((T92,(T140,(T157,T144))),((T136,T198),T30)))),((((((((T76,T57),T177),T86),T59),((T113,T188),(T132,T4))),T41),(((((T137,T26),T102),T197),(T95,T62)),T169)),(T125,((((T38,T114),(T181,T99)),T54),(T17,T183))))),((((T176,((T43,T75),T40)),(((T94,T105),T96),(T84,T135))),((((T111,T178),T65),(T110,T33)),(((T91,((T121,(T109,T143)),T142)),(T18,T79)),(T29,T119)))),T155)),((((((((T154,T1),T123),((T13,T45),T184)),(T129,T64)),T153),(T118,T134)),(((T130,(((T71,T149),T9),T148)),T52),(T47,T39))),(((((T128,T97),T81),(T69,T10)),((T193,T32),T194)),(T122,T172)))),T0),(T175,T162)),((((T124,T146),((T112,T165),(T187,T74))),(T51,(T82,T3))),((((T120,(T191,T19)),T180),T70),((T28,T15),T31)))),T55),((T152,T23),(((((T139,T85),T88),(T46,T73)),T107),(T196,T117)))),(((T50,T171),(((T161,(T160,T60)),T6),T126)),T159)),((((T115,T27),T166),(T36,T131)),((T167,T35),(T14,T44)))),T116),T189);
Final Tree: ((((((((((((((((((((((T49,T34),(T83,T101)),(T68,T179)),T127),((T56,T80),(((T168,T170),T66),(T90,T87)))),((T61,(T104,T173)),(T158,(T106,T53)))),((((T89,T67),((T42,T25),T7)),T21),T186)),((((((T164,T8),(T190,T37)),((T93,T16),T156)),((T48,T63),(T182,T163))),(T185,T108)),(((T20,T100),T138),T72))),(((((T77,T12),(T141,T133)),T200),(T199,(T11,T147))),(T24,(T5,T174)))),(((((T103,T58),(T150,T151)),((((T145,T98),T195),T22),T78)),(T2,T192)),((T92,(T140,(T157,T144))),((T136,T198),T30)))),((((((((T76,T57),T177),T86),T59),((T113,T188),(T132,T4))),T41),(((((T137,T26),T102),T197),(T95,T62)),T169)),(T125,((((T38,T114),(T181,T99)),T54),(T17,T183))))),((((T176,((T43,T75),T40)),(((T94,T105),T96),(T84,T135))),((((T111,T178),T65),(T110,T33)),(((T91,((T121,(T109,T143)),T142)),(T18,T79)),(T29,T119)))),T155)),((((((((T154,T1),T123),((T13,T45),T184)),(T129,T64)),T153),(T118,T134)),(((T130,(((T71,T149),T9),T148)),T52),(T47,T39))),(((((T128,T97),T81),(T69,T10)),((T193,T32),T194)),(T122,T172)))),T0),(T175,T162)),((((T124,T146),((T112,T165),(T187,T74))),(T51,(T82,T3))),((((T120,(T191,T19)),T180),T70),((T28,T15),T31)))),T55),((T152,T23),(((((T139,T85),T88),(T46,T73)),T107),(T196,T117)))),(((T50,T171),(((T161,(T160,T60)),T6),T126)),T159)),((((T115,T27),T166),(T36,T131)),((T167,T35),(T14,T44)))),T116),T189);
Score: 5.218938667e+10

real	1m26.144s
user	19m1.956s
sys	0m24.613s
