Accurate Species Tree EstimatoR from Independent Site Kernals
Version: v1.13.0.0
#Base: 1727634798
#Species: 201
#Rounds: 1
#Samples: 0
#Threads: 64
Use two-step algorithm!
Guide Tree 0/27
#NNI moves:0/236
Guide Tree 1/27
#NNI moves:1/236
Guide Tree 2/27
#NNI moves:0/236
Guide Tree 3/27
#NNI moves:0/236
Guide Tree 4/27
#NNI moves:0/236
Guide Tree 5/27
#NNI moves:0/236
Guide Tree 6/27
#NNI moves:0/236
Guide Tree 7/27
#NNI moves:0/236
Guide Tree 8/27
#NNI moves:0/236
Guide Tree 9/27
#NNI moves:0/236
Guide Tree 10/27
#NNI moves:0/236
Guide Tree 11/27
#NNI moves:0/236
Guide Tree 12/27
#NNI moves:0/236
Guide Tree 13/27
#NNI moves:1/236
Guide Tree 14/27
#NNI moves:0/236
Guide Tree 15/27
#NNI moves:0/236
Guide Tree 16/27
#NNI moves:0/236
Guide Tree 17/27
#NNI moves:0/236
Guide Tree 18/27
#NNI moves:0/236
Guide Tree 19/27
#NNI moves:0/236
Guide Tree 20/27
#NNI moves:1/236
Guide Tree 21/27
#NNI moves:0/236
Guide Tree 22/27
#NNI moves:0/236
Guide Tree 23/27
#NNI moves:0/236
Guide Tree 24/27
#NNI moves:0/236
Guide Tree 25/27
#NNI moves:0/236
Guide Tree 26/27
#NNI moves:0/236
Remaining: 0
#NNI moves:0/236
#NNI moves:0/236
((((((((((((((((T199,T72),T138),T195),(T111,T171)),(T180,T157)),(T79,T152)),(T127,T124)),((((T69,(T31,T125)),T187),(T63,T39)),T100)),((T56,((T33,T42),T107)),(((T189,T52),T5),(T90,T184)))),((((T12,T27),T18),(((((((T130,T53),T175),T47),T163),(T196,T182)),(((T115,T141),(T156,(T91,T7))),T120)),(((T16,(T40,T58)),T168),(T37,T88)))),T176)),(((((((((T190,T153),(T43,T116)),((T55,T17),(((T82,T132),T178),T70))),((T103,T159),T45)),((((T158,T109),(((T172,(T15,T145)),(T143,T179)),T8)),(((T148,T83),((T194,(T46,T126)),T24)),T113)),((T29,T121),T197))),(T49,T114)),T106),T44),(((((T169,T133),(T68,T166)),T61),((T97,T131),((T1,T77),T21))),((T186,T117),(T67,(T198,T98)))))),(((((((T108,T149),T81),(T38,T101)),(T11,((T162,T122),((T66,T30),T188)))),T200),(T2,T60)),(((T59,(T76,T48)),T74),(((T129,T112),(T140,(T96,T13))),((T170,T123),(T26,(T9,T87))))))),T0),(((((((T105,T135),((((T142,T150),T137),(T185,T128)),T104)),((((T147,T57),T80),T32),T118)),((((T23,((T161,T75),T10)),(T181,T51)),T183),T110)),(((T41,((((T154,T64),T22),T167),T93)),((T139,(T19,(T62,T85))),(T28,(T25,T144)))),(T4,T36))),(((T78,((T102,T73),T50)),((T99,T92),(T160,(T192,(T165,T6))))),(((((T54,T191),T193),(((T35,T84),(T94,T151)),((T173,T155),T177))),T86),T95))),((((T34,T146),T174),(T136,T14)),((T65,T164),(((T89,T119),T3),T71))))),T20),T134);
Initial score: 4.62306e+14
Initial tree: ((((((((((((((((T199,T72),T138),T195),(T111,T171)),(T180,T157)),(T79,T152)),(T127,T124)),((((T69,(T31,T125)),T187),(T63,T39)),T100)),((T56,((T33,T42),T107)),(((T189,T52),T5),(T90,T184)))),((((T12,T27),T18),(((((((T130,T53),T175),T47),T163),(T196,T182)),(((T115,T141),(T156,(T91,T7))),T120)),(((T16,(T40,T58)),T168),(T37,T88)))),T176)),(((((((((T190,T153),(T43,T116)),((T55,T17),(((T82,T132),T178),T70))),((T103,T159),T45)),((((T158,T109),(((T172,(T15,T145)),(T143,T179)),T8)),(((T148,T83),((T194,(T46,T126)),T24)),T113)),((T29,T121),T197))),(T49,T114)),T106),T44),(((((T169,T133),(T68,T166)),T61),((T97,T131),((T1,T77),T21))),((T186,T117),(T67,(T198,T98)))))),(((((((T108,T149),T81),(T38,T101)),(T11,((T162,T122),((T66,T30),T188)))),T200),(T2,T60)),(((T59,(T76,T48)),T74),(((T129,T112),(T140,(T96,T13))),((T170,T123),(T26,(T9,T87))))))),T0),(((((((T105,T135),((((T142,T150),T137),(T185,T128)),T104)),((((T147,T57),T80),T32),T118)),((((T23,((T161,T75),T10)),(T181,T51)),T183),T110)),(((T41,((((T154,T64),T22),T167),T93)),((T139,(T19,(T62,T85))),(T28,(T25,T144)))),(T4,T36))),(((T78,((T102,T73),T50)),((T99,T92),(T160,(T192,(T165,T6))))),(((((T54,T191),T193),(((T35,T84),(T94,T151)),((T173,T155),T177))),T86),T95))),((((T34,T146),T174),(T136,T14)),((T65,T164),(((T89,T119),T3),T71))))),T20),T134);
*** Subsample Process ***
Current score: 4.62306e+14
Current tree: ((((((((((((((((T199,T72),T138),T195),(T111,T171)),(T180,T157)),(T79,T152)),(T127,T124)),((((T69,(T31,T125)),T187),(T63,T39)),T100)),((T56,((T33,T42),T107)),(((T189,T52),T5),(T90,T184)))),((((T12,T27),T18),(((((((T130,T53),T175),T47),T163),(T196,T182)),(((T115,T141),(T156,(T91,T7))),T120)),(((T16,(T40,T58)),T168),(T37,T88)))),T176)),(((((((((T190,T153),(T43,T116)),((T55,T17),(((T82,T132),T178),T70))),((T103,T159),T45)),((((T158,T109),(((T172,(T15,T145)),(T143,T179)),T8)),(((T148,T83),((T194,(T46,T126)),T24)),T113)),((T29,T121),T197))),(T49,T114)),T106),T44),(((((T169,T133),(T68,T166)),T61),((T97,T131),((T1,T77),T21))),((T186,T117),(T67,(T198,T98)))))),(((((((T108,T149),T81),(T38,T101)),(T11,((T162,T122),((T66,T30),T188)))),T200),(T2,T60)),(((T59,(T76,T48)),T74),(((T129,T112),(T140,(T96,T13))),((T170,T123),(T26,(T9,T87))))))),T0),(((((((T105,T135),((((T142,T150),T137),(T185,T128)),T104)),((((T147,T57),T80),T32),T118)),((((T23,((T161,T75),T10)),(T181,T51)),T183),T110)),(((T41,((((T154,T64),T22),T167),T93)),((T139,(T19,(T62,T85))),(T28,(T25,T144)))),(T4,T36))),(((T78,((T102,T73),T50)),((T99,T92),(T160,(T192,(T165,T6))))),(((((T54,T191),T193),(((T35,T84),(T94,T151)),((T173,T155),T177))),T86),T95))),((((T34,T146),T174),(T136,T14)),((T65,T164),(((T89,T119),T3),T71))))),T20),T134);
Final Tree: ((((((((((((((((T199,T72),T138),T195),(T111,T171)),(T180,T157)),(T79,T152)),(T127,T124)),((((T69,(T31,T125)),T187),(T63,T39)),T100)),((T56,((T33,T42),T107)),(((T189,T52),T5),(T90,T184)))),((((T12,T27),T18),(((((((T130,T53),T175),T47),T163),(T196,T182)),(((T115,T141),(T156,(T91,T7))),T120)),(((T16,(T40,T58)),T168),(T37,T88)))),T176)),(((((((((T190,T153),(T43,T116)),((T55,T17),(((T82,T132),T178),T70))),((T103,T159),T45)),((((T158,T109),(((T172,(T15,T145)),(T143,T179)),T8)),(((T148,T83),((T194,(T46,T126)),T24)),T113)),((T29,T121),T197))),(T49,T114)),T106),T44),(((((T169,T133),(T68,T166)),T61),((T97,T131),((T1,T77),T21))),((T186,T117),(T67,(T198,T98)))))),(((((((T108,T149),T81),(T38,T101)),(T11,((T162,T122),((T66,T30),T188)))),T200),(T2,T60)),(((T59,(T76,T48)),T74),(((T129,T112),(T140,(T96,T13))),((T170,T123),(T26,(T9,T87))))))),T0),(((((((T105,T135),((((T142,T150),T137),(T185,T128)),T104)),((((T147,T57),T80),T32),T118)),((((T23,((T161,T75),T10)),(T181,T51)),T183),T110)),(((T41,((((T154,T64),T22),T167),T93)),((T139,(T19,(T62,T85))),(T28,(T25,T144)))),(T4,T36))),(((T78,((T102,T73),T50)),((T99,T92),(T160,(T192,(T165,T6))))),(((((T54,T191),T193),(((T35,T84),(T94,T151)),((T173,T155),T177))),T86),T95))),((((T34,T146),T174),(T136,T14)),((T65,T164),(((T89,T119),T3),T71))))),T20),T134);
Score: 4.62306e+14

real	39m17.304s
user	1656m14.603s
sys	1m50.145s
