
RAxML-NG v. 1.1.0-master released on 04.08.2022 by The Exelixis Lab.
Developed by: Alexey M. Kozlov and Alexandros Stamatakis.
Contributors: Diego Darriba, Tomas Flouri, Benoit Morel, Sarah Lutteropp, Ben Bettisworth.
Latest version: https://github.com/amkozlov/raxml-ng
Questions/problems/suggestions? Please visit: https://groups.google.com/forum/#!forum/raxml

System: AMD EPYC 7742 64-Core Processor, 128 cores, 251 GB RAM

RAxML-NG was called at 26-Dec-2022 21:01:02 as follows:

/home/chaos/programs/raxml-ng/raxml-ng/bin/raxml-ng --msa data/alignment/44_1X_S201_0_haploid --tree pars{1} --model GTR+G --threads 64

Analysis options:
  run mode: ML tree search
  start tree(s): parsimony (1)
  random seed: 1672117262
  tip-inner: OFF
  pattern compression: ON
  per-rate scalers: OFF
  site repeats: ON
  fast spr radius: AUTO
  spr subtree cutoff: 1.000000
  branch lengths: proportional (ML estimate, algorithm: NR-FAST)
  SIMD kernels: AVX2
  parallelization: coarse-grained (auto), PTHREADS (64 threads), thread pinning: OFF

[00:00:00] Reading alignment from file: data/alignment/44_1X_S201_0_haploid
[00:00:03] Loaded alignment with 201 taxa and 5000000 sites

Alignment comprises 1 partitions and 2079488 patterns

Partition 0: noname
Model: GTR+FO+G4m
Alignment sites / patterns: 5000000 / 2079488
Gaps: 0.00 %
Invariant sites: 37.42 %


NOTE: Binary MSA file created: data/alignment/44_1X_S201_0_haploid.raxml.rba

Parallelization scheme autoconfig: 1 worker(s) x 64 thread(s)

Parallel reduction/worker buffer size: 1 KB  / 0 KB

[00:00:21] Generating 1 parsimony starting tree(s) with 201 taxa
[00:00:37] Data distribution: max. partitions/sites/weight per thread: 1 / 32492 / 519872
[00:00:37] Data distribution: max. searches per worker: 1

Starting ML tree search with 1 distinct starting trees

[00:00:38 -122165899.985551] Initial branch length optimization
[00:01:12 -103546050.174513] Model parameter optimization (eps = 10.000000)
[00:04:27 -97087180.251602] AUTODETECT spr round 1 (radius: 5)
[00:07:55 -97066112.746736] AUTODETECT spr round 2 (radius: 10)
[00:18:33 -97066112.737903] SPR radius for FAST iterations: 5 (autodetect)
[00:18:33 -97066112.737903] Model parameter optimization (eps = 3.000000)
[00:18:41 -97066112.642488] FAST spr round 1 (radius: 5)
[00:24:05 -97063071.555683] FAST spr round 2 (radius: 5)
[00:29:18 -97063071.555368] Model parameter optimization (eps = 1.000000)
[00:29:40 -97063070.247382] SLOW spr round 1 (radius: 5)
[00:45:17 -97061833.188885] SLOW spr round 2 (radius: 5)
[00:59:43 -97061833.188744] SLOW spr round 3 (radius: 10)
[01:15:53 -97061833.188727] SLOW spr round 4 (radius: 15)
[01:48:47 -97061833.188723] SLOW spr round 5 (radius: 20)
[02:13:34 -97061833.188723] SLOW spr round 6 (radius: 25)
[02:21:35 -97061833.188723] Model parameter optimization (eps = 0.100000)

[02:21:55] ML tree search #1, logLikelihood: -97061833.021868


Optimized model parameters:

   Partition 0: noname
   Rate heterogeneity: GAMMA (4 cats, mean),  alpha: 0.461360 (ML),  weights&rates: (0.250000,0.026470) (0.250000,0.225944) (0.250000,0.789981) (0.250000,2.957605) 
   Base frequencies (ML): 0.315373 0.251971 0.211784 0.220873 
   Substitution rates (ML): 0.238259 2.076761 0.134387 0.658833 2.840304 1.000000 


Final LogLikelihood: -97061833.021868

AIC score: 194124482.043736 / AICc score: 194124482.110490 / BIC score: 194129959.422712
Free parameters (model + branch lengths): 408

Best ML tree saved to: /expanse/lustre/projects/uot138/chaos/ASTERISK-sim/data/alignment/44_1X_S201_0_haploid.raxml.bestTree
Optimized model saved to: /expanse/lustre/projects/uot138/chaos/ASTERISK-sim/data/alignment/44_1X_S201_0_haploid.raxml.bestModel

Execution log saved to: /expanse/lustre/projects/uot138/chaos/ASTERISK-sim/data/alignment/44_1X_S201_0_haploid.raxml.log

Analysis started: 26-Dec-2022 21:01:02 / finished: 26-Dec-2022 23:22:58

Elapsed time: 8516.405 seconds

Consumed energy: 995.729 Wh (= 5 km in an electric car, or 25 km with an e-scooter!)

