
RAxML-NG v. 1.1.0-master released on 04.08.2022 by The Exelixis Lab.
Developed by: Alexey M. Kozlov and Alexandros Stamatakis.
Contributors: Diego Darriba, Tomas Flouri, Benoit Morel, Sarah Lutteropp, Ben Bettisworth.
Latest version: https://github.com/amkozlov/raxml-ng
Questions/problems/suggestions? Please visit: https://groups.google.com/forum/#!forum/raxml

System: AMD EPYC 7742 64-Core Processor, 128 cores, 251 GB RAM

RAxML-NG was called at 26-Dec-2022 21:07:13 as follows:

/home/chaos/programs/raxml-ng/raxml-ng/bin/raxml-ng --msa data/alignment/47_1X_S201_0_haploid --tree pars{1} --model GTR+G --threads 64

Analysis options:
  run mode: ML tree search
  start tree(s): parsimony (1)
  random seed: 1672117633
  tip-inner: OFF
  pattern compression: ON
  per-rate scalers: OFF
  site repeats: ON
  fast spr radius: AUTO
  spr subtree cutoff: 1.000000
  branch lengths: proportional (ML estimate, algorithm: NR-FAST)
  SIMD kernels: AVX2
  parallelization: coarse-grained (auto), PTHREADS (64 threads), thread pinning: OFF

[00:00:00] Reading alignment from file: data/alignment/47_1X_S201_0_haploid
[00:00:02] Loaded alignment with 201 taxa and 5000000 sites

Alignment comprises 1 partitions and 3521701 patterns

Partition 0: noname
Model: GTR+FO+G4m
Alignment sites / patterns: 5000000 / 3521701
Gaps: 0.00 %
Invariant sites: 9.46 %


NOTE: Binary MSA file created: data/alignment/47_1X_S201_0_haploid.raxml.rba

Parallelization scheme autoconfig: 1 worker(s) x 64 thread(s)

Parallel reduction/worker buffer size: 1 KB  / 0 KB

[00:00:22] Generating 1 parsimony starting tree(s) with 201 taxa
[00:00:48] Data distribution: max. partitions/sites/weight per thread: 1 / 55027 / 880432
[00:00:48] Data distribution: max. searches per worker: 1

Starting ML tree search with 1 distinct starting trees

[00:00:49 -155583918.302065] Initial branch length optimization
[00:02:34 -140099528.853174] Model parameter optimization (eps = 10.000000)
[00:08:02 -133731265.503006] AUTODETECT spr round 1 (radius: 5)
[00:13:52 -133659527.813905] AUTODETECT spr round 2 (radius: 10)
[00:34:16 -133659527.809200] SPR radius for FAST iterations: 5 (autodetect)
[00:34:16 -133659527.809200] Model parameter optimization (eps = 3.000000)
[00:34:44 -133659521.461233] FAST spr round 1 (radius: 5)
[00:43:02 -133658791.020026] FAST spr round 2 (radius: 5)
[00:52:06 -133658742.978542] FAST spr round 3 (radius: 5)
[01:01:22 -133658742.978519] Model parameter optimization (eps = 1.000000)
[01:01:36 -133658742.694438] SLOW spr round 1 (radius: 5)
[01:30:52 -133658742.694438] SLOW spr round 2 (radius: 10)
[02:04:18 -133658742.694438] SLOW spr round 3 (radius: 15)
[03:05:33 -133658742.694438] SLOW spr round 4 (radius: 20)
[03:53:14 -133658742.694438] SLOW spr round 5 (radius: 25)
[04:10:06 -133658742.694438] Model parameter optimization (eps = 0.100000)

[04:10:54] ML tree search #1, logLikelihood: -133658742.184108


Optimized model parameters:

   Partition 0: noname
   Rate heterogeneity: GAMMA (4 cats, mean),  alpha: 1.752791 (ML),  weights&rates: (0.250000,0.261867) (0.250000,0.625857) (0.250000,1.062366) (0.250000,2.049910) 
   Base frequencies (ML): 0.317097 0.161697 0.255789 0.265416 
   Substitution rates (ML): 0.922473 2.980663 0.419528 0.670483 3.412161 1.000000 


Final LogLikelihood: -133658742.184108

AIC score: 267318300.368215 / AICc score: 267318300.434969 / BIC score: 267323777.747191
Free parameters (model + branch lengths): 408

Best ML tree saved to: /expanse/lustre/projects/uot138/chaos/ASTERISK-sim/data/alignment/47_1X_S201_0_haploid.raxml.bestTree
Optimized model saved to: /expanse/lustre/projects/uot138/chaos/ASTERISK-sim/data/alignment/47_1X_S201_0_haploid.raxml.bestModel

Execution log saved to: /expanse/lustre/projects/uot138/chaos/ASTERISK-sim/data/alignment/47_1X_S201_0_haploid.raxml.log

Analysis started: 26-Dec-2022 21:07:13 / finished: 27-Dec-2022 01:18:09

Elapsed time: 15055.421 seconds

Consumed energy: 1701.884 Wh (= 9 km in an electric car, or 43 km with an e-scooter!)

