Weighted ASTRAL - Hybrid
Version: v1.13.2.3
#Genetrees: 2000
#Species: 201
#Rounds: 4
#Samples: 4
#Threads: 32
Use two-step algorithm!
Guide Tree 0/27
#NNI moves:0/236
Guide Tree 1/27
#NNI moves:0/236
Guide Tree 2/27
#NNI moves:0/236
Guide Tree 3/27
#NNI moves:0/236
Guide Tree 4/27
#NNI moves:0/236
Guide Tree 5/27
#NNI moves:0/236
Guide Tree 6/27
#NNI moves:0/236
Guide Tree 7/27
#NNI moves:0/236
Guide Tree 8/27
#NNI moves:0/236
Guide Tree 9/27
#NNI moves:0/236
Guide Tree 10/27
#NNI moves:0/236
Guide Tree 11/27
#NNI moves:0/236
Guide Tree 12/27
#NNI moves:0/236
Guide Tree 13/27
#NNI moves:0/236
Guide Tree 14/27
#NNI moves:0/236
Guide Tree 15/27
#NNI moves:0/236
Guide Tree 16/27
#NNI moves:0/236
Guide Tree 17/27
#NNI moves:0/236
Guide Tree 18/27
#NNI moves:0/236
Guide Tree 19/27
#NNI moves:0/236
Guide Tree 20/27
#NNI moves:0/236
Guide Tree 21/27
#NNI moves:0/236
Guide Tree 22/27
#NNI moves:0/236
Guide Tree 23/27
#NNI moves:0/236
Guide Tree 24/27
#NNI moves:0/236
Guide Tree 25/27
#NNI moves:0/236
Guide Tree 26/27
#NNI moves:0/236
Remaining: 0
#NNI moves:0/236
#NNI moves:0/236
(((((((((((((((T129,T161),T108),T102),T59),(((T111,T47),T68),T115)),(T191,((T87,(T99,T67)),(((T18,T72),T11),(((T176,T74),T152),T82))))),((((T168,(T19,T84)),T96),T1),(T136,T120))),(((((T95,T157),T132),(T117,(T125,T37))),(((((T189,(T114,T147)),(T5,T146)),T149),T118),(T22,T57))),T25)),(((((((((T113,T44),T38),(T35,T151)),((((T41,T20),T101),(T110,T98)),T75)),((T71,T128),(((T60,T142),(T180,T158)),T160))),(T17,T94)),(((T144,T21),(T167,T159)),(T51,T86))),((T76,T141),((T127,T28),(T104,T195)))),(((T121,T155),((((T9,T66),(T100,(T26,T188))),T62),(T27,T177))),T148))),(((((((((T23,((T143,T182),T192)),(T8,T24)),T153),(((T145,T16),T73),((T88,T186),(T61,T162)))),(((T165,T29),(T199,T45)),((T164,(T55,T39)),T137))),(((T154,T92),T107),(T90,T163))),(((T140,T130),T194),T54)),(((((((T40,T174),T34),T80),T183),T190),(T135,T58)),((T46,T12),T85))),T0)),(((((((((T77,T173),(((T106,T187),T83),T43)),T170),((T193,(T2,T3)),T42)),T105),(T175,T179)),(T89,(T6,T13))),((((T138,(T119,T131)),((T126,T200),T134)),T53),(T30,T109))),((T48,T97),T93))),(((((T56,(T81,T65)),(((T31,((T33,T150),T32)),T14),((T156,T112),(T122,(T123,T36))))),(T124,T10)),((((T171,T116),T52),T198),T197)),(T69,((T64,(T185,((T103,T49),T139))),(T196,T166))))),((T91,T169),((T133,(T70,T4)),T78))),(T79,((((T63,T50),(T181,T7)),T15),(T184,T172)))),T178);
Guide Tree 0/27
#NNI moves:0/236
Guide Tree 1/27
#NNI moves:0/236
Guide Tree 2/27
#NNI moves:0/236
Guide Tree 3/27
#NNI moves:0/236
Guide Tree 4/27
#NNI moves:0/236
Guide Tree 5/27
#NNI moves:0/236
Guide Tree 6/27
#NNI moves:0/236
Guide Tree 7/27
#NNI moves:0/236
Guide Tree 8/27
#NNI moves:0/236
Guide Tree 9/27
#NNI moves:0/236
Guide Tree 10/27
#NNI moves:0/236
Guide Tree 11/27
#NNI moves:0/236
Guide Tree 12/27
#NNI moves:0/236
Guide Tree 13/27
#NNI moves:0/236
Guide Tree 14/27
#NNI moves:0/236
Guide Tree 15/27
#NNI moves:0/236
Guide Tree 16/27
#NNI moves:0/236
Guide Tree 17/27
#NNI moves:3/236
Guide Tree 18/27
#NNI moves:0/236
Guide Tree 19/27
#NNI moves:0/236
Guide Tree 20/27
#NNI moves:0/236
Guide Tree 21/27
#NNI moves:0/236
Guide Tree 22/27
#NNI moves:0/236
Guide Tree 23/27
#NNI moves:0/236
Guide Tree 24/27
#NNI moves:0/236
Guide Tree 25/27
#NNI moves:0/236
Guide Tree 26/27
#NNI moves:0/236
Remaining: 0
#NNI moves:0/236
#NNI moves:0/236
((((((((((((((((T101,(T41,T20)),(T110,T98)),T75),(((T113,T44),T38),(T35,T151))),((T160,((T180,T158),(T142,T60))),(T71,T128))),(T94,T17)),(((T159,T167),(T144,T21)),(T51,T86))),(((T28,T127),(T195,T104)),(T76,T141))),(((T121,T155),((T177,T27),((((T26,T188),T100),(T9,T66)),T62))),T148)),((((((T95,T157),T132),((T37,T125),T117)),((((((T114,T147),T189),(T5,T146)),T149),T118),(T57,T22))),T25),((((((((T74,T176),T152),T82),((T72,T18),T11)),((T99,T67),T87)),T191),((T115,((T111,T47),T68)),((((T161,T129),T108),T102),T59))),((T1,((T168,(T19,T84)),T96)),(T120,T136))))),((((((((T199,T45),(T165,T29)),((T164,(T39,T55)),T137)),((((T61,T162),(T88,T186)),((T145,T16),T73)),(((T23,((T182,T143),T192)),(T24,T8)),T153))),((T90,T163),((T154,T92),T107))),(T54,(T194,(T130,T140)))),((((((T34,(T174,T40)),T80),T183),T190),(T135,T58)),((T12,T46),T85))),T0)),(((((((((T43,((T106,T187),T83)),(T77,T173)),T170),((T193,(T3,T2)),T42)),T105),(T179,T175)),((T6,T13),T89)),(((((T119,T131),T138),((T126,T200),T134)),T53),(T30,T109))),((T97,T48),T93))),((((((((T123,T36),T122),(T112,T156)),(((T32,(T150,T33)),T31),T14)),((T81,T65),T56)),(T124,T10)),((((T116,T171),T52),T198),T197)),(((((T139,(T103,T49)),T185),T64),(T196,T166)),T69))),((T91,T169),(T78,((T4,T70),T133)))),(((((T63,T50),(T7,T181)),T15),(T184,T172)),T79)),T178);
Guide Tree 0/27
#NNI moves:1/236
Guide Tree 1/27
#NNI moves:0/236
Guide Tree 2/27
#NNI moves:0/236
Guide Tree 3/27
#NNI moves:0/236
Guide Tree 4/27
#NNI moves:0/236
Guide Tree 5/27
#NNI moves:0/236
Guide Tree 6/27
#NNI moves:0/236
Guide Tree 7/27
#NNI moves:0/236
Guide Tree 8/27
#NNI moves:0/236
Guide Tree 9/27
#NNI moves:0/236
Guide Tree 10/27
#NNI moves:1/236
Guide Tree 11/27
#NNI moves:0/236
Guide Tree 12/27
#NNI moves:1/236
Guide Tree 13/27
#NNI moves:0/236
Guide Tree 14/27
#NNI moves:0/236
Guide Tree 15/27
#NNI moves:0/236
Guide Tree 16/27
#NNI moves:0/236
Guide Tree 17/27
#NNI moves:0/236
Guide Tree 18/27
#NNI moves:0/236
Guide Tree 19/27
#NNI moves:0/236
Guide Tree 20/27
#NNI moves:0/236
Guide Tree 21/27
#NNI moves:1/236
Guide Tree 22/27
#NNI moves:0/236
Guide Tree 23/27
#NNI moves:0/236
Guide Tree 24/27
#NNI moves:0/236
Guide Tree 25/27
#NNI moves:1/236
Guide Tree 26/27
#NNI moves:0/236
Remaining: 0
#NNI moves:0/236
#NNI moves:0/236
(((((((((((((((T189,(T114,T147)),(T146,T5)),T149),T118),(T22,T57)),(((T125,T37),T117),((T157,T95),T132))),T25),((((T59,(((T161,T129),T108),T102)),(T115,((T111,T47),T68))),(((((T18,T72),T11),((T152,(T74,T176)),T82)),((T99,T67),T87)),T191)),((T120,T136),((((T19,T84),T168),T96),T1)))),((((((((((T20,T41),T101),(T98,T110)),T75),(((T44,T113),T38),(T151,T35))),((T71,T128),(((T180,T158),(T60,T142)),T160))),(T17,T94)),((T86,T51),((T167,T159),(T21,T144)))),(((T104,T195),(T28,T127)),(T76,T141))),((((((T9,T66),((T26,T188),T100)),T62),(T27,T177)),(T121,T155)),T148))),(((((((((T23,((T182,T143),T192)),(T8,T24)),T153),(((T186,T88),(T61,T162)),(T73,(T145,T16)))),(((T164,(T55,T39)),T137),((T165,T29),(T199,T45)))),((T90,T163),((T154,T92),T107))),(((T130,T140),T194),T54)),(((T135,T58),(((((T174,T40),T34),T80),T183),T190)),(T85,(T46,T12)))),T0)),(((((((((T2,T3),T193),T42),(((((T106,T187),T83),T43),(T77,T173)),T170)),T105),(T179,T175)),(T89,(T13,T6))),((((T138,(T119,T131)),((T200,T126),T134)),T53),(T30,T109))),((T97,T48),T93))),(((((((((T33,T150),T32),T31),T14),((T156,T112),((T36,T123),T122))),((T65,T81),T56)),(T124,T10)),((((T171,T116),T52),T198),T197)),((((T185,(T139,(T49,T103))),T64),(T196,T166)),T69))),((T169,T91),(((T4,T70),T133),T78))),(((T184,T172),(((T181,T7),(T50,T63)),T15)),T79)),T178);
Guide Tree 0/27
#NNI moves:0/236
Guide Tree 1/27
#NNI moves:0/236
Guide Tree 2/27
#NNI moves:0/236
Guide Tree 3/27
#NNI moves:0/236
Guide Tree 4/27
#NNI moves:0/236
Guide Tree 5/27
#NNI moves:0/236
Guide Tree 6/27
#NNI moves:0/236
Guide Tree 7/27
#NNI moves:0/236
Guide Tree 8/27
#NNI moves:0/236
Guide Tree 9/27
#NNI moves:1/236
Guide Tree 10/27
#NNI moves:0/236
Guide Tree 11/27
#NNI moves:0/236
Guide Tree 12/27
#NNI moves:0/236
Guide Tree 13/27
#NNI moves:0/236
Guide Tree 14/27
#NNI moves:0/236
Guide Tree 15/27
#NNI moves:0/236
Guide Tree 16/27
#NNI moves:0/236
Guide Tree 17/27
#NNI moves:0/236
Guide Tree 18/27
#NNI moves:0/236
Guide Tree 19/27
#NNI moves:0/236
Guide Tree 20/27
#NNI moves:0/236
Guide Tree 21/27
#NNI moves:0/236
Guide Tree 22/27
#NNI moves:0/236
Guide Tree 23/27
#NNI moves:0/236
Guide Tree 24/27
#NNI moves:0/236
Guide Tree 25/27
#NNI moves:0/236
Guide Tree 26/27
#NNI moves:0/236
Remaining: 0
#NNI moves:0/236
#NNI moves:0/236
((((((((((((((((T60,T142),(T158,T180)),T160),(T71,T128)),((((T101,(T41,T20)),(T98,T110)),T75),(((T44,T113),T38),(T35,T151)))),(T17,T94)),(((T21,T144),(T167,T159)),(T51,T86))),(((T195,T104),(T28,T127)),(T76,T141))),(((((((T188,T26),T100),(T9,T66)),T62),(T177,T27)),(T155,T121)),T148)),(((((T117,(T125,T37)),((T95,T157),T132)),(((T149,((T5,T146),((T114,T147),T189))),T118),(T22,T57))),T25),(((T1,(T96,((T84,T19),T168))),(T120,T136)),(((((T67,T99),T87),((T82,((T74,T176),T152)),((T18,T72),T11))),T191),((((T111,T47),T68),T115),((((T161,T129),T108),T102),T59)))))),(((((((((((T182,T143),T192),T23),(T24,T8)),T153),(((T16,T145),T73),((T186,T88),(T61,T162)))),(((T29,T165),(T45,T199)),((T164,(T39,T55)),T137))),((T90,T163),((T92,T154),T107))),((T194,(T130,T140)),T54)),(((((T80,(T34,(T174,T40))),T183),T190),(T58,T135)),((T46,T12),T85))),T0)),(((((T179,T175),((((T193,(T3,T2)),T42),(((T173,T77),(((T106,T187),T83),T43)),T170)),T105)),((T6,T13),T89)),((T53,(((T126,T200),T134),((T131,T119),T138))),(T109,T30))),((T97,T48),T93))),(((((((((T150,T33),T32),T31),T14),((T122,(T123,T36)),(T112,T156))),(T56,(T65,T81))),(T10,T124)),((((T116,T171),T52),T198),T197)),((((((T103,T49),T139),T185),T64),(T196,T166)),T69))),((T91,T169),(((T70,T4),T133),T78))),(((T172,T184),(((T181,T7),(T63,T50)),T15)),T79)),T178);
Initial score: 7.27152e+10
Initial tree: ((((((((((((((((T60,T142),(T158,T180)),T160),(T71,T128)),((((T101,(T41,T20)),(T98,T110)),T75),(((T44,T113),T38),(T35,T151)))),(T17,T94)),(((T21,T144),(T167,T159)),(T51,T86))),(((T195,T104),(T28,T127)),(T76,T141))),(((((((T188,T26),T100),(T9,T66)),T62),(T177,T27)),(T155,T121)),T148)),(((((T117,(T125,T37)),((T95,T157),T132)),(((T149,((T5,T146),((T114,T147),T189))),T118),(T22,T57))),T25),(((T1,(T96,((T84,T19),T168))),(T120,T136)),(((((T67,T99),T87),((T82,((T74,T176),T152)),((T18,T72),T11))),T191),((((T111,T47),T68),T115),((((T161,T129),T108),T102),T59)))))),(((((((((((T182,T143),T192),T23),(T24,T8)),T153),(((T16,T145),T73),((T186,T88),(T61,T162)))),(((T29,T165),(T45,T199)),((T164,(T39,T55)),T137))),((T90,T163),((T92,T154),T107))),((T194,(T130,T140)),T54)),(((((T80,(T34,(T174,T40))),T183),T190),(T58,T135)),((T46,T12),T85))),T0)),(((((T179,T175),((((T193,(T3,T2)),T42),(((T173,T77),(((T106,T187),T83),T43)),T170)),T105)),((T6,T13),T89)),((T53,(((T126,T200),T134),((T131,T119),T138))),(T109,T30))),((T97,T48),T93))),(((((((((T150,T33),T32),T31),T14),((T122,(T123,T36)),(T112,T156))),(T56,(T65,T81))),(T10,T124)),((((T116,T171),T52),T198),T197)),((((((T103,T49),T139),T185),T64),(T196,T166)),T69))),((T91,T169),(((T70,T4),T133),T78))),(((T172,T184),(((T181,T7),(T63,T50)),T15)),T79)),T178);
*** Subsample Process ***
Use two-step algorithm!
#NNI moves:0/236
Remaining: 0
#NNI moves:1/236
#NNI moves:1/236
(((((((((((((((((T31,(T32,(T33,T150))),T14),(((T123,T36),T122),(T112,T156))),((T81,T65),T56)),(T10,T124)),((((T171,T116),T52),T198),T197)),((((((T103,T49),T139),T185),T64),(T196,T166)),T69)),(((T79,((((T181,T7),(T50,T63)),T15),(T184,T172))),T178),((T169,T91),(((T70,T4),T133),T78)))),(((((((((((T106,T187),T83),T43),(T77,T173)),T170),(((T3,T2),T193),T42)),T105),(T179,T175)),((T6,T13),T89)),((((T138,(T131,T119)),((T200,T126),T134)),T53),(T30,T109))),((T97,T48),T93))),(((((((((((T182,T143),T192),T23),(T8,T24)),T153),(((T61,T162),(T186,T88)),((T145,T16),T73))),(((T199,T45),(T29,T165)),((T164,(T55,T39)),T137))),(((T154,T92),T107),(T90,T163))),(((T130,T140),T194),T54)),((((((T34,(T40,T174)),T80),T183),T190),(T58,T135)),((T12,T46),T85))),T0)),(((((T22,T57),(((((T114,T147),T189),(T146,T5)),T149),T118)),((T132,(T95,T157)),(T117,(T125,T37)))),T25),((((((T82,((T74,T176),T152)),((T18,T72),T11)),((T99,T67),T87)),T191),((((T108,(T129,T161)),T102),T59),((T68,(T111,T47)),T115))),((T1,(((T84,T19),T168),T96)),(T120,T136))))),((((T27,T177),((((T26,T188),T100),(T66,T9)),T62)),(T121,T155)),T148)),(((T104,T195),(T127,T28)),(T76,T141))),(((T21,T144),(T159,T167)),(T51,T86))),((((((T41,T20),T101),(T110,T98)),T75),((T38,(T44,T113)),(T151,T35))),((((T158,T180),(T60,T142)),T160),(T128,T71)))),T94),T17);
#NNI moves:0/236
Remaining: 0
#NNI moves:0/236
#NNI moves:0/236
((((((((((((((((T18,T72),T11),((T152,(T74,T176)),T82)),((T67,T99),T87)),T191),(((T102,((T129,T161),T108)),T59),(((T47,T111),T68),T115))),(((((T84,T19),T168),T96),T1),(T136,T120))),((((((((T114,T147),T189),(T146,T5)),T149),T118),(T22,T57)),(((T95,T157),T132),((T125,T37),T117))),T25)),((((((((((T20,T41),T101),(T110,T98)),T75),((T38,(T44,T113)),(T151,T35))),((((T158,T180),(T142,T60)),T160),(T71,T128))),(T94,T17)),((T86,T51),((T159,T167),(T21,T144)))),((T76,T141),((T195,T104),(T127,T28)))),((((T62,((T66,T9),((T188,T26),T100))),(T27,T177)),(T155,T121)),T148))),(((((((((T23,((T143,T182),T192)),(T8,T24)),T153),(((T61,T162),(T88,T186)),(T73,(T145,T16)))),((((T55,T39),T164),T137),((T29,T165),(T199,T45)))),(((T154,T92),T107),(T90,T163))),((T194,(T140,T130)),T54)),(((((((T40,T174),T34),T80),T183),T190),(T58,T135)),((T46,T12),T85))),T0)),(((((T175,T179),(((((T77,T173),(T43,(T83,(T106,T187)))),T170),(((T2,T3),T193),T42)),T105)),(T89,(T13,T6))),((T109,T30),((((T126,T200),T134),((T119,T131),T138)),T53))),((T97,T48),T93))),((((T198,((T171,T116),T52)),T197),((((((T36,T123),T122),(T156,T112)),(T14,(T31,(T32,(T150,T33))))),((T65,T81),T56)),(T124,T10))),(((T64,((T139,(T49,T103)),T185)),(T166,T196)),T69))),((((T70,T4),T133),T78),(T91,T169))),T178),((T172,T184),(((T7,T181),(T50,T63)),T15))),T79);
#NNI moves:0/236
Remaining: 0
#NNI moves:0/236
#NNI moves:0/236
(((((((((((((((((((((T36,T123),T122),(T112,T156)),((T31,(T32,(T33,T150))),T14)),((T81,T65),T56)),(T10,T124)),((((T116,T171),T52),T198),T197)),((((((T103,T49),T139),T185),T64),(T196,T166)),T69)),(((((T4,T70),T133),T78),(T91,T169)),((((T15,((T63,T50),(T7,T181))),(T184,T172)),T79),T178))),(((((((T170,(((T83,(T106,T187)),T43),(T77,T173))),(((T2,T3),T193),T42)),T105),(T175,T179)),(T89,(T13,T6))),(((((T126,T200),T134),(T138,(T119,T131))),T53),(T109,T30))),(T93,(T48,T97)))),(((((((((T145,T16),T73),((T61,T162),(T88,T186))),(((T23,((T143,T182),T192)),(T8,T24)),T153)),(((T45,T199),(T29,T165)),(T137,((T55,T39),T164)))),((T107,(T154,T92)),(T163,T90))),(((T130,T140),T194),T54)),(((T12,T46),T85),((T135,T58),(T190,(T183,(((T40,T174),T34),T80)))))),T0)),((((((((T38,(T113,T44)),(T35,T151)),(((T110,T98),((T20,T41),T101)),T75)),((((T158,T180),(T60,T142)),T160),(T71,T128))),(T94,T17)),(((T144,T21),(T167,T159)),(T51,T86))),(((T104,T195),(T28,T127)),(T76,T141))),(((T155,T121),(((((T26,T188),T100),(T9,T66)),T62),(T27,T177))),T148))),(((((T149,(((T147,T114),T189),(T5,T146))),T118),(T22,T57)),(((T95,T157),T132),((T37,T125),T117))),T25)),(((((T19,T84),T168),T96),T1),(T120,T136))),((T115,((T111,T47),T68)),((((T129,T161),T108),T102),T59))),T191),((T67,T99),T87)),(((T176,T74),T152),T82)),T11),T18),T72);
#NNI moves:0/236
Remaining: 0
#NNI moves:0/236
#NNI moves:0/236
((((((((((((((((((T95,T157),T132),(T117,(T125,T37))),(((T149,((T146,T5),((T147,T114),T189))),T118),(T22,T57))),T25),(((((((T129,T161),T108),T102),T59),((T68,(T47,T111)),T115)),(((((T152,(T176,T74)),T82),(T11,(T18,T72))),((T67,T99),T87)),T191)),((T1,((T168,(T84,T19)),T96)),(T136,T120)))),(((((T62,(((T188,T26),T100),(T9,T66))),(T177,T27)),(T155,T121)),T148),((((((T160,((T180,T158),(T60,T142))),(T71,T128)),((((T101,(T20,T41)),(T98,T110)),T75),((T151,T35),(T38,(T44,T113))))),(T17,T94)),(((T167,T159),(T144,T21)),(T86,T51))),((T141,T76),((T127,T28),(T195,T104)))))),((((((((T45,T199),(T165,T29)),((T164,(T55,T39)),T137)),((T153,((((T143,T182),T192),T23),(T24,T8))),(((T88,T186),(T162,T61)),((T145,T16),T73)))),((T107,(T154,T92)),(T90,T163))),(((T140,T130),T194),T54)),((((T183,(((T174,T40),T34),T80)),T190),(T58,T135)),((T12,T46),T85))),T0)),(((((((((T2,T3),T193),T42),(((T43,((T187,T106),T83)),(T173,T77)),T170)),T105),(T175,T179)),((T6,T13),T89)),((((T134,(T200,T126)),((T119,T131),T138)),T53),(T109,T30))),((T48,T97),T93))),((((((((T36,T123),T122),(T156,T112)),(((T32,(T150,T33)),T31),T14)),(T56,(T65,T81))),(T10,T124)),((((T171,T116),T52),T198),T197)),(((((T139,(T49,T103)),T185),T64),(T166,T196)),T69))),(((T133,(T70,T4)),T78),(T91,T169))),T178),T79),(T184,T172)),T15),(T50,T63)),T181),T7);
Current score: 7.27152e+10
Current tree: (((((((((((((T95,T157),T132),(T117,(T125,T37))),(((T149,((T146,T5),((T147,T114),T189))),T118),(T22,T57))),T25),(((((((T129,T161),T108),T102),T59),((T68,(T47,T111)),T115)),(((((T152,(T176,T74)),T82),(T11,(T18,T72))),((T67,T99),T87)),T191)),((T1,((T168,(T84,T19)),T96)),(T136,T120)))),(((((T62,(((T188,T26),T100),(T9,T66))),(T177,T27)),(T155,T121)),T148),((((((T160,((T180,T158),(T60,T142))),(T71,T128)),((((T101,(T20,T41)),(T98,T110)),T75),((T151,T35),(T38,(T44,T113))))),(T17,T94)),(((T167,T159),(T144,T21)),(T86,T51))),((T141,T76),((T127,T28),(T195,T104)))))),((((((((T45,T199),(T165,T29)),((T164,(T55,T39)),T137)),((T153,((((T143,T182),T192),T23),(T24,T8))),(((T88,T186),(T162,T61)),((T145,T16),T73)))),((T107,(T154,T92)),(T90,T163))),(((T140,T130),T194),T54)),((((T183,(((T174,T40),T34),T80)),T190),(T58,T135)),((T12,T46),T85))),T0)),(((((((((T2,T3),T193),T42),(((T43,((T187,T106),T83)),(T173,T77)),T170)),T105),(T175,T179)),((T6,T13),T89)),((((T134,(T200,T126)),((T119,T131),T138)),T53),(T109,T30))),((T48,T97),T93))),((((((((T36,T123),T122),(T156,T112)),(((T32,(T150,T33)),T31),T14)),(T56,(T65,T81))),(T10,T124)),((((T171,T116),T52),T198),T197)),(((((T139,(T49,T103)),T185),T64),(T166,T196)),T69))),(((T133,(T70,T4)),T78),(T91,T169))),(T79,((T184,T172),(T15,((T50,T63),(T181,T7)))))),T178);
Use two-step algorithm!
#NNI moves:0/236
Remaining: 0
#NNI moves:0/236
#NNI moves:0/236
(((((((((((((((((((((T187,T106),T83),T43),(T173,T77)),T170),(((T3,T2),T193),T42)),T105),(T175,T179)),(T89,(T13,T6))),(((((T126,T200),T134),((T131,T119),T138)),T53),(T30,T109))),(T93,(T48,T97))),((((((((T31,((T33,T150),T32)),T14),(((T123,T36),T122),(T156,T112))),((T65,T81),T56)),(T10,T124)),((T198,((T116,T171),T52)),T197)),(T69,((T64,(T185,((T49,T103),T139))),(T166,T196)))),(((((T15,((T50,T63),(T181,T7))),(T172,T184)),T79),T178),((T91,T169),(((T4,T70),T133),T78))))),(((((((((T8,T24),(T23,((T182,T143),T192))),T153),(((T162,T61),(T88,T186)),((T16,T145),T73))),(((T199,T45),(T29,T165)),(((T55,T39),T164),T137))),((T107,(T154,T92)),(T163,T90))),(((T140,T130),T194),T54)),(((((((T174,T40),T34),T80),T183),T190),(T135,T58)),((T46,T12),T85))),T0)),(((((((((T60,T142),(T180,T158)),T160),(T128,T71)),(((((T20,T41),T101),(T110,T98)),T75),(((T113,T44),T38),(T151,T35)))),(T94,T17)),(((T144,T21),(T167,T159)),(T51,T86))),((T141,T76),((T195,T104),(T28,T127)))),((((((T100,(T188,T26)),(T9,T66)),T62),(T27,T177)),(T155,T121)),T148))),((((((T67,T99),T87),((T11,(T72,T18)),(T82,((T74,T176),T152)))),T191),(((T68,(T111,T47)),T115),((T102,((T161,T129),T108)),T59))),(((T96,((T19,T84),T168)),T1),(T136,T120)))),T25),((((((T147,T114),T189),(T146,T5)),T149),T118),(T22,T57))),((T37,T125),T117)),T132),T95),T157);
#NNI moves:0/236
Remaining: 0
#NNI moves:0/236
#NNI moves:0/236
(((((((((((((((((((((T147,T114),T189),(T146,T5)),T149),T118),(T22,T57)),(((T125,T37),T117),(T132,(T95,T157)))),T25),((((((T108,(T129,T161)),T102),T59),(((T47,T111),T68),T115)),((((T67,T99),T87),((((T74,T176),T152),T82),((T18,T72),T11))),T191)),(((((T84,T19),T168),T96),T1),(T120,T136)))),((((((((((T20,T41),T101),(T98,T110)),T75),(((T44,T113),T38),(T35,T151))),((T160,((T158,T180),(T60,T142))),(T71,T128))),(T17,T94)),(((T144,T21),(T167,T159)),(T51,T86))),(((T28,T127),(T195,T104)),(T76,T141))),(((T155,T121),(((((T26,T188),T100),(T9,T66)),T62),(T27,T177))),T148))),(((((((((((T182,T143),T192),T23),(T24,T8)),T153),(((T162,T61),(T186,T88)),((T145,T16),T73))),(((T45,T199),(T165,T29)),((T164,(T55,T39)),T137))),((T90,T163),(T107,(T154,T92)))),(T54,(T194,(T140,T130)))),(((((((T40,T174),T34),T80),T183),T190),(T135,T58)),((T12,T46),T85))),T0)),(((((((((T173,T77),((T83,(T106,T187)),T43)),T170),(((T2,T3),T193),T42)),T105),(T179,T175)),((T6,T13),T89)),(((((T200,T126),T134),(T138,(T119,T131))),T53),(T109,T30))),(T93,(T97,T48)))),(((((((((T33,T150),T32),T31),T14),((T156,T112),((T123,T36),T122))),((T65,T81),T56)),(T124,T10)),((T198,((T116,T171),T52)),T197)),(T69,(((((T103,T49),T139),T185),T64),(T166,T196))))),((T169,T91),(((T70,T4),T133),T78))),T178),T79),(T184,T172)),T15),(T181,T7)),T50),T63);
#NNI moves:0/236
Remaining: 0
#NNI moves:0/236
#NNI moves:0/236
(((((((((((((((((((((T36,T123),T122),(T156,T112)),((T31,((T150,T33),T32)),T14)),((T81,T65),T56)),(T10,T124)),((((T171,T116),T52),T198),T197)),((((T185,((T49,T103),T139)),T64),(T196,T166)),T69)),(((((T4,T70),T133),T78),(T91,T169)),((((((T7,T181),(T63,T50)),T15),(T184,T172)),T79),T178))),(((((((((T43,((T106,T187),T83)),(T173,T77)),T170),((T193,(T3,T2)),T42)),T105),(T179,T175)),(T89,(T6,T13))),((T53,(((T200,T126),T134),((T119,T131),T138))),(T109,T30))),((T48,T97),T93))),((((((((T45,T199),(T29,T165)),(((T39,T55),T164),T137)),((((((T182,T143),T192),T23),(T24,T8)),T153),((T73,(T145,T16)),((T88,T186),(T61,T162))))),(((T154,T92),T107),(T90,T163))),((T194,(T140,T130)),T54)),((((T183,(((T40,T174),T34),T80)),T190),(T135,T58)),((T12,T46),T85))),T0)),(((((((((T101,(T20,T41)),(T110,T98)),T75),((T151,T35),((T44,T113),T38))),((((T142,T60),(T180,T158)),T160),(T71,T128))),(T94,T17)),(((T21,T144),(T159,T167)),(T51,T86))),((T76,T141),((T195,T104),(T127,T28)))),((((T27,T177),(((T9,T66),((T188,T26),T100)),T62)),(T155,T121)),T148))),(((((T68,(T47,T111)),T115),((((T161,T129),T108),T102),T59)),((((T67,T99),T87),(((T72,T18),T11),(((T74,T176),T152),T82))),T191)),((T120,T136),((((T84,T19),T168),T96),T1)))),T25),(((T37,T125),T117),((T157,T95),T132))),(T22,T57)),T118),T149),(T146,T5)),(T114,T147)),T189);
#NNI moves:0/236
Remaining: 0
#NNI moves:0/236
#NNI moves:0/236
(((((((((((((((((((((T143,T182),T192),T23),(T24,T8)),T153),(((T16,T145),T73),((T162,T61),(T186,T88)))),((((T55,T39),T164),T137),((T29,T165),(T45,T199)))),(((T92,T154),T107),(T163,T90))),(T54,((T140,T130),T194))),(((((((T40,T174),T34),T80),T183),T190),(T135,T58)),(T85,(T46,T12)))),T0),((((((((T67,T99),T87),((T11,(T72,T18)),((T152,(T74,T176)),T82))),T191),(((T68,(T111,T47)),T115),(T59,(T102,((T129,T161),T108))))),(((T96,(T168,(T84,T19))),T1),(T120,T136))),((((((((T147,T114),T189),(T146,T5)),T149),T118),(T57,T22)),(((T157,T95),T132),(T117,(T37,T125)))),T25)),((((((((((T41,T20),T101),(T98,T110)),T75),((T38,(T44,T113)),(T151,T35))),((T160,((T180,T158),(T60,T142))),(T128,T71))),(T94,T17)),(((T144,T21),(T167,T159)),(T51,T86))),(((T104,T195),(T127,T28)),(T76,T141))),((((((T66,T9),(T100,(T26,T188))),T62),(T177,T27)),(T155,T121)),T148)))),((((((((((T83,(T106,T187)),T43),(T173,T77)),T170),(((T3,T2),T193),T42)),T105),(T179,T175)),((T6,T13),T89)),(((((T131,T119),T138),((T200,T126),T134)),T53),(T109,T30))),((T97,T48),T93))),(((((((T63,T50),(T7,T181)),T15),(T172,T184)),T79),T178),((T91,T169),((T133,(T70,T4)),T78)))),(T69,((T166,T196),((T185,((T103,T49),T139)),T64)))),((((T171,T116),T52),T198),T197)),(T10,T124)),((T81,T65),T56)),((T122,(T123,T36)),(T156,T112))),((T32,(T150,T33)),T31)),T14);
Current score: 7.27152e+10
Current tree: (((((((T63,T50),(T7,T181)),T15),(T172,T184)),T79),(((T91,T169),((T133,(T70,T4)),T78)),((((((((((((((T143,T182),T192),T23),(T24,T8)),T153),(((T16,T145),T73),((T162,T61),(T186,T88)))),((((T55,T39),T164),T137),((T29,T165),(T45,T199)))),(((T92,T154),T107),(T163,T90))),(T54,((T140,T130),T194))),(((((((T40,T174),T34),T80),T183),T190),(T135,T58)),(T85,(T46,T12)))),T0),((((((((T67,T99),T87),((T11,(T72,T18)),((T152,(T74,T176)),T82))),T191),(((T68,(T111,T47)),T115),(T59,(T102,((T129,T161),T108))))),(((T96,(T168,(T84,T19))),T1),(T120,T136))),((((((((T147,T114),T189),(T146,T5)),T149),T118),(T57,T22)),(((T157,T95),T132),(T117,(T37,T125)))),T25)),((((((((((T41,T20),T101),(T98,T110)),T75),((T38,(T44,T113)),(T151,T35))),((T160,((T180,T158),(T60,T142))),(T128,T71))),(T94,T17)),(((T144,T21),(T167,T159)),(T51,T86))),(((T104,T195),(T127,T28)),(T76,T141))),((((((T66,T9),(T100,(T26,T188))),T62),(T177,T27)),(T155,T121)),T148)))),((((((((((T83,(T106,T187)),T43),(T173,T77)),T170),(((T3,T2),T193),T42)),T105),(T179,T175)),((T6,T13),T89)),(((((T131,T119),T138),((T200,T126),T134)),T53),(T109,T30))),((T97,T48),T93))),((T69,((T166,T196),((T185,((T103,T49),T139)),T64))),(((((T171,T116),T52),T198),T197),((T10,T124),(((T81,T65),T56),(((T122,(T123,T36)),(T156,T112)),(((T32,(T150,T33)),T31),T14))))))))),T178);
Use two-step algorithm!
#NNI moves:0/236
Remaining: 0
#NNI moves:0/236
#NNI moves:0/236
(((((((((((((((T157,T95),T132),((T125,T37),T117)),((T22,T57),((((T146,T5),(T189,(T114,T147))),T149),T118))),T25),((((((((T176,T74),T152),T82),((T18,T72),T11)),(T87,(T99,T67))),T191),(((T102,((T129,T161),T108)),T59),((T68,(T111,T47)),T115))),((T136,T120),((T96,((T84,T19),T168)),T1)))),(((((((((T180,T158),(T142,T60)),T160),(T128,T71)),((((T113,T44),T38),(T151,T35)),(((T110,T98),((T41,T20),T101)),T75))),(T17,T94)),(((T21,T144),(T167,T159)),(T86,T51))),(((T28,T127),(T195,T104)),(T76,T141))),(((T155,T121),((((T100,(T26,T188)),(T66,T9)),T62),(T177,T27))),T148))),(((((((((T16,T145),T73),((T88,T186),(T162,T61))),(((T24,T8),(((T143,T182),T192),T23)),T153)),((T137,(T164,(T55,T39))),((T29,T165),(T199,T45)))),(((T154,T92),T107),(T90,T163))),(((T140,T130),T194),T54)),(((T135,T58),(((((T174,T40),T34),T80),T183),T190)),((T46,T12),T85))),T0)),((((((((((T83,(T106,T187)),T43),(T173,T77)),T170),(((T3,T2),T193),T42)),T105),(T179,T175)),(T89,(T13,T6))),((((T134,(T200,T126)),(T138,(T131,T119))),T53),(T109,T30))),(T93,(T97,T48)))),(((((((T122,(T36,T123)),(T156,T112)),(((T32,(T33,T150)),T31),T14)),(T56,(T81,T65))),(T10,T124)),(((T52,(T116,T171)),T198),T197)),((((((T103,T49),T139),T185),T64),(T166,T196)),T69))),((((T172,T184),(((T63,T50),(T7,T181)),T15)),T79),T178)),(T169,T91)),T78),(T4,T70)),T133);
#NNI moves:0/236
Remaining: 0
#NNI moves:0/236
#NNI moves:0/236
((((((((((((((((((T102,((T161,T129),T108)),T59),(((T47,T111),T68),T115)),((((((T74,T176),T152),T82),((T72,T18),T11)),((T67,T99),T87)),T191)),((T120,T136),((((T19,T84),T168),T96),T1))),(((((T95,T157),T132),((T37,T125),T117)),(((((T146,T5),((T147,T114),T189)),T149),T118),(T22,T57))),T25)),(((((((((T158,T180),(T60,T142)),T160),(T128,T71)),(((T35,T151),(T38,(T44,T113))),(T75,(((T41,T20),T101),(T110,T98))))),(T17,T94)),((T86,T51),((T144,T21),(T167,T159)))),((T141,T76),((T127,T28),(T104,T195)))),(((((((T188,T26),T100),(T66,T9)),T62),(T177,T27)),(T121,T155)),T148))),(((((((((T16,T145),T73),((T162,T61),(T88,T186))),(((T24,T8),(T23,(T192,(T143,T182)))),T153)),(((T29,T165),(T199,T45)),(((T39,T55),T164),T137))),((T163,T90),((T92,T154),T107))),(((T140,T130),T194),T54)),(((T135,T58),(T190,(((T34,(T174,T40)),T80),T183))),((T12,T46),T85))),T0)),(((((((T200,T126),T134),((T131,T119),T138)),T53),(T30,T109)),(((((((T2,T3),T193),T42),(((T43,((T106,T187),T83)),(T173,T77)),T170)),T105),(T175,T179)),((T13,T6),T89))),(T93,(T97,T48)))),(((((((((T33,T150),T32),T31),T14),((T122,(T123,T36)),(T112,T156))),((T81,T65),T56)),(T124,T10)),(((T52,(T116,T171)),T198),T197)),(((T196,T166),((T185,((T103,T49),T139)),T64)),T69))),((T91,T169),(((T4,T70),T133),T78))),T178),T79),(T184,T172)),T15),(T63,T50)),T181),T7);
#NNI moves:0/236
Remaining: 0
#NNI moves:0/236
#NNI moves:0/236
(((((((((((((((T146,T5),(T189,(T147,T114))),T149),T118),(T57,T22)),(((T125,T37),T117),(T132,(T157,T95)))),T25),(((((((T152,(T176,T74)),T82),((T18,T72),T11)),((T67,T99),T87)),T191),(((T102,((T129,T161),T108)),T59),(((T111,T47),T68),T115))),((T1,(T96,((T19,T84),T168))),(T120,T136)))),(((((((T75,((T98,T110),((T41,T20),T101))),(((T44,T113),T38),(T151,T35))),((((T180,T158),(T60,T142)),T160),(T71,T128))),(T94,T17)),(((T159,T167),(T144,T21)),(T86,T51))),(((T28,T127),(T195,T104)),(T141,T76))),((((((T66,T9),(T100,(T26,T188))),T62),(T27,T177)),(T121,T155)),T148))),(((((((((T186,T88),(T61,T162)),((T16,T145),T73)),(T153,(((T192,(T143,T182)),T23),(T24,T8)))),(((T165,T29),(T199,T45)),((T164,(T39,T55)),T137))),(((T154,T92),T107),(T163,T90))),(((T140,T130),T194),T54)),(((T135,T58),((((T34,(T40,T174)),T80),T183),T190)),((T12,T46),T85))),T0)),(((((((((T173,T77),(((T106,T187),T83),T43)),T170),(((T2,T3),T193),T42)),T105),(T179,T175)),((T6,T13),T89)),((T109,T30),((((T119,T131),T138),((T126,T200),T134)),T53))),((T48,T97),T93))),(((((T185,((T103,T49),T139)),T64),(T166,T196)),T69),(((((((T32,(T33,T150)),T31),T14),((T156,T112),((T36,T123),T122))),((T81,T65),T56)),(T10,T124)),((T198,((T171,T116),T52)),T197)))),((T91,T169),((T133,(T70,T4)),T78))),(((T184,T172),(((T63,T50),(T7,T181)),T15)),T79)),T178);
#NNI moves:0/236
Remaining: 0
#NNI moves:0/236
#NNI moves:0/236
((((((((((((((((((((T186,T88),(T162,T61)),(T73,(T145,T16))),(((((T143,T182),T192),T23),(T24,T8)),T153)),(((T45,T199),(T165,T29)),((T164,(T55,T39)),T137))),((T107,(T92,T154)),(T163,T90))),(T54,(T194,(T130,T140)))),(((((T80,(T34,(T40,T174))),T183),T190),(T135,T58)),((T12,T46),T85))),T0),((((((((T131,T119),T138),(T134,(T200,T126))),T53),(T109,T30)),(((((((T2,T3),T193),T42),(((((T106,T187),T83),T43),(T173,T77)),T170)),T105),(T179,T175)),((T13,T6),T89))),((T48,T97),T93)),((((((((T103,T49),T139),T185),T64),(T196,T166)),T69),((((((T112,T156),((T123,T36),T122)),((((T33,T150),T32),T31),T14)),((T65,T81),T56)),(T10,T124)),((((T171,T116),T52),T198),T197))),(((T91,T169),(T78,((T4,T70),T133))),((T79,((((T181,T7),(T50,T63)),T15),(T172,T184))),T178))))),(((((T28,T127),(T104,T195)),(T141,T76)),(((((T75,((T98,T110),((T41,T20),T101))),(((T44,T113),T38),(T35,T151))),((((T60,T142),(T158,T180)),T160),(T128,T71))),(T17,T94)),((T86,T51),((T167,T159),(T21,T144))))),(((((((T188,T26),T100),(T9,T66)),T62),(T27,T177)),(T155,T121)),T148))),(((((((T152,(T176,T74)),T82),(T11,(T72,T18))),((T99,T67),T87)),T191),((T115,((T111,T47),T68)),((((T161,T129),T108),T102),T59))),((T120,T136),((((T19,T84),T168),T96),T1)))),T25),(((T157,T95),T132),((T125,T37),T117))),(T22,T57)),T118),T149),(T5,T146)),(T147,T114)),T189);
Current score: 7.27152e+10
Current tree: (((T79,((((T181,T7),(T50,T63)),T15),(T172,T184))),(((T91,T169),(T78,((T4,T70),T133))),((((((((T103,T49),T139),T185),T64),(T196,T166)),T69),((((((T112,T156),((T123,T36),T122)),((((T33,T150),T32),T31),T14)),((T65,T81),T56)),(T10,T124)),((((T171,T116),T52),T198),T197))),((((((((T131,T119),T138),(T134,(T200,T126))),T53),(T109,T30)),(((((((T2,T3),T193),T42),(((((T106,T187),T83),T43),(T173,T77)),T170)),T105),(T179,T175)),((T13,T6),T89))),((T48,T97),T93)),((((((((((T186,T88),(T162,T61)),(T73,(T145,T16))),(((((T143,T182),T192),T23),(T24,T8)),T153)),(((T45,T199),(T165,T29)),((T164,(T55,T39)),T137))),((T107,(T92,T154)),(T163,T90))),(T54,(T194,(T130,T140)))),(((((T80,(T34,(T40,T174))),T183),T190),(T135,T58)),((T12,T46),T85))),T0),((((((T28,T127),(T104,T195)),(T141,T76)),(((((T75,((T98,T110),((T41,T20),T101))),(((T44,T113),T38),(T35,T151))),((((T60,T142),(T158,T180)),T160),(T128,T71))),(T17,T94)),((T86,T51),((T167,T159),(T21,T144))))),(((((((T188,T26),T100),(T9,T66)),T62),(T27,T177)),(T155,T121)),T148)),((((((((T152,(T176,T74)),T82),(T11,(T72,T18))),((T99,T67),T87)),T191),((T115,((T111,T47),T68)),((((T161,T129),T108),T102),T59))),((T120,T136),((((T19,T84),T168),T96),T1))),(T25,((((T157,T95),T132),((T125,T37),T117)),((T22,T57),(T118,(T149,((T5,T146),((T147,T114),T189)))))))))))))),T178);
Final Tree: (((T79,((((T181,T7),(T50,T63)),T15),(T172,T184))),(((T91,T169),(T78,((T4,T70),T133))),((((((((T103,T49),T139),T185),T64),(T196,T166)),T69),((((((T112,T156),((T123,T36),T122)),((((T33,T150),T32),T31),T14)),((T65,T81),T56)),(T10,T124)),((((T171,T116),T52),T198),T197))),((((((((T131,T119),T138),(T134,(T200,T126))),T53),(T109,T30)),(((((((T2,T3),T193),T42),(((((T106,T187),T83),T43),(T173,T77)),T170)),T105),(T179,T175)),((T13,T6),T89))),((T48,T97),T93)),((((((((((T186,T88),(T162,T61)),(T73,(T145,T16))),(((((T143,T182),T192),T23),(T24,T8)),T153)),(((T45,T199),(T165,T29)),((T164,(T55,T39)),T137))),((T107,(T92,T154)),(T163,T90))),(T54,(T194,(T130,T140)))),(((((T80,(T34,(T40,T174))),T183),T190),(T135,T58)),((T12,T46),T85))),T0),((((((T28,T127),(T104,T195)),(T141,T76)),(((((T75,((T98,T110),((T41,T20),T101))),(((T44,T113),T38),(T35,T151))),((((T60,T142),(T158,T180)),T160),(T128,T71))),(T17,T94)),((T86,T51),((T167,T159),(T21,T144))))),(((((((T188,T26),T100),(T9,T66)),T62),(T27,T177)),(T155,T121)),T148)),((((((((T152,(T176,T74)),T82),(T11,(T72,T18))),((T99,T67),T87)),T191),((T115,((T111,T47),T68)),((((T161,T129),T108),T102),T59))),((T120,T136),((((T19,T84),T168),T96),T1))),(T25,((((T157,T95),T132),((T125,T37),T117)),((T22,T57),(T118,(T149,((T5,T146),((T147,T114),T189)))))))))))))),T178);
Score: 7.271515568e+10

real	1m23.541s
user	32m40.550s
sys	0m18.170s
