
RAxML-NG v. 1.1.0-master released on 04.08.2022 by The Exelixis Lab.
Developed by: Alexey M. Kozlov and Alexandros Stamatakis.
Contributors: Diego Darriba, Tomas Flouri, Benoit Morel, Sarah Lutteropp, Ben Bettisworth.
Latest version: https://github.com/amkozlov/raxml-ng
Questions/problems/suggestions? Please visit: https://groups.google.com/forum/#!forum/raxml

System: AMD EPYC 7742 64-Core Processor, 128 cores, 251 GB RAM

RAxML-NG was called at 26-Dec-2022 21:11:06 as follows:

/home/chaos/programs/raxml-ng/raxml-ng/bin/raxml-ng --msa data/alignment/49_1X_S201_0_haploid --tree pars{1} --model GTR+G --threads 64

Analysis options:
  run mode: ML tree search
  start tree(s): parsimony (1)
  random seed: 1672117866
  tip-inner: OFF
  pattern compression: ON
  per-rate scalers: OFF
  site repeats: ON
  fast spr radius: AUTO
  spr subtree cutoff: 1.000000
  branch lengths: proportional (ML estimate, algorithm: NR-FAST)
  SIMD kernels: AVX2
  parallelization: coarse-grained (auto), PTHREADS (64 threads), thread pinning: OFF

[00:00:00] Reading alignment from file: data/alignment/49_1X_S201_0_haploid
[00:00:03] Loaded alignment with 201 taxa and 5000000 sites

Alignment comprises 1 partitions and 3694803 patterns

Partition 0: noname
Model: GTR+FO+G4m
Alignment sites / patterns: 5000000 / 3694803
Gaps: 0.00 %
Invariant sites: 4.42 %


NOTE: Binary MSA file created: data/alignment/49_1X_S201_0_haploid.raxml.rba

Parallelization scheme autoconfig: 1 worker(s) x 64 thread(s)

Parallel reduction/worker buffer size: 1 KB  / 0 KB

[00:00:22] Generating 1 parsimony starting tree(s) with 201 taxa
[00:00:51] Data distribution: max. partitions/sites/weight per thread: 1 / 57732 / 923712
[00:00:51] Data distribution: max. searches per worker: 1

Starting ML tree search with 1 distinct starting trees

[00:00:52 -140926220.443951] Initial branch length optimization
[00:03:00 -126693826.096905] Model parameter optimization (eps = 10.000000)
[00:07:07 -116330548.101440] AUTODETECT spr round 1 (radius: 5)
[00:13:06 -116266705.876844] AUTODETECT spr round 2 (radius: 10)
[00:31:38 -116266705.876843] SPR radius for FAST iterations: 5 (autodetect)
[00:31:38 -116266705.876843] Model parameter optimization (eps = 3.000000)
[00:32:04 -116266695.513071] FAST spr round 1 (radius: 5)
[00:41:27 -116266695.513060] Model parameter optimization (eps = 1.000000)
[00:41:40 -116266695.260102] SLOW spr round 1 (radius: 5)
[01:12:58 -116266695.260059] SLOW spr round 2 (radius: 10)
[01:47:27 -116266695.260059] SLOW spr round 3 (radius: 15)
[03:01:06 -116266695.260059] SLOW spr round 4 (radius: 20)
[03:56:10 -116266695.260059] SLOW spr round 5 (radius: 25)
[04:12:29 -116266695.260059] Model parameter optimization (eps = 0.100000)

[04:13:18] ML tree search #1, logLikelihood: -116266694.275793


Optimized model parameters:

   Partition 0: noname
   Rate heterogeneity: GAMMA (4 cats, mean),  alpha: 9.876066 (ML),  weights&rates: (0.250000,0.629406) (0.250000,0.869929) (0.250000,1.072588) (0.250000,1.428077) 
   Base frequencies (ML): 0.272091 0.209997 0.200053 0.317859 
   Substitution rates (ML): 0.639173 7.717322 0.708629 0.571050 4.867772 1.000000 


Final LogLikelihood: -116266694.275793

AIC score: 232534204.551586 / AICc score: 232534204.618340 / BIC score: 232539681.930562
Free parameters (model + branch lengths): 408

Best ML tree saved to: /expanse/lustre/projects/uot138/chaos/ASTERISK-sim/data/alignment/49_1X_S201_0_haploid.raxml.bestTree
Optimized model saved to: /expanse/lustre/projects/uot138/chaos/ASTERISK-sim/data/alignment/49_1X_S201_0_haploid.raxml.bestModel

Execution log saved to: /expanse/lustre/projects/uot138/chaos/ASTERISK-sim/data/alignment/49_1X_S201_0_haploid.raxml.log

Analysis started: 26-Dec-2022 21:11:06 / finished: 27-Dec-2022 01:24:26

Elapsed time: 15199.563 seconds

Consumed energy: 1774.253 Wh (= 9 km in an electric car, or 44 km with an e-scooter!)

