Weighted ASTRAL - Hybrid
Version: v1.13.2.3
#Genetrees: 2000
#Species: 201
#Rounds: 4
#Samples: 4
#Threads: 32
Use two-step algorithm!
Guide Tree 0/27
#NNI moves:0/236
Guide Tree 1/27
#NNI moves:0/236
Guide Tree 2/27
#NNI moves:1/236
Guide Tree 3/27
#NNI moves:0/236
Guide Tree 4/27
#NNI moves:0/236
Guide Tree 5/27
#NNI moves:1/236
Guide Tree 6/27
#NNI moves:0/236
Guide Tree 7/27
#NNI moves:1/236
Guide Tree 8/27
#NNI moves:0/236
Guide Tree 9/27
#NNI moves:1/236
Guide Tree 10/27
#NNI moves:0/236
Guide Tree 11/27
#NNI moves:0/236
Guide Tree 12/27
#NNI moves:0/236
Guide Tree 13/27
#NNI moves:1/236
Guide Tree 14/27
#NNI moves:0/236
Guide Tree 15/27
#NNI moves:0/236
Guide Tree 16/27
#NNI moves:0/236
Guide Tree 17/27
#NNI moves:0/236
Guide Tree 18/27
#NNI moves:1/236
Guide Tree 19/27
#NNI moves:0/236
Guide Tree 20/27
#NNI moves:1/236
Guide Tree 21/27
#NNI moves:0/236
Guide Tree 22/27
#NNI moves:0/236
Guide Tree 23/27
#NNI moves:0/236
Guide Tree 24/27
#NNI moves:0/236
Guide Tree 25/27
#NNI moves:3/236
Guide Tree 26/27
#NNI moves:0/236
Remaining: 0
#NNI moves:1/236
#NNI moves:1/236
(((((((((((((((((((((T105,T85),T136),T27),(T193,T123)),(T55,T81)),((T156,(T26,T133)),(T168,T101))),(((((T59,T31),(T176,T74)),(((T135,T159),T8),T45)),T97),(T130,T194))),T16),(((T37,T117),(T61,T163)),(((T32,T53),T13),T114))),((T86,T36),T199)),(((T126,T122),(T190,T43)),T144)),((T143,(T200,T140)),(T96,T146))),T151),((((((T11,T93),T191),(T180,T188)),((((T112,(T56,T23)),(T189,(T6,T125))),((T90,((T120,T178),T70)),(T153,(T169,T171)))),((((((T198,T69),T10),(T40,((T42,T3),T14))),(T57,T22)),(T38,T33)),T115))),T0),(((((T63,T165),((T106,T48),(T67,T175))),(T98,(T170,T46))),(T124,T166)),((((T185,T179),((T181,T51),T154)),((T92,T167),T64)),(T60,T1))))),(((((T76,(T77,T21)),((((T9,T158),(T17,T138)),(T173,T19)),T25)),((((((T127,T134),T160),T139),(T174,T52)),(T72,T118)),((T182,T155),(T35,T29)))),((T147,T95),T5)),(((T75,T186),((T131,T20),T71)),(((T4,(T128,T34)),T104),T121)))),(((((((T65,T2),((T184,T49),T30)),(((T47,T68),T107),(T82,T150))),(T58,T157)),T183),(T41,T109)),T39)),(((T91,T88),T89),((T18,T80),((T99,T187),(T110,T192))))),((((((((T142,T79),(T116,T102)),T195),((((T196,(T54,T132)),T161),T24),(T50,T152))),((T83,T44),(T94,T119))),((((T162,T73),T66),T103),(((T145,T148),T141),(T172,T129)))),(T87,(T149,T111))),((((T84,(T28,T164)),(T137,T12)),T177),T78))),((((T113,T7),T15),T62),T100)),T108),T197);
Guide Tree 0/27
#NNI moves:0/236
Guide Tree 1/27
#NNI moves:0/236
Guide Tree 2/27
#NNI moves:0/236
Guide Tree 3/27
#NNI moves:0/236
Guide Tree 4/27
#NNI moves:0/236
Guide Tree 5/27
#NNI moves:0/236
Guide Tree 6/27
#NNI moves:0/236
Guide Tree 7/27
#NNI moves:0/236
Guide Tree 8/27
#NNI moves:0/236
Guide Tree 9/27
#NNI moves:0/236
Guide Tree 10/27
#NNI moves:0/236
Guide Tree 11/27
#NNI moves:0/236
Guide Tree 12/27
#NNI moves:0/236
Guide Tree 13/27
#NNI moves:0/236
Guide Tree 14/27
#NNI moves:0/236
Guide Tree 15/27
#NNI moves:0/236
Guide Tree 16/27
#NNI moves:0/236
Guide Tree 17/27
#NNI moves:0/236
Guide Tree 18/27
#NNI moves:0/236
Guide Tree 19/27
#NNI moves:1/236
Guide Tree 20/27
#NNI moves:0/236
Guide Tree 21/27
#NNI moves:1/236
Guide Tree 22/27
#NNI moves:0/236
Guide Tree 23/27
#NNI moves:0/236
Guide Tree 24/27
#NNI moves:0/236
Guide Tree 25/27
#NNI moves:0/236
Guide Tree 26/27
#NNI moves:0/236
Remaining: 0
#NNI moves:1/236
#NNI moves:3/236
(((((((((((((((((((((T85,T105),T136),T27),(T193,T123)),(T81,T55)),((T101,T168),((T133,T26),T156))),(((((T176,T74),(T31,T59)),((T8,(T159,T135)),T45)),T97),(T194,T130))),T16),((((T53,T32),T13),T114),((T61,T163),(T37,T117)))),((T36,T86),T199)),(((T43,T190),(T126,T122)),T144)),((T96,T146),((T140,T200),T143))),T151),((((((((T56,T23),T112),((T6,T125),T189)),((T153,(T169,T171)),((T70,(T120,T178)),T90))),((((((T14,(T3,T42)),T40),((T69,T198),T10)),(T22,T57)),(T38,T33)),T115)),((T180,T188),((T11,T93),T191))),T0),(((((T63,T165),((T48,T106),(T175,T67))),(T98,(T46,T170))),(T124,T166)),(((((T181,T51),T154),(T179,T185)),(T64,(T167,T92))),(T60,T1))))),((((((T155,T182),(T35,T29)),(((((T127,T134),T160),T139),(T52,T174)),(T72,T118))),((((T19,T173),((T9,T158),(T17,T138))),T25),(T76,(T77,T21)))),((T95,T147),T5)),(((T186,T75),((T131,T20),T71)),((((T128,T34),T4),T104),T121)))),(((((((T30,(T49,T184)),(T65,T2)),(((T47,T68),T107),(T150,T82))),(T157,T58)),T183),(T109,T41)),T39)),(((T91,T88),T89),(((T187,T99),(T110,T192)),(T18,T80)))),((((((((T116,T102),(T79,T142)),T195),(((((T132,T54),T196),T161),T24),(T152,T50))),((T44,T83),(T94,T119))),((((T162,T73),T66),T103),((T129,T172),((T148,T145),T141)))),(T87,(T111,T149))),((((T84,(T164,T28)),(T12,T137)),T177),T78))),((((T113,T7),T15),T62),T100)),T108),T197);
Guide Tree 0/27
#NNI moves:0/236
Guide Tree 1/27
#NNI moves:0/236
Guide Tree 2/27
#NNI moves:0/236
Guide Tree 3/27
#NNI moves:0/236
Guide Tree 4/27
#NNI moves:0/236
Guide Tree 5/27
#NNI moves:0/236
Guide Tree 6/27
#NNI moves:0/236
Guide Tree 7/27
#NNI moves:0/236
Guide Tree 8/27
#NNI moves:0/236
Guide Tree 9/27
#NNI moves:0/236
Guide Tree 10/27
#NNI moves:0/236
Guide Tree 11/27
#NNI moves:0/236
Guide Tree 12/27
#NNI moves:0/236
Guide Tree 13/27
#NNI moves:0/236
Guide Tree 14/27
#NNI moves:0/236
Guide Tree 15/27
#NNI moves:0/236
Guide Tree 16/27
#NNI moves:0/236
Guide Tree 17/27
#NNI moves:0/236
Guide Tree 18/27
#NNI moves:0/236
Guide Tree 19/27
#NNI moves:0/236
Guide Tree 20/27
#NNI moves:0/236
Guide Tree 21/27
#NNI moves:0/236
Guide Tree 22/27
#NNI moves:0/236
Guide Tree 23/27
#NNI moves:0/236
Guide Tree 24/27
#NNI moves:0/236
Guide Tree 25/27
#NNI moves:1/236
Guide Tree 26/27
#NNI moves:0/236
Remaining: 0
#NNI moves:1/236
#NNI moves:1/236
(((((((((((((((((((((T135,T159),T8),T45),((T176,T74),(T31,T59))),T97),(T130,T194)),(((T156,(T26,T133)),(T101,T168)),(((T193,T123),((T136,(T105,T85)),T27)),(T81,T55)))),T16),(((T37,T117),(T163,T61)),(((T53,T32),T13),T114))),((T86,T36),T199)),(((T190,T43),(T122,T126)),T144)),((T96,T146),((T200,T140),T143))),T151),((((((((T169,T171),T153),(T90,(T70,(T178,T120)))),(((T125,T6),T189),((T56,T23),T112))),((((((T69,T198),T10),(((T42,T3),T14),T40)),(T22,T57)),(T38,T33)),T115)),((T180,T188),((T93,T11),T191))),T0),(((((T167,T92),T64),(((T181,T51),T154),(T179,T185))),(T60,T1)),((T166,T124),((((T67,T175),(T48,T106)),(T165,T63)),(T98,(T170,T46))))))),(((T5,(T95,T147)),((((T21,T77),T76),(((T173,T19),((T9,T158),(T17,T138))),T25)),(((T72,T118),((((T127,T134),T160),T139),(T52,T174))),((T35,T29),(T155,T182))))),(((T75,T186),((T20,T131),T71)),(((T4,(T34,T128)),T104),T121)))),((((((((T47,T68),T107),(T82,T150)),((T30,(T49,T184)),(T65,T2))),(T157,T58)),T183),(T41,T109)),T39)),(((T18,T80),((T187,T99),(T192,T110))),((T91,T88),T89))),((((((T94,T119),(T44,T83)),((((T142,T79),(T116,T102)),T195),(((((T132,T54),T196),T161),T24),(T50,T152)))),(((T66,(T162,T73)),T103),((T141,(T145,T148)),(T172,T129)))),((T111,T149),T87)),(((((T164,T28),T84),(T12,T137)),T177),T78))),((((T113,T7),T15),T62),T100)),T108),T197);
Guide Tree 0/27
#NNI moves:0/236
Guide Tree 1/27
#NNI moves:0/236
Guide Tree 2/27
#NNI moves:1/236
Guide Tree 3/27
#NNI moves:0/236
Guide Tree 4/27
#NNI moves:0/236
Guide Tree 5/27
#NNI moves:0/236
Guide Tree 6/27
#NNI moves:0/236
Guide Tree 7/27
#NNI moves:0/236
Guide Tree 8/27
#NNI moves:0/236
Guide Tree 9/27
#NNI moves:0/236
Guide Tree 10/27
#NNI moves:0/236
Guide Tree 11/27
#NNI moves:0/236
Guide Tree 12/27
#NNI moves:0/236
Guide Tree 13/27
#NNI moves:0/236
Guide Tree 14/27
#NNI moves:0/236
Guide Tree 15/27
#NNI moves:0/236
Guide Tree 16/27
#NNI moves:0/236
Guide Tree 17/27
#NNI moves:0/236
Guide Tree 18/27
#NNI moves:0/236
Guide Tree 19/27
#NNI moves:0/236
Guide Tree 20/27
#NNI moves:0/236
Guide Tree 21/27
#NNI moves:0/236
Guide Tree 22/27
#NNI moves:0/236
Guide Tree 23/27
#NNI moves:1/236
Guide Tree 24/27
#NNI moves:0/236
Guide Tree 25/27
#NNI moves:1/236
Guide Tree 26/27
#NNI moves:0/236
Remaining: 0
#NNI moves:2/236
#NNI moves:2/236
(((((((((((((((T106,T48),(T175,T67)),(T165,T63)),(T98,(T170,T46))),(T166,T124)),((T60,T1),((((T181,T51),T154),(T179,T185)),(T64,(T167,T92))))),(((((((T70,(T178,T120)),T90),((T169,T171),T153)),((T189,(T6,T125)),((T23,T56),T112))),(((((((T3,T42),T14),T40),((T69,T198),T10)),(T22,T57)),(T33,T38)),T115)),((T188,T180),(T191,(T11,T93)))),T0)),(((((((((((((T159,T135),T8),T45),((T74,T176),(T59,T31))),T97),(T130,T194)),(((T168,T101),((T133,T26),T156)),(((T27,(T136,(T105,T85))),(T123,T193)),(T81,T55)))),T16),((((T53,T32),T13),T114),((T61,T163),(T37,T117)))),(T199,(T36,T86))),(((T43,T190),(T122,T126)),T144)),(((T200,T140),T143),(T96,T146))),T151)),(((T121,(((T34,T128),T4),T104)),((T71,(T20,T131)),(T186,T75))),((T5,(T147,T95)),((((T118,T72),((T139,((T134,T127),T160)),(T52,T174))),((T155,T182),(T29,T35))),(((((T9,T158),(T138,T17)),(T173,T19)),T25),((T21,T77),T76)))))),((((((((T49,T184),T30),(T2,T65)),((T150,T82),((T47,T68),T107))),(T58,T157)),T183),(T109,T41)),T39)),((((T192,T110),(T99,T187)),(T18,T80)),(T89,(T88,T91)))),((((((((((T132,T54),T196),T161),T24),(T152,T50)),(((T102,T116),(T79,T142)),T195)),((T119,T94),(T44,T83))),((((T162,T73),T66),T103),(((T145,T148),T141),(T129,T172)))),((T111,T149),T87)),(((((T164,T28),T84),(T12,T137)),T177),T78))),((((T113,T7),T15),T62),T100)),T108),T197);
Initial score: 7.03437e+10
Initial tree: (((((((((((((((T106,T48),(T175,T67)),(T165,T63)),(T98,(T170,T46))),(T166,T124)),((T60,T1),((((T181,T51),T154),(T179,T185)),(T64,(T167,T92))))),(((((((T70,(T178,T120)),T90),((T169,T171),T153)),((T189,(T6,T125)),((T23,T56),T112))),(((((((T3,T42),T14),T40),((T69,T198),T10)),(T22,T57)),(T33,T38)),T115)),((T188,T180),(T191,(T11,T93)))),T0)),(((((((((((((T159,T135),T8),T45),((T74,T176),(T59,T31))),T97),(T130,T194)),(((T168,T101),((T133,T26),T156)),(((T27,(T136,(T105,T85))),(T123,T193)),(T81,T55)))),T16),((((T53,T32),T13),T114),((T61,T163),(T37,T117)))),(T199,(T36,T86))),(((T43,T190),(T122,T126)),T144)),(((T200,T140),T143),(T96,T146))),T151)),(((T121,(((T34,T128),T4),T104)),((T71,(T20,T131)),(T186,T75))),((T5,(T147,T95)),((((T118,T72),((T139,((T134,T127),T160)),(T52,T174))),((T155,T182),(T29,T35))),(((((T9,T158),(T138,T17)),(T173,T19)),T25),((T21,T77),T76)))))),((((((((T49,T184),T30),(T2,T65)),((T150,T82),((T47,T68),T107))),(T58,T157)),T183),(T109,T41)),T39)),((((T192,T110),(T99,T187)),(T18,T80)),(T89,(T88,T91)))),((((((((((T132,T54),T196),T161),T24),(T152,T50)),(((T102,T116),(T79,T142)),T195)),((T119,T94),(T44,T83))),((((T162,T73),T66),T103),(((T145,T148),T141),(T129,T172)))),((T111,T149),T87)),(((((T164,T28),T84),(T12,T137)),T177),T78))),((((T113,T7),T15),T62),T100)),T108),T197);
*** Subsample Process ***
Use two-step algorithm!
#NNI moves:1/236
Remaining: 0
#NNI moves:2/236
#NNI moves:2/236
((((((((((((((((((((T142,T79),(T102,T116)),T195),((T50,T152),(((T196,(T132,T54)),T161),T24))),((T94,T119),(T83,T44))),(((T66,(T162,T73)),T103),((T172,T129),((T148,T145),T141)))),((T149,T111),T87)),(((((T28,T164),T84),(T12,T137)),T177),T78)),((T108,T197),((((T113,T7),T15),T62),T100))),((((T110,T192),(T187,T99)),(T80,T18)),(T89,(T91,T88)))),((((((((T49,T184),T30),(T65,T2)),(((T47,T68),T107),(T150,T82))),(T58,T157)),T183),(T109,T41)),T39)),((((((T128,T34),T4),T104),T121),((T186,T75),(T71,(T131,T20)))),((((((T52,T174),(T139,(T160,(T127,T134)))),(T118,T72)),((T155,T182),(T29,T35))),((T25,((T173,T19),((T138,T17),(T9,T158)))),(T76,(T21,T77)))),((T147,T95),T5)))),((((((((((((T74,T176),(T59,T31)),((T8,(T135,T159)),T45)),T97),(T130,T194)),((((T27,((T105,T85),T136)),(T123,T193)),(T81,T55)),((T101,T168),((T26,T133),T156)))),T16),((T114,((T32,T53),T13)),((T37,T117),(T61,T163)))),((T36,T86),T199)),(((T43,T190),(T126,T122)),T144)),(((T140,T200),T143),(T96,T146))),T151)),((((((((((T42,T3),T14),T40),((T69,T198),T10)),(T57,T22)),(T33,T38)),T115),((((T70,(T120,T178)),T90),((T169,T171),T153)),(((T6,T125),T189),((T56,T23),T112)))),((T191,(T93,T11)),(T188,T180))),T0)),(((((T175,T67),(T106,T48)),(T165,T63)),((T170,T46),T98)),(T166,T124))),(T1,T60)),((T167,T92),T64)),((T181,T51),T154)),T185),T179);
#NNI moves:3/236
Remaining: 1
#NNI moves:4/236
#NNI moves:4/236
((((((((((((((((((T198,T69),T10),(((T3,T42),T14),T40)),(T22,T57)),(T33,T38)),T115),((((T6,T125),T189),((T56,T23),T112)),((T90,((T120,T178),T70)),(T153,(T171,T169))))),((T180,T188),(T191,(T93,T11)))),T0),((((((T175,T67),(T106,T48)),(T165,T63)),((T46,T170),T98)),(T166,T124)),((((T154,(T181,T51)),(T185,T179)),((T92,T167),T64)),(T60,T1)))),((((((((T13,(T32,T53)),T114),((T117,T37),(T61,T163))),(((((T55,T81),(((T136,(T85,T105)),T27),(T193,T123))),(((T26,T133),T156),(T168,T101))),((((T45,(T8,(T159,T135))),((T31,T59),(T176,T74))),T97),(T130,T194))),T16)),((T36,T86),T199)),(((T190,T43),(T126,T122)),T144)),((T96,T146),((T140,T200),T143))),T151)),(((((((((T127,T134),T160),T139),(T174,T52)),(T72,T118)),((T29,T35),(T155,T182))),(((((T17,T138),(T158,T9)),(T173,T19)),T25),(T76,(T77,T21)))),(T5,(T147,T95))),(((T186,T75),((T131,T20),T71)),(((T4,(T128,T34)),T104),T121)))),((((((((T184,T49),T30),(T65,T2)),((T107,(T47,T68)),(T82,T150))),(T157,T58)),T183),(T109,T41)),T39)),(((T80,T18),((T192,T110),(T187,T99))),((T88,T91),T89))),(((((((((T196,(T132,T54)),T161),T24),(T50,T152)),(T195,((T116,T102),(T79,T142)))),((T119,T94),(T44,T83))),((((T145,T148),T141),(T172,T129)),(T103,((T162,T73),T66)))),((T111,T149),T87)),(T78,(((T12,T137),((T164,T28),T84)),T177)))),(T100,(T62,((T7,T113),T15)))),T197),T108);
#NNI moves:0/236
Remaining: 0
#NNI moves:4/236
#NNI moves:4/236
(((((((((((((((((((((((T195,((T142,T79),(T102,T116))),(((((T54,T132),T196),T161),T24),(T152,T50))),((T119,T94),(T44,T83))),((((T148,T145),T141),(T172,T129)),(((T162,T73),T66),T103))),(T87,(T149,T111))),((T177,(((T164,T28),T84),(T12,T137))),T78)),(((T62,((T7,T113),T15)),T100),(T197,T108))),(((T88,T91),T89),(((T110,T192),(T187,T99)),(T18,T80)))),(((((((T82,T150),(T107,(T47,T68))),(((T184,T49),T30),(T65,T2))),(T58,T157)),T183),(T109,T41)),T39)),(((((((((T134,T127),T160),T139),(T174,T52)),(T72,T118)),((T35,T29),(T182,T155))),((((T19,T173),((T17,T138),(T9,T158))),T25),(T76,(T21,T77)))),((T95,T147),T5)),(((((T34,T128),T4),T104),T121),((T71,(T131,T20)),(T186,T75))))),(((((((((((T45,(T8,(T135,T159))),((T59,T31),(T74,T176))),T97),(T194,T130)),((((T27,((T85,T105),T136)),(T123,T193)),(T55,T81)),(((T133,T26),T156),(T168,T101)))),T16),((((T53,T32),T13),T114),((T163,T61),(T117,T37)))),((T86,T36),T199)),(((T126,T122),(T190,T43)),T144)),((T143,(T200,T140)),(T146,T96))),T151)),(((((T165,T63),((T175,T67),(T106,T48))),((T46,T170),T98)),(T166,T124)),((((T167,T92),T64),((T185,T179),(T154,(T181,T51)))),(T1,T60)))),T0),((T180,T188),((T93,T11),T191))),((((T23,T56),T112),((T6,T125),T189)),((T90,((T120,T178),T70)),((T171,T169),T153)))),T115),(T38,T33)),(T57,T22)),((T198,T69),T10)),T40),T14),T3),T42);
#NNI moves:0/236
Remaining: 0
#NNI moves:0/236
#NNI moves:0/236
((((((((((((((((((T156,(T133,T26)),(T101,T168)),(((((T85,T105),T136),T27),(T123,T193)),(T55,T81))),((((T45,(T8,(T159,T135))),((T74,T176),(T59,T31))),T97),(T130,T194))),T16),(((T37,T117),(T163,T61)),(((T32,T53),T13),T114))),((T36,T86),T199)),(((T43,T190),(T122,T126)),T144)),(((T200,T140),T143),(T146,T96))),T151),((((((((T23,T56),T112),((T6,T125),T189)),((T90,((T120,T178),T70)),(T153,(T171,T169)))),(((((T10,(T198,T69)),(T40,(T14,(T3,T42)))),(T22,T57)),(T38,T33)),T115)),(((T11,T93),T191),(T188,T180))),T0),((((((T181,T51),T154),(T185,T179)),((T92,T167),T64)),(T1,T60)),(((T98,(T170,T46)),(((T67,T175),(T48,T106)),(T165,T63))),(T124,T166))))),((((((((T138,T17),(T9,T158)),(T173,T19)),T25),(T76,(T21,T77))),(((T29,T35),(T182,T155)),(((T52,T174),(((T127,T134),T160),T139)),(T72,T118)))),(T5,(T95,T147))),(((((T34,T128),T4),T104),T121),(((T131,T20),T71),(T186,T75))))),(((((((T82,T150),((T68,T47),T107)),(((T184,T49),T30),(T2,T65))),(T157,T58)),T183),(T109,T41)),T39)),(((T88,T91),T89),(((T192,T110),(T187,T99)),(T18,T80)))),((((((T164,T28),T84),(T12,T137)),T177),T78),((((((T152,T50),((((T54,T132),T196),T161),T24)),(((T116,T102),(T142,T79)),T195)),((T83,T44),(T119,T94))),(((T129,T172),((T148,T145),T141)),(((T162,T73),T66),T103))),(T87,(T149,T111))))),(((T15,(T113,T7)),T62),T100)),T197),T108);
Current score: 7.03437e+10
Current tree: ((((((((((((((((((T156,(T133,T26)),(T101,T168)),(((((T85,T105),T136),T27),(T123,T193)),(T55,T81))),((((T45,(T8,(T159,T135))),((T74,T176),(T59,T31))),T97),(T130,T194))),T16),(((T37,T117),(T163,T61)),(((T32,T53),T13),T114))),((T36,T86),T199)),(((T43,T190),(T122,T126)),T144)),(((T200,T140),T143),(T146,T96))),T151),((((((((T23,T56),T112),((T6,T125),T189)),((T90,((T120,T178),T70)),(T153,(T171,T169)))),(((((T10,(T198,T69)),(T40,(T14,(T3,T42)))),(T22,T57)),(T38,T33)),T115)),(((T11,T93),T191),(T188,T180))),T0),((((((T181,T51),T154),(T185,T179)),((T92,T167),T64)),(T1,T60)),(((T98,(T170,T46)),(((T67,T175),(T48,T106)),(T165,T63))),(T124,T166))))),((((((((T138,T17),(T9,T158)),(T173,T19)),T25),(T76,(T21,T77))),(((T29,T35),(T182,T155)),(((T52,T174),(((T127,T134),T160),T139)),(T72,T118)))),(T5,(T95,T147))),(((((T34,T128),T4),T104),T121),(((T131,T20),T71),(T186,T75))))),(((((((T82,T150),((T68,T47),T107)),(((T184,T49),T30),(T2,T65))),(T157,T58)),T183),(T109,T41)),T39)),(((T88,T91),T89),(((T192,T110),(T187,T99)),(T18,T80)))),((((((T164,T28),T84),(T12,T137)),T177),T78),((((((T152,T50),((((T54,T132),T196),T161),T24)),(((T116,T102),(T142,T79)),T195)),((T83,T44),(T119,T94))),(((T129,T172),((T148,T145),T141)),(((T162,T73),T66),T103))),(T87,(T149,T111))))),(((T15,(T113,T7)),T62),T100)),T108),T197);
Final Tree: ((((((((((((((((((T156,(T133,T26)),(T101,T168)),(((((T85,T105),T136),T27),(T123,T193)),(T55,T81))),((((T45,(T8,(T159,T135))),((T74,T176),(T59,T31))),T97),(T130,T194))),T16),(((T37,T117),(T163,T61)),(((T32,T53),T13),T114))),((T36,T86),T199)),(((T43,T190),(T122,T126)),T144)),(((T200,T140),T143),(T146,T96))),T151),((((((((T23,T56),T112),((T6,T125),T189)),((T90,((T120,T178),T70)),(T153,(T171,T169)))),(((((T10,(T198,T69)),(T40,(T14,(T3,T42)))),(T22,T57)),(T38,T33)),T115)),(((T11,T93),T191),(T188,T180))),T0),((((((T181,T51),T154),(T185,T179)),((T92,T167),T64)),(T1,T60)),(((T98,(T170,T46)),(((T67,T175),(T48,T106)),(T165,T63))),(T124,T166))))),((((((((T138,T17),(T9,T158)),(T173,T19)),T25),(T76,(T21,T77))),(((T29,T35),(T182,T155)),(((T52,T174),(((T127,T134),T160),T139)),(T72,T118)))),(T5,(T95,T147))),(((((T34,T128),T4),T104),T121),(((T131,T20),T71),(T186,T75))))),(((((((T82,T150),((T68,T47),T107)),(((T184,T49),T30),(T2,T65))),(T157,T58)),T183),(T109,T41)),T39)),(((T88,T91),T89),(((T192,T110),(T187,T99)),(T18,T80)))),((((((T164,T28),T84),(T12,T137)),T177),T78),((((((T152,T50),((((T54,T132),T196),T161),T24)),(((T116,T102),(T142,T79)),T195)),((T83,T44),(T119,T94))),(((T129,T172),((T148,T145),T141)),(((T162,T73),T66),T103))),(T87,(T149,T111))))),(((T15,(T113,T7)),T62),T100)),T108),T197);
Score: 7.034374065e+10

real	0m57.513s
user	20m55.689s
sys	0m18.223s
