
RAxML-NG v. 1.1.0-master released on 04.08.2022 by The Exelixis Lab.
Developed by: Alexey M. Kozlov and Alexandros Stamatakis.
Contributors: Diego Darriba, Tomas Flouri, Benoit Morel, Sarah Lutteropp, Ben Bettisworth.
Latest version: https://github.com/amkozlov/raxml-ng
Questions/problems/suggestions? Please visit: https://groups.google.com/forum/#!forum/raxml

System: AMD EPYC 7742 64-Core Processor, 128 cores, 251 GB RAM

RAxML-NG was called at 26-Dec-2022 16:51:20 as follows:

/home/chaos/programs/raxml-ng/raxml-ng/bin/raxml-ng --msa data/alignment/4_1X_S201_0_haploid --tree pars{1} --model GTR+G --threads 64

Analysis options:
  run mode: ML tree search
  start tree(s): parsimony (1)
  random seed: 1672102280
  tip-inner: OFF
  pattern compression: ON
  per-rate scalers: OFF
  site repeats: ON
  fast spr radius: AUTO
  spr subtree cutoff: 1.000000
  branch lengths: proportional (ML estimate, algorithm: NR-FAST)
  SIMD kernels: AVX2
  parallelization: coarse-grained (auto), PTHREADS (64 threads), thread pinning: OFF

[00:00:00] Reading alignment from file: data/alignment/4_1X_S201_0_haploid
[00:00:03] Loaded alignment with 201 taxa and 5000000 sites

Alignment comprises 1 partitions and 2617448 patterns

Partition 0: noname
Model: GTR+FO+G4m
Alignment sites / patterns: 5000000 / 2617448
Gaps: 0.00 %
Invariant sites: 19.49 %


NOTE: Binary MSA file created: data/alignment/4_1X_S201_0_haploid.raxml.rba

Parallelization scheme autoconfig: 1 worker(s) x 64 thread(s)

Parallel reduction/worker buffer size: 1 KB  / 0 KB

[00:00:22] Generating 1 parsimony starting tree(s) with 201 taxa
[00:00:43] Data distribution: max. partitions/sites/weight per thread: 1 / 40898 / 654368
[00:00:43] Data distribution: max. searches per worker: 1

Starting ML tree search with 1 distinct starting trees

[00:00:44 -120323421.596049] Initial branch length optimization
[00:01:41 -103677325.160340] Model parameter optimization (eps = 10.000000)
[00:04:39 -97960001.703324] AUTODETECT spr round 1 (radius: 5)
[00:09:01 -97931730.579970] AUTODETECT spr round 2 (radius: 10)
[00:22:16 -97931730.579801] SPR radius for FAST iterations: 5 (autodetect)
[00:22:16 -97931730.579801] Model parameter optimization (eps = 3.000000)
[00:22:39 -97931725.340441] FAST spr round 1 (radius: 5)
[00:29:08 -97930414.951401] FAST spr round 2 (radius: 5)
[00:35:52 -97929559.065547] FAST spr round 3 (radius: 5)
[00:42:51 -97929559.065547] Model parameter optimization (eps = 1.000000)
[00:43:01 -97929559.015117] SLOW spr round 1 (radius: 5)
[01:05:00 -97928857.199777] SLOW spr round 2 (radius: 5)
[01:25:19 -97928857.199288] SLOW spr round 3 (radius: 10)
[01:47:07 -97928857.199285] SLOW spr round 4 (radius: 15)
[02:29:03 -97928857.199285] SLOW spr round 5 (radius: 20)
[03:04:10 -97928857.199285] SLOW spr round 6 (radius: 25)
[03:15:30 -97928857.199285] Model parameter optimization (eps = 0.100000)

[03:15:54] ML tree search #1, logLikelihood: -97928856.597360


Optimized model parameters:

   Partition 0: noname
   Rate heterogeneity: GAMMA (4 cats, mean),  alpha: 1.441448 (ML),  weights&rates: (0.250000,0.216134) (0.250000,0.578511) (0.250000,1.046790) (0.250000,2.158565) 
   Base frequencies (ML): 0.318109 0.208367 0.215527 0.257997 
   Substitution rates (ML): 0.204703 3.522533 0.157967 1.646711 2.536081 1.000000 


Final LogLikelihood: -97928856.597360

AIC score: 195858529.194720 / AICc score: 195858529.261474 / BIC score: 195864006.573696
Free parameters (model + branch lengths): 408

Best ML tree saved to: /expanse/lustre/projects/uot138/chaos/ASTERISK-sim/data/alignment/4_1X_S201_0_haploid.raxml.bestTree
Optimized model saved to: /expanse/lustre/projects/uot138/chaos/ASTERISK-sim/data/alignment/4_1X_S201_0_haploid.raxml.bestModel

Execution log saved to: /expanse/lustre/projects/uot138/chaos/ASTERISK-sim/data/alignment/4_1X_S201_0_haploid.raxml.log

Analysis started: 26-Dec-2022 16:51:20 / finished: 26-Dec-2022 20:07:15

Elapsed time: 11755.519 seconds

Consumed energy: 1360.779 Wh (= 7 km in an electric car, or 34 km with an e-scooter!)

