Iteration 1:
Accurate Species Tree EstimatoR from Independent Site Kernals
Version: v1.13.0.0
#Base: 634478811
#Species: 201
#Rounds: 1
#Samples: 0
#Threads: 64
Use two-step algorithm!
Guide Tree 0/27
#NNI moves:0/236
Guide Tree 1/27
#NNI moves:0/236
Guide Tree 2/27
#NNI moves:0/236
Guide Tree 3/27
#NNI moves:0/236
Guide Tree 4/27
#NNI moves:0/236
Guide Tree 5/27
#NNI moves:0/236
Guide Tree 6/27
#NNI moves:0/236
Guide Tree 7/27
#NNI moves:0/236
Guide Tree 8/27
#NNI moves:0/236
Guide Tree 9/27
#NNI moves:0/236
Guide Tree 10/27
#NNI moves:1/236
Guide Tree 11/27
#NNI moves:0/236
Guide Tree 12/27
#NNI moves:0/236
Guide Tree 13/27
#NNI moves:0/236
Guide Tree 14/27
#NNI moves:0/236
Guide Tree 15/27
#NNI moves:1/236
Guide Tree 16/27
#NNI moves:0/236
Guide Tree 17/27
#NNI moves:0/236
Guide Tree 18/27
#NNI moves:0/236
Guide Tree 19/27
#NNI moves:1/236
Guide Tree 20/27
#NNI moves:1/236
Guide Tree 21/27
#NNI moves:0/236
Guide Tree 22/27
#NNI moves:0/236
Guide Tree 23/27
#NNI moves:0/236
Guide Tree 24/27
#NNI moves:0/236
Guide Tree 25/27
#NNI moves:0/236
Guide Tree 26/27
#NNI moves:0/236
Remaining: 0
#NNI moves:6/236
#NNI moves:6/236
(((((((((((((((((((((T13,T199),((T109,T135),T177)),T140),((T28,T23),T89)),((T167,T120),(T106,(T130,T20)))),(T67,(T38,T86))),(((T110,T169),((T79,T10),(((T133,T73),(T99,T44)),T5))),(T156,T147))),(((T19,T141),T138),((T72,T121),(T42,T104)))),(((((((T52,T184),T113),(T75,T129)),(T97,T77)),T128),(((T24,T111),T21),T153)),((((T132,(T165,(T45,T136))),(T181,T164)),T47),((T41,(T15,T46)),((T172,(T34,T186)),T76))))),T0),(((((((((T115,T179),T137),((((T49,T4),T8),T143),(T6,T187))),((((T61,T146),T1),((T94,T112),T71)),((T36,(T150,T22)),T103))),(T92,T192)),((T190,T178),(T11,T195))),(T114,T65)),(((T40,T51),(T191,T59)),T55)),((T58,((T63,T139),T83)),T158))),(T37,T105)),((((((((T87,T93),(T134,T70)),(T30,(T189,T26))),((((T69,((T171,T116),((T101,T123),T126))),(T9,T35)),((T81,(T80,T31)),(((T39,T53),(T163,T100)),((T182,T148),(T160,(T98,T50)))))),(T142,T188))),(T157,((T174,T108),(((T125,T151),T122),(T2,T56))))),((T62,T159),T82)),(((((T117,T194),(T170,T175)),(T54,T16)),(T48,T7)),T96)),((((T144,(T200,T119)),((((T91,T84),(T127,T90)),T32),T149)),(((((T74,T78),((T64,T60),T18)),T95),((T155,T27),(T29,T183))),((T154,(T166,T43)),(T196,T185)))),((T118,T66),((T161,T57),T162))))),T85),(T12,((T14,T25),T180))),(T33,T17)),(T168,(T88,(((T193,T102),T197),T176)))),(((T145,T3),T68),T107)),(T131,T198)),(T124,T173)),T152);
Initial score: 2.40881e+10
Initial tree: (((((((((((((((((((((T13,T199),((T109,T135),T177)),T140),((T28,T23),T89)),((T167,T120),(T106,(T130,T20)))),(T67,(T38,T86))),(((T110,T169),((T79,T10),(((T133,T73),(T99,T44)),T5))),(T156,T147))),(((T19,T141),T138),((T72,T121),(T42,T104)))),(((((((T52,T184),T113),(T75,T129)),(T97,T77)),T128),(((T24,T111),T21),T153)),((((T132,(T165,(T45,T136))),(T181,T164)),T47),((T41,(T15,T46)),((T172,(T34,T186)),T76))))),T0),(((((((((T115,T179),T137),((((T49,T4),T8),T143),(T6,T187))),((((T61,T146),T1),((T94,T112),T71)),((T36,(T150,T22)),T103))),(T92,T192)),((T190,T178),(T11,T195))),(T114,T65)),(((T40,T51),(T191,T59)),T55)),((T58,((T63,T139),T83)),T158))),(T37,T105)),((((((((T87,T93),(T134,T70)),(T30,(T189,T26))),((((T69,((T171,T116),((T101,T123),T126))),(T9,T35)),((T81,(T80,T31)),(((T39,T53),(T163,T100)),((T182,T148),(T160,(T98,T50)))))),(T142,T188))),(T157,((T174,T108),(((T125,T151),T122),(T2,T56))))),((T62,T159),T82)),(((((T117,T194),(T170,T175)),(T54,T16)),(T48,T7)),T96)),((((T144,(T200,T119)),((((T91,T84),(T127,T90)),T32),T149)),(((((T74,T78),((T64,T60),T18)),T95),((T155,T27),(T29,T183))),((T154,(T166,T43)),(T196,T185)))),((T118,T66),((T161,T57),T162))))),T85),(T12,((T14,T25),T180))),(T33,T17)),(T168,(T88,(((T193,T102),T197),T176)))),(((T145,T3),T68),T107)),(T131,T198)),(T124,T173)),T152);
*** Subsample Process ***
Current score: 2.40881e+10
Current tree: (((((((((((((((((((((T13,T199),((T109,T135),T177)),T140),((T28,T23),T89)),((T167,T120),(T106,(T130,T20)))),(T67,(T38,T86))),(((T110,T169),((T79,T10),(((T133,T73),(T99,T44)),T5))),(T156,T147))),(((T19,T141),T138),((T72,T121),(T42,T104)))),(((((((T52,T184),T113),(T75,T129)),(T97,T77)),T128),(((T24,T111),T21),T153)),((((T132,(T165,(T45,T136))),(T181,T164)),T47),((T41,(T15,T46)),((T172,(T34,T186)),T76))))),T0),(((((((((T115,T179),T137),((((T49,T4),T8),T143),(T6,T187))),((((T61,T146),T1),((T94,T112),T71)),((T36,(T150,T22)),T103))),(T92,T192)),((T190,T178),(T11,T195))),(T114,T65)),(((T40,T51),(T191,T59)),T55)),((T58,((T63,T139),T83)),T158))),(T37,T105)),((((((((T87,T93),(T134,T70)),(T30,(T189,T26))),((((T69,((T171,T116),((T101,T123),T126))),(T9,T35)),((T81,(T80,T31)),(((T39,T53),(T163,T100)),((T182,T148),(T160,(T98,T50)))))),(T142,T188))),(T157,((T174,T108),(((T125,T151),T122),(T2,T56))))),((T62,T159),T82)),(((((T117,T194),(T170,T175)),(T54,T16)),(T48,T7)),T96)),((((T144,(T200,T119)),((((T91,T84),(T127,T90)),T32),T149)),(((((T74,T78),((T64,T60),T18)),T95),((T155,T27),(T29,T183))),((T154,(T166,T43)),(T196,T185)))),((T118,T66),((T161,T57),T162))))),T85),(T12,((T14,T25),T180))),(T33,T17)),(T168,(T88,(((T193,T102),T197),T176)))),(((T145,T3),T68),T107)),(T131,T198)),(T124,T173)),T152);
Final Tree: (((((((((((((((((((((T13,T199),((T109,T135),T177)),T140),((T28,T23),T89)),((T167,T120),(T106,(T130,T20)))),(T67,(T38,T86))),(((T110,T169),((T79,T10),(((T133,T73),(T99,T44)),T5))),(T156,T147))),(((T19,T141),T138),((T72,T121),(T42,T104)))),(((((((T52,T184),T113),(T75,T129)),(T97,T77)),T128),(((T24,T111),T21),T153)),((((T132,(T165,(T45,T136))),(T181,T164)),T47),((T41,(T15,T46)),((T172,(T34,T186)),T76))))),T0),(((((((((T115,T179),T137),((((T49,T4),T8),T143),(T6,T187))),((((T61,T146),T1),((T94,T112),T71)),((T36,(T150,T22)),T103))),(T92,T192)),((T190,T178),(T11,T195))),(T114,T65)),(((T40,T51),(T191,T59)),T55)),((T58,((T63,T139),T83)),T158))),(T37,T105)),((((((((T87,T93),(T134,T70)),(T30,(T189,T26))),((((T69,((T171,T116),((T101,T123),T126))),(T9,T35)),((T81,(T80,T31)),(((T39,T53),(T163,T100)),((T182,T148),(T160,(T98,T50)))))),(T142,T188))),(T157,((T174,T108),(((T125,T151),T122),(T2,T56))))),((T62,T159),T82)),(((((T117,T194),(T170,T175)),(T54,T16)),(T48,T7)),T96)),((((T144,(T200,T119)),((((T91,T84),(T127,T90)),T32),T149)),(((((T74,T78),((T64,T60),T18)),T95),((T155,T27),(T29,T183))),((T154,(T166,T43)),(T196,T185)))),((T118,T66),((T161,T57),T162))))),T85),(T12,((T14,T25),T180))),(T33,T17)),(T168,(T88,(((T193,T102),T197),T176)))),(((T145,T3),T68),T107)),(T131,T198)),(T124,T173)),T152);
Score: 2.40881e+10

real	7m28.454s
user	324m41.057s
sys	1m3.851s
