Iteration 1:
Accurate Species Tree EstimatoR from Independent Site Kernals
Version: v1.13.0.0
#Base: 496765269
#Species: 201
#Rounds: 1
#Samples: 0
#Threads: 64
Use two-step algorithm!
Guide Tree 0/27
#NNI moves:0/236
Guide Tree 1/27
#NNI moves:0/236
Guide Tree 2/27
#NNI moves:0/236
Guide Tree 3/27
#NNI moves:0/236
Guide Tree 4/27
#NNI moves:0/236
Guide Tree 5/27
#NNI moves:0/236
Guide Tree 6/27
#NNI moves:0/236
Guide Tree 7/27
#NNI moves:0/236
Guide Tree 8/27
#NNI moves:0/236
Guide Tree 9/27
#NNI moves:0/236
Guide Tree 10/27
#NNI moves:0/236
Guide Tree 11/27
#NNI moves:0/236
Guide Tree 12/27
#NNI moves:0/236
Guide Tree 13/27
#NNI moves:0/236
Guide Tree 14/27
#NNI moves:0/236
Guide Tree 15/27
#NNI moves:0/236
Guide Tree 16/27
#NNI moves:0/236
Guide Tree 17/27
#NNI moves:0/236
Guide Tree 18/27
#NNI moves:0/236
Guide Tree 19/27
#NNI moves:0/236
Guide Tree 20/27
#NNI moves:0/236
Guide Tree 21/27
#NNI moves:0/236
Guide Tree 22/27
#NNI moves:0/236
Guide Tree 23/27
#NNI moves:0/236
Guide Tree 24/27
#NNI moves:0/236
Guide Tree 25/27
#NNI moves:0/236
Guide Tree 26/27
#NNI moves:0/236
Remaining: 0
#NNI moves:9/236
#NNI moves:9/236
(((((((((((((T72,T26),T45),T16),(T54,((((T90,(T103,T118)),T148),((T74,T106),T179)),T109))),(((T57,T142),T172),T113)),(((((((T28,T37),T165),T4),(((T187,T190),((T139,T96),T65)),((((T131,T73),T125),T198),(T94,T32)))),((((T80,T112),T150),(T24,T12)),(T132,T159))),(((T129,T31),(T155,T1)),T48)),(((T175,(T27,T171)),(T13,((T66,((T38,T22),T181)),(T160,T8)))),(((T39,T98),(T30,T61)),T197)))),((((T195,(((T135,T5),T161),(T143,T84))),(((T63,T92),T85),(T137,T101))),((((T123,T77),T126),T58),T153)),T0)),(((T93,T70),((T10,T50),T76)),((T81,T64),T177))),((((((((T114,(T6,T108)),T186),(T194,T180)),(T36,T200)),(T35,T115)),(((T104,T162),T88),(((((((T170,T53),T97),T128),T71),(T199,T20)),((T120,T184),T43)),(((((T21,T55),(T91,(T121,T130))),(T102,T182)),((T33,(T193,T86)),T42)),(((T167,T136),T75),T11))))),T25),(((T111,T117),T124),((T51,T100),T163)))),(((((((((((T99,(T157,T144)),(T138,T67)),((T185,T168),T127)),(T173,T3)),T23),(T122,T41)),(((T68,((T141,T189),T192)),(T15,(T147,T110))),(T119,(T49,T164)))),((T69,T105),((((T146,T134),T59),T174),(T95,T78)))),(((((T158,T82),T166),(T154,(T188,T178))),(T183,T107)),((T62,T87),(T176,T149)))),(((T145,(T89,T19)),(((T140,T7),T2),T79)),(((((((T60,T133),T18),((T47,(T191,T52)),((T151,T9),T196))),T17),T156),T152),(T169,T83)))),(T40,T56))),((T44,T34),(T116,T29))),T14),T46);
Initial score: 3.24069e+10
Initial tree: (((((((((((((T72,T26),T45),T16),(T54,((((T90,(T103,T118)),T148),((T74,T106),T179)),T109))),(((T57,T142),T172),T113)),(((((((T28,T37),T165),T4),(((T187,T190),((T139,T96),T65)),((((T131,T73),T125),T198),(T94,T32)))),((((T80,T112),T150),(T24,T12)),(T132,T159))),(((T129,T31),(T155,T1)),T48)),(((T175,(T27,T171)),(T13,((T66,((T38,T22),T181)),(T160,T8)))),(((T39,T98),(T30,T61)),T197)))),((((T195,(((T135,T5),T161),(T143,T84))),(((T63,T92),T85),(T137,T101))),((((T123,T77),T126),T58),T153)),T0)),(((T93,T70),((T10,T50),T76)),((T81,T64),T177))),((((((((T114,(T6,T108)),T186),(T194,T180)),(T36,T200)),(T35,T115)),(((T104,T162),T88),(((((((T170,T53),T97),T128),T71),(T199,T20)),((T120,T184),T43)),(((((T21,T55),(T91,(T121,T130))),(T102,T182)),((T33,(T193,T86)),T42)),(((T167,T136),T75),T11))))),T25),(((T111,T117),T124),((T51,T100),T163)))),(((((((((((T99,(T157,T144)),(T138,T67)),((T185,T168),T127)),(T173,T3)),T23),(T122,T41)),(((T68,((T141,T189),T192)),(T15,(T147,T110))),(T119,(T49,T164)))),((T69,T105),((((T146,T134),T59),T174),(T95,T78)))),(((((T158,T82),T166),(T154,(T188,T178))),(T183,T107)),((T62,T87),(T176,T149)))),(((T145,(T89,T19)),(((T140,T7),T2),T79)),(((((((T60,T133),T18),((T47,(T191,T52)),((T151,T9),T196))),T17),T156),T152),(T169,T83)))),(T40,T56))),((T44,T34),(T116,T29))),T14),T46);
*** Subsample Process ***
Current score: 3.24069e+10
Current tree: (((((((((((((T72,T26),T45),T16),(T54,((((T90,(T103,T118)),T148),((T74,T106),T179)),T109))),(((T57,T142),T172),T113)),(((((((T28,T37),T165),T4),(((T187,T190),((T139,T96),T65)),((((T131,T73),T125),T198),(T94,T32)))),((((T80,T112),T150),(T24,T12)),(T132,T159))),(((T129,T31),(T155,T1)),T48)),(((T175,(T27,T171)),(T13,((T66,((T38,T22),T181)),(T160,T8)))),(((T39,T98),(T30,T61)),T197)))),((((T195,(((T135,T5),T161),(T143,T84))),(((T63,T92),T85),(T137,T101))),((((T123,T77),T126),T58),T153)),T0)),(((T93,T70),((T10,T50),T76)),((T81,T64),T177))),((((((((T114,(T6,T108)),T186),(T194,T180)),(T36,T200)),(T35,T115)),(((T104,T162),T88),(((((((T170,T53),T97),T128),T71),(T199,T20)),((T120,T184),T43)),(((((T21,T55),(T91,(T121,T130))),(T102,T182)),((T33,(T193,T86)),T42)),(((T167,T136),T75),T11))))),T25),(((T111,T117),T124),((T51,T100),T163)))),(((((((((((T99,(T157,T144)),(T138,T67)),((T185,T168),T127)),(T173,T3)),T23),(T122,T41)),(((T68,((T141,T189),T192)),(T15,(T147,T110))),(T119,(T49,T164)))),((T69,T105),((((T146,T134),T59),T174),(T95,T78)))),(((((T158,T82),T166),(T154,(T188,T178))),(T183,T107)),((T62,T87),(T176,T149)))),(((T145,(T89,T19)),(((T140,T7),T2),T79)),(((((((T60,T133),T18),((T47,(T191,T52)),((T151,T9),T196))),T17),T156),T152),(T169,T83)))),(T40,T56))),((T44,T34),(T116,T29))),T14),T46);
Final Tree: (((((((((((((T72,T26),T45),T16),(T54,((((T90,(T103,T118)),T148),((T74,T106),T179)),T109))),(((T57,T142),T172),T113)),(((((((T28,T37),T165),T4),(((T187,T190),((T139,T96),T65)),((((T131,T73),T125),T198),(T94,T32)))),((((T80,T112),T150),(T24,T12)),(T132,T159))),(((T129,T31),(T155,T1)),T48)),(((T175,(T27,T171)),(T13,((T66,((T38,T22),T181)),(T160,T8)))),(((T39,T98),(T30,T61)),T197)))),((((T195,(((T135,T5),T161),(T143,T84))),(((T63,T92),T85),(T137,T101))),((((T123,T77),T126),T58),T153)),T0)),(((T93,T70),((T10,T50),T76)),((T81,T64),T177))),((((((((T114,(T6,T108)),T186),(T194,T180)),(T36,T200)),(T35,T115)),(((T104,T162),T88),(((((((T170,T53),T97),T128),T71),(T199,T20)),((T120,T184),T43)),(((((T21,T55),(T91,(T121,T130))),(T102,T182)),((T33,(T193,T86)),T42)),(((T167,T136),T75),T11))))),T25),(((T111,T117),T124),((T51,T100),T163)))),(((((((((((T99,(T157,T144)),(T138,T67)),((T185,T168),T127)),(T173,T3)),T23),(T122,T41)),(((T68,((T141,T189),T192)),(T15,(T147,T110))),(T119,(T49,T164)))),((T69,T105),((((T146,T134),T59),T174),(T95,T78)))),(((((T158,T82),T166),(T154,(T188,T178))),(T183,T107)),((T62,T87),(T176,T149)))),(((T145,(T89,T19)),(((T140,T7),T2),T79)),(((((((T60,T133),T18),((T47,(T191,T52)),((T151,T9),T196))),T17),T156),T152),(T169,T83)))),(T40,T56))),((T44,T34),(T116,T29))),T14),T46);
Score: 3.24069e+10

real	5m9.872s
user	251m33.492s
sys	0m23.318s
