
RAxML-NG v. 1.1.0-master released on 04.08.2022 by The Exelixis Lab.
Developed by: Alexey M. Kozlov and Alexandros Stamatakis.
Contributors: Diego Darriba, Tomas Flouri, Benoit Morel, Sarah Lutteropp, Ben Bettisworth.
Latest version: https://github.com/amkozlov/raxml-ng
Questions/problems/suggestions? Please visit: https://groups.google.com/forum/#!forum/raxml

System: AMD EPYC 7742 64-Core Processor, 128 cores, 251 GB RAM

RAxML-NG was called at 26-Dec-2022 16:51:16 as follows:

/home/chaos/programs/raxml-ng/raxml-ng/bin/raxml-ng --msa data/alignment/6_1X_S201_0_haploid --tree pars{1} --model GTR+G --threads 64

Analysis options:
  run mode: ML tree search
  start tree(s): parsimony (1)
  random seed: 1672102276
  tip-inner: OFF
  pattern compression: ON
  per-rate scalers: OFF
  site repeats: ON
  fast spr radius: AUTO
  spr subtree cutoff: 1.000000
  branch lengths: proportional (ML estimate, algorithm: NR-FAST)
  SIMD kernels: AVX2
  parallelization: coarse-grained (auto), PTHREADS (64 threads), thread pinning: OFF

[00:00:00] Reading alignment from file: data/alignment/6_1X_S201_0_haploid
[00:00:03] Loaded alignment with 201 taxa and 5000000 sites

Alignment comprises 1 partitions and 3860325 patterns

Partition 0: noname
Model: GTR+FO+G4m
Alignment sites / patterns: 5000000 / 3860325
Gaps: 0.00 %
Invariant sites: 4.56 %


NOTE: Binary MSA file created: data/alignment/6_1X_S201_0_haploid.raxml.rba

Parallelization scheme autoconfig: 1 worker(s) x 64 thread(s)

Parallel reduction/worker buffer size: 1 KB  / 0 KB

[00:00:23] Generating 1 parsimony starting tree(s) with 201 taxa
[00:00:51] Data distribution: max. partitions/sites/weight per thread: 1 / 60318 / 965088
[00:00:51] Data distribution: max. searches per worker: 1

Starting ML tree search with 1 distinct starting trees

[00:00:52 -149252965.082356] Initial branch length optimization
[00:03:25 -134952686.052367] Model parameter optimization (eps = 10.000000)
[00:08:18 -128713707.543744] AUTODETECT spr round 1 (radius: 5)
[00:15:34 -128695520.413197] AUTODETECT spr round 2 (radius: 10)
[00:37:42 -128695520.412586] SPR radius for FAST iterations: 5 (autodetect)
[00:37:42 -128695520.412586] Model parameter optimization (eps = 3.000000)
[00:38:04 -128695517.680084] FAST spr round 1 (radius: 5)
[00:47:54 -128694370.660999] FAST spr round 2 (radius: 5)
[00:58:28 -128693333.907658] FAST spr round 3 (radius: 5)
[01:09:13 -128692417.564964] FAST spr round 4 (radius: 5)
[01:20:39 -128692117.162730] FAST spr round 5 (radius: 5)
[01:32:42 -128692113.272482] FAST spr round 6 (radius: 5)
[01:44:46 -128692113.272482] Model parameter optimization (eps = 1.000000)
[01:45:06 -128692113.119445] SLOW spr round 1 (radius: 5)
[02:21:43 -128689010.390271] SLOW spr round 2 (radius: 5)
[02:54:13 -128689010.390268] SLOW spr round 3 (radius: 10)
[03:31:15 -128689010.390268] SLOW spr round 4 (radius: 15)
[04:37:39 -128689010.390268] SLOW spr round 5 (radius: 20)
[05:30:36 -128689010.390268] SLOW spr round 6 (radius: 25)
[05:49:40 -128689010.390268] Model parameter optimization (eps = 0.100000)

[05:50:00] ML tree search #1, logLikelihood: -128689010.303977


Optimized model parameters:

   Partition 0: noname
   Rate heterogeneity: GAMMA (4 cats, mean),  alpha: 6.135728 (ML),  weights&rates: (0.250000,0.543353) (0.250000,0.826927) (0.250000,1.080953) (0.250000,1.548768) 
   Base frequencies (ML): 0.287964 0.235986 0.248647 0.227403 
   Substitution rates (ML): 1.181491 4.233861 0.254380 1.833514 2.778287 1.000000 


Final LogLikelihood: -128689010.303977

AIC score: 257378836.607954 / AICc score: 257378836.674708 / BIC score: 257384313.986930
Free parameters (model + branch lengths): 408

Best ML tree saved to: /expanse/lustre/projects/uot138/chaos/ASTERISK-sim/data/alignment/6_1X_S201_0_haploid.raxml.bestTree
Optimized model saved to: /expanse/lustre/projects/uot138/chaos/ASTERISK-sim/data/alignment/6_1X_S201_0_haploid.raxml.bestModel

Execution log saved to: /expanse/lustre/projects/uot138/chaos/ASTERISK-sim/data/alignment/6_1X_S201_0_haploid.raxml.log

Analysis started: 26-Dec-2022 16:51:16 / finished: 26-Dec-2022 22:41:18

Elapsed time: 21001.532 seconds

Consumed energy: 2396.366 Wh (= 12 km in an electric car, or 60 km with an e-scooter!)

