Weighted ASTRAL - Hybrid
Version: v1.13.2.3
#Genetrees: 2000
#Species: 201
#Rounds: 4
#Samples: 4
#Threads: 32
Use two-step algorithm!
Guide Tree 0/27
#NNI moves:0/236
Guide Tree 1/27
#NNI moves:0/236
Guide Tree 2/27
#NNI moves:0/236
Guide Tree 3/27
#NNI moves:0/236
Guide Tree 4/27
#NNI moves:0/236
Guide Tree 5/27
#NNI moves:0/236
Guide Tree 6/27
#NNI moves:0/236
Guide Tree 7/27
#NNI moves:0/236
Guide Tree 8/27
#NNI moves:0/236
Guide Tree 9/27
#NNI moves:0/236
Guide Tree 10/27
#NNI moves:0/236
Guide Tree 11/27
#NNI moves:3/236
Guide Tree 12/27
#NNI moves:0/236
Guide Tree 13/27
#NNI moves:0/236
Guide Tree 14/27
#NNI moves:0/236
Guide Tree 15/27
#NNI moves:0/236
Guide Tree 16/27
#NNI moves:0/236
Guide Tree 17/27
#NNI moves:0/236
Guide Tree 18/27
#NNI moves:0/236
Guide Tree 19/27
#NNI moves:0/236
Guide Tree 20/27
#NNI moves:0/236
Guide Tree 21/27
#NNI moves:3/236
Guide Tree 22/27
#NNI moves:0/236
Guide Tree 23/27
#NNI moves:0/236
Guide Tree 24/27
#NNI moves:0/236
Guide Tree 25/27
#NNI moves:0/236
Guide Tree 26/27
#NNI moves:0/236
Remaining: 1
#NNI moves:9/236
#NNI moves:9/236
((((((((((((((((T10,((T178,(T167,T199)),(T120,T42))),((T190,(T82,(T20,T169))),T65)),((((T159,T39),(T2,T79)),T161),T60)),((((T137,T188),T27),((((T99,T146),T57),(T21,T109)),((T54,T151),T45))),(((((T104,T160),T47),T30),T18),T66))),((T95,(T56,T187)),T183)),(((T58,T92),T11),(T124,(T117,T34)))),((((((T158,T200),((((T176,T179),(T100,T152)),T5),T85)),((T32,T53),T67)),T40),(T115,T149)),(((((T162,T196),T16),T84),(T70,(((T166,(T14,T192)),(T19,T107)),T97))),((((T74,(T175,T163)),T148),(T114,T83)),(T110,T22))))),((((((T80,T140),T102),T123),((T126,T143),((T130,T72),T112))),(T24,T46)),T156)),((((((((T185,T145),((T17,T122),(T86,(T87,T108)))),(T93,(T113,T62))),(((T134,T119),((T38,T197),(T77,T37))),T195)),(T154,T181)),(T118,T155)),((((T6,T121),T138),T89),((T44,T173),T75))),(((T174,(T165,T193)),T189),(T59,T184)))),T157),(((((((((((T23,T164),T4),((((T132,T90),T91),T3),(T96,(T49,(T136,T147))))),((T171,T31),(T88,T26))),(((T50,T35),T106),(T64,T101))),((((T142,T105),T128),(T103,T127)),((T172,T68),T111))),((T76,((T29,(T133,T52)),T13)),((T25,T63),(T43,T48)))),((((T28,T15),(T198,T71)),(((((T131,T141),T73),(T129,T98)),T153),(T41,T51))),(T144,T150))),((T9,T12),((T135,(T116,T81)),((T170,T55),T1)))),((T182,T125),(T194,T139))),((T78,T33),T36))),T0),(T191,((T180,T7),(T94,T177)))),(T8,T69)),(T168,T61)),T186);
Guide Tree 0/27
#NNI moves:0/236
Guide Tree 1/27
#NNI moves:0/236
Guide Tree 2/27
#NNI moves:0/236
Guide Tree 3/27
#NNI moves:0/236
Guide Tree 4/27
#NNI moves:0/236
Guide Tree 5/27
#NNI moves:1/236
Guide Tree 6/27
#NNI moves:0/236
Guide Tree 7/27
#NNI moves:0/236
Guide Tree 8/27
#NNI moves:0/236
Guide Tree 9/27
#NNI moves:0/236
Guide Tree 10/27
#NNI moves:0/236
Guide Tree 11/27
#NNI moves:0/236
Guide Tree 12/27
#NNI moves:0/236
Guide Tree 13/27
#NNI moves:0/236
Guide Tree 14/27
#NNI moves:0/236
Guide Tree 15/27
#NNI moves:0/236
Guide Tree 16/27
#NNI moves:0/236
Guide Tree 17/27
#NNI moves:0/236
Guide Tree 18/27
#NNI moves:0/236
Guide Tree 19/27
#NNI moves:0/236
Guide Tree 20/27
#NNI moves:0/236
Guide Tree 21/27
#NNI moves:0/236
Guide Tree 22/27
#NNI moves:0/236
Guide Tree 23/27
#NNI moves:0/236
Guide Tree 24/27
#NNI moves:0/236
Guide Tree 25/27
#NNI moves:0/236
Guide Tree 26/27
#NNI moves:0/236
Remaining: 0
#NNI moves:3/236
#NNI moves:3/236
(((((((((((((((((((T199,T167),T178),(T42,T120)),T10),((((T169,T20),T82),T190),T65)),((T161,((T79,T2),(T39,T159))),T60)),(((((T109,T21),((T146,T99),T57)),((T151,T54),T45)),((T137,T188),T27)),((((T47,(T104,T160)),T30),T18),T66))),(((T56,T187),T95),T183)),(((T92,T58),T11),(T124,(T117,T34)))),(((((T114,T83),(T148,((T163,T175),T74))),(T22,T110)),(((T97,((T19,T107),((T14,T192),T166))),T70),(((T162,T196),T16),T84))),((((T67,(T53,T32)),(((((T179,T176),(T100,T152)),T5),T85),(T200,T158))),T40),(T149,T115)))),(((((T126,T143),((T72,T130),T112)),((T102,(T140,T80)),T123)),(T24,T46)),T156)),(((((((((T17,T122),((T108,T87),T86)),(T185,T145)),(T93,(T113,T62))),((((T38,T197),(T77,T37)),(T119,T134)),T195)),(T181,T154)),(T118,T155)),((((T6,T121),T138),T89),((T44,T173),T75))),((T189,(T174,(T165,T193))),(T184,T59)))),T157),((((((((((T171,T31),(T26,T88)),(((((T147,T136),T49),T96),((T91,(T132,T90)),T3)),((T23,T164),T4))),(((T50,T35),T106),(T64,T101))),((((T142,T105),T128),(T127,T103)),(T111,(T68,T172)))),(((T25,T63),(T43,T48)),(((T29,(T52,T133)),T13),T76))),((((T28,T15),(T198,T71)),(((((T141,T131),T73),(T98,T129)),T153),(T51,T41))),(T150,T144))),((((T116,T81),T135),((T170,T55),T1)),(T9,T12))),((T182,T125),(T194,T139))),((T33,T78),T36))),T0),(T191,((T177,T94),(T7,T180)))),(T69,T8)),(T168,T61)),T186);
Guide Tree 0/27
#NNI moves:1/236
Guide Tree 1/27
#NNI moves:0/236
Guide Tree 2/27
#NNI moves:0/236
Guide Tree 3/27
#NNI moves:0/236
Guide Tree 4/27
#NNI moves:0/236
Guide Tree 5/27
#NNI moves:0/236
Guide Tree 6/27
#NNI moves:0/236
Guide Tree 7/27
#NNI moves:0/236
Guide Tree 8/27
#NNI moves:0/236
Guide Tree 9/27
#NNI moves:0/236
Guide Tree 10/27
#NNI moves:3/236
Guide Tree 11/27
#NNI moves:0/236
Guide Tree 12/27
#NNI moves:0/236
Guide Tree 13/27
#NNI moves:0/236
Guide Tree 14/27
#NNI moves:0/236
Guide Tree 15/27
#NNI moves:0/236
Guide Tree 16/27
#NNI moves:0/236
Guide Tree 17/27
#NNI moves:0/236
Guide Tree 18/27
#NNI moves:0/236
Guide Tree 19/27
#NNI moves:0/236
Guide Tree 20/27
#NNI moves:0/236
Guide Tree 21/27
#NNI moves:0/236
Guide Tree 22/27
#NNI moves:0/236
Guide Tree 23/27
#NNI moves:0/236
Guide Tree 24/27
#NNI moves:0/236
Guide Tree 25/27
#NNI moves:3/236
Guide Tree 26/27
#NNI moves:0/236
Remaining: 0
#NNI moves:7/236
#NNI moves:7/236
(((((((((((((((((((T20,T169),T82),T190),T65),(((T178,(T199,T167)),(T120,T42)),T10)),((((T39,T159),(T79,T2)),T161),T60)),((((T30,(T47,(T104,T160))),T18),T66),(((((T99,T146),T57),(T21,T109)),(T45,(T54,T151))),(T27,(T188,T137))))),(((T187,T56),T95),T183)),(((T58,T92),T11),((T117,T34),T124))),((((((T53,T32),T67),(((((T179,T176),(T100,T152)),T5),T85),(T200,T158))),T40),(T149,T115)),((((((T163,T175),T74),T148),(T83,T114)),(T110,T22)),(((((T166,(T14,T192)),(T107,T19)),T97),T70),(((T162,T196),T16),T84))))),(((((T143,T126),(T112,(T130,T72))),(((T140,T80),T102),T123)),(T24,T46)),T156)),((((((((((T87,T108),T86),(T17,T122)),(T145,T185)),((T113,T62),T93)),(((T119,T134),((T38,T197),(T77,T37))),T195)),(T154,T181)),(T118,T155)),(((T44,T173),T75),((T138,(T6,T121)),T89))),((T189,(T174,(T193,T165))),(T184,T59)))),T157),((((((((((T105,T142),T128),(T127,T103)),((T68,T172),T111)),((((T35,T50),T106),(T64,T101)),((((((T90,T132),T91),T3),(((T147,T136),T49),T96)),((T23,T164),T4)),((T88,T26),(T31,T171))))),((T76,(T13,((T133,T52),T29))),((T43,T48),(T25,T63)))),((((((T129,T98),((T131,T141),T73)),T153),(T41,T51)),((T198,T71),(T28,T15))),(T150,T144))),((T9,T12),(((T170,T55),T1),((T116,T81),T135)))),((T182,T125),(T194,T139))),((T78,T33),T36))),T0),(((T177,T94),(T7,T180)),T191)),(T69,T8)),(T61,T168)),T186);
Guide Tree 0/27
#NNI moves:0/236
Guide Tree 1/27
#NNI moves:3/236
Guide Tree 2/27
#NNI moves:1/236
Guide Tree 3/27
#NNI moves:0/236
Guide Tree 4/27
#NNI moves:0/236
Guide Tree 5/27
#NNI moves:1/236
Guide Tree 6/27
#NNI moves:4/236
Guide Tree 7/27
#NNI moves:0/236
Guide Tree 8/27
#NNI moves:1/236
Guide Tree 9/27
#NNI moves:0/236
Guide Tree 10/27
#NNI moves:0/236
Guide Tree 11/27
#NNI moves:0/236
Guide Tree 12/27
#NNI moves:0/236
Guide Tree 13/27
#NNI moves:0/236
Guide Tree 14/27
#NNI moves:0/236
Guide Tree 15/27
#NNI moves:0/236
Guide Tree 16/27
#NNI moves:1/236
Guide Tree 17/27
#NNI moves:4/236
Guide Tree 18/27
#NNI moves:0/236
Guide Tree 19/27
#NNI moves:0/236
Guide Tree 20/27
#NNI moves:1/236
Guide Tree 21/27
#NNI moves:3/236
Guide Tree 22/27
#NNI moves:0/236
Guide Tree 23/27
#NNI moves:0/236
Guide Tree 24/27
#NNI moves:0/236
Guide Tree 25/27
#NNI moves:0/236
Guide Tree 26/27
#NNI moves:1/236
Remaining: 0
#NNI moves:4/236
#NNI moves:4/236
(((((((((((((((((T190,((T20,T169),T82)),T65),((((T167,T199),T178),(T42,T120)),T10)),((((T79,T2),(T39,T159)),T161),T60)),((((((T104,T160),T47),T30),T18),T66),((((T109,T21),((T146,T99),T57)),((T54,T151),T45)),((T137,T188),T27)))),(T183,(T95,(T56,T187)))),((T11,(T92,T58)),((T34,T117),T124))),((((T22,T110),((T148,(T74,(T175,T163))),(T83,T114))),((T84,((T196,T162),T16)),((((T107,T19),(T166,(T192,T14))),T97),T70))),(((((T53,T32),T67),(((((T176,T179),(T152,T100)),T5),T85),(T200,T158))),T40),(T149,T115)))),((((((T130,T72),T112),(T126,T143)),(T123,(T102,(T80,T140)))),(T46,T24)),T156)),(((((T173,T44),T75),(((T121,T6),T138),T89)),(((((((T197,T38),(T77,T37)),(T119,T134)),T195),(((T113,T62),T93),((T185,T145),((T17,T122),((T108,T87),T86))))),(T154,T181)),(T155,T118))),((T184,T59),(T189,((T193,T165),T174))))),T157),((((((((((((T49,(T136,T147)),T96),(((T132,T90),T91),T3)),(T4,(T23,T164))),((T26,T88),(T31,T171))),((T106,(T35,T50)),(T64,T101))),((((T142,T105),T128),(T127,T103)),((T68,T172),T111))),(((T13,(T29,(T52,T133))),T76),((T48,T43),(T63,T25)))),((T150,T144),(((T41,T51),((((T131,T141),T73),(T98,T129)),T153)),((T71,T198),(T15,T28))))),((((T81,T116),T135),((T55,T170),T1)),(T9,T12))),((T182,T125),(T194,T139))),((T33,T78),T36))),T0),(((T7,T180),(T177,T94)),T191)),(T69,T8)),(T168,T61)),T186);
Initial score: 7.05996e+10
Initial tree: (((((((((((((((((T190,((T20,T169),T82)),T65),((((T167,T199),T178),(T42,T120)),T10)),((((T79,T2),(T39,T159)),T161),T60)),((((((T104,T160),T47),T30),T18),T66),((((T109,T21),((T146,T99),T57)),((T54,T151),T45)),((T137,T188),T27)))),(T183,(T95,(T56,T187)))),((T11,(T92,T58)),((T34,T117),T124))),((((T22,T110),((T148,(T74,(T175,T163))),(T83,T114))),((T84,((T196,T162),T16)),((((T107,T19),(T166,(T192,T14))),T97),T70))),(((((T53,T32),T67),(((((T176,T179),(T152,T100)),T5),T85),(T200,T158))),T40),(T149,T115)))),((((((T130,T72),T112),(T126,T143)),(T123,(T102,(T80,T140)))),(T46,T24)),T156)),(((((T173,T44),T75),(((T121,T6),T138),T89)),(((((((T197,T38),(T77,T37)),(T119,T134)),T195),(((T113,T62),T93),((T185,T145),((T17,T122),((T108,T87),T86))))),(T154,T181)),(T155,T118))),((T184,T59),(T189,((T193,T165),T174))))),T157),((((((((((((T49,(T136,T147)),T96),(((T132,T90),T91),T3)),(T4,(T23,T164))),((T26,T88),(T31,T171))),((T106,(T35,T50)),(T64,T101))),((((T142,T105),T128),(T127,T103)),((T68,T172),T111))),(((T13,(T29,(T52,T133))),T76),((T48,T43),(T63,T25)))),((T150,T144),(((T41,T51),((((T131,T141),T73),(T98,T129)),T153)),((T71,T198),(T15,T28))))),((((T81,T116),T135),((T55,T170),T1)),(T9,T12))),((T182,T125),(T194,T139))),((T33,T78),T36))),T0),(((T7,T180),(T177,T94)),T191)),(T69,T8)),(T168,T61)),T186);
*** Subsample Process ***
Use two-step algorithm!
#NNI moves:0/236
Remaining: 1
#NNI moves:7/236
#NNI moves:7/236
((((((((((((((((((((((((T49,(T147,T136)),T96),(((T132,T90),T91),T3)),(T4,(T23,T164))),((T26,T88),(T31,T171))),(((T35,T50),T106),(T101,T64))),(((T127,T103),((T105,T142),T128)),(T111,(T68,T172)))),((T76,(((T133,T52),T29),T13)),((T43,T48),(T63,T25)))),((((T198,T71),(T28,T15)),((((T73,(T141,T131)),(T129,T98)),T153),(T51,T41))),(T150,T144))),((((T55,T170),T1),((T116,T81),T135)),(T12,T9))),((T182,T125),(T139,T194))),((T33,T78),T36)),(((((T168,T61),T186),(T69,T8)),(((T94,T177),(T180,T7)),T191)),T0)),T157),(((((((((T38,T197),(T77,T37)),(T134,T119)),T195),((T93,(T113,T62)),(((T17,T122),((T87,T108),T86)),(T145,T185)))),(T154,T181)),(T118,T155)),(((T173,T44),T75),(((T6,T121),T138),T89))),((T59,T184),(T189,((T193,T165),T174))))),((((((T72,T130),T112),(T126,T143)),(T123,((T80,T140),T102))),(T24,T46)),T156)),(((((((T163,T175),T74),T148),(T114,T83)),(T22,T110)),(((((T107,T19),(T166,(T192,T14))),T97),T70),(T84,(T16,(T162,T196))))),(((((T32,T53),T67),(((T5,((T152,T100),(T176,T179))),T85),(T158,T200))),T40),(T149,T115)))),(((T92,T58),T11),((T34,T117),T124))),(T183,((T187,T56),T95))),((((((T99,T146),T57),(T109,T21)),((T54,T151),T45)),((T137,T188),T27)),(T66,(((T47,(T160,T104)),T30),T18)))),((((T79,T2),(T39,T159)),T161),T60)),(T10,(((T199,T167),T178),(T120,T42)))),((T82,(T169,T20)),T190)),T65);
#NNI moves:0/236
Remaining: 0
#NNI moves:1/236
#NNI moves:1/236
(((((((((((((((((T162,T196),T16),T84),((((T166,(T192,T14)),(T107,T19)),T97),T70)),(((((T175,T163),T74),T148),(T83,T114)),(T22,T110))),((((((((T100,T152),(T176,T179)),T5),T85),(T158,T200)),((T32,T53),T67)),T40),(T115,T149))),((((((((T151,T54),T45),(((T99,T146),T57),(T109,T21))),(T27,(T137,T188))),(((T30,(T47,(T160,T104))),T18),T66)),(((((T159,T39),(T2,T79)),T161),T60),((((T82,(T169,T20)),T190),T65),(((T120,T42),(T178,(T167,T199))),T10)))),(T183,((T187,T56),T95))),(((T92,T58),T11),(T124,(T34,T117))))),(((((T102,(T140,T80)),T123),((T126,T143),((T72,T130),T112))),(T46,T24)),T156)),(((((((((T77,T37),(T38,T197)),(T134,T119)),T195),((T93,(T62,T113)),(((T122,T17),(T86,(T87,T108))),(T145,T185)))),(T154,T181)),(T118,T155)),(((T44,T173),T75),(T89,(T138,(T6,T121))))),(((T174,(T193,T165)),T189),(T184,T59)))),T157),(((((((((((T96,((T147,T136),T49)),((T91,(T132,T90)),T3)),((T164,T23),T4)),((T26,T88),(T31,T171))),(((T50,T35),T106),(T64,T101))),(((T127,T103),((T142,T105),T128)),(T111,(T68,T172)))),(((T48,T43),(T25,T63)),(((T29,(T133,T52)),T13),T76))),((((T198,T71),(T15,T28)),((T51,T41),((((T131,T141),T73),(T98,T129)),T153))),(T150,T144))),(((T1,(T55,T170)),((T81,T116),T135)),(T12,T9))),((T194,T139),(T182,T125))),((T78,T33),T36))),T0),(((T7,T180),(T177,T94)),T191)),(T69,T8)),T186),T61),T168);
#NNI moves:0/236
Remaining: 4
#NNI moves:2/236
#NNI moves:2/236
(((((((((((((((((T167,T199),T178),(T42,T120)),T10),(((T82,(T169,T20)),T190),T65)),((((T159,T39),(T2,T79)),T161),T60)),((((((T146,T99),T57),(T21,T109)),((T151,T54),T45)),((T188,T137),T27)),((T18,(T30,((T104,T160),T47))),T66))),((T95,(T56,T187)),T183)),((T11,(T92,T58)),((T34,T117),T124))),((((((((((((((T31,T171),(T26,T88)),(((((T132,T90),T91),T3),(T96,(T49,(T147,T136)))),(T4,(T164,T23)))),((T64,T101),((T50,T35),T106))),(((T68,T172),T111),(((T142,T105),T128),(T103,T127)))),((((T29,(T52,T133)),T13),T76),((T48,T43),(T25,T63)))),((((((T129,T98),((T131,T141),T73)),T153),(T41,T51)),((T15,T28),(T198,T71))),(T144,T150))),((((T170,T55),T1),((T116,T81),T135)),(T9,T12))),((T194,T139),(T125,T182))),((T78,T33),T36)),(((((T61,T168),T186),(T69,T8)),(((T177,T94),(T180,T7)),T191)),T0)),T157),((((T155,T118),((((T93,(T62,T113)),((T145,T185),(((T87,T108),T86),(T122,T17)))),((((T77,T37),(T197,T38)),(T134,T119)),T195)),(T154,T181))),((((T6,T121),T138),T89),((T44,T173),T75))),((T59,T184),((T174,(T165,T193)),T189)))),((((T123,((T140,T80),T102)),((T126,T143),(T112,(T72,T130)))),(T24,T46)),T156))),((T149,T115),(((((((T179,T176),(T100,T152)),T5),T85),(T158,T200)),((T53,T32),T67)),T40))),(((((T163,T175),T74),T148),(T114,T83)),(T22,T110))),(T70,((((T14,T192),T166),(T19,T107)),T97))),T84),T16),T162),T196);
#NNI moves:0/236
Remaining: 0
#NNI moves:4/236
#NNI moves:4/236
(((((((((((((((((T158,T200),((((T152,T100),(T179,T176)),T5),T85)),((T53,T32),T67)),T40),(T149,T115)),(((T22,T110),((T114,T83),(((T175,T163),T74),T148))),((((((T192,T14),T166),(T107,T19)),T97),T70),(((T162,T196),T16),T84)))),(((((((((T199,T167),T178),(T42,T120)),T10),(((T82,(T169,T20)),T190),T65)),((((T79,T2),(T159,T39)),T161),T60)),((((((T99,T146),T57),(T109,T21)),(T45,(T54,T151))),((T188,T137),T27)),(((((T104,T160),T47),T30),T18),T66))),(((T187,T56),T95),T183)),((T11,(T92,T58)),(T124,(T34,T117))))),((((((T72,T130),T112),(T126,T143)),((T102,(T80,T140)),T123)),(T46,T24)),T156)),(((((((((T17,T122),(T86,(T87,T108))),(T185,T145)),((T62,T113),T93)),((((T37,T77),(T197,T38)),(T119,T134)),T195)),(T154,T181)),(T155,T118)),((T89,((T6,T121),T138)),(T75,(T173,T44)))),((((T165,T193),T174),T189),(T59,T184)))),T157),(((((((((((T141,T131),T73),(T98,T129)),T153),(T51,T41)),((T15,T28),(T198,T71))),(T144,T150)),((((((((T91,(T90,T132)),T3),(T96,((T147,T136),T49))),((T23,T164),T4)),((T88,T26),(T31,T171))),((T101,T64),((T35,T50),T106))),(((T172,T68),T111),((T103,T127),((T142,T105),T128)))),(((((T52,T133),T29),T13),T76),((T25,T63),(T48,T43))))),((((T81,T116),T135),((T55,T170),T1)),(T9,T12))),((T125,T182),(T194,T139))),((T78,T33),T36))),T0),(((T177,T94),(T180,T7)),T191)),(T69,T8)),T186),T61),T168);
Current score: 7.05996e+10
Current tree: ((((((((((((((((T158,T200),((((T152,T100),(T179,T176)),T5),T85)),((T53,T32),T67)),T40),(T149,T115)),(((T22,T110),((T114,T83),(((T175,T163),T74),T148))),((((((T192,T14),T166),(T107,T19)),T97),T70),(((T162,T196),T16),T84)))),(((((((((T199,T167),T178),(T42,T120)),T10),(((T82,(T169,T20)),T190),T65)),((((T79,T2),(T159,T39)),T161),T60)),((((((T99,T146),T57),(T109,T21)),(T45,(T54,T151))),((T188,T137),T27)),(((((T104,T160),T47),T30),T18),T66))),(((T187,T56),T95),T183)),((T11,(T92,T58)),(T124,(T34,T117))))),((((((T72,T130),T112),(T126,T143)),((T102,(T80,T140)),T123)),(T46,T24)),T156)),(((((((((T17,T122),(T86,(T87,T108))),(T185,T145)),((T62,T113),T93)),((((T37,T77),(T197,T38)),(T119,T134)),T195)),(T154,T181)),(T155,T118)),((T89,((T6,T121),T138)),(T75,(T173,T44)))),((((T165,T193),T174),T189),(T59,T184)))),T157),(((((((((((T141,T131),T73),(T98,T129)),T153),(T51,T41)),((T15,T28),(T198,T71))),(T144,T150)),((((((((T91,(T90,T132)),T3),(T96,((T147,T136),T49))),((T23,T164),T4)),((T88,T26),(T31,T171))),((T101,T64),((T35,T50),T106))),(((T172,T68),T111),((T103,T127),((T142,T105),T128)))),(((((T52,T133),T29),T13),T76),((T25,T63),(T48,T43))))),((((T81,T116),T135),((T55,T170),T1)),(T9,T12))),((T125,T182),(T194,T139))),((T78,T33),T36))),T0),(((T177,T94),(T180,T7)),T191)),(T69,T8)),(T61,T168)),T186);
Use two-step algorithm!
#NNI moves:1/236
Remaining: 1
#NNI moves:10/236
#NNI moves:10/236
(((((((((((((((((((((((((T136,T147),T49),T96),(((T90,T132),T91),T3)),(T4,(T164,T23))),((T88,T26),(T171,T31))),((T101,T64),(T106,(T35,T50)))),(((T128,(T142,T105)),(T103,T127)),((T68,T172),T111))),((((T29,(T133,T52)),T13),T76),((T63,T25),(T43,T48)))),((((T41,T51),((((T131,T141),T73),(T98,T129)),T153)),((T198,T71),(T15,T28))),(T144,T150))),(((T135,(T81,T116)),(T1,(T170,T55))),(T9,T12))),((T194,T139),(T182,T125))),((T33,T78),T36)),((((T8,T69),((T61,T168),T186)),(((T7,T180),(T94,T177)),T191)),T0)),T157),(((((((((T86,(T87,T108)),(T122,T17)),(T145,T185)),((T62,T113),T93)),((((T77,T37),(T197,T38)),(T119,T134)),T195)),(T154,T181)),(T118,T155)),(((T44,T173),T75),(((T121,T6),T138),T89))),((T184,T59),(((T165,T193),T174),T189)))),(((((T112,(T130,T72)),(T126,T143)),(((T80,T140),T102),T123)),(T24,T46)),T156)),(((((((((T20,T169),T82),T190),T65),(((T120,T42),((T199,T167),T178)),T10)),((((T159,T39),(T79,T2)),T161),T60)),(((((T151,T54),T45),(((T146,T99),T57),(T21,T109))),(T27,(T137,T188))),(((T30,(T47,(T160,T104))),T18),T66))),(((T187,T56),T95),T183)),((T124,(T34,T117)),((T92,T58),T11)))),((T115,T149),((((T32,T53),T67),(((((T152,T100),(T179,T176)),T5),T85),(T200,T158))),T40))),((T110,T22),((T83,T114),((T74,(T163,T175)),T148)))),(((((T14,T192),T166),(T107,T19)),T97),T70)),T84),T16),T162),T196);
#NNI moves:0/236
Remaining: 0
#NNI moves:3/236
#NNI moves:3/236
((((((((((((((((((T20,T169),T82),T190),T65),(((T178,(T199,T167)),(T120,T42)),T10)),((((T159,T39),(T2,T79)),T161),T60)),(((T27,(T137,T188)),(((T21,T109),((T146,T99),T57)),((T54,T151),T45))),(((T30,((T104,T160),T47)),T18),T66))),((T95,(T56,T187)),T183)),((T124,(T117,T34)),(T11,(T92,T58)))),((((((T32,T53),T67),(((T5,((T100,T152),(T179,T176))),T85),(T158,T200))),T40),(T115,T149)),(((T84,((T196,T162),T16)),((T97,((T19,T107),(T166,(T192,T14)))),T70)),(((T114,T83),((T74,(T163,T175)),T148)),(T110,T22))))),((((((T72,T130),T112),(T143,T126)),(((T80,T140),T102),T123)),(T46,T24)),T156)),((((((((T62,T113),T93),(((T17,T122),((T108,T87),T86)),(T185,T145))),((((T37,T77),(T197,T38)),(T134,T119)),T195)),(T154,T181)),(T155,T118)),(((T173,T44),T75),(((T6,T121),T138),T89))),((T59,T184),((T174,(T165,T193)),T189)))),T157),(((((((((((((T136,T147),T49),T96),((T91,(T132,T90)),T3)),((T23,T164),T4)),((T26,T88),(T171,T31))),((T64,T101),((T35,T50),T106))),(((T128,(T105,T142)),(T127,T103)),((T68,T172),T111))),(((((T133,T52),T29),T13),T76),((T48,T43),(T25,T63)))),((((T15,T28),(T198,T71)),((T41,T51),(((T98,T129),((T131,T141),T73)),T153))),(T150,T144))),((((T170,T55),T1),((T116,T81),T135)),(T9,T12))),((T125,T182),(T194,T139))),((T78,T33),T36))),T0),(((T168,T61),T186),(T8,T69))),((T94,T177),(T180,T7))),T191);
#NNI moves:1/236
Remaining: 0
#NNI moves:6/236
#NNI moves:6/236
((((((((((((((((((T109,T21),((T99,T146),T57)),((T151,T54),T45)),((T188,T137),T27)),((T18,(T30,((T160,T104),T47))),T66)),(((((T82,(T20,T169)),T190),T65),((((T167,T199),T178),(T120,T42)),T10)),((((T159,T39),(T79,T2)),T161),T60))),(T183,((T187,T56),T95))),((T11,(T58,T92)),(T124,(T117,T34)))),((((((T196,T162),T16),T84),(T70,(((T166,(T14,T192)),(T107,T19)),T97))),(((T148,((T175,T163),T74)),(T83,T114)),(T110,T22))),((((((((T152,T100),(T179,T176)),T5),T85),(T200,T158)),((T53,T32),T67)),T40),(T149,T115)))),((((((T140,T80),T102),T123),((T112,(T130,T72)),(T143,T126))),(T24,T46)),T156)),(((((((((T122,T17),(T86,(T108,T87))),(T145,T185)),(T93,(T113,T62))),(T195,(((T37,T77),(T38,T197)),(T134,T119)))),(T181,T154)),(T155,T118)),(((T173,T44),T75),((T138,(T6,T121)),T89))),((T184,T59),((T174,(T193,T165)),T189)))),T157),(((((((((T68,T172),T111),((T103,T127),((T142,T105),T128))),(((((((T147,T136),T49),T96),((T91,(T132,T90)),T3)),((T164,T23),T4)),((T171,T31),(T88,T26))),(((T35,T50),T106),(T101,T64)))),(((T13,((T133,T52),T29)),T76),((T25,T63),(T48,T43)))),((((((T73,(T141,T131)),(T98,T129)),T153),(T41,T51)),((T198,T71),(T15,T28))),(T150,T144))),((T9,T12),(((T81,T116),T135),((T170,T55),T1)))),((T182,T125),(T194,T139))),((T33,T78),T36))),T0),(((T180,T7),(T177,T94)),T191)),(T186,(T168,T61))),T8),T69);
#NNI moves:1/236
Remaining: 0
#NNI moves:10/236
#NNI moves:10/236
((((((((((((((((((((((((T98,T129),((T141,T131),T73)),T153),(T41,T51)),((T71,T198),(T15,T28))),(T144,T150)),(((((T127,T103),(T128,(T142,T105))),((T172,T68),T111)),(((T64,T101),(T106,(T35,T50))),(((((T91,(T90,T132)),T3),(((T136,T147),T49),T96)),((T23,T164),T4)),((T31,T171),(T26,T88))))),(((T63,T25),(T48,T43)),((((T133,T52),T29),T13),T76)))),(((T135,(T116,T81)),((T170,T55),T1)),(T12,T9))),((T125,T182),(T194,T139))),((T33,T78),T36)),(((T191,((T94,T177),(T180,T7))),((T69,T8),(T186,(T61,T168)))),T0)),T157),((((((((T134,T119),((T77,T37),(T38,T197))),T195),(((((T108,T87),T86),(T17,T122)),(T145,T185)),((T62,T113),T93))),(T154,T181)),(T155,T118)),((T89,((T121,T6),T138)),((T173,T44),T75))),((((T193,T165),T174),T189),(T184,T59)))),(((T24,T46),((((T80,T140),T102),T123),(((T130,T72),T112),(T143,T126)))),T156)),((((((T196,T162),T16),T84),(((((T14,T192),T166),(T19,T107)),T97),T70)),(((((T163,T175),T74),T148),(T114,T83)),(T110,T22))),((((((((T152,T100),(T179,T176)),T5),T85),(T158,T200)),(T67,(T32,T53))),T40),(T149,T115)))),((T124,(T34,T117)),((T58,T92),T11))),((T95,(T187,T56)),T183)),(((T10,(((T167,T199),T178),(T120,T42))),((((T169,T20),T82),T190),T65)),((((T2,T79),(T39,T159)),T161),T60))),((((T47,(T104,T160)),T30),T18),T66)),(T27,(T188,T137))),((T21,T109),((T99,T146),T57))),T45),T54),T151);
Current score: 7.05996e+10
Current tree: (((T61,T168),((T69,T8),((T191,((T94,T177),(T180,T7))),(T0,(((((((((((T98,T129),((T141,T131),T73)),T153),(T41,T51)),((T71,T198),(T15,T28))),(T144,T150)),(((((T127,T103),(T128,(T142,T105))),((T172,T68),T111)),(((T64,T101),(T106,(T35,T50))),(((((T91,(T90,T132)),T3),(((T136,T147),T49),T96)),((T23,T164),T4)),((T31,T171),(T26,T88))))),(((T63,T25),(T48,T43)),((((T133,T52),T29),T13),T76)))),(((T135,(T116,T81)),((T170,T55),T1)),(T12,T9))),((T125,T182),(T194,T139))),((T33,T78),T36)),(T157,(((((((((T134,T119),((T77,T37),(T38,T197))),T195),(((((T108,T87),T86),(T17,T122)),(T145,T185)),((T62,T113),T93))),(T154,T181)),(T155,T118)),((T89,((T121,T6),T138)),((T173,T44),T75))),((((T193,T165),T174),T189),(T184,T59))),((((T24,T46),((((T80,T140),T102),T123),(((T130,T72),T112),(T143,T126)))),T156),(((((((T196,T162),T16),T84),(((((T14,T192),T166),(T19,T107)),T97),T70)),(((((T163,T175),T74),T148),(T114,T83)),(T110,T22))),((((((((T152,T100),(T179,T176)),T5),T85),(T158,T200)),(T67,(T32,T53))),T40),(T149,T115))),(((T124,(T34,T117)),((T58,T92),T11)),(((T95,(T187,T56)),T183),((((T10,(((T167,T199),T178),(T120,T42))),((((T169,T20),T82),T190),T65)),((((T2,T79),(T39,T159)),T161),T60)),(((((T47,(T104,T160)),T30),T18),T66),((T27,(T188,T137)),(((T21,T109),((T99,T146),T57)),(T45,(T54,T151))))))))))))))))),T186);
Use two-step algorithm!
#NNI moves:0/236
Remaining: 0
#NNI moves:4/236
#NNI moves:4/236
(((((((((((((((((((((((T167,T199),T178),(T120,T42)),T10),(((T82,(T169,T20)),T190),T65)),((((T79,T2),(T39,T159)),T161),T60)),((((T137,T188),T27),(((T57,(T146,T99)),(T109,T21)),((T54,T151),T45))),((T18,((T47,(T104,T160)),T30)),T66))),(T183,(T95,(T187,T56)))),(((T34,T117),T124),((T58,T92),T11))),(((((((T19,T107),((T192,T14),T166)),T97),T70),((T16,(T196,T162)),T84)),(((T114,T83),(((T175,T163),T74),T148)),(T110,T22))),(((((T85,(((T152,T100),(T176,T179)),T5)),(T158,T200)),((T32,T53),T67)),T40),(T115,T149)))),((((T123,(T102,(T80,T140))),((T143,T126),(T112,(T130,T72)))),(T24,T46)),T156)),((((((T121,T6),T138),T89),((T173,T44),T75)),((((((T145,T185),((T86,(T108,T87)),(T17,T122))),((T113,T62),T93)),(T195,((T119,T134),((T37,T77),(T197,T38))))),(T181,T154)),(T118,T155))),(((T174,(T193,T165)),T189),(T184,T59)))),T157),(((((T7,T180),(T177,T94)),T191),(((T168,T61),T186),(T69,T8))),T0)),((T33,T78),T36)),((T194,T139),(T182,T125))),(((T135,(T116,T81)),((T170,T55),T1)),(T12,T9))),(((((T64,T101),(T106,(T35,T50))),((((T164,T23),T4),((((T147,T136),T49),T96),((T91,(T90,T132)),T3))),((T171,T31),(T26,T88)))),(((T172,T68),T111),((T128,(T105,T142)),(T127,T103)))),(((((T52,T133),T29),T13),T76),((T48,T43),(T63,T25))))),(T150,T144)),(((((T131,T141),T73),(T98,T129)),T153),(T41,T51))),(T198,T71)),T28),T15);
#NNI moves:0/236
Remaining: 0
#NNI moves:3/236
#NNI moves:3/236
(((((((((((((((T128,(T142,T105)),(T127,T103)),((T68,T172),T111)),(((((T96,((T147,T136),T49)),(((T132,T90),T91),T3)),((T23,T164),T4)),((T26,T88),(T31,T171))),(((T35,T50),T106),(T101,T64)))),(((((T133,T52),T29),T13),T76),((T43,T48),(T63,T25)))),((((((T98,T129),((T141,T131),T73)),T153),(T51,T41)),((T71,T198),(T28,T15))),(T150,T144))),((((T81,T116),T135),((T170,T55),T1)),(T12,T9))),((T139,T194),(T182,T125))),((T78,T33),T36)),(((((((((((((T20,T169),T82),T190),T65),(T10,((T120,T42),((T167,T199),T178)))),((((T39,T159),(T2,T79)),T161),T60)),(((((T57,(T146,T99)),(T21,T109)),(T45,(T54,T151))),(T27,(T137,T188))),((((T47,(T160,T104)),T30),T18),T66))),(((T56,T187),T95),T183)),((T124,(T117,T34)),(T11,(T58,T92)))),(((((T97,((T107,T19),((T192,T14),T166))),T70),(((T196,T162),T16),T84)),(((T148,(T74,(T163,T175))),(T114,T83)),(T22,T110))),(((((T85,(((T100,T152),(T179,T176)),T5)),(T200,T158)),((T32,T53),T67)),T40),(T149,T115)))),(((((T126,T143),(T112,(T72,T130))),(((T140,T80),T102),T123)),(T46,T24)),T156)),((((((T121,T6),T138),T89),((T44,T173),T75)),((((((T62,T113),T93),(((T86,(T87,T108)),(T122,T17)),(T185,T145))),(T195,(((T38,T197),(T37,T77)),(T119,T134)))),(T181,T154)),(T118,T155))),((T59,T184),(((T165,T193),T174),T189)))),T157)),T0),(((T180,T7),(T177,T94)),T191)),((T61,T168),T186)),T8),T69);
#NNI moves:1/236
Remaining: 1
#NNI moves:4/236
#NNI moves:4/236
((((((((((((((((((T159,T39),(T79,T2)),T161),T60),(((((T169,T20),T82),T190),T65),(T10,((T178,(T199,T167)),(T42,T120))))),(((((T21,T109),((T99,T146),T57)),(T45,(T151,T54))),(T27,(T137,T188))),(T66,(((T47,(T104,T160)),T30),T18)))),(((T187,T56),T95),T183)),(((T117,T34),T124),((T58,T92),T11))),((((((((T192,T14),T166),(T19,T107)),T97),T70),(((T196,T162),T16),T84)),((T22,T110),((T114,T83),(((T163,T175),T74),T148)))),((((T67,(T53,T32)),((T85,(((T176,T179),(T100,T152)),T5)),(T158,T200))),T40),(T115,T149)))),((((((T140,T80),T102),T123),((T143,T126),((T72,T130),T112))),(T46,T24)),T156)),((((((((T113,T62),T93),((T185,T145),((T86,(T108,T87)),(T17,T122)))),((((T38,T197),(T77,T37)),(T134,T119)),T195)),(T154,T181)),(T118,T155)),((((T121,T6),T138),T89),(T75,(T44,T173)))),((T189,((T193,T165),T174)),(T184,T59)))),T157),(((((((((((((T136,T147),T49),T96),(((T132,T90),T91),T3)),((T23,T164),T4)),((T26,T88),(T31,T171))),(((T35,T50),T106),(T64,T101))),((((T142,T105),T128),(T103,T127)),((T172,T68),T111))),(((T48,T43),(T25,T63)),(((T29,(T133,T52)),T13),T76))),((((T198,T71),(T28,T15)),((((T73,(T141,T131)),(T98,T129)),T153),(T51,T41))),(T150,T144))),((((T170,T55),T1),(T135,(T116,T81))),(T12,T9))),((T125,T182),(T194,T139))),((T78,T33),T36))),T0),(((T7,T180),(T177,T94)),T191)),(T69,T8)),(T168,T61)),T186);
#NNI moves:0/236
Remaining: 0
#NNI moves:5/236
#NNI moves:5/236
(((((((((((((((((((T113,T62),T93),((((T108,T87),T86),(T17,T122)),(T185,T145))),((((T197,T38),(T37,T77)),(T134,T119)),T195)),(T181,T154)),(T155,T118)),(((T138,(T6,T121)),T89),((T44,T173),T75))),((((T193,T165),T174),T189),(T184,T59))),((((((((((T63,T25),(T48,T43)),((((T52,T133),T29),T13),T76)),(((((T142,T105),T128),(T103,T127)),(T111,(T68,T172))),((((T4,(T164,T23)),((((T136,T147),T49),T96),(T3,((T132,T90),T91)))),((T88,T26),(T171,T31))),(((T35,T50),T106),(T101,T64))))),((((T15,T28),(T71,T198)),((T41,T51),(((T73,(T131,T141)),(T98,T129)),T153))),(T144,T150))),((((T81,T116),T135),((T170,T55),T1)),(T9,T12))),((T139,T194),(T125,T182))),((T78,T33),T36)),(((((T168,T61),T186),(T8,T69)),(((T94,T177),(T7,T180)),T191)),T0)),T157)),((((T123,((T140,T80),T102)),((T126,T143),(T112,(T130,T72)))),(T24,T46)),T156)),((((((((T192,T14),T166),(T107,T19)),T97),T70),((T16,(T196,T162)),T84)),(((((T163,T175),T74),T148),(T114,T83)),(T22,T110))),((((((((T179,T176),(T100,T152)),T5),T85),(T200,T158)),((T32,T53),T67)),T40),(T149,T115)))),(((T58,T92),T11),((T34,T117),T124))),(T183,((T56,T187),T95))),(((((T42,T120),((T199,T167),T178)),T10),((((T20,T169),T82),T190),T65)),((((T39,T159),(T2,T79)),T161),T60))),(((((T104,T160),T47),T30),T18),T66)),((T137,T188),T27)),((T21,T109),((T99,T146),T57))),(T54,T151)),T45);
Current score: 7.05996e+10
Current tree: (((T168,T61),((T8,T69),((((T94,T177),(T7,T180)),T191),(T0,(((((((((T63,T25),(T48,T43)),((((T52,T133),T29),T13),T76)),(((((T142,T105),T128),(T103,T127)),(T111,(T68,T172))),((((T4,(T164,T23)),((((T136,T147),T49),T96),(T3,((T132,T90),T91)))),((T88,T26),(T171,T31))),(((T35,T50),T106),(T101,T64))))),((((T15,T28),(T71,T198)),((T41,T51),(((T73,(T131,T141)),(T98,T129)),T153))),(T144,T150))),((((T81,T116),T135),((T170,T55),T1)),(T9,T12))),((T139,T194),(T125,T182))),((T78,T33),T36)),(T157,(((((((((T113,T62),T93),((((T108,T87),T86),(T17,T122)),(T185,T145))),((((T197,T38),(T37,T77)),(T134,T119)),T195)),(T181,T154)),(T155,T118)),(((T138,(T6,T121)),T89),((T44,T173),T75))),((((T193,T165),T174),T189),(T184,T59))),(((((T123,((T140,T80),T102)),((T126,T143),(T112,(T130,T72)))),(T24,T46)),T156),(((((((((T192,T14),T166),(T107,T19)),T97),T70),((T16,(T196,T162)),T84)),(((((T163,T175),T74),T148),(T114,T83)),(T22,T110))),((((((((T179,T176),(T100,T152)),T5),T85),(T200,T158)),((T32,T53),T67)),T40),(T149,T115))),((((T58,T92),T11),((T34,T117),T124)),((T183,((T56,T187),T95)),((((((T42,T120),((T199,T167),T178)),T10),((((T20,T169),T82),T190),T65)),((((T39,T159),(T2,T79)),T161),T60)),((((((T104,T160),T47),T30),T18),T66),(((T137,T188),T27),(((T21,T109),((T99,T146),T57)),((T54,T151),T45)))))))))))))))),T186);
Use two-step algorithm!
#NNI moves:0/236
Remaining: 0
#NNI moves:3/236
#NNI moves:3/236
(((((((((((((((((((T199,T167),T178),(T120,T42)),T10),((((T169,T20),T82),T190),T65)),((((T79,T2),(T159,T39)),T161),T60)),((T66,((T30,(T47,(T104,T160))),T18)),(((T137,T188),T27),(((T57,(T146,T99)),(T109,T21)),(T45,(T54,T151)))))),(((T56,T187),T95),T183)),((T11,(T58,T92)),((T34,T117),T124))),((((((T196,T162),T16),T84),((((T19,T107),((T192,T14),T166)),T97),T70)),((T110,T22),((((T163,T175),T74),T148),(T83,T114)))),((((((((T176,T179),(T100,T152)),T5),T85),(T200,T158)),((T32,T53),T67)),T40),(T115,T149)))),((((((T140,T80),T102),T123),((T143,T126),((T130,T72),T112))),(T24,T46)),T156)),(((((((((T17,T122),((T108,T87),T86)),(T185,T145)),(T93,(T113,T62))),((((T38,T197),(T77,T37)),(T119,T134)),T195)),(T181,T154)),(T118,T155)),(((T44,T173),T75),((T138,(T6,T121)),T89))),((((T193,T165),T174),T189),(T59,T184)))),T157),((((((((((T4,(T23,T164)),((T3,(T91,(T132,T90))),((T49,(T136,T147)),T96))),((T26,T88),(T171,T31))),((T101,T64),((T35,T50),T106))),((((T142,T105),T128),(T127,T103)),(T111,(T68,T172)))),((((T29,(T133,T52)),T13),T76),((T25,T63),(T43,T48)))),((((T41,T51),(T153,((T98,T129),((T131,T141),T73)))),((T28,T15),(T71,T198))),(T150,T144))),((T9,T12),(((T55,T170),T1),(T135,(T81,T116))))),((T182,T125),(T139,T194))),((T33,T78),T36))),T0),(((T94,T177),(T180,T7)),T191)),(T69,T8)),(T168,T61)),T186);
#NNI moves:0/236
Remaining: 0
#NNI moves:3/236
#NNI moves:3/236
(((((((((((((((((((((((T101,T64),(T106,(T35,T50))),((((T23,T164),T4),((((T136,T147),T49),T96),(T3,((T132,T90),T91)))),((T26,T88),(T171,T31)))),(((T128,(T105,T142)),(T103,T127)),(T111,(T172,T68)))),((T76,(((T52,T133),T29),T13)),((T48,T43),(T25,T63)))),((((((T98,T129),(T73,(T141,T131))),T153),(T51,T41)),((T28,T15),(T198,T71))),(T144,T150))),((T12,T9),(((T81,T116),T135),(T1,(T55,T170))))),((T194,T139),(T182,T125))),(T36,(T78,T33))),(((((T7,T180),(T94,T177)),T191),(((T61,T168),T186),(T69,T8))),T0)),T157),((((((((((T108,T87),T86),(T17,T122)),(T145,T185)),((T113,T62),T93)),((((T38,T197),(T77,T37)),(T119,T134)),T195)),(T181,T154)),(T118,T155)),(((T173,T44),T75),(((T6,T121),T138),T89))),((T59,T184),((T174,(T165,T193)),T189)))),((((T123,(T102,(T80,T140))),((T126,T143),(T112,(T130,T72)))),(T24,T46)),T156)),(((((((T175,T163),T74),T148),(T114,T83)),(T22,T110)),(((((T166,(T14,T192)),(T19,T107)),T97),T70),(((T162,T196),T16),T84))),(((((T32,T53),T67),((T158,T200),(T85,(((T100,T152),(T176,T179)),T5)))),T40),(T115,T149)))),(((T58,T92),T11),((T117,T34),T124))),(((T56,T187),T95),T183)),((((((T99,T146),T57),(T109,T21)),(T45,(T54,T151))),((T137,T188),T27)),(((((T160,T104),T47),T30),T18),T66))),(T60,(((T79,T2),(T39,T159)),T161))),(T65,((T82,(T169,T20)),T190))),T10),(T178,(T199,T167))),T120),T42);
#NNI moves:1/236
Remaining: 1
#NNI moves:4/236
#NNI moves:4/236
(((((((((((((((((((T2,T79),(T39,T159)),T161),T60),((((T42,T120),((T167,T199),T178)),T10),(((T82,(T169,T20)),T190),T65))),((((((T146,T99),T57),(T21,T109)),((T151,T54),T45)),((T188,T137),T27)),((T18,(T30,((T104,T160),T47))),T66))),(T183,(T95,(T56,T187)))),(((T34,T117),T124),(T11,(T58,T92)))),(((((T148,((T163,T175),T74)),(T114,T83)),(T110,T22)),(((((T107,T19),((T192,T14),T166)),T97),T70),(((T162,T196),T16),T84))),((((((((T176,T179),(T152,T100)),T5),T85),(T158,T200)),(T67,(T53,T32))),T40),(T115,T149)))),((((((T80,T140),T102),T123),((T126,T143),(T112,(T72,T130)))),(T46,T24)),T156)),((((((((((T87,T108),T86),(T122,T17)),(T185,T145)),(T93,(T113,T62))),((((T77,T37),(T38,T197)),(T119,T134)),T195)),(T154,T181)),(T155,T118)),((T75,(T44,T173)),((T138,(T121,T6)),T89))),(((T174,(T193,T165)),T189),(T184,T59)))),T157),(((((((((((((T147,T136),T49),T96),(T3,(T91,(T90,T132)))),(T4,(T23,T164))),((T31,T171),(T26,T88))),(((T35,T50),T106),(T64,T101))),(((T103,T127),((T105,T142),T128)),(T111,(T172,T68)))),(((T43,T48),(T25,T63)),(((T29,(T52,T133)),T13),T76))),((((((T98,T129),(T73,(T131,T141))),T153),(T51,T41)),((T15,T28),(T71,T198))),(T150,T144))),((T9,T12),((T135,(T116,T81)),(T1,(T55,T170))))),((T194,T139),(T125,T182))),((T78,T33),T36))),T0),(T191,((T94,T177),(T180,T7)))),(T8,T69)),T186),T61),T168);
#NNI moves:0/236
Remaining: 0
#NNI moves:1/236
#NNI moves:1/236
((((((((((((((((((((((((((T23,T164),T4),((T3,(T91,(T132,T90))),(((T136,T147),T49),T96))),((T31,T171),(T88,T26))),(((T35,T50),T106),(T101,T64))),(((T172,T68),T111),((T128,(T142,T105)),(T103,T127)))),((((T29,(T52,T133)),T13),T76),((T43,T48),(T25,T63)))),((((((T129,T98),(T73,(T141,T131))),T153),(T51,T41)),((T15,T28),(T71,T198))),(T150,T144))),((T12,T9),(((T55,T170),T1),((T116,T81),T135)))),((T125,T182),(T194,T139))),((T33,T78),T36)),(((((T180,T7),(T177,T94)),T191),((T8,T69),((T168,T61),T186))),T0)),T157),(((((((((T37,T77),(T38,T197)),(T119,T134)),T195),((T93,(T113,T62)),(((T86,(T87,T108)),(T17,T122)),(T185,T145)))),(T154,T181)),(T155,T118)),(((T173,T44),T75),(((T121,T6),T138),T89))),((((T165,T193),T174),T189),(T59,T184)))),(((T24,T46),((((T140,T80),T102),T123),(((T72,T130),T112),(T126,T143)))),T156)),(((((((((T179,T176),(T100,T152)),T5),T85),(T200,T158)),((T53,T32),T67)),T40),(T115,T149)),((((((T107,T19),(T166,(T192,T14))),T97),T70),(((T196,T162),T16),T84)),((T110,T22),((((T163,T175),T74),T148),(T83,T114)))))),(((T58,T92),T11),(T124,(T117,T34)))),(T183,(T95,(T187,T56)))),(((T161,((T79,T2),(T39,T159))),T60),(((((T167,T199),T178),(T42,T120)),T10),((((T20,T169),T82),T190),T65)))),((((T47,(T104,T160)),T30),T18),T66)),((T137,T188),T27)),((T54,T151),T45)),(T21,T109)),T57),T146),T99);
Current score: 7.05996e+10
Current tree: (((T168,T61),((T8,T69),((((T180,T7),(T177,T94)),T191),(T0,((((((((((((T23,T164),T4),((T3,(T91,(T132,T90))),(((T136,T147),T49),T96))),((T31,T171),(T88,T26))),(((T35,T50),T106),(T101,T64))),(((T172,T68),T111),((T128,(T142,T105)),(T103,T127)))),((((T29,(T52,T133)),T13),T76),((T43,T48),(T25,T63)))),((((((T129,T98),(T73,(T141,T131))),T153),(T51,T41)),((T15,T28),(T71,T198))),(T150,T144))),((T12,T9),(((T55,T170),T1),((T116,T81),T135)))),((T125,T182),(T194,T139))),((T33,T78),T36)),(T157,((((((((((T37,T77),(T38,T197)),(T119,T134)),T195),((T93,(T113,T62)),(((T86,(T87,T108)),(T17,T122)),(T185,T145)))),(T154,T181)),(T155,T118)),(((T173,T44),T75),(((T121,T6),T138),T89))),((((T165,T193),T174),T189),(T59,T184))),((((T24,T46),((((T140,T80),T102),T123),(((T72,T130),T112),(T126,T143)))),T156),((((((((((T179,T176),(T100,T152)),T5),T85),(T200,T158)),((T53,T32),T67)),T40),(T115,T149)),((((((T107,T19),(T166,(T192,T14))),T97),T70),(((T196,T162),T16),T84)),((T110,T22),((((T163,T175),T74),T148),(T83,T114))))),((((T58,T92),T11),(T124,(T117,T34))),((T183,(T95,(T187,T56))),((((T161,((T79,T2),(T39,T159))),T60),(((((T167,T199),T178),(T42,T120)),T10),((((T20,T169),T82),T190),T65))),(((((T47,(T104,T160)),T30),T18),T66),(((T137,T188),T27),(((T54,T151),T45),((T21,T109),(T57,(T146,T99)))))))))))))))))),T186);
Final Tree: (((T168,T61),((T8,T69),((((T180,T7),(T177,T94)),T191),(T0,((((((((((((T23,T164),T4),((T3,(T91,(T132,T90))),(((T136,T147),T49),T96))),((T31,T171),(T88,T26))),(((T35,T50),T106),(T101,T64))),(((T172,T68),T111),((T128,(T142,T105)),(T103,T127)))),((((T29,(T52,T133)),T13),T76),((T43,T48),(T25,T63)))),((((((T129,T98),(T73,(T141,T131))),T153),(T51,T41)),((T15,T28),(T71,T198))),(T150,T144))),((T12,T9),(((T55,T170),T1),((T116,T81),T135)))),((T125,T182),(T194,T139))),((T33,T78),T36)),(T157,((((((((((T37,T77),(T38,T197)),(T119,T134)),T195),((T93,(T113,T62)),(((T86,(T87,T108)),(T17,T122)),(T185,T145)))),(T154,T181)),(T155,T118)),(((T173,T44),T75),(((T121,T6),T138),T89))),((((T165,T193),T174),T189),(T59,T184))),((((T24,T46),((((T140,T80),T102),T123),(((T72,T130),T112),(T126,T143)))),T156),((((((((((T179,T176),(T100,T152)),T5),T85),(T200,T158)),((T53,T32),T67)),T40),(T115,T149)),((((((T107,T19),(T166,(T192,T14))),T97),T70),(((T196,T162),T16),T84)),((T110,T22),((((T163,T175),T74),T148),(T83,T114))))),((((T58,T92),T11),(T124,(T117,T34))),((T183,(T95,(T187,T56))),((((T161,((T79,T2),(T39,T159))),T60),(((((T167,T199),T178),(T42,T120)),T10),((((T20,T169),T82),T190),T65))),(((((T47,(T104,T160)),T30),T18),T66),(((T137,T188),T27),(((T54,T151),T45),((T21,T109),(T57,(T146,T99)))))))))))))))))),T186);
Score: 7.059963695e+10

real	2m44.393s
user	41m30.631s
sys	0m29.203s
