Weighted ASTRAL - Hybrid
Version: v1.13.2.3
#Genetrees: 2000
#Species: 201
#Rounds: 4
#Samples: 4
#Threads: 32
Use two-step algorithm!
Guide Tree 0/27
#NNI moves:0/236
Guide Tree 1/27
#NNI moves:0/236
Guide Tree 2/27
#NNI moves:0/236
Guide Tree 3/27
#NNI moves:0/236
Guide Tree 4/27
#NNI moves:0/236
Guide Tree 5/27
#NNI moves:0/236
Guide Tree 6/27
#NNI moves:1/236
Guide Tree 7/27
#NNI moves:0/236
Guide Tree 8/27
#NNI moves:0/236
Guide Tree 9/27
#NNI moves:0/236
Guide Tree 10/27
#NNI moves:0/236
Guide Tree 11/27
#NNI moves:0/236
Guide Tree 12/27
#NNI moves:0/236
Guide Tree 13/27
#NNI moves:0/236
Guide Tree 14/27
#NNI moves:0/236
Guide Tree 15/27
#NNI moves:0/236
Guide Tree 16/27
#NNI moves:0/236
Guide Tree 17/27
#NNI moves:0/236
Guide Tree 18/27
#NNI moves:0/236
Guide Tree 19/27
#NNI moves:0/236
Guide Tree 20/27
#NNI moves:0/236
Guide Tree 21/27
#NNI moves:0/236
Guide Tree 22/27
#NNI moves:1/236
Guide Tree 23/27
#NNI moves:1/236
Guide Tree 24/27
#NNI moves:0/236
Guide Tree 25/27
#NNI moves:0/236
Guide Tree 26/27
#NNI moves:0/236
Remaining: 0
#NNI moves:0/236
#NNI moves:0/236
((((((((((((((((((((T25,T43),T56),T150),((T52,T37),T139)),(T100,(T156,T21))),T94),((T165,T111),T132)),(T85,T28)),(((T133,T123),T140),(((T7,T42),(T151,(T44,T170))),T87))),(((((T76,T90),(T47,T168)),T75),T92),T134)),((T69,T78),T110)),(((T81,((T99,T72),(T105,T96))),((((T31,T138),((T124,T112),T117)),T97),((T6,T153),T189))),T83)),(((((((((T49,((T46,(T144,T63)),(T158,T178))),(T116,T60)),((T147,T62),((T185,((T125,T163),T119)),T196))),(((T103,T198),T33),((T3,T82),T155))),(T15,T172)),(T104,((T149,T174),T143))),(((T173,T159),T14),(T128,T188))),(((T2,T199),((T23,T93),(((T12,T136),T22),T154))),T18)),(((((((((T84,T48),(T70,(T162,T5))),((T152,T80),T17)),(T67,(T57,T118))),((((T66,T120),(T36,T148)),(((T61,T91),T88),T184)),(T107,T181))),T30),(T141,T53)),(((T89,T4),T50),((((T19,T122),T194),T183),(T41,((T130,T13),(T98,(T54,T129))))))),T34))),T0),(((((T35,T24),T29),T135),((T10,T157),T131)),(((((T193,T71),(((T65,T127),T145),T197)),((((T40,T86),T114),((T77,T9),(T51,(T20,T176)))),((T101,T146),T68))),(((T195,T58),T180),(((T108,T102),T200),T55))),(((T137,((((T95,T161),T182),T106),T169)),((T190,T121),(T59,T39))),((T167,T74),T8))))),((((((((T187,T38),T45),T177),(T64,T179)),(T73,T160)),T126),(T164,T192)),((T27,(T175,T113)),((T171,T109),T191)))),(((T11,(T186,T142)),(T79,T32)),(T166,T26))),T1),T16),T115);
Guide Tree 0/27
#NNI moves:0/236
Guide Tree 1/27
#NNI moves:3/236
Guide Tree 2/27
#NNI moves:1/236
Guide Tree 3/27
#NNI moves:0/236
Guide Tree 4/27
#NNI moves:0/236
Guide Tree 5/27
#NNI moves:0/236
Guide Tree 6/27
#NNI moves:0/236
Guide Tree 7/27
#NNI moves:0/236
Guide Tree 8/27
#NNI moves:0/236
Guide Tree 9/27
#NNI moves:0/236
Guide Tree 10/27
#NNI moves:0/236
Guide Tree 11/27
#NNI moves:0/236
Guide Tree 12/27
#NNI moves:1/236
Guide Tree 13/27
#NNI moves:0/236
Guide Tree 14/27
#NNI moves:0/236
Guide Tree 15/27
#NNI moves:0/236
Guide Tree 16/27
#NNI moves:0/236
Guide Tree 17/27
#NNI moves:0/236
Guide Tree 18/27
#NNI moves:0/236
Guide Tree 19/27
#NNI moves:0/236
Guide Tree 20/27
#NNI moves:0/236
Guide Tree 21/27
#NNI moves:0/236
Guide Tree 22/27
#NNI moves:0/236
Guide Tree 23/27
#NNI moves:0/236
Guide Tree 24/27
#NNI moves:0/236
Guide Tree 25/27
#NNI moves:0/236
Guide Tree 26/27
#NNI moves:0/236
Remaining: 0
#NNI moves:0/236
#NNI moves:0/236
((((((((((((((((T111,T165),T132),(T94,(((((T25,T43),T56),T150),((T37,T52),T139)),((T156,T21),T100)))),(T28,T85)),(((((T44,T170),T151),(T42,T7)),T87),(T140,(T123,T133)))),(((((T47,T168),(T76,T90)),T75),T92),T134)),((T69,T78),T110)),(((((T105,T96),(T99,T72)),T81),((((T117,(T112,T124)),(T31,T138)),T97),((T153,T6),T189))),T83)),(((((((((T129,T54),T98),(T130,T13)),T41),(((T122,T19),T194),T183)),((T4,T89),T50)),(((((((T66,T120),(T36,T148)),((T88,(T61,T91)),T184)),(T181,T107)),(((((T5,T162),T70),(T84,T48)),((T152,T80),T17)),(T67,(T118,T57)))),T30),(T53,T141))),T34),(((((((T155,(T82,T3)),((T198,T103),T33)),((((((T63,T144),T46),(T158,T178)),T49),(T116,T60)),((T196,(T185,((T125,T163),T119))),(T62,T147)))),(T172,T15)),(((T149,T174),T143),T104)),(((T159,T173),T14),(T188,T128))),((((((T12,T136),T22),T154),(T93,T23)),(T2,T199)),T18)))),T0),(((((T180,(T195,T58)),(((T108,T102),T200),T55)),(((T68,(T146,T101)),(((T51,(T20,T176)),(T77,T9)),((T86,T40),T114))),((T197,(T145,(T127,T65))),(T193,T71)))),(((((T106,(T182,(T161,T95))),T169),T137),((T121,T190),(T59,T39))),(T8,(T167,T74)))),(((T29,(T35,T24)),T135),((T10,T157),T131)))),((((((((T38,T187),T45),T177),(T64,T179)),(T73,T160)),T126),(T164,T192)),((T27,(T175,T113)),((T109,T171),T191)))),(((T11,(T142,T186)),(T32,T79)),(T26,T166))),T1),T16),T115);
Guide Tree 0/27
#NNI moves:0/236
Guide Tree 1/27
#NNI moves:0/236
Guide Tree 2/27
#NNI moves:0/236
Guide Tree 3/27
#NNI moves:0/236
Guide Tree 4/27
#NNI moves:0/236
Guide Tree 5/27
#NNI moves:0/236
Guide Tree 6/27
#NNI moves:0/236
Guide Tree 7/27
#NNI moves:0/236
Guide Tree 8/27
#NNI moves:0/236
Guide Tree 9/27
#NNI moves:0/236
Guide Tree 10/27
#NNI moves:0/236
Guide Tree 11/27
#NNI moves:0/236
Guide Tree 12/27
#NNI moves:1/236
Guide Tree 13/27
#NNI moves:0/236
Guide Tree 14/27
#NNI moves:0/236
Guide Tree 15/27
#NNI moves:0/236
Guide Tree 16/27
#NNI moves:0/236
Guide Tree 17/27
#NNI moves:0/236
Guide Tree 18/27
#NNI moves:0/236
Guide Tree 19/27
#NNI moves:0/236
Guide Tree 20/27
#NNI moves:0/236
Guide Tree 21/27
#NNI moves:0/236
Guide Tree 22/27
#NNI moves:0/236
Guide Tree 23/27
#NNI moves:0/236
Guide Tree 24/27
#NNI moves:0/236
Guide Tree 25/27
#NNI moves:0/236
Guide Tree 26/27
#NNI moves:0/236
Remaining: 0
#NNI moves:0/236
#NNI moves:0/236
(((((((((((((((((T49,((T46,(T144,T63)),(T178,T158))),(T116,T60)),(((T185,(T119,(T163,T125))),T196),(T62,T147))),(((T103,T198),T33),((T82,T3),T155))),(T15,T172)),(((T149,T174),T143),T104)),((T128,T188),(T14,(T159,T173)))),((((T154,(T22,(T12,T136))),(T93,T23)),(T2,T199)),T18)),((((((((T54,T129),T98),(T130,T13)),T41),((T194,(T122,T19)),T183)),((T4,T89),T50)),(((((((T148,T36),(T120,T66)),(((T61,T91),T88),T184)),(T107,T181)),(((T57,T118),T67),((T17,(T152,T80)),((T84,T48),(T70,(T5,T162)))))),T30),(T141,T53))),T34)),(((((((((((T52,T37),T139),(T150,((T25,T43),T56))),(T100,(T21,T156))),T94),((T111,T165),T132)),(T85,T28)),((((T7,T42),((T170,T44),T151)),T87),(T140,(T123,T133)))),((T92,(((T168,T47),(T90,T76)),T75)),T134)),(T110,(T69,T78))),(((((((T124,T112),T117),(T31,T138)),T97),((T6,T153),T189)),(((T99,T72),(T105,T96)),T81)),T83))),T0),((((((((T127,T65),T145),T197),(T193,T71)),((((T77,T9),((T20,T176),T51)),((T40,T86),T114)),(T68,(T146,T101)))),((((T108,T102),T200),T55),(T180,(T58,T195)))),((((T190,T121),(T59,T39)),(T137,((T106,((T161,T95),T182)),T169))),(T8,(T167,T74)))),((((T24,T35),T29),T135),(T131,(T10,T157))))),((((((((T187,T38),T45),T177),(T64,T179)),(T160,T73)),T126),(T192,T164)),((T27,(T113,T175)),(T191,(T109,T171))))),((((T142,T186),T11),(T32,T79)),(T26,T166))),T1),T16),T115);
Guide Tree 0/27
#NNI moves:0/236
Guide Tree 1/27
#NNI moves:0/236
Guide Tree 2/27
#NNI moves:0/236
Guide Tree 3/27
#NNI moves:0/236
Guide Tree 4/27
#NNI moves:0/236
Guide Tree 5/27
#NNI moves:0/236
Guide Tree 6/27
#NNI moves:0/236
Guide Tree 7/27
#NNI moves:0/236
Guide Tree 8/27
#NNI moves:0/236
Guide Tree 9/27
#NNI moves:0/236
Guide Tree 10/27
#NNI moves:0/236
Guide Tree 11/27
#NNI moves:0/236
Guide Tree 12/27
#NNI moves:0/236
Guide Tree 13/27
#NNI moves:0/236
Guide Tree 14/27
#NNI moves:0/236
Guide Tree 15/27
#NNI moves:0/236
Guide Tree 16/27
#NNI moves:0/236
Guide Tree 17/27
#NNI moves:0/236
Guide Tree 18/27
#NNI moves:0/236
Guide Tree 19/27
#NNI moves:0/236
Guide Tree 20/27
#NNI moves:0/236
Guide Tree 21/27
#NNI moves:0/236
Guide Tree 22/27
#NNI moves:0/236
Guide Tree 23/27
#NNI moves:0/236
Guide Tree 24/27
#NNI moves:0/236
Guide Tree 25/27
#NNI moves:1/236
Guide Tree 26/27
#NNI moves:0/236
Remaining: 0
#NNI moves:0/236
#NNI moves:0/236
(((((((((((((((((T184,((T61,T91),T88)),((T148,T36),(T120,T66))),(T107,T181)),((((T70,(T162,T5)),(T84,T48)),((T80,T152),T17)),((T118,T57),T67))),T30),(T141,T53)),((((((T129,T54),T98),(T130,T13)),T41),(T183,((T122,T19),T194))),((T4,T89),T50))),T34),((((((((((T119,(T163,T125)),T185),T196),(T147,T62)),(((((T144,T63),T46),(T178,T158)),T49),(T116,T60))),(((T3,T82),T155),((T103,T198),T33))),(T172,T15)),((T143,(T149,T174)),T104)),((T188,T128),((T159,T173),T14))),(((T199,T2),((((T12,T136),T22),T154),(T93,T23))),T18))),((((((((T42,T7),(T151,(T44,T170))),T87),((T133,T123),T140)),((((T165,T111),T132),((((((T25,T43),T56),T150),((T37,T52),T139)),((T156,T21),T100)),T94)),(T85,T28))),(((((T76,T90),(T168,T47)),T75),T92),T134)),((T78,T69),T110)),((((((T117,(T112,T124)),(T138,T31)),T97),((T6,T153),T189)),(((T72,T99),(T96,T105)),T81)),T83))),T0),(((((((T101,T146),T68),(((T9,T77),((T176,T20),T51)),(T114,(T86,T40)))),((((T127,T65),T145),T197),(T193,T71))),((((T102,T108),T200),T55),(T180,(T58,T195)))),((((T39,T59),(T190,T121)),((T169,((T182,(T161,T95)),T106)),T137)),(T8,(T74,T167)))),(((T29,(T24,T35)),T135),((T10,T157),T131)))),(((T164,T192),((((T177,(T45,(T187,T38))),(T179,T64)),(T73,T160)),T126)),((T27,(T113,T175)),(T191,(T109,T171))))),((T26,T166),(((T142,T186),T11),(T32,T79)))),T1),T16),T115);
Initial score: 6.58516e+10
Initial tree: (((((((((((((((((T184,((T61,T91),T88)),((T148,T36),(T120,T66))),(T107,T181)),((((T70,(T162,T5)),(T84,T48)),((T80,T152),T17)),((T118,T57),T67))),T30),(T141,T53)),((((((T129,T54),T98),(T130,T13)),T41),(T183,((T122,T19),T194))),((T4,T89),T50))),T34),((((((((((T119,(T163,T125)),T185),T196),(T147,T62)),(((((T144,T63),T46),(T178,T158)),T49),(T116,T60))),(((T3,T82),T155),((T103,T198),T33))),(T172,T15)),((T143,(T149,T174)),T104)),((T188,T128),((T159,T173),T14))),(((T199,T2),((((T12,T136),T22),T154),(T93,T23))),T18))),((((((((T42,T7),(T151,(T44,T170))),T87),((T133,T123),T140)),((((T165,T111),T132),((((((T25,T43),T56),T150),((T37,T52),T139)),((T156,T21),T100)),T94)),(T85,T28))),(((((T76,T90),(T168,T47)),T75),T92),T134)),((T78,T69),T110)),((((((T117,(T112,T124)),(T138,T31)),T97),((T6,T153),T189)),(((T72,T99),(T96,T105)),T81)),T83))),T0),(((((((T101,T146),T68),(((T9,T77),((T176,T20),T51)),(T114,(T86,T40)))),((((T127,T65),T145),T197),(T193,T71))),((((T102,T108),T200),T55),(T180,(T58,T195)))),((((T39,T59),(T190,T121)),((T169,((T182,(T161,T95)),T106)),T137)),(T8,(T74,T167)))),(((T29,(T24,T35)),T135),((T10,T157),T131)))),(((T164,T192),((((T177,(T45,(T187,T38))),(T179,T64)),(T73,T160)),T126)),((T27,(T113,T175)),(T191,(T109,T171))))),((T26,T166),(((T142,T186),T11),(T32,T79)))),T1),T16),T115);
*** Subsample Process ***
Use two-step algorithm!
#NNI moves:0/236
Remaining: 0
#NNI moves:0/236
#NNI moves:0/236
(((((((((((((((((((T68,(T101,T146)),(((T86,T40),T114),(((T176,T20),T51),(T9,T77)))),((((T65,T127),T145),T197),(T193,T71))),((((T108,T102),T200),T55),((T58,T195),T180))),((((((T182,(T161,T95)),T106),T169),T137),((T39,T59),(T190,T121))),(T8,(T74,T167)))),(((T10,T157),T131),(((T35,T24),T29),T135))),((((T192,T164),((((((T187,T38),T45),T177),(T64,T179)),(T160,T73)),T126)),(((T175,T113),T27),((T109,T171),T191))),(((T16,T115),T1),((((T186,T142),T11),(T32,T79)),(T166,T26))))),T0),((((((((T165,T111),T132),((((T150,((T25,T43),T56)),((T37,T52),T139)),((T156,T21),T100)),T94)),(T85,T28)),(((T133,T123),T140),(((T7,T42),((T44,T170),T151)),T87))),(((((T47,T168),(T76,T90)),T75),T92),T134)),((T78,T69),T110)),(((((T105,T96),(T72,T99)),T81),((((T31,T138),(T117,(T124,T112))),T97),(T189,(T153,T6)))),T83))),(((((((((((T163,T125),T119),T185),T196),(T62,T147)),(((((T144,T63),T46),(T158,T178)),T49),(T116,T60))),((T155,(T3,T82)),(T33,(T103,T198)))),(T172,T15)),(((T174,T149),T143),T104)),((T188,T128),((T159,T173),T14))),((((((T12,T136),T22),T154),(T23,T93)),(T199,T2)),T18))),T34),((((T194,(T19,T122)),T183),(T41,(((T129,T54),T98),(T130,T13)))),((T89,T4),T50))),(T141,T53)),T30),((T67,(T118,T57)),(((T80,T152),T17),(((T162,T5),T70),(T84,T48))))),(T181,T107)),((T120,T66),(T148,T36))),((T91,T61),T88)),T184);
#NNI moves:0/236
Remaining: 0
#NNI moves:6/236
#NNI moves:6/236
((((((((((((((((((T80,T152),T17),((T48,T84),((T5,T162),T70))),((T118,T57),T67)),((((T120,T66),(T148,T36)),(((T91,T61),T88),T184)),(T181,T107))),T30),(T141,T53)),((((((T54,T129),T98),(T130,T13)),T41),(((T19,T122),T194),T183)),(T50,(T89,T4)))),T34),(((((((((((T125,T163),T119),T185),T196),(T62,T147)),((T49,((T46,(T63,T144)),(T158,T178))),(T60,T116))),((T155,(T82,T3)),(T33,(T103,T198)))),(T172,T15)),(T104,(T143,(T174,T149)))),(((T173,T159),T14),(T128,T188))),((((((T136,T12),T22),T154),(T23,T93)),(T2,T199)),T18))),((((((T75,((T168,T47),(T76,T90))),T92),T134),((((((T170,T44),T151),(T42,T7)),T87),((T123,T133),T140)),(((T94,((((T56,(T25,T43)),T150),((T52,T37),T139)),(T100,(T21,T156)))),((T111,T165),T132)),(T28,T85)))),((T69,T78),T110)),((((((T31,T138),(T117,(T112,T124))),T97),((T6,T153),T189)),(((T72,T99),(T105,T96)),T81)),T83))),T0),((((((T68,(T101,T146)),(((T77,T9),(T51,(T176,T20))),((T86,T40),T114))),((((T65,T127),T145),T197),(T71,T193))),((T55,((T108,T102),T200)),((T58,T195),T180))),((((T169,((T182,(T161,T95)),T106)),T137),((T39,T59),(T190,T121))),(T8,(T74,T167)))),((T131,(T10,T157)),(((T35,T24),T29),T135)))),((((((T179,T64),(((T38,T187),T45),T177)),(T73,T160)),T126),(T192,T164)),(((T109,T171),T191),((T113,T175),T27)))),((T26,T166),((T32,T79),((T142,T186),T11)))),T1),T115),T16);
#NNI moves:0/236
Remaining: 1
#NNI moves:0/236
#NNI moves:0/236
((((((((((((((((((T169,(((T95,T161),T182),T106)),T137),((T59,T39),(T121,T190))),(T8,(T167,T74))),(((T180,(T195,T58)),(T55,(T200,(T102,T108)))),(((((T9,T77),((T176,T20),T51)),((T40,T86),T114)),((T146,T101),T68)),(((T145,(T127,T65)),T197),(T193,T71))))),((((T35,T24),T29),T135),((T157,T10),T131))),(((((((((T187,T38),T45),T177),(T179,T64)),(T73,T160)),T126),(T164,T192)),(((T171,T109),T191),(T27,(T113,T175)))),((T1,(T115,T16)),((((T142,T186),T11),(T32,T79)),(T166,T26))))),T0),(((((((T138,T31),((T124,T112),T117)),T97),((T153,T6),T189)),(((T96,T105),(T72,T99)),T81)),T83),((((((((T170,T44),T151),(T7,T42)),T87),((T133,T123),T140)),(((((((T52,T37),T139),((T56,(T25,T43)),T150)),(T100,(T21,T156))),T94),((T165,T111),T132)),(T28,T85))),(T134,((((T90,T76),(T47,T168)),T75),T92))),(T110,(T78,T69))))),(((((T172,T15),(((((T185,((T125,T163),T119)),T196),(T62,T147)),((T49,((T46,(T63,T144)),(T158,T178))),(T60,T116))),((T155,(T82,T3)),((T198,T103),T33)))),(((T174,T149),T143),T104)),((T188,T128),((T173,T159),T14))),((((T154,(T22,(T136,T12))),(T23,T93)),(T199,T2)),T18))),T34),((((T194,(T19,T122)),T183),(((T130,T13),((T54,T129),T98)),T41)),((T4,T89),T50))),(T141,T53)),T30),((((T120,T66),(T148,T36)),(((T61,T91),T88),T184)),(T107,T181))),(((T80,T152),T17),((T70,(T5,T162)),(T48,T84)))),(T57,T118)),T67);
#NNI moves:0/236
Remaining: 0
#NNI moves:0/236
#NNI moves:0/236
(((((((((((((((((T170,T44),T151),(T42,T7)),T87),(T140,(T133,T123))),(((((((T52,T37),T139),(((T43,T25),T56),T150)),((T156,T21),T100)),T94),((T111,T165),T132)),(T28,T85))),((T92,(((T90,T76),(T168,T47)),T75)),T134)),(T110,(T78,T69))),(((((T96,T105),(T99,T72)),T81),((((T138,T31),(T117,(T112,T124))),T97),((T153,T6),T189))),T83)),(((((((((((T46,(T63,T144)),(T158,T178)),T49),(T60,T116)),((((T119,(T163,T125)),T185),T196),(T62,T147))),(((T198,T103),T33),(T155,(T82,T3)))),(T172,T15)),(T104,((T149,T174),T143))),((T14,(T173,T159)),(T188,T128))),((((((T12,T136),T22),T154),(T93,T23)),(T2,T199)),T18)),((((T50,(T89,T4)),(((((T129,T54),T98),(T13,T130)),T41),(((T122,T19),T194),T183))),((((((((T5,T162),T70),(T84,T48)),(T17,(T152,T80))),((T118,T57),T67)),(((((T61,T91),T88),T184),((T36,T148),(T120,T66))),(T181,T107))),T30),(T141,T53))),T34))),T0),((((((((T9,T77),(T51,(T176,T20))),((T86,T40),T114)),((T101,T146),T68)),((((T127,T65),T145),T197),(T71,T193))),(((T195,T58),T180),((T200,(T102,T108)),T55))),(((T74,T167),T8),(((((T182,(T95,T161)),T106),T169),T137),((T190,T121),(T39,T59))))),((((T35,T24),T29),T135),((T157,T10),T131)))),(((T126,((T160,T73),((((T38,T187),T45),T177),(T179,T64)))),(T192,T164)),(((T175,T113),T27),((T171,T109),T191)))),((((T142,T186),T11),(T32,T79)),(T166,T26))),T1),T115),T16);
Current score: 6.58516e+10
Current tree: (((((((((((((((((T170,T44),T151),(T42,T7)),T87),(T140,(T133,T123))),(((((((T52,T37),T139),(((T43,T25),T56),T150)),((T156,T21),T100)),T94),((T111,T165),T132)),(T28,T85))),((T92,(((T90,T76),(T168,T47)),T75)),T134)),(T110,(T78,T69))),(((((T96,T105),(T99,T72)),T81),((((T138,T31),(T117,(T112,T124))),T97),((T153,T6),T189))),T83)),(((((((((((T46,(T63,T144)),(T158,T178)),T49),(T60,T116)),((((T119,(T163,T125)),T185),T196),(T62,T147))),(((T198,T103),T33),(T155,(T82,T3)))),(T172,T15)),(T104,((T149,T174),T143))),((T14,(T173,T159)),(T188,T128))),((((((T12,T136),T22),T154),(T93,T23)),(T2,T199)),T18)),((((T50,(T89,T4)),(((((T129,T54),T98),(T13,T130)),T41),(((T122,T19),T194),T183))),((((((((T5,T162),T70),(T84,T48)),(T17,(T152,T80))),((T118,T57),T67)),(((((T61,T91),T88),T184),((T36,T148),(T120,T66))),(T181,T107))),T30),(T141,T53))),T34))),T0),((((((((T9,T77),(T51,(T176,T20))),((T86,T40),T114)),((T101,T146),T68)),((((T127,T65),T145),T197),(T71,T193))),(((T195,T58),T180),((T200,(T102,T108)),T55))),(((T74,T167),T8),(((((T182,(T95,T161)),T106),T169),T137),((T190,T121),(T39,T59))))),((((T35,T24),T29),T135),((T157,T10),T131)))),(((T126,((T160,T73),((((T38,T187),T45),T177),(T179,T64)))),(T192,T164)),(((T175,T113),T27),((T171,T109),T191)))),((((T142,T186),T11),(T32,T79)),(T166,T26))),T1),T16),T115);
Final Tree: (((((((((((((((((T170,T44),T151),(T42,T7)),T87),(T140,(T133,T123))),(((((((T52,T37),T139),(((T43,T25),T56),T150)),((T156,T21),T100)),T94),((T111,T165),T132)),(T28,T85))),((T92,(((T90,T76),(T168,T47)),T75)),T134)),(T110,(T78,T69))),(((((T96,T105),(T99,T72)),T81),((((T138,T31),(T117,(T112,T124))),T97),((T153,T6),T189))),T83)),(((((((((((T46,(T63,T144)),(T158,T178)),T49),(T60,T116)),((((T119,(T163,T125)),T185),T196),(T62,T147))),(((T198,T103),T33),(T155,(T82,T3)))),(T172,T15)),(T104,((T149,T174),T143))),((T14,(T173,T159)),(T188,T128))),((((((T12,T136),T22),T154),(T93,T23)),(T2,T199)),T18)),((((T50,(T89,T4)),(((((T129,T54),T98),(T13,T130)),T41),(((T122,T19),T194),T183))),((((((((T5,T162),T70),(T84,T48)),(T17,(T152,T80))),((T118,T57),T67)),(((((T61,T91),T88),T184),((T36,T148),(T120,T66))),(T181,T107))),T30),(T141,T53))),T34))),T0),((((((((T9,T77),(T51,(T176,T20))),((T86,T40),T114)),((T101,T146),T68)),((((T127,T65),T145),T197),(T71,T193))),(((T195,T58),T180),((T200,(T102,T108)),T55))),(((T74,T167),T8),(((((T182,(T95,T161)),T106),T169),T137),((T190,T121),(T39,T59))))),((((T35,T24),T29),T135),((T157,T10),T131)))),(((T126,((T160,T73),((((T38,T187),T45),T177),(T179,T64)))),(T192,T164)),(((T175,T113),T27),((T171,T109),T191)))),((((T142,T186),T11),(T32,T79)),(T166,T26))),T1),T16),T115);
Score: 6.585161116e+10

real	1m2.524s
user	22m4.210s
sys	0m19.758s
