
RAxML-NG v. 1.1.0-master released on 04.08.2022 by The Exelixis Lab.
Developed by: Alexey M. Kozlov and Alexandros Stamatakis.
Contributors: Diego Darriba, Tomas Flouri, Benoit Morel, Sarah Lutteropp, Ben Bettisworth.
Latest version: https://github.com/amkozlov/raxml-ng
Questions/problems/suggestions? Please visit: https://groups.google.com/forum/#!forum/raxml

System: AMD EPYC 7742 64-Core Processor, 128 cores, 251 GB RAM

RAxML-NG was called at 26-Dec-2022 16:51:17 as follows:

/home/chaos/programs/raxml-ng/raxml-ng/bin/raxml-ng --msa data/alignment/8_1X_S201_0_haploid --tree pars{1} --model GTR+G --threads 64

Analysis options:
  run mode: ML tree search
  start tree(s): parsimony (1)
  random seed: 1672102277
  tip-inner: OFF
  pattern compression: ON
  per-rate scalers: OFF
  site repeats: ON
  fast spr radius: AUTO
  spr subtree cutoff: 1.000000
  branch lengths: proportional (ML estimate, algorithm: NR-FAST)
  SIMD kernels: AVX2
  parallelization: coarse-grained (auto), PTHREADS (64 threads), thread pinning: OFF

[00:00:00] Reading alignment from file: data/alignment/8_1X_S201_0_haploid
[00:00:02] Loaded alignment with 201 taxa and 5000000 sites

Alignment comprises 1 partitions and 3069135 patterns

Partition 0: noname
Model: GTR+FO+G4m
Alignment sites / patterns: 5000000 / 3069135
Gaps: 0.00 %
Invariant sites: 14.14 %


NOTE: Binary MSA file created: data/alignment/8_1X_S201_0_haploid.raxml.rba

Parallelization scheme autoconfig: 1 worker(s) x 64 thread(s)

Parallel reduction/worker buffer size: 1 KB  / 0 KB

[00:00:22] Generating 1 parsimony starting tree(s) with 201 taxa
[00:00:46] Data distribution: max. partitions/sites/weight per thread: 1 / 47956 / 767296
[00:00:46] Data distribution: max. searches per worker: 1

Starting ML tree search with 1 distinct starting trees

[00:00:47 -132975978.608272] Initial branch length optimization
[00:02:18 -117107039.565453] Model parameter optimization (eps = 10.000000)
[00:05:25 -112021024.084996] AUTODETECT spr round 1 (radius: 5)
[00:11:19 -111986171.476311] AUTODETECT spr round 2 (radius: 10)
[00:31:50 -111986171.475717] SPR radius for FAST iterations: 5 (autodetect)
[00:31:50 -111986171.475717] Model parameter optimization (eps = 3.000000)
[00:32:03 -111986169.972560] FAST spr round 1 (radius: 5)
[00:40:11 -111984729.156329] FAST spr round 2 (radius: 5)
[00:48:40 -111983772.815461] FAST spr round 3 (radius: 5)
[00:57:16 -111982966.383374] FAST spr round 4 (radius: 5)
[01:06:12 -111982611.756553] FAST spr round 5 (radius: 5)
[01:15:28 -111982408.471104] FAST spr round 6 (radius: 5)
[01:24:46 -111982408.471104] Model parameter optimization (eps = 1.000000)
[01:25:20 -111982406.288207] SLOW spr round 1 (radius: 5)
[01:51:38 -111982241.313437] SLOW spr round 2 (radius: 5)
[02:16:48 -111982241.312668] SLOW spr round 3 (radius: 10)
[02:46:46 -111982241.312639] SLOW spr round 4 (radius: 15)
[03:38:35 -111982241.312639] SLOW spr round 5 (radius: 20)
[04:13:21 -111982241.312639] SLOW spr round 6 (radius: 25)
[04:24:50 -111982241.312639] Model parameter optimization (eps = 0.100000)

[04:25:30] ML tree search #1, logLikelihood: -111982240.441350


Optimized model parameters:

   Partition 0: noname
   Rate heterogeneity: GAMMA (4 cats, mean),  alpha: 1.717980 (ML),  weights&rates: (0.250000,0.257118) (0.250000,0.621230) (0.250000,1.061017) (0.250000,2.060635) 
   Base frequencies (ML): 0.271041 0.219361 0.231235 0.278363 
   Substitution rates (ML): 1.427458 2.284982 0.128571 0.669750 3.579679 1.000000 


Final LogLikelihood: -111982240.441350

AIC score: 223965296.882701 / AICc score: 223965296.949455 / BIC score: 223970774.261677
Free parameters (model + branch lengths): 408

Best ML tree saved to: /expanse/lustre/projects/uot138/chaos/ASTERISK-sim/data/alignment/8_1X_S201_0_haploid.raxml.bestTree
Optimized model saved to: /expanse/lustre/projects/uot138/chaos/ASTERISK-sim/data/alignment/8_1X_S201_0_haploid.raxml.bestModel

Execution log saved to: /expanse/lustre/projects/uot138/chaos/ASTERISK-sim/data/alignment/8_1X_S201_0_haploid.raxml.log

Analysis started: 26-Dec-2022 16:51:17 / finished: 26-Dec-2022 21:16:48

Elapsed time: 15931.537 seconds

Consumed energy: 1574.832 Wh (= 8 km in an electric car, or 39 km with an e-scooter!)

