Weighted ASTRAL - Hybrid
Version: v1.13.2.3
#Genetrees: 2000
#Species: 201
#Rounds: 4
#Samples: 4
#Threads: 32
Use two-step algorithm!
Guide Tree 0/27
#NNI moves:0/236
Guide Tree 1/27
#NNI moves:0/236
Guide Tree 2/27
#NNI moves:3/236
Guide Tree 3/27
#NNI moves:0/236
Guide Tree 4/27
#NNI moves:0/236
Guide Tree 5/27
#NNI moves:0/236
Guide Tree 6/27
#NNI moves:0/236
Guide Tree 7/27
#NNI moves:0/236
Guide Tree 8/27
#NNI moves:0/236
Guide Tree 9/27
#NNI moves:0/236
Guide Tree 10/27
#NNI moves:0/236
Guide Tree 11/27
#NNI moves:0/236
Guide Tree 12/27
#NNI moves:1/236
Guide Tree 13/27
#NNI moves:3/236
Guide Tree 14/27
#NNI moves:1/236
Guide Tree 15/27
#NNI moves:1/236
Guide Tree 16/27
#NNI moves:0/236
Guide Tree 17/27
#NNI moves:0/236
Guide Tree 18/27
#NNI moves:0/236
Guide Tree 19/27
#NNI moves:0/236
Guide Tree 20/27
#NNI moves:0/236
Guide Tree 21/27
#NNI moves:0/236
Guide Tree 22/27
#NNI moves:0/236
Guide Tree 23/27
#NNI moves:1/236
Guide Tree 24/27
#NNI moves:0/236
Guide Tree 25/27
#NNI moves:1/236
Guide Tree 26/27
#NNI moves:0/236
Remaining: 0
#NNI moves:0/236
#NNI moves:0/236
((((((((((((((((((((T124,T28),T57),T118),(((T109,T60),T81),T68)),T135),(((T100,T90),T113),(((T23,T132),((T8,T104),T123)),T177))),(((((T179,T2),T200),T186),T48),((T120,T22),T102))),((T1,T51),(((T141,T14),T181),T93))),((((((((T37,(((((T106,T161),T158),(T138,T115)),T44),T95)),(T13,T185)),(((T36,T154),(T11,T20)),T168)),(((T74,T89),T175),T70)),(((T187,T171),(T82,T193)),T31)),((T52,((T130,T33),(T66,T173))),((T143,T101),T155))),(T146,(T188,T197))),T47)),T0),(((((T198,T172),(T199,(T69,T112))),T34),((((T46,T56),(T84,T43)),T98),((T145,(((T42,T136),T144),T94)),(T72,T151)))),((((T75,T92),T127),((((T21,T97),T87),T76),T169)),(((((T71,T10),T176),T96),T7),((T183,(T148,(T125,T116))),T194))))),(((T170,(T91,T134)),(T85,T133)),(T184,T41))),(((((((T12,(T114,T119)),T150),(T99,T3)),(((((T6,T17),T192),(T191,T142)),(((T121,T149),T182),(T53,T5))),(((T159,T35),T40),T131))),(((T152,T156),((T49,T62),T55)),((((T16,(T24,((T139,T107),T167))),T157),T128),(T18,(T137,T105))))),T59),((((((T9,T147),T45),T83),T50),T64),((T32,T190),(T30,T196))))),((((((T61,T126),T108),T4),(((T26,T63),(T29,T110)),(((T80,T180),T54),T174))),(T178,T162)),((T122,T140),(T79,(T19,T111))))),((((T27,((T160,((T164,T67),T165)),T65)),T163),T86),(((T103,T25),T129),((T39,T73),(T58,T153))))),(T77,(T88,(T166,T78)))),(T195,T189)),T15),T38),T117);
Guide Tree 0/27
#NNI moves:0/236
Guide Tree 1/27
#NNI moves:0/236
Guide Tree 2/27
#NNI moves:0/236
Guide Tree 3/27
#NNI moves:0/236
Guide Tree 4/27
#NNI moves:0/236
Guide Tree 5/27
#NNI moves:0/236
Guide Tree 6/27
#NNI moves:0/236
Guide Tree 7/27
#NNI moves:0/236
Guide Tree 8/27
#NNI moves:0/236
Guide Tree 9/27
#NNI moves:0/236
Guide Tree 10/27
#NNI moves:0/236
Guide Tree 11/27
#NNI moves:0/236
Guide Tree 12/27
#NNI moves:0/236
Guide Tree 13/27
#NNI moves:0/236
Guide Tree 14/27
#NNI moves:0/236
Guide Tree 15/27
#NNI moves:0/236
Guide Tree 16/27
#NNI moves:0/236
Guide Tree 17/27
#NNI moves:0/236
Guide Tree 18/27
#NNI moves:0/236
Guide Tree 19/27
#NNI moves:0/236
Guide Tree 20/27
#NNI moves:0/236
Guide Tree 21/27
#NNI moves:0/236
Guide Tree 22/27
#NNI moves:0/236
Guide Tree 23/27
#NNI moves:0/236
Guide Tree 24/27
#NNI moves:0/236
Guide Tree 25/27
#NNI moves:0/236
Guide Tree 26/27
#NNI moves:0/236
Remaining: 0
#NNI moves:1/236
#NNI moves:1/236
((((((((((((((((((((T28,T124),T57),T118),(((T60,T109),T81),T68)),T135),(((((T8,T104),T123),(T132,T23)),T177),(T113,(T100,T90)))),(((((T2,T179),T200),T186),T48),(T102,(T22,T120)))),((((T141,T14),T181),T93),(T51,T1))),(((((((((T20,T11),(T154,T36)),T168),((((((T138,T115),(T158,(T106,T161))),T44),T95),T37),(T13,T185))),(((T74,T89),T175),T70)),(((T171,T187),(T193,T82)),T31)),(((T101,T143),T155),(((T33,T130),(T173,T66)),T52))),((T197,T188),T146)),T47)),T0),((((((T84,T43),(T56,T46)),T98),((T72,T151),((T94,(T144,(T42,T136))),T145))),(((T198,T172),((T69,T112),T199)),T34)),((((T76,((T97,T21),T87)),T169),((T75,T92),T127)),(((((T125,T116),T148),T183),T194),(((T176,(T71,T10)),T96),T7))))),(((T85,T133),(T170,(T91,T134))),(T184,T41))),(((((((((((T107,T139),T167),T24),T16),T157),T128),(T18,(T137,T105))),((T152,T156),(T55,(T49,T62)))),((((((T6,T17),T192),(T191,T142)),((T53,T5),((T121,T149),T182))),(T131,((T35,T159),T40))),((T3,T99),((T12,(T119,T114)),T150)))),T59),(((((T45,(T147,T9)),T83),T50),T64),((T190,T32),(T30,T196))))),((((T19,T111),T79),(T122,T140)),(((T4,((T61,T126),T108)),(((T29,T110),(T26,T63)),(T174,((T80,T180),T54)))),(T178,T162)))),((((T153,T58),(T39,T73)),((T25,T103),T129)),(((T27,((T160,((T67,T164),T165)),T65)),T163),T86))),(T77,((T166,T78),T88))),(T189,T195)),T15),T38),T117);
Guide Tree 0/27
#NNI moves:0/236
Guide Tree 1/27
#NNI moves:0/236
Guide Tree 2/27
#NNI moves:0/236
Guide Tree 3/27
#NNI moves:0/236
Guide Tree 4/27
#NNI moves:0/236
Guide Tree 5/27
#NNI moves:0/236
Guide Tree 6/27
#NNI moves:0/236
Guide Tree 7/27
#NNI moves:0/236
Guide Tree 8/27
#NNI moves:0/236
Guide Tree 9/27
#NNI moves:0/236
Guide Tree 10/27
#NNI moves:0/236
Guide Tree 11/27
#NNI moves:0/236
Guide Tree 12/27
#NNI moves:0/236
Guide Tree 13/27
#NNI moves:0/236
Guide Tree 14/27
#NNI moves:0/236
Guide Tree 15/27
#NNI moves:0/236
Guide Tree 16/27
#NNI moves:0/236
Guide Tree 17/27
#NNI moves:0/236
Guide Tree 18/27
#NNI moves:0/236
Guide Tree 19/27
#NNI moves:0/236
Guide Tree 20/27
#NNI moves:0/236
Guide Tree 21/27
#NNI moves:0/236
Guide Tree 22/27
#NNI moves:0/236
Guide Tree 23/27
#NNI moves:0/236
Guide Tree 24/27
#NNI moves:0/236
Guide Tree 25/27
#NNI moves:0/236
Guide Tree 26/27
#NNI moves:0/236
Remaining: 0
#NNI moves:0/236
#NNI moves:0/236
(((((((((((((((((((T81,(T60,T109)),T68),(T118,(T57,(T124,T28)))),T135),((((T23,T132),((T104,T8),T123)),T177),((T100,T90),T113))),(((T186,((T2,T179),T200)),T48),((T22,T120),T102))),((T51,T1),(((T141,T14),T181),T93))),((((((((((((T115,T138),((T106,T161),T158)),T44),T95),T37),(T185,T13)),(T168,((T20,T11),(T154,T36)))),(((T74,T89),T175),T70)),(T31,((T82,T193),(T171,T187)))),((((T173,T66),(T130,T33)),T52),((T101,T143),T155))),((T188,T197),T146)),T47)),T0),(((((T75,T92),T127),(T169,(((T21,T97),T87),T76))),(((T183,((T125,T116),T148)),T194),((T96,((T71,T10),T176)),T7))),((((T72,T151),((((T42,T136),T144),T94),T145)),(((T84,T43),(T56,T46)),T98)),(((T199,(T69,T112)),(T198,T172)),T34)))),(((T170,(T91,T134)),(T85,T133)),(T41,T184))),(((((((T49,T62),T55),(T152,T156)),((T18,(T137,T105)),((((T24,((T107,T139),T167)),T16),T157),T128))),(((T131,((T159,T35),T40)),((((T17,T6),T192),(T142,T191)),((T182,(T121,T149)),(T5,T53)))),(((T12,(T114,T119)),T150),(T3,T99)))),T59),((((((T9,T147),T45),T83),T50),T64),((T30,T196),(T32,T190))))),(((((((T180,T80),T54),T174),((T26,T63),(T29,T110))),(((T61,T126),T108),T4)),(T178,T162)),(((T111,T19),T79),(T122,T140)))),((((T58,T153),(T73,T39)),((T25,T103),T129)),(((((T160,(T165,(T67,T164))),T65),T27),T163),T86))),(((T166,T78),T88),T77)),(T189,T195)),T15),T38),T117);
Guide Tree 0/27
#NNI moves:0/236
Guide Tree 1/27
#NNI moves:0/236
Guide Tree 2/27
#NNI moves:0/236
Guide Tree 3/27
#NNI moves:0/236
Guide Tree 4/27
#NNI moves:0/236
Guide Tree 5/27
#NNI moves:0/236
Guide Tree 6/27
#NNI moves:0/236
Guide Tree 7/27
#NNI moves:0/236
Guide Tree 8/27
#NNI moves:0/236
Guide Tree 9/27
#NNI moves:1/236
Guide Tree 10/27
#NNI moves:0/236
Guide Tree 11/27
#NNI moves:0/236
Guide Tree 12/27
#NNI moves:0/236
Guide Tree 13/27
#NNI moves:1/236
Guide Tree 14/27
#NNI moves:0/236
Guide Tree 15/27
#NNI moves:0/236
Guide Tree 16/27
#NNI moves:0/236
Guide Tree 17/27
#NNI moves:0/236
Guide Tree 18/27
#NNI moves:0/236
Guide Tree 19/27
#NNI moves:0/236
Guide Tree 20/27
#NNI moves:0/236
Guide Tree 21/27
#NNI moves:0/236
Guide Tree 22/27
#NNI moves:0/236
Guide Tree 23/27
#NNI moves:0/236
Guide Tree 24/27
#NNI moves:0/236
Guide Tree 25/27
#NNI moves:0/236
Guide Tree 26/27
#NNI moves:0/236
Remaining: 0
#NNI moves:1/236
#NNI moves:1/236
((((((((((((((((((T68,(T81,(T109,T60))),((T57,(T124,T28)),T118)),T135),((((T132,T23),((T104,T8),T123)),T177),(T113,(T90,T100)))),(((T120,T22),T102),((((T179,T2),T200),T186),T48))),((((T14,T141),T181),T93),(T51,T1))),((((((((((((T115,T138),((T106,T161),T158)),T44),T95),T37),(T185,T13)),(((T154,T36),(T20,T11)),T168)),((T175,(T89,T74)),T70)),(((T82,T193),(T171,T187)),T31)),((((T130,T33),(T173,T66)),T52),((T101,T143),T155))),((T197,T188),T146)),T47)),T0),(((((T92,T75),T127),(T169,(((T21,T97),T87),T76))),(((((T116,T125),T148),T183),T194),(((T176,(T10,T71)),T96),T7))),((((((T144,(T42,T136)),T94),T145),(T72,T151)),(((T84,T43),(T56,T46)),T98)),(((T199,(T69,T112)),(T172,T198)),T34)))),((T41,T184),(((T134,T91),T170),(T85,T133)))),((((((((T142,T191),((T17,T6),T192)),(((T149,T121),T182),(T53,T5))),(((T159,T35),T40),T131)),((((T114,T119),T12),T150),(T99,T3))),(((((((T167,(T139,T107)),T24),T16),T157),T128),(T18,(T137,T105))),((T152,T156),(T55,(T62,T49))))),T59),((((T83,((T147,T9),T45)),T50),T64),((T196,T30),(T190,T32))))),(((((T174,((T80,T180),T54)),((T26,T63),(T29,T110))),((T108,(T126,T61)),T4)),(T162,T178)),((T79,(T19,T111)),(T140,T122)))),((((T153,T58),(T73,T39)),((T103,T25),T129)),(((T27,((T160,(T165,(T67,T164))),T65)),T163),T86))),(((T78,T166),T88),T77)),(T189,T195)),T15),T38),T117);
Initial score: 6.24048e+10
Initial tree: ((((((((((((((((((T68,(T81,(T109,T60))),((T57,(T124,T28)),T118)),T135),((((T132,T23),((T104,T8),T123)),T177),(T113,(T90,T100)))),(((T120,T22),T102),((((T179,T2),T200),T186),T48))),((((T14,T141),T181),T93),(T51,T1))),((((((((((((T115,T138),((T106,T161),T158)),T44),T95),T37),(T185,T13)),(((T154,T36),(T20,T11)),T168)),((T175,(T89,T74)),T70)),(((T82,T193),(T171,T187)),T31)),((((T130,T33),(T173,T66)),T52),((T101,T143),T155))),((T197,T188),T146)),T47)),T0),(((((T92,T75),T127),(T169,(((T21,T97),T87),T76))),(((((T116,T125),T148),T183),T194),(((T176,(T10,T71)),T96),T7))),((((((T144,(T42,T136)),T94),T145),(T72,T151)),(((T84,T43),(T56,T46)),T98)),(((T199,(T69,T112)),(T172,T198)),T34)))),((T41,T184),(((T134,T91),T170),(T85,T133)))),((((((((T142,T191),((T17,T6),T192)),(((T149,T121),T182),(T53,T5))),(((T159,T35),T40),T131)),((((T114,T119),T12),T150),(T99,T3))),(((((((T167,(T139,T107)),T24),T16),T157),T128),(T18,(T137,T105))),((T152,T156),(T55,(T62,T49))))),T59),((((T83,((T147,T9),T45)),T50),T64),((T196,T30),(T190,T32))))),(((((T174,((T80,T180),T54)),((T26,T63),(T29,T110))),((T108,(T126,T61)),T4)),(T162,T178)),((T79,(T19,T111)),(T140,T122)))),((((T153,T58),(T73,T39)),((T103,T25),T129)),(((T27,((T160,(T165,(T67,T164))),T65)),T163),T86))),(((T78,T166),T88),T77)),(T189,T195)),T15),T38),T117);
*** Subsample Process ***
Use two-step algorithm!
#NNI moves:0/236
Remaining: 0
#NNI moves:2/236
#NNI moves:2/236
((((((((((((((((((((((T142,T191),(T192,(T17,T6))),(((T149,T121),T182),(T5,T53))),(((T35,T159),T40),T131)),((T99,T3),(T150,((T114,T119),T12)))),(((((((T167,(T139,T107)),T24),T16),T157),T128),(T18,(T105,T137))),((T55,(T49,T62)),(T152,T156)))),T59),((((((T9,T147),T45),T83),T50),T64),((T30,T196),(T32,T190)))),((((((T103,T25),T129),((T153,T58),(T39,T73))),(T86,((((T160,((T67,T164),T165)),T65),T27),T163))),((((T38,T117),T15),(T189,T195)),((T88,(T166,T78)),T77))),((((T19,T111),T79),(T122,T140)),(((T4,((T61,T126),T108)),((T174,((T80,T180),T54)),((T63,T26),(T110,T29)))),(T162,T178))))),((T184,T41),((T85,T133),((T134,T91),T170)))),((((((T148,(T125,T116)),T183),T194),(T7,((T176,(T10,T71)),T96))),(((T92,T75),T127),((((T21,T97),T87),T76),T169))),((((T151,T72),((((T42,T136),T144),T94),T145)),(T98,((T84,T43),(T46,T56)))),((((T112,T69),T199),(T198,T172)),T34)))),T0),(((((((((T154,T36),(T20,T11)),T168),((((((T158,(T106,T161)),(T138,T115)),T44),T95),T37),(T13,T185))),((T175,(T74,T89)),T70)),(T31,((T82,T193),(T171,T187)))),((((T173,T66),(T130,T33)),T52),(T155,(T143,T101)))),((T188,T197),T146)),T47)),((((T14,T141),T181),T93),(T51,T1))),((T102,(T120,T22)),((((T2,T179),T200),T186),T48))),((T113,(T90,T100)),((((T8,T104),T123),(T132,T23)),T177))),T135),(((T124,T28),T57),T118)),T68),T81),T60),T109);
#NNI moves:0/236
Remaining: 0
#NNI moves:2/236
#NNI moves:2/236
((((((((((((((((((((T74,T89),T175),T70),((((((((T161,T106),T158),(T115,T138)),T44),T95),T37),(T13,T185)),(((T36,T154),(T20,T11)),T168))),(T31,((T82,T193),(T187,T171)))),((((T130,T33),(T66,T173)),T52),(T155,(T143,T101)))),(T146,(T197,T188))),T47),(((T1,T51),(T93,(T181,(T141,T14)))),(((T48,(T186,((T179,T2),T200))),(T102,(T120,T22))),(((((T123,(T104,T8)),(T23,T132)),T177),((T100,T90),T113)),((((T57,(T28,T124)),T118),(((T109,T60),T81),T68)),T135))))),T0),((((T194,(((T116,T125),T148),T183)),(T7,(((T71,T10),T176),T96))),(((T75,T92),T127),((((T21,T97),T87),T76),T169))),(((((((T42,T136),T144),T94),T145),(T151,T72)),(((T43,T84),(T46,T56)),T98)),((((T112,T69),T199),(T172,T198)),T34)))),(((T85,T133),(T170,(T134,T91))),(T184,T41))),(((((((((T149,T121),T182),(T5,T53)),((T192,(T17,T6)),(T142,T191))),(T131,((T35,T159),T40))),((((T119,T114),T12),T150),(T3,T99))),((((((((T139,T107),T167),T24),T16),T157),T128),((T137,T105),T18)),(((T49,T62),T55),(T152,T156)))),T59),(((T196,T30),(T32,T190)),(T64,(((T45,(T147,T9)),T83),T50))))),((((((T61,T126),T108),T4),(((T110,T29),(T26,T63)),(T174,(T54,(T80,T180))))),(T162,T178)),(((T19,T111),T79),(T122,T140)))),((((T58,T153),(T39,T73)),((T103,T25),T129)),((((T65,(((T67,T164),T165),T160)),T27),T163),T86))),(((T78,T166),T88),T77)),(T189,T195)),T15),T117),T38);
#NNI moves:0/236
Remaining: 0
#NNI moves:3/236
#NNI moves:3/236
((((((((((((((((((((((T192,(T6,T17)),(T191,T142)),(((T149,T121),T182),(T53,T5))),(((T159,T35),T40),T131)),((T99,T3),(((T114,T119),T12),T150))),((((T49,T62),T55),(T156,T152)),(((((T24,((T139,T107),T167)),T16),T157),T128),((T137,T105),T18)))),T59),((T64,((((T9,T147),T45),T83),T50)),((T196,T30),(T190,T32)))),((((((((T80,T180),T54),T174),((T26,T63),(T110,T29))),(((T126,T61),T108),T4)),(T162,T178)),((T122,T140),((T19,T111),T79))),(((((((((T164,T67),T165),T160),T65),T27),T163),T86),(((T39,T73),(T58,T153)),((T25,T103),T129))),(((T15,(T117,T38)),(T189,T195)),(((T166,T78),T88),T77))))),((T41,T184),(((T134,T91),T170),(T133,T85)))),(((((((T71,T10),T176),T96),T7),((T183,(T148,(T125,T116))),T194)),(((T75,T92),T127),((((T21,T97),T87),T76),T169))),((((T151,T72),(T145,(((T42,T136),T144),T94))),(((T46,T56),(T43,T84)),T98)),(((T172,T198),(T199,(T112,T69))),T34)))),T0),(((((((T123,(T104,T8)),(T132,T23)),T177),(T113,(T90,T100))),(((((T109,T60),T81),T68),(((T28,T124),T57),T118)),T135)),(((T22,T120),T102),(((T200,(T2,T179)),T186),T48))),((T1,T51),(T93,((T14,T141),T181))))),T47),((T188,T197),T146)),(((T101,T143),T155),(((T130,T33),(T173,T66)),T52))),(((T171,T187),(T193,T82)),T31)),((((T36,T154),(T11,T20)),T168),((((((T138,T115),((T106,T161),T158)),T44),T95),T37),(T13,T185)))),T70),T175),T74),T89);
#NNI moves:0/236
Remaining: 0
#NNI moves:3/236
#NNI moves:3/236
(((((((((((((((((((T123,(T8,T104)),(T23,T132)),T177),((T90,T100),T113)),(((((T28,T124),T57),T118),(((T60,T109),T81),T68)),T135)),(((T120,T22),T102),(((T200,(T179,T2)),T186),T48))),((((T14,T141),T181),T93),(T1,T51))),((((((((((((T115,T138),((T161,T106),T158)),T44),T95),T37),(T13,T185)),(T168,((T154,T36),(T11,T20)))),(((T74,T89),T175),T70)),(((T193,T82),(T171,T187)),T31)),(((T143,T101),T155),(T52,((T66,T173),(T130,T33))))),((T197,T188),T146)),T47)),T0),((((((T176,(T71,T10)),T96),T7),((((T116,T125),T148),T183),T194)),(((((T21,T97),T87),T76),T169),(T127,(T92,T75)))),(((((T84,T43),(T56,T46)),T98),(((((T136,T42),T144),T94),T145),(T72,T151))),(((T172,T198),(T199,(T112,T69))),T34)))),((T41,T184),((T133,T85),((T134,T91),T170)))),((((((T3,T99),((T12,(T114,T119)),T150)),((((T159,T35),T40),T131),(((T182,(T121,T149)),(T5,T53)),((T191,T142),(T192,(T17,T6)))))),((((T49,T62),T55),(T156,T152)),(((((((T139,T107),T167),T24),T16),T157),T128),((T105,T137),T18)))),T59),(((T190,T32),(T196,T30)),((((T45,(T9,T147)),T83),T50),T64)))),((((((T110,T29),(T26,T63)),(T174,(T54,(T80,T180)))),(((T126,T61),T108),T4)),(T178,T162)),((T140,T122),((T19,T111),T79)))),((((T153,T58),(T73,T39)),((T25,T103),T129)),(T86,((((((T164,T67),T165),T160),T65),T27),T163)))),(((T166,T78),T88),T77)),(T189,T195)),T15),T117),T38);
Current score: 6.24048e+10
Current tree: (((((((((((((((((((T123,(T8,T104)),(T23,T132)),T177),((T90,T100),T113)),(((((T28,T124),T57),T118),(((T60,T109),T81),T68)),T135)),(((T120,T22),T102),(((T200,(T179,T2)),T186),T48))),((((T14,T141),T181),T93),(T1,T51))),((((((((((((T115,T138),((T161,T106),T158)),T44),T95),T37),(T13,T185)),(T168,((T154,T36),(T11,T20)))),(((T74,T89),T175),T70)),(((T193,T82),(T171,T187)),T31)),(((T143,T101),T155),(T52,((T66,T173),(T130,T33))))),((T197,T188),T146)),T47)),T0),((((((T176,(T71,T10)),T96),T7),((((T116,T125),T148),T183),T194)),(((((T21,T97),T87),T76),T169),(T127,(T92,T75)))),(((((T84,T43),(T56,T46)),T98),(((((T136,T42),T144),T94),T145),(T72,T151))),(((T172,T198),(T199,(T112,T69))),T34)))),((T41,T184),((T133,T85),((T134,T91),T170)))),((((((T3,T99),((T12,(T114,T119)),T150)),((((T159,T35),T40),T131),(((T182,(T121,T149)),(T5,T53)),((T191,T142),(T192,(T17,T6)))))),((((T49,T62),T55),(T156,T152)),(((((((T139,T107),T167),T24),T16),T157),T128),((T105,T137),T18)))),T59),(((T190,T32),(T196,T30)),((((T45,(T9,T147)),T83),T50),T64)))),((((((T110,T29),(T26,T63)),(T174,(T54,(T80,T180)))),(((T126,T61),T108),T4)),(T178,T162)),((T140,T122),((T19,T111),T79)))),((((T153,T58),(T73,T39)),((T25,T103),T129)),(T86,((((((T164,T67),T165),T160),T65),T27),T163)))),(((T166,T78),T88),T77)),(T189,T195)),T15),T38),T117);
Final Tree: (((((((((((((((((((T123,(T8,T104)),(T23,T132)),T177),((T90,T100),T113)),(((((T28,T124),T57),T118),(((T60,T109),T81),T68)),T135)),(((T120,T22),T102),(((T200,(T179,T2)),T186),T48))),((((T14,T141),T181),T93),(T1,T51))),((((((((((((T115,T138),((T161,T106),T158)),T44),T95),T37),(T13,T185)),(T168,((T154,T36),(T11,T20)))),(((T74,T89),T175),T70)),(((T193,T82),(T171,T187)),T31)),(((T143,T101),T155),(T52,((T66,T173),(T130,T33))))),((T197,T188),T146)),T47)),T0),((((((T176,(T71,T10)),T96),T7),((((T116,T125),T148),T183),T194)),(((((T21,T97),T87),T76),T169),(T127,(T92,T75)))),(((((T84,T43),(T56,T46)),T98),(((((T136,T42),T144),T94),T145),(T72,T151))),(((T172,T198),(T199,(T112,T69))),T34)))),((T41,T184),((T133,T85),((T134,T91),T170)))),((((((T3,T99),((T12,(T114,T119)),T150)),((((T159,T35),T40),T131),(((T182,(T121,T149)),(T5,T53)),((T191,T142),(T192,(T17,T6)))))),((((T49,T62),T55),(T156,T152)),(((((((T139,T107),T167),T24),T16),T157),T128),((T105,T137),T18)))),T59),(((T190,T32),(T196,T30)),((((T45,(T9,T147)),T83),T50),T64)))),((((((T110,T29),(T26,T63)),(T174,(T54,(T80,T180)))),(((T126,T61),T108),T4)),(T178,T162)),((T140,T122),((T19,T111),T79)))),((((T153,T58),(T73,T39)),((T25,T103),T129)),(T86,((((((T164,T67),T165),T160),T65),T27),T163)))),(((T166,T78),T88),T77)),(T189,T195)),T15),T38),T117);
Score: 6.240481887e+10

real	1m5.099s
user	22m38.225s
sys	0m20.762s
