Iteration 1:
Accurate Species Tree EstimatoR from Independent Site Kernals
Version: v1.13.0.0
#Base: 648529716
#Species: 201
#Rounds: 1
#Samples: 0
#Threads: 64
Use two-step algorithm!
Guide Tree 0/27
#NNI moves:0/236
Guide Tree 1/27
#NNI moves:0/236
Guide Tree 2/27
#NNI moves:0/236
Guide Tree 3/27
#NNI moves:0/236
Guide Tree 4/27
#NNI moves:0/236
Guide Tree 5/27
#NNI moves:0/236
Guide Tree 6/27
#NNI moves:0/236
Guide Tree 7/27
#NNI moves:0/236
Guide Tree 8/27
#NNI moves:0/236
Guide Tree 9/27
#NNI moves:0/236
Guide Tree 10/27
#NNI moves:0/236
Guide Tree 11/27
#NNI moves:0/236
Guide Tree 12/27
#NNI moves:0/236
Guide Tree 13/27
#NNI moves:0/236
Guide Tree 14/27
#NNI moves:0/236
Guide Tree 15/27
#NNI moves:0/236
Guide Tree 16/27
#NNI moves:0/236
Guide Tree 17/27
#NNI moves:0/236
Guide Tree 18/27
#NNI moves:0/236
Guide Tree 19/27
#NNI moves:0/236
Guide Tree 20/27
#NNI moves:0/236
Guide Tree 21/27
#NNI moves:0/236
Guide Tree 22/27
#NNI moves:0/236
Guide Tree 23/27
#NNI moves:0/236
Guide Tree 24/27
#NNI moves:0/236
Guide Tree 25/27
#NNI moves:0/236
Guide Tree 26/27
#NNI moves:0/236
Remaining: 0
#NNI moves:6/236
#NNI moves:6/236
((((((((((((T94,((T139,T37),((T191,T11),T135))),((((T32,(T133,T23)),T126),T28),(((T16,T155),T49),T110))),(T26,T107)),((((T41,T98),((((T146,T73),(T167,T34)),((T169,T159),T161)),((((((T179,T156),T106),(T172,T168)),T122),(((T55,T87),T33),T9)),((T162,T165),T8)))),(((((T200,T119),T198),(T178,(T194,T1))),T66),T171)),((T57,T63),T31))),(((((T141,(T134,T103)),(T189,(T186,T180))),(((T104,T136),T173),T48)),T157),T19)),(((((((T105,T185),T6),T70),((((T45,T128),(T59,T166)),T151),T96)),(((((T192,((T116,T69),(T95,T115))),T77),T53),(T84,T15)),(T60,T112))),((((((T47,((T10,T153),((T143,T2),T92))),(T74,T114)),T184),(T150,T182)),T99),(T109,T199))),(((((T90,((T52,T29),T97)),T177),(T101,(T81,T58))),((((T7,T131),(T196,T181)),T188),T148)),T67))),(T56,((T111,T102),((T100,(T85,T164)),T163)))),(((((((((T82,(((T193,T108),T130),T4)),((T61,T35),T79)),T145),((T25,T117),(T86,T68))),T154),((((((T3,T91),T44),T124),(T144,(T93,(T21,T65)))),((T72,T170),(T17,T174))),(T46,(T80,T89)))),((T62,T18),((T54,T195),T149))),(T175,T38)),T0)),(((((T129,T158),(T147,T30)),((((T123,((T113,T138),T132)),(T12,T71)),(((T40,((T13,T22),T190)),T64),((T88,T36),T176))),(T14,T197))),(((((T42,(T5,T76)),(T39,T75)),T24),(T120,T127)),(T83,T20))),((((T137,T78),T183),(T125,(T118,(T160,T142)))),(T152,((T27,T51),T43))))),(T187,T50)),T140),T121);
Initial score: 3.20548e+10
Initial tree: ((((((((((((T94,((T139,T37),((T191,T11),T135))),((((T32,(T133,T23)),T126),T28),(((T16,T155),T49),T110))),(T26,T107)),((((T41,T98),((((T146,T73),(T167,T34)),((T169,T159),T161)),((((((T179,T156),T106),(T172,T168)),T122),(((T55,T87),T33),T9)),((T162,T165),T8)))),(((((T200,T119),T198),(T178,(T194,T1))),T66),T171)),((T57,T63),T31))),(((((T141,(T134,T103)),(T189,(T186,T180))),(((T104,T136),T173),T48)),T157),T19)),(((((((T105,T185),T6),T70),((((T45,T128),(T59,T166)),T151),T96)),(((((T192,((T116,T69),(T95,T115))),T77),T53),(T84,T15)),(T60,T112))),((((((T47,((T10,T153),((T143,T2),T92))),(T74,T114)),T184),(T150,T182)),T99),(T109,T199))),(((((T90,((T52,T29),T97)),T177),(T101,(T81,T58))),((((T7,T131),(T196,T181)),T188),T148)),T67))),(T56,((T111,T102),((T100,(T85,T164)),T163)))),(((((((((T82,(((T193,T108),T130),T4)),((T61,T35),T79)),T145),((T25,T117),(T86,T68))),T154),((((((T3,T91),T44),T124),(T144,(T93,(T21,T65)))),((T72,T170),(T17,T174))),(T46,(T80,T89)))),((T62,T18),((T54,T195),T149))),(T175,T38)),T0)),(((((T129,T158),(T147,T30)),((((T123,((T113,T138),T132)),(T12,T71)),(((T40,((T13,T22),T190)),T64),((T88,T36),T176))),(T14,T197))),(((((T42,(T5,T76)),(T39,T75)),T24),(T120,T127)),(T83,T20))),((((T137,T78),T183),(T125,(T118,(T160,T142)))),(T152,((T27,T51),T43))))),(T187,T50)),T140),T121);
*** Subsample Process ***
Current score: 3.20548e+10
Current tree: ((((((((((((T94,((T139,T37),((T191,T11),T135))),((((T32,(T133,T23)),T126),T28),(((T16,T155),T49),T110))),(T26,T107)),((((T41,T98),((((T146,T73),(T167,T34)),((T169,T159),T161)),((((((T179,T156),T106),(T172,T168)),T122),(((T55,T87),T33),T9)),((T162,T165),T8)))),(((((T200,T119),T198),(T178,(T194,T1))),T66),T171)),((T57,T63),T31))),(((((T141,(T134,T103)),(T189,(T186,T180))),(((T104,T136),T173),T48)),T157),T19)),(((((((T105,T185),T6),T70),((((T45,T128),(T59,T166)),T151),T96)),(((((T192,((T116,T69),(T95,T115))),T77),T53),(T84,T15)),(T60,T112))),((((((T47,((T10,T153),((T143,T2),T92))),(T74,T114)),T184),(T150,T182)),T99),(T109,T199))),(((((T90,((T52,T29),T97)),T177),(T101,(T81,T58))),((((T7,T131),(T196,T181)),T188),T148)),T67))),(T56,((T111,T102),((T100,(T85,T164)),T163)))),(((((((((T82,(((T193,T108),T130),T4)),((T61,T35),T79)),T145),((T25,T117),(T86,T68))),T154),((((((T3,T91),T44),T124),(T144,(T93,(T21,T65)))),((T72,T170),(T17,T174))),(T46,(T80,T89)))),((T62,T18),((T54,T195),T149))),(T175,T38)),T0)),(((((T129,T158),(T147,T30)),((((T123,((T113,T138),T132)),(T12,T71)),(((T40,((T13,T22),T190)),T64),((T88,T36),T176))),(T14,T197))),(((((T42,(T5,T76)),(T39,T75)),T24),(T120,T127)),(T83,T20))),((((T137,T78),T183),(T125,(T118,(T160,T142)))),(T152,((T27,T51),T43))))),(T187,T50)),T140),T121);
Final Tree: ((((((((((((T94,((T139,T37),((T191,T11),T135))),((((T32,(T133,T23)),T126),T28),(((T16,T155),T49),T110))),(T26,T107)),((((T41,T98),((((T146,T73),(T167,T34)),((T169,T159),T161)),((((((T179,T156),T106),(T172,T168)),T122),(((T55,T87),T33),T9)),((T162,T165),T8)))),(((((T200,T119),T198),(T178,(T194,T1))),T66),T171)),((T57,T63),T31))),(((((T141,(T134,T103)),(T189,(T186,T180))),(((T104,T136),T173),T48)),T157),T19)),(((((((T105,T185),T6),T70),((((T45,T128),(T59,T166)),T151),T96)),(((((T192,((T116,T69),(T95,T115))),T77),T53),(T84,T15)),(T60,T112))),((((((T47,((T10,T153),((T143,T2),T92))),(T74,T114)),T184),(T150,T182)),T99),(T109,T199))),(((((T90,((T52,T29),T97)),T177),(T101,(T81,T58))),((((T7,T131),(T196,T181)),T188),T148)),T67))),(T56,((T111,T102),((T100,(T85,T164)),T163)))),(((((((((T82,(((T193,T108),T130),T4)),((T61,T35),T79)),T145),((T25,T117),(T86,T68))),T154),((((((T3,T91),T44),T124),(T144,(T93,(T21,T65)))),((T72,T170),(T17,T174))),(T46,(T80,T89)))),((T62,T18),((T54,T195),T149))),(T175,T38)),T0)),(((((T129,T158),(T147,T30)),((((T123,((T113,T138),T132)),(T12,T71)),(((T40,((T13,T22),T190)),T64),((T88,T36),T176))),(T14,T197))),(((((T42,(T5,T76)),(T39,T75)),T24),(T120,T127)),(T83,T20))),((((T137,T78),T183),(T125,(T118,(T160,T142)))),(T152,((T27,T51),T43))))),(T187,T50)),T140),T121);
Score: 3.20548e+10

real	7m0.433s
user	333m46.409s
sys	0m24.679s
