
RAxML-NG v. 1.1.0-master released on 04.08.2022 by The Exelixis Lab.
Developed by: Alexey M. Kozlov and Alexandros Stamatakis.
Contributors: Diego Darriba, Tomas Flouri, Benoit Morel, Sarah Lutteropp, Ben Bettisworth.
Latest version: https://github.com/amkozlov/raxml-ng
Questions/problems/suggestions? Please visit: https://groups.google.com/forum/#!forum/raxml

System: AMD EPYC 7742 64-Core Processor, 128 cores, 251 GB RAM

RAxML-NG was called at 26-Dec-2022 16:51:16 as follows:

/home/chaos/programs/raxml-ng/raxml-ng/bin/raxml-ng --msa data/alignment/9_1X_S201_0_haploid --tree pars{1} --model GTR+G --threads 64

Analysis options:
  run mode: ML tree search
  start tree(s): parsimony (1)
  random seed: 1672102276
  tip-inner: OFF
  pattern compression: ON
  per-rate scalers: OFF
  site repeats: ON
  fast spr radius: AUTO
  spr subtree cutoff: 1.000000
  branch lengths: proportional (ML estimate, algorithm: NR-FAST)
  SIMD kernels: AVX2
  parallelization: coarse-grained (auto), PTHREADS (64 threads), thread pinning: OFF

[00:00:00] Reading alignment from file: data/alignment/9_1X_S201_0_haploid
[00:00:03] Loaded alignment with 201 taxa and 5000000 sites

Alignment comprises 1 partitions and 2957095 patterns

Partition 0: noname
Model: GTR+FO+G4m
Alignment sites / patterns: 5000000 / 2957095
Gaps: 0.00 %
Invariant sites: 21.47 %


NOTE: Binary MSA file created: data/alignment/9_1X_S201_0_haploid.raxml.rba

Parallelization scheme autoconfig: 1 worker(s) x 64 thread(s)

Parallel reduction/worker buffer size: 1 KB  / 0 KB

[00:00:22] Generating 1 parsimony starting tree(s) with 201 taxa
[00:00:44] Data distribution: max. partitions/sites/weight per thread: 1 / 46205 / 739280
[00:00:44] Data distribution: max. searches per worker: 1

Starting ML tree search with 1 distinct starting trees

[00:00:45 -151986616.025182] Initial branch length optimization
[00:02:04 -133476053.407867] Model parameter optimization (eps = 10.000000)
[00:06:28 -128710474.459526] AUTODETECT spr round 1 (radius: 5)
[00:11:34 -128667877.642391] AUTODETECT spr round 2 (radius: 10)
[00:26:45 -128667877.618761] SPR radius for FAST iterations: 5 (autodetect)
[00:26:45 -128667877.618761] Model parameter optimization (eps = 3.000000)
[00:27:01 -128667874.899978] FAST spr round 1 (radius: 5)
[00:34:51 -128665876.095881] FAST spr round 2 (radius: 5)
[00:42:47 -128665281.337431] FAST spr round 3 (radius: 5)
[00:50:58 -128664730.060609] FAST spr round 4 (radius: 5)
[00:59:15 -128662982.265556] FAST spr round 5 (radius: 5)
[01:08:02 -128662310.025038] FAST spr round 6 (radius: 5)
[01:16:59 -128661792.596682] FAST spr round 7 (radius: 5)
[01:26:14 -128661792.596648] Model parameter optimization (eps = 1.000000)
[01:26:47 -128661790.926392] SLOW spr round 1 (radius: 5)
[01:52:37 -128661790.921290] SLOW spr round 2 (radius: 10)
[02:19:16 -128661790.920902] SLOW spr round 3 (radius: 15)
[03:08:26 -128661790.920773] SLOW spr round 4 (radius: 20)
[03:50:01 -128661790.920707] SLOW spr round 5 (radius: 25)
[04:04:52 -128661790.920677] Model parameter optimization (eps = 0.100000)

[04:05:55] ML tree search #1, logLikelihood: -128661790.275543


Optimized model parameters:

   Partition 0: noname
   Rate heterogeneity: GAMMA (4 cats, mean),  alpha: 0.813871 (ML),  weights&rates: (0.250000,0.098507) (0.250000,0.412659) (0.250000,0.960725) (0.250000,2.528109) 
   Base frequencies (ML): 0.225187 0.260997 0.244129 0.269688 
   Substitution rates (ML): 1.892950 5.152634 1.118500 2.042521 5.974088 1.000000 


Final LogLikelihood: -128661790.275543

AIC score: 257324396.551087 / AICc score: 257324396.617841 / BIC score: 257329873.930063
Free parameters (model + branch lengths): 408

Best ML tree saved to: /expanse/lustre/projects/uot138/chaos/ASTERISK-sim/data/alignment/9_1X_S201_0_haploid.raxml.bestTree
Optimized model saved to: /expanse/lustre/projects/uot138/chaos/ASTERISK-sim/data/alignment/9_1X_S201_0_haploid.raxml.bestModel

Execution log saved to: /expanse/lustre/projects/uot138/chaos/ASTERISK-sim/data/alignment/9_1X_S201_0_haploid.raxml.log

Analysis started: 26-Dec-2022 16:51:16 / finished: 26-Dec-2022 20:57:12

Elapsed time: 14756.258 seconds

Consumed energy: 1672.228 Wh (= 8 km in an electric car, or 42 km with an e-scooter!)

