Weighted ASTRAL - Hybrid
Version: v1.13.2.3
#Genetrees: 2000
#Species: 201
#Rounds: 4
#Samples: 4
#Threads: 32
Use two-step algorithm!
Guide Tree 0/27
#NNI moves:0/236
Guide Tree 1/27
#NNI moves:0/236
Guide Tree 2/27
#NNI moves:0/236
Guide Tree 3/27
#NNI moves:0/236
Guide Tree 4/27
#NNI moves:0/236
Guide Tree 5/27
#NNI moves:0/236
Guide Tree 6/27
#NNI moves:0/236
Guide Tree 7/27
#NNI moves:0/236
Guide Tree 8/27
#NNI moves:0/236
Guide Tree 9/27
#NNI moves:0/236
Guide Tree 10/27
#NNI moves:0/236
Guide Tree 11/27
#NNI moves:0/236
Guide Tree 12/27
#NNI moves:0/236
Guide Tree 13/27
#NNI moves:0/236
Guide Tree 14/27
#NNI moves:0/236
Guide Tree 15/27
#NNI moves:0/236
Guide Tree 16/27
#NNI moves:0/236
Guide Tree 17/27
#NNI moves:0/236
Guide Tree 18/27
#NNI moves:0/236
Guide Tree 19/27
#NNI moves:0/236
Guide Tree 20/27
#NNI moves:0/236
Guide Tree 21/27
#NNI moves:0/236
Guide Tree 22/27
#NNI moves:0/236
Guide Tree 23/27
#NNI moves:0/236
Guide Tree 24/27
#NNI moves:0/236
Guide Tree 25/27
#NNI moves:0/236
Guide Tree 26/27
#NNI moves:0/236
Remaining: 0
#NNI moves:1/236
#NNI moves:1/236
(((((((((((((((((T23,T133),T32),T126),T28),((T49,(T16,T155)),T110)),((((T191,T11),(T139,T37)),T135),T94)),(T26,T107)),(((((((T165,T162),T8),((T122,(((T179,T156),T106),(T172,T168))),(((T87,T55),T33),T9))),((((T34,T167),(T146,T73)),T161),(T169,T159))),(T98,T41)),((T66,(((T1,T194),T178),(T198,(T119,T200)))),T171)),((T57,T63),T31))),(((((T189,(T186,T180)),((T103,T134),T141)),(T48,(T173,(T136,T104)))),T157),T19)),(((((T177,(T90,((T52,T29),T97))),(T101,(T81,T58))),((((T131,T7),(T181,T196)),T188),T148)),T67),(((((T184,((T114,T74),((((T2,T143),T92),(T153,T10)),T47))),(T182,T150)),T99),(T109,T199)),(((T112,T60),((((((T69,T116),(T115,T95)),T192),T77),T53),(T84,T15))),(((((T166,T59),(T45,T128)),T151),T96),((T6,(T185,T105)),T70)))))),(((((T85,T164),T100),T163),(T102,T111)),T56)),(((((((T25,T117),(T68,T86)),(((T79,(T35,T61)),((T4,((T193,T108),T130)),T82)),T145)),T154),((((T170,T72),(T174,T17)),(T46,(T80,T89))),((T144,((T21,T65),T93)),(((T3,T91),T44),T124)))),((T18,T62),((T195,T54),T149))),(T38,T175))),T0),((((T83,T20),((T127,T120),(((T39,T75),((T76,T5),T42)),T24))),((((((T12,T71),(((T113,T138),T132),T123)),((T40,((T22,T13),T190)),T64)),((T88,T36),T176)),(T14,T197)),((T129,T158),(T147,T30)))),((((T137,T78),T183),(((T142,T160),T118),T125)),(T152,(T43,(T27,T51)))))),(T187,T50)),T140),T121);
Guide Tree 0/27
#NNI moves:0/236
Guide Tree 1/27
#NNI moves:0/236
Guide Tree 2/27
#NNI moves:0/236
Guide Tree 3/27
#NNI moves:0/236
Guide Tree 4/27
#NNI moves:0/236
Guide Tree 5/27
#NNI moves:0/236
Guide Tree 6/27
#NNI moves:0/236
Guide Tree 7/27
#NNI moves:0/236
Guide Tree 8/27
#NNI moves:0/236
Guide Tree 9/27
#NNI moves:0/236
Guide Tree 10/27
#NNI moves:0/236
Guide Tree 11/27
#NNI moves:0/236
Guide Tree 12/27
#NNI moves:0/236
Guide Tree 13/27
#NNI moves:0/236
Guide Tree 14/27
#NNI moves:0/236
Guide Tree 15/27
#NNI moves:0/236
Guide Tree 16/27
#NNI moves:0/236
Guide Tree 17/27
#NNI moves:0/236
Guide Tree 18/27
#NNI moves:0/236
Guide Tree 19/27
#NNI moves:0/236
Guide Tree 20/27
#NNI moves:0/236
Guide Tree 21/27
#NNI moves:0/236
Guide Tree 22/27
#NNI moves:0/236
Guide Tree 23/27
#NNI moves:0/236
Guide Tree 24/27
#NNI moves:0/236
Guide Tree 25/27
#NNI moves:0/236
Guide Tree 26/27
#NNI moves:0/236
Remaining: 0
#NNI moves:6/236
#NNI moves:6/236
((((((((((((((((T161,((T73,T146),(T167,T34))),(T169,T159)),((((((T156,T179),T106),(T172,T168)),T122),(((T87,T55),T33),T9)),(T8,(T165,T162)))),(T98,T41)),(((((T200,T119),T198),(T178,(T194,T1))),T66),T171)),((T63,T57),T31)),(((((((T23,T133),T32),T126),T28),(T110,((T155,T16),T49))),((((T191,T11),(T139,T37)),T135),T94)),(T26,T107))),((((((T180,T186),T189),((T103,T134),T141)),(T48,((T104,T136),T173))),T157),T19)),(((((((T77,(((T116,T69),(T115,T95)),T192)),T53),(T84,T15)),(T112,T60)),(((((T128,T45),(T59,T166)),T151),T96),((T6,(T185,T105)),T70))),((((T182,T150),((((((T2,T143),T92),(T10,T153)),T47),(T74,T114)),T184)),T99),(T109,T199))),(((((((T52,T29),T97),T90),T177),((T81,T58),T101)),((((T131,T7),(T181,T196)),T188),T148)),T67))),(((T111,T102),(((T85,T164),T100),T163)),T56)),(((((((((((T108,T193),T130),T4),T82),((T35,T61),T79)),T145),((T68,T86),(T117,T25))),T154),(((T144,((T65,T21),T93)),(((T91,T3),T44),T124)),(((T72,T170),(T17,T174)),(T46,(T80,T89))))),((T62,T18),((T54,T195),T149))),(T38,T175))),T0),(((((T14,T197),((((T12,T71),((T132,(T138,T113)),T123)),((((T22,T13),T190),T40),T64)),((T36,T88),T176))),((T30,T147),(T129,T158))),(((T24,((T39,T75),((T5,T76),T42))),(T127,T120)),(T20,T83))),((((T137,T78),T183),(T125,((T142,T160),T118))),(((T27,T51),T43),T152)))),(T187,T50)),T140),T121);
Guide Tree 0/27
#NNI moves:0/236
Guide Tree 1/27
#NNI moves:0/236
Guide Tree 2/27
#NNI moves:0/236
Guide Tree 3/27
#NNI moves:0/236
Guide Tree 4/27
#NNI moves:0/236
Guide Tree 5/27
#NNI moves:0/236
Guide Tree 6/27
#NNI moves:0/236
Guide Tree 7/27
#NNI moves:0/236
Guide Tree 8/27
#NNI moves:0/236
Guide Tree 9/27
#NNI moves:0/236
Guide Tree 10/27
#NNI moves:0/236
Guide Tree 11/27
#NNI moves:1/236
Guide Tree 12/27
#NNI moves:0/236
Guide Tree 13/27
#NNI moves:0/236
Guide Tree 14/27
#NNI moves:0/236
Guide Tree 15/27
#NNI moves:0/236
Guide Tree 16/27
#NNI moves:0/236
Guide Tree 17/27
#NNI moves:0/236
Guide Tree 18/27
#NNI moves:0/236
Guide Tree 19/27
#NNI moves:0/236
Guide Tree 20/27
#NNI moves:0/236
Guide Tree 21/27
#NNI moves:0/236
Guide Tree 22/27
#NNI moves:0/236
Guide Tree 23/27
#NNI moves:0/236
Guide Tree 24/27
#NNI moves:0/236
Guide Tree 25/27
#NNI moves:0/236
Guide Tree 26/27
#NNI moves:0/236
Remaining: 0
#NNI moves:2/236
#NNI moves:2/236
(((((((((((((((((((T168,T172),((T179,T156),T106)),T122),(((T55,T87),T33),T9)),((T162,T165),T8)),((((T146,T73),(T167,T34)),T161),(T159,T169))),(T98,T41)),(T171,(T66,(((T119,T200),T198),((T194,T1),T178))))),(T31,(T63,T57))),((T26,T107),((((T126,(T32,(T133,T23))),T28),(((T155,T16),T49),T110)),(T94,(((T191,T11),(T139,T37)),T135))))),((((((T103,T134),T141),((T180,T186),T189)),((T173,(T104,T136)),T48)),T157),T19)),(((((((((((T143,T2),T92),(T153,T10)),T47),(T74,T114)),T184),(T182,T150)),T99),(T199,T109)),((((((((T116,T69),(T95,T115)),T192),T77),T53),(T15,T84)),(T60,T112)),(((((T59,T166),(T45,T128)),T151),T96),((T6,(T185,T105)),T70)))),((((((T131,T7),(T181,T196)),T188),T148),(((T58,T81),T101),(((T97,(T52,T29)),T90),T177))),T67))),(((T163,(T100,(T85,T164))),(T111,T102)),T56)),(((((((((T4,(T130,(T108,T193))),T82),((T35,T61),T79)),T145),((T117,T25),(T68,T86))),T154),((((T93,(T65,T21)),T144),(((T3,T91),T44),T124)),(((T174,T17),(T72,T170)),(T46,(T80,T89))))),(((T195,T54),T149),(T62,T18))),(T38,T175))),T0),(((((((((T190,(T22,T13)),T40),T64),((T71,T12),(((T138,T113),T132),T123))),((T36,T88),T176)),(T197,T14)),((T129,T158),(T30,T147))),((T83,T20),((T24,((T75,T39),((T76,T5),T42))),(T127,T120)))),(((((T160,T142),T118),T125),((T137,T78),T183)),(T152,(T43,(T27,T51)))))),(T187,T50)),T140),T121);
Guide Tree 0/27
#NNI moves:0/236
Guide Tree 1/27
#NNI moves:0/236
Guide Tree 2/27
#NNI moves:0/236
Guide Tree 3/27
#NNI moves:0/236
Guide Tree 4/27
#NNI moves:0/236
Guide Tree 5/27
#NNI moves:0/236
Guide Tree 6/27
#NNI moves:0/236
Guide Tree 7/27
#NNI moves:0/236
Guide Tree 8/27
#NNI moves:0/236
Guide Tree 9/27
#NNI moves:0/236
Guide Tree 10/27
#NNI moves:0/236
Guide Tree 11/27
#NNI moves:0/236
Guide Tree 12/27
#NNI moves:0/236
Guide Tree 13/27
#NNI moves:0/236
Guide Tree 14/27
#NNI moves:0/236
Guide Tree 15/27
#NNI moves:0/236
Guide Tree 16/27
#NNI moves:0/236
Guide Tree 17/27
#NNI moves:0/236
Guide Tree 18/27
#NNI moves:0/236
Guide Tree 19/27
#NNI moves:0/236
Guide Tree 20/27
#NNI moves:0/236
Guide Tree 21/27
#NNI moves:0/236
Guide Tree 22/27
#NNI moves:0/236
Guide Tree 23/27
#NNI moves:0/236
Guide Tree 24/27
#NNI moves:0/236
Guide Tree 25/27
#NNI moves:0/236
Guide Tree 26/27
#NNI moves:0/236
Remaining: 0
#NNI moves:1/236
#NNI moves:1/236
((((((((((((((((T11,T191),(T139,T37)),T135),T94),((((T16,T155),T49),T110),((T126,((T133,T23),T32)),T28))),(T26,T107)),(((((((T200,T119),T198),((T1,T194),T178)),T66),T171),(((((((T168,T172),(T106,(T179,T156))),T122),(((T87,T55),T33),T9)),(T8,(T162,T165))),((((T146,T73),(T167,T34)),T161),(T159,T169))),(T98,T41))),((T63,T57),T31))),((((((T104,T136),T173),T48),(((T186,T180),T189),((T103,T134),T141))),T157),T19)),(((((((T181,T196),(T7,T131)),T188),T148),(((T90,((T52,T29),T97)),T177),((T58,T81),T101))),T67),(((((((T128,T45),(T166,T59)),T151),T96),(((T185,T105),T6),T70)),(((T53,((((T116,T69),(T95,T115)),T192),T77)),(T84,T15)),(T60,T112))),((T199,T109),(T99,((T184,(((((T2,T143),T92),(T10,T153)),T47),(T74,T114))),(T150,T182))))))),(((((T85,T164),T100),T163),(T102,T111)),T56)),(((((((((((T193,T108),T130),T4),T82),(T79,(T35,T61))),T145),((T117,T25),(T86,T68))),T154),(((((T21,T65),T93),T144),(T124,(T44,(T91,T3)))),(((T17,T174),(T72,T170)),((T89,T80),T46)))),((T18,T62),((T54,T195),T149))),(T38,T175))),T0),((((((T176,(T36,T88)),(((T12,T71),(T123,((T138,T113),T132))),((((T13,T22),T190),T40),T64))),(T14,T197)),((T129,T158),(T147,T30))),(((((T75,T39),((T76,T5),T42)),T24),(T120,T127)),(T20,T83))),(((T125,((T142,T160),T118)),((T78,T137),T183)),(T152,((T27,T51),T43))))),(T50,T187)),T140),T121);
Initial score: 5.7485e+10
Initial tree: ((((((((((((((((T11,T191),(T139,T37)),T135),T94),((((T16,T155),T49),T110),((T126,((T133,T23),T32)),T28))),(T26,T107)),(((((((T200,T119),T198),((T1,T194),T178)),T66),T171),(((((((T168,T172),(T106,(T179,T156))),T122),(((T87,T55),T33),T9)),(T8,(T162,T165))),((((T146,T73),(T167,T34)),T161),(T159,T169))),(T98,T41))),((T63,T57),T31))),((((((T104,T136),T173),T48),(((T186,T180),T189),((T103,T134),T141))),T157),T19)),(((((((T181,T196),(T7,T131)),T188),T148),(((T90,((T52,T29),T97)),T177),((T58,T81),T101))),T67),(((((((T128,T45),(T166,T59)),T151),T96),(((T185,T105),T6),T70)),(((T53,((((T116,T69),(T95,T115)),T192),T77)),(T84,T15)),(T60,T112))),((T199,T109),(T99,((T184,(((((T2,T143),T92),(T10,T153)),T47),(T74,T114))),(T150,T182))))))),(((((T85,T164),T100),T163),(T102,T111)),T56)),(((((((((((T193,T108),T130),T4),T82),(T79,(T35,T61))),T145),((T117,T25),(T86,T68))),T154),(((((T21,T65),T93),T144),(T124,(T44,(T91,T3)))),(((T17,T174),(T72,T170)),((T89,T80),T46)))),((T18,T62),((T54,T195),T149))),(T38,T175))),T0),((((((T176,(T36,T88)),(((T12,T71),(T123,((T138,T113),T132))),((((T13,T22),T190),T40),T64))),(T14,T197)),((T129,T158),(T147,T30))),(((((T75,T39),((T76,T5),T42)),T24),(T120,T127)),(T20,T83))),(((T125,((T142,T160),T118)),((T78,T137),T183)),(T152,((T27,T51),T43))))),(T50,T187)),T140),T121);
*** Subsample Process ***
Use two-step algorithm!
#NNI moves:1/236
Remaining: 0
#NNI moves:2/236
#NNI moves:2/236
((((((((((((((((((((T79,(T35,T61)),((T4,((T108,T193),T130)),T82)),T145),((T68,T86),(T117,T25))),T154),((((T17,T174),(T170,T72)),(T46,(T89,T80))),((((T91,T3),T44),T124),(((T21,T65),T93),T144)))),((T62,T18),(T149,(T54,T195)))),(T175,T38)),(((((((((((T190,(T22,T13)),T40),T64),((T71,T12),(T123,(T132,(T138,T113))))),((T88,T36),T176)),(T197,T14)),((T30,T147),(T158,T129))),((T83,T20),((((T42,(T5,T76)),(T75,T39)),T24),(T127,T120)))),(((T125,((T142,T160),T118)),((T78,T137),T183)),((T43,(T51,T27)),T152))),((T140,T121),(T50,T187))),T0)),(((((T85,T164),T100),T163),(T102,T111)),T56)),((((((((T59,T166),(T128,T45)),T151),T96),((T6,(T105,T185)),T70)),(((((T192,((T116,T69),(T95,T115))),T77),T53),(T84,T15)),(T112,T60))),((T109,T199),(((T182,T150),((((((T2,T143),T92),(T10,T153)),T47),(T114,T74)),T184)),T99))),((((((T181,T196),(T7,T131)),T188),T148),(((((T52,T29),T97),T90),T177),(T101,(T58,T81)))),T67))),((((((T104,T136),T173),T48),(((T103,T134),T141),((T180,T186),T189))),T157),T19)),((((((((((T179,T156),T106),(T172,T168)),T122),(((T87,T55),T33),T9)),((T165,T162),T8)),((T161,((T146,T73),(T167,T34))),(T159,T169))),(T98,T41)),(((((T1,T194),T178),((T200,T119),T198)),T66),T171)),((T63,T57),T31))),(T26,T107)),((T135,((T11,T191),(T139,T37))),T94)),(T28,(((T133,T23),T32),T126))),T110),T49),T155),T16);
#NNI moves:0/236
Remaining: 1
#NNI moves:1/236
#NNI moves:1/236
(((((((((((((((((((T55,T87),T33),T9),((((T179,T156),T106),(T168,T172)),T122)),((T165,T162),T8)),((((T146,T73),(T34,T167)),T161),(T159,T169))),(T98,T41)),((((T178,(T1,T194)),(T198,(T200,T119))),T66),T171)),(T31,(T57,T63))),((((T135,((T37,T139),(T11,T191))),T94),((((T32,(T133,T23)),T126),T28),(((T16,T155),T49),T110))),(T107,T26))),((((((T136,T104),T173),T48),((T189,(T180,T186)),(T141,(T103,T134)))),T157),T19)),((((((T84,T15),(((((T69,T116),(T95,T115)),T192),T77),T53)),(T112,T60)),(((((T166,T59),(T128,T45)),T151),T96),(T70,(T6,(T185,T105))))),((((((T47,((T92,(T143,T2)),(T153,T10))),(T114,T74)),T184),(T182,T150)),T99),(T199,T109))),((((((T7,T131),(T196,T181)),T188),T148),(((((T52,T29),T97),T90),T177),(T101,(T81,T58)))),T67))),(T56,((T111,T102),(T163,((T85,T164),T100))))),(((((((T25,T117),(T86,T68)),(((((T130,(T108,T193)),T4),T82),((T61,T35),T79)),T145)),T154),(((T46,(T80,T89)),((T72,T170),(T174,T17))),((T144,(T93,(T21,T65))),(((T91,T3),T44),T124)))),((T149,(T195,T54)),(T18,T62))),(T38,T175))),T0),((((((((((T13,T22),T190),T40),T64),((T123,(T132,(T138,T113))),(T12,T71))),(T176,(T36,T88))),(T197,T14)),((T158,T129),(T30,T147))),(((T127,T120),(((T39,T75),(T42,(T5,T76))),T24)),(T20,T83))),((((T51,T27),T43),T152),((T125,(T118,(T142,T160))),(T183,(T137,T78)))))),(T50,T187)),T121),T140);
#NNI moves:0/236
Remaining: 0
#NNI moves:2/236
#NNI moves:2/236
((((((((((((((((((((((((((T138,T113),T132),T123),(T12,T71)),((((T13,T22),T190),T40),T64)),((T36,T88),T176)),(T14,T197)),((T30,T147),(T129,T158))),(((T120,T127),(((T39,T75),((T5,T76),T42)),T24)),(T83,T20))),(((((T142,T160),T118),T125),(T183,(T78,T137))),(T152,((T51,T27),T43)))),((T187,T50),(T121,T140))),T0),((((((((((T130,(T108,T193)),T4),T82),(T79,(T35,T61))),T145),((T25,T117),(T68,T86))),T154),((((T17,T174),(T170,T72)),((T89,T80),T46)),((T144,((T65,T21),T93)),(((T3,T91),T44),T124)))),(((T54,T195),T149),(T62,T18))),(T38,T175))),(((T163,(T100,(T164,T85))),(T111,T102)),T56)),((((((T15,T84),((T77,(T192,((T69,T116),(T115,T95)))),T53)),(T60,T112)),(((((T128,T45),(T59,T166)),T151),T96),(T70,((T105,T185),T6)))),((((T150,T182),(((((T92,(T143,T2)),(T153,T10)),T47),(T114,T74)),T184)),T99),(T109,T199))),((((T177,(((T52,T29),T97),T90)),(T101,(T81,T58))),((((T131,T7),(T196,T181)),T188),T148)),T67))),((((T48,(T173,(T136,T104))),((T141,(T103,T134)),(T189,(T180,T186)))),T157),T19)),(((((((T133,T23),T32),T126),T28),((T49,(T155,T16)),T110)),((T135,((T11,T191),(T37,T139))),T94)),(T107,T26))),((T57,T63),T31)),((((T178,(T194,T1)),(T198,(T119,T200))),T66),T171)),(T41,T98)),(((((T106,(T179,T156)),(T172,T168)),T122),(T9,(T33,(T87,T55)))),((T165,T162),T8))),(T169,T159)),T161),(T73,T146)),T34),T167);
#NNI moves:0/236
Remaining: 0
#NNI moves:3/236
#NNI moves:3/236
(((((((((((((((((((T106,(T179,T156)),(T168,T172)),T122),((T33,(T55,T87)),T9)),((T165,T162),T8)),((T159,T169),(((T73,T146),(T167,T34)),T161))),(T41,T98)),(((((T200,T119),T198),((T194,T1),T178)),T66),T171)),((T63,T57),T31)),((T26,T107),(((((T191,T11),(T139,T37)),T135),T94),((((T32,(T133,T23)),T126),T28),(((T155,T16),T49),T110))))),((T157,((((T136,T104),T173),T48),(((T180,T186),T189),((T134,T103),T141)))),T19)),((((((((((T115,T95),(T69,T116)),T192),T77),T53),(T84,T15)),(T112,T60)),(((((T128,T45),(T166,T59)),T151),T96),(((T105,T185),T6),T70))),((((T150,T182),((((((T2,T143),T92),(T153,T10)),T47),(T74,T114)),T184)),T99),(T199,T109))),((((T101,(T81,T58)),((((T29,T52),T97),T90),T177)),(T148,(((T196,T181),(T131,T7)),T188))),T67))),(((T163,((T164,T85),T100)),(T111,T102)),T56)),((((((T144,((T21,T65),T93)),(((T91,T3),T44),T124)),(((T72,T170),(T17,T174)),((T80,T89),T46))),(((((((T130,(T108,T193)),T4),T82),((T35,T61),T79)),T145),((T68,T86),(T25,T117))),T154)),(((T195,T54),T149),(T18,T62))),(T38,T175))),T0),(((((T51,T27),T43),T152),((T183,(T137,T78)),(T125,(T118,(T142,T160))))),((((((T36,T88),T176),(((T40,((T13,T22),T190)),T64),((((T113,T138),T132),T123),(T12,T71)))),(T197,T14)),((T129,T158),(T30,T147))),((((((T5,T76),T42),(T75,T39)),T24),(T120,T127)),(T83,T20))))),(T50,T187)),T121),T140);
Current score: 5.7485e+10
Current tree: (((((((((((((((((((T106,(T179,T156)),(T168,T172)),T122),((T33,(T55,T87)),T9)),((T165,T162),T8)),((T159,T169),(((T73,T146),(T167,T34)),T161))),(T41,T98)),(((((T200,T119),T198),((T194,T1),T178)),T66),T171)),((T63,T57),T31)),((T26,T107),(((((T191,T11),(T139,T37)),T135),T94),((((T32,(T133,T23)),T126),T28),(((T155,T16),T49),T110))))),((T157,((((T136,T104),T173),T48),(((T180,T186),T189),((T134,T103),T141)))),T19)),((((((((((T115,T95),(T69,T116)),T192),T77),T53),(T84,T15)),(T112,T60)),(((((T128,T45),(T166,T59)),T151),T96),(((T105,T185),T6),T70))),((((T150,T182),((((((T2,T143),T92),(T153,T10)),T47),(T74,T114)),T184)),T99),(T199,T109))),((((T101,(T81,T58)),((((T29,T52),T97),T90),T177)),(T148,(((T196,T181),(T131,T7)),T188))),T67))),(((T163,((T164,T85),T100)),(T111,T102)),T56)),((((((T144,((T21,T65),T93)),(((T91,T3),T44),T124)),(((T72,T170),(T17,T174)),((T80,T89),T46))),(((((((T130,(T108,T193)),T4),T82),((T35,T61),T79)),T145),((T68,T86),(T25,T117))),T154)),(((T195,T54),T149),(T18,T62))),(T38,T175))),T0),(((((T51,T27),T43),T152),((T183,(T137,T78)),(T125,(T118,(T142,T160))))),((((((T36,T88),T176),(((T40,((T13,T22),T190)),T64),((((T113,T138),T132),T123),(T12,T71)))),(T197,T14)),((T129,T158),(T30,T147))),((((((T5,T76),T42),(T75,T39)),T24),(T120,T127)),(T83,T20))))),(T50,T187)),T140),T121);
Final Tree: (((((((((((((((((((T106,(T179,T156)),(T168,T172)),T122),((T33,(T55,T87)),T9)),((T165,T162),T8)),((T159,T169),(((T73,T146),(T167,T34)),T161))),(T41,T98)),(((((T200,T119),T198),((T194,T1),T178)),T66),T171)),((T63,T57),T31)),((T26,T107),(((((T191,T11),(T139,T37)),T135),T94),((((T32,(T133,T23)),T126),T28),(((T155,T16),T49),T110))))),((T157,((((T136,T104),T173),T48),(((T180,T186),T189),((T134,T103),T141)))),T19)),((((((((((T115,T95),(T69,T116)),T192),T77),T53),(T84,T15)),(T112,T60)),(((((T128,T45),(T166,T59)),T151),T96),(((T105,T185),T6),T70))),((((T150,T182),((((((T2,T143),T92),(T153,T10)),T47),(T74,T114)),T184)),T99),(T199,T109))),((((T101,(T81,T58)),((((T29,T52),T97),T90),T177)),(T148,(((T196,T181),(T131,T7)),T188))),T67))),(((T163,((T164,T85),T100)),(T111,T102)),T56)),((((((T144,((T21,T65),T93)),(((T91,T3),T44),T124)),(((T72,T170),(T17,T174)),((T80,T89),T46))),(((((((T130,(T108,T193)),T4),T82),((T35,T61),T79)),T145),((T68,T86),(T25,T117))),T154)),(((T195,T54),T149),(T18,T62))),(T38,T175))),T0),(((((T51,T27),T43),T152),((T183,(T137,T78)),(T125,(T118,(T142,T160))))),((((((T36,T88),T176),(((T40,((T13,T22),T190)),T64),((((T113,T138),T132),T123),(T12,T71)))),(T197,T14)),((T129,T158),(T30,T147))),((((((T5,T76),T42),(T75,T39)),T24),(T120,T127)),(T83,T20))))),(T50,T187)),T140),T121);
Score: 5.748496406e+10

real	1m24.908s
user	23m8.960s
sys	0m18.508s
