Weighted ASTRAL - Hybrid
Version: v1.13.2.3
#Genetrees: 2000
#Species: 201
#Rounds: 4
#Samples: 4
#Threads: 32
Use two-step algorithm!
Guide Tree 0/27
#NNI moves:3/236
Guide Tree 1/27
#NNI moves:3/236
Guide Tree 2/27
#NNI moves:3/236
Guide Tree 3/27
#NNI moves:0/236
Guide Tree 4/27
#NNI moves:5/236
Guide Tree 5/27
#NNI moves:0/236
Guide Tree 6/27
#NNI moves:0/236
Guide Tree 7/27
#NNI moves:4/236
Guide Tree 8/27
#NNI moves:3/236
Guide Tree 9/27
#NNI moves:1/236
Guide Tree 10/27
#NNI moves:2/236
Guide Tree 11/27
#NNI moves:6/236
Guide Tree 12/27
#NNI moves:3/236
Guide Tree 13/27
#NNI moves:3/236
Guide Tree 14/27
#NNI moves:0/236
Guide Tree 15/27
#NNI moves:2/236
Guide Tree 16/27
#NNI moves:2/236
Guide Tree 17/27
#NNI moves:0/236
Guide Tree 18/27
#NNI moves:0/236
Guide Tree 19/27
#NNI moves:3/236
Guide Tree 20/27
#NNI moves:2/236
Guide Tree 21/27
#NNI moves:3/236
Guide Tree 22/27
#NNI moves:1/236
Guide Tree 23/27
#NNI moves:0/236
Guide Tree 24/27
#NNI moves:3/236
Guide Tree 25/27
#NNI moves:3/236
Guide Tree 26/27
#NNI moves:0/236
Remaining: 3
#NNI moves:10/236
#NNI moves:10/236
((((((((((((((((T149,T135),T78),T39),T95),(T164,T162)),T20),(((T5,T163),T9),((T50,T14),T148))),(((((((T23,T199),T171),((T86,T16),T91)),(T138,T24)),T157),(((T115,T152),T118),(T130,T17))),(T121,T173))),(((((T6,T79),((T52,T11),T38)),(T29,T181)),((T15,(T75,T194)),(T89,T31))),((T143,T167),T59))),((((((T178,(T128,T82)),(T170,T19)),T150),(T110,T179)),(((T134,T116),T155),((((T18,(T160,T63)),(T200,T94)),((T26,T1),T189)),((T174,T166),T137)))),T40)),T0),((T168,T41),(T124,T84))),((((((((T88,T49),(T145,T61)),((T136,T188),(T46,T151))),(T12,T172)),((((((T183,T169),T133),T76),T73),T191),((T144,T139),T98))),T81),(((T177,T102),T113),T107)),((((T93,T32),((((T106,T92),T156),T90),((T190,T42),T4))),T104),(T132,T62)))),(((((((((T154,T37),T71),T80),((((T7,(((T198,T159),T101),(T72,T34))),(T125,T186)),((T55,T184),T56)),(((((((T64,T196),(T67,T153)),T60),((T53,T193),T127)),(T96,T182)),((T35,T112),(T165,T21))),((T142,T28),T65)))),((T74,T119),(((T197,T109),T111),(T51,T27)))),(((T108,T33),((T158,((T10,T99),T30)),T105)),(T123,((T161,T36),T25)))),(((T185,T66),((T114,T87),(T85,T2))),(T122,T54))),(((((((((T120,(T126,T13)),(T140,T146)),(T176,T100)),(T69,T117)),(T44,T103)),((T180,T43),((((T70,T22),T68),(T3,T141)),T47))),T77),(((T175,T83),T147),T58)),T8)),((T129,T97),T195))),((T131,((T192,T57),T48)),T45)),T187);
Guide Tree 0/27
#NNI moves:0/236
Guide Tree 1/27
#NNI moves:4/236
Guide Tree 2/27
#NNI moves:1/236
Guide Tree 3/27
#NNI moves:3/236
Guide Tree 4/27
#NNI moves:3/236
Guide Tree 5/27
#NNI moves:2/236
Guide Tree 6/27
#NNI moves:6/236
Guide Tree 7/27
#NNI moves:1/236
Guide Tree 8/27
#NNI moves:0/236
Guide Tree 9/27
#NNI moves:2/236
Guide Tree 10/27
#NNI moves:2/236
Guide Tree 11/27
#NNI moves:1/236
Guide Tree 12/27
#NNI moves:1/236
Guide Tree 13/27
#NNI moves:4/236
Guide Tree 14/27
#NNI moves:6/236
Guide Tree 15/27
#NNI moves:1/236
Guide Tree 16/27
#NNI moves:5/236
Guide Tree 17/27
#NNI moves:0/236
Guide Tree 18/27
#NNI moves:1/236
Guide Tree 19/27
#NNI moves:5/236
Guide Tree 20/27
#NNI moves:1/236
Guide Tree 21/27
#NNI moves:4/236
Guide Tree 22/27
#NNI moves:0/236
Guide Tree 23/27
#NNI moves:3/236
Guide Tree 24/27
#NNI moves:1/236
Guide Tree 25/27
#NNI moves:5/236
Guide Tree 26/27
#NNI moves:4/236
Remaining: 1
#NNI moves:35/236
#NNI moves:35/236
((((((((((((((T96,T182),((((T153,T67),(T196,T64)),T60),((T53,T193),T127))),((T21,T165),(T35,T112))),(T65,(T142,T28))),(((T186,T125),(((T72,T34),(T101,(T159,T198))),T7)),((T55,T184),T56))),(T80,((T154,T37),T71))),(((T27,T51),(T111,(T197,T109))),(T74,T119))),((((T36,T161),T25),T123),((T105,(((T99,T10),T30),T158)),(T108,T33)))),(((T66,T185),((T2,T85),(T87,T114))),(T54,T122))),((((((((((T126,T13),T120),(T140,T146)),(T176,T100)),(T69,T117)),(T103,T44)),(((((T70,T22),T68),(T141,T3)),T47),(T180,T43))),T77),(((T83,T175),T147),T58)),T8)),((T97,T129),T195)),((((((((((T164,T162),((((T149,T135),T78),T39),T95)),T20),(((T50,T14),T148),((T5,T163),T9))),(((((((T86,T16),T91),(T171,(T199,T23))),(T138,T24)),T157),(((T152,T115),T118),(T17,T130))),(T173,T121))),(((((T6,T79),((T11,T52),T38)),(T181,T29)),(((T194,T75),T15),(T31,T89))),(T59,(T167,T143)))),(T40,(((((T178,(T82,T128)),(T170,T19)),T150),(T179,T110)),((((((T63,T160),T18),(T200,T94)),((T1,T26),T189)),((T174,T166),T137)),(T155,(T134,T116)))))),T0),((T168,T41),(T124,T84))),(((((((T73,(((T183,T169),T133),T76)),T191),((T144,T139),T98)),((((T145,T61),(T88,T49)),((T151,T46),(T136,T188))),(T12,T172))),T81),(((T102,T177),T113),T107)),(((((T4,(T190,T42)),(T90,(T156,(T92,T106)))),(T93,T32)),T104),(T62,T132))))),((((T192,T57),T48),T131),T45)),T187);
Guide Tree 0/27
#NNI moves:5/236
Guide Tree 1/27
#NNI moves:6/236
Guide Tree 2/27
#NNI moves:3/236
Guide Tree 3/27
#NNI moves:3/236
Guide Tree 4/27
#NNI moves:7/236
Guide Tree 5/27
#NNI moves:4/236
Guide Tree 6/27
#NNI moves:4/236
Guide Tree 7/27
#NNI moves:1/236
Guide Tree 8/27
#NNI moves:1/236
Guide Tree 9/27
#NNI moves:8/236
Guide Tree 10/27
#NNI moves:4/236
Guide Tree 11/27
#NNI moves:5/236
Guide Tree 12/27
#NNI moves:1/236
Guide Tree 13/27
#NNI moves:1/236
Guide Tree 14/27
#NNI moves:5/236
Guide Tree 15/27
#NNI moves:4/236
Guide Tree 16/27
#NNI moves:5/236
Guide Tree 17/27
#NNI moves:2/236
Guide Tree 18/27
#NNI moves:4/236
Guide Tree 19/27
#NNI moves:1/236
Guide Tree 20/27
#NNI moves:4/236
Guide Tree 21/27
#NNI moves:3/236
Guide Tree 22/27
#NNI moves:8/236
Guide Tree 23/27
#NNI moves:2/236
Guide Tree 24/27
#NNI moves:1/236
Guide Tree 25/27
#NNI moves:4/236
Guide Tree 26/27
#NNI moves:4/236
Remaining: 1
#NNI moves:38/236
#NNI moves:41/236
((((((((((((((T39,(T78,(T149,T135))),T95),(T162,T164)),T20),(((T50,T14),T148),((T5,T163),T9))),((((((T91,(T86,T16)),(T171,(T199,T23))),(T24,T138)),T157),((T118,(T115,T152)),(T130,T17))),(T173,T121))),(((((T79,T6),((T11,T52),T38)),(T29,T181)),((T31,T89),(T15,(T75,T194)))),((T167,T143),T59))),((((T155,(T116,T134)),((((T200,T94),((T63,T160),T18)),((T26,T1),T189)),(T137,(T166,T174)))),((((T19,T170),(T178,(T128,T82))),T150),(T110,T179))),T40)),T0),((T41,T168),(T124,T84))),((((((((T136,T188),(T46,T151)),((T88,T49),(T145,T61))),(T12,T172)),((((T76,((T183,T169),T133)),T73),T191),(T98,(T139,T144)))),T81),((T113,(T102,T177)),T107)),((((T93,T32),(((T156,(T106,T92)),T90),((T42,T190),T4))),T104),(T62,T132)))),(((((((((((((T193,T53),T127),(((T67,T153),(T196,T64)),T60)),(T96,T182)),((T35,T112),(T165,T21))),((T142,T28),T65)),(((T55,T184),T56),(((((T159,T198),T101),(T72,T34)),T7),(T125,T186)))),(((T37,T154),T71),T80)),((((T109,T197),T111),(T51,T27)),(T74,T119))),((((T158,(T30,(T10,T99))),T105),(T33,T108)),(((T161,T36),T25),T123))),((((T114,T87),(T2,T85)),(T185,T66)),(T122,T54))),((((((T44,T103),((((T146,T140),((T126,T13),T120)),(T100,T176)),(T117,T69))),((T43,T180),(((T3,T141),(T68,(T70,T22))),T47))),T77),((T147,(T83,T175)),T58)),T8)),((T129,T97),T195))),(T45,(((T57,T192),T48),T131))),T187);
Guide Tree 0/27
#NNI moves:3/236
Guide Tree 1/27
#NNI moves:4/236
Guide Tree 2/27
#NNI moves:6/236
Guide Tree 3/27
#NNI moves:5/236
Guide Tree 4/27
#NNI moves:3/236
Guide Tree 5/27
#NNI moves:2/236
Guide Tree 6/27
#NNI moves:3/236
Guide Tree 7/27
#NNI moves:4/236
Guide Tree 8/27
#NNI moves:4/236
Guide Tree 9/27
#NNI moves:4/236
Guide Tree 10/27
#NNI moves:1/236
Guide Tree 11/27
#NNI moves:2/236
Guide Tree 12/27
#NNI moves:2/236
Guide Tree 13/27
#NNI moves:0/236
Guide Tree 14/27
#NNI moves:0/236
Guide Tree 15/27
#NNI moves:0/236
Guide Tree 16/27
#NNI moves:1/236
Guide Tree 17/27
#NNI moves:1/236
Guide Tree 18/27
#NNI moves:6/236
Guide Tree 19/27
#NNI moves:1/236
Guide Tree 20/27
#NNI moves:6/236
Guide Tree 21/27
#NNI moves:6/236
Guide Tree 22/27
#NNI moves:1/236
Guide Tree 23/27
#NNI moves:9/236
Guide Tree 24/27
#NNI moves:9/236
Guide Tree 25/27
#NNI moves:6/236
Guide Tree 26/27
#NNI moves:3/236
Remaining: 3
#NNI moves:15/236
#NNI moves:15/236
((((((((((((T46,T151),(T188,T136)),((T61,T145),(T88,T49))),(T12,T172)),((T191,(((T133,(T169,T183)),T76),T73)),((T139,T144),T98))),T81),(T107,((T177,T102),T113))),((T62,T132),(((T32,T93),(((T156,(T106,T92)),T90),(T4,(T42,T190)))),T104))),(((((((((T38,(T52,T11)),(T79,T6)),(T29,T181)),((T89,T31),((T194,T75),T15))),(T59,(T167,T143))),(((((T17,T130),(T118,(T152,T115))),(((((T199,T23),T171),((T86,T16),T91)),(T24,T138)),T157)),(T121,T173)),((T20,((((T78,(T149,T135)),T39),T95),(T162,T164))),((T148,(T14,T50)),(T9,(T163,T5)))))),(((((((T26,T1),T189),(((T63,T160),T18),(T94,T200))),((T174,T166),T137)),(T155,(T116,T134))),((((T178,(T82,T128)),(T19,T170)),T150),(T110,T179))),T40)),T0),((T84,T124),(T168,T41)))),(((((((((((T112,T35),(T21,T165)),((((T193,T53),T127),(((T64,T196),(T153,T67)),T60)),(T182,T96))),(T65,(T28,T142))),(((T125,T186),((((T198,T159),T101),(T72,T34)),T7)),((T184,T55),T56))),(T80,((T37,T154),T71))),(((T111,(T109,T197)),(T27,T51)),(T119,T74))),(((T105,((T30,(T10,T99)),T158)),(T33,T108)),(T123,(T25,(T36,T161))))),((((T87,T114),(T2,T85)),(T185,T66)),(T122,T54))),(((((((T69,T117),((T176,T100),((T140,T146),((T13,T126),T120)))),(T44,T103)),(((((T22,T70),T68),(T3,T141)),T47),(T43,T180))),T77),(T58,((T83,T175),T147))),T8)),((T129,T97),T195))),((((T192,T57),T48),T131),T45)),T187);
Initial score: 4.08466e+10
Initial tree: ((((((((((((T46,T151),(T188,T136)),((T61,T145),(T88,T49))),(T12,T172)),((T191,(((T133,(T169,T183)),T76),T73)),((T139,T144),T98))),T81),(T107,((T177,T102),T113))),((T62,T132),(((T32,T93),(((T156,(T106,T92)),T90),(T4,(T42,T190)))),T104))),(((((((((T38,(T52,T11)),(T79,T6)),(T29,T181)),((T89,T31),((T194,T75),T15))),(T59,(T167,T143))),(((((T17,T130),(T118,(T152,T115))),(((((T199,T23),T171),((T86,T16),T91)),(T24,T138)),T157)),(T121,T173)),((T20,((((T78,(T149,T135)),T39),T95),(T162,T164))),((T148,(T14,T50)),(T9,(T163,T5)))))),(((((((T26,T1),T189),(((T63,T160),T18),(T94,T200))),((T174,T166),T137)),(T155,(T116,T134))),((((T178,(T82,T128)),(T19,T170)),T150),(T110,T179))),T40)),T0),((T84,T124),(T168,T41)))),(((((((((((T112,T35),(T21,T165)),((((T193,T53),T127),(((T64,T196),(T153,T67)),T60)),(T182,T96))),(T65,(T28,T142))),(((T125,T186),((((T198,T159),T101),(T72,T34)),T7)),((T184,T55),T56))),(T80,((T37,T154),T71))),(((T111,(T109,T197)),(T27,T51)),(T119,T74))),(((T105,((T30,(T10,T99)),T158)),(T33,T108)),(T123,(T25,(T36,T161))))),((((T87,T114),(T2,T85)),(T185,T66)),(T122,T54))),(((((((T69,T117),((T176,T100),((T140,T146),((T13,T126),T120)))),(T44,T103)),(((((T22,T70),T68),(T3,T141)),T47),(T43,T180))),T77),(T58,((T83,T175),T147))),T8)),((T129,T97),T195))),((((T192,T57),T48),T131),T45)),T187);
*** Subsample Process ***
Use two-step algorithm!
#NNI moves:1/236
Remaining: 1
#NNI moves:18/236
#NNI moves:18/236
((((((((((((((((((((((T53,T193),T127),(((T67,T153),(T64,T196)),T60)),(T182,T96)),((T165,T21),(T35,T112))),((T142,T28),T65)),(((T186,T125),(((T34,T72),(T101,(T159,T198))),T7)),((T184,T55),T56))),(T80,(T71,(T37,T154)))),(((T51,T27),(T111,(T197,T109))),(T119,T74))),((T123,(T25,(T161,T36))),(((((T10,T99),T30),T158),T105),(T108,T33)))),((((T87,T114),(T85,T2)),(T185,T66)),(T54,T122))),(((((((((T22,T70),T68),(T141,T3)),T47),(T180,T43)),((((T176,T100),(((T126,T13),T120),(T146,T140))),(T117,T69)),(T103,T44))),T77),(((T83,T175),T147),T58)),T8)),((T129,T97),T195)),(((((T192,T57),T48),T131),T45),T187)),((((((((((T39,((T149,T135),T78)),T95),(T164,T162)),T20),(((T14,T50),T148),((T5,T163),T9))),((((((T171,(T23,T199)),((T86,T16),T91)),(T138,T24)),T157),((T17,T130),(T118,(T115,T152)))),(T173,T121))),(((((T38,(T11,T52)),(T79,T6)),(T29,T181)),((T31,T89),(T15,(T194,T75)))),(T59,(T167,T143)))),(((((((T1,T26),T189),((T200,T94),((T63,T160),T18))),((T174,T166),T137)),(T155,(T134,T116))),(((((T128,T82),T178),(T170,T19)),T150),(T179,T110))),T40)),T0),((T124,T84),(T41,T168)))),((((T32,T93),((T4,(T190,T42)),(((T106,T92),T156),T90))),T104),(T132,T62))),(((T177,T102),T113),T107)),T81),((((T151,T46),(T136,T188)),((T61,T145),(T88,T49))),(T12,T172))),((T144,T139),T98)),((T76,((T169,T183),T133)),T73)),T191);
#NNI moves:1/236
Remaining: 3
#NNI moves:27/236
#NNI moves:28/236
(((((((((((((((((((((T135,T149),T78),T39),T95),(T162,T164)),T20),(((T5,T163),T9),(T148,(T14,T50)))),(((((T138,T24),(((T16,T86),T91),((T23,T199),T171))),T157),(((T152,T115),T118),(T17,T130))),(T121,T173))),((((T29,T181),((T79,T6),(T38,(T11,T52)))),((T15,(T75,T194)),(T31,T89))),((T167,T143),T59))),(((((((T94,T200),(T18,(T63,T160))),((T1,T26),T189)),((T166,T174),T137)),(T155,(T116,T134))),((((T170,T19),((T128,T82),T178)),T150),(T179,T110))),T40)),T0),(T168,T41)),(T124,T84)),((((((((T61,T145),(T88,T49)),((T46,T151),(T136,T188))),(T172,T12)),(((T139,T144),T98),(((((T183,T169),T133),T76),T73),T191))),T81),(T107,((T102,T177),T113))),((((T93,T32),((T4,(T190,T42)),(((T106,T92),T156),T90))),T104),(T62,T132)))),((((((((((((((T67,T153),(T64,T196)),T60),((T53,T193),T127)),(T96,T182)),((T21,T165),(T112,T35))),((T28,T142),T65)),(((T55,T184),T56),((((T34,T72),((T159,T198),T101)),T7),(T186,T125)))),(T80,((T37,T154),T71))),((((T109,T197),T111),(T51,T27)),(T119,T74))),(((T25,(T161,T36)),T123),((T108,T33),(T105,(((T99,T10),T30),T158))))),((((T2,T85),(T114,T87)),(T66,T185)),(T122,T54))),((((((((((T13,T126),T120),(T140,T146)),(T100,T176)),(T117,T69)),(T103,T44)),((((T141,T3),((T70,T22),T68)),T47),(T43,T180))),T77),(((T175,T83),T147),T58)),T8)),((T97,T129),T195))),T187),T45),T131),T48),T57),T192);
#NNI moves:4/236
Remaining: 0
#NNI moves:11/236
#NNI moves:11/236
((((((((((((((((((T43,T180),(T47,((T3,T141),((T22,T70),T68)))),((((T176,T100),(((T126,T13),T120),(T146,T140))),(T117,T69)),(T103,T44))),T77),((T147,(T83,T175)),T58)),T8),((((((T36,T161),T25),T123),((T105,((T30,(T99,T10)),T158)),(T108,T33))),(((((T109,T197),T111),(T27,T51)),(T119,T74)),(((((((T101,(T198,T159)),(T72,T34)),T7),(T125,T186)),((T184,T55),T56)),((((T35,T112),(T165,T21)),(((((T196,T64),(T153,T67)),T60),((T193,T53),T127)),(T96,T182))),((T142,T28),T65))),(((T154,T37),T71),T80)))),((((T87,T114),(T85,T2)),(T66,T185)),(T54,T122)))),(T195,(T129,T97))),((T45,(T131,((T57,T192),T48))),T187)),((((((((T136,T188),(T151,T46)),((T61,T145),(T49,T88))),(T172,T12)),((T98,(T139,T144)),(T191,((((T183,T169),T133),T76),T73)))),T81),(((T177,T102),T113),T107)),((T104,((T93,T32),((T4,(T190,T42)),(((T106,T92),T156),T90)))),(T132,T62)))),((T41,T168),(T84,T124))),T0),((((((T174,T166),T137),((((T160,T63),T18),(T94,T200)),((T26,T1),T189))),((T116,T134),T155)),((((T178,(T82,T128)),(T170,T19)),T150),(T179,T110))),T40)),((((((T11,T52),T38),(T6,T79)),(T29,T181)),(((T75,T194),T15),(T89,T31))),((T143,T167),T59))),(((((T115,T152),T118),(T17,T130)),((((T91,(T16,T86)),((T23,T199),T171)),(T138,T24)),T157)),(T173,T121))),(((T14,T50),T148),((T5,T163),T9))),(((((T135,T149),T78),T39),T95),(T164,T162))),T20);
#NNI moves:1/236
Remaining: 2
#NNI moves:15/236
#NNI moves:15/236
(((((((((((((((((((T13,T126),T120),(T140,T146)),(T100,T176)),(T117,T69)),(T103,T44)),((T47,((T68,(T22,T70)),(T3,T141))),(T43,T180))),T77),(((T83,T175),T147),T58)),T8),((((((((((T72,T34),(T101,(T198,T159))),T7),(T125,T186)),((T55,T184),T56)),((((((T193,T53),T127),(((T196,T64),(T67,T153)),T60)),(T96,T182)),((T112,T35),(T165,T21))),((T28,T142),T65))),(((T154,T37),T71),T80)),(((T111,(T197,T109)),(T51,T27)),(T119,T74))),((((T161,T36),T25),T123),((T105,(T158,(T30,(T99,T10)))),(T33,T108)))),(((T66,T185),((T2,T85),(T87,T114))),(T54,T122)))),((T97,T129),T195)),((((((((((T17,T130),((T152,T115),T118)),(((((T86,T16),T91),((T199,T23),T171)),(T138,T24)),T157)),(T121,T173)),(((((T39,(T78,(T149,T135))),T95),(T162,T164)),T20),(((T163,T5),T9),((T50,T14),T148)))),((((T181,T29),(((T52,T11),T38),(T79,T6))),(((T194,T75),T15),(T31,T89))),(T59,(T143,T167)))),(((((((T82,T128),T178),(T19,T170)),T150),(T179,T110)),((((((T160,T63),T18),(T94,T200)),((T26,T1),T189)),((T166,T174),T137)),((T134,T116),T155))),T40)),T0),((T124,T84),(T168,T41))),((((((((T136,T188),(T151,T46)),((T145,T61),(T49,T88))),(T12,T172)),(((T73,(((T169,T183),T133),T76)),T191),((T139,T144),T98))),T81),(((T102,T177),T113),T107)),(((((((T106,T92),T156),T90),((T190,T42),T4)),(T32,T93)),T104),(T132,T62))))),T187),T45),T131),T48),T57),T192);
Current score: 4.08466e+10
Current tree: (((((((((((((((T13,T126),T120),(T140,T146)),(T100,T176)),(T117,T69)),(T103,T44)),((T47,((T68,(T22,T70)),(T3,T141))),(T43,T180))),T77),(((T83,T175),T147),T58)),T8),((((((((((T72,T34),(T101,(T198,T159))),T7),(T125,T186)),((T55,T184),T56)),((((((T193,T53),T127),(((T196,T64),(T67,T153)),T60)),(T96,T182)),((T112,T35),(T165,T21))),((T28,T142),T65))),(((T154,T37),T71),T80)),(((T111,(T197,T109)),(T51,T27)),(T119,T74))),((((T161,T36),T25),T123),((T105,(T158,(T30,(T99,T10)))),(T33,T108)))),(((T66,T185),((T2,T85),(T87,T114))),(T54,T122)))),((T97,T129),T195)),((((((((((T17,T130),((T152,T115),T118)),(((((T86,T16),T91),((T199,T23),T171)),(T138,T24)),T157)),(T121,T173)),(((((T39,(T78,(T149,T135))),T95),(T162,T164)),T20),(((T163,T5),T9),((T50,T14),T148)))),((((T181,T29),(((T52,T11),T38),(T79,T6))),(((T194,T75),T15),(T31,T89))),(T59,(T143,T167)))),(((((((T82,T128),T178),(T19,T170)),T150),(T179,T110)),((((((T160,T63),T18),(T94,T200)),((T26,T1),T189)),((T166,T174),T137)),((T134,T116),T155))),T40)),T0),((T124,T84),(T168,T41))),((((((((T136,T188),(T151,T46)),((T145,T61),(T49,T88))),(T12,T172)),(((T73,(((T169,T183),T133),T76)),T191),((T139,T144),T98))),T81),(((T102,T177),T113),T107)),(((((((T106,T92),T156),T90),((T190,T42),T4)),(T32,T93)),T104),(T132,T62))))),(T45,(T131,(T48,(T57,T192))))),T187);
Use two-step algorithm!
#NNI moves:1/236
Remaining: 0
#NNI moves:6/236
#NNI moves:6/236
((((((((((((((((((((((((T91,(T16,T86)),((T199,T23),T171)),(T24,T138)),T157),((T130,T17),((T152,T115),T118))),(T173,T121)),((((T162,T164),(T95,(((T149,T135),T78),T39))),T20),(((T5,T163),T9),(T148,(T14,T50))))),((((T89,T31),(T15,(T194,T75))),(((T6,T79),((T11,T52),T38)),(T29,T181))),((T167,T143),T59))),((((((((T160,T63),T18),(T200,T94)),(T189,(T26,T1))),((T166,T174),T137)),((T116,T134),T155)),((T179,T110),((((T128,T82),T178),(T170,T19)),T150))),T40)),T0),((T124,T84),(T41,T168))),((((((((((T169,T183),T133),T76),T73),T191),((T144,T139),T98)),((((T151,T46),(T188,T136)),((T88,T49),(T61,T145))),(T12,T172))),T81),((T113,(T102,T177)),T107)),(((((((T92,T106),T156),T90),(T4,(T42,T190))),(T93,T32)),T104),(T62,T132)))),(((T131,((T57,T192),T48)),T45),T187)),((T97,T129),T195)),(((((((((((T53,T193),T127),(((T67,T153),(T196,T64)),T60)),(T182,T96)),((T35,T112),(T165,T21))),((T142,T28),T65)),(((T125,T186),((((T198,T159),T101),(T34,T72)),T7)),((T184,T55),T56))),(((T154,T37),T71),T80)),((((T109,T197),T111),(T51,T27)),(T119,T74))),(((T25,(T161,T36)),T123),((T33,T108),((((T99,T10),T30),T158),T105)))),((T122,T54),((T66,T185),((T114,T87),(T85,T2)))))),T8),((T147,(T83,T175)),T58)),T77),((((T3,T141),((T22,T70),T68)),T47),(T43,T180))),(T44,T103)),(T69,T117)),(((T126,T13),T120),(T140,T146))),T100),T176);
#NNI moves:1/236
Remaining: 4
#NNI moves:23/236
#NNI moves:23/236
(((((((((((((((((((((((((((T34,T72),((T198,T159),T101)),T7),(T186,T125)),(T56,(T55,T184))),(((((((T67,T153),(T196,T64)),T60),((T193,T53),T127)),(T182,T96)),((T35,T112),(T21,T165))),((T28,T142),T65))),((T71,(T37,T154)),T80)),((((T109,T197),T111),(T51,T27)),(T74,T119))),((((T158,((T10,T99),T30)),T105),(T108,T33)),(((T161,T36),T25),T123))),(((T185,T66),((T87,T114),(T2,T85))),(T54,T122))),((((((T44,T103),((T69,T117),((T100,T176),(((T126,T13),T120),(T146,T140))))),((T47,(((T70,T22),T68),(T141,T3))),(T180,T43))),T77),(((T83,T175),T147),T58)),T8)),((T129,T97),T195)),(((((T192,T57),T48),T131),T45),T187)),((((((((T92,T106),T156),T90),((T42,T190),T4)),(T32,T93)),T104),(T132,T62)),((((((((T133,(T169,T183)),T76),T73),T191),((T144,T139),T98)),((((T49,T88),(T145,T61)),((T46,T151),(T136,T188))),(T172,T12))),T81),(((T102,T177),T113),T107)))),((T168,T41),(T124,T84))),T0),((((T179,T110),((((T128,T82),T178),(T19,T170)),T150)),(((((T94,T200),((T63,T160),T18)),((T26,T1),T189)),((T166,T174),T137)),((T116,T134),T155))),T40)),(((T167,T143),T59),((((T79,T6),((T52,T11),T38)),(T181,T29)),((T89,T31),(T15,(T75,T194)))))),((((T95,(((T135,T149),T78),T39)),(T162,T164)),T20),(((T163,T5),T9),((T14,T50),T148)))),(T173,T121)),(((T152,T115),T118),(T130,T17))),T157),(T138,T24)),((T199,T23),T171)),T91),T16),T86);
#NNI moves:5/236
Remaining: 0
#NNI moves:19/236
#NNI moves:19/236
((((((((((((((((((T78,(T135,T149)),T39),T95),(T164,T162)),T20),((T148,(T14,T50)),((T5,T163),T9))),((((T118,(T152,T115)),(T130,T17)),(((((T16,T86),T91),((T23,T199),T171)),(T138,T24)),T157)),(T121,T173))),(((((T38,(T52,T11)),(T79,T6)),(T29,T181)),((T15,(T75,T194)),(T31,T89))),((T143,T167),T59))),((((((T170,T19),((T128,T82),T178)),T150),(T110,T179)),((((T189,(T1,T26)),(((T63,T160),T18),(T94,T200))),((T174,T166),T137)),((T134,T116),T155))),T40)),T0),((T41,T168),(T84,T124))),(((((T32,T93),((T90,(T156,(T106,T92))),(T4,(T42,T190)))),T104),(T132,T62)),((((((T73,(T76,(T133,(T169,T183)))),T191),((T144,T139),T98)),((((T88,T49),(T145,T61)),((T151,T46),(T136,T188))),(T172,T12))),T81),(((T102,T177),T113),T107)))),((((((((((((T101,(T198,T159)),(T72,T34)),T7),(T125,T186)),((T55,T184),T56)),(((((T127,(T193,T53)),(T60,((T67,T153),(T196,T64)))),(T182,T96)),((T21,T165),(T35,T112))),((T142,T28),T65))),(((T37,T154),T71),T80)),(((T111,(T197,T109)),(T27,T51)),(T119,T74))),(((T25,(T161,T36)),T123),((T105,(T158,((T99,T10),T30))),(T33,T108)))),((((T114,T87),(T2,T85)),(T185,T66)),(T54,T122))),(((((((T117,T69),((T176,T100),((T140,T146),((T126,T13),T120)))),(T44,T103)),((T47,(((T22,T70),T68),(T3,T141))),(T43,T180))),T77),(T58,((T83,T175),T147))),T8)),(T195,(T129,T97)))),T187),T45),T131),(T192,T57)),T48);
#NNI moves:1/236
Remaining: 0
#NNI moves:13/236
#NNI moves:13/236
(((((((((((((((((((((((((T159,T198),T101),(T72,T34)),T7),(T125,T186)),((T184,T55),T56)),(((((T127,(T193,T53)),(((T153,T67),(T196,T64)),T60)),(T182,T96)),((T35,T112),(T165,T21))),((T142,T28),T65))),(((T37,T154),T71),T80)),(((T51,T27),(T111,(T109,T197))),(T119,T74))),(((T25,(T36,T161)),T123),(((((T99,T10),T30),T158),T105),(T33,T108)))),((T54,T122),((T185,T66),((T114,T87),(T2,T85))))),((((((((T3,T141),((T22,T70),T68)),T47),(T180,T43)),((T103,T44),((((T146,T140),((T13,T126),T120)),(T100,T176)),(T69,T117)))),T77),(T58,((T175,T83),T147))),T8)),(T195,(T129,T97))),((T45,((T48,(T57,T192)),T131)),T187)),((((((((T106,T92),T156),T90),((T190,T42),T4)),(T32,T93)),T104),(T132,T62)),(((((((T49,T88),(T145,T61)),((T46,T151),(T136,T188))),(T12,T172)),(((((T133,(T183,T169)),T76),T73),T191),((T144,T139),T98))),T81),(((T102,T177),T113),T107)))),((T84,T124),(T41,T168))),T0),((((((T166,T174),T137),((((T160,T63),T18),(T94,T200)),((T26,T1),T189))),(T155,(T134,T116))),((T110,T179),(((T19,T170),((T128,T82),T178)),T150))),T40)),((((((T52,T11),T38),(T79,T6)),(T29,T181)),(((T194,T75),T15),(T31,T89))),((T143,T167),T59))),(((((((T23,T199),T171),(T91,(T86,T16))),(T24,T138)),T157),((T130,T17),((T115,T152),T118))),(T173,T121))),((T9,(T163,T5)),((T50,T14),T148))),T20),((T39,((T135,T149),T78)),T95)),T162),T164);
Current score: 4.08466e+10
Current tree: (((T45,((T48,(T57,T192)),T131)),((((((((((((((T159,T198),T101),(T72,T34)),T7),(T125,T186)),((T184,T55),T56)),(((((T127,(T193,T53)),(((T153,T67),(T196,T64)),T60)),(T182,T96)),((T35,T112),(T165,T21))),((T142,T28),T65))),(((T37,T154),T71),T80)),(((T51,T27),(T111,(T109,T197))),(T119,T74))),(((T25,(T36,T161)),T123),(((((T99,T10),T30),T158),T105),(T33,T108)))),((T54,T122),((T185,T66),((T114,T87),(T2,T85))))),((((((((T3,T141),((T22,T70),T68)),T47),(T180,T43)),((T103,T44),((((T146,T140),((T13,T126),T120)),(T100,T176)),(T69,T117)))),T77),(T58,((T175,T83),T147))),T8)),(T195,(T129,T97))),(((((((((T106,T92),T156),T90),((T190,T42),T4)),(T32,T93)),T104),(T132,T62)),(((((((T49,T88),(T145,T61)),((T46,T151),(T136,T188))),(T12,T172)),(((((T133,(T183,T169)),T76),T73),T191),((T144,T139),T98))),T81),(((T102,T177),T113),T107))),(((T84,T124),(T41,T168)),(T0,(((((((T166,T174),T137),((((T160,T63),T18),(T94,T200)),((T26,T1),T189))),(T155,(T134,T116))),((T110,T179),(((T19,T170),((T128,T82),T178)),T150))),T40),(((((((T52,T11),T38),(T79,T6)),(T29,T181)),(((T194,T75),T15),(T31,T89))),((T143,T167),T59)),((((((((T23,T199),T171),(T91,(T86,T16))),(T24,T138)),T157),((T130,T17),((T115,T152),T118))),(T173,T121)),(((T9,(T163,T5)),((T50,T14),T148)),(T20,(((T39,((T135,T149),T78)),T95),(T162,T164)))))))))))),T187);
Final Tree: (((T45,((T48,(T57,T192)),T131)),((((((((((((((T159,T198),T101),(T72,T34)),T7),(T125,T186)),((T184,T55),T56)),(((((T127,(T193,T53)),(((T153,T67),(T196,T64)),T60)),(T182,T96)),((T35,T112),(T165,T21))),((T142,T28),T65))),(((T37,T154),T71),T80)),(((T51,T27),(T111,(T109,T197))),(T119,T74))),(((T25,(T36,T161)),T123),(((((T99,T10),T30),T158),T105),(T33,T108)))),((T54,T122),((T185,T66),((T114,T87),(T2,T85))))),((((((((T3,T141),((T22,T70),T68)),T47),(T180,T43)),((T103,T44),((((T146,T140),((T13,T126),T120)),(T100,T176)),(T69,T117)))),T77),(T58,((T175,T83),T147))),T8)),(T195,(T129,T97))),(((((((((T106,T92),T156),T90),((T190,T42),T4)),(T32,T93)),T104),(T132,T62)),(((((((T49,T88),(T145,T61)),((T46,T151),(T136,T188))),(T12,T172)),(((((T133,(T183,T169)),T76),T73),T191),((T144,T139),T98))),T81),(((T102,T177),T113),T107))),(((T84,T124),(T41,T168)),(T0,(((((((T166,T174),T137),((((T160,T63),T18),(T94,T200)),((T26,T1),T189))),(T155,(T134,T116))),((T110,T179),(((T19,T170),((T128,T82),T178)),T150))),T40),(((((((T52,T11),T38),(T79,T6)),(T29,T181)),(((T194,T75),T15),(T31,T89))),((T143,T167),T59)),((((((((T23,T199),T171),(T91,(T86,T16))),(T24,T138)),T157),((T130,T17),((T115,T152),T118))),(T173,T121)),(((T9,(T163,T5)),((T50,T14),T148)),(T20,(((T39,((T135,T149),T78)),T95),(T162,T164)))))))))))),T187);
Score: 4.084656575e+10

real	1m36.154s
user	37m58.633s
sys	0m16.642s
