
RAxML-NG v. 1.1.0-master released on 04.08.2022 by The Exelixis Lab.
Developed by: Alexey M. Kozlov and Alexandros Stamatakis.
Contributors: Diego Darriba, Tomas Flouri, Benoit Morel, Sarah Lutteropp, Ben Bettisworth.
Latest version: https://github.com/amkozlov/raxml-ng
Questions/problems/suggestions? Please visit: https://groups.google.com/forum/#!forum/raxml

System: AMD EPYC 7742 64-Core Processor, 128 cores, 251 GB RAM

RAxML-NG was called at 13-Jan-2023 07:50:58 as follows:

/home/chaos/programs/raxml-ng/raxml-ng/bin/raxml-ng --msa data/alignment/12_1X_S201_0_1e6_haploid --tree pars{1} --model GTR+G --threads 64 --redo

Analysis options:
  run mode: ML tree search
  start tree(s): parsimony (1)
  random seed: 1673625058
  tip-inner: OFF
  pattern compression: ON
  per-rate scalers: OFF
  site repeats: ON
  fast spr radius: AUTO
  spr subtree cutoff: 1.000000
  branch lengths: proportional (ML estimate, algorithm: NR-FAST)
  SIMD kernels: AVX2
  parallelization: coarse-grained (auto), PTHREADS (64 threads), thread pinning: OFF

WARNING: Running in REDO mode: existing checkpoints are ignored, and all result files will be overwritten!

[00:00:00] Reading alignment from file: data/alignment/12_1X_S201_0_1e6_haploid
[00:00:02] Loaded alignment with 201 taxa and 5000000 sites

Alignment comprises 1 partitions and 4433149 patterns

Partition 0: noname
Model: GTR+FO+G4m
Alignment sites / patterns: 5000000 / 4433149
Gaps: 0.00 %
Invariant sites: 2.92 %


NOTE: Binary MSA file created: data/alignment/12_1X_S201_0_1e6_haploid.raxml.rba

Parallelization scheme autoconfig: 1 worker(s) x 64 thread(s)

Parallel reduction/worker buffer size: 1 KB  / 0 KB

[00:00:22] Generating 1 parsimony starting tree(s) with 201 taxa
[00:00:52] Data distribution: max. partitions/sites/weight per thread: 1 / 69268 / 1108288
[00:00:52] Data distribution: max. searches per worker: 1

Starting ML tree search with 1 distinct starting trees

[00:00:53 -304706592.535168] Initial branch length optimization
[00:02:29 -291081274.501640] Model parameter optimization (eps = 10.000000)
[00:15:26 -284248208.187696] AUTODETECT spr round 1 (radius: 5)
[00:24:05 -284099635.067526] AUTODETECT spr round 2 (radius: 10)
[00:50:39 -284099635.056720] SPR radius for FAST iterations: 5 (autodetect)
[00:50:39 -284099635.056720] Model parameter optimization (eps = 3.000000)
[00:51:37 -284099625.523937] FAST spr round 1 (radius: 5)
[01:16:02 -284093695.008278] FAST spr round 2 (radius: 5)
[01:54:47 -284088762.569241] FAST spr round 3 (radius: 5)
[02:12:57 -284085433.726641] FAST spr round 4 (radius: 5)
[02:30:15 -284082777.807532] FAST spr round 5 (radius: 5)
[02:47:49 -284081398.567678] FAST spr round 6 (radius: 5)
[03:05:37 -284080667.027993] FAST spr round 7 (radius: 5)
[03:23:55 -284080508.193493] FAST spr round 8 (radius: 5)
[03:41:56 -284080368.246640] FAST spr round 9 (radius: 5)
[03:59:56 -284080273.891467] FAST spr round 10 (radius: 5)
[04:17:19 -284080199.105812] FAST spr round 11 (radius: 5)
[04:35:25 -284080199.104694] Model parameter optimization (eps = 1.000000)
[04:36:22 -284080196.768219] SLOW spr round 1 (radius: 5)
[05:28:58 -284075240.830200] SLOW spr round 2 (radius: 5)
[06:14:56 -284075240.829220] SLOW spr round 3 (radius: 10)
[06:58:55 -284075240.829189] SLOW spr round 4 (radius: 15)
[08:32:57 -284075240.829189] SLOW spr round 5 (radius: 20)
[09:45:27 -284075240.829189] SLOW spr round 6 (radius: 25)
[10:00:27 -284075240.829189] Model parameter optimization (eps = 0.100000)

[10:02:35] ML tree search #1, logLikelihood: -284075238.847095


Optimized model parameters:

   Partition 0: noname
   Rate heterogeneity: GAMMA (4 cats, mean),  alpha: 0.930360 (ML),  weights&rates: (0.250000,0.122858) (0.250000,0.454770) (0.250000,0.987429) (0.250000,2.434943) 
   Base frequencies (ML): 0.289370 0.177851 0.285588 0.247192 
   Substitution rates (ML): 0.903222 2.957869 1.163489 1.901444 3.163075 1.000000 


Final LogLikelihood: -284075238.847095

AIC score: 568151293.694191 / AICc score: 568151293.760945 / BIC score: 568156771.073167
Free parameters (model + branch lengths): 408

Best ML tree saved to: /expanse/lustre/projects/uot138/chaos/ASTERISK-sim/data/alignment/12_1X_S201_0_1e6_haploid.raxml.bestTree
Optimized model saved to: /expanse/lustre/projects/uot138/chaos/ASTERISK-sim/data/alignment/12_1X_S201_0_1e6_haploid.raxml.bestModel

Execution log saved to: /expanse/lustre/projects/uot138/chaos/ASTERISK-sim/data/alignment/12_1X_S201_0_1e6_haploid.raxml.log

Analysis started: 13-Jan-2023 07:50:58 / finished: 13-Jan-2023 17:53:35

Elapsed time: 36157.192 seconds

Consumed energy: 3945.150 Wh (= 20 km in an electric car, or 99 km with an e-scooter!)

