Weighted ASTRAL - Hybrid
Version: v1.13.2.3
#Genetrees: 2000
#Species: 201
#Rounds: 4
#Samples: 4
#Threads: 32
Use two-step algorithm!
Guide Tree 0/27
#NNI moves:2/236
Guide Tree 1/27
#NNI moves:2/236
Guide Tree 2/27
#NNI moves:0/236
Guide Tree 3/27
#NNI moves:5/236
Guide Tree 4/27
#NNI moves:5/236
Guide Tree 5/27
#NNI moves:0/236
Guide Tree 6/27
#NNI moves:6/236
Guide Tree 7/27
#NNI moves:1/236
Guide Tree 8/27
#NNI moves:2/236
Guide Tree 9/27
#NNI moves:7/236
Guide Tree 10/27
#NNI moves:6/236
Guide Tree 11/27
#NNI moves:2/236
Guide Tree 12/27
#NNI moves:1/236
Guide Tree 13/27
#NNI moves:1/236
Guide Tree 14/27
#NNI moves:4/236
Guide Tree 15/27
#NNI moves:3/236
Guide Tree 16/27
#NNI moves:3/236
Guide Tree 17/27
#NNI moves:2/236
Guide Tree 18/27
#NNI moves:1/236
Guide Tree 19/27
#NNI moves:1/236
Guide Tree 20/27
#NNI moves:1/236
Guide Tree 21/27
#NNI moves:1/236
Guide Tree 22/27
#NNI moves:3/236
Guide Tree 23/27
#NNI moves:1/236
Guide Tree 24/27
#NNI moves:2/236
Guide Tree 25/27
#NNI moves:4/236
Guide Tree 26/27
#NNI moves:1/236
Remaining: 4
#NNI moves:16/236
#NNI moves:16/236
((((((((((((((T132,T54),T15),(((T16,T159),T9),(((T35,T88),T120),T91))),(((((T90,((T170,T153),T17)),T29),T77),((T42,T130),T134)),(T137,T169))),(((T109,T194),T46),T156)),(((T24,(T41,T65)),T85),T152)),((((T131,T57),T150),T119),T6)),(((((((T187,(T191,T59)),T108),T92),T20),(T174,T147)),(T3,((T188,(T83,T189)),T123))),(((T155,T102),T163),T78))),((((((((T167,(T146,T154)),T149),T162),T151),T22),(T93,(T141,T12))),((T73,(T185,T31)),(T184,T26))),T60)),((((((T142,(T143,(T23,(T164,T173)))),T82),((T25,(T51,(T48,T148))),(T160,T37))),T34),(((T139,T50),((T1,T175),(T86,((T107,T96),(T84,T171))))),T186)),T70)),(((((T103,(T115,(T69,T28))),T190),T129),((((((T44,T87),T178),T2),((T112,(T95,T168)),(T166,T124))),T105),(T177,((T176,T67),(T45,T199))))),(((((((T64,T104),(T81,T195)),T198),T133),(T117,T125)),(((((T14,T99),T127),T121),T43),(T40,T38))),T196))),(((((T18,T182),(T126,T181)),T97),((T32,T157),T74)),(((T80,T136),T113),T66))),((((((T63,T76),(((T165,T49),(T100,T94)),T192)),((((T106,T61),(T89,T138)),(((T10,T56),(T36,((T110,T180),T158))),T53)),(T4,((T8,T68),(T5,T183))))),((((T118,T200),(T140,T135)),(T58,T128)),((((T79,T144),(T33,T39)),((((T98,T114),T75),T13),T7)),(T122,(T71,T101))))),((((T27,T52),(((T55,T145),(T116,T193)),(T161,T72))),((((T179,T172),T19),(T197,T21)),((T47,T11),T111))),T30)),T0)),T62);
Guide Tree 0/27
#NNI moves:4/236
Guide Tree 1/27
#NNI moves:3/236
Guide Tree 2/27
#NNI moves:2/236
Guide Tree 3/27
#NNI moves:0/236
Guide Tree 4/27
#NNI moves:4/236
Guide Tree 5/27
#NNI moves:1/236
Guide Tree 6/27
#NNI moves:5/236
Guide Tree 7/27
#NNI moves:1/236
Guide Tree 8/27
#NNI moves:1/236
Guide Tree 9/27
#NNI moves:2/236
Guide Tree 10/27
#NNI moves:1/236
Guide Tree 11/27
#NNI moves:3/236
Guide Tree 12/27
#NNI moves:1/236
Guide Tree 13/27
#NNI moves:1/236
Guide Tree 14/27
#NNI moves:3/236
Guide Tree 15/27
#NNI moves:3/236
Guide Tree 16/27
#NNI moves:2/236
Guide Tree 17/27
#NNI moves:2/236
Guide Tree 18/27
#NNI moves:1/236
Guide Tree 19/27
#NNI moves:0/236
Guide Tree 20/27
#NNI moves:1/236
Guide Tree 21/27
#NNI moves:5/236
Guide Tree 22/27
#NNI moves:0/236
Guide Tree 23/27
#NNI moves:2/236
Guide Tree 24/27
#NNI moves:2/236
Guide Tree 25/27
#NNI moves:0/236
Guide Tree 26/27
#NNI moves:1/236
Remaining: 2
#NNI moves:30/236
#NNI moves:30/236
(((((((((((((T109,T194),T46),T156),((((((((T170,T153),T17),T90),T29),T77),((T42,T130),T134)),(T137,T169)),((((T159,T16),T9),(T91,((T88,T35),T120))),((T132,T54),T15)))),((((T65,T41),T24),T85),T152)),((((T57,T131),T150),T119),T6)),((((((((T191,T59),T187),T108),T92),T20),(T174,T147)),((((T189,T83),T188),T123),T3)),(((T155,T102),T163),T78))),(((((((((T154,T146),T167),T149),T162),T151),T22),((T12,T141),T93)),((T26,T184),(T73,(T31,T185)))),T60)),((((((T25,((T148,T48),T51)),(T160,T37)),(((T143,(T23,(T164,T173))),T142),T82)),T34),(T186,(((((T107,T96),(T171,T84)),T86),(T1,T175)),(T50,T139)))),T70)),((((((T115,(T28,T69)),T103),T190),T129),((T105,((((T168,T95),T112),(T124,T166)),(((T87,T44),T178),T2))),(T177,((T45,T199),(T67,T176))))),((((T38,T40),(((T127,(T14,T99)),T121),T43)),(((((T104,T64),(T81,T195)),T198),T133),(T125,T117))),T196))),(((T113,(T80,T136)),T66),((((T18,T182),(T181,T126)),T97),(T74,(T157,T32))))),((((((((T8,T68),(T5,T183)),T4),(((T106,T61),(T89,T138)),(((T10,T56),((T158,(T180,T110)),T36)),T53))),((((T94,T100),(T49,T165)),T192),(T63,T76))),((((T135,T140),(T200,T118)),(T58,T128)),((((T39,T33),(T144,T79)),(T7,(((T114,T98),T75),T13))),((T71,T101),T122)))),((((((T116,T193),(T55,T145)),(T72,T161)),(T27,T52)),(((T19,(T172,T179)),(T197,T21)),(T111,(T11,T47)))),T30)),T0)),T62);
Guide Tree 0/27
#NNI moves:9/236
Guide Tree 1/27
#NNI moves:3/236
Guide Tree 2/27
#NNI moves:3/236
Guide Tree 3/27
#NNI moves:0/236
Guide Tree 4/27
#NNI moves:3/236
Guide Tree 5/27
#NNI moves:0/236
Guide Tree 6/27
#NNI moves:5/236
Guide Tree 7/27
#NNI moves:3/236
Guide Tree 8/27
#NNI moves:1/236
Guide Tree 9/27
#NNI moves:0/236
Guide Tree 10/27
#NNI moves:0/236
Guide Tree 11/27
#NNI moves:1/236
Guide Tree 12/27
#NNI moves:5/236
Guide Tree 13/27
#NNI moves:0/236
Guide Tree 14/27
#NNI moves:0/236
Guide Tree 15/27
#NNI moves:1/236
Guide Tree 16/27
#NNI moves:5/236
Guide Tree 17/27
#NNI moves:4/236
Guide Tree 18/27
#NNI moves:4/236
Guide Tree 19/27
#NNI moves:4/236
Guide Tree 20/27
#NNI moves:3/236
Guide Tree 21/27
#NNI moves:0/236
Guide Tree 22/27
#NNI moves:4/236
Guide Tree 23/27
#NNI moves:0/236
Guide Tree 24/27
#NNI moves:1/236
Guide Tree 25/27
#NNI moves:4/236
Guide Tree 26/27
#NNI moves:1/236
Remaining: 0
#NNI moves:10/236
#NNI moves:10/236
(((((((((((((((T120,(T88,T35)),T91),((T159,T16),T9)),((T132,T54),T15)),((((T29,(((T153,T170),T17),T90)),T77),((T130,T42),T134)),(T137,T169))),(((T109,T194),T46),T156)),((T85,(T24,(T65,T41))),T152)),(((T150,(T131,T57)),T119),T6)),((((((((T59,T191),T187),T108),T92),T20),(T174,T147)),((((T83,T189),T188),T123),T3)),(T78,((T102,T155),T163)))),((((T73,(T185,T31)),(T26,T184)),((T93,(T141,T12)),((((((T146,T154),T167),T149),T162),T151),T22))),T60)),((((((((T23,(T164,T173)),T143),T142),T82),(((T51,(T48,T148)),T25),(T160,T37))),T34),((((T1,T175),(T86,((T96,T107),(T84,T171)))),(T139,T50)),T186)),T70)),(((((T117,T125),((((T104,T64),(T195,T81)),T198),T133)),(((T121,((T14,T99),T127)),T43),(T38,T40))),T196),((((((T166,T124),(T112,(T95,T168))),(T2,((T87,T44),T178))),T105),(((T176,T67),(T45,T199)),T177)),((T190,((T115,(T69,T28)),T103)),T129)))),((((T32,T157),T74),(((T182,T18),(T126,T181)),T97)),(T66,(T113,(T80,T136))))),((((((((T165,T49),(T94,T100)),T192),(T63,T76)),(((((((T180,T110),T158),T36),(T56,T10)),T53),((T106,T61),(T138,T89))),(((T5,T183),(T68,T8)),T4))),((((T140,T135),(T200,T118)),(T128,T58)),((T122,(T71,T101)),(((T33,T39),(T144,T79)),(((T75,(T98,T114)),T13),T7))))),(T30,((((T47,T11),T111),((T197,T21),((T179,T172),T19))),((((T116,T193),(T145,T55)),(T161,T72)),(T52,T27))))),T0)),T62);
Guide Tree 0/27
#NNI moves:1/236
Guide Tree 1/27
#NNI moves:5/236
Guide Tree 2/27
#NNI moves:0/236
Guide Tree 3/27
#NNI moves:2/236
Guide Tree 4/27
#NNI moves:3/236
Guide Tree 5/27
#NNI moves:0/236
Guide Tree 6/27
#NNI moves:4/236
Guide Tree 7/27
#NNI moves:0/236
Guide Tree 8/27
#NNI moves:0/236
Guide Tree 9/27
#NNI moves:0/236
Guide Tree 10/27
#NNI moves:1/236
Guide Tree 11/27
#NNI moves:0/236
Guide Tree 12/27
#NNI moves:0/236
Guide Tree 13/27
#NNI moves:0/236
Guide Tree 14/27
#NNI moves:1/236
Guide Tree 15/27
#NNI moves:2/236
Guide Tree 16/27
#NNI moves:1/236
Guide Tree 17/27
#NNI moves:0/236
Guide Tree 18/27
#NNI moves:1/236
Guide Tree 19/27
#NNI moves:0/236
Guide Tree 20/27
#NNI moves:3/236
Guide Tree 21/27
#NNI moves:1/236
Guide Tree 22/27
#NNI moves:2/236
Guide Tree 23/27
#NNI moves:0/236
Guide Tree 24/27
#NNI moves:0/236
Guide Tree 25/27
#NNI moves:0/236
Guide Tree 26/27
#NNI moves:1/236
Remaining: 0
#NNI moves:30/236
#NNI moves:30/236
((((((((((T163,(T155,T102)),T78),(((((((T59,T191),T187),T108),T92),T20),(T174,T147)),((T123,((T83,T189),T188)),T3))),(((((T131,T57),T150),T119),T6),((((((((T35,T88),T120),T91),((T159,T16),T9)),(T15,(T54,T132))),(((T134,(T42,T130)),(T77,((((T153,T170),T17),T90),T29))),(T137,T169))),(((T194,T109),T46),T156)),(((T24,(T65,T41)),T85),T152)))),(((((T12,T141),T93),(((((T167,(T154,T146)),T149),T162),T151),T22)),((T26,T184),((T31,T185),T73))),T60)),((((((((T107,T96),(T171,T84)),T86),(T175,T1)),(T139,T50)),T186),((((((T148,T48),T51),T25),(T37,T160)),(T82,(((T23,(T164,T173)),T143),T142))),T34)),T70)),(((((((T127,(T99,T14)),T121),T43),(T40,T38)),((T125,T117),(T133,(((T104,T64),(T195,T81)),T198)))),T196),((T129,((((T28,T69),T115),T103),T190)),(((((T178,(T87,T44)),T2),((T112,(T95,T168)),(T124,T166))),T105),(((T45,T199),(T67,T176)),T177))))),((((T80,T136),T113),T66),((((T18,T182),(T181,T126)),T97),((T157,T32),T74)))),((((((T58,T128),((T140,T135),(T118,T200))),(((T7,(((T98,T114),T75),T13)),((T39,T33),(T144,T79))),(T122,(T71,T101)))),(((((((T158,(T180,T110)),T36),(T56,T10)),T53),((T106,T61),(T138,T89))),(T4,((T8,T68),(T183,T5)))),((((T94,T100),(T49,T165)),T192),(T76,T63)))),((((T111,(T11,T47)),(((T172,T179),T19),(T197,T21))),((T52,T27),(((T193,T116),(T55,T145)),(T72,T161)))),T30)),T0)),T62);
Initial score: 3.82264e+10
Initial tree: ((((((((((T163,(T155,T102)),T78),(((((((T59,T191),T187),T108),T92),T20),(T174,T147)),((T123,((T83,T189),T188)),T3))),(((((T131,T57),T150),T119),T6),((((((((T35,T88),T120),T91),((T159,T16),T9)),(T15,(T54,T132))),(((T134,(T42,T130)),(T77,((((T153,T170),T17),T90),T29))),(T137,T169))),(((T194,T109),T46),T156)),(((T24,(T65,T41)),T85),T152)))),(((((T12,T141),T93),(((((T167,(T154,T146)),T149),T162),T151),T22)),((T26,T184),((T31,T185),T73))),T60)),((((((((T107,T96),(T171,T84)),T86),(T175,T1)),(T139,T50)),T186),((((((T148,T48),T51),T25),(T37,T160)),(T82,(((T23,(T164,T173)),T143),T142))),T34)),T70)),(((((((T127,(T99,T14)),T121),T43),(T40,T38)),((T125,T117),(T133,(((T104,T64),(T195,T81)),T198)))),T196),((T129,((((T28,T69),T115),T103),T190)),(((((T178,(T87,T44)),T2),((T112,(T95,T168)),(T124,T166))),T105),(((T45,T199),(T67,T176)),T177))))),((((T80,T136),T113),T66),((((T18,T182),(T181,T126)),T97),((T157,T32),T74)))),((((((T58,T128),((T140,T135),(T118,T200))),(((T7,(((T98,T114),T75),T13)),((T39,T33),(T144,T79))),(T122,(T71,T101)))),(((((((T158,(T180,T110)),T36),(T56,T10)),T53),((T106,T61),(T138,T89))),(T4,((T8,T68),(T183,T5)))),((((T94,T100),(T49,T165)),T192),(T76,T63)))),((((T111,(T11,T47)),(((T172,T179),T19),(T197,T21))),((T52,T27),(((T193,T116),(T55,T145)),(T72,T161)))),T30)),T0)),T62);
*** Subsample Process ***
Use two-step algorithm!
#NNI moves:1/236
Remaining: 1
#NNI moves:48/236
#NNI moves:48/236
((((((((((((((((((T165,T49),(T100,T94)),T192),(T63,T76)),((T4,((T183,T5),(T68,T8))),(((T89,T138),(T106,T61)),(((T36,((T180,T110),T158)),(T56,T10)),T53)))),((((T118,T200),(T135,T140)),(T128,T58)),((((T144,T79),(T33,T39)),(T7,(((T114,T98),T75),T13))),((T101,T71),T122)))),((((T111,(T11,T47)),((T19,(T179,T172)),(T21,T197))),(((T161,T72),((T145,T55),(T193,T116))),(T52,T27))),T30)),T0),T62),((((T32,T157),T74),(((T182,T18),(T181,T126)),T97)),((T113,(T136,T80)),T66))),((((((T198,((T104,T64),(T195,T81))),T133),(T125,T117)),((((T127,(T99,T14)),T121),T43),(T38,T40))),T196),(((((((T87,T44),T178),T2),((T166,T124),(T112,(T95,T168)))),T105),(((T45,T199),(T67,T176)),T177)),((((T115,(T28,T69)),T103),T190),T129)))),(((((((T51,(T148,T48)),T25),(T37,T160)),((((T23,(T173,T164)),T143),T142),T82)),T34),((((((T107,T96),(T84,T171)),T86),(T1,T175)),(T139,T50)),T186)),T70)),(((((((((T146,T154),T167),T149),T162),T151),T22),((T12,T141),T93)),((T73,(T31,T185)),(T184,T26))),T60)),(((((((T77,((((T170,T153),T17),T90),T29)),(T134,(T42,T130))),(T169,T137)),(((((T35,T88),T120),T91),((T159,T16),T9)),(T15,(T132,T54)))),((T46,(T194,T109)),T156)),((T85,((T41,T65),T24)),T152)),((((T131,T57),T150),T119),T6))),(((T20,((T108,(T187,(T191,T59))),T92)),(T174,T147)),(T3,(((T83,T189),T188),T123)))),T78),(T102,T155)),T163);
#NNI moves:2/236
Remaining: 1
#NNI moves:35/236
#NNI moves:38/236
(((((((((((T11,T47),T111),((T19,(T172,T179)),(T197,T21))),((T27,T52),(((T55,T145),(T116,T193)),(T161,T72)))),T30),(((((((((((((T109,T194),T46),T156),((((((T90,(T17,(T170,T153))),T29),T77),((T42,T130),T134)),(T169,T137)),((((T159,T16),T9),(T91,(T120,(T35,T88)))),(T15,(T132,T54))))),((T85,((T65,T41),T24)),T152)),((T119,((T57,T131),T150)),T6)),(((((T92,((T187,(T59,T191)),T108)),T20),(T147,T174)),((T123,(T188,(T189,T83))),T3)),(T78,(T163,(T102,T155))))),((((((T162,((T167,(T146,T154)),T149)),T151),T22),((T12,T141),T93)),(((T31,T185),T73),(T184,T26))),T60)),((((((T37,T160),(((T148,T48),T51),T25)),(((T143,((T164,T173),T23)),T142),T82)),T34),((((((T84,T171),(T96,T107)),T86),(T175,T1)),(T50,T139)),T186)),T70)),((((((((T64,T104),(T195,T81)),T198),T133),(T117,T125)),((T43,(((T14,T99),T127),T121)),(T40,T38))),T196),(((((T45,T199),(T176,T67)),T177),(((((T95,T168),T112),(T166,T124)),(((T44,T87),T178),T2)),T105)),(((((T28,T69),T115),T103),T190),T129)))),((T66,(T113,(T136,T80))),(((T32,T157),T74),(((T126,T181),(T18,T182)),T97)))),T62),T0)),(((((T33,T39),(T79,T144)),((((T98,T114),T75),T13),T7)),((T101,T71),T122)),((T128,T58),((T200,T118),(T135,T140))))),((T4,((T183,T5),(T68,T8))),(((T106,T61),(T138,T89)),((((T158,(T180,T110)),T36),(T56,T10)),T53)))),(T63,T76)),((T94,T100),(T165,T49))),T192);
#NNI moves:0/236
Remaining: 3
#NNI moves:25/236
#NNI moves:25/236
((((((((((((((((((((((((T114,T98),T75),T13),T7),((T79,T144),(T39,T33))),((T101,T71),T122)),((T128,T58),((T118,T200),(T135,T140)))),((((((((T110,T180),T158),T36),(T10,T56)),T53),((T106,T61),(T138,T89))),(((T5,T183),(T8,T68)),T4)),((((T100,T94),(T165,T49)),T192),(T76,T63)))),((((((T55,T145),(T116,T193)),(T72,T161)),(T52,T27)),(((T19,(T172,T179)),(T197,T21)),((T47,T11),T111))),T30)),T0),T62),((((T32,T157),T74),(((T126,T181),(T182,T18)),T97)),(T66,((T80,T136),T113)))),((((((((T14,T99),T127),T121),T43),(T40,T38)),(((T198,((T81,T195),(T64,T104))),T133),(T125,T117))),T196),((((((T69,T28),T115),T103),T190),T129),((((T67,T176),(T45,T199)),T177),((((T112,(T95,T168)),(T166,T124)),(((T44,T87),T178),T2)),T105))))),((((((T37,T160),(T25,((T48,T148),T51))),(((((T164,T173),T23),T143),T142),T82)),T34),((((T1,T175),(T86,((T84,T171),(T96,T107)))),(T139,T50)),T186)),T70)),(((((T141,T12),T93),((((((T154,T146),T167),T149),T162),T151),T22)),((T26,T184),((T31,T185),T73))),T60)),((((((T189,T83),T188),T123),T3),((((((T191,T59),T187),T108),T92),T20),(T174,T147))),(T78,((T155,T102),T163)))),((((T131,T57),T150),T119),T6)),(T152,((T24,(T41,T65)),T85))),(((T194,T109),T46),T156)),(((T77,((T90,((T153,T170),T17)),T29)),((T42,T130),T134)),(T137,T169))),(T15,(T54,T132))),(((T88,T35),T120),T91)),(T16,T159)),T9);
#NNI moves:2/236
Remaining: 0
#NNI moves:22/236
#NNI moves:23/236
(((((((((((((((((((((T42,T130),T134),(((((T170,T153),T17),T90),T29),T77)),(T169,T137)),(((((T35,T88),T120),T91),((T159,T16),T9)),((T132,T54),T15))),(((T194,T109),T46),T156)),((((T65,T41),T24),T85),T152)),((((T131,T57),T150),T119),T6)),((((((((T59,T191),T187),T108),T92),T20),(T174,T147)),(T3,(((T83,T189),T188),T123))),(((T102,T155),T163),T78))),((((T73,(T31,T185)),(T184,T26)),((((T162,(T149,(T167,(T154,T146)))),T151),T22),(T93,(T141,T12)))),T60)),(((T34,(((((T148,T48),T51),T25),(T160,T37)),(((((T173,T164),T23),T143),T142),T82))),(T186,(((T175,T1),(T86,((T96,T107),(T171,T84)))),(T139,T50)))),T70)),(((((((T127,(T14,T99)),T121),T43),(T38,T40)),(((((T81,T195),(T64,T104)),T198),T133),(T117,T125))),T196),((((((T124,T166),(T112,(T95,T168))),((T178,(T44,T87)),T2)),T105),(((T67,T176),(T199,T45)),T177)),(((((T69,T28),T115),T103),T190),T129)))),((((T80,T136),T113),T66),(((T32,T157),T74),(((T181,T126),(T182,T18)),T97)))),T62),T0),(T30,(((((T172,T179),T19),(T21,T197)),((T11,T47),T111)),(((T72,T161),((T116,T193),(T55,T145))),(T27,T52))))),(((((T183,T5),(T68,T8)),T4),(((T106,T61),(T89,T138)),(((((T180,T110),T158),T36),(T10,T56)),T53))),((((T100,T94),(T165,T49)),T192),(T63,T76)))),((((T144,T79),(T39,T33)),(T7,(T13,((T114,T98),T75)))),(T122,(T101,T71)))),((T135,T140),(T118,T200))),T58),T128);
Current score: 3.82264e+10
Current tree: (((((((((((((((T42,T130),T134),(((((T170,T153),T17),T90),T29),T77)),(T169,T137)),(((((T35,T88),T120),T91),((T159,T16),T9)),((T132,T54),T15))),(((T194,T109),T46),T156)),((((T65,T41),T24),T85),T152)),((((T131,T57),T150),T119),T6)),((((((((T59,T191),T187),T108),T92),T20),(T174,T147)),(T3,(((T83,T189),T188),T123))),(((T102,T155),T163),T78))),((((T73,(T31,T185)),(T184,T26)),((((T162,(T149,(T167,(T154,T146)))),T151),T22),(T93,(T141,T12)))),T60)),(((T34,(((((T148,T48),T51),T25),(T160,T37)),(((((T173,T164),T23),T143),T142),T82))),(T186,(((T175,T1),(T86,((T96,T107),(T171,T84)))),(T139,T50)))),T70)),(((((((T127,(T14,T99)),T121),T43),(T38,T40)),(((((T81,T195),(T64,T104)),T198),T133),(T117,T125))),T196),((((((T124,T166),(T112,(T95,T168))),((T178,(T44,T87)),T2)),T105),(((T67,T176),(T199,T45)),T177)),(((((T69,T28),T115),T103),T190),T129)))),((((T80,T136),T113),T66),(((T32,T157),T74),(((T181,T126),(T182,T18)),T97)))),(T0,((T30,(((((T172,T179),T19),(T21,T197)),((T11,T47),T111)),(((T72,T161),((T116,T193),(T55,T145))),(T27,T52)))),((((((T183,T5),(T68,T8)),T4),(((T106,T61),(T89,T138)),(((((T180,T110),T158),T36),(T10,T56)),T53))),((((T100,T94),(T165,T49)),T192),(T63,T76))),(((((T144,T79),(T39,T33)),(T7,(T13,((T114,T98),T75)))),(T122,(T101,T71))),(((T135,T140),(T118,T200)),(T58,T128))))))),T62);
Final Tree: (((((((((((((((T42,T130),T134),(((((T170,T153),T17),T90),T29),T77)),(T169,T137)),(((((T35,T88),T120),T91),((T159,T16),T9)),((T132,T54),T15))),(((T194,T109),T46),T156)),((((T65,T41),T24),T85),T152)),((((T131,T57),T150),T119),T6)),((((((((T59,T191),T187),T108),T92),T20),(T174,T147)),(T3,(((T83,T189),T188),T123))),(((T102,T155),T163),T78))),((((T73,(T31,T185)),(T184,T26)),((((T162,(T149,(T167,(T154,T146)))),T151),T22),(T93,(T141,T12)))),T60)),(((T34,(((((T148,T48),T51),T25),(T160,T37)),(((((T173,T164),T23),T143),T142),T82))),(T186,(((T175,T1),(T86,((T96,T107),(T171,T84)))),(T139,T50)))),T70)),(((((((T127,(T14,T99)),T121),T43),(T38,T40)),(((((T81,T195),(T64,T104)),T198),T133),(T117,T125))),T196),((((((T124,T166),(T112,(T95,T168))),((T178,(T44,T87)),T2)),T105),(((T67,T176),(T199,T45)),T177)),(((((T69,T28),T115),T103),T190),T129)))),((((T80,T136),T113),T66),(((T32,T157),T74),(((T181,T126),(T182,T18)),T97)))),(T0,((T30,(((((T172,T179),T19),(T21,T197)),((T11,T47),T111)),(((T72,T161),((T116,T193),(T55,T145))),(T27,T52)))),((((((T183,T5),(T68,T8)),T4),(((T106,T61),(T89,T138)),(((((T180,T110),T158),T36),(T10,T56)),T53))),((((T100,T94),(T165,T49)),T192),(T63,T76))),(((((T144,T79),(T39,T33)),(T7,(T13,((T114,T98),T75)))),(T122,(T101,T71))),(((T135,T140),(T118,T200)),(T58,T128))))))),T62);
Score: 3.822644274e+10

real	1m36.713s
user	27m1.042s
sys	0m20.907s
