Weighted ASTRAL - Hybrid
Version: v1.13.2.3
#Genetrees: 2000
#Species: 201
#Rounds: 4
#Samples: 4
#Threads: 32
Use two-step algorithm!
Guide Tree 0/27
#NNI moves:3/236
Guide Tree 1/27
#NNI moves:1/236
Guide Tree 2/27
#NNI moves:0/236
Guide Tree 3/27
#NNI moves:3/236
Guide Tree 4/27
#NNI moves:6/236
Guide Tree 5/27
#NNI moves:4/236
Guide Tree 6/27
#NNI moves:1/236
Guide Tree 7/27
#NNI moves:0/236
Guide Tree 8/27
#NNI moves:0/236
Guide Tree 9/27
#NNI moves:4/236
Guide Tree 10/27
#NNI moves:1/236
Guide Tree 11/27
#NNI moves:3/236
Guide Tree 12/27
#NNI moves:0/236
Guide Tree 13/27
#NNI moves:3/236
Guide Tree 14/27
#NNI moves:3/236
Guide Tree 15/27
#NNI moves:0/236
Guide Tree 16/27
#NNI moves:3/236
Guide Tree 17/27
#NNI moves:0/236
Guide Tree 18/27
#NNI moves:3/236
Guide Tree 19/27
#NNI moves:3/236
Guide Tree 20/27
#NNI moves:1/236
Guide Tree 21/27
#NNI moves:0/236
Guide Tree 22/27
#NNI moves:0/236
Guide Tree 23/27
#NNI moves:0/236
Guide Tree 24/27
#NNI moves:6/236
Guide Tree 25/27
#NNI moves:3/236
Guide Tree 26/27
#NNI moves:0/236
Remaining: 4
#NNI moves:27/236
#NNI moves:27/236
(((((((((((((T139,T23),T52),T78),((T177,T113),T109)),(((((T49,T193),(T120,(T88,T160))),T122),T42),((T22,T31),T19))),(((T55,((T150,T70),(T62,T87))),(((((T13,T144),(T168,T57)),((T83,T12),(T50,T159))),(T64,T200)),T172)),T85)),((((T69,(T33,(T76,T40))),((T194,T111),T37)),(T185,T115)),((T198,T110),T30))),((((((((((((T145,T97),T32),T44),(((T184,T81),T152),T36)),((((((T71,T162),T35),T117),(T130,T189)),(T53,T135)),T45)),(T118,T169)),T17),((((((((T131,T156),T151),((T90,T165),T186)),(T73,((T94,(T146,T155)),T178))),T138),(T27,T142)),(T79,T5)),T104)),(T66,T84)),(((((((T43,(T25,T63)),T16),T99),T102),((T196,(T96,T3)),(T175,T166))),(((T129,(T8,((T77,T179),T148))),(T127,T4)),T163)),(((T18,T26),T128),((T47,T2),T24)))),((((((((T121,((((T137,T39),T173),T170),T91)),((T92,T59),T28)),T195),T124),T143),(T140,(((T75,T38),(T197,T134)),((T86,T89),T61)))),((((T82,(T34,T132)),T14),T174),T20)),((T54,(T190,T119)),(T107,(((T6,T171),T116),T9))))),T0)),((((((((T180,T106),T123),(T125,T183)),((T187,(T136,T60)),((T11,(T199,T67)),T112))),(((T182,T164),T161),T65)),((((T80,T29),T153),T149),(((T126,T74),T100),T21))),(T41,(T114,T157))),(((T192,T93),T15),T58))),(((((T141,T68),((T98,T1),T46)),(T188,T72)),((T133,T105),(T10,T95))),(((((T101,T108),((T103,T154),T48)),(T181,T167)),((T51,T7),T158)),T191))),T56),T147),T176);
Guide Tree 0/27
#NNI moves:6/236
Guide Tree 1/27
#NNI moves:3/236
Guide Tree 2/27
#NNI moves:1/236
Guide Tree 3/27
#NNI moves:1/236
Guide Tree 4/27
#NNI moves:1/236
Guide Tree 5/27
#NNI moves:1/236
Guide Tree 6/27
#NNI moves:3/236
Guide Tree 7/27
#NNI moves:2/236
Guide Tree 8/27
#NNI moves:1/236
Guide Tree 9/27
#NNI moves:2/236
Guide Tree 10/27
#NNI moves:4/236
Guide Tree 11/27
#NNI moves:0/236
Guide Tree 12/27
#NNI moves:0/236
Guide Tree 13/27
#NNI moves:1/236
Guide Tree 14/27
#NNI moves:2/236
Guide Tree 15/27
#NNI moves:4/236
Guide Tree 16/27
#NNI moves:1/236
Guide Tree 17/27
#NNI moves:4/236
Guide Tree 18/27
#NNI moves:3/236
Guide Tree 19/27
#NNI moves:0/236
Guide Tree 20/27
#NNI moves:1/236
Guide Tree 21/27
#NNI moves:3/236
Guide Tree 22/27
#NNI moves:0/236
Guide Tree 23/27
#NNI moves:3/236
Guide Tree 24/27
#NNI moves:4/236
Guide Tree 25/27
#NNI moves:2/236
Guide Tree 26/27
#NNI moves:1/236
Remaining: 3
#NNI moves:28/236
#NNI moves:32/236
(((((((((((((((((T63,T25),T43),T16),T99),T102),((T175,T166),(T196,(T96,T3)))),(((T4,T127),((T8,((T77,T179),T148)),T129)),T163)),(((T26,T18),T128),((T47,T2),T24))),(((((((T44,((T145,T97),T32)),((T152,(T184,T81)),T36)),((((((T71,T162),T35),T117),(T189,T130)),(T135,T53)),T45)),(T169,T118)),T17),(((T79,T5),((((((T165,T90),T186),(T151,(T131,T156))),(T73,(((T146,T155),T94),T178))),T138),(T27,T142))),T104)),(T66,T84))),(((((((T34,T132),T82),T14),T174),T20),(((((T38,T75),(T134,T197)),(T61,(T86,T89))),T140),(((((((T170,(T173,(T137,T39))),T91),T121),((T59,T92),T28)),T195),T124),T143))),(((T190,T119),T54),((((T6,T171),T116),T9),T107)))),T0),((((((T177,T113),T109),(((T23,T139),T52),T78)),(((((T49,T193),((T160,T88),T120)),T122),T42),((T22,T31),T19))),(((((((T144,T13),(T168,T57)),((T159,T50),(T12,T83))),(T64,T200)),T172),(((T150,T70),(T87,T62)),T55)),T85)),((((((T76,T40),T33),T69),((T111,T194),T37)),(T115,T185)),((T110,T198),T30)))),((((((((T60,T136),T187),((T11,(T199,T67)),T112)),(((T106,T180),T123),(T125,T183))),(((T182,T164),T161),T65)),((T21,((T126,T74),T100)),(((T29,T80),T153),T149))),((T114,T157),T41)),(((T93,T192),T15),T58))),((((((T48,(T103,T154)),(T108,T101)),(T181,T167)),(T158,(T51,T7))),T191),(((T105,T133),(T95,T10)),(((T141,T68),(T46,(T1,T98))),(T188,T72))))),T56),T147),T176);
Guide Tree 0/27
#NNI moves:1/236
Guide Tree 1/27
#NNI moves:0/236
Guide Tree 2/27
#NNI moves:4/236
Guide Tree 3/27
#NNI moves:0/236
Guide Tree 4/27
#NNI moves:1/236
Guide Tree 5/27
#NNI moves:1/236
Guide Tree 6/27
#NNI moves:1/236
Guide Tree 7/27
#NNI moves:2/236
Guide Tree 8/27
#NNI moves:1/236
Guide Tree 9/27
#NNI moves:5/236
Guide Tree 10/27
#NNI moves:5/236
Guide Tree 11/27
#NNI moves:0/236
Guide Tree 12/27
#NNI moves:2/236
Guide Tree 13/27
#NNI moves:2/236
Guide Tree 14/27
#NNI moves:1/236
Guide Tree 15/27
#NNI moves:2/236
Guide Tree 16/27
#NNI moves:5/236
Guide Tree 17/27
#NNI moves:1/236
Guide Tree 18/27
#NNI moves:2/236
Guide Tree 19/27
#NNI moves:0/236
Guide Tree 20/27
#NNI moves:0/236
Guide Tree 21/27
#NNI moves:1/236
Guide Tree 22/27
#NNI moves:1/236
Guide Tree 23/27
#NNI moves:1/236
Guide Tree 24/27
#NNI moves:2/236
Guide Tree 25/27
#NNI moves:0/236
Guide Tree 26/27
#NNI moves:1/236
Remaining: 1
#NNI moves:6/236
#NNI moves:6/236
(((((((((((((((T27,T142),((((((T146,T155),T94),T178),T73),((T151,(T131,T156)),((T90,T165),T186))),T138)),(T5,T79)),T104),((((T45,(((((T162,T71),T35),T117),(T189,T130)),(T53,T135))),((((T184,T81),T152),T36),(T44,(T32,(T97,T145))))),(T118,T169)),T17)),(T66,T84)),(((((T99,(T16,((T63,T25),T43))),T102),((T196,(T96,T3)),(T175,T166))),(((T127,T4),(T129,((T148,(T77,T179)),T8))),T163)),((T128,(T26,T18)),((T47,T2),T24)))),((((((((T121,(((T173,(T137,T39)),T170),T91)),((T92,T59),T28)),T195),T124),T143),((((T38,T75),(T197,T134)),((T89,T86),T61)),T140)),(T20,((((T34,T132),T82),T14),T174))),(((T119,T190),T54),(T107,(((T171,T6),T116),T9))))),T0),(((((((((T12,T83),(T50,T159)),((T144,T13),(T57,T168))),(T200,T64)),T172),(T55,((T62,T87),(T150,T70)))),T85),(((((((T160,T88),T120),(T193,T49)),T122),T42),(T19,(T31,T22))),(((T113,T177),T109),(T78,((T139,T23),T52))))),((((T69,((T40,T76),T33)),((T194,T111),T37)),(T115,T185)),((T198,T110),T30)))),(((((T149,((T80,T29),T153)),(T21,(T100,(T126,T74)))),(((T161,(T182,T164)),T65),((((T60,T136),T187),(((T199,T67),T11),T112)),(((T106,T180),T123),(T183,T125))))),((T114,T157),T41)),((T15,(T192,T93)),T58))),((((((T1,T98),T46),(T141,T68)),(T72,T188)),((T95,T10),(T105,T133))),(((T158,(T51,T7)),((((T103,T154),T48),(T108,T101)),(T167,T181))),T191))),T56),T147),T176);
Guide Tree 0/27
#NNI moves:0/236
Guide Tree 1/27
#NNI moves:1/236
Guide Tree 2/27
#NNI moves:0/236
Guide Tree 3/27
#NNI moves:1/236
Guide Tree 4/27
#NNI moves:3/236
Guide Tree 5/27
#NNI moves:0/236
Guide Tree 6/27
#NNI moves:1/236
Guide Tree 7/27
#NNI moves:0/236
Guide Tree 8/27
#NNI moves:3/236
Guide Tree 9/27
#NNI moves:0/236
Guide Tree 10/27
#NNI moves:1/236
Guide Tree 11/27
#NNI moves:0/236
Guide Tree 12/27
#NNI moves:0/236
Guide Tree 13/27
#NNI moves:0/236
Guide Tree 14/27
#NNI moves:0/236
Guide Tree 15/27
#NNI moves:0/236
Guide Tree 16/27
#NNI moves:1/236
Guide Tree 17/27
#NNI moves:3/236
Guide Tree 18/27
#NNI moves:1/236
Guide Tree 19/27
#NNI moves:1/236
Guide Tree 20/27
#NNI moves:2/236
Guide Tree 21/27
#NNI moves:1/236
Guide Tree 22/27
#NNI moves:0/236
Guide Tree 23/27
#NNI moves:0/236
Guide Tree 24/27
#NNI moves:0/236
Guide Tree 25/27
#NNI moves:0/236
Guide Tree 26/27
#NNI moves:0/236
Remaining: 2
#NNI moves:21/236
#NNI moves:23/236
((((((((((((((((((T170,((T39,T137),T173)),T91),T121),((T92,T59),T28)),T195),T124),T143),((((T89,T86),T61),((T75,T38),(T134,T197))),T140)),(((T14,((T132,T34),T82)),T174),T20)),(((((T171,T6),T116),T9),T107),((T119,T190),T54))),(((((((((((T35,(T162,T71)),T117),(T130,T189)),(T135,T53)),T45),((((T145,T97),T32),T44),(((T184,T81),T152),T36))),(T169,T118)),T17),(((((((((T146,T155),T94),T178),T73),((T186,(T90,T165)),((T131,T156),T151))),T138),(T142,T27)),(T79,T5)),T104)),(T84,T66)),(((T128,(T18,T26)),((T2,T47),T24)),(((((((T25,T63),T43),T16),T99),T102),(((T3,T96),T196),(T175,T166))),((((((T179,T77),T148),T8),T129),(T4,T127)),T163))))),T0),(((((((T139,T23),T52),T78),((T177,T113),T109)),(((T122,(((T160,T88),T120),(T193,T49))),T42),((T22,T31),T19))),(((((((T57,T168),(T13,T144)),((T83,T12),(T159,T50))),(T200,T64)),T172),(((T62,T87),(T70,T150)),T55)),T85)),(((((T33,(T76,T40)),T69),(T37,(T111,T194))),(T115,T185)),((T110,T198),T30)))),(((((((T74,T126),T100),T21),(((T29,T80),T153),T149)),((((T182,T164),T161),T65),((((T180,T106),T123),(T183,T125)),((T112,((T67,T199),T11)),((T60,T136),T187))))),((T114,T157),T41)),(((T192,T93),T15),T58))),(((((((T103,T154),T48),(T101,T108)),(T167,T181)),(T158,(T51,T7))),T191),(((T10,T95),(T133,T105)),(((T141,T68),(T46,(T1,T98))),(T72,T188))))),T56),T147),T176);
Initial score: 3.90857e+10
Initial tree: ((((((((((((((((((T170,((T39,T137),T173)),T91),T121),((T92,T59),T28)),T195),T124),T143),((((T89,T86),T61),((T75,T38),(T134,T197))),T140)),(((T14,((T132,T34),T82)),T174),T20)),(((((T171,T6),T116),T9),T107),((T119,T190),T54))),(((((((((((T35,(T162,T71)),T117),(T130,T189)),(T135,T53)),T45),((((T145,T97),T32),T44),(((T184,T81),T152),T36))),(T169,T118)),T17),(((((((((T146,T155),T94),T178),T73),((T186,(T90,T165)),((T131,T156),T151))),T138),(T142,T27)),(T79,T5)),T104)),(T84,T66)),(((T128,(T18,T26)),((T2,T47),T24)),(((((((T25,T63),T43),T16),T99),T102),(((T3,T96),T196),(T175,T166))),((((((T179,T77),T148),T8),T129),(T4,T127)),T163))))),T0),(((((((T139,T23),T52),T78),((T177,T113),T109)),(((T122,(((T160,T88),T120),(T193,T49))),T42),((T22,T31),T19))),(((((((T57,T168),(T13,T144)),((T83,T12),(T159,T50))),(T200,T64)),T172),(((T62,T87),(T70,T150)),T55)),T85)),(((((T33,(T76,T40)),T69),(T37,(T111,T194))),(T115,T185)),((T110,T198),T30)))),(((((((T74,T126),T100),T21),(((T29,T80),T153),T149)),((((T182,T164),T161),T65),((((T180,T106),T123),(T183,T125)),((T112,((T67,T199),T11)),((T60,T136),T187))))),((T114,T157),T41)),(((T192,T93),T15),T58))),(((((((T103,T154),T48),(T101,T108)),(T167,T181)),(T158,(T51,T7))),T191),(((T10,T95),(T133,T105)),(((T141,T68),(T46,(T1,T98))),(T72,T188))))),T56),T147),T176);
*** Subsample Process ***
Use two-step algorithm!
#NNI moves:0/236
Remaining: 1
#NNI moves:27/236
#NNI moves:31/236
((((((((((((((((((T131,T156),T151),((T165,T90),T186)),(((T94,(T155,T146)),T178),T73)),T138),(T142,T27)),(T5,T79)),T104),(((((((((T71,T162),T35),T117),(T130,T189)),(T135,T53)),T45),((T44,((T145,T97),T32)),(((T81,T184),T152),T36))),(T118,T169)),T17)),(T66,T84)),((((T2,T47),T24),((T18,T26),T128)),((((T166,T175),((T96,T3),T196)),(((((T25,T63),T43),T16),T99),T102)),(((T4,T127),((((T179,T77),T148),T8),T129)),T163)))),((((((((T10,T95),(T133,T105)),(((T141,T68),((T1,T98),T46)),(T188,T72))),(((((T48,(T103,T154)),(T101,T108)),(T181,T167)),((T51,T7),T158)),T191)),((T147,T176),T56)),(((((((T80,T29),T153),T149),(T21,((T126,T74),T100))),((T65,(T161,(T164,T182))),((((T180,T106),T123),(T125,T183)),((T187,(T60,T136)),((T11,(T199,T67)),T112))))),((T114,T157),T41)),(T58,((T93,T192),T15)))),(((((((((T12,T83),(T50,T159)),((T168,T57),(T13,T144))),(T200,T64)),T172),(T55,((T70,T150),(T62,T87)))),T85),(((((((T88,T160),T120),(T193,T49)),T122),T42),((T31,T22),T19)),((T109,(T177,T113)),(((T139,T23),T52),T78)))),(((((T111,T194),T37),(T69,((T76,T40),T33))),(T185,T115)),((T110,T198),T30)))),T0)),((T107,((T116,(T6,T171)),T9)),((T190,T119),T54))),(((((T132,T34),T82),T14),T174),T20)),((((T86,T89),T61),((T197,T134),(T75,T38))),T140)),T143),(((((T170,(T173,(T39,T137))),T91),T121),(T28,(T92,T59))),T195)),T124);
#NNI moves:2/236
Remaining: 3
#NNI moves:21/236
#NNI moves:24/236
(((((((((((((T26,T18),T128),(T24,(T47,T2))),((((T4,T127),((T8,((T179,T77),T148)),T129)),T163),((T102,((((T63,T25),T43),T16),T99)),((T196,(T96,T3)),(T166,T175))))),(((((((((T117,((T71,T162),T35)),(T130,T189)),(T135,T53)),T45),(((T32,(T145,T97)),T44),(T36,(T152,(T184,T81))))),(T118,T169)),T17),((((((((T94,(T155,T146)),T178),T73),(((T90,T165),T186),((T156,T131),T151))),T138),(T142,T27)),(T5,T79)),T104)),(T84,T66))),(((((((T197,T134),(T75,T38)),((T89,T86),T61)),T140),((((((T91,(((T137,T39),T173),T170)),T121),((T92,T59),T28)),T195),T124),T143)),((T174,((T82,(T132,T34)),T14)),T20)),(((T9,((T6,T171),T116)),T107),(T54,(T190,T119))))),T0),((((((T113,T177),T109),(T78,((T139,T23),T52))),(((T122,((T193,T49),((T160,T88),T120))),T42),((T31,T22),T19))),(((((((T13,T144),(T168,T57)),((T12,T83),(T50,T159))),(T64,T200)),T172),(((T70,T150),(T87,T62)),T55)),T85)),((((T37,(T194,T111)),(((T40,T76),T33),T69)),(T185,T115)),((T198,T110),T30)))),((T58,((T93,T192),T15)),((((T149,((T80,T29),T153)),(((T126,T74),T100),T21)),((((T112,((T67,T199),T11)),(T187,(T136,T60))),(((T106,T180),T123),(T125,T183))),(((T164,T182),T161),T65))),(T41,(T114,T157))))),(((((T181,T167),((T48,(T103,T154)),(T101,T108))),((T7,T51),T158)),T191),((((T68,T141),((T98,T1),T46)),(T72,T188)),((T133,T105),(T10,T95))))),T56),T176),T147);
#NNI moves:0/236
Remaining: 1
#NNI moves:18/236
#NNI moves:19/236
(((((((((((((((((((T67,T199),T11),T112),(T187,(T60,T136))),(((T180,T106),T123),(T125,T183))),(((T182,T164),T161),T65)),((((T29,T80),T153),T149),(((T126,T74),T100),T21))),(T41,(T114,T157))),(((T93,T192),T15),T58)),(((T176,T147),T56),((((((T101,T108),((T154,T103),T48)),(T181,T167)),(T158,(T7,T51))),T191),(((T72,T188),((T68,T141),((T1,T98),T46))),((T105,T133),(T95,T10)))))),((((((T177,T113),T109),((T52,(T23,T139)),T78)),((((((T160,T88),T120),(T49,T193)),T122),T42),((T31,T22),T19))),(((((T64,T200),(((T57,T168),(T13,T144)),((T159,T50),(T83,T12)))),T172),(T55,((T62,T87),(T150,T70)))),T85)),(((((T194,T111),T37),(((T40,T76),T33),T69)),(T115,T185)),((T110,T198),T30)))),T0),((((((((((((T137,T39),T173),T170),T91),T121),((T92,T59),T28)),T195),T124),T143),((((T75,T38),(T197,T134)),(T61,(T86,T89))),T140)),((((T82,(T34,T132)),T14),T174),T20)),(((T9,(T116,(T6,T171))),T107),((T190,T119),T54)))),((((((((((T90,T165),T186),(T151,(T131,T156))),((((T146,T155),T94),T178),T73)),T138),(T27,T142)),(T5,T79)),T104),(((((((((T71,T162),T35),T117),(T130,T189)),(T135,T53)),T45),((T36,(T152,(T184,T81))),(((T97,T145),T32),T44))),(T118,T169)),T17)),(T66,T84))),(((((((T25,T63),T43),T16),T99),T102),(((T3,T96),T196),(T175,T166))),(((T129,(((T179,T77),T148),T8)),(T4,T127)),T163))),(T24,(T2,T47))),T128),T26),T18);
#NNI moves:5/236
Remaining: 2
#NNI moves:44/236
#NNI moves:45/236
(((((((((((((((((((T131,T156),T151),(T186,(T165,T90))),((((T146,T155),T94),T178),T73)),T138),(T27,T142)),(T79,T5)),T104),((((((T152,(T184,T81)),T36),(((T97,T145),T32),T44)),((((T130,T189),(T117,((T162,T71),T35))),(T53,T135)),T45)),(T169,T118)),T17)),(T66,T84)),(((T128,(T26,T18)),((T2,T47),T24)),((((T166,T175),((T96,T3),T196)),((((T43,(T63,T25)),T16),T99),T102)),(T163,((((T148,(T179,T77)),T8),T129),(T4,T127)))))),(((((((((T92,T59),T28),(((T170,(T173,(T137,T39))),T91),T121)),T195),T124),T143),(T140,(((T89,T86),T61),((T134,T197),(T38,T75))))),(((T14,((T132,T34),T82)),T174),T20)),((((T116,(T6,T171)),T9),T107),(T54,(T119,T190))))),T0),(((((((T40,T76),T33),T69),((T194,T111),T37)),(T185,T115)),((T198,T110),T30)),((((((T87,T62),(T70,T150)),T55),(((((T159,T50),(T12,T83)),((T144,T13),(T168,T57))),(T64,T200)),T172)),T85),(((((((T160,T88),T120),(T49,T193)),T122),T42),((T22,T31),T19)),((T109,(T177,T113)),(((T23,T139),T52),T78)))))),(((((((T80,T29),T153),T149),((T100,(T126,T74)),T21)),((((T187,(T60,T136)),(T112,((T199,T67),T11))),(((T106,T180),T123),(T183,T125))),(T65,((T182,T164),T161)))),((T114,T157),T41)),(((T93,T192),T15),T58))),((((T72,T188),(((T98,T1),T46),(T68,T141))),((T133,T105),(T95,T10))),(T191,(((T51,T7),T158),(((T48,(T103,T154)),(T108,T101)),(T167,T181)))))),T56),T176),T147);
Current score: 3.90857e+10
Current tree: (((((((((((((((((((T131,T156),T151),(T186,(T165,T90))),((((T146,T155),T94),T178),T73)),T138),(T27,T142)),(T79,T5)),T104),((((((T152,(T184,T81)),T36),(((T97,T145),T32),T44)),((((T130,T189),(T117,((T162,T71),T35))),(T53,T135)),T45)),(T169,T118)),T17)),(T66,T84)),(((T128,(T26,T18)),((T2,T47),T24)),((((T166,T175),((T96,T3),T196)),((((T43,(T63,T25)),T16),T99),T102)),(T163,((((T148,(T179,T77)),T8),T129),(T4,T127)))))),(((((((((T92,T59),T28),(((T170,(T173,(T137,T39))),T91),T121)),T195),T124),T143),(T140,(((T89,T86),T61),((T134,T197),(T38,T75))))),(((T14,((T132,T34),T82)),T174),T20)),((((T116,(T6,T171)),T9),T107),(T54,(T119,T190))))),T0),(((((((T40,T76),T33),T69),((T194,T111),T37)),(T185,T115)),((T198,T110),T30)),((((((T87,T62),(T70,T150)),T55),(((((T159,T50),(T12,T83)),((T144,T13),(T168,T57))),(T64,T200)),T172)),T85),(((((((T160,T88),T120),(T49,T193)),T122),T42),((T22,T31),T19)),((T109,(T177,T113)),(((T23,T139),T52),T78)))))),(((((((T80,T29),T153),T149),((T100,(T126,T74)),T21)),((((T187,(T60,T136)),(T112,((T199,T67),T11))),(((T106,T180),T123),(T183,T125))),(T65,((T182,T164),T161)))),((T114,T157),T41)),(((T93,T192),T15),T58))),((((T72,T188),(((T98,T1),T46),(T68,T141))),((T133,T105),(T95,T10))),(T191,(((T51,T7),T158),(((T48,(T103,T154)),(T108,T101)),(T167,T181)))))),T56),T147),T176);
Final Tree: (((((((((((((((((((T131,T156),T151),(T186,(T165,T90))),((((T146,T155),T94),T178),T73)),T138),(T27,T142)),(T79,T5)),T104),((((((T152,(T184,T81)),T36),(((T97,T145),T32),T44)),((((T130,T189),(T117,((T162,T71),T35))),(T53,T135)),T45)),(T169,T118)),T17)),(T66,T84)),(((T128,(T26,T18)),((T2,T47),T24)),((((T166,T175),((T96,T3),T196)),((((T43,(T63,T25)),T16),T99),T102)),(T163,((((T148,(T179,T77)),T8),T129),(T4,T127)))))),(((((((((T92,T59),T28),(((T170,(T173,(T137,T39))),T91),T121)),T195),T124),T143),(T140,(((T89,T86),T61),((T134,T197),(T38,T75))))),(((T14,((T132,T34),T82)),T174),T20)),((((T116,(T6,T171)),T9),T107),(T54,(T119,T190))))),T0),(((((((T40,T76),T33),T69),((T194,T111),T37)),(T185,T115)),((T198,T110),T30)),((((((T87,T62),(T70,T150)),T55),(((((T159,T50),(T12,T83)),((T144,T13),(T168,T57))),(T64,T200)),T172)),T85),(((((((T160,T88),T120),(T49,T193)),T122),T42),((T22,T31),T19)),((T109,(T177,T113)),(((T23,T139),T52),T78)))))),(((((((T80,T29),T153),T149),((T100,(T126,T74)),T21)),((((T187,(T60,T136)),(T112,((T199,T67),T11))),(((T106,T180),T123),(T183,T125))),(T65,((T182,T164),T161)))),((T114,T157),T41)),(((T93,T192),T15),T58))),((((T72,T188),(((T98,T1),T46),(T68,T141))),((T133,T105),(T95,T10))),(T191,(((T51,T7),T158),(((T48,(T103,T154)),(T108,T101)),(T167,T181)))))),T56),T147),T176);
Score: 3.908571519e+10

real	2m5.313s
user	30m58.765s
sys	0m19.994s
