
RAxML-NG v. 1.1.0-master released on 04.08.2022 by The Exelixis Lab.
Developed by: Alexey M. Kozlov and Alexandros Stamatakis.
Contributors: Diego Darriba, Tomas Flouri, Benoit Morel, Sarah Lutteropp, Ben Bettisworth.
Latest version: https://github.com/amkozlov/raxml-ng
Questions/problems/suggestions? Please visit: https://groups.google.com/forum/#!forum/raxml

System: AMD EPYC 7742 64-Core Processor, 128 cores, 251 GB RAM

RAxML-NG was called at 13-Jan-2023 07:50:58 as follows:

/home/chaos/programs/raxml-ng/raxml-ng/bin/raxml-ng --msa data/alignment/14_1X_S201_0_1e6_haploid --tree pars{1} --model GTR+G --threads 64 --redo

Analysis options:
  run mode: ML tree search
  start tree(s): parsimony (1)
  random seed: 1673625058
  tip-inner: OFF
  pattern compression: ON
  per-rate scalers: OFF
  site repeats: ON
  fast spr radius: AUTO
  spr subtree cutoff: 1.000000
  branch lengths: proportional (ML estimate, algorithm: NR-FAST)
  SIMD kernels: AVX2
  parallelization: coarse-grained (auto), PTHREADS (64 threads), thread pinning: OFF

WARNING: Running in REDO mode: existing checkpoints are ignored, and all result files will be overwritten!

[00:00:00] Reading alignment from file: data/alignment/14_1X_S201_0_1e6_haploid
[00:00:02] Loaded alignment with 201 taxa and 5000000 sites

Alignment comprises 1 partitions and 4019782 patterns

Partition 0: noname
Model: GTR+FO+G4m
Alignment sites / patterns: 5000000 / 4019782
Gaps: 0.00 %
Invariant sites: 7.76 %


NOTE: Binary MSA file created: data/alignment/14_1X_S201_0_1e6_haploid.raxml.rba

Parallelization scheme autoconfig: 1 worker(s) x 64 thread(s)

Parallel reduction/worker buffer size: 1 KB  / 0 KB

[00:00:22] Generating 1 parsimony starting tree(s) with 201 taxa
[00:00:49] Data distribution: max. partitions/sites/weight per thread: 1 / 62810 / 1004960
[00:00:49] Data distribution: max. searches per worker: 1

Starting ML tree search with 1 distinct starting trees

[00:00:51 -248687461.359847] Initial branch length optimization
[00:02:45 -232691480.246631] Model parameter optimization (eps = 10.000000)
[00:13:12 -227022938.367439] AUTODETECT spr round 1 (radius: 5)
[00:21:13 -226882137.088657] AUTODETECT spr round 2 (radius: 10)
[00:44:55 -226882137.056684] SPR radius for FAST iterations: 5 (autodetect)
[00:44:55 -226882137.056684] Model parameter optimization (eps = 3.000000)
[00:46:07 -226882092.086386] FAST spr round 1 (radius: 5)
[01:06:02 -226879104.409527] FAST spr round 2 (radius: 5)
[01:54:47 -226876714.043173] FAST spr round 3 (radius: 5)
[02:11:29 -226874505.005433] FAST spr round 4 (radius: 5)
[02:28:03 -226873703.890707] FAST spr round 5 (radius: 5)
[02:44:35 -226873206.048239] FAST spr round 6 (radius: 5)
[03:01:26 -226872942.942001] FAST spr round 7 (radius: 5)
[03:18:46 -226872567.370495] FAST spr round 8 (radius: 5)
[03:34:57 -226872567.370456] Model parameter optimization (eps = 1.000000)
[03:35:19 -226872567.328447] SLOW spr round 1 (radius: 5)
[04:30:43 -226863409.546284] SLOW spr round 2 (radius: 5)
[05:18:31 -226863409.536436] SLOW spr round 3 (radius: 10)
[06:21:05 -226863409.534989] SLOW spr round 4 (radius: 15)
[07:44:02 -226863409.534814] SLOW spr round 5 (radius: 20)
[08:44:41 -226863409.534796] SLOW spr round 6 (radius: 25)
[09:03:41 -226863409.534795] Model parameter optimization (eps = 0.100000)

[09:04:07] ML tree search #1, logLikelihood: -226863409.507870


Optimized model parameters:

   Partition 0: noname
   Rate heterogeneity: GAMMA (4 cats, mean),  alpha: 0.818651 (ML),  weights&rates: (0.250000,0.099521) (0.250000,0.414536) (0.250000,0.961992) (0.250000,2.523951) 
   Base frequencies (ML): 0.304487 0.218846 0.239086 0.237581 
   Substitution rates (ML): 1.045638 4.001407 1.552803 3.813769 4.139023 1.000000 


Final LogLikelihood: -226863409.507870

AIC score: 453727635.015740 / AICc score: 453727635.082494 / BIC score: 453733112.394716
Free parameters (model + branch lengths): 408

Best ML tree saved to: /expanse/lustre/projects/uot138/chaos/ASTERISK-sim/data/alignment/14_1X_S201_0_1e6_haploid.raxml.bestTree
Optimized model saved to: /expanse/lustre/projects/uot138/chaos/ASTERISK-sim/data/alignment/14_1X_S201_0_1e6_haploid.raxml.bestModel

Execution log saved to: /expanse/lustre/projects/uot138/chaos/ASTERISK-sim/data/alignment/14_1X_S201_0_1e6_haploid.raxml.log

Analysis started: 13-Jan-2023 07:50:58 / finished: 13-Jan-2023 16:55:06

Elapsed time: 32648.493 seconds

Consumed energy: 3553.727 Wh (= 18 km in an electric car, or 89 km with an e-scooter!)

