Weighted ASTRAL - Hybrid
Version: v1.13.2.3
#Genetrees: 2000
#Species: 201
#Rounds: 4
#Samples: 4
#Threads: 32
Use two-step algorithm!
Guide Tree 0/27
#NNI moves:1/236
Guide Tree 1/27
#NNI moves:0/236
Guide Tree 2/27
#NNI moves:0/236
Guide Tree 3/27
#NNI moves:1/236
Guide Tree 4/27
#NNI moves:1/236
Guide Tree 5/27
#NNI moves:1/236
Guide Tree 6/27
#NNI moves:1/236
Guide Tree 7/27
#NNI moves:1/236
Guide Tree 8/27
#NNI moves:0/236
Guide Tree 9/27
#NNI moves:1/236
Guide Tree 10/27
#NNI moves:0/236
Guide Tree 11/27
#NNI moves:1/236
Guide Tree 12/27
#NNI moves:0/236
Guide Tree 13/27
#NNI moves:0/236
Guide Tree 14/27
#NNI moves:0/236
Guide Tree 15/27
#NNI moves:1/236
Guide Tree 16/27
#NNI moves:2/236
Guide Tree 17/27
#NNI moves:0/236
Guide Tree 18/27
#NNI moves:0/236
Guide Tree 19/27
#NNI moves:0/236
Guide Tree 20/27
#NNI moves:1/236
Guide Tree 21/27
#NNI moves:2/236
Guide Tree 22/27
#NNI moves:0/236
Guide Tree 23/27
#NNI moves:1/236
Guide Tree 24/27
#NNI moves:0/236
Guide Tree 25/27
#NNI moves:1/236
Guide Tree 26/27
#NNI moves:1/236
Remaining: 0
#NNI moves:31/236
#NNI moves:31/236
((((((((((((((((((((((((T31,T20),T100),T33),(((T147,T181),T182),T29)),((T75,T133),(T152,T173))),(T10,T110)),((((T140,T89),T184),((T9,T125),T84)),T56)),((T134,(T171,(T179,T115))),(T52,T200))),((((((T112,T81),T105),T104),((T142,T183),T157)),T193),T24)),(((((T45,T85),T136),T72),T96),(T12,T170))),(((((((((((T6,T19),T149),T74),T8),((((T103,T54),T30),(T23,T164)),T178)),T143),T25),T78),(T5,T49)),(T47,(T151,T132))),((T161,T196),T59))),((T22,T154),(T18,((T64,T118),T39)))),((((((T76,T135),(T186,T187)),(T51,T83)),T156),((((T117,T109),T146),(T141,T3)),(T191,T195))),T108)),((((((T192,T197),T11),((T116,T106),(T172,T169))),(T50,((T107,T73),(((T15,(T80,T167)),T168),((T188,T35),T41))))),((((T58,T199),T67),(T113,T87)),((T82,T43),T40))),(((((T194,T177),(T27,((T71,T101),T98))),((T145,T127),T1)),(T124,T37)),((T111,T190),(((T155,T86),T121),T120))))),(((((((((T144,((T34,((T88,T114),T53)),T128)),T60),((T131,T137),T126)),((T139,(T17,T123)),T159)),(T55,T32)),((T57,((T7,T63),(T61,T93))),(((T158,T91),T175),((T138,T44),T36)))),(T148,((((T62,T66),T79),((T68,T16),T97)),(T129,(T160,((T174,T99),T14)))))),(((T180,((T48,T94),T189)),T2),((((T26,T21),(((T122,T185),T42),T119)),((T163,T176),(T92,T162))),T46))),T0)),(((T65,T198),(T166,T13)),T130)),(T153,T70)),T165),((T150,(T95,T4)),T28)),T69),T38),T102),T77),T90);
Guide Tree 0/27
#NNI moves:1/236
Guide Tree 1/27
#NNI moves:0/236
Guide Tree 2/27
#NNI moves:0/236
Guide Tree 3/27
#NNI moves:0/236
Guide Tree 4/27
#NNI moves:0/236
Guide Tree 5/27
#NNI moves:1/236
Guide Tree 6/27
#NNI moves:1/236
Guide Tree 7/27
#NNI moves:0/236
Guide Tree 8/27
#NNI moves:0/236
Guide Tree 9/27
#NNI moves:1/236
Guide Tree 10/27
#NNI moves:0/236
Guide Tree 11/27
#NNI moves:1/236
Guide Tree 12/27
#NNI moves:0/236
Guide Tree 13/27
#NNI moves:1/236
Guide Tree 14/27
#NNI moves:0/236
Guide Tree 15/27
#NNI moves:0/236
Guide Tree 16/27
#NNI moves:0/236
Guide Tree 17/27
#NNI moves:0/236
Guide Tree 18/27
#NNI moves:0/236
Guide Tree 19/27
#NNI moves:2/236
Guide Tree 20/27
#NNI moves:1/236
Guide Tree 21/27
#NNI moves:1/236
Guide Tree 22/27
#NNI moves:1/236
Guide Tree 23/27
#NNI moves:3/236
Guide Tree 24/27
#NNI moves:1/236
Guide Tree 25/27
#NNI moves:0/236
Guide Tree 26/27
#NNI moves:4/236
Remaining: 1
#NNI moves:28/236
#NNI moves:28/236
(((((((((((((((((((T122,T185),T42),T119),(T26,T21)),((T92,T162),(T176,T163))),T46),((T180,((T94,T48),T189)),T2)),(((((((((T34,((T114,T88),T53)),T128),T144),T60),((T131,T137),T126)),(((T17,T123),T139),T159)),(T55,T32)),(((T175,(T91,T158)),((T138,T44),T36)),(((T93,T61),(T63,T7)),T57))),((((T160,((T174,T99),T14)),T129),(((T62,T66),T79),((T68,T16),T97))),T148))),T0),((((((((((((((T164,T23),((T103,T54),T30)),T178),((((T6,T19),T149),T74),T8)),T143),T25),T78),(T5,T49)),((T151,T132),T47)),((T196,T161),T59)),((((((((T75,T133),(T173,T152)),((T29,((T147,T181),T182)),(((T31,T20),T100),T33))),(T110,T10)),((((T140,T89),T184),(T84,(T9,T125))),T56)),((T52,T200),(((T179,T115),T171),T134))),(T24,(((T104,((T112,T81),T105)),((T142,T183),T157)),T193))),((((T136,(T45,T85)),T72),T96),(T12,T170)))),((((T64,T118),T39),T18),(T154,T22))),((((((T186,T187),(T76,T135)),(T51,T83)),T156),(((T3,T141),((T117,T109),T146)),(T195,T191))),T108)),((((T37,T124),(((T194,T177),((T98,(T71,T101)),T27)),(T1,(T127,T145)))),((T111,T190),(((T155,T86),T121),T120))),((((((((T167,T80),T15),T168),((T188,T35),T41)),(T73,T107)),T50),(((T172,T169),(T106,T116)),((T192,T197),T11))),(((T82,T43),T40),((T113,T87),((T199,T58),T67))))))),(T130,((T198,T65),(T13,T166)))),(T153,T70)),T165),((T150,(T4,T95)),T28)),T69),T38),T102),T77),T90);
Guide Tree 0/27
#NNI moves:2/236
Guide Tree 1/27
#NNI moves:0/236
Guide Tree 2/27
#NNI moves:1/236
Guide Tree 3/27
#NNI moves:3/236
Guide Tree 4/27
#NNI moves:0/236
Guide Tree 5/27
#NNI moves:1/236
Guide Tree 6/27
#NNI moves:2/236
Guide Tree 7/27
#NNI moves:0/236
Guide Tree 8/27
#NNI moves:1/236
Guide Tree 9/27
#NNI moves:0/236
Guide Tree 10/27
#NNI moves:0/236
Guide Tree 11/27
#NNI moves:0/236
Guide Tree 12/27
#NNI moves:1/236
Guide Tree 13/27
#NNI moves:2/236
Guide Tree 14/27
#NNI moves:1/236
Guide Tree 15/27
#NNI moves:0/236
Guide Tree 16/27
#NNI moves:3/236
Guide Tree 17/27
#NNI moves:0/236
Guide Tree 18/27
#NNI moves:1/236
Guide Tree 19/27
#NNI moves:2/236
Guide Tree 20/27
#NNI moves:0/236
Guide Tree 21/27
#NNI moves:3/236
Guide Tree 22/27
#NNI moves:1/236
Guide Tree 23/27
#NNI moves:1/236
Guide Tree 24/27
#NNI moves:1/236
Guide Tree 25/27
#NNI moves:0/236
Guide Tree 26/27
#NNI moves:1/236
Remaining: 1
#NNI moves:22/236
#NNI moves:22/236
((((((((((((((((((((T80,T167),T15),T168),((T188,T35),T41)),(T107,T73)),T50),(((T192,T197),T11),((T172,T169),(T106,T116)))),((((T58,T199),T67),(T113,T87)),((T82,T43),T40))),(((((T194,T177),((T98,(T101,T71)),T27)),(T1,(T127,T145))),(T124,T37)),((((T155,T86),T121),T120),(T111,T190)))),(((((((((((T89,T140),T184),((T9,T125),T84)),T56),((((((T181,T147),T182),T29),(((T31,T20),T100),T33)),((T75,T133),(T152,T173))),(T110,T10))),((T134,((T115,T179),T171)),(T200,T52))),(((((T183,T142),T157),(T104,(T105,(T81,T112)))),T193),T24)),((T96,((T136,(T45,T85)),T72)),(T170,T12))),((((((((((T23,T164),((T103,T54),T30)),T178),(T8,(((T6,T19),T149),T74))),T143),T25),T78),(T49,T5)),((T151,T132),T47)),(T59,(T196,T161)))),((T18,((T118,T64),T39)),(T154,T22))),(((((T141,T3),(T146,(T109,T117))),(T195,T191)),(T156,(((T135,T76),(T187,T186)),(T83,T51)))),T108))),(((((((((T131,T137),T126),(((((T53,(T114,T88)),T34),T128),T144),T60)),((T139,(T17,T123)),T159)),(T55,T32)),((((T44,T138),T36),((T158,T91),T175)),(((T7,T63),(T93,T61)),T57))),((((T97,(T68,T16)),(T79,(T62,T66))),(T129,(T160,(T14,(T174,T99))))),T148)),(((((T176,T163),(T92,T162)),((((T122,T185),T42),T119),(T26,T21))),T46),((((T94,T48),T189),T180),T2))),T0)),(T130,((T198,T65),(T13,T166)))),(T153,T70)),T165),(((T4,T95),T150),T28)),T69),T38),T102),T77),T90);
Guide Tree 0/27
#NNI moves:2/236
Guide Tree 1/27
#NNI moves:2/236
Guide Tree 2/27
#NNI moves:1/236
Guide Tree 3/27
#NNI moves:1/236
Guide Tree 4/27
#NNI moves:1/236
Guide Tree 5/27
#NNI moves:2/236
Guide Tree 6/27
#NNI moves:3/236
Guide Tree 7/27
#NNI moves:3/236
Guide Tree 8/27
#NNI moves:2/236
Guide Tree 9/27
#NNI moves:1/236
Guide Tree 10/27
#NNI moves:2/236
Guide Tree 11/27
#NNI moves:0/236
Guide Tree 12/27
#NNI moves:0/236
Guide Tree 13/27
#NNI moves:2/236
Guide Tree 14/27
#NNI moves:5/236
Guide Tree 15/27
#NNI moves:3/236
Guide Tree 16/27
#NNI moves:3/236
Guide Tree 17/27
#NNI moves:0/236
Guide Tree 18/27
#NNI moves:1/236
Guide Tree 19/27
#NNI moves:2/236
Guide Tree 20/27
#NNI moves:1/236
Guide Tree 21/27
#NNI moves:3/236
Guide Tree 22/27
#NNI moves:3/236
Guide Tree 23/27
#NNI moves:1/236
Guide Tree 24/27
#NNI moves:1/236
Guide Tree 25/27
#NNI moves:3/236
Guide Tree 26/27
#NNI moves:4/236
Remaining: 2
#NNI moves:11/236
#NNI moves:11/236
((((((((((((((((((((T171,(T179,T115)),T134),(T52,T200)),(((((T33,((T31,T20),T100)),((T182,(T147,T181)),T29)),((T152,T173),(T75,T133))),(T10,T110)),((((T140,T89),T184),(T84,(T9,T125))),T56))),((T193,((T157,(T183,T142)),(T104,((T81,T112),T105)))),T24)),((((T136,(T85,T45)),T72),T96),(T12,T170))),((((T132,T151),T47),(((T25,(((T178,((T164,T23),(T30,(T103,T54)))),((T74,((T19,T6),T149)),T8)),T143)),T78),(T5,T49))),((T196,T161),T59))),((T22,T154),(T18,((T64,T118),T39)))),(((((T3,T141),((T109,T117),T146)),(T195,T191)),(((T51,T83),((T135,T76),(T186,T187))),T156)),T108)),((((((T127,T145),T1),((((T101,T71),T98),T27),(T177,T194))),(T37,T124)),((T120,((T86,T155),T121)),(T190,T111))),(((((T106,T116),(T172,T169)),(T11,(T192,T197))),((((((T167,T80),T15),T168),((T188,T35),T41)),(T107,T73)),T50)),(((T113,T87),((T199,T58),T67)),((T43,T82),T40))))),((((((((T63,T7),(T61,T93)),T57),(((T44,T138),T36),((T91,T158),T175))),(((((((((T88,T114),T53),T34),T128),T144),T60),((T137,T131),T126)),(T159,((T17,T123),T139))),(T55,T32))),((((((T174,T99),T14),T160),T129),(((T62,T66),T79),((T68,T16),T97))),T148)),((((T189,(T94,T48)),T180),T2),((((((T122,T185),T42),T119),(T21,T26)),((T162,T92),(T176,T163))),T46))),T0)),(((T13,T166),(T198,T65)),T130)),(T153,T70)),T165),(((T4,T95),T150),T28)),T69),T38),T102),T77),T90);
Initial score: 3.85722e+10
Initial tree: ((((((((((((((((((((T171,(T179,T115)),T134),(T52,T200)),(((((T33,((T31,T20),T100)),((T182,(T147,T181)),T29)),((T152,T173),(T75,T133))),(T10,T110)),((((T140,T89),T184),(T84,(T9,T125))),T56))),((T193,((T157,(T183,T142)),(T104,((T81,T112),T105)))),T24)),((((T136,(T85,T45)),T72),T96),(T12,T170))),((((T132,T151),T47),(((T25,(((T178,((T164,T23),(T30,(T103,T54)))),((T74,((T19,T6),T149)),T8)),T143)),T78),(T5,T49))),((T196,T161),T59))),((T22,T154),(T18,((T64,T118),T39)))),(((((T3,T141),((T109,T117),T146)),(T195,T191)),(((T51,T83),((T135,T76),(T186,T187))),T156)),T108)),((((((T127,T145),T1),((((T101,T71),T98),T27),(T177,T194))),(T37,T124)),((T120,((T86,T155),T121)),(T190,T111))),(((((T106,T116),(T172,T169)),(T11,(T192,T197))),((((((T167,T80),T15),T168),((T188,T35),T41)),(T107,T73)),T50)),(((T113,T87),((T199,T58),T67)),((T43,T82),T40))))),((((((((T63,T7),(T61,T93)),T57),(((T44,T138),T36),((T91,T158),T175))),(((((((((T88,T114),T53),T34),T128),T144),T60),((T137,T131),T126)),(T159,((T17,T123),T139))),(T55,T32))),((((((T174,T99),T14),T160),T129),(((T62,T66),T79),((T68,T16),T97))),T148)),((((T189,(T94,T48)),T180),T2),((((((T122,T185),T42),T119),(T21,T26)),((T162,T92),(T176,T163))),T46))),T0)),(((T13,T166),(T198,T65)),T130)),(T153,T70)),T165),(((T4,T95),T150),T28)),T69),T38),T102),T77),T90);
*** Subsample Process ***
Use two-step algorithm!
#NNI moves:5/236
Remaining: 0
#NNI moves:28/236
#NNI moves:28/236
(((((((((((((((((((((T63,T7),(T93,T61)),T57),((T36,(T138,T44)),((T91,T158),T175))),((((((T128,(((T88,T114),T53),T34)),T144),T60),(T126,(T131,T137))),(((T17,T123),T139),T159)),(T32,T55))),((((T160,((T99,T174),T14)),T129),(((T62,T66),T79),(T97,(T16,T68)))),T148)),(((((T94,T48),T189),T180),T2),((((T176,T163),(T92,T162)),(((T42,(T122,T185)),T119),(T21,T26))),T46))),T0),((((((((T77,T90),T102),T38),T69),(((T4,T95),T150),T28)),T165),(T153,T70)),(((T166,T13),(T198,T65)),T130))),((((((T127,T145),T1),((T177,T194),(((T71,T101),T98),T27))),(T37,T124)),((T120,((T155,T86),T121)),(T111,T190))),(((((T192,T197),T11),((T172,T169),(T116,T106))),((((((T167,T80),T15),T168),(T41,(T188,T35))),(T107,T73)),T50)),((((T58,T199),T67),(T113,T87)),((T43,T82),T40))))),((((((T76,T135),(T186,T187)),(T51,T83)),T156),(((T141,T3),(T146,(T109,T117))),(T195,T191))),T108)),((T154,T22),((T39,(T64,T118)),T18))),((((((((((T23,T164),(T30,(T103,T54))),T178),((T74,(T149,(T6,T19))),T8)),T143),T25),T78),(T49,T5)),((T132,T151),T47)),((T196,T161),T59))),(((((T45,T85),T136),T72),T96),(T170,T12))),((((((T112,T81),T105),T104),((T183,T142),T157)),T193),T24)),((T56,((T84,(T125,T9)),((T140,T89),T184))),((((T152,T173),(T75,T133)),((((T147,T181),T182),T29),((T100,(T31,T20)),T33))),(T10,T110)))),(T52,T200)),T134),T171),T115),T179);
#NNI moves:0/236
Remaining: 1
#NNI moves:10/236
#NNI moves:11/236
(((((((((((((((((T169,T172),(T106,T116)),((T197,T192),T11)),((((((T80,T167),T15),T168),(T41,(T188,T35))),(T107,T73)),T50)),(((T67,(T199,T58)),(T113,T87)),((T82,T43),T40))),(((((T194,T177),(((T101,T71),T98),T27)),(T1,(T127,T145))),(T37,T124)),((((T86,T155),T121),T120),(T111,T190)))),((((((((((((((T6,T19),T149),T74),T8),((((T103,T54),T30),(T23,T164)),T178)),T143),T25),T78),(T5,T49)),(T47,(T132,T151))),(T59,(T196,T161))),(((((((((T182,(T147,T181)),T29),(((T20,T31),T100),T33)),((T173,T152),(T75,T133))),(T10,T110)),((((T9,T125),T84),((T89,T140),T184)),T56)),((T134,(T171,(T115,T179))),(T200,T52))),((((T157,(T142,T183)),(((T112,T81),T105),T104)),T193),T24)),(((((T45,T85),T136),T72),T96),(T12,T170)))),(((T39,(T118,T64)),T18),(T22,T154))),((((((T187,T186),(T135,T76)),(T51,T83)),T156),(((T146,(T109,T117)),(T3,T141)),(T195,T191))),T108))),((((((((T7,T63),(T93,T61)),T57),((T175,(T158,T91)),((T44,T138),T36))),(((((T17,T123),T139),T159),(((((T34,(T53,(T88,T114))),T128),T144),T60),((T137,T131),T126))),(T32,T55))),(((((T16,T68),T97),(T79,(T62,T66))),((((T99,T174),T14),T160),T129)),T148)),(((((T162,T92),(T176,T163)),(((T42,(T122,T185)),T119),(T26,T21))),T46),((((T48,T94),T189),T180),T2))),T0)),(((T13,T166),(T198,T65)),T130)),(T153,T70)),T165),(T28,((T95,T4),T150))),T69),T38),T102),T90),T77);
#NNI moves:0/236
Remaining: 3
#NNI moves:35/236
#NNI moves:38/236
((((((((((((((((((((((((T19,T6),T149),T74),T8),(((T23,T164),((T103,T54),T30)),T178)),T143),T25),T78),(T5,T49)),((T132,T151),T47)),((T161,T196),T59)),((((((((((T147,T181),T182),T29),(T33,((T20,T31),T100))),((T173,T152),(T133,T75))),(T10,T110)),((((T89,T140),T184),(T84,(T9,T125))),T56)),(((T171,(T115,T179)),T134),(T52,T200))),((((T104,(T105,(T112,T81))),((T183,T142),T157)),T193),T24)),(((((T85,T45),T136),T72),T96),(T12,T170)))),((T22,T154),((T39,(T118,T64)),T18))),((((((T187,T186),(T76,T135)),(T83,T51)),T156),((T195,T191),(((T117,T109),T146),(T141,T3)))),T108)),(((((((((T14,(T99,T174)),T160),T129),(((T62,T66),T79),(T97,(T16,T68)))),T148),(((((T61,T93),(T7,T63)),T57),(((T91,T158),T175),((T138,T44),T36))),(((T159,((T123,T17),T139)),(((((T34,((T114,T88),T53)),T128),T144),T60),((T137,T131),T126))),(T55,T32)))),(((T180,((T48,T94),T189)),T2),((((T162,T92),(T163,T176)),((((T185,T122),T42),T119),(T21,T26))),T46))),T0),((((T198,T65),(T166,T13)),T130),((T153,T70),(((((T102,(T90,T77)),T38),T69),((T150,(T95,T4)),T28)),T165))))),(((((((T101,T71),T98),T27),(T194,T177)),((T127,T145),T1)),(T37,T124)),((((T155,T86),T121),T120),(T111,T190)))),((((T58,T199),T67),(T113,T87)),((T43,T82),T40))),(((T116,T106),(T169,T172)),(T11,(T197,T192)))),T50),(T107,T73)),(((T80,T167),T15),T168)),T41),T35),T188);
#NNI moves:2/236
Remaining: 1
#NNI moves:47/236
#NNI moves:48/236
(((((((((((((((((((T200,T52),(((T115,T179),T171),T134)),(((((T89,T140),T184),(T84,(T125,T9))),T56),((((T29,(T182,(T181,T147))),(((T31,T20),T100),T33)),((T152,T173),(T133,T75))),(T110,T10)))),((((((T112,T81),T105),T104),((T183,T142),T157)),T193),T24)),(((((T85,T45),T136),T72),T96),(T12,T170))),(((((((((((T54,T103),T30),(T164,T23)),T178),((T74,(T149,(T19,T6))),T8)),T143),T25),T78),(T49,T5)),((T132,T151),T47)),(T59,(T161,T196)))),((((T64,T118),T39),T18),(T154,T22))),((((((T187,T186),(T135,T76)),(T51,T83)),T156),((T191,T195),(((T109,T117),T146),(T3,T141)))),T108)),((((((T199,T58),T67),(T113,T87)),((T82,T43),T40)),((((T192,T197),T11),((T106,T116),(T169,T172))),(((T107,T73),((((T167,T80),T15),T168),((T188,T35),T41))),T50))),(((((T86,T155),T121),T120),(T190,T111)),((T124,T37),(((((T101,T71),T98),T27),(T177,T194)),((T145,T127),T1)))))),(((((((((((T34,((T88,T114),T53)),T128),T144),T60),(T126,(T137,T131))),(T159,((T123,T17),T139))),(T32,T55)),((((T44,T138),T36),(T175,(T91,T158))),(((T7,T63),(T93,T61)),T57))),(((((T14,(T99,T174)),T160),T129),(((T62,T66),T79),(T97,(T16,T68)))),T148)),(((((((T185,T122),T42),T119),(T26,T21)),((T163,T176),(T162,T92))),T46),(((T189,(T48,T94)),T180),T2))),T0)),(T130,((T65,T198),(T166,T13)))),(T153,T70)),T165),(T28,((T95,T4),T150))),T69),T38),T102),T90),T77);
Current score: 3.85722e+10
Current tree: (((((((((((((((((((T200,T52),(((T115,T179),T171),T134)),(((((T89,T140),T184),(T84,(T125,T9))),T56),((((T29,(T182,(T181,T147))),(((T31,T20),T100),T33)),((T152,T173),(T133,T75))),(T110,T10)))),((((((T112,T81),T105),T104),((T183,T142),T157)),T193),T24)),(((((T85,T45),T136),T72),T96),(T12,T170))),(((((((((((T54,T103),T30),(T164,T23)),T178),((T74,(T149,(T19,T6))),T8)),T143),T25),T78),(T49,T5)),((T132,T151),T47)),(T59,(T161,T196)))),((((T64,T118),T39),T18),(T154,T22))),((((((T187,T186),(T135,T76)),(T51,T83)),T156),((T191,T195),(((T109,T117),T146),(T3,T141)))),T108)),((((((T199,T58),T67),(T113,T87)),((T82,T43),T40)),((((T192,T197),T11),((T106,T116),(T169,T172))),(((T107,T73),((((T167,T80),T15),T168),((T188,T35),T41))),T50))),(((((T86,T155),T121),T120),(T190,T111)),((T124,T37),(((((T101,T71),T98),T27),(T177,T194)),((T145,T127),T1)))))),(((((((((((T34,((T88,T114),T53)),T128),T144),T60),(T126,(T137,T131))),(T159,((T123,T17),T139))),(T32,T55)),((((T44,T138),T36),(T175,(T91,T158))),(((T7,T63),(T93,T61)),T57))),(((((T14,(T99,T174)),T160),T129),(((T62,T66),T79),(T97,(T16,T68)))),T148)),(((((((T185,T122),T42),T119),(T26,T21)),((T163,T176),(T162,T92))),T46),(((T189,(T48,T94)),T180),T2))),T0)),(T130,((T65,T198),(T166,T13)))),(T153,T70)),T165),(T28,((T95,T4),T150))),T69),T38),T102),T77),T90);
Use two-step algorithm!
#NNI moves:0/236
Remaining: 0
#NNI moves:28/236
#NNI moves:28/236
(((((((((((((((((((((((((((T114,T88),T53),T34),T128),T144),T60),(T126,(T131,T137))),(((T123,T17),T139),T159)),(T55,T32)),((((T7,T63),(T61,T93)),T57),(((T138,T44),T36),((T158,T91),T175)))),((((T79,(T62,T66)),(T97,(T16,T68))),((T160,((T99,T174),T14)),T129)),T148)),(((((T119,((T122,T185),T42)),(T21,T26)),((T163,T176),(T92,T162))),T46),((T180,(T189,(T94,T48))),T2))),T0),((((((T38,(T102,(T77,T90))),T69),(((T95,T4),T150),T28)),T165),(T70,T153)),(((T13,T166),(T198,T65)),T130))),(((((T43,T82),T40),((T67,(T58,T199)),(T87,T113))),(((((((T80,T167),T15),T168),((T188,T35),T41)),(T107,T73)),T50),(((T172,T169),(T116,T106)),((T197,T192),T11)))),(((((T86,T155),T121),T120),(T190,T111)),(((T1,(T145,T127)),((T194,T177),(T27,((T71,T101),T98)))),(T37,T124))))),((((((T135,T76),(T186,T187)),(T83,T51)),T156),((T191,T195),((T141,T3),(T146,(T109,T117))))),T108)),(((T39,(T118,T64)),T18),(T154,T22))),((((((((((T149,(T19,T6)),T74),T8),((((T54,T103),T30),(T164,T23)),T178)),T143),T25),T78),(T49,T5)),((T132,T151),T47)),((T196,T161),T59))),(((((T85,T45),T136),T72),T96),(T12,T170))),(((((T142,T183),T157),((T105,(T81,T112)),T104)),T193),T24)),((T200,T52),(((T179,T115),T171),T134))),((((T33,(T100,(T20,T31))),(((T181,T147),T182),T29)),((T152,T173),(T75,T133))),(T10,T110))),T56),(T184,(T89,T140))),T84),T9),T125);
#NNI moves:1/236
Remaining: 5
#NNI moves:25/236
#NNI moves:28/236
((((((((((((((((((((T9,T125),T84),((T140,T89),T184)),T56),((T110,T10),(((T29,((T147,T181),T182)),(((T31,T20),T100),T33)),((T173,T152),(T133,T75))))),((((T179,T115),T171),T134),(T200,T52))),(((((T142,T183),T157),(((T112,T81),T105),T104)),T193),T24)),((T170,T12),(((T136,(T85,T45)),T72),T96))),(((((((((T74,((T19,T6),T149)),T8),(((T164,T23),((T103,T54),T30)),T178)),T143),T25),T78),(T5,T49)),((T151,T132),T47)),((T196,T161),T59))),((((T118,T64),T39),T18),(T154,T22))),((((T195,T191),(((T117,T109),T146),(T141,T3))),(T156,(((T135,T76),(T186,T187)),(T83,T51)))),T108)),(((((((((T80,T167),T15),T168),((T35,T188),T41)),(T107,T73)),T50),(((T197,T192),T11),((T106,T116),(T172,T169)))),(((T87,T113),((T58,T199),T67)),((T82,T43),T40))),(((T190,T111),(T120,(T121,(T155,T86)))),((((T27,(T98,(T71,T101))),(T177,T194)),((T127,T145),T1)),(T124,T37))))),((((((((((((T53,(T114,T88)),T34),T128),T144),T60),(T126,(T131,T137))),(((T123,T17),T139),T159)),(T55,T32)),((((T7,T63),(T61,T93)),T57),(((T91,T158),T175),((T44,T138),T36)))),(((((T62,T66),T79),((T16,T68),T97)),(((T14,(T174,T99)),T160),T129)),T148)),((((T189,(T48,T94)),T180),T2),((((((T185,T122),T42),T119),(T21,T26)),((T162,T92),(T176,T163))),T46))),T0)),(((T166,T13),(T198,T65)),T130)),(T70,T153)),T165),((((T77,T90),T102),T38),T69)),T28),(T4,T95)),T150);
#NNI moves:3/236
Remaining: 0
#NNI moves:46/236
#NNI moves:46/236
((((((((((((((((((((T139,(T17,T123)),T159),(((((((T114,T88),T53),T34),T128),T144),T60),(T126,(T131,T137)))),(T55,T32)),((((T63,T7),(T93,T61)),T57),(((T158,T91),T175),((T44,T138),T36)))),(((((T14,(T99,T174)),T160),T129),(((T16,T68),T97),(T79,(T66,T62)))),T148)),(((((T163,T176),(T162,T92)),((((T122,T185),T42),T119),(T21,T26))),T46),((T180,((T48,T94),T189)),T2))),T0),((((T198,T65),(T166,T13)),T130),((((T28,(T150,(T95,T4))),((((T90,T77),T102),T38),T69)),T165),(T153,T70)))),(((((((((T167,T80),T15),T168),(T41,(T188,T35))),(T73,T107)),T50),(((T192,T197),T11),((T169,T172),(T106,T116)))),(((T87,T113),(T67,(T199,T58))),((T43,T82),T40))),(((((T86,T155),T121),T120),(T190,T111)),(((T1,(T127,T145)),((((T101,T71),T98),T27),(T177,T194))),(T37,T124))))),((((((T76,T135),(T187,T186)),(T51,T83)),T156),((T191,T195),(((T109,T117),T146),(T3,T141)))),T108)),((T22,T154),(T18,(T39,(T118,T64))))),(((((((((((T19,T6),T149),T74),T8),((((T103,T54),T30),(T23,T164)),T178)),T143),T25),T78),(T49,T5)),((T151,T132),T47)),(T59,(T196,T161)))),(((((T45,T85),T136),T72),T96),(T12,T170))),((T193,((T104,((T112,T81),T105)),(T157,(T142,T183)))),T24)),((((T179,T115),T171),T134),(T200,T52))),((((T125,T9),T84),((T140,T89),T184)),T56)),(((((T20,T31),T100),T33),(T29,((T147,T181),T182))),((T152,T173),(T133,T75)))),T110),T10);
#NNI moves:0/236
Remaining: 2
#NNI moves:22/236
#NNI moves:28/236
(((((((((((((((((T173,T152),(T133,T75)),((T29,(T182,(T181,T147))),((T100,(T31,T20)),T33))),(T110,T10)),((((T9,T125),T84),((T89,T140),T184)),T56)),((((T179,T115),T171),T134),(T52,T200))),(((((T105,(T112,T81)),T104),((T183,T142),T157)),T193),T24)),(((((T85,T45),T136),T72),T96),(T170,T12))),((((((((((((T19,T6),T149),T74),T8),(((T30,(T103,T54)),(T23,T164)),T178)),T143),T25),T78),(T49,T5)),((T132,T151),T47)),((T196,T161),T59)),(T64,T118))),((T22,T154),(T18,T39))),((((((T76,T135),(T186,T187)),(T51,T83)),T156),((T191,T195),(((T117,T109),T146),(T3,T141)))),T108)),((((((T145,T127),T1),((T177,T194),(T27,((T71,T101),T98)))),(T124,T37)),((((T86,T155),T121),T120),(T190,T111))),(((((T107,T73),(((T35,T188),T41),(((T167,T80),T15),T168))),T50),(((T172,T169),(T106,T116)),((T192,T197),T11))),(((T67,(T58,T199)),(T87,T113)),(T40,(T82,T43)))))),((((((((T139,(T123,T17)),T159),(((T137,T131),T126),(T60,(T144,((((T88,T114),T53),T34),T128))))),(T55,T32)),((((T61,T93),(T7,T63)),T57),(((T158,T91),T175),((T138,T44),T36)))),(((((T66,T62),T79),((T68,T16),T97)),((((T99,T174),T14),T160),T129)),T148)),((((((T42,(T122,T185)),T119),(T21,T26)),((T176,T163),(T162,T92))),T46),((((T48,T94),T189),T180),T2))),T0)),(((T65,T198),(T166,T13)),T130)),(T70,T153)),(((T150,(T4,T95)),T28),(((T102,(T90,T77)),T38),T69))),T165);
Current score: 3.85722e+10
Current tree: ((T77,(T102,(T38,(T69,(((T150,(T4,T95)),T28),(((((((((T22,T154),(T18,(T39,(T64,T118)))),((((((((((((T19,T6),T149),T74),T8),(((T30,(T103,T54)),(T23,T164)),T178)),T143),T25),T78),(T49,T5)),((T132,T151),T47)),((T196,T161),T59)),((((((((T173,T152),(T133,T75)),((T29,(T182,(T181,T147))),((T100,(T31,T20)),T33))),(T110,T10)),((((T9,T125),T84),((T89,T140),T184)),T56)),((((T179,T115),T171),T134),(T52,T200))),(((((T105,(T112,T81)),T104),((T183,T142),T157)),T193),T24)),(((((T85,T45),T136),T72),T96),(T170,T12))))),((((((T76,T135),(T186,T187)),(T51,T83)),T156),((T191,T195),(((T117,T109),T146),(T3,T141)))),T108)),((((((T145,T127),T1),((T177,T194),(T27,((T71,T101),T98)))),(T124,T37)),((((T86,T155),T121),T120),(T190,T111))),(((((T107,T73),(((T35,T188),T41),(((T167,T80),T15),T168))),T50),(((T172,T169),(T106,T116)),((T192,T197),T11))),(((T67,(T58,T199)),(T87,T113)),(T40,(T82,T43)))))),((((((((T139,(T123,T17)),T159),(((T137,T131),T126),(T60,(T144,((((T88,T114),T53),T34),T128))))),(T55,T32)),((((T61,T93),(T7,T63)),T57),(((T158,T91),T175),((T138,T44),T36)))),(((((T66,T62),T79),((T68,T16),T97)),((((T99,T174),T14),T160),T129)),T148)),((((((T42,(T122,T185)),T119),(T21,T26)),((T176,T163),(T162,T92))),T46),((((T48,T94),T189),T180),T2))),T0)),(((T65,T198),(T166,T13)),T130)),(T70,T153)),T165)))))),T90);
Final Tree: ((T77,(T102,(T38,(T69,(((T150,(T4,T95)),T28),(((((((((T22,T154),(T18,(T39,(T64,T118)))),((((((((((((T19,T6),T149),T74),T8),(((T30,(T103,T54)),(T23,T164)),T178)),T143),T25),T78),(T49,T5)),((T132,T151),T47)),((T196,T161),T59)),((((((((T173,T152),(T133,T75)),((T29,(T182,(T181,T147))),((T100,(T31,T20)),T33))),(T110,T10)),((((T9,T125),T84),((T89,T140),T184)),T56)),((((T179,T115),T171),T134),(T52,T200))),(((((T105,(T112,T81)),T104),((T183,T142),T157)),T193),T24)),(((((T85,T45),T136),T72),T96),(T170,T12))))),((((((T76,T135),(T186,T187)),(T51,T83)),T156),((T191,T195),(((T117,T109),T146),(T3,T141)))),T108)),((((((T145,T127),T1),((T177,T194),(T27,((T71,T101),T98)))),(T124,T37)),((((T86,T155),T121),T120),(T190,T111))),(((((T107,T73),(((T35,T188),T41),(((T167,T80),T15),T168))),T50),(((T172,T169),(T106,T116)),((T192,T197),T11))),(((T67,(T58,T199)),(T87,T113)),(T40,(T82,T43)))))),((((((((T139,(T123,T17)),T159),(((T137,T131),T126),(T60,(T144,((((T88,T114),T53),T34),T128))))),(T55,T32)),((((T61,T93),(T7,T63)),T57),(((T158,T91),T175),((T138,T44),T36)))),(((((T66,T62),T79),((T68,T16),T97)),((((T99,T174),T14),T160),T129)),T148)),((((((T42,(T122,T185)),T119),(T21,T26)),((T176,T163),(T162,T92))),T46),((((T48,T94),T189),T180),T2))),T0)),(((T65,T198),(T166,T13)),T130)),(T70,T153)),T165)))))),T90);
Score: 3.857224895e+10

real	1m39.073s
user	37m40.316s
sys	0m22.463s
