Accurate Species Tree EstimatoR from Independent Site Kernals
Version: v1.13.0.0
#Base: 2654843376
#Species: 201
#Rounds: 1
#Samples: 0
#Threads: 64
Use two-step algorithm!
Guide Tree 0/27
#NNI moves:1/236
Guide Tree 1/27
#NNI moves:0/236
Guide Tree 2/27
#NNI moves:3/236
Guide Tree 3/27
#NNI moves:3/236
Guide Tree 4/27
#NNI moves:4/236
Guide Tree 5/27
#NNI moves:0/236
Guide Tree 6/27
#NNI moves:4/236
Guide Tree 7/27
#NNI moves:4/236
Guide Tree 8/27
#NNI moves:3/236
Guide Tree 9/27
#NNI moves:0/236
Guide Tree 10/27
#NNI moves:4/236
Guide Tree 11/27
#NNI moves:0/236
Guide Tree 12/27
#NNI moves:0/236
Guide Tree 13/27
#NNI moves:1/236
Guide Tree 14/27
#NNI moves:3/236
Guide Tree 15/27
#NNI moves:1/236
Guide Tree 16/27
#NNI moves:0/236
Guide Tree 17/27
#NNI moves:3/236
Guide Tree 18/27
#NNI moves:3/236
Guide Tree 19/27
#NNI moves:4/236
Guide Tree 20/27
#NNI moves:6/236
Guide Tree 21/27
#NNI moves:3/236
Guide Tree 22/27
#NNI moves:0/236
Guide Tree 23/27
#NNI moves:0/236
Guide Tree 24/27
#NNI moves:0/236
Guide Tree 25/27
#NNI moves:0/236
Guide Tree 26/27
#NNI moves:1/236
Remaining: 0
#NNI moves:1/236
#NNI moves:1/236
((((((((((((((((T159,T118),T146),(T86,T177)),(((T83,(T154,T84)),T196),T135)),((((((T54,T17),(T148,(((T71,T87),T186),T170))),((T89,T18),(T107,T51))),((T74,T149),T36)),(T23,T68)),(((T70,T172),T42),T22))),(T32,(T31,T113))),(((T198,(T66,T191)),(((T24,T188),T133),T91)),((T129,T60),(T179,T46)))),((((((((T100,T29),T21),(T98,T20)),T139),(T160,(T162,T94))),((((((T99,T8),(T138,T39)),(T12,T136)),(T109,T124)),(T153,T169)),T122)),(T178,(T155,T190))),((((((T110,T173),((T123,T157),T140)),T185),T92),T56),(T52,T40)))),(((((((T111,T1),T73),T175),((T193,(T77,T187)),T25)),((T50,T103),T115)),(T49,((T194,T62),(((T10,T143),T96),(T127,T126))))),(T78,(((T108,T72),T119),T200)))),((((((((((T164,T44),T184),T88),T134),((((T158,(T102,T156)),T6),T128),(T189,T166))),T33),((T130,T80),T19)),T81),T93),((((T43,T38),T125),T168),((T152,T106),T30)))),((((T7,(T90,T35)),(T165,T16)),(T151,T65)),T0)),((((((((((((T163,(T48,T82)),T61),((T34,T112),T104)),T199),(T171,T147)),(T3,T76)),((((T161,T45),T58),T53),T85)),((T192,((T174,T97),T183)),(T197,T176))),((T28,T142),T4)),((((T79,T167),(T63,T132)),(T13,T2)),T121)),((T145,((T5,T116),T26)),(T141,T137))),((((T195,T47),T27),T59),((T180,T67),(T57,T131))))),(((T150,T14),((T181,T37),T75)),(((T55,T144),T11),(T105,T15)))),((T9,T182),(T120,T117))),((T69,(T41,T95)),(T114,T101))),T64);
Initial score: 6.6189e+14
Initial tree: ((((((((((((((((T159,T118),T146),(T86,T177)),(((T83,(T154,T84)),T196),T135)),((((((T54,T17),(T148,(((T71,T87),T186),T170))),((T89,T18),(T107,T51))),((T74,T149),T36)),(T23,T68)),(((T70,T172),T42),T22))),(T32,(T31,T113))),(((T198,(T66,T191)),(((T24,T188),T133),T91)),((T129,T60),(T179,T46)))),((((((((T100,T29),T21),(T98,T20)),T139),(T160,(T162,T94))),((((((T99,T8),(T138,T39)),(T12,T136)),(T109,T124)),(T153,T169)),T122)),(T178,(T155,T190))),((((((T110,T173),((T123,T157),T140)),T185),T92),T56),(T52,T40)))),(((((((T111,T1),T73),T175),((T193,(T77,T187)),T25)),((T50,T103),T115)),(T49,((T194,T62),(((T10,T143),T96),(T127,T126))))),(T78,(((T108,T72),T119),T200)))),((((((((((T164,T44),T184),T88),T134),((((T158,(T102,T156)),T6),T128),(T189,T166))),T33),((T130,T80),T19)),T81),T93),((((T43,T38),T125),T168),((T152,T106),T30)))),((((T7,(T90,T35)),(T165,T16)),(T151,T65)),T0)),((((((((((((T163,(T48,T82)),T61),((T34,T112),T104)),T199),(T171,T147)),(T3,T76)),((((T161,T45),T58),T53),T85)),((T192,((T174,T97),T183)),(T197,T176))),((T28,T142),T4)),((((T79,T167),(T63,T132)),(T13,T2)),T121)),((T145,((T5,T116),T26)),(T141,T137))),((((T195,T47),T27),T59),((T180,T67),(T57,T131))))),(((T150,T14),((T181,T37),T75)),(((T55,T144),T11),(T105,T15)))),((T9,T182),(T120,T117))),((T69,(T41,T95)),(T114,T101))),T64);
*** Subsample Process ***
Current score: 6.6189e+14
Current tree: ((((((((((((((((T159,T118),T146),(T86,T177)),(((T83,(T154,T84)),T196),T135)),((((((T54,T17),(T148,(((T71,T87),T186),T170))),((T89,T18),(T107,T51))),((T74,T149),T36)),(T23,T68)),(((T70,T172),T42),T22))),(T32,(T31,T113))),(((T198,(T66,T191)),(((T24,T188),T133),T91)),((T129,T60),(T179,T46)))),((((((((T100,T29),T21),(T98,T20)),T139),(T160,(T162,T94))),((((((T99,T8),(T138,T39)),(T12,T136)),(T109,T124)),(T153,T169)),T122)),(T178,(T155,T190))),((((((T110,T173),((T123,T157),T140)),T185),T92),T56),(T52,T40)))),(((((((T111,T1),T73),T175),((T193,(T77,T187)),T25)),((T50,T103),T115)),(T49,((T194,T62),(((T10,T143),T96),(T127,T126))))),(T78,(((T108,T72),T119),T200)))),((((((((((T164,T44),T184),T88),T134),((((T158,(T102,T156)),T6),T128),(T189,T166))),T33),((T130,T80),T19)),T81),T93),((((T43,T38),T125),T168),((T152,T106),T30)))),((((T7,(T90,T35)),(T165,T16)),(T151,T65)),T0)),((((((((((((T163,(T48,T82)),T61),((T34,T112),T104)),T199),(T171,T147)),(T3,T76)),((((T161,T45),T58),T53),T85)),((T192,((T174,T97),T183)),(T197,T176))),((T28,T142),T4)),((((T79,T167),(T63,T132)),(T13,T2)),T121)),((T145,((T5,T116),T26)),(T141,T137))),((((T195,T47),T27),T59),((T180,T67),(T57,T131))))),(((T150,T14),((T181,T37),T75)),(((T55,T144),T11),(T105,T15)))),((T9,T182),(T120,T117))),((T69,(T41,T95)),(T114,T101))),T64);
Final Tree: ((((((((((((((((T159,T118),T146),(T86,T177)),(((T83,(T154,T84)),T196),T135)),((((((T54,T17),(T148,(((T71,T87),T186),T170))),((T89,T18),(T107,T51))),((T74,T149),T36)),(T23,T68)),(((T70,T172),T42),T22))),(T32,(T31,T113))),(((T198,(T66,T191)),(((T24,T188),T133),T91)),((T129,T60),(T179,T46)))),((((((((T100,T29),T21),(T98,T20)),T139),(T160,(T162,T94))),((((((T99,T8),(T138,T39)),(T12,T136)),(T109,T124)),(T153,T169)),T122)),(T178,(T155,T190))),((((((T110,T173),((T123,T157),T140)),T185),T92),T56),(T52,T40)))),(((((((T111,T1),T73),T175),((T193,(T77,T187)),T25)),((T50,T103),T115)),(T49,((T194,T62),(((T10,T143),T96),(T127,T126))))),(T78,(((T108,T72),T119),T200)))),((((((((((T164,T44),T184),T88),T134),((((T158,(T102,T156)),T6),T128),(T189,T166))),T33),((T130,T80),T19)),T81),T93),((((T43,T38),T125),T168),((T152,T106),T30)))),((((T7,(T90,T35)),(T165,T16)),(T151,T65)),T0)),((((((((((((T163,(T48,T82)),T61),((T34,T112),T104)),T199),(T171,T147)),(T3,T76)),((((T161,T45),T58),T53),T85)),((T192,((T174,T97),T183)),(T197,T176))),((T28,T142),T4)),((((T79,T167),(T63,T132)),(T13,T2)),T121)),((T145,((T5,T116),T26)),(T141,T137))),((((T195,T47),T27),T59),((T180,T67),(T57,T131))))),(((T150,T14),((T181,T37),T75)),(((T55,T144),T11),(T105,T15)))),((T9,T182),(T120,T117))),((T69,(T41,T95)),(T114,T101))),T64);
Score: 6.6189e+14

real	18m33.251s
user	750m44.858s
sys	2m34.014s
