Weighted ASTRAL - Hybrid
Version: v1.13.2.3
#Genetrees: 2000
#Species: 201
#Rounds: 4
#Samples: 4
#Threads: 32
Use two-step algorithm!
Guide Tree 0/27
#NNI moves:2/236
Guide Tree 1/27
#NNI moves:12/236
Guide Tree 2/27
#NNI moves:0/236
Guide Tree 3/27
#NNI moves:6/236
Guide Tree 4/27
#NNI moves:0/236
Guide Tree 5/27
#NNI moves:1/236
Guide Tree 6/27
#NNI moves:1/236
Guide Tree 7/27
#NNI moves:3/236
Guide Tree 8/27
#NNI moves:0/236
Guide Tree 9/27
#NNI moves:6/236
Guide Tree 10/27
#NNI moves:2/236
Guide Tree 11/27
#NNI moves:7/236
Guide Tree 12/27
#NNI moves:2/236
Guide Tree 13/27
#NNI moves:3/236
Guide Tree 14/27
#NNI moves:5/236
Guide Tree 15/27
#NNI moves:2/236
Guide Tree 16/27
#NNI moves:1/236
Guide Tree 17/27
#NNI moves:2/236
Guide Tree 18/27
#NNI moves:0/236
Guide Tree 19/27
#NNI moves:3/236
Guide Tree 20/27
#NNI moves:3/236
Guide Tree 21/27
#NNI moves:5/236
Guide Tree 22/27
#NNI moves:6/236
Guide Tree 23/27
#NNI moves:4/236
Guide Tree 24/27
#NNI moves:1/236
Guide Tree 25/27
#NNI moves:6/236
Guide Tree 26/27
#NNI moves:4/236
Remaining: 1
#NNI moves:7/236
#NNI moves:7/236
((((((((((((((((T29,T100),((T37,T65),T45)),((T52,T51),T196)),(T186,T18)),(((T171,T200),((T85,T104),(T191,T41))),((T140,T129),((T26,T21),(T145,T176))))),(T64,(T133,(T35,T95)))),((((((T55,T151),T68),(T153,T39)),((T25,T9),(T147,T120))),T99),(((((((((T165,(T40,T116)),T189),T132),T118),T78),(T82,T125)),T84),(((T162,T114),T115),(T157,T62))),(((T183,T101),T107),(((T66,T182),((T187,(T198,T13)),(T79,T108))),T80))))),(((((((((T73,T161),T5),T46),T69),T75),((((((T123,T32),(T197,T166)),T134),((T181,T169),T159)),((((T152,T199),T113),T177),T16)),T175)),(((T86,T3),T96),(T135,T192))),(((((T158,T8),T172),(T49,((T188,T20),(T19,T154)))),T124),(T67,T89))),T23)),(((T60,(((T146,((T179,(T144,T50)),T44)),T136),T143)),(((((T195,T94),(T103,T36)),((T34,T141),T63)),(T10,(T97,T142))),((T7,(T70,T87)),T77))),((T127,(T17,T76)),T93))),(T167,(((T102,T4),T180),T185))),(((((T131,((((T139,T42),T74),T83),T28)),((T81,(((T138,T71),(T11,T194)),T155)),(T72,T27))),(((T109,T53),T43),(T117,T130))),(((((T173,(T110,T33)),((T58,(T2,T61)),T12)),(T119,T98)),((((T193,T31),(T178,T92)),T122),T56)),((((T160,(T57,T137)),T170),T24),T30))),T0)),((((T163,T150),((T121,T59),((T105,(T148,(T48,T91))),T54))),(((T47,(T22,T128)),(T14,T149)),T168)),((T6,T111),((T15,T38),T112)))),((T174,(T184,(T88,T156))),(T1,T190))),T90),(T126,T164)),T106);
Guide Tree 0/27
#NNI moves:3/236
Guide Tree 1/27
#NNI moves:7/236
Guide Tree 2/27
#NNI moves:5/236
Guide Tree 3/27
#NNI moves:3/236
Guide Tree 4/27
#NNI moves:3/236
Guide Tree 5/27
#NNI moves:3/236
Guide Tree 6/27
#NNI moves:3/236
Guide Tree 7/27
#NNI moves:0/236
Guide Tree 8/27
#NNI moves:4/236
Guide Tree 9/27
#NNI moves:1/236
Guide Tree 10/27
#NNI moves:0/236
Guide Tree 11/27
#NNI moves:1/236
Guide Tree 12/27
#NNI moves:4/236
Guide Tree 13/27
#NNI moves:1/236
Guide Tree 14/27
#NNI moves:3/236
Guide Tree 15/27
#NNI moves:5/236
Guide Tree 16/27
#NNI moves:2/236
Guide Tree 17/27
#NNI moves:0/236
Guide Tree 18/27
#NNI moves:3/236
Guide Tree 19/27
#NNI moves:3/236
Guide Tree 20/27
#NNI moves:5/236
Guide Tree 21/27
#NNI moves:0/236
Guide Tree 22/27
#NNI moves:2/236
Guide Tree 23/27
#NNI moves:3/236
Guide Tree 24/27
#NNI moves:5/236
Guide Tree 25/27
#NNI moves:3/236
Guide Tree 26/27
#NNI moves:0/236
Remaining: 0
#NNI moves:13/236
#NNI moves:13/236
(((((((((((((((T171,T200),((T191,T41),(T104,T85))),((T129,T140),((T145,T176),(T21,T26)))),((T18,T186),((((T65,T37),T45),(T100,T29)),((T52,T51),T196)))),((T133,(T95,T35)),T64)),(((((T183,T101),T107),(((((T13,T198),T187),(T79,T108)),(T182,T66)),T80)),(((T157,T62),(T115,(T162,T114))),((((((T189,(T165,(T116,T40))),T132),T118),T78),(T125,T82)),T84))),((((T68,(T55,T151)),(T39,T153)),((T120,T147),(T25,T9))),T99))),(((((((T46,((T161,T73),T5)),T69),T75),(((((T113,(T152,T199)),T177),T16),((((T166,T197),(T123,T32)),T134),(T159,(T169,T181)))),T175)),((T135,T192),(T96,(T86,T3)))),((((((T188,T20),(T19,T154)),T49),(T172,(T158,T8))),T124),(T89,T67))),T23)),((((((T146,((T179,(T144,T50)),T44)),T136),T143),T60),(((((T36,T103),(T94,T195)),(T63,(T141,T34))),((T97,T142),T10)),(T77,((T87,T70),T7)))),((T127,(T17,T76)),T93))),(T167,(T185,((T102,T4),T180)))),(((((((T173,(T110,T33)),((T58,(T2,T61)),T12)),(T119,T98)),((T122,((T193,T31),(T178,T92))),T56)),(((((T137,T57),T160),T170),T24),T30)),(((((((T42,T139),T74),T83),T28),T131),((T27,T72),((((T71,T138),(T11,T194)),T155),T81))),(((T109,T53),T43),(T117,T130)))),T0)),(((T112,(T38,T15)),(T6,T111)),((((T14,T149),((T128,T22),T47)),T168),((((T105,(T148,(T48,T91))),T54),(T121,T59)),(T163,T150))))),((T174,((T88,T156),T184)),(T1,T190))),T90),(T126,T164)),T106);
Guide Tree 0/27
#NNI moves:0/236
Guide Tree 1/27
#NNI moves:3/236
Guide Tree 2/27
#NNI moves:4/236
Guide Tree 3/27
#NNI moves:4/236
Guide Tree 4/27
#NNI moves:7/236
Guide Tree 5/27
#NNI moves:1/236
Guide Tree 6/27
#NNI moves:3/236
Guide Tree 7/27
#NNI moves:3/236
Guide Tree 8/27
#NNI moves:3/236
Guide Tree 9/27
#NNI moves:4/236
Guide Tree 10/27
#NNI moves:3/236
Guide Tree 11/27
#NNI moves:3/236
Guide Tree 12/27
#NNI moves:0/236
Guide Tree 13/27
#NNI moves:0/236
Guide Tree 14/27
#NNI moves:1/236
Guide Tree 15/27
#NNI moves:7/236
Guide Tree 16/27
#NNI moves:4/236
Guide Tree 17/27
#NNI moves:0/236
Guide Tree 18/27
#NNI moves:0/236
Guide Tree 19/27
#NNI moves:4/236
Guide Tree 20/27
#NNI moves:3/236
Guide Tree 21/27
#NNI moves:3/236
Guide Tree 22/27
#NNI moves:1/236
Guide Tree 23/27
#NNI moves:0/236
Guide Tree 24/27
#NNI moves:3/236
Guide Tree 25/27
#NNI moves:0/236
Guide Tree 26/27
#NNI moves:3/236
Remaining: 2
#NNI moves:15/236
#NNI moves:15/236
((((((((((((((((T176,T145),(T26,T21)),(T140,T129)),(((T41,T191),(T104,T85)),(T200,T171))),((((T52,T51),T196),((T29,T100),((T65,T37),T45))),(T186,T18))),(T64,(T133,(T35,T95)))),((((((((((T165,(T40,T116)),T189),T132),T118),T78),(T82,T125)),T84),(((T162,T114),T115),(T157,T62))),(((((T187,(T198,T13)),(T108,T79)),(T182,T66)),T80),((T183,T101),T107))),((((T147,T120),(T9,T25)),((T68,(T55,T151)),(T153,T39))),T99))),((((((T3,T86),T96),(T135,T192)),((((((T161,T73),T5),T46),T69),T75),((((T159,(T169,T181)),(T134,((T197,T166),(T123,T32)))),(((T113,(T199,T152)),T177),T16)),T175))),((((((T19,T154),(T20,T188)),T49),(T172,(T158,T8))),T124),(T67,T89))),T23)),((((((T70,T87),T7),T77),((((T94,T195),(T36,T103)),((T141,T34),T63)),((T97,T142),T10))),(((((T44,(T179,(T144,T50))),T146),T136),T143),T60)),((T127,(T17,T76)),T93))),(T167,(T185,((T102,T4),T180)))),(((((((T12,(T58,(T61,T2))),((T110,T33),T173)),(T98,T119)),((((T92,T178),(T193,T31)),T122),T56)),((T24,((T160,(T137,T57)),T170)),T30)),((((T28,(((T42,T139),T74),T83)),T131),(((((T11,T194),(T138,T71)),T155),T81),(T27,T72))),((T117,T130),(T43,(T109,T53))))),T0)),(((T168,(((T128,T22),T47),(T149,T14))),(((T121,T59),((T105,((T48,T91),T148)),T54)),(T163,T150))),((T112,(T38,T15)),(T111,T6)))),((T1,T190),(T174,(T184,(T156,T88))))),T90),(T164,T126)),T106);
Guide Tree 0/27
#NNI moves:1/236
Guide Tree 1/27
#NNI moves:2/236
Guide Tree 2/27
#NNI moves:3/236
Guide Tree 3/27
#NNI moves:0/236
Guide Tree 4/27
#NNI moves:0/236
Guide Tree 5/27
#NNI moves:0/236
Guide Tree 6/27
#NNI moves:5/236
Guide Tree 7/27
#NNI moves:2/236
Guide Tree 8/27
#NNI moves:0/236
Guide Tree 9/27
#NNI moves:4/236
Guide Tree 10/27
#NNI moves:1/236
Guide Tree 11/27
#NNI moves:4/236
Guide Tree 12/27
#NNI moves:1/236
Guide Tree 13/27
#NNI moves:3/236
Guide Tree 14/27
#NNI moves:0/236
Guide Tree 15/27
#NNI moves:3/236
Guide Tree 16/27
#NNI moves:0/236
Guide Tree 17/27
#NNI moves:3/236
Guide Tree 18/27
#NNI moves:4/236
Guide Tree 19/27
#NNI moves:4/236
Guide Tree 20/27
#NNI moves:0/236
Guide Tree 21/27
#NNI moves:1/236
Guide Tree 22/27
#NNI moves:3/236
Guide Tree 23/27
#NNI moves:1/236
Guide Tree 24/27
#NNI moves:1/236
Guide Tree 25/27
#NNI moves:4/236
Guide Tree 26/27
#NNI moves:5/236
Remaining: 0
#NNI moves:35/236
#NNI moves:35/236
((((((((((((((((T21,T26),(T145,T176)),(T140,T129)),(((T41,T191),(T85,T104)),(T171,T200))),((T186,T18),((((T37,T65),T45),(T100,T29)),((T51,T52),T196)))),(((T95,T35),T133),T64)),(((((((T79,T108),((T13,T198),T187)),(T182,T66)),T80),(T107,(T101,T183))),((((T162,T114),T115),(T157,T62)),((((((T189,((T40,T116),T165)),T132),T118),T78),(T82,T125)),T84))),((((T39,T153),((T55,T151),T68)),((T25,T9),(T120,T147))),T99))),(((((T192,T135),((T3,T86),T96)),(((((((T166,T197),(T32,T123)),T134),(T159,(T169,T181))),(((T113,(T199,T152)),T177),T16)),T175),(((((T161,T73),T5),T46),T69),T75))),((((((T19,T154),(T188,T20)),T49),((T8,T158),T172)),T124),(T67,T89))),T23)),(((((T7,(T70,T87)),T77),(((T97,T142),T10),((T63,(T141,T34)),((T94,T195),(T36,T103))))),((((((T179,(T50,T144)),T44),T146),T136),T143),T60)),((T127,(T17,T76)),T93))),(T167,(((T102,T4),T180),T185))),((((((T72,T27),((((T11,T194),(T138,T71)),T155),T81)),(((T83,((T139,T42),T74)),T28),T131)),(((T53,T109),T43),(T117,T130))),((((((T193,T31),(T92,T178)),T122),T56),((((T58,(T61,T2)),T12),((T33,T110),T173)),(T119,T98))),(T30,(((T160,(T57,T137)),T170),T24)))),T0)),(((((T149,T14),((T128,T22),T47)),T168),(((T59,T121),((((T91,T48),T148),T105),T54)),(T150,T163))),(((T15,T38),T112),(T111,T6)))),((T174,((T88,T156),T184)),(T190,T1))),T90),(T126,T164)),T106);
Initial score: 3.37879e+10
Initial tree: ((((((((((((((((T21,T26),(T145,T176)),(T140,T129)),(((T41,T191),(T85,T104)),(T171,T200))),((T186,T18),((((T37,T65),T45),(T100,T29)),((T51,T52),T196)))),(((T95,T35),T133),T64)),(((((((T79,T108),((T13,T198),T187)),(T182,T66)),T80),(T107,(T101,T183))),((((T162,T114),T115),(T157,T62)),((((((T189,((T40,T116),T165)),T132),T118),T78),(T82,T125)),T84))),((((T39,T153),((T55,T151),T68)),((T25,T9),(T120,T147))),T99))),(((((T192,T135),((T3,T86),T96)),(((((((T166,T197),(T32,T123)),T134),(T159,(T169,T181))),(((T113,(T199,T152)),T177),T16)),T175),(((((T161,T73),T5),T46),T69),T75))),((((((T19,T154),(T188,T20)),T49),((T8,T158),T172)),T124),(T67,T89))),T23)),(((((T7,(T70,T87)),T77),(((T97,T142),T10),((T63,(T141,T34)),((T94,T195),(T36,T103))))),((((((T179,(T50,T144)),T44),T146),T136),T143),T60)),((T127,(T17,T76)),T93))),(T167,(((T102,T4),T180),T185))),((((((T72,T27),((((T11,T194),(T138,T71)),T155),T81)),(((T83,((T139,T42),T74)),T28),T131)),(((T53,T109),T43),(T117,T130))),((((((T193,T31),(T92,T178)),T122),T56),((((T58,(T61,T2)),T12),((T33,T110),T173)),(T119,T98))),(T30,(((T160,(T57,T137)),T170),T24)))),T0)),(((((T149,T14),((T128,T22),T47)),T168),(((T59,T121),((((T91,T48),T148),T105),T54)),(T150,T163))),(((T15,T38),T112),(T111,T6)))),((T174,((T88,T156),T184)),(T190,T1))),T90),(T126,T164)),T106);
*** Subsample Process ***
Use two-step algorithm!
#NNI moves:1/236
Remaining: 1
#NNI moves:5/236
#NNI moves:5/236
((((((((((((((((((T72,T27),((((T71,T138),(T194,T11)),T155),T81)),(((T83,((T139,T42),T74)),T28),T131)),(((T109,T53),T43),(T130,T117))),(((((T173,(T33,T110)),(((T2,T61),T58),T12)),(T98,T119)),(T56,(((T178,T92),(T193,T31)),T122))),(((T170,((T57,T137),T160)),T24),T30))),T0),(((((((T105,((T91,T48),T148)),T54),(T59,T121)),(T150,T163)),((((T22,T128),T47),(T149,T14)),T168)),(((T15,T38),T112),(T6,T111))),((((T126,T164),T106),T90),((T174,((T88,T156),T184)),(T1,T190))))),((((T102,T4),T180),T185),T167)),((((T77,(T7,(T70,T87))),((((T34,T141),T63),((T94,T195),(T103,T36))),((T142,T97),T10))),(((((((T144,T50),T179),T44),T146),T136),T143),T60)),((T127,(T76,T17)),T93))),(((((T175,(((((T166,T197),(T32,T123)),T134),(T159,(T169,T181))),((((T199,T152),T113),T177),T16))),(T75,((((T73,T161),T5),T46),T69))),((T96,(T86,T3)),(T135,T192))),((((((T188,T20),(T19,T154)),T49),((T158,T8),T172)),T124),(T89,T67))),T23)),(((((((((((T40,T116),T165),T189),T132),T118),T78),(T82,T125)),T84),((T157,T62),((T114,T162),T115))),((T107,(T101,T183)),((((T79,T108),((T198,T13),T187)),(T182,T66)),T80))),(((T68,(T55,T151)),(T39,T153)),((T147,T120),(T9,T25))))),T99),(((T35,T95),T133),T64)),((T186,T18),(((T52,T51),T196),((T45,(T65,T37)),(T29,T100))))),((T200,T171),((T41,T191),(T104,T85)))),((T21,T26),(T176,T145))),T129),T140);
#NNI moves:3/236
Remaining: 0
#NNI moves:7/236
#NNI moves:7/236
(((((((((((((((((T200,T171),((T41,T191),(T104,T85))),(((T26,T21),(T176,T145)),(T140,T129))),((((T51,T52),T196),((T45,(T65,T37)),(T100,T29))),(T186,T18))),(((T35,T95),T133),T64)),T99),(((((((((((T116,T40),T165),T189),T132),T118),T78),(T82,T125)),T84),(((T114,T162),T115),(T157,T62))),(((((T79,T108),((T198,T13),T187)),(T182,T66)),T80),((T183,T101),T107))),(((T39,T153),(T68,(T55,T151))),((T9,T25),(T147,T120))))),((((((((((T32,T123),(T166,T197)),T134),((T169,T181),T159)),((((T199,T152),T113),T177),T16)),T175),(((((T161,T73),T5),T46),T69),T75)),(((T86,T3),T96),(T192,T135))),((((((T188,T20),(T154,T19)),T49),(T172,(T158,T8))),T124),(T67,T89))),T23)),(((((((T141,T34),T63),((T195,T94),(T103,T36))),((T97,T142),T10)),(T77,((T70,T87),T7))),(((((((T50,T144),T179),T44),T146),T136),T143),T60)),(((T17,T76),T127),T93))),((((T4,T102),T180),T185),T167)),((((((((T92,T178),(T31,T193)),T122),T56),((T119,T98),(((T110,T33),T173),((T58,(T61,T2)),T12)))),(((((T137,T57),T160),T170),T24),T30)),((((T81,(((T71,T138),(T194,T11)),T155)),(T72,T27)),((((T74,(T139,T42)),T83),T28),T131)),((T130,T117),((T53,T109),T43)))),T0)),((((((T105,(T148,(T91,T48))),T54),(T121,T59)),(T150,T163)),(((T149,T14),(T47,(T128,T22))),T168)),((T6,T111),(T112,(T15,T38))))),((T1,T190),((T184,(T156,T88)),T174))),T90),T106),T164),T126);
#NNI moves:6/236
Remaining: 0
#NNI moves:21/236
#NNI moves:21/236
((((((((((((((((((T166,T197),(T32,T123)),T134),((T181,T169),T159)),(T16,(((T152,T199),T113),T177))),T175),(T75,(T69,(T46,((T73,T161),T5))))),(((T86,T3),T96),(T135,T192))),((((T172,(T158,T8)),(((T188,T20),(T154,T19)),T49)),T124),(T89,T67))),T23),(((((((((((T58,(T61,T2)),T12),((T33,T110),T173)),(T119,T98)),((((T193,T31),(T92,T178)),T122),T56)),(((T170,((T137,T57),T160)),T24),T30)),(((((((T138,T71),(T11,T194)),T155),T81),(T27,T72)),(((((T139,T42),T74),T83),T28),T131)),((T117,T130),(T43,(T109,T53))))),T0),((((((T47,(T128,T22)),(T14,T149)),T168),(((T59,T121),((((T91,T48),T148),T105),T54)),(T163,T150))),((T111,T6),((T15,T38),T112))),(((T1,T190),((T184,(T156,T88)),T174)),(((T164,T126),T106),T90)))),((T185,(T180,(T102,T4))),T167)),(((((((T36,T103),(T195,T94)),((T34,T141),T63)),(T10,(T142,T97))),(((T87,T70),T7),T77)),((((T146,(T44,((T50,T144),T179))),T136),T143),T60)),(((T17,T76),T127),T93)))),((((((T55,T151),T68),(T39,T153)),((T9,T25),(T147,T120))),T99),(((((((T198,T13),T187),(T108,T79)),(T66,T182)),T80),(T107,(T183,T101))),(((((((T189,((T116,T40),T165)),T132),T118),T78),(T125,T82)),T84),((T157,T62),((T162,T114),T115)))))),(T64,((T35,T95),T133))),(((T196,(T51,T52)),((T29,T100),((T37,T65),T45))),(T18,T186))),(((T176,T145),(T26,T21)),(T140,T129))),((T41,T191),(T104,T85))),T200),T171);
#NNI moves:5/236
Remaining: 0
#NNI moves:15/236
#NNI moves:15/236
((((((((((((((((((T65,T37),T45),(T100,T29)),((T51,T52),T196)),(T18,T186)),(((T129,T140),((T26,T21),(T176,T145))),((T200,T171),((T104,T85),(T191,T41))))),((T133,(T95,T35)),T64)),(((((((T187,(T13,T198)),(T108,T79)),(T66,T182)),T80),((T183,T101),T107)),((((((((T165,(T40,T116)),T189),T132),T118),T78),(T125,T82)),T84),((T62,T157),((T162,T114),T115)))),(((((T151,T55),T68),(T153,T39)),((T25,T9),(T147,T120))),T99))),((((((((((T166,T197),(T123,T32)),T134),(T159,(T181,T169))),(((T113,(T199,T152)),T177),T16)),T175),((((T5,(T161,T73)),T46),T69),T75)),(((T86,T3),T96),(T192,T135))),((((T172,(T158,T8)),(T49,((T154,T19),(T188,T20)))),T124),(T89,T67))),T23)),(((((((((T144,T50),T179),T44),T146),T136),T143),T60),(((T10,(T142,T97)),(((T195,T94),(T103,T36)),((T141,T34),T63))),((T7,(T70,T87)),T77))),(((T76,T17),T127),T93))),(((T180,(T4,T102)),T185),T167)),((((((((T137,T57),T160),T170),T24),T30),(((T122,((T193,T31),(T92,T178))),T56),((T119,T98),((((T2,T61),T58),T12),((T110,T33),T173))))),(((((T83,((T42,T139),T74)),T28),T131),(((T155,((T11,T194),(T71,T138))),T81),(T27,T72))),((T130,T117),((T109,T53),T43)))),T0)),((((((T128,T22),T47),(T14,T149)),T168),(((T59,T121),(T54,((T148,(T91,T48)),T105))),(T163,T150))),((T111,T6),(T112,(T15,T38))))),((T1,T190),(((T88,T156),T184),T174))),T90),T106),T164),T126);
Current score: 3.37882e+10
Current tree: ((((((((((((((((((T65,T37),T45),(T100,T29)),((T51,T52),T196)),(T18,T186)),(((T129,T140),((T26,T21),(T176,T145))),((T200,T171),((T104,T85),(T191,T41))))),((T133,(T95,T35)),T64)),T99),(((((((T187,(T13,T198)),(T108,T79)),(T66,T182)),T80),((T183,T101),T107)),((((((((T165,(T40,T116)),T189),T132),T118),T78),(T125,T82)),T84),((T62,T157),((T162,T114),T115)))),((((T151,T55),T68),(T153,T39)),((T25,T9),(T147,T120))))),((((((((((T166,T197),(T123,T32)),T134),(T159,(T181,T169))),(((T113,(T199,T152)),T177),T16)),T175),((((T5,(T161,T73)),T46),T69),T75)),(((T86,T3),T96),(T192,T135))),((((T172,(T158,T8)),(T49,((T154,T19),(T188,T20)))),T124),(T89,T67))),T23)),(((((((((T144,T50),T179),T44),T146),T136),T143),T60),(((T10,(T142,T97)),(((T195,T94),(T103,T36)),((T141,T34),T63))),((T7,(T70,T87)),T77))),(((T76,T17),T127),T93))),(((T180,(T4,T102)),T185),T167)),((((((((T137,T57),T160),T170),T24),T30),(((T122,((T193,T31),(T92,T178))),T56),((T119,T98),((((T2,T61),T58),T12),((T110,T33),T173))))),(((((T83,((T42,T139),T74)),T28),T131),(((T155,((T11,T194),(T71,T138))),T81),(T27,T72))),((T130,T117),((T109,T53),T43)))),T0)),((((((T128,T22),T47),(T14,T149)),T168),(((T59,T121),(T54,((T148,(T91,T48)),T105))),(T163,T150))),((T111,T6),(T112,(T15,T38))))),((T1,T190),(((T88,T156),T184),T174))),T90),(T164,T126)),T106);
Use two-step algorithm!
#NNI moves:0/236
Remaining: 0
#NNI moves:17/236
#NNI moves:17/236
((((((((((((((((((((((T193,T31),(T92,T178)),T122),T56),(((((T61,T2),T58),T12),((T110,T33),T173)),(T98,T119))),((T24,(((T137,T57),T160),T170)),T30)),(((((((T139,T42),T74),T83),T28),T131),(((T155,((T138,T71),(T194,T11))),T81),(T27,T72))),((T130,T117),((T53,T109),T43)))),T0),((((((T47,(T22,T128)),(T149,T14)),T168),(((((T148,(T91,T48)),T105),T54),(T121,T59)),(T150,T163))),(((T38,T15),T112),(T111,T6))),((((T184,(T156,T88)),T174),(T190,T1)),(((T164,T126),T106),T90)))),((((T4,T102),T180),T185),T167)),(((((((T44,((T50,T144),T179)),T146),T136),T143),T60),((((T87,T70),T7),T77),((((T141,T34),T63),((T36,T103),(T195,T94))),(T10,(T97,T142))))),(((T76,T17),T127),T93))),((((((((T177,((T152,T199),T113)),T16),(((T169,T181),T159),(((T197,T166),(T123,T32)),T134))),T175),(((((T73,T161),T5),T46),T69),T75)),(((T3,T86),T96),(T135,T192))),((((((T154,T19),(T188,T20)),T49),((T158,T8),T172)),T124),(T67,T89))),T23)),(((((T101,T183),T107),(((T66,T182),(((T198,T13),T187),(T108,T79))),T80)),(((((((((T116,T40),T165),T189),T132),T118),T78),(T125,T82)),T84),((T115,(T162,T114)),(T62,T157)))),(((T147,T120),(T9,T25)),((T153,T39),(T68,(T151,T55)))))),T99),(((T35,T95),T133),T64)),(((T200,T171),((T85,T104),(T41,T191))),(((T176,T145),(T21,T26)),(T140,T129)))),(T18,T186)),((T52,T51),T196)),(T100,T29)),T45),T65),T37);
#NNI moves:2/236
Remaining: 0
#NNI moves:7/236
#NNI moves:7/236
((((((((((((((((((T82,T125),((T118,((((T40,T116),T165),T189),T132)),T78)),T84),((T157,T62),((T162,T114),T115))),(((((T79,T108),(T187,(T198,T13))),(T182,T66)),T80),((T183,T101),T107))),(((((T151,T55),T68),(T153,T39)),((T120,T147),(T25,T9))),T99)),((((((T41,T191),(T104,T85)),(T171,T200)),(((T21,T26),(T145,T176)),(T140,T129))),((T186,T18),(((T51,T52),T196),(((T37,T65),T45),(T100,T29))))),((T133,(T95,T35)),T64))),((((((((((T32,T123),(T197,T166)),T134),((T169,T181),T159)),(T16,((T113,(T152,T199)),T177))),T175),(((((T73,T161),T5),T46),T69),T75)),((T135,T192),((T86,T3),T96))),((((((T154,T19),(T20,T188)),T49),((T158,T8),T172)),T124),(T89,T67))),T23)),(((((((((T144,T50),T179),T44),T146),T136),T143),T60),((((T97,T142),T10),(((T36,T103),(T195,T94)),((T141,T34),T63))),(((T70,T87),T7),T77))),(T93,((T17,T76),T127)))),((((T102,T4),T180),T185),T167)),(((((((((T42,T139),T74),T83),T28),T131),((T81,(((T138,T71),(T11,T194)),T155)),(T72,T27))),((T130,T117),((T109,T53),T43))),((((((T92,T178),(T193,T31)),T122),T56),(((((T61,T2),T58),T12),((T110,T33),T173)),(T98,T119))),(((((T137,T57),T160),T170),T24),T30))),T0)),(((((T14,T149),((T22,T128),T47)),T168),(((((T148,(T48,T91)),T105),T54),(T59,T121)),(T163,T150))),(((T38,T15),T112),(T111,T6)))),(((T126,T164),T106),T90)),(T1,T190)),T174),T184),T156),T88);
#NNI moves:4/236
Remaining: 0
#NNI moves:20/236
#NNI moves:20/236
((((((((((((((((((((T116,T40),T165),T189),T132),T118),T78),(T125,T82)),T84),((T62,T157),((T162,T114),T115))),((((((T13,T198),T187),(T79,T108)),(T182,T66)),T80),(T107,(T183,T101)))),(((((T151,T55),T68),(T39,T153)),((T120,T147),(T9,T25))),T99)),((((T186,T18),((T196,(T51,T52)),(((T65,T37),T45),(T100,T29)))),(((T200,T171),((T191,T41),(T104,T85))),(((T176,T145),(T21,T26)),(T129,T140)))),(((T95,T35),T133),T64))),((((((((T159,(T181,T169)),(((T32,T123),(T166,T197)),T134)),(T16,((T113,(T199,T152)),T177))),T175),(((T46,((T161,T73),T5)),T69),T75)),(((T86,T3),T96),(T135,T192))),((((T172,(T8,T158)),(((T20,T188),(T19,T154)),T49)),T124),(T89,T67))),T23)),(((((((((T50,T144),T179),T44),T146),T136),T143),T60),((((T63,(T141,T34)),((T195,T94),(T103,T36))),((T142,T97),T10)),(((T87,T70),T7),T77))),((T127,(T76,T17)),T93))),(((T180,(T102,T4)),T185),T167)),(((((((((T139,T42),T74),T83),T28),T131),((T72,T27),((T155,((T71,T138),(T194,T11))),T81))),((T117,T130),(T43,(T53,T109)))),(((((((T2,T61),T58),T12),(T173,(T33,T110))),(T98,T119)),((T122,((T31,T193),(T92,T178))),T56)),(((((T137,T57),T160),T170),T24),T30))),T0)),(((((T59,T121),((T105,(T148,(T48,T91))),T54)),(T150,T163)),(T168,(((T128,T22),T47),(T14,T149)))),((T112,(T38,T15)),(T111,T6)))),((T174,(T184,(T88,T156))),(T1,T190))),(T106,(T126,T164))),T90);
#NNI moves:1/236
Remaining: 0
#NNI moves:8/236
#NNI moves:8/236
((((((((((((((((((((((((T173,(T110,T33)),(((T2,T61),T58),T12)),(T98,T119)),((((T178,T92),(T193,T31)),T122),T56)),(((((T137,T57),T160),T170),T24),T30)),((((((T74,(T42,T139)),T83),T28),T131),(((((T138,T71),(T11,T194)),T155),T81),(T27,T72))),(((T53,T109),T43),(T117,T130)))),T0),((((((((T148,(T91,T48)),T105),T54),(T121,T59)),(T150,T163)),(((T14,T149),((T22,T128),T47)),T168)),(((T38,T15),T112),(T111,T6))),(((((T88,T156),T184),T174),(T1,T190)),(T90,(T106,(T164,T126)))))),(((T180,(T4,T102)),T185),T167)),((((T143,(((T44,(T179,(T144,T50))),T146),T136)),T60),(((((T141,T34),T63),((T103,T36),(T94,T195))),((T97,T142),T10)),((T7,(T87,T70)),T77))),(((T17,T76),T127),T93))),(((((((T16,(T177,(T113,(T152,T199)))),((((T197,T166),(T123,T32)),T134),((T181,T169),T159))),T175),((T69,(((T73,T161),T5),T46)),T75)),((T96,(T3,T86)),(T135,T192))),(((((T158,T8),T172),(((T20,T188),(T154,T19)),T49)),T124),(T67,T89))),T23)),(((((((T100,T29),((T65,T37),T45)),(T196,(T51,T52))),(T186,T18)),((((T85,T104),(T41,T191)),(T200,T171)),(((T145,T176),(T21,T26)),(T129,T140)))),((T133,(T95,T35)),T64)),T99)),(((T120,T147),(T9,T25)),((T39,T153),((T55,T151),T68)))),((((T66,T182),(((T13,T198),T187),(T79,T108))),T80),((T101,T183),T107))),(((T114,T162),T115),(T62,T157))),T84),(T125,T82)),T78),T118),T132),T189),T165),T40),T116);
Current score: 3.37882e+10
Current tree: (((T164,T126),(T90,(((((T88,T156),T184),T174),(T1,T190)),((((((((T148,(T91,T48)),T105),T54),(T121,T59)),(T150,T163)),(((T14,T149),((T22,T128),T47)),T168)),(((T38,T15),T112),(T111,T6))),((((((((T173,(T110,T33)),(((T2,T61),T58),T12)),(T98,T119)),((((T178,T92),(T193,T31)),T122),T56)),(((((T137,T57),T160),T170),T24),T30)),((((((T74,(T42,T139)),T83),T28),T131),(((((T138,T71),(T11,T194)),T155),T81),(T27,T72))),(((T53,T109),T43),(T117,T130)))),T0),((((T180,(T4,T102)),T185),T167),(((((T143,(((T44,(T179,(T144,T50))),T146),T136)),T60),(((((T141,T34),T63),((T103,T36),(T94,T195))),((T97,T142),T10)),((T7,(T87,T70)),T77))),(((T17,T76),T127),T93)),((((((((T16,(T177,(T113,(T152,T199)))),((((T197,T166),(T123,T32)),T134),((T181,T169),T159))),T175),((T69,(((T73,T161),T5),T46)),T75)),((T96,(T3,T86)),(T135,T192))),(((((T158,T8),T172),(((T20,T188),(T154,T19)),T49)),T124),(T67,T89))),T23),((((((((T100,T29),((T65,T37),T45)),(T196,(T51,T52))),(T186,T18)),((((T85,T104),(T41,T191)),(T200,T171)),(((T145,T176),(T21,T26)),(T129,T140)))),((T133,(T95,T35)),T64)),T99),((((T120,T147),(T9,T25)),((T39,T153),((T55,T151),T68))),(((((T66,T182),(((T13,T198),T187),(T79,T108))),T80),((T101,T183),T107)),((((T114,T162),T115),(T62,T157)),(T84,((T125,T82),(T78,(T118,(T132,(T189,(T165,(T40,T116)))))))))))))))))))),T106);
Final Tree: (((T164,T126),(T90,(((((T88,T156),T184),T174),(T1,T190)),((((((((T148,(T91,T48)),T105),T54),(T121,T59)),(T150,T163)),(((T14,T149),((T22,T128),T47)),T168)),(((T38,T15),T112),(T111,T6))),((((((((T173,(T110,T33)),(((T2,T61),T58),T12)),(T98,T119)),((((T178,T92),(T193,T31)),T122),T56)),(((((T137,T57),T160),T170),T24),T30)),((((((T74,(T42,T139)),T83),T28),T131),(((((T138,T71),(T11,T194)),T155),T81),(T27,T72))),(((T53,T109),T43),(T117,T130)))),T0),((((T180,(T4,T102)),T185),T167),(((((T143,(((T44,(T179,(T144,T50))),T146),T136)),T60),(((((T141,T34),T63),((T103,T36),(T94,T195))),((T97,T142),T10)),((T7,(T87,T70)),T77))),(((T17,T76),T127),T93)),((((((((T16,(T177,(T113,(T152,T199)))),((((T197,T166),(T123,T32)),T134),((T181,T169),T159))),T175),((T69,(((T73,T161),T5),T46)),T75)),((T96,(T3,T86)),(T135,T192))),(((((T158,T8),T172),(((T20,T188),(T154,T19)),T49)),T124),(T67,T89))),T23),((((((((T100,T29),((T65,T37),T45)),(T196,(T51,T52))),(T186,T18)),((((T85,T104),(T41,T191)),(T200,T171)),(((T145,T176),(T21,T26)),(T129,T140)))),((T133,(T95,T35)),T64)),T99),((((T120,T147),(T9,T25)),((T39,T153),((T55,T151),T68))),(((((T66,T182),(((T13,T198),T187),(T79,T108))),T80),((T101,T183),T107)),((((T114,T162),T115),(T62,T157)),(T84,((T125,T82),(T78,(T118,(T132,(T189,(T165,(T40,T116)))))))))))))))))))),T106);
Score: 3.378820741e+10

real	2m1.226s
user	35m19.275s
sys	0m22.620s
