Weighted ASTRAL - Hybrid
Version: v1.13.2.3
#Genetrees: 2000
#Species: 201
#Rounds: 4
#Samples: 4
#Threads: 32
Use two-step algorithm!
Guide Tree 0/27
#NNI moves:0/236
Guide Tree 1/27
#NNI moves:1/236
Guide Tree 2/27
#NNI moves:6/236
Guide Tree 3/27
#NNI moves:4/236
Guide Tree 4/27
#NNI moves:3/236
Guide Tree 5/27
#NNI moves:4/236
Guide Tree 6/27
#NNI moves:4/236
Guide Tree 7/27
#NNI moves:0/236
Guide Tree 8/27
#NNI moves:0/236
Guide Tree 9/27
#NNI moves:1/236
Guide Tree 10/27
#NNI moves:3/236
Guide Tree 11/27
#NNI moves:3/236
Guide Tree 12/27
#NNI moves:4/236
Guide Tree 13/27
#NNI moves:3/236
Guide Tree 14/27
#NNI moves:2/236
Guide Tree 15/27
#NNI moves:3/236
Guide Tree 16/27
#NNI moves:5/236
Guide Tree 17/27
#NNI moves:4/236
Guide Tree 18/27
#NNI moves:1/236
Guide Tree 19/27
#NNI moves:2/236
Guide Tree 20/27
#NNI moves:5/236
Guide Tree 21/27
#NNI moves:1/236
Guide Tree 22/27
#NNI moves:3/236
Guide Tree 23/27
#NNI moves:4/236
Guide Tree 24/27
#NNI moves:3/236
Guide Tree 25/27
#NNI moves:3/236
Guide Tree 26/27
#NNI moves:1/236
Remaining: 0
#NNI moves:24/236
#NNI moves:24/236
((((((((((((((((((((T105,T42),(T131,T67)),(T82,T154)),((T145,T85),T71)),T190),(T110,T130)),T91),(((T161,T111),(T35,T180)),(T20,T171))),(T77,T63)),((((T188,T104),T47),T150),T21)),(((T169,T19),(T15,T68)),T176)),(T191,T182)),(((((T151,(T78,T160)),((((T9,T173),T53),T181),(T199,T37))),((T31,(T97,T55)),T96)),T62),((((T39,(T7,T106)),((T158,T56),T127)),((T133,T95),(T34,T61))),(((T79,T114),T60),T54)))),((((((((((T195,(T17,T178)),T126),T29),T23),T13),(T6,T30)),((T177,T183),T184)),((T74,T189),T52)),(((T152,T58),((T92,((T4,T167),T179)),T144)),(T139,T164))),((T69,T16),T115))),T0),((((((T73,T72),T198),T102),((T87,T109),(T196,T99))),((((T75,(T22,T159)),T32),(T174,T57)),T94)),T88)),((((((((((((((T162,T140),((T83,T14),T120)),(T48,T119)),(T10,T51)),T125),T141),((T121,T41),T89)),((T194,T147),T49)),((T117,T175),T81)),T166),((((((T66,T137),T3),T149),((((T132,T26),T168),T143),T134)),T112),T197)),T11),((((((T129,T192),((T155,T12),(((T1,(T186,T138)),((T142,T93),T36)),T148))),(T118,T90)),(T153,(T18,T103))),(T38,T123)),((T65,(((T86,T43),T70),(T124,T165))),T128))),((((((((T136,T5),(T98,T101)),(T170,T185)),T157),(T76,T107)),((((T25,T80),((T122,T156),T146)),T84),T187)),(T45,(T44,(T33,T135)))),((((T8,T163),(T28,T193)),(T108,T46)),(T200,T113))))),(((T50,T172),(T2,T100)),(T116,(T64,T24)))),(T40,T59)),T27);
Guide Tree 0/27
#NNI moves:0/236
Guide Tree 1/27
#NNI moves:0/236
Guide Tree 2/27
#NNI moves:0/236
Guide Tree 3/27
#NNI moves:1/236
Guide Tree 4/27
#NNI moves:3/236
Guide Tree 5/27
#NNI moves:3/236
Guide Tree 6/27
#NNI moves:1/236
Guide Tree 7/27
#NNI moves:2/236
Guide Tree 8/27
#NNI moves:0/236
Guide Tree 9/27
#NNI moves:0/236
Guide Tree 10/27
#NNI moves:0/236
Guide Tree 11/27
#NNI moves:4/236
Guide Tree 12/27
#NNI moves:4/236
Guide Tree 13/27
#NNI moves:1/236
Guide Tree 14/27
#NNI moves:4/236
Guide Tree 15/27
#NNI moves:1/236
Guide Tree 16/27
#NNI moves:3/236
Guide Tree 17/27
#NNI moves:0/236
Guide Tree 18/27
#NNI moves:4/236
Guide Tree 19/27
#NNI moves:1/236
Guide Tree 20/27
#NNI moves:3/236
Guide Tree 21/27
#NNI moves:0/236
Guide Tree 22/27
#NNI moves:1/236
Guide Tree 23/27
#NNI moves:4/236
Guide Tree 24/27
#NNI moves:2/236
Guide Tree 25/27
#NNI moves:1/236
Guide Tree 26/27
#NNI moves:0/236
Remaining: 0
#NNI moves:6/236
#NNI moves:6/236
(((((((((((((T136,T5),(T101,T98)),(T170,T185)),T157),(T76,T107)),(((((T156,T122),T146),(T25,T80)),T84),T187)),(((T135,T33),T44),T45)),((((T163,T8),(T28,T193)),(T108,T46)),(T113,T200))),(((((((T192,T129),(((((T186,T138),T1),((T93,T142),T36)),T148),(T12,T155))),(T90,T118)),((T18,T103),T153)),(T123,T38)),((((T165,T124),(T70,(T43,T86))),T65),T128)),(((((((((T132,T26),T168),T143),T134),(T149,((T66,T137),T3))),T112),T197),(((((((((((T14,T83),T120),(T162,T140)),(T48,T119)),(T51,T10)),T125),T141),((T41,T121),T89)),((T147,T194),T49)),((T117,T175),T81)),T166)),T11))),((T0,((((((((((T35,T180),(T111,T161)),(T171,T20)),(((T190,((((T105,T42),(T67,T131)),(T154,T82)),((T85,T145),T71))),(T130,T110)),T91)),(T63,T77)),((((T104,T188),T47),T150),T21)),(((T15,T68),(T19,T169)),T176)),(T191,T182)),((((((T55,T97),T31),T96),(((((T173,T9),T53),T181),(T199,T37)),((T78,T160),T151))),T62),((((T61,T34),(T95,T133)),(((T56,T158),T127),(T39,(T7,T106)))),(((T79,T114),T60),T54)))),(((((((((((T17,T178),T195),T126),T29),T23),T13),(T30,T6)),((T177,T183),T184)),((T74,T189),T52)),(((T58,T152),((((T4,T167),T179),T92),T144)),(T139,T164))),((T69,T16),T115)))),(((((T198,(T73,T72)),T102),((T99,T196),(T87,T109))),((((T75,(T159,T22)),T32),(T57,T174)),T94)),T88))),(((T50,T172),(T100,T2)),((T64,T24),T116))),(T40,T59)),T27);
Guide Tree 0/27
#NNI moves:4/236
Guide Tree 1/27
#NNI moves:0/236
Guide Tree 2/27
#NNI moves:2/236
Guide Tree 3/27
#NNI moves:0/236
Guide Tree 4/27
#NNI moves:1/236
Guide Tree 5/27
#NNI moves:1/236
Guide Tree 6/27
#NNI moves:1/236
Guide Tree 7/27
#NNI moves:1/236
Guide Tree 8/27
#NNI moves:2/236
Guide Tree 9/27
#NNI moves:0/236
Guide Tree 10/27
#NNI moves:3/236
Guide Tree 11/27
#NNI moves:3/236
Guide Tree 12/27
#NNI moves:4/236
Guide Tree 13/27
#NNI moves:0/236
Guide Tree 14/27
#NNI moves:3/236
Guide Tree 15/27
#NNI moves:0/236
Guide Tree 16/27
#NNI moves:1/236
Guide Tree 17/27
#NNI moves:3/236
Guide Tree 18/27
#NNI moves:0/236
Guide Tree 19/27
#NNI moves:0/236
Guide Tree 20/27
#NNI moves:0/236
Guide Tree 21/27
#NNI moves:8/236
Guide Tree 22/27
#NNI moves:6/236
Guide Tree 23/27
#NNI moves:1/236
Guide Tree 24/27
#NNI moves:3/236
Guide Tree 25/27
#NNI moves:0/236
Guide Tree 26/27
#NNI moves:0/236
Remaining: 1
#NNI moves:8/236
#NNI moves:8/236
((((((((((((((T106,T7),T39),((T158,T56),T127)),((T133,T95),(T61,T34))),(T54,((T114,T79),T60))),((((T31,(T97,T55)),T96),((((T53,(T173,T9)),T181),(T199,T37)),(T151,(T78,T160)))),T62)),(((((((((((T82,T154),((T67,T131),(T105,T42))),((T85,T145),T71)),T190),(T110,T130)),T91),(((T111,T161),(T180,T35)),(T20,T171))),(T63,T77)),((((T188,T104),T47),T150),T21)),(((T169,T19),(T15,T68)),T176)),(T191,T182))),((((((T6,T30),((((T126,((T178,T17),T195)),T29),T23),T13)),(T184,(T177,T183))),(T52,(T74,T189))),((T164,T139),(((T92,((T167,T4),T179)),T144),(T58,T152)))),((T69,T16),T115))),T0),(((((T57,T174),((T75,(T159,T22)),T32)),T94),((T102,((T72,T73),T198)),((T87,T109),(T99,T196)))),T88)),((((((((T25,T80),((T156,T122),T146)),T84),T187),((T76,T107),((((T101,T98),(T5,T136)),(T170,T185)),T157))),((T44,(T135,T33)),T45)),((((T163,T8),(T28,T193)),(T108,T46)),(T200,T113))),((((((T103,T18),T153),(((((((T138,T186),T1),((T142,T93),T36)),T148),(T12,T155)),(T192,T129)),(T118,T90))),(T38,T123)),((((T70,(T43,T86)),(T124,T165)),T65),T128)),((((((T134,(((T132,T26),T168),T143)),(((T137,T66),T3),T149)),T112),T197),(((((((((T119,T48),((T120,(T14,T83)),(T162,T140))),(T10,T51)),T125),T141),((T41,T121),T89)),(T49,(T147,T194))),((T175,T117),T81)),T166)),T11)))),(((T50,T172),(T2,T100)),((T64,T24),T116))),(T59,T40)),T27);
Guide Tree 0/27
#NNI moves:4/236
Guide Tree 1/27
#NNI moves:0/236
Guide Tree 2/27
#NNI moves:3/236
Guide Tree 3/27
#NNI moves:3/236
Guide Tree 4/27
#NNI moves:0/236
Guide Tree 5/27
#NNI moves:0/236
Guide Tree 6/27
#NNI moves:3/236
Guide Tree 7/27
#NNI moves:4/236
Guide Tree 8/27
#NNI moves:3/236
Guide Tree 9/27
#NNI moves:3/236
Guide Tree 10/27
#NNI moves:4/236
Guide Tree 11/27
#NNI moves:1/236
Guide Tree 12/27
#NNI moves:4/236
Guide Tree 13/27
#NNI moves:1/236
Guide Tree 14/27
#NNI moves:8/236
Guide Tree 15/27
#NNI moves:4/236
Guide Tree 16/27
#NNI moves:0/236
Guide Tree 17/27
#NNI moves:7/236
Guide Tree 18/27
#NNI moves:1/236
Guide Tree 19/27
#NNI moves:1/236
Guide Tree 20/27
#NNI moves:1/236
Guide Tree 21/27
#NNI moves:2/236
Guide Tree 22/27
#NNI moves:1/236
Guide Tree 23/27
#NNI moves:3/236
Guide Tree 24/27
#NNI moves:0/236
Guide Tree 25/27
#NNI moves:0/236
Guide Tree 26/27
#NNI moves:1/236
Remaining: 1
#NNI moves:11/236
#NNI moves:11/236
((((((T0,((((((((((((T71,(T85,T145)),(((T67,T131),(T42,T105)),(T82,T154))),T190),(T130,T110)),T91),((T171,T20),((T161,T111),(T35,T180)))),(T77,T63)),(T21,(((T104,T188),T47),T150))),(((T19,T169),(T68,T15)),T176)),(T191,T182)),(((((((T53,(T9,T173)),T181),(T199,T37)),((T78,T160),T151)),(T96,((T97,T55),T31))),T62),(((((T158,T56),T127),((T106,T7),T39)),((T34,T61),(T95,T133))),((T60,(T79,T114)),T54)))),((((((T13,(((T126,(T195,(T17,T178))),T29),T23)),(T6,T30)),((T183,T177),T184)),((T74,T189),T52)),((T164,T139),(((((T4,T167),T179),T92),T144),(T58,T152)))),((T16,T69),T115)))),(((((((T22,T159),T75),T32),(T57,T174)),T94),(((T198,(T72,T73)),T102),((T99,T196),(T109,T87)))),T88)),(((((((((((T36,(T142,T93)),((T138,T186),T1)),T148),(T155,T12)),(T129,T192)),(T90,T118)),((T18,T103),T153)),(T123,T38)),((((T165,T124),(T70,(T86,T43))),T65),T128)),((((((T117,T175),T81),((((((T51,T10),((((T83,T14),T120),(T140,T162)),(T119,T48))),T125),T141),((T121,T41),T89)),(T49,(T194,T147)))),T166),((((((T66,T137),T3),T149),(((T168,(T132,T26)),T143),T134)),T112),T197)),T11)),(((((T33,T135),T44),T45),(((T76,T107),((((T101,T98),(T5,T136)),(T185,T170)),T157)),((T84,(((T156,T122),T146),(T25,T80))),T187))),(((T108,T46),((T28,T193),(T163,T8))),(T113,T200))))),(((T172,T50),(T100,T2)),((T64,T24),T116))),(T40,T59)),T27);
Initial score: 3.95423e+10
Initial tree: ((((((T0,((((((((((((T71,(T85,T145)),(((T67,T131),(T42,T105)),(T82,T154))),T190),(T130,T110)),T91),((T171,T20),((T161,T111),(T35,T180)))),(T77,T63)),(T21,(((T104,T188),T47),T150))),(((T19,T169),(T68,T15)),T176)),(T191,T182)),(((((((T53,(T9,T173)),T181),(T199,T37)),((T78,T160),T151)),(T96,((T97,T55),T31))),T62),(((((T158,T56),T127),((T106,T7),T39)),((T34,T61),(T95,T133))),((T60,(T79,T114)),T54)))),((((((T13,(((T126,(T195,(T17,T178))),T29),T23)),(T6,T30)),((T183,T177),T184)),((T74,T189),T52)),((T164,T139),(((((T4,T167),T179),T92),T144),(T58,T152)))),((T16,T69),T115)))),(((((((T22,T159),T75),T32),(T57,T174)),T94),(((T198,(T72,T73)),T102),((T99,T196),(T109,T87)))),T88)),(((((((((((T36,(T142,T93)),((T138,T186),T1)),T148),(T155,T12)),(T129,T192)),(T90,T118)),((T18,T103),T153)),(T123,T38)),((((T165,T124),(T70,(T86,T43))),T65),T128)),((((((T117,T175),T81),((((((T51,T10),((((T83,T14),T120),(T140,T162)),(T119,T48))),T125),T141),((T121,T41),T89)),(T49,(T194,T147)))),T166),((((((T66,T137),T3),T149),(((T168,(T132,T26)),T143),T134)),T112),T197)),T11)),(((((T33,T135),T44),T45),(((T76,T107),((((T101,T98),(T5,T136)),(T185,T170)),T157)),((T84,(((T156,T122),T146),(T25,T80))),T187))),(((T108,T46),((T28,T193),(T163,T8))),(T113,T200))))),(((T172,T50),(T100,T2)),((T64,T24),T116))),(T40,T59)),T27);
*** Subsample Process ***
Use two-step algorithm!
#NNI moves:0/236
Remaining: 1
#NNI moves:7/236
#NNI moves:7/236
((((((((((((((((((((((T36,(T93,T142)),((T138,T186),T1)),T148),(T155,T12)),(T129,T192)),(T90,T118)),((T18,T103),T153)),(T123,T38)),(T128,(((T165,T124),(T70,(T86,T43))),T65))),(((((((((((((T14,T83),T120),(T162,T140)),(T48,T119)),(T10,T51)),T125),T141),((T41,T121),T89)),((T147,T194),T49)),((T175,T117),T81)),T166),((((((T66,T137),T3),T149),((((T132,T26),T168),T143),T134)),T112),T197)),T11)),(((((((T185,T170),((T5,T136),(T98,T101))),T157),(T76,T107)),((((T25,T80),((T122,T156),T146)),T84),T187)),(((T135,T33),T44),T45)),((((T28,T193),(T163,T8)),(T46,T108)),(T200,T113)))),((((T172,T50),(T2,T100)),(T116,(T64,T24))),((T40,T59),T27))),(((((T57,T174),(((T22,T159),T75),T32)),T94),((((T73,T72),T198),T102),((T87,T109),(T99,T196)))),T88)),T0),(((((((((((T178,T17),T195),T126),T29),T23),T13),(T6,T30)),((T183,T177),T184)),((T74,T189),T52)),((T139,T164),(((T92,((T4,T167),T179)),T144),(T58,T152)))),((T16,T69),T115))),((((((T97,T55),T31),T96),(((T78,T160),T151),((T199,T37),(((T9,T173),T53),T181)))),T62),((((T114,T79),T60),T54),(((T95,T133),(T61,T34)),(((T56,T158),T127),(T39,(T106,T7))))))),(T182,T191)),(((T169,T19),(T68,T15)),T176)),((((T104,T188),T47),T150),T21)),(((((((T82,T154),((T131,T67),(T42,T105))),(T71,(T85,T145))),T190),(T110,T130)),T91),(((T111,T161),(T35,T180)),(T20,T171)))),T63),T77);
#NNI moves:4/236
Remaining: 0
#NNI moves:12/236
#NNI moves:12/236
(((((((((((((((T160,T78),T151),((T181,(T53,(T9,T173))),(T199,T37))),(((T97,T55),T31),T96)),T62),((T54,((T79,T114),T60)),(((T39,(T7,T106)),(T127,(T56,T158))),((T133,T95),(T61,T34))))),((((((((((T71,(T85,T145)),(((T67,T131),(T105,T42)),(T154,T82))),T190),(T110,T130)),T91),(((T180,T35),(T111,T161)),(T20,T171))),(T63,T77)),((((T104,T188),T47),T150),T21)),(T176,((T15,T68),(T19,T169)))),(T182,T191))),((((((T92,(T179,(T167,T4))),T144),(T152,T58)),(T164,T139)),(((((((T126,((T17,T178),T195)),T29),T23),T13),(T6,T30)),((T177,T183),T184)),((T74,T189),T52))),(T115,(T69,T16)))),T0),(((((T32,((T22,T159),T75)),(T57,T174)),T94),(((T87,T109),(T99,T196)),(T102,(T198,(T73,T72))))),T88)),(((((((T90,T118),((T192,T129),(((((T138,T186),T1),((T93,T142),T36)),T148),(T12,T155)))),((T103,T18),T153)),(T38,T123)),(((((T86,T43),T70),(T165,T124)),T65),T128)),(((T166,((T81,(T175,T117)),(((((((((T14,T83),T120),(T162,T140)),(T48,T119)),(T10,T51)),T125),T141),((T121,T41),T89)),((T194,T147),T49)))),(((((T3,(T137,T66)),T149),(((T168,(T26,T132)),T143),T134)),T112),T197)),T11)),(((((T84,((T25,T80),(T146,(T122,T156)))),T187),((((T170,T185),((T5,T136),(T98,T101))),T157),(T107,T76))),(T45,(T44,(T33,T135)))),((((T8,T163),(T193,T28)),(T108,T46)),(T200,T113))))),(((T50,T172),(T2,T100)),((T64,T24),T116))),T27),T59),T40);
#NNI moves:0/236
Remaining: 0
#NNI moves:26/236
#NNI moves:26/236
(((((((((((((((((((((((((T162,T140),((T14,T83),T120)),(T48,T119)),(T10,T51)),T125),T141),((T41,T121),T89)),((T147,T194),T49)),((T175,T117),T81)),T166),((((((T66,T137),T3),T149),(T134,(((T132,T26),T168),T143))),T112),T197)),T11),((((((T43,T86),T70),(T165,T124)),T65),T128),((((((((T1,(T138,T186)),((T142,T93),T36)),T148),(T155,T12)),(T129,T192)),(T90,T118)),((T103,T18),T153)),(T123,T38)))),((((((((T5,T136),(T101,T98)),(T185,T170)),T157),(T76,T107)),(((((T156,T122),T146),(T25,T80)),T84),T187)),(((T33,T135),T44),T45)),((((T193,T28),(T163,T8)),(T46,T108)),(T200,T113)))),((((T50,T172),(T2,T100)),((T24,T64),T116)),((T59,T40),T27))),(((((T109,T87),(T196,T99)),(((T72,T73),T198),T102)),(T94,((((T159,T22),T75),T32),(T174,T57)))),T88)),T0),((((((((T4,T167),T179),T92),T144),(T58,T152)),(T139,T164)),(((((((((T17,T178),T195),T126),T29),T23),T13),(T30,T6)),((T183,T177),T184)),(T52,(T189,T74)))),(T115,(T16,T69)))),(((((((((((T85,T145),T71),(((T67,T131),(T42,T105)),(T154,T82))),T190),(T130,T110)),T91),(((T35,T180),(T111,T161)),(T20,T171))),(T77,T63)),(((T47,(T104,T188)),T150),T21)),(((T169,T19),(T15,T68)),T176)),(T182,T191))),(((((T78,T160),T151),((((T173,T9),T53),T181),(T37,T199))),(T96,(T31,(T97,T55)))),T62)),(((T133,T95),(T61,T34)),((T39,(T106,T7)),((T158,T56),T127)))),T54),T60),T114),T79);
#NNI moves:0/236
Remaining: 0
#NNI moves:18/236
#NNI moves:18/236
(((((((((((((((((((((T67,T131),(T105,T42)),(T154,T82)),((T145,T85),T71)),T190),(T130,T110)),T91),((T171,T20),((T35,T180),(T161,T111)))),(T63,T77)),((((T188,T104),T47),T150),T21)),(T176,((T15,T68),(T169,T19)))),(T191,T182)),(((((T39,(T106,T7)),((T56,T158),T127)),((T133,T95),(T61,T34))),((T60,(T114,T79)),T54)),((((((T53,(T173,T9)),T181),(T37,T199)),(T151,(T78,T160))),(((T97,T55),T31),T96)),T62))),(((((((((((T17,T178),T195),T126),T29),T23),T13),(T6,T30)),((T177,T183),T184)),((T189,T74),T52)),(((((T179,(T167,T4)),T92),T144),(T58,T152)),(T164,T139))),((T16,T69),T115))),T0),((((((T75,(T159,T22)),T32),(T174,T57)),T94),(((T198,(T72,T73)),T102),((T109,T87),(T196,T99)))),T88)),((((((((((((((T140,T162),((T14,T83),T120)),(T48,T119)),(T10,T51)),T125),T141),((T121,T41),T89)),(T49,(T147,T194))),((T175,T117),T81)),T166),(((((((T132,T26),T168),T143),T134),(((T137,T66),T3),T149)),T112),T197)),T11),(((((T165,T124),((T86,T43),T70)),T65),T128),((T123,T38),((((T192,T129),(((((T142,T93),T36),((T186,T138),T1)),T148),(T12,T155))),(T118,T90)),((T103,T18),T153))))),(((((T135,T33),T44),T45),(((T107,T76),((((T98,T101),(T5,T136)),(T185,T170)),T157)),((((T146,(T122,T156)),(T80,T25)),T84),T187))),(((T46,T108),((T8,T163),(T28,T193))),(T200,T113))))),(((T64,T24),T116),((T100,T2),(T172,T50)))),T27),T59),T40);
Current score: 3.95423e+10
Current tree: ((((((((((((((((((((T67,T131),(T105,T42)),(T154,T82)),((T145,T85),T71)),T190),(T130,T110)),T91),((T171,T20),((T35,T180),(T161,T111)))),(T63,T77)),((((T188,T104),T47),T150),T21)),(T176,((T15,T68),(T169,T19)))),(T191,T182)),(((((T39,(T106,T7)),((T56,T158),T127)),((T133,T95),(T61,T34))),((T60,(T114,T79)),T54)),((((((T53,(T173,T9)),T181),(T37,T199)),(T151,(T78,T160))),(((T97,T55),T31),T96)),T62))),(((((((((((T17,T178),T195),T126),T29),T23),T13),(T6,T30)),((T177,T183),T184)),((T189,T74),T52)),(((((T179,(T167,T4)),T92),T144),(T58,T152)),(T164,T139))),((T16,T69),T115))),T0),((((((T75,(T159,T22)),T32),(T174,T57)),T94),(((T198,(T72,T73)),T102),((T109,T87),(T196,T99)))),T88)),((((((((((((((T140,T162),((T14,T83),T120)),(T48,T119)),(T10,T51)),T125),T141),((T121,T41),T89)),(T49,(T147,T194))),((T175,T117),T81)),T166),(((((((T132,T26),T168),T143),T134),(((T137,T66),T3),T149)),T112),T197)),T11),(((((T165,T124),((T86,T43),T70)),T65),T128),((T123,T38),((((T192,T129),(((((T142,T93),T36),((T186,T138),T1)),T148),(T12,T155))),(T118,T90)),((T103,T18),T153))))),(((((T135,T33),T44),T45),(((T107,T76),((((T98,T101),(T5,T136)),(T185,T170)),T157)),((((T146,(T122,T156)),(T80,T25)),T84),T187))),(((T46,T108),((T8,T163),(T28,T193))),(T200,T113))))),(((T64,T24),T116),((T100,T2),(T172,T50)))),(T59,T40)),T27);
Final Tree: ((((((((((((((((((((T67,T131),(T105,T42)),(T154,T82)),((T145,T85),T71)),T190),(T130,T110)),T91),((T171,T20),((T35,T180),(T161,T111)))),(T63,T77)),((((T188,T104),T47),T150),T21)),(T176,((T15,T68),(T169,T19)))),(T191,T182)),(((((T39,(T106,T7)),((T56,T158),T127)),((T133,T95),(T61,T34))),((T60,(T114,T79)),T54)),((((((T53,(T173,T9)),T181),(T37,T199)),(T151,(T78,T160))),(((T97,T55),T31),T96)),T62))),(((((((((((T17,T178),T195),T126),T29),T23),T13),(T6,T30)),((T177,T183),T184)),((T189,T74),T52)),(((((T179,(T167,T4)),T92),T144),(T58,T152)),(T164,T139))),((T16,T69),T115))),T0),((((((T75,(T159,T22)),T32),(T174,T57)),T94),(((T198,(T72,T73)),T102),((T109,T87),(T196,T99)))),T88)),((((((((((((((T140,T162),((T14,T83),T120)),(T48,T119)),(T10,T51)),T125),T141),((T121,T41),T89)),(T49,(T147,T194))),((T175,T117),T81)),T166),(((((((T132,T26),T168),T143),T134),(((T137,T66),T3),T149)),T112),T197)),T11),(((((T165,T124),((T86,T43),T70)),T65),T128),((T123,T38),((((T192,T129),(((((T142,T93),T36),((T186,T138),T1)),T148),(T12,T155))),(T118,T90)),((T103,T18),T153))))),(((((T135,T33),T44),T45),(((T107,T76),((((T98,T101),(T5,T136)),(T185,T170)),T157)),((((T146,(T122,T156)),(T80,T25)),T84),T187))),(((T46,T108),((T8,T163),(T28,T193))),(T200,T113))))),(((T64,T24),T116),((T100,T2),(T172,T50)))),(T59,T40)),T27);
Score: 3.954232762e+10

real	1m17.222s
user	26m46.225s
sys	0m16.054s
