Accurate Species Tree EstimatoR from Independent Site Kernals
Version: v1.13.0.0
#Base: 2318744241
#Species: 201
#Rounds: 1
#Samples: 0
#Threads: 64
Use two-step algorithm!
Guide Tree 0/27
#NNI moves:4/236
Guide Tree 1/27
#NNI moves:3/236
Guide Tree 2/27
#NNI moves:0/236
Guide Tree 3/27
#NNI moves:1/236
Guide Tree 4/27
#NNI moves:2/236
Guide Tree 5/27
#NNI moves:3/236
Guide Tree 6/27
#NNI moves:1/236
Guide Tree 7/27
#NNI moves:0/236
Guide Tree 8/27
#NNI moves:3/236
Guide Tree 9/27
#NNI moves:0/236
Guide Tree 10/27
#NNI moves:1/236
Guide Tree 11/27
#NNI moves:4/236
Guide Tree 12/27
#NNI moves:1/236
Guide Tree 13/27
#NNI moves:4/236
Guide Tree 14/27
#NNI moves:1/236
Guide Tree 15/27
#NNI moves:0/236
Guide Tree 16/27
#NNI moves:2/236
Guide Tree 17/27
#NNI moves:1/236
Guide Tree 18/27
#NNI moves:1/236
Guide Tree 19/27
#NNI moves:4/236
Guide Tree 20/27
#NNI moves:2/236
Guide Tree 21/27
#NNI moves:1/236
Guide Tree 22/27
#NNI moves:1/236
Guide Tree 23/27
#NNI moves:0/236
Guide Tree 24/27
#NNI moves:1/236
Guide Tree 25/27
#NNI moves:1/236
Guide Tree 26/27
#NNI moves:1/236
Remaining: 0
#NNI moves:8/236
#NNI moves:8/236
(((((((((((((T147,T194),T49),(((((((T83,T14),T120),(T162,T140)),(T119,T48)),((T10,T51),T125)),T141),((T121,T41),T89))),((T175,T117),T81)),T166),(((((((T132,T26),T168),T143),T134),(((T66,T137),T3),T149)),T112),T197)),T11),(((((((T155,T12),(((T1,(T186,T138)),(T36,(T93,T142))),T148)),(T129,T192)),(T118,T90)),((T18,T103),T153)),(T38,T123)),(((((T165,T124),(T43,T86)),T70),T65),T128))),(((((T84,((T25,T80),((T122,T156),T146))),T187),((T76,T107),(((T185,T170),((T136,T5),(T98,T101))),T157))),(((T135,T33),T44),T45)),(((T46,T108),((T8,T163),(T28,T193))),(T200,T113)))),((((((((((((T71,(T145,T85)),(((T67,T131),(T42,T105)),(T82,T154))),T190),(T130,T110)),T91),(((T35,T180),(T161,T111)),(T171,T20))),(T63,T77)),((T150,((T188,T104),T47)),T21)),((T191,T182),(T176,((T169,T19),(T15,T68))))),(((T54,((T114,T79),T60)),(((T34,T61),(T95,T133)),((T127,(T56,T158)),(T39,(T7,T106))))),(((((T97,T55),T31),T96),(((((T173,T9),T53),T181),(T37,T199)),((T160,T78),T151))),T62))),(((((((((T126,T23),(T195,(T178,T17))),T29),T13),(T6,T30)),((T183,T177),T184)),((T74,T189),T52)),((((((T167,T4),T179),T92),T144),(T58,T152)),(T139,T164))),(T115,(T69,T16)))),(T0,((((((T72,T73),T198),T102),((T99,T196),(T87,T109))),T88),(((T57,T174),(T32,((T22,T159),T75))),T94))))),((T116,(T24,T64)),((T50,T172),(T2,T100)))),(T40,T59)),T27);
Initial score: 5.47627e+14
Initial tree: (((((((((((((T147,T194),T49),(((((((T83,T14),T120),(T162,T140)),(T119,T48)),((T10,T51),T125)),T141),((T121,T41),T89))),((T175,T117),T81)),T166),(((((((T132,T26),T168),T143),T134),(((T66,T137),T3),T149)),T112),T197)),T11),(((((((T155,T12),(((T1,(T186,T138)),(T36,(T93,T142))),T148)),(T129,T192)),(T118,T90)),((T18,T103),T153)),(T38,T123)),(((((T165,T124),(T43,T86)),T70),T65),T128))),(((((T84,((T25,T80),((T122,T156),T146))),T187),((T76,T107),(((T185,T170),((T136,T5),(T98,T101))),T157))),(((T135,T33),T44),T45)),(((T46,T108),((T8,T163),(T28,T193))),(T200,T113)))),((((((((((((T71,(T145,T85)),(((T67,T131),(T42,T105)),(T82,T154))),T190),(T130,T110)),T91),(((T35,T180),(T161,T111)),(T171,T20))),(T63,T77)),((T150,((T188,T104),T47)),T21)),((T191,T182),(T176,((T169,T19),(T15,T68))))),(((T54,((T114,T79),T60)),(((T34,T61),(T95,T133)),((T127,(T56,T158)),(T39,(T7,T106))))),(((((T97,T55),T31),T96),(((((T173,T9),T53),T181),(T37,T199)),((T160,T78),T151))),T62))),(((((((((T126,T23),(T195,(T178,T17))),T29),T13),(T6,T30)),((T183,T177),T184)),((T74,T189),T52)),((((((T167,T4),T179),T92),T144),(T58,T152)),(T139,T164))),(T115,(T69,T16)))),(T0,((((((T72,T73),T198),T102),((T99,T196),(T87,T109))),T88),(((T57,T174),(T32,((T22,T159),T75))),T94))))),((T116,(T24,T64)),((T50,T172),(T2,T100)))),(T40,T59)),T27);
*** Subsample Process ***
Current score: 5.47627e+14
Current tree: (((((((((((((T147,T194),T49),(((((((T83,T14),T120),(T162,T140)),(T119,T48)),((T10,T51),T125)),T141),((T121,T41),T89))),((T175,T117),T81)),T166),(((((((T132,T26),T168),T143),T134),(((T66,T137),T3),T149)),T112),T197)),T11),(((((((T155,T12),(((T1,(T186,T138)),(T36,(T93,T142))),T148)),(T129,T192)),(T118,T90)),((T18,T103),T153)),(T38,T123)),(((((T165,T124),(T43,T86)),T70),T65),T128))),(((((T84,((T25,T80),((T122,T156),T146))),T187),((T76,T107),(((T185,T170),((T136,T5),(T98,T101))),T157))),(((T135,T33),T44),T45)),(((T46,T108),((T8,T163),(T28,T193))),(T200,T113)))),((((((((((((T71,(T145,T85)),(((T67,T131),(T42,T105)),(T82,T154))),T190),(T130,T110)),T91),(((T35,T180),(T161,T111)),(T171,T20))),(T63,T77)),((T150,((T188,T104),T47)),T21)),((T191,T182),(T176,((T169,T19),(T15,T68))))),(((T54,((T114,T79),T60)),(((T34,T61),(T95,T133)),((T127,(T56,T158)),(T39,(T7,T106))))),(((((T97,T55),T31),T96),(((((T173,T9),T53),T181),(T37,T199)),((T160,T78),T151))),T62))),(((((((((T126,T23),(T195,(T178,T17))),T29),T13),(T6,T30)),((T183,T177),T184)),((T74,T189),T52)),((((((T167,T4),T179),T92),T144),(T58,T152)),(T139,T164))),(T115,(T69,T16)))),(T0,((((((T72,T73),T198),T102),((T99,T196),(T87,T109))),T88),(((T57,T174),(T32,((T22,T159),T75))),T94))))),((T116,(T24,T64)),((T50,T172),(T2,T100)))),(T40,T59)),T27);
Final Tree: (((((((((((((T147,T194),T49),(((((((T83,T14),T120),(T162,T140)),(T119,T48)),((T10,T51),T125)),T141),((T121,T41),T89))),((T175,T117),T81)),T166),(((((((T132,T26),T168),T143),T134),(((T66,T137),T3),T149)),T112),T197)),T11),(((((((T155,T12),(((T1,(T186,T138)),(T36,(T93,T142))),T148)),(T129,T192)),(T118,T90)),((T18,T103),T153)),(T38,T123)),(((((T165,T124),(T43,T86)),T70),T65),T128))),(((((T84,((T25,T80),((T122,T156),T146))),T187),((T76,T107),(((T185,T170),((T136,T5),(T98,T101))),T157))),(((T135,T33),T44),T45)),(((T46,T108),((T8,T163),(T28,T193))),(T200,T113)))),((((((((((((T71,(T145,T85)),(((T67,T131),(T42,T105)),(T82,T154))),T190),(T130,T110)),T91),(((T35,T180),(T161,T111)),(T171,T20))),(T63,T77)),((T150,((T188,T104),T47)),T21)),((T191,T182),(T176,((T169,T19),(T15,T68))))),(((T54,((T114,T79),T60)),(((T34,T61),(T95,T133)),((T127,(T56,T158)),(T39,(T7,T106))))),(((((T97,T55),T31),T96),(((((T173,T9),T53),T181),(T37,T199)),((T160,T78),T151))),T62))),(((((((((T126,T23),(T195,(T178,T17))),T29),T13),(T6,T30)),((T183,T177),T184)),((T74,T189),T52)),((((((T167,T4),T179),T92),T144),(T58,T152)),(T139,T164))),(T115,(T69,T16)))),(T0,((((((T72,T73),T198),T102),((T99,T196),(T87,T109))),T88),(((T57,T174),(T32,((T22,T159),T75))),T94))))),((T116,(T24,T64)),((T50,T172),(T2,T100)))),(T40,T59)),T27);
Score: 5.47627e+14

real	17m17.420s
user	676m24.531s
sys	2m54.399s
