Weighted ASTRAL - Hybrid
Version: v1.13.2.3
#Genetrees: 2000
#Species: 201
#Rounds: 4
#Samples: 4
#Threads: 32
Use two-step algorithm!
Guide Tree 0/27
#NNI moves:3/236
Guide Tree 1/27
#NNI moves:3/236
Guide Tree 2/27
#NNI moves:2/236
Guide Tree 3/27
#NNI moves:4/236
Guide Tree 4/27
#NNI moves:0/236
Guide Tree 5/27
#NNI moves:4/236
Guide Tree 6/27
#NNI moves:0/236
Guide Tree 7/27
#NNI moves:0/236
Guide Tree 8/27
#NNI moves:1/236
Guide Tree 9/27
#NNI moves:3/236
Guide Tree 10/27
#NNI moves:1/236
Guide Tree 11/27
#NNI moves:0/236
Guide Tree 12/27
#NNI moves:3/236
Guide Tree 13/27
#NNI moves:1/236
Guide Tree 14/27
#NNI moves:0/236
Guide Tree 15/27
#NNI moves:1/236
Guide Tree 16/27
#NNI moves:1/236
Guide Tree 17/27
#NNI moves:1/236
Guide Tree 18/27
#NNI moves:3/236
Guide Tree 19/27
#NNI moves:3/236
Guide Tree 20/27
#NNI moves:0/236
Guide Tree 21/27
#NNI moves:2/236
Guide Tree 22/27
#NNI moves:2/236
Guide Tree 23/27
#NNI moves:1/236
Guide Tree 24/27
#NNI moves:1/236
Guide Tree 25/27
#NNI moves:5/236
Guide Tree 26/27
#NNI moves:1/236
Remaining: 2
#NNI moves:25/236
#NNI moves:25/236
((((((((((((((((T15,((((T61,T8),T86),T143),T94)),T30),(T2,(T98,T11))),(T59,T82)),(T176,((T148,T74),(T37,T195)))),((T28,T130),(T105,T139))),((((((T101,T125),T118),T10),T83),T14),T4)),(T166,T115)),((((T171,T169),T134),T132),(((T198,(T77,T107)),T96),((T27,(T127,T159)),T181)))),((((T155,((T193,T53),(T196,T67))),((T136,T24),(T114,T102))),(T56,T23)),(T68,T192))),((((((((((((((T35,T104),T184),T64),(T72,T147)),T183),T22),T89),T58),(T52,T76)),T110),((((T116,T36),T161),T141),(T117,T119))),((T46,T85),T63)),(((((T48,T128),(((((T41,(T65,T122)),((T123,T146),T194)),(T151,T185)),T9),(((T158,T88),T180),T174))),(T108,T156)),(((T138,T18),(T172,T45)),T57)),(((T6,T133),(T187,T103)),(((T69,T140),T33),T31)))),((((T93,(T144,T7)),((T163,T16),T153)),(T157,T1)),((T38,(T165,T25)),T197)))),((((((((T91,T84),T162),T95),(T154,T34)),(T90,((T100,T126),T3))),((((((T80,(T121,((T186,T112),T29))),(T43,(((T175,(T87,T200)),T199),T191))),T70),(((T106,T160),T182),(T17,T129))),T167),((T131,((T124,T32),(T40,T62))),(((T113,(T50,T5)),(T55,T99)),(((T49,T66),T51),T81))))),(((T188,(((T170,T149),T178),T20)),((((T79,T173),T12),T42),T75)),((T152,(T92,T109)),T71))),T0)),((((T60,T47),T19),T135),((((((T190,T78),T39),(T142,T44)),(((T177,T164),T145),T120)),T21),(T73,T189)))),((((T111,T13),T54),T97),T179)),((T168,T137),T150)),T26);
Guide Tree 0/27
#NNI moves:2/236
Guide Tree 1/27
#NNI moves:2/236
Guide Tree 2/27
#NNI moves:4/236
Guide Tree 3/27
#NNI moves:3/236
Guide Tree 4/27
#NNI moves:4/236
Guide Tree 5/27
#NNI moves:1/236
Guide Tree 6/27
#NNI moves:1/236
Guide Tree 7/27
#NNI moves:1/236
Guide Tree 8/27
#NNI moves:1/236
Guide Tree 9/27
#NNI moves:2/236
Guide Tree 10/27
#NNI moves:1/236
Guide Tree 11/27
#NNI moves:2/236
Guide Tree 12/27
#NNI moves:4/236
Guide Tree 13/27
#NNI moves:1/236
Guide Tree 14/27
#NNI moves:2/236
Guide Tree 15/27
#NNI moves:0/236
Guide Tree 16/27
#NNI moves:1/236
Guide Tree 17/27
#NNI moves:1/236
Guide Tree 18/27
#NNI moves:1/236
Guide Tree 19/27
#NNI moves:4/236
Guide Tree 20/27
#NNI moves:0/236
Guide Tree 21/27
#NNI moves:1/236
Guide Tree 22/27
#NNI moves:1/236
Guide Tree 23/27
#NNI moves:0/236
Guide Tree 24/27
#NNI moves:1/236
Guide Tree 25/27
#NNI moves:2/236
Guide Tree 26/27
#NNI moves:7/236
Remaining: 2
#NNI moves:16/236
#NNI moves:16/236
((((((((((((((((((((T104,T35),T184),T64),(T147,T72)),T183),T22),T89),T58),(T76,T52)),T110),((((T116,T36),T161),T141),(T117,T119))),(T63,(T85,T46))),((((T103,T187),(T133,T6)),(((T140,T69),T33),T31)),(((((T174,((T88,T158),T180)),((((T194,(T146,T123)),((T122,T65),T41)),(T151,T185)),T9)),(T128,T48)),(T156,T108)),(((T138,T18),(T45,T172)),T57)))),(((((T7,T144),T93),((T16,T163),T153)),(T157,T1)),((T38,(T25,T165)),T197))),(((((((T139,T105),(T28,T130)),((((T30,(((((T61,T8),T86),T143),T94),T15)),(T2,(T98,T11))),(T59,T82)),(((T74,T148),(T195,T37)),T176))),((T14,((T10,((T101,T125),T118)),T83)),T4)),(T166,T115)),((((T27,(T127,T159)),T181),((T198,(T77,T107)),T96)),(((T169,T171),T134),T132))),(((((T136,T24),(T114,T102)),(((T193,T53),(T67,T196)),T155)),(T23,T56)),(T68,T192)))),((((((T131,((T32,T124),(T62,T40))),((T81,(T51,(T66,T49))),(((T5,T50),T113),(T99,T55)))),(((((T80,(T121,((T112,T186),T29))),(((((T87,T200),T175),T199),T191),T43)),T70),((T182,(T160,T106)),(T129,T17))),T167)),(((T3,(T100,T126)),T90),((T154,T34),(T95,((T91,T84),T162))))),((((T109,T92),T152),T71),((T75,(T42,(T12,(T79,T173)))),((((T149,T170),T178),T20),T188)))),T0)),((((((T39,(T190,T78)),(T142,T44)),(T120,(T145,(T164,T177)))),T21),(T73,T189)),(((T47,T60),T19),T135))),((((T111,T13),T54),T97),T179)),((T168,T137),T150)),T26);
Guide Tree 0/27
#NNI moves:3/236
Guide Tree 1/27
#NNI moves:0/236
Guide Tree 2/27
#NNI moves:1/236
Guide Tree 3/27
#NNI moves:0/236
Guide Tree 4/27
#NNI moves:0/236
Guide Tree 5/27
#NNI moves:0/236
Guide Tree 6/27
#NNI moves:0/236
Guide Tree 7/27
#NNI moves:1/236
Guide Tree 8/27
#NNI moves:1/236
Guide Tree 9/27
#NNI moves:1/236
Guide Tree 10/27
#NNI moves:0/236
Guide Tree 11/27
#NNI moves:3/236
Guide Tree 12/27
#NNI moves:1/236
Guide Tree 13/27
#NNI moves:3/236
Guide Tree 14/27
#NNI moves:0/236
Guide Tree 15/27
#NNI moves:0/236
Guide Tree 16/27
#NNI moves:1/236
Guide Tree 17/27
#NNI moves:4/236
Guide Tree 18/27
#NNI moves:4/236
Guide Tree 19/27
#NNI moves:2/236
Guide Tree 20/27
#NNI moves:1/236
Guide Tree 21/27
#NNI moves:0/236
Guide Tree 22/27
#NNI moves:0/236
Guide Tree 23/27
#NNI moves:1/236
Guide Tree 24/27
#NNI moves:1/236
Guide Tree 25/27
#NNI moves:3/236
Guide Tree 26/27
#NNI moves:0/236
Remaining: 1
#NNI moves:15/236
#NNI moves:15/236
(((((((((((((((T2,(T98,T11)),((((((T61,T8),T86),T143),T94),T15),T30)),(T59,T82)),(((T195,T37),(T148,T74)),T176)),((T130,T28),(T139,T105))),((((((T101,T125),T118),T10),T83),T14),T4)),(T115,T166)),(((T96,(T198,(T77,T107))),(((T127,T159),T27),T181)),((T171,T132),(T134,T169)))),((((((T193,T53),(T196,T67)),T155),((T24,T136),(T114,T102))),(T23,T56)),(T192,T68))),((((((T7,T144),T93),((T163,T16),T153)),(T1,T157)),((T38,(T165,T25)),T197)),(((((((((((T64,((T104,T35),T184)),(T147,T72)),T183),T22),T89),T58),(T76,T52)),T110),((T119,T117),(((T116,T36),T161),T141))),((T85,T46),T63)),(((((T140,T69),T33),T31),((T103,T187),(T133,T6))),((((((T180,(T88,T158)),T174),((((T41,(T65,T122)),((T146,T123),T194)),(T151,T185)),T9)),(T128,T48)),(T108,T156)),(((T45,T172),(T138,T18)),T57)))))),(((((((((((((T200,T87),T175),T199),T191),T43),(((T29,(T112,T186)),T121),T80)),T70),((T129,T17),((T106,T160),T182))),T167),((((T113,(T50,T5)),(T55,T99)),(T81,((T49,T66),T51))),(((T124,T32),(T40,T62)),T131))),(((T154,T34),(T95,((T84,T91),T162))),(((T126,T100),T3),T90))),(((T152,(T92,T109)),T71),(((((T79,T173),T12),T42),T75),(((T178,(T149,T170)),T20),T188)))),T0)),(((((((T190,T78),T39),(T44,T142)),((T145,(T164,T177)),T120)),T21),(T73,T189)),(((T60,T47),T19),T135))),(T179,(((T13,T111),T54),T97))),((T137,T168),T150)),T26);
Guide Tree 0/27
#NNI moves:1/236
Guide Tree 1/27
#NNI moves:3/236
Guide Tree 2/27
#NNI moves:4/236
Guide Tree 3/27
#NNI moves:5/236
Guide Tree 4/27
#NNI moves:0/236
Guide Tree 5/27
#NNI moves:4/236
Guide Tree 6/27
#NNI moves:1/236
Guide Tree 7/27
#NNI moves:0/236
Guide Tree 8/27
#NNI moves:1/236
Guide Tree 9/27
#NNI moves:1/236
Guide Tree 10/27
#NNI moves:3/236
Guide Tree 11/27
#NNI moves:4/236
Guide Tree 12/27
#NNI moves:1/236
Guide Tree 13/27
#NNI moves:2/236
Guide Tree 14/27
#NNI moves:2/236
Guide Tree 15/27
#NNI moves:1/236
Guide Tree 16/27
#NNI moves:4/236
Guide Tree 17/27
#NNI moves:1/236
Guide Tree 18/27
#NNI moves:0/236
Guide Tree 19/27
#NNI moves:2/236
Guide Tree 20/27
#NNI moves:0/236
Guide Tree 21/27
#NNI moves:2/236
Guide Tree 22/27
#NNI moves:0/236
Guide Tree 23/27
#NNI moves:2/236
Guide Tree 24/27
#NNI moves:0/236
Guide Tree 25/27
#NNI moves:4/236
Guide Tree 26/27
#NNI moves:1/236
Remaining: 1
#NNI moves:26/236
#NNI moves:26/236
((((((((((((T7,T144),T93),((T163,T16),T153)),(T1,T157)),(((T25,T165),T38),T197)),((((((T52,T76),((T89,((T183,((((T35,T104),T184),T64),(T147,T72))),T22)),T58)),T110),((T117,T119),((T161,(T36,T116)),T141))),((T85,T46),T63)),((((((((((T146,T123),T194),(T41,(T122,T65))),(T185,T151)),T9),(((T88,T158),T180),T174)),(T128,T48)),(T108,T156)),(T57,((T18,T138),(T172,T45)))),(((T133,T6),(T103,T187)),(((T140,T69),T33),T31))))),((((((((((T15,(T94,(((T8,T61),T86),T143))),T30),((T98,T11),T2)),(T82,T59)),(((T37,T195),(T74,T148)),T176)),((T105,T139),(T28,T130))),((((((T125,T101),T118),T10),T83),T14),T4)),(T166,T115)),((((T27,(T127,T159)),T181),(((T107,T77),T198),T96)),(((T171,T169),T134),T132))),(((T23,T56),((T155,((T67,T196),(T193,T53))),((T102,T114),(T24,T136)))),(T68,T192)))),((((((((((((T186,T112),T29),T121),T80),(((((T200,T87),T175),T199),T191),T43)),T70),((T129,T17),((T106,T160),T182))),T167),(((((T50,T5),T113),(T99,T55)),(T81,((T49,T66),T51))),(((T124,T32),(T62,T40)),T131))),(((T3,(T126,T100)),T90),((T95,((T91,T84),T162)),(T154,T34)))),((((((T149,T170),T178),T20),T188),((((T79,T173),T12),T42),T75)),(((T92,T109),T152),T71))),T0)),((T135,((T60,T47),T19)),((((((T78,T190),T39),(T142,T44)),(T120,((T164,T177),T145))),T21),(T73,T189)))),((T97,((T13,T111),T54)),T179)),((T168,T137),T150)),T26);
Initial score: 4.27282e+10
Initial tree: ((((((((((((T7,T144),T93),((T163,T16),T153)),(T1,T157)),(((T25,T165),T38),T197)),((((((T52,T76),((T89,((T183,((((T35,T104),T184),T64),(T147,T72))),T22)),T58)),T110),((T117,T119),((T161,(T36,T116)),T141))),((T85,T46),T63)),((((((((((T146,T123),T194),(T41,(T122,T65))),(T185,T151)),T9),(((T88,T158),T180),T174)),(T128,T48)),(T108,T156)),(T57,((T18,T138),(T172,T45)))),(((T133,T6),(T103,T187)),(((T140,T69),T33),T31))))),((((((((((T15,(T94,(((T8,T61),T86),T143))),T30),((T98,T11),T2)),(T82,T59)),(((T37,T195),(T74,T148)),T176)),((T105,T139),(T28,T130))),((((((T125,T101),T118),T10),T83),T14),T4)),(T166,T115)),((((T27,(T127,T159)),T181),(((T107,T77),T198),T96)),(((T171,T169),T134),T132))),(((T23,T56),((T155,((T67,T196),(T193,T53))),((T102,T114),(T24,T136)))),(T68,T192)))),((((((((((((T186,T112),T29),T121),T80),(((((T200,T87),T175),T199),T191),T43)),T70),((T129,T17),((T106,T160),T182))),T167),(((((T50,T5),T113),(T99,T55)),(T81,((T49,T66),T51))),(((T124,T32),(T62,T40)),T131))),(((T3,(T126,T100)),T90),((T95,((T91,T84),T162)),(T154,T34)))),((((((T149,T170),T178),T20),T188),((((T79,T173),T12),T42),T75)),(((T92,T109),T152),T71))),T0)),((T135,((T60,T47),T19)),((((((T78,T190),T39),(T142,T44)),(T120,((T164,T177),T145))),T21),(T73,T189)))),((T97,((T13,T111),T54)),T179)),((T168,T137),T150)),T26);
*** Subsample Process ***
Use two-step algorithm!
#NNI moves:0/236
Remaining: 1
#NNI moves:51/236
#NNI moves:51/236
(((((((((((((((((((((((T159,T127),T27),T181),(T96,(T198,(T107,T77)))),(((T169,T171),T134),T132)),(((((((T118,(T101,T125)),T10),T83),T14),T4),(((((T74,T148),(T37,T195)),T176),((((T11,T98),T2),((T15,(T94,(T143,((T8,T61),T86)))),T30)),(T82,T59))),((T139,T105),(T130,T28)))),(T166,T115))),(((T23,T56),((((T193,T53),(T67,T196)),T155),((T136,T24),(T102,T114)))),(T68,T192))),((((((((((((((T87,T200),T175),T199),T191),T43),((((T186,T112),T29),T121),T80)),T70),(((T106,T160),T182),(T129,T17))),T167),((((T32,T124),(T40,T62)),T131),((((T66,T49),T51),T81),((T99,T55),((T50,T5),T113))))),(((T154,T34),(T95,((T91,T84),T162))),((T3,(T100,T126)),T90))),(((((T178,(T170,T149)),T20),T188),(((T12,(T173,T79)),T42),T75)),(((T92,T109),T152),T71))),T0),(((T135,((T47,T60),T19)),((((((T190,T78),T39),(T44,T142)),(T120,((T164,T177),T145))),T21),(T73,T189))),((((T168,T137),T150),T26),((((T13,T111),T54),T97),T179))))),((((T25,T165),T38),T197),((T157,T1),(((T7,T144),T93),((T163,T16),T153))))),(((((((((T194,(T123,T146)),((T65,T122),T41)),(T185,T151)),T9),((T180,(T158,T88)),T174)),(T128,T48)),(T156,T108)),(T57,((T172,T45),(T138,T18)))),(((T133,T6),(T103,T187)),((T33,(T140,T69)),T31)))),((T46,T85),T63)),((T119,T117),(T141,(T161,(T116,T36))))),T110),(T52,T76)),T58),T89),T22),T183),(T147,T72)),T64),T184),T35),T104);
#NNI moves:0/236
Remaining: 0
#NNI moves:17/236
#NNI moves:18/236
((((((((((((((((((((T65,T122),T41),((T146,T123),T194)),(T185,T151)),T9),(((T158,T88),T180),T174)),(T48,T128)),(T156,T108)),(((T138,T18),(T172,T45)),T57)),((((T69,T140),T33),T31),((T6,T133),(T103,T187)))),((T63,(T85,T46)),(((((((((T72,T147),(T64,((T35,T104),T184))),T183),T22),T89),T58),(T76,T52)),T110),((T119,T117),(T141,((T36,T116),T161)))))),(((T157,T1),((T93,(T144,T7)),(T153,(T163,T16)))),(T197,((T25,T165),T38)))),(((((((((T118,(T125,T101)),T10),T83),T14),T4),((((((((((T61,T8),T86),T143),T94),T15),T30),(T2,(T11,T98))),(T82,T59)),(((T74,T148),(T37,T195)),T176)),((T139,T105),(T130,T28)))),(T166,T115)),(((((T107,T77),T198),T96),(((T159,T127),T27),T181)),((T169,T134),(T132,T171)))),(((T56,T23),(((T114,T102),(T136,T24)),(((T196,T67),(T193,T53)),T155))),(T192,T68)))),((((((((T55,T99),(T113,(T5,T50))),(T81,(T51,(T49,T66)))),(((T32,T124),(T40,T62)),T131)),(((((T43,((((T200,T87),T175),T199),T191)),(((T29,(T186,T112)),T121),T80)),T70),(((T106,T160),T182),(T17,T129))),T167)),(((((T91,T84),T162),T95),(T154,T34)),(((T126,T100),T3),T90))),(((T188,(((T149,T170),T178),T20)),(T75,(((T173,T79),T12),T42))),((T152,(T109,T92)),T71))),T0)),(((((((T177,T164),T145),T120),((T142,T44),(T39,(T190,T78)))),T21),(T189,T73)),(((T60,T47),T19),T135))),((T97,(T54,(T13,T111))),T179)),T26),T150),T137),T168);
#NNI moves:1/236
Remaining: 0
#NNI moves:29/236
#NNI moves:29/236
((((((((((((((((((((T99,T55),((T50,T5),T113)),(((T49,T66),T51),T81)),(((T32,T124),(T40,T62)),T131)),((((((((T175,(T200,T87)),T199),T191),T43),(T80,((T29,(T112,T186)),T121))),T70),(((T106,T160),T182),(T17,T129))),T167)),(((T34,T154),((T162,(T91,T84)),T95)),(((T126,T100),T3),T90))),((((((T170,T149),T178),T20),T188),((T42,((T79,T173),T12)),T75)),(T71,((T109,T92),T152)))),T0),(((((((T142,T44),((T190,T78),T39)),(((T177,T164),T145),T120)),T21),(T73,T189)),(((T47,T60),T19),T135)),((((T137,T168),T150),T26),(T179,(((T111,T13),T54),T97))))),((((((T27,(T127,T159)),T181),(((T107,T77),T198),T96)),(((T169,T171),T134),T132)),(((((((T2,(T98,T11)),((((((T61,T8),T86),T143),T94),T15),T30)),(T82,T59)),(((T148,T74),(T195,T37)),T176)),((T28,T130),(T139,T105))),((((((T101,T125),T118),T10),T83),T14),T4)),(T166,T115))),(((((T24,T136),(T114,T102)),(((T67,T196),(T193,T53)),T155)),(T56,T23)),(T68,T192)))),((((T25,T165),T38),T197),((((T163,T16),T153),((T7,T144),T93)),(T1,T157)))),((((((((T183,(((T184,(T104,T35)),T64),(T72,T147))),T22),T89),T58),(T76,T52)),T110),((T119,T117),(((T36,T116),T161),T141))),((T46,T85),T63))),(((T6,T133),(T187,T103)),((T33,(T69,T140)),T31))),(((T18,T138),(T45,T172)),T57)),(T156,T108)),(T128,T48)),(((T151,T185),(((T65,T122),T41),((T123,T146),T194))),T9)),T174),(T158,T88)),T180);
#NNI moves:1/236
Remaining: 4
#NNI moves:36/236
#NNI moves:36/236
((((((((((((((((((T125,T101),T118),T10),T83),T14),T4),((((((((T143,((T8,T61),T86)),T94),T15),T30),(T2,(T11,T98))),(T59,T82)),(((T74,T148),(T37,T195)),T176)),((T139,T105),(T130,T28)))),(T166,T115)),((((T169,T171),T134),T132),((T96,(T198,(T77,T107))),(T181,(T27,(T127,T159)))))),(((((T102,T114),(T24,T136)),(((T67,T196),(T53,T193)),T155)),(T56,T23)),(T68,T192))),((((((((T36,T116),T161),T141),(T119,T117)),((((((((T64,(T184,(T35,T104))),(T147,T72)),T183),T22),T89),T58),(T76,T52)),T110)),((T85,T46),T63)),(((T31,((T69,T140),T33)),((T133,T6),(T187,T103))),(((((((T185,T151),(((T65,T122),T41),((T123,T146),T194))),T9),(T174,((T88,T158),T180))),(T48,T128)),(T108,T156)),(((T138,T18),(T172,T45)),T57)))),((((T25,T165),T38),T197),(((T93,(T144,T7)),((T163,T16),T153)),(T1,T157))))),(((((((((((((T200,T87),T175),T199),T191),T43),((((T112,T186),T29),T121),T80)),T70),(((T106,T160),T182),(T17,T129))),T167),((((T62,T40),(T124,T32)),T131),((T81,((T66,T49),T51)),(((T50,T5),T113),(T55,T99))))),(((T34,T154),(((T84,T91),T162),T95)),(((T100,T126),T3),T90))),((((T109,T92),T152),T71),(((((T170,T149),T178),T20),T188),((((T79,T173),T12),T42),T75)))),T0)),((((T60,T47),T19),T135),(((((T39,(T78,T190)),(T142,T44)),(((T164,T177),T145),T120)),T21),(T73,T189)))),(T179,((T54,(T111,T13)),T97))),T26),T150),T137),T168);
Current score: 4.27282e+10
Current tree: ((((((((((((((((T125,T101),T118),T10),T83),T14),T4),((((((((T143,((T8,T61),T86)),T94),T15),T30),(T2,(T11,T98))),(T59,T82)),(((T74,T148),(T37,T195)),T176)),((T139,T105),(T130,T28)))),(T166,T115)),((((T169,T171),T134),T132),((T96,(T198,(T77,T107))),(T181,(T27,(T127,T159)))))),(((((T102,T114),(T24,T136)),(((T67,T196),(T53,T193)),T155)),(T56,T23)),(T68,T192))),((((((((T36,T116),T161),T141),(T119,T117)),((((((((T64,(T184,(T35,T104))),(T147,T72)),T183),T22),T89),T58),(T76,T52)),T110)),((T85,T46),T63)),(((T31,((T69,T140),T33)),((T133,T6),(T187,T103))),(((((((T185,T151),(((T65,T122),T41),((T123,T146),T194))),T9),(T174,((T88,T158),T180))),(T48,T128)),(T108,T156)),(((T138,T18),(T172,T45)),T57)))),((((T25,T165),T38),T197),(((T93,(T144,T7)),((T163,T16),T153)),(T1,T157))))),(((((((((((((T200,T87),T175),T199),T191),T43),((((T112,T186),T29),T121),T80)),T70),(((T106,T160),T182),(T17,T129))),T167),((((T62,T40),(T124,T32)),T131),((T81,((T66,T49),T51)),(((T50,T5),T113),(T55,T99))))),(((T34,T154),(((T84,T91),T162),T95)),(((T100,T126),T3),T90))),((((T109,T92),T152),T71),(((((T170,T149),T178),T20),T188),((((T79,T173),T12),T42),T75)))),T0)),((((T60,T47),T19),T135),(((((T39,(T78,T190)),(T142,T44)),(((T164,T177),T145),T120)),T21),(T73,T189)))),(T179,((T54,(T111,T13)),T97))),(T150,(T137,T168))),T26);
Final Tree: ((((((((((((((((T125,T101),T118),T10),T83),T14),T4),((((((((T143,((T8,T61),T86)),T94),T15),T30),(T2,(T11,T98))),(T59,T82)),(((T74,T148),(T37,T195)),T176)),((T139,T105),(T130,T28)))),(T166,T115)),((((T169,T171),T134),T132),((T96,(T198,(T77,T107))),(T181,(T27,(T127,T159)))))),(((((T102,T114),(T24,T136)),(((T67,T196),(T53,T193)),T155)),(T56,T23)),(T68,T192))),((((((((T36,T116),T161),T141),(T119,T117)),((((((((T64,(T184,(T35,T104))),(T147,T72)),T183),T22),T89),T58),(T76,T52)),T110)),((T85,T46),T63)),(((T31,((T69,T140),T33)),((T133,T6),(T187,T103))),(((((((T185,T151),(((T65,T122),T41),((T123,T146),T194))),T9),(T174,((T88,T158),T180))),(T48,T128)),(T108,T156)),(((T138,T18),(T172,T45)),T57)))),((((T25,T165),T38),T197),(((T93,(T144,T7)),((T163,T16),T153)),(T1,T157))))),(((((((((((((T200,T87),T175),T199),T191),T43),((((T112,T186),T29),T121),T80)),T70),(((T106,T160),T182),(T17,T129))),T167),((((T62,T40),(T124,T32)),T131),((T81,((T66,T49),T51)),(((T50,T5),T113),(T55,T99))))),(((T34,T154),(((T84,T91),T162),T95)),(((T100,T126),T3),T90))),((((T109,T92),T152),T71),(((((T170,T149),T178),T20),T188),((((T79,T173),T12),T42),T75)))),T0)),((((T60,T47),T19),T135),(((((T39,(T78,T190)),(T142,T44)),(((T164,T177),T145),T120)),T21),(T73,T189)))),(T179,((T54,(T111,T13)),T97))),(T150,(T137,T168))),T26);
Score: 4.272821621e+10

real	1m57.566s
user	28m37.213s
sys	0m23.665s
