
RAxML-NG v. 1.1.0-master released on 04.08.2022 by The Exelixis Lab.
Developed by: Alexey M. Kozlov and Alexandros Stamatakis.
Contributors: Diego Darriba, Tomas Flouri, Benoit Morel, Sarah Lutteropp, Ben Bettisworth.
Latest version: https://github.com/amkozlov/raxml-ng
Questions/problems/suggestions? Please visit: https://groups.google.com/forum/#!forum/raxml

System: AMD EPYC 7742 64-Core Processor, 128 cores, 251 GB RAM

RAxML-NG was called at 13-Jan-2023 07:50:58 as follows:

/home/chaos/programs/raxml-ng/raxml-ng/bin/raxml-ng --msa data/alignment/19_1X_S201_0_1e6_haploid --tree pars{1} --model GTR+G --threads 64 --redo

Analysis options:
  run mode: ML tree search
  start tree(s): parsimony (1)
  random seed: 1673625058
  tip-inner: OFF
  pattern compression: ON
  per-rate scalers: OFF
  site repeats: ON
  fast spr radius: AUTO
  spr subtree cutoff: 1.000000
  branch lengths: proportional (ML estimate, algorithm: NR-FAST)
  SIMD kernels: AVX2
  parallelization: coarse-grained (auto), PTHREADS (64 threads), thread pinning: OFF

WARNING: Running in REDO mode: existing checkpoints are ignored, and all result files will be overwritten!

[00:00:00] Reading alignment from file: data/alignment/19_1X_S201_0_1e6_haploid
[00:00:03] Loaded alignment with 201 taxa and 5000000 sites

Alignment comprises 1 partitions and 3610943 patterns

Partition 0: noname
Model: GTR+FO+G4m
Alignment sites / patterns: 5000000 / 3610943
Gaps: 0.00 %
Invariant sites: 11.73 %


NOTE: Binary MSA file created: data/alignment/19_1X_S201_0_1e6_haploid.raxml.rba

Parallelization scheme autoconfig: 1 worker(s) x 64 thread(s)

Parallel reduction/worker buffer size: 1 KB  / 0 KB

[00:00:22] Generating 1 parsimony starting tree(s) with 201 taxa
[00:00:46] Data distribution: max. partitions/sites/weight per thread: 1 / 56421 / 902736
[00:00:46] Data distribution: max. searches per worker: 1

Starting ML tree search with 1 distinct starting trees

[00:00:47 -242343743.470470] Initial branch length optimization
[00:01:59 -228619843.665802] Model parameter optimization (eps = 10.000000)
[00:14:28 -220286837.590919] AUTODETECT spr round 1 (radius: 5)
[00:21:24 -220200504.553418] AUTODETECT spr round 2 (radius: 10)
[00:45:39 -220200504.536429] SPR radius for FAST iterations: 5 (autodetect)
[00:45:39 -220200504.536429] Model parameter optimization (eps = 3.000000)
[00:45:56 -220200504.129253] FAST spr round 1 (radius: 5)
[00:59:54 -220197116.808997] FAST spr round 2 (radius: 5)
[01:19:21 -220194440.000679] FAST spr round 3 (radius: 5)
[01:54:43 -220190661.161405] FAST spr round 4 (radius: 5)
[02:08:32 -220188178.468071] FAST spr round 5 (radius: 5)
[02:21:51 -220185782.735047] FAST spr round 6 (radius: 5)
[02:34:54 -220183780.922669] FAST spr round 7 (radius: 5)
[02:48:05 -220182443.475234] FAST spr round 8 (radius: 5)
[03:00:38 -220181886.056396] FAST spr round 9 (radius: 5)
[03:14:00 -220181395.672646] FAST spr round 10 (radius: 5)
[03:27:37 -220181395.672512] Model parameter optimization (eps = 1.000000)
[03:27:57 -220181395.573630] SLOW spr round 1 (radius: 5)
[04:08:48 -220176174.774606] SLOW spr round 2 (radius: 5)
[04:44:16 -220176174.771057] SLOW spr round 3 (radius: 10)
[05:18:41 -220176174.770754] SLOW spr round 4 (radius: 15)
[06:38:23 -220176174.770733] SLOW spr round 5 (radius: 20)
[07:17:44 -220176174.770730] SLOW spr round 6 (radius: 25)
[07:29:37 -220176174.770730] Model parameter optimization (eps = 0.100000)

[07:30:16] ML tree search #1, logLikelihood: -220176174.594893


Optimized model parameters:

   Partition 0: noname
   Rate heterogeneity: GAMMA (4 cats, mean),  alpha: 0.692227 (ML),  weights&rates: (0.250000,0.072529) (0.250000,0.359840) (0.250000,0.921954) (0.250000,2.645678) 
   Base frequencies (ML): 0.402142 0.168481 0.122065 0.307312 
   Substitution rates (ML): 0.783597 2.321468 0.847883 0.972515 3.405731 1.000000 


Final LogLikelihood: -220176174.594893

AIC score: 440353165.189786 / AICc score: 440353165.256541 / BIC score: 440358642.568762
Free parameters (model + branch lengths): 408

Best ML tree saved to: /expanse/lustre/projects/uot138/chaos/ASTERISK-sim/data/alignment/19_1X_S201_0_1e6_haploid.raxml.bestTree
Optimized model saved to: /expanse/lustre/projects/uot138/chaos/ASTERISK-sim/data/alignment/19_1X_S201_0_1e6_haploid.raxml.bestModel

Execution log saved to: /expanse/lustre/projects/uot138/chaos/ASTERISK-sim/data/alignment/19_1X_S201_0_1e6_haploid.raxml.log

Analysis started: 13-Jan-2023 07:50:58 / finished: 13-Jan-2023 15:21:16

Elapsed time: 27018.149 seconds

Consumed energy: 2841.012 Wh (= 14 km in an electric car, or 71 km with an e-scooter!)

