Weighted ASTRAL - Hybrid
Version: v1.13.2.3
#Genetrees: 2000
#Species: 201
#Rounds: 4
#Samples: 4
#Threads: 32
Use two-step algorithm!
Guide Tree 0/27
#NNI moves:5/236
Guide Tree 1/27
#NNI moves:4/236
Guide Tree 2/27
#NNI moves:4/236
Guide Tree 3/27
#NNI moves:1/236
Guide Tree 4/27
#NNI moves:4/236
Guide Tree 5/27
#NNI moves:2/236
Guide Tree 6/27
#NNI moves:2/236
Guide Tree 7/27
#NNI moves:0/236
Guide Tree 8/27
#NNI moves:1/236
Guide Tree 9/27
#NNI moves:1/236
Guide Tree 10/27
#NNI moves:2/236
Guide Tree 11/27
#NNI moves:4/236
Guide Tree 12/27
#NNI moves:5/236
Guide Tree 13/27
#NNI moves:1/236
Guide Tree 14/27
#NNI moves:1/236
Guide Tree 15/27
#NNI moves:5/236
Guide Tree 16/27
#NNI moves:1/236
Guide Tree 17/27
#NNI moves:1/236
Guide Tree 18/27
#NNI moves:1/236
Guide Tree 19/27
#NNI moves:0/236
Guide Tree 20/27
#NNI moves:1/236
Guide Tree 21/27
#NNI moves:1/236
Guide Tree 22/27
#NNI moves:1/236
Guide Tree 23/27
#NNI moves:1/236
Guide Tree 24/27
#NNI moves:4/236
Guide Tree 25/27
#NNI moves:1/236
Guide Tree 26/27
#NNI moves:1/236
Remaining: 0
#NNI moves:3/236
#NNI moves:3/236
(((((((((((((((((((T14,T110),T40),T19),((T156,(T173,T111)),(T185,T13))),(T22,T196)),(T42,T183)),((T44,T159),(T53,T153))),(((T118,T109),T146),((T148,T74),T83))),(((((((((T79,T51),T124),T76),((((T131,(T168,T104)),T123),(T107,T195)),T98)),T186),(((T95,T121),(T9,T136)),((((T45,T130),(T198,(T47,T12))),(T6,(T67,T41))),T81))),T16),((((T165,T151),T102),T3),T66)),((((T106,(T78,T137)),T26),(T43,T99)),((T193,T15),T62)))),(((T50,T10),T8),((((T154,T75),T132),(T92,T38)),(T24,T88)))),(((((T119,(T184,T143)),(T188,T149)),(T72,T49)),(T134,(T157,T82))),T31)),T128),T0),((((T150,(T187,(T61,T37))),((T182,T89),((T7,T135),T161))),(((T30,T77),((T70,(T46,T85)),T152)),T181)),((((((T59,(T120,T23)),(T122,T126)),(T100,T87)),(T179,T28)),((T158,T29),(T71,T96))),T69))),(((((((((T175,T117),T105),T142),(((T20,T94),(((T192,T160),((T141,T200),T197)),T138)),(((T52,T162),(T108,T54)),(T93,T17)))),T180),((T191,T18),T32)),((((T199,T171),T176),T169),T127)),(T48,T145)),(((((T147,T11),((((T116,(T115,T194)),T155),T35),((T64,(T125,((T90,T170),((T164,T103),T174)))),((T133,T97),((T144,T129),(T177,T27)))))),T91),(((T140,T4),T56),(T112,T73))),((((T25,T139),T57),(T58,(T114,T167))),(((((T163,T80),(((T84,T189),T101),T55)),T5),((T33,T1),(T21,T190))),T2))))),((T172,T178),(((T166,(T60,T86)),T68),(T39,T65)))),(T113,T36)),T34),T63);
Guide Tree 0/27
#NNI moves:4/236
Guide Tree 1/27
#NNI moves:8/236
Guide Tree 2/27
#NNI moves:2/236
Guide Tree 3/27
#NNI moves:6/236
Guide Tree 4/27
#NNI moves:0/236
Guide Tree 5/27
#NNI moves:5/236
Guide Tree 6/27
#NNI moves:3/236
Guide Tree 7/27
#NNI moves:0/236
Guide Tree 8/27
#NNI moves:2/236
Guide Tree 9/27
#NNI moves:4/236
Guide Tree 10/27
#NNI moves:2/236
Guide Tree 11/27
#NNI moves:4/236
Guide Tree 12/27
#NNI moves:2/236
Guide Tree 13/27
#NNI moves:0/236
Guide Tree 14/27
#NNI moves:4/236
Guide Tree 15/27
#NNI moves:0/236
Guide Tree 16/27
#NNI moves:3/236
Guide Tree 17/27
#NNI moves:6/236
Guide Tree 18/27
#NNI moves:1/236
Guide Tree 19/27
#NNI moves:3/236
Guide Tree 20/27
#NNI moves:4/236
Guide Tree 21/27
#NNI moves:3/236
Guide Tree 22/27
#NNI moves:3/236
Guide Tree 23/27
#NNI moves:6/236
Guide Tree 24/27
#NNI moves:6/236
Guide Tree 25/27
#NNI moves:5/236
Guide Tree 26/27
#NNI moves:7/236
Remaining: 2
#NNI moves:8/236
#NNI moves:8/236
(((((((((((((((((((T110,T14),T40),T19),((T185,T13),((T111,T173),T156))),(T22,T196)),(T42,T183)),((T153,T53),(T44,T159))),(((T109,T118),T146),(T83,(T74,T148)))),((((((((((T131,(T168,T104)),T123),(T195,T107)),T98),(((T51,T79),T124),T76)),T186),(((T121,T95),(T136,T9)),((((T130,T45),((T47,T12),T198)),((T67,T41),T6)),T81))),T16),(T66,(((T151,T165),T102),T3))),(((T193,T15),T62),((((T137,T78),T106),T26),(T99,T43))))),(((((T154,T75),T132),(T38,T92)),(T88,T24)),((T50,T10),T8))),(((((T149,T188),((T184,T143),T119)),(T72,T49)),(T134,(T157,T82))),T31)),T128),T0),(((((((T59,(T120,T23)),(T122,T126)),(T100,T87)),(T28,T179)),((T29,T158),(T71,T96))),T69),((((T182,T89),((T7,T135),T161)),(T150,((T37,T61),T187))),(T181,((T152,((T46,T85),T70)),(T30,T77)))))),(((((((((((T170,T90),((T103,T164),T174)),T125),T64),(((T27,T177),(T144,T129)),(T97,T133))),((((T194,T115),T116),T155),T35)),(T11,T147)),T91),((T56,(T4,T140)),(T73,T112))),((T2,((((((T189,T84),T101),T55),(T163,T80)),T5),((T21,T190),(T1,T33)))),(((T114,T167),T58),(T57,(T139,T25))))),(((((((((T108,T54),(T162,T52)),(T17,T93)),((T20,T94),((((T200,T141),T197),(T192,T160)),T138))),(((T175,T117),T105),T142)),T180),((T191,T18),T32)),((((T199,T171),T176),T169),T127)),(T48,T145)))),(((((T86,T60),T166),T68),(T65,T39)),(T178,T172))),(T113,T36)),T34),T63);
Guide Tree 0/27
#NNI moves:0/236
Guide Tree 1/27
#NNI moves:2/236
Guide Tree 2/27
#NNI moves:0/236
Guide Tree 3/27
#NNI moves:1/236
Guide Tree 4/27
#NNI moves:0/236
Guide Tree 5/27
#NNI moves:3/236
Guide Tree 6/27
#NNI moves:2/236
Guide Tree 7/27
#NNI moves:1/236
Guide Tree 8/27
#NNI moves:1/236
Guide Tree 9/27
#NNI moves:1/236
Guide Tree 10/27
#NNI moves:1/236
Guide Tree 11/27
#NNI moves:0/236
Guide Tree 12/27
#NNI moves:3/236
Guide Tree 13/27
#NNI moves:2/236
Guide Tree 14/27
#NNI moves:3/236
Guide Tree 15/27
#NNI moves:0/236
Guide Tree 16/27
#NNI moves:1/236
Guide Tree 17/27
#NNI moves:2/236
Guide Tree 18/27
#NNI moves:2/236
Guide Tree 19/27
#NNI moves:4/236
Guide Tree 20/27
#NNI moves:2/236
Guide Tree 21/27
#NNI moves:2/236
Guide Tree 22/27
#NNI moves:1/236
Guide Tree 23/27
#NNI moves:2/236
Guide Tree 24/27
#NNI moves:3/236
Guide Tree 25/27
#NNI moves:1/236
Guide Tree 26/27
#NNI moves:4/236
Remaining: 1
#NNI moves:5/236
#NNI moves:5/236
((((((((((((((((T196,T22),(((T40,(T14,T110)),T19),((T156,(T111,T173)),(T13,T185)))),(T42,T183)),((T44,T159),(T153,T53))),((T146,(T109,T118)),((T74,T148),T83))),(((((((T76,((T51,T79),T124)),(((((T104,T168),T131),T123),(T195,T107)),T98)),T186),(((((T130,T45),((T12,T47),T198)),(T6,(T41,T67))),T81),((T121,T95),(T9,T136)))),T16),((((T151,T165),T102),T3),T66)),(((T15,T193),T62),((T43,T99),(((T137,T78),T106),T26))))),((((T92,T38),(T132,(T154,T75))),(T88,T24)),(T8,(T10,T50)))),(((((T119,(T143,T184)),(T188,T149)),(T72,T49)),((T82,T157),T134)),T31)),T128),T0),(((((((T85,T46),T70),T152),(T30,T77)),T181),((T150,(T187,(T61,T37))),((T182,T89),(T161,(T7,T135))))),(((((((T120,T23),T59),(T126,T122)),(T100,T87)),(T28,T179)),((T71,T96),(T29,T158))),T69))),(((((((((((T197,(T141,T200)),(T160,T192)),T138),(T20,T94)),(((T52,T162),(T54,T108)),(T93,T17))),((T105,(T175,T117)),T142)),T180),((T191,T18),T32)),((((T199,T171),T176),T169),T127)),(T48,T145)),(((((T25,T139),T57),((T114,T167),T58)),((((T190,T21),(T1,T33)),(T5,((((T84,T189),T101),T55),(T163,T80)))),T2)),((((T11,T147),((((((T174,(T103,T164)),(T170,T90)),T125),T64),(((T129,T144),(T177,T27)),(T133,T97))),((((T194,T115),T116),T155),T35))),T91),(((T4,T140),T56),(T73,T112)))))),(((((T86,T60),T166),T68),(T65,T39)),(T172,T178))),(T36,T113)),T34),T63);
Guide Tree 0/27
#NNI moves:0/236
Guide Tree 1/27
#NNI moves:2/236
Guide Tree 2/27
#NNI moves:0/236
Guide Tree 3/27
#NNI moves:1/236
Guide Tree 4/27
#NNI moves:3/236
Guide Tree 5/27
#NNI moves:3/236
Guide Tree 6/27
#NNI moves:0/236
Guide Tree 7/27
#NNI moves:3/236
Guide Tree 8/27
#NNI moves:3/236
Guide Tree 9/27
#NNI moves:1/236
Guide Tree 10/27
#NNI moves:3/236
Guide Tree 11/27
#NNI moves:0/236
Guide Tree 12/27
#NNI moves:1/236
Guide Tree 13/27
#NNI moves:1/236
Guide Tree 14/27
#NNI moves:0/236
Guide Tree 15/27
#NNI moves:1/236
Guide Tree 16/27
#NNI moves:0/236
Guide Tree 17/27
#NNI moves:3/236
Guide Tree 18/27
#NNI moves:0/236
Guide Tree 19/27
#NNI moves:0/236
Guide Tree 20/27
#NNI moves:1/236
Guide Tree 21/27
#NNI moves:1/236
Guide Tree 22/27
#NNI moves:3/236
Guide Tree 23/27
#NNI moves:3/236
Guide Tree 24/27
#NNI moves:1/236
Guide Tree 25/27
#NNI moves:0/236
Guide Tree 26/27
#NNI moves:3/236
Remaining: 1
#NNI moves:1/236
#NNI moves:1/236
((((((((((((((((((((T130,T45),(T198,(T47,T12))),((T41,T67),T6)),T81),((T9,T136),(T121,T95))),(((T98,((((T104,T168),T131),T123),(T107,T195))),(((T51,T79),T124),T76)),T186)),T16),((((T165,T151),T102),T3),T66)),(((T26,(T106,(T78,T137))),(T99,T43)),((T193,T15),T62))),(((((T196,T22),(((T156,(T111,T173)),(T185,T13)),(((T14,T110),T40),T19))),(T183,T42)),((T44,T159),(T153,T53))),((T83,(T74,T148)),((T109,T118),T146)))),(((T10,T50),T8),(((T132,(T75,T154)),(T38,T92)),(T24,T88)))),((((((T184,T143),T119),(T149,T188)),(T72,T49)),((T157,T82),T134)),T31)),T128),T0),((((((T61,T37),T187),T150),(((T135,T7),T161),(T182,T89))),(((((T85,T46),T70),T152),(T77,T30)),T181)),((((((T59,(T120,T23)),(T126,T122)),(T87,T100)),(T28,T179)),((T29,T158),(T71,T96))),T69))),(((((((T190,T21),(T1,T33)),(((((T189,T84),T101),T55),(T80,T163)),T5)),T2),(((T167,T114),T58),(T57,(T139,T25)))),((((((((T194,T115),T116),T155),T35),((((((T103,T164),T174),(T170,T90)),T125),T64),((T133,T97),((T27,T177),(T144,T129))))),(T147,T11)),T91),(((T4,T140),T56),(T112,T73)))),((((((T171,T199),T176),T169),T127),((T32,(T18,T191)),(((((T138,((T160,T192),((T200,T141),T197))),(T20,T94)),(((T52,T162),(T54,T108)),(T17,T93))),(((T117,T175),T105),T142)),T180))),(T145,T48)))),(((((T86,T60),T166),T68),(T65,T39)),(T172,T178))),(T113,T36)),T34),T63);
Initial score: 4.55617e+10
Initial tree: ((((((((((((((((((((T130,T45),(T198,(T47,T12))),((T41,T67),T6)),T81),((T9,T136),(T121,T95))),(((T98,((((T104,T168),T131),T123),(T107,T195))),(((T51,T79),T124),T76)),T186)),T16),((((T165,T151),T102),T3),T66)),(((T26,(T106,(T78,T137))),(T99,T43)),((T193,T15),T62))),(((((T196,T22),(((T156,(T111,T173)),(T185,T13)),(((T14,T110),T40),T19))),(T183,T42)),((T44,T159),(T153,T53))),((T83,(T74,T148)),((T109,T118),T146)))),(((T10,T50),T8),(((T132,(T75,T154)),(T38,T92)),(T24,T88)))),((((((T184,T143),T119),(T149,T188)),(T72,T49)),((T157,T82),T134)),T31)),T128),T0),((((((T61,T37),T187),T150),(((T135,T7),T161),(T182,T89))),(((((T85,T46),T70),T152),(T77,T30)),T181)),((((((T59,(T120,T23)),(T126,T122)),(T87,T100)),(T28,T179)),((T29,T158),(T71,T96))),T69))),(((((((T190,T21),(T1,T33)),(((((T189,T84),T101),T55),(T80,T163)),T5)),T2),(((T167,T114),T58),(T57,(T139,T25)))),((((((((T194,T115),T116),T155),T35),((((((T103,T164),T174),(T170,T90)),T125),T64),((T133,T97),((T27,T177),(T144,T129))))),(T147,T11)),T91),(((T4,T140),T56),(T112,T73)))),((((((T171,T199),T176),T169),T127),((T32,(T18,T191)),(((((T138,((T160,T192),((T200,T141),T197))),(T20,T94)),(((T52,T162),(T54,T108)),(T17,T93))),(((T117,T175),T105),T142)),T180))),(T145,T48)))),(((((T86,T60),T166),T68),(T65,T39)),(T172,T178))),(T113,T36)),T34),T63);
*** Subsample Process ***
Use two-step algorithm!
#NNI moves:0/236
Remaining: 1
#NNI moves:1/236
#NNI moves:1/236
((((((((((((((((((((((((((((T174,(T164,T103)),(T90,T170)),T125),T64),(((T177,T27),(T144,T129)),(T97,T133))),(((T116,(T194,T115)),T155),T35)),(T147,T11)),T91),((T112,T73),((T4,T140),T56))),((((((T80,T163),(((T189,T84),T101),T55)),T5),((T21,T190),(T1,T33))),T2),(((T25,T139),T57),((T167,T114),T58)))),((((((T171,T199),T176),T169),T127),(((((((T162,T52),(T108,T54)),(T17,T93)),((T20,T94),(((T192,T160),(T197,(T200,T141))),T138))),((T105,(T117,T175)),T142)),T180),((T191,T18),T32))),(T48,T145))),(((T178,T172),((((T60,T86),T166),T68),(T65,T39))),((T34,T63),(T36,T113)))),((((((T37,T61),T187),T150),((T182,T89),((T135,T7),T161))),((((T70,(T46,T85)),T152),(T77,T30)),T181)),(((((T100,T87),((T122,T126),((T120,T23),T59))),(T28,T179)),((T158,T29),(T71,T96))),T69))),T0),T128),(((((T119,(T143,T184)),(T149,T188)),(T49,T72)),((T157,T82),T134)),T31)),(((((T154,T75),T132),(T92,T38)),(T88,T24)),((T50,T10),T8))),(((((T196,T22),(((T40,(T110,T14)),T19),((T13,T185),((T111,T173),T156)))),(T42,T183)),((T159,T44),(T153,T53))),((T83,(T74,T148)),((T118,T109),T146)))),(((T26,(T106,(T78,T137))),(T99,T43)),((T193,T15),T62))),(T66,(T3,((T165,T151),T102)))),T16),(((T98,((((T104,T168),T131),T123),(T195,T107))),(((T79,T51),T124),T76)),T186)),((T136,T9),(T121,T95))),T81),((T67,T41),T6)),(T45,T130)),(T47,T12)),T198);
#NNI moves:6/236
Remaining: 0
#NNI moves:19/236
#NNI moves:19/236
(((((((((((((((((((T6,(T67,T41)),(((T47,T12),T198),(T45,T130))),T81),((T95,T121),(T136,T9))),(((((T195,T107),(((T104,T168),T131),T123)),T98),((T124,(T79,T51)),T76)),T186)),T16),((T3,(T102,(T165,T151))),T66)),(((T99,T43),(((T137,T78),T106),T26)),((T193,T15),T62))),((((((T19,((T110,T14),T40)),(((T111,T173),T156),(T185,T13))),(T22,T196)),(T42,T183)),((T153,T53),(T44,T159))),(((T148,T74),T83),((T109,T118),T146)))),(((T10,T50),T8),(((T92,T38),((T154,T75),T132)),(T88,T24)))),((((T82,T157),T134),((((T143,T184),T119),(T188,T149)),(T72,T49))),T31)),T128),T0),((((((T70,(T85,T46)),T152),(T30,T77)),T181),(((T182,T89),((T135,T7),T161)),(((T37,T61),T187),T150))),(((((T87,T100),((T126,T122),(T59,(T23,T120)))),(T28,T179)),((T71,T96),(T29,T158))),T69))),(((((((T199,T171),T176),T169),T127),(((((((T162,T52),(T108,T54)),(T93,T17)),((T94,T20),(((T192,T160),((T141,T200),T197)),T138))),(((T117,T175),T105),T142)),T180),((T191,T18),T32))),(T48,T145)),(((((((((((T164,T103),T174),(T90,T170)),T125),T64),(((T177,T27),(T144,T129)),(T97,T133))),(((T116,(T194,T115)),T155),T35)),(T147,T11)),T91),((T112,T73),((T140,T4),T56))),((((((T163,T80),(T55,((T84,T189),T101))),T5),((T1,T33),(T21,T190))),T2),((T58,(T114,T167)),((T139,T25),T57)))))),((T172,T178),((T65,T39),(((T86,T60),T166),T68)))),(T36,T113)),T63),T34);
#NNI moves:0/236
Remaining: 2
#NNI moves:10/236
#NNI moves:10/236
((((((((((((((((((((((((((((T174,(T164,T103)),(T170,T90)),T125),T64),(((T144,T129),(T177,T27)),(T133,T97))),((((T115,T194),T116),T155),T35)),(T147,T11)),T91),(((T4,T140),T56),(T73,T112))),((((((((T84,T189),T101),T55),(T80,T163)),T5),((T1,T33),(T190,T21))),T2),((T58,(T167,T114)),((T25,T139),T57)))),(((((T191,T18),T32),((((((T108,T54),(T162,T52)),(T93,T17)),((((T197,(T141,T200)),(T192,T160)),T138),(T94,T20))),((T105,(T117,T175)),T142)),T180)),(T127,(((T199,T171),T176),T169))),(T145,T48))),(((T178,T172),((((T86,T60),T166),T68),(T65,T39))),((T36,T113),(T63,T34)))),(((((T28,T179),(((T59,(T120,T23)),(T126,T122)),(T87,T100))),((T158,T29),(T71,T96))),T69),((((T77,T30),(((T46,T85),T70),T152)),T181),(((T187,(T37,T61)),T150),(((T135,T7),T161),(T89,T182)))))),T0),T128),((((((T143,T184),T119),(T149,T188)),(T72,T49)),((T82,T157),T134)),T31)),((((T38,T92),((T75,T154),T132)),(T88,T24)),(T8,(T50,T10)))),((((T42,T183),((((T13,T185),(T156,(T111,T173))),(((T14,T110),T40),T19)),(T196,T22))),((T44,T159),(T153,T53))),((T83,(T148,T74)),((T109,T118),T146)))),((((T106,(T137,T78)),T26),(T43,T99)),((T193,T15),T62))),((T3,((T165,T151),T102)),T66)),T16),(((((T107,T195),((T131,(T104,T168)),T123)),T98),(((T79,T51),T124),T76)),T186)),((T9,T136),(T121,T95))),T81),((T130,T45),((T47,T12),T198))),T6),T41),T67);
#NNI moves:3/236
Remaining: 0
#NNI moves:5/236
#NNI moves:5/236
((((((((((((((((((((T79,T51),T124),T76),(((T123,((T168,T104),T131)),(T107,T195)),T98)),T186),((((((T12,T47),T198),(T45,T130)),(T6,(T41,T67))),T81),((T9,T136),(T95,T121)))),T16),(T66,(((T151,T165),T102),T3))),(((((T137,T78),T106),T26),(T99,T43)),((T193,T15),T62))),((((T42,T183),(((((T173,T111),T156),(T13,T185)),((T40,(T14,T110)),T19)),(T196,T22))),((T153,T53),(T159,T44))),(((T109,T118),T146),((T74,T148),T83)))),(((((T75,T154),T132),(T38,T92)),(T88,T24)),(T8,(T50,T10)))),((((((T143,T184),T119),(T188,T149)),(T72,T49)),((T157,T82),T134)),T31)),T128),T0),(((((T77,T30),(((T85,T46),T70),T152)),T181),((((T37,T61),T187),T150),((T161,(T135,T7)),(T89,T182)))),((((T96,T71),(T158,T29)),((((T122,T126),(T59,(T120,T23))),(T87,T100)),(T179,T28))),T69))),(((((((((T20,T94),(((T192,T160),((T200,T141),T197)),T138)),(((T52,T162),(T108,T54)),(T93,T17))),((T105,(T175,T117)),T142)),T180),((T18,T191),T32)),(((T176,(T171,T199)),T169),T127)),(T145,T48)),(((((((((T27,T177),(T144,T129)),(T97,T133)),((T125,((T90,T170),((T103,T164),T174))),T64)),((((T115,T194),T116),T155),T35)),(T11,T147)),T91),((T73,T112),((T4,T140),T56))),((((((((T189,T84),T101),T55),(T80,T163)),T5),((T190,T21),(T1,T33))),T2),(((T114,T167),T58),((T25,T139),T57)))))),(((((T86,T60),T166),T68),(T65,T39)),(T172,T178))),(T36,T113)),T63),T34);
Current score: 4.55617e+10
Current tree: ((((((((((((((((((((T79,T51),T124),T76),(((T123,((T168,T104),T131)),(T107,T195)),T98)),T186),((((((T12,T47),T198),(T45,T130)),(T6,(T41,T67))),T81),((T9,T136),(T95,T121)))),T16),(T66,(((T151,T165),T102),T3))),(((((T137,T78),T106),T26),(T99,T43)),((T193,T15),T62))),((((T42,T183),(((((T173,T111),T156),(T13,T185)),((T40,(T14,T110)),T19)),(T196,T22))),((T153,T53),(T159,T44))),(((T109,T118),T146),((T74,T148),T83)))),(((((T75,T154),T132),(T38,T92)),(T88,T24)),(T8,(T50,T10)))),((((((T143,T184),T119),(T188,T149)),(T72,T49)),((T157,T82),T134)),T31)),T128),T0),(((((T77,T30),(((T85,T46),T70),T152)),T181),((((T37,T61),T187),T150),((T161,(T135,T7)),(T89,T182)))),((((T96,T71),(T158,T29)),((((T122,T126),(T59,(T120,T23))),(T87,T100)),(T179,T28))),T69))),(((((((((T20,T94),(((T192,T160),((T200,T141),T197)),T138)),(((T52,T162),(T108,T54)),(T93,T17))),((T105,(T175,T117)),T142)),T180),((T18,T191),T32)),(((T176,(T171,T199)),T169),T127)),(T145,T48)),(((((((((T27,T177),(T144,T129)),(T97,T133)),((T125,((T90,T170),((T103,T164),T174))),T64)),((((T115,T194),T116),T155),T35)),(T11,T147)),T91),((T73,T112),((T4,T140),T56))),((((((((T189,T84),T101),T55),(T80,T163)),T5),((T190,T21),(T1,T33))),T2),(((T114,T167),T58),((T25,T139),T57)))))),(((((T86,T60),T166),T68),(T65,T39)),(T172,T178))),(T36,T113)),T34),T63);
Final Tree: ((((((((((((((((((((T79,T51),T124),T76),(((T123,((T168,T104),T131)),(T107,T195)),T98)),T186),((((((T12,T47),T198),(T45,T130)),(T6,(T41,T67))),T81),((T9,T136),(T95,T121)))),T16),(T66,(((T151,T165),T102),T3))),(((((T137,T78),T106),T26),(T99,T43)),((T193,T15),T62))),((((T42,T183),(((((T173,T111),T156),(T13,T185)),((T40,(T14,T110)),T19)),(T196,T22))),((T153,T53),(T159,T44))),(((T109,T118),T146),((T74,T148),T83)))),(((((T75,T154),T132),(T38,T92)),(T88,T24)),(T8,(T50,T10)))),((((((T143,T184),T119),(T188,T149)),(T72,T49)),((T157,T82),T134)),T31)),T128),T0),(((((T77,T30),(((T85,T46),T70),T152)),T181),((((T37,T61),T187),T150),((T161,(T135,T7)),(T89,T182)))),((((T96,T71),(T158,T29)),((((T122,T126),(T59,(T120,T23))),(T87,T100)),(T179,T28))),T69))),(((((((((T20,T94),(((T192,T160),((T200,T141),T197)),T138)),(((T52,T162),(T108,T54)),(T93,T17))),((T105,(T175,T117)),T142)),T180),((T18,T191),T32)),(((T176,(T171,T199)),T169),T127)),(T145,T48)),(((((((((T27,T177),(T144,T129)),(T97,T133)),((T125,((T90,T170),((T103,T164),T174))),T64)),((((T115,T194),T116),T155),T35)),(T11,T147)),T91),((T73,T112),((T4,T140),T56))),((((((((T189,T84),T101),T55),(T80,T163)),T5),((T190,T21),(T1,T33))),T2),(((T114,T167),T58),((T25,T139),T57)))))),(((((T86,T60),T166),T68),(T65,T39)),(T172,T178))),(T36,T113)),T34),T63);
Score: 4.556172701e+10

real	1m34.599s
user	22m58.917s
sys	0m21.299s
