Weighted ASTRAL - Hybrid
Version: v1.13.2.3
#Genetrees: 2000
#Species: 201
#Rounds: 4
#Samples: 4
#Threads: 32
Use two-step algorithm!
Guide Tree 0/27
#NNI moves:4/236
Guide Tree 1/27
#NNI moves:4/236
Guide Tree 2/27
#NNI moves:1/236
Guide Tree 3/27
#NNI moves:1/236
Guide Tree 4/27
#NNI moves:3/236
Guide Tree 5/27
#NNI moves:1/236
Guide Tree 6/27
#NNI moves:0/236
Guide Tree 7/27
#NNI moves:1/236
Guide Tree 8/27
#NNI moves:2/236
Guide Tree 9/27
#NNI moves:1/236
Guide Tree 10/27
#NNI moves:1/236
Guide Tree 11/27
#NNI moves:2/236
Guide Tree 12/27
#NNI moves:3/236
Guide Tree 13/27
#NNI moves:3/236
Guide Tree 14/27
#NNI moves:1/236
Guide Tree 15/27
#NNI moves:1/236
Guide Tree 16/27
#NNI moves:0/236
Guide Tree 17/27
#NNI moves:0/236
Guide Tree 18/27
#NNI moves:0/236
Guide Tree 19/27
#NNI moves:1/236
Guide Tree 20/27
#NNI moves:4/236
Guide Tree 21/27
#NNI moves:1/236
Guide Tree 22/27
#NNI moves:0/236
Guide Tree 23/27
#NNI moves:1/236
Guide Tree 24/27
#NNI moves:1/236
Guide Tree 25/27
#NNI moves:6/236
Guide Tree 26/27
#NNI moves:4/236
Remaining: 2
#NNI moves:47/236
#NNI moves:50/236
(((((((((((((((((((T54,T92),T163),((T76,T171),T20)),T160),T68),((T34,T42),(T126,T124))),(((T17,T159),(T10,T9)),(T6,T103))),((((T187,T73),(T120,(T4,T152))),(((T145,(T176,T2)),T104),((T33,T88),T161))),(T121,(T43,T169)))),(((T78,(T14,T133)),T153),T77)),((((T36,T5),(T118,T129)),T67),((((T138,(T193,(((T181,T194),T198),T81))),T136),T60),(T27,T66)))),(((((T58,T141),T56),T127),(T180,(T131,(T190,T96)))),((T189,T21),T86))),(T7,T135)),((((T55,T87),(T191,T13)),(T64,((((T49,T79),((T44,T150),T46)),((T52,T174),T112)),(T149,T30)))),T99)),T0),(T143,T117)),((((((((((T186,T108),(T25,T170)),(T147,((T172,T31),T137))),((T80,T200),T119)),((T51,T26),((((T165,T93),(T128,T47)),((T122,T50),T123)),(T199,T97)))),(((T184,T41),(T23,T192)),T139)),((((T101,T91),T196),T107),(T156,((T69,T15),T109)))),(((((T130,T3),T155),(((T62,(T134,T70)),T40),T168)),(T175,T125)),(((T89,T102),T59),((T183,T11),(T182,T1))))),(((((T111,(((T110,(T100,T140)),((T61,T22),T84)),T188)),(((T74,T85),(T115,T39)),T32)),(((T53,T57),(T83,T177)),T98)),T45),((T178,T132),T158))),(((((((((T72,T164),(T195,T8)),((T38,((T19,T37),T16)),T28)),(T12,T197)),(T173,T106)),(((T63,T35),T166),T179)),(((T151,((T162,T24),(T48,T157))),(T90,T167)),T94)),(T154,T146)),((((T65,T82),T142),(T114,T113)),((T144,(T148,T71)),(T95,T75)))))),(T116,(T185,T29))),T18),T105);
Guide Tree 0/27
#NNI moves:0/236
Guide Tree 1/27
#NNI moves:1/236
Guide Tree 2/27
#NNI moves:3/236
Guide Tree 3/27
#NNI moves:1/236
Guide Tree 4/27
#NNI moves:4/236
Guide Tree 5/27
#NNI moves:0/236
Guide Tree 6/27
#NNI moves:4/236
Guide Tree 7/27
#NNI moves:0/236
Guide Tree 8/27
#NNI moves:2/236
Guide Tree 9/27
#NNI moves:0/236
Guide Tree 10/27
#NNI moves:0/236
Guide Tree 11/27
#NNI moves:1/236
Guide Tree 12/27
#NNI moves:7/236
Guide Tree 13/27
#NNI moves:2/236
Guide Tree 14/27
#NNI moves:4/236
Guide Tree 15/27
#NNI moves:3/236
Guide Tree 16/27
#NNI moves:0/236
Guide Tree 17/27
#NNI moves:0/236
Guide Tree 18/27
#NNI moves:1/236
Guide Tree 19/27
#NNI moves:1/236
Guide Tree 20/27
#NNI moves:0/236
Guide Tree 21/27
#NNI moves:3/236
Guide Tree 22/27
#NNI moves:3/236
Guide Tree 23/27
#NNI moves:0/236
Guide Tree 24/27
#NNI moves:0/236
Guide Tree 25/27
#NNI moves:1/236
Guide Tree 26/27
#NNI moves:3/236
Remaining: 1
#NNI moves:14/236
#NNI moves:14/236
(((((((((((((T147,((T31,T172),T137)),((T108,T186),(T170,T25))),((T80,T200),T119)),(((((T93,T165),(T47,T128)),(T123,(T50,T122))),(T97,T199)),(T26,T51))),(T139,((T23,T192),(T41,T184)))),(((T196,(T101,T91)),T107),(((T69,T15),T109),T156))),((((T1,T182),(T183,T11)),((T89,T102),T59)),((((T130,T3),T155),(T168,(((T134,T70),T62),T40))),(T175,T125)))),((((((T83,T177),(T57,T53)),T98),(((T188,((T84,(T61,T22)),(T110,(T100,T140)))),T111),(((T115,T39),(T74,T85)),T32))),T45),((T178,T132),T158))),(((((T65,T82),T142),(T114,T113)),(((T148,T71),T144),(T95,T75))),((((((((((T37,T19),T16),T38),T28),((T164,T72),(T195,T8))),(T12,T197)),(T173,T106)),(T179,(T166,(T35,T63)))),(T94,((((T157,T48),(T162,T24)),T151),(T90,T167)))),(T154,T146)))),((T143,T117),((((((((((((((T171,T76),T20),((T92,T54),T163)),T160),T68),((T34,T42),(T126,T124))),((T6,T103),((T9,T10),(T159,T17)))),(((((T88,T33),T161),(((T176,T2),T145),T104)),((T73,T187),((T152,T4),T120))),((T169,T43),T121))),(((T78,(T14,T133)),T153),T77)),(((((((((T181,T194),T198),T81),T193),T138),T136),T60),(T66,T27)),(((T129,T118),(T36,T5)),T67))),(((T189,T21),T86),(((T56,(T58,T141)),T127),(((T190,T96),T131),T180)))),(T135,T7)),(((((((T52,T174),T112),((T49,T79),((T150,T44),T46))),(T30,T149)),T64),((T87,T55),(T13,T191))),T99)),T0))),((T185,T29),T116)),T18),T105);
Guide Tree 0/27
#NNI moves:2/236
Guide Tree 1/27
#NNI moves:3/236
Guide Tree 2/27
#NNI moves:1/236
Guide Tree 3/27
#NNI moves:0/236
Guide Tree 4/27
#NNI moves:1/236
Guide Tree 5/27
#NNI moves:1/236
Guide Tree 6/27
#NNI moves:2/236
Guide Tree 7/27
#NNI moves:1/236
Guide Tree 8/27
#NNI moves:0/236
Guide Tree 9/27
#NNI moves:5/236
Guide Tree 10/27
#NNI moves:0/236
Guide Tree 11/27
#NNI moves:3/236
Guide Tree 12/27
#NNI moves:2/236
Guide Tree 13/27
#NNI moves:1/236
Guide Tree 14/27
#NNI moves:0/236
Guide Tree 15/27
#NNI moves:0/236
Guide Tree 16/27
#NNI moves:1/236
Guide Tree 17/27
#NNI moves:2/236
Guide Tree 18/27
#NNI moves:4/236
Guide Tree 19/27
#NNI moves:0/236
Guide Tree 20/27
#NNI moves:1/236
Guide Tree 21/27
#NNI moves:4/236
Guide Tree 22/27
#NNI moves:0/236
Guide Tree 23/27
#NNI moves:0/236
Guide Tree 24/27
#NNI moves:2/236
Guide Tree 25/27
#NNI moves:0/236
Guide Tree 26/27
#NNI moves:4/236
Remaining: 1
#NNI moves:11/236
#NNI moves:13/236
((((((((((((((T123,(T50,T122)),((T93,T165),(T128,T47))),(T199,T97)),(T51,T26)),((((T137,(T172,T31)),T147),((T25,T170),(T108,T186))),(T119,(T80,T200)))),(((T23,T192),(T41,T184)),T139)),((((T101,T91),T196),T107),(((T69,T15),T109),T156))),((((T183,T11),(T1,T182)),((T89,T102),T59)),((T175,T125),(((((T70,T134),T62),T40),T168),((T3,T130),T155))))),(((((((T74,T85),(T39,T115)),T32),(T111,(T188,((T110,(T100,T140)),((T22,T61),T84))))),(((T53,T57),(T177,T83)),T98)),T45),((T132,T178),T158))),(((((((((T8,T195),(T72,T164)),(T28,(T38,(T16,(T37,T19))))),(T197,T12)),(T173,T106)),((T166,(T35,T63)),T179)),(((T90,T167),(T151,((T48,T157),(T162,T24)))),T94)),(T154,T146)),(((T114,T113),((T82,T65),T142)),(((T148,T71),T144),(T95,T75))))),((T143,T117),(((((((((T36,T5),(T129,T118)),T67),((T66,T27),(((((((T181,T194),T198),T81),T193),T138),T136),T60))),(((((T6,T103),((T10,T9),(T159,T17))),(((T160,(((T92,T54),T163),((T171,T76),T20))),T68),((T126,T124),(T42,T34)))),((((((T176,T2),T145),T104),(T161,(T33,T88))),((T73,T187),((T4,T152),T120))),(T121,(T43,T169)))),((((T14,T133),T78),T153),T77))),(((((T58,T141),T56),T127),(((T96,T190),T131),T180)),(T86,(T189,T21)))),(T135,T7)),(((((((T49,T79),((T150,T44),T46)),(T112,(T174,T52))),(T30,T149)),T64),((T191,T13),(T87,T55))),T99)),T0))),((T185,T29),T116)),T18),T105);
Guide Tree 0/27
#NNI moves:4/236
Guide Tree 1/27
#NNI moves:0/236
Guide Tree 2/27
#NNI moves:3/236
Guide Tree 3/27
#NNI moves:0/236
Guide Tree 4/27
#NNI moves:4/236
Guide Tree 5/27
#NNI moves:0/236
Guide Tree 6/27
#NNI moves:1/236
Guide Tree 7/27
#NNI moves:4/236
Guide Tree 8/27
#NNI moves:2/236
Guide Tree 9/27
#NNI moves:5/236
Guide Tree 10/27
#NNI moves:3/236
Guide Tree 11/27
#NNI moves:3/236
Guide Tree 12/27
#NNI moves:1/236
Guide Tree 13/27
#NNI moves:5/236
Guide Tree 14/27
#NNI moves:2/236
Guide Tree 15/27
#NNI moves:1/236
Guide Tree 16/27
#NNI moves:4/236
Guide Tree 17/27
#NNI moves:0/236
Guide Tree 18/27
#NNI moves:0/236
Guide Tree 19/27
#NNI moves:3/236
Guide Tree 20/27
#NNI moves:1/236
Guide Tree 21/27
#NNI moves:3/236
Guide Tree 22/27
#NNI moves:3/236
Guide Tree 23/27
#NNI moves:0/236
Guide Tree 24/27
#NNI moves:6/236
Guide Tree 25/27
#NNI moves:0/236
Guide Tree 26/27
#NNI moves:1/236
Remaining: 1
#NNI moves:14/236
#NNI moves:14/236
(((((((((T113,T114),(T142,(T82,T65))),((T75,T95),((T71,T148),T144))),(((T94,((T167,T90),(((T24,T162),(T48,T157)),T151))),(((((T28,(((T37,T19),T16),T38)),((T8,T195),(T72,T164))),(T12,T197)),(T173,T106)),(((T35,T63),T166),T179))),(T146,T154))),(((((((((T134,T70),T62),T40),T168),((T3,T130),T155)),(T175,T125)),(((T89,T102),T59),((T182,T1),(T11,T183)))),((((((((T122,T50),T123),((T47,T128),(T93,T165))),(T199,T97)),(T51,T26)),(((((T31,T172),T137),T147),((T186,T108),(T25,T170))),(T119,(T200,T80)))),(((T41,T184),(T192,T23)),T139)),(((T196,(T91,T101)),T107),(((T15,T69),T109),T156)))),((((T98,((T57,T53),(T83,T177))),((((T39,T115),(T74,T85)),T32),((((T110,(T140,T100)),((T61,T22),T84)),T188),T111))),T45),((T132,T178),T158)))),(((((((((((((((T194,T181),T198),T81),T193),T138),T136),T60),(T66,T27)),(((T5,T36),(T129,T118)),T67)),((((((T34,T42),(T124,T126)),((((T20,(T171,T76)),((T92,T54),T163)),T160),T68)),(((T159,T17),(T9,T10)),(T103,T6))),((((T73,T187),((T4,T152),T120)),((T104,(T145,(T2,T176))),((T88,T33),T161))),(T121,(T169,T43)))),((((T14,T133),T78),T153),T77))),(((T127,((T58,T141),T56)),(T180,((T190,T96),T131))),(T86,(T189,T21)))),(T135,T7)),(((((((T46,(T44,T150)),(T49,T79)),(T112,(T174,T52))),(T149,T30)),T64),((T55,T87),(T13,T191))),T99)),T0),(T143,T117))),((T29,T185),T116)),T18),T105);
Initial score: 4.10351e+10
Initial tree: (((((((((T113,T114),(T142,(T82,T65))),((T75,T95),((T71,T148),T144))),(((T94,((T167,T90),(((T24,T162),(T48,T157)),T151))),(((((T28,(((T37,T19),T16),T38)),((T8,T195),(T72,T164))),(T12,T197)),(T173,T106)),(((T35,T63),T166),T179))),(T146,T154))),(((((((((T134,T70),T62),T40),T168),((T3,T130),T155)),(T175,T125)),(((T89,T102),T59),((T182,T1),(T11,T183)))),((((((((T122,T50),T123),((T47,T128),(T93,T165))),(T199,T97)),(T51,T26)),(((((T31,T172),T137),T147),((T186,T108),(T25,T170))),(T119,(T200,T80)))),(((T41,T184),(T192,T23)),T139)),(((T196,(T91,T101)),T107),(((T15,T69),T109),T156)))),((((T98,((T57,T53),(T83,T177))),((((T39,T115),(T74,T85)),T32),((((T110,(T140,T100)),((T61,T22),T84)),T188),T111))),T45),((T132,T178),T158)))),(((((((((((((((T194,T181),T198),T81),T193),T138),T136),T60),(T66,T27)),(((T5,T36),(T129,T118)),T67)),((((((T34,T42),(T124,T126)),((((T20,(T171,T76)),((T92,T54),T163)),T160),T68)),(((T159,T17),(T9,T10)),(T103,T6))),((((T73,T187),((T4,T152),T120)),((T104,(T145,(T2,T176))),((T88,T33),T161))),(T121,(T169,T43)))),((((T14,T133),T78),T153),T77))),(((T127,((T58,T141),T56)),(T180,((T190,T96),T131))),(T86,(T189,T21)))),(T135,T7)),(((((((T46,(T44,T150)),(T49,T79)),(T112,(T174,T52))),(T149,T30)),T64),((T55,T87),(T13,T191))),T99)),T0),(T143,T117))),((T29,T185),T116)),T18),T105);
*** Subsample Process ***
Use two-step algorithm!
#NNI moves:3/236
Remaining: 2
#NNI moves:25/236
#NNI moves:26/236
(((((((((((((((T186,T108),(T170,T25)),(((T31,T172),T137),T147)),((T80,T200),T119)),(((((T47,T128),(T93,T165)),((T122,T50),T123)),(T199,T97)),(T51,T26))),(((T41,T184),(T192,T23)),T139)),((((T91,T101),T196),T107),(((T69,T15),T109),T156))),(((((T130,T3),T155),((((T134,T70),T62),T40),T168)),(T175,T125)),(((T89,T102),T59),((T183,T11),(T1,T182))))),(((((((T115,T39),(T85,T74)),T32),((T188,(((T61,T22),T84),((T140,T100),T110))),T111)),(((T83,T177),(T57,T53)),T98)),T45),(T158,(T178,T132)))),(((((((((((T136,(((T81,(T198,(T181,T194))),T193),T138)),T60),(T66,T27)),(((T36,T5),(T129,T118)),T67)),((((((((T20,(T171,T76)),((T92,T54),T163)),T160),T68),((T34,T42),(T124,T126))),(((T10,T9),(T159,T17)),(T6,T103))),(((((T152,T4),T120),(T187,T73)),(((T33,T88),T161),(((T176,T2),T145),T104))),((T43,T169),T121))),(T77,(((T133,T14),T78),T153)))),(((((T141,T58),T56),T127),(((T96,T190),T131),T180)),(T86,(T21,T189)))),(T7,T135)),((((T87,T55),(T13,T191)),(((((T49,T79),((T44,T150),T46)),((T174,T52),T112)),(T149,T30)),T64)),T99)),T0),(T117,T143)),((T18,T105),((T29,T185),T116)))),(((T94,((((T157,T48),(T24,T162)),T151),(T167,T90))),((((T35,T63),T166),T179),(((((((T37,T19),T16),T38),T28),((T72,T164),(T8,T195))),(T197,T12)),(T106,T173)))),(T146,T154))),((T113,T114),((T82,T65),T142))),((T148,T71),T144)),T75),T95);
#NNI moves:4/236
Remaining: 4
#NNI moves:12/236
#NNI moves:12/236
((((((((((((((T137,(T31,T172)),T147),((T108,T186),(T170,T25))),((T200,T80),T119)),(((((T128,T47),(T93,T165)),(T123,(T50,T122))),(T199,T97)),(T51,T26))),(((T184,T41),(T23,T192)),T139)),((((T15,T69),T109),T156),(((T91,T101),T196),T107))),((((((T62,(T134,T70)),T40),T168),((T130,T3),T155)),(T175,T125)),(((T1,T182),(T183,T11)),((T89,T102),T59)))),(((((((((T22,T61),T84),((T100,T140),T110)),T188),T111),(((T85,T74),(T115,T39)),T32)),(((T177,T83),(T53,T57)),T98)),T45),(T158,(T132,T178)))),(((((T82,T65),T142),(T113,T114)),((T95,T75),((T148,T71),T144))),(((((T173,T106),((((((T37,T19),T16),T38),T28),((T72,T164),(T195,T8))),(T12,T197))),(((T35,T63),T166),T179)),(((T167,T90),(((T157,T48),(T24,T162)),T151)),T94)),(T146,T154)))),((((((((((((((T163,(T54,T92)),(T20,(T171,T76))),T160),T68),((T124,T126),(T34,T42))),(((T17,T159),(T9,T10)),(T103,T6))),((((T187,T73),((T152,T4),T120)),(((T33,T88),T161),(((T176,T2),T145),T104))),((T43,T169),T121))),(T77,(((T133,T14),T78),T153))),((((((T193,(((T181,T194),T198),T81)),T138),T136),T60),(T27,T66)),(((T5,T36),(T118,T129)),T67))),(((T180,((T96,T190),T131)),((T56,(T141,T58)),T127)),(T86,(T21,T189)))),(T135,T7)),(((((((T46,(T44,T150)),(T79,T49)),(T112,(T174,T52))),(T149,T30)),T64),((T13,T191),(T55,T87))),T99)),T0),(T117,T143))),((T29,T185),T116)),T105),T18);
#NNI moves:0/236
Remaining: 2
#NNI moves:8/236
#NNI moves:8/236
((((((((((((((((((((((((T126,T124),(T34,T42)),((((T163,(T54,T92)),(T20,(T171,T76))),T160),T68)),(((T159,T17),(T10,T9)),(T103,T6))),((((T120,(T152,T4)),(T187,T73)),((T161,(T33,T88)),(((T2,T176),T145),T104))),((T169,T43),T121))),((T153,((T14,T133),T78)),T77)),((((T5,T36),(T129,T118)),T67),((T60,((((T81,(T198,(T181,T194))),T193),T138),T136)),(T66,T27)))),((T86,(T189,T21)),((((T190,T96),T131),T180),(((T141,T58),T56),T127)))),(T135,T7)),((((((((T150,T44),T46),(T49,T79)),(T112,(T52,T174))),(T149,T30)),T64),((T191,T13),(T87,T55))),T99)),T0),(T117,T143)),(((T185,T29),T116),(T105,T18))),(((((((((T164,T72),(T8,T195)),((((T37,T19),T16),T38),T28)),(T12,T197)),(T173,T106)),(((T63,T35),T166),T179)),(((T90,T167),(T151,((T24,T162),(T157,T48)))),T94)),(T154,T146)),((((T82,T65),T142),(T113,T114)),(((T71,T148),T144),(T95,T75))))),((((((T177,T83),(T57,T53)),T98),((((T39,T115),(T74,T85)),T32),((((T110,(T100,T140)),(T84,(T61,T22))),T188),T111))),T45),((T178,T132),T158))),((((T168,(((T70,T134),T62),T40)),(T155,(T3,T130))),(T175,T125)),(((T183,T11),(T1,T182)),((T102,T89),T59)))),(((T196,(T91,T101)),T107),(((T15,T69),T109),T156))),(((T41,T184),(T192,T23)),T139)),(((((T128,T47),(T165,T93)),((T50,T122),T123)),(T97,T199)),(T26,T51))),(T119,(T80,T200))),(T147,(T137,(T172,T31)))),(T25,T170)),T108),T186);
#NNI moves:2/236
Remaining: 1
#NNI moves:16/236
#NNI moves:16/236
((((((((((((T177,T83),(T53,T57)),T98),((((((T140,T100),T110),(T84,(T22,T61))),T188),T111),(((T39,T115),(T85,T74)),T32))),T45),((T132,T178),T158)),(((((((((T122,T50),T123),((T47,T128),(T165,T93))),(T199,T97)),(T51,T26)),(((T147,((T31,T172),T137)),((T170,T25),(T186,T108))),((T80,T200),T119))),(T139,((T192,T23),(T184,T41)))),((((T101,T91),T196),T107),((T109,(T69,T15)),T156))),((((T155,(T3,T130)),((T40,(T62,(T70,T134))),T168)),(T125,T175)),(((T183,T11),(T1,T182)),((T102,T89),T59))))),(((((T82,T65),T142),(T114,T113)),(((T71,T148),T144),(T75,T95))),((((((((T72,T164),(T8,T195)),((T38,((T19,T37),T16)),T28)),(T197,T12)),(T106,T173)),(T179,(T166,(T63,T35)))),(((((T157,T48),(T24,T162)),T151),(T167,T90)),T94)),(T154,T146)))),(((((((((((((((T92,T54),T163),((T76,T171),T20)),T160),T68),((T34,T42),(T124,T126))),((T6,T103),((T9,T10),(T17,T159)))),(((((T152,T4),T120),(T73,T187)),(((T88,T33),T161),(((T2,T176),T145),T104))),((T43,T169),T121))),((T153,(T78,(T14,T133))),T77)),((((((((T198,(T181,T194)),T81),T193),T138),T136),T60),(T27,T66)),(T67,((T36,T5),(T118,T129))))),(((T180,(T131,(T96,T190))),(T127,((T58,T141),T56))),((T21,T189),T86))),(T135,T7)),((((((T112,(T52,T174)),((T49,T79),((T44,T150),T46))),(T30,T149)),T64),((T55,T87),(T191,T13))),T99)),T0),(T143,T117))),((T29,T185),T116)),T105),T18);
Current score: 4.10351e+10
Current tree: ((((((((((((T177,T83),(T53,T57)),T98),((((((T140,T100),T110),(T84,(T22,T61))),T188),T111),(((T39,T115),(T85,T74)),T32))),T45),((T132,T178),T158)),(((((((((T122,T50),T123),((T47,T128),(T165,T93))),(T199,T97)),(T51,T26)),(((T147,((T31,T172),T137)),((T170,T25),(T186,T108))),((T80,T200),T119))),(T139,((T192,T23),(T184,T41)))),((((T101,T91),T196),T107),((T109,(T69,T15)),T156))),((((T155,(T3,T130)),((T40,(T62,(T70,T134))),T168)),(T125,T175)),(((T183,T11),(T1,T182)),((T102,T89),T59))))),(((((T82,T65),T142),(T114,T113)),(((T71,T148),T144),(T75,T95))),((((((((T72,T164),(T8,T195)),((T38,((T19,T37),T16)),T28)),(T197,T12)),(T106,T173)),(T179,(T166,(T63,T35)))),(((((T157,T48),(T24,T162)),T151),(T167,T90)),T94)),(T154,T146)))),(((((((((((((((T92,T54),T163),((T76,T171),T20)),T160),T68),((T34,T42),(T124,T126))),((T6,T103),((T9,T10),(T17,T159)))),(((((T152,T4),T120),(T73,T187)),(((T88,T33),T161),(((T2,T176),T145),T104))),((T43,T169),T121))),((T153,(T78,(T14,T133))),T77)),((((((((T198,(T181,T194)),T81),T193),T138),T136),T60),(T27,T66)),(T67,((T36,T5),(T118,T129))))),(((T180,(T131,(T96,T190))),(T127,((T58,T141),T56))),((T21,T189),T86))),(T135,T7)),((((((T112,(T52,T174)),((T49,T79),((T44,T150),T46))),(T30,T149)),T64),((T55,T87),(T191,T13))),T99)),T0),(T143,T117))),((T29,T185),T116)),T18),T105);
Final Tree: ((((((((((((T177,T83),(T53,T57)),T98),((((((T140,T100),T110),(T84,(T22,T61))),T188),T111),(((T39,T115),(T85,T74)),T32))),T45),((T132,T178),T158)),(((((((((T122,T50),T123),((T47,T128),(T165,T93))),(T199,T97)),(T51,T26)),(((T147,((T31,T172),T137)),((T170,T25),(T186,T108))),((T80,T200),T119))),(T139,((T192,T23),(T184,T41)))),((((T101,T91),T196),T107),((T109,(T69,T15)),T156))),((((T155,(T3,T130)),((T40,(T62,(T70,T134))),T168)),(T125,T175)),(((T183,T11),(T1,T182)),((T102,T89),T59))))),(((((T82,T65),T142),(T114,T113)),(((T71,T148),T144),(T75,T95))),((((((((T72,T164),(T8,T195)),((T38,((T19,T37),T16)),T28)),(T197,T12)),(T106,T173)),(T179,(T166,(T63,T35)))),(((((T157,T48),(T24,T162)),T151),(T167,T90)),T94)),(T154,T146)))),(((((((((((((((T92,T54),T163),((T76,T171),T20)),T160),T68),((T34,T42),(T124,T126))),((T6,T103),((T9,T10),(T17,T159)))),(((((T152,T4),T120),(T73,T187)),(((T88,T33),T161),(((T2,T176),T145),T104))),((T43,T169),T121))),((T153,(T78,(T14,T133))),T77)),((((((((T198,(T181,T194)),T81),T193),T138),T136),T60),(T27,T66)),(T67,((T36,T5),(T118,T129))))),(((T180,(T131,(T96,T190))),(T127,((T58,T141),T56))),((T21,T189),T86))),(T135,T7)),((((((T112,(T52,T174)),((T49,T79),((T44,T150),T46))),(T30,T149)),T64),((T55,T87),(T191,T13))),T99)),T0),(T143,T117))),((T29,T185),T116)),T18),T105);
Score: 4.1035071e+10

real	1m25.343s
user	25m57.723s
sys	0m18.321s
