Weighted ASTRAL - Hybrid
Version: v1.13.2.3
#Genetrees: 2000
#Species: 201
#Rounds: 4
#Samples: 4
#Threads: 32
Use two-step algorithm!
Guide Tree 0/27
#NNI moves:1/236
Guide Tree 1/27
#NNI moves:4/236
Guide Tree 2/27
#NNI moves:0/236
Guide Tree 3/27
#NNI moves:3/236
Guide Tree 4/27
#NNI moves:0/236
Guide Tree 5/27
#NNI moves:0/236
Guide Tree 6/27
#NNI moves:2/236
Guide Tree 7/27
#NNI moves:5/236
Guide Tree 8/27
#NNI moves:0/236
Guide Tree 9/27
#NNI moves:0/236
Guide Tree 10/27
#NNI moves:4/236
Guide Tree 11/27
#NNI moves:0/236
Guide Tree 12/27
#NNI moves:0/236
Guide Tree 13/27
#NNI moves:0/236
Guide Tree 14/27
#NNI moves:4/236
Guide Tree 15/27
#NNI moves:0/236
Guide Tree 16/27
#NNI moves:2/236
Guide Tree 17/27
#NNI moves:0/236
Guide Tree 18/27
#NNI moves:7/236
Guide Tree 19/27
#NNI moves:0/236
Guide Tree 20/27
#NNI moves:3/236
Guide Tree 21/27
#NNI moves:6/236
Guide Tree 22/27
#NNI moves:0/236
Guide Tree 23/27
#NNI moves:0/236
Guide Tree 24/27
#NNI moves:0/236
Guide Tree 25/27
#NNI moves:0/236
Guide Tree 26/27
#NNI moves:6/236
Remaining: 1
#NNI moves:34/236
#NNI moves:37/236
((((((((((((((((((((T16,(T12,T46)),((T159,T143),T81)),(((T126,T32),T100),T156)),(((T136,T53),(T45,T66)),(((T127,T19),T184),T9))),((T23,T120),T175)),(((T160,((T164,T57),T185)),(((T28,T169),T82),(T76,T8))),((T186,((T62,T161),(T157,T25))),(T4,T39)))),(T75,((((T18,T165),((T13,T85),(T191,T195))),((T113,T123),T51)),(T56,(T15,T99))))),(((T141,T73),((T189,T180),T41)),(((T167,T40),(T65,T96)),T162))),(((((((T101,T115),T14),T68),T163),T80),T177),((((T121,T95),T196),(((T168,T24),((T6,T118),T199)),(T49,(T88,T149)))),T47))),((((T142,T108),T176),T119),T90)),(((((T22,T7),(T111,T35)),(T31,T129)),(T72,T128)),(((T125,T154),T173),((T171,((T122,T155),(((T190,T50),T138),(T2,(T102,(T139,T131)))))),T67)))),T0),(((((T34,T197),(T78,T3)),(((T97,T86),T137),(T178,T144))),(T48,T145)),((((((T29,T5),(T132,(T146,T179))),(T200,T92)),T74),(T61,T188)),((((((T148,(T110,T106)),((T63,T64),T93)),(T87,T91)),T134),(((((T174,(T55,((T59,T151),T20))),((T105,T150),T172)),(T107,T1)),((T114,T89),T124)),((T117,(T10,T158)),T116))),(((T152,T198),T112),(T153,T130)))))),((((((T38,(T37,T192)),T187),(T166,T181)),T140),T182),((T11,T43),(T194,(T79,T70))))),(((((T193,(T183,T170)),T94),T58),T103),(((T26,T77),T71),((T36,T135),(T83,(T52,T60)))))),(((((T27,(T44,T30)),(T109,T84)),T133),T69),((T21,T54),T98))),T33),(T42,T147)),T104),T17);
Guide Tree 0/27
#NNI moves:2/236
Guide Tree 1/27
#NNI moves:5/236
Guide Tree 2/27
#NNI moves:3/236
Guide Tree 3/27
#NNI moves:7/236
Guide Tree 4/27
#NNI moves:5/236
Guide Tree 5/27
#NNI moves:4/236
Guide Tree 6/27
#NNI moves:3/236
Guide Tree 7/27
#NNI moves:5/236
Guide Tree 8/27
#NNI moves:0/236
Guide Tree 9/27
#NNI moves:1/236
Guide Tree 10/27
#NNI moves:1/236
Guide Tree 11/27
#NNI moves:3/236
Guide Tree 12/27
#NNI moves:4/236
Guide Tree 13/27
#NNI moves:8/236
Guide Tree 14/27
#NNI moves:4/236
Guide Tree 15/27
#NNI moves:0/236
Guide Tree 16/27
#NNI moves:4/236
Guide Tree 17/27
#NNI moves:3/236
Guide Tree 18/27
#NNI moves:0/236
Guide Tree 19/27
#NNI moves:3/236
Guide Tree 20/27
#NNI moves:3/236
Guide Tree 21/27
#NNI moves:4/236
Guide Tree 22/27
#NNI moves:4/236
Guide Tree 23/27
#NNI moves:3/236
Guide Tree 24/27
#NNI moves:0/236
Guide Tree 25/27
#NNI moves:4/236
Guide Tree 26/27
#NNI moves:7/236
Remaining: 1
#NNI moves:12/236
#NNI moves:15/236
((((((((((T77,T26),T71),((T83,(T60,T52)),(T36,T135))),((((T193,(T170,T183)),T94),T58),T103)),(((((((((((((T156,((T32,T126),T100)),(((T46,T12),T16),(T81,(T143,T159)))),(((T136,T53),(T66,T45)),(T9,((T127,T19),T184)))),(T175,(T120,T23))),(((((T62,T161),(T157,T25)),T186),(T39,T4)),((((T57,T164),T185),T160),((T76,T8),((T28,T169),T82))))),(((((T123,T113),T51),(((T195,T191),(T13,T85)),(T18,T165))),(T56,(T15,T99))),T75)),(((T141,T73),(T41,(T180,T189))),(((T96,T65),(T40,T167)),T162))),((((((T14,(T115,T101)),T68),T163),T80),T177),((((T121,T95),T196),((T49,(T88,T149)),(((T6,T118),T199),(T24,T168)))),T47))),(T90,((T176,(T108,T142)),T119))),((((T31,T129),((T7,T22),(T111,T35))),(T72,T128)),((((((((T131,T139),T102),T2),((T190,T50),T138)),(T155,T122)),T171),T67),((T125,T154),T173)))),T0),(((((((((((T20,(T151,T59)),T55),T174),((T105,T150),T172)),(T107,T1)),((T114,T89),T124)),(((T10,T158),T117),T116)),(((((T63,T64),T93),((T110,T106),T148)),(T91,T87)),T134)),(((T152,T198),T112),(T130,T153))),(((((T29,T5),((T179,T146),T132)),(T92,T200)),T74),(T188,T61))),(((((T97,T86),T137),(T144,T178)),((T78,T3),(T34,T197))),(T145,T48)))),((((((T38,(T192,T37)),T187),(T181,T166)),T140),T182),(((T79,T70),T194),(T43,T11))))),(((((T109,T84),((T30,T44),T27)),T133),T69),((T54,T21),T98))),T33),(T147,T42)),T104),T17);
Guide Tree 0/27
#NNI moves:8/236
Guide Tree 1/27
#NNI moves:2/236
Guide Tree 2/27
#NNI moves:2/236
Guide Tree 3/27
#NNI moves:3/236
Guide Tree 4/27
#NNI moves:0/236
Guide Tree 5/27
#NNI moves:8/236
Guide Tree 6/27
#NNI moves:1/236
Guide Tree 7/27
#NNI moves:5/236
Guide Tree 8/27
#NNI moves:1/236
Guide Tree 9/27
#NNI moves:3/236
Guide Tree 10/27
#NNI moves:1/236
Guide Tree 11/27
#NNI moves:5/236
Guide Tree 12/27
#NNI moves:3/236
Guide Tree 13/27
#NNI moves:7/236
Guide Tree 14/27
#NNI moves:4/236
Guide Tree 15/27
#NNI moves:2/236
Guide Tree 16/27
#NNI moves:1/236
Guide Tree 17/27
#NNI moves:0/236
Guide Tree 18/27
#NNI moves:1/236
Guide Tree 19/27
#NNI moves:0/236
Guide Tree 20/27
#NNI moves:4/236
Guide Tree 21/27
#NNI moves:6/236
Guide Tree 22/27
#NNI moves:1/236
Guide Tree 23/27
#NNI moves:1/236
Guide Tree 24/27
#NNI moves:8/236
Guide Tree 25/27
#NNI moves:0/236
Guide Tree 26/27
#NNI moves:2/236
Remaining: 0
#NNI moves:8/236
#NNI moves:8/236
(((((((((((((((((((T185,(T164,T57)),T160),(((T28,T169),T82),(T8,T76))),((((T157,T25),(T62,T161)),T186),(T39,T4))),(((((T16,(T46,T12)),(T81,(T143,T159))),(T156,((T126,T32),T100))),(((T184,(T19,T127)),T9),((T136,T53),(T66,T45)))),(T175,(T23,T120)))),((((((T85,T13),(T191,T195)),(T18,T165)),((T123,T113),T51)),((T15,T99),T56)),T75)),(((T41,(T189,T180)),(T73,T141)),(((T167,T40),(T65,T96)),T162))),((((((T24,T168),((T6,T118),T199)),((T88,T149),T49)),((T95,T121),T196)),T47),((((T68,((T115,T101),T14)),T163),T80),T177))),((((T142,T108),T176),T119),T90)),((((T125,T154),T173),(T67,((((((T139,T131),T102),T2),(T138,(T190,T50))),(T155,T122)),T171))),((((T111,T35),(T7,T22)),(T31,T129)),(T128,T72)))),T0),(((((((((T63,T64),T93),((T110,T106),T148)),(T87,T91)),T134),((T116,((T158,T10),T117)),(((((T55,((T151,T59),T20)),T174),((T105,T150),T172)),(T107,T1)),((T114,T89),T124)))),((T153,T130),((T152,T198),T112))),((((T92,T200),((T5,T29),((T179,T146),T132))),T74),(T188,T61))),((((T34,T197),(T3,T78)),(((T86,T97),T137),(T178,T144))),(T48,T145)))),(((T11,T43),(T194,(T70,T79))),((((((T37,T192),T38),T187),(T166,T181)),T140),T182))),((((((T183,T170),T193),T94),T58),T103),(((T26,T77),T71),((T36,T135),((T60,T52),T83))))),(((((T109,T84),(T27,(T44,T30))),T133),T69),((T54,T21),T98))),T33),(T147,T42)),T104),T17);
Guide Tree 0/27
#NNI moves:1/236
Guide Tree 1/27
#NNI moves:7/236
Guide Tree 2/27
#NNI moves:1/236
Guide Tree 3/27
#NNI moves:1/236
Guide Tree 4/27
#NNI moves:2/236
Guide Tree 5/27
#NNI moves:1/236
Guide Tree 6/27
#NNI moves:1/236
Guide Tree 7/27
#NNI moves:4/236
Guide Tree 8/27
#NNI moves:3/236
Guide Tree 9/27
#NNI moves:5/236
Guide Tree 10/27
#NNI moves:1/236
Guide Tree 11/27
#NNI moves:3/236
Guide Tree 12/27
#NNI moves:2/236
Guide Tree 13/27
#NNI moves:4/236
Guide Tree 14/27
#NNI moves:4/236
Guide Tree 15/27
#NNI moves:6/236
Guide Tree 16/27
#NNI moves:13/236
Guide Tree 17/27
#NNI moves:5/236
Guide Tree 18/27
#NNI moves:2/236
Guide Tree 19/27
#NNI moves:9/236
Guide Tree 20/27
#NNI moves:2/236
Guide Tree 21/27
#NNI moves:2/236
Guide Tree 22/27
#NNI moves:0/236
Guide Tree 23/27
#NNI moves:0/236
Guide Tree 24/27
#NNI moves:3/236
Guide Tree 25/27
#NNI moves:6/236
Guide Tree 26/27
#NNI moves:1/236
Remaining: 2
#NNI moves:21/236
#NNI moves:21/236
((((((((((((((T198,T152),T112),(T153,T130)),(((((T1,T107),(((((T151,T59),T20),T55),T174),((T105,T150),T172))),(T124,(T114,T89))),((T117,(T10,T158)),T116)),(((T87,T91),((T148,(T110,T106)),(T93,(T63,T64)))),T134))),(((((T29,T5),(T132,(T179,T146))),(T200,T92)),T74),(T188,T61))),((((T137,(T97,T86)),(T144,T178)),((T78,T3),(T34,T197))),(T48,T145))),((((((((((T4,T39),(((T25,T157),(T62,T161)),T186)),(((T185,(T164,T57)),T160),(((T28,T169),T82),(T76,T8)))),(((((T136,T53),(T45,T66)),(((T19,T127),T184),T9)),((((T159,T143),T81),((T46,T12),T16)),((T100,(T126,T32)),T156))),(T175,(T120,T23)))),(((((T18,T165),((T195,T191),(T13,T85))),((T113,T123),T51)),(T56,(T15,T99))),T75)),((((T180,T189),T41),(T73,T141)),(((T65,T96),(T167,T40)),T162))),((((T163,(T68,((T101,T115),T14))),T80),T177),((((T121,T95),T196),(((T149,T88),T49),(((T118,T6),T199),(T24,T168)))),T47))),((T119,((T142,T108),T176)),T90)),((((T154,T125),T173),(((((((T131,T139),T102),T2),(T138,(T50,T190))),(T155,T122)),T171),T67)),((((T7,T22),(T35,T111)),(T129,T31)),(T72,T128)))),T0)),(((((((T37,T192),T38),T187),(T181,T166)),T140),T182),(((T70,T79),T194),(T43,T11)))),((T103,((((T170,T183),T193),T94),T58)),(((T26,T77),T71),(((T60,T52),T83),(T36,T135))))),(((T54,T21),T98),(T69,((((T44,T30),T27),(T84,T109)),T133)))),T33),(T147,T42)),T104),T17);
Initial score: 3.78146e+10
Initial tree: ((((((((((((((T198,T152),T112),(T153,T130)),(((((T1,T107),(((((T151,T59),T20),T55),T174),((T105,T150),T172))),(T124,(T114,T89))),((T117,(T10,T158)),T116)),(((T87,T91),((T148,(T110,T106)),(T93,(T63,T64)))),T134))),(((((T29,T5),(T132,(T179,T146))),(T200,T92)),T74),(T188,T61))),((((T137,(T97,T86)),(T144,T178)),((T78,T3),(T34,T197))),(T48,T145))),((((((((((T4,T39),(((T25,T157),(T62,T161)),T186)),(((T185,(T164,T57)),T160),(((T28,T169),T82),(T76,T8)))),(((((T136,T53),(T45,T66)),(((T19,T127),T184),T9)),((((T159,T143),T81),((T46,T12),T16)),((T100,(T126,T32)),T156))),(T175,(T120,T23)))),(((((T18,T165),((T195,T191),(T13,T85))),((T113,T123),T51)),(T56,(T15,T99))),T75)),((((T180,T189),T41),(T73,T141)),(((T65,T96),(T167,T40)),T162))),((((T163,(T68,((T101,T115),T14))),T80),T177),((((T121,T95),T196),(((T149,T88),T49),(((T118,T6),T199),(T24,T168)))),T47))),((T119,((T142,T108),T176)),T90)),((((T154,T125),T173),(((((((T131,T139),T102),T2),(T138,(T50,T190))),(T155,T122)),T171),T67)),((((T7,T22),(T35,T111)),(T129,T31)),(T72,T128)))),T0)),(((((((T37,T192),T38),T187),(T181,T166)),T140),T182),(((T70,T79),T194),(T43,T11)))),((T103,((((T170,T183),T193),T94),T58)),(((T26,T77),T71),(((T60,T52),T83),(T36,T135))))),(((T54,T21),T98),(T69,((((T44,T30),T27),(T84,T109)),T133)))),T33),(T147,T42)),T104),T17);
*** Subsample Process ***
Use two-step algorithm!
#NNI moves:2/236
Remaining: 0
#NNI moves:20/236
#NNI moves:20/236
((((((((((((((((((((((((T4,T39),(((T161,T62),(T25,T157)),T186)),((((T164,T57),T185),T160),((T76,T8),((T169,T28),T82)))),((((((T143,T159),T81),(T16,(T46,T12))),(T156,((T126,T32),T100))),(((T136,T53),(T45,T66)),((T184,(T19,T127)),T9))),((T120,T23),T175))),(((((T113,T123),T51),((T165,T18),((T85,T13),(T195,T191)))),((T15,T99),T56)),T75)),((T162,((T96,T65),(T167,T40))),(((T180,T189),T41),(T73,T141)))),(((((((T101,T115),T14),T68),T163),T80),T177),(((T196,(T95,T121)),(((T24,T168),((T6,T118),T199)),((T149,T88),T49))),T47))),(((T176,(T142,T108)),T119),T90)),((((T31,T129),((T7,T22),(T35,T111))),(T128,T72)),(((T154,T125),T173),(((((((T131,T139),T102),T2),((T190,T50),T138)),(T155,T122)),T171),T67)))),T0),((((((((T183,T170),T193),T94),T58),T103),((T71,(T26,T77)),((T36,T135),((T60,T52),T83)))),((((T104,T17),(T147,T42)),T33),((T69,(T133,(((T30,T44),T27),(T84,T109)))),((T54,T21),T98)))),(((((T166,T181),(T187,((T37,T192),T38))),T140),T182),(((T79,T70),T194),(T11,T43))))),(((((T97,T86),T137),(T178,T144)),((T34,T197),(T78,T3))),(T48,T145))),((((T200,T92),((T29,T5),((T179,T146),T132))),T74),(T61,T188))),(((T152,T198),T112),(T130,T153))),(((((T64,T63),T93),((T110,T106),T148)),(T91,T87)),T134)),(((T10,T158),T117),T116)),(T124,(T114,T89))),(T107,T1)),((T105,T150),T172)),T174),T55),T20),T151),T59);
#NNI moves:1/236
Remaining: 0
#NNI moves:26/236
#NNI moves:31/236
(((((((((((((((((((T8,T76),(T82,(T169,T28))),(((T164,T57),T185),T160)),((((T157,T25),(T62,T161)),T186),(T4,T39))),((((((T12,T46),T16),((T159,T143),T81)),(((T126,T32),T100),T156)),((((T19,T127),T184),T9),((T66,T45),(T53,T136)))),(T175,(T120,T23)))),(((T56,(T15,T99)),((T51,(T123,T113)),(((T85,T13),(T191,T195)),(T165,T18)))),T75)),((((T180,T189),T41),(T73,T141)),(((T167,T40),(T96,T65)),T162))),((((T196,(T121,T95)),((((T118,T6),T199),(T24,T168)),(T49,(T149,T88)))),T47),(((((T14,(T101,T115)),T68),T163),T80),T177))),(T90,((T176,(T142,T108)),T119))),((((((((T102,(T131,T139)),T2),((T50,T190),T138)),(T155,T122)),T171),T67),((T125,T154),T173)),((((T22,T7),(T111,T35)),(T129,T31)),(T72,T128)))),T0),((((((((T179,T146),T132),(T29,T5)),(T92,T200)),T74),(T61,T188)),(((((((T110,T106),T148),(T93,(T64,T63))),(T87,T91)),T134),((((T114,T89),T124),((((((T151,T59),T20),T55),T174),((T105,T150),T172)),(T1,T107))),(((T158,T10),T117),T116))),((T130,T153),(T112,(T152,T198))))),((((T197,T34),(T78,T3)),((T178,T144),((T97,T86),T137))),(T48,T145)))),(((((((T37,T192),T38),T187),(T166,T181)),T140),T182),((T194,(T70,T79)),(T11,T43)))),((((T135,T36),((T52,T60),T83)),(T71,(T26,T77))),((((T193,(T183,T170)),T94),T58),T103))),(((((T27,(T30,T44)),(T109,T84)),T133),T69),((T54,T21),T98))),T33),(T147,T42)),T17),T104);
#NNI moves:4/236
Remaining: 0
#NNI moves:16/236
#NNI moves:16/236
((((((((((((((((((T187,((T192,T37),T38)),(T181,T166)),T140),T182),((T11,T43),((T79,T70),T194))),(((((T21,T54),T98),(T69,(((T27,(T30,T44)),(T109,T84)),T133))),(((T42,T147),(T17,T104)),T33)),((((T36,T135),(T83,(T52,T60))),(T71,(T26,T77))),((T58,((T193,(T183,T170)),T94)),T103)))),(((((((((((T20,(T59,T151)),T55),T174),(T172,(T105,T150))),(T107,T1)),((T114,T89),T124)),(((T10,T158),T117),T116)),(((T91,T87),(((T64,T63),T93),((T110,T106),T148))),T134)),((T112,(T152,T198)),(T153,T130))),(((((T132,(T179,T146)),(T5,T29)),(T92,T200)),T74),(T61,T188))),((((T144,T178),(T137,(T97,T86))),((T3,T78),(T197,T34))),(T48,T145)))),T0),(((((((((T131,T139),T102),T2),((T50,T190),T138)),(T122,T155)),T171),T67),((T125,T154),T173)),((T72,T128),(((T22,T7),(T35,T111)),(T31,T129))))),(T90,((T176,(T108,T142)),T119))),(((((T121,T95),T196),((((T118,T6),T199),(T168,T24)),((T149,T88),T49))),T47),((((((T101,T115),T14),T68),T163),T80),T177))),(((T73,T141),(T41,(T180,T189))),(T162,((T167,T40),(T65,T96))))),((((((T13,T85),(T191,T195)),(T18,T165)),((T113,T123),T51)),(T56,(T15,T99))),T75)),(((((T16,(T46,T12)),(T81,(T159,T143))),((T100,(T32,T126)),T156)),(((T66,T45),(T136,T53)),(T9,(T184,(T19,T127))))),((T120,T23),T175))),((((T57,T164),T185),T160),(((T28,T169),T82),(T76,T8)))),(((T25,T157),(T62,T161)),T186)),T4),T39);
#NNI moves:1/236
Remaining: 1
#NNI moves:62/236
#NNI moves:62/236
(((((((((((((((((T106,T110),T148),((T64,T63),T93)),(T87,T91)),T134),((((T89,T114),T124),((T1,T107),(((T150,T105),T172),(((T20,(T151,T59)),T55),T174)))),(((T10,T158),T117),T116))),(((T152,T198),T112),(T153,T130))),(((((T29,T5),((T146,T179),T132)),(T200,T92)),T74),(T188,T61))),(((((T86,T97),T137),(T144,T178)),((T34,T197),(T3,T78))),(T48,T145))),(((((((((((T185,(T57,T164)),T160),(((T169,T28),T82),(T8,T76))),((((T25,T157),(T62,T161)),T186),(T39,T4))),(((((T100,(T126,T32)),T156),(((T143,T159),T81),(T16,(T46,T12)))),(((T53,T136),(T45,T66)),((T184,(T19,T127)),T9))),(T175,(T120,T23)))),((((T51,(T123,T113)),((T18,T165),((T85,T13),(T195,T191)))),((T15,T99),T56)),T75)),((((T189,T180),T41),(T73,T141)),(((T96,T65),(T167,T40)),T162))),((T47,((((T24,T168),(T199,(T118,T6))),((T88,T149),T49)),(T196,(T121,T95)))),(((T163,((T14,(T101,T115)),T68)),T80),T177))),(((T176,(T142,T108)),T119),T90)),(((((((((T131,T139),T102),T2),((T50,T190),T138)),(T155,T122)),T171),T67),(T173,(T154,T125))),((((T35,T111),(T22,T7)),(T31,T129)),(T128,T72)))),T0)),(((((((T192,T37),T38),T187),(T181,T166)),T140),T182),((T11,T43),((T79,T70),T194)))),(((T71,(T77,T26)),(((T52,T60),T83),(T135,T36))),(((T94,((T183,T170),T193)),T58),T103))),((((((T30,T44),T27),(T109,T84)),T133),T69),((T21,T54),T98))),T33),(T147,T42)),T17),T104);
Current score: 3.78146e+10
Current tree: (((((((((((((((((T106,T110),T148),((T64,T63),T93)),(T87,T91)),T134),((((T89,T114),T124),((T1,T107),(((T150,T105),T172),(((T20,(T151,T59)),T55),T174)))),(((T10,T158),T117),T116))),(((T152,T198),T112),(T153,T130))),(((((T29,T5),((T146,T179),T132)),(T200,T92)),T74),(T188,T61))),(((((T86,T97),T137),(T144,T178)),((T34,T197),(T3,T78))),(T48,T145))),(((((((((((T185,(T57,T164)),T160),(((T169,T28),T82),(T8,T76))),((((T25,T157),(T62,T161)),T186),(T39,T4))),(((((T100,(T126,T32)),T156),(((T143,T159),T81),(T16,(T46,T12)))),(((T53,T136),(T45,T66)),((T184,(T19,T127)),T9))),(T175,(T120,T23)))),((((T51,(T123,T113)),((T18,T165),((T85,T13),(T195,T191)))),((T15,T99),T56)),T75)),((((T189,T180),T41),(T73,T141)),(((T96,T65),(T167,T40)),T162))),((T47,((((T24,T168),(T199,(T118,T6))),((T88,T149),T49)),(T196,(T121,T95)))),(((T163,((T14,(T101,T115)),T68)),T80),T177))),(((T176,(T142,T108)),T119),T90)),(((((((((T131,T139),T102),T2),((T50,T190),T138)),(T155,T122)),T171),T67),(T173,(T154,T125))),((((T35,T111),(T22,T7)),(T31,T129)),(T128,T72)))),T0)),(((((((T192,T37),T38),T187),(T181,T166)),T140),T182),((T11,T43),((T79,T70),T194)))),(((T71,(T77,T26)),(((T52,T60),T83),(T135,T36))),(((T94,((T183,T170),T193)),T58),T103))),((((((T30,T44),T27),(T109,T84)),T133),T69),((T21,T54),T98))),T33),(T147,T42)),T104),T17);
Final Tree: (((((((((((((((((T106,T110),T148),((T64,T63),T93)),(T87,T91)),T134),((((T89,T114),T124),((T1,T107),(((T150,T105),T172),(((T20,(T151,T59)),T55),T174)))),(((T10,T158),T117),T116))),(((T152,T198),T112),(T153,T130))),(((((T29,T5),((T146,T179),T132)),(T200,T92)),T74),(T188,T61))),(((((T86,T97),T137),(T144,T178)),((T34,T197),(T3,T78))),(T48,T145))),(((((((((((T185,(T57,T164)),T160),(((T169,T28),T82),(T8,T76))),((((T25,T157),(T62,T161)),T186),(T39,T4))),(((((T100,(T126,T32)),T156),(((T143,T159),T81),(T16,(T46,T12)))),(((T53,T136),(T45,T66)),((T184,(T19,T127)),T9))),(T175,(T120,T23)))),((((T51,(T123,T113)),((T18,T165),((T85,T13),(T195,T191)))),((T15,T99),T56)),T75)),((((T189,T180),T41),(T73,T141)),(((T96,T65),(T167,T40)),T162))),((T47,((((T24,T168),(T199,(T118,T6))),((T88,T149),T49)),(T196,(T121,T95)))),(((T163,((T14,(T101,T115)),T68)),T80),T177))),(((T176,(T142,T108)),T119),T90)),(((((((((T131,T139),T102),T2),((T50,T190),T138)),(T155,T122)),T171),T67),(T173,(T154,T125))),((((T35,T111),(T22,T7)),(T31,T129)),(T128,T72)))),T0)),(((((((T192,T37),T38),T187),(T181,T166)),T140),T182),((T11,T43),((T79,T70),T194)))),(((T71,(T77,T26)),(((T52,T60),T83),(T135,T36))),(((T94,((T183,T170),T193)),T58),T103))),((((((T30,T44),T27),(T109,T84)),T133),T69),((T21,T54),T98))),T33),(T147,T42)),T104),T17);
Score: 3.781460005e+10

real	2m8.630s
user	26m11.560s
sys	0m27.176s
