Weighted ASTRAL - Hybrid
Version: v1.13.2.3
#Genetrees: 2000
#Species: 201
#Rounds: 4
#Samples: 4
#Threads: 32
Use two-step algorithm!
Guide Tree 0/27
#NNI moves:3/236
Guide Tree 1/27
#NNI moves:0/236
Guide Tree 2/27
#NNI moves:3/236
Guide Tree 3/27
#NNI moves:3/236
Guide Tree 4/27
#NNI moves:1/236
Guide Tree 5/27
#NNI moves:0/236
Guide Tree 6/27
#NNI moves:3/236
Guide Tree 7/27
#NNI moves:2/236
Guide Tree 8/27
#NNI moves:1/236
Guide Tree 9/27
#NNI moves:3/236
Guide Tree 10/27
#NNI moves:0/236
Guide Tree 11/27
#NNI moves:3/236
Guide Tree 12/27
#NNI moves:0/236
Guide Tree 13/27
#NNI moves:0/236
Guide Tree 14/27
#NNI moves:0/236
Guide Tree 15/27
#NNI moves:1/236
Guide Tree 16/27
#NNI moves:3/236
Guide Tree 17/27
#NNI moves:1/236
Guide Tree 18/27
#NNI moves:1/236
Guide Tree 19/27
#NNI moves:0/236
Guide Tree 20/27
#NNI moves:1/236
Guide Tree 21/27
#NNI moves:0/236
Guide Tree 22/27
#NNI moves:0/236
Guide Tree 23/27
#NNI moves:0/236
Guide Tree 24/27
#NNI moves:3/236
Guide Tree 25/27
#NNI moves:0/236
Guide Tree 26/27
#NNI moves:0/236
Remaining: 0
#NNI moves:22/236
#NNI moves:22/236
(((((T49,((T97,(T132,T192)),T73)),(T105,T55)),((((((T87,((T117,T4),T142)),T152),T170),T93),(T143,T7)),(T62,T140))),((((((((((((((T118,T149),((T76,(T187,T185)),(T160,T25))),(((((((T15,T191),T9),((T38,T5),T63)),((T181,T65),T159)),T171),(T85,T200)),T153)),(((T60,T106),T22),T100)),((T71,T110),(((((((T30,T131),T107),(T151,T44)),T169),T138),(T98,T178)),(T109,T61)))),(((((T3,T12),T59),(T199,T102)),(T166,(T88,T8))),(T144,T56))),(((((T36,T17),T198),(T139,T130)),(T197,T108)),T116)),(((((T184,(T50,T177)),(((T18,T64),(T82,T72)),((((T150,T155),T154),(T163,T57)),(T14,T165)))),((T24,T123),T115)),((((T66,T173),(T1,T89)),T11),(T167,T31))),(((T124,T158),T122),(T125,(T52,T10))))),(((((((((T53,T6),T58),T112),T147),(((T69,(T101,T77)),T29),(T84,T114))),(((T172,T103),T188),T67)),T137),(((T133,((T111,T183),T193)),T113),(T129,T86))),((T135,T70),(T83,T121)))),T0),((((((((T81,T195),T75),T180),T91),(T128,T39)),T175),(((T157,T20),T34),T119)),(T161,(T13,T148)))),((((((T28,(T79,(T90,T54))),((T21,T141),((T96,T40),T74))),((((((T146,T27),T99),T33),T46),T196),((T80,T23),(T156,T26)))),(((T186,T2),(T134,T168)),(T174,T162))),(((((((T127,T16),T104),(T35,T176)),(T48,T45)),T32),T94),(((((T37,T126),T182),T179),T68),T164))),((((T51,(T120,(T194,T47))),T78),(T189,T95)),(T42,T136)))),(T145,((T41,T92),T190))),T43)),T19);
Guide Tree 0/27
#NNI moves:0/236
Guide Tree 1/27
#NNI moves:1/236
Guide Tree 2/27
#NNI moves:1/236
Guide Tree 3/27
#NNI moves:0/236
Guide Tree 4/27
#NNI moves:0/236
Guide Tree 5/27
#NNI moves:0/236
Guide Tree 6/27
#NNI moves:4/236
Guide Tree 7/27
#NNI moves:0/236
Guide Tree 8/27
#NNI moves:3/236
Guide Tree 9/27
#NNI moves:0/236
Guide Tree 10/27
#NNI moves:5/236
Guide Tree 11/27
#NNI moves:0/236
Guide Tree 12/27
#NNI moves:3/236
Guide Tree 13/27
#NNI moves:0/236
Guide Tree 14/27
#NNI moves:3/236
Guide Tree 15/27
#NNI moves:3/236
Guide Tree 16/27
#NNI moves:0/236
Guide Tree 17/27
#NNI moves:0/236
Guide Tree 18/27
#NNI moves:3/236
Guide Tree 19/27
#NNI moves:0/236
Guide Tree 20/27
#NNI moves:0/236
Guide Tree 21/27
#NNI moves:0/236
Guide Tree 22/27
#NNI moves:0/236
Guide Tree 23/27
#NNI moves:1/236
Guide Tree 24/27
#NNI moves:0/236
Guide Tree 25/27
#NNI moves:0/236
Guide Tree 26/27
#NNI moves:0/236
Remaining: 0
#NNI moves:8/236
#NNI moves:8/236
((((((((((((((((T138,(T169,((T151,T44),(T107,(T30,T131))))),(T98,T178)),(T109,T61)),(T71,T110)),(((((((((T15,T191),T9),((T5,T38),T63)),((T181,T65),T159)),T171),(T85,T200)),T153),((T118,T149),(((T187,T185),T76),(T160,T25)))),(((T60,T106),T22),T100))),((((T59,(T3,T12)),(T102,T199)),(T166,(T8,T88))),(T144,T56))),(((((T17,T36),T198),(T139,T130)),(T197,T108)),T116)),((((T31,T167),(((T1,T89),(T66,T173)),T11)),(((T123,T24),T115),(((T50,T177),T184),(((T64,T18),(T82,T72)),((((T150,T155),T154),(T163,T57)),(T14,T165)))))),((T122,(T158,T124)),((T52,T10),T125)))),(((T137,((((T84,T114),(((T101,T77),T69),T29)),((((T6,T53),T58),T112),T147)),((T188,(T103,T172)),T67))),(((((T111,T183),T193),T133),T113),(T86,T129))),((T135,T70),(T121,T83)))),T0),((((((((T81,T195),T75),T180),T91),(T39,T128)),T175),(T119,((T157,T20),T34))),(T161,(T148,T13)))),(((((((((T99,(T27,T146)),T33),T46),T196),((T23,T80),(T26,T156))),(((T21,T141),((T96,T40),T74)),(((T90,T54),T79),T28))),(((T168,T134),(T2,T186)),(T162,T174))),(((((((T16,T127),T104),(T35,T176)),(T45,T48)),T32),T94),((((T182,(T37,T126)),T179),T68),T164))),(((T78,(T51,((T194,T47),T120))),(T189,T95)),(T136,T42)))),(((T92,T41),T190),T145)),T43),((((T7,T143),((((T87,((T117,T4),T142)),T152),T170),T93)),(T140,T62)),((T49,(((T192,T132),T97),T73)),(T55,T105)))),T19);
Guide Tree 0/27
#NNI moves:0/236
Guide Tree 1/27
#NNI moves:3/236
Guide Tree 2/27
#NNI moves:0/236
Guide Tree 3/27
#NNI moves:0/236
Guide Tree 4/27
#NNI moves:2/236
Guide Tree 5/27
#NNI moves:0/236
Guide Tree 6/27
#NNI moves:0/236
Guide Tree 7/27
#NNI moves:1/236
Guide Tree 8/27
#NNI moves:0/236
Guide Tree 9/27
#NNI moves:0/236
Guide Tree 10/27
#NNI moves:0/236
Guide Tree 11/27
#NNI moves:0/236
Guide Tree 12/27
#NNI moves:0/236
Guide Tree 13/27
#NNI moves:0/236
Guide Tree 14/27
#NNI moves:3/236
Guide Tree 15/27
#NNI moves:0/236
Guide Tree 16/27
#NNI moves:0/236
Guide Tree 17/27
#NNI moves:0/236
Guide Tree 18/27
#NNI moves:1/236
Guide Tree 19/27
#NNI moves:0/236
Guide Tree 20/27
#NNI moves:3/236
Guide Tree 21/27
#NNI moves:0/236
Guide Tree 22/27
#NNI moves:1/236
Guide Tree 23/27
#NNI moves:0/236
Guide Tree 24/27
#NNI moves:0/236
Guide Tree 25/27
#NNI moves:0/236
Guide Tree 26/27
#NNI moves:1/236
Remaining: 0
#NNI moves:11/236
#NNI moves:11/236
(((((((T97,(T132,T192)),T73),T49),(T55,T105)),(((T143,T7),((((((T117,T4),T142),T87),T152),T170),T93)),(T140,T62))),((((((((((((((((((T181,T65),T159),(((T5,T38),T63),((T15,T191),T9))),T171),(T200,T85)),T153),((((T185,T187),T76),(T25,T160)),(T118,T149))),((T22,(T60,T106)),T100)),((((T98,T178),(((((T30,T131),T107),(T44,T151)),T169),T138)),(T109,T61)),(T71,T110))),((((T8,T88),T166),((T199,T102),((T3,T12),T59))),(T144,T56))),((((T198,(T36,T17)),(T139,T130)),(T197,T108)),T116)),((((((T177,T50),T184),((((T57,T163),((T150,T155),T154)),(T165,T14)),((T82,T72),(T18,T64)))),(T115,(T24,T123))),((((T66,T173),(T1,T89)),T11),(T31,T167))),(((T52,T10),T125),(T122,(T158,T124))))),(((((((((T77,T101),T69),T29),(T114,T84)),(T147,(((T6,T53),T58),T112))),(((T172,T103),T188),T67)),T137),(((((T111,T183),T193),T133),T113),(T86,T129))),((T135,T70),(T121,T83)))),T0),((((((T180,(T75,(T81,T195))),T91),(T128,T39)),T175),((T34,(T157,T20)),T119)),(T161,(T148,T13)))),(((((((T156,T26),(T23,T80)),(T196,((T33,((T146,T27),T99)),T46))),((((T90,T54),T79),T28),(((T96,T40),T74),(T21,T141)))),((T174,T162),((T134,T168),(T186,T2)))),(((((((T127,T16),T104),(T176,T35)),(T48,T45)),T32),T94),((((T182,(T37,T126)),T179),T68),T164))),(((T189,T95),((((T194,T47),T120),T51),T78)),(T42,T136)))),((T190,(T41,T92)),T145)),T43)),T19);
Guide Tree 0/27
#NNI moves:0/236
Guide Tree 1/27
#NNI moves:3/236
Guide Tree 2/27
#NNI moves:3/236
Guide Tree 3/27
#NNI moves:3/236
Guide Tree 4/27
#NNI moves:3/236
Guide Tree 5/27
#NNI moves:0/236
Guide Tree 6/27
#NNI moves:3/236
Guide Tree 7/27
#NNI moves:1/236
Guide Tree 8/27
#NNI moves:1/236
Guide Tree 9/27
#NNI moves:3/236
Guide Tree 10/27
#NNI moves:1/236
Guide Tree 11/27
#NNI moves:1/236
Guide Tree 12/27
#NNI moves:0/236
Guide Tree 13/27
#NNI moves:0/236
Guide Tree 14/27
#NNI moves:5/236
Guide Tree 15/27
#NNI moves:1/236
Guide Tree 16/27
#NNI moves:1/236
Guide Tree 17/27
#NNI moves:0/236
Guide Tree 18/27
#NNI moves:3/236
Guide Tree 19/27
#NNI moves:5/236
Guide Tree 20/27
#NNI moves:3/236
Guide Tree 21/27
#NNI moves:1/236
Guide Tree 22/27
#NNI moves:4/236
Guide Tree 23/27
#NNI moves:0/236
Guide Tree 24/27
#NNI moves:0/236
Guide Tree 25/27
#NNI moves:0/236
Guide Tree 26/27
#NNI moves:4/236
Remaining: 0
#NNI moves:18/236
#NNI moves:18/236
(((((T140,T62),((T93,((T152,(((T117,T4),T142),T87)),T170)),(T143,T7))),((T49,(((T132,T192),T97),T73)),(T55,T105))),(((((((((((((((((((T15,T191),T9),((T5,T38),T63)),(T159,(T181,T65))),T171),(T85,T200)),T153),((((T185,T187),T76),(T25,T160)),(T118,T149))),(((T106,T60),T22),T100)),((((((((T30,T131),T107),(T151,T44)),T169),T138),(T98,T178)),(T61,T109)),(T71,T110))),(((((T12,T3),T59),(T199,T102)),(T166,(T8,T88))),(T144,T56))),(((((T36,T17),T198),(T139,T130)),(T108,T197)),T116)),(((((T123,T24),T115),((((T64,T18),(T72,T82)),((T165,T14),(((T155,T150),T154),(T163,T57)))),((T50,T177),T184))),((((T1,T89),(T66,T173)),T11),(T31,T167))),((T125,(T52,T10)),(T122,(T158,T124))))),(((T83,T121),(T70,T135)),(((((T147,(((T53,T6),T58),T112)),((((T77,T101),T69),T29),(T114,T84))),(((T172,T103),T188),T67)),T137),((((T193,(T111,T183)),T133),T113),(T86,T129))))),T0),(((((T39,T128),((T180,(T75,(T81,T195))),T91)),T175),(((T20,T157),T34),T119)),(T161,(T13,T148)))),(((((((T26,T156),(T23,T80)),(((((T27,T146),T99),T33),T46),T196)),(((T74,(T96,T40)),(T141,T21)),(T28,((T54,T90),T79)))),(((T134,T168),(T186,T2)),(T162,T174))),(((((T182,(T126,T37)),T179),T68),T164),(((((T176,T35),(T104,(T127,T16))),(T45,T48)),T32),T94))),((((((T194,T47),T120),T51),T78),(T189,T95)),(T42,T136)))),(((T41,T92),T190),T145)),T43)),T19);
Initial score: 3.61245e+10
Initial tree: (((((T140,T62),((T93,((T152,(((T117,T4),T142),T87)),T170)),(T143,T7))),((T49,(((T132,T192),T97),T73)),(T55,T105))),(((((((((((((((((((T15,T191),T9),((T5,T38),T63)),(T159,(T181,T65))),T171),(T85,T200)),T153),((((T185,T187),T76),(T25,T160)),(T118,T149))),(((T106,T60),T22),T100)),((((((((T30,T131),T107),(T151,T44)),T169),T138),(T98,T178)),(T61,T109)),(T71,T110))),(((((T12,T3),T59),(T199,T102)),(T166,(T8,T88))),(T144,T56))),(((((T36,T17),T198),(T139,T130)),(T108,T197)),T116)),(((((T123,T24),T115),((((T64,T18),(T72,T82)),((T165,T14),(((T155,T150),T154),(T163,T57)))),((T50,T177),T184))),((((T1,T89),(T66,T173)),T11),(T31,T167))),((T125,(T52,T10)),(T122,(T158,T124))))),(((T83,T121),(T70,T135)),(((((T147,(((T53,T6),T58),T112)),((((T77,T101),T69),T29),(T114,T84))),(((T172,T103),T188),T67)),T137),((((T193,(T111,T183)),T133),T113),(T86,T129))))),T0),(((((T39,T128),((T180,(T75,(T81,T195))),T91)),T175),(((T20,T157),T34),T119)),(T161,(T13,T148)))),(((((((T26,T156),(T23,T80)),(((((T27,T146),T99),T33),T46),T196)),(((T74,(T96,T40)),(T141,T21)),(T28,((T54,T90),T79)))),(((T134,T168),(T186,T2)),(T162,T174))),(((((T182,(T126,T37)),T179),T68),T164),(((((T176,T35),(T104,(T127,T16))),(T45,T48)),T32),T94))),((((((T194,T47),T120),T51),T78),(T189,T95)),(T42,T136)))),(((T41,T92),T190),T145)),T43)),T19);
*** Subsample Process ***
Use two-step algorithm!
#NNI moves:1/236
Remaining: 0
#NNI moves:8/236
#NNI moves:8/236
(((((((((((((((((((T69,(T77,T101)),T29),(T84,T114)),((T112,((T53,T6),T58)),T147)),(((T172,T103),T188),T67)),T137),(((((T111,T183),T193),T133),T113),(T129,T86))),((T83,T121),(T70,T135))),((((((((((T187,T185),T76),(T160,T25)),(T118,T149)),(((T85,T200),((((T181,T65),T159),(((T5,T38),T63),(T9,(T191,T15)))),T171)),T153)),(((T60,T106),T22),T100)),(((((((T44,T151),(T107,(T131,T30))),T169),T138),(T98,T178)),(T61,T109)),(T110,T71))),((((T59,(T12,T3)),(T199,T102)),((T8,T88),T166)),(T144,T56))),(((T108,T197),((T198,(T17,T36)),(T130,T139))),T116)),((((((((T154,(T150,T155)),(T163,T57)),(T165,T14)),((T64,T18),(T72,T82))),((T50,T177),T184)),((T123,T24),T115)),((((T1,T89),(T66,T173)),T11),(T31,T167))),(((T52,T10),T125),(T122,(T124,T158)))))),T0),(((((T157,T20),T34),T119),(((T39,T128),(((T75,(T81,T195)),T180),T91)),T175)),(T161,(T13,T148)))),(((((((T74,(T96,T40)),(T21,T141)),(T28,((T54,T90),T79))),((((((T27,T146),T99),T33),T46),T196),((T156,T26),(T80,T23)))),(((T2,T186),(T168,T134)),(T162,T174))),(((((((T127,T16),T104),(T176,T35)),(T48,T45)),T32),T94),((T68,(((T37,T126),T182),T179)),T164))),(((T78,(T51,(T120,(T194,T47)))),(T189,T95)),(T42,T136)))),(((T92,T41),T190),T145)),T43),T19),((T55,T105),((T73,(T97,(T192,T132))),T49))),((T143,T7),(((((T142,(T117,T4)),T87),T152),T170),T93))),T62),T140);
#NNI moves:0/236
Remaining: 1
#NNI moves:12/236
#NNI moves:12/236
((((((((((((((((((((T150,T155),T154),(T163,T57)),(T14,T165)),((T72,T82),(T18,T64))),((T177,T50),T184)),((T123,T24),T115)),((((T1,T89),(T66,T173)),T11),(T31,T167))),((T125,(T52,T10)),((T124,T158),T122))),(((((((T149,T118),(((T185,T187),T76),(T25,T160))),(((((T159,(T65,T181)),(((T5,T38),T63),((T15,T191),T9))),T171),(T85,T200)),T153)),((T22,(T60,T106)),T100)),(((((((T151,T44),(T107,(T131,T30))),T169),T138),(T178,T98)),(T109,T61)),(T71,T110))),((T56,T144),((((T12,T3),T59),(T199,T102)),((T88,T8),T166)))),(((T108,T197),((T130,T139),((T17,T36),T198))),T116))),((((((((((T45,T48),((T35,T176),((T16,T127),T104))),T32),T94),(((((T37,T126),T182),T179),T68),T164)),(((((T79,(T90,T54)),T28),(((T40,T96),T74),(T141,T21))),(((T23,T80),(T26,T156)),((T46,((T99,(T146,T27)),T33)),T196))),(((T2,T186),(T134,T168)),(T174,T162)))),(((T95,T189),(((T120,(T194,T47)),T51),T78)),(T136,T42))),((((((T62,T140),(((((T87,((T117,T4),T142)),T152),T170),T93),(T7,T143))),(((T73,(T97,(T192,T132))),T49),(T105,T55))),T19),T43),(((T92,T41),T190),T145))),(((T13,T148),T161),((((T39,T128),(((T75,(T81,T195)),T180),T91)),T175),(((T20,T157),T34),T119)))),T0)),((T135,T70),(T83,T121))),((T113,(T133,((T111,T183),T193))),(T86,T129))),T137),(((T172,T103),T188),T67)),(((T58,(T53,T6)),T112),T147)),(T84,T114)),T29),(T101,T77)),T69);
#NNI moves:0/236
Remaining: 3
#NNI moves:19/236
#NNI moves:25/236
((((((((((((((((((((((((((T15,T191),T9),((T5,T38),T63)),((T181,T65),T159)),T171),(T200,T85)),T153),(((T76,(T187,T185)),(T160,T25)),(T118,T149))),(((T60,T106),T22),T100)),(((((((T44,T151),((T30,T131),T107)),T169),T138),(T178,T98)),(T61,T109)),(T71,T110))),((((T88,T8),T166),((T59,(T12,T3)),(T199,T102))),(T56,T144))),(((((T17,T36),T198),(T130,T139)),(T197,T108)),T116)),((((((((T163,T57),((T155,T150),T154)),(T14,T165)),((T82,T72),(T64,T18))),((T177,T50),T184)),((T24,T123),T115)),((((T89,T1),(T173,T66)),T11),(T167,T31))),((T122,(T158,T124)),((T52,T10),T125)))),(((((((T114,T84),(((T101,T77),T69),T29)),((((T6,T53),T58),T112),T147)),(((T172,T103),T188),T67)),T137),((T129,T86),(T113,(((T183,T111),T193),T133)))),((T135,T70),(T121,T83)))),T0),(((T13,T148),T161),((((((T75,(T81,T195)),T180),T91),(T39,T128)),T175),(((T157,T20),T34),T119)))),((((((((T35,T176),(T104,(T127,T16))),(T45,T48)),T32),T94),(((((T126,T37),T182),T179),T68),T164)),((((T28,(T79,(T54,T90))),(((T40,T96),T74),(T21,T141))),(((T156,T26),(T23,T80)),((T46,(((T27,T146),T99),T33)),T196))),(((T186,T2),(T134,T168)),(T162,T174)))),((((((T194,T47),T120),T51),T78),(T95,T189)),(T136,T42)))),(T145,(T190,(T92,T41)))),T43),T19),((((T97,(T192,T132)),T73),T49),(T55,T105))),(T140,T62)),(T143,T7)),T93),((((T4,T117),T142),T87),T152)),T170);
#NNI moves:1/236
Remaining: 0
#NNI moves:8/236
#NNI moves:8/236
(((((((((((((((((((((((((T46,((T99,(T146,T27)),T33)),T196),((T23,T80),(T26,T156))),(((T74,(T40,T96)),(T21,T141)),(((T54,T90),T79),T28))),(((T168,T134),(T2,T186)),(T174,T162))),(((T68,(((T126,T37),T182),T179)),T164),((((T48,T45),(((T16,T127),T104),(T176,T35))),T32),T94))),(((T189,T95),((((T47,T194),T120),T51),T78)),(T42,T136))),((((((((T97,(T132,T192)),T73),T49),(T55,T105)),((T62,T140),((T7,T143),(((((T142,(T4,T117)),T87),T152),T170),T93)))),T19),T43),(((T92,T41),T190),T145))),(((T119,((T20,T157),T34)),(((T128,T39),((((T195,T81),T75),T180),T91)),T175)),(T161,(T13,T148)))),T0),(((((((T114,T84),(T29,(T69,(T101,T77)))),(T147,(((T6,T53),T58),T112))),(((T172,T103),T188),T67)),T137),(((((T183,T111),T193),T133),T113),(T129,T86))),((T121,T83),(T70,T135)))),(((((((T64,T18),(T72,T82)),(((T154,(T150,T155)),(T57,T163)),(T14,T165))),(T184,(T177,T50))),((T123,T24),T115)),((((T173,T66),(T1,T89)),T11),(T167,T31))),(((T10,T52),T125),((T158,T124),T122)))),((((T130,T139),((T17,T36),T198)),(T197,T108)),T116)),((T144,T56),((T166,(T88,T8)),(((T3,T12),T59),(T199,T102))))),((((T178,T98),((((T151,T44),((T30,T131),T107)),T169),T138)),(T61,T109)),(T71,T110))),(T100,((T60,T106),T22))),(((T76,(T185,T187)),(T160,T25)),(T118,T149))),T153),(T85,T200)),T171),((T181,T65),T159)),((T191,T15),T9)),T63),T38),T5);
Current score: 3.61245e+10
Current tree: (((((((T97,(T132,T192)),T73),T49),(T55,T105)),((T62,T140),((T7,T143),(((((T142,(T4,T117)),T87),T152),T170),T93)))),(T43,((((T92,T41),T190),T145),((((((((T46,((T99,(T146,T27)),T33)),T196),((T23,T80),(T26,T156))),(((T74,(T40,T96)),(T21,T141)),(((T54,T90),T79),T28))),(((T168,T134),(T2,T186)),(T174,T162))),(((T68,(((T126,T37),T182),T179)),T164),((((T48,T45),(((T16,T127),T104),(T176,T35))),T32),T94))),(((T189,T95),((((T47,T194),T120),T51),T78)),(T42,T136))),((((T119,((T20,T157),T34)),(((T128,T39),((((T195,T81),T75),T180),T91)),T175)),(T161,(T13,T148))),(T0,((((((((T114,T84),(T29,(T69,(T101,T77)))),(T147,(((T6,T53),T58),T112))),(((T172,T103),T188),T67)),T137),(((((T183,T111),T193),T133),T113),(T129,T86))),((T121,T83),(T70,T135))),((((((((T64,T18),(T72,T82)),(((T154,(T150,T155)),(T57,T163)),(T14,T165))),(T184,(T177,T50))),((T123,T24),T115)),((((T173,T66),(T1,T89)),T11),(T167,T31))),(((T10,T52),T125),((T158,T124),T122))),(((((T130,T139),((T17,T36),T198)),(T197,T108)),T116),(((T144,T56),((T166,(T88,T8)),(((T3,T12),T59),(T199,T102)))),(((((T178,T98),((((T151,T44),((T30,T131),T107)),T169),T138)),(T61,T109)),(T71,T110)),((T100,((T60,T106),T22)),((((T76,(T185,T187)),(T160,T25)),(T118,T149)),(T153,((T85,T200),(T171,(((T181,T65),T159),(((T191,T15),T9),(T63,(T38,T5)))))))))))))))))))),T19);
Use two-step algorithm!
#NNI moves:1/236
Remaining: 0
#NNI moves:15/236
#NNI moves:15/236
(((((((((((((((((((((T61,T109),((((((T30,T131),T107),(T44,T151)),T169),T138),(T178,T98))),(T110,T71)),(((((((((T38,T5),T63),((T15,T191),T9)),(T159,(T65,T181))),T171),(T85,T200)),T153),(((T25,T160),(T76,(T187,T185))),(T149,T118))),(T100,((T106,T60),T22)))),((((T88,T8),T166),((T59,(T12,T3)),(T102,T199))),(T56,T144))),(((T108,T197),(((T36,T17),T198),(T139,T130))),T116)),((((((((T57,T163),((T155,T150),T154)),(T165,T14)),((T64,T18),(T82,T72))),((T177,T50),T184)),(T115,(T123,T24))),((T11,((T173,T66),(T1,T89))),(T31,T167))),(((T124,T158),T122),((T52,T10),T125)))),((((((T188,(T172,T103)),T67),((((T69,(T101,T77)),T29),(T114,T84)),((((T6,T53),T58),T112),T147))),T137),((T113,((T193,(T183,T111)),T133)),(T86,T129))),((T135,T70),(T121,T83)))),T0),(((T175,(((((T81,T195),T75),T180),T91),(T128,T39))),((T34,(T157,T20)),T119)),(T161,(T13,T148)))),((((((((T176,T35),(T104,(T16,T127))),(T48,T45)),T32),T94),(((((T126,T37),T182),T179),T68),T164)),((((T28,(T79,(T90,T54))),((T141,T21),(T74,(T96,T40)))),(((((T99,(T146,T27)),T33),T46),T196),((T80,T23),(T156,T26)))),(((T168,T134),(T186,T2)),(T174,T162)))),((T136,T42),((T78,(T51,((T194,T47),T120))),(T95,T189))))),((T190,(T41,T92)),T145)),T43),T19),(((((((T142,(T4,T117)),T87),T152),T170),T93),(T143,T7)),(T62,T140))),(T105,T55)),T49),T73),T97),T132),T192);
#NNI moves:0/236
Remaining: 3
#NNI moves:10/236
#NNI moves:10/236
(((((((((((((((((((((((T27,T146),T99),T33),T46),T196),((T80,T23),(T156,T26))),(((T79,(T90,T54)),T28),((T21,T141),((T96,T40),T74)))),(((T186,T2),(T134,T168)),(T174,T162))),(((((T48,T45),(((T127,T16),T104),(T35,T176))),T32),T94),((((T182,(T126,T37)),T179),T68),T164))),(((T95,T189),((((T194,T47),T120),T51),T78)),(T42,T136))),(((((((((T152,(((T117,T4),T142),T87)),T170),T93),(T143,T7)),(T140,T62)),((((T97,(T132,T192)),T73),T49),(T105,T55))),T19),T43),(((T92,T41),T190),T145))),((((((T180,((T81,T195),T75)),T91),(T39,T128)),T175),(T119,((T157,T20),T34))),(T161,(T148,T13)))),T0),((((((((T69,(T77,T101)),T29),(T114,T84)),((T112,(T58,(T6,T53))),T147)),((T188,(T172,T103)),T67)),T137),((((T193,(T183,T111)),T133),T113),(T129,T86))),((T70,T135),(T83,T121)))),(((((T24,T123),T115),((((T72,T82),(T18,T64)),((((T155,T150),T154),(T163,T57)),(T165,T14))),((T177,T50),T184))),((T11,((T89,T1),(T173,T66))),(T31,T167))),(((T124,T158),T122),(T125,(T10,T52))))),(((((T17,T36),T198),(T130,T139)),(T197,T108)),T116)),((T144,T56),(((T102,T199),(T59,(T3,T12))),((T88,T8),T166)))),((T100,((T60,T106),T22)),((((((((T38,T5),T63),(T9,(T191,T15))),((T181,T65),T159)),T171),(T85,T200)),T153),((((T187,T185),T76),(T25,T160)),(T149,T118))))),(T71,T110)),(T61,T109)),(T138,(T169,(((T30,T131),T107),(T44,T151))))),T98),T178);
#NNI moves:1/236
Remaining: 2
#NNI moves:17/236
#NNI moves:21/236
((((((((((((((((((T139,T130),(T198,(T17,T36))),(T197,T108)),T116),(((T56,T144),((((T12,T3),T59),(T102,T199)),((T88,T8),T166))),(((((((((T9,(T191,T15)),((T5,T38),T63)),((T65,T181),T159)),T171),(T85,T200)),T153),((T118,T149),(((T185,T187),T76),(T160,T25)))),(T100,(T22,(T60,T106)))),((((((((T30,T131),T107),(T151,T44)),T169),T138),(T178,T98)),(T109,T61)),(T71,T110))))),(((((T24,T123),T115),((((((T155,T150),T154),(T163,T57)),(T14,T165)),((T72,T82),(T18,T64))),((T177,T50),T184))),((((T173,T66),(T89,T1)),T11),(T31,T167))),((T122,(T124,T158)),((T52,T10),T125)))),(((((((T29,(T69,(T101,T77))),(T114,T84)),(T147,((T58,(T6,T53)),T112))),(T67,((T172,T103),T188))),T137),((T86,T129),((((T183,T111),T193),T133),T113))),((T83,T121),(T70,T135)))),T0),((T161,(T148,T13)),(((((((T195,T81),T75),T180),T91),(T128,T39)),T175),(T119,((T157,T20),T34))))),((((((((T90,T54),T79),T28),(((T96,T40),T74),(T141,T21))),(((T23,T80),(T26,T156)),((T46,(((T146,T27),T99),T33)),T196))),((T162,T174),((T2,T186),(T134,T168)))),((((((T37,T126),T182),T179),T68),T164),(((((T176,T35),((T16,T127),T104)),(T48,T45)),T32),T94))),((((((T47,T194),T120),T51),T78),(T189,T95)),(T136,T42)))),((T190,(T41,T92)),T145)),T43),T19),(((T73,(T97,(T192,T132))),T49),(T55,T105))),(T62,T140)),(((T152,((T142,(T117,T4)),T87)),T170),T93)),T143),T7);
#NNI moves:3/236
Remaining: 0
#NNI moves:10/236
#NNI moves:10/236
((((((((((((((((((T126,T37),T182),T179),T68),T164),(T94,((((T104,(T16,T127)),(T176,T35)),(T48,T45)),T32))),((((((T40,T96),T74),(T141,T21)),(((T90,T54),T79),T28)),((T196,((((T146,T27),T99),T33),T46)),((T80,T23),(T26,T156)))),(((T186,T2),(T134,T168)),(T162,T174)))),(((T78,(((T47,T194),T120),T51)),(T189,T95)),(T136,T42))),((((((((((((T117,T4),T142),T87),T152),T170),T93),(T143,T7)),(T140,T62)),(((T73,(T97,(T132,T192))),T49),(T55,T105))),T19),T43),(T145,((T41,T92),T190)))),(((T13,T148),T161),((T119,((T20,T157),T34)),(((T91,((T75,(T81,T195)),T180)),(T39,T128)),T175)))),T0),(((((((T172,T103),T188),T67),(((T29,(T69,(T77,T101))),(T84,T114)),((T112,((T6,T53),T58)),T147))),T137),(((T133,((T111,T183),T193)),T113),(T86,T129))),((T121,T83),(T70,T135)))),(((((((((T155,T150),T154),(T57,T163)),(T165,T14)),((T64,T18),(T72,T82))),((T50,T177),T184)),((T123,T24),T115)),((((T66,T173),(T1,T89)),T11),(T31,T167))),(((T158,T124),T122),((T52,T10),T125)))),((((((((((T131,T30),T107),(T44,T151)),T169),T138),(T98,T178)),(T109,T61)),(T110,T71)),(((((T200,T85),(((((T38,T5),T63),((T15,T191),T9)),((T65,T181),T159)),T171)),T153),((((T187,T185),T76),(T25,T160)),(T149,T118))),(((T106,T60),T22),T100))),((((T102,T199),((T12,T3),T59)),(T166,(T88,T8))),(T144,T56)))),T116),((T139,T130),((T36,T17),T198))),T108),T197);
Current score: 3.61245e+10
Current tree: (((((((((((T117,T4),T142),T87),T152),T170),T93),(T143,T7)),(T140,T62)),(((T73,(T97,(T132,T192))),T49),(T55,T105))),(T43,((T145,((T41,T92),T190)),(((((((((T126,T37),T182),T179),T68),T164),(T94,((((T104,(T16,T127)),(T176,T35)),(T48,T45)),T32))),((((((T40,T96),T74),(T141,T21)),(((T90,T54),T79),T28)),((T196,((((T146,T27),T99),T33),T46)),((T80,T23),(T26,T156)))),(((T186,T2),(T134,T168)),(T162,T174)))),(((T78,(((T47,T194),T120),T51)),(T189,T95)),(T136,T42))),((((T13,T148),T161),((T119,((T20,T157),T34)),(((T91,((T75,(T81,T195)),T180)),(T39,T128)),T175))),(T0,((((((((T172,T103),T188),T67),(((T29,(T69,(T77,T101))),(T84,T114)),((T112,((T6,T53),T58)),T147))),T137),(((T133,((T111,T183),T193)),T113),(T86,T129))),((T121,T83),(T70,T135))),((((((((((T155,T150),T154),(T57,T163)),(T165,T14)),((T64,T18),(T72,T82))),((T50,T177),T184)),((T123,T24),T115)),((((T66,T173),(T1,T89)),T11),(T31,T167))),(((T158,T124),T122),((T52,T10),T125))),(((((((((((T131,T30),T107),(T44,T151)),T169),T138),(T98,T178)),(T109,T61)),(T110,T71)),(((((T200,T85),(((((T38,T5),T63),((T15,T191),T9)),((T65,T181),T159)),T171)),T153),((((T187,T185),T76),(T25,T160)),(T149,T118))),(((T106,T60),T22),T100))),((((T102,T199),((T12,T3),T59)),(T166,(T88,T8))),(T144,T56))),(T116,(((T139,T130),((T36,T17),T198)),(T108,T197)))))))))))),T19);
Use two-step algorithm!
#NNI moves:2/236
Remaining: 0
#NNI moves:13/236
#NNI moves:13/236
(((((((((((((((((((((((((T106,T60),T22),T100),((((((((T191,T15),T9),((T38,T5),T63)),(T159,(T181,T65))),T171),(T85,T200)),T153),((T149,T118),((T25,T160),((T187,T185),T76))))),((((T138,(((T107,(T131,T30)),(T151,T44)),T169)),(T178,T98)),(T109,T61)),(T110,T71))),((((T199,T102),((T12,T3),T59)),((T88,T8),T166)),(T144,T56))),(T116,((((T36,T17),T198),(T139,T130)),(T197,T108)))),((((T167,T31),(((T89,T1),(T66,T173)),T11)),(((((T14,T165),((T163,T57),((T155,T150),T154))),((T18,T64),(T72,T82))),((T50,T177),T184)),((T123,T24),T115))),(((T10,T52),T125),((T158,T124),T122)))),((((((((T69,(T101,T77)),T29),(T84,T114)),((((T53,T6),T58),T112),T147)),(((T103,T172),T188),T67)),T137),(((((T183,T111),T193),T133),T113),(T86,T129))),((T70,T135),(T83,T121)))),T0),(((((T91,(((T81,T195),T75),T180)),(T39,T128)),T175),(T119,(T34,(T157,T20)))),((T13,T148),T161))),(((((((T74,(T96,T40)),(T21,T141)),(((T54,T90),T79),T28)),((((((T27,T146),T99),T33),T46),T196),((T23,T80),(T156,T26)))),((T162,T174),((T168,T134),(T186,T2)))),(((T68,(T179,((T37,T126),T182))),T164),((((T48,T45),((T35,T176),(T104,(T127,T16)))),T32),T94))),((((T51,(T120,(T194,T47))),T78),(T95,T189)),(T42,T136)))),(T145,(T190,(T41,T92)))),T43),T19),((T55,T105),(T49,(((T132,T192),T97),T73)))),(T140,T62)),(T7,T143)),T93),T170),T152),T87),T142),T4),T117);
#NNI moves:0/236
Remaining: 1
#NNI moves:5/236
#NNI moves:5/236
(((((((((((((((((((((T176,T35),(T104,(T127,T16))),(T48,T45)),T32),T94),(T164,((T179,(T182,(T126,T37))),T68))),(((((((T99,(T27,T146)),T33),T46),T196),((T156,T26),(T23,T80))),((((T96,T40),T74),(T21,T141)),(((T90,T54),T79),T28))),((T162,T174),((T186,T2),(T134,T168))))),(((((T120,(T194,T47)),T51),T78),(T95,T189)),(T42,T136))),(((((((((T132,T192),T97),T73),T49),(T105,T55)),((((((((T4,T117),T142),T87),T152),T170),T93),(T7,T143)),(T140,T62))),T19),T43),((T190,(T92,T41)),T145))),((((((((T195,T81),T75),T180),T91),(T39,T128)),T175),(((T20,T157),T34),T119)),(T161,(T148,T13)))),T0),((((((((T58,(T6,T53)),T112),T147),(((T69,(T101,T77)),T29),(T114,T84))),((T188,(T172,T103)),T67)),T137),((T129,T86),((((T111,T183),T193),T133),T113))),((T70,T135),(T121,T83)))),((((T31,T167),(T11,((T66,T173),(T1,T89)))),(((T24,T123),T115),((((T82,T72),(T18,T64)),(((T154,(T155,T150)),(T57,T163)),(T165,T14))),((T50,T177),T184)))),(((T52,T10),T125),(T122,(T124,T158))))),(((((T17,T36),T198),(T130,T139)),(T197,T108)),T116)),((((T88,T8),T166),(((T12,T3),T59),(T199,T102))),(T56,T144))),((((((((T131,T30),T107),(T44,T151)),T169),T138),(T98,T178)),(T109,T61)),(T110,T71))),((((T25,T160),((T185,T187),T76)),(T149,T118)),(((((((T15,T191),T9),((T38,T5),T63)),((T65,T181),T159)),T171),(T200,T85)),T153))),T100),T22),T60),T106);
#NNI moves:1/236
Remaining: 0
#NNI moves:11/236
#NNI moves:11/236
(((((((((((((((((((((T15,T191),T9),((T5,T38),T63)),(T159,(T65,T181))),T171),(T85,T200)),T153),(((T25,T160),(T76,(T185,T187))),(T149,T118))),(((T106,T60),T22),T100)),((((((((T131,T30),T107),(T44,T151)),T169),T138),(T98,T178)),(T109,T61)),(T71,T110))),(((((T3,T12),T59),(T199,T102)),((T88,T8),T166)),(T144,T56))),(((T197,T108),((T198,(T17,T36)),(T130,T139))),T116)),((((((T173,T66),(T89,T1)),T11),(T167,T31)),(((((T64,T18),(T82,T72)),((T165,T14),(((T155,T150),T154),(T57,T163)))),((T50,T177),T184)),(T115,(T123,T24)))),(((T10,T52),T125),((T124,T158),T122)))),(((((((((T77,T101),T69),T29),(T84,T114)),((((T53,T6),T58),T112),T147)),(((T172,T103),T188),T67)),T137),(((((T111,T183),T193),T133),T113),(T86,T129))),((T135,T70),(T121,T83)))),T0),(((((T157,T20),T34),T119),((((T180,(T75,(T195,T81))),T91),(T39,T128)),T175)),((T148,T13),T161))),((((((((T90,T54),T79),T28),((T74,(T40,T96)),(T141,T21))),((((((T27,T146),T99),T33),T46),T196),((T156,T26),(T23,T80)))),(((T2,T186),(T134,T168)),(T174,T162))),(((((T45,T48),(((T16,T127),T104),(T35,T176))),T32),T94),(((((T37,T126),T182),T179),T68),T164))),(((T95,T189),(T78,((T120,(T194,T47)),T51))),(T136,T42)))),(((T92,T41),T190),T145)),T43),((((((T152,(((T117,T4),T142),T87)),T170),T93),(T143,T7)),(T140,T62)),(((T73,(T97,(T192,T132))),T49),(T55,T105)))),T19);
#NNI moves:0/236
Remaining: 0
#NNI moves:14/236
#NNI moves:14/236
((((((((((((((((((((((((((T126,T37),T182),T179),T68),T164),(((((T104,(T16,T127)),(T176,T35)),(T45,T48)),T32),T94)),((((((((T27,T146),T99),T33),T46),T196),((T80,T23),(T156,T26))),((((T96,T40),T74),(T141,T21)),(((T54,T90),T79),T28))),(((T134,T168),(T2,T186)),(T174,T162)))),(((T189,T95),((T51,(T120,(T194,T47))),T78)),(T42,T136))),((T145,(T190,(T41,T92))),(((((((T97,(T132,T192)),T73),T49),(T105,T55)),((T62,T140),((T143,T7),(((T152,(((T4,T117),T142),T87)),T170),T93)))),T19),T43))),(((T175,((T128,T39),((T180,((T195,T81),T75)),T91))),(((T157,T20),T34),T119)),((T13,T148),T161))),T0),(((((((((T77,T101),T69),T29),(T114,T84)),((((T6,T53),T58),T112),T147)),((T188,(T103,T172)),T67)),T137),(((((T183,T111),T193),T133),T113),(T86,T129))),((T83,T121),(T70,T135)))),(((((((T14,T165),((T154,(T155,T150)),(T163,T57))),((T82,T72),(T64,T18))),(T184,(T50,T177))),((T24,T123),T115)),((((T173,T66),(T1,T89)),T11),(T167,T31))),(((T10,T52),T125),((T158,T124),T122)))),((((T198,(T17,T36)),(T130,T139)),(T197,T108)),T116)),((((T102,T199),((T3,T12),T59)),((T8,T88),T166)),(T144,T56))),(((((((T44,T151),((T30,T131),T107)),T169),T138),(T178,T98)),(T61,T109)),(T110,T71))),((T22,(T60,T106)),T100)),(((T160,T25),((T185,T187),T76)),(T118,T149))),T153),(T85,T200)),T171),((T181,T65),T159)),(T63,(T38,T5))),T9),T191),T15);
Current score: 3.61245e+10
Current tree: (((((((T97,(T132,T192)),T73),T49),(T105,T55)),((T62,T140),((T143,T7),(((T152,(((T4,T117),T142),T87)),T170),T93)))),(T43,((T145,(T190,(T41,T92))),(((((((((T126,T37),T182),T179),T68),T164),(((((T104,(T16,T127)),(T176,T35)),(T45,T48)),T32),T94)),((((((((T27,T146),T99),T33),T46),T196),((T80,T23),(T156,T26))),((((T96,T40),T74),(T141,T21)),(((T54,T90),T79),T28))),(((T134,T168),(T2,T186)),(T174,T162)))),(((T189,T95),((T51,(T120,(T194,T47))),T78)),(T42,T136))),((((T175,((T128,T39),((T180,((T195,T81),T75)),T91))),(((T157,T20),T34),T119)),((T13,T148),T161)),(T0,((((((((((T77,T101),T69),T29),(T114,T84)),((((T6,T53),T58),T112),T147)),((T188,(T103,T172)),T67)),T137),(((((T183,T111),T193),T133),T113),(T86,T129))),((T83,T121),(T70,T135))),((((((((T14,T165),((T154,(T155,T150)),(T163,T57))),((T82,T72),(T64,T18))),(T184,(T50,T177))),((T24,T123),T115)),((((T173,T66),(T1,T89)),T11),(T167,T31))),(((T10,T52),T125),((T158,T124),T122))),(((((T198,(T17,T36)),(T130,T139)),(T197,T108)),T116),(((((T102,T199),((T3,T12),T59)),((T8,T88),T166)),(T144,T56)),((((((((T44,T151),((T30,T131),T107)),T169),T138),(T178,T98)),(T61,T109)),(T110,T71)),(((T22,(T60,T106)),T100),((((T160,T25),((T185,T187),T76)),(T118,T149)),(T153,((T85,T200),(T171,(((T181,T65),T159),((T63,(T38,T5)),(T9,(T191,T15)))))))))))))))))))),T19);
Final Tree: (((((((T97,(T132,T192)),T73),T49),(T105,T55)),((T62,T140),((T143,T7),(((T152,(((T4,T117),T142),T87)),T170),T93)))),(T43,((T145,(T190,(T41,T92))),(((((((((T126,T37),T182),T179),T68),T164),(((((T104,(T16,T127)),(T176,T35)),(T45,T48)),T32),T94)),((((((((T27,T146),T99),T33),T46),T196),((T80,T23),(T156,T26))),((((T96,T40),T74),(T141,T21)),(((T54,T90),T79),T28))),(((T134,T168),(T2,T186)),(T174,T162)))),(((T189,T95),((T51,(T120,(T194,T47))),T78)),(T42,T136))),((((T175,((T128,T39),((T180,((T195,T81),T75)),T91))),(((T157,T20),T34),T119)),((T13,T148),T161)),(T0,((((((((((T77,T101),T69),T29),(T114,T84)),((((T6,T53),T58),T112),T147)),((T188,(T103,T172)),T67)),T137),(((((T183,T111),T193),T133),T113),(T86,T129))),((T83,T121),(T70,T135))),((((((((T14,T165),((T154,(T155,T150)),(T163,T57))),((T82,T72),(T64,T18))),(T184,(T50,T177))),((T24,T123),T115)),((((T173,T66),(T1,T89)),T11),(T167,T31))),(((T10,T52),T125),((T158,T124),T122))),(((((T198,(T17,T36)),(T130,T139)),(T197,T108)),T116),(((((T102,T199),((T3,T12),T59)),((T8,T88),T166)),(T144,T56)),((((((((T44,T151),((T30,T131),T107)),T169),T138),(T178,T98)),(T61,T109)),(T110,T71)),(((T22,(T60,T106)),T100),((((T160,T25),((T185,T187),T76)),(T118,T149)),(T153,((T85,T200),(T171,(((T181,T65),T159),((T63,(T38,T5)),(T9,(T191,T15)))))))))))))))))))),T19);
Score: 3.612454294e+10

real	1m54.771s
user	42m54.106s
sys	0m17.629s
