Weighted ASTRAL - Hybrid
Version: v1.13.2.3
#Genetrees: 2000
#Species: 201
#Rounds: 4
#Samples: 4
#Threads: 32
Use two-step algorithm!
Guide Tree 0/27
#NNI moves:1/236
Guide Tree 1/27
#NNI moves:3/236
Guide Tree 2/27
#NNI moves:3/236
Guide Tree 3/27
#NNI moves:3/236
Guide Tree 4/27
#NNI moves:1/236
Guide Tree 5/27
#NNI moves:0/236
Guide Tree 6/27
#NNI moves:1/236
Guide Tree 7/27
#NNI moves:3/236
Guide Tree 8/27
#NNI moves:0/236
Guide Tree 9/27
#NNI moves:0/236
Guide Tree 10/27
#NNI moves:1/236
Guide Tree 11/27
#NNI moves:3/236
Guide Tree 12/27
#NNI moves:0/236
Guide Tree 13/27
#NNI moves:3/236
Guide Tree 14/27
#NNI moves:0/236
Guide Tree 15/27
#NNI moves:0/236
Guide Tree 16/27
#NNI moves:0/236
Guide Tree 17/27
#NNI moves:3/236
Guide Tree 18/27
#NNI moves:0/236
Guide Tree 19/27
#NNI moves:0/236
Guide Tree 20/27
#NNI moves:0/236
Guide Tree 21/27
#NNI moves:0/236
Guide Tree 22/27
#NNI moves:0/236
Guide Tree 23/27
#NNI moves:4/236
Guide Tree 24/27
#NNI moves:0/236
Guide Tree 25/27
#NNI moves:0/236
Guide Tree 26/27
#NNI moves:3/236
Remaining: 0
#NNI moves:17/236
#NNI moves:17/236
((((((((((((((((((((((T28,T184),(T179,T42)),T193),((((T143,T122),T123),(T65,T86)),T38)),((T162,T111),(((T54,T145),(T163,(T136,T152))),T194))),((T119,(T74,T173)),((T200,(T169,T47)),T79))),(T31,T174)),(((T20,(T172,T125)),((((T76,T75),T183),T124),((T2,(T120,T1)),(T37,T105)))),(T6,T117))),(((T149,T153),T26),T51)),((((T151,T8),T134),T88),(T185,T19))),((((((T49,(T45,T131)),T48),((T138,T82),((T67,T84),T170))),(T71,T62)),(((((T186,((T168,(T102,T144)),T21)),T171),((((T113,T3),T191),T87),T56)),(T150,((T61,T147),T78))),(T121,(T16,T72)))),(T9,T112))),((((T155,((T39,(T189,T94)),T98)),(T160,T69)),(T93,T99)),(((T190,T141),(T178,(T176,T142))),T161))),(((((((((T116,T55),(T36,(T139,T197))),T66),(T92,T17)),(T34,T104)),T27),T195),(((T165,T44),(T89,T63)),(((((T13,T96),(((T156,T41),T97),T59)),T85),T157),((((T148,T133),T115),T187),T64)))),((T11,T181),T95))),((T132,T57),((((((T175,(T46,T107)),T127),(T182,T158)),(T60,T177)),T101),T15))),T0),T109),((((((T126,T188),T81),(T128,((T100,T199),(T80,T52)))),((T110,T29),(((T196,T164),(T10,(T90,T77))),(((T137,T14),(T154,T53)),T159)))),(T130,T129)),T192)),(T35,(((((T68,T23),T24),(((T70,(T106,T4)),T140),(T32,((T33,(T5,T167)),(T91,T166))))),((((T40,T58),(T180,T7)),(T73,T50)),((T118,T30),T103))),((T83,(T114,T198)),(T135,T25))))),T22),(T18,T43)),(T12,T108)),T146);
Guide Tree 0/27
#NNI moves:5/236
Guide Tree 1/27
#NNI moves:5/236
Guide Tree 2/27
#NNI moves:1/236
Guide Tree 3/27
#NNI moves:10/236
Guide Tree 4/27
#NNI moves:5/236
Guide Tree 5/27
#NNI moves:1/236
Guide Tree 6/27
#NNI moves:4/236
Guide Tree 7/27
#NNI moves:4/236
Guide Tree 8/27
#NNI moves:8/236
Guide Tree 9/27
#NNI moves:5/236
Guide Tree 10/27
#NNI moves:8/236
Guide Tree 11/27
#NNI moves:1/236
Guide Tree 12/27
#NNI moves:4/236
Guide Tree 13/27
#NNI moves:0/236
Guide Tree 14/27
#NNI moves:4/236
Guide Tree 15/27
#NNI moves:7/236
Guide Tree 16/27
#NNI moves:1/236
Guide Tree 17/27
#NNI moves:6/236
Guide Tree 18/27
#NNI moves:2/236
Guide Tree 19/27
#NNI moves:0/236
Guide Tree 20/27
#NNI moves:1/236
Guide Tree 21/27
#NNI moves:2/236
Guide Tree 22/27
#NNI moves:3/236
Guide Tree 23/27
#NNI moves:3/236
Guide Tree 24/27
#NNI moves:1/236
Guide Tree 25/27
#NNI moves:5/236
Guide Tree 26/27
#NNI moves:1/236
Remaining: 2
#NNI moves:11/236
#NNI moves:12/236
((((((((((((((((((((((T184,T28),(T179,T42)),T193),((((T122,T143),T123),(T65,T86)),T38)),(((((T136,T152),T163),(T145,T54)),T194),(T162,T111))),(((T173,T74),T119),((T200,(T47,T169)),T79))),(T174,T31)),((((((T76,T75),T183),T124),(((T1,T120),T2),(T37,T105))),((T125,T172),T20)),(T117,T6))),(((T153,T149),T26),T51)),((T185,T19),(((T151,T8),T134),T88))),((((((T82,T138),(T170,(T84,T67))),(((T45,T131),T49),T48)),(T71,T62)),(((((T186,((T168,(T102,T144)),T21)),T171),((((T3,T113),T191),T87),T56)),((T78,(T147,T61)),T150)),((T16,T72),T121))),(T112,T9))),((((T160,T69),(((T39,(T94,T189)),T98),T155)),(T93,T99)),(((T190,T141),(T178,(T176,T142))),T161))),((((((((T13,T96),((T97,(T41,T156)),T59)),T85),T157),(T64,(((T148,T133),T115),T187))),((T44,T165),(T89,T63))),(((((((T116,T55),(T36,(T197,T139))),T66),(T17,T92)),(T34,T104)),T27),T195)),(T95,(T181,T11)))),(((((T177,T60),(((T175,(T46,T107)),T127),(T158,T182))),T101),T15),(T132,T57))),T0),T109),(((T130,T129),(((((T164,T196),((T90,T77),T10)),(T159,((T14,T137),(T53,T154)))),(T110,T29)),((((T80,T52),(T199,T100)),T128),((T126,T188),T81)))),T192)),(T35,(((((T32,((T166,T91),((T167,T5),T33))),(((T106,T4),T70),T140)),(T24,(T23,T68))),((((T7,T180),(T40,T58)),(T50,T73)),((T118,T30),T103))),(((T198,T114),T83),(T25,T135))))),T22),(T43,T18)),(T12,T108)),T146);
Guide Tree 0/27
#NNI moves:0/236
Guide Tree 1/27
#NNI moves:0/236
Guide Tree 2/27
#NNI moves:1/236
Guide Tree 3/27
#NNI moves:3/236
Guide Tree 4/27
#NNI moves:3/236
Guide Tree 5/27
#NNI moves:1/236
Guide Tree 6/27
#NNI moves:1/236
Guide Tree 7/27
#NNI moves:4/236
Guide Tree 8/27
#NNI moves:0/236
Guide Tree 9/27
#NNI moves:1/236
Guide Tree 10/27
#NNI moves:3/236
Guide Tree 11/27
#NNI moves:1/236
Guide Tree 12/27
#NNI moves:0/236
Guide Tree 13/27
#NNI moves:4/236
Guide Tree 14/27
#NNI moves:0/236
Guide Tree 15/27
#NNI moves:0/236
Guide Tree 16/27
#NNI moves:4/236
Guide Tree 17/27
#NNI moves:1/236
Guide Tree 18/27
#NNI moves:0/236
Guide Tree 19/27
#NNI moves:1/236
Guide Tree 20/27
#NNI moves:0/236
Guide Tree 21/27
#NNI moves:1/236
Guide Tree 22/27
#NNI moves:0/236
Guide Tree 23/27
#NNI moves:0/236
Guide Tree 24/27
#NNI moves:5/236
Guide Tree 25/27
#NNI moves:0/236
Guide Tree 26/27
#NNI moves:1/236
Remaining: 3
#NNI moves:21/236
#NNI moves:21/236
(((((((((((((((((((T147,T61),T78),T150),(((((T168,(T102,T144)),T21),T186),T171),(((T191,(T113,T3)),T87),T56))),((T72,T16),T121)),((T71,T62),(((T138,T82),((T67,T84),T170)),(((T45,T131),T49),T48)))),(T9,T112)),(((((((((((T152,T136),T163),(T54,T145)),T194),(T162,T111)),(((((T143,T122),T123),(T65,T86)),T38),(((T179,T42),(T184,T28)),T193))),((((T47,T169),T200),T79),((T173,T74),T119))),(T31,T174)),((((((T120,T1),T2),(T105,T37)),(T124,((T75,T76),T183))),(T20,(T125,T172))),(T6,T117))),((T26,(T153,T149)),T51)),((T19,T185),(((T151,T8),T134),T88)))),(((((T142,T176),T178),(T141,T190)),T161),(((T160,T69),(((T39,(T189,T94)),T98),T155)),(T93,T99)))),((((((((((T41,T156),T97),T59),(T96,T13)),T85),T157),((T187,(T115,(T148,T133))),T64)),((T165,T44),(T89,T63))),(((((((T55,T116),((T197,T139),T36)),T66),(T92,T17)),(T104,T34)),T27),T195)),(T95,(T181,T11)))),((T132,T57),((((T60,T177),(((T175,(T107,T46)),T127),(T182,T158))),T101),T15))),T0),T109),(T192,((((T128,((T199,T100),(T52,T80))),((T188,T126),T81)),(((((T77,T90),T10),(T196,T164)),(((T154,T53),(T14,T137)),T159)),(T29,T110))),(T130,T129)))),((((((((T106,T4),T70),T140),(((T166,T91),((T5,T167),T33)),T32)),(T24,(T68,T23))),((((T40,T58),(T180,T7)),(T73,T50)),((T118,T30),T103))),((T83,(T198,T114)),(T25,T135))),T35)),T22),(T43,T18)),(T108,T12)),T146);
Guide Tree 0/27
#NNI moves:3/236
Guide Tree 1/27
#NNI moves:4/236
Guide Tree 2/27
#NNI moves:3/236
Guide Tree 3/27
#NNI moves:0/236
Guide Tree 4/27
#NNI moves:0/236
Guide Tree 5/27
#NNI moves:3/236
Guide Tree 6/27
#NNI moves:3/236
Guide Tree 7/27
#NNI moves:2/236
Guide Tree 8/27
#NNI moves:0/236
Guide Tree 9/27
#NNI moves:5/236
Guide Tree 10/27
#NNI moves:4/236
Guide Tree 11/27
#NNI moves:3/236
Guide Tree 12/27
#NNI moves:0/236
Guide Tree 13/27
#NNI moves:4/236
Guide Tree 14/27
#NNI moves:3/236
Guide Tree 15/27
#NNI moves:0/236
Guide Tree 16/27
#NNI moves:0/236
Guide Tree 17/27
#NNI moves:1/236
Guide Tree 18/27
#NNI moves:3/236
Guide Tree 19/27
#NNI moves:3/236
Guide Tree 20/27
#NNI moves:4/236
Guide Tree 21/27
#NNI moves:0/236
Guide Tree 22/27
#NNI moves:3/236
Guide Tree 23/27
#NNI moves:4/236
Guide Tree 24/27
#NNI moves:3/236
Guide Tree 25/27
#NNI moves:3/236
Guide Tree 26/27
#NNI moves:0/236
Remaining: 0
#NNI moves:15/236
#NNI moves:15/236
(((((((((((((((((((((((T152,T136),T163),(T145,T54)),T194),(T111,T162)),((T193,((T179,T42),(T184,T28))),(((T86,T65),(T123,(T143,T122))),T38))),((((T47,T169),T200),T79),(T119,(T74,T173)))),(T174,T31)),((((((T1,T120),T2),(T105,T37)),((T183,(T76,T75)),T124)),((T125,T172),T20)),(T117,T6))),(T51,((T149,T153),T26))),((T185,T19),((T134,(T8,T151)),T88))),(((((((((T3,T113),T191),T87),T56),(((((T102,T144),T168),T21),T186),T171)),(((T61,T147),T78),T150)),(T121,(T16,T72))),(((((T45,T131),T49),T48),((T138,T82),((T84,T67),T170))),(T62,T71))),(T9,T112))),(((T93,T99),((T69,T160),(T155,((T39,(T94,T189)),T98)))),(T161,(((T176,T142),T178),(T190,T141))))),((((((((((T139,T197),T36),(T55,T116)),T66),(T17,T92)),(T34,T104)),T27),T195),((((((((T156,T41),T97),T59),(T13,T96)),T85),T157),((((T133,T148),T115),T187),T64)),((T165,T44),(T63,T89)))),(T95,(T11,T181)))),((T132,T57),(((((T158,T182),((T175,(T46,T107)),T127)),(T177,T60)),T101),T15))),T0),T109),(((((T29,T110),((((T154,T53),(T137,T14)),T159),(((T90,T77),T10),(T164,T196)))),((T128,((T199,T100),(T80,T52))),(T81,(T126,T188)))),(T129,T130)),T192)),(T35,(((((T73,T50),((T180,T7),(T58,T40))),(T103,(T30,T118))),(((((T91,T166),((T5,T167),T33)),T32),(((T106,T4),T70),T140)),(T24,(T23,T68)))),((T25,T135),(T83,(T198,T114)))))),T22),(T43,T18)),(T12,T108)),T146);
Initial score: 4.15089e+10
Initial tree: (((((((((((((((((((((((T152,T136),T163),(T145,T54)),T194),(T111,T162)),((T193,((T179,T42),(T184,T28))),(((T86,T65),(T123,(T143,T122))),T38))),((((T47,T169),T200),T79),(T119,(T74,T173)))),(T174,T31)),((((((T1,T120),T2),(T105,T37)),((T183,(T76,T75)),T124)),((T125,T172),T20)),(T117,T6))),(T51,((T149,T153),T26))),((T185,T19),((T134,(T8,T151)),T88))),(((((((((T3,T113),T191),T87),T56),(((((T102,T144),T168),T21),T186),T171)),(((T61,T147),T78),T150)),(T121,(T16,T72))),(((((T45,T131),T49),T48),((T138,T82),((T84,T67),T170))),(T62,T71))),(T9,T112))),(((T93,T99),((T69,T160),(T155,((T39,(T94,T189)),T98)))),(T161,(((T176,T142),T178),(T190,T141))))),((((((((((T139,T197),T36),(T55,T116)),T66),(T17,T92)),(T34,T104)),T27),T195),((((((((T156,T41),T97),T59),(T13,T96)),T85),T157),((((T133,T148),T115),T187),T64)),((T165,T44),(T63,T89)))),(T95,(T11,T181)))),((T132,T57),(((((T158,T182),((T175,(T46,T107)),T127)),(T177,T60)),T101),T15))),T0),T109),(((((T29,T110),((((T154,T53),(T137,T14)),T159),(((T90,T77),T10),(T164,T196)))),((T128,((T199,T100),(T80,T52))),(T81,(T126,T188)))),(T129,T130)),T192)),(T35,(((((T73,T50),((T180,T7),(T58,T40))),(T103,(T30,T118))),(((((T91,T166),((T5,T167),T33)),T32),(((T106,T4),T70),T140)),(T24,(T23,T68)))),((T25,T135),(T83,(T198,T114)))))),T22),(T43,T18)),(T12,T108)),T146);
*** Subsample Process ***
Use two-step algorithm!
#NNI moves:1/236
Remaining: 1
#NNI moves:10/236
#NNI moves:10/236
(((((((((((((((((((((((((T103,(T30,T118)),(((T180,T7),(T58,T40)),(T50,T73))),((((((T167,T5),T33),(T166,T91)),T32),(T140,((T106,T4),T70))),(T24,(T23,T68)))),((T83,(T114,T198)),(T135,T25))),T35),((((T12,T108),T146),(T43,T18)),T22)),((((((((T14,T137),(T53,T154)),T159),((T164,T196),((T77,T90),T10))),(T29,T110)),((T81,(T188,T126)),(T128,((T52,T80),(T100,T199))))),(T130,T129)),T192)),T109),T0),((T15,((((T182,T158),(T127,((T46,T107),T175))),(T60,T177)),T101)),(T57,T132))),(((((((((T97,(T156,T41)),T59),(T13,T96)),T85),T157),((((T133,T148),T115),T187),T64)),((T44,T165),(T63,T89))),((((((((T139,T197),T36),(T55,T116)),T66),(T17,T92)),(T34,T104)),T27),T195)),(T95,(T11,T181)))),((((((T39,(T94,T189)),T98),T155),(T160,T69)),(T93,T99)),(T161,((T190,T141),(T178,(T142,T176)))))),((((((T56,(((T3,T113),T191),T87)),((((T168,(T102,T144)),T21),T186),T171)),(((T61,T147),T78),T150)),((T16,T72),T121)),((((T138,T82),((T67,T84),T170)),(((T45,T131),T49),T48)),(T71,T62))),(T9,T112))),(((T134,(T8,T151)),T88),(T185,T19))),(T51,((T153,T149),T26))),((((((T76,T75),T183),T124),((T37,T105),((T120,T1),T2))),(T20,(T172,T125))),(T117,T6))),(T174,T31)),((((T169,T47),T200),T79),((T173,T74),T119))),((((T184,T28),(T179,T42)),T193),((((T143,T122),T123),(T65,T86)),T38))),(T111,T162)),T194),(T54,T145)),T163),T152),T136);
#NNI moves:0/236
Remaining: 1
#NNI moves:22/236
#NNI moves:22/236
((((((((((((((((T178,(T142,T176)),(T141,T190)),T161),((((((T189,T94),T39),T98),T155),(T160,T69)),(T93,T99))),(((((((((((T28,T184),(T42,T179)),T193),(((T86,T65),((T122,T143),T123)),T38)),((T162,T111),(((T54,T145),((T152,T136),T163)),T194))),(((T200,(T169,T47)),T79),((T173,T74),T119))),(T174,T31)),(((((T183,(T76,T75)),T124),((T2,(T1,T120)),(T105,T37))),(T20,(T172,T125))),(T117,T6))),(((T149,T153),T26),T51)),(((T134,(T151,T8)),T88),(T19,T185))),(((((((((T113,T3),T191),T87),T56),(T171,(T186,(T21,((T144,T102),T168))))),(((T61,T147),T78),T150)),((T72,T16),T121)),(((((T84,T67),T170),(T82,T138)),((T49,(T131,T45)),T48)),(T71,T62))),(T9,T112)))),(((((((T66,(((T139,T197),T36),(T55,T116))),(T92,T17)),(T34,T104)),T27),T195),(((T44,T165),(T89,T63)),((T64,(((T148,T133),T115),T187)),((((T13,T96),((T97,(T41,T156)),T59)),T85),T157)))),((T181,T11),T95))),((((((T127,((T46,T107),T175)),(T182,T158)),(T177,T60)),T101),T15),(T132,T57))),T0),T109),((((((((T53,T154),(T14,T137)),T159),((T196,T164),(T10,(T90,T77)))),(T110,T29)),((T81,(T188,T126)),(((T80,T52),(T100,T199)),T128))),(T130,T129)),T192)),(((((((T40,T58),(T180,T7)),(T73,T50)),((T30,T118),T103)),(((T68,T23),T24),((((T106,T4),T70),T140),(((T166,T91),((T167,T5),T33)),T32)))),((T83,(T114,T198)),(T25,T135))),T35)),T22),(T43,T18)),T146),T108),T12);
#NNI moves:2/236
Remaining: 1
#NNI moves:17/236
#NNI moves:17/236
((((((((((((((((T3,T113),T191),T87),T56),(((((T102,T144),T168),T21),T186),T171)),(((T147,T61),T78),T150)),((T72,T16),T121)),(((((T67,T84),T170),(T82,T138)),(T48,(T49,(T45,T131)))),(T71,T62))),(T9,T112)),(((((((((((T143,T122),T123),(T86,T65)),T38),(((T28,T184),(T179,T42)),T193)),((T111,T162),(((T163,(T152,T136)),(T145,T54)),T194))),(((T200,(T47,T169)),T79),(T119,(T173,T74)))),(T31,T174)),((((((T76,T75),T183),T124),((T2,(T120,T1)),(T105,T37))),((T125,T172),T20)),(T6,T117))),((T26,(T153,T149)),T51)),((T88,(T134,(T151,T8))),(T19,T185)))),((((((((((((((T33,(T5,T167)),(T91,T166)),T32),(((T106,T4),T70),T140)),((T23,T68),T24)),(((T118,T30),T103),(((T40,T58),(T7,T180)),(T50,T73)))),(((T198,T114),T83),(T135,T25))),T35),((((T108,T12),T146),(T43,T18)),T22)),(((((((T52,T80),(T100,T199)),T128),((T188,T126),T81)),(((((T14,T137),(T53,T154)),T159),((T164,T196),((T77,T90),T10))),(T29,T110))),(T130,T129)),T192)),T109),T0),((((((T158,T182),(((T107,T46),T175),T127)),(T177,T60)),T101),T15),(T132,T57))),(((((((((T116,T55),(T36,(T197,T139))),T66),(T17,T92)),(T34,T104)),T27),T195),((((((T13,T96),(T59,((T41,T156),T97))),T85),T157),((((T133,T148),T115),T187),T64)),((T44,T165),(T89,T63)))),(T95,(T181,T11))))),(((T155,((T39,(T189,T94)),T98)),(T69,T160)),(T99,T93))),T161),((T142,T176),T178)),T141),T190);
#NNI moves:1/236
Remaining: 1
#NNI moves:11/236
#NNI moves:11/236
((((((((((((((((((((((T3,T113),T191),T87),T56),(((((T102,T144),T168),T21),T186),T171)),(T150,((T61,T147),T78))),((T72,T16),T121)),(((((T84,T67),T170),(T138,T82)),(((T131,T45),T49),T48)),(T62,T71))),(T9,T112)),((((((((T111,T162),((((T152,T136),T163),(T54,T145)),T194)),(((((T122,T143),T123),(T86,T65)),T38),(((T184,T28),(T42,T179)),T193))),((T79,((T169,T47),T200)),((T173,T74),T119))),(T174,T31)),(((T20,(T172,T125)),(((T183,(T75,T76)),T124),((T37,T105),((T1,T120),T2)))),(T117,T6))),(((T149,T153),T26),T51)),((((T151,T8),T134),T88),(T185,T19)))),(((T99,T93),(((((T94,T189),T39),T98),T155),(T160,T69))),(((T178,(T142,T176)),(T141,T190)),T161))),((((((((((T156,T41),T97),T59),(T13,T96)),T85),T157),((T187,((T133,T148),T115)),T64)),((T165,T44),(T63,T89))),(((((T92,T17),((((T197,T139),T36),(T55,T116)),T66)),(T34,T104)),T27),T195)),((T181,T11),T95))),(((((T60,T177),(((T175,(T107,T46)),T127),(T158,T182))),T101),T15),(T132,T57))),T0),T109),((((((((T90,T77),T10),(T196,T164)),(((T154,T53),(T137,T14)),T159)),(T110,T29)),(((T126,T188),T81),(T128,((T52,T80),(T100,T199))))),(T130,T129)),T192)),(T35,(((((((T106,T4),T70),T140),(((T91,T166),((T5,T167),T33)),T32)),((T23,T68),T24)),((((T7,T180),(T40,T58)),(T50,T73)),(T103,(T118,T30)))),((T135,T25),(T83,(T114,T198)))))),T22),(T43,T18)),T146),T108),T12);
Current score: 4.15089e+10
Current tree: (((((((((((((((((((((T3,T113),T191),T87),T56),(((((T102,T144),T168),T21),T186),T171)),(T150,((T61,T147),T78))),((T72,T16),T121)),(((((T84,T67),T170),(T138,T82)),(((T131,T45),T49),T48)),(T62,T71))),(T9,T112)),((((((((T111,T162),((((T152,T136),T163),(T54,T145)),T194)),(((((T122,T143),T123),(T86,T65)),T38),(((T184,T28),(T42,T179)),T193))),((T79,((T169,T47),T200)),((T173,T74),T119))),(T174,T31)),(((T20,(T172,T125)),(((T183,(T75,T76)),T124),((T37,T105),((T1,T120),T2)))),(T117,T6))),(((T149,T153),T26),T51)),((((T151,T8),T134),T88),(T185,T19)))),(((T99,T93),(((((T94,T189),T39),T98),T155),(T160,T69))),(((T178,(T142,T176)),(T141,T190)),T161))),((((((((((T156,T41),T97),T59),(T13,T96)),T85),T157),((T187,((T133,T148),T115)),T64)),((T165,T44),(T63,T89))),(((((T92,T17),((((T197,T139),T36),(T55,T116)),T66)),(T34,T104)),T27),T195)),((T181,T11),T95))),(((((T60,T177),(((T175,(T107,T46)),T127),(T158,T182))),T101),T15),(T132,T57))),T0),T109),((((((((T90,T77),T10),(T196,T164)),(((T154,T53),(T137,T14)),T159)),(T110,T29)),(((T126,T188),T81),(T128,((T52,T80),(T100,T199))))),(T130,T129)),T192)),(T35,(((((((T106,T4),T70),T140),(((T91,T166),((T5,T167),T33)),T32)),((T23,T68),T24)),((((T7,T180),(T40,T58)),(T50,T73)),(T103,(T118,T30)))),((T135,T25),(T83,(T114,T198)))))),T22),(T43,T18)),(T108,T12)),T146);
Use two-step algorithm!
#NNI moves:2/236
Remaining: 0
#NNI moves:20/236
#NNI moves:20/236
((((((((((((((((((((((((T159,((T53,T154),(T137,T14))),((T164,T196),(T10,(T90,T77)))),(T29,T110)),((((T199,T100),(T80,T52)),T128),(T81,(T188,T126)))),(T130,T129)),T192),((((T18,T43),((T108,T12),T146)),T22),((((((T30,T118),T103),(((T58,T40),(T180,T7)),(T73,T50))),(((((T166,T91),(T33,(T5,T167))),T32),(T140,(T70,(T4,T106)))),((T68,T23),T24))),((T135,T25),((T198,T114),T83))),T35))),T109),T0),((((((((T46,T107),T175),T127),(T182,T158)),(T60,T177)),T101),T15),(T57,T132))),((((((((T59,((T156,T41),T97)),(T96,T13)),T85),T157),(T64,(T187,((T133,T148),T115)))),((T63,T89),(T165,T44))),(T195,((((((T116,T55),((T197,T139),T36)),T66),(T17,T92)),(T34,T104)),T27))),((T181,T11),T95))),(((((T142,T176),T178),(T141,T190)),T161),((T99,T93),((T155,(((T189,T94),T39),T98)),(T160,T69))))),(((((((((T47,T169),T200),T79),(T119,(T74,T173))),(((((T123,(T143,T122)),(T65,T86)),T38),(((T28,T184),(T42,T179)),T193)),((((T54,T145),((T152,T136),T163)),T194),(T162,T111)))),(T31,T174)),(((((T105,T37),((T120,T1),T2)),(((T75,T76),T183),T124)),((T125,T172),T20)),(T6,T117))),(((T153,T149),T26),T51)),((((T8,T151),T134),T88),(T19,T185)))),(T9,T112)),(((((T67,T84),T170),(T138,T82)),((T49,(T131,T45)),T48)),(T71,T62))),(T121,(T16,T72))),(((T147,T61),T78),T150)),((((T3,T113),T191),T87),T56)),T171),T186),T21),T168),T102),T144);
#NNI moves:3/236
Remaining: 0
#NNI moves:20/236
#NNI moves:20/236
((((((((((((((((((T74,T173),T119),(((T169,T47),T200),T79)),((((((T54,(T152,T136)),T163),T145),T194),(T111,T162)),((((T28,T184),(T42,T179)),T193),(((T86,T65),((T143,T122),T123)),T38)))),(T31,T174)),((((((T120,T1),T2),(T105,T37)),(T124,((T76,T75),T183))),((T125,T172),T20)),(T117,T6))),(T51,((T149,T153),T26))),(((T134,(T8,T151)),T88),(T19,T185))),((((((T49,(T45,T131)),T48),((T138,T82),(T170,(T67,T84)))),(T71,T62)),((((T171,((T21,((T144,T102),T168)),T186)),(((T191,(T3,T113)),T87),T56)),(((T61,T147),T78),T150)),(T121,(T16,T72)))),(T9,T112))),(((((((T94,T189),T39),T98),T155),(T69,T160)),(T99,T93)),((((T176,T142),T178),(T190,T141)),T161))),((((((((((T41,T156),T97),T59),(T13,T96)),T85),T157),(T64,(((T148,T133),T115),T187))),((T44,T165),(T89,T63))),(((((((T55,T116),((T139,T197),T36)),T66),(T17,T92)),(T34,T104)),T27),T195)),((T181,T11),T95))),((T132,T57),((((((T175,(T107,T46)),T127),(T182,T158)),(T60,T177)),T101),T15))),T0),T109),((((((T159,((T137,T14),(T154,T53))),(((T77,T90),T10),(T196,T164))),(T29,T110)),((T128,((T100,T199),(T52,T80))),((T126,T188),T81))),(T129,T130)),T192)),(T35,(((((T68,T23),T24),((((T33,(T167,T5)),(T91,T166)),T32),(T140,(T70,(T4,T106))))),((((T180,T7),(T58,T40)),(T50,T73)),((T118,T30),T103))),(((T198,T114),T83),(T25,T135))))),(((T12,T108),T146),(T18,T43))),T22);
#NNI moves:1/236
Remaining: 1
#NNI moves:19/236
#NNI moves:19/236
(((((((((((((((((((T147,T61),T78),T150),(((((T144,T21),(T168,T102)),T186),T171),((T87,(T191,(T113,T3))),T56))),((T72,T16),T121)),((T71,T62),((((T45,T131),T49),T48),(((T67,T84),T170),(T82,T138))))),(T112,T9)),((((((((T111,T162),((((T152,T136),T163),(T54,T145)),T194)),((((T28,T184),(T179,T42)),T193),(T38,(((T122,T143),T123),(T86,T65))))),(((T173,T74),T119),(((T47,T169),T200),T79))),(T174,T31)),(((((T37,T105),(T2,(T1,T120))),(((T76,T75),T183),T124)),(T20,(T125,T172))),(T117,T6))),(((T153,T149),T26),T51)),((T88,(T134,(T8,T151))),(T19,T185)))),((((T155,(((T94,T189),T39),T98)),(T160,T69)),(T99,T93)),((((T176,T142),T178),(T141,T190)),T161))),(((((T63,T89),(T165,T44)),(((((T59,((T41,T156),T97)),(T96,T13)),T85),T157),((T187,((T148,T133),T115)),T64))),((((((((T139,T197),T36),(T55,T116)),T66),(T92,T17)),(T34,T104)),T27),T195)),((T181,T11),T95))),((((((((T107,T46),T175),T127),(T182,T158)),(T177,T60)),T101),T15),(T57,T132))),T0),T109),(((((((T80,T52),(T199,T100)),T128),(T81,(T188,T126))),(((((T137,T14),(T154,T53)),T159),((T196,T164),((T90,T77),T10))),(T29,T110))),(T130,T129)),T192)),(((((((T180,T7),(T58,T40)),(T50,T73)),((T118,T30),T103)),(((T23,T68),T24),((((T106,T4),T70),T140),((((T167,T5),T33),(T91,T166)),T32)))),((T25,T135),((T114,T198),T83))),T35)),T22),(T146,(T12,T108))),T18),T43);
#NNI moves:5/236
Remaining: 0
#NNI moves:19/236
#NNI moves:19/236
(((((((((((((((((((((((T199,T100),(T52,T80)),T128),(T81,(T188,T126))),((((T10,(T90,T77)),(T196,T164)),(((T53,T154),(T14,T137)),T159)),(T110,T29))),(T129,T130)),T192),(((((((((T33,(T5,T167)),(T166,T91)),T32),(T140,(T70,(T4,T106)))),((T68,T23),T24)),(((T118,T30),T103),(((T7,T180),(T58,T40)),(T50,T73)))),(((T114,T198),T83),(T25,T135))),T35),(((T43,T18),(T146,(T108,T12))),T22))),T109),T0),((((((((T46,T107),T175),T127),(T182,T158)),(T177,T60)),T101),T15),(T57,T132))),((((((((T133,T148),T115),T187),T64),((((T96,T13),(((T156,T41),T97),T59)),T85),T157)),((T63,T89),(T44,T165))),((((T104,T34),((T17,T92),((((T197,T139),T36),(T55,T116)),T66))),T27),T195)),(T95,(T181,T11)))),(((((((T189,T94),T39),T98),T155),(T69,T160)),(T93,T99)),(((T178,(T142,T176)),(T141,T190)),T161))),((((((((T162,T111),(((T145,T54),((T136,T152),T163)),T194)),((T38,((T123,(T122,T143)),(T86,T65))),(((T42,T179),(T184,T28)),T193))),(((T74,T173),T119),(((T169,T47),T200),T79))),(T31,T174)),((((T124,(T183,(T75,T76))),((T37,T105),(T2,(T1,T120)))),(T20,(T172,T125))),(T6,T117))),(((T153,T149),T26),T51)),((T88,((T151,T8),T134)),(T185,T19)))),(T9,T112)),(((T48,(T49,(T131,T45))),(((T67,T84),T170),(T82,T138))),(T62,T71))),((T16,T72),T121)),(T150,((T61,T147),T78))),(T56,(((T3,T113),T191),T87))),T171),T186),((T102,T144),T168)),T21);
Current score: 4.15089e+10
Current tree: (((T108,T12),((T43,T18),(T22,(((((((((T33,(T5,T167)),(T166,T91)),T32),(T140,(T70,(T4,T106)))),((T68,T23),T24)),(((T118,T30),T103),(((T7,T180),(T58,T40)),(T50,T73)))),(((T114,T198),T83),(T25,T135))),T35),((((((((T199,T100),(T52,T80)),T128),(T81,(T188,T126))),((((T10,(T90,T77)),(T196,T164)),(((T53,T154),(T14,T137)),T159)),(T110,T29))),(T129,T130)),T192),(T109,(T0,(((((((((T46,T107),T175),T127),(T182,T158)),(T177,T60)),T101),T15),(T57,T132)),(((((((((T133,T148),T115),T187),T64),((((T96,T13),(((T156,T41),T97),T59)),T85),T157)),((T63,T89),(T44,T165))),((((T104,T34),((T17,T92),((((T197,T139),T36),(T55,T116)),T66))),T27),T195)),(T95,(T181,T11))),((((((((T189,T94),T39),T98),T155),(T69,T160)),(T93,T99)),(((T178,(T142,T176)),(T141,T190)),T161)),(((((((((T162,T111),(((T145,T54),((T136,T152),T163)),T194)),((T38,((T123,(T122,T143)),(T86,T65))),(((T42,T179),(T184,T28)),T193))),(((T74,T173),T119),(((T169,T47),T200),T79))),(T31,T174)),((((T124,(T183,(T75,T76))),((T37,T105),(T2,(T1,T120)))),(T20,(T172,T125))),(T6,T117))),(((T153,T149),T26),T51)),((T88,((T151,T8),T134)),(T185,T19))),((T9,T112),((((T48,(T49,(T131,T45))),(((T67,T84),T170),(T82,T138))),(T62,T71)),(((T16,T72),T121),((T150,((T61,T147),T78)),((T56,(((T3,T113),T191),T87)),(T171,(T186,(((T102,T144),T168),T21))))))))))))))))))),T146);
Final Tree: (((T108,T12),((T43,T18),(T22,(((((((((T33,(T5,T167)),(T166,T91)),T32),(T140,(T70,(T4,T106)))),((T68,T23),T24)),(((T118,T30),T103),(((T7,T180),(T58,T40)),(T50,T73)))),(((T114,T198),T83),(T25,T135))),T35),((((((((T199,T100),(T52,T80)),T128),(T81,(T188,T126))),((((T10,(T90,T77)),(T196,T164)),(((T53,T154),(T14,T137)),T159)),(T110,T29))),(T129,T130)),T192),(T109,(T0,(((((((((T46,T107),T175),T127),(T182,T158)),(T177,T60)),T101),T15),(T57,T132)),(((((((((T133,T148),T115),T187),T64),((((T96,T13),(((T156,T41),T97),T59)),T85),T157)),((T63,T89),(T44,T165))),((((T104,T34),((T17,T92),((((T197,T139),T36),(T55,T116)),T66))),T27),T195)),(T95,(T181,T11))),((((((((T189,T94),T39),T98),T155),(T69,T160)),(T93,T99)),(((T178,(T142,T176)),(T141,T190)),T161)),(((((((((T162,T111),(((T145,T54),((T136,T152),T163)),T194)),((T38,((T123,(T122,T143)),(T86,T65))),(((T42,T179),(T184,T28)),T193))),(((T74,T173),T119),(((T169,T47),T200),T79))),(T31,T174)),((((T124,(T183,(T75,T76))),((T37,T105),(T2,(T1,T120)))),(T20,(T172,T125))),(T6,T117))),(((T153,T149),T26),T51)),((T88,((T151,T8),T134)),(T185,T19))),((T9,T112),((((T48,(T49,(T131,T45))),(((T67,T84),T170),(T82,T138))),(T62,T71)),(((T16,T72),T121),((T150,((T61,T147),T78)),((T56,(((T3,T113),T191),T87)),(T171,(T186,(((T102,T144),T168),T21))))))))))))))))))),T146);
Score: 4.150894751e+10

real	1m41.698s
user	39m10.634s
sys	0m18.657s
