Weighted ASTRAL - Hybrid
Version: v1.13.2.3
#Genetrees: 2000
#Species: 201
#Rounds: 4
#Samples: 4
#Threads: 32
Use two-step algorithm!
Guide Tree 0/27
#NNI moves:3/236
Guide Tree 1/27
#NNI moves:3/236
Guide Tree 2/27
#NNI moves:1/236
Guide Tree 3/27
#NNI moves:1/236
Guide Tree 4/27
#NNI moves:3/236
Guide Tree 5/27
#NNI moves:1/236
Guide Tree 6/27
#NNI moves:1/236
Guide Tree 7/27
#NNI moves:1/236
Guide Tree 8/27
#NNI moves:1/236
Guide Tree 9/27
#NNI moves:0/236
Guide Tree 10/27
#NNI moves:1/236
Guide Tree 11/27
#NNI moves:2/236
Guide Tree 12/27
#NNI moves:1/236
Guide Tree 13/27
#NNI moves:0/236
Guide Tree 14/27
#NNI moves:5/236
Guide Tree 15/27
#NNI moves:1/236
Guide Tree 16/27
#NNI moves:3/236
Guide Tree 17/27
#NNI moves:0/236
Guide Tree 18/27
#NNI moves:3/236
Guide Tree 19/27
#NNI moves:3/236
Guide Tree 20/27
#NNI moves:6/236
Guide Tree 21/27
#NNI moves:4/236
Guide Tree 22/27
#NNI moves:3/236
Guide Tree 23/27
#NNI moves:4/236
Guide Tree 24/27
#NNI moves:1/236
Guide Tree 25/27
#NNI moves:3/236
Guide Tree 26/27
#NNI moves:4/236
Remaining: 3
#NNI moves:30/236
#NNI moves:30/236
((((((((((((T169,((T133,T118),T137)),T193),((T128,T122),T10)),(T93,(T159,T127))),(((((((T105,(T30,T191)),T51),((T162,T90),(T165,T2))),((T88,T11),T170)),(((((T171,T156),T33),((T184,T22),T189)),T112),T29)),T173),(T181,T166))),((((T97,(T153,(T123,T18))),(T62,T110)),(((((T47,T58),T32),T188),T82),T183)),((T132,T69),((T43,T81),T145)))),(((T5,(T6,T40)),((T55,T75),(T160,T134))),(T155,T176))),(((((T192,T41),T68),T141),((T36,T138),T24)),((T26,((T125,(T4,T46)),T61)),(T109,(T95,T199))))),(((((((T54,T168),(T73,T28)),((((T83,T102),(T72,T100)),((T167,T126),T135)),((T144,T45),T107))),(T178,T31)),(((((T149,T161),T142),(T44,T197)),T177),((T180,(T99,T120)),T151))),(T64,T3)),((((T86,T21),((T157,T49),T179)),T17),T85))),(((((((((((((T103,T80),T190),(T13,T106)),(T146,T194)),(T78,T60)),((T19,(T94,T7)),T117)),((T16,T163),T87)),(T96,T39)),((T139,T140),T59)),((T52,((T130,T42),T76)),(((T195,T14),T101),((T164,T111),T27)))),T129),((T84,T56),(T114,((T70,T34),T50)))),T0)),((((T12,T9),((T143,(T187,T35)),T74)),((((((T108,T1),T121),((T53,T116),T37)),((((T119,T23),T77),T15),T148)),((T79,((T25,T89),T136)),(((((T124,T198),T175),T71),T92),(((((T63,T196),T8),(T91,T104)),(T174,T158)),(T200,T66))))),(T57,(T98,T113)))),((((T65,T186),T185),((T20,T115),T147)),((T131,T152),((((T150,(T172,T154)),T182),T38),T67))))),T48);
Guide Tree 0/27
#NNI moves:3/236
Guide Tree 1/27
#NNI moves:4/236
Guide Tree 2/27
#NNI moves:4/236
Guide Tree 3/27
#NNI moves:5/236
Guide Tree 4/27
#NNI moves:1/236
Guide Tree 5/27
#NNI moves:0/236
Guide Tree 6/27
#NNI moves:2/236
Guide Tree 7/27
#NNI moves:2/236
Guide Tree 8/27
#NNI moves:2/236
Guide Tree 9/27
#NNI moves:3/236
Guide Tree 10/27
#NNI moves:0/236
Guide Tree 11/27
#NNI moves:5/236
Guide Tree 12/27
#NNI moves:1/236
Guide Tree 13/27
#NNI moves:4/236
Guide Tree 14/27
#NNI moves:4/236
Guide Tree 15/27
#NNI moves:1/236
Guide Tree 16/27
#NNI moves:3/236
Guide Tree 17/27
#NNI moves:10/236
Guide Tree 18/27
#NNI moves:6/236
Guide Tree 19/27
#NNI moves:1/236
Guide Tree 20/27
#NNI moves:3/236
Guide Tree 21/27
#NNI moves:9/236
Guide Tree 22/27
#NNI moves:4/236
Guide Tree 23/27
#NNI moves:0/236
Guide Tree 24/27
#NNI moves:3/236
Guide Tree 25/27
#NNI moves:1/236
Guide Tree 26/27
#NNI moves:5/236
Remaining: 1
#NNI moves:14/236
#NNI moves:16/236
((((((((((((((T133,T118),T137),T169),T193),(T10,(T128,T122))),((T159,T127),T93)),(((((((T189,(T22,T184)),(T33,(T156,T171))),T112),T29),(((((T191,T30),T105),T51),((T165,T2),(T90,T162))),((T88,T11),T170))),T173),(T166,T181))),(((((T153,(T18,T123)),T97),(T62,T110)),(T183,((((T58,T47),T32),T188),T82))),((T145,(T43,T81)),(T132,T69)))),((((T55,T75),(T134,T160)),(T5,(T40,T6))),(T176,T155))),((((T138,T36),T24),(((T192,T41),T68),T141)),(((T61,((T4,T46),T125)),T26),((T95,T199),T109)))),(((((T21,T86),((T49,T157),T179)),T17),T85),(((((((T144,T45),T107),(((T102,T83),(T72,T100)),((T126,T167),T135))),((T28,T73),(T168,T54))),(T31,T178)),(((T180,(T120,T99)),T151),(((T197,T44),((T149,T161),T142)),T177))),(T64,T3)))),(((((((((((T194,T146),((T13,T106),((T80,T103),T190))),(T60,T78)),(((T7,T94),T19),T117)),(T87,(T16,T163))),(T39,T96)),((T139,T140),T59)),((T52,(T76,(T42,T130))),((T27,(T164,T111)),((T195,T14),T101)))),T129),(((T50,(T70,T34)),T114),(T56,T84))),T0)),((((((((T53,T116),T37),((T108,T1),T121)),(((T77,(T119,T23)),T15),T148)),(((((((T196,T63),T8),(T104,T91)),(T174,T158)),(T66,T200)),((T92,(T71,((T198,T124),T175))),T79)),((T89,T25),T136))),((T98,T113),T57)),((((T35,T187),T143),T74),(T12,T9))),(((T131,T152),(((((T154,T172),T150),T182),T38),T67)),((T185,(T186,T65)),((T20,T115),T147))))),T48);
Guide Tree 0/27
#NNI moves:1/236
Guide Tree 1/27
#NNI moves:2/236
Guide Tree 2/27
#NNI moves:4/236
Guide Tree 3/27
#NNI moves:2/236
Guide Tree 4/27
#NNI moves:0/236
Guide Tree 5/27
#NNI moves:3/236
Guide Tree 6/27
#NNI moves:0/236
Guide Tree 7/27
#NNI moves:1/236
Guide Tree 8/27
#NNI moves:0/236
Guide Tree 9/27
#NNI moves:0/236
Guide Tree 10/27
#NNI moves:2/236
Guide Tree 11/27
#NNI moves:0/236
Guide Tree 12/27
#NNI moves:1/236
Guide Tree 13/27
#NNI moves:3/236
Guide Tree 14/27
#NNI moves:3/236
Guide Tree 15/27
#NNI moves:1/236
Guide Tree 16/27
#NNI moves:1/236
Guide Tree 17/27
#NNI moves:0/236
Guide Tree 18/27
#NNI moves:1/236
Guide Tree 19/27
#NNI moves:6/236
Guide Tree 20/27
#NNI moves:2/236
Guide Tree 21/27
#NNI moves:2/236
Guide Tree 22/27
#NNI moves:0/236
Guide Tree 23/27
#NNI moves:0/236
Guide Tree 24/27
#NNI moves:1/236
Guide Tree 25/27
#NNI moves:2/236
Guide Tree 26/27
#NNI moves:2/236
Remaining: 3
#NNI moves:43/236
#NNI moves:44/236
((((((((((((((((T184,T22),T189),((T156,T171),T33)),T112),T29),((((T105,(T191,T30)),T51),((T90,T162),(T165,T2))),((T11,T88),T170))),T173),(T181,T166)),((((T122,T128),T10),(((T137,(T133,T118)),T169),T193)),((T127,T159),T93))),(((T183,(((T32,(T47,T58)),T188),T82)),((T110,T62),(((T18,T123),T153),T97))),(((T81,T43),T145),(T132,T69)))),((((T75,T55),(T160,T134)),((T6,T40),T5)),(T176,T155))),(((((T41,T192),T68),T141),((T138,T36),T24)),((((T125,(T46,T4)),T61),T26),(T109,(T199,T95))))),(((((((((T100,T72),(T102,T83)),(T135,(T126,T167))),(T107,(T144,T45))),((T168,T54),(T73,T28))),(T178,T31)),(((T180,(T120,T99)),T151),((((T149,T161),T142),(T44,T197)),T177))),(T3,T64)),((T17,((T86,T21),((T49,T157),T179))),T85))),(((((((((((((T103,T80),T190),(T13,T106)),(T194,T146)),(T78,T60)),(T117,(T19,(T94,T7)))),(T87,(T163,T16))),(T96,T39)),((T139,T140),T59)),((((T42,T130),T76),T52),(((T14,T195),T101),((T164,T111),T27)))),T129),((T114,((T70,T34),T50)),(T56,T84))),T0)),(((((((((T136,(T25,T89)),(T71,((T124,T198),T175))),T79),T92),(((T174,T158),(((T196,T63),T8),(T91,T104))),(T66,T200))),((((T77,(T119,T23)),T15),T148),(((T1,T108),T121),((T116,T53),T37)))),(T57,(T113,T98))),((((T35,T187),T143),T74),(T9,T12))),((((((T150,(T172,T154)),T182),T38),T67),(T152,T131)),((T185,(T65,T186)),((T115,T20),T147))))),T48);
Guide Tree 0/27
#NNI moves:1/236
Guide Tree 1/27
#NNI moves:5/236
Guide Tree 2/27
#NNI moves:1/236
Guide Tree 3/27
#NNI moves:1/236
Guide Tree 4/27
#NNI moves:5/236
Guide Tree 5/27
#NNI moves:3/236
Guide Tree 6/27
#NNI moves:4/236
Guide Tree 7/27
#NNI moves:0/236
Guide Tree 8/27
#NNI moves:0/236
Guide Tree 9/27
#NNI moves:2/236
Guide Tree 10/27
#NNI moves:4/236
Guide Tree 11/27
#NNI moves:1/236
Guide Tree 12/27
#NNI moves:1/236
Guide Tree 13/27
#NNI moves:0/236
Guide Tree 14/27
#NNI moves:1/236
Guide Tree 15/27
#NNI moves:2/236
Guide Tree 16/27
#NNI moves:1/236
Guide Tree 17/27
#NNI moves:4/236
Guide Tree 18/27
#NNI moves:4/236
Guide Tree 19/27
#NNI moves:0/236
Guide Tree 20/27
#NNI moves:0/236
Guide Tree 21/27
#NNI moves:1/236
Guide Tree 22/27
#NNI moves:0/236
Guide Tree 23/27
#NNI moves:4/236
Guide Tree 24/27
#NNI moves:1/236
Guide Tree 25/27
#NNI moves:0/236
Guide Tree 26/27
#NNI moves:2/236
Remaining: 1
#NNI moves:41/236
#NNI moves:42/236
(((((((((((((T137,(T118,T133)),T169),T193),((T122,T128),T10)),((T127,T159),T93)),(((((((T189,(T184,T22)),((T171,T156),T33)),T112),T29),(((T88,T11),T170),((((T191,T30),T105),T51),((T162,T90),(T165,T2))))),T173),(T181,T166))),((((T82,((T32,(T47,T58)),T188)),T183),((T110,T62),(((T123,T18),T153),T97))),((T145,(T43,T81)),(T69,T132)))),((T176,T155),((T5,(T40,T6)),((T160,T134),(T75,T55))))),((((((T4,T46),T125),T61),T26),((T95,T199),T109)),(((T138,T36),T24),((T68,(T41,T192)),T141)))),((((((((T149,T161),T142),(T197,T44)),T177),(((T120,T99),T180),T151)),((((T168,T54),(T73,T28)),((((T83,T102),(T72,T100)),(T135,(T126,T167))),((T144,T45),T107))),(T31,T178))),(T64,T3)),((T17,((T179,(T49,T157)),(T86,T21))),T85))),(((((((((T117,(T19,(T7,T94))),((((T190,(T80,T103)),(T106,T13)),(T146,T194)),(T60,T78))),(T87,(T163,T16))),(T39,T96)),((T139,T140),T59)),((((T130,T42),T76),T52),(((T195,T14),T101),((T164,T111),T27)))),T129),((T84,T56),(T114,((T34,T70),T50)))),T0)),((((T152,T131),((((T150,(T154,T172)),T182),T38),T67)),(((T115,T20),T147),(T185,(T186,T65)))),(((((T35,T187),T143),T74),(T12,T9)),((((T136,(T25,T89)),(((((T91,T104),((T196,T63),T8)),(T174,T158)),(T66,T200)),(((((T198,T124),T175),T71),T92),T79))),((T148,((T77,(T23,T119)),T15)),((T121,(T1,T108)),(T37,(T116,T53))))),(T57,(T98,T113)))))),T48);
Initial score: 4.20734e+10
Initial tree: (((((((((((((T137,(T118,T133)),T169),T193),((T122,T128),T10)),((T127,T159),T93)),(((((((T189,(T184,T22)),((T171,T156),T33)),T112),T29),(((T88,T11),T170),((((T191,T30),T105),T51),((T162,T90),(T165,T2))))),T173),(T181,T166))),((((T82,((T32,(T47,T58)),T188)),T183),((T110,T62),(((T123,T18),T153),T97))),((T145,(T43,T81)),(T69,T132)))),((T176,T155),((T5,(T40,T6)),((T160,T134),(T75,T55))))),((((((T4,T46),T125),T61),T26),((T95,T199),T109)),(((T138,T36),T24),((T68,(T41,T192)),T141)))),((((((((T149,T161),T142),(T197,T44)),T177),(((T120,T99),T180),T151)),((((T168,T54),(T73,T28)),((((T83,T102),(T72,T100)),(T135,(T126,T167))),((T144,T45),T107))),(T31,T178))),(T64,T3)),((T17,((T179,(T49,T157)),(T86,T21))),T85))),(((((((((T117,(T19,(T7,T94))),((((T190,(T80,T103)),(T106,T13)),(T146,T194)),(T60,T78))),(T87,(T163,T16))),(T39,T96)),((T139,T140),T59)),((((T130,T42),T76),T52),(((T195,T14),T101),((T164,T111),T27)))),T129),((T84,T56),(T114,((T34,T70),T50)))),T0)),((((T152,T131),((((T150,(T154,T172)),T182),T38),T67)),(((T115,T20),T147),(T185,(T186,T65)))),(((((T35,T187),T143),T74),(T12,T9)),((((T79,(T136,(T25,T89))),(((((T198,T124),T175),T71),T92),((((T91,T104),((T196,T63),T8)),(T174,T158)),(T66,T200)))),((T148,((T77,(T23,T119)),T15)),((T121,(T1,T108)),(T37,(T116,T53))))),(T57,(T98,T113)))))),T48);
*** Subsample Process ***
Use two-step algorithm!
#NNI moves:8/236
Remaining: 2
#NNI moves:39/236
#NNI moves:39/236
((((((((((((((((((((((((T7,T94),T19),T117),(((((T103,T80),T190),(T13,T106)),(T194,T146)),(T78,T60))),(T87,(T16,T163))),(T96,T39)),((T140,T139),T59)),((((T130,T42),T76),T52),(((T111,T164),T27),((T195,T14),T101)))),T129),((((T34,T70),T50),T114),(T84,T56))),T0),(((((((((((T196,T63),T8),(T104,T91)),(T174,T158)),(T66,T200)),((((((T124,T198),T175),T71),T92),((T25,T89),T136)),T79)),((((T1,T108),T121),(T37,(T116,T53))),(((T77,(T23,T119)),T15),T148))),((T113,T98),T57)),((T12,T9),(((T35,T187),T143),T74))),((((T186,T65),T185),(T147,(T115,T20))),(((T38,((T150,(T172,T154)),T182)),T67),(T131,T152)))),T48)),(((((((T142,(T161,T149)),(T44,T197)),T177),(((T120,T99),T180),T151)),((((T54,T168),(T73,T28)),(((T144,T45),T107),(((T100,T72),(T83,T102)),((T167,T126),T135)))),(T31,T178))),(T64,T3)),((((T86,T21),((T49,T157),T179)),T17),T85))),((((T36,T138),T24),(((T41,T192),T68),T141)),(((((T4,T46),T125),T61),T26),((T95,T199),T109)))),((T176,T155),(((T55,T75),(T160,T134)),(T5,(T40,T6))))),((((T82,(((T58,T47),T32),T188)),T183),(((T153,(T18,T123)),T97),(T110,T62))),((T132,T69),(T145,(T43,T81))))),((T181,T166),(T173,((((((T171,T156),T33),((T22,T184),T189)),T112),T29),((((T105,(T30,T191)),T51),((T162,T90),(T165,T2))),((T11,T88),T170)))))),((T159,T127),T93)),((T122,T128),T10)),T193),T169),T137),T118),T133);
#NNI moves:3/236
Remaining: 0
#NNI moves:33/236
#NNI moves:36/236
((((((((((((((((((((((((T51,(T105,(T30,T191))),((T165,T2),(T162,T90))),((T11,T88),T170)),((((T33,(T171,T156)),((T22,T184),T189)),T112),T29)),T173),(T181,T166)),((((T169,((T118,T133),T137)),T193),((T128,T122),T10)),((T159,T127),T93))),((((T43,T81),T145),(T69,T132)),((((T153,(T123,T18)),T97),(T110,T62)),(T183,((((T58,T47),T32),T188),T82))))),((T155,T176),(((T6,T40),T5),((T75,T55),(T134,T160))))),(((((T125,(T4,T46)),T61),T26),(T109,(T199,T95))),((((T192,T41),T68),T141),(T24,(T36,T138))))),(((((((T44,T197),(T142,(T149,T161))),T177),((T180,(T99,T120)),T151)),((((T54,T168),(T28,T73)),(((T45,T144),T107),(((T167,T126),T135),((T72,T100),(T83,T102))))),(T178,T31))),(T64,T3)),((((T179,(T49,T157)),(T21,T86)),T17),T85))),((((((((((((T106,T13),((T80,T103),T190)),(T146,T194)),(T78,T60)),((T19,(T94,T7)),T117)),(T87,(T163,T16))),(T39,T96)),((T139,T140),T59)),(((T27,(T164,T111)),(T101,(T195,T14))),(((T42,T130),T76),T52))),T129),((((T34,T70),T50),T114),(T84,T56))),T0)),T48),((((T115,T20),T147),(T185,(T186,T65))),(((((T150,(T172,T154)),T182),T38),T67),(T152,T131)))),((T12,T9),(T74,((T35,T187),T143)))),((T113,T98),T57)),((((T1,T108),T121),(T37,(T116,T53))),((((T119,T23),T77),T15),T148))),(((T174,T158),(((T196,T63),T8),(T104,T91))),(T200,T66))),T92),T79),(((T124,T198),T175),T71)),T136),T89),T25);
#NNI moves:1/236
Remaining: 0
#NNI moves:73/236
#NNI moves:73/236
((((((((((((((((((((((((((((T103,T80),T190),(T106,T13)),(T146,T194)),(T60,T78)),((T19,(T94,T7)),T117)),((T163,T16),T87)),(T96,T39)),((T139,T140),T59)),((((T195,T14),T101),(T27,(T164,T111))),((T76,(T42,T130)),T52))),T129),((((T70,T34),T50),T114),(T84,T56))),T0),((((((T20,T115),T147),((T65,T186),T185)),((((((T154,T172),T150),T182),T38),T67),(T131,T152))),(((((T35,T187),T143),T74),(T9,T12)),(((((((T119,T23),T77),T15),T148),(((T1,T108),T121),(T37,(T53,T116)))),((((T158,T174),((T91,T104),((T196,T63),T8))),(T66,T200)),(((((T175,(T124,T198)),T71),T92),((T25,T89),T136)),T79))),((T98,T113),T57)))),T48)),(((((((T54,T168),(T73,T28)),((((T72,T100),(T102,T83)),((T167,T126),T135)),(T107,(T45,T144)))),(T31,T178)),(((((T161,T149),T142),(T44,T197)),T177),((T180,(T99,T120)),T151))),(T64,T3)),((((T179,(T157,T49)),(T21,T86)),T17),T85))),(((T109,(T199,T95)),((((T4,T46),T125),T61),T26)),(((T36,T138),T24),(T141,((T192,T41),T68))))),((T155,T176),(((T134,T160),(T55,T75)),((T40,T6),T5)))),((((((T123,T18),T153),T97),(T110,T62)),(((((T47,T58),T32),T188),T82),T183)),(((T43,T81),T145),(T69,T132)))),(((T193,(T169,(T137,(T133,T118)))),(T10,(T122,T128))),((T159,T127),T93))),(T181,T166)),T173),(((((T171,T156),T33),((T22,T184),T189)),T112),T29)),(T170,(T11,T88))),((T165,T2),(T162,T90))),T51),T105),T30),T191);
#NNI moves:3/236
Remaining: 0
#NNI moves:28/236
#NNI moves:28/236
(((((((((((((((((((((((T156,T171),T33),(T189,(T22,T184))),T112),T29),(((T11,T88),T170),(((T105,(T30,T191)),T51),((T2,T165),(T162,T90))))),T173),(T166,T181)),((T93,(T159,T127)),(((T122,T128),T10),((((T133,T118),T137),T169),T193)))),((((((T123,T18),T153),T97),(T62,T110)),((((T32,(T58,T47)),T188),T82),T183)),((T145,(T81,T43)),(T69,T132)))),((((T134,T160),(T75,T55)),((T40,T6),T5)),(T155,T176))),(((T26,(T61,((T46,T4),T125))),((T95,T199),T109)),((T24,(T138,T36)),(((T41,T192),T68),T141)))),(((((((T73,T28),(T54,T168)),(((T144,T45),T107),(((T102,T83),(T100,T72)),(T135,(T167,T126))))),(T178,T31)),((((T99,T120),T180),T151),(((T142,(T161,T149)),(T197,T44)),T177))),(T3,T64)),((((T21,T86),(T179,(T157,T49))),T17),T85))),((((((((((T60,T78),((T194,T146),((T106,T13),(T190,(T103,T80))))),(((T7,T94),T19),T117)),(T87,(T163,T16))),(T96,T39)),((T140,T139),T59)),((((T130,T42),T76),T52),(((T111,T164),T27),(T101,(T195,T14))))),T129),(((T50,(T34,T70)),T114),(T56,T84))),T0)),T48),(((((((((T91,T104),(T8,(T196,T63))),(T158,T174)),(T66,T200)),(((((T124,T198),T175),T71),T92),T79)),(T136,(T89,T25))),(((T37,(T116,T53)),((T108,T1),T121)),((T15,((T119,T23),T77)),T148))),((T113,T98),T57)),((((T35,T187),T143),T74),(T12,T9)))),(((T186,T65),T185),((T20,T115),T147))),(T152,T131)),T67),T38),T182),(T154,T172)),T150);
Current score: 4.20734e+10
Current tree: ((((((((((((((((T156,T171),T33),(T189,(T22,T184))),T112),T29),(((T11,T88),T170),(((T105,(T30,T191)),T51),((T2,T165),(T162,T90))))),T173),(T166,T181)),((T93,(T159,T127)),(((T122,T128),T10),((((T133,T118),T137),T169),T193)))),((((((T123,T18),T153),T97),(T62,T110)),((((T32,(T58,T47)),T188),T82),T183)),((T145,(T81,T43)),(T69,T132)))),((((T134,T160),(T75,T55)),((T40,T6),T5)),(T155,T176))),(((T26,(T61,((T46,T4),T125))),((T95,T199),T109)),((T24,(T138,T36)),(((T41,T192),T68),T141)))),(((((((T73,T28),(T54,T168)),(((T144,T45),T107),(((T102,T83),(T100,T72)),(T135,(T167,T126))))),(T178,T31)),((((T99,T120),T180),T151),(((T142,(T161,T149)),(T197,T44)),T177))),(T3,T64)),((((T21,T86),(T179,(T157,T49))),T17),T85))),((((((((((T60,T78),((T194,T146),((T106,T13),(T190,(T103,T80))))),(((T7,T94),T19),T117)),(T87,(T163,T16))),(T96,T39)),((T140,T139),T59)),((((T130,T42),T76),T52),(((T111,T164),T27),(T101,(T195,T14))))),T129),(((T50,(T34,T70)),T114),(T56,T84))),T0)),((((((T79,(T136,(T89,T25))),(((((T124,T198),T175),T71),T92),((((T91,T104),(T8,(T196,T63))),(T158,T174)),(T66,T200)))),(((T37,(T116,T53)),((T108,T1),T121)),((T15,((T119,T23),T77)),T148))),((T113,T98),T57)),((((T35,T187),T143),T74),(T12,T9))),((((T186,T65),T185),((T20,T115),T147)),((T152,T131),(T67,(T38,(T182,((T154,T172),T150)))))))),T48);
Use two-step algorithm!
#NNI moves:1/236
Remaining: 2
#NNI moves:33/236
#NNI moves:33/236
((((((((((((((((((((((((((T94,T7),T19),T117),((((T190,(T80,T103)),(T13,T106)),(T146,T194)),(T60,T78))),((T163,T16),T87)),(T39,T96)),(T59,(T140,T139))),(((T76,(T130,T42)),T52),(((T111,T164),T27),(T101,(T195,T14))))),T129),((T84,T56),(T114,(T50,(T70,T34))))),T0),((((((((((((T124,T198),T175),T71),T92),T79),((((T8,(T196,T63)),(T104,T91)),(T158,T174)),(T66,T200))),((T25,T89),T136)),((((T1,T108),T121),((T53,T116),T37)),((T15,((T119,T23),T77)),T148))),((T113,T98),T57)),((T9,T12),(((T187,T35),T143),T74))),((((T186,T65),T185),((T115,T20),T147)),((T131,T152),(((((T172,T154),T150),T182),T38),T67)))),T48)),(((((((T107,(T45,T144)),(((T100,T72),(T83,T102)),(T135,(T126,T167)))),((T73,T28),(T54,T168))),(T178,T31)),((((T44,T197),((T161,T149),T142)),T177),((T180,(T120,T99)),T151))),(T64,T3)),((((T179,(T49,T157)),(T21,T86)),T17),T85))),(((T109,(T199,T95)),(((T125,(T46,T4)),T61),T26)),(((T68,(T41,T192)),T141),((T36,T138),T24)))),((((T75,T55),(T134,T160)),((T6,T40),T5)),(T155,T176))),((((T81,T43),T145),(T69,T132)),((((T153,(T18,T123)),T97),(T110,T62)),(T183,((((T47,T58),T32),T188),T82))))),(((T193,(T169,((T118,T133),T137))),((T128,T122),T10)),((T159,T127),T93))),(T166,T181)),T173),(((T51,((T191,T30),T105)),((T162,T90),(T2,T165))),((T88,T11),T170))),T29),T112),((T184,T22),T189)),T33),T156),T171);
#NNI moves:6/236
Remaining: 0
#NNI moves:36/236
#NNI moves:36/236
((((((((((((((((((((((T123,T18),T153),T97),(T110,T62)),(((((T47,T58),T32),T188),T82),T183)),(((T81,T43),T145),(T132,T69))),((((T193,(((T133,T118),T137),T169)),(T10,(T128,T122))),((T127,T159),T93)),((((((((T184,T22),T189),((T156,T171),T33)),T112),T29),((((T90,T162),(T165,T2)),(((T191,T30),T105),T51)),((T88,T11),T170))),T173),(T181,T166)))),((((T134,T160),(T75,T55)),((T6,T40),T5)),(T176,T155))),((((T95,T199),T109),((((T4,T46),T125),T61),T26)),(((T68,(T41,T192)),T141),((T138,T36),T24)))),((((((((T144,T45),T107),(((T167,T126),T135),((T102,T83),(T100,T72)))),((T168,T54),(T73,T28))),(T31,T178)),((((T120,T99),T180),T151),(T177,(((T161,T149),T142),(T197,T44))))),(T3,T64)),((((T86,T21),(T179,(T49,T157))),T17),T85))),(((((T50,(T34,T70)),T114),(T84,T56)),((((((T42,T130),T76),T52),(((T164,T111),T27),(T101,(T195,T14)))),((((((T78,T60),(((T106,T13),((T103,T80),T190)),(T194,T146))),(T117,(T19,(T94,T7)))),((T163,T16),T87)),(T96,T39)),(T59,(T140,T139)))),T129)),T0)),T48),(((((((T154,T172),T150),T182),T38),T67),(T131,T152)),((T185,(T186,T65)),(T147,(T20,T115))))),((T12,T9),((T143,(T187,T35)),T74))),((T98,T113),T57)),((T148,(((T119,T23),T77),T15)),((T121,(T108,T1)),((T53,T116),T37)))),(((((T63,T196),T8),(T91,T104)),(T174,T158)),(T66,T200))),T79),((T71,(T175,(T124,T198))),T92)),T136),T89),T25);
#NNI moves:1/236
Remaining: 2
#NNI moves:22/236
#NNI moves:22/236
(((((((((((((((((((((((((T80,T103),T190),(T106,T13)),(T194,T146)),(T78,T60)),(((T94,T7),T19),T117)),((T16,T163),T87)),(T39,T96)),(T59,(T140,T139))),(((T27,(T111,T164)),((T195,T14),T101)),((T76,(T42,T130)),T52))),T129),((T114,((T34,T70),T50)),(T84,T56))),T0),(((((((((((T8,(T196,T63)),(T91,T104)),(T174,T158)),(T200,T66)),((((T124,T198),T175),T71),T92)),((T136,(T25,T89)),T79)),(((((T119,T23),T77),T15),T148),(((T1,T108),T121),((T116,T53),T37)))),((T98,T113),T57)),(((T143,(T187,T35)),T74),(T12,T9))),((((T65,T186),T185),((T20,T115),T147)),((T152,T131),((((T150,(T172,T154)),T182),T38),T67)))),T48)),((((((((T45,T144),T107),(((T102,T83),(T72,T100)),((T126,T167),T135))),((T168,T54),(T28,T73))),(T178,T31)),((((T120,T99),T180),T151),((((T149,T161),T142),(T197,T44)),T177))),(T3,T64)),((((T179,(T157,T49)),(T86,T21)),T17),T85))),(((((T125,(T46,T4)),T61),T26),(T109,(T95,T199))),((T24,(T36,T138)),(((T41,T192),T68),T141)))),((((T55,T75),(T134,T160)),((T40,T6),T5)),(T176,T155))),((((T193,(T169,(T137,(T118,T133)))),((T128,T122),T10)),(T93,(T127,T159))),(((((((T165,T2),(T90,T162)),((T105,(T191,T30)),T51)),((T11,T88),T170)),((((T189,(T184,T22)),((T171,T156),T33)),T112),T29)),T173),(T181,T166)))),((T145,(T81,T43)),(T69,T132))),((T82,(((T58,T47),T32),T188)),T183)),(T62,T110)),T97),T153),T18),T123);
#NNI moves:2/236
Remaining: 6
#NNI moves:37/236
#NNI moves:40/236
((((((((((((((((((((T54,T168),(T73,T28)),((((T126,T167),T135),((T102,T83),(T100,T72))),(T107,(T144,T45)))),(T178,T31)),((((T99,T120),T180),T151),((((T161,T149),T142),(T197,T44)),T177))),(T64,T3)),((((T179,(T157,T49)),(T86,T21)),T17),T85)),((((((((((T51,(T105,(T30,T191))),((T90,T162),(T2,T165))),((T88,T11),T170)),((((T33,(T171,T156)),((T22,T184),T189)),T112),T29)),T173),(T166,T181)),(((T127,T159),T93),(((((T118,T133),T137),T169),T193),((T122,T128),T10)))),(((((((T47,T58),T32),T188),T82),T183),((T97,((T18,T123),T153)),(T110,T62))),((T69,T132),(T145,(T81,T43))))),((((T55,T75),(T134,T160)),((T6,T40),T5)),(T176,T155))),((((T95,T199),T109),(((T125,(T4,T46)),T61),T26)),((T141,(T68,(T41,T192))),((T138,T36),T24))))),((((((((T14,T195),T101),((T164,T111),T27)),(((T130,T42),T76),T52)),((((T87,(T16,T163)),((((((T80,T103),T190),(T106,T13)),(T194,T146)),(T78,T60)),(((T7,T94),T19),T117))),(T39,T96)),(T59,(T140,T139)))),T129),((T56,T84),(T114,((T34,T70),T50)))),T0)),T48),(((((((T172,T154),T150),T182),T38),T67),(T131,T152)),(((T20,T115),T147),(T185,(T65,T186))))),((T9,T12),(T74,((T187,T35),T143)))),(T57,(T98,T113))),(((((T23,T119),T77),T15),T148),(((T116,T53),T37),(T121,(T1,T108))))),((((T25,T89),T136),((T71,((T124,T198),T175)),T92)),T79)),(T200,T66)),(T174,T158)),(T104,T91)),(T196,T63)),T8);
Current score: 4.20734e+10
Current tree: (((((((((((T54,T168),(T73,T28)),((((T126,T167),T135),((T102,T83),(T100,T72))),(T107,(T144,T45)))),(T178,T31)),((((T99,T120),T180),T151),((((T161,T149),T142),(T197,T44)),T177))),(T64,T3)),((((T179,(T157,T49)),(T86,T21)),T17),T85)),((((((((((T51,(T105,(T30,T191))),((T90,T162),(T2,T165))),((T88,T11),T170)),((((T33,(T171,T156)),((T22,T184),T189)),T112),T29)),T173),(T166,T181)),(((T127,T159),T93),(((((T118,T133),T137),T169),T193),((T122,T128),T10)))),(((((((T47,T58),T32),T188),T82),T183),((T97,((T18,T123),T153)),(T110,T62))),((T69,T132),(T145,(T81,T43))))),((((T55,T75),(T134,T160)),((T6,T40),T5)),(T176,T155))),((((T95,T199),T109),(((T125,(T4,T46)),T61),T26)),((T141,(T68,(T41,T192))),((T138,T36),T24))))),((((((((T14,T195),T101),((T164,T111),T27)),(((T130,T42),T76),T52)),((((T87,(T16,T163)),((((((T80,T103),T190),(T106,T13)),(T194,T146)),(T78,T60)),(((T7,T94),T19),T117))),(T39,T96)),(T59,(T140,T139)))),T129),((T56,T84),(T114,((T34,T70),T50)))),T0)),((((((((T172,T154),T150),T182),T38),T67),(T131,T152)),(((T20,T115),T147),(T185,(T65,T186)))),(((T9,T12),(T74,((T187,T35),T143))),((T57,(T98,T113)),((((((T23,T119),T77),T15),T148),(((T116,T53),T37),(T121,(T1,T108)))),((((T200,T66),((T174,T158),((T104,T91),((T196,T63),T8)))),((T71,((T124,T198),T175)),T92)),(((T25,T89),T136),T79))))))),T48);
Final Tree: (((((((((((T54,T168),(T73,T28)),((((T126,T167),T135),((T102,T83),(T100,T72))),(T107,(T144,T45)))),(T178,T31)),((((T99,T120),T180),T151),((((T161,T149),T142),(T197,T44)),T177))),(T64,T3)),((((T179,(T157,T49)),(T86,T21)),T17),T85)),((((((((((T51,(T105,(T30,T191))),((T90,T162),(T2,T165))),((T88,T11),T170)),((((T33,(T171,T156)),((T22,T184),T189)),T112),T29)),T173),(T166,T181)),(((T127,T159),T93),(((((T118,T133),T137),T169),T193),((T122,T128),T10)))),(((((((T47,T58),T32),T188),T82),T183),((T97,((T18,T123),T153)),(T110,T62))),((T69,T132),(T145,(T81,T43))))),((((T55,T75),(T134,T160)),((T6,T40),T5)),(T176,T155))),((((T95,T199),T109),(((T125,(T4,T46)),T61),T26)),((T141,(T68,(T41,T192))),((T138,T36),T24))))),((((((((T14,T195),T101),((T164,T111),T27)),(((T130,T42),T76),T52)),((((T87,(T16,T163)),((((((T80,T103),T190),(T106,T13)),(T194,T146)),(T78,T60)),(((T7,T94),T19),T117))),(T39,T96)),(T59,(T140,T139)))),T129),((T56,T84),(T114,((T34,T70),T50)))),T0)),((((((((T172,T154),T150),T182),T38),T67),(T131,T152)),(((T20,T115),T147),(T185,(T65,T186)))),(((T9,T12),(T74,((T187,T35),T143))),((T57,(T98,T113)),((((((T23,T119),T77),T15),T148),(((T116,T53),T37),(T121,(T1,T108)))),((((T200,T66),((T174,T158),((T104,T91),((T196,T63),T8)))),((T71,((T124,T198),T175)),T92)),(((T25,T89),T136),T79))))))),T48);
Score: 4.207338423e+10

real	1m29.582s
user	35m26.146s
sys	0m15.421s
