Iteration 1:
Accurate Species Tree EstimatoR from Independent Site Kernals
Version: v1.13.0.0
#Base: 800538177
#Species: 201
#Rounds: 1
#Samples: 0
#Threads: 64
Use two-step algorithm!
Guide Tree 0/27
#NNI moves:0/236
Guide Tree 1/27
#NNI moves:0/236
Guide Tree 2/27
#NNI moves:0/236
Guide Tree 3/27
#NNI moves:0/236
Guide Tree 4/27
#NNI moves:0/236
Guide Tree 5/27
#NNI moves:0/236
Guide Tree 6/27
#NNI moves:0/236
Guide Tree 7/27
#NNI moves:0/236
Guide Tree 8/27
#NNI moves:0/236
Guide Tree 9/27
#NNI moves:0/236
Guide Tree 10/27
#NNI moves:0/236
Guide Tree 11/27
#NNI moves:0/236
Guide Tree 12/27
#NNI moves:0/236
Guide Tree 13/27
#NNI moves:0/236
Guide Tree 14/27
#NNI moves:0/236
Guide Tree 15/27
#NNI moves:0/236
Guide Tree 16/27
#NNI moves:0/236
Guide Tree 17/27
#NNI moves:0/236
Guide Tree 18/27
#NNI moves:0/236
Guide Tree 19/27
#NNI moves:0/236
Guide Tree 20/27
#NNI moves:0/236
Guide Tree 21/27
#NNI moves:0/236
Guide Tree 22/27
#NNI moves:0/236
Guide Tree 23/27
#NNI moves:0/236
Guide Tree 24/27
#NNI moves:0/236
Guide Tree 25/27
#NNI moves:0/236
Guide Tree 26/27
#NNI moves:0/236
Remaining: 0
#NNI moves:11/236
#NNI moves:11/236
(((((((((((((((T159,T127),T93),(((((T133,T118),T137),T169),T193),((T122,T128),T10))),(T181,T166)),T173),(((((T189,(T184,T22)),((T171,T156),T33)),T112),T29),((((T2,T165),(T90,T162)),((T105,(T30,T191)),T51)),((T11,T88),T170)))),((((T110,T62),(((T123,T18),T153),T97)),(T183,((T188,(T32,(T47,T58))),T82))),(((T43,T81),T145),(T132,T69)))),((((T75,T55),(T160,T134)),(T5,(T6,T40))),(T176,T155))),((((((T46,T4),T125),T61),T26),((T95,T199),T109)),(((T138,T36),T24),(T141,(T68,(T41,T192)))))),(((((T3,T64),(T31,T178)),(((((T100,T72),(T102,T83)),((T167,T126),T135)),(T107,(T144,T45))),((T54,T168),(T28,T73)))),((((T120,T99),T180),T151),((((T149,T161),T142),(T197,T44)),T177))),(T85,(T17,((T179,(T157,T49)),(T86,T21)))))),((((((((((T60,T78),(T194,T146)),((T106,T13),((T103,T80),T190))),((((T94,T7),T19),T117),(T87,(T16,T163)))),((T140,T139),T59)),(T39,T96)),(((T101,(T14,T195)),((T111,T164),T27)),(T52,((T130,T42),T76)))),T129),((T114,((T34,T70),T50)),(T56,T84))),T0)),(((((((((T198,T124),T175),T71),T92),T79),((T25,T89),T136)),(((((T63,T196),T8),(T91,T104)),(T158,T174)),(T200,T66))),(((T121,(T1,T108)),(T37,(T53,T116))),(((T77,(T119,T23)),T15),T148))),((T113,T98),T57))),((((T187,T35),T143),T74),(T12,T9))),(((((T182,((T154,T172),T150)),T38),T67),(T152,T131)),(((T20,T115),T147),(T186,(T185,T65))))),T48);
Initial score: 5.33767e+10
Initial tree: (((((((((((((((T159,T127),T93),(((((T133,T118),T137),T169),T193),((T122,T128),T10))),(T181,T166)),T173),(((((T189,(T184,T22)),((T171,T156),T33)),T112),T29),((((T2,T165),(T90,T162)),((T105,(T30,T191)),T51)),((T11,T88),T170)))),((((T110,T62),(((T123,T18),T153),T97)),(T183,((T188,(T32,(T47,T58))),T82))),(((T43,T81),T145),(T132,T69)))),((((T75,T55),(T160,T134)),(T5,(T6,T40))),(T176,T155))),((((((T46,T4),T125),T61),T26),((T95,T199),T109)),(((T138,T36),T24),(T141,(T68,(T41,T192)))))),(((((T3,T64),(T31,T178)),(((((T100,T72),(T102,T83)),((T167,T126),T135)),(T107,(T144,T45))),((T54,T168),(T28,T73)))),((((T120,T99),T180),T151),((((T149,T161),T142),(T197,T44)),T177))),(T85,(T17,((T179,(T157,T49)),(T86,T21)))))),((((((((((T60,T78),(T194,T146)),((T106,T13),((T103,T80),T190))),((((T94,T7),T19),T117),(T87,(T16,T163)))),((T140,T139),T59)),(T39,T96)),(((T101,(T14,T195)),((T111,T164),T27)),(T52,((T130,T42),T76)))),T129),((T114,((T34,T70),T50)),(T56,T84))),T0)),(((((((((T198,T124),T175),T71),T92),T79),((T25,T89),T136)),(((((T63,T196),T8),(T91,T104)),(T158,T174)),(T200,T66))),(((T121,(T1,T108)),(T37,(T53,T116))),(((T77,(T119,T23)),T15),T148))),((T113,T98),T57))),((((T187,T35),T143),T74),(T12,T9))),(((((T182,((T154,T172),T150)),T38),T67),(T152,T131)),(((T20,T115),T147),(T186,(T185,T65))))),T48);
*** Subsample Process ***
Current score: 5.33767e+10
Current tree: (((((((((((((((T159,T127),T93),(((((T133,T118),T137),T169),T193),((T122,T128),T10))),(T181,T166)),T173),(((((T189,(T184,T22)),((T171,T156),T33)),T112),T29),((((T2,T165),(T90,T162)),((T105,(T30,T191)),T51)),((T11,T88),T170)))),((((T110,T62),(((T123,T18),T153),T97)),(T183,((T188,(T32,(T47,T58))),T82))),(((T43,T81),T145),(T132,T69)))),((((T75,T55),(T160,T134)),(T5,(T6,T40))),(T176,T155))),((((((T46,T4),T125),T61),T26),((T95,T199),T109)),(((T138,T36),T24),(T141,(T68,(T41,T192)))))),(((((T3,T64),(T31,T178)),(((((T100,T72),(T102,T83)),((T167,T126),T135)),(T107,(T144,T45))),((T54,T168),(T28,T73)))),((((T120,T99),T180),T151),((((T149,T161),T142),(T197,T44)),T177))),(T85,(T17,((T179,(T157,T49)),(T86,T21)))))),((((((((((T60,T78),(T194,T146)),((T106,T13),((T103,T80),T190))),((((T94,T7),T19),T117),(T87,(T16,T163)))),((T140,T139),T59)),(T39,T96)),(((T101,(T14,T195)),((T111,T164),T27)),(T52,((T130,T42),T76)))),T129),((T114,((T34,T70),T50)),(T56,T84))),T0)),(((((((((T198,T124),T175),T71),T92),T79),((T25,T89),T136)),(((((T63,T196),T8),(T91,T104)),(T158,T174)),(T200,T66))),(((T121,(T1,T108)),(T37,(T53,T116))),(((T77,(T119,T23)),T15),T148))),((T113,T98),T57))),((((T187,T35),T143),T74),(T12,T9))),(((((T182,((T154,T172),T150)),T38),T67),(T152,T131)),(((T20,T115),T147),(T186,(T185,T65))))),T48);
Final Tree: (((((((((((((((T159,T127),T93),(((((T133,T118),T137),T169),T193),((T122,T128),T10))),(T181,T166)),T173),(((((T189,(T184,T22)),((T171,T156),T33)),T112),T29),((((T2,T165),(T90,T162)),((T105,(T30,T191)),T51)),((T11,T88),T170)))),((((T110,T62),(((T123,T18),T153),T97)),(T183,((T188,(T32,(T47,T58))),T82))),(((T43,T81),T145),(T132,T69)))),((((T75,T55),(T160,T134)),(T5,(T6,T40))),(T176,T155))),((((((T46,T4),T125),T61),T26),((T95,T199),T109)),(((T138,T36),T24),(T141,(T68,(T41,T192)))))),(((((T3,T64),(T31,T178)),(((((T100,T72),(T102,T83)),((T167,T126),T135)),(T107,(T144,T45))),((T54,T168),(T28,T73)))),((((T120,T99),T180),T151),((((T149,T161),T142),(T197,T44)),T177))),(T85,(T17,((T179,(T157,T49)),(T86,T21)))))),((((((((((T60,T78),(T194,T146)),((T106,T13),((T103,T80),T190))),((((T94,T7),T19),T117),(T87,(T16,T163)))),((T140,T139),T59)),(T39,T96)),(((T101,(T14,T195)),((T111,T164),T27)),(T52,((T130,T42),T76)))),T129),((T114,((T34,T70),T50)),(T56,T84))),T0)),(((((((((T198,T124),T175),T71),T92),T79),((T25,T89),T136)),(((((T63,T196),T8),(T91,T104)),(T158,T174)),(T200,T66))),(((T121,(T1,T108)),(T37,(T53,T116))),(((T77,(T119,T23)),T15),T148))),((T113,T98),T57))),((((T187,T35),T143),T74),(T12,T9))),(((((T182,((T154,T172),T150)),T38),T67),(T152,T131)),(((T20,T115),T147),(T186,(T185,T65))))),T48);
Score: 5.33767e+10

real	9m37.972s
user	399m47.775s
sys	1m38.874s
