
RAxML-NG v. 1.1.0-master released on 04.08.2022 by The Exelixis Lab.
Developed by: Alexey M. Kozlov and Alexandros Stamatakis.
Contributors: Diego Darriba, Tomas Flouri, Benoit Morel, Sarah Lutteropp, Ben Bettisworth.
Latest version: https://github.com/amkozlov/raxml-ng
Questions/problems/suggestions? Please visit: https://groups.google.com/forum/#!forum/raxml

System: AMD EPYC 7742 64-Core Processor, 128 cores, 251 GB RAM

RAxML-NG was called at 13-Jan-2023 07:50:58 as follows:

/home/chaos/programs/raxml-ng/raxml-ng/bin/raxml-ng --msa data/alignment/27_1X_S201_0_1e6_haploid --tree pars{1} --model GTR+G --threads 64 --redo

Analysis options:
  run mode: ML tree search
  start tree(s): parsimony (1)
  random seed: 1673625058
  tip-inner: OFF
  pattern compression: ON
  per-rate scalers: OFF
  site repeats: ON
  fast spr radius: AUTO
  spr subtree cutoff: 1.000000
  branch lengths: proportional (ML estimate, algorithm: NR-FAST)
  SIMD kernels: AVX2
  parallelization: coarse-grained (auto), PTHREADS (64 threads), thread pinning: OFF

WARNING: Running in REDO mode: existing checkpoints are ignored, and all result files will be overwritten!

[00:00:00] Reading alignment from file: data/alignment/27_1X_S201_0_1e6_haploid
[00:00:02] Loaded alignment with 201 taxa and 5000000 sites

Alignment comprises 1 partitions and 4685598 patterns

Partition 0: noname
Model: GTR+FO+G4m
Alignment sites / patterns: 5000000 / 4685598
Gaps: 0.00 %
Invariant sites: 1.04 %


NOTE: Binary MSA file created: data/alignment/27_1X_S201_0_1e6_haploid.raxml.rba

Parallelization scheme autoconfig: 1 worker(s) x 64 thread(s)

Parallel reduction/worker buffer size: 1 KB  / 0 KB

[00:00:22] Generating 1 parsimony starting tree(s) with 201 taxa
[00:00:53] Data distribution: max. partitions/sites/weight per thread: 1 / 73213 / 1171408
[00:00:53] Data distribution: max. searches per worker: 1

Starting ML tree search with 1 distinct starting trees

[00:00:55 -275285381.665699] Initial branch length optimization
[00:03:15 -260779634.552575] Model parameter optimization (eps = 10.000000)
[00:16:51 -249318091.511932] AUTODETECT spr round 1 (radius: 5)
[00:26:00 -249176269.804712] AUTODETECT spr round 2 (radius: 10)
[00:52:41 -249176269.783360] SPR radius for FAST iterations: 5 (autodetect)
[00:52:41 -249176269.783360] Model parameter optimization (eps = 3.000000)
[00:53:31 -249176248.217630] FAST spr round 1 (radius: 5)
[01:19:22 -249168994.281552] FAST spr round 2 (radius: 5)
[01:54:47 -249160459.513750] FAST spr round 3 (radius: 5)
[02:12:59 -249157294.197560] FAST spr round 4 (radius: 5)
[02:31:33 -249155174.655108] FAST spr round 5 (radius: 5)
[02:50:07 -249153143.787923] FAST spr round 6 (radius: 5)
[03:08:03 -249151586.198658] FAST spr round 7 (radius: 5)
[03:25:44 -249151477.273583] FAST spr round 8 (radius: 5)
[03:44:31 -249145946.655033] FAST spr round 9 (radius: 5)
[04:02:02 -249142775.882797] FAST spr round 10 (radius: 5)
[04:19:40 -249142775.881688] Model parameter optimization (eps = 1.000000)
[04:20:04 -249142775.705896] SLOW spr round 1 (radius: 5)
[05:18:34 -249141910.433873] SLOW spr round 2 (radius: 5)
[06:11:51 -249141783.517752] SLOW spr round 3 (radius: 5)
[07:03:19 -249141783.514016] SLOW spr round 4 (radius: 10)
[07:57:54 -249141783.513610] SLOW spr round 5 (radius: 15)
[09:47:47 -249141783.513583] SLOW spr round 6 (radius: 20)
[11:15:35 -249141783.513579] SLOW spr round 7 (radius: 25)
[11:48:32 -249141783.513579] Model parameter optimization (eps = 0.100000)

[11:49:00] ML tree search #1, logLikelihood: -249141783.465535


Optimized model parameters:

   Partition 0: noname
   Rate heterogeneity: GAMMA (4 cats, mean),  alpha: 1.294234 (ML),  weights&rates: (0.250000,0.191716) (0.250000,0.550292) (0.250000,1.035646) (0.250000,2.222345) 
   Base frequencies (ML): 0.312683 0.178598 0.217022 0.291698 
   Substitution rates (ML): 1.988555 7.422896 1.379481 3.025320 6.479217 1.000000 


Final LogLikelihood: -249141783.465535

AIC score: 498284382.931071 / AICc score: 498284382.997825 / BIC score: 498289860.310047
Free parameters (model + branch lengths): 408

Best ML tree saved to: /expanse/lustre/projects/uot138/chaos/ASTERISK-sim/data/alignment/27_1X_S201_0_1e6_haploid.raxml.bestTree
Optimized model saved to: /expanse/lustre/projects/uot138/chaos/ASTERISK-sim/data/alignment/27_1X_S201_0_1e6_haploid.raxml.bestModel

Execution log saved to: /expanse/lustre/projects/uot138/chaos/ASTERISK-sim/data/alignment/27_1X_S201_0_1e6_haploid.raxml.log

Analysis started: 13-Jan-2023 07:50:58 / finished: 13-Jan-2023 19:40:01

Elapsed time: 42542.419 seconds

Consumed energy: 4745.751 Wh (= 24 km in an electric car, or 119 km with an e-scooter!)

