Weighted ASTRAL - Hybrid
Version: v1.13.2.3
#Genetrees: 2000
#Species: 201
#Rounds: 4
#Samples: 4
#Threads: 32
Use two-step algorithm!
Guide Tree 0/27
#NNI moves:0/236
Guide Tree 1/27
#NNI moves:0/236
Guide Tree 2/27
#NNI moves:0/236
Guide Tree 3/27
#NNI moves:1/236
Guide Tree 4/27
#NNI moves:0/236
Guide Tree 5/27
#NNI moves:0/236
Guide Tree 6/27
#NNI moves:4/236
Guide Tree 7/27
#NNI moves:0/236
Guide Tree 8/27
#NNI moves:0/236
Guide Tree 9/27
#NNI moves:0/236
Guide Tree 10/27
#NNI moves:0/236
Guide Tree 11/27
#NNI moves:0/236
Guide Tree 12/27
#NNI moves:3/236
Guide Tree 13/27
#NNI moves:3/236
Guide Tree 14/27
#NNI moves:3/236
Guide Tree 15/27
#NNI moves:4/236
Guide Tree 16/27
#NNI moves:0/236
Guide Tree 17/27
#NNI moves:0/236
Guide Tree 18/27
#NNI moves:0/236
Guide Tree 19/27
#NNI moves:1/236
Guide Tree 20/27
#NNI moves:1/236
Guide Tree 21/27
#NNI moves:2/236
Guide Tree 22/27
#NNI moves:1/236
Guide Tree 23/27
#NNI moves:0/236
Guide Tree 24/27
#NNI moves:1/236
Guide Tree 25/27
#NNI moves:0/236
Guide Tree 26/27
#NNI moves:0/236
Remaining: 0
#NNI moves:34/236
#NNI moves:34/236
((((((((((((((((((((((((T154,T128),T150),T56),(T167,(T46,T2))),((T11,((T65,T158),T58)),T146)),((T57,(T138,T175)),((T3,T141),(T5,T112)))),(T194,(((T36,T10),T118),T169))),(T53,T12)),(((T197,(((T184,T142),(T49,T166)),((T92,T23),T94))),(T119,T113)),T164)),((((T26,T29),T156),T195),T99)),((T181,((((T24,T91),T188),(T51,T109)),(((T198,T54),T42),T101))),(T120,(T74,T137)))),((((T79,T27),T124),T84),(T162,T19))),((((((((((((T33,T52),T168),T189),T78),T31),(((T103,(T60,T72)),T130),T107)),T157),(T149,(T145,(T136,T68)))),(((T88,T104),(T41,T73)),T63)),(T144,(T61,T62))),((((T17,T193),T30),T153),((((T177,(T115,T183)),(T123,(T139,T9))),T25),T191))),T155)),((((T37,T165),T55),((T97,T190),T98)),(((T90,((T89,(T114,T18)),T35)),T75),(T1,T143)))),((T50,((T15,T106),T8)),T13)),((T96,T48),((T76,T21),(T132,T161)))),T0),(((((T39,(T16,T133)),((T121,T20),(T159,T178))),T192),((T172,T70),T43)),((((T129,(T163,T134)),T71),T81),T22))),((T6,T85),(T4,T110))),((T196,T170),T83)),(((((((((((T93,T127),T160),((T59,T131),T44)),((T66,T174),T38)),T111),((T151,T148),T135)),(((T105,T171),T80),T100)),((T187,(T199,T14)),((((T147,T176),T102),(T125,T108)),T28))),((((T69,T173),T86),(T200,T40)),(T7,T140))),(T64,(T185,((T180,T82),T182)))),(((T186,T117),T67),T95))),((T116,((T77,T34),T87)),T32)),((T152,T45),((T122,T47),T126))),T179);
Guide Tree 0/27
#NNI moves:3/236
Guide Tree 1/27
#NNI moves:2/236
Guide Tree 2/27
#NNI moves:3/236
Guide Tree 3/27
#NNI moves:0/236
Guide Tree 4/27
#NNI moves:3/236
Guide Tree 5/27
#NNI moves:3/236
Guide Tree 6/27
#NNI moves:1/236
Guide Tree 7/27
#NNI moves:0/236
Guide Tree 8/27
#NNI moves:4/236
Guide Tree 9/27
#NNI moves:0/236
Guide Tree 10/27
#NNI moves:0/236
Guide Tree 11/27
#NNI moves:0/236
Guide Tree 12/27
#NNI moves:4/236
Guide Tree 13/27
#NNI moves:1/236
Guide Tree 14/27
#NNI moves:3/236
Guide Tree 15/27
#NNI moves:3/236
Guide Tree 16/27
#NNI moves:0/236
Guide Tree 17/27
#NNI moves:3/236
Guide Tree 18/27
#NNI moves:0/236
Guide Tree 19/27
#NNI moves:1/236
Guide Tree 20/27
#NNI moves:0/236
Guide Tree 21/27
#NNI moves:3/236
Guide Tree 22/27
#NNI moves:0/236
Guide Tree 23/27
#NNI moves:3/236
Guide Tree 24/27
#NNI moves:3/236
Guide Tree 25/27
#NNI moves:3/236
Guide Tree 26/27
#NNI moves:4/236
Remaining: 0
#NNI moves:20/236
#NNI moves:20/236
((((((((((((((((((((((T103,(T72,T60)),T130),T107),(((((T52,T33),T168),T189),T78),T31)),T157),(((T136,T68),T145),T149)),(((T73,T41),(T104,T88)),T63)),(T144,(T62,T61))),(((T25,(((T9,T139),T123),((T115,T183),T177))),T191),(((T17,T193),T30),T153))),T155),(((((((T194,(((T10,T36),T118),T169)),((((T167,(T46,T2)),(((T128,T154),T150),T56)),((((T65,T158),T58),T11),T146)),((T57,(T175,T138)),((T141,T3),(T112,T5))))),(T12,T53)),((((((T142,T184),(T166,T49)),(T94,(T23,T92))),T197),(T119,T113)),T164)),((((T29,T26),T156),T195),T99)),((((((T91,T24),T188),(T109,T51)),((T42,(T54,T198)),T101)),T181),((T74,T137),T120))),(((T124,(T79,T27)),T84),(T19,T162)))),((((T37,T165),T55),((T190,T97),T98)),((T1,T143),(T75,(((T89,(T18,T114)),T35),T90))))),(((T8,(T15,T106)),T50),T13)),((T96,T48),((T76,T21),(T161,T132)))),T0),((((((T16,T133),T39),((T159,T178),(T121,T20))),T192),(T43,(T70,T172))),(((((T163,T134),T129),T71),T81),T22))),((T4,T110),(T6,T85))),((T196,T170),T83)),((((((((((T44,(T131,T59)),((T93,T127),T160)),((T66,T174),T38)),T111),((T151,T148),T135)),(((T105,T171),T80),T100)),((((T108,T125),(T102,(T147,T176))),T28),((T14,T199),T187))),(((T40,T200),(T86,(T173,T69))),(T7,T140))),((T185,((T82,T180),T182)),T64)),(((T186,T117),T67),T95))),((((T34,T77),T87),T116),T32)),((T152,T45),(T126,(T47,T122)))),T179);
Guide Tree 0/27
#NNI moves:0/236
Guide Tree 1/27
#NNI moves:4/236
Guide Tree 2/27
#NNI moves:0/236
Guide Tree 3/27
#NNI moves:1/236
Guide Tree 4/27
#NNI moves:3/236
Guide Tree 5/27
#NNI moves:1/236
Guide Tree 6/27
#NNI moves:4/236
Guide Tree 7/27
#NNI moves:1/236
Guide Tree 8/27
#NNI moves:1/236
Guide Tree 9/27
#NNI moves:0/236
Guide Tree 10/27
#NNI moves:1/236
Guide Tree 11/27
#NNI moves:1/236
Guide Tree 12/27
#NNI moves:3/236
Guide Tree 13/27
#NNI moves:3/236
Guide Tree 14/27
#NNI moves:3/236
Guide Tree 15/27
#NNI moves:0/236
Guide Tree 16/27
#NNI moves:1/236
Guide Tree 17/27
#NNI moves:2/236
Guide Tree 18/27
#NNI moves:1/236
Guide Tree 19/27
#NNI moves:1/236
Guide Tree 20/27
#NNI moves:1/236
Guide Tree 21/27
#NNI moves:3/236
Guide Tree 22/27
#NNI moves:0/236
Guide Tree 23/27
#NNI moves:1/236
Guide Tree 24/27
#NNI moves:0/236
Guide Tree 25/27
#NNI moves:0/236
Guide Tree 26/27
#NNI moves:2/236
Remaining: 6
#NNI moves:25/236
#NNI moves:25/236
((((((((((((((((((((((((T65,T158),T58),T11),T146),((((T128,T154),T150),T56),((T46,T2),T167))),(((T3,T141),(T5,T112)),(T57,(T138,T175)))),((((T10,T36),T118),T169),T194)),(T53,T12)),(((T197,(((T184,T142),(T49,T166)),(T94,(T23,T92)))),(T113,T119)),T164)),(((T156,(T29,T26)),T195),T99)),((T120,(T137,T74)),(T181,(((T51,T109),(T188,(T91,T24))),((T42,(T198,T54)),T101))))),((T19,T162),(((T79,T27),T124),T84))),(((((((((((T60,T72),T103),T130),T107),((T78,(((T52,T33),T168),T189)),T31)),T157),(T149,((T136,T68),T145))),(((T88,T104),(T73,T41)),T63)),(T144,(T61,T62))),((((((T139,T9),T123),(T177,(T115,T183))),T25),T191),(T153,((T193,T17),T30)))),T155)),((((T165,T37),T55),((T190,T97),T98)),((T1,T143),((((T89,(T114,T18)),T35),T90),T75)))),((((T106,T15),T8),T50),T13)),((T48,T96),((T21,T76),(T161,T132)))),T0),((((((T159,T178),(T20,T121)),((T16,T133),T39)),T192),((T172,T70),T43)),(((T71,((T163,T134),T129)),T81),T22))),((T6,T85),(T110,T4))),((T196,T170),T83)),(((((((((((T59,T131),T44),((T127,T93),T160)),((T174,T66),T38)),T111),((T148,T151),T135)),(T100,((T171,T105),T80))),((((T125,T108),((T147,T176),T102)),T28),(T187,(T199,T14)))),(((T200,T40),((T69,T173),T86)),(T7,T140))),((((T82,T180),T182),T185),T64)),(((T117,T186),T67),T95))),((((T77,T34),T87),T116),T32)),((T126,(T47,T122)),(T45,T152))),T179);
Guide Tree 0/27
#NNI moves:2/236
Guide Tree 1/27
#NNI moves:5/236
Guide Tree 2/27
#NNI moves:4/236
Guide Tree 3/27
#NNI moves:0/236
Guide Tree 4/27
#NNI moves:0/236
Guide Tree 5/27
#NNI moves:5/236
Guide Tree 6/27
#NNI moves:2/236
Guide Tree 7/27
#NNI moves:2/236
Guide Tree 8/27
#NNI moves:1/236
Guide Tree 9/27
#NNI moves:5/236
Guide Tree 10/27
#NNI moves:2/236
Guide Tree 11/27
#NNI moves:2/236
Guide Tree 12/27
#NNI moves:5/236
Guide Tree 13/27
#NNI moves:1/236
Guide Tree 14/27
#NNI moves:3/236
Guide Tree 15/27
#NNI moves:1/236
Guide Tree 16/27
#NNI moves:2/236
Guide Tree 17/27
#NNI moves:3/236
Guide Tree 18/27
#NNI moves:1/236
Guide Tree 19/27
#NNI moves:2/236
Guide Tree 20/27
#NNI moves:3/236
Guide Tree 21/27
#NNI moves:2/236
Guide Tree 22/27
#NNI moves:1/236
Guide Tree 23/27
#NNI moves:2/236
Guide Tree 24/27
#NNI moves:3/236
Guide Tree 25/27
#NNI moves:1/236
Guide Tree 26/27
#NNI moves:1/236
Remaining: 8
#NNI moves:26/236
#NNI moves:32/236
((((((((((((((((((((((((T65,T158),T58),T11),T146),((T56,((T154,T128),T150)),((T2,T46),T167))),(((T3,T141),(T112,T5)),((T138,T175),T57))),(T194,(((T10,T36),T118),T169))),(T53,T12)),(((((T94,(T23,T92)),((T166,T49),(T184,T142))),T197),(T113,T119)),T164)),(T99,(((T29,T26),T156),T195))),((((((T24,T91),T188),(T51,T109)),(((T54,T198),T42),T101)),T181),((T74,T137),T120))),(((T124,(T27,T79)),T84),(T19,T162))),(((((((T104,T88),(T73,T41)),T63),(((((T130,(T103,(T60,T72))),T107),((((T168,(T52,T33)),T189),T78),T31)),T157),(((T136,T68),T145),T149))),((T61,T62),T144)),((((((T183,T115),T177),((T9,T139),T123)),T25),T191),(T153,(T30,(T193,T17))))),T155)),((((((T89,(T114,T18)),T35),T90),T75),(T1,T143)),(((T37,T165),T55),((T190,T97),T98)))),((T50,((T15,T106),T8)),T13)),(((T132,T161),(T21,T76)),(T48,T96))),T0),(((T192,(((T178,T159),(T121,T20)),((T133,T16),T39))),(T43,(T70,T172))),(((T71,((T134,T163),T129)),T81),T22))),((T85,T6),(T4,T110))),(T83,(T170,T196))),(((((((((((T59,T131),T44),(T160,(T127,T93))),((T66,T174),T38)),T111),(T135,(T148,T151))),(((T105,T171),T80),T100)),((((T102,(T147,T176)),(T108,T125)),T28),((T14,T199),T187))),((T7,T140),((T86,(T69,T173)),(T200,T40)))),(((T182,(T180,T82)),T185),T64)),(((T186,T117),T67),T95))),(((T87,(T77,T34)),T116),T32)),((T126,(T47,T122)),(T152,T45))),T179);
Initial score: 4.13011e+10
Initial tree: ((((((((((((((((((((((((T65,T158),T58),T11),T146),((T56,((T154,T128),T150)),((T2,T46),T167))),(((T3,T141),(T112,T5)),((T138,T175),T57))),(T194,(((T10,T36),T118),T169))),(T53,T12)),(((((T94,(T23,T92)),((T166,T49),(T184,T142))),T197),(T113,T119)),T164)),(T99,(((T29,T26),T156),T195))),((((((T24,T91),T188),(T51,T109)),(((T54,T198),T42),T101)),T181),((T74,T137),T120))),(((T124,(T27,T79)),T84),(T19,T162))),(((((((T104,T88),(T73,T41)),T63),(((((T130,(T103,(T60,T72))),T107),((((T168,(T52,T33)),T189),T78),T31)),T157),(((T136,T68),T145),T149))),((T61,T62),T144)),((((((T183,T115),T177),((T9,T139),T123)),T25),T191),(T153,(T30,(T193,T17))))),T155)),((((((T89,(T114,T18)),T35),T90),T75),(T1,T143)),(((T37,T165),T55),((T190,T97),T98)))),((T50,((T15,T106),T8)),T13)),(((T132,T161),(T21,T76)),(T48,T96))),T0),(((T192,(((T178,T159),(T121,T20)),((T133,T16),T39))),(T43,(T70,T172))),(((T71,((T134,T163),T129)),T81),T22))),((T85,T6),(T4,T110))),(T83,(T170,T196))),(((((((((((T59,T131),T44),(T160,(T127,T93))),((T66,T174),T38)),T111),(T135,(T148,T151))),(((T105,T171),T80),T100)),((((T102,(T147,T176)),(T108,T125)),T28),((T14,T199),T187))),((T7,T140),((T86,(T69,T173)),(T200,T40)))),(((T182,(T180,T82)),T185),T64)),(((T186,T117),T67),T95))),(((T87,(T77,T34)),T116),T32)),((T126,(T47,T122)),(T152,T45))),T179);
*** Subsample Process ***
Use two-step algorithm!
#NNI moves:9/236
Remaining: 2
#NNI moves:25/236
#NNI moves:30/236
((((((((((((((((((((((((((((((T59,T131),T44),(T160,(T93,T127))),((T66,T174),T38)),T111),((T151,T148),T135)),(T100,((T105,T171),T80))),((((T108,T125),((T176,T147),T102)),T28),((T14,T199),T187))),(((T86,(T69,T173)),(T40,T200)),(T7,T140))),((((T82,T180),T182),T185),T64)),(((T186,T117),T67),T95)),((T32,((T87,(T77,T34)),T116)),(((T152,T45),((T47,T122),T126)),T179))),(T83,(T196,T170))),((T6,T85),(T110,T4))),((((((T134,T163),T129),T71),T81),T22),(((((T20,T121),(T178,T159)),((T16,T133),T39)),T192),(T43,(T172,T70))))),T0),(((T132,T161),(T21,T76)),(T96,T48))),(T13,((T8,(T15,T106)),T50))),(((T75,((((T114,T18),T89),T35),T90)),(T1,T143)),(((T190,T97),T98),((T165,T37),T55)))),(((((((((((T168,(T33,T52)),T189),T78),T31),((T130,(T103,(T60,T72))),T107)),T157),(T149,(T145,(T136,T68)))),(((T88,T104),(T73,T41)),T63)),((T61,T62),T144)),((((T193,T17),T30),T153),(T191,((((T183,T115),T177),((T139,T9),T123)),T25)))),T155)),(((T124,(T27,T79)),T84),(T19,T162))),((T120,(T74,T137)),(((((T54,T198),T42),T101),(((T91,T24),T188),(T51,T109))),T181))),((((T29,T26),T156),T195),T99)),(((T194,(((T10,T36),T118),T169)),((((((T65,T158),T58),T11),T146),(((T150,(T154,T128)),T56),((T2,T46),T167))),(((T5,T112),(T3,T141)),((T175,T138),T57)))),(T12,T53))),T164),(T119,T113)),T197),((T184,T142),(T166,T49))),(T23,T92)),T94);
#NNI moves:1/236
Remaining: 1
#NNI moves:35/236
#NNI moves:45/236
((((((((((((((((((((((((T36,T10),T118),T169),T194),(((T146,(T11,(T58,(T158,T65)))),((T56,(T150,(T154,T128))),((T2,T46),T167))),(((T175,T138),T57),((T5,T112),(T3,T141))))),(T53,T12)),(((T197,(((T23,T92),T94),((T166,T49),(T184,T142)))),(T113,T119)),T164)),((((T26,T29),T156),T195),T99)),((T120,(T74,T137)),((((T51,T109),((T91,T24),T188)),((T42,(T54,T198)),T101)),T181))),((T84,((T79,T27),T124)),(T162,T19))),((((((((T31,((((T52,T33),T168),T189),T78)),(((T103,(T60,T72)),T130),T107)),T157),(((T68,T136),T145),T149)),(((T41,T73),(T104,T88)),T63)),((T62,T61),T144)),((((((T139,T9),T123),((T183,T115),T177)),T25),T191),(((T193,T17),T30),T153))),T155)),(((T143,T1),(T75,((((T114,T18),T89),T35),T90))),(((T190,T97),T98),(T55,(T37,T165))))),((((T106,T15),T8),T50),T13)),((T48,T96),((T21,T76),(T132,T161)))),T0),((T22,((T71,(T129,(T134,T163))),T81)),(((((T121,T20),(T159,T178)),((T16,T133),T39)),T192),(T43,(T70,T172))))),((T110,T4),(T6,T85))),((T196,T170),T83)),((((((((T108,T125),((T147,T176),T102)),T28),((T199,T14),T187)),((((((T160,(T93,T127)),(T44,(T59,T131))),((T66,T174),T38)),T111),((T148,T151),T135)),(T100,((T105,T171),T80)))),((((T173,T69),T86),(T200,T40)),(T7,T140))),(((T182,(T82,T180)),T185),T64)),(T95,(T67,(T186,T117))))),(T32,(((T77,T34),T87),T116))),T179),((T47,T122),T126)),T45),T152);
#NNI moves:2/236
Remaining: 1
#NNI moves:23/236
#NNI moves:23/236
((((((((((((((((((((((((((((((T147,T176),T102),(T108,T125)),T28),(T187,(T14,T199))),((((((T66,T174),T38),((T160,(T127,T93)),((T59,T131),T44))),T111),(T135,(T151,T148))),(((T171,T105),T80),T100))),(((T86,(T173,T69)),(T200,T40)),(T7,T140))),((((T82,T180),T182),T185),T64)),(T95,((T117,T186),T67))),((((T45,T152),(T126,(T47,T122))),T179),(T32,(((T34,T77),T87),T116)))),((T170,T196),T83)),((T6,T85),(T110,T4))),((((((T133,T16),T39),((T121,T20),(T178,T159))),T192),((T172,T70),T43)),((((T129,(T163,T134)),T71),T81),T22))),T0),((T96,T48),((T21,T76),(T161,T132)))),((((T106,T15),T8),T50),T13)),(((((((T18,T114),T89),T35),T90),T75),(T1,T143)),(((T37,T165),T55),(T98,(T97,T190))))),((((((T157,(((((T168,(T33,T52)),T189),T78),T31),(T107,((T103,(T72,T60)),T130)))),(((T136,T68),T145),T149)),(((T88,T104),(T41,T73)),T63)),((T62,T61),T144)),(((T30,(T193,T17)),T153),(((((T139,T9),T123),((T183,T115),T177)),T25),T191))),T155)),((((T79,T27),T124),T84),(T19,T162))),(((T137,T74),T120),((((T109,T51),((T91,T24),T188)),(((T54,T198),T42),T101)),T181))),((((T29,T26),T156),T195),T99)),(((T119,T113),(T197,(((T184,T142),(T166,T49)),((T23,T92),T94)))),T164)),(T12,T53)),((((T36,T10),T118),T169),T194)),(((T141,T3),(T5,T112)),((T138,T175),T57))),((((T128,T154),T150),T56),((T46,T2),T167))),T146),T11),(T158,T65)),T58);
#NNI moves:4/236
Remaining: 1
#NNI moves:61/236
#NNI moves:61/236
(((((((((((((((((((((((((T141,T3),(T112,T5)),((T175,T138),T57)),((((T2,T46),T167),(((T128,T154),T150),T56)),(T146,((T58,(T158,T65)),T11)))),(((T118,(T36,T10)),T169),T194)),(T12,T53)),((((((T184,T142),(T166,T49)),((T92,T23),T94)),T197),(T113,T119)),T164)),(((T101,((T198,T54),T42)),(((T91,T24),T188),(T51,T109))),T181)),((((T26,T29),T156),T195),T99)),(T120,(T137,T74))),(((T124,(T79,T27)),T84),(T162,T19))),((((((((((T103,(T60,T72)),T130),T107),(((((T52,T33),T168),T189),T78),T31)),T157),(T149,(T145,(T136,T68)))),(T63,((T88,T104),(T41,T73)))),((T61,T62),T144)),((T191,(((T123,(T139,T9)),((T115,T183),T177)),T25)),((T30,(T193,T17)),T153))),T155)),(((((((T114,T18),T89),T35),T90),T75),(T143,T1)),(((T97,T190),T98),((T37,T165),T55)))),((((T106,T15),T8),T50),T13)),(((T161,T132),(T76,T21)),(T96,T48))),T0),((((((T133,T16),T39),((T20,T121),(T159,T178))),T192),(T43,(T70,T172))),(((((T134,T163),T129),T71),T81),T22))),((T110,T4),(T85,T6))),((T196,T170),T83)),((((((T187,(T14,T199)),(T28,((T102,(T147,T176)),(T108,T125)))),(((((((T127,T93),T160),(T44,(T59,T131))),((T174,T66),T38)),T111),(T135,(T148,T151))),(T100,((T105,T171),T80)))),((((T69,T173),T86),(T40,T200)),(T140,T7))),(T64,(((T180,T82),T182),T185))),(((T117,T186),T67),T95))),(T32,(((T34,T77),T87),T116))),T179),(T126,(T47,T122))),T45),T152);
Current score: 4.13011e+10
Current tree: ((((((((((((((((T120,(T137,T74)),(((T101,((T198,T54),T42)),(((T91,T24),T188),(T51,T109))),T181)),(((((T26,T29),T156),T195),T99),(((((((T141,T3),(T112,T5)),((T175,T138),T57)),((((T2,T46),T167),(((T128,T154),T150),T56)),(T146,((T58,(T158,T65)),T11)))),(((T118,(T36,T10)),T169),T194)),(T12,T53)),((((((T184,T142),(T166,T49)),((T92,T23),T94)),T197),(T113,T119)),T164)))),(((T124,(T79,T27)),T84),(T162,T19))),((((((((((T103,(T60,T72)),T130),T107),(((((T52,T33),T168),T189),T78),T31)),T157),(T149,(T145,(T136,T68)))),(T63,((T88,T104),(T41,T73)))),((T61,T62),T144)),((T191,(((T123,(T139,T9)),((T115,T183),T177)),T25)),((T30,(T193,T17)),T153))),T155)),(((((((T114,T18),T89),T35),T90),T75),(T143,T1)),(((T97,T190),T98),((T37,T165),T55)))),((((T106,T15),T8),T50),T13)),(((T161,T132),(T76,T21)),(T96,T48))),T0),((((((T133,T16),T39),((T20,T121),(T159,T178))),T192),(T43,(T70,T172))),(((((T134,T163),T129),T71),T81),T22))),((T110,T4),(T85,T6))),((T196,T170),T83)),((((((T187,(T14,T199)),(T28,((T102,(T147,T176)),(T108,T125)))),(((((((T127,T93),T160),(T44,(T59,T131))),((T174,T66),T38)),T111),(T135,(T148,T151))),(T100,((T105,T171),T80)))),((((T69,T173),T86),(T40,T200)),(T140,T7))),(T64,(((T180,T82),T182),T185))),(((T117,T186),T67),T95))),(T32,(((T34,T77),T87),T116))),((T126,(T47,T122)),(T45,T152))),T179);
Final Tree: ((((((((((((((((T120,(T137,T74)),(((T101,((T198,T54),T42)),(((T91,T24),T188),(T51,T109))),T181)),(((((T26,T29),T156),T195),T99),(((((((T141,T3),(T112,T5)),((T175,T138),T57)),((((T2,T46),T167),(((T128,T154),T150),T56)),(T146,((T58,(T158,T65)),T11)))),(((T118,(T36,T10)),T169),T194)),(T12,T53)),((((((T184,T142),(T166,T49)),((T92,T23),T94)),T197),(T113,T119)),T164)))),(((T124,(T79,T27)),T84),(T162,T19))),((((((((((T103,(T60,T72)),T130),T107),(((((T52,T33),T168),T189),T78),T31)),T157),(T149,(T145,(T136,T68)))),(T63,((T88,T104),(T41,T73)))),((T61,T62),T144)),((T191,(((T123,(T139,T9)),((T115,T183),T177)),T25)),((T30,(T193,T17)),T153))),T155)),(((((((T114,T18),T89),T35),T90),T75),(T143,T1)),(((T97,T190),T98),((T37,T165),T55)))),((((T106,T15),T8),T50),T13)),(((T161,T132),(T76,T21)),(T96,T48))),T0),((((((T133,T16),T39),((T20,T121),(T159,T178))),T192),(T43,(T70,T172))),(((((T134,T163),T129),T71),T81),T22))),((T110,T4),(T85,T6))),((T196,T170),T83)),((((((T187,(T14,T199)),(T28,((T102,(T147,T176)),(T108,T125)))),(((((((T127,T93),T160),(T44,(T59,T131))),((T174,T66),T38)),T111),(T135,(T148,T151))),(T100,((T105,T171),T80)))),((((T69,T173),T86),(T40,T200)),(T140,T7))),(T64,(((T180,T82),T182),T185))),(((T117,T186),T67),T95))),(T32,(((T34,T77),T87),T116))),((T126,(T47,T122)),(T45,T152))),T179);
Score: 4.130114051e+10

real	1m12.824s
user	28m5.929s
sys	0m19.446s
