
RAxML-NG v. 1.1.0-master released on 04.08.2022 by The Exelixis Lab.
Developed by: Alexey M. Kozlov and Alexandros Stamatakis.
Contributors: Diego Darriba, Tomas Flouri, Benoit Morel, Sarah Lutteropp, Ben Bettisworth.
Latest version: https://github.com/amkozlov/raxml-ng
Questions/problems/suggestions? Please visit: https://groups.google.com/forum/#!forum/raxml

System: AMD EPYC 7742 64-Core Processor, 128 cores, 251 GB RAM

RAxML-NG was called at 13-Jan-2023 07:50:58 as follows:

/home/chaos/programs/raxml-ng/raxml-ng/bin/raxml-ng --msa data/alignment/28_1X_S201_0_1e6_haploid --tree pars{1} --model GTR+G --threads 64 --redo

Analysis options:
  run mode: ML tree search
  start tree(s): parsimony (1)
  random seed: 1673625058
  tip-inner: OFF
  pattern compression: ON
  per-rate scalers: OFF
  site repeats: ON
  fast spr radius: AUTO
  spr subtree cutoff: 1.000000
  branch lengths: proportional (ML estimate, algorithm: NR-FAST)
  SIMD kernels: AVX2
  parallelization: coarse-grained (auto), PTHREADS (64 threads), thread pinning: OFF

WARNING: Running in REDO mode: existing checkpoints are ignored, and all result files will be overwritten!

[00:00:00] Reading alignment from file: data/alignment/28_1X_S201_0_1e6_haploid
[00:00:02] Loaded alignment with 201 taxa and 5000000 sites

Alignment comprises 1 partitions and 4745038 patterns

Partition 0: noname
Model: GTR+FO+G4m
Alignment sites / patterns: 5000000 / 4745038
Gaps: 0.00 %
Invariant sites: 0.74 %


NOTE: Binary MSA file created: data/alignment/28_1X_S201_0_1e6_haploid.raxml.rba

Parallelization scheme autoconfig: 1 worker(s) x 64 thread(s)

Parallel reduction/worker buffer size: 1 KB  / 0 KB

[00:00:23] Generating 1 parsimony starting tree(s) with 201 taxa
[00:00:55] Data distribution: max. partitions/sites/weight per thread: 1 / 74142 / 1186272
[00:00:55] Data distribution: max. searches per worker: 1

Starting ML tree search with 1 distinct starting trees

[00:00:56 -267939647.196023] Initial branch length optimization
[00:03:36 -254286153.239496] Model parameter optimization (eps = 10.000000)
[00:15:25 -245284270.086508] AUTODETECT spr round 1 (radius: 5)
[00:24:45 -245191062.083416] AUTODETECT spr round 2 (radius: 10)
[00:52:25 -245191062.068179] SPR radius for FAST iterations: 5 (autodetect)
[00:52:25 -245191062.068179] Model parameter optimization (eps = 3.000000)
[00:53:29 -245191045.311123] FAST spr round 1 (radius: 5)
[01:19:21 -245188491.067153] FAST spr round 2 (radius: 5)
[01:54:43 -245185954.729386] FAST spr round 3 (radius: 5)
[03:06:23 -245184672.319183] FAST spr round 4 (radius: 5)
[03:24:21 -245183623.599106] FAST spr round 5 (radius: 5)
[03:41:51 -245182919.840419] FAST spr round 6 (radius: 5)
[03:59:33 -245182261.505959] FAST spr round 7 (radius: 5)
[04:17:39 -245180319.269659] FAST spr round 8 (radius: 5)
[04:35:39 -245180319.266969] Model parameter optimization (eps = 1.000000)
[04:36:03 -245180318.830166] SLOW spr round 1 (radius: 5)
[05:29:42 -245177518.675120] SLOW spr round 2 (radius: 5)
[06:20:26 -245177310.937190] SLOW spr round 3 (radius: 5)
[07:08:35 -245177310.936292] SLOW spr round 4 (radius: 10)
[07:56:22 -245177310.936238] SLOW spr round 5 (radius: 15)
[09:46:41 -245177310.936230] SLOW spr round 6 (radius: 20)
[11:08:18 -245177310.936226] SLOW spr round 7 (radius: 25)
[11:34:52 -245177310.936226] Model parameter optimization (eps = 0.100000)

[11:37:51] ML tree search #1, logLikelihood: -245177308.171456


Optimized model parameters:

   Partition 0: noname
   Rate heterogeneity: GAMMA (4 cats, mean),  alpha: 1.525733 (ML),  weights&rates: (0.250000,0.229270) (0.250000,0.592784) (0.250000,1.051898) (0.250000,2.126047) 
   Base frequencies (ML): 0.284136 0.259888 0.204805 0.251171 
   Substitution rates (ML): 1.150995 3.545843 0.464213 1.577530 3.376795 1.000000 


Final LogLikelihood: -245177308.171456

AIC score: 490355432.342911 / AICc score: 490355432.409665 / BIC score: 490360909.721887
Free parameters (model + branch lengths): 408

Best ML tree saved to: /expanse/lustre/projects/uot138/chaos/ASTERISK-sim/data/alignment/28_1X_S201_0_1e6_haploid.raxml.bestTree
Optimized model saved to: /expanse/lustre/projects/uot138/chaos/ASTERISK-sim/data/alignment/28_1X_S201_0_1e6_haploid.raxml.bestModel

Execution log saved to: /expanse/lustre/projects/uot138/chaos/ASTERISK-sim/data/alignment/28_1X_S201_0_1e6_haploid.raxml.log

Analysis started: 13-Jan-2023 07:50:58 / finished: 13-Jan-2023 19:28:52

Elapsed time: 41873.761 seconds

Consumed energy: 4216.946 Wh (= 21 km in an electric car, or 105 km with an e-scooter!)

