Weighted ASTRAL - Hybrid
Version: v1.13.2.3
#Genetrees: 2000
#Species: 201
#Rounds: 4
#Samples: 4
#Threads: 32
Use two-step algorithm!
Guide Tree 0/27
#NNI moves:0/236
Guide Tree 1/27
#NNI moves:0/236
Guide Tree 2/27
#NNI moves:0/236
Guide Tree 3/27
#NNI moves:1/236
Guide Tree 4/27
#NNI moves:0/236
Guide Tree 5/27
#NNI moves:2/236
Guide Tree 6/27
#NNI moves:1/236
Guide Tree 7/27
#NNI moves:1/236
Guide Tree 8/27
#NNI moves:1/236
Guide Tree 9/27
#NNI moves:4/236
Guide Tree 10/27
#NNI moves:0/236
Guide Tree 11/27
#NNI moves:0/236
Guide Tree 12/27
#NNI moves:1/236
Guide Tree 13/27
#NNI moves:1/236
Guide Tree 14/27
#NNI moves:1/236
Guide Tree 15/27
#NNI moves:0/236
Guide Tree 16/27
#NNI moves:2/236
Guide Tree 17/27
#NNI moves:0/236
Guide Tree 18/27
#NNI moves:3/236
Guide Tree 19/27
#NNI moves:0/236
Guide Tree 20/27
#NNI moves:0/236
Guide Tree 21/27
#NNI moves:2/236
Guide Tree 22/27
#NNI moves:1/236
Guide Tree 23/27
#NNI moves:0/236
Guide Tree 24/27
#NNI moves:4/236
Guide Tree 25/27
#NNI moves:2/236
Guide Tree 26/27
#NNI moves:1/236
Remaining: 1
#NNI moves:12/236
#NNI moves:12/236
((((((((((((((((((((T22,T178),(((T73,T27),(T135,T84)),T35)),(((T96,T74),(T187,T142)),(((T136,(T59,(T40,T20))),T196),((T61,(T171,T161)),(T128,T36))))),(((((T60,T69),((T102,T132),T4)),((((T111,T42),(((T113,T49),(T115,(T16,T174))),(T25,T14))),T194),(T195,(T75,T144)))),(((T62,(T32,T191)),T138),T175)),T77)),((((((T54,T50),T88),(T137,(T21,T121))),(T117,T183)),T101),((T30,T99),T184))),((((T33,(T116,T129)),((T52,T65),(T68,T39))),(((T89,T200),T6),((((((T148,T2),T19),T8),T120),(T67,T53)),T141))),(((T198,T15),((T86,(T47,T46)),T108)),(((T103,T81),T92),((T185,T110),T181))))),(((T126,T186),T192),((T12,T18),T11))),T0),(T9,T94)),((((((((T26,(((T156,T150),T162),T24)),(T124,T151)),(((((T13,T154),T93),T3),T98),T131)),((T104,T56),T28)),((((T180,T164),T122),(((T140,T5),T197),(T83,T157))),T127)),(((T167,T85),(T70,T173)),(T172,T91))),((((((T139,T76),((T199,T100),(T114,T64))),T145),T29),(((((T90,T169),((T10,T97),T45)),T146),T153),((((T109,T79),T176),T159),((T158,T168),T125)))),((((((((T143,T118),T80),(T107,T41)),T51),((T149,T190),(T31,T147))),(((((T48,T58),T177),T179),((T82,T71),T160)),T134)),((T55,T106),T44)),T43))),(((((T188,T112),T193),(T105,T163)),T23),((T189,T7),T155)))),(T38,T152)),T123),((((T87,T170),T182),T130),((T95,(T63,T1)),(T57,T37)))),(T72,T119)),T66),T133),T165),T78),(T166,T17)),T34);
Guide Tree 0/27
#NNI moves:1/236
Guide Tree 1/27
#NNI moves:1/236
Guide Tree 2/27
#NNI moves:0/236
Guide Tree 3/27
#NNI moves:0/236
Guide Tree 4/27
#NNI moves:4/236
Guide Tree 5/27
#NNI moves:3/236
Guide Tree 6/27
#NNI moves:0/236
Guide Tree 7/27
#NNI moves:1/236
Guide Tree 8/27
#NNI moves:0/236
Guide Tree 9/27
#NNI moves:4/236
Guide Tree 10/27
#NNI moves:1/236
Guide Tree 11/27
#NNI moves:0/236
Guide Tree 12/27
#NNI moves:2/236
Guide Tree 13/27
#NNI moves:4/236
Guide Tree 14/27
#NNI moves:3/236
Guide Tree 15/27
#NNI moves:0/236
Guide Tree 16/27
#NNI moves:4/236
Guide Tree 17/27
#NNI moves:0/236
Guide Tree 18/27
#NNI moves:0/236
Guide Tree 19/27
#NNI moves:1/236
Guide Tree 20/27
#NNI moves:1/236
Guide Tree 21/27
#NNI moves:4/236
Guide Tree 22/27
#NNI moves:2/236
Guide Tree 23/27
#NNI moves:1/236
Guide Tree 24/27
#NNI moves:0/236
Guide Tree 25/27
#NNI moves:0/236
Guide Tree 26/27
#NNI moves:2/236
Remaining: 1
#NNI moves:8/236
#NNI moves:8/236
(((((((((((((((((((((((T161,T171),T61),(T36,T128)),(((T59,(T20,T40)),T136),T196)),((T74,T96),(T142,T187))),((((T73,T27),(T84,T135)),T35),(T22,T178))),((((((T144,T75),T195),((((((T174,T16),T115),(T49,T113)),(T25,T14)),(T111,T42)),T194)),((T69,T60),((T132,T102),T4))),((((T191,T32),T62),T138),T175)),T77)),(((((T137,(T21,T121)),((T50,T54),T88)),(T183,T117)),T101),((T30,T99),T184))),((((((T47,T46),T86),T108),(T15,T198)),((T181,(T185,T110)),((T81,T103),T92))),(((T33,(T116,T129)),((T39,T68),(T52,T65))),((T141,(((T8,((T2,T148),T19)),T120),(T67,T53))),((T89,T200),T6))))),((T192,(T126,T186)),((T12,T18),T11))),T0),(T94,T9)),(((((((((T45,(T10,T97)),(T90,T169)),T146),T153),((((T109,T79),T176),T159),((T158,T168),T125))),(((((T100,T199),(T64,T114)),(T139,T76)),T145),T29)),(((((((T71,T82),T160),(T179,((T58,T48),T177))),T134),(((T190,T149),(T31,T147)),((((T143,T118),T80),(T41,T107)),T51))),((T106,T55),T44)),T43)),(((((((((T156,T150),T162),T24),T26),(T124,T151)),((T98,(((T154,T13),T93),T3)),T131)),((T104,T56),T28)),(T127,(((T180,T164),T122),(((T140,T5),T197),(T83,T157))))),(((T70,T173),(T167,T85)),(T91,T172)))),(((T189,T7),T155),((((T112,T188),T193),(T105,T163)),T23)))),(T152,T38)),T123),((((T87,T170),T182),T130),((T95,(T63,T1)),(T37,T57)))),(T72,T119)),T66),T133),T165),T78),(T166,T17)),T34);
Guide Tree 0/27
#NNI moves:0/236
Guide Tree 1/27
#NNI moves:1/236
Guide Tree 2/27
#NNI moves:0/236
Guide Tree 3/27
#NNI moves:2/236
Guide Tree 4/27
#NNI moves:1/236
Guide Tree 5/27
#NNI moves:0/236
Guide Tree 6/27
#NNI moves:2/236
Guide Tree 7/27
#NNI moves:5/236
Guide Tree 8/27
#NNI moves:1/236
Guide Tree 9/27
#NNI moves:1/236
Guide Tree 10/27
#NNI moves:0/236
Guide Tree 11/27
#NNI moves:1/236
Guide Tree 12/27
#NNI moves:1/236
Guide Tree 13/27
#NNI moves:0/236
Guide Tree 14/27
#NNI moves:1/236
Guide Tree 15/27
#NNI moves:1/236
Guide Tree 16/27
#NNI moves:1/236
Guide Tree 17/27
#NNI moves:3/236
Guide Tree 18/27
#NNI moves:0/236
Guide Tree 19/27
#NNI moves:0/236
Guide Tree 20/27
#NNI moves:2/236
Guide Tree 21/27
#NNI moves:3/236
Guide Tree 22/27
#NNI moves:0/236
Guide Tree 23/27
#NNI moves:1/236
Guide Tree 24/27
#NNI moves:0/236
Guide Tree 25/27
#NNI moves:0/236
Guide Tree 26/27
#NNI moves:0/236
Remaining: 0
#NNI moves:16/236
#NNI moves:16/236
((((((((((((((((((((((((T148,T2),T19),T8),T120),(T67,T53)),T141),(T6,(T89,T200))),(((T116,T129),T33),((T68,T39),(T65,T52)))),(((T198,T15),(T108,((T46,T47),T86))),((T181,(T185,T110)),((T81,T103),T92)))),((((((((((((T16,T174),T115),(T113,T49)),(T14,T25)),(T111,T42)),T194),(T195,(T75,T144))),((T69,T60),(T4,(T102,T132)))),(((T62,(T191,T32)),T138),T175)),T77),(((((T135,T84),(T27,T73)),T35),(T178,T22)),((((T61,(T161,T171)),(T128,T36)),((((T40,T20),T59),T136),T196)),((T142,T187),(T96,T74))))),((((T183,T117),(((T21,T121),T137),(T88,(T54,T50)))),T101),(T184,(T30,T99))))),(((T18,T12),T11),((T126,T186),T192))),T0),(T94,T9)),((((((((((T93,(T154,T13)),T3),T98),T131),(((T24,((T150,T156),T162)),T26),(T124,T151))),((T104,T56),T28)),((((T197,(T140,T5)),(T157,T83)),((T180,T164),T122)),T127)),(((T70,T173),(T167,T85)),(T172,T91))),(((((T159,((T79,T109),T176)),((T168,T158),T125)),(((((T10,T97),T45),(T169,T90)),T146),T153)),((T145,(((T64,T114),(T100,T199)),(T139,T76))),T29)),((((T134,((((T48,T58),T177),T179),((T82,T71),T160))),(((T31,T147),(T149,T190)),(((T80,(T143,T118)),(T41,T107)),T51))),((T55,T106),T44)),T43))),(((T189,T7),T155),(T23,(((T112,T188),T193),(T105,T163)))))),(T152,T38)),T123),(((T95,(T1,T63)),(T57,T37)),(((T170,T87),T182),T130))),(T119,T72)),T66),T133),T165),T78),(T17,T166)),T34);
Guide Tree 0/27
#NNI moves:0/236
Guide Tree 1/27
#NNI moves:0/236
Guide Tree 2/27
#NNI moves:5/236
Guide Tree 3/27
#NNI moves:0/236
Guide Tree 4/27
#NNI moves:0/236
Guide Tree 5/27
#NNI moves:0/236
Guide Tree 6/27
#NNI moves:2/236
Guide Tree 7/27
#NNI moves:4/236
Guide Tree 8/27
#NNI moves:6/236
Guide Tree 9/27
#NNI moves:1/236
Guide Tree 10/27
#NNI moves:4/236
Guide Tree 11/27
#NNI moves:1/236
Guide Tree 12/27
#NNI moves:6/236
Guide Tree 13/27
#NNI moves:3/236
Guide Tree 14/27
#NNI moves:4/236
Guide Tree 15/27
#NNI moves:1/236
Guide Tree 16/27
#NNI moves:4/236
Guide Tree 17/27
#NNI moves:2/236
Guide Tree 18/27
#NNI moves:2/236
Guide Tree 19/27
#NNI moves:4/236
Guide Tree 20/27
#NNI moves:5/236
Guide Tree 21/27
#NNI moves:0/236
Guide Tree 22/27
#NNI moves:0/236
Guide Tree 23/27
#NNI moves:0/236
Guide Tree 24/27
#NNI moves:0/236
Guide Tree 25/27
#NNI moves:5/236
Guide Tree 26/27
#NNI moves:0/236
Remaining: 0
#NNI moves:17/236
#NNI moves:21/236
((((((((((((((((((((((((T195,(T144,T75)),(T194,((((T113,T49),(T115,(T174,T16))),(T25,T14)),(T42,T111)))),(((T102,T132),T4),(T60,T69))),(T175,(((T32,T191),T62),T138))),T77),(((T178,T22),(((T135,T84),(T27,T73)),T35)),(((((T171,T161),T61),(T128,T36)),((T136,((T40,T20),T59)),T196)),((T142,T187),(T74,T96))))),((T12,T18),T11)),(((T181,(T185,T110)),((T81,T103),T92)),((((T46,T47),T86),T108),(T15,T198)))),(((((T88,(T50,T54)),((T21,T121),T137)),(T117,T183)),T101),((T99,T30),T184))),((((T65,T52),(T68,T39)),((T116,T129),T33)),(((((((T2,T148),T19),T8),T120),(T53,T67)),T141),((T89,T200),T6)))),((T126,T186),T192)),T0),(T9,T94)),(((((((T56,T104),T28),(((((T93,(T13,T154)),T3),T98),T131),(((((T150,T156),T162),T24),T26),(T151,T124)))),((((T180,T164),T122),((T197,(T140,T5)),(T83,T157))),T127)),(((T173,T70),(T85,T167)),(T172,T91))),(((((((T114,T64),(T100,T199)),(T76,T139)),T145),T29),((((((T97,T10),T45),(T90,T169)),T146),T153),(((T168,T158),T125),(T159,(T176,(T109,T79)))))),(((T44,(T106,T55)),((((T190,T149),(T147,T31)),((((T118,T143),T80),(T107,T41)),T51)),(T134,((T160,(T71,T82)),(((T48,T58),T177),T179))))),T43))),((((T193,(T112,T188)),(T105,T163)),T23),(T155,(T189,T7))))),(T152,T38)),T123),(((T95,(T63,T1)),(T37,T57)),(((T170,T87),T182),T130))),(T119,T72)),T66),T133),T165),T78),(T166,T17)),T34);
Initial score: 4.92971e+10
Initial tree: ((((((((((((((((((((T65,T52),(T68,T39)),((T116,T129),T33)),(((((((T2,T148),T19),T8),T120),(T53,T67)),T141),((T89,T200),T6))),(((T181,(T185,T110)),((T81,T103),T92)),((((T46,T47),T86),T108),(T15,T198)))),(((((((T195,(T144,T75)),(T194,((((T113,T49),(T115,(T174,T16))),(T25,T14)),(T42,T111)))),(((T102,T132),T4),(T60,T69))),(T175,(((T32,T191),T62),T138))),T77),(((T178,T22),(((T135,T84),(T27,T73)),T35)),(((((T171,T161),T61),(T128,T36)),((T136,((T40,T20),T59)),T196)),((T142,T187),(T74,T96))))),(((((T88,(T50,T54)),((T21,T121),T137)),(T117,T183)),T101),((T99,T30),T184)))),(((T12,T18),T11),((T126,T186),T192))),T0),(T9,T94)),(((((((T56,T104),T28),(((((T93,(T13,T154)),T3),T98),T131),(((((T150,T156),T162),T24),T26),(T151,T124)))),((((T180,T164),T122),((T197,(T140,T5)),(T83,T157))),T127)),(((T173,T70),(T85,T167)),(T172,T91))),(((((((T114,T64),(T100,T199)),(T76,T139)),T145),T29),((((((T97,T10),T45),(T90,T169)),T146),T153),(((T168,T158),T125),(T159,(T176,(T109,T79)))))),(((T44,(T106,T55)),((((T190,T149),(T147,T31)),((((T118,T143),T80),(T107,T41)),T51)),(T134,((T160,(T71,T82)),(((T48,T58),T177),T179))))),T43))),((((T193,(T112,T188)),(T105,T163)),T23),(T155,(T189,T7))))),(T152,T38)),T123),(((T95,(T63,T1)),(T37,T57)),(((T170,T87),T182),T130))),(T119,T72)),T66),T133),T165),T78),(T166,T17)),T34);
*** Subsample Process ***
Use two-step algorithm!
#NNI moves:0/236
Remaining: 1
#NNI moves:23/236
#NNI moves:23/236
((((((((((((((((((((T3,((T13,T154),T93)),T98),T131),((T151,T124),(T26,(((T156,T150),T162),T24)))),((T56,T104),T28)),(T127,(((T83,T157),((T140,T5),T197)),((T180,T164),T122)))),((T172,T91),((T85,T167),(T70,T173)))),(((((T106,T55),T44),((((T160,(T71,T82)),(((T48,T58),T177),T179)),T134),(((T190,T149),(T31,T147)),((((T118,T143),T80),(T41,T107)),T51)))),T43),((((((T100,T199),(T114,T64)),(T139,T76)),T145),T29),(((((T45,(T10,T97)),(T169,T90)),T146),T153),(((T158,T168),T125),(T159,(T176,(T109,T79)))))))),(((((T112,T188),T193),(T105,T163)),T23),((T7,T189),T155))),((T152,T38),(((((((((T166,T17),T34),T78),T165),T133),T66),(T119,T72)),(((T95,(T63,T1)),(T37,T57)),(((T170,T87),T182),T130))),T123))),(T9,T94)),T0),(((T126,T186),T192),((T12,T18),T11))),(((((T175,((T62,(T191,T32)),T138)),((((T144,T75),T195),(T194,((((T49,T113),(T115,(T16,T174))),(T25,T14)),(T111,T42)))),((T4,(T132,T102)),(T69,T60)))),T77),(((((T73,T27),(T84,T135)),T35),(T22,T178)),((((T136,(T59,(T20,T40))),T196),(((T161,T171),T61),(T36,T128))),((T142,T187),(T74,T96))))),(((((T88,(T50,T54)),(T137,(T21,T121))),(T117,T183)),T101),((T30,T99),T184)))),(((T108,(T86,(T47,T46))),(T198,T15)),((T92,(T103,T81)),(T181,(T110,T185))))),((T6,(T200,T89)),(((T67,T53),(((T19,(T2,T148)),T8),T120)),T141))),((T116,T129),T33)),(T39,T68)),T52),T65);
#NNI moves:0/236
Remaining: 0
#NNI moves:3/236
#NNI moves:3/236
(((((((((((((((((((((T3,(T93,(T13,T154))),T98),T131),((T151,T124),((((T150,T156),T162),T24),T26))),((T104,T56),T28)),((((T157,T83),((T140,T5),T197)),((T164,T180),T122)),T127)),(((T167,T85),(T173,T70)),(T172,T91))),(((((((((T118,T143),T80),(T41,T107)),T51),((T149,T190),(T31,T147))),(((((T48,T58),T177),T179),(T160,(T82,T71))),T134)),((T106,T55),T44)),T43),((((((T109,T79),T176),T159),((T158,T168),T125)),(((((T97,T10),T45),(T169,T90)),T146),T153)),(((((T100,T199),(T64,T114)),(T139,T76)),T145),T29)))),((((T105,T163),((T188,T112),T193)),T23),(T155,(T7,T189)))),((((((((((((T59,(T20,T40)),T136),T196),((T36,T128),(T61,(T171,T161)))),((T96,T74),(T142,T187))),((((T27,T73),(T84,T135)),T35),(T22,T178))),(((T175,(T138,(T62,(T191,T32)))),(((((T111,T42),((T25,T14),((T49,T113),(T115,(T174,T16))))),T194),((T144,T75),T195)),((T69,T60),(T4,(T102,T132))))),T77)),((((((T54,T50),T88),((T121,T21),T137)),(T183,T117)),T101),((T99,T30),T184))),((((((T53,T67),((((T2,T148),T19),T8),T120)),T141),(T6,(T89,T200))),((T33,(T116,T129)),((T39,T68),(T65,T52)))),(((T15,T198),(((T46,T47),T86),T108)),((T181,(T110,T185)),((T103,T81),T92))))),(((T186,T126),T192),((T18,T12),T11))),T0),(T9,T94))),(T152,T38)),T123),(((T57,T37),((T1,T63),T95)),(((T170,T87),T182),T130))),(T119,T72)),T66),T133),T165),T78),T34),T17),T166);
#NNI moves:0/236
Remaining: 1
#NNI moves:32/236
#NNI moves:40/236
((((((((((((((((((((((((((T25,T14),(((T16,T174),T115),(T113,T49))),(T42,T111)),T194),((T75,T144),T195)),(((T132,T102),T4),(T69,T60))),((((T32,T191),T62),T138),T175)),T77),((((T142,T187),(T74,T96)),(((T36,T128),((T171,T161),T61)),((((T20,T40),T59),T136),T196))),((T35,((T84,T135),(T73,T27))),(T22,T178)))),((T101,((((T54,T50),T88),((T21,T121),T137)),(T117,T183))),((T30,T99),T184))),((((((T47,T46),T86),T108),(T198,T15)),(((T81,T103),T92),(T181,(T110,T185)))),((((((((T148,T2),T19),T8),T120),(T53,T67)),T141),((T89,T200),T6)),(((T52,T65),(T68,T39)),(T33,(T116,T129)))))),((T11,(T12,T18)),((T186,T126),T192))),T0),(T9,T94)),(((((((T170,T87),T182),T130),(((T1,T63),T95),(T37,T57))),((T119,T72),((T133,((((T17,T166),T34),T78),T165)),T66))),T123),(T38,T152))),(((T7,T189),T155),(((T105,T163),((T188,T112),T193)),T23))),(((((((((T154,T13),T93),T3),T98),T131),((T124,T151),((((T156,T150),T162),T24),T26))),((T104,T56),T28)),(((((T140,T5),T197),(T157,T83)),((T180,T164),T122)),T127)),(((T85,T167),(T70,T173)),(T91,T172)))),((((T125,(T158,T168)),(T159,((T79,T109),T176))),((((T45,(T97,T10)),(T169,T90)),T146),T153)),((((T139,T76),((T100,T199),(T64,T114))),T145),T29))),T43),((T55,T106),T44)),(((((T58,T48),T177),T179),((T82,T71),T160)),T134)),((T190,T149),(T31,T147))),T51),(T107,T41)),(T118,T143)),T80);
#NNI moves:0/236
Remaining: 0
#NNI moves:21/236
#NNI moves:21/236
(((((((((((((((((((T125,(T158,T168)),(((T109,T79),T176),T159)),(((((T10,T97),T45),(T90,T169)),T146),T153)),(((((T199,T100),(T64,T114)),(T139,T76)),T145),T29)),((((T106,T55),T44),(((((T177,(T48,T58)),T179),(T160,(T82,T71))),T134),(((T190,T149),(T31,T147)),((((T143,T118),T80),(T41,T107)),T51)))),T43)),((((((((T93,(T154,T13)),T3),T98),T131),(((((T156,T150),T162),T24),T26),(T124,T151))),(T28,(T56,T104))),(((((T140,T5),T197),(T157,T83)),((T180,T164),T122)),T127)),(((T173,T70),(T167,T85)),(T172,T91)))),((((T163,T105),(T193,(T188,T112))),T23),((T189,T7),T155))),((((((((((((((((T174,T16),T115),(T49,T113)),(T14,T25)),(T42,T111)),T194),((T144,T75),T195)),((T69,T60),((T132,T102),T4))),((((T191,T32),T62),T138),T175)),T77),((((((T161,T171),T61),(T36,T128)),(T196,(T136,((T40,T20),T59)))),((T74,T96),(T187,T142))),((((T84,T135),(T27,T73)),T35),(T178,T22)))),((T184,(T30,T99)),((((T88,(T50,T54)),(T137,(T121,T21))),(T117,T183)),T101))),((((T181,(T110,T185)),((T103,T81),T92)),((T198,T15),((T86,(T47,T46)),T108))),((((((((T148,T2),T19),T8),T120),(T53,T67)),T141),((T89,T200),T6)),(((T129,T116),T33),((T68,T39),(T52,T65)))))),(((T126,T186),T192),((T18,T12),T11))),T0),(T94,T9))),(T38,T152)),T123),(((T57,T37),((T63,T1),T95)),(T130,(T182,(T170,T87))))),(T119,T72)),T66),T133),T165),T78),T34),T17),T166);
Current score: 4.92971e+10
Current tree: ((((((((((((((((((T125,(T158,T168)),(((T109,T79),T176),T159)),(((((T10,T97),T45),(T90,T169)),T146),T153)),(((((T199,T100),(T64,T114)),(T139,T76)),T145),T29)),((((T106,T55),T44),(((((T177,(T48,T58)),T179),(T160,(T82,T71))),T134),(((T190,T149),(T31,T147)),((((T143,T118),T80),(T41,T107)),T51)))),T43)),((((((((T93,(T154,T13)),T3),T98),T131),(((((T156,T150),T162),T24),T26),(T124,T151))),(T28,(T56,T104))),(((((T140,T5),T197),(T157,T83)),((T180,T164),T122)),T127)),(((T173,T70),(T167,T85)),(T172,T91)))),((((T163,T105),(T193,(T188,T112))),T23),((T189,T7),T155))),((((((((((((((((T174,T16),T115),(T49,T113)),(T14,T25)),(T42,T111)),T194),((T144,T75),T195)),((T69,T60),((T132,T102),T4))),((((T191,T32),T62),T138),T175)),T77),((((((T161,T171),T61),(T36,T128)),(T196,(T136,((T40,T20),T59)))),((T74,T96),(T187,T142))),((((T84,T135),(T27,T73)),T35),(T178,T22)))),((T184,(T30,T99)),((((T88,(T50,T54)),(T137,(T121,T21))),(T117,T183)),T101))),((((T181,(T110,T185)),((T103,T81),T92)),((T198,T15),((T86,(T47,T46)),T108))),((((((((T148,T2),T19),T8),T120),(T53,T67)),T141),((T89,T200),T6)),(((T129,T116),T33),((T68,T39),(T52,T65)))))),(((T126,T186),T192),((T18,T12),T11))),T0),(T94,T9))),(T38,T152)),T123),(((T57,T37),((T63,T1),T95)),(T130,(T182,(T170,T87))))),(T119,T72)),T66),T133),T165),T78),(T17,T166)),T34);
Use two-step algorithm!
#NNI moves:2/236
Remaining: 0
#NNI moves:10/236
#NNI moves:10/236
((((((((((((((((((((((((T42,T111),((T25,T14),((T115,(T174,T16)),(T113,T49)))),T194),((T75,T144),T195)),((T4,(T102,T132)),(T69,T60))),((((T32,T191),T62),T138),T175)),T77),(((((((T20,T40),T59),T136),T196),(((T161,T171),T61),(T128,T36))),((T96,T74),(T142,T187))),((((T27,T73),(T135,T84)),T35),(T22,T178)))),((T101,((((T54,T50),T88),((T121,T21),T137)),(T183,T117))),(T184,(T30,T99)))),((((T141,((((T19,(T148,T2)),T8),T120),(T67,T53))),((T200,T89),T6)),(((T129,T116),T33),((T52,T65),(T68,T39)))),((((T185,T110),T181),(T92,(T81,T103))),((T198,T15),(((T46,T47),T86),T108))))),(((T18,T12),T11),((T186,T126),T192))),T0),(T9,T94)),(((((T119,T72),((((((T17,T166),T34),T78),T165),T133),T66)),((T130,((T87,T170),T182)),((T57,T37),(T95,(T1,T63))))),T123),(T38,T152))),((((T105,T163),(T193,(T112,T188))),T23),(T155,(T189,T7)))),((((T167,T85),(T173,T70)),(T91,T172)),(((((T151,T124),((((T156,T150),T162),T24),T26)),(((T3,((T154,T13),T93)),T98),T131)),((T104,T56),T28)),(((T122,(T164,T180)),(((T5,T140),T197),(T157,T83))),T127)))),((((((T149,T190),(T147,T31)),(T51,((T107,T41),(T80,(T143,T118))))),((((T82,T71),T160),(((T58,T48),T177),T179)),T134)),((T55,T106),T44)),T43)),(T29,((((T100,T199),(T114,T64)),(T76,T139)),T145))),((((T45,(T97,T10)),(T169,T90)),T146),T153)),(T125,(T168,T158))),T159),T176),T109),T79);
#NNI moves:1/236
Remaining: 5
#NNI moves:26/236
#NNI moves:31/236
(((((((((((((((((T110,T185),T181),((T81,T103),T92)),((((T46,T47),T86),T108),(T198,T15))),(((T141,(((((T2,T148),T19),T8),T120),(T53,T67))),((T89,T200),T6)),(((T52,T65),(T68,T39)),((T116,T129),T33)))),(((((((T135,T84),(T27,T73)),T35),(T178,T22)),(((T96,T74),(T142,T187)),(((((T40,T20),T59),T136),T196),((T61,(T161,T171)),(T128,T36))))),((((((((((T174,T16),T115),(T113,T49)),(T14,T25)),(T42,T111)),T194),(T195,(T75,T144))),((T60,T69),((T132,T102),T4))),((((T32,T191),T62),T138),T175)),T77)),(((T30,T99),T184),(((((T54,T50),T88),((T21,T121),T137)),(T183,T117)),T101)))),(((T18,T12),T11),((T186,T126),T192))),T0),(T9,T94)),(((((((((T24,((T150,T156),T162)),T26),(T124,T151)),(((T3,(T93,(T154,T13))),T98),T131)),((T56,T104),T28)),((((T83,T157),((T140,T5),T197)),(T122,(T164,T180))),T127)),(((T167,T85),(T70,T173)),(T91,T172))),(((((((((T118,T143),T80),(T107,T41)),T51),((T149,T190),(T31,T147))),(T134,(((T71,T82),T160),(T179,((T48,T58),T177))))),((T106,T55),T44)),T43),((((T125,(T168,T158)),((T176,(T79,T109)),T159)),(((((T10,T97),T45),(T90,T169)),T146),T153)),((T145,((T139,T76),((T114,T64),(T199,T100)))),T29)))),((((T193,(T188,T112)),(T163,T105)),T23),((T7,T189),T155)))),(T152,T38)),T123),(((((((T166,T17),T34),T78),T165),T133),T66),(T72,T119))),(((T63,T1),T95),(T57,T37))),T130),(T87,T170)),T182);
#NNI moves:0/236
Remaining: 0
#NNI moves:8/236
#NNI moves:8/236
(((((((((((((((((((((((T20,T40),T59),T136),T196),(((T171,T161),T61),(T36,T128))),((T142,T187),(T74,T96))),((((T73,T27),(T135,T84)),T35),(T178,T22))),((((((T144,T75),T195),(((((T113,T49),((T174,T16),T115)),(T14,T25)),(T111,T42)),T194)),(((T132,T102),T4),(T69,T60))),(((T62,(T191,T32)),T138),T175)),T77)),((((T183,T117),(((T54,T50),T88),((T21,T121),T137))),T101),((T30,T99),T184))),((((T15,T198),(((T46,T47),T86),T108)),(((T81,T103),T92),(T181,(T185,T110)))),((((T65,T52),(T39,T68)),((T116,T129),T33)),((((T120,(T8,(T19,(T148,T2)))),(T53,T67)),T141),((T89,T200),T6))))),(((T12,T18),T11),((T126,T186),T192))),T0),(T9,T94)),(((((((T125,(T168,T158)),((T176,(T109,T79)),T159)),(((((T97,T10),T45),(T169,T90)),T146),T153)),(T29,((((T64,T114),(T199,T100)),(T139,T76)),T145))),(((((T51,(((T118,T143),T80),(T107,T41))),((T31,T147),(T149,T190))),(((((T58,T48),T177),T179),((T71,T82),T160)),T134)),((T55,T106),T44)),T43)),(((((T131,(((T93,(T154,T13)),T3),T98)),((((T162,(T150,T156)),T24),T26),(T124,T151))),((T56,T104),T28)),(((((T5,T140),T197),(T157,T83)),((T180,T164),T122)),T127)),(((T173,T70),(T167,T85)),(T172,T91)))),((T155,(T7,T189)),(((T163,T105),((T188,T112),T193)),T23)))),(T38,T152)),T123),(((T95,(T63,T1)),(T37,T57)),((T182,(T87,T170)),T130))),(T72,T119)),T66),T133),T165),(T34,(T166,T17))),T78);
#NNI moves:7/236
Remaining: 0
#NNI moves:9/236
#NNI moves:9/236
((((((((((((((((((((((((T158,T168),T125),(((T79,T109),T176),T159)),((T146,(((T97,T10),T45),(T169,T90))),T153)),((T145,(((T114,T64),(T100,T199)),(T139,T76))),T29)),(((((T51,(((T143,T118),T80),(T107,T41))),((T147,T31),(T190,T149))),((((T82,T71),T160),(((T58,T48),T177),T179)),T134)),((T55,T106),T44)),T43)),((((((T124,T151),(T26,(T24,((T156,T150),T162)))),((T98,(T3,((T154,T13),T93))),T131)),((T56,T104),T28)),(((((T5,T140),T197),(T83,T157)),((T164,T180),T122)),T127)),(((T167,T85),(T70,T173)),(T172,T91)))),((((T105,T163),((T188,T112),T193)),T23),((T189,T7),T155))),(((((((T63,T1),T95),(T57,T37)),((T182,(T170,T87)),T130)),((T119,T72),((((T78,(T34,(T17,T166))),T165),T133),T66))),T123),(T38,T152))),(T94,T9)),T0),((((T52,T65),(T68,T39)),((T116,T129),T33)),((T6,(T200,T89)),(T141,((((T19,(T148,T2)),T8),T120),(T53,T67)))))),(((T12,T18),T11),((T126,T186),T192))),((((T185,T110),T181),(T92,(T103,T81))),((T15,T198),(T108,(T86,(T47,T46)))))),((((((T50,T54),T88),((T121,T21),T137)),(T183,T117)),T101),((T99,T30),T184))),((((((((((T16,T174),T115),(T113,T49)),(T14,T25)),(T42,T111)),T194),((T75,T144),T195)),((T4,(T102,T132)),(T69,T60))),((((T191,T32),T62),T138),T175)),T77)),((((T73,T27),(T84,T135)),T35),(T178,T22))),((T187,T142),(T96,T74))),(((T171,T161),T61),(T36,T128))),T196),T136),T59),T40),T20);
Current score: 4.92971e+10
Current tree: (((T17,T166),(T78,(T165,(T133,(T66,((T119,T72),(((((T63,T1),T95),(T57,T37)),((T182,(T170,T87)),T130)),(T123,((T38,T152),(((((((((T158,T168),T125),(((T79,T109),T176),T159)),((T146,(((T97,T10),T45),(T169,T90))),T153)),((T145,(((T114,T64),(T100,T199)),(T139,T76))),T29)),(((((T51,(((T143,T118),T80),(T107,T41))),((T147,T31),(T190,T149))),((((T82,T71),T160),(((T58,T48),T177),T179)),T134)),((T55,T106),T44)),T43)),((((((T124,T151),(T26,(T24,((T156,T150),T162)))),((T98,(T3,((T154,T13),T93))),T131)),((T56,T104),T28)),(((((T5,T140),T197),(T83,T157)),((T164,T180),T122)),T127)),(((T167,T85),(T70,T173)),(T172,T91)))),((((T105,T163),((T188,T112),T193)),T23),((T189,T7),T155))),((T94,T9),(T0,(((((((((T50,T54),T88),((T121,T21),T137)),(T183,T117)),T101),((T99,T30),T184)),(((((((((((T16,T174),T115),(T113,T49)),(T14,T25)),(T42,T111)),T194),((T75,T144),T195)),((T4,(T102,T132)),(T69,T60))),((((T191,T32),T62),T138),T175)),T77),(((((T73,T27),(T84,T135)),T35),(T178,T22)),(((T187,T142),(T96,T74)),((((T171,T161),T61),(T36,T128)),(T196,(T136,(T59,(T40,T20))))))))),(((((T185,T110),T181),(T92,(T103,T81))),((T15,T198),(T108,(T86,(T47,T46))))),((((T52,T65),(T68,T39)),((T116,T129),T33)),((T6,(T200,T89)),(T141,((((T19,(T148,T2)),T8),T120),(T53,T67))))))),(((T12,T18),T11),((T126,T186),T192))))))))))))))),T34);
Use two-step algorithm!
#NNI moves:1/236
Remaining: 2
#NNI moves:2/236
#NNI moves:2/236
(((((((((((((((((((T171,T161),T61),(T36,T128)),(((T59,(T40,T20)),T136),T196)),((T187,T142),(T96,T74))),((T35,((T84,T135),(T73,T27))),(T22,T178))),((((((((((T174,T16),T115),(T49,T113)),(T14,T25)),(T111,T42)),T194),((T144,T75),T195)),((T60,T69),((T102,T132),T4))),(T175,(((T191,T32),T62),T138))),T77)),(((((T88,(T50,T54)),(T137,(T121,T21))),(T117,T183)),T101),(T184,(T30,T99)))),((((((T47,T46),T86),T108),(T15,T198)),(((T103,T81),T92),((T185,T110),T181))),(((((((T19,(T2,T148)),T8),T120),(T53,T67)),T141),((T200,T89),T6)),(((T65,T52),(T68,T39)),((T116,T129),T33))))),((T11,(T12,T18)),((T186,T126),T192))),T0),(T94,T9)),(((((((((T24,(T162,(T156,T150))),T26),(T124,T151)),(((T3,((T13,T154),T93)),T98),T131)),(T28,(T56,T104))),((((T164,T180),T122),(((T5,T140),T197),(T83,T157))),T127)),((T91,T172),((T85,T167),(T70,T173)))),(((((((T114,T64),(T100,T199)),(T139,T76)),T145),T29),(((((T169,T90),((T97,T10),T45)),T146),T153),((((T79,T109),T176),T159),((T158,T168),T125)))),((((((T179,(T177,(T48,T58))),((T82,T71),T160)),T134),((((T41,T107),((T118,T143),T80)),T51),((T149,T190),(T147,T31)))),((T55,T106),T44)),T43))),((T23,((T163,T105),((T188,T112),T193))),((T189,T7),T155)))),(T152,T38)),T123),((((T87,T170),T182),T130),((T95,(T1,T63)),(T37,T57)))),(T66,(((((T166,T17),T34),T78),T165),T133))),T72),T119);
#NNI moves:3/236
Remaining: 1
#NNI moves:17/236
#NNI moves:17/236
(((((((((((((((((((((((((T14,T25),((T115,(T16,T174)),(T49,T113))),(T111,T42)),T194),((T75,T144),T195)),((T4,(T132,T102)),(T60,T69))),((T138,((T191,T32),T62)),T175)),T77),(((((T135,T84),(T73,T27)),T35),(T178,T22)),(((T196,((T59,(T40,T20)),T136)),(((T171,T161),T61),(T128,T36))),((T142,T187),(T96,T74))))),((T12,T18),T11)),((((((T21,T121),T137),((T54,T50),T88)),(T183,T117)),T101),((T99,T30),T184))),(((((((((T2,T148),T19),T8),T120),(T67,T53)),T141),(T6,(T200,T89))),(((T116,T129),T33),((T52,T65),(T68,T39)))),((((T103,T81),T92),((T110,T185),T181)),((T15,T198),((T86,(T47,T46)),T108))))),(T192,(T126,T186))),T0),(T9,T94)),((((((((T164,T180),T122),((T157,T83),(T197,(T5,T140)))),T127),(((((((T156,T150),T162),T24),T26),(T124,T151)),(((T3,((T154,T13),T93)),T98),T131)),(T28,(T104,T56)))),((T91,T172),((T173,T70),(T167,T85)))),(((((((T114,T64),(T199,T100)),(T76,T139)),T145),T29),((T153,((((T97,T10),T45),(T90,T169)),T146)),((((T79,T109),T176),T159),(T125,(T168,T158))))),(((((((T71,T82),T160),((T177,(T58,T48)),T179)),T134),(((T31,T147),(T190,T149)),(((T80,(T118,T143)),(T107,T41)),T51))),((T55,T106),T44)),T43))),(((T7,T189),T155),((((T112,T188),T193),(T163,T105)),T23)))),(T152,T38)),T123),((((T1,T63),T95),(T57,T37)),((T182,(T170,T87)),T130))),(T72,T119)),T66),T133),T165),((T17,T166),T34)),T78);
#NNI moves:0/236
Remaining: 1
#NNI moves:15/236
#NNI moves:15/236
((((((((((((((((((((((T84,T135),(T73,T27)),T35),(T22,T178)),(((T196,(((T40,T20),T59),T136)),((T61,(T161,T171)),(T128,T36))),((T96,T74),(T187,T142)))),(((T175,((T62,(T191,T32)),T138)),(((((T111,T42),((T25,T14),((T115,(T174,T16)),(T113,T49)))),T194),((T144,T75),T195)),((T69,T60),((T132,T102),T4)))),T77)),((((((T54,T50),T88),((T121,T21),T137)),(T183,T117)),T101),((T30,T99),T184))),((((((T53,T67),((((T2,T148),T19),T8),T120)),T141),((T89,T200),T6)),(((T39,T68),(T52,T65)),((T116,T129),T33))),((((T110,T185),T181),(T92,(T103,T81))),((T15,T198),(((T47,T46),T86),T108))))),(((T18,T12),T11),((T126,T186),T192))),T0),(T94,T9)),((((((T153,(((T90,T169),((T10,T97),T45)),T146)),((((T79,T109),T176),T159),((T168,T158),T125))),((((T76,T139),((T100,T199),(T114,T64))),T145),T29)),(((((((T177,(T48,T58)),T179),((T71,T82),T160)),T134),(((T190,T149),(T147,T31)),(((T80,(T118,T143)),(T107,T41)),T51))),((T106,T55),T44)),T43)),((((((T124,T151),((((T150,T156),T162),T24),T26)),((T98,(((T13,T154),T93),T3)),T131)),((T104,T56),T28)),((((T164,T180),T122),((T157,T83),((T5,T140),T197))),T127)),(((T70,T173),(T85,T167)),(T91,T172)))),(((((T112,T188),T193),(T105,T163)),T23),((T189,T7),T155)))),(T152,T38)),T123),(((T182,(T170,T87)),T130),(((T63,T1),T95),(T57,T37)))),(T72,T119)),T66),T133),T165),T78),(T166,T17)),T34);
#NNI moves:0/236
Remaining: 5
#NNI moves:7/236
#NNI moves:8/236
((((((((((T30,T99),T184),(((((T21,T121),T137),((T50,T54),T88)),(T117,T183)),T101)),((((((((((((((T177,(T58,T48)),T179),((T82,T71),T160)),T134),(((T149,T190),(T31,T147)),(((T107,T41),(T80,(T118,T143))),T51))),((T55,T106),T44)),T43),((((T125,(T158,T168)),((T176,(T79,T109)),T159)),((T146,(((T10,T97),T45),(T90,T169))),T153)),(((((T64,T114),(T100,T199)),(T139,T76)),T145),T29))),(((((((((T156,T150),T162),T24),T26),(T124,T151)),(((((T154,T13),T93),T3),T98),T131)),(T28,(T104,T56))),((((T180,T164),T122),((T157,T83),((T140,T5),T197))),T127)),(((T173,T70),(T85,T167)),(T91,T172)))),((((T193,(T112,T188)),(T163,T105)),T23),((T189,T7),T155))),((((((T133,((((T166,T17),T34),T78),T165)),T66),(T72,T119)),(((T57,T37),((T1,T63),T95)),(T130,(T182,(T87,T170))))),T123),(T38,T152))),(T9,T94)),T0),((((((T47,T46),T86),T108),(T15,T198)),(((T185,T110),T181),(T92,(T103,T81)))),((((((((T148,T2),T19),T8),T120),(T53,T67)),T141),((T200,T89),T6)),(((T116,T129),T33),((T68,T39),(T65,T52))))))),(((T126,T186),T192),((T12,T18),T11))),((((((((((T174,T16),T115),(T49,T113)),(T14,T25)),(T42,T111)),T194),((T75,T144),T195)),((T4,(T132,T102)),(T60,T69))),((((T32,T191),T62),T138),T175)),T77)),(((T196,(((T40,T20),T59),T136)),((T128,T36),((T161,T171),T61))),((T142,T187),(T96,T74)))),(T22,T178)),((T27,T73),(T135,T84))),T35);
Current score: 4.92971e+10
Current tree: (((T166,T17),(T78,(T165,(T133,(T66,((T72,T119),((((T57,T37),((T1,T63),T95)),(T130,(T182,(T87,T170)))),(T123,((T38,T152),(((((((((((T177,(T58,T48)),T179),((T82,T71),T160)),T134),(((T149,T190),(T31,T147)),(((T107,T41),(T80,(T118,T143))),T51))),((T55,T106),T44)),T43),((((T125,(T158,T168)),((T176,(T79,T109)),T159)),((T146,(((T10,T97),T45),(T90,T169))),T153)),(((((T64,T114),(T100,T199)),(T139,T76)),T145),T29))),(((((((((T156,T150),T162),T24),T26),(T124,T151)),(((((T154,T13),T93),T3),T98),T131)),(T28,(T104,T56))),((((T180,T164),T122),((T157,T83),((T140,T5),T197))),T127)),(((T173,T70),(T85,T167)),(T91,T172)))),((((T193,(T112,T188)),(T163,T105)),T23),((T189,T7),T155))),((T9,T94),(T0,((((((((((((((T174,T16),T115),(T49,T113)),(T14,T25)),(T42,T111)),T194),((T75,T144),T195)),((T4,(T132,T102)),(T60,T69))),((((T32,T191),T62),T138),T175)),T77),((((T196,(((T40,T20),T59),T136)),((T128,T36),((T161,T171),T61))),((T142,T187),(T96,T74))),((T22,T178),(((T27,T73),(T135,T84)),T35)))),(((T30,T99),T184),(((((T21,T121),T137),((T50,T54),T88)),(T117,T183)),T101))),((((((T47,T46),T86),T108),(T15,T198)),(((T185,T110),T181),(T92,(T103,T81)))),((((((((T148,T2),T19),T8),T120),(T53,T67)),T141),((T200,T89),T6)),(((T116,T129),T33),((T68,T39),(T65,T52)))))),(((T126,T186),T192),((T12,T18),T11))))))))))))))),T34);
Final Tree: (((T166,T17),(T78,(T165,(T133,(T66,((T72,T119),((((T57,T37),((T1,T63),T95)),(T130,(T182,(T87,T170)))),(T123,((T38,T152),(((((((((((T177,(T58,T48)),T179),((T82,T71),T160)),T134),(((T149,T190),(T31,T147)),(((T107,T41),(T80,(T118,T143))),T51))),((T55,T106),T44)),T43),((((T125,(T158,T168)),((T176,(T79,T109)),T159)),((T146,(((T10,T97),T45),(T90,T169))),T153)),(((((T64,T114),(T100,T199)),(T139,T76)),T145),T29))),(((((((((T156,T150),T162),T24),T26),(T124,T151)),(((((T154,T13),T93),T3),T98),T131)),(T28,(T104,T56))),((((T180,T164),T122),((T157,T83),((T140,T5),T197))),T127)),(((T173,T70),(T85,T167)),(T91,T172)))),((((T193,(T112,T188)),(T163,T105)),T23),((T189,T7),T155))),((T9,T94),(T0,((((((((((((((T174,T16),T115),(T49,T113)),(T14,T25)),(T42,T111)),T194),((T75,T144),T195)),((T4,(T132,T102)),(T60,T69))),((((T32,T191),T62),T138),T175)),T77),((((T196,(((T40,T20),T59),T136)),((T128,T36),((T161,T171),T61))),((T142,T187),(T96,T74))),((T22,T178),(((T27,T73),(T135,T84)),T35)))),(((T30,T99),T184),(((((T21,T121),T137),((T50,T54),T88)),(T117,T183)),T101))),((((((T47,T46),T86),T108),(T15,T198)),(((T185,T110),T181),(T92,(T103,T81)))),((((((((T148,T2),T19),T8),T120),(T53,T67)),T141),((T200,T89),T6)),(((T116,T129),T33),((T68,T39),(T65,T52)))))),(((T126,T186),T192),((T12,T18),T11))))))))))))))),T34);
Score: 4.929710839e+10

real	2m12.047s
user	45m26.938s
sys	0m24.207s
