
RAxML-NG v. 1.1.0-master released on 04.08.2022 by The Exelixis Lab.
Developed by: Alexey M. Kozlov and Alexandros Stamatakis.
Contributors: Diego Darriba, Tomas Flouri, Benoit Morel, Sarah Lutteropp, Ben Bettisworth.
Latest version: https://github.com/amkozlov/raxml-ng
Questions/problems/suggestions? Please visit: https://groups.google.com/forum/#!forum/raxml

System: AMD EPYC 7742 64-Core Processor, 128 cores, 251 GB RAM

RAxML-NG was called at 13-Jan-2023 07:50:58 as follows:

/home/chaos/programs/raxml-ng/raxml-ng/bin/raxml-ng --msa data/alignment/29_1X_S201_0_1e6_haploid --tree pars{1} --model GTR+G --threads 64 --redo

Analysis options:
  run mode: ML tree search
  start tree(s): parsimony (1)
  random seed: 1673625058
  tip-inner: OFF
  pattern compression: ON
  per-rate scalers: OFF
  site repeats: ON
  fast spr radius: AUTO
  spr subtree cutoff: 1.000000
  branch lengths: proportional (ML estimate, algorithm: NR-FAST)
  SIMD kernels: AVX2
  parallelization: coarse-grained (auto), PTHREADS (64 threads), thread pinning: OFF

WARNING: Running in REDO mode: existing checkpoints are ignored, and all result files will be overwritten!

[00:00:00] Reading alignment from file: data/alignment/29_1X_S201_0_1e6_haploid
[00:00:03] Loaded alignment with 201 taxa and 5000000 sites

Alignment comprises 1 partitions and 4194725 patterns

Partition 0: noname
Model: GTR+FO+G4m
Alignment sites / patterns: 5000000 / 4194725
Gaps: 0.00 %
Invariant sites: 4.92 %


NOTE: Binary MSA file created: data/alignment/29_1X_S201_0_1e6_haploid.raxml.rba

Parallelization scheme autoconfig: 1 worker(s) x 64 thread(s)

Parallel reduction/worker buffer size: 1 KB  / 0 KB

[00:00:22] Generating 1 parsimony starting tree(s) with 201 taxa
[00:00:51] Data distribution: max. partitions/sites/weight per thread: 1 / 65543 / 1048688
[00:00:51] Data distribution: max. searches per worker: 1

Starting ML tree search with 1 distinct starting trees

[00:00:52 -281630371.854820] Initial branch length optimization
[00:02:47 -268175671.357315] Model parameter optimization (eps = 10.000000)
[00:19:15 -256948899.969310] AUTODETECT spr round 1 (radius: 5)
[00:27:31 -256861053.616439] AUTODETECT spr round 2 (radius: 10)
[00:54:14 -256861053.591837] SPR radius for FAST iterations: 5 (autodetect)
[00:54:14 -256861053.591837] Model parameter optimization (eps = 3.000000)
[00:55:31 -256861041.097235] FAST spr round 1 (radius: 5)
[01:16:01 -256858052.330261] FAST spr round 2 (radius: 5)
[01:54:43 -256855262.296685] FAST spr round 3 (radius: 5)
[02:11:56 -256854437.584254] FAST spr round 4 (radius: 5)
[02:28:47 -256854437.583927] Model parameter optimization (eps = 1.000000)
[02:29:42 -256854436.434453] SLOW spr round 1 (radius: 5)
[03:22:49 -256850438.487499] SLOW spr round 2 (radius: 5)
[04:09:50 -256850438.487230] SLOW spr round 3 (radius: 10)
[04:59:21 -256850438.487227] SLOW spr round 4 (radius: 15)
[06:37:46 -256850438.487227] SLOW spr round 5 (radius: 20)
[07:30:35 -256850438.487227] SLOW spr round 6 (radius: 25)
[07:41:13 -256850438.487227] Model parameter optimization (eps = 0.100000)

[07:41:36] ML tree search #1, logLikelihood: -256850438.402247


Optimized model parameters:

   Partition 0: noname
   Rate heterogeneity: GAMMA (4 cats, mean),  alpha: 0.835843 (ML),  weights&rates: (0.250000,0.103160) (0.250000,0.421174) (0.250000,0.966412) (0.250000,2.509254) 
   Base frequencies (ML): 0.279646 0.237575 0.324086 0.158693 
   Substitution rates (ML): 2.269781 5.474727 1.646287 2.613550 8.811704 1.000000 


Final LogLikelihood: -256850438.402247

AIC score: 513701692.804495 / AICc score: 513701692.871249 / BIC score: 513707170.183471
Free parameters (model + branch lengths): 408

Best ML tree saved to: /expanse/lustre/projects/uot138/chaos/ASTERISK-sim/data/alignment/29_1X_S201_0_1e6_haploid.raxml.bestTree
Optimized model saved to: /expanse/lustre/projects/uot138/chaos/ASTERISK-sim/data/alignment/29_1X_S201_0_1e6_haploid.raxml.bestModel

Execution log saved to: /expanse/lustre/projects/uot138/chaos/ASTERISK-sim/data/alignment/29_1X_S201_0_1e6_haploid.raxml.log

Analysis started: 13-Jan-2023 07:50:58 / finished: 13-Jan-2023 15:32:36

Elapsed time: 27698.082 seconds

Consumed energy: 5795352125161.624 Wh (= 28976760626 km in an electric car, or 144883803129 km with an e-scooter!)

