Weighted ASTRAL - Hybrid
Version: v1.13.2.3
#Genetrees: 2000
#Species: 201
#Rounds: 4
#Samples: 4
#Threads: 32
Use two-step algorithm!
Guide Tree 0/27
#NNI moves:1/236
Guide Tree 1/27
#NNI moves:4/236
Guide Tree 2/27
#NNI moves:4/236
Guide Tree 3/27
#NNI moves:0/236
Guide Tree 4/27
#NNI moves:3/236
Guide Tree 5/27
#NNI moves:1/236
Guide Tree 6/27
#NNI moves:0/236
Guide Tree 7/27
#NNI moves:0/236
Guide Tree 8/27
#NNI moves:0/236
Guide Tree 9/27
#NNI moves:0/236
Guide Tree 10/27
#NNI moves:0/236
Guide Tree 11/27
#NNI moves:3/236
Guide Tree 12/27
#NNI moves:4/236
Guide Tree 13/27
#NNI moves:3/236
Guide Tree 14/27
#NNI moves:0/236
Guide Tree 15/27
#NNI moves:1/236
Guide Tree 16/27
#NNI moves:0/236
Guide Tree 17/27
#NNI moves:0/236
Guide Tree 18/27
#NNI moves:1/236
Guide Tree 19/27
#NNI moves:0/236
Guide Tree 20/27
#NNI moves:1/236
Guide Tree 21/27
#NNI moves:3/236
Guide Tree 22/27
#NNI moves:1/236
Guide Tree 23/27
#NNI moves:0/236
Guide Tree 24/27
#NNI moves:3/236
Guide Tree 25/27
#NNI moves:0/236
Guide Tree 26/27
#NNI moves:0/236
Remaining: 3
#NNI moves:31/236
#NNI moves:34/236
(((((((((((((((T14,(T121,T185)),(T63,(T181,T35))),((((T126,T114),(T21,T49)),T103),T25)),((T23,T84),T110)),((T55,((T95,T73),T3)),T116)),((T24,T12),(T36,T159))),((((((((T183,(T151,T148)),T88),T109),T139),((T144,(((T99,T50),(T108,T197)),T124)),T190)),((T135,T2),T198)),((((T79,T131),T52),(T133,T102)),T59)),((((T128,T136),(T34,T192)),T81),T66))),T0),(((((((((T43,(T37,T15)),(T170,T6)),((T140,T94),T180)),T40),T53),T93),T97),((((T76,(T85,T1)),(T176,T184)),(T194,(((((T89,T67),T68),T13),(T74,T182)),T134))),(T147,T177))),(((T130,((T169,T57),T31)),((T32,T118),(T104,T193))),(T137,T149)))),(((((((T46,T141),(T10,T200)),((((T127,T61),(T4,T72)),((((T47,(T175,T8)),((T70,T60),T42)),T120),T111)),(((T199,T163),T188),T92))),(((T119,(T164,T62)),T82),(T51,(T101,T138)))),(((T167,T7),T154),((T20,(T78,T112)),(T38,T28)))),(T132,T146)),(((((T117,(T142,T91)),(((T27,(T44,T69)),(T19,T41)),(T48,T157))),(((T105,T150),T153),T30)),(T155,T174)),(((T107,T178),T17),(((T162,T100),T160),T171))))),((((((T64,T191),T113),(T129,T54)),T33),(T80,T152)),(T86,(T22,(T11,T115))))),((((T195,T165),T39),(T90,T196)),(T26,T123))),((((((((T29,T158),T96),T187),((T18,(T143,T87)),((T77,T179),((T83,T125),T45)))),T156),T186),((T98,T172),T168)),(((((T65,T122),T56),((T166,T58),(T75,T189))),T106),(T71,((T5,T16),T9))))),(T145,T173)),T161);
Guide Tree 0/27
#NNI moves:0/236
Guide Tree 1/27
#NNI moves:2/236
Guide Tree 2/27
#NNI moves:2/236
Guide Tree 3/27
#NNI moves:2/236
Guide Tree 4/27
#NNI moves:1/236
Guide Tree 5/27
#NNI moves:0/236
Guide Tree 6/27
#NNI moves:1/236
Guide Tree 7/27
#NNI moves:3/236
Guide Tree 8/27
#NNI moves:0/236
Guide Tree 9/27
#NNI moves:9/236
Guide Tree 10/27
#NNI moves:6/236
Guide Tree 11/27
#NNI moves:1/236
Guide Tree 12/27
#NNI moves:2/236
Guide Tree 13/27
#NNI moves:4/236
Guide Tree 14/27
#NNI moves:4/236
Guide Tree 15/27
#NNI moves:1/236
Guide Tree 16/27
#NNI moves:1/236
Guide Tree 17/27
#NNI moves:4/236
Guide Tree 18/27
#NNI moves:0/236
Guide Tree 19/27
#NNI moves:3/236
Guide Tree 20/27
#NNI moves:0/236
Guide Tree 21/27
#NNI moves:1/236
Guide Tree 22/27
#NNI moves:1/236
Guide Tree 23/27
#NNI moves:4/236
Guide Tree 24/27
#NNI moves:1/236
Guide Tree 25/27
#NNI moves:3/236
Guide Tree 26/27
#NNI moves:1/236
Remaining: 1
#NNI moves:22/236
#NNI moves:22/236
((((((((((((((((T140,T94),T180),((T43,(T15,T37)),(T170,T6))),T40),T53),T93),T97),(((((T85,T1),T76),(T184,T176)),((((((T89,T67),T68),T13),(T182,T74)),T134),T194)),(T147,T177))),((((T32,T118),(T104,T193)),(((T57,T169),T31),T130)),(T137,T149))),(((((((((((T108,T197),(T99,T50)),T124),T144),T190),(T139,(((T183,(T148,T151)),T88),T109))),((T2,T135),T198)),(T59,(((T131,T79),T52),(T133,T102)))),((((T192,T34),(T128,T136)),T81),T66)),(((T116,(((T73,T95),T3),T55)),((((((T49,T21),(T126,T114)),T103),T25),((T63,(T35,T181)),(T14,(T121,T185)))),((T84,T23),T110))),((T12,T24),(T159,T36)))),T0)),(((((((((T44,T69),T27),(T19,T41)),(T157,T48)),((T142,T91),T117)),((T153,(T105,T150)),T30)),(T174,T155)),(((T107,T178),T17),((T160,(T162,T100)),T171))),(((((T51,(T138,T101)),(((T62,T164),T119),T82)),(((T10,T200),(T46,T141)),(((((((T8,T175),T47),((T70,T60),T42)),T120),T111),((T61,T127),(T72,T4))),(T92,((T163,T199),T188))))),((T154,(T167,T7)),(((T78,T112),T20),(T28,T38)))),(T132,T146)))),((((T11,T115),T22),T86),((T33,((T54,T129),(T113,(T191,T64)))),(T80,T152)))),(((T196,T90),(T39,(T165,T195))),(T26,T123))),((((((((T29,T158),T96),T187),((((T125,T83),T45),(T179,T77)),((T87,T143),T18))),T156),T186),((T172,T98),T168)),(((((T122,T65),T56),((T75,T189),(T166,T58))),T106),((T9,(T5,T16)),T71)))),(T145,T173)),T161);
Guide Tree 0/27
#NNI moves:6/236
Guide Tree 1/27
#NNI moves:3/236
Guide Tree 2/27
#NNI moves:1/236
Guide Tree 3/27
#NNI moves:4/236
Guide Tree 4/27
#NNI moves:3/236
Guide Tree 5/27
#NNI moves:1/236
Guide Tree 6/27
#NNI moves:4/236
Guide Tree 7/27
#NNI moves:5/236
Guide Tree 8/27
#NNI moves:8/236
Guide Tree 9/27
#NNI moves:2/236
Guide Tree 10/27
#NNI moves:3/236
Guide Tree 11/27
#NNI moves:3/236
Guide Tree 12/27
#NNI moves:0/236
Guide Tree 13/27
#NNI moves:3/236
Guide Tree 14/27
#NNI moves:2/236
Guide Tree 15/27
#NNI moves:1/236
Guide Tree 16/27
#NNI moves:3/236
Guide Tree 17/27
#NNI moves:1/236
Guide Tree 18/27
#NNI moves:5/236
Guide Tree 19/27
#NNI moves:3/236
Guide Tree 20/27
#NNI moves:4/236
Guide Tree 21/27
#NNI moves:6/236
Guide Tree 22/27
#NNI moves:7/236
Guide Tree 23/27
#NNI moves:4/236
Guide Tree 24/27
#NNI moves:4/236
Guide Tree 25/27
#NNI moves:6/236
Guide Tree 26/27
#NNI moves:4/236
Remaining: 0
#NNI moves:20/236
#NNI moves:20/236
(((((((((((((T78,T112),T20),(T28,T38)),((T167,T7),T154)),((((((T163,T199),T188),T92),((((((T60,T70),T42),(T47,(T175,T8))),T120),T111),((T61,T127),(T72,T4)))),((T141,T46),(T200,T10))),((((T62,T164),T119),T82),((T138,T101),T51)))),(T146,T132)),((((T178,T107),T17),(((T162,T100),T160),T171)),((((((T27,(T69,T44)),(T41,T19)),(T48,T157)),((T91,T142),T117)),(T30,((T105,T150),T153))),(T174,T155)))),(((((((((T180,(T94,T140)),(((T37,T15),T43),(T170,T6))),T40),T53),T93),T97),(((((((T68,(T89,T67)),T13),(T182,T74)),T134),T194),(((T1,T85),T76),(T176,T184))),(T177,T147))),((T137,T149),((((T169,T57),T31),T130),((T104,T193),(T32,T118))))),((((((T110,(T23,T84)),(((T14,(T185,T121)),(T63,(T181,T35))),(T25,(((T114,T126),(T21,T49)),T103)))),((((T73,T95),T3),T55),T116)),((T36,T159),(T12,T24))),(((((((((T148,T151),T183),T88),T109),T139),((T144,(T124,((T50,T99),(T108,T197)))),T190)),((T135,T2),T198)),((((T131,T79),T52),(T133,T102)),T59)),((((T128,T136),(T192,T34)),T81),T66))),T0))),(((((T129,T54),((T191,T64),T113)),T33),(T80,T152)),((T22,(T115,T11)),T86))),(((T90,T196),(T39,(T195,T165))),(T26,T123))),((((((T166,T58),(T75,T189)),((T122,T65),T56)),T106),(((T16,T5),T9),T71)),(((((((T158,T29),T96),T187),(((T179,T77),(T45,(T83,T125))),((T87,T143),T18))),T156),T186),((T172,T98),T168)))),(T173,T145)),T161);
Guide Tree 0/27
#NNI moves:1/236
Guide Tree 1/27
#NNI moves:2/236
Guide Tree 2/27
#NNI moves:7/236
Guide Tree 3/27
#NNI moves:4/236
Guide Tree 4/27
#NNI moves:1/236
Guide Tree 5/27
#NNI moves:6/236
Guide Tree 6/27
#NNI moves:8/236
Guide Tree 7/27
#NNI moves:4/236
Guide Tree 8/27
#NNI moves:7/236
Guide Tree 9/27
#NNI moves:1/236
Guide Tree 10/27
#NNI moves:0/236
Guide Tree 11/27
#NNI moves:4/236
Guide Tree 12/27
#NNI moves:9/236
Guide Tree 13/27
#NNI moves:4/236
Guide Tree 14/27
#NNI moves:1/236
Guide Tree 15/27
#NNI moves:4/236
Guide Tree 16/27
#NNI moves:1/236
Guide Tree 17/27
#NNI moves:3/236
Guide Tree 18/27
#NNI moves:1/236
Guide Tree 19/27
#NNI moves:1/236
Guide Tree 20/27
#NNI moves:1/236
Guide Tree 21/27
#NNI moves:2/236
Guide Tree 22/27
#NNI moves:1/236
Guide Tree 23/27
#NNI moves:2/236
Guide Tree 24/27
#NNI moves:3/236
Guide Tree 25/27
#NNI moves:5/236
Guide Tree 26/27
#NNI moves:1/236
Remaining: 3
#NNI moves:23/236
#NNI moves:23/236
((((((((((((((((T181,T35),T63),(T14,(T121,T185))),((((T49,T21),(T114,T126)),T103),T25)),(T110,(T23,T84))),((((T95,T73),T3),T55),T116)),((T12,T24),(T159,T36))),(((T81,((T34,T192),(T136,T128))),T66),((((T135,T2),T198),((T190,((((T197,T108),(T50,T99)),T124),T144)),(((((T148,T151),T183),T88),T109),T139))),(T59,(((T79,T131),T52),(T133,T102)))))),T0),((((((((((T89,T67),T68),T13),(T74,T182)),T134),T194),((T184,T176),((T85,T1),T76))),(T177,T147)),(((T53,((((T6,T170),(T43,(T37,T15))),((T140,T94),T180)),T40)),T93),T97)),((((T193,T104),(T118,T32)),(((T57,T169),T31),T130)),(T137,T149)))),((((((((T164,T62),T119),T82),((T138,T101),T51)),(((((T61,T127),(T72,T4)),((((T42,(T70,T60)),(T47,(T8,T175))),T120),T111)),((T188,(T163,T199)),T92)),((T200,T10),(T46,T141)))),(((T7,T167),T154),(((T112,T78),T20),(T38,T28)))),(T132,T146)),(((((((T19,T41),(T27,(T69,T44))),(T157,T48)),((T142,T91),T117)),((T153,(T150,T105)),T30)),(T155,T174)),(((T160,(T100,T162)),T171),((T178,T107),T17))))),(((T22,(T115,T11)),T86),((((T54,T129),(T113,(T191,T64))),T33),(T152,T80)))),((((T195,T165),T39),(T196,T90)),(T123,T26))),(((((T5,T16),T9),T71),(T106,((T56,(T65,T122)),((T75,T189),(T166,T58))))),(((((((T143,T87),T18),(((T125,T83),T45),(T179,T77))),(((T158,T29),T96),T187)),T156),T186),(T168,(T98,T172))))),(T145,T173)),T161);
Initial score: 3.88886e+10
Initial tree: ((((((((((((((((T181,T35),T63),(T14,(T121,T185))),((((T49,T21),(T114,T126)),T103),T25)),(T110,(T23,T84))),((((T95,T73),T3),T55),T116)),((T12,T24),(T159,T36))),(((T81,((T34,T192),(T136,T128))),T66),((((T135,T2),T198),((T190,((((T197,T108),(T50,T99)),T124),T144)),(((((T148,T151),T183),T88),T109),T139))),(T59,(((T79,T131),T52),(T133,T102)))))),T0),((((((((((T89,T67),T68),T13),(T74,T182)),T134),T194),((T184,T176),((T85,T1),T76))),(T177,T147)),(((T53,((((T6,T170),(T43,(T37,T15))),((T140,T94),T180)),T40)),T93),T97)),((((T193,T104),(T118,T32)),(((T57,T169),T31),T130)),(T137,T149)))),((((((((T164,T62),T119),T82),((T138,T101),T51)),(((((T61,T127),(T72,T4)),((((T42,(T70,T60)),(T47,(T8,T175))),T120),T111)),((T188,(T163,T199)),T92)),((T200,T10),(T46,T141)))),(((T7,T167),T154),(((T112,T78),T20),(T38,T28)))),(T132,T146)),(((((((T19,T41),(T27,(T69,T44))),(T157,T48)),((T142,T91),T117)),((T153,(T150,T105)),T30)),(T155,T174)),(((T160,(T100,T162)),T171),((T178,T107),T17))))),(((T22,(T115,T11)),T86),((((T54,T129),(T113,(T191,T64))),T33),(T152,T80)))),((((T195,T165),T39),(T196,T90)),(T123,T26))),(((((T5,T16),T9),T71),(T106,((T56,(T65,T122)),((T75,T189),(T166,T58))))),(((((((T143,T87),T18),(((T125,T83),T45),(T179,T77))),(((T158,T29),T96),T187)),T156),T186),(T168,(T98,T172))))),(T145,T173)),T161);
*** Subsample Process ***
Use two-step algorithm!
#NNI moves:3/236
Remaining: 4
#NNI moves:12/236
#NNI moves:13/236
((((((((((((((((((((T122,T65),T56),((T166,T58),(T75,T189))),T106),((T9,(T16,T5)),T71)),(((((((T143,T87),T18),(((T125,T83),T45),(T77,T179))),(((T158,T29),T96),T187)),T156),T186),((T98,T172),T168))),((T145,T173),T161)),((((T165,T195),T39),(T196,T90)),(T26,T123))),((((((T191,T64),T113),(T54,T129)),T33),(T152,T80)),(((T11,T115),T22),T86))),((((((T38,T28),(T20,(T78,T112))),((T167,T7),T154)),((((T119,(T62,T164)),T82),((T101,T138),T51)),(((((T163,T199),T188),T92),(((T127,T61),(T4,T72)),(((((T175,T8),T47),((T70,T60),T42)),T120),T111))),((T10,T200),(T141,T46))))),(T146,T132)),(((((T117,(T142,T91)),((T157,T48),(((T69,T44),T27),(T41,T19)))),(((T105,T150),T153),T30)),(T174,T155)),(((T178,T107),T17),((T160,(T162,T100)),T171))))),(((((T32,T118),(T193,T104)),((T31,(T169,T57)),T130)),(T137,T149)),(((((((((T89,T67),T68),T13),(T182,T74)),T134),T194),(((T85,T1),T76),(T176,T184))),(T177,T147)),(((((((T140,T94),T180),((T6,T170),((T37,T15),T43))),T40),T53),T93),T97)))),T0),(((((T34,T192),(T136,T128)),T81),T66),((((((((T197,T108),(T50,T99)),T124),T144),T190),(((T88,(T183,(T148,T151))),T109),T139)),((T2,T135),T198)),(T59,((T102,T133),((T79,T131),T52)))))),((T12,T24),(T159,T36))),((((T95,T73),T3),T55),T116)),((T23,T84),T110)),(((T181,T35),T63),((T121,T185),T14))),T25),((T49,T21),(T126,T114))),T103);
#NNI moves:1/236
Remaining: 1
#NNI moves:5/236
#NNI moves:5/236
((((((((((((((((((T21,T49),(T126,T114)),T103),T25),(((T35,T181),T63),((T185,T121),T14))),((T23,T84),T110)),(((T3,(T73,T95)),T55),T116)),((T24,T12),(T36,T159))),((((((T144,(((T50,T99),(T197,T108)),T124)),T190),(((T88,(T183,(T151,T148))),T109),T139)),((T2,T135),T198)),(((T52,(T79,T131)),(T133,T102)),T59)),((((T192,T34),(T128,T136)),T81),T66))),T0),(((((T31,(T57,T169)),T130),((T118,T32),(T193,T104))),(T137,T149)),((((((T85,T1),T76),(T176,T184)),((((T13,((T67,T89),T68)),(T182,T74)),T134),T194)),(T147,T177)),((((((((T15,T37),T43),(T6,T170)),((T94,T140),T180)),T40),T53),T93),T97)))),((((((((T164,T62),T119),T82),((T101,T138),T51)),((((T188,(T163,T199)),T92),(((T127,T61),(T4,T72)),(T111,(((T47,(T175,T8)),(T42,(T70,T60))),T120)))),((T141,T46),(T10,T200)))),(((T28,T38),(T20,(T78,T112))),(T154,(T167,T7)))),(T132,T146)),((((((T157,T48),((T41,T19),((T69,T44),T27))),((T91,T142),T117)),(T30,((T105,T150),T153))),(T155,T174)),(((T107,T178),T17),(((T100,T162),T160),T171))))),(((((T113,(T191,T64)),(T54,T129)),T33),(T80,T152)),(((T11,T115),T22),T86))),(((T90,T196),((T195,T165),T39)),(T26,T123))),(((((T56,(T65,T122)),((T166,T58),(T75,T189))),T106),((T9,(T16,T5)),T71)),(((((((T179,T77),((T125,T83),T45)),((T87,T143),T18)),(((T158,T29),T96),T187)),T156),T186),(T168,(T98,T172))))),T161),T173),T145);
#NNI moves:1/236
Remaining: 0
#NNI moves:15/236
#NNI moves:15/236
(((((((((((((((((((((((((T70,T60),T42),(T47,(T175,T8))),T120),T111),((T4,T72),(T127,T61))),((T188,(T199,T163)),T92)),((T200,T10),(T46,T141))),((T51,(T101,T138)),((T119,(T164,T62)),T82))),(((T167,T7),T154),((T28,T38),((T78,T112),T20)))),(T132,T146)),(((((((T41,T19),((T69,T44),T27)),(T157,T48)),(T117,(T91,T142))),(((T105,T150),T153),T30)),(T174,T155)),((((T162,T100),T160),T171),(T17,(T107,T178))))),((((((((((((T83,T125),T45),(T179,T77)),(T18,(T87,T143))),(((T29,T158),T96),T187)),T156),T186),((T172,T98),T168)),(((((T75,T189),(T166,T58)),((T122,T65),T56)),T106),((T9,(T5,T16)),T71))),((T173,T145),T161)),((T123,T26),((T39,(T165,T195)),(T90,T196)))),((((((T64,T191),T113),(T54,T129)),T33),(T152,T80)),(((T115,T11),T22),T86)))),((((((((T74,T182),(T13,((T67,T89),T68))),T134),T194),((T76,(T85,T1)),(T176,T184))),(T147,T177)),(((T53,(((((T37,T15),T43),(T6,T170)),((T94,T140),T180)),T40)),T93),T97)),(((T130,(T31,(T169,T57))),((T193,T104),(T32,T118))),(T149,T137)))),T0),(((((((((T151,T148),T183),T88),T109),T139),(T190,((T124,((T99,T50),(T108,T197))),T144))),((T2,T135),T198)),(((T133,T102),((T131,T79),T52)),T59)),((((T128,T136),(T34,T192)),T81),T66))),((T159,T36),(T24,T12))),((((T95,T73),T3),T55),T116)),((T23,T84),T110)),(((T181,T35),T63),(T14,(T121,T185)))),T25),T103),(T114,T126)),T21),T49);
#NNI moves:3/236
Remaining: 0
#NNI moves:30/236
#NNI moves:32/236
(((((((((((((((T23,T84),T110),(((T14,(T185,T121)),(T63,(T181,T35))),((((T49,T21),(T126,T114)),T103),T25))),(T116,((T3,(T73,T95)),T55))),((T36,T159),(T24,T12))),((((((((T183,(T148,T151)),T88),T109),T139),(((((T50,T99),(T197,T108)),T124),T144),T190)),(T198,(T135,T2))),(((T102,T133),((T131,T79),T52)),T59)),((((T192,T34),(T136,T128)),T81),T66))),T0),((((((((T74,T182),(T13,((T67,T89),T68))),T134),T194),((T176,T184),((T85,T1),T76))),(T147,T177)),(((((((T140,T94),T180),((T170,T6),(T43,(T37,T15)))),T40),T53),T93),T97)),((((T193,T104),(T118,T32)),((T31,(T169,T57)),T130)),(T149,T137)))),((((((((((((T8,T175),T47),((T70,T60),T42)),T120),T111),((T4,T72),(T61,T127))),(((T199,T163),T188),T92)),((T200,T10),(T141,T46))),((T82,((T164,T62),T119)),(T51,(T138,T101)))),((((T112,T78),T20),(T28,T38)),((T7,T167),T154))),(T146,T132)),(((((((T41,T19),((T44,T69),T27)),(T48,T157)),((T142,T91),T117)),(T30,((T150,T105),T153))),(T174,T155)),((((T162,T100),T160),T171),((T178,T107),T17))))),(((((T54,T129),((T64,T191),T113)),T33),(T80,T152)),(((T11,T115),T22),T86))),(((T39,(T195,T165)),(T196,T90)),(T123,T26))),((((((T166,T58),(T189,T75)),((T65,T122),T56)),T106),((T9,(T16,T5)),T71)),(((((((T87,T143),T18),(((T125,T83),T45),(T77,T179))),(T187,(T96,(T158,T29)))),T156),T186),((T98,T172),T168)))),T161),T173),T145);
Current score: 3.88886e+10
Current tree: ((((((((((((((T23,T84),T110),(((T14,(T185,T121)),(T63,(T181,T35))),((((T49,T21),(T126,T114)),T103),T25))),(T116,((T3,(T73,T95)),T55))),((T36,T159),(T24,T12))),((((((((T183,(T148,T151)),T88),T109),T139),(((((T50,T99),(T197,T108)),T124),T144),T190)),(T198,(T135,T2))),(((T102,T133),((T131,T79),T52)),T59)),((((T192,T34),(T136,T128)),T81),T66))),T0),((((((((T74,T182),(T13,((T67,T89),T68))),T134),T194),((T176,T184),((T85,T1),T76))),(T147,T177)),(((((((T140,T94),T180),((T170,T6),(T43,(T37,T15)))),T40),T53),T93),T97)),((((T193,T104),(T118,T32)),((T31,(T169,T57)),T130)),(T149,T137)))),((((((((((((T8,T175),T47),((T70,T60),T42)),T120),T111),((T4,T72),(T61,T127))),(((T199,T163),T188),T92)),((T200,T10),(T141,T46))),((T82,((T164,T62),T119)),(T51,(T138,T101)))),((((T112,T78),T20),(T28,T38)),((T7,T167),T154))),(T146,T132)),(((((((T41,T19),((T44,T69),T27)),(T48,T157)),((T142,T91),T117)),(T30,((T150,T105),T153))),(T174,T155)),((((T162,T100),T160),T171),((T178,T107),T17))))),(((((T54,T129),((T64,T191),T113)),T33),(T80,T152)),(((T11,T115),T22),T86))),(((T39,(T195,T165)),(T196,T90)),(T123,T26))),((((((T166,T58),(T189,T75)),((T65,T122),T56)),T106),((T9,(T16,T5)),T71)),(((((((T87,T143),T18),(((T125,T83),T45),(T77,T179))),(T187,(T96,(T158,T29)))),T156),T186),((T98,T172),T168)))),(T173,T145)),T161);
Final Tree: ((((((((((((((T23,T84),T110),(((T14,(T185,T121)),(T63,(T181,T35))),((((T49,T21),(T126,T114)),T103),T25))),(T116,((T3,(T73,T95)),T55))),((T36,T159),(T24,T12))),((((((((T183,(T148,T151)),T88),T109),T139),(((((T50,T99),(T197,T108)),T124),T144),T190)),(T198,(T135,T2))),(((T102,T133),((T131,T79),T52)),T59)),((((T192,T34),(T136,T128)),T81),T66))),T0),((((((((T74,T182),(T13,((T67,T89),T68))),T134),T194),((T176,T184),((T85,T1),T76))),(T147,T177)),(((((((T140,T94),T180),((T170,T6),(T43,(T37,T15)))),T40),T53),T93),T97)),((((T193,T104),(T118,T32)),((T31,(T169,T57)),T130)),(T149,T137)))),((((((((((((T8,T175),T47),((T70,T60),T42)),T120),T111),((T4,T72),(T61,T127))),(((T199,T163),T188),T92)),((T200,T10),(T141,T46))),((T82,((T164,T62),T119)),(T51,(T138,T101)))),((((T112,T78),T20),(T28,T38)),((T7,T167),T154))),(T146,T132)),(((((((T41,T19),((T44,T69),T27)),(T48,T157)),((T142,T91),T117)),(T30,((T150,T105),T153))),(T174,T155)),((((T162,T100),T160),T171),((T178,T107),T17))))),(((((T54,T129),((T64,T191),T113)),T33),(T80,T152)),(((T11,T115),T22),T86))),(((T39,(T195,T165)),(T196,T90)),(T123,T26))),((((((T166,T58),(T189,T75)),((T65,T122),T56)),T106),((T9,(T16,T5)),T71)),(((((((T87,T143),T18),(((T125,T83),T45),(T77,T179))),(T187,(T96,(T158,T29)))),T156),T186),((T98,T172),T168)))),(T173,T145)),T161);
Score: 3.888862642e+10

real	1m18.915s
user	26m38.798s
sys	0m18.469s
