Weighted ASTRAL - Hybrid
Version: v1.13.2.3
#Genetrees: 2000
#Species: 201
#Rounds: 4
#Samples: 4
#Threads: 32
Use two-step algorithm!
Guide Tree 0/27
#NNI moves:0/236
Guide Tree 1/27
#NNI moves:1/236
Guide Tree 2/27
#NNI moves:1/236
Guide Tree 3/27
#NNI moves:0/236
Guide Tree 4/27
#NNI moves:1/236
Guide Tree 5/27
#NNI moves:0/236
Guide Tree 6/27
#NNI moves:0/236
Guide Tree 7/27
#NNI moves:0/236
Guide Tree 8/27
#NNI moves:1/236
Guide Tree 9/27
#NNI moves:0/236
Guide Tree 10/27
#NNI moves:0/236
Guide Tree 11/27
#NNI moves:0/236
Guide Tree 12/27
#NNI moves:0/236
Guide Tree 13/27
#NNI moves:1/236
Guide Tree 14/27
#NNI moves:1/236
Guide Tree 15/27
#NNI moves:0/236
Guide Tree 16/27
#NNI moves:0/236
Guide Tree 17/27
#NNI moves:0/236
Guide Tree 18/27
#NNI moves:0/236
Guide Tree 19/27
#NNI moves:0/236
Guide Tree 20/27
#NNI moves:0/236
Guide Tree 21/27
#NNI moves:0/236
Guide Tree 22/27
#NNI moves:0/236
Guide Tree 23/27
#NNI moves:0/236
Guide Tree 24/27
#NNI moves:0/236
Guide Tree 25/27
#NNI moves:0/236
Guide Tree 26/27
#NNI moves:0/236
Remaining: 0
#NNI moves:7/236
#NNI moves:7/236
((((((((((((((((((T165,T29),(T154,T65)),(T80,(T82,T58))),(((T189,(T16,T136)),T20),T190)),((T14,T77),(T9,T146))),(((((T133,((T144,T143),T161)),(T56,(T140,T195))),(T33,T97)),T172),(T50,T81))),((((T170,((T169,(T104,T6)),T112)),T108),(((T187,T45),T121),((((T91,T147),T44),T117),T52))),((T69,T151),T47))),((((T114,T59),(((T141,T95),((T110,T66),T26)),((T28,T31),T148))),((T89,T119),(T162,(T18,T106)))),((((((T4,((T17,T150),T171)),(T54,T124)),T192),T180),((T8,T200),T135)),(T96,T83)))),(((((((T186,T57),(T79,(T178,T128))),((T157,T118),T55)),(T130,T5)),T51),((T86,((T166,T197),((T145,T36),T149))),((T129,T92),(T164,T13)))),((((((T131,T41),(T155,T183)),(T107,T74)),(((T60,T105),T53),(((T23,T46),((T142,(T63,T123)),T159)),T1))),T122),(T88,T115)))),T198),T0),(((((((((T37,T98),T24),T32),T179),(T137,T70)),(T152,T72)),T173),((T158,T199),T120)),T188)),(((((((T185,(T90,T49)),((T134,T67),T193)),T113),(T62,T109)),(((T153,T71),T103),(T138,T2))),((T35,T160),(T15,(T191,T10)))),((T39,(T100,T64)),(T68,T174)))),((((((T87,(T132,(T94,T99))),T194),T61),((T101,T126),(T25,T168))),(T3,T78)),T38)),((((((((T27,T42),T30),T111),(T163,T177)),(((T184,T125),T22),(T40,T21))),(T12,(T84,T73))),(((T85,T75),(T156,(T127,T102))),(((T48,(T76,T7)),T43),(((T93,T167),T19),(T181,(T139,T176)))))),(T116,T182))),(T196,T11)),T34),T175);
Guide Tree 0/27
#NNI moves:0/236
Guide Tree 1/27
#NNI moves:0/236
Guide Tree 2/27
#NNI moves:0/236
Guide Tree 3/27
#NNI moves:0/236
Guide Tree 4/27
#NNI moves:0/236
Guide Tree 5/27
#NNI moves:0/236
Guide Tree 6/27
#NNI moves:3/236
Guide Tree 7/27
#NNI moves:0/236
Guide Tree 8/27
#NNI moves:0/236
Guide Tree 9/27
#NNI moves:0/236
Guide Tree 10/27
#NNI moves:0/236
Guide Tree 11/27
#NNI moves:0/236
Guide Tree 12/27
#NNI moves:0/236
Guide Tree 13/27
#NNI moves:0/236
Guide Tree 14/27
#NNI moves:0/236
Guide Tree 15/27
#NNI moves:0/236
Guide Tree 16/27
#NNI moves:0/236
Guide Tree 17/27
#NNI moves:0/236
Guide Tree 18/27
#NNI moves:0/236
Guide Tree 19/27
#NNI moves:0/236
Guide Tree 20/27
#NNI moves:0/236
Guide Tree 21/27
#NNI moves:0/236
Guide Tree 22/27
#NNI moves:0/236
Guide Tree 23/27
#NNI moves:0/236
Guide Tree 24/27
#NNI moves:0/236
Guide Tree 25/27
#NNI moves:0/236
Guide Tree 26/27
#NNI moves:0/236
Remaining: 0
#NNI moves:11/236
#NNI moves:11/236
(((((((((((((((((((T16,T136),T189),T20),T190),((T80,(T82,T58)),((T154,T65),(T29,T165)))),((T146,T9),(T14,T77))),((((((T195,T140),T56),(((T144,T143),T161),T133)),(T33,T97)),T172),(T50,T81))),((((T121,(T45,T187)),(T52,((T44,(T91,T147)),T117))),((((T169,(T104,T6)),T112),T170),T108)),((T69,T151),T47))),((((((((T171,(T17,T150)),T4),(T54,T124)),T192),T180),((T8,T200),T135)),(T96,T83)),((((T18,T106),T162),(T89,T119)),(((T148,(T31,T28)),((T141,T95),(T26,(T110,T66)))),(T114,T59))))),(((((((T79,(T128,T178)),(T186,T57)),((T118,T157),T55)),(T130,T5)),T51),((((T197,T166),((T145,T36),T149)),T86),((T164,T13),(T129,T92)))),(((((T53,(T105,T60)),(((((T63,T123),T142),T159),(T46,T23)),T1)),(((T155,T183),(T131,T41)),(T107,T74))),T122),(T88,T115)))),T198),T0),(((((((T32,((T37,T98),T24)),T179),(T70,T137)),(T72,T152)),T173),((T158,T199),T120)),T188)),(((((((T185,(T49,T90)),((T134,T67),T193)),T113),(T109,T62)),(((T71,T153),T103),(T2,T138))),((T15,(T191,T10)),(T35,T160))),((T174,T68),(T39,(T100,T64))))),(((((((T132,(T99,T94)),T87),T194),T61),((T168,T25),(T126,T101))),(T78,T3)),T38)),((((((T21,T40),((T184,T125),T22)),(((T30,(T27,T42)),T111),(T163,T177))),((T84,T73),T12)),(((((T76,T7),T48),T43),(((T139,T176),T181),((T167,T93),T19))),((T85,T75),(T156,(T102,T127))))),(T116,T182))),(T196,T11)),T34),T175);
Guide Tree 0/27
#NNI moves:1/236
Guide Tree 1/27
#NNI moves:0/236
Guide Tree 2/27
#NNI moves:0/236
Guide Tree 3/27
#NNI moves:1/236
Guide Tree 4/27
#NNI moves:0/236
Guide Tree 5/27
#NNI moves:0/236
Guide Tree 6/27
#NNI moves:0/236
Guide Tree 7/27
#NNI moves:1/236
Guide Tree 8/27
#NNI moves:1/236
Guide Tree 9/27
#NNI moves:3/236
Guide Tree 10/27
#NNI moves:0/236
Guide Tree 11/27
#NNI moves:0/236
Guide Tree 12/27
#NNI moves:0/236
Guide Tree 13/27
#NNI moves:0/236
Guide Tree 14/27
#NNI moves:0/236
Guide Tree 15/27
#NNI moves:0/236
Guide Tree 16/27
#NNI moves:0/236
Guide Tree 17/27
#NNI moves:0/236
Guide Tree 18/27
#NNI moves:0/236
Guide Tree 19/27
#NNI moves:0/236
Guide Tree 20/27
#NNI moves:0/236
Guide Tree 21/27
#NNI moves:0/236
Guide Tree 22/27
#NNI moves:0/236
Guide Tree 23/27
#NNI moves:0/236
Guide Tree 24/27
#NNI moves:0/236
Guide Tree 25/27
#NNI moves:1/236
Guide Tree 26/27
#NNI moves:0/236
Remaining: 0
#NNI moves:17/236
#NNI moves:17/236
((((((((((((((((((((T143,T144),T161),T133),((T195,T140),T56)),(T97,T33)),T172),(T50,T81)),((((T20,((T136,T16),T189)),T190),(((T29,T165),(T65,T154)),((T82,T58),T80))),((T14,T77),(T9,T146)))),(((T108,((((T6,T104),T169),T112),T170)),(((((T91,T147),T44),T117),T52),((T187,T45),T121))),((T69,T151),T47))),((((((T141,T95),((T66,T110),T26)),((T31,T28),T148)),(T59,T114)),((T89,T119),((T18,T106),T162))),((((((((T150,T17),T171),T4),(T54,T124)),T192),T180),((T8,T200),T135)),(T96,T83)))),(((((T13,T164),(T129,T92)),(T86,(((T36,T145),T149),(T166,T197)))),(((((T157,T118),T55),(((T178,T128),T79),(T57,T186))),(T130,T5)),T51)),((T88,T115),((((T1,((T46,T23),((T142,(T63,T123)),T159))),(T53,(T105,T60))),((T107,T74),((T41,T131),(T183,T155)))),T122)))),T198),T0),((((T199,T158),T120),(((T152,T72),((T137,T70),((T32,((T98,T37),T24)),T179))),T173)),T188)),(((((T191,T10),T15),(T35,T160)),((((((T49,T90),T185),(T193,(T134,T67))),T113),(T109,T62)),(((T153,T71),T103),(T2,T138)))),(((T100,T64),T39),(T174,T68)))),((((((T87,((T99,T94),T132)),T194),T61),((T168,T25),(T101,T126))),(T78,T3)),T38)),((((((T163,T177),(((T42,T27),T30),T111)),(((T184,T125),T22),(T21,T40))),(T12,(T73,T84))),(((T156,(T127,T102)),(T85,T75)),((((T139,T176),T181),(T19,(T167,T93))),(((T7,T76),T48),T43)))),(T116,T182))),(T196,T11)),T34),T175);
Guide Tree 0/27
#NNI moves:0/236
Guide Tree 1/27
#NNI moves:0/236
Guide Tree 2/27
#NNI moves:1/236
Guide Tree 3/27
#NNI moves:0/236
Guide Tree 4/27
#NNI moves:0/236
Guide Tree 5/27
#NNI moves:0/236
Guide Tree 6/27
#NNI moves:0/236
Guide Tree 7/27
#NNI moves:0/236
Guide Tree 8/27
#NNI moves:0/236
Guide Tree 9/27
#NNI moves:0/236
Guide Tree 10/27
#NNI moves:0/236
Guide Tree 11/27
#NNI moves:0/236
Guide Tree 12/27
#NNI moves:0/236
Guide Tree 13/27
#NNI moves:0/236
Guide Tree 14/27
#NNI moves:0/236
Guide Tree 15/27
#NNI moves:0/236
Guide Tree 16/27
#NNI moves:0/236
Guide Tree 17/27
#NNI moves:0/236
Guide Tree 18/27
#NNI moves:1/236
Guide Tree 19/27
#NNI moves:0/236
Guide Tree 20/27
#NNI moves:0/236
Guide Tree 21/27
#NNI moves:0/236
Guide Tree 22/27
#NNI moves:0/236
Guide Tree 23/27
#NNI moves:0/236
Guide Tree 24/27
#NNI moves:0/236
Guide Tree 25/27
#NNI moves:0/236
Guide Tree 26/27
#NNI moves:0/236
Remaining: 1
#NNI moves:10/236
#NNI moves:10/236
(((((((((((((((((T95,T141),(T26,(T110,T66))),(T148,(T31,T28))),(T59,T114)),((T89,T119),((T18,T106),T162))),((((((((T17,T150),T171),T4),(T54,T124)),T192),T180),((T8,T200),T135)),(T83,T96))),((((T81,T50),((((((T143,T144),T161),T133),((T195,T140),T56)),(T97,T33)),T172)),(((T9,T146),(T77,T14)),((((T154,T65),(T29,T165)),((T82,T58),T80)),((((T136,T16),T189),T20),T190)))),(((((T117,(T44,(T91,T147))),T52),((T45,T187),T121)),((((T169,(T104,T6)),T112),T170),T108)),((T151,T69),T47)))),((((((T197,T166),((T36,T145),T149)),T86),((T92,T129),(T164,T13))),(((((T118,T157),T55),((T186,T57),((T128,T178),T79))),(T5,T130)),T51)),((T115,T88),((((((T159,((T63,T123),T142)),(T23,T46)),T1),((T105,T60),T53)),(((T183,T155),(T41,T131)),(T74,T107))),T122)))),T198),T0),(((((T72,T152),((((T24,(T98,T37)),T32),T179),(T137,T70))),T173),(T120,(T158,T199))),T188)),((((((((T67,T134),T193),((T49,T90),T185)),T113),(T62,T109)),((T2,T138),((T153,T71),T103))),((T35,T160),((T191,T10),T15))),((T39,(T100,T64)),(T68,T174)))),(((((T168,T25),(T101,T126)),(T61,(T194,(((T99,T94),T132),T87)))),(T78,T3)),T38)),((((((T127,T102),T156),(T85,T75)),((((T176,T139),T181),(T19,(T167,T93))),(((T7,T76),T48),T43))),((((T111,((T27,T42),T30)),(T177,T163)),((T40,T21),(T22,(T184,T125)))),((T84,T73),T12))),(T116,T182))),(T11,T196)),T34),T175);
Initial score: 4.74563e+10
Initial tree: (((((((((((((((((T95,T141),(T26,(T110,T66))),(T148,(T31,T28))),(T59,T114)),((T89,T119),((T18,T106),T162))),((((((((T17,T150),T171),T4),(T54,T124)),T192),T180),((T8,T200),T135)),(T83,T96))),((((T81,T50),((((((T143,T144),T161),T133),((T195,T140),T56)),(T97,T33)),T172)),(((T9,T146),(T77,T14)),((((T154,T65),(T29,T165)),((T82,T58),T80)),((((T136,T16),T189),T20),T190)))),(((((T117,(T44,(T91,T147))),T52),((T45,T187),T121)),((((T169,(T104,T6)),T112),T170),T108)),((T151,T69),T47)))),((((((T197,T166),((T36,T145),T149)),T86),((T92,T129),(T164,T13))),(((((T118,T157),T55),((T186,T57),((T128,T178),T79))),(T5,T130)),T51)),((T115,T88),((((((T159,((T63,T123),T142)),(T23,T46)),T1),((T105,T60),T53)),(((T183,T155),(T41,T131)),(T74,T107))),T122)))),T198),T0),(((((T72,T152),((((T24,(T98,T37)),T32),T179),(T137,T70))),T173),(T120,(T158,T199))),T188)),((((((((T67,T134),T193),((T49,T90),T185)),T113),(T62,T109)),((T2,T138),((T153,T71),T103))),((T35,T160),((T191,T10),T15))),((T39,(T100,T64)),(T68,T174)))),(((((T168,T25),(T101,T126)),(T61,(T194,(((T99,T94),T132),T87)))),(T78,T3)),T38)),((((((T127,T102),T156),(T85,T75)),((((T176,T139),T181),(T19,(T167,T93))),(((T7,T76),T48),T43))),((((T111,((T27,T42),T30)),(T177,T163)),((T40,T21),(T22,(T184,T125)))),((T84,T73),T12))),(T116,T182))),(T11,T196)),T34),T175);
*** Subsample Process ***
Use two-step algorithm!
#NNI moves:3/236
Remaining: 1
#NNI moves:15/236
#NNI moves:15/236
(((((((((((((((((((((T177,T163),(T111,((T27,T42),T30))),(((T184,T125),T22),(T21,T40))),((T84,T73),T12)),((((T102,T127),T156),(T85,T75)),((((T7,T76),T48),T43),((T181,(T139,T176)),((T167,T93),T19))))),(T116,T182)),((T34,T175),(T11,T196))),((((((T87,((T99,T94),T132)),T194),T61),((T126,T101),(T168,T25))),(T78,T3)),T38)),(((((T62,T109),((((T67,T134),T193),((T90,T49),T185)),T113)),((T2,T138),((T153,T71),T103))),((T15,(T191,T10)),(T160,T35))),(((T64,T100),T39),(T68,T174)))),((((T158,T199),T120),(((((T32,((T37,T98),T24)),T179),(T70,T137)),(T152,T72)),T173)),T188)),T0),T198),(((((((T79,(T178,T128)),(T186,T57)),((T118,T157),T55)),(T5,T130)),T51),((T86,((T197,T166),((T145,T36),T149))),((T129,T92),(T164,T13)))),((((((T105,T60),T53),((((T142,(T123,T63)),T159),(T23,T46)),T1)),(((T41,T131),(T155,T183)),(T74,T107))),T122),(T88,T115)))),((((((((T161,(T144,T143)),T133),((T195,T140),T56)),(T33,T97)),T172),(T81,T50)),(((((T154,T65),(T29,T165)),(T80,(T82,T58))),(((T189,(T16,T136)),T20),T190)),((T9,T146),(T77,T14)))),(((T151,T69),T47),((((T45,T187),T121),((((T91,T147),T44),T117),T52)),((((T169,(T6,T104)),T112),T170),T108))))),((((T8,T200),T135),(((((T171,(T150,T17)),T4),(T54,T124)),T192),T180)),(T96,T83))),((T89,T119),((T18,T106),T162))),(T114,T59)),(T148,(T31,T28))),((T110,T66),T26)),T141),T95);
#NNI moves:4/236
Remaining: 0
#NNI moves:10/236
#NNI moves:10/236
((((((((((((((((((T110,T66),T26),(T141,T95)),((T28,T31),T148)),(T114,T59)),(((T106,T18),T162),(T119,T89))),((((T8,T200),T135),((((((T150,T17),T171),T4),(T54,T124)),T192),T180)),(T83,T96))),((((((((T161,(T144,T143)),T133),((T195,T140),T56)),(T33,T97)),T172),(T50,T81)),(((((T165,T29),(T65,T154)),((T58,T82),T80)),((((T136,T16),T189),T20),T190)),((T146,T9),(T14,T77)))),(((((((T91,T147),T44),T117),T52),((T45,T187),T121)),(((T112,((T6,T104),T169)),T170),T108)),((T151,T69),T47)))),((((((T166,T197),((T145,T36),T149)),T86),((T92,T129),(T13,T164))),(T51,((T5,T130),((((T178,T128),T79),(T186,T57)),(T55,(T157,T118)))))),(((((((((T123,T63),T142),T159),(T23,T46)),T1),((T60,T105),T53)),(((T41,T131),(T183,T155)),(T74,T107))),T122),(T115,T88)))),T198),T0),(((T120,(T158,T199)),((((((T24,(T37,T98)),T32),T179),(T137,T70)),(T152,T72)),T173)),T188)),((((((((T67,T134),T193),((T90,T49),T185)),T113),(T62,T109)),(((T153,T71),T103),(T138,T2))),((T15,(T10,T191)),(T35,T160))),((T174,T68),((T64,T100),T39)))),(((((T101,T126),(T168,T25)),(T61,(((T132,(T94,T99)),T87),T194))),(T78,T3)),T38)),(((((((T176,T139),T181),((T167,T93),T19)),(T43,((T7,T76),T48))),((T85,T75),((T102,T127),T156))),(((((T30,(T42,T27)),T111),(T163,T177)),((T21,T40),((T184,T125),T22))),(T12,(T73,T84)))),(T116,T182))),(T11,T196)),T175),T34);
#NNI moves:0/236
Remaining: 1
#NNI moves:10/236
#NNI moves:10/236
(((((((((((((((((((T101,T126),(T25,T168)),(T61,((T87,((T99,T94),T132)),T194))),(T3,T78)),T38),((((((((T93,T167),T19),((T139,T176),T181)),((T48,(T76,T7)),T43)),((T85,T75),((T127,T102),T156))),((((T163,T177),(((T42,T27),T30),T111)),((T22,(T184,T125)),(T21,T40))),(T12,(T73,T84)))),(T182,T116)),((T175,T34),(T11,T196)))),((((((((T90,T49),T185),((T67,T134),T193)),T113),(T109,T62)),(((T153,T71),T103),(T138,T2))),((T15,(T10,T191)),(T35,T160))),((T68,T174),((T100,T64),T39)))),(((((((((T37,T98),T24),T32),T179),(T137,T70)),(T152,T72)),T173),((T158,T199),T120)),T188)),T0),T198),(((T51,(((T55,(T118,T157)),(((T128,T178),T79),(T57,T186))),(T5,T130))),(((T164,T13),(T92,T129)),((((T145,T36),T149),(T166,T197)),T86))),((((((T60,T105),T53),(((T159,((T123,T63),T142)),(T23,T46)),T1)),((T107,T74),((T155,T183),(T131,T41)))),T122),(T88,T115)))),(((((((T133,((T143,T144),T161)),((T140,T195),T56)),(T97,T33)),T172),(T50,T81)),(((T14,T77),(T146,T9)),((((T154,T65),(T165,T29)),((T82,T58),T80)),((((T16,T136),T189),T20),T190)))),((((T121,(T187,T45)),((((T91,T147),T44),T117),T52)),(T108,((((T6,T104),T169),T112),T170))),(T47,(T69,T151))))),((((((((T150,T17),T171),T4),(T124,T54)),T192),T180),(T135,(T8,T200))),(T96,T83))),((T89,T119),(T162,(T18,T106)))),(T114,T59)),((T95,T141),((T110,T66),T26))),T148),T28),T31);
#NNI moves:0/236
Remaining: 0
#NNI moves:4/236
#NNI moves:4/236
((((((((((((((((((((T150,T17),T171),T4),(T124,T54)),T192),T180),(T135,(T8,T200))),(T83,T96)),((((((T66,T110),T26),(T95,T141)),(T148,(T28,T31))),(T114,T59)),((T119,T89),(T162,(T18,T106))))),(((((((((T143,T144),T161),T133),((T140,T195),T56)),(T97,T33)),T172),(T81,T50)),((((((T16,T136),T189),T20),T190),(((T65,T154),(T165,T29)),(T80,(T58,T82)))),((T9,T146),(T14,T77)))),((((((T169,(T104,T6)),T112),T170),T108),(((((T147,T91),T44),T117),T52),((T187,T45),T121))),((T151,T69),T47)))),((((((((((T123,T63),T142),T159),(T23,T46)),T1),((T105,T60),T53)),((T74,T107),((T183,T155),(T131,T41)))),T122),(T115,T88)),((((((T157,T118),T55),((T57,T186),((T128,T178),T79))),(T5,T130)),T51),((T86,((T197,T166),(T149,(T36,T145)))),((T129,T92),(T164,T13)))))),T198),T0),((((((T179,(((T98,T37),T24),T32)),(T137,T70)),(T152,T72)),T173),(T120,(T199,T158))),T188)),((((((T153,T71),T103),(T138,T2)),((((T193,(T134,T67)),((T90,T49),T185)),T113),(T109,T62))),((T160,T35),((T10,T191),T15))),((T174,T68),(T39,(T64,T100))))),(((((T126,T101),(T168,T25)),(T61,(((T132,(T94,T99)),T87),T194))),(T3,T78)),T38)),(((((((T139,T176),T181),((T93,T167),T19)),(T43,((T76,T7),T48))),(((T127,T102),T156),(T75,T85))),((((T163,T177),(T111,((T27,T42),T30))),((T22,(T125,T184)),(T21,T40))),((T84,T73),T12))),(T182,T116))),(T11,T196)),T175),T34);
Current score: 4.74563e+10
Current tree: ((((((((((((((((((((T150,T17),T171),T4),(T124,T54)),T192),T180),(T135,(T8,T200))),(T83,T96)),((((((T66,T110),T26),(T95,T141)),(T148,(T28,T31))),(T114,T59)),((T119,T89),(T162,(T18,T106))))),(((((((((T143,T144),T161),T133),((T140,T195),T56)),(T97,T33)),T172),(T81,T50)),((((((T16,T136),T189),T20),T190),(((T65,T154),(T165,T29)),(T80,(T58,T82)))),((T9,T146),(T14,T77)))),((((((T169,(T104,T6)),T112),T170),T108),(((((T147,T91),T44),T117),T52),((T187,T45),T121))),((T151,T69),T47)))),((((((((((T123,T63),T142),T159),(T23,T46)),T1),((T105,T60),T53)),((T74,T107),((T183,T155),(T131,T41)))),T122),(T115,T88)),((((((T157,T118),T55),((T57,T186),((T128,T178),T79))),(T5,T130)),T51),((T86,((T197,T166),(T149,(T36,T145)))),((T129,T92),(T164,T13)))))),T198),T0),((((((T179,(((T98,T37),T24),T32)),(T137,T70)),(T152,T72)),T173),(T120,(T199,T158))),T188)),((((((T153,T71),T103),(T138,T2)),((((T193,(T134,T67)),((T90,T49),T185)),T113),(T109,T62))),((T160,T35),((T10,T191),T15))),((T174,T68),(T39,(T64,T100))))),(((((T126,T101),(T168,T25)),(T61,(((T132,(T94,T99)),T87),T194))),(T3,T78)),T38)),(((((((T139,T176),T181),((T93,T167),T19)),(T43,((T76,T7),T48))),(((T127,T102),T156),(T75,T85))),((((T163,T177),(T111,((T27,T42),T30))),((T22,(T125,T184)),(T21,T40))),((T84,T73),T12))),(T182,T116))),(T11,T196)),T34),T175);
Use two-step algorithm!
#NNI moves:3/236
Remaining: 2
#NNI moves:19/236
#NNI moves:19/236
((((((((((((((T145,T36),T149),(T166,T197)),T86),((T92,T129),(T13,T164))),((((((T178,T128),T79),(T186,T57)),(T55,(T157,T118))),(T130,T5)),T51)),(((((((T159,(T142,(T63,T123))),(T46,T23)),T1),((T105,T60),T53)),((T107,T74),((T41,T131),(T183,T155)))),T122),(T88,T115))),(((((((((((((T125,T184),T22),(T40,T21)),((T177,T163),(((T27,T42),T30),T111))),(T12,(T73,T84))),(((T43,(T48,(T7,T76))),(((T176,T139),T181),(T19,(T167,T93)))),((T75,T85),(T156,(T127,T102))))),(T116,T182)),((T196,T11),(T34,T175))),((((((((T94,T99),T132),T87),T194),T61),((T101,T126),(T25,T168))),(T3,T78)),T38)),((((T35,T160),((T10,T191),T15)),(((((T185,(T90,T49)),((T134,T67),T193)),T113),(T109,T62)),(((T153,T71),T103),(T2,T138)))),((T68,T174),((T64,T100),T39)))),(((((((T32,(T24,(T98,T37))),T179),(T70,T137)),(T152,T72)),T173),((T199,T158),T120)),T188)),T0),T198)),(((((((T133,(T161,(T144,T143))),(T56,(T140,T195))),(T97,T33)),T172),(T81,T50)),(((T190,(((T16,T136),T189),T20)),(((T165,T29),(T65,T154)),((T58,T82),T80))),((T77,T14),(T9,T146)))),(((((((T6,T104),T169),T112),T170),T108),(((((T91,T147),T44),T117),T52),((T187,T45),T121))),((T69,T151),T47)))),((((((T110,T66),T26),(T141,T95)),(T148,(T28,T31))),(T59,T114)),(((T106,T18),T162),(T119,T89)))),(T96,T83)),(((((T171,(T17,T150)),T4),(T124,T54)),T192),T180)),(T8,T200)),T135);
#NNI moves:0/236
Remaining: 4
#NNI moves:8/236
#NNI moves:8/236
((((((((((((((((((((((T189,(T136,T16)),T20),T190),(((T154,T65),(T165,T29)),(T80,(T58,T82)))),((T14,T77),(T146,T9))),((((((T161,(T143,T144)),T133),((T195,T140),T56)),(T97,T33)),T172),(T50,T81))),((((((T169,(T6,T104)),T112),T170),T108),(((((T147,T91),T44),T117),T52),(T121,(T45,T187)))),((T69,T151),T47))),(((((T200,T8),T135),((((T54,T124),(((T17,T150),T171),T4)),T192),T180)),(T83,T96)),((((((T66,T110),T26),(T95,T141)),((T28,T31),T148)),(T114,T59)),((T89,T119),(T162,(T18,T106)))))),(((((T129,T92),(T13,T164)),(((T166,T197),((T36,T145),T149)),T86)),(T51,((((T157,T118),T55),(((T178,T128),T79),(T186,T57))),(T130,T5)))),((((((T183,T155),(T131,T41)),(T74,T107)),((T53,(T105,T60)),(((T159,(T142,(T123,T63))),(T46,T23)),T1))),T122),(T88,T115)))),T198),T0),((((((T179,(((T37,T98),T24),T32)),(T70,T137)),(T72,T152)),T173),((T158,T199),T120)),T188)),(((((T103,(T71,T153)),(T2,T138)),(((((T49,T90),T185),((T67,T134),T193)),T113),(T62,T109))),(((T10,T191),T15),(T35,T160))),((T174,T68),(T39,(T64,T100))))),(T38,(((((T87,(T132,(T99,T94))),T194),T61),((T168,T25),(T101,T126))),(T78,T3)))),((T34,T175),(T196,T11))),(T116,T182)),(((((T76,T7),T48),T43),((T181,(T139,T176)),(T19,(T93,T167)))),((T75,T85),((T127,T102),T156)))),((T84,T73),T12)),((((T42,T27),T30),T111),(T163,T177))),((T184,T125),T22)),T21),T40);
#NNI moves:0/236
Remaining: 0
#NNI moves:6/236
#NNI moves:6/236
((((((((((((((((((((T144,T143),T161),T133),(T56,(T140,T195))),(T97,T33)),T172),(T50,T81)),(((((T29,T165),(T65,T154)),((T82,T58),T80)),(T190,(T20,((T136,T16),T189)))),((T77,T14),(T9,T146)))),(((((T112,((T6,T104),T169)),T170),T108),((((T44,(T147,T91)),T117),T52),((T187,T45),T121))),((T69,T151),T47))),(((((((T124,T54),(((T150,T17),T171),T4)),T192),T180),((T8,T200),T135)),(T96,T83)),(((((T31,T28),T148),((T26,(T110,T66)),(T95,T141))),(T114,T59)),((T162,(T18,T106)),(T119,T89))))),(((((((T145,T36),T149),(T197,T166)),T86),((T92,T129),(T164,T13))),(((((T79,(T178,T128)),(T57,T186)),((T118,T157),T55)),(T130,T5)),T51)),((((((((T142,(T63,T123)),T159),(T46,T23)),T1),((T60,T105),T53)),(((T183,T155),(T131,T41)),(T107,T74))),T122),(T88,T115)))),T198),T0),((((((T179,((T24,(T98,T37)),T32)),(T70,T137)),(T152,T72)),T173),((T158,T199),T120)),T188)),(((((T2,T138),((T71,T153),T103)),((T62,T109),((((T49,T90),T185),((T67,T134),T193)),T113))),((T35,T160),(T15,(T191,T10)))),((T174,T68),((T64,T100),T39)))),(((T3,T78),(((T101,T126),(T168,T25)),((T194,((T132,(T94,T99)),T87)),T61))),T38)),((((((T19,(T93,T167)),(T181,(T139,T176))),((T48,(T76,T7)),T43)),(((T102,T127),T156),(T85,T75))),((((T21,T40),((T184,T125),T22)),((((T27,T42),T30),T111),(T163,T177))),(T12,(T84,T73)))),(T182,T116))),(T175,T34)),T196),T11);
#NNI moves:0/236
Remaining: 0
#NNI moves:7/236
#NNI moves:7/236
((((((((((((((((((((((((((T42,T27),T30),T111),(T163,T177)),((T40,T21),(T22,(T184,T125)))),((T84,T73),T12)),(((T75,T85),((T127,T102),T156)),((((T76,T7),T48),T43),(((T93,T167),T19),(T181,(T176,T139)))))),(T116,T182)),((T11,T196),(T175,T34))),(((T78,T3),(((T25,T168),(T126,T101)),(T61,((((T94,T99),T132),T87),T194)))),T38)),(((((T138,T2),((T153,T71),T103)),(((((T134,T67),T193),((T90,T49),T185)),T113),(T109,T62))),((T160,T35),((T10,T191),T15))),((T68,T174),((T100,T64),T39)))),(((((((((T98,T37),T24),T32),T179),(T70,T137)),(T72,T152)),T173),(T120,(T199,T158))),T188)),T0),T198),(((((((T79,(T178,T128)),(T57,T186)),((T118,T157),T55)),(T130,T5)),T51),(((T92,T129),(T13,T164)),(((T197,T166),((T36,T145),T149)),T86))),((((((T41,T131),(T183,T155)),(T107,T74)),((((T46,T23),(((T63,T123),T142),T159)),T1),((T60,T105),T53))),T122),(T88,T115)))),(((((((T124,T54),((T171,(T17,T150)),T4)),T192),T180),(T135,(T8,T200))),(T96,T83)),(((T59,T114),((T148,(T28,T31)),((T95,T141),(T26,(T66,T110))))),(((T18,T106),T162),(T119,T89))))),(((((((T104,T6),T169),T112),T170),T108),(((((T91,T147),T44),T117),T52),((T187,T45),T121))),((T69,T151),T47))),(((T146,T9),(T77,T14)),((((T189,(T16,T136)),T20),T190),(((T58,T82),T80),((T29,T165),(T154,T65)))))),(T81,T50)),T172),(T33,T97)),((T195,T140),T56)),T133),T161),T143),T144);
Current score: 4.74563e+10
Current tree: ((T34,((T11,T196),(((((((((T42,T27),T30),T111),(T163,T177)),((T40,T21),(T22,(T184,T125)))),((T84,T73),T12)),(((T75,T85),((T127,T102),T156)),((((T76,T7),T48),T43),(((T93,T167),T19),(T181,(T176,T139)))))),(T116,T182)),((((T78,T3),(((T25,T168),(T126,T101)),(T61,((((T94,T99),T132),T87),T194)))),T38),((((((T138,T2),((T153,T71),T103)),(((((T134,T67),T193),((T90,T49),T185)),T113),(T109,T62))),((T160,T35),((T10,T191),T15))),((T68,T174),((T100,T64),T39))),((((((((((T98,T37),T24),T32),T179),(T70,T137)),(T72,T152)),T173),(T120,(T199,T158))),T188),(T0,(T198,((((((((T79,(T178,T128)),(T57,T186)),((T118,T157),T55)),(T130,T5)),T51),(((T92,T129),(T13,T164)),(((T197,T166),((T36,T145),T149)),T86))),((((((T41,T131),(T183,T155)),(T107,T74)),((((T46,T23),(((T63,T123),T142),T159)),T1),((T60,T105),T53))),T122),(T88,T115))),((((((((T124,T54),((T171,(T17,T150)),T4)),T192),T180),(T135,(T8,T200))),(T96,T83)),(((T59,T114),((T148,(T28,T31)),((T95,T141),(T26,(T66,T110))))),(((T18,T106),T162),(T119,T89)))),((((((((T104,T6),T169),T112),T170),T108),(((((T91,T147),T44),T117),T52),((T187,T45),T121))),((T69,T151),T47)),((((T146,T9),(T77,T14)),((((T189,(T16,T136)),T20),T190),(((T58,T82),T80),((T29,T165),(T154,T65))))),((T81,T50),(T172,((T33,T97),(((T195,T140),T56),(T133,(T161,(T143,T144))))))))))))))))))),T175);
Use two-step algorithm!
#NNI moves:0/236
Remaining: 3
#NNI moves:4/236
#NNI moves:4/236
((((((((((((((((((((((((T154,T65),(T29,T165)),(T80,(T58,T82))),((T20,((T16,T136),T189)),T190)),((T9,T146),(T77,T14))),((((((T161,(T144,T143)),T133),((T195,T140),T56)),(T33,T97)),T172),(T50,T81))),((((T121,(T187,T45)),(T52,(((T147,T91),T44),T117))),(((((T6,T104),T169),T112),T170),T108)),((T69,T151),T47))),(((((((((T150,T17),T171),T4),(T124,T54)),T192),T180),((T8,T200),T135)),(T96,T83)),((((T106,T18),T162),(T119,T89)),((((T26,(T110,T66)),(T95,T141)),(T148,(T28,T31))),(T114,T59))))),(((((((T186,T57),(T79,(T178,T128))),((T118,T157),T55)),(T5,T130)),T51),(((T129,T92),(T164,T13)),((((T145,T36),T149),(T197,T166)),T86))),((((((T183,T155),(T131,T41)),(T74,T107)),(((T60,T105),T53),(((T46,T23),(((T63,T123),T142),T159)),T1))),T122),(T115,T88)))),T198),T0),(((((T72,T152),(((((T37,T98),T24),T32),T179),(T70,T137))),T173),((T199,T158),T120)),T188)),((((((((T134,T67),T193),((T49,T90),T185)),T113),(T62,T109)),(((T71,T153),T103),(T138,T2))),(((T191,T10),T15),(T160,T35))),(((T64,T100),T39),(T174,T68)))),(((((T126,T101),(T25,T168)),(T61,((((T99,T94),T132),T87),T194))),(T78,T3)),T38)),((T11,T196),(T34,T175))),(T116,T182)),(((((T93,T167),T19),((T176,T139),T181)),((T48,(T76,T7)),T43)),((T75,T85),((T127,T102),T156)))),(T12,(T73,T84))),((T22,(T184,T125)),(T21,T40))),(T177,T163)),T111),T30),T27),T42);
#NNI moves:0/236
Remaining: 0
#NNI moves:4/236
#NNI moves:4/236
((((((((((((((((T106,T18),T162),(T89,T119)),((((T31,T28),T148),((T95,T141),(T26,(T110,T66)))),(T59,T114))),((((T200,T8),T135),((((T124,T54),(T4,((T17,T150),T171))),T192),T180)),(T83,T96))),(((((((T82,T58),T80),((T29,T165),(T154,T65))),((((T16,T136),T189),T20),T190)),((T14,T77),(T146,T9))),((((((T161,(T144,T143)),T133),((T195,T140),T56)),(T97,T33)),T172),(T81,T50))),(((((((T6,T104),T169),T112),T170),T108),(((T45,T187),T121),(((T44,(T147,T91)),T117),T52))),((T69,T151),T47)))),(((((((T41,T131),(T155,T183)),(T74,T107)),((T53,(T105,T60)),(((((T123,T63),T142),T159),(T46,T23)),T1))),T122),(T115,T88)),((((T129,T92),(T164,T13)),(((T149,(T145,T36)),(T166,T197)),T86)),(T51,((((T79,(T178,T128)),(T186,T57)),(T55,(T118,T157))),(T130,T5)))))),T198),T0),(((((T72,T152),(((((T98,T37),T24),T32),T179),(T137,T70))),T173),(T120,(T158,T199))),T188)),((((((((T67,T134),T193),((T90,T49),T185)),T113),(T109,T62)),(((T71,T153),T103),(T138,T2))),(((T10,T191),T15),(T35,T160))),(((T64,T100),T39),(T68,T174)))),((((((((T99,T94),T132),T87),T194),T61),((T25,T168),(T126,T101))),(T78,T3)),T38)),((((((T48,(T76,T7)),T43),((T19,(T167,T93)),(T181,(T139,T176)))),((T85,T75),((T127,T102),T156))),((((T177,T163),(T111,((T27,T42),T30))),((T21,T40),((T184,T125),T22))),((T73,T84),T12))),(T116,T182))),(T175,T34)),T196),T11);
#NNI moves:0/236
Remaining: 0
#NNI moves:2/236
#NNI moves:2/236
((((((((((((((((((T29,T165),(T154,T65)),((T58,T82),T80)),((((T136,T16),T189),T20),T190)),((T9,T146),(T77,T14))),((((((T195,T140),T56),(((T144,T143),T161),T133)),(T33,T97)),T172),(T50,T81))),(((T69,T151),T47),((((T45,T187),T121),((T117,(T44,(T91,T147))),T52)),(((((T6,T104),T169),T112),T170),T108)))),((((T180,(((((T150,T17),T171),T4),(T124,T54)),T192)),((T200,T8),T135)),(T83,T96)),((((T148,(T31,T28)),(((T66,T110),T26),(T141,T95))),(T59,T114)),(((T106,T18),T162),(T89,T119))))),(((((((T41,T131),(T155,T183)),(T74,T107)),(((((T142,(T123,T63)),T159),(T46,T23)),T1),(T53,(T105,T60)))),T122),(T88,T115)),(((((T149,(T36,T145)),(T166,T197)),T86),((T92,T129),(T13,T164))),(((T130,T5),(((T79,(T128,T178)),(T186,T57)),(T55,(T157,T118)))),T51)))),T198),T0),((((((T137,T70),((((T98,T37),T24),T32),T179)),(T152,T72)),T173),((T158,T199),T120)),T188)),(((((T191,T10),T15),(T35,T160)),((((T153,T71),T103),(T138,T2)),(((((T134,T67),T193),((T49,T90),T185)),T113),(T109,T62)))),((T39,(T64,T100)),(T174,T68)))),(((T3,T78),(((T101,T126),(T25,T168)),((((T132,(T94,T99)),T87),T194),T61))),T38)),(((((((T139,T176),T181),((T93,T167),T19)),(((T76,T7),T48),T43)),((T85,T75),((T102,T127),T156))),((((T111,((T27,T42),T30)),(T163,T177)),((T40,T21),((T184,T125),T22))),((T84,T73),T12))),(T116,T182))),(T11,T196)),T34),T175);
#NNI moves:0/236
Remaining: 0
#NNI moves:10/236
#NNI moves:10/236
(((((((((((((((((((T191,T10),T15),(T35,T160)),(((((T193,(T67,T134)),((T49,T90),T185)),T113),(T62,T109)),((T138,T2),(T103,(T71,T153))))),((T68,T174),((T64,T100),T39))),((((((T126,T101),(T25,T168)),(((((T94,T99),T132),T87),T194),T61)),(T3,T78)),T38),((((((T85,T75),((T127,T102),T156)),((((T7,T76),T48),T43),(((T167,T93),T19),((T176,T139),T181)))),((((T163,T177),(T111,((T27,T42),T30))),(((T184,T125),T22),(T40,T21))),((T73,T84),T12))),(T116,T182)),((T11,T196),(T34,T175))))),((((((T179,((T24,(T98,T37)),T32)),(T70,T137)),(T152,T72)),T173),((T158,T199),T120)),T188)),T0),T198),((((((T74,T107),((T183,T155),(T131,T41))),((((T159,(T142,(T123,T63))),(T23,T46)),T1),((T60,T105),T53))),T122),(T115,T88)),(((((T149,(T36,T145)),(T197,T166)),T86),((T129,T92),(T13,T164))),((((((T128,T178),T79),(T186,T57)),((T157,T118),T55)),(T5,T130)),T51)))),(((T96,T83),(((T192,(((T171,(T17,T150)),T4),(T124,T54))),T180),((T200,T8),T135))),(((((T31,T28),T148),((T26,(T110,T66)),(T141,T95))),(T114,T59)),((T119,T89),((T18,T106),T162))))),(((((T187,T45),T121),((T117,((T147,T91),T44)),T52)),((((T169,(T6,T104)),T112),T170),T108)),(T47,(T69,T151)))),((((((T140,T195),T56),(((T144,T143),T161),T133)),(T97,T33)),T172),(T50,T81))),((T14,T77),(T146,T9))),((((T16,T136),T189),T20),T190)),((T82,T58),T80)),(T29,T165)),T65),T154);
Current score: 4.74563e+10
Current tree: ((T34,((T11,T196),((((((T85,T75),((T127,T102),T156)),((((T7,T76),T48),T43),(((T167,T93),T19),((T176,T139),T181)))),((((T163,T177),(T111,((T27,T42),T30))),(((T184,T125),T22),(T40,T21))),((T73,T84),T12))),(T116,T182)),((((((T126,T101),(T25,T168)),(((((T94,T99),T132),T87),T194),T61)),(T3,T78)),T38),((((((T191,T10),T15),(T35,T160)),(((((T193,(T67,T134)),((T49,T90),T185)),T113),(T62,T109)),((T138,T2),(T103,(T71,T153))))),((T68,T174),((T64,T100),T39))),(((((((T179,((T24,(T98,T37)),T32)),(T70,T137)),(T152,T72)),T173),((T158,T199),T120)),T188),(T0,(T198,(((((((T74,T107),((T183,T155),(T131,T41))),((((T159,(T142,(T123,T63))),(T23,T46)),T1),((T60,T105),T53))),T122),(T115,T88)),(((((T149,(T36,T145)),(T197,T166)),T86),((T129,T92),(T13,T164))),((((((T128,T178),T79),(T186,T57)),((T157,T118),T55)),(T5,T130)),T51))),((((T96,T83),(((T192,(((T171,(T17,T150)),T4),(T124,T54))),T180),((T200,T8),T135))),(((((T31,T28),T148),((T26,(T110,T66)),(T141,T95))),(T114,T59)),((T119,T89),((T18,T106),T162)))),((((((T187,T45),T121),((T117,((T147,T91),T44)),T52)),((((T169,(T6,T104)),T112),T170),T108)),(T47,(T69,T151))),(((((((T140,T195),T56),(((T144,T143),T161),T133)),(T97,T33)),T172),(T50,T81)),(((T14,T77),(T146,T9)),(((((T16,T136),T189),T20),T190),(((T82,T58),T80),((T29,T165),(T65,T154))))))))))))))))),T175);
Final Tree: ((T34,((T11,T196),((((((T85,T75),((T127,T102),T156)),((((T7,T76),T48),T43),(((T167,T93),T19),((T176,T139),T181)))),((((T163,T177),(T111,((T27,T42),T30))),(((T184,T125),T22),(T40,T21))),((T73,T84),T12))),(T116,T182)),((((((T126,T101),(T25,T168)),(((((T94,T99),T132),T87),T194),T61)),(T3,T78)),T38),((((((T191,T10),T15),(T35,T160)),(((((T193,(T67,T134)),((T49,T90),T185)),T113),(T62,T109)),((T138,T2),(T103,(T71,T153))))),((T68,T174),((T64,T100),T39))),(((((((T179,((T24,(T98,T37)),T32)),(T70,T137)),(T152,T72)),T173),((T158,T199),T120)),T188),(T0,(T198,(((((((T74,T107),((T183,T155),(T131,T41))),((((T159,(T142,(T123,T63))),(T23,T46)),T1),((T60,T105),T53))),T122),(T115,T88)),(((((T149,(T36,T145)),(T197,T166)),T86),((T129,T92),(T13,T164))),((((((T128,T178),T79),(T186,T57)),((T157,T118),T55)),(T5,T130)),T51))),((((T96,T83),(((T192,(((T171,(T17,T150)),T4),(T124,T54))),T180),((T200,T8),T135))),(((((T31,T28),T148),((T26,(T110,T66)),(T141,T95))),(T114,T59)),((T119,T89),((T18,T106),T162)))),((((((T187,T45),T121),((T117,((T147,T91),T44)),T52)),((((T169,(T6,T104)),T112),T170),T108)),(T47,(T69,T151))),(((((((T140,T195),T56),(((T144,T143),T161),T133)),(T97,T33)),T172),(T50,T81)),(((T14,T77),(T146,T9)),(((((T16,T136),T189),T20),T190),(((T82,T58),T80),((T29,T165),(T65,T154))))))))))))))))),T175);
Score: 4.745626792e+10

real	2m1.794s
user	42m13.419s
sys	0m18.982s
