Weighted ASTRAL - Hybrid
Version: v1.13.2.3
#Genetrees: 2000
#Species: 201
#Rounds: 4
#Samples: 4
#Threads: 32
Use two-step algorithm!
Guide Tree 0/27
#NNI moves:1/236
Guide Tree 1/27
#NNI moves:3/236
Guide Tree 2/27
#NNI moves:5/236
Guide Tree 3/27
#NNI moves:2/236
Guide Tree 4/27
#NNI moves:3/236
Guide Tree 5/27
#NNI moves:4/236
Guide Tree 6/27
#NNI moves:3/236
Guide Tree 7/27
#NNI moves:1/236
Guide Tree 8/27
#NNI moves:4/236
Guide Tree 9/27
#NNI moves:4/236
Guide Tree 10/27
#NNI moves:5/236
Guide Tree 11/27
#NNI moves:3/236
Guide Tree 12/27
#NNI moves:1/236
Guide Tree 13/27
#NNI moves:3/236
Guide Tree 14/27
#NNI moves:2/236
Guide Tree 15/27
#NNI moves:1/236
Guide Tree 16/27
#NNI moves:1/236
Guide Tree 17/27
#NNI moves:0/236
Guide Tree 18/27
#NNI moves:2/236
Guide Tree 19/27
#NNI moves:1/236
Guide Tree 20/27
#NNI moves:7/236
Guide Tree 21/27
#NNI moves:5/236
Guide Tree 22/27
#NNI moves:5/236
Guide Tree 23/27
#NNI moves:5/236
Guide Tree 24/27
#NNI moves:4/236
Guide Tree 25/27
#NNI moves:1/236
Guide Tree 26/27
#NNI moves:2/236
Remaining: 1
#NNI moves:28/236
#NNI moves:28/236
((((((((((((((((((((T198,T25),T128),T169),((T106,T185),T109)),((((((T10,T139),T180),T31),(T108,T15)),(((T98,T157),T155),(T149,T66))),(T63,(T94,T41)))),(T36,T107)),((((T58,T88),((T90,T190),T7)),(T192,T29)),(T113,T4))),(((T158,T46),T152),(T43,T78))),(T14,T118)),((((((T96,T72),T148),(T60,T126)),((T70,T47),(T97,T182))),T28),((T81,(((T178,T191),T2),T154)),((T19,T151),(T30,T127))))),((((T183,T77),T75),T196),(((T89,(T194,T102)),T197),T50))),T0),((((((((((((T44,T84),(T160,T187)),((T11,T12),T132)),(T124,T82)),(T134,T164)),(T100,T71)),((((T65,(T143,(T193,T42))),T104),((T156,T138),T67)),((((T136,T32),T62),T137),(((T162,T51),((T6,T101),T125)),(((T114,(T144,T49)),(T167,T45)),T186))))),(T18,T195)),((((T168,T189),T147),T172),(T135,T103))),T130),((((((T57,T176),((T184,T34),T55)),(T68,T53)),T87),T175),(((((T173,T99),(((T24,T85),(T115,T179)),T188)),(T73,T86)),(T150,T141)),(((T69,T95),((T9,T76),T129)),T74)))),T159)),((T119,(T27,T16)),T131)),((((T1,T161),T117),(T17,T40)),T61)),((((((((T112,T181),T122),T140),(T37,T91)),((T200,T111),T123)),T133),((((T33,T142),T165),((T26,T166),T177)),(T39,(T199,T22)))),(T8,T52))),((T79,(T170,T92)),(T35,(T13,((T153,(T120,T163)),T3))))),((T20,T38),((T105,(T64,T174)),((T23,T145),T59)))),((((T83,T21),T93),(((T54,T146),T121),((T110,T116),(T48,T56)))),(T5,T80))),T171);
Guide Tree 0/27
#NNI moves:3/236
Guide Tree 1/27
#NNI moves:6/236
Guide Tree 2/27
#NNI moves:0/236
Guide Tree 3/27
#NNI moves:1/236
Guide Tree 4/27
#NNI moves:3/236
Guide Tree 5/27
#NNI moves:7/236
Guide Tree 6/27
#NNI moves:0/236
Guide Tree 7/27
#NNI moves:0/236
Guide Tree 8/27
#NNI moves:4/236
Guide Tree 9/27
#NNI moves:4/236
Guide Tree 10/27
#NNI moves:1/236
Guide Tree 11/27
#NNI moves:1/236
Guide Tree 12/27
#NNI moves:2/236
Guide Tree 13/27
#NNI moves:4/236
Guide Tree 14/27
#NNI moves:0/236
Guide Tree 15/27
#NNI moves:0/236
Guide Tree 16/27
#NNI moves:1/236
Guide Tree 17/27
#NNI moves:1/236
Guide Tree 18/27
#NNI moves:3/236
Guide Tree 19/27
#NNI moves:6/236
Guide Tree 20/27
#NNI moves:4/236
Guide Tree 21/27
#NNI moves:0/236
Guide Tree 22/27
#NNI moves:4/236
Guide Tree 23/27
#NNI moves:0/236
Guide Tree 24/27
#NNI moves:1/236
Guide Tree 25/27
#NNI moves:7/236
Guide Tree 26/27
#NNI moves:4/236
Remaining: 2
#NNI moves:48/236
#NNI moves:53/236
((((((((((((((T189,T168),T147),T172),(T103,T135)),(((((((T143,(T42,T193)),T65),T104),(T67,(T138,T156))),(((T186,((T45,T167),((T49,T144),T114))),((T125,(T101,T6)),(T51,T162))),(((T32,T136),T62),T137))),((T71,T100),(((T82,T124),(((T187,T160),(T44,T84)),((T12,T11),T132))),(T164,T134)))),(T195,T18))),((T159,T130),(((((T73,T86),((T173,T99),(T188,((T24,T85),(T115,T179))))),(T141,T150)),(T74,((T69,T95),((T76,T9),T129)))),((((((T184,T34),T55),(T57,T176)),(T68,T53)),T87),T175)))),((((((((((((T149,T66),((T157,T98),T155)),((((T10,T139),T180),T31),(T108,T15))),((T94,T41),T63)),((T169,((T198,T25),T128)),((T185,T106),T109))),(T107,T36)),((T4,T113),(((T7,(T190,T90)),(T58,T88)),(T29,T192)))),((T43,T78),((T158,T46),T152))),(T14,T118)),(((((T47,T70),(T182,T97)),((T60,T126),((T96,T72),T148))),T28),(((((T178,T191),T2),T154),T81),((T151,T19),(T127,T30))))),((((T183,T77),T75),T196),(((T89,(T194,T102)),T197),T50))),T0)),(T131,(T119,(T16,T27)))),((((T1,T161),T117),(T17,T40)),T61)),(((((T123,(T200,T111)),((T37,T91),((T122,(T112,T181)),T140))),T133),((((T166,T26),T177),(T165,(T33,T142))),((T22,T199),T39))),(T8,T52))),((T35,(((T153,(T120,T163)),T3),T13)),((T92,T170),T79))),((((T23,T145),T59),((T174,T64),T105)),(T38,T20))),(((((T54,T146),T121),((T48,T56),(T116,T110))),((T83,T21),T93)),(T80,T5))),T171);
Guide Tree 0/27
#NNI moves:6/236
Guide Tree 1/27
#NNI moves:0/236
Guide Tree 2/27
#NNI moves:0/236
Guide Tree 3/27
#NNI moves:1/236
Guide Tree 4/27
#NNI moves:3/236
Guide Tree 5/27
#NNI moves:3/236
Guide Tree 6/27
#NNI moves:1/236
Guide Tree 7/27
#NNI moves:0/236
Guide Tree 8/27
#NNI moves:4/236
Guide Tree 9/27
#NNI moves:4/236
Guide Tree 10/27
#NNI moves:3/236
Guide Tree 11/27
#NNI moves:0/236
Guide Tree 12/27
#NNI moves:4/236
Guide Tree 13/27
#NNI moves:3/236
Guide Tree 14/27
#NNI moves:1/236
Guide Tree 15/27
#NNI moves:3/236
Guide Tree 16/27
#NNI moves:3/236
Guide Tree 17/27
#NNI moves:0/236
Guide Tree 18/27
#NNI moves:3/236
Guide Tree 19/27
#NNI moves:4/236
Guide Tree 20/27
#NNI moves:0/236
Guide Tree 21/27
#NNI moves:3/236
Guide Tree 22/27
#NNI moves:1/236
Guide Tree 23/27
#NNI moves:0/236
Guide Tree 24/27
#NNI moves:0/236
Guide Tree 25/27
#NNI moves:2/236
Guide Tree 26/27
#NNI moves:1/236
Remaining: 0
#NNI moves:35/236
#NNI moves:35/236
((((((((((((((((((((T31,((T10,T139),T180)),(T108,T15)),((T155,(T157,T98)),(T66,T149))),((T41,T94),T63)),((T169,((T25,T198),T128)),((T185,T106),T109))),(T36,T107)),((((T58,T88),(T7,(T190,T90))),(T29,T192)),(T4,T113))),((T152,(T46,T158)),(T78,T43))),(T14,T118)),(((((T60,T126),((T72,T96),T148)),((T70,T47),(T97,T182))),T28),(((T19,T151),(T30,T127)),((((T178,T191),T2),T154),T81)))),((T196,((T183,T77),T75)),((((T194,T102),T89),T197),T50))),T0),((((((((T129,(T9,T76)),(T95,T69)),T74),((((T173,T99),(((T24,T85),(T179,T115)),T188)),(T73,T86)),(T141,T150))),T195),(T175,((((T55,(T184,T34)),(T57,T176)),(T68,T53)),T87))),((((T147,(T189,T168)),T172),(T103,T135)),(((((((((T144,T49),T114),(T167,T45)),T186),((T162,T51),((T6,T101),T125))),(((T136,T32),T62),T137)),((T104,(((T42,T193),T143),T65)),((T156,T138),T67))),(((T134,T164),((((T11,T12),T132),((T44,T84),(T187,T160))),(T82,T124))),(T100,T71))),T18))),(T159,T130))),((T119,(T16,T27)),T131)),((((T161,T1),T117),(T17,T40)),T61)),((((((T91,T37),(((T112,T181),T122),T140)),((T200,T111),T123)),T133),(((T199,T22),T39),(((T33,T142),T165),((T166,T26),T177)))),(T8,T52))),(((((T153,(T163,T120)),T3),T13),T35),(T79,(T170,T92)))),(((T59,(T23,T145)),((T174,T64),T105)),(T38,T20))),(((((T48,T56),(T116,T110)),((T146,T54),T121)),((T21,T83),T93)),(T80,T5))),T171);
Guide Tree 0/27
#NNI moves:4/236
Guide Tree 1/27
#NNI moves:2/236
Guide Tree 2/27
#NNI moves:1/236
Guide Tree 3/27
#NNI moves:1/236
Guide Tree 4/27
#NNI moves:3/236
Guide Tree 5/27
#NNI moves:1/236
Guide Tree 6/27
#NNI moves:0/236
Guide Tree 7/27
#NNI moves:1/236
Guide Tree 8/27
#NNI moves:3/236
Guide Tree 9/27
#NNI moves:5/236
Guide Tree 10/27
#NNI moves:2/236
Guide Tree 11/27
#NNI moves:3/236
Guide Tree 12/27
#NNI moves:3/236
Guide Tree 13/27
#NNI moves:2/236
Guide Tree 14/27
#NNI moves:1/236
Guide Tree 15/27
#NNI moves:6/236
Guide Tree 16/27
#NNI moves:6/236
Guide Tree 17/27
#NNI moves:1/236
Guide Tree 18/27
#NNI moves:1/236
Guide Tree 19/27
#NNI moves:4/236
Guide Tree 20/27
#NNI moves:2/236
Guide Tree 21/27
#NNI moves:3/236
Guide Tree 22/27
#NNI moves:2/236
Guide Tree 23/27
#NNI moves:4/236
Guide Tree 24/27
#NNI moves:0/236
Guide Tree 25/27
#NNI moves:2/236
Guide Tree 26/27
#NNI moves:1/236
Remaining: 2
#NNI moves:32/236
#NNI moves:33/236
((((((((((((((((((T114,(T144,T49)),(T167,T45)),T186),((T125,(T101,T6)),(T162,T51))),((T62,(T32,T136)),T137)),(((((T193,T42),T143),T65),T104),((T138,T156),T67))),(((T164,T134),((((T84,T44),(T160,T187)),((T11,T12),T132)),(T82,T124))),(T100,T71))),(T195,T18)),(((T147,(T168,T189)),T172),(T135,T103))),((T130,T159),((((((((T179,T115),(T85,T24)),T188),(T99,T173)),(T73,T86)),(T141,T150)),(((T69,T95),((T76,T9),T129)),T74)),((((((T34,T184),T55),(T176,T57)),(T53,T68)),T87),T175)))),(((((((((T191,T178),T2),T154),T81),((T19,T151),(T127,T30))),(((((T96,T72),T148),(T126,T60)),(T97,T182)),((T47,T70),T28))),(((((T113,T4),(((T7,(T190,T90)),(T58,T88)),(T29,T192))),((((((T198,T25),T128),T169),((T106,T185),T109)),(((((T157,T98),T155),(T149,T66)),((T15,T108),(((T10,T139),T180),T31))),(T63,(T94,T41)))),(T36,T107))),(((T46,T158),T152),(T78,T43))),(T14,T118))),((T196,(T75,(T183,T77))),((T197,(T89,(T102,T194))),T50))),T0)),(T131,((T27,T16),T119))),(T61,(((T1,T161),T117),(T17,T40)))),(((T133,(((((T181,T112),T122),T140),(T37,T91)),((T111,T200),T123))),(((T199,T22),T39),(((T26,T166),T177),((T33,T142),T165)))),(T8,T52))),((((((T120,T163),T153),T3),T13),T35),((T92,T170),T79))),((T38,T20),(((T64,T174),T105),(T59,(T23,T145))))),(((((T56,T48),(T110,T116)),((T146,T54),T121)),((T83,T21),T93)),(T5,T80))),T171);
Initial score: 3.95013e+10
Initial tree: ((((((((((((((((((T114,(T144,T49)),(T167,T45)),T186),((T125,(T101,T6)),(T162,T51))),((T62,(T32,T136)),T137)),(((((T193,T42),T143),T65),T104),((T138,T156),T67))),(((T164,T134),((((T84,T44),(T160,T187)),((T11,T12),T132)),(T82,T124))),(T100,T71))),(T195,T18)),(((T147,(T168,T189)),T172),(T135,T103))),((T130,T159),((((((((T179,T115),(T85,T24)),T188),(T99,T173)),(T73,T86)),(T141,T150)),(((T69,T95),((T76,T9),T129)),T74)),((((((T34,T184),T55),(T176,T57)),(T53,T68)),T87),T175)))),(((((((((T191,T178),T2),T154),T81),((T19,T151),(T127,T30))),(((((T96,T72),T148),(T126,T60)),((T47,T70),(T97,T182))),T28)),(((((T113,T4),(((T7,(T190,T90)),(T58,T88)),(T29,T192))),((((((T198,T25),T128),T169),((T106,T185),T109)),(((((T157,T98),T155),(T149,T66)),((T15,T108),(((T10,T139),T180),T31))),(T63,(T94,T41)))),(T36,T107))),(((T46,T158),T152),(T78,T43))),(T14,T118))),((T196,(T75,(T183,T77))),((T197,(T89,(T102,T194))),T50))),T0)),(T131,((T27,T16),T119))),(T61,(((T1,T161),T117),(T17,T40)))),(((T133,(((((T181,T112),T122),T140),(T37,T91)),((T111,T200),T123))),(((T199,T22),T39),(((T26,T166),T177),((T33,T142),T165)))),(T8,T52))),((((((T120,T163),T153),T3),T13),T35),((T92,T170),T79))),((T38,T20),(((T64,T174),T105),(T59,(T23,T145))))),(((((T56,T48),(T110,T116)),((T146,T54),T121)),((T83,T21),T93)),(T5,T80))),T171);
*** Subsample Process ***
Use two-step algorithm!
#NNI moves:1/236
Remaining: 3
#NNI moves:41/236
#NNI moves:50/236
(((((((((((((((((((((((T149,T66),((T157,T98),T155)),((T108,T15),((T180,(T10,T139)),T31))),(T63,(T94,T41))),((T169,((T198,T25),T128)),(T109,(T106,T185)))),(T36,T107)),((((T58,T88),(T7,(T190,T90))),(T29,T192)),(T4,T113))),((T152,(T158,T46)),(T78,T43))),(T118,T14)),((((((T96,T72),T148),(T60,T126)),(T97,T182)),((T47,T70),T28)),(((((T191,T178),T2),T154),T81),((T151,T19),(T127,T30))))),((((T89,(T102,T194)),T197),T50),(T196,((T183,T77),T75)))),T0),(((((((T38,T20),(((T23,T145),T59),(T105,(T64,T174)))),((((((T146,T54),T121),((T110,T116),(T48,T56))),((T83,T21),T93)),(T80,T5)),T171)),((((((T163,T120),T153),T3),T13),T35),((T170,T92),T79))),((((((((T112,T181),T122),T140),(T91,T37)),(T123,(T111,T200))),T133),((((T142,T33),T165),(T177,(T166,T26))),((T199,T22),T39))),(T8,T52))),(((T17,T40),((T1,T161),T117)),T61)),(T131,((T27,T16),T119)))),(((((((((T115,T179),(T85,T24)),T188),(T99,T173)),(T73,T86)),(T141,T150)),(((T129,(T76,T9)),(T95,T69)),T74)),(((((T55,(T184,T34)),(T57,T176)),(T53,T68)),T87),T175)),(T130,T159))),(((T147,(T189,T168)),T172),(T103,T135))),(T195,T18)),(((((T132,(T11,T12)),((T187,T160),(T44,T84))),(T124,T82)),(T164,T134)),(T100,T71))),(((T156,T138),T67),((((T193,T42),T143),T65),T104))),((((T114,(T144,T49)),(T167,T45)),T186),((T125,(T6,T101)),(T162,T51)))),T137),T62),T136),T32);
#NNI moves:5/236
Remaining: 0
#NNI moves:26/236
#NNI moves:26/236
(((((((((((((((((((((((((T66,T149),((T98,T157),T155)),((T15,T108),((T180,(T10,T139)),T31))),((T94,T41),T63)),((T109,(T106,T185)),((T128,(T198,T25)),T169))),(T36,T107)),(((((T90,T190),T7),(T58,T88)),(T192,T29)),(T113,T4))),(((T158,T46),T152),(T78,T43))),(T14,T118)),(((((T126,T60),((T96,T72),T148)),((T97,T182),(T70,T47))),T28),(((T30,T127),(T151,T19)),(((T2,(T178,T191)),T154),T81)))),(((T197,((T102,T194),T89)),T50),(((T77,T183),T75),T196))),T0),((((((((((T44,T84),(T187,T160)),((T11,T12),T132)),(T124,T82)),(T164,T134)),(T71,T100)),((((T156,T138),T67),((((T42,T193),T143),T65),T104)),(((((T45,T167),((T144,T49),T114)),T186),((T125,(T101,T6)),(T162,T51))),(((T32,T136),T62),T137)))),(T18,T195)),((((T168,T189),T147),T172),(T135,T103))),((T130,T159),((((((((T85,T24),(T179,T115)),T188),(T173,T99)),(T73,T86)),(T150,T141)),((((T76,T9),T129),(T95,T69)),T74)),(T175,(((((T184,T34),T55),(T176,T57)),(T53,T68)),T87)))))),(T131,((T16,T27),T119))),((((T161,T1),T117),(T17,T40)),T61)),((((((T140,((T112,T181),T122)),(T91,T37)),((T200,T111),T123)),T133),(((T177,(T166,T26)),((T33,T142),T165)),(T39,(T199,T22)))),(T52,T8))),(((T13,(((T120,T163),T153),T3)),T35),((T170,T92),T79))),((((T23,T145),T59),(T105,(T174,T64))),(T38,T20))),T171),(T80,T5)),((T83,T21),T93)),((T56,T48),(T110,T116))),T121),T54),T146);
#NNI moves:4/236
Remaining: 1
#NNI moves:49/236
#NNI moves:52/236
((((((((((((((((((((((T164,T134),((((T160,T187),(T44,T84)),((T11,T12),T132)),(T82,T124))),(T100,T71)),((((((T6,T101),T125),(T51,T162)),(T186,(((T49,T144),T114),(T167,T45)))),(((T136,T32),T62),T137)),(((T138,T156),T67),((((T193,T42),T143),T65),T104)))),(T195,T18)),((((T189,T168),T147),T172),(T135,T103))),T130),((((((T173,T99),(((T24,T85),(T115,T179)),T188)),(T73,T86)),(T150,T141)),(((T95,T69),(T129,(T9,T76))),T74)),(((((T57,T176),((T184,T34),T55)),(T53,T68)),T87),T175))),T159),(((((((((((T112,T181),T122),T140),(T37,T91)),((T200,T111),T123)),T133),(((T165,(T33,T142)),((T26,T166),T177)),((T22,T199),T39))),(T8,T52)),(((((((T121,(T54,T146)),((T48,T56),(T116,T110))),((T21,T83),T93)),(T80,T5)),T171),((((T23,T145),T59),((T174,T64),T105)),(T38,T20))),((T35,((((T163,T120),T153),T3),T13)),((T170,T92),T79)))),(T61,(((T161,T1),T117),(T40,T17)))),(((T27,T16),T119),T131))),T0),((((T183,T77),T75),T196),(((T89,(T194,T102)),T197),T50))),(((((T47,T70),(T97,T182)),((T60,T126),((T72,T96),T148))),T28),(((T127,T30),(T151,T19)),(T81,((T2,(T191,T178)),T154))))),(T14,T118)),(((T46,T158),T152),(T43,T78))),((T107,T36),(((T109,(T185,T106)),(((T25,T198),T128),T169)),((((T108,T15),((T180,(T10,T139)),T31)),(((T157,T98),T155),(T149,T66))),((T94,T41),T63))))),(T113,T4)),(T29,T192)),(T58,T88)),T7),T90),T190);
#NNI moves:0/236
Remaining: 5
#NNI moves:35/236
#NNI moves:37/236
(((((((((((((((((((((((T114,(T144,T49)),(T167,T45)),T186),((T51,T162),(T125,(T101,T6)))),(((T32,T136),T62),T137)),(((T138,T156),T67),(((T143,(T42,T193)),T65),T104))),((((((T187,T160),(T44,T84)),((T11,T12),T132)),(T82,T124)),(T164,T134)),(T100,T71))),(T18,T195)),((((T168,T189),T147),T172),(T103,T135))),((T130,T159),(((((T73,T86),((((T179,T115),(T24,T85)),T188),(T99,T173))),(T150,T141)),(((T69,T95),((T9,T76),T129)),T74)),(((((T55,(T34,T184)),(T57,T176)),(T68,T53)),T87),T175)))),(((((((T151,T19),(T30,T127)),(((T2,(T191,T178)),T154),T81)),((((T60,T126),(T148,(T72,T96))),((T47,T70),(T97,T182))),T28)),((((((((((T180,(T10,T139)),T31),(T108,T15)),((T155,(T157,T98)),(T149,T66))),((T41,T94),T63)),((((T25,T198),T128),T169),((T185,T106),T109))),(T107,T36)),((T4,T113),(((T58,T88),(T7,(T190,T90))),(T29,T192)))),((T152,(T158,T46)),(T78,T43))),(T14,T118))),(((((T102,T194),T89),T197),T50),((T75,(T183,T77)),T196))),T0)),(((T16,T27),T119),T131)),((((T1,T161),T117),(T40,T17)),T61)),((((((T166,T26),T177),(T165,(T33,T142))),(T39,(T199,T22))),(((T123,(T200,T111)),(((T122,(T181,T112)),T140),(T91,T37))),T133)),(T8,T52))),((((((T120,T163),T153),T3),T13),T35),(T79,(T170,T92)))),((T20,T38),(((T145,T23),T59),((T174,T64),T105)))),T171),(T80,T5)),((T83,T21),T93)),((T54,T146),T121)),(T116,T110)),T56),T48);
Current score: 3.95013e+10
Current tree: ((((((((((((((((((T114,(T144,T49)),(T167,T45)),T186),((T51,T162),(T125,(T101,T6)))),(((T32,T136),T62),T137)),(((T138,T156),T67),(((T143,(T42,T193)),T65),T104))),((((((T187,T160),(T44,T84)),((T11,T12),T132)),(T82,T124)),(T164,T134)),(T100,T71))),(T18,T195)),((((T168,T189),T147),T172),(T103,T135))),((T130,T159),(((((T73,T86),((((T179,T115),(T24,T85)),T188),(T99,T173))),(T150,T141)),(((T69,T95),((T9,T76),T129)),T74)),(((((T55,(T34,T184)),(T57,T176)),(T68,T53)),T87),T175)))),(((((((T151,T19),(T30,T127)),(((T2,(T191,T178)),T154),T81)),((((T60,T126),(T148,(T72,T96))),((T47,T70),(T97,T182))),T28)),((((((((((T180,(T10,T139)),T31),(T108,T15)),((T155,(T157,T98)),(T149,T66))),((T41,T94),T63)),((((T25,T198),T128),T169),((T185,T106),T109))),(T107,T36)),((T4,T113),(((T58,T88),(T7,(T190,T90))),(T29,T192)))),((T152,(T158,T46)),(T78,T43))),(T14,T118))),(((((T102,T194),T89),T197),T50),((T75,(T183,T77)),T196))),T0)),(((T16,T27),T119),T131)),((((T1,T161),T117),(T40,T17)),T61)),((((((T166,T26),T177),(T165,(T33,T142))),(T39,(T199,T22))),(((T123,(T200,T111)),(((T122,(T181,T112)),T140),(T91,T37))),T133)),(T8,T52))),((((((T120,T163),T153),T3),T13),T35),(T79,(T170,T92)))),((T20,T38),(((T145,T23),T59),((T174,T64),T105)))),((T80,T5),(((T83,T21),T93),(((T54,T146),T121),((T116,T110),(T56,T48)))))),T171);
Final Tree: ((((((((((((((((((T114,(T144,T49)),(T167,T45)),T186),((T51,T162),(T125,(T101,T6)))),(((T32,T136),T62),T137)),(((T138,T156),T67),(((T143,(T42,T193)),T65),T104))),((((((T187,T160),(T44,T84)),((T11,T12),T132)),(T82,T124)),(T164,T134)),(T100,T71))),(T18,T195)),((((T168,T189),T147),T172),(T103,T135))),((T130,T159),(((((T73,T86),((((T179,T115),(T24,T85)),T188),(T99,T173))),(T150,T141)),(((T69,T95),((T9,T76),T129)),T74)),(((((T55,(T34,T184)),(T57,T176)),(T68,T53)),T87),T175)))),(((((((T151,T19),(T30,T127)),(((T2,(T191,T178)),T154),T81)),((((T60,T126),(T148,(T72,T96))),((T47,T70),(T97,T182))),T28)),((((((((((T180,(T10,T139)),T31),(T108,T15)),((T155,(T157,T98)),(T149,T66))),((T41,T94),T63)),((((T25,T198),T128),T169),((T185,T106),T109))),(T107,T36)),((T4,T113),(((T58,T88),(T7,(T190,T90))),(T29,T192)))),((T152,(T158,T46)),(T78,T43))),(T14,T118))),(((((T102,T194),T89),T197),T50),((T75,(T183,T77)),T196))),T0)),(((T16,T27),T119),T131)),((((T1,T161),T117),(T40,T17)),T61)),((((((T166,T26),T177),(T165,(T33,T142))),(T39,(T199,T22))),(((T123,(T200,T111)),(((T122,(T181,T112)),T140),(T91,T37))),T133)),(T8,T52))),((((((T120,T163),T153),T3),T13),T35),(T79,(T170,T92)))),((T20,T38),(((T145,T23),T59),((T174,T64),T105)))),((T80,T5),(((T83,T21),T93),(((T54,T146),T121),((T116,T110),(T56,T48)))))),T171);
Score: 3.950126972e+10

real	1m40.306s
user	32m3.093s
sys	0m20.608s
