Weighted ASTRAL - Hybrid
Version: v1.13.2.3
#Genetrees: 2000
#Species: 201
#Rounds: 4
#Samples: 4
#Threads: 32
Use two-step algorithm!
Guide Tree 0/27
#NNI moves:0/236
Guide Tree 1/27
#NNI moves:5/236
Guide Tree 2/27
#NNI moves:4/236
Guide Tree 3/27
#NNI moves:4/236
Guide Tree 4/27
#NNI moves:6/236
Guide Tree 5/27
#NNI moves:3/236
Guide Tree 6/27
#NNI moves:6/236
Guide Tree 7/27
#NNI moves:1/236
Guide Tree 8/27
#NNI moves:2/236
Guide Tree 9/27
#NNI moves:2/236
Guide Tree 10/27
#NNI moves:1/236
Guide Tree 11/27
#NNI moves:2/236
Guide Tree 12/27
#NNI moves:2/236
Guide Tree 13/27
#NNI moves:1/236
Guide Tree 14/27
#NNI moves:5/236
Guide Tree 15/27
#NNI moves:3/236
Guide Tree 16/27
#NNI moves:1/236
Guide Tree 17/27
#NNI moves:1/236
Guide Tree 18/27
#NNI moves:1/236
Guide Tree 19/27
#NNI moves:5/236
Guide Tree 20/27
#NNI moves:1/236
Guide Tree 21/27
#NNI moves:3/236
Guide Tree 22/27
#NNI moves:1/236
Guide Tree 23/27
#NNI moves:3/236
Guide Tree 24/27
#NNI moves:3/236
Guide Tree 25/27
#NNI moves:4/236
Guide Tree 26/27
#NNI moves:4/236
Remaining: 3
#NNI moves:20/236
#NNI moves:20/236
(((((((((((((((((T74,T49),T102),T82),T200),(((((((T134,(T162,T103)),(((T157,T117),T95),T56)),((((T138,T22),(T131,T181)),(T48,T179)),((T171,T101),T77))),(T3,T62)),(T116,T20)),((T150,T67),T92)),(((T81,T115),(T32,T39)),(T155,T9)))),(((((((T16,T69),((T194,(T13,T176)),T132)),((T30,T26),T151)),(((T86,T188),T93),(T99,T78))),(T195,T55)),((T90,T7),(T140,T73))),(T122,(((T185,T40),(T63,(T146,T167))),T172)))),((((T168,T177),T114),((((T152,T104),T8),T109),T174)),(T198,T170))),(((T89,T11),(T147,T166)),(T144,(T186,T28)))),(((T76,T27),(T126,T106)),((((T66,(T15,T160)),((T87,T85),T79)),T128),T190))),T0),((((((((T136,T70),T110),(T192,T46)),T52),((T158,T123),T5)),((((((T91,T173),((T127,T12),T2)),T65),(T80,T44)),(T139,T61)),(T98,T184))),(T159,T111)),(((T10,T75),T141),T137))),((((((T100,T33),T97),((T165,(((T191,T142),T120),T51)),T29)),((((T68,T94),T121),((T42,(T197,T113)),T96)),T156)),T1),T37)),((((((T135,T4),(T64,(T83,T169))),((((T108,T31),T54),(T57,T129)),(T189,(T71,T163)))),(((((T14,T125),T24),(T19,T107)),(((T43,T130),T118),(T35,T18))),(((T105,(T187,T149)),T154),T84))),((T41,(T119,T178)),((T53,T193),(T36,T133)))),((T153,T161),(((T60,T112),T59),T50)))),((((T34,T175),(T88,(T45,T199))),((T183,T143),T145)),((T164,T148),T21))),((((T47,T25),T72),(T38,T180)),(((T6,T17),T124),(T58,T182)))),T196),T23);
Guide Tree 0/27
#NNI moves:1/236
Guide Tree 1/27
#NNI moves:3/236
Guide Tree 2/27
#NNI moves:2/236
Guide Tree 3/27
#NNI moves:3/236
Guide Tree 4/27
#NNI moves:2/236
Guide Tree 5/27
#NNI moves:2/236
Guide Tree 6/27
#NNI moves:1/236
Guide Tree 7/27
#NNI moves:1/236
Guide Tree 8/27
#NNI moves:0/236
Guide Tree 9/27
#NNI moves:3/236
Guide Tree 10/27
#NNI moves:0/236
Guide Tree 11/27
#NNI moves:4/236
Guide Tree 12/27
#NNI moves:4/236
Guide Tree 13/27
#NNI moves:4/236
Guide Tree 14/27
#NNI moves:5/236
Guide Tree 15/27
#NNI moves:5/236
Guide Tree 16/27
#NNI moves:2/236
Guide Tree 17/27
#NNI moves:3/236
Guide Tree 18/27
#NNI moves:6/236
Guide Tree 19/27
#NNI moves:6/236
Guide Tree 20/27
#NNI moves:3/236
Guide Tree 21/27
#NNI moves:1/236
Guide Tree 22/27
#NNI moves:2/236
Guide Tree 23/27
#NNI moves:2/236
Guide Tree 24/27
#NNI moves:1/236
Guide Tree 25/27
#NNI moves:3/236
Guide Tree 26/27
#NNI moves:3/236
Remaining: 0
#NNI moves:46/236
#NNI moves:46/236
((((((((((((((((((((((T162,T103),T134),(((T157,T117),T95),T56)),(((T179,T48),((T131,T181),(T22,T138))),(T77,(T171,T101)))),(T62,T3)),(T116,T20)),(T92,(T150,T67))),((T155,T9),((T81,T115),(T32,T39)))),((((T74,T49),T102),T82),T200)),((((((T26,T30),T151),(((T194,(T176,T13)),T132),(T69,T16))),((T93,(T86,T188)),(T78,T99))),(T55,T195)),((T7,T90),(T73,T140)))),((T198,T170),(((((T152,T104),T8),T109),T174),((T168,T177),T114)))),((((T63,(T146,T167)),(T40,T185)),T172),T122)),(((T11,T89),(T166,T147)),(T144,(T28,T186)))),((((((T15,T160),T66),(T79,(T85,T87))),T128),T190),((T76,T27),(T126,T106)))),T0),(((((((((T173,T91),((T12,T127),T2)),T65),(T80,T44)),(T139,T61)),(T98,T184)),((T52,((T46,T192),((T136,T70),T110))),(T5,(T158,T123)))),(T111,T159)),(((T10,T75),T141),T137))),((((((T100,T33),T97),(((((T142,T191),T120),T51),T165),T29)),(((T121,(T94,T68)),((T42,(T197,T113)),T96)),T156)),T1),T37)),((((((((T149,T187),T105),T154),T84),((((T14,T125),T24),(T19,T107)),((T18,T35),((T130,T43),T118)))),((((T163,T71),T189),((T129,T57),((T108,T31),T54))),(((T83,T169),T64),(T4,T135)))),(((T133,T36),(T193,T53)),((T119,T178),T41))),((T153,T161),(T50,((T60,T112),T59))))),((((T88,(T199,T45)),(T34,T175)),((T143,T183),T145)),((T164,T148),T21))),((((T47,T25),T72),(T38,T180)),((T182,T58),((T17,T6),T124)))),T196),T23);
Guide Tree 0/27
#NNI moves:1/236
Guide Tree 1/27
#NNI moves:1/236
Guide Tree 2/27
#NNI moves:0/236
Guide Tree 3/27
#NNI moves:0/236
Guide Tree 4/27
#NNI moves:2/236
Guide Tree 5/27
#NNI moves:1/236
Guide Tree 6/27
#NNI moves:0/236
Guide Tree 7/27
#NNI moves:2/236
Guide Tree 8/27
#NNI moves:4/236
Guide Tree 9/27
#NNI moves:2/236
Guide Tree 10/27
#NNI moves:3/236
Guide Tree 11/27
#NNI moves:3/236
Guide Tree 12/27
#NNI moves:0/236
Guide Tree 13/27
#NNI moves:6/236
Guide Tree 14/27
#NNI moves:0/236
Guide Tree 15/27
#NNI moves:1/236
Guide Tree 16/27
#NNI moves:3/236
Guide Tree 17/27
#NNI moves:2/236
Guide Tree 18/27
#NNI moves:3/236
Guide Tree 19/27
#NNI moves:0/236
Guide Tree 20/27
#NNI moves:1/236
Guide Tree 21/27
#NNI moves:0/236
Guide Tree 22/27
#NNI moves:1/236
Guide Tree 23/27
#NNI moves:5/236
Guide Tree 24/27
#NNI moves:5/236
Guide Tree 25/27
#NNI moves:1/236
Guide Tree 26/27
#NNI moves:1/236
Remaining: 2
#NNI moves:24/236
#NNI moves:24/236
((((((((((((((((((((((T181,T131),(T22,T138)),(T48,T179)),((T171,T101),T77)),((((T157,T117),T95),T56),((T162,T103),T134))),(T3,T62)),(T20,T116)),((T150,T67),T92)),(((T39,T32),(T115,T81)),(T155,T9))),((((T74,T49),T102),T82),T200)),((((((T151,(T30,T26)),((T16,T69),(((T13,T176),T194),T132))),(((T188,T86),T93),(T78,T99))),(T55,T195)),((T140,T73),(T7,T90))),(((((T146,T167),T63),(T40,T185)),T172),T122))),((((((T152,T104),T8),T109),T174),(T114,(T168,T177))),(T170,T198))),(((T11,T89),(T166,T147)),((T186,T28),T144))),(((((T66,(T15,T160)),((T85,T87),T79)),T128),T190),((T106,T126),(T76,T27)))),T0),(((((((T65,((T91,T173),((T12,T127),T2))),(T80,T44)),(T61,T139)),(T98,T184)),((((T110,(T70,T136)),(T46,T192)),T52),((T158,T123),T5))),(T159,T111)),(T137,((T10,T75),T141)))),(T37,(((((T121,(T68,T94)),(T96,(T42,(T113,T197)))),T156),(((((T120,(T191,T142)),T51),T165),T29),((T100,T33),T97))),T1))),((((((((T14,T125),T24),(T107,T19)),(((T43,T130),T118),(T18,T35))),((((T149,T187),T105),T154),T84)),(((((T108,T31),T54),(T129,T57)),((T71,T163),T189)),(((T83,T169),T64),(T4,T135)))),(((T53,T193),(T133,T36)),(T41,(T178,T119)))),((((T112,T60),T59),T50),(T161,T153)))),((((T143,T183),T145),((T175,T34),(T88,(T45,T199)))),((T164,T148),T21))),(((T38,T180),(T72,(T25,T47))),(((T17,T6),T124),(T182,T58)))),T196),T23);
Guide Tree 0/27
#NNI moves:0/236
Guide Tree 1/27
#NNI moves:1/236
Guide Tree 2/27
#NNI moves:1/236
Guide Tree 3/27
#NNI moves:3/236
Guide Tree 4/27
#NNI moves:0/236
Guide Tree 5/27
#NNI moves:0/236
Guide Tree 6/27
#NNI moves:0/236
Guide Tree 7/27
#NNI moves:3/236
Guide Tree 8/27
#NNI moves:4/236
Guide Tree 9/27
#NNI moves:5/236
Guide Tree 10/27
#NNI moves:0/236
Guide Tree 11/27
#NNI moves:1/236
Guide Tree 12/27
#NNI moves:5/236
Guide Tree 13/27
#NNI moves:5/236
Guide Tree 14/27
#NNI moves:4/236
Guide Tree 15/27
#NNI moves:6/236
Guide Tree 16/27
#NNI moves:0/236
Guide Tree 17/27
#NNI moves:1/236
Guide Tree 18/27
#NNI moves:1/236
Guide Tree 19/27
#NNI moves:4/236
Guide Tree 20/27
#NNI moves:4/236
Guide Tree 21/27
#NNI moves:1/236
Guide Tree 22/27
#NNI moves:3/236
Guide Tree 23/27
#NNI moves:0/236
Guide Tree 24/27
#NNI moves:3/236
Guide Tree 25/27
#NNI moves:0/236
Guide Tree 26/27
#NNI moves:1/236
Remaining: 4
#NNI moves:35/236
#NNI moves:35/236
(((((((((((((((((((T188,T86),T93),(T99,T78)),(((T30,T26),T151),(((T194,(T13,T176)),T132),(T16,T69)))),(T55,T195)),((T140,T73),(T90,T7))),(T122,(((T185,T40),((T146,T167),T63)),T172))),(((T166,T147),(T89,T11)),((T28,T186),T144))),((((((((((T117,T157),T95),T56),(T134,(T162,T103))),((((T131,T181),(T22,T138)),(T179,T48)),(T77,(T101,T171)))),(T3,T62)),(T20,T116)),(T92,(T67,T150))),(((T39,T32),(T81,T115)),(T155,T9))),(T200,((T102,(T74,T49)),T82)))),((((T109,(T8,(T104,T152))),T174),((T168,T177),T114)),(T170,T198))),((((((T87,T85),T79),((T15,T160),T66)),T128),T190),((T126,T106),(T27,T76)))),T0),(((((((T110,(T136,T70)),(T46,T192)),T52),((T123,T158),T5)),((T184,T98),(((((T91,T173),((T12,T127),T2)),T65),(T80,T44)),(T61,T139)))),(T111,T159)),(((T75,T10),T141),T137))),((((((((T120,(T142,T191)),T51),T165),T29),(T97,(T100,T33))),(((T96,((T197,T113),T42)),((T68,T94),T121)),T156)),T1),T37)),(((((((T54,(T108,T31)),(T57,T129)),((T163,T71),T189)),((T135,T4),((T169,T83),T64))),(((((T14,T125),T24),(T19,T107)),((T35,T18),((T130,T43),T118))),((T154,((T187,T149),T105)),T84))),(((T36,T133),(T193,T53)),((T178,T119),T41))),((T50,((T112,T60),T59)),(T161,T153)))),((((T34,T175),((T199,T45),T88)),(T145,(T143,T183))),((T164,T148),T21))),(((T124,(T17,T6)),(T58,T182)),((T38,T180),(T72,(T47,T25))))),T196),T23);
Initial score: 3.87984e+10
Initial tree: ((((((((((((((((((((((T117,T157),T95),T56),(T134,(T162,T103))),((((T131,T181),(T22,T138)),(T179,T48)),(T77,(T101,T171)))),(T3,T62)),(T20,T116)),(T92,(T67,T150))),(((T39,T32),(T81,T115)),(T155,T9))),(T200,((T102,(T74,T49)),T82))),(((((((T188,T86),T93),(T99,T78)),(((T30,T26),T151),(((T194,(T13,T176)),T132),(T16,T69)))),(T55,T195)),((T140,T73),(T90,T7))),(T122,(((T185,T40),((T146,T167),T63)),T172)))),((((T109,(T8,(T104,T152))),T174),((T168,T177),T114)),(T170,T198))),(((T166,T147),(T89,T11)),((T28,T186),T144))),((((((T87,T85),T79),((T15,T160),T66)),T128),T190),((T126,T106),(T27,T76)))),T0),(((((((T110,(T136,T70)),(T46,T192)),T52),((T123,T158),T5)),((T184,T98),(((((T91,T173),((T12,T127),T2)),T65),(T80,T44)),(T61,T139)))),(T111,T159)),(((T75,T10),T141),T137))),((((((((T120,(T142,T191)),T51),T165),T29),(T97,(T100,T33))),(((T96,((T197,T113),T42)),((T68,T94),T121)),T156)),T1),T37)),(((((((T54,(T108,T31)),(T57,T129)),((T163,T71),T189)),((T135,T4),((T169,T83),T64))),(((((T14,T125),T24),(T19,T107)),((T35,T18),((T130,T43),T118))),((T154,((T187,T149),T105)),T84))),(((T36,T133),(T193,T53)),((T178,T119),T41))),((T50,((T112,T60),T59)),(T161,T153)))),((((T34,T175),((T199,T45),T88)),(T145,(T143,T183))),((T164,T148),T21))),(((T124,(T17,T6)),(T58,T182)),((T38,T180),(T72,(T47,T25))))),T196),T23);
*** Subsample Process ***
Use two-step algorithm!
#NNI moves:5/236
Remaining: 0
#NNI moves:35/236
#NNI moves:35/236
(((((((((((((((((((((((((T83,T169),T64),(T135,T4)),(((T163,T71),T189),((T57,T129),(T54,(T108,T31))))),(((T154,((T149,T187),T105)),T84),((((T125,T14),T24),(T19,T107)),(((T130,T43),T118),(T35,T18))))),(((T119,T178),T41),((T133,T36),(T193,T53)))),((T153,T161),(((T60,T112),T59),T50))),(((((T143,T183),T145),((T175,T34),(T88,(T199,T45)))),((T164,T148),T21)),((T196,T23),(((T72,(T47,T25)),(T180,T38)),((T58,T182),(T124,(T17,T6))))))),(T37,((((((T68,T94),T121),((T42,(T197,T113)),T96)),T156),(((T100,T33),T97),(((((T191,T142),T120),T51),T165),T29))),T1))),(((((T184,T98),(((T80,T44),(((T2,(T127,T12)),(T91,T173)),T65)),(T61,T139))),(((((T70,T136),T110),(T46,T192)),T52),((T123,T158),T5))),(T159,T111)),((T141,(T10,T75)),T137))),T0),(((((T79,(T87,T85)),((T15,T160),T66)),T128),T190),((T126,T106),(T76,T27)))),((((T109,((T104,T152),T8)),T174),((T168,T177),T114)),(T198,T170))),((((T166,T147),(T89,T11)),((T186,T28),T144)),((((((T93,(T188,T86)),(T99,T78)),((((T194,(T176,T13)),T132),(T16,T69)),((T30,T26),T151))),(T55,T195)),((T73,T140),(T7,T90))),(T122,((((T167,T146),T63),(T40,T185)),T172))))),(T200,(((T74,T49),T102),T82))),(((T115,T81),(T32,T39)),(T155,T9))),(T92,(T150,T67))),(T116,T20)),(T62,T3)),((((T131,T181),(T22,T138)),(T48,T179)),((T171,T101),T77))),(T134,(T162,T103))),T56),T95),T157),T117);
#NNI moves:2/236
Remaining: 3
#NNI moves:43/236
#NNI moves:43/236
(((((((((((((((((((((((T181,T131),(T138,T22)),(T179,T48)),((T101,T171),T77)),((T56,((T157,T117),T95)),((T103,T162),T134))),(T62,T3)),(T20,T116)),((T150,T67),T92)),(((T32,T39),(T81,T115)),(T155,T9))),((((T74,T49),T102),T82),T200)),(((T55,T195),((((((T176,T13),T194),T132),(T16,T69)),((T26,T30),T151)),((T93,(T86,T188)),(T99,T78)))),((T140,T73),(T90,T7)))),((((((T104,T152),T8),T109),T174),((T177,T168),T114)),(T198,T170))),(((((T167,T146),T63),(T185,T40)),T172),T122)),((T144,(T28,T186)),((T11,T89),(T166,T147)))),((((((T15,T160),T66),(T79,(T87,T85))),T128),T190),((T106,T126),(T27,T76)))),T0),(((((T98,T184),(((T80,T44),(((T91,T173),((T12,T127),T2)),T65)),(T139,T61))),((((T192,T46),(T110,(T136,T70))),T52),((T123,T158),T5))),(T159,T111)),(((T10,T75),T141),T137))),((((((((T113,T197),T42),T96),((T68,T94),T121)),T156),((((T51,((T191,T142),T120)),T165),T29),(T97,(T100,T33)))),T1),T37)),(((((((T71,T163),T189),(((T31,T108),T54),(T129,T57))),((T135,T4),(T64,(T83,T169)))),((((T105,(T149,T187)),T154),T84),(((T35,T18),(T118,(T43,T130))),(((T125,T14),T24),(T107,T19))))),((T41,(T119,T178)),((T53,T193),(T36,T133)))),((((T60,T112),T59),T50),(T161,T153)))),(((T145,(T143,T183)),((T88,(T45,T199)),(T175,T34))),((T148,T164),T21))),(((T124,(T17,T6)),(T58,T182)),((T180,T38),(T72,(T25,T47))))),T23),T196);
#NNI moves:1/236
Remaining: 3
#NNI moves:19/236
#NNI moves:19/236
(((((((((((((((((((((((((T163,T71),T189),((T54,(T31,T108)),(T129,T57))),((T135,T4),(T64,(T169,T83)))),(((((T43,T130),T118),(T35,T18)),((T24,(T14,T125)),(T107,T19))),((T154,(T105,(T149,T187))),T84))),(((T178,T119),T41),((T193,T53),(T36,T133)))),(((T59,(T60,T112)),T50),(T153,T161))),((((((T17,T6),T124),(T182,T58)),(((T25,T47),T72),(T38,T180))),(T23,T196)),((((T34,T175),((T199,T45),T88)),(T145,(T183,T143))),((T164,T148),T21)))),(((((T97,(T100,T33)),((((T120,(T191,T142)),T51),T165),T29)),(((((T197,T113),T42),T96),((T68,T94),T121)),T156)),T1),T37)),(((((((T46,T192),((T70,T136),T110)),T52),((T158,T123),T5)),((((((T173,T91),(T2,(T127,T12))),T65),(T80,T44)),(T139,T61)),(T98,T184))),(T159,T111)),(((T75,T10),T141),T137))),T0),((((((T85,T87),T79),((T160,T15),T66)),T128),T190),((T27,T76),(T106,T126)))),(((T186,T28),T144),((T147,T166),(T89,T11)))),(((((T167,T146),T63),(T40,T185)),T172),T122)),((T198,T170),((T174,(((T152,T104),T8),T109)),(T114,(T168,T177))))),(((((((T194,(T13,T176)),T132),(T16,T69)),((T26,T30),T151)),((T93,(T188,T86)),(T78,T99))),(T195,T55)),((T90,T7),(T73,T140)))),(((T102,(T74,T49)),T82),T200)),(((T115,T81),(T39,T32)),(T9,T155))),((T67,T150),T92)),(T20,T116)),(T62,T3)),((((T131,T181),(T138,T22)),(T48,T179)),((T171,T101),T77))),((T95,(T117,T157)),T56)),(T162,T103)),T134);
#NNI moves:1/236
Remaining: 2
#NNI moves:52/236
#NNI moves:52/236
((((((((((((((((T7,T90),(T140,T73)),(((((T26,T30),T151),((((T176,T13),T194),T132),(T69,T16))),(((T188,T86),T93),(T78,T99))),(T195,T55))),(((((T39,T32),(T115,T81)),(T9,T155)),(((T67,T150),T92),(((((((T117,T157),T95),T56),(T134,(T103,T162))),(((T179,T48),((T22,T138),(T181,T131))),((T101,T171),T77))),(T62,T3)),(T116,T20)))),((((T74,T49),T102),T82),T200))),((T170,T198),((((T8,(T152,T104)),T109),T174),((T168,T177),T114)))),(((((T167,T146),T63),(T40,T185)),T172),T122)),(((T166,T147),(T11,T89)),((T28,T186),T144))),((((((T87,T85),T79),((T160,T15),T66)),T128),T190),((T27,T76),(T106,T126)))),T0),(((((((T44,T80),(((T91,T173),((T127,T12),T2)),T65)),(T61,T139)),(T184,T98)),(((((T136,T70),T110),(T192,T46)),T52),(T5,(T123,T158)))),(T159,T111)),(T137,((T10,T75),T141)))),(((((((((T142,T191),T120),T51),T165),T29),((T33,T100),T97)),((((T68,T94),T121),((T42,(T197,T113)),T96)),T156)),T1),T37)),(((((((T163,T71),T189),((T129,T57),((T108,T31),T54))),(((T169,T83),T64),(T4,T135))),(((((T43,T130),T118),(T35,T18)),(((T125,T14),T24),(T19,T107))),(T84,(((T149,T187),T105),T154)))),(((T53,T193),(T133,T36)),((T178,T119),T41))),((T161,T153),((T59,(T60,T112)),T50)))),((((T88,(T199,T45)),(T34,T175)),((T183,T143),T145)),(T21,(T164,T148)))),(((T38,T180),((T47,T25),T72)),((T182,T58),((T6,T17),T124)))),T23),T196);
Current score: 3.87984e+10
Current tree: (((((((((((((((((T39,T32),(T115,T81)),(T9,T155)),(((T67,T150),T92),(((((((T117,T157),T95),T56),(T134,(T103,T162))),(((T179,T48),((T22,T138),(T181,T131))),((T101,T171),T77))),(T62,T3)),(T116,T20)))),((((T74,T49),T102),T82),T200)),((((T7,T90),(T140,T73)),(((((T26,T30),T151),((((T176,T13),T194),T132),(T69,T16))),(((T188,T86),T93),(T78,T99))),(T195,T55))),(((((T167,T146),T63),(T40,T185)),T172),T122))),((T170,T198),((((T8,(T152,T104)),T109),T174),((T168,T177),T114)))),(((T166,T147),(T11,T89)),((T28,T186),T144))),((((((T87,T85),T79),((T160,T15),T66)),T128),T190),((T27,T76),(T106,T126)))),T0),(((((((T44,T80),(((T91,T173),((T127,T12),T2)),T65)),(T61,T139)),(T184,T98)),(((((T136,T70),T110),(T192,T46)),T52),(T5,(T123,T158)))),(T159,T111)),(T137,((T10,T75),T141)))),(((((((((T142,T191),T120),T51),T165),T29),((T33,T100),T97)),((((T68,T94),T121),((T42,(T197,T113)),T96)),T156)),T1),T37)),(((((((T163,T71),T189),((T129,T57),((T108,T31),T54))),(((T169,T83),T64),(T4,T135))),(((((T43,T130),T118),(T35,T18)),(((T125,T14),T24),(T19,T107))),(T84,(((T149,T187),T105),T154)))),(((T53,T193),(T133,T36)),((T178,T119),T41))),((T161,T153),((T59,(T60,T112)),T50)))),((((T88,(T199,T45)),(T34,T175)),((T183,T143),T145)),(T21,(T164,T148)))),(((T38,T180),((T47,T25),T72)),((T182,T58),((T6,T17),T124)))),T196),T23);
Final Tree: (((((((((((((((((T39,T32),(T115,T81)),(T9,T155)),(((T67,T150),T92),(((((((T117,T157),T95),T56),(T134,(T103,T162))),(((T179,T48),((T22,T138),(T181,T131))),((T101,T171),T77))),(T62,T3)),(T116,T20)))),((((T74,T49),T102),T82),T200)),((((T7,T90),(T140,T73)),(((((T26,T30),T151),((((T176,T13),T194),T132),(T69,T16))),(((T188,T86),T93),(T78,T99))),(T195,T55))),(((((T167,T146),T63),(T40,T185)),T172),T122))),((T170,T198),((((T8,(T152,T104)),T109),T174),((T168,T177),T114)))),(((T166,T147),(T11,T89)),((T28,T186),T144))),((((((T87,T85),T79),((T160,T15),T66)),T128),T190),((T27,T76),(T106,T126)))),T0),(((((((T44,T80),(((T91,T173),((T127,T12),T2)),T65)),(T61,T139)),(T184,T98)),(((((T136,T70),T110),(T192,T46)),T52),(T5,(T123,T158)))),(T159,T111)),(T137,((T10,T75),T141)))),(((((((((T142,T191),T120),T51),T165),T29),((T33,T100),T97)),((((T68,T94),T121),((T42,(T197,T113)),T96)),T156)),T1),T37)),(((((((T163,T71),T189),((T129,T57),((T108,T31),T54))),(((T169,T83),T64),(T4,T135))),(((((T43,T130),T118),(T35,T18)),(((T125,T14),T24),(T19,T107))),(T84,(((T149,T187),T105),T154)))),(((T53,T193),(T133,T36)),((T178,T119),T41))),((T161,T153),((T59,(T60,T112)),T50)))),((((T88,(T199,T45)),(T34,T175)),((T183,T143),T145)),(T21,(T164,T148)))),(((T38,T180),((T47,T25),T72)),((T182,T58),((T6,T17),T124)))),T196),T23);
Score: 3.879838233e+10

real	1m15.037s
user	29m8.756s
sys	0m19.283s
