Weighted ASTRAL - Hybrid
Version: v1.13.2.3
#Genetrees: 2000
#Species: 201
#Rounds: 4
#Samples: 4
#Threads: 32
Use two-step algorithm!
Guide Tree 0/27
#NNI moves:1/236
Guide Tree 1/27
#NNI moves:0/236
Guide Tree 2/27
#NNI moves:0/236
Guide Tree 3/27
#NNI moves:1/236
Guide Tree 4/27
#NNI moves:0/236
Guide Tree 5/27
#NNI moves:0/236
Guide Tree 6/27
#NNI moves:0/236
Guide Tree 7/27
#NNI moves:0/236
Guide Tree 8/27
#NNI moves:0/236
Guide Tree 9/27
#NNI moves:0/236
Guide Tree 10/27
#NNI moves:0/236
Guide Tree 11/27
#NNI moves:0/236
Guide Tree 12/27
#NNI moves:0/236
Guide Tree 13/27
#NNI moves:0/236
Guide Tree 14/27
#NNI moves:2/236
Guide Tree 15/27
#NNI moves:3/236
Guide Tree 16/27
#NNI moves:2/236
Guide Tree 17/27
#NNI moves:0/236
Guide Tree 18/27
#NNI moves:2/236
Guide Tree 19/27
#NNI moves:0/236
Guide Tree 20/27
#NNI moves:0/236
Guide Tree 21/27
#NNI moves:4/236
Guide Tree 22/27
#NNI moves:1/236
Guide Tree 23/27
#NNI moves:1/236
Guide Tree 24/27
#NNI moves:0/236
Guide Tree 25/27
#NNI moves:0/236
Guide Tree 26/27
#NNI moves:0/236
Remaining: 0
#NNI moves:13/236
#NNI moves:13/236
(((((((((((((((((T118,(T170,T75)),(((T6,T173),(T132,T154)),T171)),(((((T129,T36),T92),T112),T172),T131)),((((((((T69,T48),((T60,T79),T51)),(T25,T188)),(T95,T177)),(((T11,T29),T66),(((T163,T143),(T41,T65)),T175))),(T42,T10)),(T144,T121)),T98)),((((T8,T200),T182),T107),T158)),(((((((((((T152,((T184,T84),T13)),((T26,T39),(T142,T139))),T181),T70),T103),(T88,T21)),((T2,T55),T17)),((T14,T23),T198)),((T126,(T74,T7)),T166)),T174),((T155,((((T54,T161),T72),T62),(T81,T105))),T22))),((T89,T15),T116)),(((((T186,(T134,T151)),T43),(T195,(((T108,(T150,T146)),T63),T169))),(((T34,T82),T57),((T87,(T44,T127)),T193))),(((((T97,T106),T96),T156),(T125,T50)),T190))),(T123,T176)),(((((((T114,(T27,T113)),(T73,T4)),T130),(((T20,T135),T115),T71)),(T109,(T180,T67))),(((T59,T192),T94),(T28,T37))),(((T162,((T167,T157),T124)),T76),T33))),T0),(((((((((T136,(T168,T153)),(((T58,(T159,T45)),T189),(T179,(T191,T86)))),(T12,T78)),((T122,T147),((T165,T145),((T110,T80),T104)))),((((((((T83,T111),(T187,(T178,T49))),(((((T16,(T64,T91)),T3),(T30,T24)),T32),(T148,T194))),T90),(T137,T117)),(T9,(T35,(T47,T40)))),T102),((T133,(T31,T196)),T141))),((((T61,T119),((T18,T185),T5)),(((T120,T68),(T77,T160)),T19)),T93)),((T99,T199),(T53,(T128,T100)))),T183),((T1,T197),T164))),((T56,T85),T101)),T149),(T46,(T38,T52))),T140),T138);
Guide Tree 0/27
#NNI moves:1/236
Guide Tree 1/27
#NNI moves:2/236
Guide Tree 2/27
#NNI moves:3/236
Guide Tree 3/27
#NNI moves:0/236
Guide Tree 4/27
#NNI moves:0/236
Guide Tree 5/27
#NNI moves:3/236
Guide Tree 6/27
#NNI moves:3/236
Guide Tree 7/27
#NNI moves:0/236
Guide Tree 8/27
#NNI moves:3/236
Guide Tree 9/27
#NNI moves:0/236
Guide Tree 10/27
#NNI moves:1/236
Guide Tree 11/27
#NNI moves:0/236
Guide Tree 12/27
#NNI moves:0/236
Guide Tree 13/27
#NNI moves:3/236
Guide Tree 14/27
#NNI moves:2/236
Guide Tree 15/27
#NNI moves:0/236
Guide Tree 16/27
#NNI moves:0/236
Guide Tree 17/27
#NNI moves:0/236
Guide Tree 18/27
#NNI moves:0/236
Guide Tree 19/27
#NNI moves:1/236
Guide Tree 20/27
#NNI moves:0/236
Guide Tree 21/27
#NNI moves:3/236
Guide Tree 22/27
#NNI moves:1/236
Guide Tree 23/27
#NNI moves:0/236
Guide Tree 24/27
#NNI moves:2/236
Guide Tree 25/27
#NNI moves:0/236
Guide Tree 26/27
#NNI moves:3/236
Remaining: 5
#NNI moves:26/236
#NNI moves:27/236
(((((((((((((((((((((((((T184,T84),T13),T152),((T139,T142),(T26,T39))),T181),T70),T103),(T88,T21)),(T17,(T55,T2))),((T23,T14),T198)),((T126,(T7,T74)),T166)),T174),((T155,((((T54,T161),T72),T62),(T81,T105))),T22)),(((((T8,T200),T182),T107),T158),(((((((((T41,T65),(T163,T143)),T175),(T66,(T11,T29))),((((T51,(T79,T60)),(T69,T48)),(T188,T25)),(T95,T177))),(T10,T42)),(T121,T144)),T98),(((T118,(T170,T75)),(T171,((T154,T132),(T173,T6)))),((T172,((T92,(T36,T129)),T112)),T131))))),((T89,T15),T116)),((((T156,(T96,(T106,T97))),(T125,T50)),T190),(((T193,((T44,T127),T87)),((T34,T82),T57)),(((T186,(T151,T134)),T43),(((((T150,T146),T108),T63),T169),T195))))),(T123,T176)),(((((T59,T192),T94),(T28,T37)),(((T180,T67),T109),(((((T27,T113),T114),(T4,T73)),T130),(((T20,T135),T115),T71)))),(((((T167,T157),T124),T162),T76),T33))),T0),(((((((((((T47,T40),T35),T9),(((((T32,((T24,T30),((T16,(T64,T91)),T3))),(T148,T194)),((T111,T83),((T49,T178),T187))),T90),(T117,T137))),T102),((T133,(T31,T196)),T141)),(((((T80,T110),T104),(T145,T165)),(T122,T147)),(((((T58,(T159,T45)),T189),((T86,T191),T179)),(T136,(T168,T153))),(T12,T78)))),(((((T160,T77),(T120,T68)),T19),(((T18,T185),T5),(T119,T61))),T93)),(((T128,T100),T53),(T199,T99))),T183),((T1,T197),T164))),((T56,T85),T101)),T149),((T38,T52),T46)),T140),T138);
Guide Tree 0/27
#NNI moves:0/236
Guide Tree 1/27
#NNI moves:0/236
Guide Tree 2/27
#NNI moves:0/236
Guide Tree 3/27
#NNI moves:1/236
Guide Tree 4/27
#NNI moves:0/236
Guide Tree 5/27
#NNI moves:3/236
Guide Tree 6/27
#NNI moves:0/236
Guide Tree 7/27
#NNI moves:0/236
Guide Tree 8/27
#NNI moves:2/236
Guide Tree 9/27
#NNI moves:3/236
Guide Tree 10/27
#NNI moves:0/236
Guide Tree 11/27
#NNI moves:4/236
Guide Tree 12/27
#NNI moves:4/236
Guide Tree 13/27
#NNI moves:0/236
Guide Tree 14/27
#NNI moves:0/236
Guide Tree 15/27
#NNI moves:1/236
Guide Tree 16/27
#NNI moves:4/236
Guide Tree 17/27
#NNI moves:4/236
Guide Tree 18/27
#NNI moves:3/236
Guide Tree 19/27
#NNI moves:0/236
Guide Tree 20/27
#NNI moves:3/236
Guide Tree 21/27
#NNI moves:3/236
Guide Tree 22/27
#NNI moves:3/236
Guide Tree 23/27
#NNI moves:4/236
Guide Tree 24/27
#NNI moves:3/236
Guide Tree 25/27
#NNI moves:0/236
Guide Tree 26/27
#NNI moves:3/236
Remaining: 2
#NNI moves:52/236
#NNI moves:52/236
((((((((((((((((((((T66,(T11,T29)),(((T143,T163),(T65,T41)),T175)),((T177,T95),((T25,T188),((T51,(T79,T60)),(T69,T48))))),(T42,T10)),(T144,T121)),T98),(((((T154,T132),(T173,T6)),T171),((T75,T170),T118)),(((T112,(T92,(T129,T36))),T172),T131))),((((T8,T200),T182),T107),T158)),(((((((T54,T161),T72),T62),(T81,T105)),T155),T22),((((((((((T152,((T184,T84),T13)),((T142,T139),(T39,T26))),T181),T70),T103),(T21,T88)),((T55,T2),T17)),(T198,(T23,T14))),((T126,(T7,T74)),T166)),T174))),((T15,T89),T116)),((((T195,((((T150,T146),T108),T63),T169)),(T43,((T151,T134),T186))),((((T44,T127),T87),T193),((T82,T34),T57))),(((T50,T125),((T96,(T106,T97)),T156)),T190))),(T123,T176)),((((((((T113,T27),T114),(T4,T73)),T130),(((T20,T135),T115),T71)),((T180,T67),T109)),(((T59,T192),T94),(T28,T37))),(((T162,((T167,T157),T124)),T76),T33))),T0),(((((((((T185,T18),T5),(T119,T61)),(((T120,T68),(T77,T160)),T19)),T93),((((((((T159,T45),T58),T189),(T179,(T191,T86))),(T136,(T153,T168))),(T12,T78)),(((T145,T165),((T80,T110),T104)),(T122,T147))),((((((((((((T91,T64),T16),T3),(T24,T30)),T32),(T148,T194)),(((T49,T178),T187),(T111,T83))),T90),(T117,T137)),(((T40,T47),T35),T9)),T102),((T133,(T31,T196)),T141)))),((T99,T199),((T100,T128),T53))),T183),((T197,T1),T164))),(T101,(T56,T85))),T149),((T38,T52),T46)),T140),T138);
Guide Tree 0/27
#NNI moves:0/236
Guide Tree 1/27
#NNI moves:0/236
Guide Tree 2/27
#NNI moves:0/236
Guide Tree 3/27
#NNI moves:1/236
Guide Tree 4/27
#NNI moves:1/236
Guide Tree 5/27
#NNI moves:1/236
Guide Tree 6/27
#NNI moves:0/236
Guide Tree 7/27
#NNI moves:0/236
Guide Tree 8/27
#NNI moves:0/236
Guide Tree 9/27
#NNI moves:1/236
Guide Tree 10/27
#NNI moves:3/236
Guide Tree 11/27
#NNI moves:1/236
Guide Tree 12/27
#NNI moves:4/236
Guide Tree 13/27
#NNI moves:3/236
Guide Tree 14/27
#NNI moves:1/236
Guide Tree 15/27
#NNI moves:1/236
Guide Tree 16/27
#NNI moves:1/236
Guide Tree 17/27
#NNI moves:2/236
Guide Tree 18/27
#NNI moves:1/236
Guide Tree 19/27
#NNI moves:1/236
Guide Tree 20/27
#NNI moves:1/236
Guide Tree 21/27
#NNI moves:3/236
Guide Tree 22/27
#NNI moves:0/236
Guide Tree 23/27
#NNI moves:1/236
Guide Tree 24/27
#NNI moves:3/236
Guide Tree 25/27
#NNI moves:1/236
Guide Tree 26/27
#NNI moves:0/236
Remaining: 1
#NNI moves:10/236
#NNI moves:10/236
(((((((((((((((((((((T181,(((T13,(T184,T84)),T152),((T142,T139),(T39,T26)))),T70),T103),(T88,T21)),(T17,(T55,T2))),(T198,(T14,T23))),((T126,(T74,T7)),T166)),T174),((T155,((((T54,T161),T72),T62),(T105,T81))),T22)),((((((((((T65,T41),(T163,T143)),T175),((T11,T29),T66)),((((T51,(T60,T79)),(T48,T69)),(T188,T25)),(T95,T177))),(T10,T42)),(T144,T121)),T98),((((((T129,T36),T92),T112),T172),T131),((((T132,T154),(T173,T6)),T171),((T170,T75),T118)))),((((T200,T8),T182),T107),T158))),(T116,(T89,T15))),((((T57,(T82,T34)),(T193,((T127,T44),T87))),((((((T150,T146),T108),T63),T169),T195),((T186,(T151,T134)),T43))),(((((T106,T97),T96),T156),(T50,T125)),T190))),(T176,T123)),(((((T67,T180),T109),((((T20,T135),T115),T71),((((T113,T27),T114),(T4,T73)),T130))),(((T192,T59),T94),(T28,T37))),((T76,((T124,(T167,T157)),T162)),T33))),T0),((((((((((((((T178,T49),T187),(T111,T83)),((T32,((T24,T30),((T16,(T64,T91)),T3))),(T194,T148))),T90),(T137,T117)),(((T40,T47),T35),T9)),T102),((T133,(T31,T196)),T141)),(((T78,T12),((T136,(T168,T153)),(((T86,T191),T179),(T189,(T58,(T159,T45)))))),(((T104,(T80,T110)),(T165,T145)),(T122,T147)))),((((T61,T119),((T18,T185),T5)),(((T160,T77),(T120,T68)),T19)),T93)),(((T128,T100),T53),(T199,T99))),T183),((T197,T1),T164))),((T56,T85),T101)),T149),((T52,T38),T46)),T140),T138);
Initial score: 3.87996e+10
Initial tree: (((((((((((((((((((((T181,(((T13,(T184,T84)),T152),((T142,T139),(T39,T26)))),T70),T103),(T88,T21)),(T17,(T55,T2))),(T198,(T14,T23))),((T126,(T74,T7)),T166)),T174),((T155,((((T54,T161),T72),T62),(T105,T81))),T22)),((((((((((T65,T41),(T163,T143)),T175),((T11,T29),T66)),((((T51,(T60,T79)),(T48,T69)),(T188,T25)),(T95,T177))),(T10,T42)),(T144,T121)),T98),((((((T129,T36),T92),T112),T172),T131),((((T132,T154),(T173,T6)),T171),((T170,T75),T118)))),((((T200,T8),T182),T107),T158))),(T116,(T89,T15))),((((T57,(T82,T34)),(T193,((T127,T44),T87))),((((((T150,T146),T108),T63),T169),T195),((T186,(T151,T134)),T43))),(((((T106,T97),T96),T156),(T50,T125)),T190))),(T176,T123)),(((((T67,T180),T109),((((T20,T135),T115),T71),((((T113,T27),T114),(T4,T73)),T130))),(((T192,T59),T94),(T28,T37))),((T76,((T124,(T167,T157)),T162)),T33))),T0),((((((((((((((T178,T49),T187),(T111,T83)),((T32,((T24,T30),((T16,(T64,T91)),T3))),(T194,T148))),T90),(T137,T117)),(((T40,T47),T35),T9)),T102),((T133,(T31,T196)),T141)),(((T78,T12),((T136,(T168,T153)),(((T86,T191),T179),(T189,(T58,(T159,T45)))))),(((T104,(T80,T110)),(T165,T145)),(T122,T147)))),((((T61,T119),((T18,T185),T5)),(((T160,T77),(T120,T68)),T19)),T93)),(((T128,T100),T53),(T199,T99))),T183),((T197,T1),T164))),((T56,T85),T101)),T149),((T52,T38),T46)),T140),T138);
*** Subsample Process ***
Use two-step algorithm!
#NNI moves:0/236
Remaining: 0
#NNI moves:18/236
#NNI moves:18/236
(((((((((((((((((((((((((((((((T178,T49),T187),(T111,T83)),((T32,((((T91,T64),T16),T3),(T24,T30))),(T148,T194))),T90),(T137,T117)),(T9,(T35,(T47,T40)))),T102),((T133,(T196,T31)),T141)),(((((((T159,T45),T58),T189),((T86,T191),T179)),(T136,(T168,T153))),(T78,T12)),(((T104,(T80,T110)),(T145,T165)),(T122,T147)))),((((T5,(T18,T185)),(T119,T61)),(((T68,T120),(T160,T77)),T19)),T93)),(((T128,T100),T53),(T199,T99))),T183),((T1,T197),T164)),(((T85,T56),T101),(((T140,T138),((T52,T38),T46)),T149))),T0),((((T94,(T59,T192)),(T28,T37)),(((((T4,T73),((T27,T113),T114)),T130),((T115,(T20,T135)),T71)),((T180,T67),T109))),(((((T167,T157),T124),T162),T76),T33))),(T176,T123)),((((((T63,(T108,(T150,T146))),T169),T195),((T186,(T151,T134)),T43)),(((T34,T82),T57),(T193,((T127,T44),T87)))),(((((T106,T97),T96),T156),(T125,T50)),T190))),((T89,T15),T116)),((((((T170,T75),T118),(((T154,T132),(T6,T173)),T171)),(((((T129,T36),T92),T112),T172),T131)),(((T144,T121),(((((T25,T188),((T69,T48),(T51,(T60,T79)))),(T177,T95)),((((T65,T41),(T143,T163)),T175),((T29,T11),T66))),(T42,T10))),T98)),((((T200,T8),T182),T107),T158))),((((T62,((T54,T161),T72)),(T81,T105)),T155),T22)),T174),(((T7,T74),T126),T166)),(T198,(T23,T14))),((T2,T55),T17)),(T21,T88)),T103),T70),((T152,((T184,T84),T13)),((T26,T39),(T139,T142)))),T181);
#NNI moves:0/236
Remaining: 1
#NNI moves:15/236
#NNI moves:15/236
(((((((((((((((((T200,T8),T182),T107),T158),(((((((((T69,T48),(T51,(T60,T79))),(T25,T188)),(T177,T95)),((((T163,T143),(T41,T65)),T175),((T29,T11),T66))),(T42,T10)),(T121,T144)),T98),((((((T36,T129),T92),T112),T172),T131),((((T154,T132),(T6,T173)),T171),(T118,(T170,T75)))))),(((((T105,T81),(T62,(T72,(T161,T54)))),T155),T22),(((T166,((T7,T74),T126)),((((T2,T55),T17),((T21,T88),((((((T13,(T184,T84)),T152),((T26,T39),(T139,T142))),T181),T70),T103))),((T14,T23),T198))),T174))),(T116,(T89,T15))),((((((((T146,T150),T108),T63),T169),T195),(T43,(T186,(T134,T151)))),(((T87,(T44,T127)),T193),((T82,T34),T57))),((((T96,(T97,T106)),T156),(T125,T50)),T190))),(T123,T176)),((((T28,T37),(T94,(T192,T59))),(((((T135,T20),T115),T71),(((T114,(T113,T27)),(T73,T4)),T130)),((T67,T180),T109))),(((((T167,T157),T124),T162),T76),T33))),T0),((((((((((T137,T117),((((((((T64,T91),T16),T3),(T30,T24)),T32),(T194,T148)),((T83,T111),(T187,(T178,T49)))),T90)),(T9,((T40,T47),T35))),T102),(((T196,T31),T133),T141)),(((T78,T12),((((T58,(T159,T45)),T189),((T191,T86),T179)),((T153,T168),T136))),((T147,T122),((T165,T145),(T104,(T80,T110)))))),(((((T185,T18),T5),(T119,T61)),(T19,((T68,T120),(T160,T77)))),T93)),((T199,T99),((T128,T100),T53))),T183),((T1,T197),T164))),((T56,T85),T101)),T149),((T52,T38),T46)),T138),T140);
#NNI moves:3/236
Remaining: 0
#NNI moves:16/236
#NNI moves:16/236
(((((((((((((((((((((((((((((((((((T3,((T91,T64),T16)),(T24,T30)),T32),(T194,T148)),((T111,T83),(T187,(T49,T178)))),T90),(T137,T117)),(((T47,T40),T35),T9)),T102),(T141,((T196,T31),T133))),(((((T189,(T58,(T159,T45))),((T86,T191),T179)),((T153,T168),T136)),(T12,T78)),(((T165,T145),((T110,T80),T104)),(T122,T147)))),((((T5,(T185,T18)),(T119,T61)),(((T68,T120),(T77,T160)),T19)),T93)),((T53,(T100,T128)),(T99,T199))),T183),T149),(T164,(T197,T1))),((T101,(T56,T85)),(((T38,T52),T46),(T138,T140)))),T0),(((((T130,(((T27,T113),T114),(T4,T73))),(((T20,T135),T115),T71)),((T180,T67),T109)),(((T59,T192),T94),(T37,T28))),((T76,(((T157,T167),T124),T162)),T33))),(T176,T123)),((((((((T150,T146),T108),T63),T169),T195),(((T134,T151),T186),T43)),(((T34,T82),T57),((T87,(T127,T44)),T193))),(((((T106,T97),T96),T156),(T50,T125)),T190))),((T89,T15),T116)),(((T155,((T105,T81),(((T54,T161),T72),T62))),T22),((((((((((T152,((T184,T84),T13)),((T139,T142),(T26,T39))),T181),T70),T103),(T21,T88)),((T55,T2),T17)),(T198,(T14,T23))),(T166,(T126,(T74,T7)))),T174))),((T107,((T200,T8),T182)),T158)),((((T170,T75),T118),(((T6,T173),(T154,T132)),T171)),(((((T129,T36),T92),T112),T172),T131))),T98),(T121,T144)),(T10,T42)),((((T163,T143),(T65,T41)),T175),(T66,(T11,T29)))),(T95,T177)),(T188,T25)),(T69,T48)),T51),T79),T60);
#NNI moves:1/236
Remaining: 2
#NNI moves:6/236
#NNI moves:11/236
((((((((((((((((((((T66,(T11,T29)),(((T41,T65),(T143,T163)),T175)),(((T188,T25),(((T60,T79),T51),(T69,T48))),(T95,T177))),(T42,T10)),(T144,T121)),T98),(((((T154,T132),(T173,T6)),T171),((T75,T170),T118)),((T172,((T92,(T129,T36)),T112)),T131))),((T107,(T182,(T200,T8))),T158)),(((((((((((((T184,T84),T13),T152),((T26,T39),(T139,T142))),T181),T70),T103),(T21,T88)),((T55,T2),T17)),((T23,T14),T198)),((T126,(T74,T7)),T166)),T174),((((T81,T105),(((T54,T161),T72),T62)),T155),T22))),((T15,T89),T116)),((((T195,(((T108,(T150,T146)),T63),T169)),(((T151,T134),T186),T43)),((((T127,T44),T87),T193),((T34,T82),T57))),(((T156,(T96,(T97,T106))),(T50,T125)),T190))),(T123,T176)),(((((((T20,T135),T115),T71),(((T114,(T113,T27)),(T73,T4)),T130)),((T67,T180),T109)),((T37,T28),((T59,T192),T94))),((T76,(((T157,T167),T124),T162)),T33))),T0),(((((((((((((T32,(((T16,(T64,T91)),T3),(T30,T24))),(T194,T148)),(((T49,T178),T187),(T83,T111))),T90),(T117,T137)),(T9,(T35,(T40,T47)))),T102),((T133,(T31,T196)),T141)),(((((T189,((T45,T159),T58)),((T86,T191),T179)),((T168,T153),T136)),(T12,T78)),(((T104,(T110,T80)),(T145,T165)),(T147,T122)))),(((((T160,T77),(T120,T68)),T19),((T61,T119),(T5,(T185,T18)))),T93)),((T199,T99),(T53,(T128,T100)))),T183),((T197,T1),T164))),(T101,(T85,T56))),T149),((T52,T38),T46)),T138),T140);
Current score: 3.87996e+10
Current tree: ((((((((((((((((((((T66,(T11,T29)),(((T41,T65),(T143,T163)),T175)),(((T188,T25),(((T60,T79),T51),(T69,T48))),(T95,T177))),(T42,T10)),(T144,T121)),T98),(((((T154,T132),(T173,T6)),T171),((T75,T170),T118)),((T172,((T92,(T129,T36)),T112)),T131))),((T107,(T182,(T200,T8))),T158)),(((((((((((((T184,T84),T13),T152),((T26,T39),(T139,T142))),T181),T70),T103),(T21,T88)),((T55,T2),T17)),((T23,T14),T198)),((T126,(T74,T7)),T166)),T174),((((T81,T105),(((T54,T161),T72),T62)),T155),T22))),((T15,T89),T116)),((((T195,(((T108,(T150,T146)),T63),T169)),(((T151,T134),T186),T43)),((((T127,T44),T87),T193),((T34,T82),T57))),(((T156,(T96,(T97,T106))),(T50,T125)),T190))),(T123,T176)),(((((((T20,T135),T115),T71),(((T114,(T113,T27)),(T73,T4)),T130)),((T67,T180),T109)),((T37,T28),((T59,T192),T94))),((T76,(((T157,T167),T124),T162)),T33))),T0),(((((((((((((T32,(((T16,(T64,T91)),T3),(T30,T24))),(T194,T148)),(((T49,T178),T187),(T83,T111))),T90),(T117,T137)),(T9,(T35,(T40,T47)))),T102),((T133,(T31,T196)),T141)),(((((T189,((T45,T159),T58)),((T86,T191),T179)),((T168,T153),T136)),(T12,T78)),(((T104,(T110,T80)),(T145,T165)),(T147,T122)))),(((((T160,T77),(T120,T68)),T19),((T61,T119),(T5,(T185,T18)))),T93)),((T199,T99),(T53,(T128,T100)))),T183),((T197,T1),T164))),(T101,(T85,T56))),T149),((T52,T38),T46)),T140),T138);
Final Tree: ((((((((((((((((((((T66,(T11,T29)),(((T41,T65),(T143,T163)),T175)),(((T188,T25),(((T60,T79),T51),(T69,T48))),(T95,T177))),(T42,T10)),(T144,T121)),T98),(((((T154,T132),(T173,T6)),T171),((T75,T170),T118)),((T172,((T92,(T129,T36)),T112)),T131))),((T107,(T182,(T200,T8))),T158)),(((((((((((((T184,T84),T13),T152),((T26,T39),(T139,T142))),T181),T70),T103),(T21,T88)),((T55,T2),T17)),((T23,T14),T198)),((T126,(T74,T7)),T166)),T174),((((T81,T105),(((T54,T161),T72),T62)),T155),T22))),((T15,T89),T116)),((((T195,(((T108,(T150,T146)),T63),T169)),(((T151,T134),T186),T43)),((((T127,T44),T87),T193),((T34,T82),T57))),(((T156,(T96,(T97,T106))),(T50,T125)),T190))),(T123,T176)),(((((((T20,T135),T115),T71),(((T114,(T113,T27)),(T73,T4)),T130)),((T67,T180),T109)),((T37,T28),((T59,T192),T94))),((T76,(((T157,T167),T124),T162)),T33))),T0),(((((((((((((T32,(((T16,(T64,T91)),T3),(T30,T24))),(T194,T148)),(((T49,T178),T187),(T83,T111))),T90),(T117,T137)),(T9,(T35,(T40,T47)))),T102),((T133,(T31,T196)),T141)),(((((T189,((T45,T159),T58)),((T86,T191),T179)),((T168,T153),T136)),(T12,T78)),(((T104,(T110,T80)),(T145,T165)),(T147,T122)))),(((((T160,T77),(T120,T68)),T19),((T61,T119),(T5,(T185,T18)))),T93)),((T199,T99),(T53,(T128,T100)))),T183),((T197,T1),T164))),(T101,(T85,T56))),T149),((T52,T38),T46)),T140),T138);
Score: 3.879959988e+10

real	1m3.482s
user	24m10.861s
sys	0m20.538s
