Weighted ASTRAL - Hybrid
Version: v1.13.2.3
#Genetrees: 2000
#Species: 201
#Rounds: 4
#Samples: 4
#Threads: 32
Use two-step algorithm!
Guide Tree 0/27
#NNI moves:3/236
Guide Tree 1/27
#NNI moves:6/236
Guide Tree 2/27
#NNI moves:3/236
Guide Tree 3/27
#NNI moves:0/236
Guide Tree 4/27
#NNI moves:0/236
Guide Tree 5/27
#NNI moves:0/236
Guide Tree 6/27
#NNI moves:0/236
Guide Tree 7/27
#NNI moves:4/236
Guide Tree 8/27
#NNI moves:3/236
Guide Tree 9/27
#NNI moves:0/236
Guide Tree 10/27
#NNI moves:3/236
Guide Tree 11/27
#NNI moves:4/236
Guide Tree 12/27
#NNI moves:0/236
Guide Tree 13/27
#NNI moves:0/236
Guide Tree 14/27
#NNI moves:1/236
Guide Tree 15/27
#NNI moves:3/236
Guide Tree 16/27
#NNI moves:3/236
Guide Tree 17/27
#NNI moves:3/236
Guide Tree 18/27
#NNI moves:2/236
Guide Tree 19/27
#NNI moves:0/236
Guide Tree 20/27
#NNI moves:5/236
Guide Tree 21/27
#NNI moves:3/236
Guide Tree 22/27
#NNI moves:3/236
Guide Tree 23/27
#NNI moves:3/236
Guide Tree 24/27
#NNI moves:3/236
Guide Tree 25/27
#NNI moves:0/236
Guide Tree 26/27
#NNI moves:4/236
Remaining: 3
#NNI moves:16/236
#NNI moves:17/236
((((((((((((((((((T108,T165),T136),((T188,(T193,T103)),T192)),T99),(((((((T83,T30),T36),((T184,T68),T116)),T196),(T117,T167)),(T129,T5)),((((T185,T7),T14),T64),(T121,(T143,T115))))),T186),((T26,(((T41,T76),T57),((T187,T122),T100))),T9)),((((((T17,T106),(((T50,T53),(T182,T94)),T153)),(((((((T82,T181),T190),((T56,T6),T52)),T97),T133),T163),((T98,T110),T132))),((T95,T61),T139)),((((((T49,T147),T43),(T172,T2)),(((T111,T170),T120),(T199,(T131,T4)))),T39),T25)),((T194,(T69,((T87,T183),T171))),T166))),((T42,T29),(T84,(T118,T22)))),T200),(((T169,(T189,T127)),((T168,T34),T48)),((T142,T90),T174))),T0),((((((T65,T79),(T160,T37)),T146),(T149,T66)),(T77,(T75,T128))),((((((T13,(T8,T175)),((T10,T138),(T1,T85))),T21),T159),(((T72,T151),(T46,T150)),((T154,T12),T91))),((T152,(T16,T155)),T70)))),(((((((((T113,T32),T164),T180),(((T89,(T81,T60)),((T71,T35),(T33,T38))),((((T11,T3),(T179,T86)),((T178,T51),T80)),T140))),((((((T135,T123),(T176,T63)),T141),((T124,(T20,T177)),T148)),((T125,((((T137,T93),T101),T92),T74)),(((((T24,T54),T102),T62),T158),T173))),T107)),(((T156,(T59,T157)),(T40,(T73,T96))),((T112,T55),T130))),((T44,T119),(T78,T198))),(T23,T114)),(((((T88,T67),(T195,T104)),((T31,((T161,(T191,T105)),T45)),(T47,(T145,(T28,T18))))),T109),(T162,T144)))),(T126,(T58,(T197,T134)))),T27),T15),T19);
Guide Tree 0/27
#NNI moves:4/236
Guide Tree 1/27
#NNI moves:2/236
Guide Tree 2/27
#NNI moves:1/236
Guide Tree 3/27
#NNI moves:2/236
Guide Tree 4/27
#NNI moves:2/236
Guide Tree 5/27
#NNI moves:1/236
Guide Tree 6/27
#NNI moves:2/236
Guide Tree 7/27
#NNI moves:1/236
Guide Tree 8/27
#NNI moves:1/236
Guide Tree 9/27
#NNI moves:0/236
Guide Tree 10/27
#NNI moves:5/236
Guide Tree 11/27
#NNI moves:4/236
Guide Tree 12/27
#NNI moves:0/236
Guide Tree 13/27
#NNI moves:3/236
Guide Tree 14/27
#NNI moves:4/236
Guide Tree 15/27
#NNI moves:4/236
Guide Tree 16/27
#NNI moves:0/236
Guide Tree 17/27
#NNI moves:2/236
Guide Tree 18/27
#NNI moves:0/236
Guide Tree 19/27
#NNI moves:1/236
Guide Tree 20/27
#NNI moves:1/236
Guide Tree 21/27
#NNI moves:4/236
Guide Tree 22/27
#NNI moves:2/236
Guide Tree 23/27
#NNI moves:1/236
Guide Tree 24/27
#NNI moves:0/236
Guide Tree 25/27
#NNI moves:5/236
Guide Tree 26/27
#NNI moves:5/236
Remaining: 1
#NNI moves:29/236
#NNI moves:30/236
((((((((((((((((((T165,T108),T136),(((T193,T103),T188),T192)),T99),((((T167,T117),((((T83,T30),T36),(T116,(T184,T68))),T196)),(T5,T129)),(((T115,T143),T121),(T64,((T7,T185),T14))))),T186),((((T100,(T122,T187)),(T57,(T76,T41))),T26),T9)),(((T194,((T171,(T183,T87)),T69)),T166),((((((T97,T163),((((T56,T6),T52),((T82,T181),T190)),T133)),((T110,T98),T132)),((((T182,T94),(T53,T50)),T153),(T17,T106))),((T61,T95),T139)),((T39,((((T49,T147),T43),(T2,T172)),(((T131,T4),T199),(T120,(T170,T111))))),T25)))),((T84,(T118,T22)),(T29,T42))),T200),(((T169,(T127,T189)),(T48,(T168,T34))),((T142,T90),T174))),T0),((((((T46,T150),(T151,T72)),((T12,T154),T91)),(T159,((((T138,T10),(T85,T1)),((T175,T8),T13)),T21))),((T152,(T16,T155)),T70)),(((((T65,T79),(T160,T37)),T146),(T66,T149)),((T128,T75),T77)))),(((T114,T23),(((T78,T198),(T44,T119)),((((((((T86,T179),(T3,T11)),((T178,T51),T80)),T140),((T89,(T81,T60)),((T33,T38),(T71,T35)))),(T180,(T164,(T113,T32)))),(((((((T176,T63),(T123,T135)),T141),(((T177,T20),T124),T148)),((((((T93,T137),T101),T92),T74),T125),(((T62,((T54,T24),T102)),T158),T173))),T107),(((T73,T96),T40),((T157,T59),T156)))),(T130,(T112,T55))))),((T144,T162),((((((T28,T18),T145),T47),((T45,(T161,(T105,T191))),T31)),((T195,T104),(T88,T67))),T109)))),((T58,(T134,T197)),T126)),T27),T15),T19);
Guide Tree 0/27
#NNI moves:3/236
Guide Tree 1/27
#NNI moves:3/236
Guide Tree 2/27
#NNI moves:5/236
Guide Tree 3/27
#NNI moves:1/236
Guide Tree 4/27
#NNI moves:3/236
Guide Tree 5/27
#NNI moves:4/236
Guide Tree 6/27
#NNI moves:6/236
Guide Tree 7/27
#NNI moves:0/236
Guide Tree 8/27
#NNI moves:3/236
Guide Tree 9/27
#NNI moves:3/236
Guide Tree 10/27
#NNI moves:3/236
Guide Tree 11/27
#NNI moves:5/236
Guide Tree 12/27
#NNI moves:2/236
Guide Tree 13/27
#NNI moves:3/236
Guide Tree 14/27
#NNI moves:4/236
Guide Tree 15/27
#NNI moves:4/236
Guide Tree 16/27
#NNI moves:1/236
Guide Tree 17/27
#NNI moves:3/236
Guide Tree 18/27
#NNI moves:1/236
Guide Tree 19/27
#NNI moves:4/236
Guide Tree 20/27
#NNI moves:2/236
Guide Tree 21/27
#NNI moves:2/236
Guide Tree 22/27
#NNI moves:1/236
Guide Tree 23/27
#NNI moves:3/236
Guide Tree 24/27
#NNI moves:4/236
Guide Tree 25/27
#NNI moves:1/236
Guide Tree 26/27
#NNI moves:5/236
Remaining: 3
#NNI moves:36/236
#NNI moves:36/236
(((((((((((((((((((T108,T165),T136),((T188,(T193,T103)),T192)),(((T117,T167),((((T184,T68),T116),((T30,T83),T36)),T196)),(T129,T5))),((T64,((T185,T7),T14)),((T143,T115),T121))),T99),T186),(((((T41,T76),T57),((T122,T187),T100)),T26),T9)),(((((((T98,T110),T132),((((T190,(T82,T181)),((T6,T56),T52)),T133),(T163,T97))),((T17,T106),(((T94,T182),(T53,T50)),T153))),((T95,T61),T139)),((((((T49,T147),T43),(T172,T2)),(((T170,T111),T120),((T131,T4),T199))),T39),T25)),(T166,((((T87,T183),T171),T69),T194)))),(((T118,T22),T84),(T29,T42))),T200),((((T189,T127),T169),((T168,T34),T48)),(T174,(T142,T90)))),T0),(((((((T13,(T175,T8)),((T1,T85),(T138,T10))),T21),T159),(((T72,T151),(T150,T46)),((T12,T154),T91))),(((T16,T155),T152),T70)),(((T146,((T79,T65),(T160,T37))),(T66,T149)),((T75,T128),T77)))),(((((((((((((T93,T137),T101),T92),T74),T125),(((((T24,T54),T102),T62),T158),T173)),((((T63,T176),(T123,T135)),T141),(((T20,T177),T124),T148))),T107),(((((T35,T71),(T33,T38)),(T89,(T60,T81))),((((T11,T3),(T179,T86)),((T51,T178),T80)),T140)),((T164,(T113,T32)),T180))),(((T40,(T96,T73)),((T157,T59),T156)),((T55,T112),T130))),((T44,T119),(T78,T198))),(T114,T23)),(((((T104,T195),(T88,T67)),((T31,(((T191,T105),T161),T45)),((T145,(T28,T18)),T47))),T109),(T162,T144)))),((T58,(T197,T134)),T126)),T27),T15),T19);
Guide Tree 0/27
#NNI moves:7/236
Guide Tree 1/27
#NNI moves:4/236
Guide Tree 2/27
#NNI moves:1/236
Guide Tree 3/27
#NNI moves:3/236
Guide Tree 4/27
#NNI moves:3/236
Guide Tree 5/27
#NNI moves:4/236
Guide Tree 6/27
#NNI moves:3/236
Guide Tree 7/27
#NNI moves:4/236
Guide Tree 8/27
#NNI moves:1/236
Guide Tree 9/27
#NNI moves:2/236
Guide Tree 10/27
#NNI moves:9/236
Guide Tree 11/27
#NNI moves:5/236
Guide Tree 12/27
#NNI moves:2/236
Guide Tree 13/27
#NNI moves:4/236
Guide Tree 14/27
#NNI moves:4/236
Guide Tree 15/27
#NNI moves:4/236
Guide Tree 16/27
#NNI moves:3/236
Guide Tree 17/27
#NNI moves:3/236
Guide Tree 18/27
#NNI moves:4/236
Guide Tree 19/27
#NNI moves:3/236
Guide Tree 20/27
#NNI moves:3/236
Guide Tree 21/27
#NNI moves:5/236
Guide Tree 22/27
#NNI moves:8/236
Guide Tree 23/27
#NNI moves:6/236
Guide Tree 24/27
#NNI moves:2/236
Guide Tree 25/27
#NNI moves:3/236
Guide Tree 26/27
#NNI moves:9/236
Remaining: 8
#NNI moves:37/236
#NNI moves:37/236
(((((((((((((((((((T53,T50),(T182,T94)),T153),(T17,T106)),((((((T52,(T56,T6)),(T190,(T82,T181))),T97),T133),T163),((T110,T98),T132))),((T61,T95),T139)),((((((T4,T131),T199),(T120,(T111,T170))),((T43,(T147,T49)),(T2,T172))),T39),T25)),((((T171,(T183,T87)),T69),T194),T166)),(((((((((((T184,T68),T116),((T83,T30),T36)),T196),(T117,T167)),(T129,T5)),((((T103,T193),T188),T192),((T165,T108),T136))),((((T7,T185),T14),T64),((T115,T143),T121))),T99),T186),((((T100,(T187,T122)),((T76,T41),T57)),T26),T9))),((T42,T29),((T118,T22),T84))),T200),((((T127,T189),T169),(T48,(T168,T34))),((T90,T142),T174))),T0),((((T146,((T79,T65),(T37,T160))),(T149,T66)),(T77,(T128,T75))),(((((((T138,T10),(T85,T1)),((T175,T8),T13)),T21),T159),(((T150,T46),(T72,T151)),(T91,(T12,T154)))),(((T155,T16),T152),T70)))),(((((((((T32,T113),T164),T180),(((T89,(T60,T81)),((T38,T33),(T35,T71))),(((T80,(T51,T178)),((T11,T3),(T86,T179))),T140))),((((((T74,(((T93,T137),T101),T92)),T125),(((((T54,T24),T102),T62),T158),T173)),((((T177,T20),T124),T148),(T141,((T123,T135),(T176,T63))))),T107),(((T59,T157),T156),(T40,(T73,T96))))),((T55,T112),T130)),((T198,T78),(T44,T119))),(T23,T114)),(((((((T28,T18),T145),T47),((((T105,T191),T161),T45),T31)),((T195,T104),(T67,T88))),T109),(T144,T162)))),(((T134,T197),T58),T126)),T27),T15),T19);
Initial score: 4.07749e+10
Initial tree: (((((((((((((((((((T53,T50),(T182,T94)),T153),(T17,T106)),(((((T52,(T56,T6)),(T190,(T82,T181))),T133),(T163,T97)),((T110,T98),T132))),((T61,T95),T139)),((((((T4,T131),T199),(T120,(T111,T170))),((T43,(T147,T49)),(T2,T172))),T39),T25)),((((T171,(T183,T87)),T69),T194),T166)),((((((((T103,T193),T188),T192),((T165,T108),T136)),T99),(((((((T184,T68),T116),((T83,T30),T36)),T196),(T117,T167)),(T129,T5)),((((T7,T185),T14),T64),((T115,T143),T121)))),T186),((((T100,(T187,T122)),((T76,T41),T57)),T26),T9))),((T42,T29),((T118,T22),T84))),T200),((((T127,T189),T169),(T48,(T168,T34))),((T90,T142),T174))),T0),((((T146,((T79,T65),(T37,T160))),(T149,T66)),(T77,(T128,T75))),(((((((T138,T10),(T85,T1)),((T175,T8),T13)),T21),T159),(((T150,T46),(T72,T151)),(T91,(T12,T154)))),(((T155,T16),T152),T70)))),(((((((((T32,T113),T164),T180),(((T89,(T60,T81)),((T38,T33),(T35,T71))),(((T80,(T51,T178)),((T11,T3),(T86,T179))),T140))),((((((T74,(((T93,T137),T101),T92)),T125),(((((T54,T24),T102),T62),T158),T173)),((((T177,T20),T124),T148),(T141,((T123,T135),(T176,T63))))),T107),(((T59,T157),T156),(T40,(T73,T96))))),((T55,T112),T130)),((T198,T78),(T44,T119))),(T23,T114)),(((((((T28,T18),T145),T47),((((T105,T191),T161),T45),T31)),((T195,T104),(T67,T88))),T109),(T144,T162)))),(((T134,T197),T58),T126)),T27),T15),T19);
*** Subsample Process ***
Use two-step algorithm!
#NNI moves:0/236
Remaining: 6
#NNI moves:43/236
#NNI moves:44/236
((((((((((((((((((((((((((((((((T24,T54),T102),T62),T158),T173),((T74,(((T93,T137),T101),T92)),T125)),((T141,((T135,T123),(T176,T63))),(((T177,T20),T124),T148))),T107),(((T157,T59),T156),((T96,T73),T40))),(((((T35,T71),(T38,T33)),(T89,(T60,T81))),(((T80,(T51,T178)),((T86,T179),(T11,T3))),T140)),((T164,(T113,T32)),T180))),((T112,T55),T130)),((T44,T119),(T198,T78))),(T114,T23)),((T162,T144),(((((T45,((T105,T191),T161)),T31),((T145,(T18,T28)),T47)),((T88,T67),(T104,T195))),T109))),((((T134,T197),T58),T126),((T15,T19),T27))),(((((((T13,(T175,T8)),((T138,T10),(T1,T85))),T21),T159),(((T151,T72),(T46,T150)),((T154,T12),T91))),(((T16,T155),T152),T70)),(((((T65,T79),(T37,T160)),T146),(T149,T66)),(T77,(T75,T128))))),T0),(((T48,(T34,T168)),((T127,T189),T169)),((T90,T142),T174))),T200),((T29,T42),(T84,(T118,T22)))),((((((((T193,T103),T188),T192),((T108,T165),T136)),T99),((((((T116,(T68,T184)),((T83,T30),T36)),T196),(T167,T117)),(T5,T129)),((T121,(T115,T143)),(((T185,T7),T14),T64)))),T186),((T26,((T100,(T187,T122)),(T57,(T41,T76)))),T9))),(((((T87,T183),T171),T69),T194),T166)),(((((T199,(T131,T4)),((T170,T111),T120)),((T172,T2),((T147,T49),T43))),T39),T25)),((T95,T61),T139)),((T17,T106),(((T182,T94),(T50,T53)),T153))),((T110,T98),T132)),T163),T133),T97),(T190,(T82,T181))),(T6,T56)),T52);
#NNI moves:5/236
Remaining: 2
#NNI moves:35/236
#NNI moves:36/236
(((((((((((((((((((T103,T193),T188),T192),(T136,(T108,T165))),T99),((((T115,T143),T121),((T14,(T185,T7)),T64)),(((((T116,(T68,T184)),((T83,T30),T36)),T196),(T167,T117)),(T5,T129)))),T186),(((((T76,T41),T57),(T100,(T122,T187))),T26),T9)),((((((T132,(T110,T98)),(((((T181,T82),T190),(T52,(T6,T56))),T133),(T163,T97))),((T106,T17),(((T94,T182),(T53,T50)),T153))),((T61,T95),T139)),(((((T172,T2),((T49,T147),T43)),(((T4,T131),T199),((T170,T111),T120))),T39),T25)),(((T69,((T87,T183),T171)),T194),T166))),((T29,T42),(T84,(T22,T118)))),T200),((((T127,T189),T169),((T34,T168),T48)),((T142,T90),T174))),T0),((((((T79,T65),(T160,T37)),T146),(T149,T66)),((T128,T75),T77)),((((T21,(((T175,T8),T13),((T138,T10),(T85,T1)))),T159),(((T150,T46),(T72,T151)),((T12,T154),T91))),(((T16,T155),T152),T70)))),(((((((((((((T24,T54),T102),T62),T158),T173),(((((T137,T93),T101),T92),T74),T125)),(((T124,(T177,T20)),T148),(((T123,T135),(T176,T63)),T141))),T107),(((((T38,T33),(T35,T71)),((T81,T60),T89)),((((T11,T3),(T179,T86)),((T51,T178),T80)),T140)),(((T32,T113),T164),T180))),((((T59,T157),T156),((T96,T73),T40)),((T55,T112),T130))),((T119,T44),(T78,T198))),(T114,T23)),(((((((T18,T28),T145),T47),((T45,((T105,T191),T161)),T31)),((T88,T67),(T195,T104))),T109),(T162,T144)))),(T126,((T197,T134),T58))),T27),T19),T15);
#NNI moves:6/236
Remaining: 2
#NNI moves:27/236
#NNI moves:35/236
(((((((((((((((T106,T17),(((T182,T94),(T53,T50)),T153)),(((T133,((T190,(T181,T82)),((T56,T6),T52))),(T163,T97)),(T132,(T110,T98)))),((T61,T95),T139)),((((((T49,T147),T43),(T172,T2)),(((T170,T111),T120),(T199,(T131,T4)))),T39),T25)),(((T69,((T183,T87),T171)),T194),T166)),((((((((((((((((T81,T60),T89),((T71,T35),(T38,T33))),((((T3,T11),(T179,T86)),((T178,T51),T80)),T140)),(((T32,T113),T164),T180)),((((((T177,T20),T124),T148),(T141,((T176,T63),(T135,T123)))),((((((T54,T24),T102),T62),T158),T173),(((((T137,T93),T101),T92),T74),T125))),T107)),((T130,(T112,T55)),((T40,(T73,T96)),(T156,(T157,T59))))),((T119,T44),(T198,T78))),(T114,T23)),(((((T31,(((T105,T191),T161),T45)),(T47,((T18,T28),T145))),((T88,T67),(T104,T195))),T109),(T162,T144))),((T27,(T19,T15)),(T126,((T134,T197),T58)))),((((((((T8,T175),T13),((T10,T138),(T1,T85))),T21),T159),(((T46,T150),(T151,T72)),((T12,T154),T91))),(T70,(T152,(T16,T155)))),(((T66,T149),(((T79,T65),(T160,T37)),T146)),(T77,(T128,T75))))),T0),(((T169,(T127,T189)),((T34,T168),T48)),((T142,T90),T174))),T200),((T42,T29),((T22,T118),T84)))),(T9,(((T100,(T122,T187)),((T76,T41),T57)),T26))),T186),T99),((T121,(T143,T115)),(T64,((T185,T7),T14)))),(((((T36,(T30,T83)),((T184,T68),T116)),T196),(T167,T117)),(T5,T129))),((T108,T165),T136)),((T193,T103),T188)),T192);
#NNI moves:5/236
Remaining: 2
#NNI moves:59/236
#NNI moves:59/236
(((((((((((((((((((T49,T147),T43),(T172,T2)),(((T4,T131),T199),(T120,(T170,T111)))),T39),T25),(((((T133,(((T82,T181),T190),((T6,T56),T52))),(T163,T97)),((T98,T110),T132)),((((T182,T94),(T53,T50)),T153),(T106,T17))),((T95,T61),T139))),(((((T87,T183),T171),T69),T194),T166)),(((((((T165,T108),T136),(T192,(T188,(T193,T103)))),T99),(((T5,T129),(((((T30,T83),T36),((T184,T68),T116)),T196),(T167,T117))),((((T185,T7),T14),T64),((T115,T143),T121)))),T186),((T26,((T57,(T76,T41)),(T100,(T187,T122)))),T9))),((T29,T42),((T22,T118),T84))),T200),(((T142,T90),T174),(((T189,T127),T169),(T48,(T168,T34))))),T0),((((((T37,T160),(T79,T65)),T146),(T66,T149)),((T75,T128),T77)),(((((T46,T150),(T72,T151)),((T12,T154),T91)),(((((T8,T175),T13),((T138,T10),(T85,T1))),T21),T159)),(T70,((T155,T16),T152))))),(((((((((((((T101,(T137,T93)),T92),T74),T125),(((((T54,T24),T102),T62),T158),T173)),((((T177,T20),T124),T148),(((T176,T63),(T123,T135)),T141))),T107),((T40,(T96,T73)),(T156,(T157,T59)))),((((((T51,T178),T80),((T179,T86),(T11,T3))),T140),(((T38,T33),(T35,T71)),(T89,(T81,T60)))),((T164,(T32,T113)),T180))),((T55,T112),T130)),((T78,T198),(T119,T44))),(T23,T114)),(((((((T18,T28),T145),T47),((T45,((T191,T105),T161)),T31)),((T88,T67),(T195,T104))),T109),(T162,T144)))),(((T134,T197),T58),T126)),T27),T19),T15);
Current score: 4.07749e+10
Current tree: (((((((((((((((((((T49,T147),T43),(T172,T2)),(((T4,T131),T199),(T120,(T170,T111)))),T39),T25),(((((T133,(((T82,T181),T190),((T6,T56),T52))),(T163,T97)),((T98,T110),T132)),((((T182,T94),(T53,T50)),T153),(T106,T17))),((T95,T61),T139))),(((((T87,T183),T171),T69),T194),T166)),(((((((T165,T108),T136),(T192,(T188,(T193,T103)))),T99),(((T5,T129),(((((T30,T83),T36),((T184,T68),T116)),T196),(T167,T117))),((((T185,T7),T14),T64),((T115,T143),T121)))),T186),((T26,((T57,(T76,T41)),(T100,(T187,T122)))),T9))),((T29,T42),((T22,T118),T84))),T200),(((T142,T90),T174),(((T189,T127),T169),(T48,(T168,T34))))),T0),((((((T37,T160),(T79,T65)),T146),(T66,T149)),((T75,T128),T77)),(((((T46,T150),(T72,T151)),((T12,T154),T91)),(((((T8,T175),T13),((T138,T10),(T85,T1))),T21),T159)),(T70,((T155,T16),T152))))),(((((((((((((T101,(T137,T93)),T92),T74),T125),(((((T54,T24),T102),T62),T158),T173)),((((T177,T20),T124),T148),(((T176,T63),(T123,T135)),T141))),T107),((T40,(T96,T73)),(T156,(T157,T59)))),((((((T51,T178),T80),((T179,T86),(T11,T3))),T140),(((T38,T33),(T35,T71)),(T89,(T81,T60)))),((T164,(T32,T113)),T180))),((T55,T112),T130)),((T78,T198),(T119,T44))),(T23,T114)),(((((((T18,T28),T145),T47),((T45,((T191,T105),T161)),T31)),((T88,T67),(T195,T104))),T109),(T162,T144)))),(((T134,T197),T58),T126)),T27),T15),T19);
Final Tree: (((((((((((((((((((T49,T147),T43),(T172,T2)),(((T4,T131),T199),(T120,(T170,T111)))),T39),T25),(((((T133,(((T82,T181),T190),((T6,T56),T52))),(T163,T97)),((T98,T110),T132)),((((T182,T94),(T53,T50)),T153),(T106,T17))),((T95,T61),T139))),(((((T87,T183),T171),T69),T194),T166)),(((((((T165,T108),T136),(T192,(T188,(T193,T103)))),T99),(((T5,T129),(((((T30,T83),T36),((T184,T68),T116)),T196),(T167,T117))),((((T185,T7),T14),T64),((T115,T143),T121)))),T186),((T26,((T57,(T76,T41)),(T100,(T187,T122)))),T9))),((T29,T42),((T22,T118),T84))),T200),(((T142,T90),T174),(((T189,T127),T169),(T48,(T168,T34))))),T0),((((((T37,T160),(T79,T65)),T146),(T66,T149)),((T75,T128),T77)),(((((T46,T150),(T72,T151)),((T12,T154),T91)),(((((T8,T175),T13),((T138,T10),(T85,T1))),T21),T159)),(T70,((T155,T16),T152))))),(((((((((((((T101,(T137,T93)),T92),T74),T125),(((((T54,T24),T102),T62),T158),T173)),((((T177,T20),T124),T148),(((T176,T63),(T123,T135)),T141))),T107),((T40,(T96,T73)),(T156,(T157,T59)))),((((((T51,T178),T80),((T179,T86),(T11,T3))),T140),(((T38,T33),(T35,T71)),(T89,(T81,T60)))),((T164,(T32,T113)),T180))),((T55,T112),T130)),((T78,T198),(T119,T44))),(T23,T114)),(((((((T18,T28),T145),T47),((T45,((T191,T105),T161)),T31)),((T88,T67),(T195,T104))),T109),(T162,T144)))),(((T134,T197),T58),T126)),T27),T15),T19);
Score: 4.07748629e+10

real	1m33.079s
user	31m43.740s
sys	0m19.222s
