
RAxML-NG v. 1.1.0-master released on 04.08.2022 by The Exelixis Lab.
Developed by: Alexey M. Kozlov and Alexandros Stamatakis.
Contributors: Diego Darriba, Tomas Flouri, Benoit Morel, Sarah Lutteropp, Ben Bettisworth.
Latest version: https://github.com/amkozlov/raxml-ng
Questions/problems/suggestions? Please visit: https://groups.google.com/forum/#!forum/raxml

System: AMD EPYC 7742 64-Core Processor, 128 cores, 251 GB RAM

RAxML-NG was called at 17-Jan-2023 17:33:10 as follows:

/home/chaos/programs/raxml-ng/raxml-ng/bin/raxml-ng --msa data/alignment/36_1X_S201_0_1e6_haploid --tree pars{1} --model GTR+G --threads 64 --redo

Analysis options:
  run mode: ML tree search
  start tree(s): parsimony (1)
  random seed: 1674005590
  tip-inner: OFF
  pattern compression: ON
  per-rate scalers: OFF
  site repeats: ON
  fast spr radius: AUTO
  spr subtree cutoff: 1.000000
  branch lengths: proportional (ML estimate, algorithm: NR-FAST)
  SIMD kernels: AVX2
  parallelization: coarse-grained (auto), PTHREADS (64 threads), thread pinning: OFF

WARNING: Running in REDO mode: existing checkpoints are ignored, and all result files will be overwritten!

[00:00:00] Reading alignment from file: data/alignment/36_1X_S201_0_1e6_haploid
[00:00:03] Loaded alignment with 201 taxa and 5000000 sites

Alignment comprises 1 partitions and 3894343 patterns

Partition 0: noname
Model: GTR+FO+G4m
Alignment sites / patterns: 5000000 / 3894343
Gaps: 0.00 %
Invariant sites: 8.42 %


NOTE: Binary MSA file created: data/alignment/36_1X_S201_0_1e6_haploid.raxml.rba

Parallelization scheme autoconfig: 1 worker(s) x 64 thread(s)

Parallel reduction/worker buffer size: 1 KB  / 0 KB

[00:00:22] Generating 1 parsimony starting tree(s) with 201 taxa
[00:00:50] Data distribution: max. partitions/sites/weight per thread: 1 / 60850 / 973600
[00:00:50] Data distribution: max. searches per worker: 1

Starting ML tree search with 1 distinct starting trees

[00:00:52 -270594595.587563] Initial branch length optimization
[00:02:01 -256717032.057943] Model parameter optimization (eps = 10.000000)
[00:18:57 -243553764.438069] AUTODETECT spr round 1 (radius: 5)
[00:26:21 -243457447.843301] AUTODETECT spr round 2 (radius: 10)
[00:49:05 -243457447.824440] SPR radius for FAST iterations: 5 (autodetect)
[00:49:05 -243457447.824440] Model parameter optimization (eps = 3.000000)
[00:49:24 -243457445.250127] FAST spr round 1 (radius: 5)
[01:05:18 -243451068.620486] FAST spr round 2 (radius: 5)
[01:20:35 -243448206.778158] FAST spr round 3 (radius: 5)
[01:35:31 -243445465.139513] FAST spr round 4 (radius: 5)
[01:51:08 -243443051.482301] FAST spr round 5 (radius: 5)
[02:07:17 -243440777.887842] FAST spr round 6 (radius: 5)
[02:22:52 -243440410.488551] FAST spr round 7 (radius: 5)
[02:37:50 -243440179.459193] FAST spr round 8 (radius: 5)
[02:52:25 -243440098.294335] FAST spr round 9 (radius: 5)
[03:07:41 -243440098.294330] Model parameter optimization (eps = 1.000000)
[03:08:04 -243440097.890512] SLOW spr round 1 (radius: 5)
[03:54:49 -243437567.171232] SLOW spr round 2 (radius: 5)
[04:37:42 -243437567.168505] SLOW spr round 3 (radius: 10)
[05:23:03 -243437567.168348] SLOW spr round 4 (radius: 15)
[06:45:19 -243437567.168340] SLOW spr round 5 (radius: 20)
[07:41:06 -243437567.168340] SLOW spr round 6 (radius: 25)
[07:54:26 -243437567.168340] Model parameter optimization (eps = 0.100000)

[07:55:37] ML tree search #1, logLikelihood: -243437565.526401


Optimized model parameters:

   Partition 0: noname
   Rate heterogeneity: GAMMA (4 cats, mean),  alpha: 0.744824 (ML),  weights&rates: (0.250000,0.083777) (0.250000,0.383934) (0.250000,0.940410) (0.250000,2.591879) 
   Base frequencies (ML): 0.394412 0.201650 0.246021 0.157918 
   Substitution rates (ML): 1.438121 4.720211 0.862822 2.357433 6.347487 1.000000 


Final LogLikelihood: -243437565.526401

AIC score: 486875947.052803 / AICc score: 486875947.119557 / BIC score: 486881424.431779
Free parameters (model + branch lengths): 408

Best ML tree saved to: /expanse/lustre/projects/uot138/chaos/ASTERISK-sim/data/alignment/36_1X_S201_0_1e6_haploid.raxml.bestTree
Optimized model saved to: /expanse/lustre/projects/uot138/chaos/ASTERISK-sim/data/alignment/36_1X_S201_0_1e6_haploid.raxml.bestModel

Execution log saved to: /expanse/lustre/projects/uot138/chaos/ASTERISK-sim/data/alignment/36_1X_S201_0_1e6_haploid.raxml.log

Analysis started: 17-Jan-2023 17:33:10 / finished: 18-Jan-2023 01:28:49

Elapsed time: 28539.247 seconds

Consumed energy: 3266.506 Wh (= 16 km in an electric car, or 82 km with an e-scooter!)

