
RAxML-NG v. 1.1.0-master released on 04.08.2022 by The Exelixis Lab.
Developed by: Alexey M. Kozlov and Alexandros Stamatakis.
Contributors: Diego Darriba, Tomas Flouri, Benoit Morel, Sarah Lutteropp, Ben Bettisworth.
Latest version: https://github.com/amkozlov/raxml-ng
Questions/problems/suggestions? Please visit: https://groups.google.com/forum/#!forum/raxml

System: AMD EPYC 7742 64-Core Processor, 128 cores, 251 GB RAM

RAxML-NG was called at 13-Jan-2023 15:33:02 as follows:

/home/chaos/programs/raxml-ng/raxml-ng/bin/raxml-ng --msa data/alignment/37_1X_S201_0_1e6_haploid --tree pars{1} --model GTR+G --threads 64 --redo

Analysis options:
  run mode: ML tree search
  start tree(s): parsimony (1)
  random seed: 1673652782
  tip-inner: OFF
  pattern compression: ON
  per-rate scalers: OFF
  site repeats: ON
  fast spr radius: AUTO
  spr subtree cutoff: 1.000000
  branch lengths: proportional (ML estimate, algorithm: NR-FAST)
  SIMD kernels: AVX2
  parallelization: coarse-grained (auto), PTHREADS (64 threads), thread pinning: OFF

WARNING: Running in REDO mode: existing checkpoints are ignored, and all result files will be overwritten!

[00:00:03] Reading alignment from file: data/alignment/37_1X_S201_0_1e6_haploid
[00:00:05] Loaded alignment with 201 taxa and 5000000 sites

Alignment comprises 1 partitions and 4055400 patterns

Partition 0: noname
Model: GTR+FO+G4m
Alignment sites / patterns: 5000000 / 4055400
Gaps: 0.00 %
Invariant sites: 4.74 %


NOTE: Binary MSA file created: data/alignment/37_1X_S201_0_1e6_haploid.raxml.rba

Parallelization scheme autoconfig: 1 worker(s) x 64 thread(s)

Parallel reduction/worker buffer size: 1 KB  / 0 KB

[00:00:25] Generating 1 parsimony starting tree(s) with 201 taxa
[00:00:54] Data distribution: max. partitions/sites/weight per thread: 1 / 63366 / 1013856
[00:00:54] Data distribution: max. searches per worker: 1

Starting ML tree search with 1 distinct starting trees

[00:00:56 -281430893.875122] Initial branch length optimization
[00:02:10 -269053409.802334] Model parameter optimization (eps = 10.000000)
[00:24:16 -248118697.296936] AUTODETECT spr round 1 (radius: 5)
[00:32:25 -248076044.951862] AUTODETECT spr round 2 (radius: 10)
[00:57:42 -248076044.949851] SPR radius for FAST iterations: 5 (autodetect)
[00:57:42 -248076044.949851] Model parameter optimization (eps = 3.000000)
[00:58:02 -248076043.919629] FAST spr round 1 (radius: 5)
[01:16:23 -248059306.733681] FAST spr round 2 (radius: 5)
[01:33:05 -248057008.306844] FAST spr round 3 (radius: 5)
[01:48:59 -248055481.350296] FAST spr round 4 (radius: 5)
[02:05:12 -248055067.995113] FAST spr round 5 (radius: 5)
[02:20:54 -248054985.922999] FAST spr round 6 (radius: 5)
[02:36:54 -248054985.922986] Model parameter optimization (eps = 1.000000)
[02:37:49 -248054983.280329] SLOW spr round 1 (radius: 5)
[03:27:19 -248051226.708866] SLOW spr round 2 (radius: 5)
[04:09:36 -248051226.708325] SLOW spr round 3 (radius: 10)
[04:53:54 -248051226.708315] SLOW spr round 4 (radius: 15)
[06:23:15 -248051226.708315] SLOW spr round 5 (radius: 20)
[07:20:51 -248051226.708315] SLOW spr round 6 (radius: 25)
[07:36:16 -248051226.708315] Model parameter optimization (eps = 0.100000)

[07:37:46] ML tree search #1, logLikelihood: -248051224.432122


Optimized model parameters:

   Partition 0: noname
   Rate heterogeneity: GAMMA (4 cats, mean),  alpha: 0.827173 (ML),  weights&rates: (0.250000,0.101326) (0.250000,0.417848) (0.250000,0.964209) (0.250000,2.516616) 
   Base frequencies (ML): 0.523626 0.067600 0.266316 0.142457 
   Substitution rates (ML): 0.657313 1.944526 0.511585 0.600775 3.793145 1.000000 


Final LogLikelihood: -248051224.432122

AIC score: 496103264.864245 / AICc score: 496103264.930999 / BIC score: 496108742.243221
Free parameters (model + branch lengths): 408

Best ML tree saved to: /expanse/lustre/projects/uot138/chaos/ASTERISK-sim/data/alignment/37_1X_S201_0_1e6_haploid.raxml.bestTree
Optimized model saved to: /expanse/lustre/projects/uot138/chaos/ASTERISK-sim/data/alignment/37_1X_S201_0_1e6_haploid.raxml.bestModel

Execution log saved to: /expanse/lustre/projects/uot138/chaos/ASTERISK-sim/data/alignment/37_1X_S201_0_1e6_haploid.raxml.log

Analysis started: 13-Jan-2023 15:33:02 / finished: 13-Jan-2023 23:10:51

Elapsed time: 27468.760 seconds

Consumed energy: 3131.127 Wh (= 16 km in an electric car, or 78 km with an e-scooter!)

