Weighted ASTRAL - Hybrid
Version: v1.13.2.3
#Genetrees: 2000
#Species: 201
#Rounds: 4
#Samples: 4
#Threads: 32
Use two-step algorithm!
Guide Tree 0/27
#NNI moves:5/236
Guide Tree 1/27
#NNI moves:7/236
Guide Tree 2/27
#NNI moves:1/236
Guide Tree 3/27
#NNI moves:2/236
Guide Tree 4/27
#NNI moves:6/236
Guide Tree 5/27
#NNI moves:4/236
Guide Tree 6/27
#NNI moves:7/236
Guide Tree 7/27
#NNI moves:2/236
Guide Tree 8/27
#NNI moves:6/236
Guide Tree 9/27
#NNI moves:0/236
Guide Tree 10/27
#NNI moves:3/236
Guide Tree 11/27
#NNI moves:0/236
Guide Tree 12/27
#NNI moves:6/236
Guide Tree 13/27
#NNI moves:4/236
Guide Tree 14/27
#NNI moves:1/236
Guide Tree 15/27
#NNI moves:1/236
Guide Tree 16/27
#NNI moves:2/236
Guide Tree 17/27
#NNI moves:7/236
Guide Tree 18/27
#NNI moves:1/236
Guide Tree 19/27
#NNI moves:2/236
Guide Tree 20/27
#NNI moves:0/236
Guide Tree 21/27
#NNI moves:6/236
Guide Tree 22/27
#NNI moves:6/236
Guide Tree 23/27
#NNI moves:2/236
Guide Tree 24/27
#NNI moves:2/236
Guide Tree 25/27
#NNI moves:0/236
Guide Tree 26/27
#NNI moves:0/236
Remaining: 0
#NNI moves:52/236
#NNI moves:52/236
((((((((((((T110,T31),T82),(T61,(((T162,T21),T199),((T49,T2),T57)))),(((T125,T176),(T16,T192)),T126)),(T95,(T1,T183))),((T122,T74),((((((((T161,T89),((T123,T72),T188)),((T27,((T28,T111),(T36,T30))),(((T75,(T78,T3)),T121),T11))),(((T195,T143),((T102,T100),T85)),(T189,T35))),T62),((((((T52,T138),T147),T25),((T4,T196),(T140,T37))),T137),(T149,T178))),((T109,(T116,T96)),(T165,T194))),(((T181,T145),(T160,T69)),((T174,T88),T120))))),(((((((T155,(((((T139,T92),T115),(T29,T190)),T94),T107)),((T26,T81),((((T185,(T112,T60)),T64),T80),(T128,T63)))),(((T45,T77),((T67,T14),T131)),T43)),(((T184,T175),(((T76,T159),T133),T41)),(((T166,T79),T154),T55))),T0),(((T68,T150),((T153,T32),T9)),((T170,T19),T135))),(((((T141,T113),((T23,T101),(T56,T173))),T103),(((T142,T98),T34),((T164,T172),T119))),(T42,T93)))),((((((T73,T146),T130),(T108,(T134,T70))),(((T105,T59),((T91,T187),(T44,T169))),(T152,(T51,T186)))),T17),(((((((T53,T83),(T18,T163)),(T20,T157)),T179),((T33,T168),T200)),T129),((T7,((T132,T40),(T48,T13))),T117)))),(((((((((T90,T167),T6),(T104,T191)),((T10,T8),T54)),(T22,T5)),(T84,T50)),((((T46,T15),((T71,(T144,T177)),T12)),T106),T39)),(((T198,T24),T127),T158)),((T156,(T99,T86)),(T197,((T58,T118),(T148,T182)))))),((((T65,(T136,T97)),(T151,((T38,T193),T171))),T114),((T124,T47),T66))),T180),T87);
Guide Tree 0/27
#NNI moves:3/236
Guide Tree 1/27
#NNI moves:3/236
Guide Tree 2/27
#NNI moves:1/236
Guide Tree 3/27
#NNI moves:0/236
Guide Tree 4/27
#NNI moves:0/236
Guide Tree 5/27
#NNI moves:4/236
Guide Tree 6/27
#NNI moves:0/236
Guide Tree 7/27
#NNI moves:0/236
Guide Tree 8/27
#NNI moves:3/236
Guide Tree 9/27
#NNI moves:4/236
Guide Tree 10/27
#NNI moves:5/236
Guide Tree 11/27
#NNI moves:4/236
Guide Tree 12/27
#NNI moves:0/236
Guide Tree 13/27
#NNI moves:3/236
Guide Tree 14/27
#NNI moves:5/236
Guide Tree 15/27
#NNI moves:2/236
Guide Tree 16/27
#NNI moves:5/236
Guide Tree 17/27
#NNI moves:1/236
Guide Tree 18/27
#NNI moves:5/236
Guide Tree 19/27
#NNI moves:0/236
Guide Tree 20/27
#NNI moves:2/236
Guide Tree 21/27
#NNI moves:5/236
Guide Tree 22/27
#NNI moves:0/236
Guide Tree 23/27
#NNI moves:4/236
Guide Tree 24/27
#NNI moves:6/236
Guide Tree 25/27
#NNI moves:2/236
Guide Tree 26/27
#NNI moves:0/236
Remaining: 2
#NNI moves:11/236
#NNI moves:15/236
(((((((((((((((((((T3,T78),T75),T121),T11),(T27,((T28,T111),(T30,T36)))),((T188,(T123,T72)),(T161,T89))),(((T143,T195),(T85,(T100,T102))),(T35,T189))),T62),((((T25,((T138,T52),T147)),((T196,T4),(T37,T140))),T137),(T149,T178))),(((T96,T116),T109),(T194,T165))),(((T145,T181),(T160,T69)),((T88,T174),T120))),(T122,T74)),(((((T176,T125),(T192,T16)),T126),(((((T21,T162),T199),((T49,T2),T57)),T61),((T110,T31),T82))),((T1,T183),T95))),(((((T170,T19),T135),((T68,T150),((T153,T32),T9))),(((((T154,(T79,T166)),T55),((T184,T175),(((T159,T76),T133),T41))),((((T26,T81),(((((T60,T112),T185),T64),T80),(T128,T63))),(T155,((((T115,(T92,T139)),(T190,T29)),T94),T107))),(((T131,(T67,T14)),(T45,T77)),T43))),T0)),((((T119,(T164,T172)),((T142,T98),T34)),((((T101,T23),(T56,T173)),(T141,T113)),T103)),(T93,T42)))),(((((((T187,T91),(T169,T44)),(T105,T59)),((T186,T51),T152)),(((T73,T146),T130),((T134,T70),T108))),T17),((T129,((((T20,T157),((T83,T53),(T163,T18))),T179),(T200,(T33,T168)))),((((T40,T132),(T48,T13)),T7),T117)))),(((((((((T90,T167),T6),(T104,T191)),(T54,(T10,T8))),(T5,T22)),(T50,T84)),((((((T177,T144),T71),T12),(T15,T46)),T106),T39)),(T158,((T24,T198),T127))),((T156,(T99,T86)),(((T58,T118),(T182,T148)),T197)))),((((T151,((T38,T193),T171)),((T97,T136),T65)),T114),((T124,T47),T66))),T180),T87);
Guide Tree 0/27
#NNI moves:16/236
Guide Tree 1/27
#NNI moves:2/236
Guide Tree 2/27
#NNI moves:5/236
Guide Tree 3/27
#NNI moves:0/236
Guide Tree 4/27
#NNI moves:3/236
Guide Tree 5/27
#NNI moves:4/236
Guide Tree 6/27
#NNI moves:7/236
Guide Tree 7/27
#NNI moves:8/236
Guide Tree 8/27
#NNI moves:4/236
Guide Tree 9/27
#NNI moves:4/236
Guide Tree 10/27
#NNI moves:7/236
Guide Tree 11/27
#NNI moves:2/236
Guide Tree 12/27
#NNI moves:2/236
Guide Tree 13/27
#NNI moves:12/236
Guide Tree 14/27
#NNI moves:5/236
Guide Tree 15/27
#NNI moves:1/236
Guide Tree 16/27
#NNI moves:11/236
Guide Tree 17/27
#NNI moves:3/236
Guide Tree 18/27
#NNI moves:9/236
Guide Tree 19/27
#NNI moves:5/236
Guide Tree 20/27
#NNI moves:0/236
Guide Tree 21/27
#NNI moves:1/236
Guide Tree 22/27
#NNI moves:2/236
Guide Tree 23/27
#NNI moves:8/236
Guide Tree 24/27
#NNI moves:7/236
Guide Tree 25/27
#NNI moves:4/236
Guide Tree 26/27
#NNI moves:3/236
Remaining: 1
#NNI moves:11/236
#NNI moves:11/236
(((((((((((((((((T52,T138),T147),T25),((T196,T4),(T140,T37))),T137),(T178,T149)),(((((((T28,T111),(T36,T30)),T27),(((T75,(T3,T78)),T121),T11)),(((T123,T72),T188),(T161,T89))),((((T102,T100),T85),(T143,T195)),(T189,T35))),T62)),((T109,(T96,T116)),(T194,T165))),(((T181,T145),(T160,T69)),(T120,(T88,T174)))),(T122,T74)),(((((T31,T110),T82),((((T2,T49),T57),(T199,(T21,T162))),T61)),(T126,((T192,T16),(T125,T176)))),((T183,T1),T95))),(((((((((T63,T128),(T80,(((T112,T60),T185),T64))),(T81,T26)),(T155,((((T115,(T139,T92)),(T190,T29)),T94),T107))),((((T14,T67),T131),(T45,T77)),T43)),(((((T76,T159),T133),T41),(T184,T175)),(((T79,T166),T154),T55))),T0),(((T68,T150),((T153,T32),T9)),(T135,(T19,T170)))),(((((T172,T164),T119),((T98,T142),T34)),(((T113,T141),((T23,T101),(T56,T173))),T103)),(T42,T93)))),((((((((T163,T18),(T83,T53)),(T157,T20)),T179),(T200,(T33,T168))),T129),((((T48,T13),(T132,T40)),T7),T117)),((((T152,(T51,T186)),(((T44,T169),(T187,T91)),(T105,T59))),(((T73,T146),T130),((T70,T134),T108))),T17))),(((((T148,T182),(T118,T58)),T197),((T99,T86),T156)),((((T84,T50),(((((T167,T90),T6),(T104,T191)),(T54,(T8,T10))),(T5,T22))),((((((T144,T177),T71),T12),(T15,T46)),T106),T39)),(((T24,T198),T127),T158)))),((T114,(((T171,(T38,T193)),T151),(T65,(T97,T136)))),(T66,(T47,T124)))),T180),T87);
Guide Tree 0/27
#NNI moves:3/236
Guide Tree 1/27
#NNI moves:2/236
Guide Tree 2/27
#NNI moves:1/236
Guide Tree 3/27
#NNI moves:0/236
Guide Tree 4/27
#NNI moves:5/236
Guide Tree 5/27
#NNI moves:5/236
Guide Tree 6/27
#NNI moves:4/236
Guide Tree 7/27
#NNI moves:8/236
Guide Tree 8/27
#NNI moves:1/236
Guide Tree 9/27
#NNI moves:0/236
Guide Tree 10/27
#NNI moves:2/236
Guide Tree 11/27
#NNI moves:5/236
Guide Tree 12/27
#NNI moves:8/236
Guide Tree 13/27
#NNI moves:1/236
Guide Tree 14/27
#NNI moves:2/236
Guide Tree 15/27
#NNI moves:4/236
Guide Tree 16/27
#NNI moves:1/236
Guide Tree 17/27
#NNI moves:4/236
Guide Tree 18/27
#NNI moves:2/236
Guide Tree 19/27
#NNI moves:9/236
Guide Tree 20/27
#NNI moves:2/236
Guide Tree 21/27
#NNI moves:7/236
Guide Tree 22/27
#NNI moves:5/236
Guide Tree 23/27
#NNI moves:9/236
Guide Tree 24/27
#NNI moves:4/236
Guide Tree 25/27
#NNI moves:3/236
Guide Tree 26/27
#NNI moves:3/236
Remaining: 4
#NNI moves:5/236
#NNI moves:5/236
((((((((((((((T77,T45),((T67,T14),T131)),T43),((((((T185,(T60,T112)),T64),T80),(T128,T63)),(T26,T81)),((((((T92,T139),T115),(T29,T190)),T94),T107),T155))),(((((T76,T159),T133),T41),(T175,T184)),(T55,((T166,T79),T154)))),T0),((T135,(T19,T170)),((T150,T68),(T9,(T32,T153))))),((((T119,(T164,T172)),(T34,(T142,T98))),((((T56,T173),(T101,T23)),(T113,T141)),T103)),(T42,T93))),((((((((((T195,T143),(T85,(T100,T102))),(T35,T189)),((((((T78,T3),T75),T121),T11),(((T30,T36),(T28,T111)),T27)),((T89,T161),((T123,T72),T188)))),T62),(((((T140,T37),(T196,T4)),(((T138,T52),T147),T25)),T137),(T178,T149))),((T165,T194),(T109,(T116,T96)))),(((T69,T160),(T145,T181)),(T120,(T88,T174)))),(T74,T122)),(((((((T162,T21),T199),((T2,T49),T57)),T61),((T110,T31),T82)),(((T16,T192),(T125,T176)),T126)),((T183,T1),T95)))),((((((T70,T134),T108),((T73,T146),T130)),((((T169,T44),(T187,T91)),(T105,T59)),((T51,T186),T152))),T17),(((((T40,T132),(T13,T48)),T7),T117),((((((T163,T18),(T53,T83)),(T157,T20)),T179),(T200,(T168,T33))),T129)))),((((((((T6,(T167,T90)),(T104,T191)),((T10,T8),T54)),(T5,T22)),(T50,T84)),((((T15,T46),(((T144,T177),T71),T12)),T106),T39)),(T158,((T198,T24),T127))),(((T99,T86),T156),(((T118,T58),(T182,T148)),T197)))),(((T47,T124),T66),((((T171,(T38,T193)),T151),((T97,T136),T65)),T114))),T180),T87);
Initial score: 3.57116e+10
Initial tree: ((((((((((((((T77,T45),((T67,T14),T131)),T43),((((((T185,(T60,T112)),T64),T80),(T128,T63)),(T26,T81)),((((((T92,T139),T115),(T29,T190)),T94),T107),T155))),(((((T76,T159),T133),T41),(T175,T184)),(T55,((T166,T79),T154)))),T0),((T135,(T19,T170)),((T150,T68),(T9,(T32,T153))))),((((T119,(T164,T172)),(T34,(T142,T98))),((((T56,T173),(T101,T23)),(T113,T141)),T103)),(T42,T93))),((((((((((T195,T143),(T85,(T100,T102))),(T35,T189)),((((((T78,T3),T75),T121),T11),(((T30,T36),(T28,T111)),T27)),((T89,T161),((T123,T72),T188)))),T62),(((((T140,T37),(T196,T4)),(((T138,T52),T147),T25)),T137),(T178,T149))),((T165,T194),(T109,(T116,T96)))),(((T69,T160),(T145,T181)),(T120,(T88,T174)))),(T74,T122)),(((((((T162,T21),T199),((T2,T49),T57)),T61),((T110,T31),T82)),(((T16,T192),(T125,T176)),T126)),((T183,T1),T95)))),((((((T70,T134),T108),((T73,T146),T130)),((((T169,T44),(T187,T91)),(T105,T59)),((T51,T186),T152))),T17),(((((T40,T132),(T13,T48)),T7),T117),((((((T163,T18),(T53,T83)),(T157,T20)),T179),(T200,(T168,T33))),T129)))),((((((((T6,(T167,T90)),(T104,T191)),((T10,T8),T54)),(T5,T22)),(T50,T84)),((((T15,T46),(((T144,T177),T71),T12)),T106),T39)),(T158,((T198,T24),T127))),(((T99,T86),T156),(((T118,T58),(T182,T148)),T197)))),(((T47,T124),T66),((((T171,(T38,T193)),T151),((T97,T136),T65)),T114))),T180),T87);
*** Subsample Process ***
Use two-step algorithm!
#NNI moves:0/236
Remaining: 1
#NNI moves:23/236
#NNI moves:23/236
((((((((((((((((T158,((T198,T24),T127)),(((((((T90,T167),T6),(T104,T191)),(T54,(T10,T8))),(T5,T22)),(T50,T84)),((T106,((T46,T15),(((T144,T177),T71),T12))),T39))),(((T86,T99),T156),(((T182,T148),(T58,T118)),T197))),(((((T151,(T171,(T38,T193))),((T97,T136),T65)),T114),((T47,T124),T66)),(T180,T87))),((((((((T18,T163),(T53,T83)),(T20,T157)),T179),((T33,T168),T200)),T129),((((T40,T132),(T48,T13)),T7),T117)),((((((T44,T169),(T91,T187)),(T105,T59)),(T152,(T186,T51))),(((T73,T146),T130),(T108,(T70,T134)))),T17))),(((((((((((((T78,T3),T75),T121),T11),(((T28,T111),(T30,T36)),T27)),((T188,(T72,T123)),(T89,T161))),(((T85,(T100,T102)),(T195,T143)),(T189,T35))),T62),(((((T196,T4),(T140,T37)),(((T52,T138),T147),T25)),T137),(T149,T178))),((T194,T165),(T109,(T96,T116)))),(((T145,T181),(T69,T160)),((T88,T174),T120))),(T122,T74)),(((((((T21,T162),T199),((T2,T49),T57)),T61),((T110,T31),T82)),(((T16,T192),(T125,T176)),T126)),((T183,T1),T95)))),((((((T56,T173),(T23,T101)),(T113,T141)),T103),((T119,(T164,T172)),(T34,(T142,T98)))),(T93,T42))),(((T9,(T32,T153)),(T150,T68)),(T135,(T170,T19)))),T0),((T55,((T79,T166),T154)),(((T133,(T76,T159)),T41),(T175,T184)))),(((((((T92,T139),T115),(T29,T190)),T94),T107),T155),((((((T60,T112),T185),T64),T80),(T63,T128)),(T26,T81)))),T43),(T77,T45)),T131),T14),T67);
#NNI moves:0/236
Remaining: 0
#NNI moves:32/236
#NNI moves:32/236
((((((((((((((((T85,(T102,T100)),(T195,T143)),(T35,T189)),(((T89,T161),(T188,(T123,T72))),((((T36,T30),(T28,T111)),T27),(T11,(((T3,T78),T75),T121))))),T62),(((((T37,T140),(T196,T4)),(T25,(T147,(T138,T52)))),T137),(T178,T149))),((T165,T194),((T116,T96),T109))),(((T145,T181),(T160,T69)),((T88,T174),T120))),(T74,T122)),(((((((T21,T162),T199),((T49,T2),T57)),T61),((T31,T110),T82)),(((T192,T16),(T176,T125)),T126)),((T1,T183),T95))),((((((((((((T139,T92),T115),(T29,T190)),T94),T107),T155),((T81,T26),(((((T60,T112),T185),T64),T80),(T63,T128)))),(T43,((T131,(T67,T14)),(T45,T77)))),((((T133,(T76,T159)),T41),(T184,T175)),(((T166,T79),T154),T55))),T0),((((T32,T153),T9),(T68,T150)),((T170,T19),T135))),((((((T23,T101),(T56,T173)),(T141,T113)),T103),(((T142,T98),T34),((T172,T164),T119))),(T42,T93)))),((((((((T18,T163),(T53,T83)),(T20,T157)),T179),((T168,T33),T200)),T129),((((T132,T40),(T48,T13)),T7),T117)),(((((T105,T59),((T169,T44),(T91,T187))),(T152,(T186,T51))),((T108,(T70,T134)),(T130,(T73,T146)))),T17))),((((((T22,T5),((((T167,T90),T6),(T104,T191)),((T8,T10),T54))),(T84,T50)),((((T46,T15),(((T144,T177),T71),T12)),T106),T39)),((T127,(T24,T198)),T158)),((((T58,T118),(T182,T148)),T197),((T86,T99),T156)))),((((T65,(T97,T136)),((T171,(T193,T38)),T151)),T114),((T47,T124),T66))),T87),T180);
#NNI moves:4/236
Remaining: 0
#NNI moves:32/236
#NNI moves:32/236
((((((((((((((((((((T40,T132),(T48,T13)),T7),T117),(((T200,(T168,T33)),(((T157,T20),((T83,T53),(T163,T18))),T179)),T129)),((((((T44,T169),(T187,T91)),(T105,T59)),(T152,(T51,T186))),((T130,(T146,T73)),(T108,(T134,T70)))),T17)),(((((((((T8,T10),T54),((T104,T191),(T6,(T90,T167)))),(T22,T5)),(T84,T50)),((((((T177,T144),T71),T12),(T46,T15)),T106),T39)),(((T198,T24),T127),T158)),(((T86,T99),T156),(T197,((T58,T118),(T148,T182))))),((((T124,T47),T66),((((T171,(T38,T193)),T151),(T65,(T97,T136))),T114)),(T87,T180)))),(((T42,T93),(((T34,(T142,T98)),(T119,(T164,T172))),((((T173,T56),(T23,T101)),(T113,T141)),T103))),((((T170,T19),T135),(((T153,T32),T9),(T68,T150))),(((((((((T115,(T139,T92)),(T29,T190)),T94),T107),T155),((T81,T26),(((((T112,T60),T185),T64),T80),(T63,T128)))),((((T67,T14),T131),(T45,T77)),T43)),((((T166,T79),T154),T55),((((T159,T76),T133),T41),(T175,T184)))),T0)))),((T95,(T1,T183)),((((T16,T192),(T176,T125)),T126),(((((T21,T162),T199),(T57,(T49,T2))),T61),((T31,T110),T82))))),(T74,T122)),(((T174,T88),T120),((T69,T160),(T145,T181)))),((T194,T165),(T109,(T96,T116)))),((((((T52,T138),T147),T25),((T140,T37),(T196,T4))),T137),(T178,T149))),T62),(((T188,(T123,T72)),(T89,T161)),((((T30,T36),(T28,T111)),T27),((((T78,T3),T75),T121),T11)))),(T189,T35)),(T195,T143)),T85),T102),T100);
#NNI moves:2/236
Remaining: 2
#NNI moves:19/236
#NNI moves:19/236
(((((((((((T170,T19),T135),((T9,(T153,T32)),(T150,T68))),(((((((((T115,(T139,T92)),(T190,T29)),T94),T107),T155),((((((T60,T112),T185),T64),T80),(T63,T128)),(T81,T26))),(((T131,(T14,T67)),(T45,T77)),T43)),(((((T159,T76),T133),T41),(T184,T175)),(T55,((T79,T166),T154)))),T0)),(((((T172,T164),T119),((T98,T142),T34)),(T103,(((T173,T56),(T23,T101)),(T141,T113)))),(T42,T93))),(((((T61,(((T49,T2),T57),((T21,T162),T199))),(T82,(T110,T31))),(((T176,T125),(T192,T16)),T126)),(T95,(T1,T183))),((((((T96,T116),T109),(T194,T165)),((((((((T30,T36),(T111,T28)),T27),((((T3,T78),T75),T121),T11)),((T161,T89),((T123,T72),T188))),((((T102,T100),T85),(T143,T195)),(T35,T189))),T62),(((((T4,T196),(T37,T140)),(T25,((T52,T138),T147))),T137),(T149,T178)))),(((T174,T88),T120),((T160,T69),(T145,T181)))),(T122,T74)))),(((((((T157,T20),((T163,T18),(T83,T53))),T179),((T33,T168),T200)),T129),((((T40,T132),(T48,T13)),T7),T117)),(((((T59,T105),((T91,T187),(T169,T44))),(T152,(T186,T51))),(((T134,T70),T108),((T146,T73),T130))),T17))),(((((((T12,((T144,T177),T71)),(T15,T46)),T106),T39),(((((T8,T10),T54),((T6,(T167,T90)),(T191,T104))),(T5,T22)),(T50,T84))),(T158,((T24,T198),T127))),((T156,(T99,T86)),(((T58,T118),(T148,T182)),T197)))),((((T65,(T97,T136)),((T171,(T193,T38)),T151)),T114),(T66,(T47,T124)))),T87),T180);
Current score: 3.57116e+10
Current tree: (((((((((((T170,T19),T135),((T9,(T153,T32)),(T150,T68))),(((((((((T115,(T139,T92)),(T190,T29)),T94),T107),T155),((((((T60,T112),T185),T64),T80),(T63,T128)),(T81,T26))),(((T131,(T14,T67)),(T45,T77)),T43)),(((((T159,T76),T133),T41),(T184,T175)),(T55,((T79,T166),T154)))),T0)),(((((T172,T164),T119),((T98,T142),T34)),(T103,(((T173,T56),(T23,T101)),(T141,T113)))),(T42,T93))),(((((T61,(((T49,T2),T57),((T21,T162),T199))),(T82,(T110,T31))),(((T176,T125),(T192,T16)),T126)),(T95,(T1,T183))),((((((T96,T116),T109),(T194,T165)),((((((((T30,T36),(T111,T28)),T27),((((T3,T78),T75),T121),T11)),((T161,T89),((T123,T72),T188))),((((T102,T100),T85),(T143,T195)),(T35,T189))),T62),(((((T4,T196),(T37,T140)),(T25,((T52,T138),T147))),T137),(T149,T178)))),(((T174,T88),T120),((T160,T69),(T145,T181)))),(T122,T74)))),(((((((T157,T20),((T163,T18),(T83,T53))),T179),((T33,T168),T200)),T129),((((T40,T132),(T48,T13)),T7),T117)),(((((T59,T105),((T91,T187),(T169,T44))),(T152,(T186,T51))),(((T134,T70),T108),((T146,T73),T130))),T17))),(((((((T12,((T144,T177),T71)),(T15,T46)),T106),T39),(((((T8,T10),T54),((T6,(T167,T90)),(T191,T104))),(T5,T22)),(T50,T84))),(T158,((T24,T198),T127))),((T156,(T99,T86)),(((T58,T118),(T148,T182)),T197)))),((((T65,(T97,T136)),((T171,(T193,T38)),T151)),T114),(T66,(T47,T124)))),T180),T87);
Use two-step algorithm!
#NNI moves:3/236
Remaining: 2
#NNI moves:34/236
#NNI moves:34/236
((((((((((((((((((((T75,(T3,T78)),T121),T11),(((T111,T28),(T30,T36)),T27)),((T188,(T123,T72)),(T89,T161))),(((T195,T143),((T100,T102),T85)),(T35,T189))),T62),(((((T140,T37),(T4,T196)),((T147,(T138,T52)),T25)),T137),(T178,T149))),(((T96,T116),T109),(T165,T194))),(((T160,T69),(T145,T181)),(T120,(T88,T174)))),(T74,T122)),((((((T57,(T49,T2)),((T21,T162),T199)),T61),((T31,T110),T82)),(((T176,T125),(T192,T16)),T126)),((T183,T1),T95))),(((((((((((T167,T90),T6),(T104,T191)),((T8,T10),T54)),(T22,T5)),(T84,T50)),((((T46,T15),((T71,(T177,T144)),T12)),T106),T39)),(((T198,T24),T127),T158)),((T156,(T99,T86)),(T197,((T148,T182),(T58,T118))))),((((((T136,T97),T65),(((T193,T38),T171),T151)),T114),((T124,T47),T66)),(T180,T87))),(((((((T44,T169),(T187,T91)),(T59,T105)),(T152,(T51,T186))),(((T73,T146),T130),((T134,T70),T108))),T17),(((((T168,T33),T200),((((T18,T163),(T83,T53)),(T157,T20)),T179)),T129),((((T13,T48),(T40,T132)),T7),T117))))),(((((T98,T142),T34),((T172,T164),T119)),((((T23,T101),(T56,T173)),(T113,T141)),T103)),(T42,T93))),((((((((((T112,T60),T185),T64),T80),(T128,T63)),(T26,T81)),(((T94,(((T139,T92),T115),(T29,T190))),T107),T155)),(((T131,(T67,T14)),(T77,T45)),T43)),(((T175,T184),(((T76,T159),T133),T41)),(((T79,T166),T154),T55))),T0)),(T135,(T19,T170))),(T68,T150)),T9),T153),T32);
#NNI moves:5/236
Remaining: 0
#NNI moves:12/236
#NNI moves:18/236
(((((((((((((((T57,(T2,T49)),((T162,T21),T199)),T61),(T82,(T31,T110))),(((T125,T176),(T16,T192)),T126)),((T1,T183),T95)),(((((T109,(T116,T96)),(T194,T165)),(((((((T121,((T78,T3),T75)),T11),(((T36,T30),(T28,T111)),T27)),((T188,(T123,T72)),(T161,T89))),(((T85,(T100,T102)),(T195,T143)),(T35,T189))),T62),(((((T4,T196),(T37,T140)),(((T52,T138),T147),T25)),T137),(T178,T149)))),(((T160,T69),(T145,T181)),(T120,(T174,T88)))),(T74,T122))),((((((((((((T60,T112),T185),T64),T80),(T63,T128)),(T26,T81)),((((((T139,T92),T115),(T29,T190)),T94),T107),T155)),(((T131,(T67,T14)),(T45,T77)),T43)),(((((T159,T76),T133),T41),(T175,T184)),((T154,(T79,T166)),T55))),T0),((T135,(T19,T170)),(((T153,T32),T9),(T150,T68)))),((((((T56,T173),(T23,T101)),(T141,T113)),T103),(((T172,T164),T119),((T142,T98),T34))),(T93,T42)))),((((((T146,T73),T130),(T108,(T70,T134))),((((T187,T91),(T169,T44)),(T105,T59)),((T186,T51),T152))),T17),(((((((T18,T163),(T83,T53)),(T157,T20)),T179),(T200,(T33,T168))),T129),((T7,((T48,T13),(T40,T132))),T117)))),((((((((T8,T10),T54),((T6,(T167,T90)),(T191,T104))),(T22,T5)),(T84,T50)),(T39,((((T71,(T144,T177)),T12),(T15,T46)),T106))),((T127,(T24,T198)),T158)),((((T182,T148),(T58,T118)),T197),(T156,(T86,T99))))),(T180,T87)),(((T151,((T193,T38),T171)),((T136,T97),T65)),T114)),T66),T124),T47);
#NNI moves:1/236
Remaining: 1
#NNI moves:5/236
#NNI moves:5/236
((((((((((((((((T8,T10),T54),(((T90,T167),T6),(T191,T104))),(T5,T22)),(T50,T84)),((((T12,((T177,T144),T71)),(T46,T15)),T106),T39)),(((T198,T24),T127),T158)),(((T99,T86),T156),(((T148,T182),(T58,T118)),T197))),((((((T97,T136),T65),((T171,(T38,T193)),T151)),T114),((T47,T124),T66)),(T87,T180))),(((((((T157,T20),((T163,T18),(T83,T53))),T179),((T168,T33),T200)),T129),((((T48,T13),(T132,T40)),T7),T117)),(T17,((((T105,T59),((T169,T44),(T91,T187))),(T152,(T186,T51))),(((T73,T146),T130),((T70,T134),T108)))))),((((((((((((T92,T139),T115),(T190,T29)),T94),T107),T155),((T26,T81),((T80,(((T112,T60),T185),T64)),(T63,T128)))),(((T131,(T67,T14)),(T45,T77)),T43)),(((((T76,T159),T133),T41),(T175,T184)),(((T166,T79),T154),T55))),T0),((T135,(T19,T170)),((T150,T68),((T153,T32),T9)))),((((T119,(T172,T164)),((T142,T98),T34)),((((T101,T23),(T173,T56)),(T113,T141)),T103)),(T93,T42)))),((((((((((((T3,T78),T75),T121),T11),(((T28,T111),(T30,T36)),T27)),((T89,T161),((T72,T123),T188))),(((T195,T143),((T102,T100),T85)),(T35,T189))),T62),((T149,T178),((((T140,T37),(T4,T196)),(T25,(T147,(T138,T52)))),T137))),(((T116,T96),T109),(T165,T194))),((T120,(T174,T88)),((T181,T145),(T160,T69)))),(T74,T122))),((T1,T183),T95)),((T61,((T199,(T21,T162)),((T49,T2),T57))),((T110,T31),T82))),((T192,T16),(T125,T176))),T126);
#NNI moves:1/236
Remaining: 0
#NNI moves:27/236
#NNI moves:27/236
(((((((((((((((((((((((((T75,(T78,T3)),T121),T11),(((T36,T30),(T28,T111)),T27)),((T89,T161),((T123,T72),T188))),((T35,T189),((T143,T195),((T100,T102),T85)))),T62),(((((T196,T4),(T140,T37)),((T147,(T52,T138)),T25)),T137),(T149,T178))),((T194,T165),((T96,T116),T109))),(((T160,T69),(T181,T145)),((T174,T88),T120))),(T74,T122)),(((T1,T183),T95),(((T82,(T31,T110)),((((T162,T21),T199),(T57,(T2,T49))),T61)),(((T125,T176),(T16,T192)),T126)))),((((((((T166,T79),T154),T55),((T41,((T76,T159),T133)),(T175,T184))),(((((((T29,T190),((T139,T92),T115)),T94),T107),T155),((((((T112,T60),T185),T64),T80),(T63,T128)),(T81,T26))),(((T131,(T14,T67)),(T77,T45)),T43))),T0),(((T170,T19),T135),(((T153,T32),T9),(T150,T68)))),((T93,T42),(((((T23,T101),(T56,T173)),(T141,T113)),T103),(((T98,T142),T34),(T119,(T172,T164))))))),((((((T168,T33),T200),(((T20,T157),((T18,T163),(T83,T53))),T179)),T129),(T117,(((T13,T48),(T40,T132)),T7))),(((((T134,T70),T108),((T146,T73),T130)),((((T44,T169),(T91,T187)),(T105,T59)),((T186,T51),T152))),T17))),((((((T97,T136),T65),(((T193,T38),T171),T151)),T114),(T66,(T47,T124))),(T87,T180))),((T197,((T118,T58),(T148,T182))),((T99,T86),T156))),((T127,(T24,T198)),T158)),((((T12,((T177,T144),T71)),(T15,T46)),T106),T39)),(T50,T84)),(T22,T5)),(T54,(T10,T8))),(T104,T191)),T6),T167),T90);
Current score: 3.57116e+10
Current tree: ((T180,((((((T97,T136),T65),(((T193,T38),T171),T151)),T114),(T66,(T47,T124))),(((((((((((((((T75,(T78,T3)),T121),T11),(((T36,T30),(T28,T111)),T27)),((T89,T161),((T123,T72),T188))),((T35,T189),((T143,T195),((T100,T102),T85)))),T62),(((((T196,T4),(T140,T37)),((T147,(T52,T138)),T25)),T137),(T149,T178))),((T194,T165),((T96,T116),T109))),(((T160,T69),(T181,T145)),((T174,T88),T120))),(T74,T122)),(((T1,T183),T95),(((T82,(T31,T110)),((((T162,T21),T199),(T57,(T2,T49))),T61)),(((T125,T176),(T16,T192)),T126)))),((((((((T166,T79),T154),T55),((T41,((T76,T159),T133)),(T175,T184))),(((((((T29,T190),((T139,T92),T115)),T94),T107),T155),((((((T112,T60),T185),T64),T80),(T63,T128)),(T81,T26))),(((T131,(T14,T67)),(T77,T45)),T43))),T0),(((T170,T19),T135),(((T153,T32),T9),(T150,T68)))),((T93,T42),(((((T23,T101),(T56,T173)),(T141,T113)),T103),(((T98,T142),T34),(T119,(T172,T164))))))),((((((T168,T33),T200),(((T20,T157),((T18,T163),(T83,T53))),T179)),T129),(T117,(((T13,T48),(T40,T132)),T7))),(((((T134,T70),T108),((T146,T73),T130)),((((T44,T169),(T91,T187)),(T105,T59)),((T186,T51),T152))),T17))),(((T197,((T118,T58),(T148,T182))),((T99,T86),T156)),(((T127,(T24,T198)),T158),(((((T12,((T177,T144),T71)),(T15,T46)),T106),T39),((T50,T84),((T22,T5),((T54,(T10,T8)),((T104,T191),(T6,(T167,T90)))))))))))),T87);
Final Tree: ((T180,((((((T97,T136),T65),(((T193,T38),T171),T151)),T114),(T66,(T47,T124))),(((((((((((((((T75,(T78,T3)),T121),T11),(((T36,T30),(T28,T111)),T27)),((T89,T161),((T123,T72),T188))),((T35,T189),((T143,T195),((T100,T102),T85)))),T62),(((((T196,T4),(T140,T37)),((T147,(T52,T138)),T25)),T137),(T149,T178))),((T194,T165),((T96,T116),T109))),(((T160,T69),(T181,T145)),((T174,T88),T120))),(T74,T122)),(((T1,T183),T95),(((T82,(T31,T110)),((((T162,T21),T199),(T57,(T2,T49))),T61)),(((T125,T176),(T16,T192)),T126)))),((((((((T166,T79),T154),T55),((T41,((T76,T159),T133)),(T175,T184))),(((((((T29,T190),((T139,T92),T115)),T94),T107),T155),((((((T112,T60),T185),T64),T80),(T63,T128)),(T81,T26))),(((T131,(T14,T67)),(T77,T45)),T43))),T0),(((T170,T19),T135),(((T153,T32),T9),(T150,T68)))),((T93,T42),(((((T23,T101),(T56,T173)),(T141,T113)),T103),(((T98,T142),T34),(T119,(T172,T164))))))),((((((T168,T33),T200),(((T20,T157),((T18,T163),(T83,T53))),T179)),T129),(T117,(((T13,T48),(T40,T132)),T7))),(((((T134,T70),T108),((T146,T73),T130)),((((T44,T169),(T91,T187)),(T105,T59)),((T186,T51),T152))),T17))),(((T197,((T118,T58),(T148,T182))),((T99,T86),T156)),(((T127,(T24,T198)),T158),(((((T12,((T177,T144),T71)),(T15,T46)),T106),T39),((T50,T84),((T22,T5),((T54,(T10,T8)),((T104,T191),(T6,(T167,T90)))))))))))),T87);
Score: 3.571158348e+10

real	2m17.662s
user	34m0.178s
sys	0m25.130s
