
RAxML-NG v. 1.1.0-master released on 04.08.2022 by The Exelixis Lab.
Developed by: Alexey M. Kozlov and Alexandros Stamatakis.
Contributors: Diego Darriba, Tomas Flouri, Benoit Morel, Sarah Lutteropp, Ben Bettisworth.
Latest version: https://github.com/amkozlov/raxml-ng
Questions/problems/suggestions? Please visit: https://groups.google.com/forum/#!forum/raxml

System: AMD EPYC 7742 64-Core Processor, 128 cores, 251 GB RAM

RAxML-NG was called at 18-Jan-2023 09:10:24 as follows:

/home/chaos/programs/raxml-ng/raxml-ng/bin/raxml-ng --msa data/alignment/3_1X_S201_0_1e6_haploid --tree pars{1} --model GTR+G --threads 64 --redo

Analysis options:
  run mode: ML tree search
  start tree(s): parsimony (1)
  random seed: 1674061824
  tip-inner: OFF
  pattern compression: ON
  per-rate scalers: OFF
  site repeats: ON
  fast spr radius: AUTO
  spr subtree cutoff: 1.000000
  branch lengths: proportional (ML estimate, algorithm: NR-FAST)
  SIMD kernels: AVX2
  parallelization: coarse-grained (auto), PTHREADS (64 threads), thread pinning: OFF

WARNING: Running in REDO mode: existing checkpoints are ignored, and all result files will be overwritten!

[00:00:00] Reading alignment from file: data/alignment/3_1X_S201_0_1e6_haploid
[00:00:03] Loaded alignment with 201 taxa and 5000000 sites

Alignment comprises 1 partitions and 3758788 patterns

Partition 0: noname
Model: GTR+FO+G4m
Alignment sites / patterns: 5000000 / 3758788
Gaps: 0.00 %
Invariant sites: 12.03 %


NOTE: Binary MSA file created: data/alignment/3_1X_S201_0_1e6_haploid.raxml.rba

Parallelization scheme autoconfig: 1 worker(s) x 64 thread(s)

Parallel reduction/worker buffer size: 1 KB  / 0 KB

[00:00:25] Generating 1 parsimony starting tree(s) with 201 taxa
[00:00:51] Data distribution: max. partitions/sites/weight per thread: 1 / 58732 / 939712
[00:00:51] Data distribution: max. searches per worker: 1

Starting ML tree search with 1 distinct starting trees

[00:00:52 -281644979.661767] Initial branch length optimization
[00:02:07 -264778827.283370] Model parameter optimization (eps = 10.000000)
[00:12:35 -249737927.707258] AUTODETECT spr round 1 (radius: 5)
[00:19:41 -249577803.988783] AUTODETECT spr round 2 (radius: 10)
[00:38:07 -249577803.976360] SPR radius for FAST iterations: 5 (autodetect)
[00:38:07 -249577803.976360] Model parameter optimization (eps = 3.000000)
[00:38:51 -249577797.626355] FAST spr round 1 (radius: 5)
[00:56:08 -249563982.295876] FAST spr round 2 (radius: 5)
[01:10:39 -249556452.956966] FAST spr round 3 (radius: 5)
[01:25:05 -249552425.190844] FAST spr round 4 (radius: 5)
[01:39:18 -249549860.618194] FAST spr round 5 (radius: 5)
[01:53:18 -249547526.001342] FAST spr round 6 (radius: 5)
[02:07:35 -249546572.750152] FAST spr round 7 (radius: 5)
[02:21:36 -249545672.720687] FAST spr round 8 (radius: 5)
[02:35:49 -249544796.458444] FAST spr round 9 (radius: 5)
[02:50:13 -249544273.507905] FAST spr round 10 (radius: 5)
[03:04:03 -249543845.684599] FAST spr round 11 (radius: 5)
[03:18:06 -249543632.824580] FAST spr round 12 (radius: 5)
[03:32:21 -249543444.086809] FAST spr round 13 (radius: 5)
[03:46:54 -249543241.577828] FAST spr round 14 (radius: 5)
[04:00:28 -249543236.742729] FAST spr round 15 (radius: 5)
[04:14:36 -249543236.742207] Model parameter optimization (eps = 1.000000)
[04:14:56 -249543236.660998] SLOW spr round 1 (radius: 5)
[05:01:06 -249538212.264228] SLOW spr round 2 (radius: 5)
[05:40:52 -249537965.857116] SLOW spr round 3 (radius: 5)
[06:17:36 -249537862.751856] SLOW spr round 4 (radius: 5)
[06:53:05 -249537339.891732] SLOW spr round 5 (radius: 5)
[07:28:48 -249537306.956362] SLOW spr round 6 (radius: 5)
[08:03:45 -249537306.954270] SLOW spr round 7 (radius: 10)
[08:45:58 -249537306.954075] SLOW spr round 8 (radius: 15)
[10:04:12 -249537306.954056] SLOW spr round 9 (radius: 20)
[10:56:28 -249537306.954051] SLOW spr round 10 (radius: 25)
[11:09:08 -249537306.954049] Model parameter optimization (eps = 0.100000)

[11:11:43] ML tree search #1, logLikelihood: -249537295.713869


Optimized model parameters:

   Partition 0: noname
   Rate heterogeneity: GAMMA (4 cats, mean),  alpha: 0.654088 (ML),  weights&rates: (0.250000,0.064422) (0.250000,0.341037) (0.250000,0.906590) (0.250000,2.687951) 
   Base frequencies (ML): 0.288927 0.269991 0.224520 0.216563 
   Substitution rates (ML): 2.334937 6.645183 0.977246 1.150561 6.261378 1.000000 


Final LogLikelihood: -249537295.713869

AIC score: 499075407.427738 / AICc score: 499075407.494492 / BIC score: 499080884.806714
Free parameters (model + branch lengths): 408

Best ML tree saved to: /expanse/lustre/projects/uot138/chaos/ASTERISK-sim/data/alignment/3_1X_S201_0_1e6_haploid.raxml.bestTree
Optimized model saved to: /expanse/lustre/projects/uot138/chaos/ASTERISK-sim/data/alignment/3_1X_S201_0_1e6_haploid.raxml.bestModel

Execution log saved to: /expanse/lustre/projects/uot138/chaos/ASTERISK-sim/data/alignment/3_1X_S201_0_1e6_haploid.raxml.log

Analysis started: 18-Jan-2023 09:10:24 / finished: 18-Jan-2023 20:22:09

Elapsed time: 40305.007 seconds

Consumed energy: 4527.822 Wh (= 23 km in an electric car, or 113 km with an e-scooter!)

