Weighted ASTRAL - Hybrid
Version: v1.13.2.3
#Genetrees: 2000
#Species: 201
#Rounds: 4
#Samples: 4
#Threads: 32
Use two-step algorithm!
Guide Tree 0/27
#NNI moves:5/236
Guide Tree 1/27
#NNI moves:2/236
Guide Tree 2/27
#NNI moves:5/236
Guide Tree 3/27
#NNI moves:2/236
Guide Tree 4/27
#NNI moves:1/236
Guide Tree 5/27
#NNI moves:1/236
Guide Tree 6/27
#NNI moves:1/236
Guide Tree 7/27
#NNI moves:0/236
Guide Tree 8/27
#NNI moves:4/236
Guide Tree 9/27
#NNI moves:7/236
Guide Tree 10/27
#NNI moves:5/236
Guide Tree 11/27
#NNI moves:3/236
Guide Tree 12/27
#NNI moves:2/236
Guide Tree 13/27
#NNI moves:3/236
Guide Tree 14/27
#NNI moves:0/236
Guide Tree 15/27
#NNI moves:0/236
Guide Tree 16/27
#NNI moves:4/236
Guide Tree 17/27
#NNI moves:1/236
Guide Tree 18/27
#NNI moves:2/236
Guide Tree 19/27
#NNI moves:3/236
Guide Tree 20/27
#NNI moves:1/236
Guide Tree 21/27
#NNI moves:1/236
Guide Tree 22/27
#NNI moves:0/236
Guide Tree 23/27
#NNI moves:4/236
Guide Tree 24/27
#NNI moves:3/236
Guide Tree 25/27
#NNI moves:2/236
Guide Tree 26/27
#NNI moves:1/236
Remaining: 1
#NNI moves:20/236
#NNI moves:20/236
((((((((((((((((((T174,T107),((T177,T5),T190)),((T99,T188),((T21,T140),((T160,(T178,T46)),(T31,T62))))),T130),((((T88,T69),(T143,(T1,T96))),((T32,T35),T167)),T18)),T84),T76),((T128,T111),T89)),T132),(((T60,T166),(((((((T50,T51),T83),T74),T38),T104),((T155,(T37,T30)),(T175,T25))),(((T39,T14),(T97,T145)),T149))),(T109,T164))),((((((T94,T161),(T199,T189)),T137),(((T142,T78),T8),T11)),T179),(T45,T156))),(((((((((T92,T27),T105),(T17,T28)),(T117,T34)),(((T131,(T192,T85)),(T55,T72)),T138)),(((T63,T95),T133),(((T176,T56),(T187,T102)),(T90,T64)))),((T108,T184),T110)),(T3,(T154,(T122,T129)))),(((((((((T112,(T79,T196)),(T61,(T23,T198))),((T80,((T4,T53),(T29,T168))),(((T98,T15),T141),T182))),T193),((((T73,T158),T16),T171),(T70,T197))),((((T103,T58),T159),T9),(((T126,T180),T157),(T200,T42)))),((T100,T185),T124)),((T136,T10),(((T125,T86),(T173,T68)),(T134,T40)))),(((((T81,((T59,T82),(T120,T169))),T24),T186),((((T77,(T41,T33)),T2),(T13,(T36,(T12,T44)))),(((T47,T148),T93),(T146,T151)))),T0)))),T75),((((((T139,T144),((T20,T172),T106)),((((T7,T71),T48),T181),(T150,T127))),T87),(((T114,T101),T152),((((T118,T170),(T163,T113)),T49),T147))),((T165,T43),T194))),(T6,(T195,T57))),(((((((T116,T67),T22),T115),T121),T54),T66),(((T65,T123),(T183,(T119,T26))),((T52,T153),(T19,T135))))),(T191,T162)),T91);
Guide Tree 0/27
#NNI moves:1/236
Guide Tree 1/27
#NNI moves:0/236
Guide Tree 2/27
#NNI moves:6/236
Guide Tree 3/27
#NNI moves:4/236
Guide Tree 4/27
#NNI moves:4/236
Guide Tree 5/27
#NNI moves:1/236
Guide Tree 6/27
#NNI moves:1/236
Guide Tree 7/27
#NNI moves:7/236
Guide Tree 8/27
#NNI moves:2/236
Guide Tree 9/27
#NNI moves:4/236
Guide Tree 10/27
#NNI moves:3/236
Guide Tree 11/27
#NNI moves:3/236
Guide Tree 12/27
#NNI moves:6/236
Guide Tree 13/27
#NNI moves:3/236
Guide Tree 14/27
#NNI moves:3/236
Guide Tree 15/27
#NNI moves:7/236
Guide Tree 16/27
#NNI moves:3/236
Guide Tree 17/27
#NNI moves:4/236
Guide Tree 18/27
#NNI moves:0/236
Guide Tree 19/27
#NNI moves:5/236
Guide Tree 20/27
#NNI moves:4/236
Guide Tree 21/27
#NNI moves:10/236
Guide Tree 22/27
#NNI moves:4/236
Guide Tree 23/27
#NNI moves:10/236
Guide Tree 24/27
#NNI moves:5/236
Guide Tree 25/27
#NNI moves:9/236
Guide Tree 26/27
#NNI moves:4/236
Remaining: 2
#NNI moves:25/236
#NNI moves:27/236
((((((((((((((((((T88,T69),((T1,T96),T143)),((T32,T35),T167)),T18),((((T190,(T177,T5)),(T174,T107)),(((T21,T140),(((T178,T46),T160),(T62,T31))),(T188,T99))),T130)),T84),T76),((T111,T128),T89)),T132),(((T60,T166),((((T97,T145),(T39,T14)),T149),((((T37,T30),T155),(T175,T25)),((T38,(T74,(T83,(T50,T51)))),T104)))),(T109,T164))),(((((T8,(T78,T142)),T11),(T137,((T189,T199),(T161,T94)))),T179),(T156,T45))),(((((((((T85,T192),T131),(T72,T55)),T138),((T34,T117),(((T92,T27),T105),(T28,T17)))),((((T56,T176),(T102,T187)),(T64,T90)),((T95,T63),T133))),((T184,T108),T110)),((T154,(T129,T122)),T3)),((((((((T59,T82),(T120,T169)),T81),T24),T186),((((T77,(T33,T41)),T2),(((T44,T12),T36),T13)),((T93,(T148,T47)),(T146,T151)))),T0),((((((((((T98,T15),T141),T182),(((T53,T4),(T168,T29)),T80)),((T61,(T23,T198)),((T196,T79),T112))),T193),((((T158,T73),T16),T171),(T70,T197))),(((T157,(T126,T180)),(T200,T42)),(((T103,T58),T159),T9))),((T185,T100),T124)),((((T125,T86),(T68,T173)),(T40,T134)),(T136,T10)))))),T75),((((((T144,T139),((T20,T172),T106)),((T181,((T71,T7),T48)),(T150,T127))),T87),(((T101,T114),T152),((((T113,T163),(T118,T170)),T49),T147))),((T43,T165),T194))),((T195,T57),T6)),((((T52,T153),(T135,T19)),((T183,(T119,T26)),(T65,T123))),((((((T116,T67),T22),T115),T121),T54),T66))),(T191,T162)),T91);
Guide Tree 0/27
#NNI moves:5/236
Guide Tree 1/27
#NNI moves:1/236
Guide Tree 2/27
#NNI moves:0/236
Guide Tree 3/27
#NNI moves:2/236
Guide Tree 4/27
#NNI moves:1/236
Guide Tree 5/27
#NNI moves:5/236
Guide Tree 6/27
#NNI moves:4/236
Guide Tree 7/27
#NNI moves:2/236
Guide Tree 8/27
#NNI moves:1/236
Guide Tree 9/27
#NNI moves:1/236
Guide Tree 10/27
#NNI moves:0/236
Guide Tree 11/27
#NNI moves:3/236
Guide Tree 12/27
#NNI moves:0/236
Guide Tree 13/27
#NNI moves:1/236
Guide Tree 14/27
#NNI moves:0/236
Guide Tree 15/27
#NNI moves:4/236
Guide Tree 16/27
#NNI moves:5/236
Guide Tree 17/27
#NNI moves:2/236
Guide Tree 18/27
#NNI moves:0/236
Guide Tree 19/27
#NNI moves:8/236
Guide Tree 20/27
#NNI moves:2/236
Guide Tree 21/27
#NNI moves:0/236
Guide Tree 22/27
#NNI moves:3/236
Guide Tree 23/27
#NNI moves:1/236
Guide Tree 24/27
#NNI moves:3/236
Guide Tree 25/27
#NNI moves:2/236
Guide Tree 26/27
#NNI moves:1/236
Remaining: 0
#NNI moves:17/236
#NNI moves:17/236
((((((((((((((((T197,T70),(((T73,T158),T16),T171)),(((((T141,(T98,T15)),T182),(((T4,T53),(T168,T29)),T80)),(((T196,T79),T112),(T61,(T23,T198)))),T193)),((((T58,T103),T159),T9),((T157,(T126,T180)),(T42,T200)))),((T185,T100),T124)),((((T86,T125),(T173,T68)),(T134,T40)),(T136,T10))),(((((((T59,T82),(T120,T169)),T81),T24),T186),(((T2,((T41,T33),T77)),((T36,(T44,T12)),T13)),((T151,T146),(T93,(T47,T148))))),T0)),T132),(((((((T55,T72),((T85,T192),T131)),T138),(((T17,T28),((T92,T27),T105)),(T34,T117))),(((T64,T90),((T102,T187),(T176,T56))),((T63,T95),T133))),((T184,T108),T110)),(T3,(T154,(T122,T129))))),(((((((((((T31,T62),((T178,T46),T160)),(T140,T21)),(T188,T99)),(((T177,T5),T190),(T174,T107))),((((T32,T35),T167),((T69,T88),((T96,T1),T143))),(T130,T18))),T84),T76),((T111,T128),T89)),((((T166,(((T97,T145),(T14,T39)),T149)),((((T37,T30),T155),(T175,T25)),((T38,(((T50,T51),T83),T74)),T104))),T60),(T164,T109))),((((((T142,T78),T8),T11),(((T161,T94),(T199,T189)),T137)),T179),(T45,T156)))),T75),((((((((T7,T71),T48),T181),(T150,T127)),((T106,(T20,T172)),(T144,T139))),T87),(((((T118,T170),(T163,T113)),T49),T147),(T152,(T101,T114)))),(T194,(T165,T43)))),(T6,(T195,T57))),(((((T119,T26),T183),(T123,T65)),((T135,T19),(T153,T52))),((((T115,((T116,T67),T22)),T121),T54),T66))),(T162,T191)),T91);
Guide Tree 0/27
#NNI moves:8/236
Guide Tree 1/27
#NNI moves:1/236
Guide Tree 2/27
#NNI moves:3/236
Guide Tree 3/27
#NNI moves:4/236
Guide Tree 4/27
#NNI moves:0/236
Guide Tree 5/27
#NNI moves:4/236
Guide Tree 6/27
#NNI moves:1/236
Guide Tree 7/27
#NNI moves:6/236
Guide Tree 8/27
#NNI moves:0/236
Guide Tree 9/27
#NNI moves:3/236
Guide Tree 10/27
#NNI moves:0/236
Guide Tree 11/27
#NNI moves:7/236
Guide Tree 12/27
#NNI moves:2/236
Guide Tree 13/27
#NNI moves:7/236
Guide Tree 14/27
#NNI moves:3/236
Guide Tree 15/27
#NNI moves:0/236
Guide Tree 16/27
#NNI moves:3/236
Guide Tree 17/27
#NNI moves:9/236
Guide Tree 18/27
#NNI moves:4/236
Guide Tree 19/27
#NNI moves:2/236
Guide Tree 20/27
#NNI moves:6/236
Guide Tree 21/27
#NNI moves:1/236
Guide Tree 22/27
#NNI moves:5/236
Guide Tree 23/27
#NNI moves:2/236
Guide Tree 24/27
#NNI moves:1/236
Guide Tree 25/27
#NNI moves:4/236
Guide Tree 26/27
#NNI moves:3/236
Remaining: 3
#NNI moves:40/236
#NNI moves:41/236
((((((((((((((((((T140,T21),(((T178,T46),T160),(T62,T31))),(T188,T99)),(((T5,T177),T190),(T174,T107))),((((T69,T88),(T143,(T1,T96))),((T35,T32),T167)),(T18,T130))),T84),T76),(T89,(T128,T111))),T132),((((((T38,(T74,((T51,T50),T83))),T104),((T25,T175),(T155,(T37,T30)))),((((T14,T39),(T97,T145)),T149),T166)),T60),(T109,T164))),((((((T78,T142),T8),T11),(((T199,T189),(T94,T161)),T137)),T179),(T156,T45))),((((((((T36,(T12,T44)),T13),(((T33,T41),T77),T2)),(((T148,T47),T93),(T146,T151))),(((T81,((T120,T169),(T82,T59))),T24),T186)),T0),((((T185,T100),T124),((((T197,T70),(((T158,T73),T16),T171)),((((((T15,T98),T141),T182),(((T29,T168),(T53,T4)),T80)),(((T79,T196),T112),((T23,T198),T61))),T193)),(((T42,T200),(T157,(T126,T180))),(((T58,T103),T159),T9)))),((T10,T136),(((T86,T125),(T68,T173)),(T134,T40))))),(((((((T187,T102),(T176,T56)),(T64,T90)),((T63,T95),T133)),((T138,(((T192,T85),T131),(T72,T55))),((((T92,T27),T105),(T28,T17)),(T117,T34)))),(T110,(T184,T108))),(T3,((T122,T129),T154))))),T75),(((((T49,((T113,T163),(T170,T118))),T147),(T152,(T101,T114))),((((T106,(T172,T20)),(T144,T139)),((((T71,T7),T48),T181),(T150,T127))),T87)),((T43,T165),T194))),((T57,T195),T6)),((((T65,T123),((T119,T26),T183)),((T153,T52),(T19,T135))),((((((T116,T67),T22),T115),T121),T54),T66))),(T191,T162)),T91);
Initial score: 3.83505e+10
Initial tree: ((((((((((((((((((T69,T88),(T143,(T1,T96))),((T35,T32),T167)),T18),(((((T140,T21),(((T178,T46),T160),(T62,T31))),(T188,T99)),(((T5,T177),T190),(T174,T107))),T130)),T84),T76),(T89,(T128,T111))),T132),(((T60,T166),((((T14,T39),(T97,T145)),T149),(((T38,(T74,((T51,T50),T83))),T104),((T25,T175),(T155,(T37,T30)))))),(T109,T164))),((((((T78,T142),T8),T11),(((T199,T189),(T94,T161)),T137)),T179),(T156,T45))),((((((((T36,(T12,T44)),T13),(((T33,T41),T77),T2)),(((T148,T47),T93),(T146,T151))),(((T81,((T120,T169),(T82,T59))),T24),T186)),T0),((((T185,T100),T124),((((T197,T70),(((T158,T73),T16),T171)),((((((T15,T98),T141),T182),(((T29,T168),(T53,T4)),T80)),(((T79,T196),T112),((T23,T198),T61))),T193)),(((T42,T200),(T157,(T126,T180))),(((T58,T103),T159),T9)))),((T10,T136),(((T86,T125),(T68,T173)),(T134,T40))))),(((((((T187,T102),(T176,T56)),(T64,T90)),((T63,T95),T133)),((T138,(((T192,T85),T131),(T72,T55))),((((T92,T27),T105),(T28,T17)),(T117,T34)))),(T110,(T184,T108))),(T3,((T122,T129),T154))))),T75),(((((T49,((T113,T163),(T170,T118))),T147),(T152,(T101,T114))),((((T106,(T172,T20)),(T144,T139)),((((T71,T7),T48),T181),(T150,T127))),T87)),((T43,T165),T194))),((T57,T195),T6)),((((T65,T123),((T119,T26),T183)),((T153,T52),(T19,T135))),((((((T116,T67),T22),T115),T121),T54),T66))),(T191,T162)),T91);
*** Subsample Process ***
Use two-step algorithm!
#NNI moves:1/236
Remaining: 3
#NNI moves:25/236
#NNI moves:26/236
(((((((((((((((((((((((((T196,T79),T112),((T23,T198),T61)),((((T15,T98),T141),T182),(((T4,T53),(T29,T168)),T80))),T193),((((T73,T158),T16),T171),(T70,T197))),(((T200,T42),(T157,(T126,T180))),(((T103,T58),T159),T9))),((T185,T100),T124)),(((T134,T40),((T68,T173),(T86,T125))),(T10,T136))),(((((((T12,T44),T36),T13),((T77,(T41,T33)),T2)),(((T47,T148),T93),(T151,T146))),(((T81,((T59,T82),(T169,T120))),T24),T186)),T0)),T132),(((((T138,((T55,T72),((T85,T192),T131))),((T117,T34),((T105,(T92,T27)),(T28,T17)))),((((T187,T102),(T56,T176)),(T90,T64)),((T63,T95),T133))),(T110,(T108,T184))),(((T122,T129),T154),T3))),(((((((((T163,T113),(T170,T118)),T49),T147),(T152,(T101,T114))),((((((T71,T7),T48),T181),(T127,T150)),((T139,T144),(T106,(T20,T172)))),T87)),((T43,T165),T194)),((((((T135,T19),(T153,T52)),((T183,(T119,T26)),(T123,T65))),((((((T67,T116),T22),T115),T121),T54),T66)),((T191,T162),T91)),(T6,(T195,T57)))),T75)),((((((T199,T189),(T94,T161)),T137),(T11,((T142,T78),T8))),T179),(T156,T45))),(((T60,T166),(((((T30,T37),T155),(T25,T175)),((((T83,(T50,T51)),T74),T38),T104)),(T149,((T39,T14),(T145,T97))))),(T164,T109))),(T89,(T128,T111))),T76),T84),(T130,((((((T178,T46),T160),(T31,T62)),(T21,T140)),(T99,T188)),((T190,(T5,T177)),(T174,T107))))),T18),((T35,T32),T167)),(T69,T88)),T143),T96),T1);
#NNI moves:3/236
Remaining: 0
#NNI moves:25/236
#NNI moves:26/236
((((((((((((((((((((T4,T53),(T29,T168)),T80),((T141,(T15,T98)),T182)),(((T198,T23),T61),(T112,(T79,T196)))),T193),((T70,T197),(((T73,T158),T16),T171))),(((T157,(T126,T180)),(T200,T42)),(T9,((T103,T58),T159)))),(T124,(T100,T185))),((((T173,T68),(T125,T86)),(T40,T134)),(T10,T136))),(((((T146,T151),((T47,T148),T93)),((((T12,T44),T36),T13),((T77,(T41,T33)),T2))),(T186,((((T120,T169),(T59,T82)),T81),T24))),T0)),((((((((T27,T92),T105),(T28,T17)),(T34,T117)),(((T131,(T85,T192)),(T55,T72)),T138)),(((T90,T64),((T187,T102),(T176,T56))),((T63,T95),T133))),((T108,T184),T110)),((T154,(T122,T129)),T3))),(((T132,((((((((T35,T32),T167),(((T1,T96),T143),(T88,T69))),T18),((((((T62,T31),(T160,(T178,T46))),(T140,T21)),(T99,T188)),(((T5,T177),T190),(T174,T107))),T130)),T84),T76),((T128,T111),T89))),(((((((T39,T14),(T145,T97)),T149),T166),((((((T50,T51),T83),T74),T38),T104),((T155,(T37,T30)),(T175,T25)))),T60),(T109,T164))),((T179,((((T161,T94),(T189,T199)),T137),(T11,(T8,(T78,T142))))),(T45,T156)))),T75),(((((((T163,T113),(T170,T118)),T49),T147),((T114,T101),T152)),((((T144,T139),((T172,T20),T106)),((((T7,T71),T48),T181),(T127,T150))),T87)),((T165,T43),T194))),((T57,T195),T6)),((((T153,T52),(T19,T135)),((T123,T65),((T119,T26),T183))),((T54,((((T116,T67),T22),T115),T121)),T66))),T91),T162),T191);
#NNI moves:2/236
Remaining: 4
#NNI moves:41/236
#NNI moves:42/236
(((((((((((((((((((((T26,T119),T183),(T65,T123)),((T135,T19),(T153,T52))),((((((T116,T67),T22),T115),T121),T54),T66)),((T162,T191),T91)),(T6,(T57,T195))),((((T152,(T114,T101)),((((T118,T170),(T163,T113)),T49),T147)),((((((T71,T7),T48),T181),(T127,T150)),(((T172,T20),T106),(T139,T144))),T87)),(T194,(T43,T165)))),T75),(((((((T161,T94),(T189,T199)),T137),(T11,((T142,T78),T8))),T179),(T45,T156)),((((((((((T88,T69),((T1,T96),T143)),((T35,T32),T167)),(T18,T130)),(((T174,T107),(T190,(T5,T177))),((((T160,(T46,T178)),(T31,T62)),(T140,T21)),(T99,T188)))),T84),T76),((T111,T128),T89)),T132),(((((((((T51,T50),T83),T74),T38),T104),((T155,(T37,T30)),(T25,T175))),(((T145,(T97,T14)),T39),T149)),(T166,T60)),(T164,T109))))),((((((T117,T34),((T17,T28),((T27,T92),T105))),(((T72,T55),(T131,(T85,T192))),T138)),((((T176,T56),(T102,T187)),(T90,T64)),((T63,T95),T133))),((T108,T184),T110)),(T3,((T129,T122),T154)))),((((((T77,(T41,T33)),T2),(((T12,T44),T36),T13)),(((T47,T148),T93),(T151,T146))),(((((T59,T82),(T120,T169)),T81),T24),T186)),T0)),((((T68,T173),(T125,T86)),(T40,T134)),(T10,T136))),((T100,T185),T124)),(((T42,T200),(T157,(T180,T126))),((T159,(T103,T58)),T9))),((((T158,T73),T16),T171),(T197,T70))),T193),(((T23,T198),T61),((T196,T79),T112))),(T80,((T29,T168),(T53,T4)))),((T98,T15),T141)),T182);
#NNI moves:2/236
Remaining: 1
#NNI moves:39/236
#NNI moves:44/236
((((((((T52,T153),(T135,T19)),(((T119,T26),T183),(T123,T65))),((((((T67,T116),T22),T115),T121),T54),T66)),((((((((((((T77,(T33,T41)),T2),(((T44,T12),T36),T13)),(((T148,T47),T93),(T151,T146))),(((((T59,T82),(T169,T120)),T81),T24),T186)),T0),((((((((T73,T158),T16),T171),(T197,T70)),((((((T4,T53),(T29,T168)),T80),((T141,(T15,T98)),T182)),((T112,(T196,T79)),((T23,T198),T61))),T193)),(((T42,T200),((T180,T126),T157)),(((T103,T58),T159),T9))),((T185,T100),T124)),((((T173,T68),(T125,T86)),(T134,T40)),(T136,T10)))),((((((T34,T117),(((T92,T27),T105),(T28,T17))),((((T85,T192),T131),(T55,T72)),T138)),(((T63,T95),T133),(((T102,T187),(T56,T176)),(T64,T90)))),((T108,T184),T110)),(((T129,T122),T154),T3))),((((((((((T107,T174),((T177,T5),T190)),(((T21,T140),((T31,T62),(T160,(T46,T178)))),(T188,T99))),((((T32,T35),T167),((T88,T69),((T1,T96),T143))),(T130,T18))),T84),T76),((T128,T111),T89)),T132),((((((((T83,(T51,T50)),T74),T38),T104),(((T30,T37),T155),(T25,T175))),(((T39,T14),(T145,T97)),T149)),(T60,T166)),(T164,T109))),((((((T161,T94),(T199,T189)),T137),((T8,(T78,T142)),T11)),T179),(T156,T45)))),T75),(((((((T172,T20),T106),(T144,T139)),(((T48,(T71,T7)),T181),(T127,T150))),T87),(((T49,((T170,T118),(T113,T163))),T147),(T152,(T114,T101)))),((T43,T165),T194))),((T57,T195),T6))),T91),T162),T191);
Current score: 3.83505e+10
Current tree: (((((((T52,T153),(T135,T19)),(((T119,T26),T183),(T123,T65))),((((((T67,T116),T22),T115),T121),T54),T66)),((((((((((((T77,(T33,T41)),T2),(((T44,T12),T36),T13)),(((T148,T47),T93),(T151,T146))),(((((T59,T82),(T169,T120)),T81),T24),T186)),T0),((((((((T73,T158),T16),T171),(T197,T70)),((((((T4,T53),(T29,T168)),T80),((T141,(T15,T98)),T182)),((T112,(T196,T79)),((T23,T198),T61))),T193)),(((T42,T200),((T180,T126),T157)),(((T103,T58),T159),T9))),((T185,T100),T124)),((((T173,T68),(T125,T86)),(T134,T40)),(T136,T10)))),((((((T34,T117),(((T92,T27),T105),(T28,T17))),((((T85,T192),T131),(T55,T72)),T138)),(((T63,T95),T133),(((T102,T187),(T56,T176)),(T64,T90)))),((T108,T184),T110)),(((T129,T122),T154),T3))),(((((((((((T32,T35),T167),((T88,T69),((T1,T96),T143))),T18),((((T107,T174),((T177,T5),T190)),(((T21,T140),((T31,T62),(T160,(T46,T178)))),(T188,T99))),T130)),T84),T76),((T128,T111),T89)),T132),((((((((T83,(T51,T50)),T74),T38),T104),(((T30,T37),T155),(T25,T175))),(((T39,T14),(T145,T97)),T149)),(T60,T166)),(T164,T109))),((((((T161,T94),(T199,T189)),T137),((T8,(T78,T142)),T11)),T179),(T156,T45)))),T75),(((((((T172,T20),T106),(T144,T139)),(((T48,(T71,T7)),T181),(T127,T150))),T87),(((T49,((T170,T118),(T113,T163))),T147),(T152,(T114,T101)))),((T43,T165),T194))),((T57,T195),T6))),(T162,T191)),T91);
Final Tree: (((((((T52,T153),(T135,T19)),(((T119,T26),T183),(T123,T65))),((((((T67,T116),T22),T115),T121),T54),T66)),((((((((((((T77,(T33,T41)),T2),(((T44,T12),T36),T13)),(((T148,T47),T93),(T151,T146))),(((((T59,T82),(T169,T120)),T81),T24),T186)),T0),((((((((T73,T158),T16),T171),(T197,T70)),((((((T4,T53),(T29,T168)),T80),((T141,(T15,T98)),T182)),((T112,(T196,T79)),((T23,T198),T61))),T193)),(((T42,T200),((T180,T126),T157)),(((T103,T58),T159),T9))),((T185,T100),T124)),((((T173,T68),(T125,T86)),(T134,T40)),(T136,T10)))),((((((T34,T117),(((T92,T27),T105),(T28,T17))),((((T85,T192),T131),(T55,T72)),T138)),(((T63,T95),T133),(((T102,T187),(T56,T176)),(T64,T90)))),((T108,T184),T110)),(((T129,T122),T154),T3))),(((((((((((T32,T35),T167),((T88,T69),((T1,T96),T143))),T18),((((T107,T174),((T177,T5),T190)),(((T21,T140),((T31,T62),(T160,(T46,T178)))),(T188,T99))),T130)),T84),T76),((T128,T111),T89)),T132),((((((((T83,(T51,T50)),T74),T38),T104),(((T30,T37),T155),(T25,T175))),(((T39,T14),(T145,T97)),T149)),(T60,T166)),(T164,T109))),((((((T161,T94),(T199,T189)),T137),((T8,(T78,T142)),T11)),T179),(T156,T45)))),T75),(((((((T172,T20),T106),(T144,T139)),(((T48,(T71,T7)),T181),(T127,T150))),T87),(((T49,((T170,T118),(T113,T163))),T147),(T152,(T114,T101)))),((T43,T165),T194))),((T57,T195),T6))),(T162,T191)),T91);
Score: 3.835052067e+10

real	1m39.220s
user	32m7.982s
sys	0m17.867s
