Weighted ASTRAL - Hybrid
Version: v1.13.2.3
#Genetrees: 2000
#Species: 201
#Rounds: 4
#Samples: 4
#Threads: 32
Use two-step algorithm!
Guide Tree 0/27
#NNI moves:7/236
Guide Tree 1/27
#NNI moves:3/236
Guide Tree 2/27
#NNI moves:3/236
Guide Tree 3/27
#NNI moves:2/236
Guide Tree 4/27
#NNI moves:0/236
Guide Tree 5/27
#NNI moves:4/236
Guide Tree 6/27
#NNI moves:5/236
Guide Tree 7/27
#NNI moves:1/236
Guide Tree 8/27
#NNI moves:3/236
Guide Tree 9/27
#NNI moves:4/236
Guide Tree 10/27
#NNI moves:0/236
Guide Tree 11/27
#NNI moves:0/236
Guide Tree 12/27
#NNI moves:5/236
Guide Tree 13/27
#NNI moves:3/236
Guide Tree 14/27
#NNI moves:6/236
Guide Tree 15/27
#NNI moves:6/236
Guide Tree 16/27
#NNI moves:4/236
Guide Tree 17/27
#NNI moves:2/236
Guide Tree 18/27
#NNI moves:0/236
Guide Tree 19/27
#NNI moves:5/236
Guide Tree 20/27
#NNI moves:0/236
Guide Tree 21/27
#NNI moves:3/236
Guide Tree 22/27
#NNI moves:1/236
Guide Tree 23/27
#NNI moves:4/236
Guide Tree 24/27
#NNI moves:1/236
Guide Tree 25/27
#NNI moves:5/236
Guide Tree 26/27
#NNI moves:1/236
Remaining: 0
#NNI moves:6/236
#NNI moves:6/236
((((((((((((((((((((((T24,T171),(T89,T147)),T103),T148),T181),T140),T168),T174),(T55,(T82,T20))),((T13,((T143,T141),T177)),T65)),T186),((T99,T131),(T56,(T93,T36)))),(((((((T79,T10),(T150,T34)),(((T159,T198),T102),(T54,T19))),(T135,T187)),((T31,((T173,T109),T162)),(T134,((T142,T73),T127)))),((((((T42,(T96,((T90,T108),T80))),((T43,T27),T165)),((((T91,T136),T105),T185),((T8,T38),T190))),(T133,T60)),((T193,T70),T172)),((((((((((T115,T28),(T130,T41)),(T125,(T122,T17))),T23),T121),((T160,(T154,T157)),T151)),((T12,T50),T84)),T149),((T104,T111),T61)),(T35,T179)))),(((((T117,T200),((((T176,T113),T59),(T46,(T66,T87))),T197)),T137),(((T132,T51),T110),T163)),(T33,((T161,T182),T67))))),(((((((T188,T146),(((T64,(T71,T40)),T86),T4)),(((((((T191,T118),(T120,T29)),T11),(T97,T156)),((((T25,T152),T5),T53),(T167,T81))),(T92,T184)),T144)),(((((T72,T158),T14),T129),(T32,(T85,T164))),T107)),(((T1,T100),T95),(((T119,T175),T192),T39))),(((((T68,T6),(T180,T139)),(T52,T194)),((T15,T45),T189)),T155)),((((T78,T21),(T16,T128)),T94),((T49,T30),T145)))),T0),((((((T7,T63),(T112,T83)),((T47,T178),T22)),((((T88,T44),T37),T3),T62)),T69),T116)),(((((T9,T183),T124),((T26,T98),T74)),(T169,T77)),((T58,T153),(T75,T195)))),(((T166,T48),((T76,T123),T114)),(T199,(T106,T57)))),((T18,(T170,T2)),T138)),T196),T101),T126);
Guide Tree 0/27
#NNI moves:2/236
Guide Tree 1/27
#NNI moves:1/236
Guide Tree 2/27
#NNI moves:3/236
Guide Tree 3/27
#NNI moves:0/236
Guide Tree 4/27
#NNI moves:5/236
Guide Tree 5/27
#NNI moves:0/236
Guide Tree 6/27
#NNI moves:2/236
Guide Tree 7/27
#NNI moves:1/236
Guide Tree 8/27
#NNI moves:0/236
Guide Tree 9/27
#NNI moves:0/236
Guide Tree 10/27
#NNI moves:1/236
Guide Tree 11/27
#NNI moves:0/236
Guide Tree 12/27
#NNI moves:0/236
Guide Tree 13/27
#NNI moves:3/236
Guide Tree 14/27
#NNI moves:2/236
Guide Tree 15/27
#NNI moves:3/236
Guide Tree 16/27
#NNI moves:2/236
Guide Tree 17/27
#NNI moves:2/236
Guide Tree 18/27
#NNI moves:0/236
Guide Tree 19/27
#NNI moves:3/236
Guide Tree 20/27
#NNI moves:2/236
Guide Tree 21/27
#NNI moves:0/236
Guide Tree 22/27
#NNI moves:0/236
Guide Tree 23/27
#NNI moves:3/236
Guide Tree 24/27
#NNI moves:3/236
Guide Tree 25/27
#NNI moves:0/236
Guide Tree 26/27
#NNI moves:1/236
Remaining: 0
#NNI moves:26/236
#NNI moves:26/236
(((((((((((((((((((((T157,T154),T160),T151),(((((T17,T122),T125),((T115,T28),(T130,T41))),T23),T121)),((T12,T50),T84)),T149),(T61,(T111,T104))),(T35,T179)),((((((T105,(T91,T136)),T185),(T190,(T38,T8))),(((((T90,T108),T80),T96),T42),((T43,T27),T165))),(T133,T60)),((T193,T70),T172))),((((((T159,T198),T102),(T19,T54)),((T10,T79),(T34,T150))),(T187,T135)),((T31,(T162,(T173,T109))),((T127,(T142,T73)),T134)))),(((((((T46,(T87,T66)),((T176,T113),T59)),T197),(T200,T117)),T137),(((T51,T132),T110),T163)),((T67,(T161,T182)),T33))),(((((((T141,T143),T177),T13),T65),((((T140,((T148,(((T89,T147),(T24,T171)),T103)),T181)),T168),T174),((T82,T20),T55))),T186),((T131,T99),(T56,(T36,T93))))),(((((((T188,T146),(((T64,(T40,T71)),T86),T4)),(((((((T191,T118),(T120,T29)),T11),(T97,T156)),((T167,T81),(((T152,T25),T5),T53))),(T92,T184)),T144)),((((T164,T85),T32),(((T72,T158),T14),T129)),T107)),(((T100,T1),T95),(((T119,T175),T192),T39))),(((((T180,T139),(T6,T68)),(T52,T194)),(T189,(T45,T15))),T155)),((T145,(T30,T49)),(T94,((T128,T16),(T21,T78)))))),T0),(((((T22,(T47,T178)),((T112,T83),(T63,T7))),((T3,((T88,T44),T37)),T62)),T69),T116)),(((((T183,T9),T124),((T26,T98),T74)),(T77,T169)),((T75,T195),(T58,T153)))),((T199,(T57,T106)),(((T76,T123),T114),(T166,T48)))),(T138,(T18,(T170,T2)))),T196),T101),T126);
Guide Tree 0/27
#NNI moves:3/236
Guide Tree 1/27
#NNI moves:0/236
Guide Tree 2/27
#NNI moves:1/236
Guide Tree 3/27
#NNI moves:1/236
Guide Tree 4/27
#NNI moves:3/236
Guide Tree 5/27
#NNI moves:4/236
Guide Tree 6/27
#NNI moves:0/236
Guide Tree 7/27
#NNI moves:0/236
Guide Tree 8/27
#NNI moves:1/236
Guide Tree 9/27
#NNI moves:0/236
Guide Tree 10/27
#NNI moves:4/236
Guide Tree 11/27
#NNI moves:1/236
Guide Tree 12/27
#NNI moves:1/236
Guide Tree 13/27
#NNI moves:2/236
Guide Tree 14/27
#NNI moves:1/236
Guide Tree 15/27
#NNI moves:3/236
Guide Tree 16/27
#NNI moves:5/236
Guide Tree 17/27
#NNI moves:3/236
Guide Tree 18/27
#NNI moves:0/236
Guide Tree 19/27
#NNI moves:4/236
Guide Tree 20/27
#NNI moves:1/236
Guide Tree 21/27
#NNI moves:3/236
Guide Tree 22/27
#NNI moves:0/236
Guide Tree 23/27
#NNI moves:1/236
Guide Tree 24/27
#NNI moves:0/236
Guide Tree 25/27
#NNI moves:0/236
Guide Tree 26/27
#NNI moves:0/236
Remaining: 0
#NNI moves:25/236
#NNI moves:25/236
((((((((((((((((((((T91,T136),T105),T185),((T8,T38),T190)),(((((T108,T90),T80),T96),T42),(T165,(T43,T27)))),(T60,T133)),((T70,T193),T172)),((T179,T35),(((((T12,T50),T84),((((((T130,T41),(T115,T28)),(T125,(T122,T17))),T23),T121),(((T157,T154),T160),T151))),T149),(T61,(T111,T104))))),(((T135,T187),((((T198,T159),T102),(T54,T19)),((T34,T150),(T10,T79)))),((T31,((T173,T109),T162)),(((T142,T73),T127),T134)))),((((((((T87,T66),T46),((T176,T113),T59)),T197),(T117,T200)),T137),(T163,((T51,T132),T110))),(((T182,T161),T67),T33))),((((((((((((T24,T171),(T89,T147)),T103),T148),T181),T140),T168),T174),(T55,(T82,T20))),((T13,(T177,(T141,T143))),T65)),T186),((T131,T99),((T36,T93),T56)))),((((((((T86,(T64,(T71,T40))),T4),(T188,T146)),(((((((T120,T29),(T191,T118)),T11),(T97,T156)),((T167,T81),(((T25,T152),T5),T53))),(T184,T92)),T144)),(((((T72,T158),T14),T129),((T164,T85),T32)),T107)),((((T119,T175),T192),T39),((T1,T100),T95))),(((((T6,T68),(T139,T180)),(T194,T52)),(T189,(T15,T45))),T155)),((((T128,T16),(T21,T78)),T94),((T30,T49),T145)))),T0),((((((T7,T63),(T83,T112)),(T22,(T178,T47))),(T62,(((T88,T44),T37),T3))),T69),T116)),(((T169,T77),((T124,(T183,T9)),(T74,(T98,T26)))),((T75,T195),(T58,T153)))),((((T76,T123),T114),(T166,T48)),(T199,(T57,T106)))),((T18,(T170,T2)),T138)),T196),T101),T126);
Guide Tree 0/27
#NNI moves:2/236
Guide Tree 1/27
#NNI moves:0/236
Guide Tree 2/27
#NNI moves:1/236
Guide Tree 3/27
#NNI moves:3/236
Guide Tree 4/27
#NNI moves:1/236
Guide Tree 5/27
#NNI moves:4/236
Guide Tree 6/27
#NNI moves:4/236
Guide Tree 7/27
#NNI moves:1/236
Guide Tree 8/27
#NNI moves:6/236
Guide Tree 9/27
#NNI moves:1/236
Guide Tree 10/27
#NNI moves:4/236
Guide Tree 11/27
#NNI moves:4/236
Guide Tree 12/27
#NNI moves:3/236
Guide Tree 13/27
#NNI moves:4/236
Guide Tree 14/27
#NNI moves:3/236
Guide Tree 15/27
#NNI moves:3/236
Guide Tree 16/27
#NNI moves:4/236
Guide Tree 17/27
#NNI moves:5/236
Guide Tree 18/27
#NNI moves:2/236
Guide Tree 19/27
#NNI moves:5/236
Guide Tree 20/27
#NNI moves:6/236
Guide Tree 21/27
#NNI moves:4/236
Guide Tree 22/27
#NNI moves:5/236
Guide Tree 23/27
#NNI moves:3/236
Guide Tree 24/27
#NNI moves:3/236
Guide Tree 25/27
#NNI moves:5/236
Guide Tree 26/27
#NNI moves:7/236
Remaining: 1
#NNI moves:12/236
#NNI moves:12/236
(((((((((((((((((T19,T54),((T198,T159),T102)),((T150,T34),(T79,T10))),(T135,T187)),((((T142,T73),T127),T134),((T162,(T173,T109)),T31))),(((((((((((T17,T122),T125),((T41,T130),(T28,T115))),T23),T121),(((T157,T154),T160),T151)),((T12,T50),T84)),T149),((T111,T104),T61)),(T35,T179)),((((((((T108,T90),T80),T96),T42),((T43,T27),T165)),((((T136,T91),T105),T185),((T38,T8),T190))),(T60,T133)),((T193,T70),T172)))),(((((T117,T200),((((T87,T66),T46),(T59,(T113,T176))),T197)),T137),((T110,(T51,T132)),T163)),((T67,(T161,T182)),T33))),((((T36,T93),T56),(T99,T131)),(T186,((((T20,T82),T55),((((((((T89,T147),(T171,T24)),T103),T148),T181),T140),T168),T174)),((((T143,T141),T177),T13),T65))))),((((((((((T81,T167),(((T25,T152),T5),T53)),((((T120,T29),(T118,T191)),T11),(T97,T156))),(T184,T92)),T144),(((((T71,T40),T64),T86),T4),(T146,T188))),((((T85,T164),T32),(T129,(T14,(T72,T158)))),T107)),(((T1,T100),T95),((T192,(T119,T175)),T39))),((((T15,T45),T189),(((T139,T180),(T68,T6)),(T52,T194))),T155)),(((T49,T30),T145),(((T21,T78),(T16,T128)),T94)))),T0),((((((T178,T47),T22),((T63,T7),(T83,T112))),((((T44,T88),T37),T3),T62)),T69),T116)),(((((T26,T98),T74),((T183,T9),T124)),(T77,T169)),((T153,T58),(T195,T75)))),(((T114,(T76,T123)),(T166,T48)),(T199,(T57,T106)))),((T18,(T2,T170)),T138)),T196),T101),T126);
Initial score: 3.70223e+10
Initial tree: (((((((((((((((((T19,T54),((T198,T159),T102)),((T150,T34),(T79,T10))),(T135,T187)),((((T142,T73),T127),T134),((T162,(T173,T109)),T31))),(((((((((((T17,T122),T125),((T41,T130),(T28,T115))),T23),T121),(((T157,T154),T160),T151)),((T12,T50),T84)),T149),((T111,T104),T61)),(T35,T179)),((((((((T108,T90),T80),T96),T42),((T43,T27),T165)),((((T136,T91),T105),T185),((T38,T8),T190))),(T60,T133)),((T193,T70),T172)))),(((((T117,T200),((((T87,T66),T46),(T59,(T113,T176))),T197)),T137),((T110,(T51,T132)),T163)),((T67,(T161,T182)),T33))),((((T36,T93),T56),(T99,T131)),(T186,((((T20,T82),T55),((((((((T89,T147),(T171,T24)),T103),T148),T181),T140),T168),T174)),((((T143,T141),T177),T13),T65))))),((((((((((T81,T167),(((T25,T152),T5),T53)),((((T120,T29),(T118,T191)),T11),(T97,T156))),(T184,T92)),T144),(((((T71,T40),T64),T86),T4),(T146,T188))),((((T85,T164),T32),(T129,(T14,(T72,T158)))),T107)),(((T1,T100),T95),((T192,(T119,T175)),T39))),((((T15,T45),T189),(((T139,T180),(T68,T6)),(T52,T194))),T155)),(((T49,T30),T145),(((T21,T78),(T16,T128)),T94)))),T0),((((((T178,T47),T22),((T63,T7),(T83,T112))),((((T44,T88),T37),T3),T62)),T69),T116)),(((((T26,T98),T74),((T183,T9),T124)),(T77,T169)),((T153,T58),(T195,T75)))),(((T114,(T76,T123)),(T166,T48)),(T199,(T57,T106)))),((T18,(T2,T170)),T138)),T196),T101),T126);
*** Subsample Process ***
Use two-step algorithm!
#NNI moves:5/236
Remaining: 0
#NNI moves:13/236
#NNI moves:13/236
((((((((((((((((((((T71,T40),T64),T86),T4),(T188,T146)),(T144,((T92,T184),(((T97,T156),(((T29,T120),(T118,T191)),T11)),((T53,(T5,(T152,T25))),(T81,T167)))))),((((T85,T164),T32),(T129,((T158,T72),T14))),T107)),((((T119,T175),T192),T39),((T1,T100),T95))),((((T45,T15),T189),((T52,T194),((T6,T68),(T139,T180)))),T155)),(((T49,T30),T145),(((T128,T16),(T21,T78)),T94))),((((((((T7,T63),(T83,T112)),((T178,T47),T22)),(T62,(((T88,T44),T37),T3))),T69),T116),((((T77,T169),(((T98,T26),T74),((T183,T9),T124))),((T58,T153),(T75,T195))),((((T101,T126),T196),(T138,((T2,T170),T18))),((((T76,T123),T114),(T48,T166)),((T57,T106),T199))))),T0)),((((T93,T36),T56),(T131,T99)),(((((((((((T24,T171),(T89,T147)),T103),T148),T181),T140),T168),T174),((T82,T20),T55)),((((T141,T143),T177),T13),T65)),T186))),(((((T51,T132),T110),T163),((((((T66,T87),T46),((T176,T113),T59)),T197),(T117,T200)),T137)),(((T161,T182),T67),T33))),(((((((T8,T38),T190),((T105,(T136,T91)),T185)),(((T43,T27),T165),((T96,(T80,(T90,T108))),T42))),(T133,T60)),((T70,T193),T172)),((((((((((T130,T41),(T115,T28)),((T17,T122),T125)),T23),T121),(T151,((T154,T157),T160))),((T12,T50),T84)),T149),((T111,T104),T61)),(T179,T35)))),(((T127,(T73,T142)),T134),((T162,(T109,T173)),T31))),(T187,T135)),((T19,T54),((T198,T159),T102))),(T79,T10)),T34),T150);
#NNI moves:0/236
Remaining: 0
#NNI moves:7/236
#NNI moves:7/236
(((((((((((((((((((T105,(T91,T136)),T185),((T8,T38),T190)),((T165,(T43,T27)),(((T80,(T108,T90)),T96),T42))),(T60,T133)),((T193,T70),T172)),((((((((((T115,T28),(T41,T130)),((T17,T122),T125)),T23),T121),(T151,((T157,T154),T160))),((T12,T50),T84)),T149),((T104,T111),T61)),(T35,T179))),(((((T19,T54),(T102,(T198,T159))),((T150,T34),(T79,T10))),(T187,T135)),((T31,((T173,T109),T162)),((T127,(T73,T142)),T134)))),((((T182,T161),T67),T33),((((((T59,(T176,T113)),((T87,T66),T46)),T197),(T200,T117)),T137),(((T132,T51),T110),T163)))),((((((((((((T171,T24),(T89,T147)),T103),T148),T181),T140),T168),T174),(T55,(T82,T20))),(((T177,(T143,T141)),T13),T65)),T186),((T56,(T36,T93)),(T131,T99)))),((((((((T92,T184),(((T97,T156),(((T29,T120),(T191,T118)),T11)),(((T5,(T25,T152)),T53),(T167,T81)))),T144),((T188,T146),((((T40,T71),T64),T86),T4))),(((T32,(T164,T85)),(((T72,T158),T14),T129)),T107)),((T95,(T100,T1)),(((T119,T175),T192),T39))),((((T45,T15),T189),(((T68,T6),(T180,T139)),(T52,T194))),T155)),((((T16,T128),(T78,T21)),T94),((T49,T30),T145)))),T0),((((((T47,T178),T22),((T63,T7),(T83,T112))),((((T44,T88),T37),T3),T62)),T69),T116)),(((((T9,T183),T124),((T98,T26),T74)),(T169,T77)),((T58,T153),(T195,T75)))),(((T114,(T123,T76)),(T48,T166)),(T199,(T57,T106)))),(T138,((T170,T2),T18))),T196),T126),T101);
#NNI moves:0/236
Remaining: 0
#NNI moves:12/236
#NNI moves:12/236
((((((((((((((((T57,T106),T199),(((T76,T123),T114),(T166,T48))),((T196,(T126,T101)),((T18,(T170,T2)),T138))),((((T74,(T98,T26)),((T9,T183),T124)),(T77,T169)),((T58,T153),(T75,T195)))),((((((T7,T63),(T112,T83)),((T47,T178),T22)),((((T44,T88),T37),T3),T62)),T69),T116)),T0),(((((((T6,T68),(T180,T139)),(T52,T194)),(T189,(T45,T15))),T155),(((((((T72,T158),T14),T129),(T32,(T85,T164))),T107),(((T4,(((T40,T71),T64),T86)),(T188,T146)),(((T184,T92),(((T97,T156),(T11,((T118,T191),(T120,T29)))),((T167,T81),(((T25,T152),T5),T53)))),T144))),((((T175,T119),T192),T39),((T1,T100),T95)))),((((T21,T78),(T128,T16)),T94),((T30,T49),T145)))),((((((((((((T89,T147),(T171,T24)),T103),T148),T181),T140),T168),T174),((T82,T20),T55)),(((T177,(T143,T141)),T13),T65)),T186),((T131,T99),(T56,(T93,T36))))),((((((((T113,T176),T59),((T87,T66),T46)),T197),(T117,T200)),T137),(T163,((T132,T51),T110))),(((T182,T161),T67),T33))),(((((T54,T19),((T159,T198),T102)),((T79,T10),(T34,T150))),(T187,T135)),((((T173,T109),T162),T31),(T134,((T142,T73),T127))))),((((((((((T28,T115),(T130,T41)),((T17,T122),T125)),T23),T121),((T160,(T154,T157)),T151)),(T84,(T12,T50))),T149),((T104,T111),T61)),(T35,T179))),((T193,T70),T172)),(((((T136,T91),T105),T185),((T38,T8),T190)),(((((T90,T108),T80),T96),T42),(T165,(T27,T43))))),T60),T133);
#NNI moves:0/236
Remaining: 6
#NNI moves:18/236
#NNI moves:21/236
((((((((((((((((T177,(T141,T143)),T13),T65),(((((((((T24,T171),(T89,T147)),T103),T148),T181),T140),T168),T174),(T55,(T82,T20)))),T186),(((T36,T93),T56),(T99,T131))),(((((((((((T108,T90),T80),T96),T42),((T27,T43),T165)),((((T136,T91),T105),T185),((T8,T38),T190))),(T133,T60)),(T172,(T70,T193))),((((((((((T17,T122),T125),((T115,T28),(T41,T130))),T23),T121),(((T154,T157),T160),T151)),((T12,T50),T84)),T149),((T111,T104),T61)),(T179,T35))),(((T187,T135),(((T102,(T198,T159)),(T54,T19)),((T34,T150),(T10,T79)))),((((T142,T73),T127),T134),(((T173,T109),T162),T31)))),((((((((T113,T176),T59),((T87,T66),T46)),T197),(T200,T117)),T137),((T110,(T132,T51)),T163)),((T67,(T182,T161)),T33)))),((((((((((((T152,T25),T5),T53),(T81,T167)),((T11,((T191,T118),(T120,T29))),(T156,T97))),(T184,T92)),T144),((T4,(T86,((T71,T40),T64))),(T146,T188))),(((T32,(T164,T85)),(((T158,T72),T14),T129)),T107)),(((T100,T1),T95),(((T119,T175),T192),T39))),(((((T6,T68),(T180,T139)),(T52,T194)),((T45,T15),T189)),T155)),((((T128,T16),(T21,T78)),T94),(T145,(T30,T49))))),T0),((((((T112,T83),(T7,T63)),((T47,T178),T22)),((((T88,T44),T37),T3),T62)),T69),T116)),(((((T26,T98),T74),((T183,T9),T124)),(T77,T169)),((T58,T153),(T75,T195)))),(((T166,T48),((T76,T123),T114)),((T106,T57),T199))),(T138,((T2,T170),T18))),T196),T126),T101);
Current score: 3.70223e+10
Current tree: ((((((((((((((((T177,(T141,T143)),T13),T65),(((((((((T24,T171),(T89,T147)),T103),T148),T181),T140),T168),T174),(T55,(T82,T20)))),T186),(((T36,T93),T56),(T99,T131))),(((((((((((T108,T90),T80),T96),T42),((T27,T43),T165)),((((T136,T91),T105),T185),((T8,T38),T190))),(T133,T60)),(T172,(T70,T193))),((((((((((T17,T122),T125),((T115,T28),(T41,T130))),T23),T121),(((T154,T157),T160),T151)),((T12,T50),T84)),T149),((T111,T104),T61)),(T179,T35))),(((T187,T135),(((T102,(T198,T159)),(T54,T19)),((T34,T150),(T10,T79)))),((((T142,T73),T127),T134),(((T173,T109),T162),T31)))),((((((((T113,T176),T59),((T87,T66),T46)),T197),(T200,T117)),T137),((T110,(T132,T51)),T163)),((T67,(T182,T161)),T33)))),((((((((((((T152,T25),T5),T53),(T81,T167)),((T11,((T191,T118),(T120,T29))),(T156,T97))),(T184,T92)),T144),((T4,(T86,((T71,T40),T64))),(T146,T188))),(((T32,(T164,T85)),(((T158,T72),T14),T129)),T107)),(((T100,T1),T95),(((T119,T175),T192),T39))),(((((T6,T68),(T180,T139)),(T52,T194)),((T45,T15),T189)),T155)),((((T128,T16),(T21,T78)),T94),(T145,(T30,T49))))),T0),((((((T112,T83),(T7,T63)),((T47,T178),T22)),((((T88,T44),T37),T3),T62)),T69),T116)),(((((T26,T98),T74),((T183,T9),T124)),(T77,T169)),((T58,T153),(T75,T195)))),(((T166,T48),((T76,T123),T114)),((T106,T57),T199))),(T138,((T2,T170),T18))),T196),T101),T126);
Use two-step algorithm!
#NNI moves:1/236
Remaining: 1
#NNI moves:19/236
#NNI moves:22/236
(((((((((((((((((((((((T184,T92),(((((T118,T191),(T120,T29)),T11),(T97,T156)),((T167,T81),(((T25,T152),T5),T53)))),T144),((T146,T188),(T4,(((T71,T40),T64),T86)))),(T107,((((T72,T158),T14),T129),((T164,T85),T32)))),(((T1,T100),T95),(T39,((T175,T119),T192)))),((((T194,T52),((T68,T6),(T180,T139))),((T15,T45),T189)),T155)),((((T78,T21),(T128,T16)),T94),((T49,T30),T145))),((((((((T2,T170),T18),T138),(T196,(T101,T126))),(((T166,T48),(T114,(T123,T76))),(T199,(T57,T106)))),(((((T98,T26),T74),((T9,T183),T124)),(T169,T77)),((T58,T153),(T195,T75)))),((((((T63,T7),(T112,T83)),((T47,T178),T22)),(((T37,(T88,T44)),T3),T62)),T69),T116)),T0)),(((((T182,T161),T67),T33),(((((((T176,T113),T59),((T66,T87),T46)),T197),(T200,T117)),T137),(T163,(T110,(T51,T132))))),((((((((T38,T8),T190),((T105,(T91,T136)),T185)),(((T27,T43),T165),((((T90,T108),T80),T96),T42))),(T133,T60)),((T193,T70),T172)),((((((((((T28,T115),(T130,T41)),((T122,T17),T125)),T23),T121),(((T157,T154),T160),T151)),((T12,T50),T84)),T149),((T111,T104),T61)),(T179,T35))),(((((T79,T10),(T34,T150)),(((T159,T198),T102),(T54,T19))),(T135,T187)),((((T173,T109),T162),T31),(T134,((T73,T142),T127))))))),(((T93,T36),T56),(T131,T99))),T186),((((T141,T143),T177),T13),T65)),((T20,T82),T55)),T174),T168),T140),T181),T148),T103),(T89,T147)),T24),T171);
#NNI moves:0/236
Remaining: 8
#NNI moves:16/236
#NNI moves:17/236
(((((((((((((((((((T38,T8),T190),(((T136,T91),T105),T185)),(((T43,T27),T165),((((T108,T90),T80),T96),T42))),(T133,T60)),((T70,T193),T172)),((((((((((T41,T130),(T28,T115)),(T125,(T122,T17))),T23),T121),(((T157,T154),T160),T151)),((T12,T50),T84)),T149),(T61,(T111,T104))),(T179,T35))),(((T135,T187),((((T198,T159),T102),(T19,T54)),((T150,T34),(T10,T79)))),(((T162,(T173,T109)),T31),(T134,((T142,T73),T127))))),((((((((T113,T176),T59),(T46,(T66,T87))),T197),(T200,T117)),T137),(((T132,T51),T110),T163)),(((T182,T161),T67),T33))),((((T36,T93),T56),(T131,T99)),(((((((((T103,((T89,T147),(T24,T171))),T148),T181),T140),T168),T174),((T82,T20),T55)),((T13,((T141,T143),T177)),T65)),T186))),((((((((((T11,((T118,T191),(T120,T29))),(T156,T97)),((T81,T167),(((T25,T152),T5),T53))),(T92,T184)),T144),((T146,T188),((T86,(T64,(T40,T71))),T4))),((((T14,(T72,T158)),T129),((T85,T164),T32)),T107)),(((T100,T1),T95),(((T119,T175),T192),T39))),(((((T139,T180),(T68,T6)),(T52,T194)),((T45,T15),T189)),T155)),((((T16,T128),(T78,T21)),T94),((T49,T30),T145)))),T0),(((((((T88,T44),T37),T3),T62),(((T178,T47),T22),((T7,T63),(T112,T83)))),T69),T116)),(((T77,T169),(((T9,T183),T124),((T26,T98),T74))),((T75,T195),(T58,T153)))),(((T18,(T2,T170)),T138),((T101,T126),T196))),((T57,T106),T199)),((T76,T123),T114)),T48),T166);
#NNI moves:1/236
Remaining: 0
#NNI moves:14/236
#NNI moves:14/236
(((((((((((((((((((T136,T91),T105),T185),((T8,T38),T190)),(((T27,T43),T165),(T42,(((T108,T90),T80),T96)))),(T133,T60)),((T70,T193),T172)),((((((((((T28,T115),(T41,T130)),(T125,(T122,T17))),T23),T121),(((T157,T154),T160),T151)),(T84,(T50,T12))),T149),((T104,T111),T61)),(T35,T179))),(((((T150,T34),(T79,T10)),(((T198,T159),T102),(T19,T54))),(T135,T187)),(((T127,(T73,T142)),T134),(((T173,T109),T162),T31)))),((((((((T113,T176),T59),((T87,T66),T46)),T197),(T117,T200)),T137),((T110,(T132,T51)),T163)),((T67,(T182,T161)),T33))),(((T131,T99),((T93,T36),T56)),(((((((((((T24,T171),(T147,T89)),T103),T148),T181),T140),T168),T174),(T55,(T82,T20))),((((T143,T141),T177),T13),T65)),T186))),(((((((T129,((T72,T158),T14)),((T164,T85),T32)),T107),((((((T167,T81),(T53,((T152,T25),T5))),((((T120,T29),(T118,T191)),T11),(T156,T97))),(T184,T92)),T144),((T146,T188),((T86,((T71,T40),T64)),T4)))),((T95,(T1,T100)),(((T119,T175),T192),T39))),(((((T6,T68),(T180,T139)),(T52,T194)),(T189,(T15,T45))),T155)),(((T30,T49),T145),(((T21,T78),(T16,T128)),T94)))),T0),(((((((T88,T44),T37),T3),T62),(((T47,T178),T22),((T83,T112),(T63,T7)))),T69),T116)),(((T169,T77),(((T98,T26),T74),(T124,(T9,T183)))),((T58,T153),(T75,T195)))),(((T57,T106),T199),((T48,T166),(T114,(T76,T123))))),((T126,T101),T196)),((T2,T170),T18)),T138);
#NNI moves:3/236
Remaining: 0
#NNI moves:8/236
#NNI moves:8/236
(((((((((((((((((((((((((T29,T120),(T118,T191)),T11),(T97,T156)),((((T152,T25),T5),T53),(T167,T81))),(T184,T92)),T144),(((((T40,T71),T64),T86),T4),(T146,T188))),(((((T158,T72),T14),T129),((T85,T164),T32)),T107)),((T39,(T192,(T119,T175))),((T100,T1),T95))),(((((T68,T6),(T139,T180)),(T194,T52)),(T189,(T15,T45))),T155)),((T94,((T128,T16),(T21,T78))),((T30,T49),T145))),(((((((T74,(T98,T26)),((T183,T9),T124)),(T169,T77)),((T153,T58),(T195,T75))),((((T18,(T170,T2)),T138),((T126,T101),T196)),(((T166,T48),((T76,T123),T114)),(T199,(T106,T57))))),((((T62,(((T88,T44),T37),T3)),(((T83,T112),(T63,T7)),(T22,(T47,T178)))),T69),T116)),T0)),((((((((((((T171,T24),(T147,T89)),T103),T148),T181),T140),T168),T174),((T20,T82),T55)),((((T143,T141),T177),T13),T65)),T186),((T131,T99),((T93,T36),T56)))),(((((T197,((T46,(T66,T87)),(T59,(T113,T176)))),(T117,T200)),T137),(((T132,T51),T110),T163)),(((T161,T182),T67),T33))),(((T134,((T142,T73),T127)),((T162,(T173,T109)),T31)),((T187,T135),(((T54,T19),(T102,(T198,T159))),((T34,T150),(T79,T10)))))),(((((T84,(T50,T12)),((((((T28,T115),(T130,T41)),((T122,T17),T125)),T23),T121),(((T154,T157),T160),T151))),T149),((T104,T111),T61)),(T179,T35))),((T70,T193),T172)),(T133,T60)),(((T27,T43),T165),(((T80,(T90,T108)),T96),T42))),((T38,T8),T190)),T185),T105),T136),T91);
Current score: 3.70223e+10
Current tree: ((T101,(T196,(((T18,(T170,T2)),T138),((((T166,T48),((T76,T123),T114)),(T199,(T106,T57))),(((((T74,(T98,T26)),((T183,T9),T124)),(T169,T77)),((T153,T58),(T195,T75))),(((((T62,(((T88,T44),T37),T3)),(((T83,T112),(T63,T7)),(T22,(T47,T178)))),T69),T116),(T0,(((((((((((((T29,T120),(T118,T191)),T11),(T97,T156)),((((T152,T25),T5),T53),(T167,T81))),(T184,T92)),T144),(((((T40,T71),T64),T86),T4),(T146,T188))),(((((T158,T72),T14),T129),((T85,T164),T32)),T107)),((T39,(T192,(T119,T175))),((T100,T1),T95))),(((((T68,T6),(T139,T180)),(T194,T52)),(T189,(T15,T45))),T155)),((T94,((T128,T16),(T21,T78))),((T30,T49),T145))),(((((((((((((T171,T24),(T147,T89)),T103),T148),T181),T140),T168),T174),((T20,T82),T55)),((((T143,T141),T177),T13),T65)),T186),((T131,T99),((T93,T36),T56))),((((((T197,((T46,(T66,T87)),(T59,(T113,T176)))),(T117,T200)),T137),(((T132,T51),T110),T163)),(((T161,T182),T67),T33)),((((T134,((T142,T73),T127)),((T162,(T173,T109)),T31)),((T187,T135),(((T54,T19),(T102,(T198,T159))),((T34,T150),(T79,T10))))),((((((T84,(T50,T12)),((((((T28,T115),(T130,T41)),((T122,T17),T125)),T23),T121),(((T154,T157),T160),T151))),T149),((T104,T111),T61)),(T179,T35)),(((T70,T193),T172),((T133,T60),((((T27,T43),T165),(((T80,(T90,T108)),T96),T42)),(((T38,T8),T190),(T185,(T105,(T136,T91))))))))))))))))))),T126);
Final Tree: ((T101,(T196,(((T18,(T170,T2)),T138),((((T166,T48),((T76,T123),T114)),(T199,(T106,T57))),(((((T74,(T98,T26)),((T183,T9),T124)),(T169,T77)),((T153,T58),(T195,T75))),(((((T62,(((T88,T44),T37),T3)),(((T83,T112),(T63,T7)),(T22,(T47,T178)))),T69),T116),(T0,(((((((((((((T29,T120),(T118,T191)),T11),(T97,T156)),((((T152,T25),T5),T53),(T167,T81))),(T184,T92)),T144),(((((T40,T71),T64),T86),T4),(T146,T188))),(((((T158,T72),T14),T129),((T85,T164),T32)),T107)),((T39,(T192,(T119,T175))),((T100,T1),T95))),(((((T68,T6),(T139,T180)),(T194,T52)),(T189,(T15,T45))),T155)),((T94,((T128,T16),(T21,T78))),((T30,T49),T145))),(((((((((((((T171,T24),(T147,T89)),T103),T148),T181),T140),T168),T174),((T20,T82),T55)),((((T143,T141),T177),T13),T65)),T186),((T131,T99),((T93,T36),T56))),((((((T197,((T46,(T66,T87)),(T59,(T113,T176)))),(T117,T200)),T137),(((T132,T51),T110),T163)),(((T161,T182),T67),T33)),((((T134,((T142,T73),T127)),((T162,(T173,T109)),T31)),((T187,T135),(((T54,T19),(T102,(T198,T159))),((T34,T150),(T79,T10))))),((((((T84,(T50,T12)),((((((T28,T115),(T130,T41)),((T122,T17),T125)),T23),T121),(((T154,T157),T160),T151))),T149),((T104,T111),T61)),(T179,T35)),(((T70,T193),T172),((T133,T60),((((T27,T43),T165),(((T80,(T90,T108)),T96),T42)),(((T38,T8),T190),(T185,(T105,(T136,T91))))))))))))))))))),T126);
Score: 3.70222614e+10

real	1m42.425s
user	35m15.440s
sys	0m18.509s
