Weighted ASTRAL - Hybrid
Version: v1.13.2.3
#Genetrees: 2000
#Species: 201
#Rounds: 4
#Samples: 4
#Threads: 32
Use two-step algorithm!
Guide Tree 0/27
#NNI moves:2/236
Guide Tree 1/27
#NNI moves:1/236
Guide Tree 2/27
#NNI moves:1/236
Guide Tree 3/27
#NNI moves:1/236
Guide Tree 4/27
#NNI moves:1/236
Guide Tree 5/27
#NNI moves:0/236
Guide Tree 6/27
#NNI moves:0/236
Guide Tree 7/27
#NNI moves:2/236
Guide Tree 8/27
#NNI moves:4/236
Guide Tree 9/27
#NNI moves:4/236
Guide Tree 10/27
#NNI moves:3/236
Guide Tree 11/27
#NNI moves:9/236
Guide Tree 12/27
#NNI moves:0/236
Guide Tree 13/27
#NNI moves:1/236
Guide Tree 14/27
#NNI moves:3/236
Guide Tree 15/27
#NNI moves:8/236
Guide Tree 16/27
#NNI moves:3/236
Guide Tree 17/27
#NNI moves:2/236
Guide Tree 18/27
#NNI moves:4/236
Guide Tree 19/27
#NNI moves:3/236
Guide Tree 20/27
#NNI moves:3/236
Guide Tree 21/27
#NNI moves:0/236
Guide Tree 22/27
#NNI moves:1/236
Guide Tree 23/27
#NNI moves:2/236
Guide Tree 24/27
#NNI moves:2/236
Guide Tree 25/27
#NNI moves:2/236
Guide Tree 26/27
#NNI moves:0/236
Remaining: 2
#NNI moves:26/236
#NNI moves:26/236
(((((((((((((((((((T182,T129),T74),((T149,(T49,T33)),(T39,T144))),(T169,T59)),T159),((T115,(T121,T104)),(T80,T21))),(((T150,(T132,T183)),(T184,T85)),(T136,T141))),T3),(((T64,(T157,(T154,T100))),T181),(T76,T107))),(((((((((T125,T32),T42),(T86,T106)),((T140,T13),T73)),T101),T65),(T137,(((T95,T175),(T63,T194)),T142))),((T109,(T1,T166)),(T146,T147))),(((T45,T155),(T161,((T41,T108),T11))),(((T148,(T8,T199)),(T57,T118)),T28)))),((((((T131,T38),T16),(T87,((T174,T120),T143))),T54),((T89,T130),(T158,T66))),(T34,T15))),(((((T79,(T123,(T2,T190))),T186),(T105,T173)),(T139,T195)),T88)),(((T116,T163),T178),T97)),((((((((T58,(((T152,T5),T151),(((T35,T30),T103),(T170,(T68,(T124,T7)))))),T127),(T9,(T14,T167))),(T134,T25)),(T20,T200)),(T110,T36)),((((((((((T81,T111),T55),((T77,T43),T112)),((T6,T138),T145)),(((T56,T29),T153),(T171,T192))),(T53,(T189,T19))),(T176,T168)),(T102,(T164,T50))),((((T52,T51),T62),((T44,(T179,T12)),T60)),((T96,T90),T177))),(T40,T196))),(((((T84,T135),(T180,T72)),(T122,T27)),(((T10,T67),(((T119,T26),T198),(T22,(T98,T191)))),((((T172,T162),T99),T193),T185))),(((((T47,T114),T4),T93),T91),((T117,T37),T24))))),T0),((((T70,((T69,T126),T75)),(T71,T78)),((T165,T82),T48)),((((T17,T133),T31),((((T113,(T94,T160)),(T61,T46)),T83),T92)),T187))),((T188,T18),(T128,T23))),T156),T197);
Guide Tree 0/27
#NNI moves:5/236
Guide Tree 1/27
#NNI moves:3/236
Guide Tree 2/27
#NNI moves:5/236
Guide Tree 3/27
#NNI moves:0/236
Guide Tree 4/27
#NNI moves:0/236
Guide Tree 5/27
#NNI moves:0/236
Guide Tree 6/27
#NNI moves:0/236
Guide Tree 7/27
#NNI moves:0/236
Guide Tree 8/27
#NNI moves:1/236
Guide Tree 9/27
#NNI moves:0/236
Guide Tree 10/27
#NNI moves:3/236
Guide Tree 11/27
#NNI moves:0/236
Guide Tree 12/27
#NNI moves:1/236
Guide Tree 13/27
#NNI moves:0/236
Guide Tree 14/27
#NNI moves:0/236
Guide Tree 15/27
#NNI moves:0/236
Guide Tree 16/27
#NNI moves:4/236
Guide Tree 17/27
#NNI moves:1/236
Guide Tree 18/27
#NNI moves:0/236
Guide Tree 19/27
#NNI moves:0/236
Guide Tree 20/27
#NNI moves:0/236
Guide Tree 21/27
#NNI moves:0/236
Guide Tree 22/27
#NNI moves:0/236
Guide Tree 23/27
#NNI moves:0/236
Guide Tree 24/27
#NNI moves:3/236
Guide Tree 25/27
#NNI moves:0/236
Guide Tree 26/27
#NNI moves:0/236
Remaining: 0
#NNI moves:17/236
#NNI moves:17/236
((((((((((((((((((T86,T106),((T32,T125),T42)),((T13,T140),T73)),T101),T65),((((T63,T194),(T95,T175)),T142),T137)),((T109,(T166,T1)),(T147,T146))),(((((T108,T41),T11),T161),(T155,T45)),((((T8,T199),T148),(T118,T57)),T28))),((T3,((((T184,T85),(T150,(T183,T132))),(T136,T141)),((((((T39,T144),((T33,T49),T149)),(T74,(T129,T182))),(T169,T59)),T159),((T21,T80),((T121,T104),T115))))),(((T64,((T100,T154),T157)),T181),(T107,T76)))),((((((T143,(T120,T174)),T87),((T38,T131),T16)),T54),((T158,T66),(T130,T89))),(T34,T15))),(((T195,T139),(((((T190,T2),T123),T79),T186),(T105,T173))),T88)),((T178,(T116,T163)),T97)),(((((((((((((T7,T124),T68),T170),((T30,T35),T103)),((T5,T152),T151)),T58),T127),(T9,(T167,T14))),(T25,T134)),(T20,T200)),(T110,T36)),((((((((((T111,T81),T55),((T77,T43),T112)),((T6,T138),T145)),(((T56,T29),T153),(T171,T192))),((T189,T19),T53)),(T176,T168)),((T164,T50),T102)),(((((T179,T12),T44),T60),(T62,(T52,T51))),((T96,T90),T177))),(T196,T40))),(((((((T119,T26),T198),((T98,T191),T22)),(T10,T67)),(((T99,(T172,T162)),T193),T185)),((T27,T122),((T72,T180),(T135,T84)))),(((T37,T117),T24),((((T47,T114),T4),T93),T91))))),T0),((((T70,(T75,(T69,T126))),(T71,T78)),((T165,T82),T48)),((((T17,T133),T31),(((((T160,T94),T113),(T46,T61)),T83),T92)),T187))),((T188,T18),(T23,T128))),T156),T197);
Guide Tree 0/27
#NNI moves:0/236
Guide Tree 1/27
#NNI moves:1/236
Guide Tree 2/27
#NNI moves:3/236
Guide Tree 3/27
#NNI moves:1/236
Guide Tree 4/27
#NNI moves:0/236
Guide Tree 5/27
#NNI moves:0/236
Guide Tree 6/27
#NNI moves:0/236
Guide Tree 7/27
#NNI moves:1/236
Guide Tree 8/27
#NNI moves:0/236
Guide Tree 9/27
#NNI moves:2/236
Guide Tree 10/27
#NNI moves:0/236
Guide Tree 11/27
#NNI moves:0/236
Guide Tree 12/27
#NNI moves:0/236
Guide Tree 13/27
#NNI moves:1/236
Guide Tree 14/27
#NNI moves:0/236
Guide Tree 15/27
#NNI moves:2/236
Guide Tree 16/27
#NNI moves:0/236
Guide Tree 17/27
#NNI moves:1/236
Guide Tree 18/27
#NNI moves:1/236
Guide Tree 19/27
#NNI moves:0/236
Guide Tree 20/27
#NNI moves:3/236
Guide Tree 21/27
#NNI moves:0/236
Guide Tree 22/27
#NNI moves:1/236
Guide Tree 23/27
#NNI moves:1/236
Guide Tree 24/27
#NNI moves:0/236
Guide Tree 25/27
#NNI moves:0/236
Guide Tree 26/27
#NNI moves:0/236
Remaining: 3
#NNI moves:24/236
#NNI moves:24/236
(((((((((((((((((T112,(T77,T43)),(T55,(T81,T111))),((T138,T6),T145)),(((T56,T29),T153),(T171,T192))),((T189,T19),T53)),(T176,T168)),(T102,(T50,T164))),(((((T179,T12),T44),T60),((T52,T51),T62)),((T90,T96),T177))),(T40,T196)),((((((T14,T167),T9),((T58,((((T30,T35),T103),(((T7,T124),T68),T170)),(T151,(T152,T5)))),T127)),(T134,T25)),(T20,T200)),(T36,T110))),((((T122,T27),((T84,T135),(T180,T72))),(((T67,T10),(((T119,T26),T198),(T22,(T98,T191)))),(((T99,(T162,T172)),T193),T185))),(((T37,T117),T24),(T91,(T93,((T47,T114),T4)))))),((((((((((T120,T174),T143),T87),((T131,T38),T16)),T54),((T130,T89),(T66,T158))),(T34,T15)),(((((((((T140,T13),T73),((T42,(T32,T125)),(T86,T106))),T101),T65),((((T175,T95),(T194,T63)),T142),T137)),((T109,(T166,T1)),(T147,T146))),((((T148,(T199,T8)),(T118,T57)),T28),((T161,((T108,T41),T11)),(T45,T155)))),((((((T21,T80),((T121,T104),T115)),(((((T129,T182),T74),((T39,T144),(T149,(T49,T33)))),(T59,T169)),T159)),((((T132,T183),T150),(T184,T85)),(T141,T136))),T3),((T76,T107),((((T154,T100),T157),T64),T181))))),((((((T123,(T190,T2)),T79),T186),(T105,T173)),(T195,T139)),T88)),(((T116,T163),T178),T97))),T0),((((T71,T78),(((T69,T126),T75),T70)),((T82,T165),T48)),(((((((T94,T160),T113),(T46,T61)),T83),T92),((T133,T17),T31)),T187))),((T18,T188),(T23,T128))),T156),T197);
Guide Tree 0/27
#NNI moves:1/236
Guide Tree 1/27
#NNI moves:0/236
Guide Tree 2/27
#NNI moves:0/236
Guide Tree 3/27
#NNI moves:1/236
Guide Tree 4/27
#NNI moves:0/236
Guide Tree 5/27
#NNI moves:3/236
Guide Tree 6/27
#NNI moves:1/236
Guide Tree 7/27
#NNI moves:0/236
Guide Tree 8/27
#NNI moves:1/236
Guide Tree 9/27
#NNI moves:0/236
Guide Tree 10/27
#NNI moves:0/236
Guide Tree 11/27
#NNI moves:1/236
Guide Tree 12/27
#NNI moves:0/236
Guide Tree 13/27
#NNI moves:0/236
Guide Tree 14/27
#NNI moves:1/236
Guide Tree 15/27
#NNI moves:0/236
Guide Tree 16/27
#NNI moves:4/236
Guide Tree 17/27
#NNI moves:3/236
Guide Tree 18/27
#NNI moves:0/236
Guide Tree 19/27
#NNI moves:0/236
Guide Tree 20/27
#NNI moves:5/236
Guide Tree 21/27
#NNI moves:0/236
Guide Tree 22/27
#NNI moves:2/236
Guide Tree 23/27
#NNI moves:1/236
Guide Tree 24/27
#NNI moves:1/236
Guide Tree 25/27
#NNI moves:0/236
Guide Tree 26/27
#NNI moves:1/236
Remaining: 0
#NNI moves:52/236
#NNI moves:52/236
((((((((((((((((((T106,T86),((T32,T125),T42)),((T140,T13),T73)),T101),T65),((((T63,T194),(T175,T95)),T142),T137)),(((T1,T166),T109),(T147,T146))),((((T148,(T8,T199)),(T118,T57)),T28),((T155,T45),((T11,(T41,T108)),T161)))),(((((((T104,T121),T115),(T21,T80)),((((((T49,T33),T149),(T144,T39)),((T129,T182),T74)),(T59,T169)),T159)),(((T184,T85),((T132,T183),T150)),(T136,T141))),T3),((T181,(((T100,T154),T157),T64)),(T107,T76)))),((((T66,T158),(T89,T130)),(((((T120,T174),T143),T87),(T16,(T131,T38))),T54)),(T34,T15))),((((T186,((T123,(T190,T2)),T79)),(T105,T173)),(T139,T195)),T88)),(((T116,T163),T178),T97)),(((((((((((T29,T56),T153),(T192,T171)),(((T138,T6),T145),(((T43,T77),T112),(T55,(T81,T111))))),((T19,T189),T53)),(T168,T176)),(T102,(T50,T164))),(((T90,T96),T177),(((T52,T51),T62),(((T12,T179),T44),T60)))),(T40,T196)),((((T25,T134),(((T167,T14),T9),((((((T30,T35),T103),(((T124,T7),T68),T170)),((T152,T5),T151)),T58),T127))),(T20,T200)),(T36,T110))),(((((T135,T84),(T180,T72)),(T122,T27)),(((((T98,T191),T22),((T119,T26),T198)),(T10,T67)),((((T172,T162),T99),T193),T185))),(((T37,T117),T24),(T91,(((T114,T47),T4),T93)))))),T0),(((((T83,((T46,T61),((T94,T160),T113))),T92),(T31,(T133,T17))),T187),(((T165,T82),T48),(((T75,(T126,T69)),T70),(T71,T78))))),((T188,T18),(T23,T128))),T156),T197);
Initial score: 3.54534e+10
Initial tree: ((((((((((((((((((T106,T86),((T32,T125),T42)),((T140,T13),T73)),T101),T65),((((T63,T194),(T175,T95)),T142),T137)),(((T1,T166),T109),(T147,T146))),((((T148,(T8,T199)),(T118,T57)),T28),((T155,T45),((T11,(T41,T108)),T161)))),(((((((T104,T121),T115),(T21,T80)),((((((T49,T33),T149),(T144,T39)),((T129,T182),T74)),(T59,T169)),T159)),(((T184,T85),((T132,T183),T150)),(T136,T141))),T3),((T181,(((T100,T154),T157),T64)),(T107,T76)))),((((T66,T158),(T89,T130)),(((((T120,T174),T143),T87),(T16,(T131,T38))),T54)),(T34,T15))),((((T186,((T123,(T190,T2)),T79)),(T105,T173)),(T139,T195)),T88)),(((T116,T163),T178),T97)),(((((((((((T29,T56),T153),(T192,T171)),(((T138,T6),T145),(((T43,T77),T112),(T55,(T81,T111))))),((T19,T189),T53)),(T168,T176)),(T102,(T50,T164))),(((T90,T96),T177),(((T52,T51),T62),(((T12,T179),T44),T60)))),(T40,T196)),((((T25,T134),(((T167,T14),T9),((((((T30,T35),T103),(((T124,T7),T68),T170)),((T152,T5),T151)),T58),T127))),(T20,T200)),(T36,T110))),(((((T135,T84),(T180,T72)),(T122,T27)),(((((T98,T191),T22),((T119,T26),T198)),(T10,T67)),((((T172,T162),T99),T193),T185))),(((T37,T117),T24),(T91,(((T114,T47),T4),T93)))))),T0),(((((T83,((T46,T61),((T94,T160),T113))),T92),(T31,(T133,T17))),T187),(((T165,T82),T48),(((T75,(T126,T69)),T70),(T71,T78))))),((T188,T18),(T23,T128))),T156),T197);
*** Subsample Process ***
Use two-step algorithm!
#NNI moves:0/236
Remaining: 5
#NNI moves:26/236
#NNI moves:26/236
(((((((((((((((((((((((T189,T19),T53),((((T112,(T77,T43)),((T81,T111),T55)),(T145,(T138,T6))),((T153,(T29,T56)),(T171,T192)))),(T176,T168)),(T102,(T164,T50))),(((T60,((T179,T12),T44)),(T62,(T51,T52))),((T96,T90),T177))),(T40,T196)),((((((T58,(((T103,(T35,T30)),(((T124,T7),T68),T170)),(T151,(T152,T5)))),T127),(T9,(T14,T167))),(T134,T25)),(T20,T200)),(T36,T110))),((((T93,((T47,T114),T4)),T91),((T37,T117),T24)),(((((T22,(T191,T98)),((T119,T26),T198)),(T10,T67)),((((T172,T162),T99),T193),T185)),(((T72,T180),(T135,T84)),(T122,T27))))),((((((((((T94,T160),T113),(T46,T61)),T83),T92),(T31,(T17,T133))),T187),(((T71,T78),((T75,(T69,T126)),T70)),((T82,T165),T48))),((T156,T197),((T23,T128),(T188,T18)))),T0)),(T97,((T163,T116),T178))),((((T186,(T79,(T123,(T190,T2)))),(T105,T173)),(T139,T195)),T88)),(((((((T120,T174),T143),T87),((T38,T131),T16)),T54),((T158,T66),(T130,T89))),(T34,T15))),(((((((((T182,T129),T74),(((T33,T49),T149),(T39,T144))),(T59,T169)),T159),((T80,T21),(T115,(T104,T121)))),(((T85,T184),((T132,T183),T150)),(T136,T141))),T3),(((((T154,T100),T157),T64),T181),(T76,T107)))),((((T11,(T41,T108)),T161),(T45,T155)),(((T148,(T8,T199)),(T57,T118)),T28))),(((T1,T166),T109),(T147,T146))),(T137,(((T63,T194),(T95,T175)),T142))),T65),T101),((T13,T140),T73)),((T32,T125),T42)),T106),T86);
#NNI moves:2/236
Remaining: 2
#NNI moves:27/236
#NNI moves:27/236
((((((((((((((((((((T33,T49),T149),(T39,T144)),((T129,T182),T74)),(T59,T169)),T159),(((T104,T121),T115),(T21,T80))),(((T85,T184),(T150,(T183,T132))),(T136,T141))),T3),((((T157,(T154,T100)),T64),T181),(T76,T107))),((((((T41,T108),T11),T161),(T45,T155)),(T28,(((T199,T8),T148),(T118,T57)))),((((((T175,T95),(T63,T194)),T142),T137),((T101,((T73,(T13,T140)),((T86,T106),((T32,T125),T42)))),T65)),(((T1,T166),T109),(T147,T146))))),(((((((T174,T120),T143),T87),((T131,T38),T16)),T54),((T66,T158),(T89,T130))),(T34,T15))),((((T173,T105),((T79,((T2,T190),T123)),T186)),(T195,T139)),T88)),(((T116,T163),T178),T97)),((((((((((T153,(T56,T29)),(T192,T171)),((((T43,T77),T112),((T111,T81),T55)),((T6,T138),T145))),(T53,(T189,T19))),(T168,T176)),(T102,(T164,T50))),((((T44,(T12,T179)),T60),((T51,T52),T62)),((T90,T96),T177))),(T40,T196)),(((((T127,((((T103,(T35,T30)),(((T124,T7),T68),T170)),(T151,(T5,T152))),T58)),((T14,T167),T9)),(T134,T25)),(T20,T200)),(T36,T110))),((((T93,((T114,T47),T4)),T91),((T117,T37),T24)),(((((T22,(T98,T191)),(T198,(T119,T26))),(T10,T67)),((T193,((T172,T162),T99)),T185)),((T27,T122),((T72,T180),(T84,T135))))))),T0),((((((((T94,T160),T113),(T46,T61)),T83),T92),((T133,T17),T31)),T187),(((T70,((T69,T126),T75)),(T78,T71)),((T165,T82),T48)))),((T23,T128),(T18,T188))),T197),T156);
#NNI moves:1/236
Remaining: 2
#NNI moves:21/236
#NNI moves:21/236
(((((((((((((((((((((((T81,T111),T55),((T43,T77),T112)),((T6,T138),T145)),(((T56,T29),T153),(T192,T171))),(T53,(T19,T189))),(T176,T168)),(T102,(T164,T50))),((T177,(T90,T96)),((T60,(T44,(T179,T12))),(T62,(T52,T51))))),(T40,T196)),((((((((((T30,T35),T103),(((T7,T124),T68),T170)),((T5,T152),T151)),T58),T127),(T9,(T14,T167))),(T134,T25)),(T20,T200)),(T110,T36))),(((((((T172,T162),T99),T193),T185),((((T191,T98),T22),(T198,(T119,T26))),(T10,T67))),(((T180,T72),(T135,T84)),(T27,T122))),(((((T114,T47),T4),T93),T91),(T24,(T117,T37))))),(((((((T17,T133),T31),(T92,(((T46,T61),((T160,T94),T113)),T83))),T187),(((((T69,T126),T75),T70),(T78,T71)),((T165,T82),T48))),(((T18,T188),(T23,T128)),(T197,T156))),T0)),(((T116,T163),T178),T97)),(((((((T190,T2),T123),T79),T186),(T105,T173)),(T139,T195)),T88)),((((T66,T158),(T89,T130)),(T54,((T16,(T131,T38)),((T143,(T174,T120)),T87)))),(T15,T34))),(((((((((T125,T32),T42),(T86,T106)),((T13,T140),T73)),T101),T65),((T142,((T175,T95),(T194,T63))),T137)),((T146,T147),((T1,T166),T109))),(((((T199,T8),T148),(T118,T57)),T28),((((T41,T108),T11),T161),(T45,T155))))),(((((T154,T100),T157),T64),T181),(T107,T76))),T3),(((T85,T184),((T132,T183),T150)),(T141,T136))),(((T121,T104),T115),(T21,T80))),((T59,T169),(((T149,(T33,T49)),(T144,T39)),(T74,(T129,T182))))),T159);
#NNI moves:5/236
Remaining: 0
#NNI moves:23/236
#NNI moves:23/236
((((((((((((((((((((T33,T49),T149),(T39,T144)),((T182,T129),T74)),(T59,T169)),T159),((T21,T80),(T115,(T121,T104)))),((T136,T141),(((T183,T132),T150),(T184,T85)))),T3),((T181,((T157,(T154,T100)),T64)),(T107,T76))),(((((T166,T1),T109),(T146,T147)),(((((T95,T175),(T63,T194)),T142),T137),((((((T32,T125),T42),(T106,T86)),((T13,T140),T73)),T101),T65))),(((((T199,T8),T148),(T118,T57)),T28),((((T41,T108),T11),T161),(T45,T155))))),((((T130,T89),(T66,T158)),(((((T120,T174),T143),T87),((T38,T131),T16)),T54)),(T15,T34))),(((((T79,(T123,(T190,T2))),T186),(T105,T173)),(T195,T139)),T88)),(T97,((T163,T116),T178))),((((((T102,(T164,T50)),(((((T145,(T138,T6)),(((T111,T81),T55),((T43,T77),T112))),((T171,T192),((T29,T56),T153))),((T19,T189),T53)),(T176,T168))),((T177,(T90,T96)),(((T44,(T179,T12)),T60),((T52,T51),T62)))),(T40,T196)),(((((((((T170,(T68,(T7,T124))),((T35,T30),T103)),((T152,T5),T151)),T58),T127),((T14,T167),T9)),(T134,T25)),(T200,T20)),(T36,T110))),(((((T193,((T162,T172),T99)),T185),((((T119,T26),T198),((T191,T98),T22)),(T67,T10))),((T122,T27),((T135,T84),(T72,T180)))),(((T37,T117),T24),((((T114,T47),T4),T93),T91))))),T0),((((((T69,T126),T75),T70),(T71,T78)),((T165,T82),T48)),((((((T113,(T94,T160)),(T61,T46)),T83),T92),((T133,T17),T31)),T187))),((T23,T128),(T188,T18))),T197),T156);
Current score: 3.54534e+10
Current tree: ((((((((((((((((((((T33,T49),T149),(T39,T144)),((T182,T129),T74)),(T59,T169)),T159),((T21,T80),(T115,(T121,T104)))),((T136,T141),(((T183,T132),T150),(T184,T85)))),T3),((T181,((T157,(T154,T100)),T64)),(T107,T76))),(((((T166,T1),T109),(T146,T147)),(((((T95,T175),(T63,T194)),T142),T137),((((((T32,T125),T42),(T106,T86)),((T13,T140),T73)),T101),T65))),(((((T199,T8),T148),(T118,T57)),T28),((((T41,T108),T11),T161),(T45,T155))))),((((T130,T89),(T66,T158)),(((((T120,T174),T143),T87),((T38,T131),T16)),T54)),(T15,T34))),(((((T79,(T123,(T190,T2))),T186),(T105,T173)),(T195,T139)),T88)),(T97,((T163,T116),T178))),((((((T102,(T164,T50)),(((((T145,(T138,T6)),(((T111,T81),T55),((T43,T77),T112))),((T171,T192),((T29,T56),T153))),((T19,T189),T53)),(T176,T168))),((T177,(T90,T96)),(((T44,(T179,T12)),T60),((T52,T51),T62)))),(T40,T196)),(((((((((T170,(T68,(T7,T124))),((T35,T30),T103)),((T152,T5),T151)),T58),T127),((T14,T167),T9)),(T134,T25)),(T200,T20)),(T36,T110))),(((((T193,((T162,T172),T99)),T185),((((T119,T26),T198),((T191,T98),T22)),(T67,T10))),((T122,T27),((T135,T84),(T72,T180)))),(((T37,T117),T24),((((T114,T47),T4),T93),T91))))),T0),((((((T69,T126),T75),T70),(T71,T78)),((T165,T82),T48)),((((((T113,(T94,T160)),(T61,T46)),T83),T92),((T133,T17),T31)),T187))),((T23,T128),(T188,T18))),T156),T197);
Use two-step algorithm!
#NNI moves:1/236
Remaining: 3
#NNI moves:21/236
#NNI moves:22/236
((((((((((((((((((((((((((T138,T6),T145),((T55,(T81,T111)),((T77,T43),T112))),((T153,(T56,T29)),(T192,T171))),((T19,T189),T53)),(T176,T168)),(T102,(T50,T164))),(((T96,T90),T177),((((T12,T179),T44),T60),((T52,T51),T62)))),(T196,T40)),((((((T14,T167),T9),(((((T170,((T124,T7),T68)),((T30,T35),T103)),(T151,(T152,T5))),T58),T127)),(T134,T25)),(T200,T20)),(T36,T110))),(((((((T162,T172),T99),T193),T185),((T67,T10),((T198,(T119,T26)),((T98,T191),T22)))),(((T180,T72),(T135,T84)),(T27,T122))),(((T117,T37),T24),(((T4,(T114,T47)),T93),T91)))),((((((((T126,T69),T75),T70),(T71,T78)),(T48,(T165,T82))),(((T92,((((T94,T160),T113),(T61,T46)),T83)),((T17,T133),T31)),T187)),(((T128,T23),(T18,T188)),(T156,T197))),T0)),((T178,(T116,T163)),T97)),(((((((T2,T190),T123),T79),T186),(T105,T173)),(T195,T139)),T88)),((((T66,T158),(T89,T130)),(T54,((((T120,T174),T143),T87),(T16,(T131,T38))))),(T15,T34))),(((((T166,T1),T109),(T147,T146)),(((((((T125,T32),T42),(T106,T86)),(T73,(T140,T13))),T101),T65),((((T175,T95),(T194,T63)),T142),T137))),(((((T8,T199),T148),(T57,T118)),T28),((T45,T155),(T161,((T108,T41),T11)))))),((T76,T107),((T64,((T154,T100),T157)),T181))),T3),(((T85,T184),((T132,T183),T150)),(T136,T141))),(((T104,T121),T115),(T80,T21))),T159),(T59,T169)),(T74,(T182,T129))),(T39,T144)),(T49,T33)),T149);
#NNI moves:4/236
Remaining: 0
#NNI moves:26/236
#NNI moves:27/236
(((((((((((((((T98,T191),T22),((T119,T26),T198)),(T10,T67)),((T193,((T172,T162),T99)),T185)),(((T180,T72),(T135,T84)),(T122,T27))),(((T37,T117),T24),((((T114,T47),T4),T93),T91))),((((((T127,((((((T7,T124),T68),T170),((T30,T35),T103)),((T152,T5),T151)),T58)),(T9,(T167,T14))),(T134,T25)),(T200,T20)),(T36,T110)),((((T177,(T96,T90)),((T62,(T52,T51)),(T60,(T44,(T179,T12))))),(((T50,T164),T102),(((T53,(T189,T19)),(((T145,(T6,T138)),(((T43,T77),T112),((T81,T111),T55))),(((T29,T56),T153),(T192,T171)))),(T176,T168)))),(T196,T40)))),((((((((((((T140,T13),T73),((T86,T106),(T42,(T125,T32)))),T101),T65),((((T175,T95),(T194,T63)),T142),T137)),(((T1,T166),T109),(T147,T146))),((((T118,T57),(T148,(T8,T199))),T28),((T45,T155),((T11,(T108,T41)),T161)))),((((((((T74,(T129,T182)),(((T33,T49),T149),(T39,T144))),(T59,T169)),T159),((T80,T21),(T115,(T121,T104)))),((T141,T136),(((T132,T183),T150),(T85,T184)))),T3),(((((T154,T100),T157),T64),T181),(T76,T107)))),(((((((T174,T120),T143),T87),(T16,(T131,T38))),T54),((T66,T158),(T130,T89))),(T34,T15))),(((T139,T195),(((((T2,T190),T123),T79),T186),(T173,T105))),T88)),(((T116,T163),T178),T97))),T0),((((((((T94,T160),T113),(T46,T61)),T83),T92),((T17,T133),T31)),T187),(((T78,T71),(((T69,T126),T75),T70)),(T48,(T82,T165))))),(T156,T197)),(T128,T23)),T18),T188);
#NNI moves:1/236
Remaining: 2
#NNI moves:18/236
#NNI moves:22/236
(((((((((((((((((((T85,T184),((T183,T132),T150)),(T141,T136)),((((((T129,T182),T74),((T39,T144),(T149,(T49,T33)))),(T59,T169)),T159),(((T121,T104),T115),(T21,T80)))),T3),(((((T100,T154),T157),T64),T181),(T76,T107))),(((((((T194,T63),(T175,T95)),T142),T137),((((((T125,T32),T42),(T106,T86)),((T140,T13),T73)),T101),T65)),((T146,T147),(T109,(T166,T1)))),(((((T199,T8),T148),(T57,T118)),T28),((((T108,T41),T11),T161),(T155,T45))))),((((T66,T158),(T89,T130)),(((((T174,T120),T143),T87),((T131,T38),T16)),T54)),(T15,T34))),((((T186,(((T190,T2),T123),T79)),(T173,T105)),(T195,T139)),T88)),(((T116,T163),T178),T97)),(((((((((T113,(T160,T94)),(T46,T61)),T83),T92),((T17,T133),T31)),T187),(((T71,T78),((T75,(T69,T126)),T70)),((T165,T82),T48))),(((T23,T128),(T18,T188)),(T197,T156))),T0)),(((((T177,(T90,T96)),((((T12,T179),T44),T60),((T52,T51),T62))),(((((T189,T19),T53),(((T171,T192),((T29,T56),T153)),(((T138,T6),T145),(((T111,T81),T55),(T112,(T43,T77)))))),(T168,T176)),((T50,T164),T102))),(T40,T196)),((((((T58,(((((T124,T7),T68),T170),((T30,T35),T103)),((T5,T152),T151))),T127),((T167,T14),T9)),(T134,T25)),(T20,T200)),(T110,T36)))),(((((T114,T47),T4),T93),T91),((T37,T117),T24))),(((T72,T180),(T135,T84)),(T27,T122))),((T193,((T172,T162),T99)),T185)),(T67,T10)),((T191,T98),T22)),(T26,T119)),T198);
#NNI moves:3/236
Remaining: 1
#NNI moves:34/236
#NNI moves:34/236
((((((((((((((((((((T68,(T124,T7)),T170),(T103,(T35,T30))),((T5,T152),T151)),T58),T127),((T167,T14),T9)),(T134,T25)),(T200,T20)),(T110,T36)),(((((T164,T50),T102),((((((T112,(T43,T77)),(T55,(T111,T81))),(T145,(T138,T6))),((T192,T171),((T29,T56),T153))),((T189,T19),T53)),(T168,T176))),(((T96,T90),T177),(((T51,T52),T62),(((T179,T12),T44),T60)))),(T40,T196))),(((((T10,T67),(((T26,T119),T198),(T22,(T98,T191)))),(((T99,(T162,T172)),T193),T185)),(((T180,T72),(T135,T84)),(T27,T122))),((T24,(T37,T117)),((T93,((T114,T47),T4)),T91)))),(((((((((((((T129,T182),T74),((T144,T39),(T149,(T49,T33)))),(T59,T169)),T159),((T80,T21),(T115,(T121,T104)))),(((T85,T184),((T132,T183),T150)),(T141,T136))),T3),(((T64,((T154,T100),T157)),T181),(T76,T107))),(((((T101,(((T13,T140),T73),(((T32,T125),T42),(T86,T106)))),T65),((((T63,T194),(T175,T95)),T142),T137)),(((T1,T166),T109),(T147,T146))),((((T118,T57),((T8,T199),T148)),T28),((T161,(T11,(T41,T108))),(T45,T155))))),((((T66,T158),(T89,T130)),(((T87,((T174,T120),T143)),((T38,T131),T16)),T54)),(T15,T34))),((((T105,T173),(((T123,(T190,T2)),T79),T186)),(T139,T195)),T88)),(((T163,T116),T178),T97))),T0),(((T188,T18),(T23,T128)),(T197,T156))),((((((T113,(T94,T160)),(T61,T46)),T83),T92),(T31,(T133,T17))),T187)),(T48,(T165,T82))),((T75,(T69,T126)),T70)),T71),T78);
Current score: 3.54534e+10
Current tree: ((T156,(((T188,T18),(T23,T128)),(((((((((((((((T68,(T124,T7)),T170),(T103,(T35,T30))),((T5,T152),T151)),T58),T127),((T167,T14),T9)),(T134,T25)),(T200,T20)),(T110,T36)),(((((T164,T50),T102),((((((T112,(T43,T77)),(T55,(T111,T81))),(T145,(T138,T6))),((T192,T171),((T29,T56),T153))),((T189,T19),T53)),(T168,T176))),(((T96,T90),T177),(((T51,T52),T62),(((T179,T12),T44),T60)))),(T40,T196))),(((((T10,T67),(((T26,T119),T198),(T22,(T98,T191)))),(((T99,(T162,T172)),T193),T185)),(((T180,T72),(T135,T84)),(T27,T122))),((T24,(T37,T117)),((T93,((T114,T47),T4)),T91)))),(((((((((((((T129,T182),T74),((T144,T39),(T149,(T49,T33)))),(T59,T169)),T159),((T80,T21),(T115,(T121,T104)))),(((T85,T184),((T132,T183),T150)),(T141,T136))),T3),(((T64,((T154,T100),T157)),T181),(T76,T107))),(((((T101,(((T13,T140),T73),(((T32,T125),T42),(T86,T106)))),T65),((((T63,T194),(T175,T95)),T142),T137)),(((T1,T166),T109),(T147,T146))),((((T118,T57),((T8,T199),T148)),T28),((T161,(T11,(T41,T108))),(T45,T155))))),((((T66,T158),(T89,T130)),(((T87,((T174,T120),T143)),((T38,T131),T16)),T54)),(T15,T34))),((((T105,T173),(((T123,(T190,T2)),T79),T186)),(T139,T195)),T88)),(((T163,T116),T178),T97))),T0),(((((((T113,(T94,T160)),(T61,T46)),T83),T92),(T31,(T133,T17))),T187),((T48,(T165,T82)),(((T75,(T69,T126)),T70),(T71,T78))))))),T197);
Final Tree: ((T156,(((T188,T18),(T23,T128)),(((((((((((((((T68,(T124,T7)),T170),(T103,(T35,T30))),((T5,T152),T151)),T58),T127),((T167,T14),T9)),(T134,T25)),(T200,T20)),(T110,T36)),(((((T164,T50),T102),((((((T112,(T43,T77)),(T55,(T111,T81))),(T145,(T138,T6))),((T192,T171),((T29,T56),T153))),((T189,T19),T53)),(T168,T176))),(((T96,T90),T177),(((T51,T52),T62),(((T179,T12),T44),T60)))),(T40,T196))),(((((T10,T67),(((T26,T119),T198),(T22,(T98,T191)))),(((T99,(T162,T172)),T193),T185)),(((T180,T72),(T135,T84)),(T27,T122))),((T24,(T37,T117)),((T93,((T114,T47),T4)),T91)))),(((((((((((((T129,T182),T74),((T144,T39),(T149,(T49,T33)))),(T59,T169)),T159),((T80,T21),(T115,(T121,T104)))),(((T85,T184),((T132,T183),T150)),(T141,T136))),T3),(((T64,((T154,T100),T157)),T181),(T76,T107))),(((((T101,(((T13,T140),T73),(((T32,T125),T42),(T86,T106)))),T65),((((T63,T194),(T175,T95)),T142),T137)),(((T1,T166),T109),(T147,T146))),((((T118,T57),((T8,T199),T148)),T28),((T161,(T11,(T41,T108))),(T45,T155))))),((((T66,T158),(T89,T130)),(((T87,((T174,T120),T143)),((T38,T131),T16)),T54)),(T15,T34))),((((T105,T173),(((T123,(T190,T2)),T79),T186)),(T139,T195)),T88)),(((T163,T116),T178),T97))),T0),(((((((T113,(T94,T160)),(T61,T46)),T83),T92),(T31,(T133,T17))),T187),((T48,(T165,T82)),(((T75,(T69,T126)),T70),(T71,T78))))))),T197);
Score: 3.545340948e+10

real	1m35.368s
user	36m49.262s
sys	0m21.107s
