Accurate Species Tree EstimatoR from Independent Site Kernals
Version: v1.13.0.0
#Base: 2512843710
#Species: 201
#Rounds: 1
#Samples: 0
#Threads: 64
Use two-step algorithm!
Guide Tree 0/27
#NNI moves:0/236
Guide Tree 1/27
#NNI moves:0/236
Guide Tree 2/27
#NNI moves:0/236
Guide Tree 3/27
#NNI moves:0/236
Guide Tree 4/27
#NNI moves:0/236
Guide Tree 5/27
#NNI moves:0/236
Guide Tree 6/27
#NNI moves:0/236
Guide Tree 7/27
#NNI moves:0/236
Guide Tree 8/27
#NNI moves:0/236
Guide Tree 9/27
#NNI moves:0/236
Guide Tree 10/27
#NNI moves:0/236
Guide Tree 11/27
#NNI moves:0/236
Guide Tree 12/27
#NNI moves:0/236
Guide Tree 13/27
#NNI moves:0/236
Guide Tree 14/27
#NNI moves:0/236
Guide Tree 15/27
#NNI moves:0/236
Guide Tree 16/27
#NNI moves:0/236
Guide Tree 17/27
#NNI moves:0/236
Guide Tree 18/27
#NNI moves:0/236
Guide Tree 19/27
#NNI moves:0/236
Guide Tree 20/27
#NNI moves:0/236
Guide Tree 21/27
#NNI moves:0/236
Guide Tree 22/27
#NNI moves:0/236
Guide Tree 23/27
#NNI moves:0/236
Guide Tree 24/27
#NNI moves:0/236
Guide Tree 25/27
#NNI moves:0/236
Guide Tree 26/27
#NNI moves:0/236
Remaining: 0
#NNI moves:4/236
#NNI moves:4/236
(((((((((((((T134,T25),((T14,T167),T9)),(((((T152,T5),T151),((T103,(T35,T30)),((T68,(T124,T7)),T170))),T58),T127)),(T36,T110)),(T20,T200)),(((((T90,T96),T177),((T60,((T179,T12),T44)),((T51,T52),T62))),(((((((((T77,T43),T112),T55),(T111,T81)),((T6,T138),T145)),((T19,T189),T53)),(((T56,T29),T153),(T171,T192))),(T168,T176)),(T102,(T164,T50)))),(T196,T40))),(((T24,(T37,T117)),(((T27,T122),((T84,T135),(T180,T72))),(((T10,T67),(((T119,T26),T198),((T98,T191),T22))),((((T162,T172),T99),T193),T185)))),(T91,(T93,((T114,T47),T4))))),(((((((((((T132,T183),T150),(T85,T184)),(T136,T141)),T3),((((((T182,T129),T74),(((T33,T49),T149),(T144,T39))),(T169,T59)),T159),(((T104,T121),T115),(T21,T80)))),(((((T157,T100),T154),T64),T181),(T107,T76))),(((((((T73,(T140,T13)),((T86,T106),((T125,T32),T42))),T101),T65),((((T194,(T95,T175)),T63),T142),T137)),((T146,T147),((T166,T1),T109))),(((T45,T155),(T161,((T108,T41),T11))),((((T199,T8),T148),(T57,T118)),T28)))),((((T66,T158),(T130,T89)),((((T131,T38),T16),(T87,((T174,T120),T143))),T54)),(T34,T15))),((((((T123,(T190,T2)),T79),T186),(T173,T105)),(T195,T139)),T88)),(((T116,T163),T178),T97))),((((((((T94,T160),T113),(T46,T61)),T83),T92),((T17,T133),T31)),T187),(((((T69,T126),T75),T70),(T78,T71)),((T82,T165),T48)))),T0),((T128,T23),(T18,T188))),T156),T197);
Initial score: 5.83282e+14
Initial tree: (((((((((((((T134,T25),((T14,T167),T9)),(((((T152,T5),T151),((T103,(T35,T30)),((T68,(T124,T7)),T170))),T58),T127)),(T36,T110)),(T20,T200)),(((((T90,T96),T177),((T60,((T179,T12),T44)),((T51,T52),T62))),(((((((((T77,T43),T112),T55),(T111,T81)),((T6,T138),T145)),((T19,T189),T53)),(((T56,T29),T153),(T171,T192))),(T168,T176)),(T102,(T164,T50)))),(T196,T40))),(((T24,(T37,T117)),(((T27,T122),((T84,T135),(T180,T72))),(((T10,T67),(((T119,T26),T198),((T98,T191),T22))),((((T162,T172),T99),T193),T185)))),(T91,(T93,((T114,T47),T4))))),(((((((((((T132,T183),T150),(T85,T184)),(T136,T141)),T3),((((((T182,T129),T74),(((T33,T49),T149),(T144,T39))),(T169,T59)),T159),(((T104,T121),T115),(T21,T80)))),(((((T157,T100),T154),T64),T181),(T107,T76))),(((((((T73,(T140,T13)),((T86,T106),((T125,T32),T42))),T101),T65),((((T194,(T95,T175)),T63),T142),T137)),((T146,T147),((T166,T1),T109))),(((T45,T155),(T161,((T108,T41),T11))),((((T199,T8),T148),(T57,T118)),T28)))),((((T66,T158),(T130,T89)),((((T131,T38),T16),(T87,((T174,T120),T143))),T54)),(T34,T15))),((((((T123,(T190,T2)),T79),T186),(T173,T105)),(T195,T139)),T88)),(((T116,T163),T178),T97))),((((((((T94,T160),T113),(T46,T61)),T83),T92),((T17,T133),T31)),T187),(((((T69,T126),T75),T70),(T78,T71)),((T82,T165),T48)))),T0),((T128,T23),(T18,T188))),T156),T197);
*** Subsample Process ***
Current score: 5.83282e+14
Current tree: (((((((((((((T134,T25),((T14,T167),T9)),(((((T152,T5),T151),((T103,(T35,T30)),((T68,(T124,T7)),T170))),T58),T127)),(T36,T110)),(T20,T200)),(((((T90,T96),T177),((T60,((T179,T12),T44)),((T51,T52),T62))),(((((((((T77,T43),T112),T55),(T111,T81)),((T6,T138),T145)),((T19,T189),T53)),(((T56,T29),T153),(T171,T192))),(T168,T176)),(T102,(T164,T50)))),(T196,T40))),(((T24,(T37,T117)),(((T27,T122),((T84,T135),(T180,T72))),(((T10,T67),(((T119,T26),T198),((T98,T191),T22))),((((T162,T172),T99),T193),T185)))),(T91,(T93,((T114,T47),T4))))),(((((((((((T132,T183),T150),(T85,T184)),(T136,T141)),T3),((((((T182,T129),T74),(((T33,T49),T149),(T144,T39))),(T169,T59)),T159),(((T104,T121),T115),(T21,T80)))),(((((T157,T100),T154),T64),T181),(T107,T76))),(((((((T73,(T140,T13)),((T86,T106),((T125,T32),T42))),T101),T65),((((T194,(T95,T175)),T63),T142),T137)),((T146,T147),((T166,T1),T109))),(((T45,T155),(T161,((T108,T41),T11))),((((T199,T8),T148),(T57,T118)),T28)))),((((T66,T158),(T130,T89)),((((T131,T38),T16),(T87,((T174,T120),T143))),T54)),(T34,T15))),((((((T123,(T190,T2)),T79),T186),(T173,T105)),(T195,T139)),T88)),(((T116,T163),T178),T97))),((((((((T94,T160),T113),(T46,T61)),T83),T92),((T17,T133),T31)),T187),(((((T69,T126),T75),T70),(T78,T71)),((T82,T165),T48)))),T0),((T128,T23),(T18,T188))),T156),T197);
Final Tree: (((((((((((((T134,T25),((T14,T167),T9)),(((((T152,T5),T151),((T103,(T35,T30)),((T68,(T124,T7)),T170))),T58),T127)),(T36,T110)),(T20,T200)),(((((T90,T96),T177),((T60,((T179,T12),T44)),((T51,T52),T62))),(((((((((T77,T43),T112),T55),(T111,T81)),((T6,T138),T145)),((T19,T189),T53)),(((T56,T29),T153),(T171,T192))),(T168,T176)),(T102,(T164,T50)))),(T196,T40))),(((T24,(T37,T117)),(((T27,T122),((T84,T135),(T180,T72))),(((T10,T67),(((T119,T26),T198),((T98,T191),T22))),((((T162,T172),T99),T193),T185)))),(T91,(T93,((T114,T47),T4))))),(((((((((((T132,T183),T150),(T85,T184)),(T136,T141)),T3),((((((T182,T129),T74),(((T33,T49),T149),(T144,T39))),(T169,T59)),T159),(((T104,T121),T115),(T21,T80)))),(((((T157,T100),T154),T64),T181),(T107,T76))),(((((((T73,(T140,T13)),((T86,T106),((T125,T32),T42))),T101),T65),((((T194,(T95,T175)),T63),T142),T137)),((T146,T147),((T166,T1),T109))),(((T45,T155),(T161,((T108,T41),T11))),((((T199,T8),T148),(T57,T118)),T28)))),((((T66,T158),(T130,T89)),((((T131,T38),T16),(T87,((T174,T120),T143))),T54)),(T34,T15))),((((((T123,(T190,T2)),T79),T186),(T173,T105)),(T195,T139)),T88)),(((T116,T163),T178),T97))),((((((((T94,T160),T113),(T46,T61)),T83),T92),((T17,T133),T31)),T187),(((((T69,T126),T75),T70),(T78,T71)),((T82,T165),T48)))),T0),((T128,T23),(T18,T188))),T156),T197);
Score: 5.83282e+14

real	15m18.673s
user	702m5.266s
sys	2m27.672s
