Weighted ASTRAL - Hybrid
Version: v1.13.2.3
#Genetrees: 2000
#Species: 201
#Rounds: 4
#Samples: 4
#Threads: 32
Use two-step algorithm!
Guide Tree 0/27
#NNI moves:0/236
Guide Tree 1/27
#NNI moves:1/236
Guide Tree 2/27
#NNI moves:0/236
Guide Tree 3/27
#NNI moves:0/236
Guide Tree 4/27
#NNI moves:4/236
Guide Tree 5/27
#NNI moves:0/236
Guide Tree 6/27
#NNI moves:0/236
Guide Tree 7/27
#NNI moves:3/236
Guide Tree 8/27
#NNI moves:0/236
Guide Tree 9/27
#NNI moves:0/236
Guide Tree 10/27
#NNI moves:0/236
Guide Tree 11/27
#NNI moves:0/236
Guide Tree 12/27
#NNI moves:0/236
Guide Tree 13/27
#NNI moves:0/236
Guide Tree 14/27
#NNI moves:0/236
Guide Tree 15/27
#NNI moves:0/236
Guide Tree 16/27
#NNI moves:1/236
Guide Tree 17/27
#NNI moves:0/236
Guide Tree 18/27
#NNI moves:0/236
Guide Tree 19/27
#NNI moves:0/236
Guide Tree 20/27
#NNI moves:0/236
Guide Tree 21/27
#NNI moves:0/236
Guide Tree 22/27
#NNI moves:0/236
Guide Tree 23/27
#NNI moves:0/236
Guide Tree 24/27
#NNI moves:0/236
Guide Tree 25/27
#NNI moves:0/236
Guide Tree 26/27
#NNI moves:0/236
Remaining: 0
#NNI moves:21/236
#NNI moves:21/236
(((((((((((((((T171,T198),((T32,T125),(T37,T108))),T67),((((T13,T23),(T29,T123)),(T45,T153)),T143)),(((((T159,(((T62,T47),T130),T177)),(((T99,T182),((T165,T151),T172)),(T162,T31))),(T69,T7)),((((((T84,T18),T186),T157),((T86,T43),T103)),T68),(T121,T3))),T76)),((T147,(T111,T140)),(T72,T15))),((((T131,T188),(T12,T106)),T46),((T93,T132),T192))),(((((((T38,((((T26,T4),(T53,T173)),(T90,(T92,T33))),T87)),(T63,T179)),((T124,((T141,T55),T66)),(T122,T126))),((T57,T65),T196)),(T178,T139)),((T170,T28),T169)),(T136,T193))),((((((((T158,T77),(T114,T36)),((T56,T181),(T44,T183))),(((T184,T102),T14),T148)),(T135,((T137,T104),(T176,T80)))),((T75,T156),(T11,T149))),(((((((T195,((T128,T109),T71)),((T49,T189),T152)),((T54,T41),(T88,T81))),T199),(((T34,T19),T40),(((T94,T95),T185),(T146,((T200,T58),((T16,T112),T190)))))),T101),(((T175,T117),T8),(T113,T168)))),((T52,T97),((T39,T85),(T17,T64))))),(((((((((T164,(T150,T107)),T110),(T51,T115)),T161),(T60,T24)),T9),(((T91,T59),(T61,(T25,T20))),T70)),((T79,T48),((T74,T127),T78))),(((T6,(T116,T2)),(T144,T83)),(T5,(T100,T42))))),((((((T1,((T96,T82),T155)),(T194,T10)),T98),(T22,T197)),((T167,T142),(T73,T89))),((((T145,T163),(T180,T30)),T160),((((((T129,T133),(T187,T191)),(T138,T154)),T119),(T134,T166)),(T120,T21))))),T0),(T50,(T174,(T27,T105)))),T35),T118);
Guide Tree 0/27
#NNI moves:1/236
Guide Tree 1/27
#NNI moves:0/236
Guide Tree 2/27
#NNI moves:0/236
Guide Tree 3/27
#NNI moves:1/236
Guide Tree 4/27
#NNI moves:0/236
Guide Tree 5/27
#NNI moves:0/236
Guide Tree 6/27
#NNI moves:0/236
Guide Tree 7/27
#NNI moves:0/236
Guide Tree 8/27
#NNI moves:0/236
Guide Tree 9/27
#NNI moves:1/236
Guide Tree 10/27
#NNI moves:1/236
Guide Tree 11/27
#NNI moves:0/236
Guide Tree 12/27
#NNI moves:0/236
Guide Tree 13/27
#NNI moves:0/236
Guide Tree 14/27
#NNI moves:2/236
Guide Tree 15/27
#NNI moves:0/236
Guide Tree 16/27
#NNI moves:0/236
Guide Tree 17/27
#NNI moves:1/236
Guide Tree 18/27
#NNI moves:0/236
Guide Tree 19/27
#NNI moves:0/236
Guide Tree 20/27
#NNI moves:1/236
Guide Tree 21/27
#NNI moves:1/236
Guide Tree 22/27
#NNI moves:1/236
Guide Tree 23/27
#NNI moves:0/236
Guide Tree 24/27
#NNI moves:1/236
Guide Tree 25/27
#NNI moves:0/236
Guide Tree 26/27
#NNI moves:0/236
Remaining: 0
#NNI moves:7/236
#NNI moves:7/236
(((((((((((((((((((T109,T128),T71),T195),((T49,T189),T152)),((T88,T81),(T54,T41))),T199),((((((T112,T16),T190),(T58,T200)),T146),((T94,T95),T185)),(T40,(T34,T19)))),T101),((T113,T168),((T175,T117),T8))),(T156,T75)),((((((T114,T36),(T158,T77)),((T181,T56),(T44,T183))),(T148,(T14,(T184,T102)))),(((T137,T104),(T176,T80)),T135)),(T11,T149))),(((T17,T64),(T39,T85)),(T97,T52))),((((((((((((T33,T92),T90),((T173,T53),(T26,T4))),T87),T38),(T63,T179)),((T126,T122),((T66,(T55,T141)),T124))),((T57,T65),T196)),(T178,T139)),((T28,T170),T169)),(T136,T193)),(((((T12,T106),(T188,T131)),T46),(T192,(T132,T93))),((((T67,((T198,T171),((T37,T108),(T32,T125)))),((((T29,T123),(T13,T23)),(T153,T45)),T143)),((((((T157,((T18,T84),T186)),((T86,T43),T103)),T68),(T121,T3)),(((T159,(((T47,T62),T130),T177)),((T162,T31),((T172,(T165,T151)),(T99,T182)))),(T69,T7))),T76)),((T147,(T140,T111)),(T72,T15)))))),((((((T161,((((T150,T107),T164),T110),(T51,T115))),(T60,T24)),T9),(((T61,(T25,T20)),(T91,T59)),T70)),(((T127,T74),T78),(T48,T79))),(((T100,T42),T5),(((T116,T2),T6),(T144,T83))))),(((((T166,T134),(((T138,T154),((T133,T129),(T187,T191))),T119)),(T21,T120)),(((T145,T163),(T180,T30)),T160)),(((T142,T167),(T89,T73)),((((T10,T194),(T1,(T155,(T82,T96)))),T98),(T197,T22))))),T0),(T50,((T27,T105),T174))),T35),T118);
Guide Tree 0/27
#NNI moves:0/236
Guide Tree 1/27
#NNI moves:0/236
Guide Tree 2/27
#NNI moves:0/236
Guide Tree 3/27
#NNI moves:0/236
Guide Tree 4/27
#NNI moves:0/236
Guide Tree 5/27
#NNI moves:1/236
Guide Tree 6/27
#NNI moves:0/236
Guide Tree 7/27
#NNI moves:0/236
Guide Tree 8/27
#NNI moves:0/236
Guide Tree 9/27
#NNI moves:1/236
Guide Tree 10/27
#NNI moves:1/236
Guide Tree 11/27
#NNI moves:3/236
Guide Tree 12/27
#NNI moves:2/236
Guide Tree 13/27
#NNI moves:0/236
Guide Tree 14/27
#NNI moves:2/236
Guide Tree 15/27
#NNI moves:0/236
Guide Tree 16/27
#NNI moves:0/236
Guide Tree 17/27
#NNI moves:0/236
Guide Tree 18/27
#NNI moves:0/236
Guide Tree 19/27
#NNI moves:1/236
Guide Tree 20/27
#NNI moves:0/236
Guide Tree 21/27
#NNI moves:0/236
Guide Tree 22/27
#NNI moves:1/236
Guide Tree 23/27
#NNI moves:0/236
Guide Tree 24/27
#NNI moves:0/236
Guide Tree 25/27
#NNI moves:3/236
Guide Tree 26/27
#NNI moves:1/236
Remaining: 1
#NNI moves:47/236
#NNI moves:47/236
(((((((((((((((T171,T198),((T37,T108),(T125,T32))),T67),((((T29,T123),(T13,T23)),(T45,T153)),T143)),((((T121,T3),((((T86,T43),T103),(((T84,T18),T186),T157)),T68)),((((T31,T162),((T182,T99),((T165,T151),T172))),((((T47,T62),T130),T177),T159)),(T69,T7))),T76)),((T15,T72),((T111,T140),T147))),(((T132,T93),T192),(((T12,T106),(T131,T188)),T46))),((((((T57,T65),T196),((((T66,(T55,T141)),T124),(T126,T122)),((T38,((((T173,T53),(T26,T4)),((T92,T33),T90)),T87)),(T179,T63)))),(T178,T139)),((T28,T170),T169)),(T136,T193))),((((((((((((T128,T109),T71),T195),((T189,T49),T152)),((T41,T54),(T88,T81))),T199),((T40,(T19,T34)),(((((T16,T112),T190),(T58,T200)),T146),(T185,(T95,T94))))),T101),((T113,T168),((T175,T117),T8))),(T156,T75)),(((((T80,T176),(T104,T137)),T135),((((T56,T181),(T183,T44)),((T36,T114),(T77,T158))),(((T184,T102),T14),T148))),(T11,T149))),((T97,T52),((T17,T64),(T85,T39))))),(((((T116,T2),T6),(T144,T83)),((T42,T100),T5)),(((((((((T107,T150),T164),T110),(T51,T115)),T161),(T24,T60)),T9),(T70,((T61,(T20,T25)),(T91,T59)))),((T79,T48),((T74,T127),T78))))),(((((((T138,T154),((T129,T133),(T187,T191))),T119),(T166,T134)),(T120,T21)),(T160,((T180,T30),(T145,T163)))),(((T73,T89),(T167,T142)),((((T1,(T155,(T96,T82))),(T10,T194)),T98),(T197,T22))))),T0),(((T27,T105),T174),T50)),T35),T118);
Guide Tree 0/27
#NNI moves:0/236
Guide Tree 1/27
#NNI moves:2/236
Guide Tree 2/27
#NNI moves:4/236
Guide Tree 3/27
#NNI moves:0/236
Guide Tree 4/27
#NNI moves:2/236
Guide Tree 5/27
#NNI moves:1/236
Guide Tree 6/27
#NNI moves:0/236
Guide Tree 7/27
#NNI moves:1/236
Guide Tree 8/27
#NNI moves:3/236
Guide Tree 9/27
#NNI moves:0/236
Guide Tree 10/27
#NNI moves:6/236
Guide Tree 11/27
#NNI moves:0/236
Guide Tree 12/27
#NNI moves:3/236
Guide Tree 13/27
#NNI moves:1/236
Guide Tree 14/27
#NNI moves:2/236
Guide Tree 15/27
#NNI moves:0/236
Guide Tree 16/27
#NNI moves:1/236
Guide Tree 17/27
#NNI moves:3/236
Guide Tree 18/27
#NNI moves:2/236
Guide Tree 19/27
#NNI moves:2/236
Guide Tree 20/27
#NNI moves:0/236
Guide Tree 21/27
#NNI moves:1/236
Guide Tree 22/27
#NNI moves:3/236
Guide Tree 23/27
#NNI moves:2/236
Guide Tree 24/27
#NNI moves:4/236
Guide Tree 25/27
#NNI moves:0/236
Guide Tree 26/27
#NNI moves:0/236
Remaining: 0
#NNI moves:23/236
#NNI moves:23/236
(((((((((((((((((T55,T141),T66),T124),(T122,T126)),((((((T33,T92),T90),((T173,T53),(T4,T26))),T87),T38),(T63,T179))),(T196,(T65,T57))),(T139,T178)),((T28,T170),T169)),(T193,T136)),((((((((((T172,(T165,T151)),(T99,T182)),(T31,T162)),((((T62,T47),T130),T177),T159)),(T69,T7)),(((((T86,T43),T103),(((T18,T84),T186),T157)),T68),(T3,T121))),T76),((T67,(((T108,T37),(T125,T32)),(T198,T171))),(((T45,T153),((T123,T29),(T23,T13))),T143))),((T15,T72),((T140,T111),T147))),((((T12,T106),(T188,T131)),T46),(T192,(T132,T93))))),(((((((((T152,(T49,T189)),(((T128,T109),T71),T195)),((T81,T88),(T41,T54))),T199),(((T185,(T95,T94)),(((T58,T200),(T190,(T112,T16))),T146)),(T40,(T19,T34)))),T101),((T8,(T117,T175)),(T113,T168))),((((((T181,T56),(T44,T183)),((T158,T77),(T36,T114))),((T14,(T102,T184)),T148)),(T135,((T137,T104),(T176,T80)))),((T149,T11),(T156,T75)))),(((T64,T17),(T39,T85)),(T52,T97)))),(((T5,(T100,T42)),(((T2,T116),T6),(T144,T83))),(((((((((T107,T150),T164),T110),(T115,T51)),T161),(T24,T60)),T9),(((T61,(T25,T20)),(T91,T59)),T70)),((T48,T79),(T78,(T127,T74)))))),(((((T119,(((T129,T133),(T191,T187)),(T154,T138))),(T134,T166)),(T21,T120)),(((T145,T163),(T30,T180)),T160)),(((((((T96,T82),T155),T1),(T194,T10)),T98),(T197,T22)),((T73,T89),(T167,T142))))),T0),(T50,((T105,T27),T174))),T35),T118);
Initial score: 4.17676e+10
Initial tree: (((((((((((((((((T55,T141),T66),T124),(T122,T126)),((((((T33,T92),T90),((T173,T53),(T4,T26))),T87),T38),(T63,T179))),(T196,(T65,T57))),(T139,T178)),((T28,T170),T169)),(T193,T136)),((((((((((T172,(T165,T151)),(T99,T182)),(T31,T162)),((((T62,T47),T130),T177),T159)),(T69,T7)),(((((T86,T43),T103),(((T18,T84),T186),T157)),T68),(T3,T121))),T76),((T67,(((T108,T37),(T125,T32)),(T198,T171))),(((T45,T153),((T123,T29),(T23,T13))),T143))),((T15,T72),((T140,T111),T147))),((((T12,T106),(T188,T131)),T46),(T192,(T132,T93))))),((((((((((T152,(T49,T189)),(((T128,T109),T71),T195)),((T81,T88),(T41,T54))),T199),(((T185,(T95,T94)),(((T58,T200),(T190,(T112,T16))),T146)),(T40,(T19,T34)))),T101),((T8,(T117,T175)),(T113,T168))),(T156,T75)),((((((T181,T56),(T44,T183)),((T158,T77),(T36,T114))),((T14,(T102,T184)),T148)),(T135,((T137,T104),(T176,T80)))),(T149,T11))),(((T64,T17),(T39,T85)),(T52,T97)))),(((T5,(T100,T42)),(((T2,T116),T6),(T144,T83))),(((((((((T107,T150),T164),T110),(T115,T51)),T161),(T24,T60)),T9),(((T61,(T25,T20)),(T91,T59)),T70)),((T48,T79),(T78,(T127,T74)))))),(((((T119,(((T129,T133),(T191,T187)),(T154,T138))),(T134,T166)),(T21,T120)),(((T145,T163),(T30,T180)),T160)),(((((((T96,T82),T155),T1),(T194,T10)),T98),(T197,T22)),((T73,T89),(T167,T142))))),T0),(T50,((T105,T27),T174))),T35),T118);
*** Subsample Process ***
Use two-step algorithm!
#NNI moves:3/236
Remaining: 0
#NNI moves:6/236
#NNI moves:6/236
((((((((((((((((((((((((T133,T129),(T191,T187)),(T138,T154)),T119),(T166,T134)),(T21,T120)),(((T30,T180),(T145,T163)),T160)),(((T98,((T194,T10),(((T96,T82),T155),T1))),(T197,T22)),((T142,T167),(T89,T73)))),(((T35,T118),(((T105,T27),T174),T50)),T0)),(((((T116,T2),T6),(T144,T83)),((T100,T42),T5)),(((((((T110,(T164,(T150,T107))),(T51,T115)),T161),(T60,T24)),T9),((((T25,T20),T61),(T91,T59)),T70)),(((T74,T127),T78),(T48,T79))))),((((((((((T195,((T109,T128),T71)),((T49,T189),T152)),((T81,T88),(T41,T54))),T199),((((((T16,T112),T190),(T58,T200)),T146),((T95,T94),T185)),((T19,T34),T40))),T101),((T113,T168),(T8,(T175,T117)))),(T75,T156)),((((((T114,T36),(T158,T77)),((T181,T56),(T183,T44))),((T14,(T102,T184)),T148)),(T135,((T137,T104),(T176,T80)))),(T11,T149))),((T97,T52),((T64,T17),(T85,T39))))),((((((((T37,T108),(T32,T125)),(T171,T198)),T67),(((T153,T45),((T123,T29),(T13,T23))),T143)),((((T69,T7),((((T172,(T165,T151)),(T182,T99)),(T162,T31)),((T177,((T62,T47),T130)),T159))),((((((T84,T18),T186),T157),((T86,T43),T103)),T68),(T3,T121))),T76)),(((T140,T111),T147),(T15,T72))),((((T12,T106),(T188,T131)),T46),((T132,T93),T192)))),(T136,T193)),((T28,T170),T169)),(T178,T139)),((T57,T65),T196)),((T124,((T141,T55),T66)),(T126,T122))),(T63,T179)),T38),T87),((T33,T92),T90)),(T26,T4)),T173),T53);
#NNI moves:1/236
Remaining: 0
#NNI moves:4/236
#NNI moves:4/236
(((((((((((((((T153,T45),((T13,T23),(T123,T29))),T143),((((T108,T37),(T125,T32)),(T198,T171)),T67)),((((T121,T3),(T68,((((T84,T18),T186),T157),(T103,(T43,T86))))),((T7,T69),(((T177,((T62,T47),T130)),T159),((T31,T162),((T172,(T151,T165)),(T182,T99)))))),T76)),(((T111,T140),T147),(T15,T72))),((((T131,T188),(T12,T106)),T46),(T192,(T93,T132)))),((((((((T87,((T90,(T33,T92)),((T53,T173),(T26,T4)))),T38),(T63,T179)),((((T55,T141),T66),T124),(T122,T126))),((T57,T65),T196)),(T139,T178)),((T170,T28),T169)),(T193,T136))),(((((((((((T200,T58),(T190,(T16,T112))),T146),((T95,T94),T185)),((T34,T19),T40)),(((((T189,T49),T152),((T71,(T109,T128)),T195)),((T41,T54),(T81,T88))),T199)),T101),((T8,(T175,T117)),(T113,T168))),(T156,T75)),(((((T176,T80),(T137,T104)),T135),((T148,((T184,T102),T14)),(((T36,T114),(T158,T77)),((T183,T44),(T56,T181))))),(T11,T149))),(((T39,T85),(T17,T64)),(T52,T97)))),((((((((T110,((T107,T150),T164)),(T115,T51)),T161),(T24,T60)),T9),((((T20,T25),T61),(T91,T59)),T70)),((T79,T48),((T74,T127),T78))),(((T144,T83),(T6,(T116,T2))),((T42,T100),T5)))),((((T197,T22),(((((T82,T96),T155),T1),(T10,T194)),T98)),((T167,T142),(T89,T73))),(((((((T129,T133),(T187,T191)),(T138,T154)),T119),(T166,T134)),(T21,T120)),(T160,((T180,T30),(T145,T163)))))),T0),(((T105,T27),T174),T50)),T118),T35);
#NNI moves:0/236
Remaining: 0
#NNI moves:25/236
#NNI moves:25/236
((((((((((((((((((((((T16,T112),T190),(T58,T200)),T146),((T94,T95),T185)),((T34,T19),T40)),((((T152,(T189,T49)),(T195,((T109,T128),T71))),((T54,T41),(T88,T81))),T199)),T101),(((T117,T175),T8),(T168,T113))),((((((T102,T184),T14),T148),(((T181,T56),(T44,T183)),((T36,T114),(T77,T158)))),(((T137,T104),(T80,T176)),T135)),((T149,T11),(T75,T156)))),(((T39,T85),(T64,T17)),(T97,T52))),((((((((((T187,T191),(T129,T133)),(T154,T138)),T119),(T166,T134)),(T120,T21)),(T160,((T180,T30),(T163,T145)))),(((T98,((((T96,T82),T155),T1),(T10,T194))),(T22,T197)),((T73,T89),(T167,T142)))),(((((T27,T105),T174),T50),(T118,T35)),T0)),((((((((T115,T51),(((T150,T107),T164),T110)),T161),(T24,T60)),T9),(((T91,T59),(T61,(T25,T20))),T70)),((T48,T79),((T127,T74),T78))),(((T42,T100),T5),((T144,T83),(T6,(T2,T116))))))),((((((T57,T65),T196),(((((((T173,T53),(T4,T26)),(T90,(T92,T33))),T87),T38),(T63,T179)),((T126,T122),((T66,(T141,T55)),T124)))),(T178,T139)),((T170,T28),T169)),(T136,T193))),(((T132,T93),T192),(T46,((T12,T106),(T188,T131))))),(((T140,T111),T147),(T15,T72))),((((((((T165,T151),T172),(T182,T99)),(T162,T31)),((((T47,T62),T130),T177),T159)),(T7,T69)),((T121,T3),(T68,((((T84,T18),T186),T157),((T43,T86),T103))))),T76)),(((T171,T198),((T108,T37),(T125,T32))),T67)),T143),(T153,T45)),(T29,T123)),T13),T23);
#NNI moves:1/236
Remaining: 0
#NNI moves:13/236
#NNI moves:16/236
(((((((((((((((((((T47,T62),T130),T177),T159),((T31,T162),((T172,(T151,T165)),(T182,T99)))),(T7,T69)),((((((T84,T18),T186),T157),((T43,T86),T103)),T68),(T121,T3))),T76),(((((T23,T13),(T123,T29)),(T45,T153)),T143),((((T32,T125),(T108,T37)),(T171,T198)),T67))),(((T140,T111),T147),(T72,T15))),((((T12,T106),(T188,T131)),T46),((T93,T132),T192))),((((((((T66,(T141,T55)),T124),(T126,T122)),((T38,((((T33,T92),T90),((T4,T26),(T173,T53))),T87)),(T63,T179))),((T65,T57),T196)),(T178,T139)),((T170,T28),T169)),(T136,T193))),(((((((((T152,(T189,T49)),(((T109,T128),T71),T195)),((T41,T54),(T81,T88))),T199),((((T94,T95),T185),((((T112,T16),T190),(T200,T58)),T146)),((T34,T19),T40))),T101),(((T175,T117),T8),(T113,T168))),((((((T56,T181),(T183,T44)),((T77,T158),(T36,T114))),(T148,((T102,T184),T14))),(((T137,T104),(T80,T176)),T135)),((T11,T149),(T75,T156)))),((T52,T97),((T17,T64),(T39,T85))))),((((((T91,T59),(T61,(T20,T25))),T70),(((((((T107,T150),T164),T110),(T115,T51)),T161),(T60,T24)),T9)),(((T127,T74),T78),(T48,T79))),(((T42,T100),T5),((T83,T144),((T2,T116),T6))))),(((T160,((T163,T145),(T30,T180))),(((T166,T134),((((T129,T133),(T187,T191)),(T138,T154)),T119)),(T120,T21))),(((((T10,T194),(T1,(T155,(T96,T82)))),T98),(T22,T197)),((T73,T89),(T142,T167))))),T0),(((T105,T27),T174),T50)),T118),T35);
Current score: 4.17676e+10
Current tree: (((((((((((((((((((T47,T62),T130),T177),T159),((T31,T162),((T172,(T151,T165)),(T182,T99)))),(T7,T69)),((((((T84,T18),T186),T157),((T43,T86),T103)),T68),(T121,T3))),T76),(((((T23,T13),(T123,T29)),(T45,T153)),T143),((((T32,T125),(T108,T37)),(T171,T198)),T67))),(((T140,T111),T147),(T72,T15))),((((T12,T106),(T188,T131)),T46),((T93,T132),T192))),((((((((T66,(T141,T55)),T124),(T126,T122)),((T38,((((T33,T92),T90),((T4,T26),(T173,T53))),T87)),(T63,T179))),((T65,T57),T196)),(T178,T139)),((T170,T28),T169)),(T136,T193))),((((((((((T152,(T189,T49)),(((T109,T128),T71),T195)),((T41,T54),(T81,T88))),T199),((((T94,T95),T185),((((T112,T16),T190),(T200,T58)),T146)),((T34,T19),T40))),T101),(((T175,T117),T8),(T113,T168))),(T75,T156)),((((((T56,T181),(T183,T44)),((T77,T158),(T36,T114))),(T148,((T102,T184),T14))),(((T137,T104),(T80,T176)),T135)),(T11,T149))),((T52,T97),((T17,T64),(T39,T85))))),((((((T91,T59),(T61,(T20,T25))),T70),(((((((T107,T150),T164),T110),(T115,T51)),T161),(T60,T24)),T9)),(((T127,T74),T78),(T48,T79))),(((T42,T100),T5),((T83,T144),((T2,T116),T6))))),(((T160,((T163,T145),(T30,T180))),(((T166,T134),((((T129,T133),(T187,T191)),(T138,T154)),T119)),(T120,T21))),(((((T10,T194),(T1,(T155,(T96,T82)))),T98),(T22,T197)),((T73,T89),(T142,T167))))),T0),(((T105,T27),T174),T50)),T35),T118);
Use two-step algorithm!
#NNI moves:0/236
Remaining: 0
#NNI moves:17/236
#NNI moves:17/236
((((((((((((((((((((T134,T166),(T119,(((T187,T191),(T133,T129)),(T154,T138)))),(T120,T21)),(((T180,T30),(T145,T163)),T160)),(((((((T96,T82),T155),T1),(T10,T194)),T98),(T22,T197)),((T89,T73),(T167,T142)))),(((((T27,T105),T174),T50),(T35,T118)),T0)),((((((((T115,T51),(T110,((T150,T107),T164))),T161),(T60,T24)),T9),(((T59,T91),((T20,T25),T61)),T70)),((T78,(T74,T127)),(T48,T79))),(((T144,T83),((T2,T116),T6)),((T100,T42),T5)))),((((((((((T189,T49),T152),(T195,((T128,T109),T71))),((T81,T88),(T54,T41))),T199),(((T185,(T94,T95)),(((T190,(T112,T16)),(T200,T58)),T146)),((T19,T34),T40))),T101),((T168,T113),((T117,T175),T8))),(((T156,T75),(T149,T11)),(((((T36,T114),(T158,T77)),((T183,T44),(T56,T181))),(((T184,T102),T14),T148)),(((T104,T137),(T176,T80)),T135)))),(((T39,T85),(T64,T17)),(T52,T97)))),((((((((T87,(((T53,T173),(T4,T26)),(T90,(T92,T33)))),T38),(T63,T179)),((T126,T122),(T124,((T55,T141),T66)))),((T65,T57),T196)),(T139,T178)),(T169,(T170,T28))),(T136,T193))),(((T93,T132),T192),(((T188,T131),(T12,T106)),T46))),((T147,(T140,T111)),(T15,T72))),(((((T23,T13),(T29,T123)),(T153,T45)),T143),((((T125,T32),(T37,T108)),(T198,T171)),T67))),T76),(((((T43,T86),T103),(((T84,T18),T186),T157)),T68),(T121,T3))),(T69,T7)),(((T99,T182),((T151,T165),T172)),(T31,T162))),T159),T177),(T62,T47)),T130);
#NNI moves:3/236
Remaining: 0
#NNI moves:11/236
#NNI moves:11/236
((((((((((((((((((T43,T86),T103),(((T84,T18),T186),T157)),T68),(T3,T121)),((T69,T7),(((((T47,T62),T130),T177),T159),((T162,T31),((T172,(T151,T165)),(T99,T182)))))),T76),(((((T29,T123),(T23,T13)),(T45,T153)),T143),((((T108,T37),(T125,T32)),(T171,T198)),T67))),((T15,T72),(T147,(T140,T111)))),((((T188,T131),(T12,T106)),T46),(T192,(T93,T132)))),((((((T65,T57),T196),(((((((T92,T33),T90),((T53,T173),(T4,T26))),T87),T38),(T179,T63)),((T126,T122),(((T141,T55),T66),T124)))),(T178,T139)),((T170,T28),T169)),(T193,T136))),(((((((((((T128,T109),T71),T195),((T189,T49),T152)),((T88,T81),(T54,T41))),T199),((((((T112,T16),T190),(T58,T200)),T146),(T185,(T94,T95))),((T34,T19),T40))),T101),((T8,(T175,T117)),(T113,T168))),(((((T80,T176),(T137,T104)),T135),(((T14,(T184,T102)),T148),(((T56,T181),(T183,T44)),((T36,T114),(T158,T77))))),((T11,T149),(T75,T156)))),((T97,T52),((T17,T64),(T39,T85))))),(((((T2,T116),T6),(T83,T144)),(T5,(T100,T42))),(((((((T110,((T107,T150),T164)),(T115,T51)),T161),(T60,T24)),T9),((((T25,T20),T61),(T91,T59)),T70)),((T79,T48),((T74,T127),T78))))),(((((T134,T166),(((T154,T138),((T133,T129),(T187,T191))),T119)),(T21,T120)),(((T163,T145),(T30,T180)),T160)),(((((T10,T194),(T1,((T96,T82),T155))),T98),(T197,T22)),((T167,T142),(T73,T89))))),T0),(T35,T118)),(T174,(T27,T105))),T50);
#NNI moves:3/236
Remaining: 0
#NNI moves:9/236
#NNI moves:9/236
(((((((((((((((((((T195,((T128,T109),T71)),((T189,T49),T152)),((T88,T81),(T41,T54))),T199),(((((T58,T200),(T190,(T16,T112))),T146),(T185,(T95,T94))),((T34,T19),T40))),T101),(((T117,T175),T8),(T168,T113))),((((((T114,T36),(T77,T158)),((T181,T56),(T183,T44))),(((T184,T102),T14),T148)),(((T176,T80),(T104,T137)),T135)),((T156,T75),(T149,T11)))),(((T64,T17),(T85,T39)),(T97,T52))),(((((((((T115,T51),(((T107,T150),T164),T110)),T161),(T24,T60)),T9),(((T59,T91),(T61,(T25,T20))),T70)),((T48,T79),((T74,T127),T78))),(((T42,T100),T5),((T83,T144),(T6,(T116,T2))))),((T0,((((T105,T27),T174),T50),(T118,T35))),(((((T166,T134),(((T138,T154),((T133,T129),(T187,T191))),T119)),(T21,T120)),(((T145,T163),(T30,T180)),T160)),(((T89,T73),(T167,T142)),((((((T82,T96),T155),T1),(T10,T194)),T98),(T22,T197))))))),(((((((((((T33,T92),T90),((T4,T26),(T173,T53))),T87),T38),(T179,T63)),((T122,T126),(((T141,T55),T66),T124))),((T65,T57),T196)),(T139,T178)),((T170,T28),T169)),(T193,T136))),((T192,(T93,T132)),(((T106,T12),(T131,T188)),T46))),((T72,T15),(T147,(T111,T140)))),(((((T32,T125),(T37,T108)),(T198,T171)),T67),((((T13,T23),(T29,T123)),(T45,T153)),T143))),T76),((((((T18,T84),T186),T157),(T103,(T86,T43))),T68),(T3,T121))),((((T182,T99),((T165,T151),T172)),(T31,T162)),((((T62,T47),T130),T177),T159))),T7),T69);
#NNI moves:0/236
Remaining: 1
#NNI moves:13/236
#NNI moves:13/236
(((((((((((((((((((((((T84,T18),T186),T157),((T43,T86),T103)),T68),(T3,T121)),(((((T99,T182),((T151,T165),T172)),(T31,T162)),((T177,((T62,T47),T130)),T159)),(T69,T7))),T76),(((((T23,T13),(T29,T123)),(T45,T153)),T143),((((T37,T108),(T32,T125)),(T171,T198)),T67))),(((T140,T111),T147),(T15,T72))),((((T106,T12),(T188,T131)),T46),((T93,T132),T192))),((((((((T87,(((T92,T33),T90),((T4,T26),(T53,T173)))),T38),(T179,T63)),((T122,T126),(T124,((T141,T55),T66)))),(T196,(T57,T65))),(T139,T178)),(T169,(T28,T170))),(T136,T193))),((((T75,T156),((((((((T71,(T109,T128)),T195),((T49,T189),T152)),((T41,T54),(T88,T81))),T199),((((((T16,T112),T190),(T58,T200)),T146),(T185,(T95,T94))),(T40,(T34,T19)))),T101),((T113,T168),((T175,T117),T8)))),((((((T114,T36),(T77,T158)),((T183,T44),(T181,T56))),(((T184,T102),T14),T148)),(((T176,T80),(T104,T137)),T135)),(T149,T11))),(((T85,T39),(T17,T64)),(T97,T52)))),((((((((T115,T51),(T110,((T150,T107),T164))),T161),(T60,T24)),T9),(((T59,T91),((T20,T25),T61)),T70)),((T79,T48),((T74,T127),T78))),(((T144,T83),(T6,(T116,T2))),((T100,T42),T5)))),(T0,((T50,((T105,T27),T174)),(T118,T35)))),(((((T10,T194),((T155,(T96,T82)),T1)),T98),(T22,T197)),((T167,T142),(T89,T73)))),(((T163,T145),(T180,T30)),T160)),(T21,T120)),(T134,T166)),T119),((T187,T191),(T133,T129))),T138),T154);
Current score: 4.17676e+10
Current tree: ((T35,((T50,((T105,T27),T174)),(T0,(((((((((((((((T84,T18),T186),T157),((T43,T86),T103)),T68),(T3,T121)),(((((T99,T182),((T151,T165),T172)),(T31,T162)),((T177,((T62,T47),T130)),T159)),(T69,T7))),T76),(((((T23,T13),(T29,T123)),(T45,T153)),T143),((((T37,T108),(T32,T125)),(T171,T198)),T67))),(((T140,T111),T147),(T15,T72))),((((T106,T12),(T188,T131)),T46),((T93,T132),T192))),((((((((T87,(((T92,T33),T90),((T4,T26),(T53,T173)))),T38),(T179,T63)),((T122,T126),(T124,((T141,T55),T66)))),(T196,(T57,T65))),(T139,T178)),(T169,(T28,T170))),(T136,T193))),((((T75,T156),((((((((T71,(T109,T128)),T195),((T49,T189),T152)),((T41,T54),(T88,T81))),T199),((((((T16,T112),T190),(T58,T200)),T146),(T185,(T95,T94))),(T40,(T34,T19)))),T101),((T113,T168),((T175,T117),T8)))),((((((T114,T36),(T77,T158)),((T183,T44),(T181,T56))),(((T184,T102),T14),T148)),(((T176,T80),(T104,T137)),T135)),(T149,T11))),(((T85,T39),(T17,T64)),(T97,T52)))),((((((((T115,T51),(T110,((T150,T107),T164))),T161),(T60,T24)),T9),(((T59,T91),((T20,T25),T61)),T70)),((T79,T48),((T74,T127),T78))),(((T144,T83),(T6,(T116,T2))),((T100,T42),T5)))),((((((T10,T194),((T155,(T96,T82)),T1)),T98),(T22,T197)),((T167,T142),(T89,T73))),((((T163,T145),(T180,T30)),T160),((T21,T120),((T134,T166),(T119,(((T187,T191),(T133,T129)),(T138,T154))))))))))),T118);
Use two-step algorithm!
#NNI moves:0/236
Remaining: 1
#NNI moves:22/236
#NNI moves:22/236
(((((((((((((((((T79,T48),((T127,T74),T78)),((((((T110,(T164,(T107,T150))),(T51,T115)),T161),(T60,T24)),T9),((((T20,T25),T61),(T59,T91)),T70))),(((T42,T100),T5),((T83,T144),(T6,(T2,T116))))),((((T50,((T105,T27),T174)),(T35,T118)),T0),(((((((T155,(T82,T96)),T1),(T10,T194)),T98),(T197,T22)),((T142,T167),(T89,T73))),(((((((T187,T191),(T129,T133)),(T154,T138)),T119),(T166,T134)),(T21,T120)),(((T145,T163),(T180,T30)),T160))))),((((((((T158,T77),(T114,T36)),((T181,T56),(T183,T44))),(((T102,T184),T14),T148)),(((T80,T176),(T137,T104)),T135)),(T149,T11)),((((((((T54,T41),(T81,T88)),((((T109,T128),T71),T195),((T49,T189),T152))),T199),((((((T112,T16),T190),(T200,T58)),T146),((T95,T94),T185)),((T34,T19),T40))),T101),(((T117,T175),T8),(T168,T113))),(T156,T75))),((T52,T97),((T39,T85),(T64,T17))))),(((((T196,(T57,T65)),(((T126,T122),((T66,(T141,T55)),T124)),((T179,T63),(((((T26,T4),(T173,T53)),(T90,(T33,T92))),T87),T38)))),(T178,T139)),(T169,(T28,T170))),(T136,T193))),(((T93,T132),T192),(((T12,T106),(T131,T188)),T46))),((T147,(T140,T111)),(T15,T72))),(((((T125,T32),(T108,T37)),(T198,T171)),T67),((((T29,T123),(T13,T23)),(T45,T153)),T143))),T76),((((((T47,T62),T130),T177),T159),(((T99,T182),(T172,(T165,T151))),(T162,T31))),(T69,T7))),(T3,T121)),T68),((T86,T43),T103)),(T186,(T18,T84))),T157);
#NNI moves:1/236
Remaining: 1
#NNI moves:29/236
#NNI moves:29/236
(((((((((((((((((T3,T121),((((T43,T86),T103),(T157,((T18,T84),T186))),T68)),((((((T151,T165),T172),(T182,T99)),(T31,T162)),((T177,((T62,T47),T130)),T159)),(T7,T69))),T76),(((((T125,T32),(T37,T108)),(T198,T171)),T67),((((T29,T123),(T23,T13)),(T153,T45)),T143))),((T72,T15),((T111,T140),T147))),((((T188,T131),(T106,T12)),T46),((T93,T132),T192))),(((((T196,(T65,T57)),(((((T141,T55),T66),T124),(T122,T126)),((((((T26,T4),(T173,T53)),(T90,(T92,T33))),T87),T38),(T179,T63)))),(T178,T139)),((T28,T170),T169)),(T193,T136))),(((((((((T88,T81),(T41,T54)),((((T128,T109),T71),T195),((T49,T189),T152))),T199),(((((T58,T200),((T16,T112),T190)),T146),((T94,T95),T185)),(T40,(T19,T34)))),T101),((T168,T113),(T8,(T117,T175)))),(((T75,T156),(T11,T149)),(((((T183,T44),(T181,T56)),((T114,T36),(T158,T77))),(((T184,T102),T14),T148)),(((T137,T104),(T176,T80)),T135)))),(((T85,T39),(T64,T17)),(T52,T97)))),((((((T24,T60),(((T110,((T150,T107),T164)),(T115,T51)),T161)),T9),((((T20,T25),T61),(T59,T91)),T70)),(((T74,T127),T78),(T79,T48))),((T5,(T100,T42)),((T83,T144),(T6,(T116,T2)))))),((((T197,T22),(((((T96,T82),T155),T1),(T194,T10)),T98)),((T142,T167),(T73,T89))),(((T120,T21),(((((T191,T187),(T129,T133)),(T138,T154)),T119),(T166,T134))),(T160,((T180,T30),(T145,T163)))))),T0),(T118,T35)),T50),T174),T27),T105);
#NNI moves:0/236
Remaining: 1
#NNI moves:27/236
#NNI moves:27/236
((((((((((((((((T32,T125),(T108,T37)),(T171,T198)),T67),((((T29,T123),(T13,T23)),(T45,T153)),T143)),(((((((T86,T43),T103),(((T84,T18),T186),T157)),T68),(T3,T121)),((((T177,((T47,T62),T130)),T159),(((T182,T99),((T165,T151),T172)),(T162,T31))),(T7,T69))),T76)),((T15,T72),((T111,T140),T147))),((((T131,T188),(T12,T106)),T46),((T93,T132),T192))),(((((((((T55,T141),T66),T124),(T126,T122)),((((((T4,T26),(T53,T173)),((T92,T33),T90)),T87),T38),(T63,T179))),(T196,(T57,T65))),(T139,T178)),((T170,T28),T169)),(T136,T193))),((((((((T183,T44),(T56,T181)),((T114,T36),(T158,T77))),(((T184,T102),T14),T148)),(((T176,T80),(T104,T137)),T135)),(T11,T149)),((((((((((T109,T128),T71),T195),(T152,(T49,T189))),((T41,T54),(T88,T81))),T199),((T40,(T34,T19)),(((((T112,T16),T190),(T58,T200)),T146),(T185,(T95,T94))))),T101),(((T117,T175),T8),(T168,T113))),(T156,T75))),((T52,T97),((T17,T64),(T39,T85))))),(((((((T20,T25),T61),(T59,T91)),T70),(((T60,T24),((((T164,(T107,T150)),T110),(T115,T51)),T161)),T9)),((T48,T79),(T78,(T127,T74)))),((((T116,T2),T6),(T83,T144)),((T42,T100),T5)))),((((((((T133,T129),(T187,T191)),(T138,T154)),T119),(T134,T166)),(T21,T120)),(((T163,T145),(T30,T180)),T160)),(((T98,(((T155,(T96,T82)),T1),(T10,T194))),(T197,T22)),((T142,T167),(T73,T89))))),T0),(T50,((T105,T27),T174))),T35),T118);
#NNI moves:0/236
Remaining: 2
#NNI moves:42/236
#NNI moves:42/236
(((((((((((((((((((T112,T16),T190),(T58,T200)),T146),((T95,T94),T185)),((T19,T34),T40)),((((T41,T54),(T81,T88)),((T152,(T49,T189)),(((T128,T109),T71),T195))),T199)),T101),((T168,T113),(T8,(T117,T175)))),(((((T176,T80),(T137,T104)),T135),(((T14,(T102,T184)),T148),(((T36,T114),(T158,T77)),((T56,T181),(T44,T183))))),((T156,T75),(T149,T11)))),(((T85,T39),(T64,T17)),(T52,T97))),(((((((((((T150,T107),T164),T110),(T51,T115)),T161),(T24,T60)),T9),(((T61,(T25,T20)),(T91,T59)),T70)),(((T127,T74),T78),(T48,T79))),((((T2,T116),T6),(T83,T144)),((T100,T42),T5))),(((((T73,T89),(T167,T142)),((((T194,T10),((T155,(T82,T96)),T1)),T98),(T197,T22))),((((T119,((T138,T154),((T133,T129),(T191,T187)))),(T134,T166)),(T21,T120)),(((T145,T163),(T30,T180)),T160))),(((T35,T118),((T174,(T105,T27)),T50)),T0)))),(((((((((((T4,T26),(T53,T173)),((T92,T33),T90)),T87),T38),(T179,T63)),((T122,T126),(((T55,T141),T66),T124))),((T65,T57),T196)),(T139,T178)),(T169,(T28,T170))),(T193,T136))),((((T12,T106),(T188,T131)),T46),(T192,(T132,T93)))),(((T111,T140),T147),(T15,T72))),((((T3,T121),((((T86,T43),T103),((T186,(T18,T84)),T157)),T68)),((((((T47,T62),T130),T177),T159),((T31,T162),((T182,T99),((T165,T151),T172)))),(T7,T69))),T76)),((((T23,T13),(T29,T123)),(T45,T153)),T143)),(((T32,T125),(T108,T37)),(T198,T171))),T67);
Current score: 4.17676e+10
Current tree: ((T35,(((T174,(T105,T27)),T50),(T0,(((((T73,T89),(T167,T142)),((((T194,T10),((T155,(T82,T96)),T1)),T98),(T197,T22))),((((T119,((T138,T154),((T133,T129),(T191,T187)))),(T134,T166)),(T21,T120)),(((T145,T163),(T30,T180)),T160))),(((((((((((T150,T107),T164),T110),(T51,T115)),T161),(T24,T60)),T9),(((T61,(T25,T20)),(T91,T59)),T70)),(((T127,T74),T78),(T48,T79))),((((T2,T116),T6),(T83,T144)),((T100,T42),T5))),((((((((T176,T80),(T137,T104)),T135),(((T14,(T102,T184)),T148),(((T36,T114),(T158,T77)),((T56,T181),(T44,T183))))),(T149,T11)),((((((((((T112,T16),T190),(T58,T200)),T146),((T95,T94),T185)),((T19,T34),T40)),((((T41,T54),(T81,T88)),((T152,(T49,T189)),(((T128,T109),T71),T195))),T199)),T101),((T168,T113),(T8,(T117,T175)))),(T156,T75))),(((T85,T39),(T64,T17)),(T52,T97))),((((((((((((T4,T26),(T53,T173)),((T92,T33),T90)),T87),T38),(T179,T63)),((T122,T126),(((T55,T141),T66),T124))),((T65,T57),T196)),(T139,T178)),(T169,(T28,T170))),(T193,T136)),(((((T12,T106),(T188,T131)),T46),(T192,(T132,T93))),((((T111,T140),T147),(T15,T72)),(((((T3,T121),((((T86,T43),T103),((T186,(T18,T84)),T157)),T68)),((((((T47,T62),T130),T177),T159),((T31,T162),((T182,T99),((T165,T151),T172)))),(T7,T69))),T76),(((((T23,T13),(T29,T123)),(T45,T153)),T143),((((T32,T125),(T108,T37)),(T198,T171)),T67)))))))))))),T118);
Final Tree: ((T35,(((T174,(T105,T27)),T50),(T0,(((((T73,T89),(T167,T142)),((((T194,T10),((T155,(T82,T96)),T1)),T98),(T197,T22))),((((T119,((T138,T154),((T133,T129),(T191,T187)))),(T134,T166)),(T21,T120)),(((T145,T163),(T30,T180)),T160))),(((((((((((T150,T107),T164),T110),(T51,T115)),T161),(T24,T60)),T9),(((T61,(T25,T20)),(T91,T59)),T70)),(((T127,T74),T78),(T48,T79))),((((T2,T116),T6),(T83,T144)),((T100,T42),T5))),((((((((T176,T80),(T137,T104)),T135),(((T14,(T102,T184)),T148),(((T36,T114),(T158,T77)),((T56,T181),(T44,T183))))),(T149,T11)),((((((((((T112,T16),T190),(T58,T200)),T146),((T95,T94),T185)),((T19,T34),T40)),((((T41,T54),(T81,T88)),((T152,(T49,T189)),(((T128,T109),T71),T195))),T199)),T101),((T168,T113),(T8,(T117,T175)))),(T156,T75))),(((T85,T39),(T64,T17)),(T52,T97))),((((((((((((T4,T26),(T53,T173)),((T92,T33),T90)),T87),T38),(T179,T63)),((T122,T126),(((T55,T141),T66),T124))),((T65,T57),T196)),(T139,T178)),(T169,(T28,T170))),(T193,T136)),(((((T12,T106),(T188,T131)),T46),(T192,(T132,T93))),((((T111,T140),T147),(T15,T72)),(((((T3,T121),((((T86,T43),T103),((T186,(T18,T84)),T157)),T68)),((((((T47,T62),T130),T177),T159),((T31,T162),((T182,T99),((T165,T151),T172)))),(T7,T69))),T76),(((((T23,T13),(T29,T123)),(T45,T153)),T143),((((T32,T125),(T108,T37)),(T198,T171)),T67)))))))))))),T118);
Score: 4.176759431e+10

real	1m51.083s
user	44m33.921s
sys	0m20.289s
