
RAxML-NG v. 1.1.0-master released on 04.08.2022 by The Exelixis Lab.
Developed by: Alexey M. Kozlov and Alexandros Stamatakis.
Contributors: Diego Darriba, Tomas Flouri, Benoit Morel, Sarah Lutteropp, Ben Bettisworth.
Latest version: https://github.com/amkozlov/raxml-ng
Questions/problems/suggestions? Please visit: https://groups.google.com/forum/#!forum/raxml

System: AMD EPYC 7742 64-Core Processor, 128 cores, 251 GB RAM

RAxML-NG was called at 13-Jan-2023 16:43:53 as follows:

/home/chaos/programs/raxml-ng/raxml-ng/bin/raxml-ng --msa data/alignment/43_1X_S201_0_1e6_haploid --tree pars{1} --model GTR+G --threads 64 --redo

Analysis options:
  run mode: ML tree search
  start tree(s): parsimony (1)
  random seed: 1673657033
  tip-inner: OFF
  pattern compression: ON
  per-rate scalers: OFF
  site repeats: ON
  fast spr radius: AUTO
  spr subtree cutoff: 1.000000
  branch lengths: proportional (ML estimate, algorithm: NR-FAST)
  SIMD kernels: AVX2
  parallelization: coarse-grained (auto), PTHREADS (64 threads), thread pinning: OFF

WARNING: Running in REDO mode: existing checkpoints are ignored, and all result files will be overwritten!

[00:00:00] Reading alignment from file: data/alignment/43_1X_S201_0_1e6_haploid
[00:00:02] Loaded alignment with 201 taxa and 5000000 sites

Alignment comprises 1 partitions and 4017486 patterns

Partition 0: noname
Model: GTR+FO+G4m
Alignment sites / patterns: 5000000 / 4017486
Gaps: 0.00 %
Invariant sites: 7.43 %


NOTE: Binary MSA file created: data/alignment/43_1X_S201_0_1e6_haploid.raxml.rba

Parallelization scheme autoconfig: 1 worker(s) x 64 thread(s)

Parallel reduction/worker buffer size: 1 KB  / 0 KB

[00:00:22] Generating 1 parsimony starting tree(s) with 201 taxa
[00:00:50] Data distribution: max. partitions/sites/weight per thread: 1 / 62774 / 1004384
[00:00:50] Data distribution: max. searches per worker: 1

Starting ML tree search with 1 distinct starting trees

[00:00:51 -254898871.528246] Initial branch length optimization
[00:02:15 -240050701.782750] Model parameter optimization (eps = 10.000000)
[00:13:11 -232523550.050436] AUTODETECT spr round 1 (radius: 5)
[00:20:45 -232433337.377187] AUTODETECT spr round 2 (radius: 10)
[00:46:57 -232433337.362169] SPR radius for FAST iterations: 5 (autodetect)
[00:46:57 -232433337.362169] Model parameter optimization (eps = 3.000000)
[00:48:16 -232433241.406231] FAST spr round 1 (radius: 5)
[01:05:41 -232425104.612328] FAST spr round 2 (radius: 5)
[01:21:31 -232421781.297329] FAST spr round 3 (radius: 5)
[01:37:33 -232419824.326548] FAST spr round 4 (radius: 5)
[01:53:09 -232419231.955729] FAST spr round 5 (radius: 5)
[02:09:11 -232418656.404022] FAST spr round 6 (radius: 5)
[02:25:08 -232418158.339079] FAST spr round 7 (radius: 5)
[02:40:49 -232417991.621617] FAST spr round 8 (radius: 5)
[02:56:18 -232417991.620571] Model parameter optimization (eps = 1.000000)
[02:59:37 -232417919.502556] SLOW spr round 1 (radius: 5)
[03:51:17 -232417661.523402] SLOW spr round 2 (radius: 5)
[04:38:11 -232417654.042750] SLOW spr round 3 (radius: 5)
[05:22:17 -232417654.042424] SLOW spr round 4 (radius: 10)
[06:17:10 -232417654.042417] SLOW spr round 5 (radius: 15)
[07:49:26 -232417654.042416] SLOW spr round 6 (radius: 20)
[08:46:49 -232417654.042416] SLOW spr round 7 (radius: 25)
[09:00:38 -232417654.042416] Model parameter optimization (eps = 0.100000)

[09:01:54] ML tree search #1, logLikelihood: -232417652.228674


Optimized model parameters:

   Partition 0: noname
   Rate heterogeneity: GAMMA (4 cats, mean),  alpha: 0.740281 (ML),  weights&rates: (0.250000,0.082805) (0.250000,0.381932) (0.250000,0.938927) (0.250000,2.596336) 
   Base frequencies (ML): 0.328634 0.298213 0.201238 0.171915 
   Substitution rates (ML): 1.045717 2.802327 0.505142 1.600311 3.265730 1.000000 


Final LogLikelihood: -232417652.228674

AIC score: 464836120.457347 / AICc score: 464836120.524102 / BIC score: 464841597.836323
Free parameters (model + branch lengths): 408

Best ML tree saved to: /expanse/lustre/projects/uot138/chaos/ASTERISK-sim/data/alignment/43_1X_S201_0_1e6_haploid.raxml.bestTree
Optimized model saved to: /expanse/lustre/projects/uot138/chaos/ASTERISK-sim/data/alignment/43_1X_S201_0_1e6_haploid.raxml.bestModel

Execution log saved to: /expanse/lustre/projects/uot138/chaos/ASTERISK-sim/data/alignment/43_1X_S201_0_1e6_haploid.raxml.log

Analysis started: 13-Jan-2023 16:43:53 / finished: 14-Jan-2023 01:45:50

Elapsed time: 32516.604 seconds

Consumed energy: 3603.236 Wh (= 18 km in an electric car, or 90 km with an e-scooter!)

