Weighted ASTRAL - Hybrid
Version: v1.13.2.3
#Genetrees: 2000
#Species: 201
#Rounds: 4
#Samples: 4
#Threads: 32
Use two-step algorithm!
Guide Tree 0/27
#NNI moves:1/236
Guide Tree 1/27
#NNI moves:2/236
Guide Tree 2/27
#NNI moves:1/236
Guide Tree 3/27
#NNI moves:5/236
Guide Tree 4/27
#NNI moves:1/236
Guide Tree 5/27
#NNI moves:1/236
Guide Tree 6/27
#NNI moves:3/236
Guide Tree 7/27
#NNI moves:3/236
Guide Tree 8/27
#NNI moves:3/236
Guide Tree 9/27
#NNI moves:1/236
Guide Tree 10/27
#NNI moves:6/236
Guide Tree 11/27
#NNI moves:10/236
Guide Tree 12/27
#NNI moves:1/236
Guide Tree 13/27
#NNI moves:3/236
Guide Tree 14/27
#NNI moves:4/236
Guide Tree 15/27
#NNI moves:5/236
Guide Tree 16/27
#NNI moves:1/236
Guide Tree 17/27
#NNI moves:10/236
Guide Tree 18/27
#NNI moves:3/236
Guide Tree 19/27
#NNI moves:5/236
Guide Tree 20/27
#NNI moves:13/236
Guide Tree 21/27
#NNI moves:3/236
Guide Tree 22/27
#NNI moves:2/236
Guide Tree 23/27
#NNI moves:1/236
Guide Tree 24/27
#NNI moves:1/236
Guide Tree 25/27
#NNI moves:5/236
Guide Tree 26/27
#NNI moves:5/236
Remaining: 1
#NNI moves:22/236
#NNI moves:22/236
(((((((((((((T113,((((T194,T126),T46),T24),(T83,T148))),((((T172,(T15,T145)),(T143,T179)),T8),(T158,T109))),((T29,T121),T197)),((((T132,T82),T178),(((T55,T17),((T190,T153),(T43,T116))),T70)),((T159,T103),T45))),(T114,T49)),T106),T44),((((T198,T98),T67),(T186,T117)),((((T77,T1),T21),(T131,T97)),((((T68,T166),T133),T169),T61)))),((((((((T63,T39),(((T125,T31),T69),T187)),T100),T124),((((((T72,T199),T138),T195),(T171,T111)),(T180,T157)),(T152,T79))),T127),((((T33,T42),T107),T56),(((T189,T52),T5),(T90,T184)))),((((T27,T12),T18),((((T16,(T58,T40)),T168),(T37,T88)),(((T182,T196),((T47,((T130,T53),T175)),T163)),(T120,(((T141,T115),T156),(T7,T91)))))),T176))),((((T2,T60),(((T38,((T81,(T108,T149)),T101)),(T11,((T122,T162),(T188,(T66,T30))))),T200)),(T74,((T48,T76),T59))),(((T140,(T129,T112)),(T96,T13)),((T123,T170),((T87,T9),T26))))),(((((((T102,T73),T50),T78),((T160,((T165,T6),T192)),(T92,T99))),((((((T84,T35),(T151,T94)),(T155,(T177,T173))),((T191,T54),T193)),T86),T95)),(((((((T185,T128),(T137,(T142,T150))),T104),(T105,T135)),(T118,(T32,(T80,(T147,T57))))),((T183,((((T161,T75),T10),T23),(T181,T51))),T110)),(((((T93,((T154,T64),T22)),T167),T41),((T28,(T144,T25)),(((T62,T85),T19),T139))),(T36,T4)))),(T0,((((T146,T34),T174),(T136,T14)),(((T89,T119),(T3,T71)),(T164,T65)))))),T20),T134);
Guide Tree 0/27
#NNI moves:3/236
Guide Tree 1/27
#NNI moves:3/236
Guide Tree 2/27
#NNI moves:1/236
Guide Tree 3/27
#NNI moves:4/236
Guide Tree 4/27
#NNI moves:1/236
Guide Tree 5/27
#NNI moves:1/236
Guide Tree 6/27
#NNI moves:4/236
Guide Tree 7/27
#NNI moves:0/236
Guide Tree 8/27
#NNI moves:3/236
Guide Tree 9/27
#NNI moves:1/236
Guide Tree 10/27
#NNI moves:1/236
Guide Tree 11/27
#NNI moves:2/236
Guide Tree 12/27
#NNI moves:4/236
Guide Tree 13/27
#NNI moves:2/236
Guide Tree 14/27
#NNI moves:3/236
Guide Tree 15/27
#NNI moves:4/236
Guide Tree 16/27
#NNI moves:2/236
Guide Tree 17/27
#NNI moves:1/236
Guide Tree 18/27
#NNI moves:3/236
Guide Tree 19/27
#NNI moves:7/236
Guide Tree 20/27
#NNI moves:1/236
Guide Tree 21/27
#NNI moves:2/236
Guide Tree 22/27
#NNI moves:5/236
Guide Tree 23/27
#NNI moves:2/236
Guide Tree 24/27
#NNI moves:1/236
Guide Tree 25/27
#NNI moves:0/236
Guide Tree 26/27
#NNI moves:3/236
Remaining: 0
#NNI moves:17/236
#NNI moves:18/236
(((((((((((((T39,T63),(T187,((T125,T31),T69))),T100),T124),((((T195,((T199,T72),T138)),(T171,T111)),(T157,T180)),(T152,T79))),T127),((((T189,T52),T5),(T184,T90)),(((T42,T33),T107),T56))),(((((((T156,(T115,T141)),(T91,T7)),T120),((T196,T182),((T47,((T130,T53),T175)),T163))),((T88,T37),(((T40,T58),T16),T168))),(T18,(T12,T27))),T176)),((((((((T178,(T82,T132)),(((T17,T55),((T153,T190),(T116,T43))),T70)),((T159,T103),T45)),((((T158,T109),(T8,(((T145,T15),T172),(T143,T179)))),((((T46,(T194,T126)),T24),(T83,T148)),T113)),((T121,T29),T197))),(T49,T114)),T106),T44),((((T198,T98),T67),(T117,T186)),(((T97,T131),(T21,(T1,T77))),(((T133,(T166,T68)),T169),T61))))),((((T60,T2),((((((T108,T149),T81),T101),T38),((((T30,T66),T188),(T122,T162)),T11)),T200)),(T74,((T48,T76),T59))),((((T112,T129),T140),(T13,T96)),(((T9,T87),T26),(T170,T123))))),(((((((((T85,T62),T19),T139),((T144,T25),T28)),(((T93,((T154,T64),T22)),T167),T41)),(T36,T4)),(((((((T161,T75),T10),T23),(T51,T181)),T183),T110),(((T32,(T80,(T57,T147))),T118),((((T185,T128),((T142,T150),T137)),T104),(T135,T105))))),(((((T73,T102),T50),T78),((((T165,T6),T192),T160),(T99,T92))),((((((T84,T35),(T94,T151)),((T177,T173),T155)),((T191,T54),T193)),T86),T95))),(T0,(((T136,T14),(T174,(T34,T146))),((T164,T65),((T71,T3),(T89,T119))))))),T20),T134);
Guide Tree 0/27
#NNI moves:3/236
Guide Tree 1/27
#NNI moves:0/236
Guide Tree 2/27
#NNI moves:0/236
Guide Tree 3/27
#NNI moves:1/236
Guide Tree 4/27
#NNI moves:0/236
Guide Tree 5/27
#NNI moves:0/236
Guide Tree 6/27
#NNI moves:5/236
Guide Tree 7/27
#NNI moves:6/236
Guide Tree 8/27
#NNI moves:0/236
Guide Tree 9/27
#NNI moves:1/236
Guide Tree 10/27
#NNI moves:5/236
Guide Tree 11/27
#NNI moves:0/236
Guide Tree 12/27
#NNI moves:0/236
Guide Tree 13/27
#NNI moves:3/236
Guide Tree 14/27
#NNI moves:0/236
Guide Tree 15/27
#NNI moves:5/236
Guide Tree 16/27
#NNI moves:2/236
Guide Tree 17/27
#NNI moves:7/236
Guide Tree 18/27
#NNI moves:3/236
Guide Tree 19/27
#NNI moves:6/236
Guide Tree 20/27
#NNI moves:6/236
Guide Tree 21/27
#NNI moves:0/236
Guide Tree 22/27
#NNI moves:0/236
Guide Tree 23/27
#NNI moves:3/236
Guide Tree 24/27
#NNI moves:1/236
Guide Tree 25/27
#NNI moves:2/236
Guide Tree 26/27
#NNI moves:6/236
Remaining: 1
#NNI moves:24/236
#NNI moves:25/236
(((((((((((((((T125,T31),T69),T187),(T63,T39)),T100),T124),((((T171,T111),(T195,(T138,(T199,T72)))),(T180,T157)),(T152,T79))),T127),((((T33,T42),T107),T56),(((T52,T189),T5),(T90,T184)))),((((T27,T12),T18),((((T182,T196),(T163,((T175,(T130,T53)),T47))),(((T7,T91),((T115,T141),T156)),T120)),((((T58,T40),T16),T168),(T37,T88)))),T176)),((((((((T70,((T55,T17),((T43,T116),(T190,T153)))),(T178,(T132,T82))),(T45,(T159,T103))),((((((T46,(T194,T126)),T24),(T148,T83)),T113),(((((T15,T145),T172),(T143,T179)),T8),(T158,T109))),((T29,T121),T197))),(T49,T114)),T106),T44),(((T186,T117),(T67,(T98,T198))),(((T131,T97),((T1,T77),T21)),((((T68,T166),T133),T169),T61))))),(((((((((T149,T108),T81),T101),T38),(((T188,(T66,T30)),(T122,T162)),T11)),T200),(T60,T2)),(T74,(T59,(T48,T76)))),(((T140,(T112,T129)),(T13,T96)),((T123,T170),((T87,T9),T26))))),(((((((T139,(T19,(T62,T85))),((T144,T25),T28)),(((((T154,T64),T22),T93),T167),T41)),(T36,T4)),((((T32,(T80,(T57,T147))),T118),((((T128,T185),(T137,(T150,T142))),T104),(T135,T105))),((T183,((T181,T51),((T10,(T75,T161)),T23))),T110))),(((((T102,T73),T50),T78),((((T6,T165),T192),T160),(T92,T99))),(((((T155,(T173,T177)),((T94,T151),(T84,T35))),((T191,T54),T193)),T86),T95))),(T0,((((T146,T34),T174),(T136,T14)),(((T89,T119),(T71,T3)),(T65,T164)))))),T20),T134);
Guide Tree 0/27
#NNI moves:3/236
Guide Tree 1/27
#NNI moves:7/236
Guide Tree 2/27
#NNI moves:2/236
Guide Tree 3/27
#NNI moves:1/236
Guide Tree 4/27
#NNI moves:7/236
Guide Tree 5/27
#NNI moves:5/236
Guide Tree 6/27
#NNI moves:4/236
Guide Tree 7/27
#NNI moves:3/236
Guide Tree 8/27
#NNI moves:5/236
Guide Tree 9/27
#NNI moves:8/236
Guide Tree 10/27
#NNI moves:5/236
Guide Tree 11/27
#NNI moves:0/236
Guide Tree 12/27
#NNI moves:2/236
Guide Tree 13/27
#NNI moves:3/236
Guide Tree 14/27
#NNI moves:3/236
Guide Tree 15/27
#NNI moves:1/236
Guide Tree 16/27
#NNI moves:5/236
Guide Tree 17/27
#NNI moves:3/236
Guide Tree 18/27
#NNI moves:3/236
Guide Tree 19/27
#NNI moves:3/236
Guide Tree 20/27
#NNI moves:6/236
Guide Tree 21/27
#NNI moves:1/236
Guide Tree 22/27
#NNI moves:4/236
Guide Tree 23/27
#NNI moves:0/236
Guide Tree 24/27
#NNI moves:3/236
Guide Tree 25/27
#NNI moves:3/236
Guide Tree 26/27
#NNI moves:3/236
Remaining: 1
#NNI moves:10/236
#NNI moves:10/236
((((((((((T135,T105),(((T185,T128),((T142,T150),T137)),T104)),((((T147,T57),T80),T32),T118)),((((((T161,T75),T10),T23),(T51,T181)),T183),T110)),((((((T85,T62),T19),T139),((T25,T144),T28)),(((T93,((T154,T64),T22)),T167),T41)),(T36,T4))),((((T50,(T73,T102)),T78),((T99,T92),(((T6,T165),T192),T160))),((((((T173,T177),T155),((T35,T84),(T94,T151))),(T193,(T54,T191))),T86),T95))),(T0,(((T14,T136),(T174,(T34,T146))),(((T119,T89),(T3,T71)),(T164,T65))))),((((((((T12,T27),T18),(((T88,T37),(T168,((T40,T58),T16))),(((((T115,T141),T156),(T91,T7)),T120),(((((T53,T130),T175),T47),T163),(T196,T182))))),T176),((((T184,T90),((T52,T189),T5)),(((T42,T33),T107),T56)),(((((((T138,(T72,T199)),T195),(T171,T111)),(T157,T180)),(T152,T79)),((((((T125,T31),T69),T187),(T63,T39)),T100),T124)),T127))),((((T61,(((T68,T166),T133),T169)),((T21,(T1,T77)),(T131,T97))),(((T98,T198),T67),(T117,T186))),(((((((((T43,T116),(T153,T190)),(T17,T55)),T70),((T82,T132),T178)),(T45,(T103,T159))),((T197,(T121,T29)),((((((T194,T126),T46),T24),(T83,T148)),T113),(((((T15,T145),T172),(T179,T143)),T8),(T109,T158))))),(T49,T114)),T106))),T44),(((((T76,T48),T59),T74),((T200,(((((T108,T149),T81),T101),T38),(T11,((T122,T162),((T30,T66),T188))))),(T2,T60))),(((T13,T96),((T129,T112),T140)),((T123,T170),((T9,T87),T26)))))),T20),T134);
Initial score: 4.7139e+10
Initial tree: ((((((((((T135,T105),(((T185,T128),((T142,T150),T137)),T104)),((((T147,T57),T80),T32),T118)),((((((T161,T75),T10),T23),(T51,T181)),T183),T110)),((((((T85,T62),T19),T139),((T25,T144),T28)),(((T93,((T154,T64),T22)),T167),T41)),(T36,T4))),((((T50,(T73,T102)),T78),((T99,T92),(((T6,T165),T192),T160))),((((((T173,T177),T155),((T35,T84),(T94,T151))),(T193,(T54,T191))),T86),T95))),(T0,(((T14,T136),(T174,(T34,T146))),(((T119,T89),(T3,T71)),(T164,T65))))),((((((((T12,T27),T18),(((T88,T37),(T168,((T40,T58),T16))),(((((T115,T141),T156),(T91,T7)),T120),(((((T53,T130),T175),T47),T163),(T196,T182))))),T176),((((T184,T90),((T52,T189),T5)),(((T42,T33),T107),T56)),(((((((T138,(T72,T199)),T195),(T171,T111)),(T157,T180)),(T152,T79)),((((((T125,T31),T69),T187),(T63,T39)),T100),T124)),T127))),((((T61,(((T68,T166),T133),T169)),((T21,(T1,T77)),(T131,T97))),(((T98,T198),T67),(T117,T186))),(((((((((T43,T116),(T153,T190)),(T17,T55)),T70),((T82,T132),T178)),(T45,(T103,T159))),((T197,(T121,T29)),((((((T194,T126),T46),T24),(T83,T148)),T113),(((((T15,T145),T172),(T179,T143)),T8),(T109,T158))))),(T49,T114)),T106))),T44),(((((T76,T48),T59),T74),((T200,(((((T108,T149),T81),T101),T38),(T11,((T122,T162),((T30,T66),T188))))),(T2,T60))),(((T13,T96),((T129,T112),T140)),((T123,T170),((T9,T87),T26)))))),T20),T134);
*** Subsample Process ***
Use two-step algorithm!
#NNI moves:5/236
Remaining: 4
#NNI moves:16/236
#NNI moves:18/236
(((((((((((((((((((((((T153,T190),(T43,T116)),(T17,T55)),T70),(T178,(T82,T132))),((T103,T159),T45)),((T197,(T121,T29)),(((T158,T109),((((T15,T145),T172),(T179,T143)),T8)),(((T83,T148),(((T126,T194),T46),T24)),T113)))),(T114,T49)),T106),T44),(((T61,(((T166,T68),T133),T169)),((T131,T97),(T21,(T1,T77)))),((T186,T117),((T198,T98),T67)))),(((((((((T138,(T72,T199)),T195),(T111,T171)),(T180,T157)),(T152,T79)),((((T63,T39),(((T31,T125),T69),T187)),T100),T124)),T127),((((T33,T42),T107),T56),((T5,(T52,T189)),(T184,T90)))),(((((((T7,T91),((T115,T141),T156)),T120),((T196,T182),((((T53,T130),T175),T47),T163))),((T88,T37),(T168,(T16,(T40,T58))))),(T18,(T27,T12))),T176))),(((((T76,T48),T59),T74),(((((T101,((T108,T149),T81)),T38),(T11,((T162,T122),((T30,T66),T188)))),T200),(T2,T60))),(((T13,T96),((T112,T129),T140)),(((T87,T9),T26),(T170,T123))))),(T20,T134)),(T0,((((T146,T34),T174),(T14,T136)),((T65,T164),((T71,T3),(T89,T119)))))),((((T50,(T73,T102)),T78),((T160,((T6,T165),T192)),(T99,T92))),((((T193,(T54,T191)),(((T94,T151),(T84,T35)),(T155,(T177,T173)))),T86),T95))),((((T105,T135),(((T185,T128),((T142,T150),T137)),T104)),(T118,(T32,((T147,T57),T80)))),((((T51,T181),(T23,((T75,T161),T10))),T183),T110))),(T4,T36)),(((((T154,T64),T22),T93),T167),T41)),(((T85,T62),T19),T139)),T28),T25),T144);
#NNI moves:10/236
Remaining: 1
#NNI moves:26/236
#NNI moves:32/236
(((((((((((((((((T194,T126),T46),T24),(T148,T83)),T113),(((((T15,T145),T172),(T179,T143)),T8),(T158,T109))),((T29,T121),T197)),(((T103,T159),T45),(((T82,T132),T178),(((T55,T17),((T153,T190),(T43,T116))),T70)))),(T114,T49)),T106),T44),((((T131,T97),(T21,(T77,T1))),(((T133,(T166,T68)),T169),T61)),((T186,T117),((T198,T98),T67)))),(((((((T196,T182),(T163,(T47,((T53,T130),T175)))),((((T141,T115),T156),(T91,T7)),T120)),(((T16,(T40,T58)),T168),(T88,T37))),(T18,(T12,T27))),T176),(((((T152,T79),(((((T199,T72),T138),T195),(T111,T171)),(T180,T157))),(((((T69,(T125,T31)),T187),(T63,T39)),T100),T124)),T127),(((T5,(T52,T189)),(T184,T90)),(T56,((T33,T42),T107)))))),(((((T76,T48),T59),T74),((((T38,((T81,(T149,T108)),T101)),(((T162,T122),(T188,(T66,T30))),T11)),T200),(T60,T2))),(((T96,T13),((T112,T129),T140)),((T26,(T87,T9)),(T123,T170))))),((T0,((((T89,T119),(T71,T3)),(T164,T65)),((T136,T14),((T34,T146),T174)))),((((((T102,T73),T50),T78),((T99,T92),(T160,((T165,T6),T192)))),(((((T54,T191),T193),(((T151,T94),(T35,T84)),((T173,T177),T155))),T86),T95)),(((((((T62,T85),T19),T139),((T25,T144),T28)),(((((T64,T154),T22),T93),T167),T41)),(T36,T4)),((((((T147,T57),T80),T32),T118),((T135,T105),(((T137,(T150,T142)),(T185,T128)),T104))),((((T23,((T75,T161),T10)),(T181,T51)),T183),T110)))))),T134),T20);
#NNI moves:5/236
Remaining: 2
#NNI moves:13/236
#NNI moves:13/236
((((((((((((((((((((T22,(T154,T64)),T93),T167),T41),((((T62,T85),T19),T139),((T25,T144),T28))),(T4,T36)),((((((T137,(T150,T142)),(T128,T185)),T104),(T135,T105)),((T32,(T80,(T57,T147))),T118)),((T183,(((T10,(T161,T75)),T23),(T51,T181))),T110))),((((((T191,T54),T193),(((T35,T84),(T94,T151)),(T155,(T173,T177)))),T86),T95),((((T102,T73),T50),T78),((T160,(T192,(T165,T6))),(T99,T92))))),((((((T3,T71),(T89,T119)),(T164,T65)),(((T146,T34),T174),(T14,T136))),T134),T0)),T20),((((T170,T123),(T26,(T87,T9))),((T140,(T112,T129)),(T96,T13))),(((((T11,((T188,(T66,T30)),(T162,T122))),((((T149,T108),T81),T101),T38)),T200),(T60,T2)),(((T76,T48),T59),T74)))),((((((T77,T1),T21),(T131,T97)),((((T68,T166),T133),T169),T61)),(((T198,T98),T67),(T186,T117))),(T44,((((((((((T145,T15),T172),(T143,T179)),T8),(T109,T158)),((((T46,(T194,T126)),T24),(T83,T148)),T113)),((T29,T121),T197)),(((((T17,T55),((T190,T153),(T116,T43))),T70),(T178,(T132,T82))),((T103,T159),T45))),(T114,T49)),T106)))),((((T5,(T189,T52)),(T90,T184)),(((T42,T33),T107),T56)),((((((((T72,T199),T138),T195),(T111,T171)),(T157,T180)),(T152,T79)),(((((T69,(T125,T31)),T187),(T39,T63)),T100),T124)),T127))),T176),(T18,(T27,T12))),((((T40,T58),T16),T168),(T88,T37))),((((T115,T141),T156),(T7,T91)),T120)),(T196,T182)),(((T53,T130),T175),T47)),T163);
#NNI moves:1/236
Remaining: 3
#NNI moves:35/236
#NNI moves:38/236
(((((((((((((((((T17,T55),((T153,T190),(T43,T116))),T70),(T178,(T82,T132))),(T45,(T103,T159))),((((((T179,T143),((T15,T145),T172)),T8),(T109,T158)),(((((T126,T194),T46),T24),(T148,T83)),T113)),((T29,T121),T197))),(T49,T114)),T106),((((((T68,T166),T133),T169),T61),((T97,T131),((T1,T77),T21))),((T67,(T198,T98)),(T186,T117)))),((((((((T187,((T125,T31),T69)),(T39,T63)),T100),T124),((T79,T152),((((T138,(T72,T199)),T195),(T171,T111)),(T157,T180)))),T127),((((T33,T42),T107),T56),((T184,T90),(T5,(T52,T189))))),(((((T88,T37),((T16,(T40,T58)),T168)),(((T163,((T175,(T53,T130)),T47)),(T196,T182)),(((T156,(T141,T115)),(T91,T7)),T120))),(T18,(T12,T27))),T176))),T44),((T20,T134),((((((T183,((T23,((T75,T161),T10)),(T51,T181))),T110),(((T32,((T57,T147),T80)),T118),((T135,T105),((((T142,T150),T137),(T128,T185)),T104)))),((((((T85,T62),T19),T139),(T28,(T25,T144))),(T41,(((T22,(T154,T64)),T93),T167))),(T4,T36))),(((((((T35,T84),(T94,T151)),((T173,T177),T155)),(T193,(T191,T54))),T86),T95),(((T160,((T165,T6),T192)),(T99,T92)),(T78,(T50,(T102,T73)))))),(((((T71,T3),(T89,T119)),(T65,T164)),((T136,T14),((T146,T34),T174))),T0)))),((T74,(T59,(T48,T76))),(((((((T108,T149),T81),T101),T38),(((T122,T162),((T66,T30),T188)),T11)),T200),(T2,T60)))),((T96,T13),((T112,T129),T140))),(T170,T123)),(T9,T87)),T26);
Current score: 4.7139e+10
Current tree: ((T20,(((((((T183,((T23,((T75,T161),T10)),(T51,T181))),T110),(((T32,((T57,T147),T80)),T118),((T135,T105),((((T142,T150),T137),(T128,T185)),T104)))),((((((T85,T62),T19),T139),(T28,(T25,T144))),(T41,(((T22,(T154,T64)),T93),T167))),(T4,T36))),(((((((T35,T84),(T94,T151)),((T173,T177),T155)),(T193,(T191,T54))),T86),T95),(((T160,((T165,T6),T192)),(T99,T92)),(T78,(T50,(T102,T73)))))),(((((T71,T3),(T89,T119)),(T65,T164)),((T136,T14),((T146,T34),T174))),T0)),((((((((((((T17,T55),((T153,T190),(T43,T116))),T70),(T178,(T82,T132))),(T45,(T103,T159))),((((((T179,T143),((T15,T145),T172)),T8),(T109,T158)),(((((T126,T194),T46),T24),(T148,T83)),T113)),((T29,T121),T197))),(T49,T114)),T106),((((((T68,T166),T133),T169),T61),((T97,T131),((T1,T77),T21))),((T67,(T198,T98)),(T186,T117)))),((((((((T187,((T125,T31),T69)),(T39,T63)),T100),T124),((T79,T152),((((T138,(T72,T199)),T195),(T171,T111)),(T157,T180)))),T127),((((T33,T42),T107),T56),((T184,T90),(T5,(T52,T189))))),(((((T88,T37),((T16,(T40,T58)),T168)),(((T163,((T175,(T53,T130)),T47)),(T196,T182)),(((T156,(T141,T115)),(T91,T7)),T120))),(T18,(T12,T27))),T176))),T44),(((T74,(T59,(T48,T76))),(((((((T108,T149),T81),T101),T38),(((T122,T162),((T66,T30),T188)),T11)),T200),(T2,T60))),(((T96,T13),((T112,T129),T140)),((T170,T123),((T9,T87),T26))))))),T134);
Use two-step algorithm!
#NNI moves:0/236
Remaining: 1
#NNI moves:24/236
#NNI moves:24/236
((((((((((((((((((((((((T72,T199),T138),T195),(T171,T111)),(T180,T157)),(T79,T152)),((((T39,T63),(T187,((T31,T125),T69))),T100),T124)),T127),((((T52,T189),T5),(T184,T90)),(T56,((T42,T33),T107)))),(((((((T40,T58),T16),T168),(T37,T88)),((((T47,(T175,(T53,T130))),T163),(T196,T182)),(((T91,T7),(T156,(T141,T115))),T120))),((T27,T12),T18)),T176)),(((((((((((T190,T153),(T116,T43)),(T55,T17)),T70),(T178,(T132,T82))),((T103,T159),T45)),((((((T172,(T145,T15)),(T143,T179)),T8),(T158,T109)),(((((T126,T194),T46),T24),(T148,T83)),T113)),(T197,(T121,T29)))),(T114,T49)),T106),T44),((((T21,(T1,T77)),(T131,T97)),(((T133,(T68,T166)),T169),T61)),(((T98,T198),T67),(T186,T117))))),(((((T48,T76),T59),T74),(((((((T149,T108),T81),T101),T38),(((T188,(T66,T30)),(T162,T122)),T11)),T200),(T2,T60))),((((T129,T112),T140),(T96,T13)),((T123,T170),((T87,T9),T26))))),T20),((((((T3,T71),(T89,T119)),(T164,T65)),((T14,T136),((T34,T146),T174))),T134),T0)),(((((((T177,T173),T155),((T151,T94),(T35,T84))),((T54,T191),T193)),T86),T95),((((T192,(T165,T6)),T160),(T92,T99)),(((T73,T102),T50),T78)))),((((T139,((T62,T85),T19)),(T28,(T144,T25))),((T167,(T93,((T64,T154),T22))),T41)),(T4,T36))),(((((T137,(T150,T142)),(T128,T185)),T104),(T105,T135)),(((T80,(T147,T57)),T32),T118))),T110),T183),(T51,T181)),T23),T10),T161),T75);
#NNI moves:4/236
Remaining: 2
#NNI moves:42/236
#NNI moves:42/236
(((((((((((((((((((((((((T153,T190),(T116,T43)),(T17,T55)),T70),((T132,T82),T178)),(T45,(T159,T103))),((((T109,T158),(((T172,(T15,T145)),(T179,T143)),T8)),(((T83,T148),(T24,(T46,(T194,T126)))),T113)),((T121,T29),T197))),(T114,T49)),T106),T44),((((T131,T97),((T1,T77),T21)),((((T68,T166),T133),T169),T61)),(((T198,T98),T67),(T186,T117)))),((((((T168,((T40,T58),T16)),(T37,T88)),((((T47,(T175,(T130,T53))),T163),(T196,T182)),(((T156,(T115,T141)),(T91,T7)),T120))),((T27,T12),T18)),T176),(((((((T187,((T125,T31),T69)),(T39,T63)),T100),T124),((((T195,((T199,T72),T138)),(T111,T171)),(T180,T157)),(T152,T79))),T127),((((T52,T189),T5),(T90,T184)),(((T42,T33),T107),T56))))),(((((((((T30,T66),T188),(T162,T122)),T11),((((T108,T149),T81),T101),T38)),T200),(T2,T60)),(((T76,T48),T59),T74)),((((T129,T112),T140),(T13,T96)),((T170,T123),((T87,T9),T26))))),T0),T20),(((((T146,T34),T174),(T14,T136)),((T65,T164),((T3,T71),(T119,T89)))),T134)),((((((((T142,T150),T137),(T128,T185)),T104),(T105,T135)),((((T57,T147),T80),T32),T118)),((((((T161,T75),T10),T23),(T181,T51)),T183),T110)),((((T139,(T19,(T62,T85))),((T25,T144),T28)),((T167,(((T154,T64),T22),T93)),T41)),(T4,T36)))),((((T192,(T6,T165)),T160),(T92,T99)),((T50,(T102,T73)),T78))),T95),T86),((T191,T54),T193)),(T155,(T177,T173))),(T94,T151)),T84),T35);
#NNI moves:4/236
Remaining: 0
#NNI moves:26/236
#NNI moves:26/236
((((((((((((((((((((T63,T39),((T69,(T125,T31)),T187)),T100),T124),((((((T72,T199),T138),T195),(T111,T171)),(T180,T157)),(T152,T79))),T127),((((T33,T42),T107),T56),((T184,T90),((T52,T189),T5)))),((((((T163,((T175,(T130,T53)),T47)),(T182,T196)),((((T115,T141),T156),(T91,T7)),T120)),((((T40,T58),T16),T168),(T37,T88))),((T12,T27),T18)),T176)),(((((((((T55,T17),((T116,T43),(T190,T153))),T70),((T82,T132),T178)),((T103,T159),T45)),((((T109,T158),((((T145,T15),T172),(T143,T179)),T8)),(((((T126,T194),T46),T24),(T83,T148)),T113)),((T29,T121),T197))),(T49,T114)),T106),(((((T133,(T166,T68)),T169),T61),(((T77,T1),T21),(T131,T97))),((T186,T117),((T98,T198),T67))))),T44),(((((((((T66,T30),T188),(T162,T122)),T11),(((T81,(T149,T108)),T101),T38)),T200),(T2,T60)),(((T48,T76),T59),T74)),((((T112,T129),T140),(T13,T96)),(((T87,T9),T26),(T170,T123))))),(T134,T20)),(T0,(((T14,T136),((T34,T146),T174)),((T65,T164),((T3,T71),(T119,T89)))))),((((T50,(T102,T73)),T78),((T99,T92),(((T165,T6),T192),T160))),(((((T155,(T173,T177)),((T35,T84),(T94,T151))),((T191,T54),T193)),T86),T95))),((((((T62,T85),T19),T139),(T28,(T144,T25))),((((T22,(T154,T64)),T93),T167),T41)),(T36,T4))),((((T23,(T10,(T161,T75))),(T51,T181)),T183),T110)),((((T57,T147),T80),T32),T118)),(T135,T105)),((T185,T128),(T137,(T142,T150)))),T104);
#NNI moves:0/236
Remaining: 2
#NNI moves:18/236
#NNI moves:19/236
((((((((((((((((((((((T177,T173),T155),((T151,T94),(T35,T84))),((T191,T54),T193)),T86),T95),((T78,(T50,(T73,T102))),((T160,((T6,T165),T192)),(T99,T92)))),((((((T80,(T57,T147)),T32),T118),(((((T142,T150),T137),(T128,T185)),T104),(T105,T135))),((((T181,T51),(((T161,T75),T10),T23)),T183),T110)),(((((T144,T25),T28),((T19,(T85,T62)),T139)),((T167,((T22,(T154,T64)),T93)),T41)),(T4,T36)))),((((((T3,T71),(T119,T89)),(T65,T164)),(((T34,T146),T174),(T136,T14))),T134),T0)),T20),(((((((((T30,T66),T188),(T122,T162)),T11),(((T81,(T149,T108)),T101),T38)),T200),(T2,T60)),(T74,((T48,T76),T59))),((((T129,T112),T140),(T13,T96)),(((T9,T87),T26),(T123,T170))))),T44),((((((((((T143,T179),((T145,T15),T172)),T8),(T109,T158)),(((((T126,T194),T46),T24),(T148,T83)),T113)),((T121,T29),T197)),((((((T190,T153),(T43,T116)),(T55,T17)),T70),((T132,T82),T178)),((T103,T159),T45))),(T114,T49)),T106),(((((T1,T77),T21),(T97,T131)),((((T68,T166),T133),T169),T61)),((T67,(T198,T98)),(T117,T186))))),(((((((((T53,T130),T175),T47),T163),(T182,T196)),(((T7,T91),(T156,(T115,T141))),T120)),((((T40,T58),T16),T168),(T37,T88))),(T18,(T12,T27))),T176)),((T56,((T33,T42),T107)),((T184,T90),(T5,(T52,T189))))),T127),((((((T199,T72),T138),T195),(T171,T111)),(T180,T157)),(T152,T79))),T124),T100),(T187,((T31,T125),T69))),T39),T63);
Current score: 4.7139e+10
Current tree: ((T20,(((((((((((T30,T66),T188),(T122,T162)),T11),(((T81,(T149,T108)),T101),T38)),T200),(T2,T60)),(T74,((T48,T76),T59))),((((T129,T112),T140),(T13,T96)),(((T9,T87),T26),(T123,T170)))),(T44,(((((((((((T143,T179),((T145,T15),T172)),T8),(T109,T158)),(((((T126,T194),T46),T24),(T148,T83)),T113)),((T121,T29),T197)),((((((T190,T153),(T43,T116)),(T55,T17)),T70),((T132,T82),T178)),((T103,T159),T45))),(T114,T49)),T106),(((((T1,T77),T21),(T97,T131)),((((T68,T166),T133),T169),T61)),((T67,(T198,T98)),(T117,T186)))),((((((((((T53,T130),T175),T47),T163),(T182,T196)),(((T7,T91),(T156,(T115,T141))),T120)),((((T40,T58),T16),T168),(T37,T88))),(T18,(T12,T27))),T176),(((T56,((T33,T42),T107)),((T184,T90),(T5,(T52,T189)))),(T127,(((((((T199,T72),T138),T195),(T171,T111)),(T180,T157)),(T152,T79)),(T124,(T100,((T187,((T31,T125),T69)),(T39,T63))))))))))),((T0,((((T3,T71),(T119,T89)),(T65,T164)),(((T34,T146),T174),(T136,T14)))),((((((((T177,T173),T155),((T151,T94),(T35,T84))),((T191,T54),T193)),T86),T95),((T78,(T50,(T73,T102))),((T160,((T6,T165),T192)),(T99,T92)))),((((((T80,(T57,T147)),T32),T118),(((((T142,T150),T137),(T128,T185)),T104),(T105,T135))),((((T181,T51),(((T161,T75),T10),T23)),T183),T110)),(((((T144,T25),T28),((T19,(T85,T62)),T139)),((T167,((T22,(T154,T64)),T93)),T41)),(T4,T36))))))),T134);
Final Tree: ((T20,(((((((((((T30,T66),T188),(T122,T162)),T11),(((T81,(T149,T108)),T101),T38)),T200),(T2,T60)),(T74,((T48,T76),T59))),((((T129,T112),T140),(T13,T96)),(((T9,T87),T26),(T123,T170)))),(T44,(((((((((((T143,T179),((T145,T15),T172)),T8),(T109,T158)),(((((T126,T194),T46),T24),(T148,T83)),T113)),((T121,T29),T197)),((((((T190,T153),(T43,T116)),(T55,T17)),T70),((T132,T82),T178)),((T103,T159),T45))),(T114,T49)),T106),(((((T1,T77),T21),(T97,T131)),((((T68,T166),T133),T169),T61)),((T67,(T198,T98)),(T117,T186)))),((((((((((T53,T130),T175),T47),T163),(T182,T196)),(((T7,T91),(T156,(T115,T141))),T120)),((((T40,T58),T16),T168),(T37,T88))),(T18,(T12,T27))),T176),(((T56,((T33,T42),T107)),((T184,T90),(T5,(T52,T189)))),(T127,(((((((T199,T72),T138),T195),(T171,T111)),(T180,T157)),(T152,T79)),(T124,(T100,((T187,((T31,T125),T69)),(T39,T63))))))))))),((T0,((((T3,T71),(T119,T89)),(T65,T164)),(((T34,T146),T174),(T136,T14)))),((((((((T177,T173),T155),((T151,T94),(T35,T84))),((T191,T54),T193)),T86),T95),((T78,(T50,(T73,T102))),((T160,((T6,T165),T192)),(T99,T92)))),((((((T80,(T57,T147)),T32),T118),(((((T142,T150),T137),(T128,T185)),T104),(T105,T135))),((((T181,T51),(((T161,T75),T10),T23)),T183),T110)),(((((T144,T25),T28),((T19,(T85,T62)),T139)),((T167,((T22,(T154,T64)),T93)),T41)),(T4,T36))))))),T134);
Score: 4.713897695e+10

real	1m31.722s
user	34m34.041s
sys	0m18.044s
