Weighted ASTRAL - Hybrid
Version: v1.13.2.3
#Genetrees: 2000
#Species: 201
#Rounds: 4
#Samples: 4
#Threads: 32
Use two-step algorithm!
Guide Tree 0/27
#NNI moves:0/236
Guide Tree 1/27
#NNI moves:0/236
Guide Tree 2/27
#NNI moves:3/236
Guide Tree 3/27
#NNI moves:2/236
Guide Tree 4/27
#NNI moves:3/236
Guide Tree 5/27
#NNI moves:1/236
Guide Tree 6/27
#NNI moves:0/236
Guide Tree 7/27
#NNI moves:0/236
Guide Tree 8/27
#NNI moves:0/236
Guide Tree 9/27
#NNI moves:0/236
Guide Tree 10/27
#NNI moves:1/236
Guide Tree 11/27
#NNI moves:0/236
Guide Tree 12/27
#NNI moves:1/236
Guide Tree 13/27
#NNI moves:3/236
Guide Tree 14/27
#NNI moves:0/236
Guide Tree 15/27
#NNI moves:0/236
Guide Tree 16/27
#NNI moves:1/236
Guide Tree 17/27
#NNI moves:0/236
Guide Tree 18/27
#NNI moves:0/236
Guide Tree 19/27
#NNI moves:0/236
Guide Tree 20/27
#NNI moves:3/236
Guide Tree 21/27
#NNI moves:0/236
Guide Tree 22/27
#NNI moves:3/236
Guide Tree 23/27
#NNI moves:1/236
Guide Tree 24/27
#NNI moves:0/236
Guide Tree 25/27
#NNI moves:3/236
Guide Tree 26/27
#NNI moves:0/236
Remaining: 0
#NNI moves:8/236
#NNI moves:8/236
((((((((((((((((((((T183,((T33,T129),T57)),(T29,T86)),((T12,(((T13,T76),(T125,T27)),T26)),T173)),((((((T96,T88),(T37,(((T98,T160),T190),T32))),T108),(T157,T127)),T4),T164)),(T178,T103)),((((((T167,(T87,T1)),T84),T14),T177),(((T131,T147),T43),(T73,T132))),(((T159,T85),(T38,T115)),T105))),(T179,T161)),(((((((T53,T162),(T77,T104)),(T97,T138)),((T35,T120),(T128,T113))),(T174,T64)),T70),((T15,T66),T49))),(T62,T119)),(((((((T112,T61),(T180,T144)),(((T158,T126),T142),T21)),(T176,T8)),(T185,T195)),(((((T83,T191),(((T106,T25),(T117,((T11,T60),T19))),T139)),(T148,((T121,T56),T170))),((T155,(T7,T123)),((T90,T152),T39))),(((T140,T99),(T2,T194)),(T200,T18)))),((((((T23,T150),(T156,T40)),(((T122,T78),T165),(((T17,T169),T149),(T48,T54)))),(((T172,(T79,T55)),T69),T28)),((T182,T184),T188)),((T45,(T44,T75)),T46)))),T0),((((((T47,T171),T130),((((T189,(T134,(T94,T116))),T146),(T175,T192)),T20)),(T42,T154)),(T163,T101)),((((((T22,T145),(T186,T193)),(((((((T72,T166),T196),T124),T199),(T89,T9)),T65),T52)),T34),T143),(((T95,T58),T153),(((((T36,T74),(T110,T114)),(T41,T63)),T67),(((T30,T51),T82),(T50,T59))))))),(((((T137,T181),T5),T91),(T168,T24)),(((((((T197,T141),(T102,T80)),(T135,T118)),T31),T92),(T198,T6)),((T93,T3),(T136,T71))))),T133),(T151,T187)),(T68,T100)),(T81,T111)),(T10,T16)),T107),T109);
Guide Tree 0/27
#NNI moves:6/236
Guide Tree 1/27
#NNI moves:5/236
Guide Tree 2/27
#NNI moves:0/236
Guide Tree 3/27
#NNI moves:3/236
Guide Tree 4/27
#NNI moves:0/236
Guide Tree 5/27
#NNI moves:0/236
Guide Tree 6/27
#NNI moves:1/236
Guide Tree 7/27
#NNI moves:4/236
Guide Tree 8/27
#NNI moves:0/236
Guide Tree 9/27
#NNI moves:5/236
Guide Tree 10/27
#NNI moves:0/236
Guide Tree 11/27
#NNI moves:0/236
Guide Tree 12/27
#NNI moves:4/236
Guide Tree 13/27
#NNI moves:1/236
Guide Tree 14/27
#NNI moves:3/236
Guide Tree 15/27
#NNI moves:1/236
Guide Tree 16/27
#NNI moves:4/236
Guide Tree 17/27
#NNI moves:0/236
Guide Tree 18/27
#NNI moves:1/236
Guide Tree 19/27
#NNI moves:0/236
Guide Tree 20/27
#NNI moves:4/236
Guide Tree 21/27
#NNI moves:0/236
Guide Tree 22/27
#NNI moves:0/236
Guide Tree 23/27
#NNI moves:1/236
Guide Tree 24/27
#NNI moves:3/236
Guide Tree 25/27
#NNI moves:1/236
Guide Tree 26/27
#NNI moves:0/236
Remaining: 0
#NNI moves:15/236
#NNI moves:15/236
((((((((((((((((((((T29,T86),((T57,(T33,T129)),T183)),(((((T13,T76),(T125,T27)),T26),T12),T173)),((((((T88,T96),((T32,(T190,(T98,T160))),T37)),T108),(T157,T127)),T4),T164)),(T103,T178)),((((T43,(T131,T147)),(T132,T73)),(((((T1,T87),T167),T84),T14),T177)),(((T38,T115),(T85,T159)),T105))),(T161,T179)),(((((((T77,T104),(T162,T53)),(T97,T138)),((T128,T113),(T120,T35))),(T64,T174)),T70),((T15,T66),T49))),(T119,T62)),(((((((((T106,T25),(((T11,T60),T19),T117)),T139),(T83,T191)),(T148,((T56,T121),T170))),(((T152,T90),T39),((T7,T123),T155))),(((T2,T194),(T99,T140)),(T18,T200))),(((((T180,T144),(T61,T112)),((T142,(T126,T158)),T21)),(T176,T8)),(T195,T185))),(((((((T149,(T17,T169)),(T54,T48)),(T165,(T122,T78))),((T156,T40),(T150,T23))),((((T79,T55),T172),T69),T28)),((T182,T184),T188)),((T45,(T44,T75)),T46)))),T0),((((((T59,T50),((T30,T51),T82)),(T67,(((T110,T114),(T74,T36)),(T41,T63)))),((T95,T58),T153)),(((((((((T196,(T166,T72)),T124),T199),(T89,T9)),T65),T52),((T22,T145),(T186,T193))),T34),T143)),((((T20,(((T189,((T94,T116),T134)),T146),(T175,T192))),((T47,T171),T130)),(T154,T42)),(T101,T163)))),(((((((T118,T135),((T197,T141),(T80,T102))),T31),T92),(T198,T6)),((T3,T93),(T136,T71))),((T91,(T5,(T181,T137))),(T168,T24)))),T133),(T151,T187)),(T100,T68)),(T111,T81)),(T10,T16)),T107),T109);
Guide Tree 0/27
#NNI moves:3/236
Guide Tree 1/27
#NNI moves:0/236
Guide Tree 2/27
#NNI moves:0/236
Guide Tree 3/27
#NNI moves:1/236
Guide Tree 4/27
#NNI moves:0/236
Guide Tree 5/27
#NNI moves:0/236
Guide Tree 6/27
#NNI moves:0/236
Guide Tree 7/27
#NNI moves:3/236
Guide Tree 8/27
#NNI moves:1/236
Guide Tree 9/27
#NNI moves:0/236
Guide Tree 10/27
#NNI moves:0/236
Guide Tree 11/27
#NNI moves:3/236
Guide Tree 12/27
#NNI moves:3/236
Guide Tree 13/27
#NNI moves:3/236
Guide Tree 14/27
#NNI moves:0/236
Guide Tree 15/27
#NNI moves:1/236
Guide Tree 16/27
#NNI moves:1/236
Guide Tree 17/27
#NNI moves:0/236
Guide Tree 18/27
#NNI moves:6/236
Guide Tree 19/27
#NNI moves:3/236
Guide Tree 20/27
#NNI moves:0/236
Guide Tree 21/27
#NNI moves:3/236
Guide Tree 22/27
#NNI moves:1/236
Guide Tree 23/27
#NNI moves:3/236
Guide Tree 24/27
#NNI moves:0/236
Guide Tree 25/27
#NNI moves:2/236
Guide Tree 26/27
#NNI moves:0/236
Remaining: 0
#NNI moves:17/236
#NNI moves:17/236
(((((((((((((((((T39,(T90,T152)),(T155,(T7,T123))),((T148,((T56,T121),T170)),((((T25,T106),((T19,(T60,T11)),T117)),T139),(T191,T83)))),(((T2,T194),(T99,T140)),(T200,T18))),((T185,T195),((((T142,(T126,T158)),T21),((T61,T112),(T180,T144))),(T176,T8)))),((((((T23,T150),(T156,T40)),(((T149,(T169,T17)),(T48,T54)),(T165,(T122,T78)))),((T69,((T79,T55),T172)),T28)),((T182,T184),T188)),((T45,(T44,T75)),T46))),((((((((((((T37,(T32,((T98,T160),T190))),(T88,T96)),T108),(T127,T157)),T4),T164),(((T12,(((T13,T76),(T125,T27)),T26)),T173),((((T33,T129),T57),T183),(T86,T29)))),(T178,T103)),((((T159,T85),(T115,T38)),T105),(((((T167,(T1,T87)),T84),T14),T177),((T73,T132),((T147,T131),T43))))),(T161,T179)),((((((T120,T35),(T128,T113)),((T138,T97),((T77,T104),(T53,T162)))),(T64,T174)),T70),((T15,T66),T49))),(T119,T62))),T0),(((((((T22,T145),(T186,T193)),(((((((T72,T166),T196),T124),T199),(T9,T89)),T65),T52)),T34),T143),((((((T110,T114),(T74,T36)),(T41,T63)),T67),(((T51,T30),T82),(T59,T50))),((T95,T58),T153))),(((((T47,T171),T130),(((((T134,(T94,T116)),T189),T146),(T175,T192)),T20)),(T42,T154)),(T101,T163)))),((((((((T102,T80),(T197,T141)),(T118,T135)),T31),T92),(T6,T198)),((T136,T71),(T93,T3))),((((T181,T137),T5),T91),(T24,T168)))),T133),(T151,T187)),(T100,T68)),(T81,T111)),(T16,T10)),T107),T109);
Guide Tree 0/27
#NNI moves:1/236
Guide Tree 1/27
#NNI moves:6/236
Guide Tree 2/27
#NNI moves:1/236
Guide Tree 3/27
#NNI moves:3/236
Guide Tree 4/27
#NNI moves:4/236
Guide Tree 5/27
#NNI moves:4/236
Guide Tree 6/27
#NNI moves:8/236
Guide Tree 7/27
#NNI moves:4/236
Guide Tree 8/27
#NNI moves:6/236
Guide Tree 9/27
#NNI moves:4/236
Guide Tree 10/27
#NNI moves:1/236
Guide Tree 11/27
#NNI moves:2/236
Guide Tree 12/27
#NNI moves:3/236
Guide Tree 13/27
#NNI moves:6/236
Guide Tree 14/27
#NNI moves:5/236
Guide Tree 15/27
#NNI moves:0/236
Guide Tree 16/27
#NNI moves:4/236
Guide Tree 17/27
#NNI moves:5/236
Guide Tree 18/27
#NNI moves:0/236
Guide Tree 19/27
#NNI moves:2/236
Guide Tree 20/27
#NNI moves:1/236
Guide Tree 21/27
#NNI moves:2/236
Guide Tree 22/27
#NNI moves:4/236
Guide Tree 23/27
#NNI moves:6/236
Guide Tree 24/27
#NNI moves:3/236
Guide Tree 25/27
#NNI moves:7/236
Guide Tree 26/27
#NNI moves:5/236
Remaining: 1
#NNI moves:18/236
#NNI moves:18/236
((((((((((((((((((T7,T123),T155),((T152,T90),T39)),(((((((T60,T11),T19),T117),(T25,T106)),T139),(T191,T83)),(T148,((T56,T121),T170)))),(((T194,T2),(T99,T140)),(T18,T200))),(((T8,T176),((T21,((T158,T126),T142)),((T61,T112),(T144,T180)))),(T185,T195))),(((((((T79,T55),T172),T69),T28),((((T48,T54),((T17,T169),T149)),(T165,(T78,T122))),((T156,T40),(T23,T150)))),(T188,(T184,T182))),(((T75,T44),T45),T46))),(((((((((((((((T98,T160),T190),T32),T37),(T96,T88)),T108),(T127,T157)),T4),T164),((((T57,(T33,T129)),T183),(T29,T86)),(((((T27,T125),(T13,T76)),T26),T12),T173))),(T103,T178)),((((T85,T159),(T38,T115)),T105),((((((T1,T87),T167),T84),T14),T177),(((T131,T147),T43),(T132,T73))))),(T161,T179)),(((((((T162,T53),(T104,T77)),(T97,T138)),((T113,T128),(T120,T35))),(T174,T64)),T70),((T66,T15),T49))),(T62,T119))),T0),(((((((T175,T192),(((T134,(T94,T116)),T189),T146)),T20),((T47,T171),T130)),(T154,T42)),(T163,T101)),(((((((((((T166,T72),T196),T124),T199),(T89,T9)),T65),T52),((T145,T22),(T193,T186))),T34),T143),((((((T114,T110),(T74,T36)),(T41,T63)),T67),((T50,T59),(T82,(T51,T30)))),(T153,(T58,T95)))))),((((((((T141,T197),(T80,T102)),(T135,T118)),T31),T92),(T198,T6)),((T71,T136),(T3,T93))),((((T181,T137),T5),T91),(T24,T168)))),T133),(T151,T187)),(T100,T68)),(T111,T81)),(T10,T16)),T107),T109);
Initial score: 4.22558e+10
Initial tree: ((((((((((((((((((T7,T123),T155),((T152,T90),T39)),(((((((T60,T11),T19),T117),(T25,T106)),T139),(T191,T83)),(T148,((T56,T121),T170)))),(((T194,T2),(T99,T140)),(T18,T200))),(((T8,T176),((T21,((T158,T126),T142)),((T61,T112),(T144,T180)))),(T185,T195))),(((((((T79,T55),T172),T69),T28),((((T48,T54),((T17,T169),T149)),(T165,(T78,T122))),((T156,T40),(T23,T150)))),(T188,(T184,T182))),(((T75,T44),T45),T46))),(((((((((((((((T98,T160),T190),T32),T37),(T96,T88)),T108),(T127,T157)),T4),T164),((((T57,(T33,T129)),T183),(T29,T86)),(((((T27,T125),(T13,T76)),T26),T12),T173))),(T103,T178)),((((T85,T159),(T38,T115)),T105),((((((T1,T87),T167),T84),T14),T177),(((T131,T147),T43),(T132,T73))))),(T161,T179)),(((((((T162,T53),(T104,T77)),(T97,T138)),((T113,T128),(T120,T35))),(T174,T64)),T70),((T66,T15),T49))),(T62,T119))),T0),(((((((T175,T192),(((T134,(T94,T116)),T189),T146)),T20),((T47,T171),T130)),(T154,T42)),(T163,T101)),(((((((((((T166,T72),T196),T124),T199),(T89,T9)),T65),T52),((T145,T22),(T193,T186))),T34),T143),((((((T114,T110),(T74,T36)),(T41,T63)),T67),((T50,T59),(T82,(T51,T30)))),(T153,(T58,T95)))))),((((((((T141,T197),(T80,T102)),(T135,T118)),T31),T92),(T198,T6)),((T71,T136),(T3,T93))),((((T181,T137),T5),T91),(T24,T168)))),T133),(T151,T187)),(T100,T68)),(T111,T81)),(T10,T16)),T107),T109);
*** Subsample Process ***
Use two-step algorithm!
#NNI moves:3/236
Remaining: 0
#NNI moves:9/236
#NNI moves:9/236
((((((((((((((((((((T141,T197),(T102,T80)),(T135,T118)),T31),T92),(T198,T6)),((T136,T71),(T93,T3))),((T91,(T5,(T137,T181))),(T24,T168))),((((((T107,T109),(T10,T16)),(T111,T81)),(T100,T68)),(T151,T187)),T133)),(((((((T65,(((((T72,T166),T196),T124),T199),(T89,T9))),T52),((T193,T186),(T145,T22))),T34),T143),((((((T74,T36),(T114,T110)),(T63,T41)),T67),((T50,T59),(T82,(T51,T30)))),(T153,(T95,T58)))),(((T154,T42),(((T47,T171),T130),(((T175,T192),((((T116,T94),T134),T189),T146)),T20))),(T101,T163)))),T0),((((((((((((((T190,(T160,T98)),T32),T37),(T88,T96)),T108),(T127,T157)),T4),T164),((((((T125,T27),(T13,T76)),T26),T12),T173),(((T57,(T33,T129)),T183),(T29,T86)))),(T178,T103)),((((((T167,(T1,T87)),T84),T14),T177),(((T131,T147),T43),(T73,T132))),(T105,((T159,T85),(T115,T38))))),(T179,T161)),(((T15,T66),T49),((((((T77,T104),(T162,T53)),(T138,T97)),((T120,T35),(T113,T128))),(T174,T64)),T70))),(T62,T119))),((((((T23,T150),(T40,T156)),((((T169,T17),T149),(T48,T54)),((T122,T78),T165))),((((T79,T55),T172),T69),T28)),(T188,(T184,T182))),(T46,((T44,T75),T45)))),((((T21,((T158,T126),T142)),((T180,T144),(T61,T112))),(T8,T176)),(T195,T185))),(((T99,T140),(T2,T194)),(T18,T200))),(((((((T60,T11),T19),T117),(T25,T106)),T139),(T83,T191)),(((T56,T121),T170),T148))),(T39,(T152,T90))),T155),T123),T7);
#NNI moves:3/236
Remaining: 0
#NNI moves:31/236
#NNI moves:31/236
(((((((((((((((((((((((T13,T76),(T125,T27)),T26),T12),T173),((((T129,T33),T57),T183),(T86,T29))),((((((T37,((T190,(T160,T98)),T32)),(T96,T88)),T108),(T127,T157)),T4),T164)),(T178,T103)),(((((((T87,T1),T167),T84),T14),T177),((T132,T73),((T147,T131),T43))),(((T115,T38),(T85,T159)),T105))),(T179,T161)),(((T66,T15),T49),(((((T113,T128),(T35,T120)),((T138,T97),((T77,T104),(T53,T162)))),(T174,T64)),T70))),(T119,T62)),(((((((T112,T61),(T144,T180)),(((T126,T158),T142),T21)),(T8,T176)),(T195,T185)),((((T194,T2),(T99,T140)),(T200,T18)),(((((T56,T121),T170),T148),((T191,T83),(((T25,T106),(((T60,T11),T19),T117)),T139))),((T155,(T123,T7)),(T39,(T90,T152)))))),((((T44,T75),T45),T46),(((((T150,T23),(T156,T40)),(((T122,T78),T165),(((T17,T169),T149),(T54,T48)))),(T28,(((T79,T55),T172),T69))),((T182,T184),T188))))),T0),((((((((((T124,((T166,T72),T196)),T199),(T9,T89)),T65),T52),((T193,T186),(T22,T145))),T34),T143),(((T95,T58),T153),(((T50,T59),(T82,(T51,T30))),((((T110,T114),(T36,T74)),(T41,T63)),T67)))),((T163,T101),(((T20,(((((T116,T94),T134),T189),T146),(T175,T192))),(T130,(T171,T47))),(T154,T42))))),(((((T31,(((T197,T141),(T102,T80)),(T118,T135))),T92),(T198,T6)),((T136,T71),(T93,T3))),((((T137,T181),T5),T91),(T168,T24)))),T133),(T187,T151)),(T100,T68)),(T81,T111)),(T10,T16)),T109),T107);
#NNI moves:6/236
Remaining: 0
#NNI moves:20/236
#NNI moves:20/236
((((((((((((((((((((((T106,T25),(T117,((T11,T60),T19))),T139),(T83,T191)),(T148,(T170,(T121,T56)))),((T155,(T123,T7)),(T39,(T152,T90)))),(((T140,T99),(T2,T194)),(T18,T200))),((((((T158,T126),T142),T21),((T112,T61),(T180,T144))),(T8,T176)),(T185,T195))),((((((T23,T150),(T40,T156)),((((T17,T169),T149),(T48,T54)),((T122,T78),T165))),(((T172,(T55,T79)),T69),T28)),(T188,(T184,T182))),((T45,(T44,T75)),T46))),((((((((((T110,T114),(T36,T74)),(T41,T63)),T67),(((T51,T30),T82),(T59,T50))),(T153,(T58,T95))),(((((T186,T193),(T22,T145)),(((((T124,((T72,T166),T196)),T199),(T9,T89)),T65),T52)),T34),T143)),(((T154,T42),((((T175,T192),((((T94,T116),T134),T189),T146)),T20),((T171,T47),T130))),(T101,T163))),(((((T198,T6),((T31,(((T141,T197),(T102,T80)),(T118,T135))),T92)),((T3,T93),(T71,T136))),(((T5,(T181,T137)),T91),(T24,T168))),(T133,((((T81,T111),((T10,T16),(T109,T107))),(T100,T68)),(T187,T151))))),T0)),(T119,T62)),(((((((T104,T77),(T53,T162)),(T138,T97)),((T113,T128),(T120,T35))),(T174,T64)),T70),((T66,T15),T49))),(T161,T179)),(((((((((T32,((T98,T160),T190)),T37),(T88,T96)),T108),(T157,T127)),T4),T164),(((T29,T86),(T183,((T33,T129),T57))),(((((T27,T125),(T76,T13)),T26),T12),T173))),(T178,T103))),(((T115,T38),(T159,T85)),T105)),((T73,T132),(T43,(T131,T147)))),T177),T14),T84),T167),T87),T1);
#NNI moves:1/236
Remaining: 2
#NNI moves:25/236
#NNI moves:25/236
((((((((((((((((((T61,T112),(T180,T144)),(T21,((T158,T126),T142))),(T176,T8)),(T195,T185)),((((T155,(T123,T7)),((T90,T152),T39)),((((T121,T56),T170),T148),((T139,(((T19,(T11,T60)),T117),(T25,T106))),(T191,T83)))),(((T2,T194),(T140,T99)),(T200,T18)))),(((((((T54,T48),((T169,T17),T149)),((T122,T78),T165)),((T156,T40),(T23,T150))),(((T172,(T79,T55)),T69),T28)),(T188,(T184,T182))),(T46,((T75,T44),T45)))),(((((((((((T33,T129),T57),T183),(T29,T86)),(((((T125,T27),(T76,T13)),T26),T12),T173)),((((T108,(((T32,((T98,T160),T190)),T37),(T96,T88))),(T127,T157)),T4),T164)),(T178,T103)),(((T177,(((T167,(T1,T87)),T84),T14)),((T43,(T147,T131)),(T132,T73))),(((T115,T38),(T85,T159)),T105))),(T179,T161)),(((((((T104,T77),(T53,T162)),(T97,T138)),((T35,T120),(T113,T128))),(T174,T64)),T70),((T66,T15),T49))),(T62,T119))),T0),(((((T67,(((T74,T36),(T110,T114)),(T41,T63))),((T82,(T51,T30)),(T50,T59))),(T153,(T95,T58))),((((((((((T72,T166),T196),T124),T199),(T9,T89)),T65),T52),((T145,T22),(T186,T193))),T34),T143)),(((((((((T94,T116),T134),T189),T146),(T192,T175)),T20),(T130,(T47,T171))),(T154,T42)),(T163,T101)))),(((((T31,(((T102,T80),(T141,T197)),(T118,T135))),T92),(T6,T198)),((T71,T136),(T3,T93))),((T24,T168),(((T181,T137),T5),T91)))),T133),(T151,T187)),(T100,T68)),(T111,T81)),(T10,T16)),T109),T107);
Current score: 4.22558e+10
Current tree: ((((((((((((((((((T61,T112),(T180,T144)),(T21,((T158,T126),T142))),(T176,T8)),(T195,T185)),((((T155,(T123,T7)),((T90,T152),T39)),((((T121,T56),T170),T148),((T139,(((T19,(T11,T60)),T117),(T25,T106))),(T191,T83)))),(((T2,T194),(T140,T99)),(T200,T18)))),(((((((T54,T48),((T169,T17),T149)),((T122,T78),T165)),((T156,T40),(T23,T150))),(((T172,(T79,T55)),T69),T28)),(T188,(T184,T182))),(T46,((T75,T44),T45)))),(((((((((((T33,T129),T57),T183),(T29,T86)),(((((T125,T27),(T76,T13)),T26),T12),T173)),((((T108,(((T32,((T98,T160),T190)),T37),(T96,T88))),(T127,T157)),T4),T164)),(T178,T103)),(((T177,(((T167,(T1,T87)),T84),T14)),((T43,(T147,T131)),(T132,T73))),(((T115,T38),(T85,T159)),T105))),(T179,T161)),(((((((T104,T77),(T53,T162)),(T97,T138)),((T35,T120),(T113,T128))),(T174,T64)),T70),((T66,T15),T49))),(T62,T119))),T0),(((((T67,(((T74,T36),(T110,T114)),(T41,T63))),((T82,(T51,T30)),(T50,T59))),(T153,(T95,T58))),((((((((((T72,T166),T196),T124),T199),(T9,T89)),T65),T52),((T145,T22),(T186,T193))),T34),T143)),(((((((((T94,T116),T134),T189),T146),(T192,T175)),T20),(T130,(T47,T171))),(T154,T42)),(T163,T101)))),(((((T31,(((T102,T80),(T141,T197)),(T118,T135))),T92),(T6,T198)),((T71,T136),(T3,T93))),((T24,T168),(((T181,T137),T5),T91)))),T133),(T151,T187)),(T100,T68)),(T111,T81)),(T10,T16)),T107),T109);
Final Tree: ((((((((((((((((((T61,T112),(T180,T144)),(T21,((T158,T126),T142))),(T176,T8)),(T195,T185)),((((T155,(T123,T7)),((T90,T152),T39)),((((T121,T56),T170),T148),((T139,(((T19,(T11,T60)),T117),(T25,T106))),(T191,T83)))),(((T2,T194),(T140,T99)),(T200,T18)))),(((((((T54,T48),((T169,T17),T149)),((T122,T78),T165)),((T156,T40),(T23,T150))),(((T172,(T79,T55)),T69),T28)),(T188,(T184,T182))),(T46,((T75,T44),T45)))),(((((((((((T33,T129),T57),T183),(T29,T86)),(((((T125,T27),(T76,T13)),T26),T12),T173)),((((T108,(((T32,((T98,T160),T190)),T37),(T96,T88))),(T127,T157)),T4),T164)),(T178,T103)),(((T177,(((T167,(T1,T87)),T84),T14)),((T43,(T147,T131)),(T132,T73))),(((T115,T38),(T85,T159)),T105))),(T179,T161)),(((((((T104,T77),(T53,T162)),(T97,T138)),((T35,T120),(T113,T128))),(T174,T64)),T70),((T66,T15),T49))),(T62,T119))),T0),(((((T67,(((T74,T36),(T110,T114)),(T41,T63))),((T82,(T51,T30)),(T50,T59))),(T153,(T95,T58))),((((((((((T72,T166),T196),T124),T199),(T9,T89)),T65),T52),((T145,T22),(T186,T193))),T34),T143)),(((((((((T94,T116),T134),T189),T146),(T192,T175)),T20),(T130,(T47,T171))),(T154,T42)),(T163,T101)))),(((((T31,(((T102,T80),(T141,T197)),(T118,T135))),T92),(T6,T198)),((T71,T136),(T3,T93))),((T24,T168),(((T181,T137),T5),T91)))),T133),(T151,T187)),(T100,T68)),(T111,T81)),(T10,T16)),T107),T109);
Score: 4.225582344e+10

real	1m55.290s
user	28m30.030s
sys	0m33.211s
