
RAxML-NG v. 1.1.0-master released on 04.08.2022 by The Exelixis Lab.
Developed by: Alexey M. Kozlov and Alexandros Stamatakis.
Contributors: Diego Darriba, Tomas Flouri, Benoit Morel, Sarah Lutteropp, Ben Bettisworth.
Latest version: https://github.com/amkozlov/raxml-ng
Questions/problems/suggestions? Please visit: https://groups.google.com/forum/#!forum/raxml

System: AMD EPYC 7742 64-Core Processor, 128 cores, 251 GB RAM

RAxML-NG was called at 13-Jan-2023 20:08:51 as follows:

/home/chaos/programs/raxml-ng/raxml-ng/bin/raxml-ng --msa data/alignment/45_1X_S201_0_1e6_haploid --tree pars{1} --model GTR+G --threads 64 --redo

Analysis options:
  run mode: ML tree search
  start tree(s): parsimony (1)
  random seed: 1673669331
  tip-inner: OFF
  pattern compression: ON
  per-rate scalers: OFF
  site repeats: ON
  fast spr radius: AUTO
  spr subtree cutoff: 1.000000
  branch lengths: proportional (ML estimate, algorithm: NR-FAST)
  SIMD kernels: AVX2
  parallelization: coarse-grained (auto), PTHREADS (64 threads), thread pinning: OFF

WARNING: Running in REDO mode: existing checkpoints are ignored, and all result files will be overwritten!

[00:00:00] Reading alignment from file: data/alignment/45_1X_S201_0_1e6_haploid
[00:00:02] Loaded alignment with 201 taxa and 5000000 sites

Alignment comprises 1 partitions and 4295078 patterns

Partition 0: noname
Model: GTR+FO+G4m
Alignment sites / patterns: 5000000 / 4295078
Gaps: 0.00 %
Invariant sites: 3.48 %


NOTE: Binary MSA file created: data/alignment/45_1X_S201_0_1e6_haploid.raxml.rba

Parallelization scheme autoconfig: 1 worker(s) x 64 thread(s)

Parallel reduction/worker buffer size: 1 KB  / 0 KB

[00:00:22] Generating 1 parsimony starting tree(s) with 201 taxa
[00:00:55] Data distribution: max. partitions/sites/weight per thread: 1 / 67111 / 1073776
[00:00:55] Data distribution: max. searches per worker: 1

Starting ML tree search with 1 distinct starting trees

[00:00:56 -261935841.108101] Initial branch length optimization
[00:02:32 -248276343.287856] Model parameter optimization (eps = 10.000000)
[00:17:33 -230708223.343965] AUTODETECT spr round 1 (radius: 5)
[00:25:26 -230524917.186262] AUTODETECT spr round 2 (radius: 10)
[00:48:09 -230524917.174630] SPR radius for FAST iterations: 5 (autodetect)
[00:48:09 -230524917.174630] Model parameter optimization (eps = 3.000000)
[00:48:56 -230524890.762671] FAST spr round 1 (radius: 5)
[01:08:40 -230519924.922176] FAST spr round 2 (radius: 5)
[01:25:59 -230517994.620393] FAST spr round 3 (radius: 5)
[01:43:15 -230516060.195835] FAST spr round 4 (radius: 5)
[02:00:43 -230514620.162802] FAST spr round 5 (radius: 5)
[02:17:48 -230513848.660417] FAST spr round 6 (radius: 5)
[02:35:42 -230511630.682458] FAST spr round 7 (radius: 5)
[02:52:58 -230510904.388432] FAST spr round 8 (radius: 5)
[03:10:03 -230510753.674869] FAST spr round 9 (radius: 5)
[03:27:22 -230510753.674710] Model parameter optimization (eps = 1.000000)
[03:28:07 -230510752.131670] SLOW spr round 1 (radius: 5)
[04:25:14 -230505314.577590] SLOW spr round 2 (radius: 5)
[05:16:01 -230505314.575176] SLOW spr round 3 (radius: 10)
[05:58:52 -230505314.574982] SLOW spr round 4 (radius: 15)
[07:28:32 -230505314.574972] SLOW spr round 5 (radius: 20)
[08:39:41 -230505314.574972] SLOW spr round 6 (radius: 25)
[08:58:39 -230505314.574972] Model parameter optimization (eps = 0.100000)

[08:59:23] ML tree search #1, logLikelihood: -230505314.375732


Optimized model parameters:

   Partition 0: noname
   Rate heterogeneity: GAMMA (4 cats, mean),  alpha: 0.940231 (ML),  weights&rates: (0.250000,0.124880) (0.250000,0.458019) (0.250000,0.989345) (0.250000,2.427757) 
   Base frequencies (ML): 0.322073 0.117938 0.348011 0.211978 
   Substitution rates (ML): 1.049279 3.783416 0.426507 1.060885 4.210847 1.000000 


Final LogLikelihood: -230505314.375732

AIC score: 461011444.751465 / AICc score: 461011444.818219 / BIC score: 461016922.130441
Free parameters (model + branch lengths): 408

Best ML tree saved to: /expanse/lustre/projects/uot138/chaos/ASTERISK-sim/data/alignment/45_1X_S201_0_1e6_haploid.raxml.bestTree
Optimized model saved to: /expanse/lustre/projects/uot138/chaos/ASTERISK-sim/data/alignment/45_1X_S201_0_1e6_haploid.raxml.bestModel

Execution log saved to: /expanse/lustre/projects/uot138/chaos/ASTERISK-sim/data/alignment/45_1X_S201_0_1e6_haploid.raxml.log

Analysis started: 13-Jan-2023 20:08:51 / finished: 14-Jan-2023 05:08:17

Elapsed time: 32365.518 seconds

Consumed energy: 3566.699 Wh (= 18 km in an electric car, or 89 km with an e-scooter!)

