
RAxML-NG v. 1.1.0-master released on 04.08.2022 by The Exelixis Lab.
Developed by: Alexey M. Kozlov and Alexandros Stamatakis.
Contributors: Diego Darriba, Tomas Flouri, Benoit Morel, Sarah Lutteropp, Ben Bettisworth.
Latest version: https://github.com/amkozlov/raxml-ng
Questions/problems/suggestions? Please visit: https://groups.google.com/forum/#!forum/raxml

System: AMD EPYC 7742 64-Core Processor, 128 cores, 251 GB RAM

RAxML-NG was called at 13-Jan-2023 16:18:09 as follows:

/home/chaos/programs/raxml-ng/raxml-ng/bin/raxml-ng --msa data/alignment/47_1X_S201_0_1e6_haploid --tree pars{1} --model GTR+G --threads 64 --redo

Analysis options:
  run mode: ML tree search
  start tree(s): parsimony (1)
  random seed: 1673655489
  tip-inner: OFF
  pattern compression: ON
  per-rate scalers: OFF
  site repeats: ON
  fast spr radius: AUTO
  spr subtree cutoff: 1.000000
  branch lengths: proportional (ML estimate, algorithm: NR-FAST)
  SIMD kernels: AVX2
  parallelization: coarse-grained (auto), PTHREADS (64 threads), thread pinning: OFF

WARNING: Running in REDO mode: existing checkpoints are ignored, and all result files will be overwritten!

[00:00:00] Reading alignment from file: data/alignment/47_1X_S201_0_1e6_haploid
[00:00:02] Loaded alignment with 201 taxa and 5000000 sites

Alignment comprises 1 partitions and 4156502 patterns

Partition 0: noname
Model: GTR+FO+G4m
Alignment sites / patterns: 5000000 / 4156502
Gaps: 0.00 %
Invariant sites: 4.28 %


NOTE: Binary MSA file created: data/alignment/47_1X_S201_0_1e6_haploid.raxml.rba

Parallelization scheme autoconfig: 1 worker(s) x 64 thread(s)

Parallel reduction/worker buffer size: 1 KB  / 0 KB

[00:00:22] Generating 1 parsimony starting tree(s) with 201 taxa
[00:00:51] Data distribution: max. partitions/sites/weight per thread: 1 / 64946 / 1039136
[00:00:51] Data distribution: max. searches per worker: 1

Starting ML tree search with 1 distinct starting trees

[00:00:53 -253142911.136506] Initial branch length optimization
[00:02:16 -240003349.078079] Model parameter optimization (eps = 10.000000)
[00:15:27 -229865322.363220] AUTODETECT spr round 1 (radius: 5)
[00:23:47 -229784646.428996] AUTODETECT spr round 2 (radius: 10)
[00:55:42 -229784646.409512] SPR radius for FAST iterations: 5 (autodetect)
[00:55:42 -229784646.409512] Model parameter optimization (eps = 3.000000)
[00:57:32 -229784630.238999] FAST spr round 1 (radius: 5)
[01:16:55 -229780248.802718] FAST spr round 2 (radius: 5)
[01:35:07 -229777793.250780] FAST spr round 3 (radius: 5)
[01:51:38 -229775845.923548] FAST spr round 4 (radius: 5)
[02:08:12 -229774310.575404] FAST spr round 5 (radius: 5)
[02:26:00 -229772046.493750] FAST spr round 6 (radius: 5)
[02:42:36 -229771768.101269] FAST spr round 7 (radius: 5)
[02:58:55 -229771545.700546] FAST spr round 8 (radius: 5)
[03:15:37 -229771373.819192] FAST spr round 9 (radius: 5)
[03:31:51 -229771373.818749] Model parameter optimization (eps = 1.000000)
[03:32:42 -229771372.373200] SLOW spr round 1 (radius: 5)
[04:22:59 -229769930.812436] SLOW spr round 2 (radius: 5)
[05:08:36 -229769651.603932] SLOW spr round 3 (radius: 5)
[05:50:55 -229769651.603177] SLOW spr round 4 (radius: 10)
[06:36:46 -229769651.603147] SLOW spr round 5 (radius: 15)
[08:22:54 -229769651.603144] SLOW spr round 6 (radius: 20)
[09:22:43 -229769651.603144] SLOW spr round 7 (radius: 25)
[09:38:26 -229769651.603144] Model parameter optimization (eps = 0.100000)

[09:39:34] ML tree search #1, logLikelihood: -229769651.135249


Optimized model parameters:

   Partition 0: noname
   Rate heterogeneity: GAMMA (4 cats, mean),  alpha: 0.866535 (ML),  weights&rates: (0.250000,0.109618) (0.250000,0.432603) (0.250000,0.973813) (0.250000,2.483966) 
   Base frequencies (ML): 0.280641 0.139938 0.235584 0.343837 
   Substitution rates (ML): 1.446999 3.816130 0.558984 1.205568 4.083697 1.000000 


Final LogLikelihood: -229769651.135249

AIC score: 459540118.270498 / AICc score: 459540118.337253 / BIC score: 459545595.649474
Free parameters (model + branch lengths): 408

Best ML tree saved to: /expanse/lustre/projects/uot138/chaos/ASTERISK-sim/data/alignment/47_1X_S201_0_1e6_haploid.raxml.bestTree
Optimized model saved to: /expanse/lustre/projects/uot138/chaos/ASTERISK-sim/data/alignment/47_1X_S201_0_1e6_haploid.raxml.bestModel

Execution log saved to: /expanse/lustre/projects/uot138/chaos/ASTERISK-sim/data/alignment/47_1X_S201_0_1e6_haploid.raxml.log

Analysis started: 13-Jan-2023 16:18:09 / finished: 14-Jan-2023 01:57:45

Elapsed time: 34776.169 seconds

Consumed energy: 3921.966 Wh (= 20 km in an electric car, or 98 km with an e-scooter!)

