Weighted ASTRAL - Hybrid
Version: v1.13.2.3
#Genetrees: 2000
#Species: 201
#Rounds: 4
#Samples: 4
#Threads: 32
Use two-step algorithm!
Guide Tree 0/27
#NNI moves:2/236
Guide Tree 1/27
#NNI moves:2/236
Guide Tree 2/27
#NNI moves:0/236
Guide Tree 3/27
#NNI moves:1/236
Guide Tree 4/27
#NNI moves:1/236
Guide Tree 5/27
#NNI moves:1/236
Guide Tree 6/27
#NNI moves:0/236
Guide Tree 7/27
#NNI moves:3/236
Guide Tree 8/27
#NNI moves:1/236
Guide Tree 9/27
#NNI moves:0/236
Guide Tree 10/27
#NNI moves:1/236
Guide Tree 11/27
#NNI moves:3/236
Guide Tree 12/27
#NNI moves:1/236
Guide Tree 13/27
#NNI moves:1/236
Guide Tree 14/27
#NNI moves:2/236
Guide Tree 15/27
#NNI moves:2/236
Guide Tree 16/27
#NNI moves:4/236
Guide Tree 17/27
#NNI moves:1/236
Guide Tree 18/27
#NNI moves:0/236
Guide Tree 19/27
#NNI moves:2/236
Guide Tree 20/27
#NNI moves:2/236
Guide Tree 21/27
#NNI moves:1/236
Guide Tree 22/27
#NNI moves:2/236
Guide Tree 23/27
#NNI moves:0/236
Guide Tree 24/27
#NNI moves:1/236
Guide Tree 25/27
#NNI moves:6/236
Guide Tree 26/27
#NNI moves:0/236
Remaining: 0
#NNI moves:20/236
#NNI moves:20/236
((((((((((((((T99,T67),T87),((T11,(T18,T72)),(((T176,T74),T152),T82))),T191),((T115,(T68,(T47,T111))),(((T108,(T161,T129)),T102),T59))),(((((T84,T19),T96),T168),T1),(T120,T136))),((((((((T147,T114),T189),(T146,T5)),T149),T118),(T22,T57)),(((T37,T125),T117),((T95,T132),T157))),T25)),((((((T100,(T26,T188)),(T66,T9)),T62),(T177,T27)),((T155,T121),T148)),(((((((((T113,T44),T38),(T151,T35)),(((T110,T98),((T41,T20),T101)),T75)),((T71,T128),(((T142,T60),(T158,T180)),T160))),(((T144,T21),(T159,T167)),T86)),(T94,T17)),T51),(((T28,T127),(T195,T104)),(T141,T76))))),(((((((((((T143,T182),T192),T23),(T24,T8)),T153),((T73,(T145,T16)),((T61,T162),(T88,T186)))),(((T199,T45),(T165,T29)),((T164,(T39,T55)),T137))),(((T130,T140),T194),T54)),((T107,(T154,T92)),(T163,T90))),(T85,(T46,T12))),((((T34,(T174,T40)),T80),T183),((T58,T135),T190)))),T0),((((((((T112,T156),((T36,T123),T122)),(T14,(((T150,T33),T32),T31))),(T56,(T65,T81))),(T10,T124)),((((T171,T116),T52),T198),T197)),((((T185,((T103,T49),T139)),T64),(T166,T196)),T69)),((((((T170,((((T83,(T106,T187)),T43),(T77,T173)),(((T3,T2),T193),T42))),T105),(T179,T175)),((T6,T13),T89)),((T109,T30),((((T131,T119),T138),((T200,T126),T134)),T53))),((T97,T48),T93)))),(((T133,(T4,T70)),T78),(T169,T91))),(((((T50,T63),(T7,T181)),T15),(T172,T184)),T79)),T178);
Guide Tree 0/27
#NNI moves:1/236
Guide Tree 1/27
#NNI moves:0/236
Guide Tree 2/27
#NNI moves:1/236
Guide Tree 3/27
#NNI moves:0/236
Guide Tree 4/27
#NNI moves:2/236
Guide Tree 5/27
#NNI moves:1/236
Guide Tree 6/27
#NNI moves:0/236
Guide Tree 7/27
#NNI moves:2/236
Guide Tree 8/27
#NNI moves:1/236
Guide Tree 9/27
#NNI moves:1/236
Guide Tree 10/27
#NNI moves:0/236
Guide Tree 11/27
#NNI moves:1/236
Guide Tree 12/27
#NNI moves:1/236
Guide Tree 13/27
#NNI moves:2/236
Guide Tree 14/27
#NNI moves:0/236
Guide Tree 15/27
#NNI moves:1/236
Guide Tree 16/27
#NNI moves:3/236
Guide Tree 17/27
#NNI moves:3/236
Guide Tree 18/27
#NNI moves:0/236
Guide Tree 19/27
#NNI moves:0/236
Guide Tree 20/27
#NNI moves:2/236
Guide Tree 21/27
#NNI moves:0/236
Guide Tree 22/27
#NNI moves:1/236
Guide Tree 23/27
#NNI moves:1/236
Guide Tree 24/27
#NNI moves:2/236
Guide Tree 25/27
#NNI moves:0/236
Guide Tree 26/27
#NNI moves:4/236
Remaining: 0
#NNI moves:34/236
#NNI moves:34/236
((((((((((((((T67,T99),T87),((T82,((T74,T176),T152)),((T18,T72),T11))),T191),((T59,(((T129,T161),T108),T102)),((T68,(T111,T47)),T115))),(((T168,(T96,(T19,T84))),T1),(T120,T136))),(((((T149,((T146,T5),(T189,(T147,T114)))),T118),(T57,T22)),(((T132,T95),T157),(T117,(T125,T37)))),T25)),(((((((((T158,T180),(T60,T142)),T160),(T128,T71)),((((T110,T98),((T20,T41),T101)),T75),(((T44,T113),T38),(T35,T151)))),(((T159,T167),(T21,T144)),(T86,T51))),(T17,T94)),(((T28,T127),(T195,T104)),(T141,T76))),(((((T100,(T26,T188)),(T66,T9)),T62),(T27,T177)),(T148,(T155,T121))))),((((((((T73,(T145,T16)),((T61,T162),(T186,T88))),((((T192,(T143,T182)),T23),(T24,T8)),T153)),((((T55,T39),T164),T137),((T199,T45),(T29,T165)))),((T194,(T140,T130)),T54)),((T107,(T154,T92)),(T90,T163))),((T12,T46),T85)),((T183,((T34,(T40,T174)),T80)),(T190,(T58,T135))))),T0),((((((((((((T106,T187),T83),T43),(T173,T77)),(((T3,T2),T193),T42)),T170),T105),(T175,T179)),((T13,T6),T89)),((T109,T30),((((T126,T200),T134),(T138,(T131,T119))),T53))),(T93,(T97,T48))),((((((T116,T171),T52),T198),T197),((((((T32,(T33,T150)),T31),T14),(((T123,T36),T122),(T112,T156))),((T65,T81),T56)),(T10,T124))),((((((T49,T103),T139),T185),T64),(T196,T166)),T69)))),((T91,T169),(((T4,T70),T133),T78))),(T79,((((T50,T63),(T7,T181)),T15),(T184,T172)))),T178);
Guide Tree 0/27
#NNI moves:4/236
Guide Tree 1/27
#NNI moves:1/236
Guide Tree 2/27
#NNI moves:0/236
Guide Tree 3/27
#NNI moves:1/236
Guide Tree 4/27
#NNI moves:2/236
Guide Tree 5/27
#NNI moves:3/236
Guide Tree 6/27
#NNI moves:1/236
Guide Tree 7/27
#NNI moves:1/236
Guide Tree 8/27
#NNI moves:2/236
Guide Tree 9/27
#NNI moves:0/236
Guide Tree 10/27
#NNI moves:4/236
Guide Tree 11/27
#NNI moves:5/236
Guide Tree 12/27
#NNI moves:3/236
Guide Tree 13/27
#NNI moves:4/236
Guide Tree 14/27
#NNI moves:2/236
Guide Tree 15/27
#NNI moves:2/236
Guide Tree 16/27
#NNI moves:1/236
Guide Tree 17/27
#NNI moves:3/236
Guide Tree 18/27
#NNI moves:1/236
Guide Tree 19/27
#NNI moves:3/236
Guide Tree 20/27
#NNI moves:0/236
Guide Tree 21/27
#NNI moves:1/236
Guide Tree 22/27
#NNI moves:3/236
Guide Tree 23/27
#NNI moves:4/236
Guide Tree 24/27
#NNI moves:3/236
Guide Tree 25/27
#NNI moves:3/236
Guide Tree 26/27
#NNI moves:1/236
Remaining: 2
#NNI moves:17/236
#NNI moves:17/236
(((((((((((((((T61,T162),(T88,T186)),((T145,T16),T73)),(((T24,T8),((T192,(T143,T182)),T23)),T153)),(((T165,T29),(T45,T199)),(((T39,T55),T164),T137))),(((T130,T140),T194),T54)),(((T154,T92),T107),(T163,T90))),((T12,T46),T85)),((((T34,(T174,T40)),T80),T183),((T135,T58),T190))),(((((((T86,T51),((T144,T21),(T159,T167))),(((T160,((T60,T142),(T180,T158))),(T71,T128)),(((T151,T35),(T38,(T44,T113))),((((T41,T20),T101),(T110,T98)),T75)))),(T94,T17)),(((T28,T127),(T104,T195)),(T141,T76))),(((T155,T121),T148),((((T66,T9),(T100,(T188,T26))),T62),(T27,T177)))),(((((((T108,(T129,T161)),T102),T59),((T68,(T47,T111)),T115)),(T191,((T87,(T99,T67)),(((T18,T72),T11),(T82,(T152,(T176,T74))))))),((T1,(T168,(T96,(T19,T84)))),(T120,T136))),(((((T37,T125),T117),((T132,T95),T157)),((((((T114,T147),T189),(T146,T5)),T149),T118),(T57,T22))),T25)))),T0),((((((((((T193,(T3,T2)),T42),((T43,(T83,(T106,T187))),(T173,T77))),T170),T105),(T175,T179)),((T13,T6),T89)),((T109,T30),((((T200,T126),T134),((T131,T119),T138)),T53))),((T48,T97),T93)),(((((((T122,(T36,T123)),(T112,T156)),((((T33,T150),T32),T31),T14)),((T65,T81),T56)),(T10,T124)),(T197,((T52,(T116,T171)),T198))),((((((T49,T103),T139),T185),T64),(T166,T196)),T69)))),(((T133,(T70,T4)),T78),(T91,T169))),(((((T7,T181),(T50,T63)),T15),(T172,T184)),T79)),T178);
Guide Tree 0/27
#NNI moves:5/236
Guide Tree 1/27
#NNI moves:4/236
Guide Tree 2/27
#NNI moves:2/236
Guide Tree 3/27
#NNI moves:1/236
Guide Tree 4/27
#NNI moves:4/236
Guide Tree 5/27
#NNI moves:0/236
Guide Tree 6/27
#NNI moves:1/236
Guide Tree 7/27
#NNI moves:6/236
Guide Tree 8/27
#NNI moves:4/236
Guide Tree 9/27
#NNI moves:3/236
Guide Tree 10/27
#NNI moves:3/236
Guide Tree 11/27
#NNI moves:0/236
Guide Tree 12/27
#NNI moves:3/236
Guide Tree 13/27
#NNI moves:0/236
Guide Tree 14/27
#NNI moves:0/236
Guide Tree 15/27
#NNI moves:0/236
Guide Tree 16/27
#NNI moves:4/236
Guide Tree 17/27
#NNI moves:0/236
Guide Tree 18/27
#NNI moves:1/236
Guide Tree 19/27
#NNI moves:4/236
Guide Tree 20/27
#NNI moves:4/236
Guide Tree 21/27
#NNI moves:0/236
Guide Tree 22/27
#NNI moves:0/236
Guide Tree 23/27
#NNI moves:1/236
Guide Tree 24/27
#NNI moves:2/236
Guide Tree 25/27
#NNI moves:1/236
Guide Tree 26/27
#NNI moves:0/236
Remaining: 3
#NNI moves:18/236
#NNI moves:18/236
(((((((((((((((T161,T129),T108),T102),T59),(((T47,T111),T68),T115)),((((((T176,T74),T152),T82),((T18,T72),T11)),(T87,(T99,T67))),T191)),((((T96,(T84,T19)),T168),T1),(T136,T120))),(((((((T146,T5),((T147,T114),T189)),T149),T118),(T57,T22)),(((T95,T132),T157),(T117,(T125,T37)))),T25)),((((T121,T155),T148),((((T100,(T188,T26)),(T66,T9)),T62),(T27,T177))),((((((T128,T71),(T160,((T180,T158),(T142,T60)))),((((T98,T110),((T20,T41),T101)),T75),(((T113,T44),T38),(T35,T151)))),(((T21,T144),(T159,T167)),(T51,T86))),(T17,T94)),((T141,T76),((T28,T127),(T195,T104)))))),(((((((T130,T140),T194),T54),(((((T88,T186),(T61,T162)),((T16,T145),T73)),(((T24,T8),(((T143,T182),T192),T23)),T153)),((((T39,T55),T164),T137),((T165,T29),(T45,T199))))),((T163,T90),((T92,T154),T107))),((T46,T12),T85)),(((((T40,T174),T34),T80),T183),((T135,T58),T190)))),T0),(((((((T81,T65),T56),(((((T150,T33),T32),T31),T14),(((T36,T123),T122),(T112,T156)))),(T10,T124)),((((T171,T116),T52),T198),T197)),(((T166,T196),(T64,(((T49,T103),T139),T185))),T69)),(((((((T126,T200),T134),((T131,T119),T138)),T53),(T109,T30)),(((T13,T6),T89),((((((((T187,T106),T83),T43),(T77,T173)),(((T3,T2),T193),T42)),T170),T105),(T179,T175)))),((T97,T48),T93)))),((T91,T169),(((T4,T70),T133),T78))),(((((T50,T63),(T181,T7)),T15),(T184,T172)),T79)),T178);
Initial score: 4.65486e+10
Initial tree: (((((((((((((((T161,T129),T108),T102),T59),(((T47,T111),T68),T115)),((((((T176,T74),T152),T82),((T18,T72),T11)),(T87,(T99,T67))),T191)),((((T96,(T84,T19)),T168),T1),(T136,T120))),(((((((T146,T5),((T147,T114),T189)),T149),T118),(T57,T22)),(((T95,T132),T157),(T117,(T125,T37)))),T25)),((((T121,T155),T148),((((T100,(T188,T26)),(T66,T9)),T62),(T27,T177))),(((((((T128,T71),(T160,((T180,T158),(T142,T60)))),((((T98,T110),((T20,T41),T101)),T75),(((T113,T44),T38),(T35,T151)))),(((T21,T144),(T159,T167)),T86)),(T17,T94)),T51),((T141,T76),((T28,T127),(T195,T104)))))),(((((((T130,T140),T194),T54),(((((T88,T186),(T61,T162)),((T16,T145),T73)),(((T24,T8),(((T143,T182),T192),T23)),T153)),((((T39,T55),T164),T137),((T165,T29),(T45,T199))))),((T163,T90),((T92,T154),T107))),((T46,T12),T85)),(((((T40,T174),T34),T80),T183),((T135,T58),T190)))),T0),(((((((T81,T65),T56),(((((T150,T33),T32),T31),T14),(((T36,T123),T122),(T112,T156)))),(T10,T124)),((((T171,T116),T52),T198),T197)),(((T166,T196),(T64,(((T49,T103),T139),T185))),T69)),(((((((T126,T200),T134),((T131,T119),T138)),T53),(T109,T30)),(((T13,T6),T89),((((((((T187,T106),T83),T43),(T77,T173)),(((T3,T2),T193),T42)),T170),T105),(T179,T175)))),((T97,T48),T93)))),((T91,T169),(((T4,T70),T133),T78))),(((((T50,T63),(T181,T7)),T15),(T184,T172)),T79)),T178);
*** Subsample Process ***
Use two-step algorithm!
#NNI moves:3/236
Remaining: 1
#NNI moves:34/236
#NNI moves:34/236
(((((((((((((((((((T186,T88),(T61,T162)),((T16,T145),T73)),(T153,((T23,((T143,T182),T192)),(T8,T24)))),((((T39,T55),T164),T137),((T199,T45),(T29,T165)))),(((T130,T140),T194),T54)),((T107,(T154,T92)),(T163,T90))),T85),((((((T174,T40),T34),T80),T183),(T190,(T58,T135))),(T12,T46))),(((((((((T116,T171),T52),T198),T197),((((T65,T81),T56),(((T112,T156),(T122,(T36,T123))),((((T33,T150),T32),T31),T14))),(T10,T124))),(((((T139,(T49,T103)),T185),T64),(T196,T166)),T69)),(((T48,T97),T93),((((((((((T106,T187),T83),T43),(T77,T173)),((T193,(T3,T2)),T42)),T170),T105),(T175,T179)),((T6,T13),T89)),((T30,T109),((((T126,T200),T134),((T119,T131),T138)),T53))))),(((T91,T169),(T78,(T133,(T4,T70)))),((T79,((T184,T172),(((T50,T63),(T7,T181)),T15))),T178))),T0)),((((((((((T60,T142),(T158,T180)),T160),(T128,T71)),((((T44,T113),T38),(T35,T151)),(((T98,T110),((T20,T41),T101)),T75))),(((T144,T21),(T167,T159)),T86)),(T17,T94)),T51),((T76,T141),((T195,T104),(T28,T127)))),(((T27,T177),((((T26,T188),T100),(T66,T9)),T62)),(T148,(T155,T121))))),((((((((T147,T114),T189),(T146,T5)),T149),T118),(T57,T22)),(((T95,T132),T157),((T37,T125),T117))),T25)),(((T168,((T19,T84),T96)),T1),(T120,T136))),((((((T176,T74),T152),T82),((T18,T72),T11)),((T99,T67),T87)),T191)),((((T129,T161),T108),T102),T59)),T115),T68),T111),T47);
#NNI moves:1/236
Remaining: 0
#NNI moves:30/236
#NNI moves:30/236
(((((((((((((((((T98,T110),((T41,T20),T101)),T75),((T38,(T113,T44)),(T151,T35))),((((T142,T60),(T180,T158)),T160),(T128,T71))),(((T167,T159),(T144,T21)),(T86,T51))),(T17,T94)),(((T195,T104),(T127,T28)),(T76,T141))),(((((T9,T66),(T100,(T188,T26))),T62),(T27,T177)),((T121,T155),T148))),((((T136,T120),((((T84,T19),T96),T168),T1)),(((((T11,(T72,T18)),(((T74,T176),T152),T82)),(T87,(T67,T99))),T191),(((T102,((T129,T161),T108)),T59),(((T111,T47),T68),T115)))),(((((((T5,T146),(T189,(T147,T114))),T149),T118),(T22,T57)),(((T95,T132),T157),((T125,T37),T117))),T25))),(((((((((((T182,T143),T192),T23),(T8,T24)),T153),((T73,(T145,T16)),((T162,T61),(T186,T88)))),(((T199,T45),(T29,T165)),(((T55,T39),T164),T137))),(T54,(T194,(T140,T130)))),(((T154,T92),T107),(T90,T163))),T85),((((((T174,T40),T34),T80),T183),((T58,T135),T190)),(T12,T46)))),T0),(((((((T81,T65),T56),((((T36,T123),T122),(T112,T156)),(((T32,(T150,T33)),T31),T14))),(T10,T124)),((((T116,T171),T52),T198),T197)),((((T185,(T139,(T103,T49))),T64),(T196,T166)),T69)),(((((T6,T13),T89),((((((((T187,T106),T83),T43),(T77,T173)),(((T3,T2),T193),T42)),T170),T105),(T179,T175))),((T30,T109),((((T131,T119),T138),((T126,T200),T134)),T53))),((T48,T97),T93)))),((T169,T91),(((T4,T70),T133),T78))),T178),((T15,((T7,T181),(T50,T63))),(T172,T184))),T79);
#NNI moves:3/236
Remaining: 1
#NNI moves:22/236
#NNI moves:22/236
((((((((((((((((((((((T170,((((T3,T2),T193),T42),((((T106,T187),T83),T43),(T173,T77)))),T105),(T179,T175)),((T13,T6),T89)),((((T138,(T131,T119)),((T200,T126),T134)),T53),(T30,T109))),((T97,T48),T93)),((((((((T123,T36),T122),(T112,T156)),((T31,(T32,(T150,T33))),T14)),((T65,T81),T56)),(T124,T10)),((((T116,T171),T52),T198),T197)),(((((T139,(T103,T49)),T185),T64),(T166,T196)),T69))),(((((((T7,T181),(T63,T50)),T15),(T172,T184)),T79),T178),((((T4,T70),T133),T78),(T169,T91)))),T0),((((((((T164,(T55,T39)),T137),((T29,T165),(T199,T45))),(((((T192,(T143,T182)),T23),(T24,T8)),T153),(((T145,T16),T73),((T88,T186),(T162,T61))))),(((T130,T140),T194),T54)),(((T92,T154),T107),(T90,T163))),(T85,(T12,T46))),(((T58,T135),T190),(((T34,(T174,T40)),T80),T183)))),((((((T102,((T129,T161),T108)),T59),(T115,((T111,T47),T68))),((((((T176,T74),T152),T82),(T11,(T72,T18))),((T67,T99),T87)),T191)),((T136,T120),((((T19,T84),T96),T168),T1))),((((((((T147,T114),T189),(T5,T146)),T149),T118),(T22,T57)),(((T37,T125),T117),(T157,(T95,T132)))),T25))),(((T27,T177),(((T100,(T188,T26)),(T66,T9)),T62)),(T148,(T155,T121)))),(((T104,T195),(T127,T28)),(T76,T141))),T51),(T17,T94)),(((T21,T144),(T159,T167)),T86)),((((T60,T142),(T158,T180)),T160),(T128,T71))),((T35,T151),((T44,T113),T38))),T75),((T20,T41),T101)),T98),T110);
#NNI moves:1/236
Remaining: 2
#NNI moves:23/236
#NNI moves:27/236
((((((((((((((((((T102,((T129,T161),T108)),T59),(((T47,T111),T68),T115)),((((T67,T99),T87),(((T72,T18),T11),((T152,(T74,T176)),T82))),T191)),(((((T19,T84),T96),T168),T1),(T136,T120))),((((((((T114,T147),T189),(T146,T5)),T149),T118),(T57,T22)),(((T132,T95),T157),((T125,T37),T117))),T25)),(((((T28,T127),(T195,T104)),(T141,T76)),((((((T128,T71),(((T158,T180),(T142,T60)),T160)),(((T151,T35),((T113,T44),T38)),(((T101,(T41,T20)),(T110,T98)),T75))),(((T144,T21),(T167,T159)),T86)),(T17,T94)),T51)),(((T121,T155),T148),(((((T26,T188),T100),(T66,T9)),T62),(T177,T27))))),(((((((((T23,(T192,(T182,T143))),(T24,T8)),T153),(((T88,T186),(T61,T162)),((T16,T145),T73))),(((T199,T45),(T29,T165)),(T137,(T164,(T55,T39))))),((T194,(T130,T140)),T54)),(((T92,T154),T107),(T163,T90))),((T12,T46),T85)),(((T135,T58),T190),((((T40,T174),T34),T80),T183)))),T0),((((((((T112,T156),(T122,(T36,T123))),((T31,((T150,T33),T32)),T14)),((T65,T81),T56)),(T10,T124)),(T197,(T198,((T116,T171),T52)))),((((((T103,T49),T139),T185),T64),(T196,T166)),T69)),((((T30,T109),((((T126,T200),T134),(T138,(T131,T119))),T53)),(((((((T43,(T83,(T106,T187))),(T77,T173)),(T42,(T193,(T3,T2)))),T170),T105),(T179,T175)),((T6,T13),T89))),((T48,T97),T93)))),(((T133,(T4,T70)),T78),(T169,T91))),T178),T79),(T184,T172)),T15),(T63,T50)),T181),T7);
Current score: 4.65486e+10
Current tree: (((((((((((((T102,((T129,T161),T108)),T59),(((T47,T111),T68),T115)),((((T67,T99),T87),(((T72,T18),T11),((T152,(T74,T176)),T82))),T191)),(((((T19,T84),T96),T168),T1),(T136,T120))),((((((((T114,T147),T189),(T146,T5)),T149),T118),(T57,T22)),(((T132,T95),T157),((T125,T37),T117))),T25)),(((((T28,T127),(T195,T104)),(T141,T76)),((((((T128,T71),(((T158,T180),(T142,T60)),T160)),(((T151,T35),((T113,T44),T38)),(((T101,(T41,T20)),(T110,T98)),T75))),(((T144,T21),(T167,T159)),T86)),(T17,T94)),T51)),(((T121,T155),T148),(((((T26,T188),T100),(T66,T9)),T62),(T177,T27))))),(((((((((T23,(T192,(T182,T143))),(T24,T8)),T153),(((T88,T186),(T61,T162)),((T16,T145),T73))),(((T199,T45),(T29,T165)),(T137,(T164,(T55,T39))))),((T194,(T130,T140)),T54)),(((T92,T154),T107),(T163,T90))),((T12,T46),T85)),(((T135,T58),T190),((((T40,T174),T34),T80),T183)))),T0),((((((((T112,T156),(T122,(T36,T123))),((T31,((T150,T33),T32)),T14)),((T65,T81),T56)),(T10,T124)),(T197,(T198,((T116,T171),T52)))),((((((T103,T49),T139),T185),T64),(T196,T166)),T69)),((((T30,T109),((((T126,T200),T134),(T138,(T131,T119))),T53)),(((((((T43,(T83,(T106,T187))),(T77,T173)),(T42,(T193,(T3,T2)))),T170),T105),(T179,T175)),((T6,T13),T89))),((T48,T97),T93)))),(((T133,(T4,T70)),T78),(T169,T91))),(T79,((T184,T172),(T15,((T63,T50),(T181,T7)))))),T178);
Final Tree: (((((((((((((T102,((T129,T161),T108)),T59),(((T47,T111),T68),T115)),((((T67,T99),T87),(((T72,T18),T11),((T152,(T74,T176)),T82))),T191)),(((((T19,T84),T96),T168),T1),(T136,T120))),((((((((T114,T147),T189),(T146,T5)),T149),T118),(T57,T22)),(((T132,T95),T157),((T125,T37),T117))),T25)),(((((T28,T127),(T195,T104)),(T141,T76)),((((((T128,T71),(((T158,T180),(T142,T60)),T160)),(((T151,T35),((T113,T44),T38)),(((T101,(T41,T20)),(T110,T98)),T75))),(((T144,T21),(T167,T159)),T86)),(T17,T94)),T51)),(((T121,T155),T148),(((((T26,T188),T100),(T66,T9)),T62),(T177,T27))))),(((((((((T23,(T192,(T182,T143))),(T24,T8)),T153),(((T88,T186),(T61,T162)),((T16,T145),T73))),(((T199,T45),(T29,T165)),(T137,(T164,(T55,T39))))),((T194,(T130,T140)),T54)),(((T92,T154),T107),(T163,T90))),((T12,T46),T85)),(((T135,T58),T190),((((T40,T174),T34),T80),T183)))),T0),((((((((T112,T156),(T122,(T36,T123))),((T31,((T150,T33),T32)),T14)),((T65,T81),T56)),(T10,T124)),(T197,(T198,((T116,T171),T52)))),((((((T103,T49),T139),T185),T64),(T196,T166)),T69)),((((T30,T109),((((T126,T200),T134),(T138,(T131,T119))),T53)),(((((((T43,(T83,(T106,T187))),(T77,T173)),(T42,(T193,(T3,T2)))),T170),T105),(T179,T175)),((T6,T13),T89))),((T48,T97),T93)))),(((T133,(T4,T70)),T78),(T169,T91))),(T79,((T184,T172),(T15,((T63,T50),(T181,T7)))))),T178);
Score: 4.654864179e+10

real	1m12.239s
user	27m25.803s
sys	0m17.477s
