Weighted ASTRAL - Hybrid
Version: v1.13.2.3
#Genetrees: 2000
#Species: 201
#Rounds: 4
#Samples: 4
#Threads: 32
Use two-step algorithm!
Guide Tree 0/27
#NNI moves:0/236
Guide Tree 1/27
#NNI moves:2/236
Guide Tree 2/27
#NNI moves:4/236
Guide Tree 3/27
#NNI moves:4/236
Guide Tree 4/27
#NNI moves:1/236
Guide Tree 5/27
#NNI moves:1/236
Guide Tree 6/27
#NNI moves:4/236
Guide Tree 7/27
#NNI moves:1/236
Guide Tree 8/27
#NNI moves:6/236
Guide Tree 9/27
#NNI moves:2/236
Guide Tree 10/27
#NNI moves:3/236
Guide Tree 11/27
#NNI moves:4/236
Guide Tree 12/27
#NNI moves:5/236
Guide Tree 13/27
#NNI moves:5/236
Guide Tree 14/27
#NNI moves:0/236
Guide Tree 15/27
#NNI moves:2/236
Guide Tree 16/27
#NNI moves:2/236
Guide Tree 17/27
#NNI moves:1/236
Guide Tree 18/27
#NNI moves:2/236
Guide Tree 19/27
#NNI moves:5/236
Guide Tree 20/27
#NNI moves:0/236
Guide Tree 21/27
#NNI moves:2/236
Guide Tree 22/27
#NNI moves:4/236
Guide Tree 23/27
#NNI moves:4/236
Guide Tree 24/27
#NNI moves:3/236
Guide Tree 25/27
#NNI moves:1/236
Guide Tree 26/27
#NNI moves:1/236
Remaining: 0
#NNI moves:34/236
#NNI moves:41/236
((((((((((((T98,(T170,T46)),(((T48,T106),(T67,T175)),(T165,T63))),(T124,T166)),((T1,T60),((((T181,T51),T154),(T179,T185)),((T167,T92),T64)))),((((((((T90,(T120,T178)),T70),((T171,T169),T153)),(((T56,T23),T112),(T189,(T125,T6)))),((((((((T3,T42),T14),T40),T10),(T69,T198)),(T22,T57)),(T38,T33)),T115)),((T93,T11),T191)),(T188,T180)),T0)),((((((T122,T126),(T190,T43)),T144),(((((((T81,T55),(((T136,(T85,T105)),T27),(T193,T123))),((T156,(T26,T133)),(T168,T101))),(((((T159,T135),T8),(((T176,(T74,T31)),T59),T45)),(T194,T130)),T97)),(((T13,(T53,T32)),T114),((T61,T163),(T37,T117)))),T16),(T199,(T36,T86)))),(((T140,T200),T143),(T146,T96))),T151)),((((((T77,T21),T76),((((T138,T17),(T158,T9)),(T19,T173)),T25)),(((T182,T155),(T29,T35)),((T118,T72),(T52,(((T160,(T127,T134)),T139),T174))))),(T5,(T147,T95))),(((T104,((T128,T34),T4)),T121),((T71,(T131,T20)),(T75,T186))))),(((((T157,T58),((((T49,T184),T30),(T65,T2)),((T150,T82),((T47,T68),T107)))),T183),(T41,T109)),T39)),(((((((((((T116,T102),(T142,T79)),T195),(((((T132,T54),T196),T161),T24),(T50,T152))),((T44,T83),(T119,T94))),(((T66,(T73,T162)),T103),(((T145,T148),T141),(T172,T129)))),(T111,T149)),((((T28,T164),T84),(T12,T137)),T177)),T87),T78),((((T99,T187),(T110,T192)),(T80,T18)),((T88,T91),T89)))),((((T113,T7),T15),T62),T100)),T108),T197);
Guide Tree 0/27
#NNI moves:0/236
Guide Tree 1/27
#NNI moves:1/236
Guide Tree 2/27
#NNI moves:1/236
Guide Tree 3/27
#NNI moves:0/236
Guide Tree 4/27
#NNI moves:0/236
Guide Tree 5/27
#NNI moves:0/236
Guide Tree 6/27
#NNI moves:0/236
Guide Tree 7/27
#NNI moves:1/236
Guide Tree 8/27
#NNI moves:1/236
Guide Tree 9/27
#NNI moves:3/236
Guide Tree 10/27
#NNI moves:1/236
Guide Tree 11/27
#NNI moves:0/236
Guide Tree 12/27
#NNI moves:1/236
Guide Tree 13/27
#NNI moves:3/236
Guide Tree 14/27
#NNI moves:1/236
Guide Tree 15/27
#NNI moves:3/236
Guide Tree 16/27
#NNI moves:0/236
Guide Tree 17/27
#NNI moves:0/236
Guide Tree 18/27
#NNI moves:0/236
Guide Tree 19/27
#NNI moves:1/236
Guide Tree 20/27
#NNI moves:1/236
Guide Tree 21/27
#NNI moves:0/236
Guide Tree 22/27
#NNI moves:0/236
Guide Tree 23/27
#NNI moves:0/236
Guide Tree 24/27
#NNI moves:3/236
Guide Tree 25/27
#NNI moves:1/236
Guide Tree 26/27
#NNI moves:0/236
Remaining: 3
#NNI moves:13/236
#NNI moves:13/236
((((((((((((((((((T133,T26),T156),(T168,T101)),(((((T85,T105),T136),T27),(T123,T193)),(T55,T81))),(((((((T31,T74),T176),T59),T45),((T135,T159),T8)),(T130,T194)),T97)),(((T117,T37),(T163,T61)),((T13,(T32,T53)),T114))),T16),(T199,(T86,T36))),(((T190,T43),(T122,T126)),T144)),((T96,T146),(T143,(T140,T200)))),T151),((((((T165,T63),((T175,T67),(T106,T48))),((T170,T46),T98)),(T166,T124)),(((T64,(T92,T167)),(((T51,T181),T154),(T179,T185))),(T60,T1))),(((((((T70,((T120,T178),T90)),((T171,T169),T153)),(((T56,T23),T112),((T6,T125),T189))),(((((T69,T198),((((T42,T3),T14),T40),T10)),(T22,T57)),(T33,T38)),T115)),((T93,T11),T191)),(T188,T180)),T0))),((((((T182,T155),(T29,T35)),((((((T134,T127),T160),T139),T174),T52),(T118,T72))),(((((T158,T9),(T17,T138)),(T173,T19)),T25),((T21,T77),T76))),((T147,T95),T5)),(((T186,T75),((T131,T20),T71)),((T104,((T128,T34),T4)),T121)))),((((((((T49,T184),T30),(T2,T65)),((T82,T150),(T107,(T47,T68)))),(T157,T58)),T183),(T109,T41)),T39)),(((((((((((T142,T79),(T116,T102)),T195),(((((T132,T54),T196),T161),T24),(T152,T50))),((T83,T44),(T119,T94))),((((T145,T148),T141),(T129,T172)),((T66,(T73,T162)),T103))),(T111,T149)),(((T12,T137),(T84,(T164,T28))),T177)),T87),T78),((((T110,T192),(T99,T187)),(T18,T80)),((T91,T88),T89)))),((((T113,T7),T15),T62),T100)),T108),T197);
Guide Tree 0/27
#NNI moves:1/236
Guide Tree 1/27
#NNI moves:1/236
Guide Tree 2/27
#NNI moves:2/236
Guide Tree 3/27
#NNI moves:0/236
Guide Tree 4/27
#NNI moves:0/236
Guide Tree 5/27
#NNI moves:1/236
Guide Tree 6/27
#NNI moves:2/236
Guide Tree 7/27
#NNI moves:0/236
Guide Tree 8/27
#NNI moves:2/236
Guide Tree 9/27
#NNI moves:2/236
Guide Tree 10/27
#NNI moves:1/236
Guide Tree 11/27
#NNI moves:0/236
Guide Tree 12/27
#NNI moves:0/236
Guide Tree 13/27
#NNI moves:0/236
Guide Tree 14/27
#NNI moves:2/236
Guide Tree 15/27
#NNI moves:1/236
Guide Tree 16/27
#NNI moves:0/236
Guide Tree 17/27
#NNI moves:1/236
Guide Tree 18/27
#NNI moves:1/236
Guide Tree 19/27
#NNI moves:0/236
Guide Tree 20/27
#NNI moves:0/236
Guide Tree 21/27
#NNI moves:0/236
Guide Tree 22/27
#NNI moves:0/236
Guide Tree 23/27
#NNI moves:2/236
Guide Tree 24/27
#NNI moves:2/236
Guide Tree 25/27
#NNI moves:0/236
Guide Tree 26/27
#NNI moves:1/236
Remaining: 0
#NNI moves:20/236
#NNI moves:20/236
(((((((((((((((((T194,T130),((T45,((T176,(T31,T74)),T59)),((T135,T159),T8))),T97),((((((T85,T105),T136),T27),(T193,T123)),(T55,T81)),(((T133,T26),T156),(T168,T101)))),((T114,((T32,T53),T13)),((T37,T117),(T163,T61)))),T16),((T86,T36),T199)),(((T122,T126),(T190,T43)),T144)),((T146,T96),((T200,T140),T143))),T151),((((((((T38,T33),((((((T3,T42),T14),T40),T10),(T198,T69)),(T57,T22))),T115),((((T56,T23),T112),(T189,(T125,T6))),(((T171,T169),T153),(((T178,T120),T90),T70)))),((T11,T93),T191)),(T180,T188)),T0),(((T166,T124),(((T165,T63),((T67,T175),(T106,T48))),((T170,T46),T98))),((T1,T60),((((T51,T181),T154),(T179,T185)),((T167,T92),T64)))))),((((((T35,T29),(T182,T155)),((T52,((((T127,T134),T160),T139),T174)),(T72,T118))),((T76,(T21,T77)),((((T158,T9),(T138,T17)),(T173,T19)),T25))),(T5,(T95,T147))),(((T71,(T131,T20)),(T186,T75)),((((T128,T34),T4),T104),T121)))),(((((((T150,T82),((T47,T68),T107)),((T65,T2),(T30,(T49,T184)))),(T157,T58)),T183),(T41,T109)),T39)),(((((((((T44,T83),(T119,T94)),((((((T54,T132),T196),T161),T24),(T152,T50)),(((T142,T79),(T116,T102)),T195))),(((T66,(T73,T162)),T103),(((T148,T145),T141),(T129,T172)))),(T111,T149)),(((T12,T137),((T164,T28),T84)),T177)),T87),T78),((((T192,T110),(T187,T99)),(T80,T18)),((T91,T88),T89)))),(((T15,(T7,T113)),T62),T100)),T108),T197);
Guide Tree 0/27
#NNI moves:0/236
Guide Tree 1/27
#NNI moves:0/236
Guide Tree 2/27
#NNI moves:1/236
Guide Tree 3/27
#NNI moves:0/236
Guide Tree 4/27
#NNI moves:0/236
Guide Tree 5/27
#NNI moves:3/236
Guide Tree 6/27
#NNI moves:1/236
Guide Tree 7/27
#NNI moves:0/236
Guide Tree 8/27
#NNI moves:1/236
Guide Tree 9/27
#NNI moves:6/236
Guide Tree 10/27
#NNI moves:0/236
Guide Tree 11/27
#NNI moves:0/236
Guide Tree 12/27
#NNI moves:0/236
Guide Tree 13/27
#NNI moves:0/236
Guide Tree 14/27
#NNI moves:0/236
Guide Tree 15/27
#NNI moves:4/236
Guide Tree 16/27
#NNI moves:5/236
Guide Tree 17/27
#NNI moves:4/236
Guide Tree 18/27
#NNI moves:3/236
Guide Tree 19/27
#NNI moves:1/236
Guide Tree 20/27
#NNI moves:0/236
Guide Tree 21/27
#NNI moves:3/236
Guide Tree 22/27
#NNI moves:0/236
Guide Tree 23/27
#NNI moves:3/236
Guide Tree 24/27
#NNI moves:5/236
Guide Tree 25/27
#NNI moves:1/236
Guide Tree 26/27
#NNI moves:4/236
Remaining: 2
#NNI moves:12/236
#NNI moves:12/236
((((((((((((T191,(T93,T11)),((((((T120,T178),T90),T70),(T153,(T169,T171))),((T112,(T56,T23)),(T189,(T6,T125)))),(((((((T14,(T3,T42)),T40),T10),(T198,T69)),(T57,T22)),(T38,T33)),T115))),(T188,T180)),T0),((((((T106,T48),(T175,T67)),(T165,T63)),(T98,(T46,T170))),(T166,T124)),((T1,T60),(((T167,T92),T64),((T179,T185),(T154,(T51,T181))))))),((((((((((((T136,(T85,T105)),T27),(T193,T123)),(T55,T81)),((T101,T168),(T156,(T26,T133)))),(((T130,T194),(((((T74,T31),T176),T59),T45),((T135,T159),T8))),T97)),((((T53,T32),T13),T114),((T37,T117),(T163,T61)))),T16),(T199,(T86,T36))),(T144,((T43,T190),(T122,T126)))),((T96,T146),((T140,T200),T143))),T151)),((((((((((T134,T127),T160),T139),T174),T52),(T118,T72)),((T155,T182),(T35,T29))),((T76,(T77,T21)),((((T9,T158),(T138,T17)),(T173,T19)),T25))),((T147,T95),T5)),((((T131,T20),T71),(T75,T186)),((((T34,T128),T4),T104),T121)))),(((((T58,T157),(((T82,T150),(T107,(T68,T47))),(((T184,T49),T30),(T65,T2)))),T183),(T109,T41)),T39)),(((((((T137,T12),((T28,T164),T84)),T177),((((((T73,T162),T66),T103),((T172,T129),(T141,(T145,T148)))),(((((((T132,T54),T196),T161),T24),(T152,T50)),(((T116,T102),(T79,T142)),T195)),((T83,T44),(T119,T94)))),(T111,T149))),T87),T78),(((T80,T18),((T99,T187),(T110,T192))),((T88,T91),T89)))),(((T15,(T113,T7)),T62),T100)),T108),T197);
Initial score: 4.15811e+10
Initial tree: ((((((((((((T191,(T93,T11)),((((((T120,T178),T90),T70),(T153,(T169,T171))),((T112,(T56,T23)),(T189,(T6,T125)))),(((((((T14,(T3,T42)),T40),T10),(T198,T69)),(T57,T22)),(T38,T33)),T115))),(T188,T180)),T0),((((((T106,T48),(T175,T67)),(T165,T63)),(T98,(T46,T170))),(T166,T124)),((T1,T60),(((T167,T92),T64),((T179,T185),(T154,(T51,T181))))))),((((((((((((T136,(T85,T105)),T27),(T193,T123)),(T55,T81)),((T101,T168),(T156,(T26,T133)))),(((T130,T194),(((((T74,T31),T176),T59),T45),((T135,T159),T8))),T97)),((((T53,T32),T13),T114),((T37,T117),(T163,T61)))),T16),(T199,(T86,T36))),(T144,((T43,T190),(T122,T126)))),((T96,T146),((T140,T200),T143))),T151)),((((((((((T134,T127),T160),T139),T174),T52),(T118,T72)),((T155,T182),(T35,T29))),((T76,(T77,T21)),((((T9,T158),(T138,T17)),(T173,T19)),T25))),((T147,T95),T5)),((((T131,T20),T71),(T75,T186)),((((T34,T128),T4),T104),T121)))),(((((T58,T157),(((T82,T150),(T107,(T68,T47))),(((T184,T49),T30),(T65,T2)))),T183),(T109,T41)),T39)),(((((((T137,T12),((T28,T164),T84)),T177),((((((T73,T162),T66),T103),((T172,T129),(T141,(T145,T148)))),(((((((T132,T54),T196),T161),T24),(T152,T50)),(((T116,T102),(T79,T142)),T195)),((T83,T44),(T119,T94)))),(T111,T149))),T87),T78),(((T80,T18),((T99,T187),(T110,T192))),((T88,T91),T89)))),(((T15,(T113,T7)),T62),T100)),T108),T197);
*** Subsample Process ***
Use two-step algorithm!
#NNI moves:2/236
Remaining: 1
#NNI moves:15/236
#NNI moves:15/236
(((((((((((((((((((((((T73,T162),T66),T103),((T141,(T145,T148)),(T129,T172))),((((T152,T50),(((T196,(T54,T132)),T161),T24)),(((T116,T102),(T79,T142)),T195)),((T44,T83),(T94,T119)))),(T149,T111)),((((T164,T28),T84),(T12,T137)),T177)),T87),T78),(((T88,T91),T89),((T80,T18),((T99,T187),(T110,T192))))),((T108,T197),(((T15,(T113,T7)),T62),T100))),(((((((T65,T2),(T30,(T49,T184))),((T150,T82),((T68,T47),T107))),(T157,T58)),T183),(T109,T41)),T39)),((((((((T139,((T134,T127),T160)),T174),T52),(T72,T118)),((T155,T182),(T29,T35))),((((T173,T19),((T158,T9),(T138,T17))),T25),((T77,T21),T76))),(T5,(T95,T147))),(((T75,T186),((T131,T20),T71)),((T104,((T128,T34),T4)),T121)))),((((((((((((T135,T159),T8),(((T176,(T74,T31)),T59),T45)),(T194,T130)),T97),((((((T85,T105),T136),T27),(T193,T123)),(T55,T81)),((T101,T168),((T26,T133),T156)))),((((T53,T32),T13),T114),((T117,T37),(T163,T61)))),T16),(T199,(T36,T86))),(((T190,T43),(T122,T126)),T144)),(((T140,T200),T143),(T96,T146))),T151)),(((T1,T60),(((T154,(T181,T51)),(T185,T179)),((T167,T92),T64))),(((((T175,T67),(T48,T106)),(T165,T63)),((T170,T46),T98)),(T124,T166)))),T0),(T180,T188)),(T191,(T93,T11))),(((((((T14,(T3,T42)),T40),T10),(T198,T69)),(T22,T57)),(T38,T33)),T115)),(((T23,T56),T112),(T189,(T125,T6)))),((T171,T169),T153)),(T90,(T120,T178))),T70);
#NNI moves:4/236
Remaining: 0
#NNI moves:29/236
#NNI moves:29/236
((((((((((((((((((((T3,T42),T14),T40),T10),(T198,T69)),(T22,T57)),(T38,T33)),T115),(((T189,(T125,T6)),(T112,(T23,T56))),(((T169,T171),T153),(T70,((T178,T120),T90))))),((T11,T93),T191)),(T188,T180)),T0),(((((T46,T170),T98),((T63,T165),((T48,T106),(T175,T67)))),(T124,T166)),((((T92,T167),T64),((T185,T179),(T154,(T51,T181)))),(T1,T60)))),((((((((((T101,T168),((T133,T26),T156)),((T81,T55),((T193,T123),(((T85,T105),T136),T27)))),(((((T59,((T74,T31),T176)),T45),(T8,(T159,T135))),(T130,T194)),T97)),((((T53,T32),T13),T114),((T61,T163),(T37,T117)))),T16),((T36,T86),T199)),(((T126,T122),(T43,T190)),T144)),(((T140,T200),T143),(T146,T96))),T151)),(((((((T174,((T160,(T134,T127)),T139)),T52),(T72,T118)),((T35,T29),(T155,T182))),((((T173,T19),((T138,T17),(T9,T158))),T25),(T76,(T77,T21)))),((T95,T147),T5)),(((T104,((T128,T34),T4)),T121),((T186,T75),((T131,T20),T71))))),(((T109,T41),((((((T49,T184),T30),(T65,T2)),((T107,(T68,T47)),(T150,T82))),(T58,T157)),T183)),T39)),(((((((((T141,(T148,T145)),(T172,T129)),((T66,(T162,T73)),T103)),(((((T116,T102),(T142,T79)),T195),(((T161,((T132,T54),T196)),T24),(T50,T152))),((T119,T94),(T44,T83)))),(T111,T149)),(T177,((T137,T12),((T28,T164),T84)))),T87),T78),(((T91,T88),T89),(((T110,T192),(T99,T187)),(T18,T80))))),(T100,(T62,(T15,(T7,T113))))),T197),T108);
#NNI moves:1/236
Remaining: 0
#NNI moves:16/236
#NNI moves:16/236
(((((((((((((((((((((((((((((T102,T116),(T79,T142)),T195),(((((T132,T54),T196),T161),T24),(T50,T152))),((T44,T83),(T119,T94))),(((T66,(T162,T73)),T103),((T172,T129),((T148,T145),T141)))),(T111,T149)),(((T12,T137),(T84,(T28,T164))),T177)),T87),T78),(((T18,T80),((T110,T192),(T187,T99))),((T88,T91),T89))),(((((T7,T113),T15),T62),T100),(T197,T108))),(((((((T150,T82),(T107,(T47,T68))),((T30,(T49,T184)),(T2,T65))),(T157,T58)),T183),(T41,T109)),T39)),((((((T128,T34),T4),T104),T121),((T71,(T20,T131)),(T75,T186))),(((((T182,T155),(T35,T29)),((((((T127,T134),T160),T139),T174),T52),(T118,T72))),((T25,(((T158,T9),(T138,T17)),(T173,T19))),((T21,T77),T76))),(T5,(T147,T95))))),((((((((((((T59,(T176,(T31,T74))),T45),((T159,T135),T8)),(T194,T130)),T97),((((T193,T123),((T136,(T105,T85)),T27)),(T81,T55)),(((T26,T133),T156),(T101,T168)))),(((T13,(T32,T53)),T114),((T163,T61),(T37,T117)))),T16),(T199,(T86,T36))),(T144,((T190,T43),(T126,T122)))),(((T140,T200),T143),(T96,T146))),T151)),(((((T167,T92),T64),(((T181,T51),T154),(T185,T179))),(T60,T1)),((((T46,T170),T98),(((T48,T106),(T67,T175)),(T63,T165))),(T166,T124)))),T0),(T180,T188)),(T191,(T11,T93))),((((T90,(T178,T120)),T70),((T169,T171),T153)),(((T23,T56),T112),(T189,(T125,T6))))),T115),(T33,T38)),(T22,T57)),(T198,T69)),T10),T40),T14),T3),T42);
#NNI moves:1/236
Remaining: 0
#NNI moves:12/236
#NNI moves:12/236
((((((((((((((((((T45,((T176,(T74,T31)),T59)),((T135,T159),T8)),(T130,T194)),T97),(((((T136,(T105,T85)),T27),(T123,T193)),(T81,T55)),((T156,(T133,T26)),(T168,T101)))),(((T117,T37),(T61,T163)),(((T32,T53),T13),T114))),T16),((T86,T36),T199)),(((T122,T126),(T190,T43)),T144)),((T146,T96),((T200,T140),T143))),T151),(((((((((T57,T22),((T10,(((T3,T42),T14),T40)),(T198,T69))),(T38,T33)),T115),((((T125,T6),T189),((T56,T23),T112)),(((T171,T169),T153),(T70,(T90,(T178,T120)))))),((T93,T11),T191)),(T188,T180)),T0),(((T60,T1),((T64,(T92,T167)),((T154,(T181,T51)),(T185,T179)))),((((T165,T63),((T67,T175),(T106,T48))),(T98,(T46,T170))),(T124,T166))))),((((((((((T127,T134),T160),T139),T174),T52),(T72,T118)),((T155,T182),(T35,T29))),(((((T138,T17),(T158,T9)),(T19,T173)),T25),(T76,(T21,T77)))),((T95,T147),T5)),((((T4,(T128,T34)),T104),T121),((T186,T75),((T131,T20),T71))))),(((((((T150,T82),((T68,T47),T107)),((T30,(T184,T49)),(T2,T65))),(T58,T157)),T183),(T109,T41)),T39)),((((((((((T162,T73),T66),T103),((T129,T172),((T148,T145),T141))),((((T50,T152),(((T196,(T132,T54)),T161),T24)),(((T142,T79),(T116,T102)),T195)),((T94,T119),(T44,T83)))),(T111,T149)),(((T12,T137),((T164,T28),T84)),T177)),T87),T78),(((T18,T80),((T110,T192),(T99,T187))),(T89,(T91,T88))))),(T100,(T62,((T113,T7),T15)))),T197),T108);
Current score: 4.15811e+10
Current tree: ((((((((((((((((((T45,((T176,(T74,T31)),T59)),((T135,T159),T8)),(T130,T194)),T97),(((((T136,(T105,T85)),T27),(T123,T193)),(T81,T55)),((T156,(T133,T26)),(T168,T101)))),(((T117,T37),(T61,T163)),(((T32,T53),T13),T114))),T16),((T86,T36),T199)),(((T122,T126),(T190,T43)),T144)),((T146,T96),((T200,T140),T143))),T151),(((((((((T57,T22),((T10,(((T3,T42),T14),T40)),(T198,T69))),(T38,T33)),T115),((((T125,T6),T189),((T56,T23),T112)),(((T171,T169),T153),(T70,(T90,(T178,T120)))))),((T93,T11),T191)),(T188,T180)),T0),(((T60,T1),((T64,(T92,T167)),((T154,(T181,T51)),(T185,T179)))),((((T165,T63),((T67,T175),(T106,T48))),(T98,(T46,T170))),(T124,T166))))),((((((((((T127,T134),T160),T139),T174),T52),(T72,T118)),((T155,T182),(T35,T29))),(((((T138,T17),(T158,T9)),(T19,T173)),T25),(T76,(T21,T77)))),((T95,T147),T5)),((((T4,(T128,T34)),T104),T121),((T186,T75),((T131,T20),T71))))),(((((((T150,T82),((T68,T47),T107)),((T30,(T184,T49)),(T2,T65))),(T58,T157)),T183),(T109,T41)),T39)),((((((((((T162,T73),T66),T103),((T129,T172),((T148,T145),T141))),((((T50,T152),(((T196,(T132,T54)),T161),T24)),(((T142,T79),(T116,T102)),T195)),((T94,T119),(T44,T83)))),(T111,T149)),(((T12,T137),((T164,T28),T84)),T177)),T87),T78),(((T18,T80),((T110,T192),(T99,T187))),(T89,(T91,T88))))),(T100,(T62,((T113,T7),T15)))),T108),T197);
Use two-step algorithm!
#NNI moves:0/236
Remaining: 0
#NNI moves:7/236
#NNI moves:7/236
(((((((((((((((((((((((((((T50,T152),(T24,(((T132,T54),T196),T161))),(((T116,T102),(T79,T142)),T195)),((T119,T94),(T83,T44))),(((T141,(T148,T145)),(T172,T129)),((T66,(T73,T162)),T103))),(T111,T149)),(((T84,(T164,T28)),(T137,T12)),T177)),T87),T78),((((T187,T99),(T110,T192)),(T80,T18)),(T89,(T91,T88)))),(((T62,((T7,T113),T15)),T100),(T108,T197))),((((((((T68,T47),T107),(T150,T82)),(((T184,T49),T30),(T65,T2))),(T58,T157)),T183),(T41,T109)),T39)),((((((T35,T29),(T182,T155)),((T72,T118),((((T160,(T127,T134)),T139),T174),T52))),(((((T138,T17),(T9,T158)),(T173,T19)),T25),((T21,T77),T76))),(T5,(T95,T147))),(((((T128,T34),T4),T104),T121),(((T20,T131),T71),(T186,T75))))),((((((T115,((((((T14,(T42,T3)),T40),T10),(T198,T69)),(T57,T22)),(T38,T33))),(((T189,(T6,T125)),(T112,(T56,T23))),((T70,((T120,T178),T90)),((T169,T171),T153)))),(T191,(T11,T93))),(T180,T188)),T0),(((((T179,T185),((T51,T181),T154)),((T92,T167),T64)),(T1,T60)),((T166,T124),(((T63,T165),((T67,T175),(T106,T48))),((T170,T46),T98)))))),T151),(((T140,T200),T143),(T146,T96))),(((T43,T190),(T126,T122)),T144)),((T86,T36),T199)),T16),((T114,((T32,T53),T13)),((T117,T37),(T61,T163)))),((((T123,T193),(((T85,T105),T136),T27)),(T81,T55)),((T168,T101),((T133,T26),T156)))),T97),(T194,T130)),(T8,(T135,T159))),T45),(T176,(T74,T31))),T59);
#NNI moves:0/236
Remaining: 1
#NNI moves:18/236
#NNI moves:18/236
(((((((((((((((((((((T123,T193),(T27,((T85,T105),T136))),(T55,T81)),((T101,T168),(T156,(T26,T133)))),(T97,((T194,T130),(((T59,((T31,T74),T176)),T45),(T8,(T135,T159)))))),(((T163,T61),(T37,T117)),(((T53,T32),T13),T114))),T16),((T86,T36),T199)),(((T126,T122),(T190,T43)),T144)),(((T200,T140),T143),(T146,T96))),T151),((T0,(((((((T125,T6),T189),((T23,T56),T112)),(((T90,(T120,T178)),T70),(T153,(T169,T171)))),(((((((T14,(T3,T42)),T40),T10),(T69,T198)),(T57,T22)),(T33,T38)),T115)),((T93,T11),T191)),(T180,T188))),((((((T106,T48),(T175,T67)),(T165,T63)),((T46,T170),T98)),(T166,T124)),((T60,T1),((((T51,T181),T154),(T185,T179)),(T64,(T92,T167))))))),((((((((((T127,T134),T160),T139),T174),T52),(T72,T118)),((T35,T29),(T182,T155))),(((((T158,T9),(T138,T17)),(T173,T19)),T25),(T76,(T21,T77)))),((T95,T147),T5)),((((T4,(T34,T128)),T104),T121),((T75,T186),((T131,T20),T71))))),(((((((T82,T150),(T107,(T68,T47))),(((T184,T49),T30),(T65,T2))),(T157,T58)),T183),(T41,T109)),T39)),(((((T99,T187),(T192,T110)),(T18,T80)),(T89,(T88,T91))),(((((((((T73,T162),T66),T103),((T172,T129),(T141,(T145,T148)))),(((T94,T119),(T44,T83)),(((T24,(((T54,T132),T196),T161)),(T50,T152)),(((T142,T79),(T116,T102)),T195)))),(T111,T149)),(((T84,(T28,T164)),(T12,T137)),T177)),T87),T78))),(T108,T197)),T100),T62),T15),T7),T113);
#NNI moves:0/236
Remaining: 0
#NNI moves:36/236
#NNI moves:36/236
(((((((((((((((((((((((((T127,T134),T160),T139),T174),T52),(T72,T118)),((T29,T35),(T182,T155))),((T76,(T21,T77)),(T25,((T173,T19),((T17,T138),(T158,T9)))))),(T5,(T95,T147))),((((T4,(T34,T128)),T104),T121),((T186,T75),((T131,T20),T71)))),(((((((((((((T79,T142),(T102,T116)),T195),((((T196,(T132,T54)),T161),T24),(T152,T50))),((T94,T119),(T83,T44))),((((T73,T162),T66),T103),(((T148,T145),T141),(T129,T172)))),(T149,T111)),((((T28,T164),T84),(T12,T137)),T177)),T87),T78),((((T187,T99),(T192,T110)),(T80,T18)),((T91,T88),T89))),((T100,(((T7,T113),T15),T62)),(T197,T108))),(((((((T65,T2),((T49,T184),T30)),(((T47,T68),T107),(T150,T82))),(T58,T157)),T183),(T109,T41)),T39))),((((((((T112,(T23,T56)),((T125,T6),T189)),(((T169,T171),T153),(((T178,T120),T90),T70))),(((T33,T38),((T22,T57),(((((T42,T3),T14),T40),T10),(T198,T69)))),T115)),((T11,T93),T191)),(T188,T180)),T0),(((((T63,T165),((T48,T106),(T67,T175))),((T170,T46),T98)),(T166,T124)),((((T167,T92),T64),((T179,T185),((T51,T181),T154))),(T1,T60))))),T151),(((T140,T200),T143),(T96,T146))),(((T122,T126),(T43,T190)),T144)),((T86,T36),T199)),T16),(((T61,T163),(T117,T37)),(((T53,T32),T13),T114))),(((T55,T81),((((T105,T85),T136),T27),(T193,T123))),(((T26,T133),T156),(T168,T101)))),T97),(T130,T194)),((T159,T135),T8)),T45),((T74,T31),T176)),T59);
#NNI moves:1/236
Remaining: 0
#NNI moves:18/236
#NNI moves:18/236
((((((((((((((((((((((T48,T106),(T67,T175)),(T165,T63)),((T170,T46),T98)),(T166,T124)),((((T179,T185),((T51,T181),T154)),(T64,(T92,T167))),(T1,T60))),((((((((T6,T125),T189),((T56,T23),T112)),((T153,(T171,T169)),(((T120,T178),T90),T70))),(((((T198,T69),((T40,((T42,T3),T14)),T10)),(T22,T57)),(T38,T33)),T115)),((T93,T11),T191)),(T180,T188)),T0)),(((((((((((((T85,T105),T136),T27),(T123,T193)),(T55,T81)),((T156,(T133,T26)),(T168,T101))),(((((T59,((T74,T31),T176)),T45),((T159,T135),T8)),(T130,T194)),T97)),((((T32,T53),T13),T114),((T117,T37),(T163,T61)))),T16),((T86,T36),T199)),(((T43,T190),(T122,T126)),T144)),(((T200,T140),T143),(T96,T146))),T151)),((((((((T138,T17),(T9,T158)),(T19,T173)),T25),((T21,T77),T76)),((((((T160,(T134,T127)),T139),T174),T52),(T118,T72)),((T155,T182),(T35,T29)))),(T5,(T95,T147))),((((T20,T131),T71),(T75,T186)),((((T128,T34),T4),T104),T121)))),(((((((T107,(T47,T68)),(T82,T150)),(((T184,T49),T30),(T2,T65))),(T58,T157)),T183),(T109,T41)),T39)),(((((T113,T7),T15),T62),T100),(T197,T108))),((((T99,T187),(T192,T110)),(T18,T80)),((T88,T91),T89))),T78),T87),((((T164,T28),T84),(T137,T12)),T177)),(T111,T149)),((((T145,T148),T141),(T129,T172)),(((T73,T162),T66),T103))),((T83,T44),(T119,T94))),(((T142,T79),(T102,T116)),T195)),(((T196,(T132,T54)),T161),T24)),T152),T50);
Current score: 4.15811e+10
Current tree: ((T108,(((((T113,T7),T15),T62),T100),(((((((((((T48,T106),(T67,T175)),(T165,T63)),((T170,T46),T98)),(T166,T124)),((((T179,T185),((T51,T181),T154)),(T64,(T92,T167))),(T1,T60))),((((((((T6,T125),T189),((T56,T23),T112)),((T153,(T171,T169)),(((T120,T178),T90),T70))),(((((T198,T69),((T40,((T42,T3),T14)),T10)),(T22,T57)),(T38,T33)),T115)),((T93,T11),T191)),(T180,T188)),T0)),(((((((((((((T85,T105),T136),T27),(T123,T193)),(T55,T81)),((T156,(T133,T26)),(T168,T101))),(((((T59,((T74,T31),T176)),T45),((T159,T135),T8)),(T130,T194)),T97)),((((T32,T53),T13),T114),((T117,T37),(T163,T61)))),T16),((T86,T36),T199)),(((T43,T190),(T122,T126)),T144)),(((T200,T140),T143),(T96,T146))),T151)),((((((((T138,T17),(T9,T158)),(T19,T173)),T25),((T21,T77),T76)),((((((T160,(T134,T127)),T139),T174),T52),(T118,T72)),((T155,T182),(T35,T29)))),(T5,(T95,T147))),((((T20,T131),T71),(T75,T186)),((((T128,T34),T4),T104),T121)))),(((((((T107,(T47,T68)),(T82,T150)),(((T184,T49),T30),(T2,T65))),(T58,T157)),T183),(T109,T41)),T39)),(((((T99,T187),(T192,T110)),(T18,T80)),((T88,T91),T89)),(T78,(T87,(((((T164,T28),T84),(T137,T12)),T177),((T111,T149),(((((T145,T148),T141),(T129,T172)),(((T73,T162),T66),T103)),(((T83,T44),(T119,T94)),((((T142,T79),(T102,T116)),T195),((((T196,(T132,T54)),T161),T24),(T152,T50))))))))))))),T197);
Final Tree: ((T108,(((((T113,T7),T15),T62),T100),(((((((((((T48,T106),(T67,T175)),(T165,T63)),((T170,T46),T98)),(T166,T124)),((((T179,T185),((T51,T181),T154)),(T64,(T92,T167))),(T1,T60))),((((((((T6,T125),T189),((T56,T23),T112)),((T153,(T171,T169)),(((T120,T178),T90),T70))),(((((T198,T69),((T40,((T42,T3),T14)),T10)),(T22,T57)),(T38,T33)),T115)),((T93,T11),T191)),(T180,T188)),T0)),(((((((((((((T85,T105),T136),T27),(T123,T193)),(T55,T81)),((T156,(T133,T26)),(T168,T101))),(((((T59,((T74,T31),T176)),T45),((T159,T135),T8)),(T130,T194)),T97)),((((T32,T53),T13),T114),((T117,T37),(T163,T61)))),T16),((T86,T36),T199)),(((T43,T190),(T122,T126)),T144)),(((T200,T140),T143),(T96,T146))),T151)),((((((((T138,T17),(T9,T158)),(T19,T173)),T25),((T21,T77),T76)),((((((T160,(T134,T127)),T139),T174),T52),(T118,T72)),((T155,T182),(T35,T29)))),(T5,(T95,T147))),((((T20,T131),T71),(T75,T186)),((((T128,T34),T4),T104),T121)))),(((((((T107,(T47,T68)),(T82,T150)),(((T184,T49),T30),(T2,T65))),(T58,T157)),T183),(T109,T41)),T39)),(((((T99,T187),(T192,T110)),(T18,T80)),((T88,T91),T89)),(T78,(T87,(((((T164,T28),T84),(T137,T12)),T177),((T111,T149),(((((T145,T148),T141),(T129,T172)),(((T73,T162),T66),T103)),(((T83,T44),(T119,T94)),((((T142,T79),(T102,T116)),T195),((((T196,(T132,T54)),T161),T24),(T152,T50))))))))))))),T197);
Score: 4.158111681e+10

real	1m38.357s
user	38m29.247s
sys	0m19.239s
