
RAxML-NG v. 1.1.0-master released on 04.08.2022 by The Exelixis Lab.
Developed by: Alexey M. Kozlov and Alexandros Stamatakis.
Contributors: Diego Darriba, Tomas Flouri, Benoit Morel, Sarah Lutteropp, Ben Bettisworth.
Latest version: https://github.com/amkozlov/raxml-ng
Questions/problems/suggestions? Please visit: https://groups.google.com/forum/#!forum/raxml

System: AMD EPYC 7742 64-Core Processor, 128 cores, 251 GB RAM

RAxML-NG was called at 13-Jan-2023 17:03:40 as follows:

/home/chaos/programs/raxml-ng/raxml-ng/bin/raxml-ng --msa data/alignment/49_1X_S201_0_1e6_haploid --tree pars{1} --model GTR+G --threads 64 --redo

Analysis options:
  run mode: ML tree search
  start tree(s): parsimony (1)
  random seed: 1673658220
  tip-inner: OFF
  pattern compression: ON
  per-rate scalers: OFF
  site repeats: ON
  fast spr radius: AUTO
  spr subtree cutoff: 1.000000
  branch lengths: proportional (ML estimate, algorithm: NR-FAST)
  SIMD kernels: AVX2
  parallelization: coarse-grained (auto), PTHREADS (64 threads), thread pinning: OFF

WARNING: Running in REDO mode: existing checkpoints are ignored, and all result files will be overwritten!

[00:00:00] Reading alignment from file: data/alignment/49_1X_S201_0_1e6_haploid
[00:00:02] Loaded alignment with 201 taxa and 5000000 sites

Alignment comprises 1 partitions and 3777882 patterns

Partition 0: noname
Model: GTR+FO+G4m
Alignment sites / patterns: 5000000 / 3777882
Gaps: 0.00 %
Invariant sites: 10.21 %


NOTE: Binary MSA file created: data/alignment/49_1X_S201_0_1e6_haploid.raxml.rba

Parallelization scheme autoconfig: 1 worker(s) x 64 thread(s)

Parallel reduction/worker buffer size: 1 KB  / 0 KB

[00:00:22] Generating 1 parsimony starting tree(s) with 201 taxa
[00:00:51] Data distribution: max. partitions/sites/weight per thread: 1 / 59030 / 944480
[00:00:51] Data distribution: max. searches per worker: 1

Starting ML tree search with 1 distinct starting trees

[00:00:52 -288224344.603337] Initial branch length optimization
[00:01:52 -273580236.216320] Model parameter optimization (eps = 10.000000)
[00:14:57 -262644627.731700] AUTODETECT spr round 1 (radius: 5)
[00:22:03 -262542715.059771] AUTODETECT spr round 2 (radius: 10)
[00:43:04 -262542715.044791] SPR radius for FAST iterations: 5 (autodetect)
[00:43:04 -262542715.044791] Model parameter optimization (eps = 3.000000)
[00:43:24 -262542714.406498] FAST spr round 1 (radius: 5)
[00:59:18 -262534407.763805] FAST spr round 2 (radius: 5)
[01:14:50 -262529856.576827] FAST spr round 3 (radius: 5)
[01:30:19 -262525579.986933] FAST spr round 4 (radius: 5)
[01:45:32 -262522525.181656] FAST spr round 5 (radius: 5)
[02:00:33 -262521755.967823] FAST spr round 6 (radius: 5)
[02:16:07 -262521679.451438] FAST spr round 7 (radius: 5)
[02:31:24 -262520464.464350] FAST spr round 8 (radius: 5)
[02:46:18 -262516435.377708] FAST spr round 9 (radius: 5)
[03:01:08 -262516435.377527] Model parameter optimization (eps = 1.000000)
[03:02:20 -262516429.886447] SLOW spr round 1 (radius: 5)
[03:49:52 -262514833.922696] SLOW spr round 2 (radius: 5)
[04:33:12 -262514544.264621] SLOW spr round 3 (radius: 5)
[05:14:10 -262514544.264593] SLOW spr round 4 (radius: 10)
[05:54:07 -262514544.264591] SLOW spr round 5 (radius: 15)
[07:21:56 -262514544.264591] SLOW spr round 6 (radius: 20)
[08:20:31 -262514544.264591] SLOW spr round 7 (radius: 25)
[08:34:32 -262514544.264591] Model parameter optimization (eps = 0.100000)

[08:36:48] ML tree search #1, logLikelihood: -262514542.625730


Optimized model parameters:

   Partition 0: noname
   Rate heterogeneity: GAMMA (4 cats, mean),  alpha: 0.707721 (ML),  weights&rates: (0.250000,0.075838) (0.250000,0.367151) (0.250000,0.927696) (0.250000,2.629315) 
   Base frequencies (ML): 0.274397 0.253008 0.159203 0.313392 
   Substitution rates (ML): 0.962071 3.789510 0.750460 1.762586 3.672654 1.000000 


Final LogLikelihood: -262514542.625730

AIC score: 525029901.251460 / AICc score: 525029901.318214 / BIC score: 525035378.630436
Free parameters (model + branch lengths): 408

Best ML tree saved to: /expanse/lustre/projects/uot138/chaos/ASTERISK-sim/data/alignment/49_1X_S201_0_1e6_haploid.raxml.bestTree
Optimized model saved to: /expanse/lustre/projects/uot138/chaos/ASTERISK-sim/data/alignment/49_1X_S201_0_1e6_haploid.raxml.bestModel

Execution log saved to: /expanse/lustre/projects/uot138/chaos/ASTERISK-sim/data/alignment/49_1X_S201_0_1e6_haploid.raxml.log

Analysis started: 13-Jan-2023 17:03:40 / finished: 14-Jan-2023 01:40:30

Elapsed time: 31010.016 seconds

Consumed energy: 3514.506 Wh (= 18 km in an electric car, or 88 km with an e-scooter!)

