Weighted ASTRAL - Hybrid
Version: v1.13.2.3
#Genetrees: 2000
#Species: 201
#Rounds: 4
#Samples: 4
#Threads: 32
Use two-step algorithm!
Guide Tree 0/27
#NNI moves:3/236
Guide Tree 1/27
#NNI moves:0/236
Guide Tree 2/27
#NNI moves:1/236
Guide Tree 3/27
#NNI moves:0/236
Guide Tree 4/27
#NNI moves:3/236
Guide Tree 5/27
#NNI moves:0/236
Guide Tree 6/27
#NNI moves:0/236
Guide Tree 7/27
#NNI moves:0/236
Guide Tree 8/27
#NNI moves:1/236
Guide Tree 9/27
#NNI moves:1/236
Guide Tree 10/27
#NNI moves:1/236
Guide Tree 11/27
#NNI moves:0/236
Guide Tree 12/27
#NNI moves:0/236
Guide Tree 13/27
#NNI moves:4/236
Guide Tree 14/27
#NNI moves:3/236
Guide Tree 15/27
#NNI moves:0/236
Guide Tree 16/27
#NNI moves:0/236
Guide Tree 17/27
#NNI moves:0/236
Guide Tree 18/27
#NNI moves:0/236
Guide Tree 19/27
#NNI moves:1/236
Guide Tree 20/27
#NNI moves:1/236
Guide Tree 21/27
#NNI moves:0/236
Guide Tree 22/27
#NNI moves:0/236
Guide Tree 23/27
#NNI moves:3/236
Guide Tree 24/27
#NNI moves:0/236
Guide Tree 25/27
#NNI moves:0/236
Guide Tree 26/27
#NNI moves:0/236
Remaining: 0
#NNI moves:30/236
#NNI moves:33/236
(((((((((((((T45,(T72,T26)),T16),((T109,((T148,((T103,T118),T90)),((T106,T74),T179))),T54)),(((T57,T142),T172),T113)),(((((((((T73,T131),T125),T198),(T94,T32)),((T187,T190),((T139,T96),T65))),(((T37,T28),T165),T4)),((((T112,T150),T80),(T12,T24)),(T159,T132))),((T31,T129),((T1,T155),T48))),(((((T66,((T38,T22),T181)),(T8,T160)),T13),(T175,(T27,T171))),(((T39,T98),(T30,T61)),T197)))),((T153,(T58,(T126,(T77,T123)))),(((((T135,T5),T161),(T143,T84)),T195),((T137,T101),((T63,T92),T85))))),T0),(((T64,T81),T177),((T76,(T10,T50)),(T93,T70)))),((((((((T199,T20),((((T170,T53),T97),T128),T71)),(T43,(T120,T184))),((((T167,T136),T75),T11),((((T21,T55),((T121,T130),T91)),(T182,T102)),(((T86,T193),T33),T42)))),(T88,(T162,T104))),((((T186,((T108,T6),T114)),(T194,T180)),(T36,T200)),(T35,T115))),T25),(((T100,T51),T163),((T117,T111),T124)))),((((((((((((T189,T141),T68),T192),((T147,T110),T15)),((T49,T164),T119)),((((T127,(T168,T185)),((T67,T138),((T144,T157),T99))),(T3,T173)),T23)),(T41,T122)),(((T174,(T59,(T134,T146))),(T78,T95)),(T69,T105))),((((T178,T188),T154),(((T158,T82),T166),(T183,T107))),((T176,T149),T87))),T62),(((((T7,T140),T2),T79),((T19,T89),T145)),((T152,(T83,T169)),(((((T196,(T151,T9)),((T191,T47),T52)),((T60,T133),T18)),T17),T156)))),(T56,T40))),((T34,T44),(T116,T29))),T14),T46);
Guide Tree 0/27
#NNI moves:0/236
Guide Tree 1/27
#NNI moves:0/236
Guide Tree 2/27
#NNI moves:1/236
Guide Tree 3/27
#NNI moves:3/236
Guide Tree 4/27
#NNI moves:0/236
Guide Tree 5/27
#NNI moves:3/236
Guide Tree 6/27
#NNI moves:0/236
Guide Tree 7/27
#NNI moves:3/236
Guide Tree 8/27
#NNI moves:0/236
Guide Tree 9/27
#NNI moves:0/236
Guide Tree 10/27
#NNI moves:0/236
Guide Tree 11/27
#NNI moves:0/236
Guide Tree 12/27
#NNI moves:2/236
Guide Tree 13/27
#NNI moves:0/236
Guide Tree 14/27
#NNI moves:0/236
Guide Tree 15/27
#NNI moves:0/236
Guide Tree 16/27
#NNI moves:3/236
Guide Tree 17/27
#NNI moves:0/236
Guide Tree 18/27
#NNI moves:0/236
Guide Tree 19/27
#NNI moves:0/236
Guide Tree 20/27
#NNI moves:0/236
Guide Tree 21/27
#NNI moves:0/236
Guide Tree 22/27
#NNI moves:0/236
Guide Tree 23/27
#NNI moves:7/236
Guide Tree 24/27
#NNI moves:5/236
Guide Tree 25/27
#NNI moves:0/236
Guide Tree 26/27
#NNI moves:0/236
Remaining: 1
#NNI moves:23/236
#NNI moves:23/236
((((((((((((((T39,T98),(T30,T61)),T197),(((T171,T27),T175),((((T181,(T22,T38)),T66),(T8,T160)),T13))),((((T155,T1),T48),(T31,T129)),(((((((T73,T131),T125),T198),(T94,T32)),((T65,(T96,T139)),(T190,T187))),(((T28,T37),T165),T4)),((((T112,T150),T80),(T24,T12)),(T132,T159))))),(((((((T90,(T103,T118)),T148),((T74,T106),T179)),T109),T54),((T45,(T72,T26)),T16)),(((T57,T142),T172),T113))),(((((T143,T84),((T135,T5),T161)),T195),(((T63,T92),T85),(T137,T101))),((T58,((T77,T123),T126)),T153))),T0),(((T64,T81),T177),(((T10,T50),T76),(T70,T93)))),((((((((T184,T120),T43),(((((T170,T53),T97),T128),T71),(T199,T20))),(((((T21,T55),((T121,T130),T91)),(T182,T102)),((T33,(T193,T86)),T42)),(((T167,T136),T75),T11))),((T162,T104),T88)),((((((T108,T6),T114),T186),(T194,T180)),(T200,T36)),(T115,T35))),T25),(((T117,T111),T124),(T163,(T100,T51))))),((((((((((T134,T146),T59),T174),(T95,T78)),(T69,T105)),(((T23,((((T67,T138),((T144,T157),T99)),((T168,T185),T127)),(T3,T173))),((T119,(T49,T164)),((T15,(T110,T147)),(((T189,T141),T68),T192)))),(T41,T122))),(((T166,(T158,T82)),(T183,T107)),((T188,T178),T154))),(((T149,T176),T87),T62)),((((T2,(T140,T7)),T79),(T145,(T19,T89))),(((((T18,(T60,T133)),((T52,(T191,T47)),((T151,T9),T196))),T17),T156),((T169,T83),T152)))),(T40,T56))),((T34,T44),(T29,T116))),T14),T46);
Guide Tree 0/27
#NNI moves:4/236
Guide Tree 1/27
#NNI moves:8/236
Guide Tree 2/27
#NNI moves:4/236
Guide Tree 3/27
#NNI moves:5/236
Guide Tree 4/27
#NNI moves:0/236
Guide Tree 5/27
#NNI moves:7/236
Guide Tree 6/27
#NNI moves:4/236
Guide Tree 7/27
#NNI moves:0/236
Guide Tree 8/27
#NNI moves:7/236
Guide Tree 9/27
#NNI moves:3/236
Guide Tree 10/27
#NNI moves:3/236
Guide Tree 11/27
#NNI moves:3/236
Guide Tree 12/27
#NNI moves:3/236
Guide Tree 13/27
#NNI moves:4/236
Guide Tree 14/27
#NNI moves:0/236
Guide Tree 15/27
#NNI moves:6/236
Guide Tree 16/27
#NNI moves:5/236
Guide Tree 17/27
#NNI moves:3/236
Guide Tree 18/27
#NNI moves:3/236
Guide Tree 19/27
#NNI moves:4/236
Guide Tree 20/27
#NNI moves:6/236
Guide Tree 21/27
#NNI moves:3/236
Guide Tree 22/27
#NNI moves:2/236
Guide Tree 23/27
#NNI moves:5/236
Guide Tree 24/27
#NNI moves:3/236
Guide Tree 25/27
#NNI moves:1/236
Guide Tree 26/27
#NNI moves:3/236
Remaining: 1
#NNI moves:41/236
#NNI moves:44/236
(((((((((((T195,(((T135,T5),T161),(T143,T84))),((T85,(T63,T92)),(T101,T137))),((((T77,T123),T126),T58),T153)),(((T113,(T172,(T57,T142))),(((((T148,((T103,T118),T90)),(T179,(T74,T106))),T109),T54),(((T26,T72),T45),T16))),(((((T1,T155),T48),(T129,T31)),(((((T198,((T73,T131),T125)),(T94,T32)),((T65,(T96,T139)),(T187,T190))),(T4,((T37,T28),T165))),((((T150,T112),T80),(T24,T12)),(T159,T132)))),((((T27,T171),T175),(((T8,T160),((T181,(T22,T38)),T66)),T13)),(T197,((T30,T61),(T98,T39))))))),T0),((((T50,T10),T76),(T70,T93)),((T81,T64),T177))),((((((((((T193,T86),T33),T42),(((T91,(T121,T130)),(T21,T55)),(T182,T102))),((T75,(T136,T167)),T11)),(((T199,T20),((((T170,T53),T97),T128),T71)),((T120,T184),T43))),(T88,(T162,T104))),(((((T114,(T6,T108)),T186),(T180,T194)),(T36,T200)),(T115,T35))),T25),((T124,(T111,T117)),((T100,T51),T163)))),((((((((((T134,T146),T59),T174),(T95,T78)),(T105,T69)),((T41,T122),(((((T68,(T189,T141)),T192),((T147,T110),T15)),(T119,(T49,T164))),(((T3,T173),(((T185,T168),T127),(((T157,T144),T99),(T67,T138)))),T23)))),((((T82,T158),T166),(T107,T183)),((T178,T188),T154))),(((T176,T149),T87),T62)),((((((T18,(T133,T60)),(((T47,T191),T52),((T9,T151),T196))),T17),T156),((T169,T83),T152)),(((T19,T89),T145),(T79,(T2,(T140,T7)))))),(T56,T40))),((T44,T34),(T29,T116))),T14),T46);
Guide Tree 0/27
#NNI moves:0/236
Guide Tree 1/27
#NNI moves:0/236
Guide Tree 2/27
#NNI moves:0/236
Guide Tree 3/27
#NNI moves:3/236
Guide Tree 4/27
#NNI moves:2/236
Guide Tree 5/27
#NNI moves:0/236
Guide Tree 6/27
#NNI moves:0/236
Guide Tree 7/27
#NNI moves:5/236
Guide Tree 8/27
#NNI moves:1/236
Guide Tree 9/27
#NNI moves:0/236
Guide Tree 10/27
#NNI moves:0/236
Guide Tree 11/27
#NNI moves:1/236
Guide Tree 12/27
#NNI moves:0/236
Guide Tree 13/27
#NNI moves:0/236
Guide Tree 14/27
#NNI moves:8/236
Guide Tree 15/27
#NNI moves:0/236
Guide Tree 16/27
#NNI moves:0/236
Guide Tree 17/27
#NNI moves:2/236
Guide Tree 18/27
#NNI moves:0/236
Guide Tree 19/27
#NNI moves:0/236
Guide Tree 20/27
#NNI moves:1/236
Guide Tree 21/27
#NNI moves:1/236
Guide Tree 22/27
#NNI moves:0/236
Guide Tree 23/27
#NNI moves:1/236
Guide Tree 24/27
#NNI moves:1/236
Guide Tree 25/27
#NNI moves:7/236
Guide Tree 26/27
#NNI moves:0/236
Remaining: 2
#NNI moves:15/236
#NNI moves:18/236
(((((((((((((T31,T129),(T48,(T155,T1))),(((((T65,(T139,T96)),(T187,T190)),(((T125,(T131,T73)),T198),(T94,T32))),(((T37,T28),T165),T4)),((((T150,T112),T80),(T24,T12)),(T159,T132)))),(((((T160,T8),(T66,(T181,(T38,T22)))),T13),(T175,(T27,T171))),(((T39,T98),(T61,T30)),T197))),(((T54,((((T74,T106),T179),(T148,((T103,T118),T90))),T109)),(((T72,T26),T45),T16)),(((T57,T142),T172),T113))),(((((T123,T77),T126),T58),T153),((((T92,T63),T85),(T101,T137)),(((T84,T143),(T161,(T135,T5))),T195)))),T0),(((T64,T81),T177),((T76,(T10,T50)),(T93,T70)))),((((((((T184,T120),T43),(((T128,((T53,T170),T97)),T71),(T199,T20))),((((((T130,T121),T91),(T21,T55)),(T102,T182)),(T42,(T33,(T193,T86)))),(((T167,T136),T75),T11))),((T162,T104),T88)),(((T36,T200),((T186,((T108,T6),T114)),(T194,T180))),(T115,T35))),T25),((T163,(T51,T100)),(T124,(T111,T117))))),((((((T149,T176),T87),T62),((((((((T127,(T168,T185)),((T67,T138),(T99,(T144,T157)))),(T173,T3)),T23),(((T164,T49),T119),(((T147,T110),T15),((T68,(T189,T141)),T192)))),(T122,T41)),(((T174,((T134,T146),T59)),(T95,T78)),(T105,T69))),(((T166,(T82,T158)),(T107,T183)),(T154,(T178,T188))))),((((((((T9,T151),T196),(T52,(T47,T191))),(T18,(T133,T60))),T17),T156),((T169,T83),T152)),((T145,(T89,T19)),(T79,((T140,T7),T2))))),(T56,T40))),((T116,T29),(T44,T34))),T14),T46);
Initial score: 4.31308e+10
Initial tree: (((((((((((((T31,T129),(T48,(T155,T1))),(((((T65,(T139,T96)),(T187,T190)),(((T125,(T131,T73)),T198),(T94,T32))),(((T37,T28),T165),T4)),((((T150,T112),T80),(T24,T12)),(T159,T132)))),(((((T160,T8),(T66,(T181,(T38,T22)))),T13),(T175,(T27,T171))),(((T39,T98),(T61,T30)),T197))),(((T54,((((T74,T106),T179),(T148,((T103,T118),T90))),T109)),(((T72,T26),T45),T16)),(((T57,T142),T172),T113))),(((((T123,T77),T126),T58),T153),((((T92,T63),T85),(T101,T137)),(((T84,T143),(T161,(T135,T5))),T195)))),T0),(((T64,T81),T177),((T76,(T10,T50)),(T93,T70)))),((((((((T184,T120),T43),(((T128,((T53,T170),T97)),T71),(T199,T20))),((((((T130,T121),T91),(T21,T55)),(T102,T182)),(T42,(T33,(T193,T86)))),(((T167,T136),T75),T11))),((T162,T104),T88)),(((T36,T200),((T186,((T108,T6),T114)),(T194,T180))),(T115,T35))),T25),((T163,(T51,T100)),(T124,(T111,T117))))),((((((T149,T176),T87),T62),((((((((T127,(T168,T185)),((T67,T138),(T99,(T144,T157)))),(T173,T3)),T23),(((T164,T49),T119),(((T147,T110),T15),((T68,(T189,T141)),T192)))),(T122,T41)),(((T174,((T134,T146),T59)),(T95,T78)),(T105,T69))),(((T166,(T82,T158)),(T107,T183)),(T154,(T178,T188))))),((((((((T9,T151),T196),(T52,(T47,T191))),(T18,(T133,T60))),T17),T156),((T169,T83),T152)),((T145,(T89,T19)),(T79,((T140,T7),T2))))),(T56,T40))),((T116,T29),(T44,T34))),T14),T46);
*** Subsample Process ***
Use two-step algorithm!
#NNI moves:3/236
Remaining: 0
#NNI moves:16/236
#NNI moves:16/236
((((((((((((((((((((((((T168,T185),T127),((T67,T138),((T157,T144),T99))),(T173,T3)),T23),((T119,(T164,T49)),((((T189,T141),T68),T192),((T147,T110),T15)))),(T122,T41)),(((T174,((T134,T146),T59)),(T78,T95)),(T69,T105))),(((T178,T188),T154),((T166,(T158,T82)),(T183,T107)))),(((T149,T176),T87),T62)),((((((((T151,T9),T196),((T47,T191),T52)),((T133,T60),T18)),T17),T156),((T169,T83),T152)),((T145,(T89,T19)),((T2,(T7,T140)),T79)))),(T40,T56)),(((T116,T29),(T44,T34)),(T14,T46))),((((((((T20,T199),((((T170,T53),T97),T128),T71)),((T184,T120),T43)),((((((T121,T130),T91),(T21,T55)),(T182,T102)),(((T193,T86),T33),T42)),(T11,((T136,T167),T75)))),((T162,T104),T88)),((T115,T35),(((T186,((T108,T6),T114)),(T194,T180)),(T36,T200)))),T25),(((T51,T100),T163),(T124,(T117,T111))))),((T177,(T81,T64)),((T93,T70),((T10,T50),T76)))),T0),((((((T135,T5),T161),(T84,T143)),T195),((T85,(T63,T92)),(T137,T101))),(((T126,(T77,T123)),T58),T153))),(((T54,(((T148,((T118,T103),T90)),((T74,T106),T179)),T109)),(T16,((T26,T72),T45))),(((T57,T142),T172),T113))),((((T39,T98),(T30,T61)),T197),((((T160,T8),(((T38,T22),T181),T66)),T13),((T171,T27),T175)))),(((T155,T1),T48),(T129,T31))),((((T32,T94),(((T131,T73),T125),T198)),((T190,T187),(T65,(T139,T96)))),((T165,(T28,T37)),T4))),(((T150,T112),T80),(T24,T12))),T159),T132);
#NNI moves:1/236
Remaining: 0
#NNI moves:7/236
#NNI moves:7/236
(((((((((((((((T160,T8),((T181,(T22,T38)),T66)),T13),((T171,T27),T175)),(T197,((T98,T39),(T30,T61)))),((((((T187,T190),(T65,(T139,T96))),((((T131,T73),T125),T198),(T32,T94))),(((T37,T28),T165),T4)),((T159,T132),(((T112,T150),T80),(T24,T12)))),((T129,T31),((T1,T155),T48)))),(((((((T106,T74),T179),((T90,(T103,T118)),T148)),T109),T54),(((T72,T26),T45),T16)),(T113,((T57,T142),T172)))),((((((T5,T135),T161),(T143,T84)),T195),(((T92,T63),T85),(T101,T137))),((((T123,T77),T126),T58),T153))),T0),((((T50,T10),T76),(T93,T70)),((T64,T81),T177))),((((((((T71,(((T170,T53),T97),T128)),(T199,T20)),(T43,(T120,T184))),(((((T91,(T121,T130)),(T21,T55)),(T102,T182)),(T42,((T86,T193),T33))),(T11,((T136,T167),T75)))),((T162,T104),T88)),((((T180,T194),(((T108,T6),T114),T186)),(T200,T36)),(T115,T35))),T25),(((T51,T100),T163),((T111,T117),T124)))),((((((((((((T99,(T157,T144)),(T138,T67)),((T168,T185),T127)),(T3,T173)),T23),((((T147,T110),T15),(((T189,T141),T68),T192)),((T49,T164),T119))),(T122,T41)),(((T78,T95),(((T146,T134),T59),T174)),(T69,T105))),(((T178,T188),T154),((T183,T107),((T82,T158),T166)))),(((T149,T176),T87),T62)),((((T17,(((T52,(T191,T47)),(T196,(T9,T151))),((T133,T60),T18))),T156),((T83,T169),T152)),((((T7,T140),T2),T79),((T19,T89),T145)))),(T40,T56))),((T44,T34),(T116,T29))),T46),T14);
#NNI moves:0/236
Remaining: 0
#NNI moves:14/236
#NNI moves:14/236
((((((((((((((((((((((((T99,(T144,T157)),(T138,T67)),((T185,T168),T127)),(T3,T173)),T23),(((T15,(T110,T147)),(((T189,T141),T68),T192)),((T164,T49),T119))),(T41,T122)),(((T174,(T59,(T134,T146))),(T78,T95)),(T69,T105))),((T154,(T188,T178)),((T166,(T158,T82)),(T107,T183)))),(((T149,T176),T87),T62)),((((((((T47,T191),T52),(T196,(T151,T9))),(T18,(T60,T133))),T17),T156),((T169,T83),T152)),((T145,(T89,T19)),(((T7,T140),T2),T79)))),(T40,T56)),(((T44,T34),(T29,T116)),(T46,T14))),((((T100,T51),T163),((T111,T117),T124)),((((((((((T170,T53),T97),T128),T71),(T20,T199)),((T120,T184),T43)),((((T136,T167),T75),T11),((((T193,T86),T33),T42),(((T91,(T130,T121)),(T55,T21)),(T182,T102))))),((T162,T104),T88)),((T35,T115),((T200,T36),((((T108,T6),T114),T186),(T194,T180))))),T25))),(((T64,T81),T177),((T70,T93),((T50,T10),T76)))),T0),(((T195,((T143,T84),(T161,(T5,T135)))),(((T92,T63),T85),(T101,T137))),((((T77,T123),T126),T58),T153))),(((((T26,T72),T45),T16),((((T179,(T106,T74)),(((T103,T118),T90),T148)),T109),T54)),(T113,(T172,(T142,T57))))),((((((T198,(T125,(T73,T131))),(T94,T32)),(((T139,T96),T65),(T187,T190))),((T165,(T37,T28)),T4)),(((T24,T12),((T112,T150),T80)),(T132,T159))),((T129,T31),(T48,(T155,T1))))),((((T160,T8),(((T22,T38),T181),T66)),T13),((T171,T27),T175))),T197),(T30,T61)),T98),T39);
#NNI moves:1/236
Remaining: 1
#NNI moves:9/236
#NNI moves:9/236
((((((((((((((((T53,T170),T97),T128),T71),(T199,T20)),((T184,T120),T43)),(((((T21,T55),(T91,(T130,T121))),(T182,T102)),(((T86,T193),T33),T42)),((T75,(T167,T136)),T11))),(T88,(T104,T162))),((((((T108,T6),T114),T186),(T180,T194)),(T36,T200)),(T115,T35))),T25),(((T117,T111),T124),(T163,(T100,T51)))),(((((((((((((T131,T73),T125),T198),(T32,T94)),((T190,T187),((T139,T96),T65))),(((T28,T37),T165),T4)),((T132,T159),(((T150,T112),T80),(T12,T24)))),(((T155,T1),T48),(T129,T31))),(((((((T22,T38),T181),T66),(T8,T160)),T13),(T175,(T171,T27))),(((T61,T30),(T98,T39)),T197))),((T113,((T142,T57),T172)),((T16,((T72,T26),T45)),(((((T90,(T118,T103)),T148),(T179,(T74,T106))),T109),T54)))),((((((T135,T5),T161),(T143,T84)),T195),((T137,T101),((T92,T63),T85))),((((T77,T123),T126),T58),T153))),T0),((T177,(T64,T81)),((T76,(T50,T10)),(T93,T70))))),((((((((((((T168,T185),T127),(((T157,T144),T99),(T138,T67))),(T173,T3)),T23),(((((T189,T141),T68),T192),((T110,T147),T15)),((T49,T164),T119))),(T122,T41)),(((T78,T95),(((T146,T134),T59),T174)),(T105,T69))),(((T166,(T82,T158)),(T107,T183)),((T178,T188),T154))),(T62,(T87,(T149,T176)))),(((((((T196,(T9,T151)),((T191,T47),T52)),((T60,T133),T18)),T17),T156),((T83,T169),T152)),(((T89,T19),T145),((T2,(T140,T7)),T79)))),(T40,T56))),((T29,T116),(T34,T44))),T46),T14);
Current score: 4.31308e+10
Current tree: ((((((((((((((((T53,T170),T97),T128),T71),(T199,T20)),((T184,T120),T43)),(((((T21,T55),(T91,(T130,T121))),(T182,T102)),(((T86,T193),T33),T42)),((T75,(T167,T136)),T11))),(T88,(T104,T162))),((((((T108,T6),T114),T186),(T180,T194)),(T36,T200)),(T115,T35))),T25),(((T117,T111),T124),(T163,(T100,T51)))),(((((((((((((T131,T73),T125),T198),(T32,T94)),((T190,T187),((T139,T96),T65))),(((T28,T37),T165),T4)),((T132,T159),(((T150,T112),T80),(T12,T24)))),(((T155,T1),T48),(T129,T31))),(((((((T22,T38),T181),T66),(T8,T160)),T13),(T175,(T171,T27))),(((T61,T30),(T98,T39)),T197))),((T113,((T142,T57),T172)),((T16,((T72,T26),T45)),(((((T90,(T118,T103)),T148),(T179,(T74,T106))),T109),T54)))),((((((T135,T5),T161),(T143,T84)),T195),((T137,T101),((T92,T63),T85))),((((T77,T123),T126),T58),T153))),T0),((T177,(T64,T81)),((T76,(T50,T10)),(T93,T70))))),((((((((((((T168,T185),T127),(((T157,T144),T99),(T138,T67))),(T173,T3)),T23),(((((T189,T141),T68),T192),((T110,T147),T15)),((T49,T164),T119))),(T122,T41)),(((T78,T95),(((T146,T134),T59),T174)),(T105,T69))),(((T166,(T82,T158)),(T107,T183)),((T178,T188),T154))),(T62,(T87,(T149,T176)))),(((((((T196,(T9,T151)),((T191,T47),T52)),((T60,T133),T18)),T17),T156),((T83,T169),T152)),(((T89,T19),T145),((T2,(T140,T7)),T79)))),(T40,T56))),((T29,T116),(T34,T44))),T14),T46);
Use two-step algorithm!
#NNI moves:3/236
Remaining: 0
#NNI moves:29/236
#NNI moves:32/236
((((((((((((((((((((((((T125,(T131,T73)),T198),(T94,T32)),((T187,T190),((T139,T96),T65))),(T4,((T37,T28),T165))),((((T150,T112),T80),(T24,T12)),(T159,T132))),(((T155,T1),T48),(T31,T129))),((((T27,T171),T175),(((T8,T160),(((T22,T38),T181),T66)),T13)),(T197,((T30,T61),(T98,T39))))),((((((((T118,T103),T90),T148),((T74,T106),T179)),T109),T54),((T45,(T26,T72)),T16)),((T172,(T57,T142)),T113))),(((T58,(T126,(T123,T77))),T153),((((T84,T143),((T5,T135),T161)),T195),((T101,T137),((T63,T92),T85))))),T0),((((T50,T10),T76),(T93,T70)),((T64,T81),T177))),(((((((((((((T185,T168),T127),((T99,(T157,T144)),(T67,T138))),(T173,T3)),T23),(((T49,T164),T119),((((T141,T189),T68),T192),((T110,T147),T15)))),(T41,T122)),(((T174,((T134,T146),T59)),(T95,T78)),(T69,T105))),(((T183,T107),(T166,(T158,T82))),((T188,T178),T154))),(((T176,T149),T87),T62)),((((T17,(((T196,(T151,T9)),(T52,(T47,T191))),((T60,T133),T18))),T156),(T152,(T83,T169))),((((T7,T140),T2),T79),((T19,T89),T145)))),(T56,T40)),(((T29,T116),(T44,T34)),(T14,T46)))),(((T51,T100),T163),((T117,T111),T124))),T25),(((T36,T200),((((T6,T108),T114),T186),(T180,T194))),(T35,T115))),((T104,T162),T88)),(((T120,T184),T43),((((T97,(T53,T170)),T128),T71),(T199,T20)))),((T75,(T136,T167)),T11)),(((T91,(T130,T121)),(T21,T55)),(T102,T182))),T42),T33),T193),T86);
#NNI moves:2/236
Remaining: 0
#NNI moves:62/236
#NNI moves:62/236
((((((((((((((((T21,T55),((T130,T121),T91)),(T182,T102)),((T33,(T86,T193)),T42)),(T11,((T167,T136),T75))),((((((T53,T170),T97),T128),T71),(T20,T199)),((T120,T184),T43))),((T104,T162),T88)),(((((T114,(T108,T6)),T186),(T194,T180)),(T36,T200)),(T35,T115))),T25),((T124,(T117,T111)),((T100,T51),T163))),((((((((((((T22,T38),T181),T66),(T160,T8)),T13),((T171,T27),T175)),(((T61,T30),(T98,T39)),T197)),((((((T32,T94),(((T131,T73),T125),T198)),(((T96,T139),T65),(T187,T190))),(((T37,T28),T165),T4)),((T132,T159),((T12,T24),((T150,T112),T80)))),((T31,T129),((T1,T155),T48)))),(((((((T74,T106),T179),(((T103,T118),T90),T148)),T109),T54),((T45,(T26,T72)),T16)),(((T142,T57),T172),T113))),(((T58,(T126,(T77,T123))),T153),(((((T5,T135),T161),(T143,T84)),T195),(((T92,T63),T85),(T101,T137))))),T0),((((T50,T10),T76),(T93,T70)),((T81,T64),T177)))),((((((((((((T67,T138),(T99,(T157,T144))),((T168,T185),T127)),(T3,T173)),T23),(((T49,T164),T119),((((T141,T189),T68),T192),((T147,T110),T15)))),(T122,T41)),((T105,T69),((T95,T78),(((T134,T146),T59),T174)))),(((T178,T188),T154),((T183,T107),((T82,T158),T166)))),(T62,(T87,(T149,T176)))),(((((((T196,(T151,T9)),((T47,T191),T52)),(T18,(T60,T133))),T17),T156),((T169,T83),T152)),((T145,(T19,T89)),(((T7,T140),T2),T79)))),(T56,T40))),(T14,T46)),(T116,T29)),T34),T44);
#NNI moves:1/236
Remaining: 1
#NNI moves:21/236
#NNI moves:21/236
(((((((((((((((((((((T12,T24),(T80,(T150,T112))),(T159,T132)),((((T187,T190),(T65,(T96,T139))),((T32,T94),(T198,(T125,(T73,T131))))),((T165,(T28,T37)),T4))),((T129,T31),(T48,(T1,T155)))),(((T13,((((T22,T38),T181),T66),(T8,T160))),(T175,(T171,T27))),(((T39,T98),(T61,T30)),T197))),(((((((T90,(T118,T103)),T148),((T106,T74),T179)),T109),T54),(T16,(T45,(T72,T26)))),(((T57,T142),T172),T113))),(((((T123,T77),T126),T58),T153),(((((T135,T5),T161),(T143,T84)),T195),((T137,T101),(T85,(T92,T63)))))),T0),(((T64,T81),T177),(((T50,T10),T76),(T70,T93)))),(((((((((((((T67,T138),(T99,(T157,T144))),((T185,T168),T127)),(T173,T3)),T23),(((T15,(T147,T110)),(((T189,T141),T68),T192)),((T49,T164),T119))),(T122,T41)),((T69,T105),((T174,((T134,T146),T59)),(T95,T78)))),(((T183,T107),((T82,T158),T166)),((T178,T188),T154))),((T87,(T176,T149)),T62)),((((T17,((((T9,T151),T196),(T52,(T191,T47))),((T133,T60),T18))),T156),((T169,T83),T152)),(((T19,T89),T145),(((T7,T140),T2),T79)))),(T56,T40)),(((T116,T29),(T34,T44)),(T46,T14)))),((T163,(T100,T51)),((T111,T117),T124))),T25),(((T36,T200),((((T6,T108),T114),T186),(T194,T180))),(T115,T35))),((T162,T104),T88)),((((((T53,T170),T97),T128),T71),(T199,T20)),((T184,T120),T43))),(T11,(T75,(T136,T167)))),(T42,((T86,T193),T33))),((T91,(T121,T130)),(T55,T21))),T182),T102);
#NNI moves:0/236
Remaining: 2
#NNI moves:29/236
#NNI moves:29/236
(((((((((((((((((((((((((((T96,T139),T65),(T190,T187)),((T198,(T125,(T73,T131))),(T94,T32))),(T4,((T28,T37),T165))),(((T12,T24),((T150,T112),T80)),(T159,T132))),((T48,(T155,T1)),(T31,T129))),((((T27,T171),T175),(((((T22,T38),T181),T66),(T8,T160)),T13)),(((T98,T39),(T61,T30)),T197))),((((((((T103,T118),T90),T148),((T74,T106),T179)),T109),T54),(T16,((T72,T26),T45))),(((T142,T57),T172),T113))),(((T58,((T123,T77),T126)),T153),(((T85,(T92,T63)),(T137,T101)),(((T84,T143),((T135,T5),T161)),T195)))),T0),((((T10,T50),T76),(T93,T70)),(T177,(T64,T81)))),(((((((T11,(T75,(T136,T167))),(((T33,(T86,T193)),T42),(((T91,(T121,T130)),(T21,T55)),(T102,T182)))),(((((T97,(T170,T53)),T128),T71),(T20,T199)),((T184,T120),T43))),(T88,(T104,T162))),((T35,T115),(((T186,((T6,T108),T114)),(T180,T194)),(T36,T200)))),T25),(((T100,T51),T163),((T111,T117),T124)))),(((T29,T116),(T44,T34)),(T46,T14))),(T40,T56)),((((T17,(((T196,(T151,T9)),((T47,T191),T52)),((T133,T60),T18))),T156),(T152,(T169,T83))),((((T140,T7),T2),T79),((T19,T89),T145)))),(((T176,T149),T87),T62)),(((T178,T188),T154),((T166,(T158,T82)),(T183,T107)))),(((((T146,T134),T59),T174),(T78,T95)),(T105,T69))),(T122,T41)),(((T49,T164),T119),(((T110,T147),T15),((T68,(T189,T141)),T192)))),T23),(T3,T173)),((T185,T168),T127)),(T67,T138)),(T157,T144)),T99);
Current score: 4.31308e+10
Current tree: ((T14,(((T29,T116),(T44,T34)),((((((((((((((T96,T139),T65),(T190,T187)),((T198,(T125,(T73,T131))),(T94,T32))),(T4,((T28,T37),T165))),(((T12,T24),((T150,T112),T80)),(T159,T132))),((T48,(T155,T1)),(T31,T129))),((((T27,T171),T175),(((((T22,T38),T181),T66),(T8,T160)),T13)),(((T98,T39),(T61,T30)),T197))),((((((((T103,T118),T90),T148),((T74,T106),T179)),T109),T54),(T16,((T72,T26),T45))),(((T142,T57),T172),T113))),(((T58,((T123,T77),T126)),T153),(((T85,(T92,T63)),(T137,T101)),(((T84,T143),((T135,T5),T161)),T195)))),T0),((((T10,T50),T76),(T93,T70)),(T177,(T64,T81)))),(((((((T11,(T75,(T136,T167))),(((T33,(T86,T193)),T42),(((T91,(T121,T130)),(T21,T55)),(T102,T182)))),(((((T97,(T170,T53)),T128),T71),(T20,T199)),((T184,T120),T43))),(T88,(T104,T162))),((T35,T115),(((T186,((T6,T108),T114)),(T180,T194)),(T36,T200)))),T25),(((T100,T51),T163),((T111,T117),T124)))),((T40,T56),(((((T17,(((T196,(T151,T9)),((T47,T191),T52)),((T133,T60),T18))),T156),(T152,(T169,T83))),((((T140,T7),T2),T79),((T19,T89),T145))),((((T176,T149),T87),T62),((((T178,T188),T154),((T166,(T158,T82)),(T183,T107))),((((((T146,T134),T59),T174),(T78,T95)),(T105,T69)),((T122,T41),((((T49,T164),T119),(((T110,T147),T15),((T68,(T189,T141)),T192))),(T23,((T3,T173),(((T185,T168),T127),((T67,T138),((T157,T144),T99))))))))))))))),T46);
Final Tree: ((T14,(((T29,T116),(T44,T34)),((((((((((((((T96,T139),T65),(T190,T187)),((T198,(T125,(T73,T131))),(T94,T32))),(T4,((T28,T37),T165))),(((T12,T24),((T150,T112),T80)),(T159,T132))),((T48,(T155,T1)),(T31,T129))),((((T27,T171),T175),(((((T22,T38),T181),T66),(T8,T160)),T13)),(((T98,T39),(T61,T30)),T197))),((((((((T103,T118),T90),T148),((T74,T106),T179)),T109),T54),(T16,((T72,T26),T45))),(((T142,T57),T172),T113))),(((T58,((T123,T77),T126)),T153),(((T85,(T92,T63)),(T137,T101)),(((T84,T143),((T135,T5),T161)),T195)))),T0),((((T10,T50),T76),(T93,T70)),(T177,(T64,T81)))),(((((((T11,(T75,(T136,T167))),(((T33,(T86,T193)),T42),(((T91,(T121,T130)),(T21,T55)),(T102,T182)))),(((((T97,(T170,T53)),T128),T71),(T20,T199)),((T184,T120),T43))),(T88,(T104,T162))),((T35,T115),(((T186,((T6,T108),T114)),(T180,T194)),(T36,T200)))),T25),(((T100,T51),T163),((T111,T117),T124)))),((T40,T56),(((((T17,(((T196,(T151,T9)),((T47,T191),T52)),((T133,T60),T18))),T156),(T152,(T169,T83))),((((T140,T7),T2),T79),((T19,T89),T145))),((((T176,T149),T87),T62),((((T178,T188),T154),((T166,(T158,T82)),(T183,T107))),((((((T146,T134),T59),T174),(T78,T95)),(T105,T69)),((T122,T41),((((T49,T164),T119),(((T110,T147),T15),((T68,(T189,T141)),T192))),(T23,((T3,T173),(((T185,T168),T127),((T67,T138),((T157,T144),T99))))))))))))))),T46);
Score: 4.313075918e+10

real	1m27.157s
user	32m29.858s
sys	0m18.789s
