
RAxML-NG v. 1.1.0-master released on 04.08.2022 by The Exelixis Lab.
Developed by: Alexey M. Kozlov and Alexandros Stamatakis.
Contributors: Diego Darriba, Tomas Flouri, Benoit Morel, Sarah Lutteropp, Ben Bettisworth.
Latest version: https://github.com/amkozlov/raxml-ng
Questions/problems/suggestions? Please visit: https://groups.google.com/forum/#!forum/raxml

System: AMD EPYC 7742 64-Core Processor, 128 cores, 251 GB RAM

RAxML-NG was called at 13-Jan-2023 17:27:59 as follows:

/home/chaos/programs/raxml-ng/raxml-ng/bin/raxml-ng --msa data/alignment/50_1X_S201_0_1e6_haploid --tree pars{1} --model GTR+G --threads 64 --redo

Analysis options:
  run mode: ML tree search
  start tree(s): parsimony (1)
  random seed: 1673659679
  tip-inner: OFF
  pattern compression: ON
  per-rate scalers: OFF
  site repeats: ON
  fast spr radius: AUTO
  spr subtree cutoff: 1.000000
  branch lengths: proportional (ML estimate, algorithm: NR-FAST)
  SIMD kernels: AVX2
  parallelization: coarse-grained (auto), PTHREADS (64 threads), thread pinning: OFF

WARNING: Running in REDO mode: existing checkpoints are ignored, and all result files will be overwritten!

[00:00:00] Reading alignment from file: data/alignment/50_1X_S201_0_1e6_haploid
[00:00:02] Loaded alignment with 201 taxa and 5000000 sites

Alignment comprises 1 partitions and 4402505 patterns

Partition 0: noname
Model: GTR+FO+G4m
Alignment sites / patterns: 5000000 / 4402505
Gaps: 0.00 %
Invariant sites: 2.23 %


NOTE: Binary MSA file created: data/alignment/50_1X_S201_0_1e6_haploid.raxml.rba

Parallelization scheme autoconfig: 1 worker(s) x 64 thread(s)

Parallel reduction/worker buffer size: 1 KB  / 0 KB

[00:00:22] Generating 1 parsimony starting tree(s) with 201 taxa
[00:00:52] Data distribution: max. partitions/sites/weight per thread: 1 / 68790 / 1100640
[00:00:52] Data distribution: max. searches per worker: 1

Starting ML tree search with 1 distinct starting trees

[00:00:53 -260619039.892353] Initial branch length optimization
[00:02:35 -247658901.877580] Model parameter optimization (eps = 10.000000)
[00:12:02 -232707832.233963] AUTODETECT spr round 1 (radius: 5)
[00:21:05 -232541689.063911] AUTODETECT spr round 2 (radius: 10)
[00:48:23 -232541689.045901] SPR radius for FAST iterations: 5 (autodetect)
[00:48:23 -232541689.045901] Model parameter optimization (eps = 3.000000)
[00:49:40 -232541669.854729] FAST spr round 1 (radius: 5)
[01:08:34 -232536674.562321] FAST spr round 2 (radius: 5)
[01:27:40 -232533610.205861] FAST spr round 3 (radius: 5)
[01:45:29 -232531485.896717] FAST spr round 4 (radius: 5)
[02:02:47 -232530808.261983] FAST spr round 5 (radius: 5)
[02:20:22 -232530346.798925] FAST spr round 6 (radius: 5)
[02:37:31 -232529964.420979] FAST spr round 7 (radius: 5)
[02:54:33 -232529730.574640] FAST spr round 8 (radius: 5)
[03:11:30 -232529678.532471] FAST spr round 9 (radius: 5)
[03:28:59 -232529678.532351] Model parameter optimization (eps = 1.000000)
[03:29:22 -232529678.435094] SLOW spr round 1 (radius: 5)
[04:24:44 -232528105.862953] SLOW spr round 2 (radius: 5)
[05:14:08 -232527289.805695] SLOW spr round 3 (radius: 5)
[06:03:57 -232527289.805384] SLOW spr round 4 (radius: 10)
[06:53:51 -232527289.805371] SLOW spr round 5 (radius: 15)
[08:27:28 -232527289.805369] SLOW spr round 6 (radius: 20)
[09:43:04 -232527289.805369] SLOW spr round 7 (radius: 25)
[10:06:58 -232527289.805369] Model parameter optimization (eps = 0.100000)

[10:07:24] ML tree search #1, logLikelihood: -232527289.769345


Optimized model parameters:

   Partition 0: noname
   Rate heterogeneity: GAMMA (4 cats, mean),  alpha: 1.026312 (ML),  weights&rates: (0.250000,0.142174) (0.250000,0.484520) (0.250000,1.004226) (0.250000,2.369080) 
   Base frequencies (ML): 0.283428 0.253486 0.212206 0.250879 
   Substitution rates (ML): 0.542166 4.027772 0.296934 1.333244 3.921130 1.000000 


Final LogLikelihood: -232527289.769345

AIC score: 465055395.538690 / AICc score: 465055395.605444 / BIC score: 465060872.917666
Free parameters (model + branch lengths): 408

Best ML tree saved to: /expanse/lustre/projects/uot138/chaos/ASTERISK-sim/data/alignment/50_1X_S201_0_1e6_haploid.raxml.bestTree
Optimized model saved to: /expanse/lustre/projects/uot138/chaos/ASTERISK-sim/data/alignment/50_1X_S201_0_1e6_haploid.raxml.bestModel

Execution log saved to: /expanse/lustre/projects/uot138/chaos/ASTERISK-sim/data/alignment/50_1X_S201_0_1e6_haploid.raxml.log

Analysis started: 13-Jan-2023 17:27:59 / finished: 14-Jan-2023 03:35:25

Elapsed time: 36445.967 seconds

Consumed energy: 4145.163 Wh (= 21 km in an electric car, or 104 km with an e-scooter!)

