Weighted ASTRAL - Hybrid
Version: v1.13.2.3
#Genetrees: 2000
#Species: 201
#Rounds: 4
#Samples: 4
#Threads: 32
Use two-step algorithm!
Guide Tree 0/27
#NNI moves:4/236
Guide Tree 1/27
#NNI moves:1/236
Guide Tree 2/27
#NNI moves:1/236
Guide Tree 3/27
#NNI moves:0/236
Guide Tree 4/27
#NNI moves:1/236
Guide Tree 5/27
#NNI moves:1/236
Guide Tree 6/27
#NNI moves:1/236
Guide Tree 7/27
#NNI moves:1/236
Guide Tree 8/27
#NNI moves:3/236
Guide Tree 9/27
#NNI moves:1/236
Guide Tree 10/27
#NNI moves:0/236
Guide Tree 11/27
#NNI moves:6/236
Guide Tree 12/27
#NNI moves:4/236
Guide Tree 13/27
#NNI moves:1/236
Guide Tree 14/27
#NNI moves:0/236
Guide Tree 15/27
#NNI moves:2/236
Guide Tree 16/27
#NNI moves:0/236
Guide Tree 17/27
#NNI moves:1/236
Guide Tree 18/27
#NNI moves:0/236
Guide Tree 19/27
#NNI moves:0/236
Guide Tree 20/27
#NNI moves:1/236
Guide Tree 21/27
#NNI moves:0/236
Guide Tree 22/27
#NNI moves:2/236
Guide Tree 23/27
#NNI moves:0/236
Guide Tree 24/27
#NNI moves:0/236
Guide Tree 25/27
#NNI moves:0/236
Guide Tree 26/27
#NNI moves:0/236
Remaining: 5
#NNI moves:17/236
#NNI moves:22/236
(((((((((((((((((((T80,T172),T198),(T178,T38)),((T53,T190),T127)),((((((T132,T131),T33),(T196,(T19,T194))),T104),(T101,T73)),((T18,((T177,T13),T87)),T31))),(((T71,(T95,T117)),(T130,(T183,T42))),(T140,T122))),((((T15,T20),T32),T189),((T30,T156),T167))),(((((((T98,T44),(T69,(T75,T119))),(T111,T81)),(T67,T118)),((T88,T157),T4)),((((T193,(T120,T142)),(T158,T166)),T2),T176)),((T143,(T185,T179)),(T1,(T152,T78))))),T0),(T39,(T54,(T59,T110)))),(((((T51,((T129,T147),T65)),T174),((T116,(T171,T83)),T41)),((T187,T74),T154)),(((((T100,T184),(T199,T182)),((T46,(T66,((T48,T72),T186))),T168)),((T134,T29),T136)),(T47,T26)))),((((((T77,T149),(T148,T181)),T144),(T114,T76)),((((T28,T55),(T150,(T112,T85))),((T163,T11),T195)),((((((T164,(T52,T102)),T192),(((T173,T138),T94),T180)),(T200,T43)),T27),(((T56,(T5,T106)),(((T105,T23),(T37,T91)),T6)),(T89,T3))))),(((((((T86,T155),T99),((T22,((T64,T146),T125)),T9)),((((T162,T34),T103),T135),(T133,T16))),(T153,T107)),(((T68,(((T188,T8),((T92,T159),((T7,T109),T191))),(T82,T161))),(((((T49,T169),T25),(T160,(T128,T96))),T108),((T79,T115),T70))),(((T50,T90),T63),T84))),((T137,T61),T57)))),(T14,T151)),((T60,((T121,T24),T93)),(T170,T123))),((((T139,T36),T97),T45),T21)),(((T35,T141),T10),T126)),(((T12,T17),T197),((T145,T58),(((T113,T165),T175),T62)))),T40),T124);
Guide Tree 0/27
#NNI moves:4/236
Guide Tree 1/27
#NNI moves:1/236
Guide Tree 2/27
#NNI moves:3/236
Guide Tree 3/27
#NNI moves:3/236
Guide Tree 4/27
#NNI moves:3/236
Guide Tree 5/27
#NNI moves:1/236
Guide Tree 6/27
#NNI moves:2/236
Guide Tree 7/27
#NNI moves:2/236
Guide Tree 8/27
#NNI moves:4/236
Guide Tree 9/27
#NNI moves:5/236
Guide Tree 10/27
#NNI moves:2/236
Guide Tree 11/27
#NNI moves:4/236
Guide Tree 12/27
#NNI moves:4/236
Guide Tree 13/27
#NNI moves:4/236
Guide Tree 14/27
#NNI moves:1/236
Guide Tree 15/27
#NNI moves:4/236
Guide Tree 16/27
#NNI moves:3/236
Guide Tree 17/27
#NNI moves:3/236
Guide Tree 18/27
#NNI moves:2/236
Guide Tree 19/27
#NNI moves:1/236
Guide Tree 20/27
#NNI moves:3/236
Guide Tree 21/27
#NNI moves:0/236
Guide Tree 22/27
#NNI moves:0/236
Guide Tree 23/27
#NNI moves:3/236
Guide Tree 24/27
#NNI moves:7/236
Guide Tree 25/27
#NNI moves:4/236
Guide Tree 26/27
#NNI moves:2/236
Remaining: 0
#NNI moves:34/236
#NNI moves:34/236
(((((((((((((((((((T109,T7),T191),(T92,T159)),(T188,T8)),(T161,T82)),T68),((((T25,(T169,T49)),(T160,(T128,T96))),T108),((T79,T115),T70))),(((T90,T50),T63),T84)),(((((T22,(T125,(T64,T146))),T9),(T99,(T155,T86))),((T135,(T103,(T34,T162))),(T16,T133))),(T153,T107))),((T137,T61),T57)),((((((T200,T43),((((T52,T102),T164),T192),(T180,(T94,(T173,T138))))),T27),(((((T23,T105),(T37,T91)),T6),((T5,T106),T56)),(T3,T89))),((((T112,T85),T150),(T28,T55)),(T195,(T163,T11)))),((T144,((T149,T77),(T181,T148))),(T76,T114)))),((((((((((((T33,(T132,T131)),((T19,T194),T196)),T104),(T101,T73)),(T31,(((T13,T177),T87),T18))),((((T172,T80),T198),(T178,T38)),(T127,(T53,T190)))),(((T71,(T95,T117)),((T183,T42),T130)),(T122,T140))),(((T30,T156),T167),(((T15,T20),T32),T189))),(((((T88,T157),T4),((T67,T118),((((T119,T75),T69),(T98,T44)),(T111,T81)))),(T176,((((T142,T120),T193),(T158,T166)),T2))),(((T78,T152),T1),((T185,T179),T143)))),T0),(((T59,T110),T54),T39)),(((((T168,(T46,(((T48,T72),T186),T66))),((T184,T100),(T199,T182))),((T29,T134),T136)),(T47,T26)),(((((T65,(T129,T147)),T51),T174),(((T83,T171),T116),T41)),(T154,(T187,T74)))))),(T14,T151)),((T123,T170),(((T121,T24),T93),T60))),((((T139,T36),T97),T45),T21)),(T126,((T141,T35),T10))),(((T12,T17),T197),((T58,T145),(T62,(T175,(T165,T113)))))),T40),T124);
Guide Tree 0/27
#NNI moves:1/236
Guide Tree 1/27
#NNI moves:3/236
Guide Tree 2/27
#NNI moves:5/236
Guide Tree 3/27
#NNI moves:2/236
Guide Tree 4/27
#NNI moves:8/236
Guide Tree 5/27
#NNI moves:0/236
Guide Tree 6/27
#NNI moves:6/236
Guide Tree 7/27
#NNI moves:3/236
Guide Tree 8/27
#NNI moves:7/236
Guide Tree 9/27
#NNI moves:6/236
Guide Tree 10/27
#NNI moves:3/236
Guide Tree 11/27
#NNI moves:5/236
Guide Tree 12/27
#NNI moves:5/236
Guide Tree 13/27
#NNI moves:4/236
Guide Tree 14/27
#NNI moves:4/236
Guide Tree 15/27
#NNI moves:2/236
Guide Tree 16/27
#NNI moves:4/236
Guide Tree 17/27
#NNI moves:5/236
Guide Tree 18/27
#NNI moves:5/236
Guide Tree 19/27
#NNI moves:2/236
Guide Tree 20/27
#NNI moves:2/236
Guide Tree 21/27
#NNI moves:2/236
Guide Tree 22/27
#NNI moves:1/236
Guide Tree 23/27
#NNI moves:3/236
Guide Tree 24/27
#NNI moves:1/236
Guide Tree 25/27
#NNI moves:4/236
Guide Tree 26/27
#NNI moves:3/236
Remaining: 1
#NNI moves:14/236
#NNI moves:15/236
((((((((((((((((T122,T140),((T71,(T117,T95)),(T130,(T42,T183)))),((((T104,(((T194,T19),T196),((T132,T131),T33))),(T101,T73)),(T31,(((T177,T13),T87),T18))),(((T38,T178),((T172,T80),T198)),((T53,T190),T127)))),(((T156,T30),T167),(((T15,T20),T32),T189))),(((T143,(T179,T185)),((T78,T152),T1)),(((((T166,T158),((T142,T120),T193)),T2),T176),(((T88,T157),T4),((((T44,T98),(T69,(T75,T119))),(T81,T111)),(T118,T67)))))),T0),((T54,(T110,T59)),T39)),(((((T134,T29),T136),(((T199,T182),(T184,T100)),(((T66,(T186,(T48,T72))),T46),T168))),(T26,T47)),(((((T171,T83),T116),T41),((T51,((T129,T147),T65)),T174)),((T187,T74),T154)))),(((((((T6,((T105,T23),(T91,T37))),(T56,(T5,T106))),(T3,T89)),((((((T102,T52),T164),T192),(((T173,T138),T94),T180)),(T200,T43)),T27)),((T195,(T163,T11)),((T28,T55),((T85,T112),T150)))),((((T77,T149),(T148,T181)),T144),(T114,T76))),((((((T16,T133),(((T162,T34),T103),T135)),(((((T64,T146),T125),T22),T9),((T155,T86),T99))),(T153,T107)),(((T68,((((T159,T92),(T191,(T7,T109))),(T188,T8)),(T82,T161))),(((T79,T115),T70),(((T25,(T169,T49)),(T160,(T128,T96))),T108))),(((T90,T50),T63),T84))),((T61,T137),T57)))),(T151,T14)),((T170,T123),(T60,((T121,T24),T93)))),((((T36,T139),T97),T45),T21)),(T126,(T10,(T141,T35)))),(((T58,T145),(((T165,T113),T175),T62)),(T197,(T17,T12)))),T40),T124);
Guide Tree 0/27
#NNI moves:0/236
Guide Tree 1/27
#NNI moves:4/236
Guide Tree 2/27
#NNI moves:3/236
Guide Tree 3/27
#NNI moves:1/236
Guide Tree 4/27
#NNI moves:3/236
Guide Tree 5/27
#NNI moves:2/236
Guide Tree 6/27
#NNI moves:4/236
Guide Tree 7/27
#NNI moves:3/236
Guide Tree 8/27
#NNI moves:3/236
Guide Tree 9/27
#NNI moves:3/236
Guide Tree 10/27
#NNI moves:4/236
Guide Tree 11/27
#NNI moves:2/236
Guide Tree 12/27
#NNI moves:2/236
Guide Tree 13/27
#NNI moves:5/236
Guide Tree 14/27
#NNI moves:5/236
Guide Tree 15/27
#NNI moves:1/236
Guide Tree 16/27
#NNI moves:4/236
Guide Tree 17/27
#NNI moves:3/236
Guide Tree 18/27
#NNI moves:1/236
Guide Tree 19/27
#NNI moves:0/236
Guide Tree 20/27
#NNI moves:2/236
Guide Tree 21/27
#NNI moves:2/236
Guide Tree 22/27
#NNI moves:5/236
Guide Tree 23/27
#NNI moves:5/236
Guide Tree 24/27
#NNI moves:1/236
Guide Tree 25/27
#NNI moves:2/236
Guide Tree 26/27
#NNI moves:4/236
Remaining: 2
#NNI moves:14/236
#NNI moves:15/236
((((((((((((((((((((T177,T13),T87),T18),T31),(((((T194,T19),T196),(T33,(T131,T132))),T104),(T101,T73))),((((T172,T80),T198),(T178,T38)),((T53,T190),T127))),((T140,T122),((T71,(T95,T117)),((T42,T183),T130)))),((T189,(T32,(T15,T20))),((T30,T156),T167))),((((T185,T179),T143),((T152,T78),T1)),((((((T44,T98),(T69,(T119,T75))),(T81,T111)),(T67,T118)),((T157,T88),T4)),(T176,(T2,((T166,T158),((T142,T120),T193))))))),T0),(T39,((T110,T59),T54))),((((T74,T187),T154),(((((T147,T129),T65),T51),T174),((T116,(T83,T171)),T41))),(((((T199,T182),(T100,T184)),((T46,((T186,(T72,T48)),T66)),T168)),((T29,T134),T136)),(T26,T47)))),(((((((T50,T90),T63),T84),((((T161,T82),((((T7,T109),T191),(T92,T159)),(T188,T8))),T68),(((((T128,T96),T160),(T25,(T169,T49))),T108),((T115,T79),T70)))),(((((T103,(T34,T162)),T135),(T133,T16)),((((T125,(T146,T64)),T22),T9),((T86,T155),T99))),(T153,T107))),((T137,T61),T57)),(((((T55,T28),(T150,(T85,T112))),((T11,T163),T195)),((((((T105,T23),(T91,T37)),T6),((T5,T106),T56)),(T89,T3)),(((((T94,(T138,T173)),T180),(((T52,T102),T164),T192)),(T200,T43)),T27))),((T144,((T77,T149),(T181,T148))),(T114,T76))))),(T14,T151)),((((T24,T121),T93),T60),(T170,T123))),(((T97,(T36,T139)),T45),T21)),((T10,(T35,T141)),T126)),(((((T165,T113),T175),T62),(T58,T145)),(T197,(T17,T12)))),T40),T124);
Initial score: 3.51479e+10
Initial tree: ((((((((((((((((((((T177,T13),T87),T18),T31),(((((T194,T19),T196),(T33,(T131,T132))),T104),(T101,T73))),((((T172,T80),T198),(T178,T38)),((T53,T190),T127))),((T140,T122),((T71,(T95,T117)),((T42,T183),T130)))),((T189,(T32,(T15,T20))),((T30,T156),T167))),((((T185,T179),T143),((T152,T78),T1)),((((((T44,T98),(T69,(T119,T75))),(T81,T111)),(T67,T118)),((T157,T88),T4)),(T176,(T2,((T166,T158),((T142,T120),T193))))))),T0),(T39,((T110,T59),T54))),((((T74,T187),T154),(((((T147,T129),T65),T51),T174),((T116,(T83,T171)),T41))),(((((T199,T182),(T100,T184)),((T46,((T186,(T72,T48)),T66)),T168)),((T29,T134),T136)),(T26,T47)))),(((((((T50,T90),T63),T84),((((T161,T82),((((T7,T109),T191),(T92,T159)),(T188,T8))),T68),(((((T128,T96),T160),(T25,(T169,T49))),T108),((T115,T79),T70)))),(((((T103,(T34,T162)),T135),(T133,T16)),((((T125,(T146,T64)),T22),T9),((T86,T155),T99))),(T153,T107))),((T137,T61),T57)),(((((T55,T28),(T150,(T85,T112))),((T11,T163),T195)),((((((T105,T23),(T91,T37)),T6),((T5,T106),T56)),(T89,T3)),(((((T94,(T138,T173)),T180),(((T52,T102),T164),T192)),(T200,T43)),T27))),((T144,((T77,T149),(T181,T148))),(T114,T76))))),(T14,T151)),((((T24,T121),T93),T60),(T170,T123))),(((T97,(T36,T139)),T45),T21)),((T10,(T35,T141)),T126)),(((((T165,T113),T175),T62),(T58,T145)),(T197,(T17,T12)))),T40),T124);
*** Subsample Process ***
Use two-step algorithm!
#NNI moves:1/236
Remaining: 2
#NNI moves:38/236
#NNI moves:38/236
((((((((((((((((((((((((T159,T92),((T7,T109),T191)),(T188,T8)),(T161,T82)),T68),((((T160,(T96,T128)),(T25,(T49,T169))),T108),(T70,(T79,T115)))),((T63,(T90,T50)),T84)),(((((T103,(T34,T162)),T135),(T133,T16)),(((T22,(T125,(T146,T64))),T9),((T86,T155),T99))),(T153,T107))),((T137,T61),T57)),((((((((T105,T23),(T37,T91)),T6),((T5,T106),T56)),(T3,T89)),(((((T94,(T138,T173)),T180),((T164,(T52,T102)),T192)),(T200,T43)),T27)),(((T11,T163),T195),((T150,(T85,T112)),(T55,T28)))),((T144,((T77,T149),(T181,T148))),(T114,T76)))),((((((((T58,T145),(((T165,T113),T175),T62)),((T12,T17),T197)),(T40,T124)),((T10,(T35,T141)),T126)),((((T139,T36),T97),T45),T21)),((T170,T123),(((T24,T121),T93),T60))),(T14,T151))),(((T154,(T74,T187)),(((T51,(T65,(T147,T129))),T174),(((T171,T83),T116),T41))),((((((T66,((T72,T48),T186)),T46),T168),((T100,T184),(T182,T199))),((T29,T134),T136)),(T47,T26)))),((T54,(T110,T59)),T39)),T0),((((T152,T78),T1),(T143,(T185,T179))),(((T4,(T157,T88)),(((((T75,T119),T69),(T98,T44)),(T81,T111)),(T118,T67))),((((T166,T158),((T120,T142),T193)),T2),T176)))),(((T32,(T20,T15)),T189),(T167,(T30,T156)))),((T122,T140),(((T183,T42),T130),(T71,(T95,T117))))),(((T53,T190),T127),((T178,T38),(T198,(T172,T80))))),((T104,(((T194,T19),T196),(T33,(T132,T131)))),(T73,T101))),T31),T18),T87),T177),T13);
#NNI moves:3/236
Remaining: 2
#NNI moves:32/236
#NNI moves:32/236
(((((((((((((((((((((T19,T194),T196),(T33,(T131,T132))),T104),(T73,T101)),((((T13,T177),T87),T18),T31)),((T127,(T190,T53)),((T178,T38),((T172,T80),T198)))),((T122,T140),(((T42,T183),T130),((T117,T95),T71)))),((T189,(T32,(T15,T20))),(T167,(T30,T156)))),(((((((T98,T44),((T75,T119),T69)),(T81,T111)),(T118,T67)),((T88,T157),T4)),((T2,((T193,(T142,T120)),(T166,T158))),T176)),(((T179,T185),T143),(T1,(T152,T78))))),T0),(((T110,T59),T54),T39)),(((((((T66,((T48,T72),T186)),T46),T168),((T182,T199),(T100,T184))),((T134,T29),T136)),(T26,T47)),(((T187,T74),T154),(((((T147,T129),T65),T51),T174),((T116,(T171,T83)),T41))))),((((((((((T92,T159),(T191,(T7,T109))),(T188,T8)),(T161,T82)),T68),((T108,(((T49,T169),T25),(T160,(T128,T96)))),((T115,T79),T70))),((T63,(T90,T50)),T84)),((((((T34,T162),T103),T135),(T16,T133)),(((T155,T86),T99),((((T146,T64),T125),T22),T9))),(T153,T107))),(T57,(T137,T61))),(((((((T5,T106),T56),(((T23,T105),(T37,T91)),T6)),(T89,T3)),((((T192,((T52,T102),T164)),(T180,((T173,T138),T94))),(T200,T43)),T27)),(((T11,T163),T195),(((T112,T85),T150),(T55,T28)))),((T114,T76),(T144,((T149,T77),(T181,T148))))))),(T151,T14)),((((T24,T121),T93),T60),(T170,T123))),((((T36,T139),T97),T45),T21)),(((T141,T35),T10),T126)),(((T58,T145),((T175,(T165,T113)),T62)),(T197,(T12,T17)))),T124),T40);
#NNI moves:1/236
Remaining: 2
#NNI moves:26/236
#NNI moves:31/236
((((((((((((((((((((((((T159,T92),((T109,T7),T191)),(T188,T8)),(T161,T82)),T68),((T108,((T25,(T169,T49)),(T160,(T96,T128)))),(T70,(T79,T115)))),(((T90,T50),T63),T84)),((T153,T107),(((((T162,T34),T103),T135),(T16,T133)),((T9,((T125,(T64,T146)),T22)),(T99,(T155,T86)))))),((T61,T137),T57)),((((((((T91,T37),(T23,T105)),T6),((T106,T5),T56)),(T3,T89)),(((((T94,(T138,T173)),T180),(T192,((T102,T52),T164))),(T200,T43)),T27)),(((T11,T163),T195),((T55,T28),((T112,T85),T150)))),((T114,T76),(((T181,T148),(T149,T77)),T144)))),(((((((T139,T36),T97),T45),T21),((((T35,T141),T10),T126),(((T197,(T12,T17)),((T62,((T113,T165),T175)),(T145,T58))),(T124,T40)))),(((T93,(T24,T121)),T60),(T170,T123))),(T151,T14))),(((T154,(T187,T74)),(((T51,(T65,(T147,T129))),T174),((T116,(T171,T83)),T41))),((((T134,T29),T136),(((T184,T100),(T199,T182)),(((((T48,T72),T186),T66),T46),T168))),(T47,T26)))),(((T110,T59),T54),T39)),T0),(((((T67,T118),((T111,T81),((T98,T44),((T119,T75),T69)))),((T157,T88),T4)),(((((T142,T120),T193),(T166,T158)),T2),T176)),(((T179,T185),T143),(T1,(T78,T152))))),(((T30,T156),T167),(((T15,T20),T32),T189))),((((T42,T183),T130),((T117,T95),T71)),(T140,T122))),(((T53,T190),T127),((T178,T38),((T80,T172),T198)))),((T18,((T177,T13),T87)),T31)),(T73,T101)),T104),((T194,T19),T196)),(T131,T132)),T33);
#NNI moves:1/236
Remaining: 5
#NNI moves:37/236
#NNI moves:39/236
((((((((((((((((((T138,T173),T94),T180),(((T52,T102),T164),T192)),(T200,T43)),T27),(((((T91,T37),(T105,T23)),T6),((T106,T5),T56)),(T3,T89))),((((T85,T112),T150),(T28,T55)),(T195,(T163,T11)))),((T144,((T148,T181),(T149,T77))),(T76,T114))),((((((T133,T16),(((T34,T162),T103),T135)),(((((T64,T146),T125),T22),T9),(T99,(T86,T155)))),(T107,T153)),((((((T8,T188),((T159,T92),((T109,T7),T191))),(T161,T82)),T68),((((T25,(T169,T49)),((T96,T128),T160)),T108),((T79,T115),T70))),(((T50,T90),T63),T84))),((T137,T61),T57))),((((((((((T73,T101),((((T131,T132),T33),(T196,(T194,T19))),T104)),((((T177,T13),T87),T18),T31)),((((T80,T172),T198),(T178,T38)),((T53,T190),T127))),((T122,T140),(((T183,T42),T130),((T95,T117),T71)))),((((T20,T15),T32),T189),((T30,T156),T167))),((((((((T119,T75),T69),(T44,T98)),(T111,T81)),(T67,T118)),(T4,(T88,T157))),((((T166,T158),((T142,T120),T193)),T2),T176)),((T1,(T78,T152)),((T185,T179),T143)))),T0),(T39,((T110,T59),T54))),(((((((((T72,T48),T186),T66),T46),T168),((T199,T182),(T184,T100))),((T134,T29),T136)),(T47,T26)),((((((T129,T147),T65),T51),T174),(T41,((T171,T83),T116))),((T74,T187),T154))))),(T151,T14)),((T60,((T121,T24),T93)),(T170,T123))),((T45,((T139,T36),T97)),T21)),((T10,(T35,T141)),T126)),((((T175,(T113,T165)),T62),(T145,T58)),((T17,T12),T197))),T124),T40);
Current score: 3.51479e+10
Current tree: ((((((((((((((((((T138,T173),T94),T180),(((T52,T102),T164),T192)),(T200,T43)),T27),(((((T91,T37),(T105,T23)),T6),((T106,T5),T56)),(T3,T89))),((((T85,T112),T150),(T28,T55)),(T195,(T163,T11)))),((T144,((T148,T181),(T149,T77))),(T76,T114))),((((((T133,T16),(((T34,T162),T103),T135)),(((((T64,T146),T125),T22),T9),(T99,(T86,T155)))),(T107,T153)),((((((T8,T188),((T159,T92),((T109,T7),T191))),(T161,T82)),T68),((((T25,(T169,T49)),((T96,T128),T160)),T108),((T79,T115),T70))),(((T50,T90),T63),T84))),((T137,T61),T57))),((((((((((T73,T101),((((T131,T132),T33),(T196,(T194,T19))),T104)),((((T177,T13),T87),T18),T31)),((((T80,T172),T198),(T178,T38)),((T53,T190),T127))),((T122,T140),(((T183,T42),T130),((T95,T117),T71)))),((((T20,T15),T32),T189),((T30,T156),T167))),((((((((T119,T75),T69),(T44,T98)),(T111,T81)),(T67,T118)),(T4,(T88,T157))),((((T166,T158),((T142,T120),T193)),T2),T176)),((T1,(T78,T152)),((T185,T179),T143)))),T0),(T39,((T110,T59),T54))),(((((((((T72,T48),T186),T66),T46),T168),((T199,T182),(T184,T100))),((T134,T29),T136)),(T47,T26)),((((((T129,T147),T65),T51),T174),(T41,((T171,T83),T116))),((T74,T187),T154))))),(T151,T14)),((T60,((T121,T24),T93)),(T170,T123))),((T45,((T139,T36),T97)),T21)),((T10,(T35,T141)),T126)),((((T175,(T113,T165)),T62),(T145,T58)),((T17,T12),T197))),T40),T124);
Final Tree: ((((((((((((((((((T138,T173),T94),T180),(((T52,T102),T164),T192)),(T200,T43)),T27),(((((T91,T37),(T105,T23)),T6),((T106,T5),T56)),(T3,T89))),((((T85,T112),T150),(T28,T55)),(T195,(T163,T11)))),((T144,((T148,T181),(T149,T77))),(T76,T114))),((((((T133,T16),(((T34,T162),T103),T135)),(((((T64,T146),T125),T22),T9),(T99,(T86,T155)))),(T107,T153)),((((((T8,T188),((T159,T92),((T109,T7),T191))),(T161,T82)),T68),((((T25,(T169,T49)),((T96,T128),T160)),T108),((T79,T115),T70))),(((T50,T90),T63),T84))),((T137,T61),T57))),((((((((((T73,T101),((((T131,T132),T33),(T196,(T194,T19))),T104)),((((T177,T13),T87),T18),T31)),((((T80,T172),T198),(T178,T38)),((T53,T190),T127))),((T122,T140),(((T183,T42),T130),((T95,T117),T71)))),((((T20,T15),T32),T189),((T30,T156),T167))),((((((((T119,T75),T69),(T44,T98)),(T111,T81)),(T67,T118)),(T4,(T88,T157))),((((T166,T158),((T142,T120),T193)),T2),T176)),((T1,(T78,T152)),((T185,T179),T143)))),T0),(T39,((T110,T59),T54))),(((((((((T72,T48),T186),T66),T46),T168),((T199,T182),(T184,T100))),((T134,T29),T136)),(T47,T26)),((((((T129,T147),T65),T51),T174),(T41,((T171,T83),T116))),((T74,T187),T154))))),(T151,T14)),((T60,((T121,T24),T93)),(T170,T123))),((T45,((T139,T36),T97)),T21)),((T10,(T35,T141)),T126)),((((T175,(T113,T165)),T62),(T145,T58)),((T17,T12),T197))),T40),T124);
Score: 3.514785053e+10

real	1m53.385s
user	29m23.326s
sys	0m26.248s
