Iteration 1:
Accurate Species Tree EstimatoR from Independent Site Kernals
Version: v1.13.0.0
#Base: 931214106
#Species: 201
#Rounds: 1
#Samples: 0
#Threads: 64
Use two-step algorithm!
Guide Tree 0/27
#NNI moves:0/236
Guide Tree 1/27
#NNI moves:3/236
Guide Tree 2/27
#NNI moves:3/236
Guide Tree 3/27
#NNI moves:0/236
Guide Tree 4/27
#NNI moves:0/236
Guide Tree 5/27
#NNI moves:0/236
Guide Tree 6/27
#NNI moves:1/236
Guide Tree 7/27
#NNI moves:0/236
Guide Tree 8/27
#NNI moves:3/236
Guide Tree 9/27
#NNI moves:3/236
Guide Tree 10/27
#NNI moves:1/236
Guide Tree 11/27
#NNI moves:1/236
Guide Tree 12/27
#NNI moves:0/236
Guide Tree 13/27
#NNI moves:3/236
Guide Tree 14/27
#NNI moves:0/236
Guide Tree 15/27
#NNI moves:0/236
Guide Tree 16/27
#NNI moves:0/236
Guide Tree 17/27
#NNI moves:2/236
Guide Tree 18/27
#NNI moves:0/236
Guide Tree 19/27
#NNI moves:0/236
Guide Tree 20/27
#NNI moves:3/236
Guide Tree 21/27
#NNI moves:0/236
Guide Tree 22/27
#NNI moves:0/236
Guide Tree 23/27
#NNI moves:0/236
Guide Tree 24/27
#NNI moves:0/236
Guide Tree 25/27
#NNI moves:1/236
Guide Tree 26/27
#NNI moves:0/236
Remaining: 2
#NNI moves:3/236
#NNI moves:3/236
(((((((((((((((((T2,T79),T161),(T39,T159)),T60),(((((T169,T20),T82),T190),(((T120,T42),((T199,T167),T178)),T10)),T65)),(((((T109,T21),(T57,(T99,T146))),((T54,T151),T45)),(T27,(T137,T188))),(((((T160,T104),T47),T30),T18),T66))),((T95,(T187,T56)),T183)),((T11,(T92,T58)),((T34,T117),T124))),(((((((T166,(T192,T14)),(T19,T107)),T97),T70),(((T196,T162),T16),T84)),(((T148,(T74,(T175,T163))),(T110,T22)),(T83,T114))),((T115,T149),(((T67,(T53,T32)),((((T152,T100),(T176,T179)),(T85,T5)),(T200,T158))),T40)))),(((((T102,(T80,T140)),T123),(((T72,T130),T112),(T143,T126))),(T24,T46)),T156)),(((T59,T184),(T189,((T165,T193),T174))),((((((((T17,T122),(T86,(T87,T108))),(T145,T185)),((T62,T113),T93)),((((T37,T77),(T38,T197)),(T134,T119)),T195)),(T181,T154)),(T155,T118)),((((T121,T6),T138),T89),(T75,(T44,T173)))))),(((((((((((((T49,T136),T147),T96),(T3,(T91,(T132,T90)))),((T23,T164),T4)),((T31,T171),(T88,T26))),(((T50,T35),(T64,T101)),T106)),((((T63,T25),(T43,T48)),(((T29,(T52,T133)),T13),T76)),((((T142,T105),T128),(T127,T103)),((T172,T68),T111)))),(((T144,T150),((((T129,T98),(T131,(T141,T73))),T153),(T41,T51))),((T15,T28),(T71,T198)))),((T9,T12),(((T81,T116),T135),((T55,T170),T1)))),((T139,T194),(T182,T125))),((T33,T78),T36)),T157)),T0),(T191,((T177,T94),(T7,T180)))),(T8,T69)),(T168,T61)),T186);
Initial score: 7.67742e+10
Initial tree: (((((((((((((((((T2,T79),T161),(T39,T159)),T60),(((((T169,T20),T82),T190),(((T120,T42),((T199,T167),T178)),T10)),T65)),(((((T109,T21),(T57,(T99,T146))),((T54,T151),T45)),(T27,(T137,T188))),(((((T160,T104),T47),T30),T18),T66))),((T95,(T187,T56)),T183)),((T11,(T92,T58)),((T34,T117),T124))),(((((((T166,(T192,T14)),(T19,T107)),T97),T70),(((T196,T162),T16),T84)),(((T148,(T74,(T175,T163))),(T110,T22)),(T83,T114))),((T115,T149),(((T67,(T53,T32)),((((T152,T100),(T176,T179)),(T85,T5)),(T200,T158))),T40)))),(((((T102,(T80,T140)),T123),(((T72,T130),T112),(T143,T126))),(T24,T46)),T156)),(((T59,T184),(T189,((T165,T193),T174))),((((((((T17,T122),(T86,(T87,T108))),(T145,T185)),((T62,T113),T93)),((((T37,T77),(T38,T197)),(T134,T119)),T195)),(T181,T154)),(T155,T118)),((((T121,T6),T138),T89),(T75,(T44,T173)))))),(((((((((((((T49,T136),T147),T96),(T3,(T91,(T132,T90)))),((T23,T164),T4)),((T31,T171),(T88,T26))),(((T50,T35),(T64,T101)),T106)),((((T63,T25),(T43,T48)),(((T29,(T52,T133)),T13),T76)),((((T142,T105),T128),(T127,T103)),((T172,T68),T111)))),(((T144,T150),((((T129,T98),(T131,(T141,T73))),T153),(T41,T51))),((T15,T28),(T71,T198)))),((T9,T12),(((T81,T116),T135),((T55,T170),T1)))),((T139,T194),(T182,T125))),((T33,T78),T36)),T157)),T0),(T191,((T177,T94),(T7,T180)))),(T8,T69)),(T168,T61)),T186);
*** Subsample Process ***
Current score: 7.67742e+10
Current tree: (((((((((((((((((T2,T79),T161),(T39,T159)),T60),(((((T169,T20),T82),T190),(((T120,T42),((T199,T167),T178)),T10)),T65)),(((((T109,T21),(T57,(T99,T146))),((T54,T151),T45)),(T27,(T137,T188))),(((((T160,T104),T47),T30),T18),T66))),((T95,(T187,T56)),T183)),((T11,(T92,T58)),((T34,T117),T124))),(((((((T166,(T192,T14)),(T19,T107)),T97),T70),(((T196,T162),T16),T84)),(((T148,(T74,(T175,T163))),(T110,T22)),(T83,T114))),((T115,T149),(((T67,(T53,T32)),((((T152,T100),(T176,T179)),(T85,T5)),(T200,T158))),T40)))),(((((T102,(T80,T140)),T123),(((T72,T130),T112),(T143,T126))),(T24,T46)),T156)),(((T59,T184),(T189,((T165,T193),T174))),((((((((T17,T122),(T86,(T87,T108))),(T145,T185)),((T62,T113),T93)),((((T37,T77),(T38,T197)),(T134,T119)),T195)),(T181,T154)),(T155,T118)),((((T121,T6),T138),T89),(T75,(T44,T173)))))),(((((((((((((T49,T136),T147),T96),(T3,(T91,(T132,T90)))),((T23,T164),T4)),((T31,T171),(T88,T26))),(((T50,T35),(T64,T101)),T106)),((((T63,T25),(T43,T48)),(((T29,(T52,T133)),T13),T76)),((((T142,T105),T128),(T127,T103)),((T172,T68),T111)))),(((T144,T150),((((T129,T98),(T131,(T141,T73))),T153),(T41,T51))),((T15,T28),(T71,T198)))),((T9,T12),(((T81,T116),T135),((T55,T170),T1)))),((T139,T194),(T182,T125))),((T33,T78),T36)),T157)),T0),(T191,((T177,T94),(T7,T180)))),(T8,T69)),(T168,T61)),T186);
Final Tree: (((((((((((((((((T2,T79),T161),(T39,T159)),T60),(((((T169,T20),T82),T190),(((T120,T42),((T199,T167),T178)),T10)),T65)),(((((T109,T21),(T57,(T99,T146))),((T54,T151),T45)),(T27,(T137,T188))),(((((T160,T104),T47),T30),T18),T66))),((T95,(T187,T56)),T183)),((T11,(T92,T58)),((T34,T117),T124))),(((((((T166,(T192,T14)),(T19,T107)),T97),T70),(((T196,T162),T16),T84)),(((T148,(T74,(T175,T163))),(T110,T22)),(T83,T114))),((T115,T149),(((T67,(T53,T32)),((((T152,T100),(T176,T179)),(T85,T5)),(T200,T158))),T40)))),(((((T102,(T80,T140)),T123),(((T72,T130),T112),(T143,T126))),(T24,T46)),T156)),(((T59,T184),(T189,((T165,T193),T174))),((((((((T17,T122),(T86,(T87,T108))),(T145,T185)),((T62,T113),T93)),((((T37,T77),(T38,T197)),(T134,T119)),T195)),(T181,T154)),(T155,T118)),((((T121,T6),T138),T89),(T75,(T44,T173)))))),(((((((((((((T49,T136),T147),T96),(T3,(T91,(T132,T90)))),((T23,T164),T4)),((T31,T171),(T88,T26))),(((T50,T35),(T64,T101)),T106)),((((T63,T25),(T43,T48)),(((T29,(T52,T133)),T13),T76)),((((T142,T105),T128),(T127,T103)),((T172,T68),T111)))),(((T144,T150),((((T129,T98),(T131,(T141,T73))),T153),(T41,T51))),((T15,T28),(T71,T198)))),((T9,T12),(((T81,T116),T135),((T55,T170),T1)))),((T139,T194),(T182,T125))),((T33,T78),T36)),T157)),T0),(T191,((T177,T94),(T7,T180)))),(T8,T69)),(T168,T61)),T186);
Score: 7.67742e+10

real	14m31.828s
user	499m36.554s
sys	2m24.145s
