Weighted ASTRAL - Hybrid
Version: v1.13.2.3
#Genetrees: 2000
#Species: 201
#Rounds: 4
#Samples: 4
#Threads: 32
Use two-step algorithm!
Guide Tree 0/27
#NNI moves:1/236
Guide Tree 1/27
#NNI moves:0/236
Guide Tree 2/27
#NNI moves:2/236
Guide Tree 3/27
#NNI moves:4/236
Guide Tree 4/27
#NNI moves:0/236
Guide Tree 5/27
#NNI moves:1/236
Guide Tree 6/27
#NNI moves:3/236
Guide Tree 7/27
#NNI moves:0/236
Guide Tree 8/27
#NNI moves:0/236
Guide Tree 9/27
#NNI moves:5/236
Guide Tree 10/27
#NNI moves:0/236
Guide Tree 11/27
#NNI moves:4/236
Guide Tree 12/27
#NNI moves:0/236
Guide Tree 13/27
#NNI moves:5/236
Guide Tree 14/27
#NNI moves:2/236
Guide Tree 15/27
#NNI moves:4/236
Guide Tree 16/27
#NNI moves:1/236
Guide Tree 17/27
#NNI moves:1/236
Guide Tree 18/27
#NNI moves:1/236
Guide Tree 19/27
#NNI moves:1/236
Guide Tree 20/27
#NNI moves:1/236
Guide Tree 21/27
#NNI moves:3/236
Guide Tree 22/27
#NNI moves:5/236
Guide Tree 23/27
#NNI moves:3/236
Guide Tree 24/27
#NNI moves:0/236
Guide Tree 25/27
#NNI moves:3/236
Guide Tree 26/27
#NNI moves:3/236
Remaining: 0
#NNI moves:14/236
#NNI moves:14/236
(((((((((((((((T177,(((T132,T23),T123),(T8,T104))),((T90,T100),T113)),((T48,(((T179,T2),T200),T186)),((T120,T22),T102))),((((T81,(T109,T60)),T68),((T57,(T28,T124)),T118)),T135)),(((T181,(T141,T14)),T93),(T1,T51))),(((((((((((((T161,T106),T158),(T138,T115)),T44),T95),T37),(T13,T185)),(((T36,T154),(T20,T11)),T168)),(((T89,T74),T175),T70)),(((T187,T171),(T82,T193)),T31)),((((T33,T130),(T66,T173)),T52),(T155,(T101,T143)))),((T188,T197),T146)),T47)),T0),((((T170,(T91,T134)),(T85,T133)),(T184,T41)),((((((T84,T43),(T56,T46)),T98),((((T144,(T42,T136)),T145),T94),(T151,T72))),(((T199,(T112,T69)),(T172,T198)),T34)),((((T96,((T71,T10),T176)),T7),(((T148,(T116,T125)),T183),T194)),(((T92,T75),T127),(((T21,(T87,T97)),T76),T169)))))),(((((((((((T24,((T139,T167),T107)),T16),T157),((T18,(T137,T105)),T128)),((T55,(T49,T62)),(T156,T152))),((((T182,(T121,T149)),(T5,T53)),((T192,(T17,T6)),(T191,T142))),(((T35,T159),T40),T131))),(((T119,T114),T12),T150)),(T3,T99)),T59),((((T50,(T83,((T147,T9),T45))),T64),(T30,T196)),(T190,T32))),(((((T108,(T126,T61)),T4),((T174,(T54,(T180,T80))),((T26,T63),(T29,T110)))),(T162,T178)),(((T19,T111),T79),(T140,T122))))),((((T103,T25),T129),((T58,T153),(T73,T39))),(((T27,((T160,((T164,T67),T165)),T65)),T163),T86))),(T77,((T166,T78),T88))),(T195,T189)),T15),T38),T117);
Guide Tree 0/27
#NNI moves:1/236
Guide Tree 1/27
#NNI moves:3/236
Guide Tree 2/27
#NNI moves:4/236
Guide Tree 3/27
#NNI moves:1/236
Guide Tree 4/27
#NNI moves:0/236
Guide Tree 5/27
#NNI moves:4/236
Guide Tree 6/27
#NNI moves:2/236
Guide Tree 7/27
#NNI moves:2/236
Guide Tree 8/27
#NNI moves:1/236
Guide Tree 9/27
#NNI moves:3/236
Guide Tree 10/27
#NNI moves:3/236
Guide Tree 11/27
#NNI moves:2/236
Guide Tree 12/27
#NNI moves:0/236
Guide Tree 13/27
#NNI moves:1/236
Guide Tree 14/27
#NNI moves:1/236
Guide Tree 15/27
#NNI moves:7/236
Guide Tree 16/27
#NNI moves:2/236
Guide Tree 17/27
#NNI moves:4/236
Guide Tree 18/27
#NNI moves:5/236
Guide Tree 19/27
#NNI moves:1/236
Guide Tree 20/27
#NNI moves:2/236
Guide Tree 21/27
#NNI moves:4/236
Guide Tree 22/27
#NNI moves:2/236
Guide Tree 23/27
#NNI moves:4/236
Guide Tree 24/27
#NNI moves:4/236
Guide Tree 25/27
#NNI moves:2/236
Guide Tree 26/27
#NNI moves:1/236
Remaining: 0
#NNI moves:14/236
#NNI moves:14/236
((((((((((((((((T143,T101),T155),(((T66,T173),(T130,T33)),T52)),((((((T154,T36),(T11,T20)),T168),((T13,T185),((((((T161,T106),T158),(T115,T138)),T44),T95),T37))),(((T74,T89),T175),T70)),(((T193,T82),(T171,T187)),T31))),((T188,T197),T146)),T47),(((((T118,((T124,T28),T57)),(T68,((T60,T109),T81))),T135),((((((T132,T23),T123),(T8,T104)),T177),((T100,T90),T113)),(((T22,T120),T102),((((T2,T179),T200),T186),T48)))),(((T181,(T141,T14)),T93),(T1,T51)))),T0),((((((T96,((T71,T10),T176)),T7),(T194,(((T116,T125),T148),T183))),(((T75,T92),T127),((((T87,T97),T21),T76),T169))),(((((T112,T69),T199),(T172,T198)),T34),((T98,((T84,T43),(T46,T56))),(((T145,(T144,(T42,T136))),T94),(T151,T72))))),(((T133,T85),(T170,(T91,T134))),(T184,T41)))),(((((((((T55,(T49,T62)),(T152,T156)),((((((T167,T139),T107),T24),T16),T157),(((T105,T137),T18),T128))),(((((T149,T121),T182),(T53,T5)),(((T6,T17),T192),(T142,T191))),(T131,((T35,T159),T40)))),(((T119,T114),T12),T150)),(T3,T99)),T59),(((((((T147,T9),T45),T83),T50),T64),(T196,T30)),(T190,T32))),((((((T110,T29),(T26,T63)),(((T80,T180),T54),T174)),((T108,(T61,T126)),T4)),(T162,T178)),((T140,T122),((T111,T19),T79))))),((((T58,T153),(T39,T73)),((T25,T103),T129)),(T86,(((T65,(((T67,T164),T165),T160)),T27),T163)))),(((T78,T166),T88),T77)),(T189,T195)),T15),T38),T117);
Guide Tree 0/27
#NNI moves:0/236
Guide Tree 1/27
#NNI moves:1/236
Guide Tree 2/27
#NNI moves:4/236
Guide Tree 3/27
#NNI moves:1/236
Guide Tree 4/27
#NNI moves:0/236
Guide Tree 5/27
#NNI moves:0/236
Guide Tree 6/27
#NNI moves:0/236
Guide Tree 7/27
#NNI moves:0/236
Guide Tree 8/27
#NNI moves:1/236
Guide Tree 9/27
#NNI moves:2/236
Guide Tree 10/27
#NNI moves:0/236
Guide Tree 11/27
#NNI moves:0/236
Guide Tree 12/27
#NNI moves:3/236
Guide Tree 13/27
#NNI moves:5/236
Guide Tree 14/27
#NNI moves:0/236
Guide Tree 15/27
#NNI moves:0/236
Guide Tree 16/27
#NNI moves:0/236
Guide Tree 17/27
#NNI moves:2/236
Guide Tree 18/27
#NNI moves:2/236
Guide Tree 19/27
#NNI moves:7/236
Guide Tree 20/27
#NNI moves:1/236
Guide Tree 21/27
#NNI moves:5/236
Guide Tree 22/27
#NNI moves:2/236
Guide Tree 23/27
#NNI moves:3/236
Guide Tree 24/27
#NNI moves:5/236
Guide Tree 25/27
#NNI moves:3/236
Guide Tree 26/27
#NNI moves:1/236
Remaining: 2
#NNI moves:32/236
#NNI moves:32/236
((((((((((((((((T100,T90),T113),(T177,((T104,T8),((T132,T23),T123)))),(((((T179,T2),T200),T186),T48),(T102,(T22,T120)))),(((((T109,T60),T81),T68),((T57,(T124,T28)),T118)),T135)),(((T181,(T14,T141)),T93),(T1,T51))),(((((((T130,T33),(T66,T173)),T52),(T155,(T143,T101))),(((((T74,T89),T175),T70),((((T20,T11),(T154,T36)),T168),(((((((T106,T161),T158),(T138,T115)),T44),T95),T37),(T13,T185)))),(T31,((T171,T187),(T82,T193))))),((T188,T197),T146)),T47)),T0),((((((((T71,T10),T176),T96),T7),(T194,((T148,(T116,T125)),T183))),((T127,(T92,T75)),(((T21,(T97,T87)),T76),T169))),(((((T46,T56),(T43,T84)),T98),(((T145,(T144,(T42,T136))),T94),(T72,T151))),(((T199,(T112,T69)),(T172,T198)),T34))),(((T170,(T91,T134)),(T85,T133)),(T184,T41)))),((((((((((T182,(T121,T149)),(T5,T53)),(((T6,T17),T192),(T191,T142))),((T40,(T35,T159)),T131)),((((T18,(T137,T105)),T128),(((((T167,T139),T107),T24),T16),T157)),((T156,T152),(T55,(T49,T62))))),((T12,(T119,T114)),T150)),(T99,T3)),T59),((((T50,(((T147,T9),T45),T83)),T64),(T196,T30)),(T190,T32))),(((T79,(T19,T111)),(T140,T122)),(((((T26,T63),(T110,T29)),(((T80,T180),T54),T174)),(T4,(T108,(T61,T126)))),(T178,T162))))),((((T27,((T160,((T67,T164),T165)),T65)),T163),T86),(((T39,T73),(T153,T58)),((T25,T103),T129)))),(T77,((T78,T166),T88))),(T189,T195)),T15),T38),T117);
Guide Tree 0/27
#NNI moves:4/236
Guide Tree 1/27
#NNI moves:2/236
Guide Tree 2/27
#NNI moves:3/236
Guide Tree 3/27
#NNI moves:2/236
Guide Tree 4/27
#NNI moves:1/236
Guide Tree 5/27
#NNI moves:1/236
Guide Tree 6/27
#NNI moves:1/236
Guide Tree 7/27
#NNI moves:1/236
Guide Tree 8/27
#NNI moves:1/236
Guide Tree 9/27
#NNI moves:4/236
Guide Tree 10/27
#NNI moves:0/236
Guide Tree 11/27
#NNI moves:0/236
Guide Tree 12/27
#NNI moves:4/236
Guide Tree 13/27
#NNI moves:1/236
Guide Tree 14/27
#NNI moves:4/236
Guide Tree 15/27
#NNI moves:1/236
Guide Tree 16/27
#NNI moves:4/236
Guide Tree 17/27
#NNI moves:0/236
Guide Tree 18/27
#NNI moves:1/236
Guide Tree 19/27
#NNI moves:2/236
Guide Tree 20/27
#NNI moves:5/236
Guide Tree 21/27
#NNI moves:3/236
Guide Tree 22/27
#NNI moves:3/236
Guide Tree 23/27
#NNI moves:0/236
Guide Tree 24/27
#NNI moves:0/236
Guide Tree 25/27
#NNI moves:0/236
Guide Tree 26/27
#NNI moves:1/236
Remaining: 0
#NNI moves:41/236
#NNI moves:41/236
(((((((((((((((((T104,T8),((T23,T132),T123)),T177),((T90,T100),T113)),((((T200,(T179,T2)),T186),T48),((T22,T120),T102))),(((((T28,T124),T57),T118),((T81,(T109,T60)),T68)),T135)),((T1,T51),((T181,(T141,T14)),T93))),(((((T52,((T173,T66),(T130,T33))),((T101,T143),T155)),((((T193,T82),(T171,T187)),T31),(((((((((T106,T161),T158),(T138,T115)),T44),T95),T37),(T185,T13)),(((T11,T20),(T154,T36)),T168)),((T175,(T74,T89)),T70)))),(T146,(T197,T188))),T47)),T0),((((T133,T85),((T91,T134),T170)),(T41,T184)),((((((T43,T84),(T56,T46)),T98),(((((T42,T136),T144),T145),T94),(T72,T151))),((((T69,T112),T199),(T198,T172)),T34)),((((T75,T92),T127),((((T97,T87),T21),T76),T169)),(((((T125,T116),T148),T183),T194),(T7,(((T71,T10),T176),T96))))))),(((((((((((T121,T149),T182),(T53,T5)),(((T6,T17),T192),(T191,T142))),(T131,(T40,(T159,T35)))),((((T49,T62),T55),(T152,T156)),((((T24,((T167,T139),T107)),T16),T157),(T128,((T137,T105),T18))))),(((T119,T114),T12),T150)),(T3,T99)),T59),((((((T45,(T9,T147)),T83),T50),T64),(T196,T30)),(T32,T190))),((((T19,T111),T79),(T122,T140)),(((((T61,T126),T108),T4),(((T29,T110),(T26,T63)),(((T180,T80),T54),T174))),(T178,T162))))),((((T39,T73),(T58,T153)),((T103,T25),T129)),((((((T165,(T67,T164)),T160),T65),T27),T163),T86))),(T77,((T166,T78),T88))),(T189,T195)),T15),T38),T117);
Initial score: 4.11303e+10
Initial tree: (((((((((((((((((T104,T8),((T23,T132),T123)),T177),((T90,T100),T113)),((((T200,(T179,T2)),T186),T48),((T22,T120),T102))),(((((T28,T124),T57),T118),((T81,(T109,T60)),T68)),T135)),((T1,T51),((T181,(T141,T14)),T93))),(((((T52,((T173,T66),(T130,T33))),((T101,T143),T155)),((((T193,T82),(T171,T187)),T31),(((((((((T106,T161),T158),(T138,T115)),T44),T95),T37),(T185,T13)),(((T11,T20),(T154,T36)),T168)),((T175,(T74,T89)),T70)))),(T146,(T197,T188))),T47)),T0),((((T133,T85),((T91,T134),T170)),(T41,T184)),((((((T43,T84),(T56,T46)),T98),(((((T42,T136),T144),T145),T94),(T72,T151))),((((T69,T112),T199),(T198,T172)),T34)),((((T75,T92),T127),((((T97,T87),T21),T76),T169)),(((((T125,T116),T148),T183),T194),(T7,(((T71,T10),T176),T96))))))),(((((((((((T121,T149),T182),(T53,T5)),(((T6,T17),T192),(T191,T142))),(T131,(T40,(T159,T35)))),((((T49,T62),T55),(T152,T156)),((((T24,((T167,T139),T107)),T16),T157),(T128,((T137,T105),T18))))),(((T119,T114),T12),T150)),(T3,T99)),T59),((((((T45,(T9,T147)),T83),T50),T64),(T196,T30)),(T32,T190))),((((T19,T111),T79),(T122,T140)),(((((T61,T126),T108),T4),(((T29,T110),(T26,T63)),(((T180,T80),T54),T174))),(T178,T162))))),((((T39,T73),(T58,T153)),((T103,T25),T129)),((((((T165,(T67,T164)),T160),T65),T27),T163),T86))),(T77,((T166,T78),T88))),(T189,T195)),T15),T38),T117);
*** Subsample Process ***
Use two-step algorithm!
#NNI moves:4/236
Remaining: 2
#NNI moves:14/236
#NNI moves:15/236
(((((((((((((((((((((((T121,T149),T182),(T5,T53)),((T192,(T17,T6)),(T191,T142))),(T131,(T40,(T35,T159)))),(((T152,T156),(T55,(T62,T49))),((((((T167,T139),T107),T24),T16),T157),((T18,(T137,T105)),T128)))),((T12,(T114,T119)),T150)),(T3,T99)),T59),((((T50,((T45,(T9,T147)),T83)),T64),(T30,T196)),(T190,T32))),(((T122,T140),((T19,T111),T79)),(((((T61,T126),T108),T4),(((T26,T63),(T29,T110)),(T174,((T80,T180),T54)))),(T178,T162)))),(((((T166,T78),T88),T77),(((T38,T117),T15),(T189,T195))),(((((T65,(((T67,T164),T165),T160)),T27),T163),T86),(((T73,T39),(T58,T153)),(T129,(T103,T25)))))),((((((((T87,T97),T21),T76),T169),(T127,(T75,T92))),((T194,(((T125,T116),T148),T183)),((((T71,T10),T176),T96),T7))),(((((T112,T69),T199),(T198,T172)),T34),((T98,((T84,T43),(T56,T46))),((T94,(((T136,T42),T144),T145)),(T151,T72))))),(((T170,(T91,T134)),(T133,T85)),(T184,T41)))),T0),(((((((T173,T66),(T130,T33)),T52),((T143,T101),T155)),((T31,((T193,T82),(T171,T187))),((((T13,T185),((((((T106,T161),T158),(T115,T138)),T44),T95),T37)),(T168,((T20,T11),(T36,T154)))),(((T74,T89),T175),T70)))),((T188,T197),T146)),T47)),(((T181,(T141,T14)),T93),(T1,T51))),(((((T28,T124),T57),T118),((T81,(T109,T60)),T68)),T135)),((T48,(((T2,T179),T200),T186)),((T22,T120),T102))),(T113,(T100,T90))),T177),(T123,(T23,T132))),T8),T104);
#NNI moves:2/236
Remaining: 1
#NNI moves:22/236
#NNI moves:22/236
(((((((((((((T127,(T92,T75)),(((T21,(T87,T97)),T76),T169)),(((((T71,T10),T176),T96),T7),(T194,(((T125,T116),T148),T183)))),((((T151,T72),(((T144,(T136,T42)),T145),T94)),(((T46,T56),(T84,T43)),T98)),(((T199,(T112,T69)),(T198,T172)),T34))),((((T91,T134),T170),(T133,T85)),(T41,T184))),(((((((T113,(T100,T90)),((((T132,T23),T123),(T104,T8)),T177)),(((T120,T22),T102),((T186,((T2,T179),T200)),T48))),(T135,((T118,((T124,T28),T57)),(T68,((T60,T109),T81))))),((T93,((T14,T141),T181)),(T1,T51))),((((((((T185,T13),(((((T158,(T106,T161)),(T115,T138)),T44),T95),T37)),(((T20,T11),(T36,T154)),T168)),(((T89,T74),T175),T70)),(((T171,T187),(T193,T82)),T31)),((((T130,T33),(T173,T66)),T52),(T155,(T101,T143)))),(T146,(T188,T197))),T47)),T0)),((((((((((T182,(T149,T121)),(T5,T53)),((T192,(T17,T6)),(T191,T142))),(((T35,T159),T40),T131)),(((T128,((T137,T105),T18)),((((T107,(T167,T139)),T24),T16),T157)),((T152,T156),((T49,T62),T55)))),(((T114,T119),T12),T150)),(T3,T99)),T59),((T32,T190),((T64,((T83,((T147,T9),T45)),T50)),(T30,T196)))),((((((T63,T26),(T29,T110)),(T174,((T80,T180),T54))),(((T126,T61),T108),T4)),(T178,T162)),(((T111,T19),T79),(T122,T140))))),(((((((T165,(T164,T67)),T160),T65),T27),T163),T86),((T129,(T25,T103)),((T73,T39),(T58,T153))))),(((T78,T166),T88),T77)),(T189,T195)),T15),T117),T38);
#NNI moves:1/236
Remaining: 3
#NNI moves:18/236
#NNI moves:18/236
((((((((((((((((((((T159,T35),T40),T131),(((T182,(T149,T121)),(T5,T53)),((T192,(T17,T6)),(T142,T191)))),(((T152,T156),((T62,T49),T55)),(((T16,((T107,(T139,T167)),T24)),T157),((T18,(T137,T105)),T128)))),(((T119,T114),T12),T150)),(T3,T99)),T59),(((((T83,(T45,(T147,T9))),T50),T64),(T196,T30)),(T32,T190))),(((((T108,(T126,T61)),T4),(((T54,(T80,T180)),T174),((T29,T110),(T63,T26)))),(T162,T178)),((T140,T122),((T19,T111),T79)))),(((((T27,((((T67,T164),T165),T160),T65)),T163),T86),(((T25,T103),T129),((T39,T73),(T153,T58)))),((((T166,T78),T88),T77),((T15,(T117,T38)),(T189,T195))))),(((((((((((((((T106,T161),T158),(T138,T115)),T44),T95),T37),(T13,T185)),(((T154,T36),(T11,T20)),T168)),(T70,((T89,T74),T175))),(((T171,T187),(T193,T82)),T31)),((((T33,T130),(T66,T173)),T52),((T101,T143),T155))),((T197,T188),T146)),T47),(((((((T8,T104),((T23,T132),T123)),T177),((T90,T100),T113)),((T48,(((T2,T179),T200),T186)),((T120,T22),T102))),(T135,((((T28,T124),T57),T118),(T68,((T109,T60),T81))))),((T93,((T14,T141),T181)),(T51,T1)))),T0)),(((T133,T85),((T91,T134),T170)),(T184,T41))),((((((T97,T87),T21),T76),T169),((T75,T92),T127)),((((T148,(T125,T116)),T183),T194),((((T10,T71),T176),T96),T7)))),((((T145,((T42,T136),T144)),T94),(T151,T72)),(((T46,T56),(T84,T43)),T98))),T34),(T172,T198)),T199),T69),T112);
#NNI moves:5/236
Remaining: 1
#NNI moves:33/236
#NNI moves:33/236
((((((((((((((((((((((T115,T138),((T161,T106),T158)),T44),T95),T37),(T185,T13)),(((T36,T154),(T11,T20)),T168)),(((T89,T74),T175),T70)),(((T187,T171),(T193,T82)),T31)),(((T143,T101),T155),(T52,((T173,T66),(T33,T130))))),((T197,T188),T146)),T47),(((((T68,((T109,T60),T81)),(T118,((T124,T28),T57))),T135),((((((T23,T132),T123),(T8,T104)),T177),((T90,T100),T113)),(((((T2,T179),T200),T186),T48),(T102,(T120,T22))))),((T1,T51),(((T141,T14),T181),T93)))),T0),((((T170,(T134,T91)),(T133,T85)),(T184,T41)),((((((((T136,T42),T144),T145),T94),(T151,T72)),(((T84,T43),(T56,T46)),T98)),(((T198,T172),(T199,(T112,T69))),T34)),(((((T176,(T71,T10)),T96),T7),((T183,(T148,(T125,T116))),T194)),(((((T97,T87),T21),T76),T169),((T75,T92),T127)))))),((((((((T119,T114),T12),T150),(((((T192,(T17,T6)),(T142,T191)),(((T149,T121),T182),(T53,T5))),(((T35,T159),T40),T131)),(((T55,(T62,T49)),(T156,T152)),((((((T139,T167),T107),T24),T16),T157),((T18,(T137,T105)),T128))))),(T3,T99)),T59),(((T196,T30),(((((T147,T9),T45),T83),T50),T64)),(T32,T190))),((((((T54,(T80,T180)),T174),((T63,T26),(T29,T110))),(((T126,T61),T108),T4)),(T162,T178)),((T79,(T19,T111)),(T122,T140))))),((((T27,(T65,(((T67,T164),T165),T160))),T163),T86),(((T103,T25),T129),((T58,T153),(T39,T73))))),(((T78,T166),T88),T77)),(T189,T195)),T15),T117),T38);
Current score: 4.11303e+10
Current tree: ((((((((((((((((((((((T115,T138),((T161,T106),T158)),T44),T95),T37),(T185,T13)),(((T36,T154),(T11,T20)),T168)),(((T89,T74),T175),T70)),(((T187,T171),(T193,T82)),T31)),(((T143,T101),T155),(T52,((T173,T66),(T33,T130))))),((T197,T188),T146)),T47),(((((T68,((T109,T60),T81)),(T118,((T124,T28),T57))),T135),((((((T23,T132),T123),(T8,T104)),T177),((T90,T100),T113)),(((((T2,T179),T200),T186),T48),(T102,(T120,T22))))),((T1,T51),(((T141,T14),T181),T93)))),T0),((((T170,(T134,T91)),(T133,T85)),(T184,T41)),((((((((T136,T42),T144),T145),T94),(T151,T72)),(((T84,T43),(T56,T46)),T98)),(((T198,T172),(T199,(T112,T69))),T34)),(((((T176,(T71,T10)),T96),T7),((T183,(T148,(T125,T116))),T194)),(((((T97,T87),T21),T76),T169),((T75,T92),T127)))))),((((((((T119,T114),T12),T150),(((((T192,(T17,T6)),(T142,T191)),(((T149,T121),T182),(T53,T5))),(((T35,T159),T40),T131)),(((T55,(T62,T49)),(T156,T152)),((((((T139,T167),T107),T24),T16),T157),((T18,(T137,T105)),T128))))),(T3,T99)),T59),(((T196,T30),(((((T147,T9),T45),T83),T50),T64)),(T32,T190))),((((((T54,(T80,T180)),T174),((T63,T26),(T29,T110))),(((T126,T61),T108),T4)),(T162,T178)),((T79,(T19,T111)),(T122,T140))))),((((T27,(T65,(((T67,T164),T165),T160))),T163),T86),(((T103,T25),T129),((T58,T153),(T39,T73))))),(((T78,T166),T88),T77)),(T189,T195)),T15),T38),T117);
Use two-step algorithm!
#NNI moves:3/236
Remaining: 2
#NNI moves:27/236
#NNI moves:27/236
(((((((((((((((((((((T8,T104),((T23,T132),T123)),T177),((T100,T90),T113)),((T48,(((T179,T2),T200),T186)),((T120,T22),T102))),(T135,((T68,(T81,(T60,T109))),((T57,(T124,T28)),T118)))),((T93,(T181,(T14,T141))),(T51,T1))),(((((((((((((T142,T191),(T192,(T17,T6))),((T5,T53),(T182,(T149,T121)))),((T40,(T159,T35)),T131)),(((T156,T152),(T55,(T49,T62))),(((T18,(T137,T105)),T128),((((T107,(T167,T139)),T24),T16),T157)))),(T150,((T119,T114),T12))),(T3,T99)),T59),(((((((T9,T147),T45),T83),T50),T64),(T196,T30)),(T190,T32))),((((((T54,(T180,T80)),T174),((T26,T63),(T110,T29))),((T108,(T126,T61)),T4)),(T178,T162)),(((T19,T111),T79),(T140,T122)))),(((((((((T164,T67),T165),T160),T65),T27),T163),T86),(((T153,T58),(T73,T39)),((T25,T103),T129))),(((T15,(T38,T117)),(T195,T189)),(((T78,T166),T88),T77)))),(((((((T176,(T71,T10)),T96),T7),(((T148,(T125,T116)),T183),T194)),(((T75,T92),T127),(T169,(T76,(T21,(T97,T87)))))),(((((T46,T56),(T43,T84)),T98),(((((T136,T42),T144),T145),T94),(T72,T151))),(T34,(((T112,T69),T199),(T172,T198))))),((T41,T184),(((T134,T91),T170),(T85,T133))))),T0)),T47),((T188,T197),T146)),(((T101,T143),T155),(((T130,T33),(T173,T66)),T52))),(((T82,T193),(T187,T171)),T31)),((T175,(T89,T74)),T70)),(((T20,T11),(T154,T36)),T168)),(T13,T185)),T37),T95),T44),((T161,T106),T158)),T115),T138);
#NNI moves:0/236
Remaining: 0
#NNI moves:47/236
#NNI moves:47/236
((((((((((((((((T81,(T109,T60)),T68),(((T28,T124),T57),T118)),T135),((((((T179,T2),T200),T186),T48),((T120,T22),T102)),((((T8,T104),((T132,T23),T123)),T177),((T90,T100),T113)))),((((T141,T14),T181),T93),(T1,T51))),((((((((T185,T13),((T95,(((T138,T115),((T161,T106),T158)),T44)),T37)),(((T154,T36),(T20,T11)),T168)),((T175,(T89,T74)),T70)),(((T171,T187),(T82,T193)),T31)),((T155,(T143,T101)),(((T33,T130),(T66,T173)),T52))),((T197,T188),T146)),T47)),T0),((((T85,T133),((T134,T91),T170)),(T41,T184)),(((((T92,T75),T127),(T169,(T76,((T97,T87),T21)))),((((T148,(T116,T125)),T183),T194),(T7,(((T10,T71),T176),T96)))),(((((T46,T56),(T84,T43)),T98),((T94,(T145,((T42,T136),T144))),(T151,T72))),((((T69,T112),T199),(T198,T172)),T34))))),((((((((((T142,T191),((T6,T17),T192)),(((T121,T149),T182),(T53,T5))),(T131,(T40,(T35,T159)))),((((T49,T62),T55),(T156,T152)),((T157,((T24,((T167,T139),T107)),T16)),(((T105,T137),T18),T128)))),(T150,(T12,(T119,T114)))),(T99,T3)),T59),((T32,T190),(((T50,(((T147,T9),T45),T83)),T64),(T196,T30)))),(((T140,T122),((T19,T111),T79)),(((((T61,T126),T108),T4),(((T29,T110),(T26,T63)),(((T80,T180),T54),T174))),(T162,T178))))),((((T58,T153),(T39,T73)),((T103,T25),T129)),((T163,(T27,((((T164,T67),T165),T160),T65))),T86))),(((T38,T117),T15),(T195,T189))),T77),T88),T166),T78);
#NNI moves:2/236
Remaining: 0
#NNI moves:22/236
#NNI moves:22/236
(((((((((((((((T134,T91),T170),(T133,T85)),(T41,T184)),(((((((T97,T87),T21),T76),T169),((T75,T92),T127)),((T194,((T148,(T116,T125)),T183)),((((T71,T10),T176),T96),T7))),(((T98,((T84,T43),(T46,T56))),(((((T136,T42),T144),T145),T94),(T151,T72))),((((T112,T69),T199),(T172,T198)),T34)))),((((((((((T40,(T159,T35)),T131),((((T121,T149),T182),(T53,T5)),((T191,T142),((T6,T17),T192)))),((((((T107,(T139,T167)),T24),T16),T157),(((T137,T105),T18),T128)),(((T62,T49),T55),(T152,T156)))),(((T119,T114),T12),T150)),(T99,T3)),T59),(((T30,T196),((((T45,(T147,T9)),T83),T50),T64)),(T32,T190))),((((((T110,T29),(T63,T26)),(T174,((T80,T180),T54))),((T108,(T61,T126)),T4)),(T178,T162)),(((T111,T19),T79),(T140,T122)))),((((((T65,(((T67,T164),T165),T160)),T27),T163),T86),(((T103,T25),T129),((T39,T73),(T153,T58)))),(((T195,T189),((T117,T38),T15)),(((T78,T166),T88),T77))))),T0),(((((((((((((T106,T161),T158),(T138,T115)),T44),T95),T37),(T185,T13)),(T168,((T36,T154),(T20,T11)))),(((T89,T74),T175),T70)),(((T82,T193),(T187,T171)),T31)),(((T101,T143),T155),(((T33,T130),(T66,T173)),T52))),((T197,T188),T146)),T47)),(((T181,(T141,T14)),T93),(T1,T51))),(((T48,((T200,(T179,T2)),T186)),(T102,(T120,T22))),((((T104,T8),((T23,T132),T123)),T177),((T100,T90),T113)))),T135),(((T109,T60),T81),T68)),T118),(T124,T28)),T57);
#NNI moves:4/236
Remaining: 0
#NNI moves:13/236
#NNI moves:13/236
((((((((((((((T21,(T87,T97)),T76),T169),((T92,T75),T127)),(((((T125,T116),T148),T183),T194),((((T10,T71),T176),T96),T7))),((((T172,T198),((T69,T112),T199)),T34),((T98,((T43,T84),(T46,T56))),(((((T136,T42),T144),T145),T94),(T72,T151))))),((T41,T184),((T85,T133),((T134,T91),T170)))),((((((((T186,((T2,T179),T200)),T48),((T22,T120),T102)),((((T8,T104),((T23,T132),T123)),T177),((T90,T100),T113))),(T135,(((T81,(T60,T109)),T68),((T57,(T124,T28)),T118)))),((((T141,T14),T181),T93),(T51,T1))),((((((T70,((T74,T89),T175)),((((T36,T154),(T20,T11)),T168),((T13,T185),(((T44,((T138,T115),((T106,T161),T158))),T95),T37)))),(T31,((T82,T193),(T171,T187)))),(((T101,T143),T155),(T52,((T33,T130),(T66,T173))))),(T146,(T197,T188))),T47)),T0)),(((((((((((((T139,T167),T107),T24),T16),T157),(((T105,T137),T18),T128)),((T156,T152),((T49,T62),T55))),(((((T17,T6),T192),(T142,T191)),(((T121,T149),T182),(T53,T5))),(((T35,T159),T40),T131))),(T150,((T119,T114),T12))),(T99,T3)),T59),(((T64,((((T9,T147),T45),T83),T50)),(T30,T196)),(T32,T190))),(((((((T180,T80),T54),T174),((T26,T63),(T29,T110))),(((T61,T126),T108),T4)),(T178,T162)),((T140,T122),(T79,(T19,T111)))))),((((T78,T166),T88),T77),(((T117,T38),T15),(T195,T189)))),((((T65,(((T67,T164),T165),T160)),T27),T163),T86)),((T58,T153),(T73,T39))),(T103,T25)),T129);
Current score: 4.11303e+10
Current tree: ((T38,(T15,((T195,T189),((((T78,T166),T88),T77),((((((((((T21,(T87,T97)),T76),T169),((T92,T75),T127)),(((((T125,T116),T148),T183),T194),((((T10,T71),T176),T96),T7))),((((T172,T198),((T69,T112),T199)),T34),((T98,((T43,T84),(T46,T56))),(((((T136,T42),T144),T145),T94),(T72,T151))))),((T41,T184),((T85,T133),((T134,T91),T170)))),((((((((T186,((T2,T179),T200)),T48),((T22,T120),T102)),((((T8,T104),((T23,T132),T123)),T177),((T90,T100),T113))),(T135,(((T81,(T60,T109)),T68),((T57,(T124,T28)),T118)))),((((T141,T14),T181),T93),(T51,T1))),((((((T70,((T74,T89),T175)),((((T36,T154),(T20,T11)),T168),((T13,T185),(((T44,((T138,T115),((T106,T161),T158))),T95),T37)))),(T31,((T82,T193),(T171,T187)))),(((T101,T143),T155),(T52,((T33,T130),(T66,T173))))),(T146,(T197,T188))),T47)),T0)),(((((((((((((T139,T167),T107),T24),T16),T157),(((T105,T137),T18),T128)),((T156,T152),((T49,T62),T55))),(((((T17,T6),T192),(T142,T191)),(((T121,T149),T182),(T53,T5))),(((T35,T159),T40),T131))),(T150,((T119,T114),T12))),(T99,T3)),T59),(((T64,((((T9,T147),T45),T83),T50)),(T30,T196)),(T32,T190))),(((((((T180,T80),T54),T174),((T26,T63),(T29,T110))),(((T61,T126),T108),T4)),(T178,T162)),((T140,T122),(T79,(T19,T111)))))),(((((T65,(((T67,T164),T165),T160)),T27),T163),T86),(((T58,T153),(T73,T39)),((T103,T25),T129)))))))),T117);
Use two-step algorithm!
#NNI moves:2/236
Remaining: 1
#NNI moves:23/236
#NNI moves:23/236
(((((((((((((((((T23,T132),T123),(T104,T8)),T177),((T90,T100),T113)),((T102,(T22,T120)),((((T2,T179),T200),T186),T48))),(((((T109,T60),T81),T68),(((T28,T124),T57),T118)),T135)),((T93,(T181,(T14,T141))),(T1,T51))),((((((((T13,T185),((T95,(((T158,(T161,T106)),(T138,T115)),T44)),T37)),(((T154,T36),(T20,T11)),T168)),(((T89,T74),T175),T70)),(((T82,T193),(T171,T187)),T31)),(((T101,T143),T155),(((T33,T130),(T173,T66)),T52))),(T146,(T188,T197))),T47)),T0),((((((((((((T149,T121),T182),(T53,T5)),(((T17,T6),T192),(T142,T191))),(((T159,T35),T40),T131)),((((T16,(T24,((T139,T167),T107))),T157),(((T105,T137),T18),T128)),((T156,T152),(T55,(T62,T49))))),((T12,(T114,T119)),T150)),(T99,T3)),T59),(((T196,T30),(((T83,(T45,(T9,T147))),T50),T64)),(T32,T190))),(((((T108,(T61,T126)),T4),(((T29,T110),(T26,T63)),(((T180,T80),T54),T174))),(T162,T178)),(((T111,T19),T79),(T140,T122)))),(((((((((T67,T164),T165),T160),T65),T27),T163),T86),(((T153,T58),(T39,T73)),((T25,T103),T129))),((((T78,T166),T88),T77),((T189,T195),((T38,T117),T15)))))),((((T91,T134),T170),(T85,T133)),(T184,T41))),(((((T69,T112),T199),(T198,T172)),T34),(((T72,T151),((((T136,T42),T144),T145),T94)),(T98,((T84,T43),(T46,T56)))))),((((T148,(T125,T116)),T183),T194),((((T10,T71),T176),T96),T7))),((((T87,T97),T21),T76),T169)),(T92,T75)),T127);
#NNI moves:1/236
Remaining: 3
#NNI moves:17/236
#NNI moves:18/236
((((((((((((((T119,T114),T12),T150),(((((T142,T191),(T192,(T17,T6))),(((T149,T121),T182),(T53,T5))),((T40,(T159,T35)),T131)),(((T156,T152),((T62,T49),T55)),((((T24,((T167,T139),T107)),T16),T157),(((T137,T105),T18),T128))))),(T99,T3)),T59),((((((T45,(T9,T147)),T83),T50),T64),(T196,T30)),(T190,T32))),((((((T126,T61),T108),T4),(((T29,T110),(T63,T26)),(((T180,T80),T54),T174))),(T178,T162)),((T79,(T19,T111)),(T140,T122)))),((((((((T112,T69),T199),(T172,T198)),T34),(((T72,T151),((T145,((T136,T42),T144)),T94)),(((T43,T84),(T46,T56)),T98))),((((T183,((T116,T125),T148)),T194),((((T71,T10),T176),T96),T7)),((T169,(((T97,T87),T21),T76)),(T127,(T92,T75))))),((T184,T41),(((T134,T91),T170),(T85,T133)))),((((((((T22,T120),T102),((((T179,T2),T200),T186),T48)),((((T8,T104),((T23,T132),T123)),T177),(T113,(T100,T90)))),(((T68,(T81,(T60,T109))),((T57,(T28,T124)),T118)),T135)),((T51,T1),(((T14,T141),T181),T93))),(((((((((((((T106,T161),T158),(T115,T138)),T44),T95),T37),(T13,T185)),(((T36,T154),(T20,T11)),T168)),(((T74,T89),T175),T70)),(((T171,T187),(T193,T82)),T31)),((((T66,T173),(T33,T130)),T52),((T101,T143),T155))),(T146,(T188,T197))),T47)),T0))),((((((T160,((T164,T67),T165)),T65),T27),T163),T86),((T129,(T103,T25)),((T153,T58),(T73,T39))))),(((T166,T78),T88),T77)),(T15,(T117,T38))),T189),T195);
#NNI moves:5/236
Remaining: 0
#NNI moves:32/236
#NNI moves:32/236
((((((((((((((T183,((T116,T125),T148)),T194),(T7,(((T71,T10),T176),T96))),(((T75,T92),T127),((((T87,T97),T21),T76),T169))),((((T198,T172),(T199,(T69,T112))),T34),(((T72,T151),((((T42,T136),T144),T145),T94)),(((T56,T46),(T43,T84)),T98)))),((((T134,T91),T170),(T85,T133)),(T41,T184))),((((((((T120,T22),T102),((((T2,T179),T200),T186),T48)),(((((T23,T132),T123),(T104,T8)),T177),((T90,T100),T113))),((((T57,(T28,T124)),T118),(((T60,T109),T81),T68)),T135)),((((T141,T14),T181),T93),(T51,T1))),(((((((T193,T82),(T171,T187)),T31),(((T168,((T154,T36),(T11,T20))),(((((((T161,T106),T158),(T115,T138)),T44),T95),T37),(T185,T13))),(((T74,T89),T175),T70))),((T155,(T143,T101)),(((T66,T173),(T33,T130)),T52))),((T188,T197),T146)),T47)),T0)),(((((((((((T6,T17),T192),(T191,T142)),((T182,(T121,T149)),(T53,T5))),(((T159,T35),T40),T131)),(((((T24,((T167,T139),T107)),T16),T157),(((T137,T105),T18),T128)),((T156,T152),(T55,(T49,T62))))),(((T119,T114),T12),T150)),(T3,T99)),T59),(((T30,T196),(((((T147,T9),T45),T83),T50),T64)),(T32,T190))),((((((T61,T126),T108),T4),((T174,((T180,T80),T54)),((T26,T63),(T29,T110)))),(T162,T178)),((T140,T122),((T19,T111),T79))))),(((T129,(T103,T25)),((T58,T153),(T39,T73))),((((((T165,(T67,T164)),T160),T65),T27),T163),T86))),(((T166,T78),T88),T77)),(T189,T195)),T15),T38),T117);
#NNI moves:4/236
Remaining: 0
#NNI moves:21/236
#NNI moves:21/236
((((((((((((((((((((((((T106,T161),T158),(T138,T115)),T44),T95),T37),(T13,T185)),(((T154,T36),(T11,T20)),T168)),((T175,(T74,T89)),T70)),(T31,((T171,T187),(T193,T82)))),((((T33,T130),(T173,T66)),T52),((T143,T101),T155))),((T197,T188),T146)),T47),(((((((T28,T124),T57),T118),(T68,((T109,T60),T81))),T135),((((T90,T100),T113),(((T104,T8),((T23,T132),T123)),T177)),(((T22,T120),T102),((((T179,T2),T200),T186),T48)))),((((T14,T141),T181),T93),(T51,T1)))),T0),((((((((((((T6,T17),T192),(T142,T191)),((T53,T5),(T182,(T149,T121)))),((T40,(T159,T35)),T131)),((((T49,T62),T55),(T156,T152)),((((T105,T137),T18),T128),(((T24,((T167,T139),T107)),T16),T157)))),(((T119,T114),T12),T150)),(T99,T3)),T59),(((((((T9,T147),T45),T83),T50),T64),(T30,T196)),(T32,T190))),((((((T54,(T180,T80)),T174),((T63,T26),(T29,T110))),(((T61,T126),T108),T4)),(T178,T162)),((T79,(T19,T111)),(T140,T122)))),(((T86,((T27,((((T164,T67),T165),T160),T65)),T163)),(((T39,T73),(T58,T153)),((T103,T25),T129))),((((T38,T117),T15),(T195,T189)),((T88,(T166,T78)),T77))))),((((T134,T91),T170),(T85,T133)),(T184,T41))),(((((T145,((T42,T136),T144)),T94),(T151,T72)),(((T84,T43),(T56,T46)),T98)),(((T198,T172),((T69,T112),T199)),T34))),(((T92,T75),T127),(((T21,(T97,T87)),T76),T169))),(T7,(((T71,T10),T176),T96))),T194),T183),(T125,T116)),T148);
Current score: 4.11303e+10
Current tree: ((T38,(T15,((T195,T189),(((T88,(T166,T78)),T77),(((T86,((T27,((((T164,T67),T165),T160),T65)),T163)),(((T39,T73),(T58,T153)),((T103,T25),T129))),((((((((((((T6,T17),T192),(T142,T191)),((T53,T5),(T182,(T149,T121)))),((T40,(T159,T35)),T131)),((((T49,T62),T55),(T156,T152)),((((T105,T137),T18),T128),(((T24,((T167,T139),T107)),T16),T157)))),(((T119,T114),T12),T150)),(T99,T3)),T59),(((((((T9,T147),T45),T83),T50),T64),(T30,T196)),(T32,T190))),((((((T54,(T180,T80)),T174),((T63,T26),(T29,T110))),(((T61,T126),T108),T4)),(T178,T162)),((T79,(T19,T111)),(T140,T122)))),((((((((((((((((T106,T161),T158),(T138,T115)),T44),T95),T37),(T13,T185)),(((T154,T36),(T11,T20)),T168)),((T175,(T74,T89)),T70)),(T31,((T171,T187),(T193,T82)))),((((T33,T130),(T173,T66)),T52),((T143,T101),T155))),((T197,T188),T146)),T47),(((((((T28,T124),T57),T118),(T68,((T109,T60),T81))),T135),((((T90,T100),T113),(((T104,T8),((T23,T132),T123)),T177)),(((T22,T120),T102),((((T179,T2),T200),T186),T48)))),((((T14,T141),T181),T93),(T51,T1)))),T0),(((((T134,T91),T170),(T85,T133)),(T184,T41)),((((((T145,((T42,T136),T144)),T94),(T151,T72)),(((T84,T43),(T56,T46)),T98)),(((T198,T172),((T69,T112),T199)),T34)),((((T92,T75),T127),(((T21,(T97,T87)),T76),T169)),((T7,(((T71,T10),T176),T96)),(T194,(T183,((T125,T116),T148)))))))))))))),T117);
Use two-step algorithm!
#NNI moves:1/236
Remaining: 2
#NNI moves:14/236
#NNI moves:15/236
((((((((((((((((((T23,T132),T123),(T104,T8)),T177),((T90,T100),T113)),(((((T2,T179),T200),T186),T48),((T120,T22),T102))),((((T57,(T124,T28)),T118),(((T109,T60),T81),T68)),T135)),(((T181,(T14,T141)),T93),(T51,T1))),((((((((((((T138,T115),((T161,T106),T158)),T44),T95),T37),(T185,T13)),(((T36,T154),(T20,T11)),T168)),(((T89,T74),T175),T70)),(((T82,T193),(T187,T171)),T31)),(((T143,T101),T155),(((T130,T33),(T173,T66)),T52))),((T188,T197),T146)),T47)),T0),(((T184,T41),((T133,T85),(T170,(T91,T134)))),((((((((T42,T136),T144),T145),T94),(T151,T72)),(((T46,T56),(T43,T84)),T98)),(T34,((T198,T172),((T69,T112),T199)))),(((((T176,(T71,T10)),T96),T7),(((T148,(T125,T116)),T183),T194)),((T127,(T92,T75)),((((T97,T87),T21),T76),T169)))))),((((((((((T191,T142),((T17,T6),T192)),((T182,(T121,T149)),(T5,T53))),(T131,((T35,T159),T40))),(((((T137,T105),T18),T128),(((((T167,T139),T107),T24),T16),T157)),((T55,(T49,T62)),(T156,T152)))),(((T119,T114),T12),T150)),(T3,T99)),T59),(((((T83,((T147,T9),T45)),T50),T64),(T196,T30)),(T190,T32))),((((T19,T111),T79),(T122,T140)),(((((T26,T63),(T29,T110)),(((T180,T80),T54),T174)),(((T61,T126),T108),T4)),(T162,T178))))),((((T39,T73),(T58,T153)),((T103,T25),T129)),(((((((T67,T164),T165),T160),T65),T27),T163),T86))),((T88,(T78,T166)),T77)),(T195,T189)),T15),T38),T117);
#NNI moves:3/236
Remaining: 0
#NNI moves:23/236
#NNI moves:24/236
(((((((((((((((((((((((T167,T139),T107),T24),T16),T157),(((T105,T137),T18),T128)),((T152,T156),(T55,(T62,T49)))),(((((T6,T17),T192),(T191,T142)),(((T121,T149),T182),(T5,T53))),(((T35,T159),T40),T131))),(T150,(T12,(T119,T114)))),(T3,T99)),T59),((((T50,(((T147,T9),T45),T83)),T64),(T196,T30)),(T32,T190))),(((T79,(T19,T111)),(T122,T140)),((((((T180,T80),T54),T174),((T29,T110),(T26,T63))),(((T61,T126),T108),T4)),(T162,T178)))),(((((T39,T73),(T58,T153)),(T129,(T103,T25))),((((((T165,(T164,T67)),T160),T65),T27),T163),T86)),(((T15,(T38,T117)),(T195,T189)),(T77,(T88,(T166,T78)))))),(((((((T176,(T10,T71)),T96),T7),(T194,(((T116,T125),T148),T183))),((T127,(T92,T75)),(((T21,(T87,T97)),T76),T169))),(((((T43,T84),(T56,T46)),T98),((T72,T151),((((T42,T136),T144),T145),T94))),((((T69,T112),T199),(T172,T198)),T34))),(((T170,(T134,T91)),(T133,T85)),(T41,T184)))),T0),(((((((((T11,T20),(T154,T36)),T168),((((((T158,(T106,T161)),(T115,T138)),T44),T95),T37),(T13,T185))),(T70,((T89,T74),T175))),(T31,((T187,T171),(T193,T82)))),((T155,(T143,T101)),(((T173,T66),(T33,T130)),T52))),((T188,T197),T146)),T47)),((T93,(T181,(T14,T141))),(T51,T1))),(((((T28,T124),T57),T118),(((T60,T109),T81),T68)),T135)),((T102,(T22,T120)),((((T2,T179),T200),T186),T48))),(((T8,T104),(T123,(T23,T132))),T177)),(T90,T100)),T113);
#NNI moves:4/236
Remaining: 0
#NNI moves:25/236
#NNI moves:28/236
(((((((((((((((((((((((T106,T161),T158),(T115,T138)),T44),T95),T37),(T185,T13)),(((T11,T20),(T36,T154)),T168)),(((T89,T74),T175),T70)),(((T82,T193),(T171,T187)),T31)),((((T173,T66),(T130,T33)),T52),((T101,T143),T155))),(T146,(T197,T188))),T47),((((((T81,(T109,T60)),T68),((T57,(T124,T28)),T118)),T135),((((((T132,T23),T123),(T104,T8)),T177),((T100,T90),T113)),(((T22,T120),T102),((T186,((T2,T179),T200)),T48)))),((T51,T1),(T93,((T141,T14),T181))))),T0),(((T41,T184),((T85,T133),((T91,T134),T170))),(((((((T125,T116),T148),T183),T194),((((T71,T10),T176),T96),T7)),(((T75,T92),T127),(T169,(((T97,T87),T21),T76)))),(((((T69,T112),T199),(T198,T172)),T34),((((((T42,T136),T144),T145),T94),(T151,T72)),(T98,((T84,T43),(T46,T56)))))))),((((((((((T18,(T137,T105)),T128),(((T24,((T139,T167),T107)),T16),T157)),(((T49,T62),T55),(T156,T152))),((((T191,T142),(T192,(T6,T17))),((T182,(T121,T149)),(T5,T53))),(((T35,T159),T40),T131))),((T12,(T114,T119)),T150)),(T99,T3)),T59),(((T30,T196),(((T83,((T147,T9),T45)),T50),T64)),(T190,T32))),(((((((T180,T80),T54),T174),((T110,T29),(T26,T63))),(((T126,T61),T108),T4)),(T178,T162)),(((T19,T111),T79),(T122,T140))))),((((T58,T153),(T73,T39)),((T103,T25),T129)),(((((((T164,T67),T165),T160),T65),T27),T163),T86))),((T88,(T78,T166)),T77)),(T189,T195)),T15),T117),T38);
#NNI moves:2/236
Remaining: 1
#NNI moves:31/236
#NNI moves:32/236
(((((((((((((((((((((((((T121,T149),T182),(T53,T5)),((T192,(T6,T17)),(T191,T142))),(((T159,T35),T40),T131)),(((((((T139,T167),T107),T24),T16),T157),((T18,(T105,T137)),T128)),(((T62,T49),T55),(T156,T152)))),((T12,(T114,T119)),T150)),(T3,T99)),T59),(((((T83,((T147,T9),T45)),T50),T64),(T30,T196)),(T190,T32))),((((((T26,T63),(T110,T29)),((T54,(T80,T180)),T174)),(T4,((T126,T61),T108))),(T178,T162)),(((T19,T111),T79),(T122,T140)))),(((((((((T67,T164),T165),T160),T65),T27),T163),T86),((T129,(T103,T25)),((T73,T39),(T58,T153)))),((T77,(T88,(T78,T166))),(((T38,T117),T15),(T189,T195))))),(((((((T112,T69),T199),(T172,T198)),T34),((((T145,((T42,T136),T144)),T94),(T72,T151)),(((T43,T84),(T46,T56)),T98))),(((((T148,(T116,T125)),T183),T194),((((T71,T10),T176),T96),T7)),(((T76,(T21,(T97,T87))),T169),((T92,T75),T127)))),(((T85,T133),(T170,(T91,T134))),(T41,T184)))),T0),(((((((T104,T8),((T132,T23),T123)),T177),((T100,T90),T113)),((T102,(T22,T120)),((((T179,T2),T200),T186),T48))),((((T57,(T124,T28)),T118),(T68,((T60,T109),T81))),T135)),((((T141,T14),T181),T93),(T1,T51)))),T47),((T197,T188),T146)),((((T173,T66),(T33,T130)),T52),((T101,T143),T155))),(((T187,T171),(T82,T193)),T31)),(T70,((T89,T74),T175))),(T168,((T11,T20),(T36,T154)))),(T13,T185)),T37),((((T161,T106),T158),(T115,T138)),T44)),T95);
Current score: 4.11303e+10
Current tree: ((T38,(T15,((T189,T195),((T77,(T88,(T78,T166))),(((((((((T67,T164),T165),T160),T65),T27),T163),T86),((T129,(T103,T25)),((T73,T39),(T58,T153)))),((((((((((((T121,T149),T182),(T53,T5)),((T192,(T6,T17)),(T191,T142))),(((T159,T35),T40),T131)),(((((((T139,T167),T107),T24),T16),T157),((T18,(T105,T137)),T128)),(((T62,T49),T55),(T156,T152)))),((T12,(T114,T119)),T150)),(T3,T99)),T59),(((((T83,((T147,T9),T45)),T50),T64),(T30,T196)),(T190,T32))),((((((T26,T63),(T110,T29)),((T54,(T80,T180)),T174)),(T4,((T126,T61),T108))),(T178,T162)),(((T19,T111),T79),(T122,T140)))),((((((((T112,T69),T199),(T172,T198)),T34),((((T145,((T42,T136),T144)),T94),(T72,T151)),(((T43,T84),(T46,T56)),T98))),(((((T148,(T116,T125)),T183),T194),((((T71,T10),T176),T96),T7)),(((T76,(T21,(T97,T87))),T169),((T92,T75),T127)))),(((T85,T133),(T170,(T91,T134))),(T41,T184))),(T0,((((((((T104,T8),((T132,T23),T123)),T177),((T100,T90),T113)),((T102,(T22,T120)),((((T179,T2),T200),T186),T48))),((((T57,(T124,T28)),T118),(T68,((T60,T109),T81))),T135)),((((T141,T14),T181),T93),(T1,T51))),(T47,(((T197,T188),T146),(((((T173,T66),(T33,T130)),T52),((T101,T143),T155)),((((T187,T171),(T82,T193)),T31),((T70,((T89,T74),T175)),((T168,((T11,T20),(T36,T154))),((T13,T185),(T37,(((((T161,T106),T158),(T115,T138)),T44),T95)))))))))))))))))),T117);
Final Tree: ((T38,(T15,((T189,T195),((T77,(T88,(T78,T166))),(((((((((T67,T164),T165),T160),T65),T27),T163),T86),((T129,(T103,T25)),((T73,T39),(T58,T153)))),((((((((((((T121,T149),T182),(T53,T5)),((T192,(T6,T17)),(T191,T142))),(((T159,T35),T40),T131)),(((((((T139,T167),T107),T24),T16),T157),((T18,(T105,T137)),T128)),(((T62,T49),T55),(T156,T152)))),((T12,(T114,T119)),T150)),(T3,T99)),T59),(((((T83,((T147,T9),T45)),T50),T64),(T30,T196)),(T190,T32))),((((((T26,T63),(T110,T29)),((T54,(T80,T180)),T174)),(T4,((T126,T61),T108))),(T178,T162)),(((T19,T111),T79),(T122,T140)))),((((((((T112,T69),T199),(T172,T198)),T34),((((T145,((T42,T136),T144)),T94),(T72,T151)),(((T43,T84),(T46,T56)),T98))),(((((T148,(T116,T125)),T183),T194),((((T71,T10),T176),T96),T7)),(((T76,(T21,(T97,T87))),T169),((T92,T75),T127)))),(((T85,T133),(T170,(T91,T134))),(T41,T184))),(T0,((((((((T104,T8),((T132,T23),T123)),T177),((T100,T90),T113)),((T102,(T22,T120)),((((T179,T2),T200),T186),T48))),((((T57,(T124,T28)),T118),(T68,((T60,T109),T81))),T135)),((((T141,T14),T181),T93),(T1,T51))),(T47,(((T197,T188),T146),(((((T173,T66),(T33,T130)),T52),((T101,T143),T155)),((((T187,T171),(T82,T193)),T31),((T70,((T89,T74),T175)),((T168,((T11,T20),(T36,T154))),((T13,T185),(T37,(((((T161,T106),T158),(T115,T138)),T44),T95)))))))))))))))))),T117);
Score: 4.113027732e+10

real	2m31.177s
user	50m44.129s
sys	0m20.285s
