
RAxML-NG v. 1.1.0-master released on 04.08.2022 by The Exelixis Lab.
Developed by: Alexey M. Kozlov and Alexandros Stamatakis.
Contributors: Diego Darriba, Tomas Flouri, Benoit Morel, Sarah Lutteropp, Ben Bettisworth.
Latest version: https://github.com/amkozlov/raxml-ng
Questions/problems/suggestions? Please visit: https://groups.google.com/forum/#!forum/raxml

System: AMD EPYC 7742 64-Core Processor, 128 cores, 251 GB RAM

RAxML-NG was called at 18-Jan-2023 09:10:24 as follows:

/home/chaos/programs/raxml-ng/raxml-ng/bin/raxml-ng --msa data/alignment/8_1X_S201_0_1e6_haploid --tree pars{1} --model GTR+G --threads 64 --redo

Analysis options:
  run mode: ML tree search
  start tree(s): parsimony (1)
  random seed: 1674061824
  tip-inner: OFF
  pattern compression: ON
  per-rate scalers: OFF
  site repeats: ON
  fast spr radius: AUTO
  spr subtree cutoff: 1.000000
  branch lengths: proportional (ML estimate, algorithm: NR-FAST)
  SIMD kernels: AVX2
  parallelization: coarse-grained (auto), PTHREADS (64 threads), thread pinning: OFF

WARNING: Running in REDO mode: existing checkpoints are ignored, and all result files will be overwritten!

[00:00:01] Reading alignment from file: data/alignment/8_1X_S201_0_1e6_haploid
[00:00:04] Loaded alignment with 201 taxa and 5000000 sites

Alignment comprises 1 partitions and 4287166 patterns

Partition 0: noname
Model: GTR+FO+G4m
Alignment sites / patterns: 5000000 / 4287166
Gaps: 0.00 %
Invariant sites: 3.54 %


NOTE: Binary MSA file created: data/alignment/8_1X_S201_0_1e6_haploid.raxml.rba

Parallelization scheme autoconfig: 1 worker(s) x 64 thread(s)

Parallel reduction/worker buffer size: 1 KB  / 0 KB

[00:00:26] Generating 1 parsimony starting tree(s) with 201 taxa
[00:00:57] Data distribution: max. partitions/sites/weight per thread: 1 / 66987 / 1071792
[00:00:57] Data distribution: max. searches per worker: 1

Starting ML tree search with 1 distinct starting trees

[00:00:59 -262028176.462917] Initial branch length optimization
[00:02:38 -248174222.523977] Model parameter optimization (eps = 10.000000)
[00:16:55 -240129416.744250] AUTODETECT spr round 1 (radius: 5)
[00:26:10 -240031672.073671] AUTODETECT spr round 2 (radius: 10)
[00:55:22 -240031672.064603] SPR radius for FAST iterations: 5 (autodetect)
[00:55:22 -240031672.064603] Model parameter optimization (eps = 3.000000)
[00:56:41 -240031663.229668] FAST spr round 1 (radius: 5)
[01:15:48 -240026138.636220] FAST spr round 2 (radius: 5)
[01:34:05 -240022275.251085] FAST spr round 3 (radius: 5)
[01:52:14 -240019211.256695] FAST spr round 4 (radius: 5)
[02:11:03 -240016382.258581] FAST spr round 5 (radius: 5)
[02:28:48 -240014411.602803] FAST spr round 6 (radius: 5)
[02:46:21 -240012924.692440] FAST spr round 7 (radius: 5)
[03:04:46 -240011466.574434] FAST spr round 8 (radius: 5)
[03:23:40 -240010183.828908] FAST spr round 9 (radius: 5)
[03:41:40 -240009083.986308] FAST spr round 10 (radius: 5)
[03:58:56 -240008330.265675] FAST spr round 11 (radius: 5)
[04:16:37 -240008203.205173] FAST spr round 12 (radius: 5)
[04:34:06 -240008203.205166] Model parameter optimization (eps = 1.000000)
[04:35:31 -240008199.034286] SLOW spr round 1 (radius: 5)
[05:29:44 -240004518.966756] SLOW spr round 2 (radius: 5)
[06:15:50 -240004172.317214] SLOW spr round 3 (radius: 5)
[07:00:12 -240003921.957338] SLOW spr round 4 (radius: 5)
[07:43:47 -240003921.956190] SLOW spr round 5 (radius: 10)
[08:28:22 -240003921.956125] SLOW spr round 6 (radius: 15)
[09:56:37 -240003921.956122] SLOW spr round 7 (radius: 20)
[10:55:24 -240003921.956122] SLOW spr round 8 (radius: 25)
[11:16:44 -240003921.956122] Model parameter optimization (eps = 0.100000)

[11:18:27] ML tree search #1, logLikelihood: -240003918.617176


Optimized model parameters:

   Partition 0: noname
   Rate heterogeneity: GAMMA (4 cats, mean),  alpha: 0.900636 (ML),  weights&rates: (0.250000,0.116727) (0.250000,0.444704) (0.250000,0.981365) (0.250000,2.457204) 
   Base frequencies (ML): 0.212977 0.162656 0.325734 0.298633 
   Substitution rates (ML): 1.390352 1.879907 0.138287 0.736164 2.017054 1.000000 


Final LogLikelihood: -240003918.617176

AIC score: 480008653.234352 / AICc score: 480008653.301107 / BIC score: 480014130.613328
Free parameters (model + branch lengths): 408

Best ML tree saved to: /expanse/lustre/projects/uot138/chaos/ASTERISK-sim/data/alignment/8_1X_S201_0_1e6_haploid.raxml.bestTree
Optimized model saved to: /expanse/lustre/projects/uot138/chaos/ASTERISK-sim/data/alignment/8_1X_S201_0_1e6_haploid.raxml.bestModel

Execution log saved to: /expanse/lustre/projects/uot138/chaos/ASTERISK-sim/data/alignment/8_1X_S201_0_1e6_haploid.raxml.log

Analysis started: 18-Jan-2023 09:10:24 / finished: 18-Jan-2023 20:28:53

Elapsed time: 40708.783 seconds

Consumed energy: 4730.384 Wh (= 24 km in an electric car, or 118 km with an e-scooter!)

