Weighted ASTRAL - Hybrid
Version: v1.13.2.3
#Genetrees: 2000
#Species: 201
#Rounds: 4
#Samples: 4
#Threads: 32
Use two-step algorithm!
Guide Tree 0/27
#NNI moves:3/236
Guide Tree 1/27
#NNI moves:1/236
Guide Tree 2/27
#NNI moves:8/236
Guide Tree 3/27
#NNI moves:8/236
Guide Tree 4/27
#NNI moves:2/236
Guide Tree 5/27
#NNI moves:3/236
Guide Tree 6/27
#NNI moves:6/236
Guide Tree 7/27
#NNI moves:0/236
Guide Tree 8/27
#NNI moves:2/236
Guide Tree 9/27
#NNI moves:8/236
Guide Tree 10/27
#NNI moves:10/236
Guide Tree 11/27
#NNI moves:1/236
Guide Tree 12/27
#NNI moves:4/236
Guide Tree 13/27
#NNI moves:2/236
Guide Tree 14/27
#NNI moves:4/236
Guide Tree 15/27
#NNI moves:3/236
Guide Tree 16/27
#NNI moves:6/236
Guide Tree 17/27
#NNI moves:5/236
Guide Tree 18/27
#NNI moves:2/236
Guide Tree 19/27
#NNI moves:6/236
Guide Tree 20/27
#NNI moves:3/236
Guide Tree 21/27
#NNI moves:4/236
Guide Tree 22/27
#NNI moves:9/236
Guide Tree 23/27
#NNI moves:8/236
Guide Tree 24/27
#NNI moves:3/236
Guide Tree 25/27
#NNI moves:0/236
Guide Tree 26/27
#NNI moves:2/236
Remaining: 0
#NNI moves:10/236
#NNI moves:12/236
(((((((((((((((T161,((T159,T169),((T146,T73),(T34,T167)))),((T9,((T55,T87),T33)),(((T172,T168),((T179,T156),T106)),T122))),((T162,T165),T8)),T41),T98),(((((T119,T200),T198),(T178,(T1,T194))),T66),T171)),((T63,T57),T31)),(((((((T49,(T16,T155)),T110),(T126,((T32,T133),T23))),T28),(((T135,(T191,T11)),(T37,T139)),T94)),(T26,T107)),(T19,((((((T136,T104),T173),T48),(((T180,T186),T189),(T134,T103))),T141),T157)))),(((T199,T109),(((((T47,(T153,((T10,(T2,T143)),T92))),(T74,T114)),T184),(T182,T150)),T99)),(((((((((T69,T116),(T115,T95)),T192),T77),T53),(T84,T15)),(T112,T60)),((T70,((T105,T185),T6)),(T96,(((T128,T45),(T166,T59)),T151)))),(T67,((((((T29,T52),T97),T90),T177),(T101,(T58,T81))),((((T196,T181),(T131,T7)),T188),T148)))))),(((((((((T93,(T21,T65)),T144),(((T91,T3),T44),T124)),((T89,T80),T46)),((T174,T17),(T170,T72))),(((((T79,(T61,T35)),(T82,(T4,(T130,(T193,T108))))),T145),((T68,T86),(T117,T25))),T154)),(T175,T38)),((T18,T62),((T54,T195),T149))),T0)),(((((T85,T164),T100),T163),(T111,T102)),T56)),(((((T127,T120),(T24,(((T76,T5),T42),(T75,T39)))),(T83,T20)),(((T129,T158),(T30,T147)),(((((((T138,T113),T132),T123),(T71,T12)),(T64,(((T22,T13),T190),T40))),(T176,(T88,T36))),(T14,T197)))),(((((T51,T27),T43),T152),(((T137,T78),T183),((T160,T142),T118))),T125))),(T187,T50)),T140),T121);
Guide Tree 0/27
#NNI moves:0/236
Guide Tree 1/27
#NNI moves:1/236
Guide Tree 2/27
#NNI moves:1/236
Guide Tree 3/27
#NNI moves:0/236
Guide Tree 4/27
#NNI moves:0/236
Guide Tree 5/27
#NNI moves:3/236
Guide Tree 6/27
#NNI moves:1/236
Guide Tree 7/27
#NNI moves:1/236
Guide Tree 8/27
#NNI moves:2/236
Guide Tree 9/27
#NNI moves:0/236
Guide Tree 10/27
#NNI moves:0/236
Guide Tree 11/27
#NNI moves:0/236
Guide Tree 12/27
#NNI moves:3/236
Guide Tree 13/27
#NNI moves:1/236
Guide Tree 14/27
#NNI moves:0/236
Guide Tree 15/27
#NNI moves:2/236
Guide Tree 16/27
#NNI moves:3/236
Guide Tree 17/27
#NNI moves:4/236
Guide Tree 18/27
#NNI moves:3/236
Guide Tree 19/27
#NNI moves:1/236
Guide Tree 20/27
#NNI moves:2/236
Guide Tree 21/27
#NNI moves:0/236
Guide Tree 22/27
#NNI moves:2/236
Guide Tree 23/27
#NNI moves:3/236
Guide Tree 24/27
#NNI moves:0/236
Guide Tree 25/27
#NNI moves:1/236
Guide Tree 26/27
#NNI moves:0/236
Remaining: 0
#NNI moves:31/236
#NNI moves:31/236
((((((((((((((T105,T185),T6),T70),((T151,((T128,T45),(T59,T166))),T96)),(((T53,((T192,((T115,T95),(T116,T69))),T77)),(T15,T84)),(T112,T60))),(T67,(((((T181,T196),(T131,T7)),T188),T148),(((((T29,T52),T97),T90),T177),((T58,T81),T101))))),((((((((((T2,T143),T10),T92),T153),T47),(T74,T114)),T184),(T182,T150)),T99),(T109,T199))),((((((((T23,(T133,T32)),T126),(((T16,T155),T49),T110)),T28),(((T135,(T191,T11)),(T139,T37)),T94)),(T26,T107)),(((((((T186,T180),T189),(T134,T103)),(((T104,T136),T173),T48)),T141),T157),T19)),(((T63,T57),T31),((((((T119,T200),T198),(T178,(T1,T194))),T66),T171),((((((T9,((T55,T87),T33)),((((T156,T179),T106),(T172,T168)),T122)),(((T169,T159),((T34,T167),(T73,T146))),T161)),(T8,(T162,T165))),T41),T98))))),((((((((T86,T68),(T25,T117)),(T145,(((((T193,T108),T130),T4),T82),(T79,(T61,T35))))),T154),((((((T91,T3),T44),T124),(((T65,T21),T93),T144)),((T89,T80),T46)),((T17,T174),(T170,T72)))),(T38,T175)),((T149,(T195,T54)),(T18,T62))),T0)),(((T163,((T85,T164),T100)),(T102,T111)),T56)),(((((T14,T197),((((((T138,T113),T132),T123),(T71,T12)),(((T190,(T13,T22)),T40),T64)),((T88,T36),T176))),((T30,T147),(T158,T129))),(((T120,T127),(((T42,(T5,T76)),(T75,T39)),T24)),(T83,T20))),(((((T51,T27),T43),T152),((T183,(T78,T137)),((T160,T142),T118))),T125))),(T187,T50)),T140),T121);
Guide Tree 0/27
#NNI moves:3/236
Guide Tree 1/27
#NNI moves:1/236
Guide Tree 2/27
#NNI moves:2/236
Guide Tree 3/27
#NNI moves:0/236
Guide Tree 4/27
#NNI moves:5/236
Guide Tree 5/27
#NNI moves:1/236
Guide Tree 6/27
#NNI moves:2/236
Guide Tree 7/27
#NNI moves:0/236
Guide Tree 8/27
#NNI moves:1/236
Guide Tree 9/27
#NNI moves:1/236
Guide Tree 10/27
#NNI moves:3/236
Guide Tree 11/27
#NNI moves:5/236
Guide Tree 12/27
#NNI moves:1/236
Guide Tree 13/27
#NNI moves:0/236
Guide Tree 14/27
#NNI moves:3/236
Guide Tree 15/27
#NNI moves:2/236
Guide Tree 16/27
#NNI moves:0/236
Guide Tree 17/27
#NNI moves:3/236
Guide Tree 18/27
#NNI moves:0/236
Guide Tree 19/27
#NNI moves:3/236
Guide Tree 20/27
#NNI moves:0/236
Guide Tree 21/27
#NNI moves:1/236
Guide Tree 22/27
#NNI moves:1/236
Guide Tree 23/27
#NNI moves:1/236
Guide Tree 24/27
#NNI moves:2/236
Guide Tree 25/27
#NNI moves:4/236
Guide Tree 26/27
#NNI moves:5/236
Remaining: 4
#NNI moves:22/236
#NNI moves:32/236
(((((((((((((((((T10,(T2,T143)),T92),T153),T47),(T114,T74)),T184),(T182,T150)),T99),(T109,T199)),((((T70,(T6,(T185,T105))),((((T59,T166),(T45,T128)),T151),T96)),(((((T192,((T116,T69),(T115,T95))),T77),T53),(T84,T15)),(T112,T60))),(T67,((((((T29,T52),T97),T90),T177),((T58,T81),T101)),((((T131,T7),(T196,T181)),T188),T148))))),((((((((T191,T11),T135),(T37,T139)),T94),(((T110,(T49,(T16,T155))),((T23,(T133,T32)),T126)),T28)),(T26,T107)),(((T141,(((T134,T103),(T189,(T186,T180))),(((T104,T136),T173),T48))),T157),T19)),(((((((T161,((T169,T159),((T34,T167),(T146,T73)))),((((T172,T168),((T179,T156),T106)),T122),(T9,(T33,(T55,T87))))),((T162,T165),T8)),T41),T98),(((((T1,T194),T178),((T119,T200),T198)),T66),T171)),((T57,T63),T31)))),(T0,(((((((T89,T80),T46),((T124,((T91,T3),T44)),((T93,(T21,T65)),T144))),((T174,T17),(T170,T72))),(((T145,((((T130,(T193,T108)),T4),T82),(T79,(T35,T61)))),((T68,T86),(T117,T25))),T154)),(T175,T38)),((T62,T18),((T195,T54),T149))))),(T56,((T111,T102),((T100,(T164,T85)),T163)))),((((((((((T113,T138),T132),T123),(T71,T12)),(((T190,(T13,T22)),T40),T64)),((T36,T88),T176)),(T197,T14)),((T129,T158),(T30,T147))),(((((T39,T75),((T76,T5),T42)),T24),(T120,T127)),(T83,T20))),(((((T27,T51),T43),T152),(((T142,T160),T118),((T137,T78),T183))),T125))),(T187,T50)),T140),T121);
Guide Tree 0/27
#NNI moves:0/236
Guide Tree 1/27
#NNI moves:0/236
Guide Tree 2/27
#NNI moves:1/236
Guide Tree 3/27
#NNI moves:1/236
Guide Tree 4/27
#NNI moves:3/236
Guide Tree 5/27
#NNI moves:0/236
Guide Tree 6/27
#NNI moves:3/236
Guide Tree 7/27
#NNI moves:4/236
Guide Tree 8/27
#NNI moves:1/236
Guide Tree 9/27
#NNI moves:0/236
Guide Tree 10/27
#NNI moves:2/236
Guide Tree 11/27
#NNI moves:0/236
Guide Tree 12/27
#NNI moves:1/236
Guide Tree 13/27
#NNI moves:6/236
Guide Tree 14/27
#NNI moves:6/236
Guide Tree 15/27
#NNI moves:3/236
Guide Tree 16/27
#NNI moves:6/236
Guide Tree 17/27
#NNI moves:0/236
Guide Tree 18/27
#NNI moves:2/236
Guide Tree 19/27
#NNI moves:3/236
Guide Tree 20/27
#NNI moves:0/236
Guide Tree 21/27
#NNI moves:3/236
Guide Tree 22/27
#NNI moves:2/236
Guide Tree 23/27
#NNI moves:3/236
Guide Tree 24/27
#NNI moves:3/236
Guide Tree 25/27
#NNI moves:4/236
Guide Tree 26/27
#NNI moves:1/236
Remaining: 1
#NNI moves:51/236
#NNI moves:52/236
((((((((((((((((T104,T136),T173),T48),((T103,T134),((T180,T186),T189))),T141),T157),T19),(((((((T32,T133),T23),T126),((T49,(T16,T155)),T110)),T28),(((T139,T37),((T191,T11),T135)),T94)),(T26,T107))),(((T98,(T41,(((((T169,T159),((T73,T146),(T34,T167))),T161),((((T172,T168),((T156,T179),T106)),T122),(T9,((T55,T87),T33)))),((T165,T162),T8)))),(((((T1,T194),T178),(T198,(T200,T119))),T66),T171)),((T57,T63),T31))),((((((((T45,T128),(T166,T59)),T151),T96),(T70,(T6,(T105,T185)))),(((((((T115,T95),(T116,T69)),T192),T77),T53),(T84,T15)),(T60,T112))),((((T101,(T81,T58)),((((T52,T29),T97),T90),T177)),((((T181,T196),(T7,T131)),T188),T148)),T67)),((((((((((T143,T2),T10),T92),T153),T47),(T114,T74)),T184),(T150,T182)),T99),(T109,T199)))),((((((((((((T108,T193),T130),T4),T82),((T61,T35),T79)),T145),((T68,T86),(T25,T117))),T154),(((T170,T72),(T174,T17)),(((T144,(T93,(T65,T21))),(((T3,T91),T44),T124)),((T89,T80),T46)))),(T175,T38)),((T149,(T54,T195)),(T18,T62))),T0)),(((T102,T111),(((T85,T164),T100),T163)),T56)),((((((((((T13,T22),T190),T40),T64),((((T138,T113),T132),T123),(T12,T71))),((T88,T36),T176)),(T14,T197)),((T147,T30),(T158,T129))),(((((T39,T75),((T5,T76),T42)),T24),(T120,T127)),(T83,T20))),(((((T137,T78),T183),(T118,(T160,T142))),(((T51,T27),T43),T152)),T125))),(T50,T187)),T140),T121);
Initial score: 4.02426e+10
Initial tree: ((((((((((((((((T104,T136),T173),T48),((T103,T134),((T180,T186),T189))),T141),T157),T19),(((((((T32,T133),T23),T126),((T49,(T16,T155)),T110)),T28),(((T139,T37),((T191,T11),T135)),T94)),(T26,T107))),(((T98,(T41,(((((T169,T159),((T73,T146),(T34,T167))),T161),((((T172,T168),((T156,T179),T106)),T122),(T9,((T55,T87),T33)))),((T165,T162),T8)))),(((((T1,T194),T178),(T198,(T200,T119))),T66),T171)),((T57,T63),T31))),((((((((T45,T128),(T166,T59)),T151),T96),(T70,(T6,(T105,T185)))),(((((((T115,T95),(T116,T69)),T192),T77),T53),(T84,T15)),(T60,T112))),((((T101,(T81,T58)),((((T52,T29),T97),T90),T177)),((((T181,T196),(T7,T131)),T188),T148)),T67)),((((((((((T143,T2),T10),T92),T153),T47),(T114,T74)),T184),(T150,T182)),T99),(T109,T199)))),((((((((((((T108,T193),T130),T4),T82),((T61,T35),T79)),T145),((T68,T86),(T25,T117))),T154),(((T170,T72),(T174,T17)),(((T144,(T93,(T65,T21))),(((T3,T91),T44),T124)),((T89,T80),T46)))),(T175,T38)),((T149,(T54,T195)),(T18,T62))),T0)),(((T102,T111),(((T85,T164),T100),T163)),T56)),((((((((((T13,T22),T190),T40),T64),((((T138,T113),T132),T123),(T12,T71))),((T88,T36),T176)),(T14,T197)),((T147,T30),(T158,T129))),(((((T39,T75),((T5,T76),T42)),T24),(T120,T127)),(T83,T20))),(((((T137,T78),T183),(T118,(T160,T142))),(((T51,T27),T43),T152)),T125))),(T50,T187)),T140),T121);
*** Subsample Process ***
Use two-step algorithm!
#NNI moves:2/236
Remaining: 1
#NNI moves:25/236
#NNI moves:25/236
((((((((((((((((((((((T71,T12),((T132,(T113,T138)),T123)),(T64,(((T22,T13),T190),T40))),((T88,T36),T176)),(T197,T14)),((T129,T158),(T147,T30))),((((((T76,T5),T42),(T75,T39)),T24),(T127,T120)),(T20,T83))),(((((T78,T137),T183),(T118,(T142,T160))),(((T51,T27),T43),T152)),T125)),((T140,T121),(T50,T187))),(((T163,((T85,T164),T100)),(T102,T111)),T56)),((((((((((((T193,T108),T130),T4),T82),((T61,T35),T79)),T145),((T68,T86),(T117,T25))),T154),(((T170,T72),(T174,T17)),(((((T91,T3),T44),T124),(((T21,T65),T93),T144)),(T46,(T89,T80))))),(T38,T175)),(((T195,T54),T149),(T62,T18))),T0)),((((((((T166,T59),(T128,T45)),T151),T96),((T6,(T105,T185)),T70)),(((T53,((((T115,T95),(T116,T69)),T192),T77)),(T84,T15)),(T60,T112))),(((((((T52,T29),T97),T90),T177),((T58,T81),T101)),((((T7,T131),(T181,T196)),T188),T148)),T67)),((((((((T92,((T143,T2),T10)),T153),T47),(T114,T74)),T184),(T182,T150)),T99),(T199,T109)))),(((T57,T63),T31),((((((T194,T1),T178),(T198,(T119,T200))),T66),T171),((((((((T146,T73),(T34,T167)),(T159,T169)),T161),((T9,((T55,T87),T33)),((((T179,T156),T106),(T172,T168)),T122))),((T162,T165),T8)),T41),T98)))),(((((((T32,T133),T23),T126),(((T16,T155),T49),T110)),T28),((((T191,T11),T135),(T139,T37)),T94)),(T107,T26))),T19),T157),T141),(((T186,T180),T189),(T103,T134))),T48),T173),T136),T104);
#NNI moves:2/236
Remaining: 1
#NNI moves:19/236
#NNI moves:19/236
((((((((((((((((T29,T52),T97),T90),T177),((T81,T58),T101)),((((T131,T7),(T181,T196)),T188),T148)),T67),((((((((T69,T116),(T115,T95)),T192),T77),T53),(T84,T15)),(T112,T60)),((((T185,T105),T6),T70),((T151,((T45,T128),(T166,T59))),T96)))),((((T184,((T47,(T153,(((T143,T2),T10),T92))),(T114,T74))),(T182,T150)),T99),(T109,T199))),(((((((((((T73,T146),(T34,T167)),(T159,T169)),T161),(((T33,(T55,T87)),T9),(((T106,(T179,T156)),(T172,T168)),T122))),((T165,T162),T8)),T41),T98),((T66,(((T200,T119),T198),(T178,(T194,T1)))),T171)),(T31,(T57,T63))),((((((T126,(T23,(T133,T32))),(((T16,T155),T49),T110)),T28),(T94,((T135,(T191,T11)),(T37,T139)))),(T107,T26)),(((T141,((((T186,T180),T189),(T134,T103)),(((T104,T136),T173),T48))),T157),T19)))),((((((((((T4,((T193,T108),T130)),T82),((T35,T61),T79)),T145),((T86,T68),(T117,T25))),T154),(((((T93,(T21,T65)),T144),(((T3,T91),T44),T124)),((T80,T89),T46)),((T72,T170),(T17,T174)))),(T175,T38)),(((T54,T195),T149),(T62,T18))),T0)),(((((T85,T164),T100),T163),(T111,T102)),T56)),((((((((T12,T71),(((T138,T113),T132),T123)),((((T13,T22),T190),T40),T64)),((T88,T36),T176)),(T197,T14)),((T30,T147),(T158,T129))),((((((T76,T5),T42),(T39,T75)),T24),(T120,T127)),(T20,T83))),(T125,(((T183,(T78,T137)),(T118,(T142,T160))),(((T51,T27),T43),T152))))),(T50,T187)),T121),T140);
#NNI moves:2/236
Remaining: 1
#NNI moves:28/236
#NNI moves:28/236
(((((((((((((((((((T9,(T33,(T87,T55))),(T122,((T168,T172),(T106,(T179,T156))))),(((T169,T159),((T73,T146),(T34,T167))),T161)),(T8,(T165,T162))),T41),T98),(((((T200,T119),T198),((T194,T1),T178)),T66),T171)),((T63,T57),T31)),((((((((T16,T155),T49),T110),(T126,((T133,T32),T23))),T28),(((T139,T37),(T135,(T191,T11))),T94)),(T107,T26)),(((((((T136,T104),T173),T48),(((T180,T186),T189),(T134,T103))),T141),T157),T19))),((((((((((T36,T88),T176),(((((T138,T113),T132),T123),(T12,T71)),(((T190,(T22,T13)),T40),T64))),(T14,T197)),((T129,T158),(T147,T30))),((T20,T83),(((((T5,T76),T42),(T75,T39)),T24),(T127,T120)))),(((((T51,T27),T43),T152),((T118,(T160,T142)),(T183,(T78,T137)))),T125)),((T187,T50),(T121,T140))),(((T102,T111),((T100,(T164,T85)),T163)),T56)),(((((T195,T54),T149),(T18,T62)),((((((T25,T117),(T86,T68)),((((T61,T35),T79),(T82,(((T108,T193),T130),T4))),T145)),T154),((((((T3,T91),T44),T124),((T93,(T65,T21)),T144)),(T46,(T80,T89))),((T174,T17),(T72,T170)))),(T38,T175))),T0))),(((((((T153,(((T143,T2),T10),T92)),T47),(T74,T114)),T184),(T182,T150)),T99),(T199,T109))),((((T15,T84),(((((T95,T115),(T69,T116)),T192),T77),T53)),(T112,T60)),((((T185,T105),T6),T70),(T96,(((T166,T59),(T128,T45)),T151))))),T67),(((T58,T81),T101),((((T29,T52),T97),T90),T177))),T148),T188),(T196,T181)),T131),T7);
#NNI moves:5/236
Remaining: 1
#NNI moves:22/236
#NNI moves:23/236
((((((((((((((((((T106,(T156,T179)),(T172,T168)),T122),(((T87,T55),T33),T9)),(T161,(((T167,T34),(T146,T73)),(T159,T169)))),((T162,T165),T8)),T41),T98),(((((T200,T119),T198),(T178,(T194,T1))),T66),T171)),((T63,T57),T31)),((((((((T133,T32),T23),T126),((T49,(T155,T16)),T110)),T28),(((T139,T37),((T11,T191),T135)),T94)),(T26,T107)),(T19,((((((T186,T180),T189),(T134,T103)),((T173,(T104,T136)),T48)),T141),T157)))),(((((((T185,T105),T6),T70),((((T45,T128),(T59,T166)),T151),T96)),((((T77,(((T115,T95),(T116,T69)),T192)),T53),(T84,T15)),(T112,T60))),(T67,(((((T196,T181),(T131,T7)),T188),T148),(((T81,T58),T101),(T177,((T97,(T52,T29)),T90)))))),((((((((((T143,T2),T10),T92),T153),T47),(T114,T74)),T184),(T182,T150)),T99),(T199,T109)))),(T0,(((((((T25,T117),(T86,T68)),(T145,((((T130,(T108,T193)),T4),T82),(T79,(T35,T61))))),T154),((((((T65,T21),T93),T144),(((T3,T91),T44),T124)),((T80,T89),T46)),((T174,T17),(T170,T72)))),(T175,T38)),(((T54,T195),T149),(T62,T18))))),(((T111,T102),(((T164,T85),T100),T163)),T56)),((((((((T5,T76),T42),(T39,T75)),T24),(T120,T127)),(T20,T83)),(((((((T190,(T22,T13)),T40),T64),(((T132,(T138,T113)),T123),(T12,T71))),(T176,(T36,T88))),(T197,T14)),((T30,T147),(T129,T158)))),(((((T78,T137),T183),(T118,(T160,T142))),(((T51,T27),T43),T152)),T125))),(T50,T187)),T121),T140);
Current score: 4.02426e+10
Current tree: ((((((((((((((((((T106,(T156,T179)),(T172,T168)),T122),(((T87,T55),T33),T9)),(T161,(((T167,T34),(T146,T73)),(T159,T169)))),((T162,T165),T8)),T41),T98),(((((T200,T119),T198),(T178,(T194,T1))),T66),T171)),((T63,T57),T31)),((((((((T133,T32),T23),T126),((T49,(T155,T16)),T110)),T28),(((T139,T37),((T11,T191),T135)),T94)),(T26,T107)),(T19,((((((T186,T180),T189),(T134,T103)),((T173,(T104,T136)),T48)),T141),T157)))),(((((((T185,T105),T6),T70),((((T45,T128),(T59,T166)),T151),T96)),((((T77,(((T115,T95),(T116,T69)),T192)),T53),(T84,T15)),(T112,T60))),(T67,(((((T196,T181),(T131,T7)),T188),T148),(((T81,T58),T101),(T177,((T97,(T52,T29)),T90)))))),((((((((((T143,T2),T10),T92),T153),T47),(T114,T74)),T184),(T182,T150)),T99),(T199,T109)))),(T0,(((((((T25,T117),(T86,T68)),(T145,((((T130,(T108,T193)),T4),T82),(T79,(T35,T61))))),T154),((((((T65,T21),T93),T144),(((T3,T91),T44),T124)),((T80,T89),T46)),((T174,T17),(T170,T72)))),(T175,T38)),(((T54,T195),T149),(T62,T18))))),(((T111,T102),(((T164,T85),T100),T163)),T56)),((((((((T5,T76),T42),(T39,T75)),T24),(T120,T127)),(T20,T83)),(((((((T190,(T22,T13)),T40),T64),(((T132,(T138,T113)),T123),(T12,T71))),(T176,(T36,T88))),(T197,T14)),((T30,T147),(T129,T158)))),(((((T78,T137),T183),(T118,(T160,T142))),(((T51,T27),T43),T152)),T125))),(T50,T187)),T140),T121);
Use two-step algorithm!
#NNI moves:1/236
Remaining: 0
#NNI moves:21/236
#NNI moves:21/236
((((((((((((((((((((((((T123,((T138,T113),T132)),(T71,T12)),((((T13,T22),T190),T40),T64)),((T36,T88),T176)),(T197,T14)),((T147,T30),(T158,T129))),((T20,T83),(((((T76,T5),T42),(T75,T39)),T24),(T127,T120)))),((((T43,(T51,T27)),T152),((T183,(T137,T78)),((T142,T160),T118))),T125)),((T187,T50),(T140,T121))),((T163,(T100,(T85,T164))),(T111,T102))),((((((((((T93,(T21,T65)),T144),(((T3,T91),T44),T124)),((T80,T89),T46)),((T72,T170),(T174,T17))),((((T86,T68),(T25,T117)),((((T61,T35),T79),(((T130,(T108,T193)),T4),T82)),T145)),T154)),(T38,T175)),((T62,T18),((T195,T54),T149))),T0),T56)),(((((T96,(T151,((T166,T59),(T45,T128)))),(((T105,T185),T6),T70)),((T60,T112),((T53,((((T69,T116),(T95,T115)),T192),T77)),(T15,T84)))),(((((T90,((T29,T52),T97)),T177),((T81,T58),T101)),((((T196,T181),(T7,T131)),T188),T148)),T67)),((((T184,(((((T10,(T2,T143)),T92),T153),T47),(T74,T114))),(T150,T182)),T99),(T199,T109)))),((((T28,((((T133,T32),T23),T126),(T110,((T155,T16),T49)))),((((T11,T191),T135),(T139,T37)),T94)),(T26,T107)),(((T141,(((T134,T103),(T189,(T186,T180))),(((T136,T104),T173),T48))),T157),T19))),((T63,T57),T31)),((((T198,(T200,T119)),((T194,T1),T178)),T66),T171)),T98),T41),((T165,T162),T8)),((((T87,T55),T33),T9),(((T172,T168),((T179,T156),T106)),T122))),T161),(T169,T159)),(T167,T34)),T146),T73);
#NNI moves:0/236
Remaining: 1
#NNI moves:26/236
#NNI moves:29/236
((((((((((((((((((T194,T1),T178),((T200,T119),T198)),T66),T171),((T41,((((((T55,T87),T33),T9),(T122,((T168,T172),((T179,T156),T106)))),((((T34,T167),(T146,T73)),(T169,T159)),T161)),(T8,(T165,T162)))),T98)),((T57,T63),T31)),((((T28,((((T16,T155),T49),T110),(((T133,T32),T23),T126))),(((T37,T139),((T191,T11),T135)),T94)),(T107,T26)),(((T141,((((T136,T104),T173),T48),((T103,T134),((T180,T186),T189)))),T157),T19))),(((((((((((T143,T2),T10),T92),T153),T47),(T74,T114)),T184),(T150,T182)),T99),(T109,T199)),(((((T6,(T105,T185)),T70),(T96,(((T59,T166),(T128,T45)),T151))),(((((((T69,T116),(T115,T95)),T192),T77),T53),(T84,T15)),(T60,T112))),(((((((T52,T29),T97),T90),T177),((T58,T81),T101)),((((T181,T196),(T7,T131)),T188),T148)),T67)))),((((((((((((T108,T193),T130),T4),T82),((T35,T61),T79)),T145),((T68,T86),(T25,T117))),T154),((((((T21,T65),T93),T144),(((T91,T3),T44),T124)),((T89,T80),T46)),((T72,T170),(T174,T17)))),(T38,T175)),(((T195,T54),T149),(T62,T18))),T0)),(((T111,T102),(((T85,T164),T100),T163)),T56)),((T140,T121),(T187,T50))),((((T183,(T78,T137)),((T142,T160),T118)),(((T27,T51),T43),T152)),T125)),((((((T76,T5),T42),(T39,T75)),T24),(T127,T120)),(T20,T83))),((T129,T158),(T30,T147))),((((T12,T71),(T123,((T113,T138),T132))),((((T22,T13),T190),T40),T64)),((T88,T36),T176))),T197),T14);
#NNI moves:1/236
Remaining: 0
#NNI moves:23/236
#NNI moves:23/236
((((((((((((((((((T34,T167),(T73,T146)),(T169,T159)),T161),((((T87,T55),T33),T9),((((T179,T156),T106),(T172,T168)),T122))),(T8,(T162,T165))),T41),T98),((T66,(((T200,T119),T198),(T178,(T1,T194)))),T171)),((T57,T63),T31)),(((((((T103,T134),((T186,T180),T189)),(((T104,T136),T173),T48)),T141),T157),T19),((((((T23,(T133,T32)),T126),((T49,(T16,T155)),T110)),T28),(T94,(((T191,T11),T135),(T139,T37)))),(T107,T26)))),(((((((T185,T105),T6),T70),(T96,(((T45,T128),(T59,T166)),T151))),(((((T192,((T116,T69),(T115,T95))),T77),T53),(T15,T84)),(T112,T60))),(T67,((((((T52,T29),T97),T90),T177),(T101,(T81,T58))),((((T181,T196),(T131,T7)),T188),T148)))),((((T184,((T47,(((T10,(T2,T143)),T92),T153)),(T114,T74))),(T182,T150)),T99),(T199,T109)))),((((((((((T61,T35),T79),(T82,((T130,(T193,T108)),T4))),T145),((T25,T117),(T86,T68))),T154),(((T72,T170),(T174,T17)),((((T93,(T21,T65)),T144),(T124,(T44,(T3,T91)))),((T80,T89),T46)))),(T175,T38)),((T149,(T54,T195)),(T18,T62))),T0)),(((((T164,T85),T100),T163),(T102,T111)),T56)),(((((((T36,T88),T176),((((T132,(T138,T113)),T123),(T71,T12)),((((T22,T13),T190),T40),T64))),(T14,T197)),((T147,T30),(T158,T129))),((((((T5,T76),T42),(T39,T75)),T24),(T120,T127)),(T20,T83))),(T125,(((T43,(T27,T51)),T152),(((T142,T160),T118),((T137,T78),T183)))))),(T121,T140)),T187),T50);
#NNI moves:2/236
Remaining: 4
#NNI moves:13/236
#NNI moves:13/236
((((((((((((((((((((((T27,T51),T43),T152),((T118,(T142,T160)),(T183,(T137,T78)))),T125),((((T24,((T42,(T76,T5)),(T75,T39))),(T127,T120)),(T20,T83)),((((((T71,T12),((T132,(T138,T113)),T123)),((((T22,T13),T190),T40),T64)),((T88,T36),T176)),(T14,T197)),((T158,T129),(T30,T147))))),((T50,T187),(T121,T140))),(((T163,((T164,T85),T100)),(T102,T111)),T56)),(((((((((T82,((T130,(T193,T108)),T4)),((T61,T35),T79)),T145),((T117,T25),(T68,T86))),T154),(((T17,T174),(T170,T72)),(((T144,((T21,T65),T93)),((T44,(T91,T3)),T124)),((T80,T89),T46)))),(T38,T175)),(((T195,T54),T149),(T18,T62))),T0)),(((((((T81,T58),T101),(T177,(((T52,T29),T97),T90))),((T188,((T7,T131),(T196,T181))),T148)),T67),((((((((T95,T115),(T69,T116)),T192),T77),T53),(T15,T84)),(T112,T60)),(((((T166,T59),(T128,T45)),T151),T96),((T6,(T105,T185)),T70)))),((((T184,(((((T10,(T143,T2)),T92),T153),T47),(T114,T74))),(T150,T182)),T99),(T109,T199)))),((((((((T186,T180),T189),(T134,T103)),(((T136,T104),T173),T48)),T141),T157),T19),(((((T37,T139),((T191,T11),T135)),T94),(((((T133,T32),T23),T126),(((T155,T16),T49),T110)),T28)),(T26,T107)))),(T31,(T57,T63))),(T171,((((T194,T1),T178),((T200,T119),T198)),T66))),T98),T41),(T8,(T165,T162))),((((T87,T55),T33),T9),((((T156,T179),T106),(T172,T168)),T122))),T161),(T159,T169)),(T167,T34)),T146),T73);
Current score: 4.02426e+10
Current tree: ((T140,((T50,T187),(((((((T27,T51),T43),T152),((T118,(T142,T160)),(T183,(T137,T78)))),T125),((((T24,((T42,(T76,T5)),(T75,T39))),(T127,T120)),(T20,T83)),((((((T71,T12),((T132,(T138,T113)),T123)),((((T22,T13),T190),T40),T64)),((T88,T36),T176)),(T14,T197)),((T158,T129),(T30,T147))))),((((T163,((T164,T85),T100)),(T102,T111)),T56),((((((((((T82,((T130,(T193,T108)),T4)),((T61,T35),T79)),T145),((T117,T25),(T68,T86))),T154),(((T17,T174),(T170,T72)),(((T144,((T21,T65),T93)),((T44,(T91,T3)),T124)),((T80,T89),T46)))),(T38,T175)),(((T195,T54),T149),(T18,T62))),T0),((((((((T81,T58),T101),(T177,(((T52,T29),T97),T90))),((T188,((T7,T131),(T196,T181))),T148)),T67),((((((((T95,T115),(T69,T116)),T192),T77),T53),(T15,T84)),(T112,T60)),(((((T166,T59),(T128,T45)),T151),T96),((T6,(T105,T185)),T70)))),((((T184,(((((T10,(T143,T2)),T92),T153),T47),(T114,T74))),(T150,T182)),T99),(T109,T199))),(((((((((T186,T180),T189),(T134,T103)),(((T136,T104),T173),T48)),T141),T157),T19),(((((T37,T139),((T191,T11),T135)),T94),(((((T133,T32),T23),T126),(((T155,T16),T49),T110)),T28)),(T26,T107))),((T31,(T57,T63)),((T171,((((T194,T1),T178),((T200,T119),T198)),T66)),(T98,(T41,((T8,(T165,T162)),(((((T87,T55),T33),T9),((((T156,T179),T106),(T172,T168)),T122)),(T161,((T159,T169),((T167,T34),(T146,T73))))))))))))))))),T121);
Use two-step algorithm!
#NNI moves:1/236
Remaining: 1
#NNI moves:21/236
#NNI moves:21/236
((((((((((((((((((T178,(T1,T194)),((T200,T119),T198)),T66),T171),(((((T165,T162),T8),(((T9,((T87,T55),T33)),(((T172,T168),((T156,T179),T106)),T122)),(((T159,T169),((T34,T167),(T146,T73))),T161))),T41),T98)),((T63,T57),T31)),((((((T37,T139),((T191,T11),T135)),T94),((((T23,(T133,T32)),T126),(((T155,T16),T49),T110)),T28)),(T26,T107)),((((((T103,T134),((T186,T180),T189)),(((T136,T104),T173),T48)),T141),T157),T19))),((((((((T128,T45),(T59,T166)),T151),T96),(((T185,T105),T6),T70)),(((((((T116,T69),(T115,T95)),T192),T77),T53),(T84,T15)),(T112,T60))),(T67,((T148,(((T181,T196),(T7,T131)),T188)),((T177,(((T52,T29),T97),T90)),((T58,T81),T101))))),((((((T74,T114),(T47,(((T10,(T143,T2)),T92),T153))),T184),(T150,T182)),T99),(T109,T199)))),((((((((T80,T89),T46),((((T65,T21),T93),T144),(((T91,T3),T44),T124))),((T170,T72),(T174,T17))),((((T68,T86),(T117,T25)),((((T61,T35),T79),(((T130,(T108,T193)),T4),T82)),T145)),T154)),(T38,T175)),((T18,T62),((T54,T195),T149))),T0)),(((((T85,T164),T100),T163),(T102,T111)),T56)),((T140,T121),(T187,T50))),(((((((T76,T5),T42),(T39,T75)),T24),(T120,T127)),(T83,T20)),((((T176,(T36,T88)),(((T123,((T113,T138),T132)),(T12,T71)),((((T13,T22),T190),T40),T64))),(T14,T197)),((T147,T30),(T129,T158))))),T125),(((T142,T160),T118),(T183,(T137,T78)))),T152),T43),T51),T27);
#NNI moves:5/236
Remaining: 1
#NNI moves:45/236
#NNI moves:48/236
(((((((((((((((((T33,(T87,T55)),T9),(((T106,(T156,T179)),(T168,T172)),T122)),(((T159,T169),((T167,T34),(T146,T73))),T161)),((T165,T162),T8)),T41),T98),(((((T194,T1),T178),((T119,T200),T198)),T66),T171)),((T57,T63),T31)),((((((T126,(T23,(T32,T133))),(((T16,T155),T49),T110)),T28),((((T191,T11),T135),(T37,T139)),T94)),(T107,T26)),((T157,((((T134,T103),(T189,(T180,T186))),(T48,((T136,T104),T173))),T141)),T19))),((((((((T128,T45),(T166,T59)),T151),T96),(T70,(T6,(T105,T185)))),(((((((T95,T115),(T69,T116)),T192),T77),T53),(T15,T84)),(T60,T112))),(T67,(((((T181,T196),(T131,T7)),T188),T148),(((T90,(T97,(T29,T52))),T177),(T101,(T58,T81)))))),((((((((((T2,T143),T10),T92),T153),T47),(T114,T74)),T184),(T182,T150)),T99),(T109,T199)))),((((((((((T21,T65),T93),T144),(((T3,T91),T44),T124)),((T89,T80),T46)),((T72,T170),(T174,T17))),((((T117,T25),(T68,T86)),((((T61,T35),T79),((((T193,T108),T130),T4),T82)),T145)),T154)),(T175,T38)),((T149,(T195,T54)),(T18,T62))),T0)),(((((T85,T164),T100),T163),(T102,T111)),T56)),((((((((T123,((T138,T113),T132)),(T71,T12)),(T64,(((T22,T13),T190),T40))),((T36,T88),T176)),(T14,T197)),((T147,T30),(T158,T129))),((((((T76,T5),T42),(T75,T39)),T24),(T120,T127)),(T20,T83))),(((((T142,T160),T118),(T183,(T78,T137))),(((T51,T27),T43),T152)),T125))),(T121,T140)),T187),T50);
#NNI moves:2/236
Remaining: 1
#NNI moves:17/236
#NNI moves:17/236
((((((((((((((((T32,T133),T23),T126),(((T16,T155),T49),T110)),T28),((((T191,T11),T135),(T139,T37)),T94)),(T26,T107)),(((((T48,((T104,T136),T173)),((T134,T103),((T180,T186),T189))),T141),T157),T19)),((((((((((T167,T34),(T73,T146)),(T159,T169)),T161),(((((T179,T156),T106),(T172,T168)),T122),((T33,(T87,T55)),T9))),((T165,T162),T8)),T41),T98),(((((T1,T194),T178),((T119,T200),T198)),T66),T171)),(T31,(T63,T57)))),((((((((((T69,T116),(T95,T115)),T192),T77),T53),(T84,T15)),(T112,T60)),(((T6,(T185,T105)),T70),((((T59,T166),(T128,T45)),T151),T96))),(((((T58,T81),T101),(((T97,(T29,T52)),T90),T177)),(T148,(((T131,T7),(T196,T181)),T188))),T67)),((((((((((T143,T2),T10),T92),T153),T47),(T114,T74)),T184),(T150,T182)),T99),(T109,T199)))),((((((((T117,T25),(T68,T86)),(((T79,(T35,T61)),((((T193,T108),T130),T4),T82)),T145)),T154),(((T170,T72),(T17,T174)),((((T93,(T21,T65)),T144),((T44,(T3,T91)),T124)),((T80,T89),T46)))),(T38,T175)),(((T195,T54),T149),(T62,T18))),T0)),((((T100,(T85,T164)),T163),(T102,T111)),T56)),((((((((((T138,T113),T132),T123),(T12,T71)),((((T13,T22),T190),T40),T64)),(T176,(T36,T88))),(T14,T197)),((T30,T147),(T129,T158))),(((((T42,(T76,T5)),(T39,T75)),T24),(T120,T127)),(T83,T20))),(((((T142,T160),T118),((T78,T137),T183)),(((T27,T51),T43),T152)),T125))),(T50,T187)),T140),T121);
#NNI moves:0/236
Remaining: 2
#NNI moves:41/236
#NNI moves:41/236
(((((((((((((((((((((T131,T7),(T181,T196)),T188),T148),(((T90,(T97,(T52,T29))),T177),((T81,T58),T101))),T67),(((((T77,(((T116,T69),(T95,T115)),T192)),T53),(T15,T84)),(T60,T112)),(((((T45,T128),(T59,T166)),T151),T96),(((T105,T185),T6),T70)))),((((((T47,(T153,(((T143,T2),T10),T92))),(T114,T74)),T184),(T182,T150)),T99),(T109,T199))),((((((((((T25,T117),(T68,T86)),((((((T108,T193),T130),T4),T82),(T79,(T61,T35))),T145)),T154),((((((T65,T21),T93),T144),(T124,(T44,(T3,T91)))),(T46,(T89,T80))),((T72,T170),(T17,T174)))),(T175,T38)),(((T195,T54),T149),(T62,T18))),T0),T56),(((((((((T75,T39),((T76,T5),T42)),T24),(T127,T120)),(T20,T83)),((((((((T138,T113),T132),T123),(T12,T71)),((T40,((T13,T22),T190)),T64)),((T88,T36),T176)),(T197,T14)),((T158,T129),(T147,T30)))),(((((T51,T27),T43),T152),((T118,(T160,T142)),(T183,(T137,T78)))),T125)),((T140,T121),(T50,T187))),((T102,T111),(T163,(T100,(T85,T164))))))),((((((T48,(T173,(T104,T136))),(((T180,T186),T189),(T134,T103))),T141),T157),T19),((((((T191,T11),T135),(T139,T37)),T94),(T28,((((T155,T16),T49),T110),(((T32,T133),T23),T126)))),(T26,T107)))),((T57,T63),T31)),(((((T1,T194),T178),((T200,T119),T198)),T66),T171)),T98),T41),(T8,(T162,T165))),(((((T179,T156),T106),(T168,T172)),T122),(T9,(T33,(T87,T55))))),T161),(T159,T169)),(T146,T73)),T34),T167);
Current score: 4.02426e+10
Current tree: ((T140,((T50,T187),((((((((T75,T39),((T76,T5),T42)),T24),(T127,T120)),(T20,T83)),((((((((T138,T113),T132),T123),(T12,T71)),((T40,((T13,T22),T190)),T64)),((T88,T36),T176)),(T197,T14)),((T158,T129),(T147,T30)))),(((((T51,T27),T43),T152),((T118,(T160,T142)),(T183,(T137,T78)))),T125)),(((((((((((T131,T7),(T181,T196)),T188),T148),(((T90,(T97,(T52,T29))),T177),((T81,T58),T101))),T67),(((((T77,(((T116,T69),(T95,T115)),T192)),T53),(T15,T84)),(T60,T112)),(((((T45,T128),(T59,T166)),T151),T96),(((T105,T185),T6),T70)))),((((((T47,(T153,(((T143,T2),T10),T92))),(T114,T74)),T184),(T182,T150)),T99),(T109,T199))),(((((((T48,(T173,(T104,T136))),(((T180,T186),T189),(T134,T103))),T141),T157),T19),((((((T191,T11),T135),(T139,T37)),T94),(T28,((((T155,T16),T49),T110),(((T32,T133),T23),T126)))),(T26,T107))),(((T57,T63),T31),((((((T1,T194),T178),((T200,T119),T198)),T66),T171),(T98,(T41,((T8,(T162,T165)),((((((T179,T156),T106),(T168,T172)),T122),(T9,(T33,(T87,T55)))),(T161,((T159,T169),((T146,T73),(T34,T167)))))))))))),((((((((T25,T117),(T68,T86)),((((((T108,T193),T130),T4),T82),(T79,(T61,T35))),T145)),T154),((((((T65,T21),T93),T144),(T124,(T44,(T3,T91)))),(T46,(T89,T80))),((T72,T170),(T17,T174)))),(T175,T38)),(((T195,T54),T149),(T62,T18))),T0)),(((T102,T111),(T163,(T100,(T85,T164)))),T56))))),T121);
Final Tree: ((T140,((T50,T187),((((((((T75,T39),((T76,T5),T42)),T24),(T127,T120)),(T20,T83)),((((((((T138,T113),T132),T123),(T12,T71)),((T40,((T13,T22),T190)),T64)),((T88,T36),T176)),(T197,T14)),((T158,T129),(T147,T30)))),(((((T51,T27),T43),T152),((T118,(T160,T142)),(T183,(T137,T78)))),T125)),(((((((((((T131,T7),(T181,T196)),T188),T148),(((T90,(T97,(T52,T29))),T177),((T81,T58),T101))),T67),(((((T77,(((T116,T69),(T95,T115)),T192)),T53),(T15,T84)),(T60,T112)),(((((T45,T128),(T59,T166)),T151),T96),(((T105,T185),T6),T70)))),((((((T47,(T153,(((T143,T2),T10),T92))),(T114,T74)),T184),(T182,T150)),T99),(T109,T199))),(((((((T48,(T173,(T104,T136))),(((T180,T186),T189),(T134,T103))),T141),T157),T19),((((((T191,T11),T135),(T139,T37)),T94),(T28,((((T155,T16),T49),T110),(((T32,T133),T23),T126)))),(T26,T107))),(((T57,T63),T31),((((((T1,T194),T178),((T200,T119),T198)),T66),T171),(T98,(T41,((T8,(T162,T165)),((((((T179,T156),T106),(T168,T172)),T122),(T9,(T33,(T87,T55)))),(T161,((T159,T169),((T146,T73),(T34,T167)))))))))))),((((((((T25,T117),(T68,T86)),((((((T108,T193),T130),T4),T82),(T79,(T61,T35))),T145)),T154),((((((T65,T21),T93),T144),(T124,(T44,(T3,T91)))),(T46,(T89,T80))),((T72,T170),(T17,T174)))),(T175,T38)),(((T195,T54),T149),(T62,T18))),T0)),(((T102,T111),(T163,(T100,(T85,T164)))),T56))))),T121);
Score: 4.024259859e+10

real	1m56.774s
user	47m47.824s
sys	0m18.206s
