
RAxML-NG v. 1.1.0-master released on 04.08.2022 by The Exelixis Lab.
Developed by: Alexey M. Kozlov and Alexandros Stamatakis.
Contributors: Diego Darriba, Tomas Flouri, Benoit Morel, Sarah Lutteropp, Ben Bettisworth.
Latest version: https://github.com/amkozlov/raxml-ng
Questions/problems/suggestions? Please visit: https://groups.google.com/forum/#!forum/raxml

System: AMD EPYC 7742 64-Core Processor, 128 cores, 251 GB RAM

RAxML-NG was called at 13-Jan-2023 07:50:58 as follows:

/home/chaos/programs/raxml-ng/raxml-ng/bin/raxml-ng --msa data/alignment/9_1X_S201_0_1e6_haploid --tree pars{1} --model GTR+G --threads 64 --redo

Analysis options:
  run mode: ML tree search
  start tree(s): parsimony (1)
  random seed: 1673625058
  tip-inner: OFF
  pattern compression: ON
  per-rate scalers: OFF
  site repeats: ON
  fast spr radius: AUTO
  spr subtree cutoff: 1.000000
  branch lengths: proportional (ML estimate, algorithm: NR-FAST)
  SIMD kernels: AVX2
  parallelization: coarse-grained (auto), PTHREADS (64 threads), thread pinning: OFF

WARNING: Running in REDO mode: existing checkpoints are ignored, and all result files will be overwritten!

[00:00:00] Reading alignment from file: data/alignment/9_1X_S201_0_1e6_haploid
[00:00:02] Loaded alignment with 201 taxa and 5000000 sites

Alignment comprises 1 partitions and 4227299 patterns

Partition 0: noname
Model: GTR+FO+G4m
Alignment sites / patterns: 5000000 / 4227299
Gaps: 0.00 %
Invariant sites: 5.36 %


NOTE: Binary MSA file created: data/alignment/9_1X_S201_0_1e6_haploid.raxml.rba

Parallelization scheme autoconfig: 1 worker(s) x 64 thread(s)

Parallel reduction/worker buffer size: 1 KB  / 0 KB

[00:00:22] Generating 1 parsimony starting tree(s) with 201 taxa
[00:00:50] Data distribution: max. partitions/sites/weight per thread: 1 / 66052 / 1056832
[00:00:50] Data distribution: max. searches per worker: 1

Starting ML tree search with 1 distinct starting trees

[00:00:51 -249208997.508218] Initial branch length optimization
[00:03:13 -231943432.623279] Model parameter optimization (eps = 10.000000)
[00:14:23 -226506856.536611] AUTODETECT spr round 1 (radius: 5)
[00:22:22 -226283968.105916] AUTODETECT spr round 2 (radius: 10)
[00:45:07 -226283968.006894] SPR radius for FAST iterations: 5 (autodetect)
[00:45:07 -226283968.006894] Model parameter optimization (eps = 3.000000)
[00:46:28 -226283905.524424] FAST spr round 1 (radius: 5)
[01:12:41 -226273478.015715] FAST spr round 2 (radius: 5)
[01:54:46 -226271952.289299] FAST spr round 3 (radius: 5)
[02:11:24 -226270638.588456] FAST spr round 4 (radius: 5)
[02:27:15 -226269824.967961] FAST spr round 5 (radius: 5)
[02:42:46 -226268540.233318] FAST spr round 6 (radius: 5)
[02:58:41 -226267858.009051] FAST spr round 7 (radius: 5)
[03:13:41 -226267698.740661] FAST spr round 8 (radius: 5)
[03:29:26 -226267698.740058] Model parameter optimization (eps = 1.000000)
[03:30:21 -226267696.911695] SLOW spr round 1 (radius: 5)
[04:24:04 -226254879.260611] SLOW spr round 2 (radius: 5)
[05:10:42 -226254541.621098] SLOW spr round 3 (radius: 5)
[05:55:37 -226254395.614673] SLOW spr round 4 (radius: 5)
[06:39:27 -226254395.610036] SLOW spr round 5 (radius: 10)
[07:32:58 -226254395.609282] SLOW spr round 6 (radius: 15)
[09:06:23 -226254395.609202] SLOW spr round 7 (radius: 20)
[10:11:28 -226254395.609191] SLOW spr round 8 (radius: 25)
[10:30:42 -226254395.609184] Model parameter optimization (eps = 0.100000)

[10:32:06] ML tree search #1, logLikelihood: -226254394.978185


Optimized model parameters:

   Partition 0: noname
   Rate heterogeneity: GAMMA (4 cats, mean),  alpha: 0.933088 (ML),  weights&rates: (0.250000,0.123417) (0.250000,0.455673) (0.250000,0.987963) (0.250000,2.432946) 
   Base frequencies (ML): 0.240893 0.226273 0.303335 0.229498 
   Substitution rates (ML): 2.291503 5.875490 4.410972 3.746089 7.418462 1.000000 


Final LogLikelihood: -226254394.978185

AIC score: 452509605.956370 / AICc score: 452509606.023124 / BIC score: 452515083.335346
Free parameters (model + branch lengths): 408

Best ML tree saved to: /expanse/lustre/projects/uot138/chaos/ASTERISK-sim/data/alignment/9_1X_S201_0_1e6_haploid.raxml.bestTree
Optimized model saved to: /expanse/lustre/projects/uot138/chaos/ASTERISK-sim/data/alignment/9_1X_S201_0_1e6_haploid.raxml.bestModel

Execution log saved to: /expanse/lustre/projects/uot138/chaos/ASTERISK-sim/data/alignment/9_1X_S201_0_1e6_haploid.raxml.log

Analysis started: 13-Jan-2023 07:50:58 / finished: 13-Jan-2023 18:23:06

Elapsed time: 37927.944 seconds

Consumed energy: 4210.562 Wh (= 21 km in an electric car, or 105 km with an e-scooter!)

