
RAxML-NG v. 1.1.0-master released on 04.08.2022 by The Exelixis Lab.
Developed by: Alexey M. Kozlov and Alexandros Stamatakis.
Contributors: Diego Darriba, Tomas Flouri, Benoit Morel, Sarah Lutteropp, Ben Bettisworth.
Latest version: https://github.com/amkozlov/raxml-ng
Questions/problems/suggestions? Please visit: https://groups.google.com/forum/#!forum/raxml

System: AMD EPYC 7742 64-Core Processor, 128 cores, 251 GB RAM

RAxML-NG was called at 07-Jan-2023 04:24:30 as follows:

/home/chaos/programs/raxml-ng/raxml-ng/bin/raxml-ng --msa data/alignment/11_10X_S201_0_haploid --tree pars{1} --model GTR+G --threads 64

Analysis options:
  run mode: ML tree search
  start tree(s): parsimony (1)
  random seed: 1673094270
  tip-inner: OFF
  pattern compression: ON
  per-rate scalers: OFF
  site repeats: ON
  fast spr radius: AUTO
  spr subtree cutoff: 1.000000
  branch lengths: proportional (ML estimate, algorithm: NR-FAST)
  SIMD kernels: AVX2
  parallelization: coarse-grained (auto), PTHREADS (64 threads), thread pinning: OFF

[00:00:00] Reading alignment from file: data/alignment/11_10X_S201_0_haploid
[00:00:02] Loaded alignment with 201 taxa and 5000000 sites

Alignment comprises 1 partitions and 4895913 patterns

Partition 0: noname
Model: GTR+FO+G4m
Alignment sites / patterns: 5000000 / 4895913
Gaps: 0.00 %
Invariant sites: 0.92 %


NOTE: Binary MSA file created: data/alignment/11_10X_S201_0_haploid.raxml.rba

Parallelization scheme autoconfig: 1 worker(s) x 64 thread(s)

Parallel reduction/worker buffer size: 1 KB  / 0 KB

[00:00:23] Generating 1 parsimony starting tree(s) with 201 taxa
[00:00:58] Data distribution: max. partitions/sites/weight per thread: 1 / 76499 / 1223984
[00:00:58] Data distribution: max. searches per worker: 1

Starting ML tree search with 1 distinct starting trees

[00:01:00 -661607310.321531] Initial branch length optimization
[00:02:44 -628851939.938365] Model parameter optimization (eps = 10.000000)
[00:15:53 -580186832.848847] AUTODETECT spr round 1 (radius: 5)
[00:25:58 -579766102.415729] AUTODETECT spr round 2 (radius: 10)
[00:56:37 -579766102.384585] SPR radius for FAST iterations: 5 (autodetect)
[00:56:37 -579766102.384585] Model parameter optimization (eps = 3.000000)
[00:58:29 -579766086.909531] FAST spr round 1 (radius: 5)
[01:24:46 -579703890.989184] FAST spr round 2 (radius: 5)
[01:44:39 -579698759.478123] FAST spr round 3 (radius: 5)
[02:04:41 -579694894.562325] FAST spr round 4 (radius: 5)
[02:24:31 -579691358.305256] FAST spr round 5 (radius: 5)
[02:44:07 -579687906.478236] FAST spr round 6 (radius: 5)
[03:03:41 -579685958.598705] FAST spr round 7 (radius: 5)
[03:23:15 -579684463.845870] FAST spr round 8 (radius: 5)
[03:43:32 -579683922.126889] FAST spr round 9 (radius: 5)
[04:03:19 -579683922.126543] Model parameter optimization (eps = 1.000000)
[04:03:47 -579683921.701945] SLOW spr round 1 (radius: 5)
[05:05:32 -579683921.700836] SLOW spr round 2 (radius: 10)
[06:15:50 -579683921.700661] SLOW spr round 3 (radius: 15)
[08:20:03 -579683921.700639] SLOW spr round 4 (radius: 20)
[09:41:35 -579683921.700635] SLOW spr round 5 (radius: 25)
[10:03:50 -579683921.700633] Model parameter optimization (eps = 0.100000)

[10:05:32] ML tree search #1, logLikelihood: -579683916.270959


Optimized model parameters:

   Partition 0: noname
   Rate heterogeneity: GAMMA (4 cats, mean),  alpha: 1.121335 (ML),  weights&rates: (0.250000,0.160508) (0.250000,0.510413) (0.250000,1.017518) (0.250000,2.311562) 
   Base frequencies (ML): 0.261804 0.228981 0.246825 0.262391 
   Substitution rates (ML): 0.524371 3.545633 0.271850 0.888444 4.426761 1.000000 


Final LogLikelihood: -579683916.270959

AIC score: 1159368648.541919 / AICc score: 1159368648.608673 / BIC score: 1159374125.920894
Free parameters (model + branch lengths): 408

Best ML tree saved to: /expanse/lustre/projects/uot138/chaos/ASTERISK-sim/data/alignment/11_10X_S201_0_haploid.raxml.bestTree
Optimized model saved to: /expanse/lustre/projects/uot138/chaos/ASTERISK-sim/data/alignment/11_10X_S201_0_haploid.raxml.bestModel

Execution log saved to: /expanse/lustre/projects/uot138/chaos/ASTERISK-sim/data/alignment/11_10X_S201_0_haploid.raxml.log

Analysis started: 07-Jan-2023 04:24:30 / finished: 07-Jan-2023 14:30:05

Elapsed time: 36334.679 seconds

Consumed energy: 4208.974 Wh (= 21 km in an electric car, or 105 km with an e-scooter!)

