Weighted ASTRAL - Hybrid
Version: v1.13.2.3
#Genetrees: 2000
#Species: 201
#Rounds: 4
#Samples: 4
#Threads: 32
Use two-step algorithm!
Guide Tree 0/27
#NNI moves:0/236
Guide Tree 1/27
#NNI moves:0/236
Guide Tree 2/27
#NNI moves:0/236
Guide Tree 3/27
#NNI moves:0/236
Guide Tree 4/27
#NNI moves:0/236
Guide Tree 5/27
#NNI moves:0/236
Guide Tree 6/27
#NNI moves:0/236
Guide Tree 7/27
#NNI moves:0/236
Guide Tree 8/27
#NNI moves:0/236
Guide Tree 9/27
#NNI moves:0/236
Guide Tree 10/27
#NNI moves:0/236
Guide Tree 11/27
#NNI moves:0/236
Guide Tree 12/27
#NNI moves:0/236
Guide Tree 13/27
#NNI moves:0/236
Guide Tree 14/27
#NNI moves:0/236
Guide Tree 15/27
#NNI moves:0/236
Guide Tree 16/27
#NNI moves:0/236
Guide Tree 17/27
#NNI moves:0/236
Guide Tree 18/27
#NNI moves:0/236
Guide Tree 19/27
#NNI moves:0/236
Guide Tree 20/27
#NNI moves:0/236
Guide Tree 21/27
#NNI moves:0/236
Guide Tree 22/27
#NNI moves:0/236
Guide Tree 23/27
#NNI moves:1/236
Guide Tree 24/27
#NNI moves:0/236
Guide Tree 25/27
#NNI moves:0/236
Guide Tree 26/27
#NNI moves:0/236
Remaining: 0
#NNI moves:1/236
#NNI moves:1/236
(((((((((((((((((((T33,T100),(T31,T20)),(((T147,T181),T182),T29)),(T10,T110)),((T152,T173),(T75,T133))),(((T52,T200),(T134,((T115,T179),T171))),((((T89,T140),T184),((T125,T9),T84)),T56))),(((((T142,T183),T157),(((T112,T81),T105),T104)),T193),T24)),((((T136,(T45,T85)),T72),T96),(T12,T170))),((((T78,((((((T6,T19),T149),T74),T8),T143),((((T23,T164),((T30,T54),T103)),T178),T25))),(((T132,T151),T47),(T5,T49))),((T59,T196),T161)),((T18,(T39,(T64,T118))),(T22,T154)))),(((((T146,(T109,T117)),(T141,T3)),(T191,T195)),((((T135,T76),(T186,T187)),(T83,T51)),T156)),T108)),(((((T124,T37),(((T145,T127),T1),(T177,T194))),((T98,(T101,T71)),T27)),((((T86,T155),T120),T121),(T111,T190))),((((((((T167,T80),T15),T168),((T188,T35),T41)),(T107,T73)),T50),(((T169,T172),(T116,T106)),((T197,T192),T11))),((T40,(T82,T43)),(((T58,T199),T67),(T87,T113)))))),(((((((((T128,(T144,(T34,(T53,(T114,T88))))),T60),((T137,T131),T126)),(((T123,T17),T139),T159)),(T55,T32)),((((T93,T61),(T7,T63)),T57),((T175,(T91,T158)),(T36,(T138,T44))))),((((T14,(T99,T174)),T160),T129),((((T62,T66),T79),((T16,T68),T97)),T148))),(((T180,((T48,T94),T189)),T2),((((T162,T92),(T176,T163)),((T21,T26),(T119,((T122,T185),T42)))),T46))),T0)),(((T65,T198),(T13,T166)),T130)),(T153,T70)),((T28,((T95,T4),T150)),T165)),T69),T38),(T77,T102)),T90);
Guide Tree 0/27
#NNI moves:0/236
Guide Tree 1/27
#NNI moves:0/236
Guide Tree 2/27
#NNI moves:0/236
Guide Tree 3/27
#NNI moves:0/236
Guide Tree 4/27
#NNI moves:0/236
Guide Tree 5/27
#NNI moves:0/236
Guide Tree 6/27
#NNI moves:0/236
Guide Tree 7/27
#NNI moves:0/236
Guide Tree 8/27
#NNI moves:0/236
Guide Tree 9/27
#NNI moves:0/236
Guide Tree 10/27
#NNI moves:0/236
Guide Tree 11/27
#NNI moves:0/236
Guide Tree 12/27
#NNI moves:0/236
Guide Tree 13/27
#NNI moves:0/236
Guide Tree 14/27
#NNI moves:0/236
Guide Tree 15/27
#NNI moves:0/236
Guide Tree 16/27
#NNI moves:0/236
Guide Tree 17/27
#NNI moves:0/236
Guide Tree 18/27
#NNI moves:0/236
Guide Tree 19/27
#NNI moves:0/236
Guide Tree 20/27
#NNI moves:0/236
Guide Tree 21/27
#NNI moves:0/236
Guide Tree 22/27
#NNI moves:0/236
Guide Tree 23/27
#NNI moves:0/236
Guide Tree 24/27
#NNI moves:0/236
Guide Tree 25/27
#NNI moves:0/236
Guide Tree 26/27
#NNI moves:0/236
Remaining: 0
#NNI moves:4/236
#NNI moves:4/236
(((((((((((((((((((T100,T33),(T20,T31)),(T29,((T181,T147),T182))),(T10,T110)),((T75,T133),(T152,T173))),(((((T9,T125),T84),((T140,T89),T184)),T56),(((T171,(T115,T179)),T134),(T200,T52)))),((((((T112,T81),T105),T104),((T183,T142),T157)),T193),T24)),((((T136,(T45,T85)),T72),T96),(T12,T170))),((((T59,T196),T161),(((((T178,(((T54,T30),T103),(T23,T164))),T25),(T143,(T8,((T149,(T6,T19)),T74)))),T78),((T49,T5),(T47,(T151,T132))))),((((T118,T64),T39),T18),(T154,T22)))),(((((T51,T83),((T135,T76),(T186,T187))),T156),((T195,T191),((T146,(T109,T117)),(T141,T3)))),T108)),((((((T177,T194),((T145,T127),T1)),(T37,T124)),(T27,((T101,T71),T98))),((((T86,T155),T120),T121),(T190,T111))),(((((T197,T192),T11),((T172,T169),(T106,T116))),((((((T167,T80),T15),T168),(T41,(T35,T188))),(T73,T107)),T50)),((((T58,T199),T67),(T87,T113)),(T40,(T43,T82)))))),((((((((T7,T63),(T93,T61)),T57),(((T138,T44),T36),((T158,T91),T175))),((((T126,(T131,T137)),((T128,(((T53,(T114,T88)),T34),T144)),T60)),(((T123,T17),T139),T159)),(T55,T32))),(((((T66,T62),T79),((T16,T68),T97)),T148),((T160,((T99,T174),T14)),T129))),(((((T26,T21),(((T185,T122),T42),T119)),((T176,T163),(T162,T92))),T46),((((T48,T94),T189),T180),T2))),T0)),(((T65,T198),(T166,T13)),T130)),(T70,T153)),((T28,((T4,T95),T150)),T165)),T69),T38),(T77,T102)),T90);
Guide Tree 0/27
#NNI moves:0/236
Guide Tree 1/27
#NNI moves:0/236
Guide Tree 2/27
#NNI moves:0/236
Guide Tree 3/27
#NNI moves:0/236
Guide Tree 4/27
#NNI moves:0/236
Guide Tree 5/27
#NNI moves:0/236
Guide Tree 6/27
#NNI moves:0/236
Guide Tree 7/27
#NNI moves:0/236
Guide Tree 8/27
#NNI moves:0/236
Guide Tree 9/27
#NNI moves:0/236
Guide Tree 10/27
#NNI moves:0/236
Guide Tree 11/27
#NNI moves:0/236
Guide Tree 12/27
#NNI moves:0/236
Guide Tree 13/27
#NNI moves:0/236
Guide Tree 14/27
#NNI moves:0/236
Guide Tree 15/27
#NNI moves:0/236
Guide Tree 16/27
#NNI moves:0/236
Guide Tree 17/27
#NNI moves:0/236
Guide Tree 18/27
#NNI moves:0/236
Guide Tree 19/27
#NNI moves:0/236
Guide Tree 20/27
#NNI moves:0/236
Guide Tree 21/27
#NNI moves:0/236
Guide Tree 22/27
#NNI moves:0/236
Guide Tree 23/27
#NNI moves:0/236
Guide Tree 24/27
#NNI moves:0/236
Guide Tree 25/27
#NNI moves:1/236
Guide Tree 26/27
#NNI moves:0/236
Remaining: 0
#NNI moves:6/236
#NNI moves:6/236
(((((((((((((((((T52,T200),((T171,(T115,T179)),T134)),(((T84,(T125,T9)),((T140,T89),T184)),T56)),((((((T147,T181),T182),T29),((T100,T33),(T31,T20))),(T110,T10)),((T75,T133),(T173,T152)))),((T193,(((T183,T142),T157),(T104,((T112,T81),T105)))),T24)),(((((T85,T45),T136),T72),T96),(T12,T170))),(((((((((T103,(T30,T54)),(T23,T164)),T178),T25),(((((T6,T19),T149),T74),T8),T143)),T78),((T47,(T151,T132)),(T49,T5))),(T161,(T196,T59))),((T18,((T118,T64),T39)),(T22,T154)))),((((((T109,T117),T146),(T3,T141)),(T195,T191)),((((T76,T135),(T186,T187)),(T51,T83)),T156)),T108)),((((((T101,T71),T98),T27),(((T177,T194),((T145,T127),T1)),(T124,T37))),((((T86,T155),T120),T121),(T111,T190))),(((((T192,T197),T11),((T106,T116),(T169,T172))),(((((T15,(T167,T80)),T168),(T41,(T188,T35))),(T73,T107)),T50)),((((T58,T199),T67),(T113,T87)),((T82,T43),T40))))),((((((T32,T55),(((T139,(T123,T17)),T159),(((T128,(T144,(T34,((T114,T88),T53)))),T60),(T126,(T131,T137))))),((((T91,T158),T175),((T44,T138),T36)),(T57,((T7,T63),(T93,T61))))),(((((T16,T68),T97),((T62,T66),T79)),T148),((T160,((T99,T174),T14)),T129))),(((((T176,T163),(T162,T92)),((((T122,T185),T42),T119),(T26,T21))),T46),((T180,(T189,(T94,T48))),T2))),T0)),(((T198,T65),(T166,T13)),T130)),(T70,T153)),((((T4,T95),T150),T28),T165)),T69),T38),(T102,T77)),T90);
Guide Tree 0/27
#NNI moves:0/236
Guide Tree 1/27
#NNI moves:0/236
Guide Tree 2/27
#NNI moves:0/236
Guide Tree 3/27
#NNI moves:1/236
Guide Tree 4/27
#NNI moves:0/236
Guide Tree 5/27
#NNI moves:0/236
Guide Tree 6/27
#NNI moves:0/236
Guide Tree 7/27
#NNI moves:0/236
Guide Tree 8/27
#NNI moves:0/236
Guide Tree 9/27
#NNI moves:0/236
Guide Tree 10/27
#NNI moves:0/236
Guide Tree 11/27
#NNI moves:0/236
Guide Tree 12/27
#NNI moves:0/236
Guide Tree 13/27
#NNI moves:0/236
Guide Tree 14/27
#NNI moves:0/236
Guide Tree 15/27
#NNI moves:0/236
Guide Tree 16/27
#NNI moves:0/236
Guide Tree 17/27
#NNI moves:0/236
Guide Tree 18/27
#NNI moves:0/236
Guide Tree 19/27
#NNI moves:0/236
Guide Tree 20/27
#NNI moves:0/236
Guide Tree 21/27
#NNI moves:0/236
Guide Tree 22/27
#NNI moves:0/236
Guide Tree 23/27
#NNI moves:0/236
Guide Tree 24/27
#NNI moves:0/236
Guide Tree 25/27
#NNI moves:1/236
Guide Tree 26/27
#NNI moves:0/236
Remaining: 0
#NNI moves:4/236
#NNI moves:4/236
(((((((((((((((((((T115,T179),T171),T134),(T200,T52)),((((T9,T125),T84),((T89,T140),T184)),T56)),(((T173,T152),(T133,T75)),(((T29,((T181,T147),T182)),((T33,T100),(T20,T31))),(T10,T110)))),(((((T105,(T81,T112)),T104),((T142,T183),T157)),T193),T24)),((T170,T12),((((T85,T45),T136),T72),T96))),((((((T25,(((T103,(T30,T54)),(T164,T23)),T178)),(((T74,(T149,(T19,T6))),T8),T143)),T78),((T5,T49),((T151,T132),T47))),((T59,T196),T161)),((T22,T154),(T18,(T39,(T64,T118)))))),((((T195,T191),((T146,(T117,T109)),(T141,T3))),(((T83,T51),((T76,T135),(T186,T187))),T156)),T108)),(((((T120,(T155,T86)),T121),(T111,T190)),((((T194,T177),(T1,(T127,T145))),(T37,T124)),(((T71,T101),T98),T27))),(((T50,((((T15,(T80,T167)),T168),((T188,T35),T41)),(T107,T73))),(((T192,T197),T11),((T169,T172),(T116,T106)))),(((T113,T87),(T67,(T199,T58))),(T40,(T43,T82)))))),((((((((T66,T62),T79),(T97,(T68,T16))),T148),((((T99,T174),T14),T160),T129)),((((T36,(T138,T44)),(T175,(T158,T91))),(((T63,T7),(T61,T93)),T57)),(((((T131,T137),T126),((((T34,(T53,(T88,T114))),T144),T128),T60)),(((T123,T17),T139),T159)),(T32,T55)))),((((((T42,(T185,T122)),T119),(T26,T21)),((T176,T163),(T162,T92))),T46),((T180,((T94,T48),T189)),T2))),T0)),(((T65,T198),(T166,T13)),T130)),(T153,T70)),(((T150,(T4,T95)),T28),T165)),T69),T38),(T77,T102)),T90);
Initial score: 3.88825e+10
Initial tree: (((((((((((((((((((T115,T179),T171),T134),(T200,T52)),((((T9,T125),T84),((T89,T140),T184)),T56)),(((T173,T152),(T133,T75)),(((T29,((T181,T147),T182)),((T33,T100),(T20,T31))),(T10,T110)))),(((((T105,(T81,T112)),T104),((T142,T183),T157)),T193),T24)),((T170,T12),((((T85,T45),T136),T72),T96))),((((((T25,(((T103,(T30,T54)),(T164,T23)),T178)),(((T74,(T149,(T19,T6))),T8),T143)),T78),((T5,T49),((T151,T132),T47))),((T59,T196),T161)),((T22,T154),(T18,(T39,(T64,T118)))))),((((T195,T191),((T146,(T117,T109)),(T141,T3))),(((T83,T51),((T76,T135),(T186,T187))),T156)),T108)),(((((T120,(T155,T86)),T121),(T111,T190)),((((T194,T177),(T1,(T127,T145))),(T37,T124)),(((T71,T101),T98),T27))),(((T50,((((T15,(T80,T167)),T168),((T188,T35),T41)),(T107,T73))),(((T192,T197),T11),((T169,T172),(T116,T106)))),(((T113,T87),(T67,(T199,T58))),(T40,(T43,T82)))))),((((((((T66,T62),T79),(T97,(T68,T16))),T148),((((T99,T174),T14),T160),T129)),((((T36,(T138,T44)),(T175,(T158,T91))),(((T63,T7),(T61,T93)),T57)),(((((T131,T137),T126),((((T34,(T53,(T88,T114))),T144),T128),T60)),(((T123,T17),T139),T159)),(T32,T55)))),((((((T42,(T185,T122)),T119),(T26,T21)),((T176,T163),(T162,T92))),T46),((T180,((T94,T48),T189)),T2))),T0)),(((T65,T198),(T166,T13)),T130)),(T153,T70)),(((T150,(T4,T95)),T28),T165)),T69),T38),(T77,T102)),T90);
*** Subsample Process ***
Use two-step algorithm!
#NNI moves:0/236
Remaining: 0
#NNI moves:5/236
#NNI moves:5/236
(((((((((((((((((((T138,T44),T36),((T91,T158),T175)),(((T7,T63),(T93,T61)),T57)),(((((T131,T137),T126),(((((T53,(T88,T114)),T34),T144),T128),T60)),(((T123,T17),T139),T159)),(T32,T55))),(((T160,((T174,T99),T14)),T129),((((T66,T62),T79),((T68,T16),T97)),T148))),(((((((T122,T185),T42),T119),(T21,T26)),((T163,T176),(T162,T92))),T46),((T180,((T94,T48),T189)),T2))),T0),(((((((T77,T102),T90),T38),T69),((((T95,T4),T150),T28),T165)),(T153,T70)),(((T198,T65),(T166,T13)),T130))),(((((T124,T37),(((T145,T127),T1),(T194,T177))),(((T101,T71),T98),T27)),(((T120,(T155,T86)),T121),(T111,T190))),((((T67,(T199,T58)),(T87,T113)),((T82,T43),T40)),((T50,((T73,T107),((T168,(T15,(T167,T80))),((T35,T188),T41)))),(((T192,T197),T11),((T116,T106),(T172,T169))))))),((((T195,T191),((T146,(T109,T117)),(T141,T3))),((((T76,T135),(T187,T186)),(T51,T83)),T156)),T108)),((((((((((T30,T54),T103),(T164,T23)),T178),T25),((T8,(T74,((T6,T19),T149))),T143)),T78),((T5,T49),((T151,T132),T47))),((T59,T196),T161)),(((T39,(T64,T118)),T18),(T22,T154)))),((T170,T12),((T72,((T85,T45),T136)),T96))),(((((T105,(T112,T81)),T104),((T142,T183),T157)),T193),T24)),(((T173,T152),(T133,T75)),((((T100,T33),(T20,T31)),(T29,(T182,(T181,T147)))),(T10,T110)))),((((T89,T140),T184),((T9,T125),T84)),T56)),((T171,(T179,T115)),T134)),T200),T52);
#NNI moves:0/236
Remaining: 3
#NNI moves:0/236
#NNI moves:0/236
((((((((((((((((((((((T30,T54),T103),(T23,T164)),T178),T25),(T143,(T8,(T74,((T19,T6),T149))))),T78),(((T132,T151),T47),(T49,T5))),((T59,T196),T161)),((T154,T22),(((T118,T64),T39),T18))),((((((((T140,T89),T184),(T84,(T9,T125))),T56),((T52,T200),(T134,(T171,(T179,T115))))),(((((T31,T20),(T33,T100)),((T182,(T147,T181)),T29)),(T110,T10)),((T133,T75),(T173,T152)))),((((T157,(T142,T183)),(((T81,T112),T105),T104)),T193),T24)),((T170,T12),(T96,(T72,((T85,T45),T136)))))),((((T191,T195),(((T109,T117),T146),(T3,T141))),((((T135,T76),(T186,T187)),(T51,T83)),T156)),T108)),(((((T37,T124),(((T145,T127),T1),(T177,T194))),(((T71,T101),T98),T27)),((((T86,T155),T120),T121),(T111,T190))),(((((T199,T58),T67),(T113,T87)),(T40,(T82,T43))),((((((T35,T188),T41),(T168,(T15,(T80,T167)))),(T73,T107)),T50),(((T169,T172),(T116,T106)),((T197,T192),T11)))))),((((((((T62,T66),T79),((T68,T16),T97)),T148),(T129,((T14,(T99,T174)),T160))),((((((((((T114,T88),T53),T34),T144),T128),T60),((T137,T131),T126)),(((T17,T123),T139),T159)),(T55,T32)),((((T138,T44),T36),(T175,(T91,T158))),(((T63,T7),(T93,T61)),T57)))),(((((T119,((T185,T122),T42)),(T21,T26)),((T162,T92),(T163,T176))),T46),((T180,((T94,T48),T189)),T2))),T0)),(((T166,T13),(T65,T198)),T130)),(T153,T70)),(((T150,(T4,T95)),T28),T165)),T69),T38),T90),T102),T77);
#NNI moves:0/236
Remaining: 0
#NNI moves:1/236
#NNI moves:1/236
(((((((((((((((((T66,T62),T79),((T16,T68),T97)),T148),(T129,(((T174,T99),T14),T160))),(((((T93,T61),(T7,T63)),T57),(((T138,T44),T36),(T175,(T91,T158)))),(((((T137,T131),T126),(T60,(((T34,((T114,T88),T53)),T144),T128))),((T139,(T17,T123)),T159)),(T32,T55)))),(((((((T122,T185),T42),T119),(T26,T21)),((T163,T176),(T162,T92))),T46),(T2,((T189,(T48,T94)),T180)))),T0),((((T13,T166),(T65,T198)),T130),((T70,T153),((T69,(((T102,T77),T90),T38)),((((T4,T95),T150),T28),T165))))),((((((T172,T169),(T106,T116)),(T11,(T197,T192))),((((((T80,T167),T15),T168),((T188,T35),T41)),(T73,T107)),T50)),((T40,(T43,T82)),(((T58,T199),T67),(T87,T113)))),((((T124,T37),(((T127,T145),T1),(T194,T177))),(((T71,T101),T98),T27)),((((T86,T155),T120),T121),(T111,T190))))),((((((T109,T117),T146),(T3,T141)),(T191,T195)),(T156,(((T186,T187),(T135,T76)),(T51,T83)))),T108)),((((((T110,T10),((((T181,T147),T182),T29),((T20,T31),(T100,T33)))),((T152,T173),(T133,T75))),(((T200,T52),(((T115,T179),T171),T134)),(T56,(((T140,T89),T184),(T84,(T125,T9)))))),(((((T142,T183),T157),((T105,(T112,T81)),T104)),T193),T24)),(((T72,(T136,(T85,T45))),T96),(T170,T12)))),((((((((T164,T23),(T103,(T30,T54))),T178),T25),(((((T6,T19),T149),T74),T8),T143)),T78),((T5,T49),((T132,T151),T47))),((T59,T196),T161))),(T22,T154)),T18),(T118,T64)),T39);
#NNI moves:0/236
Remaining: 0
#NNI moves:3/236
#NNI moves:3/236
(((((((((((((((((((((T164,T23),(T103,(T30,T54))),T178),T25),((T8,(((T19,T6),T149),T74)),T143)),T78),(((T151,T132),T47),(T49,T5))),((T59,T196),T161)),((((T118,T64),T39),T18),(T22,T154))),((((((T110,T10),((((T147,T181),T182),T29),((T20,T31),(T33,T100)))),((T75,T133),(T152,T173))),(((T52,T200),(T134,((T115,T179),T171))),((((T9,T125),T84),(T184,(T89,T140))),T56))),(((((T105,(T112,T81)),T104),((T183,T142),T157)),T193),T24)),((T96,(((T45,T85),T136),T72)),(T12,T170)))),((((((T109,T117),T146),(T141,T3)),(T191,T195)),(T156,((T51,T83),((T187,T186),(T76,T135))))),T108)),((((((((T35,T188),T41),(((T80,T167),T15),T168)),(T73,T107)),T50),(((T172,T169),(T106,T116)),((T197,T192),T11))),(((T43,T82),T40),((T113,T87),(T67,(T58,T199))))),(((T111,T190),(((T155,T86),T120),T121)),(((((T127,T145),T1),(T177,T194)),(T124,T37)),((T98,(T71,T101)),T27))))),(((((((((((((T88,T114),T53),T34),T144),T128),T60),((T131,T137),T126)),(((T123,T17),T139),T159)),(T32,T55)),((((T61,T93),(T7,T63)),T57),(((T91,T158),T175),((T138,T44),T36)))),(((((T66,T62),T79),((T68,T16),T97)),T148),((((T174,T99),T14),T160),T129))),(((((T92,T162),(T176,T163)),((T21,T26),(((T185,T122),T42),T119))),T46),((((T94,T48),T189),T180),T2))),T0)),(((T13,T166),(T65,T198)),T130)),(T153,T70)),((((T4,T95),T150),T28),T165)),T69),T38),T90),T102),T77);
Current score: 3.88825e+10
Current tree: ((((((((((((((((((((T164,T23),(T103,(T30,T54))),T178),T25),((T8,(((T19,T6),T149),T74)),T143)),T78),(((T151,T132),T47),(T49,T5))),((T59,T196),T161)),((((T118,T64),T39),T18),(T22,T154))),((((((T110,T10),((((T147,T181),T182),T29),((T20,T31),(T33,T100)))),((T75,T133),(T152,T173))),(((T52,T200),(T134,((T115,T179),T171))),((((T9,T125),T84),(T184,(T89,T140))),T56))),(((((T105,(T112,T81)),T104),((T183,T142),T157)),T193),T24)),((T96,(((T45,T85),T136),T72)),(T12,T170)))),((((((T109,T117),T146),(T141,T3)),(T191,T195)),(T156,((T51,T83),((T187,T186),(T76,T135))))),T108)),((((((((T35,T188),T41),(((T80,T167),T15),T168)),(T73,T107)),T50),(((T172,T169),(T106,T116)),((T197,T192),T11))),(((T43,T82),T40),((T113,T87),(T67,(T58,T199))))),(((T111,T190),(((T155,T86),T120),T121)),(((((T127,T145),T1),(T177,T194)),(T124,T37)),((T98,(T71,T101)),T27))))),(((((((((((((T88,T114),T53),T34),T144),T128),T60),((T131,T137),T126)),(((T123,T17),T139),T159)),(T32,T55)),((((T61,T93),(T7,T63)),T57),(((T91,T158),T175),((T138,T44),T36)))),(((((T66,T62),T79),((T68,T16),T97)),T148),((((T174,T99),T14),T160),T129))),(((((T92,T162),(T176,T163)),((T21,T26),(((T185,T122),T42),T119))),T46),((((T94,T48),T189),T180),T2))),T0)),(((T13,T166),(T65,T198)),T130)),(T153,T70)),((((T4,T95),T150),T28),T165)),T69),T38),(T102,T77)),T90);
Final Tree: ((((((((((((((((((((T164,T23),(T103,(T30,T54))),T178),T25),((T8,(((T19,T6),T149),T74)),T143)),T78),(((T151,T132),T47),(T49,T5))),((T59,T196),T161)),((((T118,T64),T39),T18),(T22,T154))),((((((T110,T10),((((T147,T181),T182),T29),((T20,T31),(T33,T100)))),((T75,T133),(T152,T173))),(((T52,T200),(T134,((T115,T179),T171))),((((T9,T125),T84),(T184,(T89,T140))),T56))),(((((T105,(T112,T81)),T104),((T183,T142),T157)),T193),T24)),((T96,(((T45,T85),T136),T72)),(T12,T170)))),((((((T109,T117),T146),(T141,T3)),(T191,T195)),(T156,((T51,T83),((T187,T186),(T76,T135))))),T108)),((((((((T35,T188),T41),(((T80,T167),T15),T168)),(T73,T107)),T50),(((T172,T169),(T106,T116)),((T197,T192),T11))),(((T43,T82),T40),((T113,T87),(T67,(T58,T199))))),(((T111,T190),(((T155,T86),T120),T121)),(((((T127,T145),T1),(T177,T194)),(T124,T37)),((T98,(T71,T101)),T27))))),(((((((((((((T88,T114),T53),T34),T144),T128),T60),((T131,T137),T126)),(((T123,T17),T139),T159)),(T32,T55)),((((T61,T93),(T7,T63)),T57),(((T91,T158),T175),((T138,T44),T36)))),(((((T66,T62),T79),((T68,T16),T97)),T148),((((T174,T99),T14),T160),T129))),(((((T92,T162),(T176,T163)),((T21,T26),(((T185,T122),T42),T119))),T46),((((T94,T48),T189),T180),T2))),T0)),(((T13,T166),(T65,T198)),T130)),(T153,T70)),((((T4,T95),T150),T28),T165)),T69),T38),(T102,T77)),T90);
Score: 3.888250665e+10

real	1m16.468s
user	23m45.107s
sys	0m20.635s
