Weighted ASTRAL - Hybrid
Version: v1.13.2.3
#Genetrees: 2000
#Species: 201
#Rounds: 4
#Samples: 4
#Threads: 32
Use two-step algorithm!
Guide Tree 0/27
#NNI moves:0/236
Guide Tree 1/27
#NNI moves:0/236
Guide Tree 2/27
#NNI moves:0/236
Guide Tree 3/27
#NNI moves:0/236
Guide Tree 4/27
#NNI moves:0/236
Guide Tree 5/27
#NNI moves:0/236
Guide Tree 6/27
#NNI moves:0/236
Guide Tree 7/27
#NNI moves:0/236
Guide Tree 8/27
#NNI moves:0/236
Guide Tree 9/27
#NNI moves:0/236
Guide Tree 10/27
#NNI moves:0/236
Guide Tree 11/27
#NNI moves:0/236
Guide Tree 12/27
#NNI moves:0/236
Guide Tree 13/27
#NNI moves:0/236
Guide Tree 14/27
#NNI moves:0/236
Guide Tree 15/27
#NNI moves:0/236
Guide Tree 16/27
#NNI moves:0/236
Guide Tree 17/27
#NNI moves:0/236
Guide Tree 18/27
#NNI moves:0/236
Guide Tree 19/27
#NNI moves:0/236
Guide Tree 20/27
#NNI moves:0/236
Guide Tree 21/27
#NNI moves:0/236
Guide Tree 22/27
#NNI moves:0/236
Guide Tree 23/27
#NNI moves:0/236
Guide Tree 24/27
#NNI moves:0/236
Guide Tree 25/27
#NNI moves:0/236
Guide Tree 26/27
#NNI moves:0/236
Remaining: 0
#NNI moves:0/236
#NNI moves:0/236
((((((((((((((((T83,(T154,T84)),T196),T135),(((T118,T159),T146),(T86,T177))),(((((((T170,(T186,(T71,T87))),T148),(T54,T17)),((T89,T18),(T107,T51))),((T74,T149),T36)),(T68,T23)),(((T70,T172),T42),T22))),(T32,(T113,T31))),(((T129,T60),(T46,T179)),(((T191,T66),T198),(((T188,T24),T133),T91)))),((((((((T136,T12),((T8,T99),(T138,T39))),(T124,T109)),(T169,T153)),T122),((T139,(((T100,T29),T21),(T98,T20))),((T162,T94),T160))),((T190,T155),T178)),((((((T173,T110),((T157,T123),T140)),T185),T92),T56),(T40,T52)))),((((T115,(T50,T103)),((((T187,T77),T193),T25),((T73,(T1,T111)),T175))),((((T127,T126),(T96,(T143,T10))),(T194,T62)),T49)),(((T119,(T72,T108)),T200),T78))),((((((((((T164,T44),T184),T88),T134),(((((T156,T102),T158),T6),T128),(T189,T166))),T33),((T80,T130),T19)),T81),T93),(((T152,T106),T30),(((T43,T38),T125),T168)))),((((T16,T165),((T35,T90),T7)),(T151,T65)),T0)),((((((((((((((T48,T82),T163),T61),((T112,T34),T104)),T199),(T147,T171)),(T76,T3)),((T85,((T161,T45),T58)),T53)),((((T174,T97),T183),T192),(T176,T197))),(T28,T142)),T4),((((T167,T79),(T63,T132)),(T13,T2)),T121)),((T145,((T5,T116),T26)),(T141,T137))),(((T131,T57),(T67,T180)),(((T195,T47),T27),T59)))),(((T150,T14),((T181,T37),T75)),(((T55,T144),T11),(T105,T15)))),((T117,T120),(T182,T9))),((T69,(T41,T95)),(T114,T101))),T64);
Guide Tree 0/27
#NNI moves:0/236
Guide Tree 1/27
#NNI moves:0/236
Guide Tree 2/27
#NNI moves:0/236
Guide Tree 3/27
#NNI moves:0/236
Guide Tree 4/27
#NNI moves:0/236
Guide Tree 5/27
#NNI moves:0/236
Guide Tree 6/27
#NNI moves:0/236
Guide Tree 7/27
#NNI moves:0/236
Guide Tree 8/27
#NNI moves:0/236
Guide Tree 9/27
#NNI moves:0/236
Guide Tree 10/27
#NNI moves:0/236
Guide Tree 11/27
#NNI moves:0/236
Guide Tree 12/27
#NNI moves:0/236
Guide Tree 13/27
#NNI moves:0/236
Guide Tree 14/27
#NNI moves:0/236
Guide Tree 15/27
#NNI moves:0/236
Guide Tree 16/27
#NNI moves:0/236
Guide Tree 17/27
#NNI moves:0/236
Guide Tree 18/27
#NNI moves:0/236
Guide Tree 19/27
#NNI moves:0/236
Guide Tree 20/27
#NNI moves:0/236
Guide Tree 21/27
#NNI moves:0/236
Guide Tree 22/27
#NNI moves:0/236
Guide Tree 23/27
#NNI moves:0/236
Guide Tree 24/27
#NNI moves:0/236
Guide Tree 25/27
#NNI moves:0/236
Guide Tree 26/27
#NNI moves:0/236
Remaining: 0
#NNI moves:11/236
#NNI moves:11/236
((((((((((((((((T140,(T157,T123)),(T110,T173)),T185),T92),T56),(T52,T40)),((((((((T39,T138),(T99,T8)),(T136,T12)),(T124,T109)),(T169,T153)),T122),((T139,(((T29,T100),T21),(T98,T20))),((T94,T162),T160))),(T178,(T190,T155)))),(((((((((((T186,(T87,T71)),T170),T148),(T17,T54)),((T89,T18),(T107,T51))),((T149,T74),T36)),(T23,T68)),(((T172,T70),T42),T22)),(((T177,T86),((T159,T118),T146)),(T135,(((T154,T84),T83),T196)))),(T32,(T113,T31))),((((T133,(T24,T188)),T91),((T191,T66),T198)),((T60,T129),(T46,T179))))),(((((((T111,T1),T73),T175),(((T77,T187),T193),T25)),((T50,T103),T115)),(((T194,T62),(((T10,T143),T96),(T126,T127))),T49)),((((T72,T108),T119),T200),T78))),((((((((T128,(((T102,T156),T158),T6)),(T189,T166)),((((T164,T44),T184),T88),T134)),T33),(T19,(T80,T130))),T81),T93),(((T125,(T43,T38)),T168),((T152,T106),T30)))),((((T165,T16),((T90,T35),T7)),(T151,T65)),T0)),((((((((((((T61,((T48,T82),T163)),((T34,T112),T104)),T199),(T147,T171)),(T76,T3)),((((T161,T45),T58),T85),T53)),(((T183,(T174,T97)),T192),(T176,T197))),(T142,T28)),T4),((((T63,T132),(T79,T167)),(T13,T2)),T121)),((T141,T137),(((T5,T116),T26),T145))),(((T131,T57),(T180,T67)),(((T195,T47),T27),T59)))),(((T150,T14),(T75,(T37,T181))),((T105,T15),(T11,(T55,T144))))),((T182,T9),(T120,T117))),((T114,T101),(T69,(T41,T95)))),T64);
Guide Tree 0/27
#NNI moves:0/236
Guide Tree 1/27
#NNI moves:0/236
Guide Tree 2/27
#NNI moves:0/236
Guide Tree 3/27
#NNI moves:0/236
Guide Tree 4/27
#NNI moves:3/236
Guide Tree 5/27
#NNI moves:0/236
Guide Tree 6/27
#NNI moves:0/236
Guide Tree 7/27
#NNI moves:0/236
Guide Tree 8/27
#NNI moves:0/236
Guide Tree 9/27
#NNI moves:0/236
Guide Tree 10/27
#NNI moves:0/236
Guide Tree 11/27
#NNI moves:0/236
Guide Tree 12/27
#NNI moves:0/236
Guide Tree 13/27
#NNI moves:1/236
Guide Tree 14/27
#NNI moves:0/236
Guide Tree 15/27
#NNI moves:0/236
Guide Tree 16/27
#NNI moves:3/236
Guide Tree 17/27
#NNI moves:0/236
Guide Tree 18/27
#NNI moves:0/236
Guide Tree 19/27
#NNI moves:0/236
Guide Tree 20/27
#NNI moves:0/236
Guide Tree 21/27
#NNI moves:3/236
Guide Tree 22/27
#NNI moves:0/236
Guide Tree 23/27
#NNI moves:0/236
Guide Tree 24/27
#NNI moves:0/236
Guide Tree 25/27
#NNI moves:0/236
Guide Tree 26/27
#NNI moves:0/236
Remaining: 0
#NNI moves:1/236
#NNI moves:1/236
(((((((((((((((((((((T71,T87),T186),T170),T148),(T54,T17)),((T51,T107),(T89,T18))),((T74,T149),T36)),(T68,T23)),((T42,(T172,T70)),T22)),(((((T84,T154),T83),T196),T135),(((T118,T159),T146),(T177,T86)))),((T113,T31),T32)),(((((T24,T188),T133),T91),(T198,(T191,T66))),((T46,T179),(T60,T129)))),((((((((T100,T29),T21),(T98,T20)),T139),((T94,T162),T160)),((((T109,T124),(((T8,T99),(T39,T138)),(T136,T12))),(T169,T153)),T122)),((T190,T155),T178)),((((((T110,T173),(T140,(T123,T157))),T185),T92),T56),(T40,T52)))),((((((T96,(T10,T143)),(T126,T127)),(T194,T62)),T49),(((((T187,T77),T193),T25),((T73,(T111,T1)),T175)),((T103,T50),T115))),((T200,((T72,T108),T119)),T78))),(((((T33,((((T6,((T156,T102),T158)),T128),(T189,T166)),((((T164,T44),T184),T88),T134))),((T80,T130),T19)),T81),T93),(((T152,T106),T30),(((T38,T43),T125),T168)))),(((((T35,T90),T7),(T165,T16)),(T151,T65)),T0)),(((((((((T76,T3),(((((T112,T34),T104),((T163,(T48,T82)),T61)),T199),(T147,T171))),(T53,((T58,(T161,T45)),T85))),((((T174,T97),T183),T192),(T176,T197))),(T28,T142)),T4),((((T63,T132),(T79,T167)),(T13,T2)),T121)),((T145,(T26,(T116,T5))),(T141,T137))),(((T57,T131),(T67,T180)),(((T47,T195),T27),T59)))),(((T11,(T144,T55)),(T105,T15)),((T14,T150),((T37,T181),T75)))),((T182,T9),(T120,T117))),(((T41,T95),T69),(T101,T114))),T64);
Guide Tree 0/27
#NNI moves:0/236
Guide Tree 1/27
#NNI moves:0/236
Guide Tree 2/27
#NNI moves:0/236
Guide Tree 3/27
#NNI moves:3/236
Guide Tree 4/27
#NNI moves:0/236
Guide Tree 5/27
#NNI moves:0/236
Guide Tree 6/27
#NNI moves:0/236
Guide Tree 7/27
#NNI moves:0/236
Guide Tree 8/27
#NNI moves:0/236
Guide Tree 9/27
#NNI moves:0/236
Guide Tree 10/27
#NNI moves:0/236
Guide Tree 11/27
#NNI moves:0/236
Guide Tree 12/27
#NNI moves:0/236
Guide Tree 13/27
#NNI moves:0/236
Guide Tree 14/27
#NNI moves:0/236
Guide Tree 15/27
#NNI moves:0/236
Guide Tree 16/27
#NNI moves:0/236
Guide Tree 17/27
#NNI moves:0/236
Guide Tree 18/27
#NNI moves:0/236
Guide Tree 19/27
#NNI moves:1/236
Guide Tree 20/27
#NNI moves:0/236
Guide Tree 21/27
#NNI moves:0/236
Guide Tree 22/27
#NNI moves:1/236
Guide Tree 23/27
#NNI moves:0/236
Guide Tree 24/27
#NNI moves:0/236
Guide Tree 25/27
#NNI moves:0/236
Guide Tree 26/27
#NNI moves:3/236
Remaining: 0
#NNI moves:0/236
#NNI moves:0/236
(((((((((((((((T162,T94),T160),(T139,(((T29,T100),T21),(T98,T20)))),((((((T138,T39),(T99,T8)),(T12,T136)),(T124,T109)),(T169,T153)),T122)),(T178,(T190,T155))),(((T92,(((T110,T173),(T140,(T123,T157))),T185)),T56),(T52,T40))),(((((((((T54,T17),((T170,(T186,(T71,T87))),T148)),((T18,T89),(T107,T51))),(T36,(T149,T74))),(T68,T23)),((T42,(T70,T172)),T22)),(((((T154,T84),T83),T196),T135),(((T118,T159),T146),(T177,T86)))),((T31,T113),T32)),((((T133,(T24,T188)),T91),((T191,T66),T198)),((T179,T46),(T60,T129))))),(((((((T143,T10),T96),(T127,T126)),(T62,T194)),T49),(((((T1,T111),T73),T175),(((T77,T187),T193),T25)),(T115,(T103,T50)))),(((T119,(T72,T108)),T200),T78))),((((((((T189,T166),((((T156,T102),T158),T6),T128)),((((T44,T164),T184),T88),T134)),T33),((T130,T80),T19)),T81),T93),(((T125,(T38,T43)),T168),(T30,(T106,T152))))),(((((T90,T35),T7),(T165,T16)),(T151,T65)),T0)),(((((((((T3,T76),((T171,T147),(((((T82,T48),T163),T61),((T112,T34),T104)),T199))),(T53,(((T161,T45),T58),T85))),((T197,T176),((T183,(T97,T174)),T192))),(T142,T28)),T4),(((T2,T13),((T63,T132),(T79,T167))),T121)),((T137,T141),(((T5,T116),T26),T145))),(((T27,(T195,T47)),T59),((T57,T131),(T180,T67))))),(((T150,T14),((T37,T181),T75)),((T15,T105),(T11,(T144,T55))))),((T9,T182),(T120,T117))),((T69,(T95,T41)),(T114,T101))),T64);
Initial score: 2.54234e+10
Initial tree: (((((((((((((((T162,T94),T160),(T139,(((T29,T100),T21),(T98,T20)))),((((((T138,T39),(T99,T8)),(T12,T136)),(T124,T109)),(T169,T153)),T122)),(T178,(T190,T155))),(((T92,(((T110,T173),(T140,(T123,T157))),T185)),T56),(T52,T40))),(((((((((T54,T17),((T170,(T186,(T71,T87))),T148)),((T18,T89),(T107,T51))),(T36,(T149,T74))),(T68,T23)),((T42,(T70,T172)),T22)),(((((T154,T84),T83),T196),T135),(((T118,T159),T146),(T177,T86)))),((T31,T113),T32)),((((T133,(T24,T188)),T91),((T191,T66),T198)),((T179,T46),(T60,T129))))),(((((((T143,T10),T96),(T127,T126)),(T62,T194)),T49),(((((T1,T111),T73),T175),(((T77,T187),T193),T25)),(T115,(T103,T50)))),(((T119,(T72,T108)),T200),T78))),((((((((T189,T166),((((T156,T102),T158),T6),T128)),((((T44,T164),T184),T88),T134)),T33),((T130,T80),T19)),T81),T93),(((T125,(T38,T43)),T168),(T30,(T106,T152))))),(((((T90,T35),T7),(T165,T16)),(T151,T65)),T0)),(((((((((T3,T76),((T171,T147),(((((T82,T48),T163),T61),((T112,T34),T104)),T199))),(T53,(((T161,T45),T58),T85))),((T197,T176),((T183,(T97,T174)),T192))),(T142,T28)),T4),(((T2,T13),((T63,T132),(T79,T167))),T121)),((T137,T141),(((T5,T116),T26),T145))),(((T27,(T195,T47)),T59),((T57,T131),(T180,T67))))),(((T150,T14),((T37,T181),T75)),((T15,T105),(T11,(T144,T55))))),((T9,T182),(T120,T117))),((T69,(T95,T41)),(T114,T101))),T64);
*** Subsample Process ***
Use two-step algorithm!
#NNI moves:0/236
Remaining: 0
#NNI moves:10/236
#NNI moves:10/236
((((((((((((((((((((((((T3,T76),((((T61,((T82,T48),T163)),((T112,T34),T104)),T199),(T147,T171))),((((T161,T45),T58),T85),T53)),((((T97,T174),T183),T192),(T176,T197))),(T28,T142)),T4),(((T13,T2),((T63,T132),(T167,T79))),T121)),((T145,((T116,T5),T26)),(T137,T141))),(((T27,(T47,T195)),T59),((T180,T67),(T57,T131)))),((((T11,(T55,T144)),(T105,T15)),((T14,T150),(T75,(T37,T181)))),((((T69,(T95,T41)),(T101,T114)),T64),((T120,T117),(T182,T9))))),(((((T90,T35),T7),(T165,T16)),(T151,T65)),T0)),(((T30,(T152,T106)),((T125,(T43,T38)),T168)),((((T19,(T80,T130)),((((T189,T166),(((T158,(T102,T156)),T6),T128)),(T134,(T88,((T44,T164),T184)))),T33)),T81),T93))),(((((T62,T194),((T127,T126),((T10,T143),T96))),T49),(((((T187,T77),T193),T25),(((T111,T1),T73),T175)),((T50,T103),T115))),(T78,(((T72,T108),T119),T200)))),(((((((((T17,T54),((T170,(T186,(T71,T87))),T148)),((T18,T89),(T51,T107))),((T149,T74),T36)),(T68,T23)),(((T70,T172),T42),T22)),(((T177,T86),((T118,T159),T146)),(((T83,(T84,T154)),T196),T135))),((T31,T113),T32)),(((T60,T129),(T46,T179)),(((T133,(T24,T188)),T91),((T191,T66),T198))))),((((T185,((T110,T173),((T123,T157),T140))),T92),T56),(T40,T52))),(T178,(T155,T190))),(((((T29,T100),T21),(T20,T98)),T139),((T162,T94),T160))),T122),(T153,T169)),(T124,T109)),(T136,T12)),(T99,T8)),T39),T138);
#NNI moves:0/236
Remaining: 0
#NNI moves:0/236
#NNI moves:0/236
(((((((((((((((((((T149,T74),T36),(((T89,T18),(T51,T107)),((((T186,(T71,T87)),T170),T148),(T17,T54)))),(T68,T23)),(T22,(T42,(T70,T172)))),((((T118,T159),T146),(T177,T86)),(((T83,(T154,T84)),T196),T135))),((T31,T113),T32)),(((((T188,T24),T133),T91),(T198,(T191,T66))),((T179,T46),(T129,T60)))),(((((((T173,T110),((T123,T157),T140)),T185),T92),T56),(T40,T52)),((((T160,(T162,T94)),(((T98,T20),((T100,T29),T21)),T139)),((((((T99,T8),(T39,T138)),(T136,T12)),(T109,T124)),(T169,T153)),T122)),((T190,T155),T178)))),((((((T193,(T187,T77)),T25),((T73,(T1,T111)),T175)),((T103,T50),T115)),(T49,(((T126,T127),((T10,T143),T96)),(T194,T62)))),((T200,((T72,T108),T119)),T78))),((((T106,T152),T30),(((T43,T38),T125),T168)),(((((T80,T130),T19),((((T88,(T184,(T164,T44))),T134),(((((T156,T102),T158),T6),T128),(T189,T166))),T33)),T81),T93))),((((T16,T165),((T35,T90),T7)),(T65,T151)),T0)),(((((((((T76,T3),((((((T82,T48),T163),T61),((T112,T34),T104)),T199),(T147,T171))),((((T161,T45),T58),T85),T53)),((((T97,T174),T183),T192),(T197,T176))),(T28,T142)),T4),((((T132,T63),(T167,T79)),(T13,T2)),T121)),((((T5,T116),T26),T145),(T141,T137))),((T59,(T27,(T47,T195))),((T67,T180),(T57,T131))))),(((T15,T105),(T11,(T144,T55))),((T75,(T37,T181)),(T150,T14)))),((T9,T182),(T117,T120))),T64),(T101,T114)),(T95,T41)),T69);
#NNI moves:0/236
Remaining: 0
#NNI moves:3/236
#NNI moves:3/236
(((((((((((((((((((((T199,((T61,(T163,(T82,T48))),((T112,T34),T104))),(T147,T171)),(T76,T3)),((((T161,T45),T58),T85),T53)),((((T174,T97),T183),T192),(T176,T197))),(T28,T142)),T4),(T121,(((T167,T79),(T132,T63)),(T2,T13)))),((((T5,T116),T26),T145),(T137,T141))),(((T180,T67),(T131,T57)),(T59,((T195,T47),T27)))),(((((T37,T181),T75),(T150,T14)),((T15,T105),((T144,T55),T11))),(((((T41,T95),T69),(T114,T101)),T64),((T182,T9),(T117,T120))))),(T0,((((T90,T35),T7),(T16,T165)),(T151,T65)))),((((T106,T152),T30),(((T43,T38),T125),T168)),((((((((((T102,T156),T158),T6),T128),(T166,T189)),(T134,((T184,(T44,T164)),T88))),T33),((T80,T130),T19)),T81),T93))),(((T49,(((T127,T126),((T10,T143),T96)),(T62,T194))),(((((T77,T187),T193),T25),(T175,((T1,T111),T73))),((T50,T103),T115))),((T200,(T119,(T108,T72))),T78))),((((((((T100,T29),T21),(T98,T20)),T139),((T162,T94),T160)),((((T124,T109),(((T8,T99),(T138,T39)),(T136,T12))),(T169,T153)),T122)),((T190,T155),T178)),((((((T140,(T157,T123)),(T173,T110)),T185),T92),T56),(T40,T52)))),(((((T24,T188),T133),T91),((T66,T191),T198)),((T179,T46),(T129,T60)))),((T113,T31),T32)),((((T36,(T149,T74)),(((((T186,(T87,T71)),T170),T148),(T17,T54)),((T18,T89),(T107,T51)))),(T68,T23)),(((T172,T70),T42),T22))),(((T159,T118),T146),(T86,T177))),((T83,(T84,T154)),T196)),T135);
#NNI moves:0/236
Remaining: 0
#NNI moves:0/236
#NNI moves:0/236
(((((((((((((((((((((T17,T54),(((T186,(T71,T87)),T170),T148)),((T51,T107),(T89,T18))),(T36,(T149,T74))),(T68,T23)),((T42,(T172,T70)),T22)),((((T83,(T154,T84)),T196),T135),((T146,(T159,T118)),(T86,T177)))),(T32,(T31,T113))),((((T133,(T188,T24)),T91),((T66,T191),T198)),((T60,T129),(T179,T46)))),((((((((T100,T29),T21),(T20,T98)),T139),((T94,T162),T160)),(T122,((T169,T153),((((T99,T8),(T39,T138)),(T12,T136)),(T109,T124))))),(T178,(T190,T155))),(((((((T157,T123),T140),(T173,T110)),T185),T92),T56),(T40,T52)))),(((((((T111,T1),T73),T175),(((T187,T77),T193),T25)),(T115,(T103,T50))),(T49,((T62,T194),(((T10,T143),T96),(T127,T126))))),(((T119,(T108,T72)),T200),T78))),(((((((((T184,(T164,T44)),T88),T134),((T128,(((T102,T156),T158),T6)),(T189,T166))),T33),(T19,(T80,T130))),T81),T93),(((T125,(T38,T43)),T168),((T152,T106),T30)))),((((T165,T16),(T7,(T90,T35))),(T65,T151)),T0)),((((((((((T199,(((T112,T34),T104),(((T48,T82),T163),T61))),(T147,T171)),(T3,T76)),((T85,((T45,T161),T58)),T53)),((T197,T176),(T192,(T183,(T174,T97))))),(T28,T142)),T4),((((T63,T132),(T79,T167)),(T2,T13)),T121)),((((T116,T5),T26),T145),(T141,T137))),(((T67,T180),(T57,T131)),(((T47,T195),T27),T59)))),((((T55,T144),T11),(T15,T105)),(((T181,T37),T75),(T150,T14)))),((T182,T9),(T117,T120))),T64),(T101,T114)),T69),T41),T95);
Current score: 2.54234e+10
Current tree: ((((((((((((((((((T17,T54),(((T186,(T71,T87)),T170),T148)),((T51,T107),(T89,T18))),(T36,(T149,T74))),(T68,T23)),((T42,(T172,T70)),T22)),((((T83,(T154,T84)),T196),T135),((T146,(T159,T118)),(T86,T177)))),(T32,(T31,T113))),((((T133,(T188,T24)),T91),((T66,T191),T198)),((T60,T129),(T179,T46)))),((((((((T100,T29),T21),(T20,T98)),T139),((T94,T162),T160)),(T122,((T169,T153),((((T99,T8),(T39,T138)),(T12,T136)),(T109,T124))))),(T178,(T190,T155))),(((((((T157,T123),T140),(T173,T110)),T185),T92),T56),(T40,T52)))),(((((((T111,T1),T73),T175),(((T187,T77),T193),T25)),(T115,(T103,T50))),(T49,((T62,T194),(((T10,T143),T96),(T127,T126))))),(((T119,(T108,T72)),T200),T78))),(((((((((T184,(T164,T44)),T88),T134),((T128,(((T102,T156),T158),T6)),(T189,T166))),T33),(T19,(T80,T130))),T81),T93),(((T125,(T38,T43)),T168),((T152,T106),T30)))),((((T165,T16),(T7,(T90,T35))),(T65,T151)),T0)),((((((((((T199,(((T112,T34),T104),(((T48,T82),T163),T61))),(T147,T171)),(T3,T76)),((T85,((T45,T161),T58)),T53)),((T197,T176),(T192,(T183,(T174,T97))))),(T28,T142)),T4),((((T63,T132),(T79,T167)),(T2,T13)),T121)),((((T116,T5),T26),T145),(T141,T137))),(((T67,T180),(T57,T131)),(((T47,T195),T27),T59)))),((((T55,T144),T11),(T15,T105)),(((T181,T37),T75),(T150,T14)))),((T182,T9),(T117,T120))),((T101,T114),(T69,(T41,T95)))),T64);
Use two-step algorithm!
#NNI moves:1/236
Remaining: 0
#NNI moves:3/236
#NNI moves:3/236
(((((((((((((((((((((((((((((T45,T161),T58),T85),T53),(((((T61,((T82,T48),T163)),((T112,T34),T104)),T199),(T171,T147)),(T76,T3))),((((T97,T174),T183),T192),(T197,T176))),(T28,T142)),T4),((((T132,T63),(T79,T167)),(T2,T13)),T121)),((((T5,T116),T26),T145),(T137,T141))),(((T131,T57),(T180,T67)),(((T47,T195),T27),T59))),(((((T101,T114),((T41,T95),T69)),T64),((T9,T182),(T120,T117))),((((T144,T55),T11),(T105,T15)),((T150,T14),((T37,T181),T75))))),(T0,(((T16,T165),((T35,T90),T7)),(T65,T151)))),((((T106,T152),T30),(T168,((T43,T38),T125))),(((((((((T44,T164),T184),T88),T134),(((((T156,T102),T158),T6),T128),(T166,T189))),T33),((T80,T130),T19)),T81),T93))),(((((T103,T50),T115),((((T111,T1),T73),T175),((T193,(T77,T187)),T25))),((((T127,T126),(T96,(T143,T10))),(T62,T194)),T49)),((T200,((T72,T108),T119)),T78))),(((((((T20,T98),((T29,T100),T21)),T139),((T162,T94),T160)),(((((T12,T136),((T8,T99),(T39,T138))),(T124,T109)),(T153,T169)),T122)),((T190,T155),T178)),((T40,T52),((((((T157,T123),T140),(T173,T110)),T185),T92),T56)))),(((T179,T46),(T60,T129)),((T91,(T133,(T188,T24))),((T66,T191),T198)))),((T113,T31),T32)),(((T196,((T84,T154),T83)),T135),(((T159,T118),T146),(T177,T86)))),(((T172,T70),T42),T22)),(T68,T23)),((T149,T74),T36)),((T89,T18),(T51,T107))),(T54,T17)),T148),T170),T186),T71),T87);
#NNI moves:0/236
Remaining: 0
#NNI moves:0/236
#NNI moves:0/236
(((((((((((((((((((((T170,((T71,T87),T186)),T148),(T17,T54)),((T89,T18),(T51,T107))),(T36,(T149,T74))),(T68,T23)),((T42,(T172,T70)),T22)),(((T177,T86),((T118,T159),T146)),((T196,(T83,(T84,T154))),T135))),((T31,T113),T32)),((((T191,T66),T198),(((T24,T188),T133),T91)),((T179,T46),(T60,T129)))),((((((((T12,T136),((T138,T39),(T8,T99))),(T109,T124)),(T169,T153)),T122),((((T98,T20),((T100,T29),T21)),T139),((T162,T94),T160))),(T178,(T190,T155))),((((((T140,(T157,T123)),(T173,T110)),T185),T92),T56),(T40,T52)))),((((((T96,(T10,T143)),(T126,T127)),(T194,T62)),T49),((((T193,(T77,T187)),T25),((T73,(T111,T1)),T175)),((T103,T50),T115))),((T200,(T119,(T72,T108))),T78))),(((((((((T184,(T44,T164)),T88),T134),((T189,T166),((((T102,T156),T158),T6),T128))),T33),((T80,T130),T19)),T81),T93),((((T38,T43),T125),T168),(T30,(T152,T106))))),(((((T90,T35),T7),(T16,T165)),(T65,T151)),T0)),((((((((((((T104,(T112,T34)),(T61,((T48,T82),T163))),T199),(T147,T171)),(T3,T76)),((((T45,T161),T58),T85),T53)),((((T174,T97),T183),T192),(T176,T197))),(T142,T28)),T4),((((T63,T132),(T167,T79)),(T2,T13)),T121)),((((T116,T5),T26),T145),(T141,T137))),(((T57,T131),(T180,T67)),(T59,(T27,(T195,T47)))))),(((T15,T105),((T144,T55),T11)),((T14,T150),((T37,T181),T75)))),((T120,T117),(T182,T9))),T64),(T69,(T41,T95))),T101),T114);
#NNI moves:0/236
Remaining: 0
#NNI moves:4/236
#NNI moves:4/236
(((((((((((((((((((((((((((T82,T48),T163),T61),(T104,(T112,T34))),T199),(T147,T171)),(T3,T76)),(((T58,(T161,T45)),T85),T53)),(((T183,(T174,T97)),T192),(T197,T176))),(T142,T28)),T4),((((T132,T63),(T167,T79)),(T13,T2)),T121)),((T137,T141),(((T116,T5),T26),T145))),(((T27,(T47,T195)),T59),((T57,T131),(T67,T180)))),(((((T37,T181),T75),(T150,T14)),(((T55,T144),T11),(T15,T105))),(((((T95,T41),T69),(T114,T101)),T64),((T117,T120),(T182,T9))))),(((((T35,T90),T7),(T16,T165)),(T151,T65)),T0)),(((((T43,T38),T125),T168),((T106,T152),T30)),(((((((((T158,(T102,T156)),T6),T128),(T189,T166)),(((T184,(T44,T164)),T88),T134)),T33),((T80,T130),T19)),T81),T93))),(((((((T187,T77),T193),T25),(((T1,T111),T73),T175)),((T50,T103),T115)),((((T127,T126),((T143,T10),T96)),(T62,T194)),T49)),(T78,(T200,((T108,T72),T119))))),(((((((((T39,T138),(T8,T99)),(T12,T136)),(T109,T124)),(T169,T153)),T122),((T139,(((T29,T100),T21),(T20,T98))),(T160,(T162,T94)))),((T190,T155),T178)),((T52,T40),(((((T173,T110),((T123,T157),T140)),T185),T92),T56)))),((((T66,T191),T198),(((T24,T188),T133),T91)),((T179,T46),(T129,T60)))),((T31,T113),T32)),(((((T154,T84),T83),T196),T135),(((T118,T159),T146),(T177,T86)))),((T42,(T172,T70)),T22)),(T68,T23)),((((((T87,T71),T186),T170),T148),(T54,T17)),((T51,T107),(T89,T18)))),(T74,T149)),T36);
#NNI moves:3/236
Remaining: 0
#NNI moves:5/236
#NNI moves:5/236
(((((((((((((((((((T89,T18),(T51,T107)),((T148,(T170,((T87,T71),T186))),(T54,T17))),((T74,T149),T36)),(T23,T68)),(((T172,T70),T42),T22)),((((T159,T118),T146),(T177,T86)),((((T84,T154),T83),T196),T135))),(T32,(T31,T113))),((((T66,T191),T198),(T91,(T133,(T24,T188)))),((T179,T46),(T129,T60)))),(((((((T98,T20),((T29,T100),T21)),T139),((T94,T162),T160)),(T122,((((T12,T136),((T138,T39),(T99,T8))),(T109,T124)),(T153,T169)))),(T178,(T190,T155))),((T40,T52),(T56,(((((T123,T157),T140),(T110,T173)),T185),T92))))),(((((T50,T103),T115),((((T1,T111),T73),T175),(((T187,T77),T193),T25))),((((T126,T127),((T10,T143),T96)),(T62,T194)),T49)),((((T72,T108),T119),T200),T78))),(((((((((T6,((T156,T102),T158)),T128),(T166,T189)),(T134,((T184,(T44,T164)),T88))),T33),((T130,T80),T19)),T81),T93),(((T106,T152),T30),(((T38,T43),T125),T168)))),(((T65,T151),(((T35,T90),T7),(T165,T16))),T0)),(((((((((((((T112,T34),T104),(((T82,T48),T163),T61)),T199),(T171,T147)),(T3,T76)),(((T58,(T45,T161)),T85),T53)),((((T174,T97),T183),T192),(T176,T197))),(T142,T28)),T4),((((T167,T79),(T63,T132)),(T13,T2)),T121)),(((T26,(T116,T5)),T145),(T141,T137))),(((T180,T67),(T57,T131)),(((T47,T195),T27),T59)))),((((T114,T101),((T95,T41),T69)),T64),((T120,T117),(T9,T182)))),((T150,T14),((T181,T37),T75))),(T15,T105)),(T55,T144)),T11);
Current score: 2.54234e+10
Current tree: ((((T114,T101),((T95,T41),T69)),(((T120,T117),(T9,T182)),(((((((((((((((T89,T18),(T51,T107)),((T148,(T170,((T87,T71),T186))),(T54,T17))),((T74,T149),T36)),(T23,T68)),(((T172,T70),T42),T22)),((((T159,T118),T146),(T177,T86)),((((T84,T154),T83),T196),T135))),(T32,(T31,T113))),((((T66,T191),T198),(T91,(T133,(T24,T188)))),((T179,T46),(T129,T60)))),(((((((T98,T20),((T29,T100),T21)),T139),((T94,T162),T160)),(T122,((((T12,T136),((T138,T39),(T99,T8))),(T109,T124)),(T153,T169)))),(T178,(T190,T155))),((T40,T52),(T56,(((((T123,T157),T140),(T110,T173)),T185),T92))))),(((((T50,T103),T115),((((T1,T111),T73),T175),(((T187,T77),T193),T25))),((((T126,T127),((T10,T143),T96)),(T62,T194)),T49)),((((T72,T108),T119),T200),T78))),(((((((((T6,((T156,T102),T158)),T128),(T166,T189)),(T134,((T184,(T44,T164)),T88))),T33),((T130,T80),T19)),T81),T93),(((T106,T152),T30),(((T38,T43),T125),T168)))),(((T65,T151),(((T35,T90),T7),(T165,T16))),T0)),(((((((((((((T112,T34),T104),(((T82,T48),T163),T61)),T199),(T171,T147)),(T3,T76)),(((T58,(T45,T161)),T85),T53)),((((T174,T97),T183),T192),(T176,T197))),(T142,T28)),T4),((((T167,T79),(T63,T132)),(T13,T2)),T121)),(((T26,(T116,T5)),T145),(T141,T137))),(((T180,T67),(T57,T131)),(((T47,T195),T27),T59)))),(((T150,T14),((T181,T37),T75)),((T15,T105),((T55,T144),T11)))))),T64);
Final Tree: ((((T114,T101),((T95,T41),T69)),(((T120,T117),(T9,T182)),(((((((((((((((T89,T18),(T51,T107)),((T148,(T170,((T87,T71),T186))),(T54,T17))),((T74,T149),T36)),(T23,T68)),(((T172,T70),T42),T22)),((((T159,T118),T146),(T177,T86)),((((T84,T154),T83),T196),T135))),(T32,(T31,T113))),((((T66,T191),T198),(T91,(T133,(T24,T188)))),((T179,T46),(T129,T60)))),(((((((T98,T20),((T29,T100),T21)),T139),((T94,T162),T160)),(T122,((((T12,T136),((T138,T39),(T99,T8))),(T109,T124)),(T153,T169)))),(T178,(T190,T155))),((T40,T52),(T56,(((((T123,T157),T140),(T110,T173)),T185),T92))))),(((((T50,T103),T115),((((T1,T111),T73),T175),(((T187,T77),T193),T25))),((((T126,T127),((T10,T143),T96)),(T62,T194)),T49)),((((T72,T108),T119),T200),T78))),(((((((((T6,((T156,T102),T158)),T128),(T166,T189)),(T134,((T184,(T44,T164)),T88))),T33),((T130,T80),T19)),T81),T93),(((T106,T152),T30),(((T38,T43),T125),T168)))),(((T65,T151),(((T35,T90),T7),(T165,T16))),T0)),(((((((((((((T112,T34),T104),(((T82,T48),T163),T61)),T199),(T171,T147)),(T3,T76)),(((T58,(T45,T161)),T85),T53)),((((T174,T97),T183),T192),(T176,T197))),(T142,T28)),T4),((((T167,T79),(T63,T132)),(T13,T2)),T121)),(((T26,(T116,T5)),T145),(T141,T137))),(((T180,T67),(T57,T131)),(((T47,T195),T27),T59)))),(((T150,T14),((T181,T37),T75)),((T15,T105),((T55,T144),T11)))))),T64);
Score: 2.542341968e+10

real	1m48.058s
user	29m28.500s
sys	0m21.661s
