Weighted ASTRAL - Hybrid
Version: v1.13.2.3
#Genetrees: 2000
#Species: 201
#Rounds: 4
#Samples: 4
#Threads: 32
Use two-step algorithm!
Guide Tree 0/27
#NNI moves:0/236
Guide Tree 1/27
#NNI moves:0/236
Guide Tree 2/27
#NNI moves:0/236
Guide Tree 3/27
#NNI moves:0/236
Guide Tree 4/27
#NNI moves:0/236
Guide Tree 5/27
#NNI moves:0/236
Guide Tree 6/27
#NNI moves:0/236
Guide Tree 7/27
#NNI moves:0/236
Guide Tree 8/27
#NNI moves:0/236
Guide Tree 9/27
#NNI moves:0/236
Guide Tree 10/27
#NNI moves:0/236
Guide Tree 11/27
#NNI moves:0/236
Guide Tree 12/27
#NNI moves:0/236
Guide Tree 13/27
#NNI moves:0/236
Guide Tree 14/27
#NNI moves:0/236
Guide Tree 15/27
#NNI moves:0/236
Guide Tree 16/27
#NNI moves:0/236
Guide Tree 17/27
#NNI moves:0/236
Guide Tree 18/27
#NNI moves:0/236
Guide Tree 19/27
#NNI moves:0/236
Guide Tree 20/27
#NNI moves:0/236
Guide Tree 21/27
#NNI moves:0/236
Guide Tree 22/27
#NNI moves:0/236
Guide Tree 23/27
#NNI moves:0/236
Guide Tree 24/27
#NNI moves:0/236
Guide Tree 25/27
#NNI moves:0/236
Guide Tree 26/27
#NNI moves:0/236
Remaining: 1
#NNI moves:0/236
#NNI moves:0/236
(((((((((((((((((((T73,(T120,T38)),(T22,(T108,T68))),(T36,(T69,T47))),T83),T35),(T103,T84)),((((T8,T1),((((T188,T126),T142),(T173,T124)),T128)),T24),((((T174,T138),T34),T27),(T160,((T152,T100),(T175,T136)))))),(((T43,((T2,T53),T193)),(((T70,(T114,T145)),((T184,T7),T190)),(T33,T102))),T155)),((((((T141,T196),T19),(T66,(T41,T23))),((T199,T52),T105)),(((T162,((T99,(T182,T89)),(T161,T3))),(T115,(T45,T117))),((T183,T55),(T95,T46)))),(((T194,T139),T30),T112))),(((T13,((T75,T171),T10)),(T153,(T98,(T60,T76)))),((T11,(T15,T6)),(T85,T107)))),((((((((T168,(T122,T178)),(T144,T74)),(((T195,((T25,T44),(T80,T91))),(T177,T164)),T151)),(((T159,T62),T119),T150)),(((T109,T92),(T134,T29)),((T125,(T186,T78)),(T16,T149)))),((((T14,T106),T20),(T129,(T49,(T157,T172)))),((T143,T56),T197))),T170),(((((T118,((T94,T9),T121)),(T90,T127)),(T154,T185)),(T158,T31)),(((((T132,T88),(T156,T64)),((T77,T58),T63)),(T57,T166)),(T72,((T192,T48),T67)))))),T0),(((((T97,T93),T147),T113),(T135,(((T40,T180),(T169,T50)),(T82,T163)))),(T140,T116))),(((((((((T42,T104),T81),T39),((T61,(T167,T179)),T165)),(T181,((T59,T28),T65))),(((((T32,T130),T86),T17),T148),((T54,T189),(T123,T71)))),T191),T131),((((T101,T110),(T187,T137)),T111),(((T5,(T4,T200)),(T96,T87)),(T21,T51))))),(T133,(T37,((T12,T198),T26)))),T176),T146),T18),T79);
Guide Tree 0/27
#NNI moves:0/236
Guide Tree 1/27
#NNI moves:0/236
Guide Tree 2/27
#NNI moves:0/236
Guide Tree 3/27
#NNI moves:0/236
Guide Tree 4/27
#NNI moves:0/236
Guide Tree 5/27
#NNI moves:0/236
Guide Tree 6/27
#NNI moves:0/236
Guide Tree 7/27
#NNI moves:0/236
Guide Tree 8/27
#NNI moves:0/236
Guide Tree 9/27
#NNI moves:0/236
Guide Tree 10/27
#NNI moves:0/236
Guide Tree 11/27
#NNI moves:0/236
Guide Tree 12/27
#NNI moves:0/236
Guide Tree 13/27
#NNI moves:0/236
Guide Tree 14/27
#NNI moves:0/236
Guide Tree 15/27
#NNI moves:0/236
Guide Tree 16/27
#NNI moves:0/236
Guide Tree 17/27
#NNI moves:0/236
Guide Tree 18/27
#NNI moves:0/236
Guide Tree 19/27
#NNI moves:0/236
Guide Tree 20/27
#NNI moves:0/236
Guide Tree 21/27
#NNI moves:0/236
Guide Tree 22/27
#NNI moves:0/236
Guide Tree 23/27
#NNI moves:0/236
Guide Tree 24/27
#NNI moves:0/236
Guide Tree 25/27
#NNI moves:0/236
Guide Tree 26/27
#NNI moves:0/236
Remaining: 0
#NNI moves:3/236
#NNI moves:3/236
(((((((((((((((T84,T103),((((T36,(T47,T69)),((T73,(T38,T120)),((T68,T108),T22))),T83),T35)),(((((T100,T152),(T136,T175)),T160),((T34,(T174,T138)),T27)),(((T8,T1),(((T173,T124),((T126,T188),T142)),T128)),T24))),((((((T7,T184),T190),(T70,(T145,T114))),(T102,T33)),(T43,(T193,(T53,T2)))),T155)),(((((((T99,(T89,T182)),(T3,T161)),T162),((T45,T117),T115)),((T55,T183),(T95,T46))),(((T66,(T23,T41)),((T196,T141),T19)),((T52,T199),T105))),(T112,(T30,(T139,T194))))),(((((T75,T171),T10),T13),(((T76,T60),T98),T153)),(((T15,T6),T11),(T85,T107)))),(((((((T156,T64),(T88,T132)),((T77,T58),T63)),(T57,T166)),(T72,(T67,(T192,T48)))),((T158,T31),(((T118,(T121,(T94,T9))),(T90,T127)),(T154,T185)))),((((((T134,T29),(T109,T92)),((T16,T149),(T125,(T186,T78)))),((((T159,T62),T119),T150),(((T168,(T178,T122)),(T74,T144)),(T151,((((T80,T91),(T25,T44)),T195),(T164,T177)))))),((T197,(T143,T56)),((((T157,T172),T49),T129),((T14,T106),T20)))),T170))),T0),((((((T180,T40),(T50,T169)),(T163,T82)),T135),(((T93,T97),T147),T113)),(T116,T140))),(((((((((T130,T32),T86),T17),T148),((T189,T54),(T123,T71))),((((T28,T59),T65),T181),((((T104,T42),T81),T39),((T61,(T167,T179)),T165)))),T191),T131),((((T101,T110),(T137,T187)),T111),(((T5,(T4,T200)),(T96,T87)),(T21,T51))))),(T133,(((T198,T12),T26),T37))),T176),T146),T18),T79);
Guide Tree 0/27
#NNI moves:0/236
Guide Tree 1/27
#NNI moves:0/236
Guide Tree 2/27
#NNI moves:0/236
Guide Tree 3/27
#NNI moves:0/236
Guide Tree 4/27
#NNI moves:0/236
Guide Tree 5/27
#NNI moves:0/236
Guide Tree 6/27
#NNI moves:0/236
Guide Tree 7/27
#NNI moves:0/236
Guide Tree 8/27
#NNI moves:0/236
Guide Tree 9/27
#NNI moves:0/236
Guide Tree 10/27
#NNI moves:0/236
Guide Tree 11/27
#NNI moves:0/236
Guide Tree 12/27
#NNI moves:0/236
Guide Tree 13/27
#NNI moves:0/236
Guide Tree 14/27
#NNI moves:0/236
Guide Tree 15/27
#NNI moves:0/236
Guide Tree 16/27
#NNI moves:0/236
Guide Tree 17/27
#NNI moves:0/236
Guide Tree 18/27
#NNI moves:0/236
Guide Tree 19/27
#NNI moves:0/236
Guide Tree 20/27
#NNI moves:0/236
Guide Tree 21/27
#NNI moves:0/236
Guide Tree 22/27
#NNI moves:0/236
Guide Tree 23/27
#NNI moves:0/236
Guide Tree 24/27
#NNI moves:0/236
Guide Tree 25/27
#NNI moves:0/236
Guide Tree 26/27
#NNI moves:0/236
Remaining: 0
#NNI moves:0/236
#NNI moves:0/236
((((((((((((((((T27,(T34,(T174,T138))),(((T175,T136),(T152,T100)),T160)),(((T128,((T124,T173),(T142,(T188,T126)))),(T1,T8)),T24)),((((((T22,(T68,T108)),((T120,T38),T73)),((T69,T47),T36)),T83),T35),(T84,T103))),((((((T114,T145),T70),((T7,T184),T190)),(T102,T33)),(T43,(T193,(T2,T53)))),T155)),(((((T199,T52),T105),(((T196,T141),T19),(T66,(T41,T23)))),((((((T182,T89),T99),(T161,T3)),T162),(T115,(T117,T45))),((T55,T183),(T95,T46)))),((T30,(T139,T194)),T112))),(((((T60,T76),T98),T153),(((T75,T171),T10),T13)),(((T15,T6),T11),(T85,T107)))),((((((((T94,T9),T121),T118),(T90,T127)),(T185,T154)),(T31,T158)),(((((T132,T88),(T156,T64)),((T58,T77),T63)),(T57,T166)),((T67,(T48,T192)),T72))),(((((((T159,T62),T119),T150),(((T144,T74),(T168,(T122,T178))),(((((T25,T44),(T80,T91)),T195),(T177,T164)),T151))),((((T186,T78),T125),(T149,T16)),((T134,T29),(T109,T92)))),((((T49,(T157,T172)),T129),((T14,T106),T20)),((T143,T56),T197))),T170))),T0),(((((T93,T97),T147),T113),(((T82,T163),((T50,T169),(T180,T40))),T135)),(T140,T116))),(((((((T71,T123),(T54,T189)),(T148,(((T130,T32),T86),T17))),((((T81,(T104,T42)),T39),((T61,(T179,T167)),T165)),(((T59,T28),T65),T181))),T191),T131),((((T101,T110),(T137,T187)),T111),((T21,T51),((T96,T87),(T5,(T4,T200))))))),((((T198,T12),T26),T37),T133)),T176),T146),T18),T79);
Guide Tree 0/27
#NNI moves:0/236
Guide Tree 1/27
#NNI moves:0/236
Guide Tree 2/27
#NNI moves:0/236
Guide Tree 3/27
#NNI moves:0/236
Guide Tree 4/27
#NNI moves:0/236
Guide Tree 5/27
#NNI moves:0/236
Guide Tree 6/27
#NNI moves:0/236
Guide Tree 7/27
#NNI moves:0/236
Guide Tree 8/27
#NNI moves:0/236
Guide Tree 9/27
#NNI moves:0/236
Guide Tree 10/27
#NNI moves:0/236
Guide Tree 11/27
#NNI moves:0/236
Guide Tree 12/27
#NNI moves:0/236
Guide Tree 13/27
#NNI moves:0/236
Guide Tree 14/27
#NNI moves:0/236
Guide Tree 15/27
#NNI moves:0/236
Guide Tree 16/27
#NNI moves:0/236
Guide Tree 17/27
#NNI moves:0/236
Guide Tree 18/27
#NNI moves:0/236
Guide Tree 19/27
#NNI moves:0/236
Guide Tree 20/27
#NNI moves:0/236
Guide Tree 21/27
#NNI moves:0/236
Guide Tree 22/27
#NNI moves:0/236
Guide Tree 23/27
#NNI moves:0/236
Guide Tree 24/27
#NNI moves:0/236
Guide Tree 25/27
#NNI moves:0/236
Guide Tree 26/27
#NNI moves:0/236
Remaining: 0
#NNI moves:3/236
#NNI moves:3/236
((((((((((((((((((T174,T138),T34),T27),(((T100,T152),(T175,T136)),T160)),(((((T142,(T188,T126)),(T173,T124)),T128),(T1,T8)),T24)),((T103,T84),((((((T68,T108),T22),(T73,(T38,T120))),((T47,T69),T36)),T83),T35))),(((((T2,T53),T193),T43),((((T184,T7),T190),((T145,T114),T70)),(T33,T102))),T155)),(((((T52,T199),T105),(((T23,T41),T66),((T141,T196),T19))),(((((T161,T3),(T99,(T182,T89))),T162),((T45,T117),T115)),((T183,T55),(T46,T95)))),(T112,((T139,T194),T30)))),((((T6,T15),T11),(T85,T107)),((T13,((T75,T171),T10)),(T153,((T76,T60),T98))))),(((((((((((T91,T80),(T44,T25)),T195),(T164,T177)),T151),((T144,T74),((T122,T178),T168))),(((T62,T159),T119),T150)),(((T92,T109),(T29,T134)),(((T186,T78),T125),(T16,T149)))),(((((T157,T172),T49),T129),((T106,T14),T20)),((T143,T56),T197))),T170),(((T72,(T67,(T48,T192))),((((T64,T156),(T88,T132)),((T77,T58),T63)),(T166,T57))),((((T118,(T121,(T9,T94))),(T90,T127)),(T154,T185)),(T31,T158))))),T0),((T116,T140),(((((T50,T169),(T180,T40)),(T163,T82)),T135),(T113,((T93,T97),T147))))),(((((((T71,T123),(T54,T189)),(((T86,(T130,T32)),T17),T148)),((((T61,(T179,T167)),T165),(((T104,T42),T81),T39)),(((T59,T28),T65),T181))),T191),T131),(((T51,T21),((T87,T96),((T200,T4),T5))),(((T101,T110),(T137,T187)),T111)))),(((T26,(T198,T12)),T37),T133)),T176),T146),T18),T79);
Initial score: 3.38726e+10
Initial tree: ((((((((((((((((((T174,T138),T34),T27),(((T100,T152),(T175,T136)),T160)),(((((T142,(T188,T126)),(T173,T124)),T128),(T1,T8)),T24)),((T103,T84),((((((T68,T108),T22),(T73,(T38,T120))),((T47,T69),T36)),T83),T35))),(((((T2,T53),T193),T43),((((T184,T7),T190),((T145,T114),T70)),(T33,T102))),T155)),(((((T52,T199),T105),(((T23,T41),T66),((T141,T196),T19))),(((((T161,T3),(T99,(T182,T89))),T162),((T45,T117),T115)),((T183,T55),(T46,T95)))),(T112,((T139,T194),T30)))),((((T6,T15),T11),(T85,T107)),((T13,((T75,T171),T10)),(T153,((T76,T60),T98))))),(((((((((((T91,T80),(T44,T25)),T195),(T164,T177)),T151),((T144,T74),((T122,T178),T168))),(((T62,T159),T119),T150)),(((T92,T109),(T29,T134)),(((T186,T78),T125),(T16,T149)))),(((((T157,T172),T49),T129),((T106,T14),T20)),((T143,T56),T197))),T170),(((T72,(T67,(T48,T192))),((((T64,T156),(T88,T132)),((T77,T58),T63)),(T166,T57))),((((T118,(T121,(T9,T94))),(T90,T127)),(T154,T185)),(T31,T158))))),T0),((T116,T140),(((((T50,T169),(T180,T40)),(T163,T82)),T135),(T113,((T93,T97),T147))))),(((((((T71,T123),(T54,T189)),(((T86,(T130,T32)),T17),T148)),((((T61,(T179,T167)),T165),(((T104,T42),T81),T39)),(((T59,T28),T65),T181))),T191),T131),(((T51,T21),((T87,T96),((T200,T4),T5))),(((T101,T110),(T137,T187)),T111)))),(((T26,(T198,T12)),T37),T133)),T176),T146),T18),T79);
*** Subsample Process ***
Use two-step algorithm!
#NNI moves:0/236
Remaining: 0
#NNI moves:2/236
#NNI moves:2/236
((((((((((((((((((((T44,T25),(T80,T91)),T195),(T164,T177)),T151),(((T178,T122),T168),(T144,T74))),(((T62,T159),T119),T150)),(((T16,T149),((T186,T78),T125)),((T134,T29),(T109,T92)))),((((T14,T106),T20),(((T157,T172),T49),T129)),((T56,T143),T197))),T170),((((T67,(T192,T48)),T72),((((T132,T88),(T64,T156)),((T58,T77),T63)),(T57,T166))),((T31,T158),((((T121,(T94,T9)),T118),(T127,T90)),(T154,T185))))),((((((((((T54,T189),(T123,T71)),(((T86,(T130,T32)),T17),T148)),(((T39,((T42,T104),T81)),(T165,(T61,(T167,T179)))),(((T59,T28),T65),T181))),T191),T131),((((T101,T110),(T137,T187)),T111),(((T87,T96),((T4,T200),T5)),(T51,T21)))),((((T18,T79),T146),T176),((((T12,T198),T26),T37),T133))),(((((T82,T163),((T50,T169),(T40,T180))),T135),((T147,(T93,T97)),T113)),(T116,T140))),T0)),((((T15,T6),T11),(T85,T107)),((((T75,T171),T10),T13),(((T60,T76),T98),T153)))),((((((T23,T41),T66),((T141,T196),T19)),((T199,T52),T105)),(((((T3,T161),(T99,(T182,T89))),T162),(T115,(T117,T45))),((T183,T55),(T46,T95)))),(T112,((T139,T194),T30)))),((((((T184,T7),T190),(T70,(T145,T114))),(T33,T102)),(((T2,T53),T193),T43)),T155)),((((((T22,(T108,T68)),(T73,(T38,T120))),(T36,(T69,T47))),T83),T35),(T84,T103))),(((((T142,(T126,T188)),(T124,T173)),T128),(T1,T8)),T24)),((T34,(T138,T174)),T27)),((T100,T152),(T175,T136))),T160);
#NNI moves:0/236
Remaining: 0
#NNI moves:3/236
#NNI moves:3/236
((((((((((((((((T27,(T34,(T138,T174))),(((T152,T100),(T136,T175)),T160)),(T24,((T1,T8),(T128,(((T126,T188),T142),(T124,T173)))))),(((((((T120,T38),T73),(T22,(T108,T68))),((T69,T47),T36)),T83),T35),(T103,T84))),((((((T145,T114),T70),((T7,T184),T190)),(T102,T33)),(((T53,T2),T193),T43)),T155)),((((T194,T139),T30),T112),(((T105,(T52,T199)),((T19,(T141,T196)),((T41,T23),T66))),(((T55,T183),(T95,T46)),((((T99,(T182,T89)),(T3,T161)),T162),((T117,T45),T115)))))),(((T85,T107),(T11,(T15,T6))),((((T171,T75),T10),T13),(T153,(T98,(T60,T76)))))),(((((((((T164,T177),(((T91,T80),(T44,T25)),T195)),T151),(((T178,T122),T168),(T144,T74))),(((T159,T62),T119),T150)),(((T16,T149),(T125,(T78,T186))),((T134,T29),(T109,T92)))),((((T14,T106),T20),(((T157,T172),T49),T129)),((T143,T56),T197))),T170),((((T166,T57),(((T77,T58),T63),((T156,T64),(T88,T132)))),((T67,(T48,T192)),T72)),((T158,T31),(((T90,T127),(((T94,T9),T121),T118)),(T185,T154)))))),T0),((((((T169,T50),(T40,T180)),(T163,T82)),T135),(((T97,T93),T147),T113)),(T116,T140))),(((((((((T167,T179),T61),T165),(((T42,T104),T81),T39)),(((T59,T28),T65),T181)),(((T54,T189),(T71,T123)),((((T32,T130),T86),T17),T148))),T191),T131),(((((T200,T4),T5),(T87,T96)),(T21,T51)),(T111,((T137,T187),(T110,T101)))))),(((T26,(T198,T12)),T37),T133)),T176),T146),T79),T18);
#NNI moves:0/236
Remaining: 1
#NNI moves:0/236
#NNI moves:0/236
(((((((((((((((((((T200,T4),T5),(T96,T87)),(T51,T21)),(((T187,T137),(T110,T101)),T111)),(((((((T28,T59),T65),T181),((((T42,T104),T81),T39),((T61,(T167,T179)),T165))),(((((T32,T130),T86),T17),T148),((T123,T71),(T54,T189)))),T191),T131)),(((T146,(T79,T18)),T176),((((T198,T12),T26),T37),T133))),((((((T50,T169),(T180,T40)),(T82,T163)),T135),((T147,(T97,T93)),T113)),(T116,T140))),T0),(((((((T49,(T172,T157)),T129),(T20,(T14,T106))),((T143,T56),T197)),((((T29,T134),(T109,T92)),((T16,T149),((T78,T186),T125))),(((((((T25,T44),(T80,T91)),T195),(T164,T177)),T151),((T74,T144),((T122,T178),T168))),(((T159,T62),T119),T150)))),T170),((((((T77,T58),T63),((T132,T88),(T64,T156))),(T166,T57)),(T72,((T48,T192),T67))),((((((T94,T9),T121),T118),(T90,T127)),(T185,T154)),(T158,T31))))),(((T153,((T60,T76),T98)),(((T171,T75),T10),T13)),((T85,T107),(T11,(T6,T15))))),((((T105,(T199,T52)),(((T141,T196),T19),((T23,T41),T66))),(((T183,T55),(T46,T95)),((((T99,(T89,T182)),(T3,T161)),T162),(T115,(T45,T117))))),(((T194,T139),T30),T112))),(((((T70,(T114,T145)),((T184,T7),T190)),(T102,T33)),(((T2,T53),T193),T43)),T155)),(((((((T68,T108),T22),((T38,T120),T73)),((T47,T69),T36)),T83),T35),(T103,T84))),((((T152,T100),(T136,T175)),T160),(T27,((T174,T138),T34)))),T24),((((T188,T126),T142),(T173,T124)),T128)),T8),T1);
#NNI moves:0/236
Remaining: 0
#NNI moves:1/236
#NNI moves:1/236
((((((((((((((((((T3,T161),(T99,(T182,T89))),T162),((T117,T45),T115)),((T55,T183),(T95,T46))),((T105,(T52,T199)),(((T23,T41),T66),((T196,T141),T19)))),(((T139,T194),T30),T112)),((((((((T22,(T108,T68)),((T38,T120),T73)),((T47,T69),T36)),T83),T35),(T84,T103)),(((((T100,T152),(T136,T175)),T160),(((T174,T138),T34),T27)),(T24,((((T124,T173),((T126,T188),T142)),T128),(T1,T8))))),((((T102,T33),(((T145,T114),T70),((T7,T184),T190))),(T43,(T193,(T2,T53)))),T155))),(((((T75,T171),T10),T13),((T98,(T60,T76)),T153)),((T107,T85),((T6,T15),T11)))),((((((((T74,T144),((T178,T122),T168)),(((((T91,T80),(T44,T25)),T195),(T177,T164)),T151)),(T150,(T119,(T62,T159)))),(((T29,T134),(T109,T92)),((T125,(T78,T186)),(T16,T149)))),((T197,(T143,T56)),((T20,(T14,T106)),(((T157,T172),T49),T129)))),T170),(((((T63,(T58,T77)),((T156,T64),(T132,T88))),(T166,T57)),(((T192,T48),T67),T72)),((((((T94,T9),T121),T118),(T127,T90)),(T154,T185)),(T31,T158))))),T0),(((T135,(((T40,T180),(T169,T50)),(T163,T82))),(((T97,T93),T147),T113)),(T116,T140))),(((((((((T42,T104),T81),T39),(T165,((T167,T179),T61))),((T65,(T59,T28)),T181)),((T148,((T86,(T32,T130)),T17)),((T71,T123),(T54,T189)))),T191),T131),(((T51,T21),((T5,(T200,T4)),(T87,T96))),(((T187,T137),(T101,T110)),T111)))),(T133,(((T198,T12),T26),T37))),T176),T146),T79),T18);
Current score: 3.38726e+10
Current tree: ((((((((((((((((((T3,T161),(T99,(T182,T89))),T162),((T117,T45),T115)),((T55,T183),(T95,T46))),((T105,(T52,T199)),(((T23,T41),T66),((T196,T141),T19)))),(((T139,T194),T30),T112)),((((((((T22,(T108,T68)),((T38,T120),T73)),((T47,T69),T36)),T83),T35),(T84,T103)),(((((T100,T152),(T136,T175)),T160),(((T174,T138),T34),T27)),(T24,((((T124,T173),((T126,T188),T142)),T128),(T1,T8))))),((((T102,T33),(((T145,T114),T70),((T7,T184),T190))),(T43,(T193,(T2,T53)))),T155))),(((((T75,T171),T10),T13),((T98,(T60,T76)),T153)),((T107,T85),((T6,T15),T11)))),((((((((T74,T144),((T178,T122),T168)),(((((T91,T80),(T44,T25)),T195),(T177,T164)),T151)),(T150,(T119,(T62,T159)))),(((T29,T134),(T109,T92)),((T125,(T78,T186)),(T16,T149)))),((T197,(T143,T56)),((T20,(T14,T106)),(((T157,T172),T49),T129)))),T170),(((((T63,(T58,T77)),((T156,T64),(T132,T88))),(T166,T57)),(((T192,T48),T67),T72)),((((((T94,T9),T121),T118),(T127,T90)),(T154,T185)),(T31,T158))))),T0),(((T135,(((T40,T180),(T169,T50)),(T163,T82))),(((T97,T93),T147),T113)),(T116,T140))),(((((((((T42,T104),T81),T39),(T165,((T167,T179),T61))),((T65,(T59,T28)),T181)),((T148,((T86,(T32,T130)),T17)),((T71,T123),(T54,T189)))),T191),T131),(((T51,T21),((T5,(T200,T4)),(T87,T96))),(((T187,T137),(T101,T110)),T111)))),(T133,(((T198,T12),T26),T37))),T176),T146),T18),T79);
Use two-step algorithm!
#NNI moves:0/236
Remaining: 0
#NNI moves:1/236
#NNI moves:1/236
(((((((((((((((((((((T195,((T25,T44),(T91,T80))),(T164,T177)),T151),(((T122,T178),T168),(T144,T74))),(((T159,T62),T119),T150)),((((T78,T186),T125),(T16,T149)),((T134,T29),(T92,T109)))),(((T20,(T14,T106)),(((T172,T157),T49),T129)),((T143,T56),T197))),T170),((((((T64,T156),(T88,T132)),((T77,T58),T63)),(T57,T166)),(((T48,T192),T67),T72)),((((T127,T90),((T121,(T9,T94)),T118)),(T185,T154)),(T31,T158)))),(((((((((T200,T4),T5),(T96,T87)),(T21,T51)),(((T110,T101),(T137,T187)),T111)),(T131,((((T181,(T65,(T28,T59))),((T165,((T179,T167),T61)),((T81,(T104,T42)),T39))),(((T54,T189),(T123,T71)),(((T86,(T130,T32)),T17),T148))),T191))),(((T37,(T26,(T12,T198))),T133),((T146,(T18,T79)),T176))),(((T113,((T97,T93),T147)),(T135,((T163,T82),((T180,T40),(T169,T50))))),(T140,T116))),T0)),((((T98,(T60,T76)),T153),(((T171,T75),T10),T13)),((T85,T107),((T6,T15),T11)))),((((((((T69,T47),T36),(((T120,T38),T73),((T68,T108),T22))),T83),T35),(T84,T103)),(((T27,(T34,(T138,T174))),(T160,((T136,T175),(T152,T100)))),(((T8,T1),(((T124,T173),((T188,T126),T142)),T128)),T24))),(((((T190,(T7,T184)),((T114,T145),T70)),(T102,T33)),(((T2,T53),T193),T43)),T155))),(((T194,T139),T30),T112)),((((T141,T196),T19),((T41,T23),T66)),((T199,T52),T105))),((T95,T46),(T55,T183))),(T115,(T117,T45))),T162),(T161,T3)),T99),T182),T89);
#NNI moves:0/236
Remaining: 1
#NNI moves:0/236
#NNI moves:0/236
((((((((((((((((T3,T161),((T182,T89),T99)),T162),((T117,T45),T115)),((T95,T46),(T183,T55))),((((T196,T141),T19),(T66,(T41,T23))),((T199,T52),T105))),(((T194,T139),T30),T112)),(((((T27,((T174,T138),T34)),(((T175,T136),(T152,T100)),T160)),(((T128,(((T188,T126),T142),(T173,T124))),(T8,T1)),T24)),(((((((T120,T38),T73),((T68,T108),T22)),((T69,T47),T36)),T83),T35),(T84,T103))),(((((T190,(T184,T7)),(T70,(T114,T145))),(T102,T33)),(T43,((T2,T53),T193))),T155))),((((T6,T15),T11),(T107,T85)),((((T75,T171),T10),T13),(((T76,T60),T98),T153)))),((((((((T62,T159),T119),T150),(((T74,T144),((T122,T178),T168)),(((((T25,T44),(T80,T91)),T195),(T177,T164)),T151))),((((T78,T186),T125),(T149,T16)),((T29,T134),(T109,T92)))),(((((T157,T172),T49),T129),(T20,(T14,T106))),((T143,T56),T197))),T170),((((T154,T185),((T90,T127),(((T94,T9),T121),T118))),(T31,T158)),(((((T58,T77),T63),((T132,T88),(T156,T64))),(T166,T57)),(((T48,T192),T67),T72))))),T0),((((((T180,T40),(T50,T169)),(T163,T82)),T135),((T147,(T97,T93)),T113)),(T140,T116))),(((((((T39,((T42,T104),T81)),(((T167,T179),T61),T165)),(T181,((T59,T28),T65))),(((T54,T189),(T71,T123)),((((T130,T32),T86),T17),T148))),T191),T131),((((T87,T96),((T200,T4),T5)),(T51,T21)),(((T101,T110),(T187,T137)),T111)))),(((T18,T79),T146),T176)),(((T12,T198),T26),T37)),T133);
#NNI moves:1/236
Remaining: 0
#NNI moves:4/236
#NNI moves:4/236
((((((((((((((((((T38,T120),T73),(T22,(T68,T108))),(T36,(T69,T47))),T83),T35),(T103,T84)),(((((T152,T100),(T136,T175)),T160),(T27,((T138,T174),T34))),(((((T142,(T126,T188)),(T124,T173)),T128),(T8,T1)),T24))),((((((T7,T184),T190),(T70,(T114,T145))),(T102,T33)),(((T53,T2),T193),T43)),T155)),((((((T141,T196),T19),((T41,T23),T66)),(T105,(T52,T199))),((((((T89,T182),T99),(T161,T3)),T162),(T115,(T117,T45))),((T55,T183),(T95,T46)))),((T30,(T139,T194)),T112))),(((((T171,T75),T10),T13),((T98,(T76,T60)),T153)),((T107,T85),(T11,(T15,T6))))),((((((((T62,T159),T119),T150),(((T144,T74),((T122,T178),T168)),(T151,((((T91,T80),(T25,T44)),T195),(T164,T177))))),(((T29,T134),(T109,T92)),((T149,T16),(T125,(T186,T78))))),(((T56,T143),T197),(((T14,T106),T20),(T129,((T157,T172),T49))))),T170),(((((T192,T48),T67),T72),((((T64,T156),(T88,T132)),((T58,T77),T63)),(T166,T57))),((((T118,(T121,(T94,T9))),(T127,T90)),(T154,T185)),(T31,T158))))),T0),((((((T50,T169),(T40,T180)),(T163,T82)),T135),(T113,((T97,T93),T147))),(T140,T116))),((((T51,T21),(((T200,T4),T5),(T87,T96))),(((T110,T101),(T187,T137)),T111)),((((((T165,((T167,T179),T61)),(((T104,T42),T81),T39)),(((T28,T59),T65),T181)),(((T71,T123),(T54,T189)),((((T32,T130),T86),T17),T148))),T191),T131))),((((T198,T12),T26),T37),T133)),((T79,T18),T146)),T176);
#NNI moves:0/236
Remaining: 0
#NNI moves:1/236
#NNI moves:1/236
((((((((((((((((((((((T25,T44),(T80,T91)),T195),(T177,T164)),T151),((T144,T74),((T122,T178),T168))),(T150,((T62,T159),T119))),(((T92,T109),(T29,T134)),((T149,T16),((T78,T186),T125)))),((((T106,T14),T20),(((T172,T157),T49),T129)),(T197,(T143,T56)))),T170),(((((T90,T127),((T121,(T94,T9)),T118)),(T154,T185)),(T31,T158)),(((T67,(T192,T48)),T72),((((T88,T132),(T156,T64)),((T58,T77),T63)),(T166,T57))))),(((((((T21,T51),(((T200,T4),T5),(T87,T96))),(((T187,T137),(T110,T101)),T111)),((((((T165,((T179,T167),T61)),((T81,(T42,T104)),T39)),((T65,(T28,T59)),T181)),(((((T32,T130),T86),T17),T148),((T189,T54),(T123,T71)))),T191),T131)),((T133,(((T12,T198),T26),T37)),(T176,((T79,T18),T146)))),(((((T82,T163),((T40,T180),(T50,T169))),T135),(((T93,T97),T147),T113)),(T140,T116))),T0)),((((T10,(T75,T171)),T13),(((T76,T60),T98),T153)),((T85,T107),(T11,(T15,T6))))),(((((T95,T46),(T183,T55)),((T115,(T117,T45)),(T162,((T161,T3),((T89,T182),T99))))),(((T19,(T196,T141)),((T23,T41),T66)),((T52,T199),T105))),(T112,(T30,(T194,T139))))),((((T102,T33),((T190,(T184,T7)),((T145,T114),T70))),((T193,(T2,T53)),T43)),T155)),((((T34,(T174,T138)),T27),(((T175,T136),(T100,T152)),T160)),((((((T188,T126),T142),(T124,T173)),T128),(T1,T8)),T24))),(T103,T84)),T35),T83),((T22,(T108,T68)),((T120,T38),T73))),(T69,T47)),T36);
Current score: 3.38726e+10
Current tree: ((T18,(T146,(T176,((T133,(((T12,T198),T26),T37)),(((((T21,T51),(((T200,T4),T5),(T87,T96))),(((T187,T137),(T110,T101)),T111)),((((((T165,((T179,T167),T61)),((T81,(T42,T104)),T39)),((T65,(T28,T59)),T181)),(((((T32,T130),T86),T17),T148),((T189,T54),(T123,T71)))),T191),T131)),((((((T82,T163),((T40,T180),(T50,T169))),T135),(((T93,T97),T147),T113)),(T140,T116)),(T0,((((((((((((T25,T44),(T80,T91)),T195),(T177,T164)),T151),((T144,T74),((T122,T178),T168))),(T150,((T62,T159),T119))),(((T92,T109),(T29,T134)),((T149,T16),((T78,T186),T125)))),((((T106,T14),T20),(((T172,T157),T49),T129)),(T197,(T143,T56)))),T170),(((((T90,T127),((T121,(T94,T9)),T118)),(T154,T185)),(T31,T158)),(((T67,(T192,T48)),T72),((((T88,T132),(T156,T64)),((T58,T77),T63)),(T166,T57))))),(((((T10,(T75,T171)),T13),(((T76,T60),T98),T153)),((T85,T107),(T11,(T15,T6)))),((((((T95,T46),(T183,T55)),((T115,(T117,T45)),(T162,((T161,T3),((T89,T182),T99))))),(((T19,(T196,T141)),((T23,T41),T66)),((T52,T199),T105))),(T112,(T30,(T194,T139)))),(((((T102,T33),((T190,(T184,T7)),((T145,T114),T70))),((T193,(T2,T53)),T43)),T155),(((((T34,(T174,T138)),T27),(((T175,T136),(T100,T152)),T160)),((((((T188,T126),T142),(T124,T173)),T128),(T1,T8)),T24)),((T103,T84),(T35,(T83,(((T22,(T108,T68)),((T120,T38),T73)),((T69,T47),T36))))))))))))))))),T79);
Use two-step algorithm!
#NNI moves:0/236
Remaining: 0
#NNI moves:0/236
#NNI moves:0/236
(((((((((((((((((T115,(T117,T45)),((((T182,T89),T99),(T161,T3)),T162)),((T183,T55),(T46,T95))),((((T23,T41),T66),((T196,T141),T19)),(T105,(T199,T52)))),(((T139,T194),T30),T112)),((((T103,T84),(((((T73,(T120,T38)),((T108,T68),T22)),(T36,(T69,T47))),T83),T35)),((((T8,T1),(((T142,(T188,T126)),(T124,T173)),T128)),T24),((((T152,T100),(T136,T175)),T160),((T34,(T174,T138)),T27)))),((((T193,(T53,T2)),T43),((((T7,T184),T190),((T114,T145),T70)),(T102,T33))),T155))),(((T153,(T98,(T76,T60))),(((T75,T171),T10),T13)),((T107,T85),(T11,(T6,T15))))),(((((((T92,T109),(T134,T29)),((T149,T16),(T125,(T186,T78)))),((((T74,T144),(T168,(T122,T178))),(T151,((T195,((T25,T44),(T80,T91))),(T177,T164)))),(T150,((T62,T159),T119)))),((((T14,T106),T20),(((T157,T172),T49),T129)),((T143,T56),T197))),T170),(((((T90,T127),((T121,(T9,T94)),T118)),(T185,T154)),(T31,T158)),((((T63,(T58,T77)),((T64,T156),(T132,T88))),(T166,T57)),(((T48,T192),T67),T72))))),T0),((((((T180,T40),(T169,T50)),(T163,T82)),T135),(((T97,T93),T147),T113)),(T140,T116))),((((T26,(T198,T12)),T37),T133),(((T18,T79),T146),T176))),((((((T17,((T32,T130),T86)),T148),((T54,T189),(T71,T123))),(((((T179,T167),T61),T165),(((T42,T104),T81),T39)),(((T59,T28),T65),T181))),T191),T131)),((T21,T51),(((T4,T200),T5),(T87,T96)))),T111),(T110,T101)),T137),T187);
#NNI moves:0/236
Remaining: 1
#NNI moves:1/236
#NNI moves:1/236
((((((((((((((T64,T156),(T88,T132)),((T58,T77),T63)),(T57,T166)),(((T48,T192),T67),T72)),((((((T9,T94),T121),T118),(T127,T90)),(T185,T154)),(T31,T158))),((((((T92,T109),(T134,T29)),(((T78,T186),T125),(T149,T16))),(((((((T91,T80),(T25,T44)),T195),(T177,T164)),T151),(((T178,T122),T168),(T144,T74))),(((T159,T62),T119),T150))),(((((T172,T157),T49),T129),((T106,T14),T20)),(T197,(T56,T143)))),T170)),((((((((T117,T45),T115),(((T99,(T89,T182)),(T3,T161)),T162)),((T95,T46),(T183,T55))),(((T199,T52),T105),(((T196,T141),T19),(T66,(T41,T23))))),(T112,(T30,(T194,T139)))),(((((((((T108,T68),T22),((T120,T38),T73)),(T36,(T69,T47))),T83),T35),(T103,T84)),((((((T173,T124),((T188,T126),T142)),T128),(T1,T8)),T24),((((T136,T175),(T152,T100)),T160),((T34,(T138,T174)),T27)))),((((((T145,T114),T70),((T7,T184),T190)),(T33,T102)),(((T2,T53),T193),T43)),T155))),((((T98,(T60,T76)),T153),(T13,((T171,T75),T10))),(((T15,T6),T11),(T107,T85))))),T0),((((((T50,T169),(T40,T180)),(T82,T163)),T135),((T147,(T93,T97)),T113)),(T116,T140))),(((((((((T179,T167),T61),T165),((T81,(T104,T42)),T39)),(((T28,T59),T65),T181)),(((((T130,T32),T86),T17),T148),((T54,T189),(T123,T71)))),T191),T131),(((T51,T21),((T96,T87),((T200,T4),T5))),(((T110,T101),(T137,T187)),T111)))),(T133,(((T198,T12),T26),T37))),(T146,(T79,T18))),T176);
#NNI moves:0/236
Remaining: 0
#NNI moves:3/236
#NNI moves:3/236
(((((((((((((((((T117,T45),T115),((((T182,T89),T99),(T3,T161)),T162)),((T183,T55),(T46,T95))),((((T196,T141),T19),((T23,T41),T66)),((T199,T52),T105))),((T30,(T194,T139)),T112)),(((((((T136,T175),(T100,T152)),T160),((T34,(T174,T138)),T27)),((((((T126,T188),T142),(T124,T173)),T128),(T1,T8)),T24)),(((((((T120,T38),T73),(T22,(T108,T68))),(T36,(T47,T69))),T83),T35),(T84,T103))),((((((T184,T7),T190),(T70,(T145,T114))),(T102,T33)),((T193,(T2,T53)),T43)),T155))),(((T13,((T75,T171),T10)),((T98,(T76,T60)),T153)),(((T15,T6),T11),(T85,T107)))),((((((T192,T48),T67),T72),((T166,T57),(((T156,T64),(T132,T88)),((T77,T58),T63)))),((T31,T158),((T154,T185),((((T94,T9),T121),T118),(T90,T127))))),((((((((((T25,T44),(T80,T91)),T195),(T177,T164)),T151),((T168,(T178,T122)),(T74,T144))),((T119,(T159,T62)),T150)),((((T186,T78),T125),(T16,T149)),((T92,T109),(T134,T29)))),((((T14,T106),T20),(T129,((T172,T157),T49))),((T56,T143),T197))),T170))),T0),((T116,T140),((((T93,T97),T147),T113),((((T180,T40),(T50,T169)),(T163,T82)),T135)))),((((((T148,(T17,((T130,T32),T86))),((T189,T54),(T71,T123))),((((T59,T28),T65),T181),((((T179,T167),T61),T165),((T81,(T42,T104)),T39)))),T191),T131),((((T187,T137),(T110,T101)),T111),((T21,T51),((T96,T87),((T200,T4),T5)))))),((((T198,T12),T26),T37),T133)),T176),T146),T18),T79);
#NNI moves:0/236
Remaining: 0
#NNI moves:1/236
#NNI moves:1/236
(((((((((((((((((T186,T78),T125),(T149,T16)),((T29,T134),(T109,T92))),(((((T122,T178),T168),(T74,T144)),(((((T91,T80),(T25,T44)),T195),(T164,T177)),T151)),(T150,((T159,T62),T119)))),(((T20,(T106,T14)),(T129,((T172,T157),T49))),((T56,T143),T197))),T170),((((((T88,T132),(T64,T156)),(T63,(T58,T77))),(T166,T57)),(T72,((T192,T48),T67))),((((((T94,T9),T121),T118),(T127,T90)),(T185,T154)),(T31,T158)))),(((((((((T148,(((T32,T130),T86),T17)),((T123,T71),(T54,T189))),(((T65,(T28,T59)),T181),(((T61,(T167,T179)),T165),(((T104,T42),T81),T39)))),T191),T131),(((T21,T51),(((T4,T200),T5),(T96,T87))),(((T101,T110),(T137,T187)),T111))),((((T18,T79),T146),T176),((((T12,T198),T26),T37),T133))),((((((T180,T40),(T50,T169)),(T82,T163)),T135),(((T93,T97),T147),T113)),(T116,T140))),T0)),((((T6,T15),T11),(T107,T85)),((((T76,T60),T98),T153),(((T75,T171),T10),T13)))),(((((((T136,T175),(T100,T152)),T160),(((T174,T138),T34),T27)),(T24,((T128,((T142,(T126,T188)),(T173,T124))),(T8,T1)))),((((((T47,T69),T36),((T22,(T108,T68)),(T73,(T120,T38)))),T83),T35),(T84,T103))),(((((T2,T53),T193),T43),(((T190,(T184,T7)),(T70,(T114,T145))),(T33,T102))),T155))),(T112,((T139,T194),T30))),((((T41,T23),T66),(T19,(T196,T141))),((T199,T52),T105))),((T183,T55),(T46,T95))),(((T99,(T182,T89)),(T161,T3)),T162)),(T45,T117)),T115);
Current score: 3.38726e+10
Current tree: ((T18,(T146,(T176,(((((T12,T198),T26),T37),T133),(((((((T148,(((T32,T130),T86),T17)),((T123,T71),(T54,T189))),(((T65,(T28,T59)),T181),(((T61,(T167,T179)),T165),(((T104,T42),T81),T39)))),T191),T131),(((T21,T51),(((T4,T200),T5),(T96,T87))),(((T101,T110),(T137,T187)),T111))),(((((((T180,T40),(T50,T169)),(T82,T163)),T135),(((T93,T97),T147),T113)),(T116,T140)),(T0,(((((((((T186,T78),T125),(T149,T16)),((T29,T134),(T109,T92))),(((((T122,T178),T168),(T74,T144)),(((((T91,T80),(T25,T44)),T195),(T164,T177)),T151)),(T150,((T159,T62),T119)))),(((T20,(T106,T14)),(T129,((T172,T157),T49))),((T56,T143),T197))),T170),((((((T88,T132),(T64,T156)),(T63,(T58,T77))),(T166,T57)),(T72,((T192,T48),T67))),((((((T94,T9),T121),T118),(T127,T90)),(T185,T154)),(T31,T158)))),(((((T6,T15),T11),(T107,T85)),((((T76,T60),T98),T153),(((T75,T171),T10),T13))),((((((((T136,T175),(T100,T152)),T160),(((T174,T138),T34),T27)),(T24,((T128,((T142,(T126,T188)),(T173,T124))),(T8,T1)))),((((((T47,T69),T36),((T22,(T108,T68)),(T73,(T120,T38)))),T83),T35),(T84,T103))),(((((T2,T53),T193),T43),(((T190,(T184,T7)),(T70,(T114,T145))),(T33,T102))),T155)),((T112,((T139,T194),T30)),(((((T41,T23),T66),(T19,(T196,T141))),((T199,T52),T105)),(((T183,T55),(T46,T95)),((((T99,(T182,T89)),(T161,T3)),T162),((T45,T117),T115))))))))))))))),T79);
Final Tree: ((T18,(T146,(T176,(((((T12,T198),T26),T37),T133),(((((((T148,(((T32,T130),T86),T17)),((T123,T71),(T54,T189))),(((T65,(T28,T59)),T181),(((T61,(T167,T179)),T165),(((T104,T42),T81),T39)))),T191),T131),(((T21,T51),(((T4,T200),T5),(T96,T87))),(((T101,T110),(T137,T187)),T111))),(((((((T180,T40),(T50,T169)),(T82,T163)),T135),(((T93,T97),T147),T113)),(T116,T140)),(T0,(((((((((T186,T78),T125),(T149,T16)),((T29,T134),(T109,T92))),(((((T122,T178),T168),(T74,T144)),(((((T91,T80),(T25,T44)),T195),(T164,T177)),T151)),(T150,((T159,T62),T119)))),(((T20,(T106,T14)),(T129,((T172,T157),T49))),((T56,T143),T197))),T170),((((((T88,T132),(T64,T156)),(T63,(T58,T77))),(T166,T57)),(T72,((T192,T48),T67))),((((((T94,T9),T121),T118),(T127,T90)),(T185,T154)),(T31,T158)))),(((((T6,T15),T11),(T107,T85)),((((T76,T60),T98),T153),(((T75,T171),T10),T13))),((((((((T136,T175),(T100,T152)),T160),(((T174,T138),T34),T27)),(T24,((T128,((T142,(T126,T188)),(T173,T124))),(T8,T1)))),((((((T47,T69),T36),((T22,(T108,T68)),(T73,(T120,T38)))),T83),T35),(T84,T103))),(((((T2,T53),T193),T43),(((T190,(T184,T7)),(T70,(T114,T145))),(T33,T102))),T155)),((T112,((T139,T194),T30)),(((((T41,T23),T66),(T19,(T196,T141))),((T199,T52),T105)),(((T183,T55),(T46,T95)),((((T99,(T182,T89)),(T161,T3)),T162),((T45,T117),T115))))))))))))))),T79);
Score: 3.387264106e+10

real	2m21.903s
user	36m22.916s
sys	0m25.187s
