
RAxML-NG v. 1.1.0-master released on 04.08.2022 by The Exelixis Lab.
Developed by: Alexey M. Kozlov and Alexandros Stamatakis.
Contributors: Diego Darriba, Tomas Flouri, Benoit Morel, Sarah Lutteropp, Ben Bettisworth.
Latest version: https://github.com/amkozlov/raxml-ng
Questions/problems/suggestions? Please visit: https://groups.google.com/forum/#!forum/raxml

System: AMD EPYC 7742 64-Core Processor, 128 cores, 251 GB RAM

RAxML-NG was called at 07-Jan-2023 04:24:29 as follows:

/home/chaos/programs/raxml-ng/raxml-ng/bin/raxml-ng --msa data/alignment/22_10X_S201_0_haploid --tree pars{1} --model GTR+G --threads 64

Analysis options:
  run mode: ML tree search
  start tree(s): parsimony (1)
  random seed: 1673094269
  tip-inner: OFF
  pattern compression: ON
  per-rate scalers: OFF
  site repeats: ON
  fast spr radius: AUTO
  spr subtree cutoff: 1.000000
  branch lengths: proportional (ML estimate, algorithm: NR-FAST)
  SIMD kernels: AVX2
  parallelization: coarse-grained (auto), PTHREADS (64 threads), thread pinning: OFF

[00:00:00] Reading alignment from file: data/alignment/22_10X_S201_0_haploid
[00:00:02] Loaded alignment with 201 taxa and 5000000 sites

Alignment comprises 1 partitions and 4998196 patterns

Partition 0: noname
Model: GTR+FO+G4m
Alignment sites / patterns: 5000000 / 4998196
Gaps: 0.00 %
Invariant sites: 0.01 %


NOTE: Binary MSA file created: data/alignment/22_10X_S201_0_haploid.raxml.rba

Parallelization scheme autoconfig: 1 worker(s) x 64 thread(s)

Parallel reduction/worker buffer size: 1 KB  / 0 KB

[00:00:24] Generating 1 parsimony starting tree(s) with 201 taxa
[00:00:58] Data distribution: max. partitions/sites/weight per thread: 1 / 78097 / 1249552
[00:00:58] Data distribution: max. searches per worker: 1

Starting ML tree search with 1 distinct starting trees

[00:01:00 -610685448.736121] Initial branch length optimization
[00:05:55 -577013459.400186] Model parameter optimization (eps = 10.000000)
[00:26:42 -539081504.001884] AUTODETECT spr round 1 (radius: 5)
[00:38:39 -538540170.653415] AUTODETECT spr round 2 (radius: 10)
[01:14:45 -538540170.639395] SPR radius for FAST iterations: 5 (autodetect)
[01:14:45 -538540170.639395] Model parameter optimization (eps = 3.000000)
[01:16:19 -538540150.890640] FAST spr round 1 (radius: 5)
[01:40:35 -538525218.543651] FAST spr round 2 (radius: 5)
[02:04:39 -538512635.368385] FAST spr round 3 (radius: 5)
[02:25:29 -538507821.343125] FAST spr round 4 (radius: 5)
[02:48:18 -538498268.533584] FAST spr round 5 (radius: 5)
[03:10:00 -538498268.533262] Model parameter optimization (eps = 1.000000)
[03:11:12 -538498266.547717] SLOW spr round 1 (radius: 5)
[04:18:34 -538487362.562831] SLOW spr round 2 (radius: 5)
[05:18:23 -538487362.559019] SLOW spr round 3 (radius: 10)
[06:24:03 -538487362.558647] SLOW spr round 4 (radius: 15)
[08:44:00 -538487362.558612] SLOW spr round 5 (radius: 20)
[10:15:25 -538487362.558606] SLOW spr round 6 (radius: 25)
[10:41:36 -538487362.558600] Model parameter optimization (eps = 0.100000)

[10:45:26] ML tree search #1, logLikelihood: -538487360.285745


Optimized model parameters:

   Partition 0: noname
   Rate heterogeneity: GAMMA (4 cats, mean),  alpha: 3.772887 (ML),  weights&rates: (0.250000,0.441433) (0.250000,0.766970) (0.250000,1.084363) (0.250000,1.707234) 
   Base frequencies (ML): 0.430746 0.156648 0.190886 0.221720 
   Substitution rates (ML): 1.905733 5.603930 0.860676 1.962786 6.231941 1.000000 


Final LogLikelihood: -538487360.285745

AIC score: 1076975536.571491 / AICc score: 1076975536.638245 / BIC score: 1076981013.950466
Free parameters (model + branch lengths): 408

Best ML tree saved to: /expanse/lustre/projects/uot138/chaos/ASTERISK-sim/data/alignment/22_10X_S201_0_haploid.raxml.bestTree
Optimized model saved to: /expanse/lustre/projects/uot138/chaos/ASTERISK-sim/data/alignment/22_10X_S201_0_haploid.raxml.bestModel

Execution log saved to: /expanse/lustre/projects/uot138/chaos/ASTERISK-sim/data/alignment/22_10X_S201_0_haploid.raxml.log

Analysis started: 07-Jan-2023 04:24:29 / finished: 07-Jan-2023 15:09:58

Elapsed time: 38728.780 seconds

Consumed energy: 4312.762 Wh (= 22 km in an electric car, or 108 km with an e-scooter!)

