Weighted ASTRAL - Hybrid
Version: v1.13.2.3
#Genetrees: 2000
#Species: 201
#Rounds: 4
#Samples: 4
#Threads: 32
Use two-step algorithm!
Guide Tree 0/27
#NNI moves:4/236
Guide Tree 1/27
#NNI moves:2/236
Guide Tree 2/27
#NNI moves:2/236
Guide Tree 3/27
#NNI moves:1/236
Guide Tree 4/27
#NNI moves:0/236
Guide Tree 5/27
#NNI moves:1/236
Guide Tree 6/27
#NNI moves:5/236
Guide Tree 7/27
#NNI moves:0/236
Guide Tree 8/27
#NNI moves:3/236
Guide Tree 9/27
#NNI moves:4/236
Guide Tree 10/27
#NNI moves:0/236
Guide Tree 11/27
#NNI moves:5/236
Guide Tree 12/27
#NNI moves:1/236
Guide Tree 13/27
#NNI moves:1/236
Guide Tree 14/27
#NNI moves:0/236
Guide Tree 15/27
#NNI moves:1/236
Guide Tree 16/27
#NNI moves:0/236
Guide Tree 17/27
#NNI moves:1/236
Guide Tree 18/27
#NNI moves:0/236
Guide Tree 19/27
#NNI moves:1/236
Guide Tree 20/27
#NNI moves:0/236
Guide Tree 21/27
#NNI moves:3/236
Guide Tree 22/27
#NNI moves:2/236
Guide Tree 23/27
#NNI moves:0/236
Guide Tree 24/27
#NNI moves:0/236
Guide Tree 25/27
#NNI moves:0/236
Guide Tree 26/27
#NNI moves:0/236
Remaining: 0
#NNI moves:3/236
#NNI moves:3/236
(((((((((((((((((((T30,T131),T107),(T44,T151)),T169),T138),(T98,T178)),(T109,T61)),(T71,T110)),((((T106,T60),T22),T100),((((((T63,(T38,T5)),(T9,(T191,T15))),((T65,T181),T159)),T171),(T153,(T200,T85))),(((T160,T25),(T76,(T185,T187))),(T118,T149))))),(((T166,(T8,T88)),((T3,(T12,T59)),(T102,T199))),(T144,T56))),(((((T17,T36),T198),(T139,T130)),T116),(T197,T108))),(((((T89,((T66,T173),T1)),T11),(T31,T167)),(((((T18,T64),(T72,T82)),(((T165,T14),(T57,T163)),(T154,(T150,T155)))),((T177,T50),T184)),((T24,T123),T115))),(((T158,T124),T122),((T52,T10),T125)))),((((((T133,((T183,T111),T193)),T113),(T86,T129)),(((((T112,(T58,(T53,T6))),T147),(((T29,(T101,T77)),T69),(T84,T114))),(((T103,T172),T188),T67)),T137)),((T121,T83),(T135,T70))),((((T34,(T20,T157)),T119),((T148,T13),T161)),(((T39,T128),((((T81,T195),T75),T91),T180)),T175)))),T0),(((((((T21,T141),(T74,(T40,T96))),(((T90,T54),T79),T28)),((((((T27,T146),T99),T33),T46),T196),((T156,T26),(T80,T23)))),(((T2,T186),(T168,T134)),(T174,T162))),(((T179,(((T126,T37),T182),T68)),T164),((((((T35,T176),T104),(T16,T127)),(T45,T48)),T32),T94))),((T42,T136),((T95,T189),((((T47,T194),T120),T51),T78))))),((T190,(T41,T92)),T145)),T43),((((T73,((T192,T132),T97)),T49),(T105,T55)),((T62,T140),((T93,(T170,((((T4,T117),T142),T87),T152))),(T143,T7))))),T19);
Guide Tree 0/27
#NNI moves:0/236
Guide Tree 1/27
#NNI moves:1/236
Guide Tree 2/27
#NNI moves:0/236
Guide Tree 3/27
#NNI moves:0/236
Guide Tree 4/27
#NNI moves:0/236
Guide Tree 5/27
#NNI moves:0/236
Guide Tree 6/27
#NNI moves:1/236
Guide Tree 7/27
#NNI moves:0/236
Guide Tree 8/27
#NNI moves:0/236
Guide Tree 9/27
#NNI moves:0/236
Guide Tree 10/27
#NNI moves:3/236
Guide Tree 11/27
#NNI moves:1/236
Guide Tree 12/27
#NNI moves:1/236
Guide Tree 13/27
#NNI moves:0/236
Guide Tree 14/27
#NNI moves:0/236
Guide Tree 15/27
#NNI moves:3/236
Guide Tree 16/27
#NNI moves:0/236
Guide Tree 17/27
#NNI moves:0/236
Guide Tree 18/27
#NNI moves:0/236
Guide Tree 19/27
#NNI moves:0/236
Guide Tree 20/27
#NNI moves:3/236
Guide Tree 21/27
#NNI moves:0/236
Guide Tree 22/27
#NNI moves:0/236
Guide Tree 23/27
#NNI moves:0/236
Guide Tree 24/27
#NNI moves:0/236
Guide Tree 25/27
#NNI moves:0/236
Guide Tree 26/27
#NNI moves:0/236
Remaining: 0
#NNI moves:0/236
#NNI moves:0/236
((((((T93,((((T142,(T117,T4)),T87),T152),T170)),(T7,T143)),(T62,T140)),(((T73,((T132,T192),T97)),T49),(T105,T55))),(((((((((((((T171,((T159,(T181,T65)),(((T15,T191),T9),(T63,(T38,T5))))),((T200,T85),T153)),(((T25,T160),((T187,T185),T76)),(T118,T149))),((T22,(T106,T60)),T100)),((((((((T30,T131),T107),(T44,T151)),T169),T138),(T178,T98)),(T109,T61)),(T71,T110))),(((((T12,T59),T3),(T102,T199)),((T88,T8),T166)),(T144,T56))),((T108,T197),((((T17,T36),T198),(T130,T139)),T116))),(((((((T66,T173),T1),T89),T11),(T167,T31)),((((((T14,T165),(T57,T163)),((T150,T155),T154)),((T64,T18),(T72,T82))),((T50,T177),T184)),((T24,T123),T115))),(((T52,T10),T125),((T124,T158),T122)))),((((((((T183,T111),T193),T133),T113),(T129,T86)),(((((T84,T114),(T69,(T29,(T101,T77)))),((T112,((T53,T6),T58)),T147)),((T188,(T103,T172)),T67)),T137)),((T83,T121),(T135,T70))),(((((((T195,T81),T75),T91),T180),(T39,T128)),T175),((T119,((T20,T157),T34)),((T13,T148),T161))))),T0),(((((((T79,(T90,T54)),T28),((T141,T21),((T96,T40),T74))),(((T156,T26),(T80,T23)),(((((T146,T27),T99),T33),T46),T196))),(((T186,T2),(T134,T168)),(T174,T162))),(((((T48,T45),((T16,T127),((T176,T35),T104))),T32),T94),((T179,(((T126,T37),T182),T68)),T164))),(((T95,T189),((((T194,T47),T120),T51),T78)),(T136,T42)))),((T190,(T41,T92)),T145)),T43)),T19);
Guide Tree 0/27
#NNI moves:0/236
Guide Tree 1/27
#NNI moves:1/236
Guide Tree 2/27
#NNI moves:0/236
Guide Tree 3/27
#NNI moves:4/236
Guide Tree 4/27
#NNI moves:0/236
Guide Tree 5/27
#NNI moves:0/236
Guide Tree 6/27
#NNI moves:3/236
Guide Tree 7/27
#NNI moves:3/236
Guide Tree 8/27
#NNI moves:0/236
Guide Tree 9/27
#NNI moves:1/236
Guide Tree 10/27
#NNI moves:0/236
Guide Tree 11/27
#NNI moves:1/236
Guide Tree 12/27
#NNI moves:3/236
Guide Tree 13/27
#NNI moves:1/236
Guide Tree 14/27
#NNI moves:0/236
Guide Tree 15/27
#NNI moves:5/236
Guide Tree 16/27
#NNI moves:0/236
Guide Tree 17/27
#NNI moves:1/236
Guide Tree 18/27
#NNI moves:0/236
Guide Tree 19/27
#NNI moves:0/236
Guide Tree 20/27
#NNI moves:0/236
Guide Tree 21/27
#NNI moves:0/236
Guide Tree 22/27
#NNI moves:3/236
Guide Tree 23/27
#NNI moves:0/236
Guide Tree 24/27
#NNI moves:5/236
Guide Tree 25/27
#NNI moves:0/236
Guide Tree 26/27
#NNI moves:0/236
Remaining: 0
#NNI moves:0/236
#NNI moves:0/236
((((((((((((((((T155,T150),T154),((T165,T14),(T163,T57))),((T18,T64),(T72,T82))),((T177,T50),T184)),(T115,(T24,T123))),(((((T173,T66),T1),T89),T11),(T167,T31))),((T125,(T52,T10)),(T122,(T124,T158)))),((((T56,T144),(((T8,T88),T166),((T102,T199),((T12,T59),T3)))),((((((T25,T160),((T185,T187),T76)),(T149,T118)),(((((T181,T65),T159),((T9,(T191,T15)),((T38,T5),T63))),T171),((T200,T85),T153))),(((T60,T106),T22),T100)),(((((((T107,(T30,T131)),(T44,T151)),T169),T138),(T98,T178)),(T109,T61)),(T71,T110)))),(((((T36,T17),T198),(T139,T130)),T116),(T108,T197)))),((((((((T112,(T58,(T53,T6))),T147),((((T101,T77),T29),T69),(T114,T84))),(((T103,T172),T188),T67)),T137),((T86,T129),(T113,(((T183,T111),T193),T133)))),((T135,T70),(T121,T83))),(((((T20,T157),T34),T119),((T148,T13),T161)),((((((T195,T81),T75),T91),T180),(T39,T128)),T175)))),T0),((((((T196,((((T146,T27),T99),T33),T46)),((T80,T23),(T156,T26))),(((T74,(T40,T96)),(T141,T21)),(((T54,T90),T79),T28))),(((T2,T186),(T168,T134)),(T174,T162))),(((((T45,T48),((T16,T127),(T104,(T35,T176)))),T32),T94),((((T182,(T37,T126)),T68),T179),T164))),((T42,T136),((T78,(((T194,T47),T120),T51)),(T95,T189))))),(T145,((T92,T41),T190))),T43),(((T105,T55),((((T132,T192),T97),T73),T49)),(((((((T142,(T117,T4)),T87),T152),T170),T93),(T7,T143)),(T140,T62)))),T19);
Guide Tree 0/27
#NNI moves:0/236
Guide Tree 1/27
#NNI moves:0/236
Guide Tree 2/27
#NNI moves:0/236
Guide Tree 3/27
#NNI moves:0/236
Guide Tree 4/27
#NNI moves:0/236
Guide Tree 5/27
#NNI moves:0/236
Guide Tree 6/27
#NNI moves:0/236
Guide Tree 7/27
#NNI moves:1/236
Guide Tree 8/27
#NNI moves:0/236
Guide Tree 9/27
#NNI moves:0/236
Guide Tree 10/27
#NNI moves:0/236
Guide Tree 11/27
#NNI moves:0/236
Guide Tree 12/27
#NNI moves:2/236
Guide Tree 13/27
#NNI moves:0/236
Guide Tree 14/27
#NNI moves:0/236
Guide Tree 15/27
#NNI moves:0/236
Guide Tree 16/27
#NNI moves:0/236
Guide Tree 17/27
#NNI moves:0/236
Guide Tree 18/27
#NNI moves:3/236
Guide Tree 19/27
#NNI moves:0/236
Guide Tree 20/27
#NNI moves:0/236
Guide Tree 21/27
#NNI moves:0/236
Guide Tree 22/27
#NNI moves:3/236
Guide Tree 23/27
#NNI moves:0/236
Guide Tree 24/27
#NNI moves:0/236
Guide Tree 25/27
#NNI moves:0/236
Guide Tree 26/27
#NNI moves:0/236
Remaining: 0
#NNI moves:0/236
#NNI moves:0/236
(((((((((T87,(T142,(T4,T117))),T152),T170),T93),(T7,T143)),(T62,T140)),(((T73,((T132,T192),T97)),T49),(T105,T55))),((((((((((((T61,T109),(((((T107,(T131,T30)),(T44,T151)),T169),T138),(T178,T98))),(T71,T110)),((((((((T15,T191),T9),((T5,T38),T63)),(T159,(T65,T181))),T171),((T85,T200),T153)),((((T187,T185),T76),(T25,T160)),(T149,T118))),(T100,((T106,T60),T22)))),(((((T59,T12),T3),(T199,T102)),((T8,T88),T166)),(T56,T144))),((T197,T108),(T116,((T130,T139),((T36,T17),T198))))),((((T31,T167),(((T1,(T66,T173)),T89),T11)),((((((T155,T150),T154),((T163,T57),(T14,T165))),((T82,T72),(T18,T64))),(T184,(T50,T177))),((T24,T123),T115))),(((T52,T10),T125),((T124,T158),T122)))),((((((((((T53,T6),T58),T112),T147),(((T29,(T101,T77)),T69),(T84,T114))),((T188,(T172,T103)),T67)),T137),((((T193,(T111,T183)),T133),T113),(T86,T129))),((T121,T83),(T135,T70))),((((T13,T148),T161),(T119,((T157,T20),T34))),(((((T75,(T81,T195)),T91),T180),(T128,T39)),T175)))),T0),((((((((T104,(T35,T176)),(T16,T127)),(T48,T45)),T32),T94),(((T68,(T182,(T126,T37))),T179),T164)),((((((T90,T54),T79),T28),((T21,T141),((T96,T40),T74))),(((T26,T156),(T80,T23)),(T196,((((T27,T146),T99),T33),T46)))),(((T186,T2),(T134,T168)),(T162,T174)))),((((((T47,T194),T120),T51),T78),(T95,T189)),(T136,T42)))),((T190,(T41,T92)),T145)),T43)),T19);
Initial score: 2.64766e+10
Initial tree: (((((((((T87,(T142,(T4,T117))),T152),T170),T93),(T7,T143)),(T62,T140)),(((T73,((T132,T192),T97)),T49),(T105,T55))),((((((((((((T61,T109),(((((T107,(T131,T30)),(T44,T151)),T169),T138),(T178,T98))),(T71,T110)),((((((((T15,T191),T9),((T5,T38),T63)),(T159,(T65,T181))),T171),((T85,T200),T153)),((((T187,T185),T76),(T25,T160)),(T149,T118))),(T100,((T106,T60),T22)))),(((((T59,T12),T3),(T199,T102)),((T8,T88),T166)),(T56,T144))),((T197,T108),(T116,((T130,T139),((T36,T17),T198))))),((((T31,T167),(((T1,(T66,T173)),T89),T11)),((((((T155,T150),T154),((T163,T57),(T14,T165))),((T82,T72),(T18,T64))),(T184,(T50,T177))),((T24,T123),T115))),(((T52,T10),T125),((T124,T158),T122)))),((((((((((T53,T6),T58),T112),T147),(((T29,(T101,T77)),T69),(T84,T114))),((T188,(T172,T103)),T67)),T137),((((T193,(T111,T183)),T133),T113),(T86,T129))),((T121,T83),(T135,T70))),((((T13,T148),T161),(T119,((T157,T20),T34))),(((((T75,(T81,T195)),T91),T180),(T128,T39)),T175)))),T0),((((((((T104,(T35,T176)),(T16,T127)),(T48,T45)),T32),T94),(((T68,(T182,(T126,T37))),T179),T164)),((((((T90,T54),T79),T28),((T21,T141),((T96,T40),T74))),(((T26,T156),(T80,T23)),(T196,((((T27,T146),T99),T33),T46)))),(((T186,T2),(T134,T168)),(T162,T174)))),((((((T47,T194),T120),T51),T78),(T95,T189)),(T136,T42)))),((T190,(T41,T92)),T145)),T43)),T19);
*** Subsample Process ***
Use two-step algorithm!
#NNI moves:0/236
Remaining: 0
#NNI moves:0/236
#NNI moves:0/236
(((((((((((((((((((((T181,T65),T159),(((T15,T191),T9),((T5,T38),T63))),T171),((T200,T85),T153)),(((T76,(T185,T187)),(T25,T160)),(T149,T118))),(((T106,T60),T22),T100)),((T110,T71),(((T98,T178),((((T151,T44),(T107,(T30,T131))),T169),T138)),(T109,T61)))),(((((T59,T12),T3),(T199,T102)),(T166,(T8,T88))),(T56,T144))),((T197,T108),((((T36,T17),T198),(T130,T139)),T116))),((((((((T57,T163),(T14,T165)),(T154,(T150,T155))),((T82,T72),(T64,T18))),((T50,T177),T184)),((T24,T123),T115)),((T31,T167),((T89,((T66,T173),T1)),T11))),(((T124,T158),T122),((T52,T10),T125)))),((((((((((T53,T6),T58),T112),T147),((T84,T114),(((T101,T77),T29),T69))),(((T172,T103),T188),T67)),T137),(((((T183,T111),T193),T133),T113),(T86,T129))),((T83,T121),(T70,T135))),(((T119,((T157,T20),T34)),((T13,T148),T161)),(((T180,((T75,(T195,T81)),T91)),(T39,T128)),T175)))),T0),(((((((T26,T156),(T80,T23)),(((((T27,T146),T99),T33),T46),T196)),(((T141,T21),((T40,T96),T74)),((T79,(T54,T90)),T28))),(((T2,T186),(T134,T168)),(T174,T162))),(((((((T176,T35),T104),(T16,T127)),(T48,T45)),T32),T94),(((T68,(T182,(T37,T126))),T179),T164))),((T42,T136),(((T51,((T47,T194),T120)),T78),(T189,T95))))),((T190,(T41,T92)),T145)),T43),T19),(((((T132,T192),T97),T73),T49),(T105,T55))),((((T152,(((T4,T117),T142),T87)),T170),T93),(T7,T143))),T140),T62);
#NNI moves:0/236
Remaining: 0
#NNI moves:0/236
#NNI moves:0/236
(((((((((((((((((((((T168,T134),(T2,T186)),(T162,T174)),(((((T54,T90),T79),T28),(((T40,T96),T74),(T21,T141))),(((((T99,(T27,T146)),T33),T46),T196),((T23,T80),(T156,T26))))),(((((T45,T48),((T16,T127),((T176,T35),T104))),T32),T94),(T164,(((T182,(T37,T126)),T68),T179)))),((((T51,(T120,(T47,T194))),T78),(T95,T189)),(T136,T42))),((((((((((T87,((T4,T117),T142)),T152),T170),T93),(T7,T143)),(T62,T140)),((T49,(((T132,T192),T97),T73)),(T55,T105))),T19),T43),(T145,(T190,(T92,T41))))),T0),((((((((T112,(T58,(T6,T53))),T147),((T84,T114),(T69,((T77,T101),T29)))),(((T172,T103),T188),T67)),T137),((((T193,(T183,T111)),T133),T113),(T86,T129))),((T121,T83),(T135,T70))),((((T34,(T20,T157)),T119),((T13,T148),T161)),(((T39,T128),((((T81,T195),T75),T91),T180)),T175)))),((((((((T14,T165),(T57,T163)),(T154,(T155,T150))),((T64,T18),(T82,T72))),((T50,T177),T184)),(T115,(T24,T123))),((T11,((T1,(T66,T173)),T89)),(T31,T167))),(((T10,T52),T125),((T158,T124),T122)))),(((((T17,T36),T198),(T139,T130)),T116),(T108,T197))),((((T8,T88),T166),((T199,T102),((T59,T12),T3))),(T144,T56))),((((T138,(((T151,T44),(T107,(T131,T30))),T169)),(T98,T178)),(T61,T109)),(T71,T110))),(T100,(T22,(T106,T60)))),((((T185,T187),T76),(T160,T25)),(T149,T118))),((T85,T200),T153)),T171),(((T5,T38),T63),((T15,T191),T9))),T159),T181),T65);
#NNI moves:0/236
Remaining: 0
#NNI moves:0/236
#NNI moves:0/236
((((((((((((((((((((((((((((T15,T191),T9),((T38,T5),T63)),((T181,T65),T159)),T171),((T85,T200),T153)),(((T76,(T185,T187)),(T160,T25)),(T118,T149))),(((T106,T60),T22),T100)),((((((((T131,T30),T107),(T151,T44)),T169),T138),(T98,T178)),(T109,T61)),(T110,T71))),((((T88,T8),T166),((T102,T199),(T3,(T12,T59)))),(T56,T144))),((((T130,T139),((T17,T36),T198)),T116),(T197,T108))),((((((((T163,T57),(T14,T165)),((T150,T155),T154)),((T82,T72),(T18,T64))),((T177,T50),T184)),(T115,(T123,T24))),(((((T66,T173),T1),T89),T11),(T167,T31))),((T125,(T10,T52)),((T158,T124),T122)))),((((((((T111,T183),T193),T133),T113),(T86,T129)),(((((T103,T172),T188),T67),(((T112,(T58,(T6,T53))),T147),((T84,T114),(((T77,T101),T29),T69)))),T137)),((T83,T121),(T135,T70))),(((((((T81,T195),T75),T91),T180),(T39,T128)),T175),(((T148,T13),T161),(T119,(T34,(T157,T20))))))),T0),((((((((T54,T90),T79),T28),(((T96,T40),T74),(T141,T21))),((((((T27,T146),T99),T33),T46),T196),((T26,T156),(T80,T23)))),(((T186,T2),(T134,T168)),(T162,T174))),((T164,(T179,((T182,(T126,T37)),T68))),((((((T35,T176),T104),(T127,T16)),(T45,T48)),T32),T94))),((T42,T136),(((T51,((T47,T194),T120)),T78),(T95,T189))))),(T145,((T92,T41),T190))),T43),T19),(((T73,(T97,(T192,T132))),T49),(T105,T55))),(T140,T62)),(T7,T143)),T93),T170),T152),T87),T142),T4),T117);
#NNI moves:0/236
Remaining: 0
#NNI moves:0/236
#NNI moves:0/236
((((((((((((((((((((((((T54,T90),T79),T28),((T74,(T96,T40)),(T21,T141))),(((T26,T156),(T23,T80)),((T46,(((T146,T27),T99),T33)),T196))),(((T2,T186),(T134,T168)),(T174,T162))),(((((T48,T45),((T104,(T176,T35)),(T127,T16))),T32),T94),(((((T37,T126),T182),T68),T179),T164))),(((T95,T189),(T78,(((T194,T47),T120),T51))),(T42,T136))),(((((((T7,T143),(((((T142,(T4,T117)),T87),T152),T170),T93)),(T62,T140)),(((((T192,T132),T97),T73),T49),(T105,T55))),T19),T43),(T145,((T41,T92),T190)))),T0),((((((((T111,T183),T193),T133),T113),(T86,T129)),((((((T58,(T6,T53)),T112),T147),((T69,((T77,T101),T29)),(T84,T114))),(T67,(T188,(T103,T172)))),T137)),((T83,T121),(T135,T70))),(((((T91,((T195,T81),T75)),T180),(T39,T128)),T175),(((T13,T148),T161),(((T157,T20),T34),T119))))),((((((((T163,T57),(T14,T165)),((T155,T150),T154)),((T64,T18),(T82,T72))),((T50,T177),T184)),((T123,T24),T115)),(((((T66,T173),T1),T89),T11),(T31,T167))),(((T52,T10),T125),(T122,(T158,T124))))),((((T130,T139),(T198,(T36,T17))),T116),(T108,T197))),(((T166,(T8,T88)),((T199,T102),((T59,T12),T3))),(T56,T144))),((((((((T131,T30),T107),(T151,T44)),T169),T138),(T178,T98)),(T61,T109)),(T110,T71))),((T22,(T60,T106)),T100)),((T118,T149),((T160,T25),((T185,T187),T76)))),((T85,T200),T153)),T171),(T159,(T65,T181))),(T63,(T5,T38))),T9),T191),T15);
Current score: 2.64766e+10
Current tree: ((((((T7,T143),(((((T142,(T4,T117)),T87),T152),T170),T93)),(T62,T140)),(((((T192,T132),T97),T73),T49),(T105,T55))),(T43,((T145,((T41,T92),T190)),(((((((((T54,T90),T79),T28),((T74,(T96,T40)),(T21,T141))),(((T26,T156),(T23,T80)),((T46,(((T146,T27),T99),T33)),T196))),(((T2,T186),(T134,T168)),(T174,T162))),(((((T48,T45),((T104,(T176,T35)),(T127,T16))),T32),T94),(((((T37,T126),T182),T68),T179),T164))),(((T95,T189),(T78,(((T194,T47),T120),T51))),(T42,T136))),(T0,(((((((((T111,T183),T193),T133),T113),(T86,T129)),((((((T58,(T6,T53)),T112),T147),((T69,((T77,T101),T29)),(T84,T114))),(T67,(T188,(T103,T172)))),T137)),((T83,T121),(T135,T70))),(((((T91,((T195,T81),T75)),T180),(T39,T128)),T175),(((T13,T148),T161),(((T157,T20),T34),T119)))),(((((((((T163,T57),(T14,T165)),((T155,T150),T154)),((T64,T18),(T82,T72))),((T50,T177),T184)),((T123,T24),T115)),(((((T66,T173),T1),T89),T11),(T31,T167))),(((T52,T10),T125),(T122,(T158,T124)))),(((((T130,T139),(T198,(T36,T17))),T116),(T108,T197)),((((T166,(T8,T88)),((T199,T102),((T59,T12),T3))),(T56,T144)),(((((((((T131,T30),T107),(T151,T44)),T169),T138),(T178,T98)),(T61,T109)),(T110,T71)),(((T22,(T60,T106)),T100),(((T118,T149),((T160,T25),((T185,T187),T76))),(((T85,T200),T153),(T171,((T159,(T65,T181)),((T63,(T5,T38)),(T9,(T191,T15)))))))))))))))))),T19);
Use two-step algorithm!
#NNI moves:0/236
Remaining: 0
#NNI moves:0/236
#NNI moves:0/236
((((((((((((((((((((((T44,T151),(T107,(T131,T30))),T169),T138),(T98,T178)),(T61,T109)),(T71,T110)),(((((T85,T200),T153),(((((T191,T15),T9),((T38,T5),T63)),(T159,(T181,T65))),T171)),((((T185,T187),T76),(T160,T25)),(T118,T149))),(((T60,T106),T22),T100))),((T144,T56),(((T102,T199),((T59,T12),T3)),((T88,T8),T166)))),((((T198,(T36,T17)),(T130,T139)),T116),(T108,T197))),(((((((T64,T18),(T82,T72)),((T154,(T150,T155)),((T14,T165),(T163,T57)))),((T177,T50),T184)),((T123,T24),T115)),((T167,T31),((((T66,T173),T1),T89),T11))),((T125,(T10,T52)),(T122,(T124,T158))))),((((((((((T77,T101),T29),T69),(T84,T114)),(((T58,(T53,T6)),T112),T147)),(((T172,T103),T188),T67)),T137),(((((T183,T111),T193),T133),T113),(T129,T86))),((T135,T70),(T121,T83))),(((((((T81,T195),T75),T91),T180),(T39,T128)),T175),(((T34,(T20,T157)),T119),(T161,(T148,T13)))))),T0),((((((((T40,T96),T74),(T141,T21)),((T79,(T90,T54)),T28)),((((((T27,T146),T99),T33),T46),T196),((T23,T80),(T26,T156)))),((T162,T174),((T168,T134),(T186,T2)))),(((((T45,T48),((T16,T127),((T35,T176),T104))),T32),T94),((T179,(((T37,T126),T182),T68)),T164))),((((((T47,T194),T120),T51),T78),(T189,T95)),(T136,T42)))),(((T92,T41),T190),T145)),T43),T19),((((T97,(T192,T132)),T73),T49),(T55,T105))),(T140,T62)),((((T87,((T117,T4),T142)),T152),T170),T93)),T7),T143);
#NNI moves:0/236
Remaining: 0
#NNI moves:1/236
#NNI moves:1/236
((((((((((((((((((((((((((T146,T27),T99),T33),T46),T196),((T156,T26),(T23,T80))),(((T74,(T40,T96)),(T21,T141)),(((T90,T54),T79),T28))),(((T168,T134),(T186,T2)),(T174,T162))),(((((T45,T48),(((T35,T176),T104),(T16,T127))),T32),T94),((((T182,(T126,T37)),T68),T179),T164))),(((T95,T189),((T51,((T47,T194),T120)),T78)),(T42,T136))),((((T41,T92),T190),T145),((((((T93,((T152,(((T4,T117),T142),T87)),T170)),(T143,T7)),(T62,T140)),((T49,((T97,(T132,T192)),T73)),(T105,T55))),T19),T43))),T0),((((((((((T77,T101),T29),T69),(T114,T84)),((((T53,T6),T58),T112),T147)),(((T103,T172),T188),T67)),T137),(((((T111,T183),T193),T133),T113),(T129,T86))),((T135,T70),(T83,T121))),(((T119,(T34,(T20,T157))),((T13,T148),T161)),(((T180,(((T195,T81),T75),T91)),(T39,T128)),T175)))),(((((((T64,T18),(T72,T82)),((T154,(T155,T150)),((T163,T57),(T14,T165)))),((T50,T177),T184)),((T24,T123),T115)),(((((T173,T66),T1),T89),T11),(T167,T31))),(((T52,T10),T125),((T158,T124),T122)))),((T116,((T139,T130),((T36,T17),T198))),(T197,T108))),(((((T12,T59),T3),(T199,T102)),(T166,(T8,T88))),(T144,T56))),((((((((T5,T38),T63),(T9,(T191,T15))),(T159,(T181,T65))),T171),((T85,T200),T153)),((((T185,T187),T76),(T160,T25)),(T118,T149))),((T22,(T106,T60)),T100))),(T71,T110)),(T109,T61)),(T98,T178)),T138),T169),(T151,T44)),T107),T30),T131);
#NNI moves:0/236
Remaining: 0
#NNI moves:0/236
#NNI moves:0/236
(((((((((((((((((((((((((T163,T57),(T165,T14)),((T155,T150),T154)),((T18,T64),(T72,T82))),((T177,T50),T184)),((T123,T24),T115)),((T167,T31),((((T173,T66),T1),T89),T11))),(((T10,T52),T125),((T158,T124),T122))),((((((((((T9,(T191,T15)),((T5,T38),T63)),(T159,(T65,T181))),T171),((T85,T200),T153)),((((T187,T185),T76),(T160,T25)),(T149,T118))),((T22,(T106,T60)),T100)),((((T98,T178),((((T107,(T131,T30)),(T44,T151)),T169),T138)),(T61,T109)),(T110,T71))),((((T88,T8),T166),(((T12,T59),T3),(T102,T199))),(T144,T56))),((T108,T197),((((T36,T17),T198),(T130,T139)),T116)))),((((((((T111,T183),T193),T133),T113),(T129,T86)),(((((((T53,T6),T58),T112),T147),((T114,T84),(T69,(T29,(T101,T77))))),((T188,(T103,T172)),T67)),T137)),((T83,T121),(T135,T70))),(((((T20,T157),T34),T119),((T13,T148),T161)),(((T39,T128),(((T75,(T195,T81)),T91),T180)),T175)))),T0),((((((((T54,T90),T79),T28),((T141,T21),(T74,(T40,T96)))),((((((T27,T146),T99),T33),T46),T196),((T80,T23),(T26,T156)))),(((T134,T168),(T2,T186)),(T162,T174))),(((((T48,T45),(((T176,T35),T104),(T127,T16))),T32),T94),(((T68,((T37,T126),T182)),T179),T164))),(((((T120,(T47,T194)),T51),T78),(T95,T189)),(T136,T42)))),((T190,(T41,T92)),T145)),T43),T19),(((((T192,T132),T97),T73),T49),(T105,T55))),(T62,T140)),(T7,T143)),T93),T170),T152),T87),T142),T4),T117);
#NNI moves:0/236
Remaining: 0
#NNI moves:0/236
#NNI moves:0/236
((((((((((((((((((((T58,(T53,T6)),T112),T147),(((T29,(T77,T101)),T69),(T114,T84))),(((T103,T172),T188),T67)),T137),((T129,T86),(((T193,(T111,T183)),T133),T113))),((T135,T70),(T121,T83))),((((T148,T13),T161),(((T20,T157),T34),T119)),(((T128,T39),((((T195,T81),T75),T91),T180)),T175))),(((((((((T141,T21),((T40,T96),T74)),(T28,(T79,(T90,T54)))),(((((T99,(T146,T27)),T33),T46),T196),((T26,T156),(T23,T80)))),((T162,T174),((T2,T186),(T168,T134)))),(((((((T35,T176),T104),(T16,T127)),(T48,T45)),T32),T94),(T164,((((T37,T126),T182),T68),T179)))),((T136,T42),(((((T194,T47),T120),T51),T78),(T189,T95)))),((((T41,T92),T190),T145),((((((((T132,T192),T97),T73),T49),(T105,T55)),(((T93,((T152,(((T4,T117),T142),T87)),T170)),(T7,T143)),(T140,T62))),T19),T43))),T0)),((((((((T85,T200),T153),((((T181,T65),T159),(((T191,T15),T9),(T63,(T5,T38)))),T171)),((((T185,T187),T76),(T25,T160)),(T149,T118))),((T22,(T60,T106)),T100)),(((((((T44,T151),(T107,(T131,T30))),T169),T138),(T178,T98)),(T109,T61)),(T71,T110))),((((T102,T199),((T12,T59),T3)),((T88,T8),T166)),(T56,T144))),((((T139,T130),((T36,T17),T198)),T116),(T197,T108)))),(((T158,T124),T122),(T125,(T52,T10)))),(((T89,((T173,T66),T1)),T11),(T31,T167))),((T123,T24),T115)),((T177,T50),T184)),((T64,T18),(T82,T72))),(T154,(T150,T155))),(T57,T163)),T14),T165);
Current score: 2.64766e+10
Current tree: ((((((((T132,T192),T97),T73),T49),(T105,T55)),(((T93,((T152,(((T4,T117),T142),T87)),T170)),(T7,T143)),(T140,T62))),(T43,((((T41,T92),T190),T145),((((((((T141,T21),((T40,T96),T74)),(T28,(T79,(T90,T54)))),(((((T99,(T146,T27)),T33),T46),T196),((T26,T156),(T23,T80)))),((T162,T174),((T2,T186),(T168,T134)))),(((((((T35,T176),T104),(T16,T127)),(T48,T45)),T32),T94),(T164,((((T37,T126),T182),T68),T179)))),((T136,T42),(((((T194,T47),T120),T51),T78),(T189,T95)))),(T0,((((((((((T58,(T53,T6)),T112),T147),(((T29,(T77,T101)),T69),(T114,T84))),(((T103,T172),T188),T67)),T137),((T129,T86),(((T193,(T111,T183)),T133),T113))),((T135,T70),(T121,T83))),((((T148,T13),T161),(((T20,T157),T34),T119)),(((T128,T39),((((T195,T81),T75),T91),T180)),T175))),(((((((((T85,T200),T153),((((T181,T65),T159),(((T191,T15),T9),(T63,(T5,T38)))),T171)),((((T185,T187),T76),(T25,T160)),(T149,T118))),((T22,(T60,T106)),T100)),(((((((T44,T151),(T107,(T131,T30))),T169),T138),(T178,T98)),(T109,T61)),(T71,T110))),((((T102,T199),((T12,T59),T3)),((T88,T8),T166)),(T56,T144))),((((T139,T130),((T36,T17),T198)),T116),(T197,T108))),((((T158,T124),T122),(T125,(T52,T10))),((((T89,((T173,T66),T1)),T11),(T31,T167)),(((T123,T24),T115),(((T177,T50),T184),(((T64,T18),(T82,T72)),((T154,(T150,T155)),((T57,T163),(T14,T165))))))))))))))),T19);
Use two-step algorithm!
#NNI moves:0/236
Remaining: 0
#NNI moves:0/236
#NNI moves:0/236
(((((((((((((((((((((T29,(T101,T77)),T69),(T114,T84)),(T147,(((T53,T6),T58),T112))),((T188,(T103,T172)),T67)),T137),((T86,T129),((T133,(T193,(T183,T111))),T113))),((T135,T70),(T121,T83))),(((((T157,T20),T34),T119),((T13,T148),T161)),((((T91,((T81,T195),T75)),T180),(T39,T128)),T175))),((((((((T171,(((T65,T181),T159),(((T191,T15),T9),((T5,T38),T63)))),(T153,(T200,T85))),(((T160,T25),((T185,T187),T76)),(T149,T118))),((T22,(T60,T106)),T100)),((((((((T131,T30),T107),(T44,T151)),T169),T138),(T178,T98)),(T109,T61)),(T110,T71))),((((T3,(T59,T12)),(T199,T102)),((T8,T88),T166)),(T56,T144))),((((T139,T130),((T36,T17),T198)),T116),(T108,T197))),(((((((T173,T66),T1),T89),T11),(T167,T31)),((((T177,T50),T184),(((T154,(T155,T150)),((T165,T14),(T57,T163))),((T82,T72),(T18,T64)))),((T123,T24),T115))),((T125,(T52,T10)),(T122,(T158,T124)))))),T0),((((((T28,((T54,T90),T79)),((T21,T141),((T40,T96),T74))),(((T26,T156),(T23,T80)),(((((T146,T27),T99),T33),T46),T196))),((T174,T162),((T186,T2),(T168,T134)))),(((T179,(T68,(T182,(T37,T126)))),T164),(T94,((((T16,T127),((T35,T176),T104)),(T48,T45)),T32)))),((((((T194,T47),T120),T51),T78),(T189,T95)),(T42,T136)))),((T190,(T92,T41)),T145)),T43),T19),((((T97,(T132,T192)),T73),T49),(T55,T105))),(T62,T140)),(T7,T143)),T93),((T87,((T117,T4),T142)),T152)),T170);
#NNI moves:0/236
Remaining: 0
#NNI moves:0/236
#NNI moves:0/236
(((((((((((((((((((((T97,(T132,T192)),T73),T49),(T55,T105)),(((T7,T143),((((((T117,T4),T142),T87),T152),T170),T93)),(T140,T62))),T19),T43),(((T92,T41),T190),T145)),(((((((T80,T23),(T156,T26)),(T196,((((T146,T27),T99),T33),T46))),(((T141,T21),((T40,T96),T74)),(((T90,T54),T79),T28))),((T174,T162),((T186,T2),(T168,T134)))),((((((T126,T37),T182),T68),T179),T164),(((((T16,T127),((T35,T176),T104)),(T45,T48)),T32),T94))),((((T51,((T47,T194),T120)),T78),(T189,T95)),(T136,T42)))),T0),(((((((((((T9,(T15,T191)),((T38,T5),T63)),((T181,T65),T159)),T171),((T85,T200),T153)),(((T76,(T187,T185)),(T25,T160)),(T118,T149))),(T100,((T106,T60),T22))),(((((((T151,T44),(T107,(T30,T131))),T169),T138),(T178,T98)),(T61,T109)),(T110,T71))),(((((T12,T59),T3),(T199,T102)),((T88,T8),T166)),(T56,T144))),((T108,T197),((((T36,T17),T198),(T139,T130)),T116))),(((((((T66,T173),T1),T89),T11),(T167,T31)),(((T184,(T177,T50)),(((T64,T18),(T72,T82)),((T154,(T150,T155)),((T163,T57),(T165,T14))))),(T115,(T123,T24)))),((T125,(T10,T52)),((T124,T158),T122))))),((((((T75,(T195,T81)),T91),T180),(T128,T39)),T175),((T161,(T13,T148)),(((T20,T157),T34),T119)))),((T70,T135),(T83,T121))),((((T193,(T183,T111)),T133),T113),(T86,T129))),T137),(((T103,T172),T188),T67)),((T112,((T6,T53),T58)),T147)),(T114,T84)),T69),(T77,T101)),T29);
#NNI moves:0/236
Remaining: 0
#NNI moves:0/236
#NNI moves:0/236
((((((((T192,T132),T97),T73),T49),(T105,T55)),(((((((T142,(T4,T117)),T87),T152),T170),T93),(T7,T143)),(T62,T140))),(((((((((((((((((T15,T191),T9),((T38,T5),T63)),(T159,(T181,T65))),T171),((T85,T200),T153)),(((T25,T160),((T187,T185),T76)),(T149,T118))),(((T106,T60),T22),T100)),(((((((T151,T44),((T30,T131),T107)),T169),T138),(T98,T178)),(T109,T61)),(T71,T110))),((((T199,T102),(T3,(T12,T59))),((T8,T88),T166)),(T144,T56))),((T197,T108),(T116,(((T36,T17),T198),(T130,T139))))),(((((((T72,T82),(T18,T64)),(((T57,T163),(T165,T14)),((T155,T150),T154))),(T184,(T50,T177))),(T115,(T123,T24))),((T11,((T1,(T173,T66)),T89)),(T167,T31))),(((T124,T158),T122),(T125,(T52,T10))))),((((((T20,T157),T34),T119),(T161,(T13,T148))),(((T39,T128),((((T195,T81),T75),T91),T180)),T175)),(((((((T103,T172),T188),T67),(((((T101,T77),T29),T69),(T84,T114)),(((T58,(T6,T53)),T112),T147))),T137),((T113,(T133,((T183,T111),T193))),(T86,T129))),((T83,T121),(T135,T70))))),T0),((((((((((T146,T27),T99),T33),T46),T196),((T26,T156),(T23,T80))),(((T141,T21),(T74,(T96,T40))),(((T54,T90),T79),T28))),(((T168,T134),(T2,T186)),(T162,T174))),(((((((T176,T35),T104),(T16,T127)),(T45,T48)),T32),T94),((((T182,(T37,T126)),T68),T179),T164))),((((((T194,T47),T120),T51),T78),(T95,T189)),(T42,T136)))),(((T41,T92),T190),T145)),T43)),T19);
#NNI moves:0/236
Remaining: 0
#NNI moves:0/236
#NNI moves:0/236
((((((((((((((((((((((T9,(T15,T191)),((T38,T5),T63)),((T181,T65),T159)),T171),((T200,T85),T153)),((T149,T118),(((T185,T187),T76),(T25,T160)))),(((T106,T60),T22),T100)),((((((((T131,T30),T107),(T44,T151)),T169),T138),(T98,T178)),(T61,T109)),(T71,T110))),((((T199,T102),((T59,T12),T3)),(T166,(T88,T8))),(T144,T56))),(((((T36,T17),T198),(T130,T139)),T116),(T197,T108))),((((((((T165,T14),(T163,T57)),((T150,T155),T154)),((T82,T72),(T18,T64))),((T177,T50),T184)),(T115,(T123,T24))),(((((T66,T173),T1),T89),T11),(T167,T31))),(((T52,T10),T125),((T124,T158),T122)))),((((((((((T101,T77),T29),T69),(T114,T84)),(T147,(T112,((T6,T53),T58)))),(((T103,T172),T188),T67)),T137),(((((T111,T183),T193),T133),T113),(T129,T86))),((T70,T135),(T83,T121))),(((((T91,(T75,(T195,T81))),T180),(T128,T39)),T175),((T119,((T157,T20),T34)),(T161,(T148,T13)))))),T0),(((((((T46,(T33,(T99,(T146,T27)))),T196),((T80,T23),(T26,T156))),((((T96,T40),T74),(T21,T141)),((T79,(T90,T54)),T28))),(((T2,T186),(T168,T134)),(T174,T162))),(((T32,(((T104,(T176,T35)),(T16,T127)),(T48,T45))),T94),((((T182,(T126,T37)),T68),T179),T164))),((T136,T42),(((((T47,T194),T120),T51),T78),(T189,T95))))),(T145,((T41,T92),T190))),T43),T19),((T62,T140),((((T152,(T87,((T117,T4),T142))),T170),T93),(T143,T7)))),(T105,T55)),T49),((T192,T132),T97)),T73);
Current score: 2.64766e+10
Current tree: ((((((((((((((((((T9,(T15,T191)),((T38,T5),T63)),((T181,T65),T159)),T171),((T200,T85),T153)),((T149,T118),(((T185,T187),T76),(T25,T160)))),(((T106,T60),T22),T100)),((((((((T131,T30),T107),(T44,T151)),T169),T138),(T98,T178)),(T61,T109)),(T71,T110))),((((T199,T102),((T59,T12),T3)),(T166,(T88,T8))),(T144,T56))),(((((T36,T17),T198),(T130,T139)),T116),(T197,T108))),((((((((T165,T14),(T163,T57)),((T150,T155),T154)),((T82,T72),(T18,T64))),((T177,T50),T184)),(T115,(T123,T24))),(((((T66,T173),T1),T89),T11),(T167,T31))),(((T52,T10),T125),((T124,T158),T122)))),((((((((((T101,T77),T29),T69),(T114,T84)),(T147,(T112,((T6,T53),T58)))),(((T103,T172),T188),T67)),T137),(((((T111,T183),T193),T133),T113),(T129,T86))),((T70,T135),(T83,T121))),(((((T91,(T75,(T195,T81))),T180),(T128,T39)),T175),((T119,((T157,T20),T34)),(T161,(T148,T13)))))),T0),(((((((T46,(T33,(T99,(T146,T27)))),T196),((T80,T23),(T26,T156))),((((T96,T40),T74),(T21,T141)),((T79,(T90,T54)),T28))),(((T2,T186),(T168,T134)),(T174,T162))),(((T32,(((T104,(T176,T35)),(T16,T127)),(T48,T45))),T94),((((T182,(T126,T37)),T68),T179),T164))),((T136,T42),(((((T47,T194),T120),T51),T78),(T189,T95))))),(T145,((T41,T92),T190))),T43),(((T62,T140),((((T152,(T87,((T117,T4),T142))),T170),T93),(T143,T7))),((T105,T55),(T49,(((T192,T132),T97),T73))))),T19);
Final Tree: ((((((((((((((((((T9,(T15,T191)),((T38,T5),T63)),((T181,T65),T159)),T171),((T200,T85),T153)),((T149,T118),(((T185,T187),T76),(T25,T160)))),(((T106,T60),T22),T100)),((((((((T131,T30),T107),(T44,T151)),T169),T138),(T98,T178)),(T61,T109)),(T71,T110))),((((T199,T102),((T59,T12),T3)),(T166,(T88,T8))),(T144,T56))),(((((T36,T17),T198),(T130,T139)),T116),(T197,T108))),((((((((T165,T14),(T163,T57)),((T150,T155),T154)),((T82,T72),(T18,T64))),((T177,T50),T184)),(T115,(T123,T24))),(((((T66,T173),T1),T89),T11),(T167,T31))),(((T52,T10),T125),((T124,T158),T122)))),((((((((((T101,T77),T29),T69),(T114,T84)),(T147,(T112,((T6,T53),T58)))),(((T103,T172),T188),T67)),T137),(((((T111,T183),T193),T133),T113),(T129,T86))),((T70,T135),(T83,T121))),(((((T91,(T75,(T195,T81))),T180),(T128,T39)),T175),((T119,((T157,T20),T34)),(T161,(T148,T13)))))),T0),(((((((T46,(T33,(T99,(T146,T27)))),T196),((T80,T23),(T26,T156))),((((T96,T40),T74),(T21,T141)),((T79,(T90,T54)),T28))),(((T2,T186),(T168,T134)),(T174,T162))),(((T32,(((T104,(T176,T35)),(T16,T127)),(T48,T45))),T94),((((T182,(T126,T37)),T68),T179),T164))),((T136,T42),(((((T47,T194),T120),T51),T78),(T189,T95))))),(T145,((T41,T92),T190))),T43),(((T62,T140),((((T152,(T87,((T117,T4),T142))),T170),T93),(T143,T7))),((T105,T55),(T49,(((T192,T132),T97),T73))))),T19);
Score: 2.647662066e+10

real	2m9.297s
user	29m37.927s
sys	0m26.608s
