Weighted ASTRAL - Hybrid
Version: v1.13.2.3
#Genetrees: 2000
#Species: 201
#Rounds: 4
#Samples: 4
#Threads: 32
Use two-step algorithm!
Guide Tree 0/27
#NNI moves:3/236
Guide Tree 1/27
#NNI moves:0/236
Guide Tree 2/27
#NNI moves:0/236
Guide Tree 3/27
#NNI moves:0/236
Guide Tree 4/27
#NNI moves:1/236
Guide Tree 5/27
#NNI moves:1/236
Guide Tree 6/27
#NNI moves:1/236
Guide Tree 7/27
#NNI moves:0/236
Guide Tree 8/27
#NNI moves:0/236
Guide Tree 9/27
#NNI moves:0/236
Guide Tree 10/27
#NNI moves:0/236
Guide Tree 11/27
#NNI moves:0/236
Guide Tree 12/27
#NNI moves:0/236
Guide Tree 13/27
#NNI moves:0/236
Guide Tree 14/27
#NNI moves:1/236
Guide Tree 15/27
#NNI moves:0/236
Guide Tree 16/27
#NNI moves:0/236
Guide Tree 17/27
#NNI moves:1/236
Guide Tree 18/27
#NNI moves:1/236
Guide Tree 19/27
#NNI moves:0/236
Guide Tree 20/27
#NNI moves:0/236
Guide Tree 21/27
#NNI moves:0/236
Guide Tree 22/27
#NNI moves:1/236
Guide Tree 23/27
#NNI moves:0/236
Guide Tree 24/27
#NNI moves:0/236
Guide Tree 25/27
#NNI moves:0/236
Guide Tree 26/27
#NNI moves:3/236
Remaining: 0
#NNI moves:0/236
#NNI moves:0/236
((((((((((((((T159,T127),T93),(((T169,((T118,T133),T137)),T193),(T10,(T128,T122)))),(T166,T181)),T173),(((((T162,T90),(T165,T2)),(((T191,T30),T105),T51)),((T11,T88),T170)),(((((T156,T171),T33),((T184,T22),T189)),T112),T29))),((((T97,((T123,T18),T153)),(T62,T110)),(((T188,(T32,(T47,T58))),T82),T183)),(((T81,T43),T145),(T132,T69)))),((((T6,T40),T5),((T160,T134),(T55,T75))),(T155,T176))),(((T109,(T95,T199)),((((T46,T4),T125),T61),T26)),(((T36,T138),T24),((T68,(T192,T41)),T141)))),((((((T180,(T99,T120)),T151),((((T161,T149),T142),(T197,T44)),T177)),(((((T72,T100),(T83,T102)),(T135,(T126,T167))),(T107,(T45,T144))),((T73,T28),(T168,T54)))),((T178,T31),(T64,T3))),((((T86,T21),((T49,T157),T179)),T17),T85))),(((((((T96,T39),((T140,T139),T59)),(((((T194,T146),(T60,T78)),((T13,T106),((T80,T103),T190))),(((T7,T94),T19),T117)),(T87,(T16,T163)))),((((T42,T130),T76),T52),(((T111,T164),T27),(T101,(T195,T14))))),T129),(((T50,(T34,T70)),T114),(T84,T56))),T0)),((((((T71,((T198,T124),T175)),T92),((T136,(T89,T25)),T79)),(((((T196,T63),T8),(T104,T91)),(T174,T158)),(T66,T200))),(((((T119,T23),T77),T15),T148),((T37,(T116,T53)),((T108,T1),T121)))),(T57,(T98,T113)))),(((((T38,(((T154,T172),T150),T182)),T67),(T152,T131)),((T147,(T115,T20)),((T185,T65),T186))),((T12,T9),(T74,((T187,T35),T143))))),T48);
Guide Tree 0/27
#NNI moves:0/236
Guide Tree 1/27
#NNI moves:0/236
Guide Tree 2/27
#NNI moves:3/236
Guide Tree 3/27
#NNI moves:0/236
Guide Tree 4/27
#NNI moves:1/236
Guide Tree 5/27
#NNI moves:0/236
Guide Tree 6/27
#NNI moves:0/236
Guide Tree 7/27
#NNI moves:0/236
Guide Tree 8/27
#NNI moves:0/236
Guide Tree 9/27
#NNI moves:0/236
Guide Tree 10/27
#NNI moves:1/236
Guide Tree 11/27
#NNI moves:0/236
Guide Tree 12/27
#NNI moves:0/236
Guide Tree 13/27
#NNI moves:0/236
Guide Tree 14/27
#NNI moves:0/236
Guide Tree 15/27
#NNI moves:0/236
Guide Tree 16/27
#NNI moves:3/236
Guide Tree 17/27
#NNI moves:3/236
Guide Tree 18/27
#NNI moves:0/236
Guide Tree 19/27
#NNI moves:0/236
Guide Tree 20/27
#NNI moves:0/236
Guide Tree 21/27
#NNI moves:0/236
Guide Tree 22/27
#NNI moves:0/236
Guide Tree 23/27
#NNI moves:0/236
Guide Tree 24/27
#NNI moves:3/236
Guide Tree 25/27
#NNI moves:0/236
Guide Tree 26/27
#NNI moves:0/236
Remaining: 0
#NNI moves:3/236
#NNI moves:3/236
(((((((((((((((T122,T128),T10),(T193,(T169,(T137,(T133,T118))))),((T159,T127),T93)),(T181,T166)),T173),(((((T162,T90),(T165,T2)),(((T30,T191),T105),T51)),((T11,T88),T170)),(((((T156,T171),T33),((T22,T184),T189)),T112),T29))),(((T183,((T188,(T32,(T47,T58))),T82)),((T97,((T18,T123),T153)),(T62,T110))),((T145,(T81,T43)),(T69,T132)))),((((T75,T55),(T134,T160)),((T40,T6),T5)),(T155,T176))),(((((T192,T41),T68),T141),((T138,T36),T24)),(((((T46,T4),T125),T61),T26),((T95,T199),T109)))),(((((((T99,T120),T180),T151),(((T197,T44),((T149,T161),T142)),T177)),(((((T83,T102),(T100,T72)),(T135,(T126,T167))),((T144,T45),T107)),((T28,T73),(T54,T168)))),((T64,T3),(T178,T31))),((((T179,(T49,T157)),(T86,T21)),T17),T85))),((((((((((T60,T78),(T146,T194)),(((T103,T80),T190),(T13,T106))),(T117,(T19,(T94,T7)))),(T87,(T16,T163))),(((T140,T139),T59),(T96,T39))),(((T27,(T164,T111)),(T101,(T195,T14))),(T52,(T76,(T130,T42))))),T129),((T114,((T34,T70),T50)),(T84,T56))),T0)),(((T98,T113),T57),((((((T119,T23),T77),T15),T148),((T121,(T108,T1)),((T116,T53),T37))),((((T71,(T175,(T124,T198))),T92),(((T89,T25),T136),T79)),(((T174,T158),((T91,T104),((T196,T63),T8))),(T66,T200)))))),(((((T187,T35),T143),T74),(T12,T9)),((((T38,(T182,((T154,T172),T150))),T67),(T152,T131)),((T186,(T185,T65)),((T20,T115),T147))))),T48);
Guide Tree 0/27
#NNI moves:0/236
Guide Tree 1/27
#NNI moves:0/236
Guide Tree 2/27
#NNI moves:0/236
Guide Tree 3/27
#NNI moves:0/236
Guide Tree 4/27
#NNI moves:0/236
Guide Tree 5/27
#NNI moves:0/236
Guide Tree 6/27
#NNI moves:0/236
Guide Tree 7/27
#NNI moves:0/236
Guide Tree 8/27
#NNI moves:0/236
Guide Tree 9/27
#NNI moves:0/236
Guide Tree 10/27
#NNI moves:1/236
Guide Tree 11/27
#NNI moves:0/236
Guide Tree 12/27
#NNI moves:0/236
Guide Tree 13/27
#NNI moves:0/236
Guide Tree 14/27
#NNI moves:0/236
Guide Tree 15/27
#NNI moves:0/236
Guide Tree 16/27
#NNI moves:0/236
Guide Tree 17/27
#NNI moves:0/236
Guide Tree 18/27
#NNI moves:0/236
Guide Tree 19/27
#NNI moves:3/236
Guide Tree 20/27
#NNI moves:0/236
Guide Tree 21/27
#NNI moves:1/236
Guide Tree 22/27
#NNI moves:0/236
Guide Tree 23/27
#NNI moves:0/236
Guide Tree 24/27
#NNI moves:0/236
Guide Tree 25/27
#NNI moves:0/236
Guide Tree 26/27
#NNI moves:0/236
Remaining: 0
#NNI moves:3/236
#NNI moves:3/236
((((((((((((((T159,T127),T93),((T193,(T169,((T133,T118),T137))),((T128,T122),T10))),(T181,T166)),T173),((((T88,T11),T170),(((T90,T162),(T2,T165)),((T105,(T191,T30)),T51))),((T112,(((T156,T171),T33),((T22,T184),T189))),T29))),((((((T123,T18),T153),T97),(T110,T62)),((((T32,(T47,T58)),T188),T82),T183)),(((T43,T81),T145),(T69,T132)))),((((T160,T134),(T75,T55)),(T5,(T40,T6))),(T176,T155))),((((T138,T36),T24),(T141,((T41,T192),T68))),(((T95,T199),T109),((T61,((T46,T4),T125)),T26)))),((((((T54,T168),(T73,T28)),((((T83,T102),(T100,T72)),(T135,(T126,T167))),((T45,T144),T107))),((((T44,T197),((T161,T149),T142)),T177),(((T99,T120),T180),T151))),((T178,T31),(T64,T3))),((T17,(((T49,T157),T179),(T86,T21))),T85))),((((((((((T94,T7),T19),T117),(((T78,T60),(T146,T194)),((T190,(T80,T103)),(T13,T106)))),(T87,(T16,T163))),((T39,T96),((T140,T139),T59))),((((T111,T164),T27),((T195,T14),T101)),((T76,(T130,T42)),T52))),T129),(((T50,(T70,T34)),T114),(T84,T56))),T0)),((T57,(T98,T113)),((((((T119,T23),T77),T15),T148),((T37,(T116,T53)),(T121,(T1,T108)))),(((((T25,T89),T136),T79),((T71,(T175,(T198,T124))),T92)),((T66,T200),((T158,T174),(((T196,T63),T8),(T104,T91)))))))),((((T67,((T182,((T172,T154),T150)),T38)),(T152,T131)),((T186,(T185,T65)),((T20,T115),T147))),((T74,(T143,(T35,T187))),(T9,T12)))),T48);
Guide Tree 0/27
#NNI moves:0/236
Guide Tree 1/27
#NNI moves:1/236
Guide Tree 2/27
#NNI moves:0/236
Guide Tree 3/27
#NNI moves:0/236
Guide Tree 4/27
#NNI moves:0/236
Guide Tree 5/27
#NNI moves:1/236
Guide Tree 6/27
#NNI moves:3/236
Guide Tree 7/27
#NNI moves:0/236
Guide Tree 8/27
#NNI moves:0/236
Guide Tree 9/27
#NNI moves:0/236
Guide Tree 10/27
#NNI moves:1/236
Guide Tree 11/27
#NNI moves:0/236
Guide Tree 12/27
#NNI moves:1/236
Guide Tree 13/27
#NNI moves:1/236
Guide Tree 14/27
#NNI moves:1/236
Guide Tree 15/27
#NNI moves:0/236
Guide Tree 16/27
#NNI moves:0/236
Guide Tree 17/27
#NNI moves:0/236
Guide Tree 18/27
#NNI moves:1/236
Guide Tree 19/27
#NNI moves:1/236
Guide Tree 20/27
#NNI moves:0/236
Guide Tree 21/27
#NNI moves:0/236
Guide Tree 22/27
#NNI moves:0/236
Guide Tree 23/27
#NNI moves:0/236
Guide Tree 24/27
#NNI moves:0/236
Guide Tree 25/27
#NNI moves:0/236
Guide Tree 26/27
#NNI moves:0/236
Remaining: 0
#NNI moves:0/236
#NNI moves:0/236
(((((((((((((T51,(T105,(T191,T30))),((T90,T162),(T165,T2))),((T11,T88),T170)),(((((T184,T22),T189),((T156,T171),T33)),T112),T29)),((((((T122,T128),T10),(T193,(((T118,T133),T137),T169))),(T93,(T159,T127))),(T166,T181)),T173)),(((T69,T132),((T81,T43),T145)),(((T97,((T18,T123),T153)),(T62,T110)),((T82,((T32,(T47,T58)),T188)),T183)))),((T155,T176),(((T55,T75),(T134,T160)),((T6,T40),T5)))),(((((T125,(T4,T46)),T61),T26),((T199,T95),T109)),((((T41,T192),T68),T141),((T138,T36),T24)))),(((((T151,((T120,T99),T180)),(((T44,T197),((T161,T149),T142)),T177)),(((((T126,T167),T135),((T83,T102),(T100,T72))),((T144,T45),T107)),((T73,T28),(T54,T168)))),((T31,T178),(T64,T3))),((((T179,(T157,T49)),(T21,T86)),T17),T85))),(((((((((((T80,T103),T190),(T106,T13)),((T146,T194),(T60,T78))),(((T94,T7),T19),T117)),(T87,(T163,T16))),(((T140,T139),T59),(T39,T96))),((((T130,T42),T76),T52),(((T111,T164),T27),((T14,T195),T101)))),T129),((((T70,T34),T50),T114),(T56,T84))),T0)),(((((T15,((T23,T119),T77)),T148),(((T1,T108),T121),(T37,(T116,T53)))),(((T66,T200),((T158,T174),(((T63,T196),T8),(T91,T104)))),(((((T198,T124),T175),T71),T92),((T136,(T89,T25)),T79)))),((T113,T98),T57))),(((((T65,T185),T186),((T115,T20),T147)),(((T38,((T150,(T172,T154)),T182)),T67),(T152,T131))),((T12,T9),(((T187,T35),T143),T74)))),T48);
Initial score: 2.57392e+10
Initial tree: (((((((((((((T51,(T105,(T191,T30))),((T90,T162),(T165,T2))),((T11,T88),T170)),(((((T184,T22),T189),((T156,T171),T33)),T112),T29)),((((((T122,T128),T10),(T193,(((T118,T133),T137),T169))),(T93,(T159,T127))),(T166,T181)),T173)),(((T69,T132),((T81,T43),T145)),(((T97,((T18,T123),T153)),(T62,T110)),((T82,((T32,(T47,T58)),T188)),T183)))),((T155,T176),(((T55,T75),(T134,T160)),((T6,T40),T5)))),(((((T125,(T4,T46)),T61),T26),((T199,T95),T109)),((((T41,T192),T68),T141),((T138,T36),T24)))),(((((T151,((T120,T99),T180)),(((T44,T197),((T161,T149),T142)),T177)),(((((T126,T167),T135),((T83,T102),(T100,T72))),((T144,T45),T107)),((T73,T28),(T54,T168)))),((T31,T178),(T64,T3))),((((T179,(T157,T49)),(T21,T86)),T17),T85))),(((((((((((T80,T103),T190),(T106,T13)),((T146,T194),(T60,T78))),(((T94,T7),T19),T117)),(T87,(T163,T16))),(((T140,T139),T59),(T39,T96))),((((T130,T42),T76),T52),(((T111,T164),T27),((T14,T195),T101)))),T129),((((T70,T34),T50),T114),(T56,T84))),T0)),(((((T15,((T23,T119),T77)),T148),(((T1,T108),T121),(T37,(T116,T53)))),(((T66,T200),((T158,T174),(((T63,T196),T8),(T91,T104)))),(((((T198,T124),T175),T71),T92),((T136,(T89,T25)),T79)))),((T113,T98),T57))),(((((T65,T185),T186),((T115,T20),T147)),(((T38,((T150,(T172,T154)),T182)),T67),(T152,T131))),((T12,T9),(((T187,T35),T143),T74)))),T48);
*** Subsample Process ***
Use two-step algorithm!
#NNI moves:0/236
Remaining: 0
#NNI moves:1/236
#NNI moves:1/236
(((((((((((((((((((((T7,T94),T19),T117),((((T103,T80),T190),(T13,T106)),((T194,T146),(T60,T78)))),((T163,T16),T87)),((T59,(T140,T139)),(T96,T39))),((T52,(T76,(T130,T42))),((T27,(T111,T164)),((T14,T195),T101)))),T129),((T114,((T70,T34),T50)),(T56,T84))),T0),((((((T15,(T77,(T23,T119))),T148),(((T108,T1),T121),((T53,T116),T37))),(((((T104,T91),((T196,T63),T8)),(T158,T174)),(T66,T200)),((T79,((T89,T25),T136)),((((T124,T198),T175),T71),T92)))),(T57,(T113,T98))),(((((((T182,((T154,T172),T150)),T38),T67),(T152,T131)),(((T185,T65),T186),((T115,T20),T147))),((T12,T9),((T143,(T35,T187)),T74))),T48))),(((((((T135,(T167,T126)),((T83,T102),(T72,T100))),(T107,(T45,T144))),((T54,T168),(T73,T28))),((((T99,T120),T180),T151),((((T161,T149),T142),(T44,T197)),T177))),((T64,T3),(T31,T178))),((((T179,(T157,T49)),(T21,T86)),T17),T85))),(((((T125,(T46,T4)),T61),T26),((T199,T95),T109)),((T141,(T68,(T192,T41))),((T138,T36),T24)))),((((T40,T6),T5),((T75,T55),(T134,T160))),(T176,T155))),(((T69,T132),((T81,T43),T145)),(((((T32,(T58,T47)),T188),T82),T183),((((T18,T123),T153),T97),(T62,T110))))),((((((((T118,T133),T137),T169),T193),((T122,T128),T10)),((T159,T127),T93)),(T166,T181)),T173)),((((T189,(T184,T22)),((T171,T156),T33)),T112),T29)),((T11,T88),T170)),((T90,T162),(T2,T165))),((T30,T191),T105)),T51);
#NNI moves:0/236
Remaining: 0
#NNI moves:0/236
#NNI moves:0/236
(((((((((((((((((((((T189,(T184,T22)),(T33,(T156,T171))),T112),T29),(((T88,T11),T170),(((T90,T162),(T2,T165)),(((T30,T191),T105),T51)))),(((((((T137,(T118,T133)),T169),T193),(T10,(T122,T128))),((T127,T159),T93)),(T166,T181)),T173)),(((T132,T69),(T145,(T81,T43))),((((T188,((T47,T58),T32)),T82),T183),((((T123,T18),T153),T97),(T110,T62))))),((T176,T155),((T5,(T6,T40)),((T160,T134),(T55,T75))))),(((T109,(T95,T199)),(T26,(((T4,T46),T125),T61))),(((T36,T138),T24),(((T41,T192),T68),T141)))),(((((T21,T86),((T49,T157),T179)),T17),T85),((((((T45,T144),T107),(((T102,T83),(T72,T100)),(T135,(T126,T167)))),((T73,T28),(T168,T54))),(((((T161,T149),T142),(T197,T44)),T177),(((T99,T120),T180),T151))),((T64,T3),(T31,T178))))),((((((((((T7,T94),T19),T117),(((T146,T194),(T60,T78)),(((T103,T80),T190),(T106,T13)))),((T16,T163),T87)),(((T139,T140),T59),(T96,T39))),((((T130,T42),T76),T52),(((T111,T164),T27),((T14,T195),T101)))),T129),((T114,(T50,(T34,T70))),(T56,T84))),T0)),((((((T77,(T119,T23)),T15),T148),(((T53,T116),T37),((T1,T108),T121))),((((((T196,T63),T8),(T104,T91)),(T174,T158)),(T66,T200)),(((((T124,T198),T175),T71),T92),((T136,(T89,T25)),T79)))),((T98,T113),T57))),T48),((T12,T9),((T143,(T35,T187)),T74))),(((T65,T185),T186),((T115,T20),T147))),(T152,T131)),T67),T38),T182),(T172,T154)),T150);
#NNI moves:0/236
Remaining: 0
#NNI moves:0/236
#NNI moves:0/236
(((((((((((((((((T8,(T196,T63)),(T91,T104)),(T174,T158)),(T200,T66)),((((T89,T25),T136),T79),(T92,(((T198,T124),T175),T71)))),((T148,(((T119,T23),T77),T15)),(((T108,T1),T121),(T37,(T53,T116))))),(T57,(T98,T113))),((((((T20,T115),T147),(T186,(T185,T65))),(((T38,((T150,(T172,T154)),T182)),T67),(T152,T131))),((T74,((T187,T35),T143)),(T9,T12))),T48)),((((((((T130,T42),T76),T52),(((T164,T111),T27),((T195,T14),T101))),(((((T19,(T94,T7)),T117),(((T60,T78),(T194,T146)),((T13,T106),(T190,(T103,T80))))),(T87,(T16,T163))),((T96,T39),((T140,T139),T59)))),T129),((((T70,T34),T50),T114),(T56,T84))),T0)),((((((T49,T157),T179),(T21,T86)),T17),T85),((((((T120,T99),T180),T151),((((T161,T149),T142),(T197,T44)),T177)),(((T107,(T45,T144)),(((T167,T126),T135),((T72,T100),(T102,T83)))),((T73,T28),(T54,T168)))),((T64,T3),(T31,T178))))),(((((T192,T41),T68),T141),((T36,T138),T24)),((T109,(T199,T95)),(T26,((T125,(T46,T4)),T61))))),((T176,T155),(((T134,T160),(T55,T75)),((T40,T6),T5)))),((((T81,T43),T145),(T132,T69)),(((((T123,T18),T153),T97),(T110,T62)),(((((T47,T58),T32),T188),T82),T183)))),(((((T193,((T137,(T133,T118)),T169)),(T10,(T128,T122))),(T93,(T127,T159))),(T166,T181)),T173)),((((T162,T90),(T165,T2)),(((T191,T30),T105),T51)),((T88,T11),T170))),(((T189,(T184,T22)),(T33,(T156,T171))),T112)),T29);
#NNI moves:3/236
Remaining: 0
#NNI moves:4/236
#NNI moves:4/236
(((((((((((((((T160,T134),(T75,T55)),((T6,T40),T5)),(T176,T155)),(((((((T159,T127),T93),(((T122,T128),T10),((((T133,T118),T137),T169),T193))),(T181,T166)),T173),((((((T156,T171),T33),((T22,T184),T189)),T112),T29),((((T105,(T30,T191)),T51),((T2,T165),(T90,T162))),(T170,(T88,T11))))),(((T145,(T43,T81)),(T132,T69)),(((((T123,T18),T153),T97),(T62,T110)),(T183,((((T58,T47),T32),T188),T82)))))),(((T24,(T36,T138)),((T68,(T192,T41)),T141)),((((T125,(T46,T4)),T61),T26),((T199,T95),T109)))),(((((((T120,T99),T180),T151),((((T161,T149),T142),(T197,T44)),T177)),(((((T83,T102),(T100,T72)),((T167,T126),T135)),((T45,T144),T107)),((T168,T54),(T73,T28)))),((T178,T31),(T3,T64))),((((T179,(T49,T157)),(T86,T21)),T17),T85))),(((((((((((T103,T80),T190),(T106,T13)),((T60,T78),(T146,T194))),(((T94,T7),T19),T117)),((T163,T16),T87)),((T96,T39),((T140,T139),T59))),((((T14,T195),T101),((T111,T164),T27)),(T52,((T130,T42),T76)))),T129),((((T70,T34),T50),T114),(T56,T84))),T0)),((((((((T124,T198),T175),T71),T92),(((T89,T25),T136),T79)),((((T91,T104),(T8,(T196,T63))),(T158,T174)),(T66,T200))),((((T1,T108),T121),(T37,(T53,T116))),((((T23,T119),T77),T15),T148))),((T98,T113),T57))),T48),(((T143,(T35,T187)),T74),(T12,T9))),((((((T154,T172),T150),T182),T38),T67),(T131,T152))),(T147,(T115,T20))),(T185,T65)),T186);
Current score: 2.57392e+10
Current tree: (((((((((((T160,T134),(T75,T55)),((T6,T40),T5)),(T176,T155)),(((((((T159,T127),T93),(((T122,T128),T10),((((T133,T118),T137),T169),T193))),(T181,T166)),T173),((((((T156,T171),T33),((T22,T184),T189)),T112),T29),((((T105,(T30,T191)),T51),((T2,T165),(T90,T162))),(T170,(T88,T11))))),(((T145,(T43,T81)),(T132,T69)),(((((T123,T18),T153),T97),(T62,T110)),(T183,((((T58,T47),T32),T188),T82)))))),(((T24,(T36,T138)),((T68,(T192,T41)),T141)),((((T125,(T46,T4)),T61),T26),((T199,T95),T109)))),(((((((T120,T99),T180),T151),((((T161,T149),T142),(T197,T44)),T177)),(((((T83,T102),(T100,T72)),((T167,T126),T135)),((T45,T144),T107)),((T168,T54),(T73,T28)))),((T178,T31),(T3,T64))),((((T179,(T49,T157)),(T86,T21)),T17),T85))),(((((((((((T103,T80),T190),(T106,T13)),((T60,T78),(T146,T194))),(((T94,T7),T19),T117)),((T163,T16),T87)),((T96,T39),((T140,T139),T59))),((((T14,T195),T101),((T111,T164),T27)),(T52,((T130,T42),T76)))),T129),((((T70,T34),T50),T114),(T56,T84))),T0)),((((((((T124,T198),T175),T71),T92),(((T89,T25),T136),T79)),((((T91,T104),(T8,(T196,T63))),(T158,T174)),(T66,T200))),((((T1,T108),T121),(T37,(T53,T116))),((((T23,T119),T77),T15),T148))),((T98,T113),T57))),((((T143,(T35,T187)),T74),(T12,T9)),(((((((T154,T172),T150),T182),T38),T67),(T131,T152)),((T147,(T115,T20)),((T185,T65),T186))))),T48);
Use two-step algorithm!
#NNI moves:0/236
Remaining: 0
#NNI moves:0/236
#NNI moves:0/236
((((((((((((((((T8,(T196,T63)),(T104,T91)),(T158,T174)),(T200,T66)),(((((T198,T124),T175),T71),T92),((T136,(T89,T25)),T79))),((((T116,T53),T37),((T108,T1),T121)),(((T77,(T119,T23)),T15),T148))),((T113,T98),T57)),((((((T35,T187),T143),T74),(T9,T12)),(((((((T172,T154),T150),T182),T38),T67),(T131,T152)),(((T65,T185),T186),((T20,T115),T147)))),T48)),((((((((((T190,(T80,T103)),(T13,T106)),((T60,T78),(T194,T146))),(((T7,T94),T19),T117)),((T163,T16),T87)),(((T139,T140),T59),(T39,T96))),((((T130,T42),T76),T52),(((T195,T14),T101),((T164,T111),T27)))),T129),((((T34,T70),T50),T114),(T56,T84))),T0)),((((((T168,T54),(T28,T73)),(((T45,T144),T107),(((T102,T83),(T100,T72)),((T126,T167),T135)))),((((T99,T120),T180),T151),((((T161,T149),T142),(T197,T44)),T177))),((T3,T64),(T31,T178))),(((((T157,T49),T179),(T86,T21)),T17),T85))),(((T109,(T95,T199)),((((T4,T46),T125),T61),T26)),((T24,(T36,T138)),(((T41,T192),T68),T141)))),(((((((((T137,(T118,T133)),T169),T193),(T10,(T128,T122))),((T127,T159),T93)),(T166,T181)),T173),((((((T184,T22),T189),((T171,T156),T33)),T112),T29),(((T88,T11),T170),(((T162,T90),(T2,T165)),(((T191,T30),T105),T51))))),(((((((T58,T47),T32),T188),T82),T183),((((T18,T123),T153),T97),(T110,T62))),(((T43,T81),T145),(T132,T69))))),(T155,T176)),((T75,T55),(T160,T134))),(T40,T6)),T5);
#NNI moves:0/236
Remaining: 0
#NNI moves:4/236
#NNI moves:4/236
((((((((((((((((((T83,T102),(T72,T100)),((T126,T167),T135)),((T45,T144),T107)),((T28,T73),(T168,T54))),((((T142,(T161,T149)),(T44,T197)),T177),(((T120,T99),T180),T151))),((T3,T64),(T178,T31))),((((T21,T86),((T49,T157),T179)),T17),T85)),(((((((((T127,T159),T93),(((T128,T122),T10),((((T118,T133),T137),T169),T193))),(T181,T166)),T173),((((T88,T11),T170),(((T90,T162),(T165,T2)),(((T191,T30),T105),T51))),(((((T156,T171),T33),(T189,(T184,T22))),T112),T29))),((((T82,(((T47,T58),T32),T188)),T183),((T62,T110),(((T123,T18),T153),T97))),((T145,(T81,T43)),(T69,T132)))),((((T160,T134),(T75,T55)),(T5,(T6,T40))),(T155,T176))),(((T109,(T95,T199)),((((T46,T4),T125),T61),T26)),((((T192,T41),T68),T141),((T36,T138),T24))))),((((((((((T78,T60),(T194,T146)),(((T103,T80),T190),(T106,T13))),(((T7,T94),T19),T117)),((T16,T163),T87)),((T96,T39),(T59,(T139,T140)))),((((T130,T42),T76),T52),((T27,(T111,T164)),(T101,(T14,T195))))),T129),((((T34,T70),T50),T114),(T84,T56))),T0)),(((((T92,(((T198,T124),T175),T71)),(((T89,T25),T136),T79)),((((T104,T91),(T8,(T196,T63))),(T174,T158)),(T66,T200))),(((T15,((T23,T119),T77)),T148),((T121,(T108,T1)),(T37,(T53,T116))))),(T57,(T98,T113)))),T48),((((((T150,(T172,T154)),T182),T38),T67),(T152,T131)),(((T185,T65),T186),((T115,T20),T147)))),(T12,T9)),T74),T143),T35),T187);
#NNI moves:3/236
Remaining: 0
#NNI moves:9/236
#NNI moves:9/236
((((((((((((((((((((T122,T128),T10),((((T133,T118),T137),T169),T193)),((T159,T127),T93)),(T166,T181)),T173),((((T51,((T30,T191),T105)),((T2,T165),(T90,T162))),((T88,T11),T170)),((((T33,(T156,T171)),((T184,T22),T189)),T112),T29))),(((T183,(((T32,(T58,T47)),T188),T82)),((T97,((T18,T123),T153)),(T62,T110))),((T145,(T81,T43)),(T69,T132)))),((((T55,T75),(T160,T134)),((T40,T6),T5)),(T176,T155))),((((T95,T199),T109),((T61,((T4,T46),T125)),T26)),(((T36,T138),T24),(((T41,T192),T68),T141)))),((((((((T20,T115),T147),(T186,(T65,T185))),((((((T154,T172),T150),T182),T38),T67),(T131,T152))),(((T143,(T187,T35)),T74),(T12,T9))),T48),(((((T15,((T23,T119),T77)),T148),((T37,(T116,T53)),((T1,T108),T121))),(((T79,((T89,T25),T136)),(T92,((T175,(T198,T124)),T71))),(((((T196,T63),T8),(T104,T91)),(T158,T174)),(T66,T200)))),((T98,T113),T57))),((((((((T163,T16),T87),((((T94,T7),T19),T117),(((T190,(T80,T103)),(T13,T106)),((T78,T60),(T146,T194))))),(((T140,T139),T59),(T96,T39))),((((T130,T42),T76),T52),(((T164,T111),T27),((T195,T14),T101)))),T129),((((T70,T34),T50),T114),(T84,T56))),T0))),((T17,((T21,T86),((T157,T49),T179))),T85)),((T31,T178),(T64,T3))),((((T120,T99),T180),T151),(T177,((T197,T44),(T142,(T161,T149)))))),((T168,T54),(T28,T73))),((T144,T45),T107)),((T167,T126),T135)),(T72,T100)),T83),T102);
#NNI moves:1/236
Remaining: 0
#NNI moves:4/236
#NNI moves:4/236
(((((((((((((((((((((T191,T30),T105),T51),((T2,T165),(T90,T162))),((T11,T88),T170)),(((((T22,T184),T189),((T171,T156),T33)),T112),T29)),(((((((T137,(T133,T118)),T169),T193),((T128,T122),T10)),((T159,T127),T93)),(T181,T166)),T173)),(((((((T47,T58),T32),T188),T82),T183),((T62,T110),(((T18,T123),T153),T97))),((T145,(T43,T81)),(T69,T132)))),((((T40,T6),T5),((T55,T75),(T160,T134))),(T155,T176))),(((T26,((T125,(T4,T46)),T61)),((T95,T199),T109)),((T141,(T68,(T192,T41))),((T138,T36),T24)))),((((((((T72,T100),(T83,T102)),(T135,(T126,T167))),((T45,T144),T107)),((T28,T73),(T168,T54))),(((((T161,T149),T142),(T44,T197)),T177),(T151,(T180,(T120,T99))))),((T31,T178),(T3,T64))),(((((T157,T49),T179),(T86,T21)),T17),T85))),((((((((T130,T42),T76),T52),(((T195,T14),T101),((T164,T111),T27))),((((T163,T16),T87),((((T13,T106),((T80,T103),T190)),((T194,T146),(T78,T60))),(T117,((T7,T94),T19)))),((T39,T96),((T139,T140),T59)))),T129),((((T34,T70),T50),T114),(T56,T84))),T0)),((((((((T63,T196),T8),(T104,T91)),(T158,T174)),(T200,T66)),((((T25,T89),T136),T79),(((T175,(T198,T124)),T71),T92))),((((T116,T53),T37),((T108,T1),T121)),(T148,(T15,((T23,T119),T77))))),((T113,T98),T57))),T48),((((T187,T35),T143),T74),(T9,T12))),(((T185,T65),T186),(T147,(T115,T20)))),(T131,T152)),T67),T38),((T154,T172),T150)),T182);
Current score: 2.57392e+10
Current tree: (((((((((((((((T191,T30),T105),T51),((T2,T165),(T90,T162))),((T11,T88),T170)),(((((T22,T184),T189),((T171,T156),T33)),T112),T29)),(((((((T137,(T133,T118)),T169),T193),((T128,T122),T10)),((T159,T127),T93)),(T181,T166)),T173)),(((((((T47,T58),T32),T188),T82),T183),((T62,T110),(((T18,T123),T153),T97))),((T145,(T43,T81)),(T69,T132)))),((((T40,T6),T5),((T55,T75),(T160,T134))),(T155,T176))),(((T26,((T125,(T4,T46)),T61)),((T95,T199),T109)),((T141,(T68,(T192,T41))),((T138,T36),T24)))),((((((((T72,T100),(T83,T102)),(T135,(T126,T167))),((T45,T144),T107)),((T28,T73),(T168,T54))),(((((T161,T149),T142),(T44,T197)),T177),(T151,(T180,(T120,T99))))),((T31,T178),(T3,T64))),(((((T157,T49),T179),(T86,T21)),T17),T85))),((((((((T130,T42),T76),T52),(((T195,T14),T101),((T164,T111),T27))),((((T163,T16),T87),((((T13,T106),((T80,T103),T190)),((T194,T146),(T78,T60))),(T117,((T7,T94),T19)))),((T39,T96),((T139,T140),T59)))),T129),((((T34,T70),T50),T114),(T56,T84))),T0)),((((((((T63,T196),T8),(T104,T91)),(T158,T174)),(T200,T66)),((((T25,T89),T136),T79),(((T175,(T198,T124)),T71),T92))),((((T116,T53),T37),((T108,T1),T121)),(T148,(T15,((T23,T119),T77))))),((T113,T98),T57))),(((((T187,T35),T143),T74),(T9,T12)),((((T185,T65),T186),(T147,(T115,T20))),((T131,T152),(T67,(T38,(((T154,T172),T150),T182))))))),T48);
Final Tree: (((((((((((((((T191,T30),T105),T51),((T2,T165),(T90,T162))),((T11,T88),T170)),(((((T22,T184),T189),((T171,T156),T33)),T112),T29)),(((((((T137,(T133,T118)),T169),T193),((T128,T122),T10)),((T159,T127),T93)),(T181,T166)),T173)),(((((((T47,T58),T32),T188),T82),T183),((T62,T110),(((T18,T123),T153),T97))),((T145,(T43,T81)),(T69,T132)))),((((T40,T6),T5),((T55,T75),(T160,T134))),(T155,T176))),(((T26,((T125,(T4,T46)),T61)),((T95,T199),T109)),((T141,(T68,(T192,T41))),((T138,T36),T24)))),((((((((T72,T100),(T83,T102)),(T135,(T126,T167))),((T45,T144),T107)),((T28,T73),(T168,T54))),(((((T161,T149),T142),(T44,T197)),T177),(T151,(T180,(T120,T99))))),((T31,T178),(T3,T64))),(((((T157,T49),T179),(T86,T21)),T17),T85))),((((((((T130,T42),T76),T52),(((T195,T14),T101),((T164,T111),T27))),((((T163,T16),T87),((((T13,T106),((T80,T103),T190)),((T194,T146),(T78,T60))),(T117,((T7,T94),T19)))),((T39,T96),((T139,T140),T59)))),T129),((((T34,T70),T50),T114),(T56,T84))),T0)),((((((((T63,T196),T8),(T104,T91)),(T158,T174)),(T200,T66)),((((T25,T89),T136),T79),(((T175,(T198,T124)),T71),T92))),((((T116,T53),T37),((T108,T1),T121)),(T148,(T15,((T23,T119),T77))))),((T113,T98),T57))),(((((T187,T35),T143),T74),(T9,T12)),((((T185,T65),T186),(T147,(T115,T20))),((T131,T152),(T67,(T38,(((T154,T172),T150),T182))))))),T48);
Score: 2.573922005e+10

real	1m44.012s
user	24m53.282s
sys	0m21.257s
