Accurate Species Tree EstimatoR from Independent Site Kernals
Version: v1.13.0.0
#Base: 1226747421
#Species: 201
#Rounds: 1
#Samples: 0
#Threads: 64
Use two-step algorithm!
Guide Tree 0/27
#NNI moves:0/236
Guide Tree 1/27
#NNI moves:0/236
Guide Tree 2/27
#NNI moves:0/236
Guide Tree 3/27
#NNI moves:0/236
Guide Tree 4/27
#NNI moves:0/236
Guide Tree 5/27
#NNI moves:0/236
Guide Tree 6/27
#NNI moves:0/236
Guide Tree 7/27
#NNI moves:0/236
Guide Tree 8/27
#NNI moves:0/236
Guide Tree 9/27
#NNI moves:0/236
Guide Tree 10/27
#NNI moves:0/236
Guide Tree 11/27
#NNI moves:0/236
Guide Tree 12/27
#NNI moves:0/236
Guide Tree 13/27
#NNI moves:0/236
Guide Tree 14/27
#NNI moves:0/236
Guide Tree 15/27
#NNI moves:0/236
Guide Tree 16/27
#NNI moves:0/236
Guide Tree 17/27
#NNI moves:0/236
Guide Tree 18/27
#NNI moves:0/236
Guide Tree 19/27
#NNI moves:0/236
Guide Tree 20/27
#NNI moves:0/236
Guide Tree 21/27
#NNI moves:0/236
Guide Tree 22/27
#NNI moves:0/236
Guide Tree 23/27
#NNI moves:0/236
Guide Tree 24/27
#NNI moves:1/236
Guide Tree 25/27
#NNI moves:3/236
Guide Tree 26/27
#NNI moves:0/236
Remaining: 0
#NNI moves:6/236
#NNI moves:6/236
((((((((((((((((((((T5,T112),(T141,T3)),((T138,T175),T57)),(((T11,((T65,T158),T58)),T146),((T167,(T2,T46)),(((T154,T128),T150),T56)))),(T194,(((T36,T10),T118),T169))),(T12,T53)),(((((T94,(T92,T23)),((T49,T166),(T142,T184))),T197),(T119,T113)),T164)),((((((T188,(T24,T91)),(T51,T109)),(T101,((T54,T198),T42))),T181),((T74,T137),T120)),((((T29,T26),T156),T195),T99))),((T162,T19),(((T27,T79),T124),T84))),(((((((((((T52,T33),T168),T189),T78),T31),(((((T60,T72),T103),T130),T107),T157)),(((T136,T68),T145),T149)),(((T41,T73),(T104,T88)),T63)),((T61,T62),T144)),(((((T123,(T9,T139)),(T177,(T115,T183))),T25),T191),(((T17,T193),T30),T153))),T155)),(((((T35,((T114,T18),T89)),T75),T90),(T143,T1)),((T55,(T165,T37)),(T98,(T190,T97))))),(((T132,T161),(T76,T21)),(T48,T96))),((((T106,T15),T8),T50),T13)),T0),(((T81,(T71,((T134,T163),T129))),T22),(((((T121,T20),(T178,T159)),((T16,T133),T39)),T192),(T43,(T172,T70))))),(((T196,T170),T83),((T85,T6),(T4,T110)))),(((((((T80,(T105,T171)),T100),((((((T127,T93),T160),(T44,(T59,T131))),((T66,T174),T38)),T111),((T151,T148),T135))),((((T102,(T147,T176)),(T125,T108)),T28),((T14,T199),T187))),((((T173,T69),T86),(T40,T200)),(T140,T7))),(((T180,T82),T182),(T64,T185))),(((T186,T117),T67),T95))),((T32,T116),((T77,T34),T87))),((T152,T45),(T126,(T122,T47)))),T179);
Initial score: 1.65035e+14
Initial tree: ((((((((((((((((((((T5,T112),(T141,T3)),((T138,T175),T57)),(((T11,((T65,T158),T58)),T146),((T167,(T2,T46)),(((T154,T128),T150),T56)))),(T194,(((T36,T10),T118),T169))),(T12,T53)),(((((T94,(T92,T23)),((T49,T166),(T142,T184))),T197),(T119,T113)),T164)),((((((T188,(T24,T91)),(T51,T109)),(T101,((T54,T198),T42))),T181),((T74,T137),T120)),((((T29,T26),T156),T195),T99))),((T162,T19),(((T27,T79),T124),T84))),(((((((((((T52,T33),T168),T189),T78),T31),(((((T60,T72),T103),T130),T107),T157)),(((T136,T68),T145),T149)),(((T41,T73),(T104,T88)),T63)),((T61,T62),T144)),(((((T123,(T9,T139)),(T177,(T115,T183))),T25),T191),(((T17,T193),T30),T153))),T155)),(((((T35,((T114,T18),T89)),T75),T90),(T143,T1)),((T55,(T165,T37)),(T98,(T190,T97))))),(((T132,T161),(T76,T21)),(T48,T96))),((((T106,T15),T8),T50),T13)),T0),(((T81,(T71,((T134,T163),T129))),T22),(((((T121,T20),(T178,T159)),((T16,T133),T39)),T192),(T43,(T172,T70))))),(((T196,T170),T83),((T85,T6),(T4,T110)))),(((((((T80,(T105,T171)),T100),((((((T127,T93),T160),(T44,(T59,T131))),((T66,T174),T38)),T111),((T151,T148),T135))),((((T102,(T147,T176)),(T125,T108)),T28),((T14,T199),T187))),((((T173,T69),T86),(T40,T200)),(T140,T7))),(((T180,T82),T182),(T64,T185))),(((T186,T117),T67),T95))),((T32,T116),((T77,T34),T87))),((T152,T45),(T126,(T122,T47)))),T179);
*** Subsample Process ***
Current score: 1.65035e+14
Current tree: ((((((((((((((((((((T5,T112),(T141,T3)),((T138,T175),T57)),(((T11,((T65,T158),T58)),T146),((T167,(T2,T46)),(((T154,T128),T150),T56)))),(T194,(((T36,T10),T118),T169))),(T12,T53)),(((((T94,(T92,T23)),((T49,T166),(T142,T184))),T197),(T119,T113)),T164)),((((((T188,(T24,T91)),(T51,T109)),(T101,((T54,T198),T42))),T181),((T74,T137),T120)),((((T29,T26),T156),T195),T99))),((T162,T19),(((T27,T79),T124),T84))),(((((((((((T52,T33),T168),T189),T78),T31),(((((T60,T72),T103),T130),T107),T157)),(((T136,T68),T145),T149)),(((T41,T73),(T104,T88)),T63)),((T61,T62),T144)),(((((T123,(T9,T139)),(T177,(T115,T183))),T25),T191),(((T17,T193),T30),T153))),T155)),(((((T35,((T114,T18),T89)),T75),T90),(T143,T1)),((T55,(T165,T37)),(T98,(T190,T97))))),(((T132,T161),(T76,T21)),(T48,T96))),((((T106,T15),T8),T50),T13)),T0),(((T81,(T71,((T134,T163),T129))),T22),(((((T121,T20),(T178,T159)),((T16,T133),T39)),T192),(T43,(T172,T70))))),(((T196,T170),T83),((T85,T6),(T4,T110)))),(((((((T80,(T105,T171)),T100),((((((T127,T93),T160),(T44,(T59,T131))),((T66,T174),T38)),T111),((T151,T148),T135))),((((T102,(T147,T176)),(T125,T108)),T28),((T14,T199),T187))),((((T173,T69),T86),(T40,T200)),(T140,T7))),(((T180,T82),T182),(T64,T185))),(((T186,T117),T67),T95))),((T32,T116),((T77,T34),T87))),((T152,T45),(T126,(T122,T47)))),T179);
Final Tree: ((((((((((((((((((((T5,T112),(T141,T3)),((T138,T175),T57)),(((T11,((T65,T158),T58)),T146),((T167,(T2,T46)),(((T154,T128),T150),T56)))),(T194,(((T36,T10),T118),T169))),(T12,T53)),(((((T94,(T92,T23)),((T49,T166),(T142,T184))),T197),(T119,T113)),T164)),((((((T188,(T24,T91)),(T51,T109)),(T101,((T54,T198),T42))),T181),((T74,T137),T120)),((((T29,T26),T156),T195),T99))),((T162,T19),(((T27,T79),T124),T84))),(((((((((((T52,T33),T168),T189),T78),T31),(((((T60,T72),T103),T130),T107),T157)),(((T136,T68),T145),T149)),(((T41,T73),(T104,T88)),T63)),((T61,T62),T144)),(((((T123,(T9,T139)),(T177,(T115,T183))),T25),T191),(((T17,T193),T30),T153))),T155)),(((((T35,((T114,T18),T89)),T75),T90),(T143,T1)),((T55,(T165,T37)),(T98,(T190,T97))))),(((T132,T161),(T76,T21)),(T48,T96))),((((T106,T15),T8),T50),T13)),T0),(((T81,(T71,((T134,T163),T129))),T22),(((((T121,T20),(T178,T159)),((T16,T133),T39)),T192),(T43,(T172,T70))))),(((T196,T170),T83),((T85,T6),(T4,T110)))),(((((((T80,(T105,T171)),T100),((((((T127,T93),T160),(T44,(T59,T131))),((T66,T174),T38)),T111),((T151,T148),T135))),((((T102,(T147,T176)),(T125,T108)),T28),((T14,T199),T187))),((((T173,T69),T86),(T40,T200)),(T140,T7))),(((T180,T82),T182),(T64,T185))),(((T186,T117),T67),T95))),((T32,T116),((T77,T34),T87))),((T152,T45),(T126,(T122,T47)))),T179);
Score: 1.65035e+14

real	17m15.206s
user	725m34.243s
sys	0m49.488s
