Weighted ASTRAL - Hybrid
Version: v1.13.2.3
#Genetrees: 2000
#Species: 201
#Rounds: 4
#Samples: 4
#Threads: 32
Use two-step algorithm!
Guide Tree 0/27
#NNI moves:0/236
Guide Tree 1/27
#NNI moves:0/236
Guide Tree 2/27
#NNI moves:0/236
Guide Tree 3/27
#NNI moves:0/236
Guide Tree 4/27
#NNI moves:0/236
Guide Tree 5/27
#NNI moves:0/236
Guide Tree 6/27
#NNI moves:0/236
Guide Tree 7/27
#NNI moves:0/236
Guide Tree 8/27
#NNI moves:0/236
Guide Tree 9/27
#NNI moves:0/236
Guide Tree 10/27
#NNI moves:0/236
Guide Tree 11/27
#NNI moves:0/236
Guide Tree 12/27
#NNI moves:0/236
Guide Tree 13/27
#NNI moves:0/236
Guide Tree 14/27
#NNI moves:0/236
Guide Tree 15/27
#NNI moves:0/236
Guide Tree 16/27
#NNI moves:0/236
Guide Tree 17/27
#NNI moves:0/236
Guide Tree 18/27
#NNI moves:0/236
Guide Tree 19/27
#NNI moves:0/236
Guide Tree 20/27
#NNI moves:0/236
Guide Tree 21/27
#NNI moves:0/236
Guide Tree 22/27
#NNI moves:0/236
Guide Tree 23/27
#NNI moves:0/236
Guide Tree 24/27
#NNI moves:0/236
Guide Tree 25/27
#NNI moves:0/236
Guide Tree 26/27
#NNI moves:0/236
Remaining: 0
#NNI moves:0/236
#NNI moves:0/236
((((((((((((((((((((((T158,T65),T58),T11),T146),(((T46,T167),T2),(T56,((T128,T154),T150)))),(((T175,T138),T57),((T5,T112),(T141,T3)))),((((T10,T36),T118),T169),T194)),(T53,T12)),(T164,(((((T23,T92),T94),((T184,T142),(T49,T166))),T197),(T119,T113)))),((((T156,(T29,T26)),T195),T99),(((T137,T74),T120),(((T101,((T198,T54),T42)),((T188,(T24,T91)),(T51,T109))),T181)))),((((T27,T79),T124),T84),(T162,T19))),((((((((T78,(((T33,T52),T168),T189)),T31),((T107,(((T72,T60),T103),T130)),T157)),(((T68,T136),T145),T149)),(((T104,T88),(T41,T73)),T63)),((T62,T61),T144)),(((T25,(((T183,T115),T177),((T123,T139),T9))),T191),(((T17,T193),T30),T153))),T155)),(((((T37,T165),T55),((T97,T190),T98)),((T90,((((T18,T114),T89),T35),T75)),(T143,T1))),(((T76,T21),(T161,T132)),(T96,T48)))),((((T15,T106),T8),T50),T13)),T0),((T22,((((T163,T134),T129),T71),T81)),(((T70,T172),T43),(((T39,(T16,T133)),((T121,T20),(T159,T178))),T192)))),((T196,T170),T83)),((T85,T6),(T4,T110))),(((((((((((T127,T93),T160),(T44,(T59,T131))),((T174,T66),T38)),T111),(T135,(T151,T148))),(T100,(T80,(T105,T171)))),((((T108,T125),(T102,(T176,T147))),T28),((T199,T14),T187))),((((T173,T69),T86),(T40,T200)),(T140,T7))),(((T180,T82),T182),(T64,T185))),(T95,(T67,(T186,T117))))),((T32,T116),((T77,T34),T87))),((T152,T45),((T122,T47),T126))),T179);
Guide Tree 0/27
#NNI moves:0/236
Guide Tree 1/27
#NNI moves:0/236
Guide Tree 2/27
#NNI moves:0/236
Guide Tree 3/27
#NNI moves:0/236
Guide Tree 4/27
#NNI moves:3/236
Guide Tree 5/27
#NNI moves:0/236
Guide Tree 6/27
#NNI moves:0/236
Guide Tree 7/27
#NNI moves:0/236
Guide Tree 8/27
#NNI moves:0/236
Guide Tree 9/27
#NNI moves:0/236
Guide Tree 10/27
#NNI moves:0/236
Guide Tree 11/27
#NNI moves:0/236
Guide Tree 12/27
#NNI moves:0/236
Guide Tree 13/27
#NNI moves:0/236
Guide Tree 14/27
#NNI moves:0/236
Guide Tree 15/27
#NNI moves:0/236
Guide Tree 16/27
#NNI moves:0/236
Guide Tree 17/27
#NNI moves:0/236
Guide Tree 18/27
#NNI moves:0/236
Guide Tree 19/27
#NNI moves:0/236
Guide Tree 20/27
#NNI moves:0/236
Guide Tree 21/27
#NNI moves:1/236
Guide Tree 22/27
#NNI moves:0/236
Guide Tree 23/27
#NNI moves:0/236
Guide Tree 24/27
#NNI moves:0/236
Guide Tree 25/27
#NNI moves:0/236
Guide Tree 26/27
#NNI moves:0/236
Remaining: 0
#NNI moves:6/236
#NNI moves:6/236
((((((((((((((((((((((T154,T128),T150),T56),((T46,T167),T2)),(((T58,(T158,T65)),T11),T146)),(((T141,T3),(T112,T5)),(T57,(T175,T138)))),((((T36,T10),T118),T169),T194)),(T53,T12)),(((T113,T119),((((T23,T92),T94),((T166,T49),(T184,T142))),T197)),T164)),(((((((T91,T24),T188),(T51,T109)),(T101,(T42,(T54,T198)))),T181),((T137,T74),T120)),(((T156,(T26,T29)),T195),T99))),((T19,T162),(((T27,T79),T124),T84))),((((((((T139,T123),T9),((T115,T183),T177)),T25),T191),(T153,(T30,(T193,T17)))),(((((T41,T73),(T88,T104)),T63),((((T136,T68),T145),T149),((((((T60,T72),T103),T130),T107),T157),(((((T33,T52),T168),T189),T78),T31)))),(T144,(T62,T61)))),T155)),((((((((T18,T114),T89),T35),T75),T90),(T1,T143)),(((T97,T190),T98),((T165,T37),T55))),((T48,T96),((T161,T132),(T76,T21))))),((((T106,T15),T8),T50),T13)),T0),(((((T129,(T134,T163)),T71),T81),T22),(((T70,T172),T43),(T192,(((T159,T178),(T121,T20)),((T16,T133),T39)))))),((T170,T196),T83)),((T6,T85),(T4,T110))),(((((((((((T59,T131),T44),((T127,T93),T160)),(T38,(T174,T66))),T111),((T151,T148),T135)),(((T171,T105),T80),T100)),((((T102,(T147,T176)),(T108,T125)),T28),((T14,T199),T187))),(((T40,T200),((T69,T173),T86)),(T7,T140))),(((T180,T82),T182),(T185,T64))),(((T186,T117),T67),T95))),(((T34,T77),T87),(T116,T32))),(((T122,T47),T126),(T152,T45))),T179);
Guide Tree 0/27
#NNI moves:0/236
Guide Tree 1/27
#NNI moves:0/236
Guide Tree 2/27
#NNI moves:0/236
Guide Tree 3/27
#NNI moves:0/236
Guide Tree 4/27
#NNI moves:3/236
Guide Tree 5/27
#NNI moves:1/236
Guide Tree 6/27
#NNI moves:0/236
Guide Tree 7/27
#NNI moves:0/236
Guide Tree 8/27
#NNI moves:0/236
Guide Tree 9/27
#NNI moves:3/236
Guide Tree 10/27
#NNI moves:4/236
Guide Tree 11/27
#NNI moves:3/236
Guide Tree 12/27
#NNI moves:1/236
Guide Tree 13/27
#NNI moves:3/236
Guide Tree 14/27
#NNI moves:0/236
Guide Tree 15/27
#NNI moves:3/236
Guide Tree 16/27
#NNI moves:3/236
Guide Tree 17/27
#NNI moves:0/236
Guide Tree 18/27
#NNI moves:3/236
Guide Tree 19/27
#NNI moves:3/236
Guide Tree 20/27
#NNI moves:1/236
Guide Tree 21/27
#NNI moves:3/236
Guide Tree 22/27
#NNI moves:3/236
Guide Tree 23/27
#NNI moves:0/236
Guide Tree 24/27
#NNI moves:0/236
Guide Tree 25/27
#NNI moves:0/236
Guide Tree 26/27
#NNI moves:3/236
Remaining: 0
#NNI moves:8/236
#NNI moves:8/236
((((((((((((((((((((((T158,T65),T58),T11),T146),((T56,(T150,(T154,T128))),(T2,(T167,T46)))),(((T3,T141),(T5,T112)),(T57,(T138,T175)))),(((T118,(T36,T10)),T169),T194)),(T53,T12)),((((((T92,T23),T94),((T184,T142),(T49,T166))),T197),(T119,T113)),T164)),(((((((T24,T91),T188),(T109,T51)),(T101,((T54,T198),T42))),T181),((T137,T74),T120)),((((T29,T26),T156),T195),T99))),((((T79,T27),T124),T84),(T19,T162))),((((((T149,((T68,T136),T145)),((T31,((((T33,T52),T168),T189),T78)),(((((T72,T60),T103),T130),T107),T157))),(T63,((T88,T104),(T41,T73)))),((T62,T61),T144)),((((T193,T17),T30),T153),((T25,(((T139,T123),T9),((T115,T183),T177))),T191))),T155)),((((((((T114,T18),T89),T35),T75),T90),(T1,T143)),((T55,(T165,T37)),((T97,T190),T98))),(((T161,T132),(T76,T21)),(T48,T96)))),((((T15,T106),T8),T50),T13)),T0),((((T70,T172),T43),(((T39,(T16,T133)),((T121,T20),(T159,T178))),T192)),((((T129,(T134,T163)),T71),T81),T22))),((T196,T170),T83)),((T85,T6),(T4,T110))),((((((((T105,T171),T80),T100),((T111,(((T174,T66),T38),(((T131,T59),T44),((T127,T93),T160)))),((T148,T151),T135))),(((T14,T199),T187),(((T108,T125),((T176,T147),T102)),T28))),((((T173,T69),T86),(T40,T200)),(T7,T140))),(((T82,T180),T182),(T185,T64))),(T95,((T186,T117),T67)))),(((T34,T77),T87),(T116,T32))),((T45,T152),((T47,T122),T126))),T179);
Guide Tree 0/27
#NNI moves:0/236
Guide Tree 1/27
#NNI moves:0/236
Guide Tree 2/27
#NNI moves:0/236
Guide Tree 3/27
#NNI moves:0/236
Guide Tree 4/27
#NNI moves:0/236
Guide Tree 5/27
#NNI moves:0/236
Guide Tree 6/27
#NNI moves:0/236
Guide Tree 7/27
#NNI moves:0/236
Guide Tree 8/27
#NNI moves:0/236
Guide Tree 9/27
#NNI moves:0/236
Guide Tree 10/27
#NNI moves:0/236
Guide Tree 11/27
#NNI moves:0/236
Guide Tree 12/27
#NNI moves:0/236
Guide Tree 13/27
#NNI moves:0/236
Guide Tree 14/27
#NNI moves:0/236
Guide Tree 15/27
#NNI moves:0/236
Guide Tree 16/27
#NNI moves:0/236
Guide Tree 17/27
#NNI moves:0/236
Guide Tree 18/27
#NNI moves:0/236
Guide Tree 19/27
#NNI moves:0/236
Guide Tree 20/27
#NNI moves:0/236
Guide Tree 21/27
#NNI moves:0/236
Guide Tree 22/27
#NNI moves:0/236
Guide Tree 23/27
#NNI moves:0/236
Guide Tree 24/27
#NNI moves:0/236
Guide Tree 25/27
#NNI moves:0/236
Guide Tree 26/27
#NNI moves:0/236
Remaining: 0
#NNI moves:6/236
#NNI moves:6/236
((((((((((((((((((((T5,T112),(T3,T141)),((T138,T175),T57)),(((((T128,T154),T150),T56),((T167,T46),T2)),(T146,((T58,(T158,T65)),T11)))),(T194,((T118,(T10,T36)),T169))),(T53,T12)),(T164,((T197,((T94,(T92,T23)),((T166,T49),(T142,T184)))),(T119,T113)))),(((T120,(T137,T74)),(((((T91,T24),T188),(T109,T51)),(((T198,T54),T42),T101)),T181)),((T195,((T26,T29),T156)),T99))),((T84,(T124,(T27,T79))),(T162,T19))),((((T144,(T61,T62)),(((T149,(T145,(T68,T136))),((((((T33,T52),T168),T189),T78),T31),(((((T72,T60),T103),T130),T107),T157))),(((T104,T88),(T41,T73)),T63))),(((T30,(T17,T193)),T153),(T191,(((T177,(T115,T183)),(T9,(T139,T123))),T25)))),T155)),((((T143,T1),(((T35,(T89,(T18,T114))),T75),T90)),(((T190,T97),T98),((T165,T37),T55))),(((T161,T132),(T76,T21)),(T48,T96)))),(T13,(((T15,T106),T8),T50))),T0),((((((T178,T159),(T20,T121)),(T39,(T16,T133))),T192),((T172,T70),T43)),((((T129,(T134,T163)),T71),T81),T22))),(T83,(T170,T196))),((T4,T110),(T6,T85))),(((((((T14,T199),T187),(T28,((T125,T108),(T102,(T147,T176))))),((((((T44,(T59,T131)),((T93,T127),T160)),((T66,T174),T38)),T111),(T135,(T151,T148))),(T100,((T171,T105),T80)))),(((T86,(T69,T173)),(T200,T40)),(T7,T140))),(((T180,T82),T182),(T185,T64))),((T67,(T186,T117)),T95))),((T87,(T34,T77)),(T32,T116))),((T152,T45),((T122,T47),T126))),T179);
Initial score: 2.35757e+10
Initial tree: ((((((((((((((((((((T5,T112),(T3,T141)),((T138,T175),T57)),(((((T128,T154),T150),T56),((T167,T46),T2)),(T146,((T58,(T158,T65)),T11)))),(T194,((T118,(T10,T36)),T169))),(T53,T12)),(T164,((T197,((T94,(T92,T23)),((T166,T49),(T142,T184)))),(T119,T113)))),(((T120,(T137,T74)),(((((T91,T24),T188),(T109,T51)),(((T198,T54),T42),T101)),T181)),((T195,((T26,T29),T156)),T99))),((T84,(T124,(T27,T79))),(T162,T19))),((((T144,(T61,T62)),(((T149,(T145,(T68,T136))),((((((T33,T52),T168),T189),T78),T31),(((((T72,T60),T103),T130),T107),T157))),(((T104,T88),(T41,T73)),T63))),(((T30,(T17,T193)),T153),(T191,(((T177,(T115,T183)),(T9,(T139,T123))),T25)))),T155)),((((T143,T1),(((T35,(T89,(T18,T114))),T75),T90)),(((T190,T97),T98),((T165,T37),T55))),(((T161,T132),(T76,T21)),(T48,T96)))),(T13,(((T15,T106),T8),T50))),T0),((((((T178,T159),(T20,T121)),(T39,(T16,T133))),T192),((T172,T70),T43)),((((T129,(T134,T163)),T71),T81),T22))),(T83,(T170,T196))),((T4,T110),(T6,T85))),(((((((T14,T199),T187),(T28,((T125,T108),(T102,(T147,T176))))),((((((T44,(T59,T131)),((T93,T127),T160)),((T66,T174),T38)),T111),(T135,(T151,T148))),(T100,((T171,T105),T80)))),(((T86,(T69,T173)),(T200,T40)),(T7,T140))),(((T180,T82),T182),(T185,T64))),((T67,(T186,T117)),T95))),((T87,(T34,T77)),(T32,T116))),((T152,T45),((T122,T47),T126))),T179);
*** Subsample Process ***
Use two-step algorithm!
#NNI moves:0/236
Remaining: 2
#NNI moves:8/236
#NNI moves:8/236
(((((((((((((((((((((((((T173,T69),T86),(T200,T40)),(T7,T140)),(((T28,(((T176,T147),T102),(T108,T125))),((T14,T199),T187)),(((((((T59,T131),T44),((T127,T93),T160)),(T38,(T66,T174))),T111),((T151,T148),T135)),(((T105,T171),T80),T100)))),((T185,T64),((T82,T180),T182))),(T95,((T117,T186),T67))),((((T152,T45),((T47,T122),T126)),T179),(((T77,T34),T87),(T32,T116)))),((T85,T6),(T110,T4))),((T170,T196),T83)),((((((T20,T121),(T159,T178)),((T133,T16),T39)),T192),(T43,(T172,T70))),(((T71,(T129,(T163,T134))),T81),T22))),T0),(T13,(((T15,T106),T8),T50))),(((((T190,T97),T98),((T165,T37),T55)),((((T35,((T18,T114),T89)),T75),T90),(T143,T1))),(((T132,T161),(T76,T21)),(T96,T48)))),((((((((T68,T136),T145),T149),(((((T168,(T33,T52)),T189),T78),T31),(((((T72,T60),T103),T130),T107),T157))),(((T41,T73),(T104,T88)),T63)),(T144,(T61,T62))),((((T193,T17),T30),T153),((((T9,(T139,T123)),((T115,T183),T177)),T25),T191))),T155)),((T84,((T27,T79),T124)),(T162,T19))),(((((((T198,T54),T42),T101),((T188,(T91,T24)),(T51,T109))),T181),(T120,(T137,T74))),((T195,((T26,T29),T156)),T99))),((((((T92,T23),T94),((T166,T49),(T184,T142))),T197),(T113,T119)),T164)),(T53,T12)),((((T10,T36),T118),T169),T194)),((((T46,T167),T2),(((T154,T128),T150),T56)),((((T158,T65),T58),T11),T146))),((T138,T175),T57)),(T3,T141)),T5),T112);
#NNI moves:0/236
Remaining: 0
#NNI moves:10/236
#NNI moves:10/236
((((((((((((((((((((((((T72,T60),T103),T130),T107),T157),(((((T52,T33),T168),T189),T78),T31)),(((T68,T136),T145),T149)),(((T41,T73),(T104,T88)),T63)),((T62,T61),T144)),(((((T177,(T115,T183)),(T9,(T139,T123))),T25),T191),(((T17,T193),T30),T153))),T155),(((((((((T24,T91),T188),(T51,T109)),((T42,(T198,T54)),T101)),T181),((T74,T137),T120)),((T195,((T29,T26),T156)),T99)),(((((((((T65,T158),T58),T11),T146),(((T150,(T128,T154)),T56),(T2,(T46,T167)))),(((T3,T141),(T112,T5)),((T138,T175),T57))),((T169,((T10,T36),T118)),T194)),(T53,T12)),((((((T23,T92),T94),((T49,T166),(T184,T142))),T197),(T113,T119)),T164))),(((T124,(T27,T79)),T84),(T19,T162)))),(((((T37,T165),T55),(T98,(T97,T190))),(((((T89,(T18,T114)),T35),T75),T90),(T143,T1))),(((T76,T21),(T132,T161)),(T96,T48)))),((((T15,T106),T8),T50),T13)),T0),(((T43,(T70,T172)),((((T133,T16),T39),((T178,T159),(T20,T121))),T192)),((T81,(((T163,T134),T129),T71)),T22))),((T170,T196),T83)),((T85,T6),(T4,T110))),((((((T86,(T69,T173)),(T40,T200)),(T7,T140)),(((((T108,T125),(T102,(T176,T147))),T28),((T14,T199),T187)),(((((((T59,T131),T44),((T127,T93),T160)),((T66,T174),T38)),T111),(T135,(T151,T148))),(T100,(T80,(T105,T171)))))),((T185,T64),((T180,T82),T182))),(((T117,T186),T67),T95))),((T87,(T34,T77)),(T32,T116))),T179),((T47,T122),T126)),T45),T152);
#NNI moves:0/236
Remaining: 5
#NNI moves:0/236
#NNI moves:0/236
(((((((((((((((((((((T146,(T11,((T65,T158),T58))),(((T150,(T128,T154)),T56),((T167,T46),T2))),(((T175,T138),T57),((T3,T141),(T5,T112)))),((((T10,T36),T118),T169),T194)),(T53,T12)),((((((T184,T142),(T166,T49)),((T23,T92),T94)),T197),(T119,T113)),T164)),(((((T26,T29),T156),T195),T99),(((((T42,(T54,T198)),T101),((T51,T109),((T24,T91),T188))),T181),(T120,(T74,T137))))),((((T27,T79),T124),T84),(T19,T162))),((((((T15,T106),T8),T50),T13),((((((((((((((((T127,T93),T160),((T59,T131),T44)),(T38,(T66,T174))),T111),((T151,T148),T135)),(T100,((T105,T171),T80))),((((T102,(T147,T176)),(T108,T125)),T28),((T199,T14),T187))),((((T173,T69),T86),(T40,T200)),(T140,T7))),((T64,T185),((T180,T82),T182))),((T67,(T117,T186)),T95)),(((T116,T32),((T34,T77),T87)),(((T45,T152),((T122,T47),T126)),T179))),((T85,T6),(T110,T4))),((T196,T170),T83)),((((((T121,T20),(T159,T178)),(T39,(T133,T16))),T192),((T70,T172),T43)),(((((T163,T134),T129),T71),T81),T22))),T0)),(((T48,T96),((T132,T161),(T76,T21))),(((((T35,((T18,T114),T89)),T75),T90),(T1,T143)),(((T37,T165),T55),((T190,T97),T98)))))),T155),(((((T177,(T183,T115)),((T123,T139),T9)),T25),T191),(((T193,T17),T30),T153))),((T62,T61),T144)),(((T88,T104),(T73,T41)),T63)),((T145,(T68,T136)),T149)),((T78,(((T33,T52),T168),T189)),T31)),T157),T107),T130),T103),T72),T60);
#NNI moves:0/236
Remaining: 0
#NNI moves:6/236
#NNI moves:6/236
((((((((((((((((((((((((T33,T52),T168),T189),T78),T31),(((T130,(T103,(T72,T60))),T107),T157)),((T145,(T68,T136)),T149)),(((T88,T104),(T73,T41)),T63)),(T144,(T62,T61))),(((((T9,(T123,T139)),(T177,(T183,T115))),T25),T191),(T153,((T17,T193),T30)))),T155),((((((((((T150,(T154,T128)),T56),((T167,T46),T2)),((((T158,T65),T58),T11),T146)),(((T5,T112),(T141,T3)),(T57,(T175,T138)))),((((T36,T10),T118),T169),T194)),(T53,T12)),((((((T184,T142),(T166,T49)),((T92,T23),T94)),T197),(T113,T119)),T164)),((((T137,T74),T120),(((((T91,T24),T188),(T109,T51)),(((T54,T198),T42),T101)),T181)),((((T29,T26),T156),T195),T99))),((T19,T162),((T124,(T79,T27)),T84)))),((((((((T18,T114),T89),T35),T75),T90),(T143,T1)),(((T190,T97),T98),(T55,(T37,T165)))),(((T21,T76),(T161,T132)),(T96,T48)))),((((T15,T106),T8),T50),T13)),T0),(((T192,(((T178,T159),(T20,T121)),(T39,(T133,T16)))),((T172,T70),T43)),((((T129,(T134,T163)),T71),T81),T22))),((T170,T196),T83)),((T110,T4),(T85,T6))),(((((((((((T93,T127),T160),((T59,T131),T44)),((T174,T66),T38)),T111),((T151,T148),T135)),((T80,(T105,T171)),T100)),(((((T147,T176),T102),(T108,T125)),T28),((T199,T14),T187))),(((T40,T200),(T86,(T173,T69))),(T140,T7))),((T64,T185),((T180,T82),T182))),(((T117,T186),T67),T95))),(((T34,T77),T87),(T32,T116))),T179),((T47,T122),T126)),T45),T152);
Current score: 2.35757e+10
Current tree: ((((((((((((((((((((((T33,T52),T168),T189),T78),T31),(((T130,(T103,(T72,T60))),T107),T157)),((T145,(T68,T136)),T149)),(((T88,T104),(T73,T41)),T63)),(T144,(T62,T61))),(((((T9,(T123,T139)),(T177,(T183,T115))),T25),T191),(T153,((T17,T193),T30)))),T155),((((((((((T150,(T154,T128)),T56),((T167,T46),T2)),((((T158,T65),T58),T11),T146)),(((T5,T112),(T141,T3)),(T57,(T175,T138)))),((((T36,T10),T118),T169),T194)),(T53,T12)),((((((T184,T142),(T166,T49)),((T92,T23),T94)),T197),(T113,T119)),T164)),((((T137,T74),T120),(((((T91,T24),T188),(T109,T51)),(((T54,T198),T42),T101)),T181)),((((T29,T26),T156),T195),T99))),((T19,T162),((T124,(T79,T27)),T84)))),((((((((T18,T114),T89),T35),T75),T90),(T143,T1)),(((T190,T97),T98),(T55,(T37,T165)))),(((T21,T76),(T161,T132)),(T96,T48)))),((((T15,T106),T8),T50),T13)),T0),(((T192,(((T178,T159),(T20,T121)),(T39,(T133,T16)))),((T172,T70),T43)),((((T129,(T134,T163)),T71),T81),T22))),((T170,T196),T83)),((T110,T4),(T85,T6))),(((((((((((T93,T127),T160),((T59,T131),T44)),((T174,T66),T38)),T111),((T151,T148),T135)),((T80,(T105,T171)),T100)),(((((T147,T176),T102),(T108,T125)),T28),((T199,T14),T187))),(((T40,T200),(T86,(T173,T69))),(T140,T7))),((T64,T185),((T180,T82),T182))),(((T117,T186),T67),T95))),(((T34,T77),T87),(T32,T116))),(((T47,T122),T126),(T45,T152))),T179);
Final Tree: ((((((((((((((((((((((T33,T52),T168),T189),T78),T31),(((T130,(T103,(T72,T60))),T107),T157)),((T145,(T68,T136)),T149)),(((T88,T104),(T73,T41)),T63)),(T144,(T62,T61))),(((((T9,(T123,T139)),(T177,(T183,T115))),T25),T191),(T153,((T17,T193),T30)))),T155),((((((((((T150,(T154,T128)),T56),((T167,T46),T2)),((((T158,T65),T58),T11),T146)),(((T5,T112),(T141,T3)),(T57,(T175,T138)))),((((T36,T10),T118),T169),T194)),(T53,T12)),((((((T184,T142),(T166,T49)),((T92,T23),T94)),T197),(T113,T119)),T164)),((((T137,T74),T120),(((((T91,T24),T188),(T109,T51)),(((T54,T198),T42),T101)),T181)),((((T29,T26),T156),T195),T99))),((T19,T162),((T124,(T79,T27)),T84)))),((((((((T18,T114),T89),T35),T75),T90),(T143,T1)),(((T190,T97),T98),(T55,(T37,T165)))),(((T21,T76),(T161,T132)),(T96,T48)))),((((T15,T106),T8),T50),T13)),T0),(((T192,(((T178,T159),(T20,T121)),(T39,(T133,T16)))),((T172,T70),T43)),((((T129,(T134,T163)),T71),T81),T22))),((T170,T196),T83)),((T110,T4),(T85,T6))),(((((((((((T93,T127),T160),((T59,T131),T44)),((T174,T66),T38)),T111),((T151,T148),T135)),((T80,(T105,T171)),T100)),(((((T147,T176),T102),(T108,T125)),T28),((T199,T14),T187))),(((T40,T200),(T86,(T173,T69))),(T140,T7))),((T64,T185),((T180,T82),T182))),(((T117,T186),T67),T95))),(((T34,T77),T87),(T32,T116))),(((T47,T122),T126),(T45,T152))),T179);
Score: 2.357565104e+10

real	1m33.397s
user	20m42.103s
sys	0m27.692s
