Weighted ASTRAL - Hybrid
Version: v1.13.2.3
#Genetrees: 2000
#Species: 201
#Rounds: 4
#Samples: 4
#Threads: 32
Use two-step algorithm!
Guide Tree 0/27
#NNI moves:0/236
Guide Tree 1/27
#NNI moves:3/236
Guide Tree 2/27
#NNI moves:3/236
Guide Tree 3/27
#NNI moves:0/236
Guide Tree 4/27
#NNI moves:0/236
Guide Tree 5/27
#NNI moves:0/236
Guide Tree 6/27
#NNI moves:0/236
Guide Tree 7/27
#NNI moves:0/236
Guide Tree 8/27
#NNI moves:0/236
Guide Tree 9/27
#NNI moves:0/236
Guide Tree 10/27
#NNI moves:0/236
Guide Tree 11/27
#NNI moves:1/236
Guide Tree 12/27
#NNI moves:1/236
Guide Tree 13/27
#NNI moves:0/236
Guide Tree 14/27
#NNI moves:0/236
Guide Tree 15/27
#NNI moves:0/236
Guide Tree 16/27
#NNI moves:0/236
Guide Tree 17/27
#NNI moves:0/236
Guide Tree 18/27
#NNI moves:0/236
Guide Tree 19/27
#NNI moves:3/236
Guide Tree 20/27
#NNI moves:0/236
Guide Tree 21/27
#NNI moves:0/236
Guide Tree 22/27
#NNI moves:0/236
Guide Tree 23/27
#NNI moves:1/236
Guide Tree 24/27
#NNI moves:0/236
Guide Tree 25/27
#NNI moves:0/236
Guide Tree 26/27
#NNI moves:0/236
Remaining: 0
#NNI moves:0/236
#NNI moves:0/236
(((((((((((((((((((T35,((T27,T73),(T135,T84))),(T22,T178)),((((((T20,T40),T59),T136),T196),(((T171,T161),T61),(T128,T36))),((T96,T74),(T142,T187)))),(((((T62,(T191,T32)),T138),T175),((((T132,T102),T4),(T60,T69)),((((T42,T111),T194),((((T174,T16),T115),(T49,T113)),(T25,T14))),(T195,(T75,T144))))),T77)),(((((T117,T183),((T54,T50),T88)),((T137,T121),T21)),T101),((T184,T99),T30))),(((((T198,T15),(((T46,T47),T86),T108)),(((T81,T103),T92),(T181,(T110,T185)))),(((T141,(((T8,((T2,T148),T19)),T120),(T53,T67))),((T89,T200),T6)),(((T52,T65),(T68,T39)),(T33,(T116,T129))))),((T192,(T186,T126)),((T12,T18),T11)))),T0),(T9,T94)),(((((((((T199,T100),(T64,T114)),(T139,T76)),T145),T29),(((T125,(T168,T158)),(((T109,T79),T176),T159)),((((T169,T90),((T97,T10),T45)),T146),T153))),(T43,(((((T147,T31),(T190,T149)),(T51,((T107,T41),((T118,T143),T80)))),(((T160,(T71,T82)),(T179,((T48,T58),T177))),T134)),((T55,T106),T44)))),(((((T131,((((T154,T93),T13),T3),T98)),(((((T156,T150),T162),T24),T26),(T124,T151))),((T56,T104),T28)),(((((T5,T197),T140),(T83,T157)),((T164,T180),T122)),T127)),((T172,T91),((T85,T167),(T70,T173))))),(((T189,T7),T155),(((T193,(T188,T112)),(T163,T105)),T23)))),(T152,T38)),T123),(((T37,T57),((T1,T63),T95)),(((T170,T87),T182),T130))),(T72,T119)),T66),T133),T165),T78),(T166,T17)),T34);
Guide Tree 0/27
#NNI moves:0/236
Guide Tree 1/27
#NNI moves:0/236
Guide Tree 2/27
#NNI moves:0/236
Guide Tree 3/27
#NNI moves:0/236
Guide Tree 4/27
#NNI moves:0/236
Guide Tree 5/27
#NNI moves:0/236
Guide Tree 6/27
#NNI moves:0/236
Guide Tree 7/27
#NNI moves:0/236
Guide Tree 8/27
#NNI moves:0/236
Guide Tree 9/27
#NNI moves:0/236
Guide Tree 10/27
#NNI moves:0/236
Guide Tree 11/27
#NNI moves:0/236
Guide Tree 12/27
#NNI moves:0/236
Guide Tree 13/27
#NNI moves:0/236
Guide Tree 14/27
#NNI moves:0/236
Guide Tree 15/27
#NNI moves:0/236
Guide Tree 16/27
#NNI moves:0/236
Guide Tree 17/27
#NNI moves:0/236
Guide Tree 18/27
#NNI moves:0/236
Guide Tree 19/27
#NNI moves:0/236
Guide Tree 20/27
#NNI moves:0/236
Guide Tree 21/27
#NNI moves:0/236
Guide Tree 22/27
#NNI moves:0/236
Guide Tree 23/27
#NNI moves:0/236
Guide Tree 24/27
#NNI moves:0/236
Guide Tree 25/27
#NNI moves:0/236
Guide Tree 26/27
#NNI moves:0/236
Remaining: 0
#NNI moves:2/236
#NNI moves:2/236
(((((((((((((((((((((T36,T128),((T161,T171),T61)),((((T40,T20),T59),T136),T196)),((T96,T74),(T187,T142))),((((T84,T135),(T27,T73)),T35),(T178,T22))),(((((((((T16,T174),T115),(T49,T113)),(T25,T14)),(T194,(T42,T111))),((T144,T75),T195)),(((T102,T132),T4),(T69,T60))),((((T191,T32),T62),T138),T175)),T77)),(((((T183,T117),((T54,T50),T88)),(T21,(T137,T121))),T101),(T30,(T184,T99)))),((((((T129,T116),T33),((T68,T39),(T65,T52))),((T141,((T53,T67),((((T2,T148),T19),T8),T120))),(T6,(T89,T200)))),((((T185,T110),T181),((T81,T103),T92)),((T198,T15),(((T47,T46),T86),T108)))),(((T18,T12),T11),(T192,(T126,T186))))),T0),(T94,T9)),(((((((T106,T55),T44),(((((T71,T82),T160),(((T48,T58),T177),T179)),T134),(((((T143,T118),T80),(T41,T107)),T51),((T147,T31),(T190,T149))))),T43),((((((T64,T114),(T199,T100)),(T139,T76)),T145),T29),(((((T109,T79),T176),T159),((T168,T158),T125)),((T146,(((T10,T97),T45),(T169,T90))),T153)))),((((T28,(T104,T56)),(((T26,(T24,((T150,T156),T162))),(T124,T151)),(T131,(T98,(((T154,T93),T13),T3))))),(((((T5,T197),T140),(T157,T83)),(T122,(T164,T180))),T127)),(((T70,T173),(T85,T167)),(T172,T91)))),(((((T188,T112),T193),(T105,T163)),T23),((T189,T7),T155)))),(T38,T152)),T123),(((T37,T57),((T1,T63),T95)),(T130,(T182,(T87,T170))))),(T119,T72)),T66),T133),T165),T78),(T166,T17)),T34);
Guide Tree 0/27
#NNI moves:0/236
Guide Tree 1/27
#NNI moves:0/236
Guide Tree 2/27
#NNI moves:0/236
Guide Tree 3/27
#NNI moves:0/236
Guide Tree 4/27
#NNI moves:0/236
Guide Tree 5/27
#NNI moves:0/236
Guide Tree 6/27
#NNI moves:0/236
Guide Tree 7/27
#NNI moves:0/236
Guide Tree 8/27
#NNI moves:0/236
Guide Tree 9/27
#NNI moves:0/236
Guide Tree 10/27
#NNI moves:0/236
Guide Tree 11/27
#NNI moves:0/236
Guide Tree 12/27
#NNI moves:0/236
Guide Tree 13/27
#NNI moves:0/236
Guide Tree 14/27
#NNI moves:0/236
Guide Tree 15/27
#NNI moves:0/236
Guide Tree 16/27
#NNI moves:0/236
Guide Tree 17/27
#NNI moves:0/236
Guide Tree 18/27
#NNI moves:0/236
Guide Tree 19/27
#NNI moves:0/236
Guide Tree 20/27
#NNI moves:0/236
Guide Tree 21/27
#NNI moves:0/236
Guide Tree 22/27
#NNI moves:0/236
Guide Tree 23/27
#NNI moves:0/236
Guide Tree 24/27
#NNI moves:0/236
Guide Tree 25/27
#NNI moves:0/236
Guide Tree 26/27
#NNI moves:0/236
Remaining: 0
#NNI moves:0/236
#NNI moves:0/236
((((((((((((((((((((((T75,T144),T195),(((((T174,T16),T115),(T49,T113)),(T14,T25)),((T42,T111),T194))),((T69,T60),((T102,T132),T4))),((((T191,T32),T62),T138),T175)),T77),((((((T59,(T40,T20)),T136),T196),(((T171,T161),T61),(T128,T36))),((T96,T74),(T142,T187))),((((T27,T73),(T84,T135)),T35),(T178,T22)))),((((((T54,T50),T88),(T183,T117)),(T21,(T137,T121))),T101),((T184,T99),T30))),(((((((T46,T47),T86),T108),(T15,T198)),(((T103,T81),T92),((T185,T110),T181))),((((T116,T129),T33),((T68,T39),(T52,T65))),((((T67,T53),(((T19,(T2,T148)),T8),T120)),T141),(T6,(T200,T89))))),((T11,(T18,T12)),(T192,(T186,T126))))),T0),(T9,T94)),(((((((T146,((T45,(T10,T97)),(T169,T90))),T153),((T159,((T109,T79),T176)),((T168,T158),T125))),(T29,(((T76,T139),((T64,T114),(T199,T100))),T145))),(((((((T41,T107),((T118,T143),T80)),T51),((T147,T31),(T190,T149))),(((T179,(T177,(T58,T48))),((T71,T82),T160)),T134)),(T44,(T106,T55))),T43)),(((((T131,((((T154,T93),T13),T3),T98)),((T124,T151),((((T156,T150),T162),T24),T26))),((T104,T56),T28)),(((((T197,T5),T140),(T83,T157)),((T164,T180),T122)),T127)),(((T167,T85),(T70,T173)),(T172,T91)))),(((((T188,T112),T193),(T163,T105)),T23),((T189,T7),T155)))),(T152,T38)),T123),((((T1,T63),T95),(T37,T57)),(T130,(T182,(T87,T170))))),(T119,T72)),T66),T133),T165),T78),(T17,T166)),T34);
Guide Tree 0/27
#NNI moves:0/236
Guide Tree 1/27
#NNI moves:0/236
Guide Tree 2/27
#NNI moves:0/236
Guide Tree 3/27
#NNI moves:0/236
Guide Tree 4/27
#NNI moves:0/236
Guide Tree 5/27
#NNI moves:0/236
Guide Tree 6/27
#NNI moves:0/236
Guide Tree 7/27
#NNI moves:0/236
Guide Tree 8/27
#NNI moves:0/236
Guide Tree 9/27
#NNI moves:0/236
Guide Tree 10/27
#NNI moves:0/236
Guide Tree 11/27
#NNI moves:0/236
Guide Tree 12/27
#NNI moves:0/236
Guide Tree 13/27
#NNI moves:0/236
Guide Tree 14/27
#NNI moves:0/236
Guide Tree 15/27
#NNI moves:0/236
Guide Tree 16/27
#NNI moves:0/236
Guide Tree 17/27
#NNI moves:0/236
Guide Tree 18/27
#NNI moves:0/236
Guide Tree 19/27
#NNI moves:0/236
Guide Tree 20/27
#NNI moves:0/236
Guide Tree 21/27
#NNI moves:0/236
Guide Tree 22/27
#NNI moves:0/236
Guide Tree 23/27
#NNI moves:0/236
Guide Tree 24/27
#NNI moves:0/236
Guide Tree 25/27
#NNI moves:0/236
Guide Tree 26/27
#NNI moves:0/236
Remaining: 0
#NNI moves:0/236
#NNI moves:0/236
((((((((((((((((((((((T8,((T148,T2),T19)),T120),(T67,T53)),T141),((T200,T89),T6)),(((T52,T65),(T68,T39)),((T129,T116),T33))),((((T110,T185),T181),(T92,(T103,T81))),((T198,T15),(((T47,T46),T86),T108)))),((T192,(T186,T126)),((T12,T18),T11))),(((((((T136,(T59,(T20,T40))),T196),(((T161,T171),T61),(T128,T36))),((T142,T187),(T74,T96))),((((T135,T84),(T73,T27)),T35),(T178,T22))),(((((T195,(T75,T144)),(((T14,T25),((T113,T49),(T115,(T16,T174)))),((T111,T42),T194))),((T69,T60),((T132,T102),T4))),((((T191,T32),T62),T138),T175)),T77)),((((T21,(T121,T137)),((T117,T183),(T88,(T54,T50)))),T101),(T30,(T184,T99))))),T0),(T9,T94)),((((((((((T13,(T93,T154)),T3),T98),T131),(((T24,((T156,T150),T162)),T26),(T124,T151))),((T56,T104),T28)),(((((T197,T5),T140),(T83,T157)),(T122,(T164,T180))),T127)),(((T70,T173),(T85,T167)),(T172,T91))),(((((((((T143,T118),T80),(T107,T41)),T51),((T31,T147),(T149,T190))),((((T82,T71),T160),(T179,((T58,T48),T177))),T134)),(T44,(T106,T55))),T43),(((((T158,T168),T125),(((T109,T79),T176),T159)),(((((T10,T97),T45),(T169,T90)),T146),T153)),(((((T114,T64),(T100,T199)),(T139,T76)),T145),T29)))),(((((T112,T188),T193),(T105,T163)),T23),((T7,T189),T155)))),(T38,T152)),T123),((((T87,T170),T182),T130),((T37,T57),((T1,T63),T95)))),(T119,T72)),T66),T133),T165),T78),(T166,T17)),T34);
Initial score: 1.9959e+10
Initial tree: ((((((((((((((((((((((T8,((T148,T2),T19)),T120),(T67,T53)),T141),((T200,T89),T6)),(((T52,T65),(T68,T39)),((T129,T116),T33))),((((T110,T185),T181),(T92,(T103,T81))),((T198,T15),(((T47,T46),T86),T108)))),((T192,(T186,T126)),((T12,T18),T11))),(((((((T136,(T59,(T20,T40))),T196),(((T161,T171),T61),(T128,T36))),((T142,T187),(T74,T96))),((((T135,T84),(T73,T27)),T35),(T178,T22))),(((((T195,(T75,T144)),(((T14,T25),((T113,T49),(T115,(T16,T174)))),((T111,T42),T194))),((T69,T60),((T132,T102),T4))),((((T191,T32),T62),T138),T175)),T77)),((((T21,(T121,T137)),((T117,T183),(T88,(T54,T50)))),T101),(T30,(T184,T99))))),T0),(T9,T94)),((((((((((T13,(T93,T154)),T3),T98),T131),(((T24,((T156,T150),T162)),T26),(T124,T151))),((T56,T104),T28)),(((((T197,T5),T140),(T83,T157)),(T122,(T164,T180))),T127)),(((T70,T173),(T85,T167)),(T172,T91))),(((((((((T143,T118),T80),(T107,T41)),T51),((T31,T147),(T149,T190))),((((T82,T71),T160),(T179,((T58,T48),T177))),T134)),(T44,(T106,T55))),T43),(((((T158,T168),T125),(((T109,T79),T176),T159)),(((((T10,T97),T45),(T169,T90)),T146),T153)),(((((T114,T64),(T100,T199)),(T139,T76)),T145),T29)))),(((((T112,T188),T193),(T105,T163)),T23),((T7,T189),T155)))),(T38,T152)),T123),((((T87,T170),T182),T130),((T37,T57),((T1,T63),T95)))),(T119,T72)),T66),T133),T165),T78),(T166,T17)),T34);
*** Subsample Process ***
Use two-step algorithm!
#NNI moves:0/236
Remaining: 0
#NNI moves:0/236
#NNI moves:0/236
((((((((((((((T142,T187),(T96,T74)),(((((T20,T40),T59),T136),T196),((T36,T128),((T161,T171),T61)))),((((T135,T84),(T73,T27)),T35),(T178,T22))),(((((((T25,T14),(((T16,T174),T115),(T113,T49))),(T194,(T42,T111))),(T195,(T75,T144))),((T60,T69),((T132,T102),T4))),((T138,(T62,(T191,T32))),T175)),T77)),(((((T183,T117),((T54,T50),T88)),((T137,T121),T21)),T101),(T30,(T99,T184)))),((((((((((((((T93,T154),T13),T3),T98),T131),(((T24,((T156,T150),T162)),T26),(T124,T151))),(T28,(T56,T104))),(T127,(((T180,T164),T122),((T157,T83),((T197,T5),T140))))),(((T70,T173),(T85,T167)),(T91,T172))),((((((((T41,T107),((T143,T118),T80)),T51),((T31,T147),(T190,T149))),((((T82,T71),T160),(T179,((T58,T48),T177))),T134)),((T55,T106),T44)),T43),(((((T168,T158),T125),(((T109,T79),T176),T159)),(((((T97,T10),T45),(T169,T90)),T146),T153)),(((((T64,T114),(T199,T100)),(T76,T139)),T145),T29)))),((((T163,T105),((T112,T188),T193)),T23),((T189,T7),T155))),(((((T119,T72),((((((T166,T17),T34),T78),T165),T133),T66)),((((T1,T63),T95),(T37,T57)),(((T170,T87),T182),T130))),T123),(T152,T38))),(T9,T94)),T0)),(((T12,T18),T11),((T186,T126),T192))),((((T110,T185),T181),((T103,T81),T92)),((((T47,T46),T86),T108),(T198,T15)))),(((T65,T52),(T68,T39)),((T129,T116),T33))),((((((T148,T2),T19),T8),T120),(T67,T53)),T141)),T6),T89),T200);
#NNI moves:0/236
Remaining: 0
#NNI moves:0/236
#NNI moves:0/236
((((((((((((((((((((((((((T16,T174),T115),(T49,T113)),(T25,T14)),(T194,(T111,T42))),((T75,T144),T195)),((T60,T69),(T4,(T132,T102)))),((((T32,T191),T62),T138),T175)),T77),(((T22,T178),(((T84,T135),(T27,T73)),T35)),(((T196,(((T20,T40),T59),T136)),((T128,T36),((T171,T161),T61))),((T187,T142),(T74,T96))))),((((((T50,T54),T88),(T117,T183)),((T121,T137),T21)),T101),((T184,T99),T30))),((((((((((T148,T2),T19),T8),T120),(T67,T53)),T141),((T200,T89),T6)),(((T116,T129),T33),((T68,T39),(T65,T52)))),(((T181,(T185,T110)),((T81,T103),T92)),((T108,((T46,T47),T86)),(T198,T15)))),(((T126,T186),T192),((T18,T12),T11)))),T0),(T9,T94)),(((((((((T31,T147),(T149,T190)),(((T107,T41),((T143,T118),T80)),T51)),(((T179,((T58,T48),T177)),(T160,(T82,T71))),T134)),(T44,(T55,T106))),T43),((((((T45,(T10,T97)),(T169,T90)),T146),T153),((((T79,T109),T176),T159),(T125,(T168,T158)))),(((((T114,T64),(T199,T100)),(T76,T139)),T145),T29))),(((((((T3,(T13,(T93,T154))),T98),T131),(((((T156,T150),T162),T24),T26),(T151,T124))),(T28,(T104,T56))),((((T157,T83),((T197,T5),T140)),((T180,T164),T122)),T127)),((T172,T91),((T70,T173),(T85,T167))))),(((T189,T7),T155),(((T193,(T188,T112)),(T163,T105)),T23)))),(T38,T152)),T123),((((T87,T170),T182),T130),(((T63,T1),T95),(T37,T57)))),(T119,T72)),T66),T133),T165),T78),T34),T17),T166);
#NNI moves:0/236
Remaining: 0
#NNI moves:0/236
#NNI moves:0/236
((((((((((((((((((((((T143,T118),T80),(T41,T107)),T51),((T149,T190),(T31,T147))),(((T160,(T71,T82)),((T177,(T48,T58)),T179)),T134)),((T106,T55),T44)),T43),((((((T199,T100),(T64,T114)),(T76,T139)),T145),T29),((((((T97,T10),T45),(T169,T90)),T146),T153),((T159,((T79,T109),T176)),(T125,(T158,T168)))))),((((T85,T167),(T173,T70)),(T172,T91)),((((((((T154,T93),T13),T3),T98),T131),(((((T156,T150),T162),T24),T26),(T151,T124))),(T28,(T104,T56))),((((T140,(T197,T5)),(T83,T157)),((T180,T164),T122)),T127)))),((T155,(T189,T7)),(((T193,(T112,T188)),(T105,T163)),T23))),((((((T95,(T1,T63)),(T37,T57)),((T182,(T170,T87)),T130)),(((((((T17,T166),T34),T78),T165),T133),T66),(T72,T119))),T123),(T152,T38))),(T9,T94)),T0),(((((((T120,(((T148,T2),T19),T8)),(T67,T53)),T141),((T89,T200),T6)),(((T116,T129),T33),((T52,T65),(T39,T68)))),(((((T46,T47),T86),T108),(T15,T198)),((T181,(T110,T185)),((T81,T103),T92)))),(((T12,T18),T11),((T126,T186),T192)))),((((T21,(T121,T137)),((T88,(T50,T54)),(T183,T117))),T101),((T184,T99),T30))),(((((((T14,T25),((T113,T49),((T16,T174),T115))),((T42,T111),T194)),((T144,T75),T195)),(((T102,T132),T4),(T69,T60))),(((T62,(T191,T32)),T138),T175)),T77)),((((T135,T84),(T73,T27)),T35),(T22,T178))),((T187,T142),(T96,T74))),((T61,(T161,T171)),(T36,T128))),(((T20,T40),T59),T136)),T196);
#NNI moves:0/236
Remaining: 0
#NNI moves:0/236
#NNI moves:0/236
((((((((((((((((((((((((T14,T25),((T49,T113),((T16,T174),T115))),(T194,(T111,T42))),(T195,(T75,T144))),((T69,T60),((T102,T132),T4))),(((T62,(T191,T32)),T138),T175)),T77),((((((T171,T161),T61),(T36,T128)),(T196,(((T40,T20),T59),T136))),((T142,T187),(T96,T74))),((((T84,T135),(T73,T27)),T35),(T22,T178)))),((((((T54,T50),T88),(T117,T183)),((T137,T121),T21)),T101),(T30,(T184,T99)))),(((((((T46,T47),T86),T108),(T15,T198)),((T181,(T185,T110)),((T103,T81),T92))),((((T129,T116),T33),((T52,T65),(T39,T68))),((((((T19,(T2,T148)),T8),T120),(T53,T67)),T141),(T6,(T89,T200))))),(((T18,T12),T11),(T192,(T186,T126))))),T0),(T94,T9)),(((((((((T90,T169),(T45,(T97,T10))),T146),T153),((((T109,T79),T176),T159),((T158,T168),T125))),(((((T100,T199),(T64,T114)),(T139,T76)),T145),T29)),((((((((T143,T118),T80),(T107,T41)),T51),((T147,T31),(T149,T190))),(((((T58,T48),T177),T179),((T82,T71),T160)),T134)),((T55,T106),T44)),T43)),((((((T140,(T5,T197)),(T157,T83)),(T122,(T180,T164))),T127),(((((((T156,T150),T162),T24),T26),(T151,T124)),((((T13,(T93,T154)),T3),T98),T131)),(T28,(T104,T56)))),(((T70,T173),(T85,T167)),(T172,T91)))),((((T105,T163),((T188,T112),T193)),T23),(T155,(T189,T7))))),(T152,T38)),T123),((T130,((T170,T87),T182)),((T95,(T1,T63)),(T37,T57)))),(T72,T119)),T66),T133),T165),T78),T34),T17),T166);
Current score: 1.9959e+10
Current tree: (((((((((((((((((((((((T14,T25),((T49,T113),((T16,T174),T115))),(T194,(T111,T42))),(T195,(T75,T144))),((T69,T60),((T102,T132),T4))),(((T62,(T191,T32)),T138),T175)),T77),((((((T171,T161),T61),(T36,T128)),(T196,(((T40,T20),T59),T136))),((T142,T187),(T96,T74))),((((T84,T135),(T73,T27)),T35),(T22,T178)))),((((((T54,T50),T88),(T117,T183)),((T137,T121),T21)),T101),(T30,(T184,T99)))),(((((((T46,T47),T86),T108),(T15,T198)),((T181,(T185,T110)),((T103,T81),T92))),((((T129,T116),T33),((T52,T65),(T39,T68))),((((((T19,(T2,T148)),T8),T120),(T53,T67)),T141),(T6,(T89,T200))))),(((T18,T12),T11),(T192,(T186,T126))))),T0),(T94,T9)),(((((((((T90,T169),(T45,(T97,T10))),T146),T153),((((T109,T79),T176),T159),((T158,T168),T125))),(((((T100,T199),(T64,T114)),(T139,T76)),T145),T29)),((((((((T143,T118),T80),(T107,T41)),T51),((T147,T31),(T149,T190))),(((((T58,T48),T177),T179),((T82,T71),T160)),T134)),((T55,T106),T44)),T43)),((((((T140,(T5,T197)),(T157,T83)),(T122,(T180,T164))),T127),(((((((T156,T150),T162),T24),T26),(T151,T124)),((((T13,(T93,T154)),T3),T98),T131)),(T28,(T104,T56)))),(((T70,T173),(T85,T167)),(T172,T91)))),((((T105,T163),((T188,T112),T193)),T23),(T155,(T189,T7))))),(T152,T38)),T123),((T130,((T170,T87),T182)),((T95,(T1,T63)),(T37,T57)))),(T72,T119)),T66),T133),T165),T78),(T17,T166)),T34);
Use two-step algorithm!
#NNI moves:0/236
Remaining: 0
#NNI moves:3/236
#NNI moves:3/236
((((((((((((((((((((((T159,((T79,T109),T176)),((T158,T168),T125)),((((T45,(T10,T97)),(T90,T169)),T146),T153)),(T29,((((T64,T114),(T100,T199)),(T76,T139)),T145))),((((((T149,T190),(T147,T31)),(((T80,(T143,T118)),(T41,T107)),T51)),((((T177,(T48,T58)),T179),((T82,T71),T160)),T134)),(T44,(T106,T55))),T43)),((((((T83,T157),((T197,T5),T140)),((T164,T180),T122)),T127),((((T151,T124),((((T156,T150),T162),T24),T26)),(((T3,((T154,T93),T13)),T98),T131)),(T28,(T56,T104)))),((T172,T91),((T173,T70),(T85,T167))))),(((((T112,T188),T193),(T163,T105)),T23),(T155,(T189,T7)))),(((((((T165,(((T17,T166),T34),T78)),T133),T66),(T72,T119)),(((T57,T37),((T63,T1),T95)),(((T87,T170),T182),T130))),T123),(T38,T152))),(T94,T9)),T0),((((((T86,(T47,T46)),T108),(T15,T198)),((T92,(T103,T81)),((T185,T110),T181))),((((T116,T129),T33),((T68,T39),(T52,T65))),(((((T8,((T2,T148),T19)),T120),(T67,T53)),T141),(T6,(T89,T200))))),((T11,(T18,T12)),((T186,T126),T192)))),(((((T121,T137),T21),((T183,T117),((T50,T54),T88))),T101),((T184,T99),T30))),(((((T128,T36),((T171,T161),T61)),((((T20,T40),T59),T136),T196)),((T74,T96),(T142,T187))),((T35,((T27,T73),(T84,T135))),(T22,T178)))),T77),(T175,(((T32,T191),T62),T138))),((T60,T69),((T102,T132),T4))),((T144,T75),T195)),((T42,T111),T194)),(T14,T25)),((T16,T174),T115)),T113),T49);
#NNI moves:0/236
Remaining: 0
#NNI moves:0/236
#NNI moves:0/236
(((((((((((((((((((T194,(T111,T42)),(((T49,T113),((T16,T174),T115)),(T14,T25))),((T75,T144),T195)),((T60,T69),(T4,(T102,T132)))),((T138,(T62,(T32,T191))),T175)),T77),(((((((T40,T20),T59),T136),T196),(((T171,T161),T61),(T128,T36))),((T96,T74),(T187,T142))),((T35,((T135,T84),(T27,T73))),(T22,T178)))),((((((T50,T54),T88),(T117,T183)),(T21,(T137,T121))),T101),(T30,(T184,T99)))),((((((T116,T129),T33),((T52,T65),(T68,T39))),((((T67,T53),((((T148,T2),T19),T8),T120)),T141),((T89,T200),T6))),(((T92,(T103,T81)),((T110,T185),T181)),((T108,((T46,T47),T86)),(T15,T198)))),(((T18,T12),T11),(T192,(T186,T126))))),T0),(T9,T94)),((((((((T158,T168),T125),(((T109,T79),T176),T159)),(T153,(((T45,(T97,T10)),(T169,T90)),T146))),(((((T100,T199),(T64,T114)),(T139,T76)),T145),T29)),((((((T31,T147),(T149,T190)),(T51,((T41,T107),((T118,T143),T80)))),((((T71,T82),T160),(((T48,T58),T177),T179)),T134)),((T106,T55),T44)),T43)),((((((T151,T124),(((T162,(T156,T150)),T24),T26)),(((((T154,T93),T13),T3),T98),T131)),((T56,T104),T28)),((((T140,(T5,T197)),(T83,T157)),((T180,T164),T122)),T127)),(((T70,T173),(T85,T167)),(T172,T91)))),((((T163,T105),((T188,T112),T193)),T23),(T155,(T189,T7))))),(T152,T38)),T123),(((T57,T37),((T1,T63),T95)),(((T170,T87),T182),T130))),(T119,T72)),T66),((((T166,T17),T34),T78),T165)),T133);
#NNI moves:0/236
Remaining: 0
#NNI moves:0/236
#NNI moves:0/236
((((((((((((((((((((((T20,T40),T59),T136),T196),(((T161,T171),T61),(T36,T128))),((T74,T96),(T142,T187))),((((T27,T73),(T84,T135)),T35),(T22,T178))),(((((((((T174,T16),T115),(T49,T113)),(T14,T25)),((T42,T111),T194)),((T144,T75),T195)),((T69,T60),(T4,(T102,T132)))),(T175,(((T191,T32),T62),T138))),T77)),((((((T54,T50),T88),(T183,T117)),((T121,T137),T21)),T101),((T184,T99),T30))),((((((T129,T116),T33),((T65,T52),(T39,T68))),(((T200,T89),T6),(((T53,T67),((T8,((T2,T148),T19)),T120)),T141))),((((T185,T110),T181),((T103,T81),T92)),((T198,T15),(((T47,T46),T86),T108)))),(((T126,T186),T192),((T18,T12),T11)))),T0),(T9,T94)),(((((((((T79,T109),T176),T159),(T125,(T168,T158))),(((((T10,T97),T45),(T169,T90)),T146),T153)),(((((T100,T199),(T114,T64)),(T76,T139)),T145),T29)),((((((T149,T190),(T31,T147)),((((T118,T143),T80),(T107,T41)),T51)),(T134,((T160,(T71,T82)),(T179,(T177,(T58,T48)))))),(T44,(T55,T106))),T43)),(((((((T24,(T162,(T156,T150))),T26),(T124,T151)),((T98,((T13,(T154,T93)),T3)),T131)),((T104,T56),T28)),(((((T197,T5),T140),(T83,T157)),(T122,(T164,T180))),T127)),((T91,T172),((T85,T167),(T70,T173))))),(((T189,T7),T155),((((T112,T188),T193),(T163,T105)),T23)))),(T38,T152)),T123),(((T95,(T1,T63)),(T37,T57)),((T182,(T170,T87)),T130))),(T72,T119)),T66),T133),T165),(T34,(T166,T17))),T78);
#NNI moves:0/236
Remaining: 0
#NNI moves:0/236
#NNI moves:0/236
((((((((((((((((((((((T156,T150),T162),T24),T26),(T151,T124)),(((((T154,T93),T13),T3),T98),T131)),((T56,T104),T28)),((((T164,T180),T122),(((T197,T5),T140),(T83,T157))),T127)),(((T167,T85),(T173,T70)),(T172,T91))),((((((T176,(T109,T79)),T159),(T125,(T168,T158))),((((T45,(T10,T97)),(T169,T90)),T146),T153)),((T145,(((T114,T64),(T199,T100)),(T76,T139))),T29)),((((((T149,T190),(T147,T31)),(((T41,T107),(T80,(T143,T118))),T51)),((((T177,(T58,T48)),T179),(T160,(T71,T82))),T134)),((T55,T106),T44)),T43))),(((T7,T189),T155),(T23,(((T188,T112),T193),(T163,T105))))),(((((T119,T72),((T133,((T78,(T34,(T17,T166))),T165)),T66)),(((T57,T37),(T95,(T1,T63))),(((T170,T87),T182),T130))),T123),(T152,T38))),(T94,T9)),T0),((((((T68,T39),(T52,T65)),(T33,(T129,T116))),(((T89,T200),T6),((((((T2,T148),T19),T8),T120),(T67,T53)),T141))),(((T108,((T47,T46),T86)),(T15,T198)),((T92,(T103,T81)),((T110,T185),T181)))),(((T18,T12),T11),((T186,T126),T192)))),(((((T183,T117),((T54,T50),T88)),((T121,T137),T21)),T101),(T30,(T184,T99)))),((((((((T49,T113),((T174,T16),T115)),(T25,T14)),((T42,T111),T194)),(T195,(T144,T75))),((T60,T69),((T102,T132),T4))),(T175,(((T32,T191),T62),T138))),T77)),((T35,((T27,T73),(T135,T84))),(T178,T22))),(((((T40,T20),T59),T136),T196),(((T161,T171),T61),(T36,T128)))),(T74,T96)),T142),T187);
Current score: 1.9959e+10
Current tree: (((T17,T166),(T78,(T165,(T133,(T66,((T119,T72),((((T57,T37),(T95,(T1,T63))),(((T170,T87),T182),T130)),(T123,((T152,T38),((((((((((((T156,T150),T162),T24),T26),(T151,T124)),(((((T154,T93),T13),T3),T98),T131)),((T56,T104),T28)),((((T164,T180),T122),(((T197,T5),T140),(T83,T157))),T127)),(((T167,T85),(T173,T70)),(T172,T91))),((((((T176,(T109,T79)),T159),(T125,(T168,T158))),((((T45,(T10,T97)),(T169,T90)),T146),T153)),((T145,(((T114,T64),(T199,T100)),(T76,T139))),T29)),((((((T149,T190),(T147,T31)),(((T41,T107),(T80,(T143,T118))),T51)),((((T177,(T58,T48)),T179),(T160,(T71,T82))),T134)),((T55,T106),T44)),T43))),(((T7,T189),T155),(T23,(((T188,T112),T193),(T163,T105))))),((T94,T9),(T0,(((((((T68,T39),(T52,T65)),(T33,(T129,T116))),(((T89,T200),T6),((((((T2,T148),T19),T8),T120),(T67,T53)),T141))),(((T108,((T47,T46),T86)),(T15,T198)),((T92,(T103,T81)),((T110,T185),T181)))),(((T18,T12),T11),((T186,T126),T192))),((((((T183,T117),((T54,T50),T88)),((T121,T137),T21)),T101),(T30,(T184,T99))),(((((((((T49,T113),((T174,T16),T115)),(T25,T14)),((T42,T111),T194)),(T195,(T144,T75))),((T60,T69),((T102,T132),T4))),(T175,(((T32,T191),T62),T138))),T77),(((T35,((T27,T73),(T135,T84))),(T178,T22)),((((((T40,T20),T59),T136),T196),(((T161,T171),T61),(T36,T128))),((T74,T96),(T142,T187))))))))))))))))))),T34);
Final Tree: (((T17,T166),(T78,(T165,(T133,(T66,((T119,T72),((((T57,T37),(T95,(T1,T63))),(((T170,T87),T182),T130)),(T123,((T152,T38),((((((((((((T156,T150),T162),T24),T26),(T151,T124)),(((((T154,T93),T13),T3),T98),T131)),((T56,T104),T28)),((((T164,T180),T122),(((T197,T5),T140),(T83,T157))),T127)),(((T167,T85),(T173,T70)),(T172,T91))),((((((T176,(T109,T79)),T159),(T125,(T168,T158))),((((T45,(T10,T97)),(T169,T90)),T146),T153)),((T145,(((T114,T64),(T199,T100)),(T76,T139))),T29)),((((((T149,T190),(T147,T31)),(((T41,T107),(T80,(T143,T118))),T51)),((((T177,(T58,T48)),T179),(T160,(T71,T82))),T134)),((T55,T106),T44)),T43))),(((T7,T189),T155),(T23,(((T188,T112),T193),(T163,T105))))),((T94,T9),(T0,(((((((T68,T39),(T52,T65)),(T33,(T129,T116))),(((T89,T200),T6),((((((T2,T148),T19),T8),T120),(T67,T53)),T141))),(((T108,((T47,T46),T86)),(T15,T198)),((T92,(T103,T81)),((T110,T185),T181)))),(((T18,T12),T11),((T186,T126),T192))),((((((T183,T117),((T54,T50),T88)),((T121,T137),T21)),T101),(T30,(T184,T99))),(((((((((T49,T113),((T174,T16),T115)),(T25,T14)),((T42,T111),T194)),(T195,(T144,T75))),((T60,T69),((T102,T132),T4))),(T175,(((T32,T191),T62),T138))),T77),(((T35,((T27,T73),(T135,T84))),(T178,T22)),((((((T40,T20),T59),T136),T196),(((T161,T171),T61),(T36,T128))),((T74,T96),(T142,T187))))))))))))))))))),T34);
Score: 1.995896688e+10

real	1m39.056s
user	34m16.220s
sys	0m23.149s
