Iteration 1:
Accurate Species Tree EstimatoR from Independent Site Kernals
Version: v1.13.0.0
#Base: 1004986332
#Species: 201
#Rounds: 1
#Samples: 0
#Threads: 64
Use two-step algorithm!
Guide Tree 0/27
#NNI moves:3/236
Guide Tree 1/27
#NNI moves:4/236
Guide Tree 2/27
#NNI moves:3/236
Guide Tree 3/27
#NNI moves:4/236
Guide Tree 4/27
#NNI moves:1/236
Guide Tree 5/27
#NNI moves:2/236
Guide Tree 6/27
#NNI moves:6/236
Guide Tree 7/27
#NNI moves:2/236
Guide Tree 8/27
#NNI moves:5/236
Guide Tree 9/27
#NNI moves:3/236
Guide Tree 10/27
#NNI moves:1/236
Guide Tree 11/27
#NNI moves:2/236
Guide Tree 12/27
#NNI moves:2/236
Guide Tree 13/27
#NNI moves:2/236
Guide Tree 14/27
#NNI moves:2/236
Guide Tree 15/27
#NNI moves:4/236
Guide Tree 16/27
#NNI moves:3/236
Guide Tree 17/27
#NNI moves:4/236
Guide Tree 18/27
#NNI moves:0/236
Guide Tree 19/27
#NNI moves:5/236
Guide Tree 20/27
#NNI moves:3/236
Guide Tree 21/27
#NNI moves:3/236
Guide Tree 22/27
#NNI moves:3/236
Guide Tree 23/27
#NNI moves:4/236
Guide Tree 24/27
#NNI moves:5/236
Guide Tree 25/27
#NNI moves:1/236
Guide Tree 26/27
#NNI moves:6/236
Remaining: 1
#NNI moves:8/236
#NNI moves:11/236
((((((((((((((((((((T135,T84),(T27,T73)),T35),(T22,T178)),((((T171,T161),T61),(T128,T36)),((((T40,T20),T59),T136),T196))),((T74,T96),(T142,T187))),(((((T69,T60),((T102,T132),T4)),(((((T14,T25),(((T16,T174),T115),(T49,T113))),(T111,T42)),T194),((T144,T195),T75))),(((T62,(T32,T191)),T138),T175)),T77)),((((((T121,T137),T21),((T50,T54),T88)),(T183,T117)),T101),((T184,T99),T30))),((((((((((T2,T148),T19),T8),T120),(T53,T67)),((T200,T89),T6)),T141),(((T52,T65),(T39,T68)),((T129,T116),T33))),(((T108,(T47,T46)),T86),((((T185,T110),T181),((T81,T103),T92)),(T15,T198)))),(((T126,T192),T186),(T11,(T12,T18))))),(T9,T94)),((((((((((T199,T100),(T64,T114)),(T139,T76)),T145),T29),(((T125,(T168,T158)),(((T109,T79),T176),T159)),((((T90,T169),(T97,(T45,T10))),T146),T153))),((((((T179,((T58,T48),T177)),((T82,T71),T160)),T134),(((T31,T147),(T190,T149)),((T80,(T143,T118)),((T41,T107),T51)))),(T44,(T55,T106))),T43)),(((((((((T93,T154),T13),T3),T98),T131),(((T24,(T162,(T150,T156))),T26),(T151,T124))),((T56,T104),T28)),(((((T5,T197),T140),(T83,T157)),((T164,T180),T122)),T127)),((T91,T172),((T85,T167),(T70,T173))))),(((T189,T7),T155),(((T193,(T188,T112)),(T163,T105)),T23))),T0)),(T152,T38)),T123),((((T63,T1),T95),(T37,T57)),(((T170,T87),T182),T130))),(T72,T119)),T66),(T133,T165)),T78),(T166,T17)),T34);
Initial score: 7.44423e+10
Initial tree: ((((((((((((((((((((T135,T84),(T27,T73)),T35),(T22,T178)),((((T171,T161),T61),(T128,T36)),((((T40,T20),T59),T136),T196))),((T74,T96),(T142,T187))),(((((T69,T60),((T102,T132),T4)),(((((T14,T25),(((T16,T174),T115),(T49,T113))),(T111,T42)),T194),((T144,T195),T75))),(((T62,(T32,T191)),T138),T175)),T77)),((((((T121,T137),T21),((T50,T54),T88)),(T183,T117)),T101),((T184,T99),T30))),((((((((((T2,T148),T19),T8),T120),(T53,T67)),((T200,T89),T6)),T141),(((T52,T65),(T39,T68)),((T129,T116),T33))),(((T108,(T47,T46)),T86),((((T185,T110),T181),((T81,T103),T92)),(T15,T198)))),(((T126,T192),T186),(T11,(T12,T18))))),(T9,T94)),((((((((((T199,T100),(T64,T114)),(T139,T76)),T145),T29),(((T125,(T168,T158)),(((T109,T79),T176),T159)),((((T90,T169),(T97,(T45,T10))),T146),T153))),((((((T179,((T58,T48),T177)),((T82,T71),T160)),T134),(((T31,T147),(T190,T149)),((T80,(T143,T118)),((T41,T107),T51)))),(T44,(T55,T106))),T43)),(((((((((T93,T154),T13),T3),T98),T131),(((T24,(T162,(T150,T156))),T26),(T151,T124))),((T56,T104),T28)),(((((T5,T197),T140),(T83,T157)),((T164,T180),T122)),T127)),((T91,T172),((T85,T167),(T70,T173))))),(((T189,T7),T155),(((T193,(T188,T112)),(T163,T105)),T23))),T0)),(T152,T38)),T123),((((T63,T1),T95),(T37,T57)),(((T170,T87),T182),T130))),(T72,T119)),T66),(T133,T165)),T78),(T166,T17)),T34);
*** Subsample Process ***
Current score: 7.44423e+10
Current tree: ((((((((((((((((((((T135,T84),(T27,T73)),T35),(T22,T178)),((((T171,T161),T61),(T128,T36)),((((T40,T20),T59),T136),T196))),((T74,T96),(T142,T187))),(((((T69,T60),((T102,T132),T4)),(((((T14,T25),(((T16,T174),T115),(T49,T113))),(T111,T42)),T194),((T144,T195),T75))),(((T62,(T32,T191)),T138),T175)),T77)),((((((T121,T137),T21),((T50,T54),T88)),(T183,T117)),T101),((T184,T99),T30))),((((((((((T2,T148),T19),T8),T120),(T53,T67)),((T200,T89),T6)),T141),(((T52,T65),(T39,T68)),((T129,T116),T33))),(((T108,(T47,T46)),T86),((((T185,T110),T181),((T81,T103),T92)),(T15,T198)))),(((T126,T192),T186),(T11,(T12,T18))))),(T9,T94)),((((((((((T199,T100),(T64,T114)),(T139,T76)),T145),T29),(((T125,(T168,T158)),(((T109,T79),T176),T159)),((((T90,T169),(T97,(T45,T10))),T146),T153))),((((((T179,((T58,T48),T177)),((T82,T71),T160)),T134),(((T31,T147),(T190,T149)),((T80,(T143,T118)),((T41,T107),T51)))),(T44,(T55,T106))),T43)),(((((((((T93,T154),T13),T3),T98),T131),(((T24,(T162,(T150,T156))),T26),(T151,T124))),((T56,T104),T28)),(((((T5,T197),T140),(T83,T157)),((T164,T180),T122)),T127)),((T91,T172),((T85,T167),(T70,T173))))),(((T189,T7),T155),(((T193,(T188,T112)),(T163,T105)),T23))),T0)),(T152,T38)),T123),((((T63,T1),T95),(T37,T57)),(((T170,T87),T182),T130))),(T72,T119)),T66),(T133,T165)),T78),(T166,T17)),T34);
Final Tree: ((((((((((((((((((((T135,T84),(T27,T73)),T35),(T22,T178)),((((T171,T161),T61),(T128,T36)),((((T40,T20),T59),T136),T196))),((T74,T96),(T142,T187))),(((((T69,T60),((T102,T132),T4)),(((((T14,T25),(((T16,T174),T115),(T49,T113))),(T111,T42)),T194),((T144,T195),T75))),(((T62,(T32,T191)),T138),T175)),T77)),((((((T121,T137),T21),((T50,T54),T88)),(T183,T117)),T101),((T184,T99),T30))),((((((((((T2,T148),T19),T8),T120),(T53,T67)),((T200,T89),T6)),T141),(((T52,T65),(T39,T68)),((T129,T116),T33))),(((T108,(T47,T46)),T86),((((T185,T110),T181),((T81,T103),T92)),(T15,T198)))),(((T126,T192),T186),(T11,(T12,T18))))),(T9,T94)),((((((((((T199,T100),(T64,T114)),(T139,T76)),T145),T29),(((T125,(T168,T158)),(((T109,T79),T176),T159)),((((T90,T169),(T97,(T45,T10))),T146),T153))),((((((T179,((T58,T48),T177)),((T82,T71),T160)),T134),(((T31,T147),(T190,T149)),((T80,(T143,T118)),((T41,T107),T51)))),(T44,(T55,T106))),T43)),(((((((((T93,T154),T13),T3),T98),T131),(((T24,(T162,(T150,T156))),T26),(T151,T124))),((T56,T104),T28)),(((((T5,T197),T140),(T83,T157)),((T164,T180),T122)),T127)),((T91,T172),((T85,T167),(T70,T173))))),(((T189,T7),T155),(((T193,(T188,T112)),(T163,T105)),T23))),T0)),(T152,T38)),T123),((((T63,T1),T95),(T37,T57)),(((T170,T87),T182),T130))),(T72,T119)),T66),(T133,T165)),T78),(T166,T17)),T34);
Score: 7.44423e+10

real	12m28.271s
user	600m7.762s
sys	0m33.939s
