Weighted ASTRAL - Hybrid
Version: v1.13.2.3
#Genetrees: 2000
#Species: 201
#Rounds: 4
#Samples: 4
#Threads: 32
Use two-step algorithm!
Guide Tree 0/27
#NNI moves:0/236
Guide Tree 1/27
#NNI moves:1/236
Guide Tree 2/27
#NNI moves:0/236
Guide Tree 3/27
#NNI moves:0/236
Guide Tree 4/27
#NNI moves:0/236
Guide Tree 5/27
#NNI moves:0/236
Guide Tree 6/27
#NNI moves:0/236
Guide Tree 7/27
#NNI moves:1/236
Guide Tree 8/27
#NNI moves:0/236
Guide Tree 9/27
#NNI moves:0/236
Guide Tree 10/27
#NNI moves:3/236
Guide Tree 11/27
#NNI moves:3/236
Guide Tree 12/27
#NNI moves:1/236
Guide Tree 13/27
#NNI moves:1/236
Guide Tree 14/27
#NNI moves:0/236
Guide Tree 15/27
#NNI moves:1/236
Guide Tree 16/27
#NNI moves:0/236
Guide Tree 17/27
#NNI moves:1/236
Guide Tree 18/27
#NNI moves:1/236
Guide Tree 19/27
#NNI moves:1/236
Guide Tree 20/27
#NNI moves:0/236
Guide Tree 21/27
#NNI moves:1/236
Guide Tree 22/27
#NNI moves:0/236
Guide Tree 23/27
#NNI moves:0/236
Guide Tree 24/27
#NNI moves:0/236
Guide Tree 25/27
#NNI moves:1/236
Guide Tree 26/27
#NNI moves:3/236
Remaining: 0
#NNI moves:1/236
#NNI moves:1/236
((((((((((((((((T8,T175),T47),(T42,(T70,T60))),T120),T111),((T61,T127),(T72,T4))),(((T163,T199),T188),T92)),((T200,T10),(T46,T141))),((((T119,(T62,T164)),T82),(T51,(T101,T138))),((T154,(T167,T7)),((T38,T28),(T20,(T78,T112)))))),(T132,T146)),((((T30,((T150,T105),T153)),((((T41,T19),((T44,T69),T27)),(T157,T48)),((T91,T142),T117))),(T174,T155)),((((T100,T162),T160),T171),((T107,T178),T17)))),(((((T104,T193),(T118,T32)),(((T169,T57),T31),T130)),(T137,T149)),((((T93,T97),(((T43,(T15,T37)),(T6,T170)),(T40,((T94,T140),T180)))),T53),(((((((T67,T89),T68),T13),(T182,T74)),(T194,T134)),(((T1,T85),T76),(T176,T184))),(T177,T147))))),(((((((((T35,T181),T63),((T121,T185),T14)),((((T126,T114),(T49,T21)),T103),T25)),(T110,(T23,T84))),(((T3,(T73,T95)),T55),T116)),((T24,T12),(T159,T36))),((((((T79,T131),T52),(T133,T102)),T59),(((T139,(((T183,(T148,T151)),T88),T109)),(((((T99,T50),(T108,T197)),T124),T144),T190)),((T2,T135),T198))),(T66,(((T192,T34),(T128,T136)),T81)))),T0)),((((((((((T83,T125),T45),(T179,T77)),(T18,(T143,T87))),(((T158,T96),T29),T187)),T156),T186),((T98,T172),T168)),(((T39,(T165,T195)),(T196,T90)),(T26,T123))),(((((((T64,T191),T113),(T54,T129)),T33),(T80,T152)),(T86,((T22,T115),T11))),(((((T75,T189),(T58,T166)),((T65,T56),T122)),T106),(T71,((T16,T5),T9)))))),(T145,T173)),T161);
Guide Tree 0/27
#NNI moves:3/236
Guide Tree 1/27
#NNI moves:0/236
Guide Tree 2/27
#NNI moves:1/236
Guide Tree 3/27
#NNI moves:0/236
Guide Tree 4/27
#NNI moves:2/236
Guide Tree 5/27
#NNI moves:0/236
Guide Tree 6/27
#NNI moves:0/236
Guide Tree 7/27
#NNI moves:0/236
Guide Tree 8/27
#NNI moves:0/236
Guide Tree 9/27
#NNI moves:1/236
Guide Tree 10/27
#NNI moves:0/236
Guide Tree 11/27
#NNI moves:0/236
Guide Tree 12/27
#NNI moves:1/236
Guide Tree 13/27
#NNI moves:1/236
Guide Tree 14/27
#NNI moves:0/236
Guide Tree 15/27
#NNI moves:0/236
Guide Tree 16/27
#NNI moves:1/236
Guide Tree 17/27
#NNI moves:0/236
Guide Tree 18/27
#NNI moves:0/236
Guide Tree 19/27
#NNI moves:2/236
Guide Tree 20/27
#NNI moves:0/236
Guide Tree 21/27
#NNI moves:0/236
Guide Tree 22/27
#NNI moves:1/236
Guide Tree 23/27
#NNI moves:0/236
Guide Tree 24/27
#NNI moves:0/236
Guide Tree 25/27
#NNI moves:0/236
Guide Tree 26/27
#NNI moves:1/236
Remaining: 0
#NNI moves:3/236
#NNI moves:3/236
((((((((((((((T67,T89),T68),T13),(T74,T182)),(T194,T134)),((T184,T176),((T85,T1),T76))),(T147,T177)),(((T93,T97),(((T6,T170),((T37,T15),T43)),(((T140,T94),T180),T40))),T53)),(((((T57,T169),T31),T130),((T193,T104),(T32,T118))),(T137,T149))),(((((((T7,T167),T154),(((T112,T78),T20),(T38,T28))),(((T119,(T62,T164)),T82),((T138,T101),T51))),((((((((T8,T175),T47),(T42,(T60,T70))),T120),T111),((T72,T4),(T127,T61))),(((T163,T199),T188),T92)),((T10,T200),(T46,T141)))),(T146,T132)),((((((T142,T91),T117),(((T19,T41),(T27,(T44,T69))),(T48,T157))),(((T150,T105),T153),T30)),(T174,T155)),((T17,(T178,T107)),(((T100,T162),T160),T171))))),((((((((T63,(T35,T181)),(T14,(T185,T121))),((((T114,T126),(T21,T49)),T103),T25)),((T23,T84),T110)),(T116,(T55,((T95,T73),T3)))),((T159,T36),(T12,T24))),(((((((((T108,T197),(T99,T50)),T124),T144),T190),(((((T151,T148),T183),T88),T109),T139)),(T198,(T135,T2))),((((T131,T79),T52),(T102,T133)),T59)),(T66,(((T34,T192),(T128,T136)),T81)))),T0)),(((((((((T158,T96),T29),T187),((((T83,T125),T45),(T77,T179)),((T143,T87),T18))),T156),T186),(T168,(T98,T172))),(((T196,T90),(T39,(T165,T195))),(T123,T26))),(((T71,(T9,(T5,T16))),(((T122,(T56,T65)),((T75,T189),(T166,T58))),T106)),(((((T54,T129),((T64,T191),T113)),T33),(T80,T152)),(T86,(T11,(T22,T115))))))),(T145,T173)),T161);
Guide Tree 0/27
#NNI moves:0/236
Guide Tree 1/27
#NNI moves:1/236
Guide Tree 2/27
#NNI moves:0/236
Guide Tree 3/27
#NNI moves:1/236
Guide Tree 4/27
#NNI moves:0/236
Guide Tree 5/27
#NNI moves:1/236
Guide Tree 6/27
#NNI moves:0/236
Guide Tree 7/27
#NNI moves:0/236
Guide Tree 8/27
#NNI moves:0/236
Guide Tree 9/27
#NNI moves:0/236
Guide Tree 10/27
#NNI moves:0/236
Guide Tree 11/27
#NNI moves:1/236
Guide Tree 12/27
#NNI moves:1/236
Guide Tree 13/27
#NNI moves:0/236
Guide Tree 14/27
#NNI moves:2/236
Guide Tree 15/27
#NNI moves:0/236
Guide Tree 16/27
#NNI moves:0/236
Guide Tree 17/27
#NNI moves:1/236
Guide Tree 18/27
#NNI moves:0/236
Guide Tree 19/27
#NNI moves:0/236
Guide Tree 20/27
#NNI moves:0/236
Guide Tree 21/27
#NNI moves:1/236
Guide Tree 22/27
#NNI moves:0/236
Guide Tree 23/27
#NNI moves:1/236
Guide Tree 24/27
#NNI moves:1/236
Guide Tree 25/27
#NNI moves:3/236
Guide Tree 26/27
#NNI moves:1/236
Remaining: 0
#NNI moves:7/236
#NNI moves:7/236
(((((((((((((T51,(T101,T138)),((T119,(T164,T62)),T82)),(((T38,T28),(T20,(T112,T78))),((T7,T167),T154))),(((((T72,T4),(T61,T127)),(((((T175,T8),T47),((T70,T60),T42)),T120),T111)),(((T163,T199),T188),T92)),((T46,T141),(T10,T200)))),(T132,T146)),(((((T153,(T150,T105)),T30),(((((T44,T69),T27),(T19,T41)),(T48,T157)),((T142,T91),T117))),(T174,T155)),(((T178,T107),T17),((T160,(T100,T162)),T171)))),(((((((T13,((T67,T89),T68)),(T182,T74)),(T194,T134)),(((T85,T1),T76),(T184,T176))),(T147,T177)),(T53,((((T6,T170),(T43,(T15,T37))),(((T140,T94),T180),T40)),(T93,T97)))),((((T31,(T57,T169)),T130),((T118,T32),(T193,T104))),(T137,T149)))),((((((((((T126,T114),(T49,T21)),T103),T25),(((T121,T185),T14),((T181,T35),T63))),((T23,T84),T110)),((T55,((T73,T95),T3)),T116)),((T24,T12),(T36,T159))),((((((T79,T131),T52),(T102,T133)),T59),(((((((T108,T197),(T50,T99)),T124),T144),T190),(T139,(((T183,(T148,T151)),T88),T109))),((T2,T135),T198))),((((T192,T34),(T128,T136)),T81),T66))),T0)),(((((((((T83,T125),T45),(T179,T77)),(T18,(T87,T143))),(T187,((T96,T158),T29))),T156),T186),((T98,T172),T168)),((T123,T26),((T196,T90),(T39,(T165,T195)))))),(((((T75,T189),(T166,T58)),(T122,(T56,T65))),T106),((T9,(T5,T16)),T71))),(((T80,T152),((((T191,T64),T113),(T54,T129)),T33)),(T86,((T22,T115),T11)))),(T173,T145)),T161);
Guide Tree 0/27
#NNI moves:0/236
Guide Tree 1/27
#NNI moves:0/236
Guide Tree 2/27
#NNI moves:4/236
Guide Tree 3/27
#NNI moves:1/236
Guide Tree 4/27
#NNI moves:1/236
Guide Tree 5/27
#NNI moves:0/236
Guide Tree 6/27
#NNI moves:3/236
Guide Tree 7/27
#NNI moves:0/236
Guide Tree 8/27
#NNI moves:1/236
Guide Tree 9/27
#NNI moves:0/236
Guide Tree 10/27
#NNI moves:0/236
Guide Tree 11/27
#NNI moves:3/236
Guide Tree 12/27
#NNI moves:0/236
Guide Tree 13/27
#NNI moves:1/236
Guide Tree 14/27
#NNI moves:0/236
Guide Tree 15/27
#NNI moves:1/236
Guide Tree 16/27
#NNI moves:1/236
Guide Tree 17/27
#NNI moves:0/236
Guide Tree 18/27
#NNI moves:6/236
Guide Tree 19/27
#NNI moves:0/236
Guide Tree 20/27
#NNI moves:1/236
Guide Tree 21/27
#NNI moves:0/236
Guide Tree 22/27
#NNI moves:0/236
Guide Tree 23/27
#NNI moves:0/236
Guide Tree 24/27
#NNI moves:0/236
Guide Tree 25/27
#NNI moves:0/236
Guide Tree 26/27
#NNI moves:0/236
Remaining: 0
#NNI moves:0/236
#NNI moves:0/236
((((((((((((T111,((((T175,T8),T47),((T60,T70),T42)),T120)),((T61,T127),(T72,T4))),(T92,((T163,T199),T188))),((T141,T46),(T200,T10))),(((((T112,T78),T20),(T38,T28)),((T167,T7),T154)),(((T119,(T62,T164)),T82),((T138,T101),T51)))),(T146,T132)),(((T17,(T178,T107)),(T171,((T162,T100),T160))),((T155,T174),(((T117,(T142,T91)),((((T44,T69),T27),(T19,T41)),(T48,T157))),(((T150,T105),T153),T30))))),((((((((T15,T37),T43),(T6,T170)),((T180,(T94,T140)),T40)),(T97,T93)),T53),((((T194,T134),((((T67,T89),T68),T13),(T74,T182))),(((T85,T1),T76),(T184,T176))),(T147,T177))),((((T32,T118),(T193,T104)),(((T57,T169),T31),T130)),(T137,T149)))),((((((((T14,(T185,T121)),((T35,T181),T63)),((((T114,T126),(T21,T49)),T103),T25)),(T110,(T23,T84))),((((T73,T95),T3),T55),T116)),((T12,T24),(T159,T36))),((((T198,(T135,T2)),((((((T197,T108),(T99,T50)),T124),T144),T190),((((T183,(T151,T148)),T88),T109),T139))),(((T52,(T131,T79)),(T102,T133)),T59)),((((T192,T34),(T128,T136)),T81),T66))),T0)),((((((((((T125,T83),T45),(T77,T179)),(T18,(T87,T143))),(T187,((T158,T96),T29))),T156),T186),((T172,T98),T168)),((T123,T26),((T39,(T195,T165)),(T90,T196)))),((((T152,T80),(((T129,T54),((T64,T191),T113)),T33)),((T11,(T22,T115)),T86)),(((((T56,T65),T122),((T75,T189),(T166,T58))),T106),(T71,((T5,T16),T9)))))),(T145,T173)),T161);
Initial score: 3.73716e+10
Initial tree: ((((((((((((T111,((((T175,T8),T47),((T60,T70),T42)),T120)),((T61,T127),(T72,T4))),(T92,((T163,T199),T188))),((T141,T46),(T200,T10))),(((((T112,T78),T20),(T38,T28)),((T167,T7),T154)),(((T119,(T62,T164)),T82),((T138,T101),T51)))),(T146,T132)),(((T17,(T178,T107)),(T171,((T162,T100),T160))),((T155,T174),(((T117,(T142,T91)),((((T44,T69),T27),(T19,T41)),(T48,T157))),(((T150,T105),T153),T30))))),((((((((T15,T37),T43),(T6,T170)),((T180,(T94,T140)),T40)),(T97,T93)),T53),((((T194,T134),((((T67,T89),T68),T13),(T74,T182))),(((T85,T1),T76),(T184,T176))),(T147,T177))),((((T32,T118),(T193,T104)),(((T57,T169),T31),T130)),(T137,T149)))),((((((((T14,(T185,T121)),((T35,T181),T63)),((((T114,T126),(T21,T49)),T103),T25)),(T110,(T23,T84))),((((T73,T95),T3),T55),T116)),((T12,T24),(T159,T36))),((((T198,(T135,T2)),((((((T197,T108),(T99,T50)),T124),T144),T190),((((T183,(T151,T148)),T88),T109),T139))),(((T52,(T131,T79)),(T102,T133)),T59)),((((T192,T34),(T128,T136)),T81),T66))),T0)),((((((((((T125,T83),T45),(T77,T179)),(T18,(T87,T143))),(T187,((T158,T96),T29))),T156),T186),((T172,T98),T168)),((T123,T26),((T39,(T195,T165)),(T90,T196)))),((((T152,T80),(((T129,T54),((T64,T191),T113)),T33)),((T11,(T22,T115)),T86)),(((((T56,T65),T122),((T75,T189),(T166,T58))),T106),(T71,((T5,T16),T9)))))),(T145,T173)),T161);
*** Subsample Process ***
Use two-step algorithm!
#NNI moves:0/236
Remaining: 0
#NNI moves:1/236
#NNI moves:2/236
((((((((((((((((((T63,(T35,T181)),(T14,(T185,T121))),((((T126,T114),(T21,T49)),T103),T25)),(T110,(T23,T84))),((((T73,T95),T3),T55),T116)),((T24,T12),(T159,T36))),((((((T79,T131),T52),(T102,T133)),T59),(((((((T50,T99),(T197,T108)),T124),T144),T190),(T139,((((T148,T151),T183),T88),T109))),(T198,(T2,T135)))),((((T136,T128),(T192,T34)),T81),T66))),T0),((((((((((T125,T83),T45),(T179,T77)),(T18,(T143,T87))),(((T158,T96),T29),T187)),T156),T186),(T168,(T172,T98))),((T26,T123),((T90,T196),((T195,T165),T39)))),((((T86,((T22,T115),T11)),((((T54,T129),((T191,T64),T113)),T33),(T80,T152))),((T145,T173),T161)),(((((T75,T189),(T166,T58)),((T65,T56),T122)),T106),(((T5,T16),T9),T71))))),((((((((T37,T15),T43),(T6,T170)),((T180,(T94,T140)),T40)),(T93,T97)),T53),(((((T74,T182),(((T67,T89),T68),T13)),(T134,T194)),(((T85,T1),T76),(T176,T184))),(T177,T147))),((((T32,T118),(T104,T193)),(((T57,T169),T31),T130)),(T137,T149)))),(((((T117,(T142,T91)),((T48,T157),(((T44,T69),T27),(T19,T41)))),(T30,(T153,(T150,T105)))),(T174,T155)),((T17,(T178,T107)),(((T162,T100),T160),T171)))),(T146,T132)),(((((T112,T78),T20),(T38,T28)),((T7,T167),T154)),(((T138,T101),T51),((T119,(T62,T164)),T82)))),((T200,T10),(T141,T46))),((T188,(T163,T199)),T92)),((T127,T61),(T72,T4))),((((T60,T70),T42),((T175,T8),T47)),T120)),T111);
#NNI moves:2/236
Remaining: 0
#NNI moves:6/236
#NNI moves:6/236
(((((((((((((((((T44,T69),T27),(T41,T19)),(T48,T157)),(T117,(T142,T91))),(((T105,T150),T153),T30)),(T155,T174)),((((T162,T100),T160),T171),((T107,T178),T17))),(((((((T199,T163),T188),T92),((((((T70,T60),T42),((T175,T8),T47)),T120),T111),((T72,T4),(T127,T61)))),((T141,T46),(T10,T200))),(((((T78,T112),T20),(T38,T28)),(T154,(T7,T167))),((T82,((T164,T62),T119)),(T51,(T101,T138))))),(T146,T132))),(((((((T6,T170),((T37,T15),T43)),((T180,(T94,T140)),T40)),(T97,T93)),T53),(((((T1,T85),T76),(T176,T184)),(((((T89,T67),T68),T13),(T182,T74)),(T194,T134))),(T147,T177))),(((((T169,T57),T31),T130),((T193,T104),(T118,T32))),(T149,T137)))),((((((((((T49,T21),(T126,T114)),T103),T25),(((T181,T35),T63),((T121,T185),T14))),((T23,T84),T110)),((((T95,T73),T3),T55),T116)),((T36,T159),(T12,T24))),(((((T52,(T131,T79)),(T102,T133)),T59),(((T139,(((T183,(T148,T151)),T88),T109)),(((((T99,T50),(T108,T197)),T124),T144),T190)),(T198,(T135,T2)))),((((T136,T128),(T192,T34)),T81),T66))),T0)),(((((((((T83,T125),T45),(T179,T77)),(T18,(T143,T87))),(((T158,T96),T29),T187)),T156),T186),((T98,T172),T168)),((T26,T123),(((T165,T195),T39),(T90,T196))))),(((((T56,T65),T122),((T189,T75),(T166,T58))),T106),(((T5,T16),T9),T71))),((((T22,T115),T11),T86),((((T129,T54),((T191,T64),T113)),T33),(T152,T80)))),T161),T173),T145);
#NNI moves:0/236
Remaining: 0
#NNI moves:24/236
#NNI moves:24/236
((((((((((((((((((((T88,(T183,(T148,T151))),T109),T139),(((((T99,T50),(T197,T108)),T124),T144),T190)),((T2,T135),T198)),((((T79,T131),T52),(T133,T102)),T59)),((((T34,T192),(T136,T128)),T81),T66)),((((((((T114,T126),(T21,T49)),T103),T25),(((T185,T121),T14),(T63,(T35,T181)))),((T23,T84),T110)),(((T3,(T95,T73)),T55),T116)),((T36,T159),(T24,T12)))),T0),(((((((T166,T58),(T75,T189)),(T122,(T65,T56))),T106),((T9,(T5,T16)),T71)),((((((T113,(T191,T64)),(T54,T129)),T33),(T80,T152)),(((T22,T115),T11),T86)),((T173,T145),T161))),((((T172,T98),T168),((((((T45,(T83,T125)),(T77,T179)),(T18,(T87,T143))),(((T158,T96),T29),T187)),T156),T186)),((T123,T26),((T196,T90),(T39,(T165,T195))))))),(((((T93,T97),(((T43,(T37,T15)),(T170,T6)),(((T140,T94),T180),T40))),T53),((((T184,T176),((T1,T85),T76)),(((T74,T182),(T13,((T89,T67),T68))),(T134,T194))),(T177,T147))),((((T32,T118),(T104,T193)),(((T169,T57),T31),T130)),(T137,T149)))),((((((((((T60,T70),T42),((T8,T175),T47)),T120),T111),((T61,T127),(T4,T72))),(T92,((T199,T163),T188))),((T200,T10),(T141,T46))),(((T51,(T138,T101)),(((T164,T62),T119),T82)),(((T20,(T78,T112)),(T38,T28)),(T154,(T7,T167))))),(T132,T146))),(((T178,T107),T17),((T160,(T162,T100)),T171))),(T155,T174)),(T30,(T153,(T150,T105)))),((T91,T142),T117)),(T157,T48)),(T27,(T44,T69))),T41),T19);
#NNI moves:2/236
Remaining: 0
#NNI moves:2/236
#NNI moves:2/236
((((((((((((((((T37,T15),T43),(T170,T6)),(((T94,T140),T180),T40)),(T97,T93)),T53),((((T76,(T1,T85)),(T176,T184)),(((((T67,T89),T68),T13),(T182,T74)),(T194,T134))),(T177,T147))),(((((T57,T169),T31),T130),((T193,T104),(T32,T118))),(T149,T137))),(((((T30,((T150,T105),T153)),(((((T69,T44),T27),(T19,T41)),(T157,T48)),(T117,(T91,T142)))),(T155,T174)),((T17,(T107,T178)),(((T100,T162),T160),T171))),(((((T10,T200),(T46,T141)),((((T163,T199),T188),T92),(((T61,T127),(T4,T72)),(((((T70,T60),T42),(T47,(T175,T8))),T120),T111)))),(((T51,(T138,T101)),(((T62,T164),T119),T82)),((((T78,T112),T20),(T28,T38)),((T7,T167),T154)))),(T146,T132)))),((((((((((T126,T114),(T21,T49)),T103),T25),(((T121,T185),T14),((T35,T181),T63))),((T84,T23),T110)),((((T73,T95),T3),T55),T116)),((T36,T159),(T12,T24))),(((((((((T151,T148),T183),T88),T109),T139),(((T124,((T50,T99),(T108,T197))),T144),T190)),(T198,(T135,T2))),(((T133,T102),(T52,(T79,T131))),T59)),((((T34,T192),(T136,T128)),T81),T66))),T0)),((((T172,T98),T168),(((((T18,(T143,T87)),((T77,T179),((T125,T83),T45))),((T29,(T158,T96)),T187)),T156),T186)),((T123,T26),(((T195,T165),T39),(T196,T90))))),((((T122,(T65,T56)),((T58,T166),(T75,T189))),T106),(((T5,T16),T9),T71))),(((((T113,(T64,T191)),(T54,T129)),T33),(T152,T80)),(((T115,T22),T11),T86))),T161),T173),T145);
Current score: 3.73716e+10
Current tree: (((((((((((((T37,T15),T43),(T170,T6)),(((T94,T140),T180),T40)),(T97,T93)),T53),((((T76,(T1,T85)),(T176,T184)),(((((T67,T89),T68),T13),(T182,T74)),(T194,T134))),(T177,T147))),(((((T57,T169),T31),T130),((T193,T104),(T32,T118))),(T149,T137))),(((((T30,((T150,T105),T153)),(((((T69,T44),T27),(T19,T41)),(T157,T48)),(T117,(T91,T142)))),(T155,T174)),((T17,(T107,T178)),(((T100,T162),T160),T171))),(((((T10,T200),(T46,T141)),((((T163,T199),T188),T92),(((T61,T127),(T4,T72)),(((((T70,T60),T42),(T47,(T175,T8))),T120),T111)))),(((T51,(T138,T101)),(((T62,T164),T119),T82)),((((T78,T112),T20),(T28,T38)),((T7,T167),T154)))),(T146,T132)))),((((((((((T126,T114),(T21,T49)),T103),T25),(((T121,T185),T14),((T35,T181),T63))),((T84,T23),T110)),((((T73,T95),T3),T55),T116)),((T36,T159),(T12,T24))),(((((((((T151,T148),T183),T88),T109),T139),(((T124,((T50,T99),(T108,T197))),T144),T190)),(T198,(T135,T2))),(((T133,T102),(T52,(T79,T131))),T59)),((((T34,T192),(T136,T128)),T81),T66))),T0)),(((((T172,T98),T168),(((((T18,(T143,T87)),((T77,T179),((T125,T83),T45))),((T29,(T158,T96)),T187)),T156),T186)),((T123,T26),(((T195,T165),T39),(T196,T90)))),((((((T113,(T64,T191)),(T54,T129)),T33),(T152,T80)),(((T115,T22),T11),T86)),((((T122,(T65,T56)),((T58,T166),(T75,T189))),T106),(((T5,T16),T9),T71))))),(T173,T145)),T161);
Final Tree: (((((((((((((T37,T15),T43),(T170,T6)),(((T94,T140),T180),T40)),(T97,T93)),T53),((((T76,(T1,T85)),(T176,T184)),(((((T67,T89),T68),T13),(T182,T74)),(T194,T134))),(T177,T147))),(((((T57,T169),T31),T130),((T193,T104),(T32,T118))),(T149,T137))),(((((T30,((T150,T105),T153)),(((((T69,T44),T27),(T19,T41)),(T157,T48)),(T117,(T91,T142)))),(T155,T174)),((T17,(T107,T178)),(((T100,T162),T160),T171))),(((((T10,T200),(T46,T141)),((((T163,T199),T188),T92),(((T61,T127),(T4,T72)),(((((T70,T60),T42),(T47,(T175,T8))),T120),T111)))),(((T51,(T138,T101)),(((T62,T164),T119),T82)),((((T78,T112),T20),(T28,T38)),((T7,T167),T154)))),(T146,T132)))),((((((((((T126,T114),(T21,T49)),T103),T25),(((T121,T185),T14),((T35,T181),T63))),((T84,T23),T110)),((((T73,T95),T3),T55),T116)),((T36,T159),(T12,T24))),(((((((((T151,T148),T183),T88),T109),T139),(((T124,((T50,T99),(T108,T197))),T144),T190)),(T198,(T135,T2))),(((T133,T102),(T52,(T79,T131))),T59)),((((T34,T192),(T136,T128)),T81),T66))),T0)),(((((T172,T98),T168),(((((T18,(T143,T87)),((T77,T179),((T125,T83),T45))),((T29,(T158,T96)),T187)),T156),T186)),((T123,T26),(((T195,T165),T39),(T196,T90)))),((((((T113,(T64,T191)),(T54,T129)),T33),(T152,T80)),(((T115,T22),T11),T86)),((((T122,(T65,T56)),((T58,T166),(T75,T189))),T106),(((T5,T16),T9),T71))))),(T173,T145)),T161);
Score: 3.737162428e+10

real	1m21.218s
user	19m8.618s
sys	0m19.611s
