Accurate Species Tree EstimatoR from Independent Site Kernals
Version: v1.13.0.0
#Base: 1414079421
#Species: 201
#Rounds: 1
#Samples: 0
#Threads: 64
Use two-step algorithm!
Guide Tree 0/27
#NNI moves:0/236
Guide Tree 1/27
#NNI moves:0/236
Guide Tree 2/27
#NNI moves:0/236
Guide Tree 3/27
#NNI moves:0/236
Guide Tree 4/27
#NNI moves:0/236
Guide Tree 5/27
#NNI moves:0/236
Guide Tree 6/27
#NNI moves:0/236
Guide Tree 7/27
#NNI moves:0/236
Guide Tree 8/27
#NNI moves:0/236
Guide Tree 9/27
#NNI moves:0/236
Guide Tree 10/27
#NNI moves:0/236
Guide Tree 11/27
#NNI moves:0/236
Guide Tree 12/27
#NNI moves:0/236
Guide Tree 13/27
#NNI moves:1/236
Guide Tree 14/27
#NNI moves:0/236
Guide Tree 15/27
#NNI moves:0/236
Guide Tree 16/27
#NNI moves:0/236
Guide Tree 17/27
#NNI moves:0/236
Guide Tree 18/27
#NNI moves:0/236
Guide Tree 19/27
#NNI moves:0/236
Guide Tree 20/27
#NNI moves:0/236
Guide Tree 21/27
#NNI moves:0/236
Guide Tree 22/27
#NNI moves:0/236
Guide Tree 23/27
#NNI moves:0/236
Guide Tree 24/27
#NNI moves:0/236
Guide Tree 25/27
#NNI moves:0/236
Guide Tree 26/27
#NNI moves:0/236
Remaining: 0
#NNI moves:4/236
#NNI moves:4/236
((((((((((((((((T37,T169),T46),(T187,(T25,T108))),T99),(T126,(T3,T86))),T114),(((((T61,T190),((T58,T26),T79)),(T103,(T150,T167))),((T55,T21),T73)),(((((T59,T115),T60),((T162,T185),T107)),(((T192,T17),T18),T180)),(T160,(T172,(T28,(T71,T198))))))),((((T15,T16),T111),((T144,(T13,T23)),(T56,T84))),((((((((T119,T123),(((T112,T83),T100),T64)),(T171,T78)),T182),(((T36,T62),(T131,T49)),T104)),((T116,T75),T7)),((T52,T120),T5)),T97))),(((((T186,(((T66,((T40,T188),T173)),(T90,(T6,T24))),((T8,T128),T4))),((T63,T193),((T127,T87),T168))),(((((T189,T140),(((T181,T88),T9),T132)),T95),((T54,T41),((T22,T93),T77))),((((T76,(T175,T109)),((T117,T27),((T124,T158),T11))),((T19,T179),T118)),(T67,T138)))),(T166,T195)),(((((((T155,T92),T69),((T53,T2),T199)),T80),T142),(((T14,(T174,T10)),(T157,T149)),T121)),T191))),(((((((((((T139,T72),T89),T133),(T74,T30)),(T156,(T82,(T35,T94)))),((T65,(T20,T31)),(((T81,T113),T29),(T45,T146)))),((((((((T143,T51),T178),T39),T163),(T102,T12)),(T176,T32)),T91),T200)),(T130,(T50,T96))),((T48,(((T134,(T196,T135)),T47),T148)),((((T33,(T164,T110)),T136),(T159,T57)),T183))),(((T1,T44),T154),T38)),((T151,((T129,T165),T101)),(T197,T141)))),T0),((T137,T42),((((T194,T161),T152),(((T85,(T125,T98)),T70),(((T153,T170),T177),T106))),(T105,T122)))),(T68,T145)),(T184,T147)),T43),T34);
Initial score: 2.16109e+14
Initial tree: ((((((((((((((((T37,T169),T46),(T187,(T25,T108))),T99),(T126,(T3,T86))),T114),(((((T61,T190),((T58,T26),T79)),(T103,(T150,T167))),((T55,T21),T73)),(((((T59,T115),T60),((T162,T185),T107)),(((T192,T17),T18),T180)),(T160,(T172,(T28,(T71,T198))))))),((((T15,T16),T111),((T144,(T13,T23)),(T56,T84))),((((((((T119,T123),(((T112,T83),T100),T64)),(T171,T78)),T182),(((T36,T62),(T131,T49)),T104)),((T116,T75),T7)),((T52,T120),T5)),T97))),(((((T186,(((T66,((T40,T188),T173)),(T90,(T6,T24))),((T8,T128),T4))),((T63,T193),((T127,T87),T168))),(((((T189,T140),(((T181,T88),T9),T132)),T95),((T54,T41),((T22,T93),T77))),((((T76,(T175,T109)),((T117,T27),((T124,T158),T11))),((T19,T179),T118)),(T67,T138)))),(T166,T195)),(((((((T155,T92),T69),((T53,T2),T199)),T80),T142),(((T14,(T174,T10)),(T157,T149)),T121)),T191))),(((((((((((T139,T72),T89),T133),(T74,T30)),(T156,(T82,(T35,T94)))),((T65,(T20,T31)),(((T81,T113),T29),(T45,T146)))),((((((((T143,T51),T178),T39),T163),(T102,T12)),(T176,T32)),T91),T200)),(T130,(T50,T96))),((T48,(((T134,(T196,T135)),T47),T148)),((((T33,(T164,T110)),T136),(T159,T57)),T183))),(((T1,T44),T154),T38)),((T151,((T129,T165),T101)),(T197,T141)))),T0),((T137,T42),((((T194,T161),T152),(((T85,(T125,T98)),T70),(((T153,T170),T177),T106))),(T105,T122)))),(T68,T145)),(T184,T147)),T43),T34);
*** Subsample Process ***
Current score: 2.16109e+14
Current tree: ((((((((((((((((T37,T169),T46),(T187,(T25,T108))),T99),(T126,(T3,T86))),T114),(((((T61,T190),((T58,T26),T79)),(T103,(T150,T167))),((T55,T21),T73)),(((((T59,T115),T60),((T162,T185),T107)),(((T192,T17),T18),T180)),(T160,(T172,(T28,(T71,T198))))))),((((T15,T16),T111),((T144,(T13,T23)),(T56,T84))),((((((((T119,T123),(((T112,T83),T100),T64)),(T171,T78)),T182),(((T36,T62),(T131,T49)),T104)),((T116,T75),T7)),((T52,T120),T5)),T97))),(((((T186,(((T66,((T40,T188),T173)),(T90,(T6,T24))),((T8,T128),T4))),((T63,T193),((T127,T87),T168))),(((((T189,T140),(((T181,T88),T9),T132)),T95),((T54,T41),((T22,T93),T77))),((((T76,(T175,T109)),((T117,T27),((T124,T158),T11))),((T19,T179),T118)),(T67,T138)))),(T166,T195)),(((((((T155,T92),T69),((T53,T2),T199)),T80),T142),(((T14,(T174,T10)),(T157,T149)),T121)),T191))),(((((((((((T139,T72),T89),T133),(T74,T30)),(T156,(T82,(T35,T94)))),((T65,(T20,T31)),(((T81,T113),T29),(T45,T146)))),((((((((T143,T51),T178),T39),T163),(T102,T12)),(T176,T32)),T91),T200)),(T130,(T50,T96))),((T48,(((T134,(T196,T135)),T47),T148)),((((T33,(T164,T110)),T136),(T159,T57)),T183))),(((T1,T44),T154),T38)),((T151,((T129,T165),T101)),(T197,T141)))),T0),((T137,T42),((((T194,T161),T152),(((T85,(T125,T98)),T70),(((T153,T170),T177),T106))),(T105,T122)))),(T68,T145)),(T184,T147)),T43),T34);
Final Tree: ((((((((((((((((T37,T169),T46),(T187,(T25,T108))),T99),(T126,(T3,T86))),T114),(((((T61,T190),((T58,T26),T79)),(T103,(T150,T167))),((T55,T21),T73)),(((((T59,T115),T60),((T162,T185),T107)),(((T192,T17),T18),T180)),(T160,(T172,(T28,(T71,T198))))))),((((T15,T16),T111),((T144,(T13,T23)),(T56,T84))),((((((((T119,T123),(((T112,T83),T100),T64)),(T171,T78)),T182),(((T36,T62),(T131,T49)),T104)),((T116,T75),T7)),((T52,T120),T5)),T97))),(((((T186,(((T66,((T40,T188),T173)),(T90,(T6,T24))),((T8,T128),T4))),((T63,T193),((T127,T87),T168))),(((((T189,T140),(((T181,T88),T9),T132)),T95),((T54,T41),((T22,T93),T77))),((((T76,(T175,T109)),((T117,T27),((T124,T158),T11))),((T19,T179),T118)),(T67,T138)))),(T166,T195)),(((((((T155,T92),T69),((T53,T2),T199)),T80),T142),(((T14,(T174,T10)),(T157,T149)),T121)),T191))),(((((((((((T139,T72),T89),T133),(T74,T30)),(T156,(T82,(T35,T94)))),((T65,(T20,T31)),(((T81,T113),T29),(T45,T146)))),((((((((T143,T51),T178),T39),T163),(T102,T12)),(T176,T32)),T91),T200)),(T130,(T50,T96))),((T48,(((T134,(T196,T135)),T47),T148)),((((T33,(T164,T110)),T136),(T159,T57)),T183))),(((T1,T44),T154),T38)),((T151,((T129,T165),T101)),(T197,T141)))),T0),((T137,T42),((((T194,T161),T152),(((T85,(T125,T98)),T70),(((T153,T170),T177),T106))),(T105,T122)))),(T68,T145)),(T184,T147)),T43),T34);
Score: 2.16109e+14

real	22m38.889s
user	964m29.631s
sys	1m16.579s
