
RAxML-NG v. 1.1.0-master released on 04.08.2022 by The Exelixis Lab.
Developed by: Alexey M. Kozlov and Alexandros Stamatakis.
Contributors: Diego Darriba, Tomas Flouri, Benoit Morel, Sarah Lutteropp, Ben Bettisworth.
Latest version: https://github.com/amkozlov/raxml-ng
Questions/problems/suggestions? Please visit: https://groups.google.com/forum/#!forum/raxml

System: AMD EPYC 7742 64-Core Processor, 128 cores, 251 GB RAM

RAxML-NG was called at 07-Jan-2023 04:24:29 as follows:

/home/chaos/programs/raxml-ng/raxml-ng/bin/raxml-ng --msa data/alignment/38_10X_S201_0_haploid --tree pars{1} --model GTR+G --threads 64

Analysis options:
  run mode: ML tree search
  start tree(s): parsimony (1)
  random seed: 1673094269
  tip-inner: OFF
  pattern compression: ON
  per-rate scalers: OFF
  site repeats: ON
  fast spr radius: AUTO
  spr subtree cutoff: 1.000000
  branch lengths: proportional (ML estimate, algorithm: NR-FAST)
  SIMD kernels: AVX2
  parallelization: coarse-grained (auto), PTHREADS (64 threads), thread pinning: OFF

[00:00:00] Reading alignment from file: data/alignment/38_10X_S201_0_haploid
[00:00:02] Loaded alignment with 201 taxa and 5000000 sites

Alignment comprises 1 partitions and 4999802 patterns

Partition 0: noname
Model: GTR+FO+G4m
Alignment sites / patterns: 5000000 / 4999802
Gaps: 0.00 %
Invariant sites: 0.00 %


NOTE: Binary MSA file created: data/alignment/38_10X_S201_0_haploid.raxml.rba

Parallelization scheme autoconfig: 1 worker(s) x 64 thread(s)

Parallel reduction/worker buffer size: 1 KB  / 0 KB

[00:00:23] Generating 1 parsimony starting tree(s) with 201 taxa
[00:00:58] Data distribution: max. partitions/sites/weight per thread: 1 / 78122 / 1249952
[00:00:58] Data distribution: max. searches per worker: 1

Starting ML tree search with 1 distinct starting trees

[00:01:00 -682518609.654499] Initial branch length optimization
[00:04:38 -645006904.000473] Model parameter optimization (eps = 10.000000)
[00:20:26 -604111162.151457] AUTODETECT spr round 1 (radius: 5)
[00:30:54 -602987038.038227] AUTODETECT spr round 2 (radius: 10)
[01:04:18 -602987038.011997] SPR radius for FAST iterations: 5 (autodetect)
[01:04:18 -602987038.011997] Model parameter optimization (eps = 3.000000)
[01:05:33 -602986983.578710] FAST spr round 1 (radius: 5)
[01:28:46 -602964186.396170] FAST spr round 2 (radius: 5)
[01:50:34 -602957464.860957] FAST spr round 3 (radius: 5)
[02:11:48 -602952896.876268] FAST spr round 4 (radius: 5)
[02:33:22 -602950384.852787] FAST spr round 5 (radius: 5)
[02:54:18 -602949844.486210] FAST spr round 6 (radius: 5)
[03:15:00 -602949844.485471] Model parameter optimization (eps = 1.000000)
[03:16:46 -602949835.514035] SLOW spr round 1 (radius: 5)
[04:20:36 -602949835.513448] SLOW spr round 2 (radius: 10)
[05:32:20 -602949835.513415] SLOW spr round 3 (radius: 15)
[07:44:56 -602949835.513410] SLOW spr round 4 (radius: 20)
[09:07:33 -602949835.513410] SLOW spr round 5 (radius: 25)
[09:30:47 -602949835.513408] Model parameter optimization (eps = 0.100000)

[09:35:00] ML tree search #1, logLikelihood: -602949832.224147


Optimized model parameters:

   Partition 0: noname
   Rate heterogeneity: GAMMA (4 cats, mean),  alpha: 5.181948 (ML),  weights&rates: (0.250000,0.509463) (0.250000,0.808193) (0.250000,1.082971) (0.250000,1.599373) 
   Base frequencies (ML): 0.265511 0.192867 0.207628 0.333994 
   Substitution rates (ML): 1.686523 4.560139 0.298200 1.450558 4.507201 1.000000 


Final LogLikelihood: -602949832.224147

AIC score: 1205900480.448294 / AICc score: 1205900480.515049 / BIC score: 1205905957.827270
Free parameters (model + branch lengths): 408

Best ML tree saved to: /expanse/lustre/projects/uot138/chaos/ASTERISK-sim/data/alignment/38_10X_S201_0_haploid.raxml.bestTree
Optimized model saved to: /expanse/lustre/projects/uot138/chaos/ASTERISK-sim/data/alignment/38_10X_S201_0_haploid.raxml.bestModel

Execution log saved to: /expanse/lustre/projects/uot138/chaos/ASTERISK-sim/data/alignment/38_10X_S201_0_haploid.raxml.log

Analysis started: 07-Jan-2023 04:24:29 / finished: 07-Jan-2023 13:59:31

Elapsed time: 34502.557 seconds

Consumed energy: 3952.658 Wh (= 20 km in an electric car, or 99 km with an e-scooter!)

