Weighted ASTRAL - Hybrid
Version: v1.13.2.3
#Genetrees: 2000
#Species: 201
#Rounds: 4
#Samples: 4
#Threads: 32
Use two-step algorithm!
Guide Tree 0/27
#NNI moves:0/236
Guide Tree 1/27
#NNI moves:0/236
Guide Tree 2/27
#NNI moves:0/236
Guide Tree 3/27
#NNI moves:0/236
Guide Tree 4/27
#NNI moves:0/236
Guide Tree 5/27
#NNI moves:0/236
Guide Tree 6/27
#NNI moves:0/236
Guide Tree 7/27
#NNI moves:0/236
Guide Tree 8/27
#NNI moves:0/236
Guide Tree 9/27
#NNI moves:0/236
Guide Tree 10/27
#NNI moves:0/236
Guide Tree 11/27
#NNI moves:0/236
Guide Tree 12/27
#NNI moves:0/236
Guide Tree 13/27
#NNI moves:0/236
Guide Tree 14/27
#NNI moves:0/236
Guide Tree 15/27
#NNI moves:0/236
Guide Tree 16/27
#NNI moves:0/236
Guide Tree 17/27
#NNI moves:0/236
Guide Tree 18/27
#NNI moves:0/236
Guide Tree 19/27
#NNI moves:0/236
Guide Tree 20/27
#NNI moves:0/236
Guide Tree 21/27
#NNI moves:0/236
Guide Tree 22/27
#NNI moves:0/236
Guide Tree 23/27
#NNI moves:0/236
Guide Tree 24/27
#NNI moves:0/236
Guide Tree 25/27
#NNI moves:0/236
Guide Tree 26/27
#NNI moves:0/236
Remaining: 0
#NNI moves:0/236
#NNI moves:0/236
(((((((((((((((((T36,T30),(T28,T111)),T27),((((T78,T3),T75),T121),T11)),(((T123,T72),T188),(T161,T89))),(((T35,T189),(((T102,T100),T85),(T143,T195))),T62)),((((((T52,T138),T147),T25),((T37,T140),(T196,T4))),T137),(T149,T178))),(((T174,T88),T120),((T69,T160),(T145,T181)))),((T165,T194),((T116,T96),T109))),(T122,T74)),(((((T192,T16),(T176,T125)),T126),(T95,(T183,T1))),(((((T21,T162),T199),((T2,T49),T57)),T61),(T82,(T31,T110))))),(((((((T41,((T159,T76),T133)),(T175,T184)),((T154,(T79,T166)),T55)),T0),(((((((T112,(T60,T185)),T64),T80),(T128,T63)),(T26,T81)),((((T29,T190),((T139,T92),T115)),T94),(T155,T107))),(((T67,(T14,T131)),(T45,T77)),T43))),(((((T98,T142),T34),(T119,(T172,T164))),((((T101,T23),(T56,T173)),(T113,T141)),T103)),(T42,T93))),((T135,(T19,T170)),((T150,T68),((T32,T153),T9))))),((((((((T53,T83),(T18,T163)),(T157,T20)),T179),(T200,(T33,T168))),T129),((((T48,T13),(T40,T132)),T7),T117)),((((T152,(T51,T186)),((T59,T105),((T44,T169),(T187,T91)))),((T108,(T70,T134)),(T130,(T73,T146)))),T17))),((((((((T46,T15),(((T177,T144),T71),T12)),T106),T39),(((T5,T22),(((T8,T10),T54),(((T90,T167),T6),(T191,T104)))),(T84,T50))),(((T24,T198),T127),T158)),(((T148,T182),T197),(T58,T118))),(T99,(T86,T156)))),(((((T171,(T38,T193)),T151),(T65,(T97,T136))),T114),((T47,T124),T66))),T180),T87);
Guide Tree 0/27
#NNI moves:0/236
Guide Tree 1/27
#NNI moves:3/236
Guide Tree 2/27
#NNI moves:0/236
Guide Tree 3/27
#NNI moves:3/236
Guide Tree 4/27
#NNI moves:3/236
Guide Tree 5/27
#NNI moves:0/236
Guide Tree 6/27
#NNI moves:0/236
Guide Tree 7/27
#NNI moves:0/236
Guide Tree 8/27
#NNI moves:3/236
Guide Tree 9/27
#NNI moves:0/236
Guide Tree 10/27
#NNI moves:0/236
Guide Tree 11/27
#NNI moves:0/236
Guide Tree 12/27
#NNI moves:0/236
Guide Tree 13/27
#NNI moves:0/236
Guide Tree 14/27
#NNI moves:0/236
Guide Tree 15/27
#NNI moves:0/236
Guide Tree 16/27
#NNI moves:3/236
Guide Tree 17/27
#NNI moves:0/236
Guide Tree 18/27
#NNI moves:0/236
Guide Tree 19/27
#NNI moves:0/236
Guide Tree 20/27
#NNI moves:3/236
Guide Tree 21/27
#NNI moves:0/236
Guide Tree 22/27
#NNI moves:0/236
Guide Tree 23/27
#NNI moves:0/236
Guide Tree 24/27
#NNI moves:2/236
Guide Tree 25/27
#NNI moves:0/236
Guide Tree 26/27
#NNI moves:0/236
Remaining: 0
#NNI moves:0/236
#NNI moves:0/236
(((((((((((((((((T75,(T3,T78)),T121),T11),(((T28,T111),(T36,T30)),T27)),(((T72,T123),T188),(T89,T161))),(((((T100,T102),T85),(T195,T143)),(T35,T189)),T62)),((T149,T178),(T137,(((T147,(T138,T52)),T25),((T140,T37),(T196,T4)))))),((T120,(T174,T88)),((T145,T181),(T160,T69)))),((T109,(T96,T116)),(T165,T194))),(T74,T122)),(((((T192,T16),(T176,T125)),T126),((T183,T1),T95)),((T82,(T31,T110)),(((T199,(T21,T162)),(T57,(T2,T49))),T61)))),(((((((((T64,((T60,T185),T112)),T80),(T128,T63)),(T26,T81)),((((T190,T29),((T139,T92),T115)),T94),(T155,T107))),((((T14,T131),T67),(T77,T45)),T43)),(((((T79,T166),T154),T55),((((T159,T76),T133),T41),(T175,T184))),T0)),(((((T172,T164),T119),((T98,T142),T34)),((((T173,T56),(T101,T23)),(T113,T141)),T103)),(T93,T42))),((((T32,T153),T9),(T68,T150)),((T170,T19),T135)))),((((((T132,T40),(T48,T13)),T7),T117),((((((T163,T18),(T83,T53)),(T20,T157)),T179),((T168,T33),T200)),T129)),((((T108,(T134,T70)),((T73,T146),T130)),((T152,(T186,T51)),(((T187,T91),(T44,T169)),(T59,T105)))),T17))),((((((((((T177,T144),T71),T12),(T15,T46)),T106),T39),(((((T191,T104),(T6,(T167,T90))),((T10,T8),T54)),(T5,T22)),(T50,T84))),(((T24,T198),T127),T158)),(((T148,T182),T197),(T118,T58))),((T86,T156),T99))),(((((T171,(T193,T38)),T151),((T97,T136),T65)),T114),((T124,T47),T66))),T180),T87);
Guide Tree 0/27
#NNI moves:0/236
Guide Tree 1/27
#NNI moves:0/236
Guide Tree 2/27
#NNI moves:0/236
Guide Tree 3/27
#NNI moves:0/236
Guide Tree 4/27
#NNI moves:0/236
Guide Tree 5/27
#NNI moves:0/236
Guide Tree 6/27
#NNI moves:0/236
Guide Tree 7/27
#NNI moves:0/236
Guide Tree 8/27
#NNI moves:0/236
Guide Tree 9/27
#NNI moves:0/236
Guide Tree 10/27
#NNI moves:0/236
Guide Tree 11/27
#NNI moves:0/236
Guide Tree 12/27
#NNI moves:0/236
Guide Tree 13/27
#NNI moves:0/236
Guide Tree 14/27
#NNI moves:0/236
Guide Tree 15/27
#NNI moves:0/236
Guide Tree 16/27
#NNI moves:0/236
Guide Tree 17/27
#NNI moves:0/236
Guide Tree 18/27
#NNI moves:0/236
Guide Tree 19/27
#NNI moves:0/236
Guide Tree 20/27
#NNI moves:0/236
Guide Tree 21/27
#NNI moves:0/236
Guide Tree 22/27
#NNI moves:0/236
Guide Tree 23/27
#NNI moves:1/236
Guide Tree 24/27
#NNI moves:0/236
Guide Tree 25/27
#NNI moves:0/236
Guide Tree 26/27
#NNI moves:0/236
Remaining: 0
#NNI moves:0/236
#NNI moves:0/236
(((((((((((((((T161,T89),((T72,T123),T188)),(((((T78,T3),T75),T121),T11),(T27,((T28,T111),(T30,T36))))),(((T35,T189),(((T100,T102),T85),(T195,T143))),T62)),((T137,((((T138,T52),T147),T25),((T196,T4),(T140,T37)))),(T149,T178))),(((T160,T69),(T145,T181)),(T120,(T174,T88)))),(((T96,T116),T109),(T194,T165))),(T122,T74)),((((((T162,T21),T199),((T2,T49),T57)),T61),((T110,T31),T82)),((((T125,T176),(T16,T192)),T126),((T183,T1),T95)))),(((((((((T29,T190),((T92,T139),T115)),T94),(T107,T155)),((((((T60,T185),T112),T64),T80),(T128,T63)),(T26,T81))),((((T131,T14),T67),(T77,T45)),T43)),(((((T166,T79),T154),T55),((((T159,T76),T133),T41),(T175,T184))),T0)),(((T103,(((T56,T173),(T101,T23)),(T113,T141))),(((T164,T172),T119),((T98,T142),T34))),(T42,T93))),(((T9,(T32,T153)),(T150,T68)),((T170,T19),T135)))),((((((T13,T48),(T132,T40)),T7),T117),(((T200,(T168,T33)),((((T53,T83),(T163,T18)),(T157,T20)),T179)),T129)),((((T108,(T70,T134)),((T73,T146),T130)),(((T51,T186),T152),(((T44,T169),(T187,T91)),(T59,T105)))),T17))),(((((T127,(T198,T24)),T158),(((((T46,T15),(((T177,T144),T71),T12)),T106),T39),((((((T90,T167),T6),(T191,T104)),((T8,T10),T54)),(T5,T22)),(T84,T50)))),((T197,(T148,T182)),(T118,T58))),(T99,(T156,T86)))),((((((T193,T38),T171),T151),((T97,T136),T65)),T114),(T66,(T124,T47)))),T180),T87);
Guide Tree 0/27
#NNI moves:0/236
Guide Tree 1/27
#NNI moves:1/236
Guide Tree 2/27
#NNI moves:0/236
Guide Tree 3/27
#NNI moves:1/236
Guide Tree 4/27
#NNI moves:3/236
Guide Tree 5/27
#NNI moves:3/236
Guide Tree 6/27
#NNI moves:0/236
Guide Tree 7/27
#NNI moves:0/236
Guide Tree 8/27
#NNI moves:0/236
Guide Tree 9/27
#NNI moves:0/236
Guide Tree 10/27
#NNI moves:1/236
Guide Tree 11/27
#NNI moves:0/236
Guide Tree 12/27
#NNI moves:1/236
Guide Tree 13/27
#NNI moves:0/236
Guide Tree 14/27
#NNI moves:0/236
Guide Tree 15/27
#NNI moves:1/236
Guide Tree 16/27
#NNI moves:1/236
Guide Tree 17/27
#NNI moves:0/236
Guide Tree 18/27
#NNI moves:0/236
Guide Tree 19/27
#NNI moves:0/236
Guide Tree 20/27
#NNI moves:0/236
Guide Tree 21/27
#NNI moves:1/236
Guide Tree 22/27
#NNI moves:1/236
Guide Tree 23/27
#NNI moves:1/236
Guide Tree 24/27
#NNI moves:3/236
Guide Tree 25/27
#NNI moves:1/236
Guide Tree 26/27
#NNI moves:1/236
Remaining: 0
#NNI moves:0/236
#NNI moves:0/236
(((((((((((((T45,T77),(T67,(T14,T131))),T43),(((T81,T26),((T80,(T64,((T185,T60),T112))),(T128,T63))),((T94,((T115,(T92,T139)),(T190,T29))),(T107,T155)))),(((((T166,T79),T154),T55),((((T159,T76),T133),T41),(T184,T175))),T0)),((T93,T42),(((((T173,T56),(T23,T101)),(T141,T113)),T103),(((T164,T172),T119),((T142,T98),T34))))),(((T19,T170),T135),((T150,T68),((T32,T153),T9)))),(((((((((T89,T161),((T123,T72),T188)),(((T121,((T3,T78),T75)),T11),(((T36,T30),(T111,T28)),T27))),(((((T100,T102),T85),(T143,T195)),(T189,T35)),T62)),((((T25,(T147,(T138,T52))),((T140,T37),(T196,T4))),T137),(T149,T178))),(((T69,T160),(T145,T181)),((T88,T174),T120))),((T165,T194),(T109,(T96,T116)))),(T122,T74)),(((((T125,T176),(T16,T192)),T126),((T1,T183),T95)),(((T110,T31),T82),((((T2,T49),T57),((T162,T21),T199)),T61))))),((((((T73,T146),T130),((T134,T70),T108)),((((T91,T187),(T169,T44)),(T59,T105)),((T51,T186),T152))),T17),((((((T157,T20),((T53,T83),(T18,T163))),T179),((T168,T33),T200)),T129),((((T40,T132),(T13,T48)),T7),T117)))),(((((((((T6,(T167,T90)),(T191,T104)),((T8,T10),T54)),(T22,T5)),(T84,T50)),(((((T71,(T144,T177)),T12),(T15,T46)),T106),T39)),(((T24,T198),T127),T158)),(((T148,T182),T197),(T118,T58))),((T86,T156),T99))),((((T151,((T193,T38),T171)),((T136,T97),T65)),T114),(T66,(T124,T47)))),T180),T87);
Initial score: 2.47066e+10
Initial tree: (((((((((((((T45,T77),(T67,(T14,T131))),T43),(((T81,T26),((T80,(T64,((T185,T60),T112))),(T128,T63))),((T94,((T115,(T92,T139)),(T190,T29))),(T107,T155)))),(((((T166,T79),T154),T55),((((T159,T76),T133),T41),(T184,T175))),T0)),((T93,T42),(((((T173,T56),(T23,T101)),(T141,T113)),T103),(((T164,T172),T119),((T142,T98),T34))))),(((T19,T170),T135),((T150,T68),((T32,T153),T9)))),(((((((((T89,T161),((T123,T72),T188)),(((T121,((T3,T78),T75)),T11),(((T36,T30),(T111,T28)),T27))),(((((T100,T102),T85),(T143,T195)),(T189,T35)),T62)),((((T25,(T147,(T138,T52))),((T140,T37),(T196,T4))),T137),(T149,T178))),(((T69,T160),(T145,T181)),((T88,T174),T120))),((T165,T194),(T109,(T96,T116)))),(T122,T74)),(((((T125,T176),(T16,T192)),T126),((T1,T183),T95)),(((T110,T31),T82),((((T2,T49),T57),((T162,T21),T199)),T61))))),((((((T73,T146),T130),((T134,T70),T108)),((((T91,T187),(T169,T44)),(T59,T105)),((T51,T186),T152))),T17),((((((T157,T20),((T53,T83),(T18,T163))),T179),((T168,T33),T200)),T129),((((T40,T132),(T13,T48)),T7),T117)))),(((((((((T6,(T167,T90)),(T191,T104)),((T8,T10),T54)),(T22,T5)),(T84,T50)),(((((T71,(T144,T177)),T12),(T15,T46)),T106),T39)),(((T24,T198),T127),T158)),(((T148,T182),T197),(T118,T58))),((T86,T156),T99))),((((T151,((T193,T38),T171)),((T136,T97),T65)),T114),(T66,(T124,T47)))),T180),T87);
*** Subsample Process ***
Use two-step algorithm!
#NNI moves:0/236
Remaining: 0
#NNI moves:0/236
#NNI moves:0/236
((((((((((((((T73,T146),T130),((T70,T134),T108)),((((T169,T44),(T187,T91)),(T105,T59)),((T51,T186),T152))),T17),(((((((T83,T53),(T18,T163)),(T157,T20)),T179),((T168,T33),T200)),T129),((((T13,T48),(T132,T40)),T7),T117))),(((((((((T46,T15),((T71,(T144,T177)),T12)),T106),T39),((T50,T84),((T5,T22),(((T6,(T90,T167)),(T104,T191)),(T54,(T10,T8)))))),(T158,((T24,T198),T127))),((T118,T58),(T197,(T148,T182)))),((T86,T156),T99)),((T180,T87),((((((T38,T193),T171),T151),((T136,T97),T65)),T114),((T124,T47),T66))))),((((((((((T123,T72),T188),(T161,T89)),((((T28,T111),(T36,T30)),T27),(((T75,(T3,T78)),T121),T11))),((((T143,T195),((T102,T100),T85)),(T35,T189)),T62)),(((((T147,(T52,T138)),T25),((T37,T140),(T196,T4))),T137),(T149,T178))),(((T145,T181),(T69,T160)),(T120,(T174,T88)))),(((T96,T116),T109),(T194,T165))),(T122,T74)),((((T1,T183),T95),(((T16,T192),(T125,T176)),T126)),(((T110,T31),T82),((((T162,T21),T199),((T2,T49),T57)),T61))))),(((T19,T170),T135),((T68,T150),((T32,T153),T9)))),(((T103,(((T173,T56),(T23,T101)),(T141,T113))),((T34,(T98,T142)),(T119,(T172,T164)))),(T93,T42))),(((T55,(T154,(T79,T166))),(((T133,(T159,T76)),T41),(T184,T175))),T0)),(((T81,T26),((T80,(((T185,T60),T112),T64)),(T128,T63))),((((T190,T29),(T115,(T139,T92))),T94),(T155,T107)))),((T45,T77),(T67,(T14,T131)))),T43);
#NNI moves:0/236
Remaining: 0
#NNI moves:0/236
#NNI moves:0/236
(((((((((((((((T76,T159),T133),T41),(T175,T184)),(T55,((T166,T79),T154))),T0),((((((T190,T29),((T139,T92),T115)),T94),(T107,T155)),(((((T112,(T60,T185)),T64),T80),(T63,T128)),(T26,T81))),((((T14,T131),T67),(T45,T77)),T43))),(((((T141,T113),((T101,T23),(T173,T56))),T103),(((T98,T142),T34),((T164,T172),T119))),(T93,T42))),(((T9,(T32,T153)),(T68,T150)),((T19,T170),T135))),((((((((((T85,(T102,T100)),(T143,T195)),(T189,T35)),T62),(((((T30,T36),(T28,T111)),T27),(T11,(((T78,T3),T75),T121))),((T188,(T123,T72)),(T89,T161)))),(((((T196,T4),(T140,T37)),(((T52,T138),T147),T25)),T137),(T178,T149))),(((T145,T181),(T160,T69)),(T120,(T174,T88)))),((T194,T165),((T116,T96),T109))),(T122,T74)),((((((T2,T49),T57),((T21,T162),T199)),T61),((T31,T110),T82)),((T126,((T16,T192),(T125,T176))),(T95,(T1,T183)))))),(((((((T20,T157),((T163,T18),(T83,T53))),T179),((T33,T168),T200)),T129),((((T48,T13),(T132,T40)),T7),T117)),(((((T70,T134),T108),(T130,(T146,T73))),(((T105,T59),((T91,T187),(T169,T44))),((T51,T186),T152))),T17))),((((((((T12,((T177,T144),T71)),(T15,T46)),T106),T39),(((T5,T22),(((T104,T191),(T6,(T167,T90))),((T8,T10),T54))),(T50,T84))),((T127,(T24,T198)),T158)),((T118,T58),((T148,T182),T197))),(T99,(T156,T86)))),((((T151,((T193,T38),T171)),((T136,T97),T65)),T114),((T124,T47),T66))),T87),T180);
#NNI moves:1/236
Remaining: 0
#NNI moves:4/236
#NNI moves:4/236
((((((((((((((((((((((T90,T167),T6),(T104,T191)),((T10,T8),T54)),(T22,T5)),(T50,T84)),((((T46,T15),((T71,(T177,T144)),T12)),T106),T39)),((T127,(T198,T24)),T158)),(((T148,T182),T197),(T58,T118))),(T99,(T156,T86))),((((T47,T124),T66),((((T97,T136),T65),(((T193,T38),T171),T151)),T114)),(T87,T180))),((((((((T83,T53),(T163,T18)),(T157,T20)),T179),(T200,(T33,T168))),T129),(T117,(((T48,T13),(T132,T40)),T7))),((((((T44,T169),(T187,T91)),(T105,T59)),((T186,T51),T152)),((T108,(T70,T134)),(T130,(T146,T73)))),T17))),(((((((((T11,(((T3,T78),T75),T121)),(((T111,T28),(T30,T36)),T27)),(((T123,T72),T188),(T161,T89))),(((((T100,T102),T85),(T195,T143)),(T189,T35)),T62)),(((((T37,T140),(T196,T4)),(((T52,T138),T147),T25)),T137),(T178,T149))),(((T174,T88),T120),((T145,T181),(T160,T69)))),((T194,T165),((T96,T116),T109))),(T122,T74)),(((((T16,T192),(T125,T176)),T126),(T95,(T183,T1))),((((T199,(T162,T21)),(T57,(T2,T49))),T61),(T82,(T31,T110)))))),((T135,(T170,T19)),((T9,(T153,T32)),(T150,T68)))),(((((T94,((T115,(T139,T92)),(T190,T29))),(T107,T155)),(((T80,((T112,(T185,T60)),T64)),(T128,T63)),(T81,T26))),((((T14,T131),T67),(T77,T45)),T43)),(((((T79,T166),T154),T55),((T41,((T159,T76),T133)),(T175,T184))),T0))),(T42,T93)),(((T142,T98),T34),((T172,T164),T119))),T103),(T141,T113)),(T173,T56)),T23),T101);
#NNI moves:0/236
Remaining: 0
#NNI moves:0/236
#NNI moves:0/236
((((((((((((((((((T78,T3),T75),T121),T11),(((T111,T28),(T36,T30)),T27)),(((T72,T123),T188),(T89,T161))),(((T35,T189),((T195,T143),((T102,T100),T85))),T62)),((T149,T178),((((T4,T196),(T37,T140)),(((T138,T52),T147),T25)),T137))),(((T88,T174),T120),((T181,T145),(T160,T69)))),((T165,T194),((T116,T96),T109))),(T122,T74)),((((((T49,T2),T57),((T162,T21),T199)),T61),((T31,T110),T82)),(((T1,T183),T95),(T126,((T176,T125),(T16,T192)))))),((((((((T14,T131),T67),(T45,T77)),T43),(((T94,(((T139,T92),T115),(T190,T29))),(T107,T155)),((T81,T26),(((T64,((T185,T60),T112)),T80),(T63,T128))))),((((T41,((T159,T76),T133)),(T184,T175)),(((T166,T79),T154),T55)),T0)),((((((T173,T56),(T101,T23)),(T141,T113)),T103),(((T98,T142),T34),(T119,(T172,T164)))),(T93,T42))),(((T150,T68),((T153,T32),T9)),((T170,T19),T135)))),((((((((T163,T18),(T53,T83)),(T157,T20)),T179),((T33,T168),T200)),T129),((((T132,T40),(T13,T48)),T7),T117)),(((((T186,T51),T152),(((T91,T187),(T169,T44)),(T105,T59))),((T130,(T146,T73)),((T134,T70),T108))),T17))),(((((((((T104,T191),(T6,(T167,T90))),((T10,T8),T54)),(T22,T5)),(T50,T84)),((T106,((((T177,T144),T71),T12),(T46,T15))),T39)),((T127,(T198,T24)),T158)),((T58,T118),((T148,T182),T197))),((T86,T156),T99))),(((((T136,T97),T65),(((T193,T38),T171),T151)),T114),((T47,T124),T66))),T87),T180);
Current score: 2.47066e+10
Current tree: ((((((((((((((((((T78,T3),T75),T121),T11),(((T111,T28),(T36,T30)),T27)),(((T72,T123),T188),(T89,T161))),(((T35,T189),((T195,T143),((T102,T100),T85))),T62)),((T149,T178),((((T4,T196),(T37,T140)),(((T138,T52),T147),T25)),T137))),(((T88,T174),T120),((T181,T145),(T160,T69)))),((T165,T194),((T116,T96),T109))),(T122,T74)),((((((T49,T2),T57),((T162,T21),T199)),T61),((T31,T110),T82)),(((T1,T183),T95),(T126,((T176,T125),(T16,T192)))))),((((((((T14,T131),T67),(T45,T77)),T43),(((T94,(((T139,T92),T115),(T190,T29))),(T107,T155)),((T81,T26),(((T64,((T185,T60),T112)),T80),(T63,T128))))),((((T41,((T159,T76),T133)),(T184,T175)),(((T166,T79),T154),T55)),T0)),((((((T173,T56),(T101,T23)),(T141,T113)),T103),(((T98,T142),T34),(T119,(T172,T164)))),(T93,T42))),(((T150,T68),((T153,T32),T9)),((T170,T19),T135)))),((((((((T163,T18),(T53,T83)),(T157,T20)),T179),((T33,T168),T200)),T129),((((T132,T40),(T13,T48)),T7),T117)),(((((T186,T51),T152),(((T91,T187),(T169,T44)),(T105,T59))),((T130,(T146,T73)),((T134,T70),T108))),T17))),(((((((((T104,T191),(T6,(T167,T90))),((T10,T8),T54)),(T22,T5)),(T50,T84)),((T106,((((T177,T144),T71),T12),(T46,T15))),T39)),((T127,(T198,T24)),T158)),((T58,T118),((T148,T182),T197))),((T86,T156),T99))),(((((T136,T97),T65),(((T193,T38),T171),T151)),T114),((T47,T124),T66))),T180),T87);
Final Tree: ((((((((((((((((((T78,T3),T75),T121),T11),(((T111,T28),(T36,T30)),T27)),(((T72,T123),T188),(T89,T161))),(((T35,T189),((T195,T143),((T102,T100),T85))),T62)),((T149,T178),((((T4,T196),(T37,T140)),(((T138,T52),T147),T25)),T137))),(((T88,T174),T120),((T181,T145),(T160,T69)))),((T165,T194),((T116,T96),T109))),(T122,T74)),((((((T49,T2),T57),((T162,T21),T199)),T61),((T31,T110),T82)),(((T1,T183),T95),(T126,((T176,T125),(T16,T192)))))),((((((((T14,T131),T67),(T45,T77)),T43),(((T94,(((T139,T92),T115),(T190,T29))),(T107,T155)),((T81,T26),(((T64,((T185,T60),T112)),T80),(T63,T128))))),((((T41,((T159,T76),T133)),(T184,T175)),(((T166,T79),T154),T55)),T0)),((((((T173,T56),(T101,T23)),(T141,T113)),T103),(((T98,T142),T34),(T119,(T172,T164)))),(T93,T42))),(((T150,T68),((T153,T32),T9)),((T170,T19),T135)))),((((((((T163,T18),(T53,T83)),(T157,T20)),T179),((T33,T168),T200)),T129),((((T132,T40),(T13,T48)),T7),T117)),(((((T186,T51),T152),(((T91,T187),(T169,T44)),(T105,T59))),((T130,(T146,T73)),((T134,T70),T108))),T17))),(((((((((T104,T191),(T6,(T167,T90))),((T10,T8),T54)),(T22,T5)),(T50,T84)),((T106,((((T177,T144),T71),T12),(T46,T15))),T39)),((T127,(T198,T24)),T158)),((T58,T118),((T148,T182),T197))),((T86,T156),T99))),(((((T136,T97),T65),(((T193,T38),T171),T151)),T114),((T47,T124),T66))),T180),T87);
Score: 2.470664971e+10

real	1m23.743s
user	21m24.657s
sys	0m18.309s
