Weighted ASTRAL - Hybrid
Version: v1.13.2.3
#Genetrees: 2000
#Species: 201
#Rounds: 4
#Samples: 4
#Threads: 32
Use two-step algorithm!
Guide Tree 0/27
#NNI moves:0/236
Guide Tree 1/27
#NNI moves:0/236
Guide Tree 2/27
#NNI moves:0/236
Guide Tree 3/27
#NNI moves:0/236
Guide Tree 4/27
#NNI moves:0/236
Guide Tree 5/27
#NNI moves:0/236
Guide Tree 6/27
#NNI moves:0/236
Guide Tree 7/27
#NNI moves:0/236
Guide Tree 8/27
#NNI moves:0/236
Guide Tree 9/27
#NNI moves:0/236
Guide Tree 10/27
#NNI moves:0/236
Guide Tree 11/27
#NNI moves:0/236
Guide Tree 12/27
#NNI moves:0/236
Guide Tree 13/27
#NNI moves:0/236
Guide Tree 14/27
#NNI moves:0/236
Guide Tree 15/27
#NNI moves:0/236
Guide Tree 16/27
#NNI moves:0/236
Guide Tree 17/27
#NNI moves:0/236
Guide Tree 18/27
#NNI moves:0/236
Guide Tree 19/27
#NNI moves:0/236
Guide Tree 20/27
#NNI moves:0/236
Guide Tree 21/27
#NNI moves:0/236
Guide Tree 22/27
#NNI moves:0/236
Guide Tree 23/27
#NNI moves:0/236
Guide Tree 24/27
#NNI moves:0/236
Guide Tree 25/27
#NNI moves:0/236
Guide Tree 26/27
#NNI moves:0/236
Remaining: 0
#NNI moves:3/236
#NNI moves:3/236
((((((((((((((((((((((T41,T130),(T28,T115)),(T125,(T122,T17))),T23),((((T154,T157),T160),T151),T121)),((T50,T12),T84)),(((T111,T104),T61),T149)),(T35,T179)),((((((T96,(T80,(T108,T90))),T42),(T165,(T27,T43))),(((T38,T8),T190),(((T136,T91),T105),T185))),(T60,T133)),(T172,(T70,T193)))),(((((T10,T79),(T34,T150)),((T54,T19),((T159,T198),T102))),(T187,T135)),((T31,((T173,T109),T162)),((T127,(T73,T142)),T134)))),((((T161,T182),T67),T33),((((T200,T117),T137),((((T176,T113),T59),((T87,T66),T46)),T197)),((T110,(T51,T132)),T163)))),((((((((T181,((((T89,T24),T171),T147),T103)),T148),T140),T168),T174),((T20,T82),T55)),T186),(T65,(T13,((T141,T143),T177))))),((T131,T99),((T36,T93),T56))),T0),((((((((((((T152,T25),T5),T53),(T81,T167)),((T97,T156),(T11,((T191,T118),(T120,T29))))),(T184,T92)),T144),(((((T40,T71),T64),T86),T4),(T188,T146))),(((((T72,T158),T14),T129),((T164,T85),T32)),T107)),(((T1,T100),T95),(T39,((T119,T175),T192)))),(T155,(((T194,T52),((T180,T139),(T68,T6))),((T45,T15),T189)))),(((T49,T30),T145),(((T21,T78),(T128,T16)),T94)))),((((((T178,T47),T22),((T83,T112),(T7,T63))),((T62,((T88,T44),T37)),T3)),T116),T69)),(((T153,T58),(T195,T75)),((((T9,T183),T124),((T98,T26),T74)),(T77,T169)))),(((T106,T57),T199),(((T76,T123),T114),(T166,T48)))),(((T2,T170),T138),T18)),T196),T101),T126);
Guide Tree 0/27
#NNI moves:1/236
Guide Tree 1/27
#NNI moves:0/236
Guide Tree 2/27
#NNI moves:0/236
Guide Tree 3/27
#NNI moves:0/236
Guide Tree 4/27
#NNI moves:0/236
Guide Tree 5/27
#NNI moves:0/236
Guide Tree 6/27
#NNI moves:0/236
Guide Tree 7/27
#NNI moves:0/236
Guide Tree 8/27
#NNI moves:3/236
Guide Tree 9/27
#NNI moves:0/236
Guide Tree 10/27
#NNI moves:0/236
Guide Tree 11/27
#NNI moves:0/236
Guide Tree 12/27
#NNI moves:0/236
Guide Tree 13/27
#NNI moves:0/236
Guide Tree 14/27
#NNI moves:0/236
Guide Tree 15/27
#NNI moves:0/236
Guide Tree 16/27
#NNI moves:0/236
Guide Tree 17/27
#NNI moves:0/236
Guide Tree 18/27
#NNI moves:0/236
Guide Tree 19/27
#NNI moves:0/236
Guide Tree 20/27
#NNI moves:0/236
Guide Tree 21/27
#NNI moves:0/236
Guide Tree 22/27
#NNI moves:0/236
Guide Tree 23/27
#NNI moves:0/236
Guide Tree 24/27
#NNI moves:0/236
Guide Tree 25/27
#NNI moves:0/236
Guide Tree 26/27
#NNI moves:0/236
Remaining: 0
#NNI moves:0/236
#NNI moves:0/236
((((((((((((((((((((((T130,T41),(T115,T28)),((T17,T122),T125)),T23),((((T157,T154),T160),T151),T121)),((T50,T12),T84)),((T61,(T104,T111)),T149)),(T179,T35)),(((T133,T60),(((((T80,(T90,T108)),T96),T42),(T165,(T43,T27))),(((T8,T38),T190),(T185,((T91,T136),T105))))),((T70,T193),T172))),(((((T73,T142),T127),T134),(T31,((T173,T109),T162))),((T187,T135),(((T102,(T198,T159)),(T54,T19)),((T79,T10),(T34,T150)))))),(((((T200,T117),T137),((((T176,T113),T59),((T66,T87),T46)),T197)),(T163,((T132,T51),T110))),(T33,((T161,T182),T67)))),((((T55,(T20,T82)),(T174,((((((T147,((T24,T89),T171)),T103),T181),T148),T140),T168))),T186),((T13,((T143,T141),T177)),T65))),(((T36,T93),T56),(T131,T99))),T0),((((((((((T53,((T152,T25),T5)),(T167,T81)),((((T191,T118),(T120,T29)),T11),(T97,T156))),(T184,T92)),T144),(((((T40,T71),T64),T86),T4),(T188,T146))),(((((T72,T158),T14),T129),(T32,(T85,T164))),T107)),(((T192,(T175,T119)),T39),(T95,(T1,T100)))),((((T194,T52),((T6,T68),(T139,T180))),((T45,T15),T189)),T155)),((T145,(T30,T49)),(T94,((T78,T21),(T128,T16)))))),(((((T62,((T44,T88),T37)),T3),((T22,(T47,T178)),((T7,T63),(T83,T112)))),T116),T69)),(((T77,T169),(((T9,T183),T124),((T26,T98),T74))),((T153,T58),(T195,T75)))),((T199,(T106,T57)),((T114,(T76,T123)),(T48,T166)))),(((T2,T170),T138),T18)),T196),T101),T126);
Guide Tree 0/27
#NNI moves:0/236
Guide Tree 1/27
#NNI moves:0/236
Guide Tree 2/27
#NNI moves:0/236
Guide Tree 3/27
#NNI moves:0/236
Guide Tree 4/27
#NNI moves:0/236
Guide Tree 5/27
#NNI moves:0/236
Guide Tree 6/27
#NNI moves:0/236
Guide Tree 7/27
#NNI moves:0/236
Guide Tree 8/27
#NNI moves:0/236
Guide Tree 9/27
#NNI moves:0/236
Guide Tree 10/27
#NNI moves:0/236
Guide Tree 11/27
#NNI moves:0/236
Guide Tree 12/27
#NNI moves:0/236
Guide Tree 13/27
#NNI moves:0/236
Guide Tree 14/27
#NNI moves:0/236
Guide Tree 15/27
#NNI moves:0/236
Guide Tree 16/27
#NNI moves:0/236
Guide Tree 17/27
#NNI moves:0/236
Guide Tree 18/27
#NNI moves:0/236
Guide Tree 19/27
#NNI moves:0/236
Guide Tree 20/27
#NNI moves:0/236
Guide Tree 21/27
#NNI moves:0/236
Guide Tree 22/27
#NNI moves:0/236
Guide Tree 23/27
#NNI moves:0/236
Guide Tree 24/27
#NNI moves:0/236
Guide Tree 25/27
#NNI moves:0/236
Guide Tree 26/27
#NNI moves:0/236
Remaining: 0
#NNI moves:2/236
#NNI moves:2/236
((((((((((((((((((((((T28,T115),(T41,T130)),(T125,(T122,T17))),T23),((T151,(T160,(T157,T154))),T121)),((T50,T12),T84)),((T61,(T104,T111)),T149)),(T35,T179)),(((((T165,(T27,T43)),(T42,(((T108,T90),T80),T96))),(((T8,T38),T190),((T105,(T91,T136)),T185))),(T60,T133)),((T193,T70),T172))),((((((T198,T159),T102),(T54,T19)),((T79,T10),(T34,T150))),(T187,T135)),((((T73,T142),T127),T134),((T162,(T173,T109)),T31)))),((((T182,T161),T67),T33),((((T117,T200),T137),(T197,(((T176,T113),T59),((T66,T87),T46)))),(((T132,T51),T110),T163)))),(((T13,(T177,(T143,T141))),T65),(((((T140,((((((T24,T89),T171),T147),T103),T181),T148)),T168),T174),(T55,(T82,T20))),T186))),((T131,T99),((T93,T36),T56))),T0),((((((((((T40,T71),T64),T86),T4),(T146,T188)),(((((((T120,T29),(T118,T191)),T11),(T97,T156)),((T81,T167),(T53,((T152,T25),T5)))),(T92,T184)),T144)),(((((T158,T72),T14),T129),(T32,(T164,T85))),T107)),((((T119,T175),T192),T39),((T1,T100),T95))),(((((T68,T6),(T180,T139)),(T194,T52)),((T45,T15),T189)),T155)),((((T21,T78),(T128,T16)),T94),(T145,(T30,T49))))),((((((T178,T47),T22),((T7,T63),(T112,T83))),(T3,(T62,(T37,(T44,T88))))),T116),T69)),(((((T98,T26),T74),((T9,T183),T124)),(T77,T169)),((T153,T58),(T195,T75)))),((((T123,T76),T114),(T48,T166)),(T199,(T106,T57)))),(T18,(T138,(T170,T2)))),T196),T101),T126);
Guide Tree 0/27
#NNI moves:0/236
Guide Tree 1/27
#NNI moves:0/236
Guide Tree 2/27
#NNI moves:0/236
Guide Tree 3/27
#NNI moves:0/236
Guide Tree 4/27
#NNI moves:0/236
Guide Tree 5/27
#NNI moves:0/236
Guide Tree 6/27
#NNI moves:0/236
Guide Tree 7/27
#NNI moves:0/236
Guide Tree 8/27
#NNI moves:0/236
Guide Tree 9/27
#NNI moves:0/236
Guide Tree 10/27
#NNI moves:0/236
Guide Tree 11/27
#NNI moves:0/236
Guide Tree 12/27
#NNI moves:0/236
Guide Tree 13/27
#NNI moves:0/236
Guide Tree 14/27
#NNI moves:0/236
Guide Tree 15/27
#NNI moves:0/236
Guide Tree 16/27
#NNI moves:0/236
Guide Tree 17/27
#NNI moves:0/236
Guide Tree 18/27
#NNI moves:0/236
Guide Tree 19/27
#NNI moves:0/236
Guide Tree 20/27
#NNI moves:0/236
Guide Tree 21/27
#NNI moves:0/236
Guide Tree 22/27
#NNI moves:0/236
Guide Tree 23/27
#NNI moves:0/236
Guide Tree 24/27
#NNI moves:0/236
Guide Tree 25/27
#NNI moves:0/236
Guide Tree 26/27
#NNI moves:0/236
Remaining: 0
#NNI moves:0/236
#NNI moves:0/236
((((((((((((((((((((((T122,T17),T125),((T41,T130),(T28,T115))),T23),(T121,(((T157,T154),T160),T151))),(T84,(T12,T50))),(((T111,T104),T61),T149)),(T179,T35)),(((T133,T60),((((T8,T38),T190),(((T136,T91),T105),T185)),(((T96,((T90,T108),T80)),T42),((T43,T27),T165)))),(T172,(T70,T193)))),((((T127,(T73,T142)),T134),(((T109,T173),T162),T31)),(((((T198,T159),T102),(T19,T54)),((T10,T79),(T150,T34))),(T187,T135)))),(((((((T87,T66),T46),((T176,T113),T59)),T197),((T117,T200),T137)),(((T51,T132),T110),T163)),(T33,((T182,T161),T67)))),((((((((((T147,((T24,T89),T171)),T103),T181),T148),T140),T168),T174),(T55,(T82,T20))),T186),((((T143,T141),T177),T13),T65))),((T99,T131),((T36,T93),T56))),T0),((((((((T86,((T71,T40),T64)),T4),(T146,T188)),(((((((T25,T152),T5),T53),(T81,T167)),((((T120,T29),(T191,T118)),T11),(T156,T97))),(T92,T184)),T144)),(((((T158,T72),T14),T129),((T164,T85),T32)),T107)),(((T192,(T175,T119)),T39),((T1,T100),T95))),((((T15,T45),T189),((T194,T52),((T139,T180),(T6,T68)))),T155)),(((T30,T49),T145),(((T21,T78),(T16,T128)),T94)))),(((((T62,(T37,(T44,T88))),T3),(((T63,T7),(T112,T83)),(T22,(T47,T178)))),T116),T69)),(((T169,T77),(((T26,T98),T74),((T9,T183),T124))),((T153,T58),(T195,T75)))),(((T48,T166),((T76,T123),T114)),((T57,T106),T199))),(T18,((T2,T170),T138))),T196),T101),T126);
Initial score: 2.40217e+10
Initial tree: ((((((((((((((((((((((T122,T17),T125),((T41,T130),(T28,T115))),T23),(T121,(((T157,T154),T160),T151))),(T84,(T12,T50))),(((T111,T104),T61),T149)),(T179,T35)),(((T133,T60),((((T8,T38),T190),(((T136,T91),T105),T185)),(((T96,((T90,T108),T80)),T42),((T43,T27),T165)))),(T172,(T70,T193)))),((((T127,(T73,T142)),T134),(((T109,T173),T162),T31)),(((((T198,T159),T102),(T19,T54)),((T10,T79),(T150,T34))),(T187,T135)))),(((((((T87,T66),T46),((T176,T113),T59)),T197),((T117,T200),T137)),(((T51,T132),T110),T163)),(T33,((T182,T161),T67)))),((((((((((T147,((T24,T89),T171)),T103),T181),T148),T140),T168),T174),(T55,(T82,T20))),T186),((((T143,T141),T177),T13),T65))),((T99,T131),((T36,T93),T56))),T0),((((((((T86,((T71,T40),T64)),T4),(T146,T188)),(((((((T25,T152),T5),T53),(T81,T167)),((((T120,T29),(T191,T118)),T11),(T156,T97))),(T92,T184)),T144)),(((((T158,T72),T14),T129),((T164,T85),T32)),T107)),(((T192,(T175,T119)),T39),((T1,T100),T95))),((((T15,T45),T189),((T194,T52),((T139,T180),(T6,T68)))),T155)),(((T30,T49),T145),(((T21,T78),(T16,T128)),T94)))),(((((T62,(T37,(T44,T88))),T3),(((T63,T7),(T112,T83)),(T22,(T47,T178)))),T116),T69)),(((T169,T77),(((T26,T98),T74),((T9,T183),T124))),((T153,T58),(T195,T75)))),(((T48,T166),((T76,T123),T114)),((T57,T106),T199))),(T18,((T2,T170),T138))),T196),T101),T126);
*** Subsample Process ***
Use two-step algorithm!
#NNI moves:0/236
Remaining: 0
#NNI moves:0/236
#NNI moves:0/236
((((((((((((((((((((((((T86,(T64,(T71,T40))),T4),(T188,T146)),(((((((T191,T118),(T120,T29)),T11),(T156,T97)),((T53,((T152,T25),T5)),(T81,T167))),(T184,T92)),T144)),(((T129,((T158,T72),T14)),((T85,T164),T32)),T107)),(((T192,(T119,T175)),T39),((T100,T1),T95))),((((T45,T15),T189),((T194,T52),((T68,T6),(T139,T180)))),T155)),(((T30,T49),T145),(((T21,T78),(T16,T128)),T94))),((((((T48,T166),((T76,T123),T114)),(T199,(T106,T57))),(((T101,T126),T196),(T18,(T138,(T170,T2))))),(((((T9,T183),T124),((T26,T98),T74)),(T77,T169)),((T153,T58),(T75,T195)))),((((((T7,T63),(T83,T112)),((T178,T47),T22)),(T3,(((T44,T88),T37),T62))),T116),T69))),T0),(((T93,T36),T56),(T131,T99))),((((((T140,((((T147,((T24,T89),T171)),T103),T181),T148)),T168),T174),((T82,T20),T55)),T186),((((T141,T143),T177),T13),T65))),(((((T51,T132),T110),T163),((((T46,(T87,T66)),(T59,(T176,T113))),T197),(T137,(T117,T200)))),(((T161,T182),T67),T33))),((((((T159,T198),T102),(T19,T54)),((T150,T34),(T10,T79))),(T187,T135)),((T134,((T73,T142),T127)),(((T109,T173),T162),T31)))),(((((((T80,(T108,T90)),T96),T42),(T165,(T43,T27))),((((T136,T91),T105),T185),((T38,T8),T190))),(T133,T60)),((T70,T193),T172))),(T35,T179)),(((T111,T104),T61),T149)),(T84,(T50,T12))),(T121,(((T157,T154),T160),T151))),T23),((T41,T130),(T28,T115))),T125),T122),T17);
#NNI moves:0/236
Remaining: 0
#NNI moves:0/236
#NNI moves:0/236
(((((((((((((((((((T159,T198),T102),(T54,T19)),((T34,T150),(T10,T79))),(T187,T135)),(((T162,(T109,T173)),T31),(((T73,T142),T127),T134))),((((((T185,((T136,T91),T105)),(T190,(T38,T8))),(((T27,T43),T165),((((T108,T90),T80),T96),T42))),(T60,T133)),((T193,T70),T172)),((((((((T154,T157),T160),T151),T121),(T23,(((T130,T41),(T28,T115)),((T17,T122),T125)))),((T12,T50),T84)),(((T104,T111),T61),T149)),(T179,T35)))),((((((T46,(T87,T66)),((T113,T176),T59)),T197),(T137,(T117,T200))),(((T51,T132),T110),T163)),(((T161,T182),T67),T33))),(((((((((((T171,(T89,T24)),T147),T103),T181),T148),T140),T168),T174),((T82,T20),T55)),T186),(((T177,(T143,T141)),T13),T65))),((T131,T99),((T36,T93),T56))),T0),(((((((((T64,(T40,T71)),T86),T4),(T146,T188)),(((((((T191,T118),(T29,T120)),T11),(T156,T97)),((T81,T167),(T53,((T152,T25),T5)))),(T184,T92)),T144)),((((T85,T164),T32),(T129,((T158,T72),T14))),T107)),(((T1,T100),T95),((T192,(T175,T119)),T39))),(((((T139,T180),(T68,T6)),(T194,T52)),((T45,T15),T189)),T155)),((((T21,T78),(T16,T128)),T94),((T49,T30),T145)))),((((((T63,T7),(T112,T83)),((T47,T178),T22)),((((T44,T88),T37),T62),T3)),T116),T69)),(((T169,T77),((T124,(T9,T183)),((T98,T26),T74))),((T195,T75),(T153,T58)))),(((T166,T48),(T114,(T76,T123))),((T106,T57),T199))),((T138,(T170,T2)),T18)),T196),T126),T101);
#NNI moves:0/236
Remaining: 0
#NNI moves:0/236
#NNI moves:0/236
(((((((((((((((((((((T119,T175),T192),T39),(T95,(T1,T100))),(((((((((T152,T25),T5),T53),(T81,T167)),((((T191,T118),(T29,T120)),T11),(T156,T97))),(T184,T92)),T144),((T4,(((T40,T71),T64),T86)),(T188,T146))),((((T14,(T158,T72)),T129),((T164,T85),T32)),T107))),(((((T68,T6),(T180,T139)),(T194,T52)),(T189,(T15,T45))),T155)),((((T78,T21),(T128,T16)),T94),((T49,T30),T145))),((((((((T88,T44),T37),T62),T3),(((T178,T47),T22),((T63,T7),(T112,T83)))),T116),T69),((((((T98,T26),T74),(T124,(T9,T183))),(T77,T169)),((T195,T75),(T58,T153))),(((((T76,T123),T114),(T166,T48)),((T106,T57),T199)),((T196,(T126,T101)),(((T2,T170),T138),T18)))))),T0),(((T36,T93),T56),(T131,T99))),((((((((((((T89,T24),T171),T147),T103),T181),T148),T140),T168),T174),(T55,(T20,T82))),T186),((((T141,T143),T177),T13),T65))),((((T137,(T200,T117)),(((T46,(T87,T66)),((T113,T176),T59)),T197)),((T110,(T132,T51)),T163)),(((T161,T182),T67),T33))),(((((T19,T54),((T198,T159),T102)),((T79,T10),(T34,T150))),(T135,T187)),((((T109,T173),T162),T31),((T127,(T142,T73)),T134)))),(((((T111,T104),T61),T149),(((T121,(((T154,T157),T160),T151)),((((T130,T41),(T115,T28)),(T125,(T17,T122))),T23)),(T84,(T50,T12)))),(T35,T179))),((T193,T70),T172)),(T60,T133)),(((((T90,T108),T80),T96),T42),((T43,T27),T165))),(T185,((T91,T136),T105))),T190),T38),T8);
#NNI moves:0/236
Remaining: 0
#NNI moves:1/236
#NNI moves:1/236
(((((((((((((((((T193,T70),T172),((((T42,(T96,((T90,T108),T80))),(T165,(T43,T27))),((((T91,T136),T105),T185),((T38,T8),T190))),(T133,T60))),((((((((T17,T122),T125),((T130,T41),(T28,T115))),T23),(((T160,(T154,T157)),T151),T121)),(T84,(T50,T12))),((T61,(T111,T104)),T149)),(T179,T35))),(((((T19,T54),((T198,T159),T102)),((T150,T34),(T79,T10))),(T135,T187)),(((T127,(T142,T73)),T134),((T162,(T109,T173)),T31)))),((((T161,T182),T67),T33),((((((T176,T113),T59),((T66,T87),T46)),T197),(T137,(T117,T200))),(((T132,T51),T110),T163)))),((((((((((T147,(T171,(T24,T89))),T103),T181),T148),T140),T168),T174),((T20,T82),T55)),T186),(T65,((T177,(T141,T143)),T13)))),((T56,(T93,T36)),(T131,T99))),T0),((((((((T85,T164),T32),((T14,(T72,T158)),T129)),T107),(((((((T5,(T152,T25)),T53),(T81,T167)),((T97,T156),(T11,((T29,T120),(T191,T118))))),(T184,T92)),T144),((T146,T188),((((T71,T40),T64),T86),T4)))),((T39,(T192,(T175,T119))),(T95,(T1,T100)))),((((T194,T52),((T180,T139),(T68,T6))),(T189,(T15,T45))),T155)),((((T16,T128),(T21,T78)),T94),((T30,T49),T145)))),((((((T83,T112),(T63,T7)),((T178,T47),T22)),((((T88,T44),T37),T62),T3)),T116),T69)),(((((T98,T26),T74),((T183,T9),T124)),(T77,T169)),((T58,T153),(T195,T75)))),(((T114,(T123,T76)),(T166,T48)),(T199,(T57,T106)))),((T138,(T170,T2)),T18)),T196),T126),T101);
Current score: 2.40217e+10
Current tree: (((((((((((((((((T193,T70),T172),((((T42,(T96,((T90,T108),T80))),(T165,(T43,T27))),((((T91,T136),T105),T185),((T38,T8),T190))),(T133,T60))),((((((((T17,T122),T125),((T130,T41),(T28,T115))),T23),(((T160,(T154,T157)),T151),T121)),(T84,(T50,T12))),((T61,(T111,T104)),T149)),(T179,T35))),(((((T19,T54),((T198,T159),T102)),((T150,T34),(T79,T10))),(T135,T187)),(((T127,(T142,T73)),T134),((T162,(T109,T173)),T31)))),((((T161,T182),T67),T33),((((((T176,T113),T59),((T66,T87),T46)),T197),(T137,(T117,T200))),(((T132,T51),T110),T163)))),((((((((((T147,(T171,(T24,T89))),T103),T181),T148),T140),T168),T174),((T20,T82),T55)),T186),(T65,((T177,(T141,T143)),T13)))),((T56,(T93,T36)),(T131,T99))),T0),((((((((T85,T164),T32),((T14,(T72,T158)),T129)),T107),(((((((T5,(T152,T25)),T53),(T81,T167)),((T97,T156),(T11,((T29,T120),(T191,T118))))),(T184,T92)),T144),((T146,T188),((((T71,T40),T64),T86),T4)))),((T39,(T192,(T175,T119))),(T95,(T1,T100)))),((((T194,T52),((T180,T139),(T68,T6))),(T189,(T15,T45))),T155)),((((T16,T128),(T21,T78)),T94),((T30,T49),T145)))),((((((T83,T112),(T63,T7)),((T178,T47),T22)),((((T88,T44),T37),T62),T3)),T116),T69)),(((((T98,T26),T74),((T183,T9),T124)),(T77,T169)),((T58,T153),(T195,T75)))),(((T114,(T123,T76)),(T166,T48)),(T199,(T57,T106)))),((T138,(T170,T2)),T18)),T196),T101),T126);
Use two-step algorithm!
#NNI moves:0/236
Remaining: 0
#NNI moves:0/236
#NNI moves:0/236
(((((((((((((((((((((((T170,T2),T138),T18),(T196,(T101,T126))),(((T57,T106),T199),(((T123,T76),T114),(T166,T48)))),(((((T183,T9),T124),((T26,T98),T74)),(T169,T77)),((T195,T75),(T153,T58)))),((((((T112,T83),(T7,T63)),((T47,T178),T22)),((T62,(T37,(T44,T88))),T3)),T116),T69)),((((((((T164,T85),T32),(((T158,T72),T14),T129)),T107),((((((((T29,T120),(T191,T118)),T11),(T156,T97)),((T53,(T5,(T25,T152))),(T81,T167))),(T92,T184)),T144),((((T64,(T40,T71)),T86),T4),(T188,T146)))),((T39,((T175,T119),T192)),((T1,T100),T95))),(((((T180,T139),(T68,T6)),(T194,T52)),((T15,T45),T189)),T155)),((((T128,T16),(T78,T21)),T94),((T30,T49),T145)))),T0),(((T36,T93),T56),(T131,T99))),(((((T168,((((T103,(T147,((T89,T24),T171))),T181),T148),T140)),T174),((T20,T82),T55)),T186),(((T177,(T143,T141)),T13),T65))),(((((((T87,T66),T46),(T59,(T113,T176))),T197),((T200,T117),T137)),(((T132,T51),T110),T163)),((T67,(T182,T161)),T33))),(((T135,T187),((((T159,T198),T102),(T54,T19)),((T150,T34),(T79,T10)))),((((T73,T142),T127),T134),((T162,(T109,T173)),T31)))),(((((((T125,(T122,T17)),((T115,T28),(T130,T41))),T23),((((T154,T157),T160),T151),T121)),((T12,T50),T84)),(((T111,T104),T61),T149)),(T35,T179))),((T70,T193),T172)),(T60,T133)),((T190,(T8,T38)),(((T136,T91),T105),T185))),((T27,T43),T165)),T42),T96),T80),T90),T108);
#NNI moves:0/236
Remaining: 0
#NNI moves:0/236
#NNI moves:0/236
(((((((((((((((((((((((T28,T115),(T41,T130)),((T17,T122),T125)),T23),(T121,(((T154,T157),T160),T151))),((T50,T12),T84)),((T61,(T104,T111)),T149)),(T35,T179)),(((T60,T133),((((T27,T43),T165),(T42,(((T108,T90),T80),T96))),(((T105,(T136,T91)),T185),((T8,T38),T190)))),((T70,T193),T172))),(((T135,T187),((((T159,T198),T102),(T19,T54)),((T34,T150),(T79,T10)))),((T31,((T173,T109),T162)),((T127,(T73,T142)),T134)))),(((((T117,T200),T137),((((T176,T113),T59),(T46,(T87,T66))),T197)),((T110,(T51,T132)),T163)),((T67,(T161,T182)),T33))),(((((((((((T171,(T89,T24)),T147),T103),T181),T148),T140),T168),T174),(T55,(T20,T82))),T186),(((T177,(T141,T143)),T13),T65))),(((T93,T36),T56),(T131,T99))),T0),((((((((((((T29,T120),(T118,T191)),T11),(T97,T156)),(((T5,(T152,T25)),T53),(T81,T167))),(T92,T184)),T144),(((T86,((T71,T40),T64)),T4),(T188,T146))),((((T14,(T72,T158)),T129),((T164,T85),T32)),T107)),(((T192,(T175,T119)),T39),(T95,(T1,T100)))),((((T15,T45),T189),((T194,T52),((T6,T68),(T139,T180)))),T155)),((T145,(T30,T49)),(T94,((T21,T78),(T16,T128)))))),((((((T63,T7),(T112,T83)),((T178,T47),T22)),(T3,((T37,(T88,T44)),T62))),T116),T69)),(((T58,T153),(T195,T75)),(((T124,(T9,T183)),((T98,T26),T74)),(T77,T169)))),(((T57,T106),T199),((T114,(T76,T123)),(T48,T166)))),((T101,T126),T196)),T18),T138),T170),T2);
#NNI moves:0/236
Remaining: 0
#NNI moves:0/236
#NNI moves:0/236
(((((((((((((((((((((T37,(T88,T44)),T62),T3),(((T83,T112),(T7,T63)),((T47,T178),T22))),T116),T69),((((T199,(T57,T106)),((T114,(T76,T123)),(T48,T166))),(((T138,(T2,T170)),T18),((T126,T101),T196))),(((T153,T58),(T195,T75)),((((T9,T183),T124),((T26,T98),T74)),(T77,T169))))),((((((((((T156,T97),(((T118,T191),(T120,T29)),T11)),(((T5,(T152,T25)),T53),(T167,T81))),(T92,T184)),T144),(((T86,((T71,T40),T64)),T4),(T146,T188))),(((((T158,T72),T14),T129),(T32,(T164,T85))),T107)),(((T100,T1),T95),((T192,(T175,T119)),T39))),(((((T139,T180),(T6,T68)),(T52,T194)),(T189,(T45,T15))),T155)),((((T78,T21),(T128,T16)),T94),((T49,T30),T145)))),T0),((T131,T99),((T93,T36),T56))),((((((((((((T24,T89),T171),T147),T103),T181),T148),T140),T168),T174),((T82,T20),T55)),T186),((((T143,T141),T177),T13),T65))),(((((T51,T132),T110),T163),(((((T113,T176),T59),((T87,T66),T46)),T197),((T117,T200),T137))),(T33,((T161,T182),T67)))),(((((T19,T54),((T198,T159),T102)),((T150,T34),(T79,T10))),(T187,T135)),((T134,((T142,T73),T127)),(T31,((T173,T109),T162))))),((((((T43,T27),T165),(((T80,(T108,T90)),T96),T42)),((((T91,T136),T105),T185),(T190,(T8,T38)))),(T133,T60)),((T193,T70),T172))),(T179,T35)),(((T111,T104),T61),T149)),((T12,T50),T84)),((((T115,T28),(T41,T130)),(T125,(T122,T17))),T23)),T121),(T160,(T154,T157))),T151);
#NNI moves:0/236
Remaining: 0
#NNI moves:0/236
#NNI moves:0/236
(((((((((((((((((T81,T167),(((T25,T152),T5),T53)),((T156,T97),(((T118,T191),(T29,T120)),T11))),(T184,T92)),T144),((T4,(T86,((T71,T40),T64))),(T188,T146))),(((T129,((T158,T72),T14)),(T32,(T164,T85))),T107)),((((T175,T119),T192),T39),((T1,T100),T95))),(((((T6,T68),(T180,T139)),(T52,T194)),((T45,T15),T189)),T155)),((((T128,T16),(T78,T21)),T94),((T49,T30),T145))),((((((((((T54,T19),(T102,(T159,T198))),((T150,T34),(T79,T10))),(T135,T187)),((((T73,T142),T127),T134),(((T109,T173),T162),T31))),((((((((T80,(T108,T90)),T96),T42),(T165,(T27,T43))),((T190,(T38,T8)),((T105,(T91,T136)),T185))),(T133,T60)),(T172,(T70,T193))),(((((T104,T111),T61),T149),(((((T125,(T122,T17)),((T41,T130),(T115,T28))),T23),((((T157,T154),T160),T151),T121)),(T84,(T12,T50)))),(T179,T35)))),((((T110,(T132,T51)),T163),(((((T66,T87),T46),(T59,(T176,T113))),T197),(T137,(T117,T200)))),(((T182,T161),T67),T33))),(((((T168,(T140,(((T103,(T147,(T171,(T89,T24)))),T181),T148))),T174),((T82,T20),T55)),T186),(((T177,(T143,T141)),T13),T65))),((T99,T131),((T93,T36),T56))),T0)),((((((T7,T63),(T83,T112)),((T47,T178),T22)),((T62,((T88,T44),T37)),T3)),T116),T69)),(((((T2,T170),T138),T18),((T126,T101),T196)),(((T114,(T123,T76)),(T48,T166)),((T57,T106),T199)))),(((T124,(T9,T183)),((T26,T98),T74)),(T169,T77))),(T195,T75)),T153),T58);
Current score: 2.40217e+10
Current tree: ((T101,(T196,((((T2,T170),T138),T18),((((T114,(T123,T76)),(T48,T166)),((T57,T106),T199)),(((((((((((((T81,T167),(((T25,T152),T5),T53)),((T156,T97),(((T118,T191),(T29,T120)),T11))),(T184,T92)),T144),((T4,(T86,((T71,T40),T64))),(T188,T146))),(((T129,((T158,T72),T14)),(T32,(T164,T85))),T107)),((((T175,T119),T192),T39),((T1,T100),T95))),(((((T6,T68),(T180,T139)),(T52,T194)),((T45,T15),T189)),T155)),((((T128,T16),(T78,T21)),T94),((T49,T30),T145))),((((((((((T54,T19),(T102,(T159,T198))),((T150,T34),(T79,T10))),(T135,T187)),((((T73,T142),T127),T134),(((T109,T173),T162),T31))),((((((((T80,(T108,T90)),T96),T42),(T165,(T27,T43))),((T190,(T38,T8)),((T105,(T91,T136)),T185))),(T133,T60)),(T172,(T70,T193))),(((((T104,T111),T61),T149),(((((T125,(T122,T17)),((T41,T130),(T115,T28))),T23),((((T157,T154),T160),T151),T121)),(T84,(T12,T50)))),(T179,T35)))),((((T110,(T132,T51)),T163),(((((T66,T87),T46),(T59,(T176,T113))),T197),(T137,(T117,T200)))),(((T182,T161),T67),T33))),(((((T168,(T140,(((T103,(T147,(T171,(T89,T24)))),T181),T148))),T174),((T82,T20),T55)),T186),(((T177,(T143,T141)),T13),T65))),((T99,T131),((T93,T36),T56))),T0)),((((((T7,T63),(T83,T112)),((T47,T178),T22)),((T62,((T88,T44),T37)),T3)),T116),T69)),((((T124,(T9,T183)),((T26,T98),T74)),(T169,T77)),((T195,T75),(T153,T58)))))))),T126);
Final Tree: ((T101,(T196,((((T2,T170),T138),T18),((((T114,(T123,T76)),(T48,T166)),((T57,T106),T199)),(((((((((((((T81,T167),(((T25,T152),T5),T53)),((T156,T97),(((T118,T191),(T29,T120)),T11))),(T184,T92)),T144),((T4,(T86,((T71,T40),T64))),(T188,T146))),(((T129,((T158,T72),T14)),(T32,(T164,T85))),T107)),((((T175,T119),T192),T39),((T1,T100),T95))),(((((T6,T68),(T180,T139)),(T52,T194)),((T45,T15),T189)),T155)),((((T128,T16),(T78,T21)),T94),((T49,T30),T145))),((((((((((T54,T19),(T102,(T159,T198))),((T150,T34),(T79,T10))),(T135,T187)),((((T73,T142),T127),T134),(((T109,T173),T162),T31))),((((((((T80,(T108,T90)),T96),T42),(T165,(T27,T43))),((T190,(T38,T8)),((T105,(T91,T136)),T185))),(T133,T60)),(T172,(T70,T193))),(((((T104,T111),T61),T149),(((((T125,(T122,T17)),((T41,T130),(T115,T28))),T23),((((T157,T154),T160),T151),T121)),(T84,(T12,T50)))),(T179,T35)))),((((T110,(T132,T51)),T163),(((((T66,T87),T46),(T59,(T176,T113))),T197),(T137,(T117,T200)))),(((T182,T161),T67),T33))),(((((T168,(T140,(((T103,(T147,(T171,(T89,T24)))),T181),T148))),T174),((T82,T20),T55)),T186),(((T177,(T143,T141)),T13),T65))),((T99,T131),((T93,T36),T56))),T0)),((((((T7,T63),(T83,T112)),((T47,T178),T22)),((T62,((T88,T44),T37)),T3)),T116),T69)),((((T124,(T9,T183)),((T26,T98),T74)),(T169,T77)),((T195,T75),(T153,T58)))))))),T126);
Score: 2.402174463e+10

real	1m34.210s
user	29m49.021s
sys	0m21.459s
