
RAxML-NG v. 1.1.0-master released on 04.08.2022 by The Exelixis Lab.
Developed by: Alexey M. Kozlov and Alexandros Stamatakis.
Contributors: Diego Darriba, Tomas Flouri, Benoit Morel, Sarah Lutteropp, Ben Bettisworth.
Latest version: https://github.com/amkozlov/raxml-ng
Questions/problems/suggestions? Please visit: https://groups.google.com/forum/#!forum/raxml

System: AMD EPYC 7742 64-Core Processor, 128 cores, 251 GB RAM

RAxML-NG was called at 07-Jan-2023 04:24:29 as follows:

/home/chaos/programs/raxml-ng/raxml-ng/bin/raxml-ng --msa data/alignment/40_10X_S201_0_haploid --tree pars{1} --model GTR+G --threads 64

Analysis options:
  run mode: ML tree search
  start tree(s): parsimony (1)
  random seed: 1673094269
  tip-inner: OFF
  pattern compression: ON
  per-rate scalers: OFF
  site repeats: ON
  fast spr radius: AUTO
  spr subtree cutoff: 1.000000
  branch lengths: proportional (ML estimate, algorithm: NR-FAST)
  SIMD kernels: AVX2
  parallelization: coarse-grained (auto), PTHREADS (64 threads), thread pinning: OFF

[00:00:00] Reading alignment from file: data/alignment/40_10X_S201_0_haploid
[00:00:02] Loaded alignment with 201 taxa and 5000000 sites

Alignment comprises 1 partitions and 4999999 patterns

Partition 0: noname
Model: GTR+FO+G4m
Alignment sites / patterns: 5000000 / 4999999
Gaps: 0.00 %
Invariant sites: 0.00 %


NOTE: Binary MSA file created: data/alignment/40_10X_S201_0_haploid.raxml.rba

Parallelization scheme autoconfig: 1 worker(s) x 64 thread(s)

Parallel reduction/worker buffer size: 1 KB  / 0 KB

[00:00:23] Generating 1 parsimony starting tree(s) with 201 taxa
[00:00:59] Data distribution: max. partitions/sites/weight per thread: 1 / 78125 / 1250000
[00:00:59] Data distribution: max. searches per worker: 1

Starting ML tree search with 1 distinct starting trees

[00:01:01 -760236613.144659] Initial branch length optimization
[00:03:55 -714189740.475060] Model parameter optimization (eps = 10.000000)
[00:23:41 -692446094.577662] AUTODETECT spr round 1 (radius: 5)
[00:34:39 -691445099.375765] AUTODETECT spr round 2 (radius: 10)
[01:08:21 -691445093.907786] AUTODETECT spr round 3 (radius: 15)
[01:59:14 -691445093.873598] SPR radius for FAST iterations: 10 (autodetect)
[01:59:14 -691445093.873598] Model parameter optimization (eps = 3.000000)
[02:00:34 -691445061.602063] FAST spr round 1 (radius: 10)
[02:28:45 -691442643.228433] FAST spr round 2 (radius: 10)
[02:57:33 -691441969.117195] FAST spr round 3 (radius: 10)
[03:27:00 -691441959.642852] FAST spr round 4 (radius: 10)
[03:57:11 -691441955.054751] FAST spr round 5 (radius: 10)
[04:27:50 -691441955.053506] Model parameter optimization (eps = 1.000000)
[04:28:28 -691441955.012817] SLOW spr round 1 (radius: 5)
[05:43:25 -691432566.459658] SLOW spr round 2 (radius: 5)
[06:49:08 -691432566.458228] SLOW spr round 3 (radius: 10)
[08:08:32 -691432566.458143] SLOW spr round 4 (radius: 15)
[10:12:04 -691432566.458134] SLOW spr round 5 (radius: 20)
[11:41:42 -691432566.458134] SLOW spr round 6 (radius: 25)
[12:11:59 -691432566.458133] Model parameter optimization (eps = 0.100000)

[12:13:13] ML tree search #1, logLikelihood: -691432565.668976


Optimized model parameters:

   Partition 0: noname
   Rate heterogeneity: GAMMA (4 cats, mean),  alpha: 6.615644 (ML),  weights&rates: (0.250000,0.557903) (0.250000,0.834640) (0.250000,1.079849) (0.250000,1.527608) 
   Base frequencies (ML): 0.302892 0.204508 0.259951 0.232648 
   Substitution rates (ML): 1.225182 2.479401 0.484639 1.598495 2.584300 1.000000 


Final LogLikelihood: -691432565.668976

AIC score: 1382865947.337953 / AICc score: 1382865947.404707 / BIC score: 1382871424.716928
Free parameters (model + branch lengths): 408

Best ML tree saved to: /expanse/lustre/projects/uot138/chaos/ASTERISK-sim/data/alignment/40_10X_S201_0_haploid.raxml.bestTree
Optimized model saved to: /expanse/lustre/projects/uot138/chaos/ASTERISK-sim/data/alignment/40_10X_S201_0_haploid.raxml.bestModel

Execution log saved to: /expanse/lustre/projects/uot138/chaos/ASTERISK-sim/data/alignment/40_10X_S201_0_haploid.raxml.log

Analysis started: 07-Jan-2023 04:24:29 / finished: 07-Jan-2023 16:37:45

Elapsed time: 43996.241 seconds

Consumed energy: 4935.970 Wh (= 25 km in an electric car, or 123 km with an e-scooter!)

