
RAxML-NG v. 1.1.0-master released on 04.08.2022 by The Exelixis Lab.
Developed by: Alexey M. Kozlov and Alexandros Stamatakis.
Contributors: Diego Darriba, Tomas Flouri, Benoit Morel, Sarah Lutteropp, Ben Bettisworth.
Latest version: https://github.com/amkozlov/raxml-ng
Questions/problems/suggestions? Please visit: https://groups.google.com/forum/#!forum/raxml

System: AMD EPYC 7742 64-Core Processor, 128 cores, 251 GB RAM

RAxML-NG was called at 07-Jan-2023 04:24:29 as follows:

/home/chaos/programs/raxml-ng/raxml-ng/bin/raxml-ng --msa data/alignment/42_10X_S201_0_haploid --tree pars{1} --model GTR+G --threads 64

Analysis options:
  run mode: ML tree search
  start tree(s): parsimony (1)
  random seed: 1673094269
  tip-inner: OFF
  pattern compression: ON
  per-rate scalers: OFF
  site repeats: ON
  fast spr radius: AUTO
  spr subtree cutoff: 1.000000
  branch lengths: proportional (ML estimate, algorithm: NR-FAST)
  SIMD kernels: AVX2
  parallelization: coarse-grained (auto), PTHREADS (64 threads), thread pinning: OFF

[00:00:00] Reading alignment from file: data/alignment/42_10X_S201_0_haploid
[00:00:02] Loaded alignment with 201 taxa and 5000000 sites

Alignment comprises 1 partitions and 5000000 patterns

Partition 0: noname
Model: GTR+FO+G4m
Alignment sites / patterns: 5000000 / 5000000
Gaps: 0.00 %
Invariant sites: 0.00 %


NOTE: Binary MSA file created: data/alignment/42_10X_S201_0_haploid.raxml.rba

Parallelization scheme autoconfig: 1 worker(s) x 64 thread(s)

Parallel reduction/worker buffer size: 1 KB  / 0 KB

[00:00:24] Generating 1 parsimony starting tree(s) with 201 taxa
[00:01:01] Data distribution: max. partitions/sites/weight per thread: 1 / 78125 / 1250000
[00:01:01] Data distribution: max. searches per worker: 1

Starting ML tree search with 1 distinct starting trees

[00:01:03 -749200246.553401] Initial branch length optimization
[00:03:16 -705728915.137984] Model parameter optimization (eps = 10.000000)
[00:14:25 -677546961.530450] AUTODETECT spr round 1 (radius: 5)
[00:26:13 -676636098.459126] AUTODETECT spr round 2 (radius: 10)
[01:00:41 -676636098.456730] SPR radius for FAST iterations: 5 (autodetect)
[01:00:41 -676636098.456730] Model parameter optimization (eps = 3.000000)
[01:01:52 -676636062.708036] FAST spr round 1 (radius: 5)
[01:26:48 -676627843.144382] FAST spr round 2 (radius: 5)
[01:49:01 -676624376.983919] FAST spr round 3 (radius: 5)
[02:12:25 -676622081.847739] FAST spr round 4 (radius: 5)
[02:36:03 -676620606.827512] FAST spr round 5 (radius: 5)
[02:59:18 -676620606.826205] Model parameter optimization (eps = 1.000000)
[02:59:57 -676620606.157658] SLOW spr round 1 (radius: 5)
[04:09:59 -676620606.157658] SLOW spr round 2 (radius: 10)
[05:27:55 -676620606.157658] SLOW spr round 3 (radius: 15)
[07:37:58 -676620606.157658] SLOW spr round 4 (radius: 20)
[09:15:36 -676620606.157658] SLOW spr round 5 (radius: 25)
[09:43:27 -676620606.157658] Model parameter optimization (eps = 0.100000)

[09:45:51] ML tree search #1, logLikelihood: -676620605.440189


Optimized model parameters:

   Partition 0: noname
   Rate heterogeneity: GAMMA (4 cats, mean),  alpha: 16.711848 (ML),  weights&rates: (0.250000,0.708439) (0.250000,0.904446) (0.250000,1.061487) (0.250000,1.325628) 
   Base frequencies (ML): 0.260158 0.270653 0.230700 0.238488 
   Substitution rates (ML): 4.297942 4.343166 1.422338 2.512608 6.942074 1.000000 


Final LogLikelihood: -676620605.440189

AIC score: 1353242026.880378 / AICc score: 1353242026.947133 / BIC score: 1353247504.259354
Free parameters (model + branch lengths): 408

Best ML tree saved to: /expanse/lustre/projects/uot138/chaos/ASTERISK-sim/data/alignment/42_10X_S201_0_haploid.raxml.bestTree
Optimized model saved to: /expanse/lustre/projects/uot138/chaos/ASTERISK-sim/data/alignment/42_10X_S201_0_haploid.raxml.bestModel

Execution log saved to: /expanse/lustre/projects/uot138/chaos/ASTERISK-sim/data/alignment/42_10X_S201_0_haploid.raxml.log

Analysis started: 07-Jan-2023 04:24:29 / finished: 07-Jan-2023 14:10:21

Elapsed time: 35152.210 seconds

Consumed energy: 3905.774 Wh (= 20 km in an electric car, or 98 km with an e-scooter!)

