Weighted ASTRAL - Hybrid
Version: v1.13.2.3
#Genetrees: 1998
#Species: 201
#Rounds: 4
#Samples: 4
#Threads: 32
Use two-step algorithm!
Guide Tree 0/27
#NNI moves:0/236
Guide Tree 1/27
#NNI moves:0/236
Guide Tree 2/27
#NNI moves:0/236
Guide Tree 3/27
#NNI moves:0/236
Guide Tree 4/27
#NNI moves:0/236
Guide Tree 5/27
#NNI moves:0/236
Guide Tree 6/27
#NNI moves:0/236
Guide Tree 7/27
#NNI moves:0/236
Guide Tree 8/27
#NNI moves:0/236
Guide Tree 9/27
#NNI moves:0/236
Guide Tree 10/27
#NNI moves:0/236
Guide Tree 11/27
#NNI moves:0/236
Guide Tree 12/27
#NNI moves:0/236
Guide Tree 13/27
#NNI moves:0/236
Guide Tree 14/27
#NNI moves:0/236
Guide Tree 15/27
#NNI moves:0/236
Guide Tree 16/27
#NNI moves:0/236
Guide Tree 17/27
#NNI moves:0/236
Guide Tree 18/27
#NNI moves:0/236
Guide Tree 19/27
#NNI moves:0/236
Guide Tree 20/27
#NNI moves:0/236
Guide Tree 21/27
#NNI moves:0/236
Guide Tree 22/27
#NNI moves:0/236
Guide Tree 23/27
#NNI moves:0/236
Guide Tree 24/27
#NNI moves:0/236
Guide Tree 25/27
#NNI moves:0/236
Guide Tree 26/27
#NNI moves:0/236
Remaining: 0
#NNI moves:0/236
#NNI moves:0/236
((((((((((((((((((((T29,T86),(((T33,T129),T57),T183)),(((T26,((T125,T27),(T76,T13))),T12),T173)),(T178,T103)),(((((((((T98,T190),T160),T32),T37),(T96,T88)),T108),(T157,T127)),T4),T164)),(((((T147,T131),T43),(T73,T132)),(((((T1,T87),T167),T84),T14),T177)),(((T159,T85),(T115,T38)),T105))),(T161,T179)),((T49,(T66,T15)),(((T64,T174),T70),(((T97,T138),((T104,T77),(T53,T162))),((T113,T128),(T120,T35)))))),(T62,T119)),((((((((T78,T122),T165),(((T169,T17),T149),(T48,T54))),((T150,T23),(T156,T40))),((T69,((T55,T79),T172)),T28)),(T188,(T182,T184))),((T46,T45),(T75,T44))),((((T8,T176),((((T126,T158),T142),T21),((T61,T112),(T144,T180)))),(T195,T185)),(((((T123,T7),T155),((T152,T90),T39)),((((T121,T56),T170),T148),((((T117,(T19,(T60,T11))),(T25,T106)),T139),(T83,T191)))),((T18,T200),((T2,T194),(T140,T99))))))),T0),((((((((T110,T114),(T74,T36)),(T41,T63)),T67),(((T30,T51),T82),(T50,T59))),(T153,(T58,T95))),((((((((T89,T9),(((T72,T166),T196),T124)),T199),T65),T52),((T145,T22),(T186,T193))),T34),T143)),(((((T192,T175),(((T116,(T94,T134)),T189),T146)),(((T171,T47),T130),T20)),(T42,T154)),(T101,T163)))),((((((((T197,T141),(T80,T102)),T31),(T135,T118)),T92),(T6,T198)),((T71,T136),(T3,T93))),((T168,T24),(((T181,T137),T5),T91)))),T133),(T151,T187)),(T100,T68)),(T111,T81)),(T10,T16)),T107),T109);
Guide Tree 0/27
#NNI moves:0/236
Guide Tree 1/27
#NNI moves:0/236
Guide Tree 2/27
#NNI moves:0/236
Guide Tree 3/27
#NNI moves:0/236
Guide Tree 4/27
#NNI moves:0/236
Guide Tree 5/27
#NNI moves:0/236
Guide Tree 6/27
#NNI moves:0/236
Guide Tree 7/27
#NNI moves:0/236
Guide Tree 8/27
#NNI moves:0/236
Guide Tree 9/27
#NNI moves:0/236
Guide Tree 10/27
#NNI moves:0/236
Guide Tree 11/27
#NNI moves:0/236
Guide Tree 12/27
#NNI moves:0/236
Guide Tree 13/27
#NNI moves:0/236
Guide Tree 14/27
#NNI moves:0/236
Guide Tree 15/27
#NNI moves:0/236
Guide Tree 16/27
#NNI moves:0/236
Guide Tree 17/27
#NNI moves:0/236
Guide Tree 18/27
#NNI moves:0/236
Guide Tree 19/27
#NNI moves:0/236
Guide Tree 20/27
#NNI moves:0/236
Guide Tree 21/27
#NNI moves:0/236
Guide Tree 22/27
#NNI moves:0/236
Guide Tree 23/27
#NNI moves:0/236
Guide Tree 24/27
#NNI moves:0/236
Guide Tree 25/27
#NNI moves:0/236
Guide Tree 26/27
#NNI moves:0/236
Remaining: 0
#NNI moves:1/236
#NNI moves:1/236
((((((((((((((((((((T12,(((T13,T76),(T125,T27)),T26)),T173),((((T33,T129),T57),T183),(T86,T29))),(T103,T178)),((((T127,T157),(T108,(((((T190,T98),T160),T32),T37),(T88,T96)))),T4),T164)),((((T115,T38),(T85,T159)),T105),((((T131,T147),T43),(T132,T73)),((((T167,(T1,T87)),T84),T14),T177)))),(T179,T161)),((((((T162,T53),(T104,T77)),(T138,T97)),((T120,T35),(T128,T113))),(T70,(T64,T174))),(T49,(T66,T15)))),(T119,T62)),(((((((((((T60,T11),T19),T117),(T106,T25)),T139),(T83,T191)),(((T56,T121),T170),T148)),(((T123,T7),T155),((T90,T152),T39))),(((T2,T194),(T99,T140)),(T200,T18))),(((((T112,T61),(T144,T180)),((T142,(T126,T158)),T21)),(T176,T8)),(T195,T185))),(((((((T149,(T169,T17)),(T48,T54)),((T78,T122),T165)),((T150,T23),(T40,T156))),((T69,(T172,(T55,T79))),T28)),((T184,T182),T188)),((T45,T46),(T75,T44))))),T0),((((((T52,((T199,((T89,T9),(T124,((T166,T72),T196)))),T65)),((T22,T145),(T186,T193))),T34),T143),((((T50,T59),((T51,T30),T82)),((((T110,T114),(T74,T36)),(T41,T63)),T67)),(T153,(T95,T58)))),(((((T192,T175),((T189,((T94,T134),T116)),T146)),(((T47,T171),T130),T20)),(T154,T42)),(T163,T101)))),((((T92,((((T141,T197),(T80,T102)),T31),(T135,T118))),(T6,T198)),((T71,T136),(T93,T3))),((T91,((T137,T181),T5)),(T168,T24)))),T133),(T187,T151)),(T68,T100)),(T111,T81)),(T10,T16)),T107),T109);
Guide Tree 0/27
#NNI moves:0/236
Guide Tree 1/27
#NNI moves:0/236
Guide Tree 2/27
#NNI moves:0/236
Guide Tree 3/27
#NNI moves:0/236
Guide Tree 4/27
#NNI moves:0/236
Guide Tree 5/27
#NNI moves:0/236
Guide Tree 6/27
#NNI moves:0/236
Guide Tree 7/27
#NNI moves:0/236
Guide Tree 8/27
#NNI moves:0/236
Guide Tree 9/27
#NNI moves:0/236
Guide Tree 10/27
#NNI moves:0/236
Guide Tree 11/27
#NNI moves:0/236
Guide Tree 12/27
#NNI moves:0/236
Guide Tree 13/27
#NNI moves:0/236
Guide Tree 14/27
#NNI moves:0/236
Guide Tree 15/27
#NNI moves:0/236
Guide Tree 16/27
#NNI moves:0/236
Guide Tree 17/27
#NNI moves:0/236
Guide Tree 18/27
#NNI moves:0/236
Guide Tree 19/27
#NNI moves:0/236
Guide Tree 20/27
#NNI moves:0/236
Guide Tree 21/27
#NNI moves:0/236
Guide Tree 22/27
#NNI moves:0/236
Guide Tree 23/27
#NNI moves:0/236
Guide Tree 24/27
#NNI moves:0/236
Guide Tree 25/27
#NNI moves:0/236
Guide Tree 26/27
#NNI moves:0/236
Remaining: 0
#NNI moves:0/236
#NNI moves:0/236
(((((((((((((((((((T173,((((T125,T27),(T13,T76)),T26),T12)),((T86,T29),(((T33,T129),T57),T183))),(T103,T178)),((((T157,T127),(((T37,(((T98,T190),T160),T32)),(T96,T88)),T108)),T4),T164)),(((((((T1,T87),T167),T84),T14),T177),((T73,T132),(T43,(T131,T147)))),(((T159,T85),(T38,T115)),T105))),(T179,T161)),((((((T53,T162),(T104,T77)),(T97,T138)),((T35,T120),(T128,T113))),(T70,(T174,T64))),((T15,T66),T49))),(T62,T119)),((((((((T55,T79),T172),T69),T28),((((T122,T78),T165),((T48,T54),((T169,T17),T149))),((T23,T150),(T40,T156)))),(T188,(T184,T182))),((T45,T46),(T75,T44))),(((((((T158,T126),T142),T21),((T144,T180),(T112,T61))),(T176,T8)),(T185,T195)),((((((T56,T121),T170),T148),(((((T19,(T11,T60)),T117),(T106,T25)),T139),(T83,T191))),(((T123,T7),T155),(T39,(T90,T152)))),(((T140,T99),(T2,T194)),(T18,T200)))))),T0),((((((((T110,T114),(T74,T36)),(T41,T63)),T67),((T82,(T30,T51)),(T50,T59))),((T95,T58),T153)),(((((((((T196,(T72,T166)),T124),(T9,T89)),T199),T65),T52),((T22,T145),(T186,T193))),T34),T143)),(((((((T116,(T94,T134)),T189),T146),(T192,T175)),(T20,((T171,T47),T130))),(T154,T42)),(T101,T163)))),((((((((T197,T141),(T80,T102)),T31),(T118,T135)),T92),(T198,T6)),((T136,T71),(T93,T3))),((T91,((T181,T137),T5)),(T168,T24)))),T133),(T187,T151)),(T68,T100)),(T81,T111)),(T10,T16)),T107),T109);
Guide Tree 0/27
#NNI moves:0/236
Guide Tree 1/27
#NNI moves:0/236
Guide Tree 2/27
#NNI moves:0/236
Guide Tree 3/27
#NNI moves:0/236
Guide Tree 4/27
#NNI moves:0/236
Guide Tree 5/27
#NNI moves:0/236
Guide Tree 6/27
#NNI moves:0/236
Guide Tree 7/27
#NNI moves:0/236
Guide Tree 8/27
#NNI moves:0/236
Guide Tree 9/27
#NNI moves:0/236
Guide Tree 10/27
#NNI moves:0/236
Guide Tree 11/27
#NNI moves:0/236
Guide Tree 12/27
#NNI moves:0/236
Guide Tree 13/27
#NNI moves:0/236
Guide Tree 14/27
#NNI moves:0/236
Guide Tree 15/27
#NNI moves:0/236
Guide Tree 16/27
#NNI moves:0/236
Guide Tree 17/27
#NNI moves:0/236
Guide Tree 18/27
#NNI moves:0/236
Guide Tree 19/27
#NNI moves:0/236
Guide Tree 20/27
#NNI moves:0/236
Guide Tree 21/27
#NNI moves:0/236
Guide Tree 22/27
#NNI moves:0/236
Guide Tree 23/27
#NNI moves:0/236
Guide Tree 24/27
#NNI moves:0/236
Guide Tree 25/27
#NNI moves:0/236
Guide Tree 26/27
#NNI moves:0/236
Remaining: 0
#NNI moves:0/236
#NNI moves:0/236
(((((((((((((((((((T85,T159),(T115,T38)),T105),(((((T167,(T1,T87)),T84),T14),T177),(((T147,T131),T43),(T132,T73)))),(((((((T96,T88),((T32,(T160,(T190,T98))),T37)),T108),(T127,T157)),T4),T164),((((((T129,T33),T57),T183),(T29,T86)),(((((T76,T13),(T27,T125)),T26),T12),T173)),(T103,T178)))),(T179,T161)),(((((T97,T138),((T162,T53),(T104,T77))),((T113,T128),(T35,T120))),((T174,T64),T70)),((T15,T66),T49))),(T119,T62)),(((((T18,T200),((T194,T2),(T99,T140))),((((T139,((T106,T25),(((T11,T60),T19),T117))),(T191,T83)),(((T56,T121),T170),T148)),(((T7,T123),T155),((T90,T152),T39)))),(((T176,T8),((T21,((T158,T126),T142)),((T112,T61),(T180,T144)))),(T195,T185))),((((((T40,T156),(T150,T23)),((T165,(T122,T78)),((T48,T54),((T169,T17),T149)))),((T69,(T172,(T79,T55))),T28)),(T188,(T182,T184))),((T46,T45),(T44,T75))))),T0),((((((((T74,T36),(T114,T110)),(T63,T41)),T67),((T82,(T30,T51)),(T50,T59))),((T58,T95),T153)),(((((T186,T193),(T22,T145)),((T65,(((T89,T9),(((T166,T72),T196),T124)),T199)),T52)),T34),T143)),((((T20,((T47,T171),T130)),((((T116,(T94,T134)),T189),T146),(T175,T192))),(T154,T42)),(T163,T101)))),((((T6,T198),(((((T102,T80),(T141,T197)),T31),(T118,T135)),T92)),((T136,T71),(T93,T3))),((T91,((T181,T137),T5)),(T24,T168)))),T133),(T187,T151)),(T68,T100)),(T111,T81)),(T16,T10)),T107),T109);
Initial score: 3.6089e+10
Initial tree: (((((((((((((((((((T85,T159),(T115,T38)),T105),(((((T167,(T1,T87)),T84),T14),T177),(((T147,T131),T43),(T132,T73)))),(((((((T96,T88),((T32,(T160,(T190,T98))),T37)),T108),(T127,T157)),T4),T164),((((((T129,T33),T57),T183),(T29,T86)),(((((T76,T13),(T27,T125)),T26),T12),T173)),(T103,T178)))),(T179,T161)),(((((T97,T138),((T162,T53),(T104,T77))),((T113,T128),(T35,T120))),((T174,T64),T70)),((T15,T66),T49))),(T119,T62)),(((((T18,T200),((T194,T2),(T99,T140))),((((T139,((T106,T25),(((T11,T60),T19),T117))),(T191,T83)),(((T56,T121),T170),T148)),(((T7,T123),T155),((T90,T152),T39)))),(((T176,T8),((T21,((T158,T126),T142)),((T112,T61),(T180,T144)))),(T195,T185))),((((((T40,T156),(T150,T23)),((T165,(T122,T78)),((T48,T54),((T169,T17),T149)))),((T69,(T172,(T79,T55))),T28)),(T188,(T182,T184))),((T46,T45),(T44,T75))))),T0),((((((((T74,T36),(T114,T110)),(T63,T41)),T67),((T82,(T30,T51)),(T50,T59))),((T58,T95),T153)),(((((T186,T193),(T22,T145)),((T65,(((T89,T9),(((T166,T72),T196),T124)),T199)),T52)),T34),T143)),((((T20,((T47,T171),T130)),((((T116,(T94,T134)),T189),T146),(T175,T192))),(T154,T42)),(T163,T101)))),((((T6,T198),(((((T102,T80),(T141,T197)),T31),(T118,T135)),T92)),((T136,T71),(T93,T3))),((T91,((T181,T137),T5)),(T24,T168)))),T133),(T187,T151)),(T68,T100)),(T111,T81)),(T16,T10)),T107),T109);
*** Subsample Process ***
Use two-step algorithm!
#NNI moves:0/236
Remaining: 0
#NNI moves:0/236
#NNI moves:0/236
(((((((((((((((((((((((T74,T36),(T114,T110)),(T63,T41)),T67),((T50,T59),((T30,T51),T82))),(T153,(T58,T95))),(((((T22,T145),(T193,T186)),(T52,((T199,(((T196,(T166,T72)),T124),(T9,T89))),T65))),T34),T143)),(((T154,T42),((((T171,T47),T130),T20),((T146,(((T134,T94),T116),T189)),(T175,T192)))),(T101,T163))),(((((((((T80,T102),(T197,T141)),T31),(T135,T118)),T92),(T198,T6)),((T136,T71),(T93,T3))),(((T5,(T137,T181)),T91),(T168,T24))),((((((T107,T109),(T16,T10)),(T81,T111)),(T100,T68)),(T151,T187)),T133))),T0),((((((((((T19,(T60,T11)),T117),(T106,T25)),T139),(T191,T83)),((T170,(T56,T121)),T148)),(((T90,T152),T39),((T7,T123),T155))),(((T194,T2),(T99,T140)),(T18,T200))),(((((T112,T61),(T180,T144)),(((T158,T126),T142),T21)),(T8,T176)),(T195,T185))),((((((T40,T156),(T150,T23)),(((T122,T78),T165),((T54,T48),(T149,(T17,T169))))),(((T172,(T55,T79)),T69),T28)),((T182,T184),T188)),((T44,T75),(T46,T45))))),(T62,T119)),(((((T138,T97),((T104,T77),(T162,T53))),((T113,T128),(T120,T35))),((T174,T64),T70)),((T15,T66),T49))),(T161,T179)),(((((((T129,T33),T57),T183),(T29,T86)),(((((T76,T13),(T27,T125)),T26),T12),T173)),(T103,T178)),(((((((((T190,T98),T160),T32),T37),(T96,T88)),T108),(T127,T157)),T4),T164))),(((T159,T85),(T115,T38)),T105)),(((T131,T147),T43),(T132,T73))),T177),T14),T84),T167),T87),T1);
#NNI moves:0/236
Remaining: 0
#NNI moves:0/236
#NNI moves:0/236
((((((((((((((((((T7,T123),T155),(T39,(T152,T90))),(((((T25,T106),(((T11,T60),T19),T117)),T139),(T83,T191)),(((T121,T56),T170),T148))),(((T194,T2),(T140,T99)),(T200,T18))),((((T21,((T126,T158),T142)),((T180,T144),(T112,T61))),(T8,T176)),(T185,T195))),((((((T156,T40),(T150,T23)),(((T78,T122),T165),((T149,(T169,T17)),(T48,T54)))),((((T55,T79),T172),T69),T28)),((T184,T182),T188)),((T75,T44),(T46,T45)))),(((((((((T127,T157),(T108,(((((T190,T98),T160),T32),T37),(T96,T88)))),T4),T164),((T178,T103),((((((T13,T76),(T125,T27)),T26),T12),T173),(((T57,(T33,T129)),T183),(T29,T86))))),(((T177,((((T87,T1),T167),T84),T14)),((T43,(T147,T131)),(T73,T132))),(((T38,T115),(T85,T159)),T105))),(T161,T179)),((((((T53,T162),(T104,T77)),(T138,T97)),((T120,T35),(T113,T128))),((T174,T64),T70)),((T15,T66),T49))),(T62,T119))),T0),((((((((T110,T114),(T36,T74)),(T63,T41)),T67),((T50,T59),((T30,T51),T82))),((T95,T58),T153)),((((((((((T166,T72),T196),T124),(T9,T89)),T199),T65),T52),((T145,T22),(T186,T193))),T34),T143)),(((((T130,(T171,T47)),T20),(((((T134,T94),T116),T189),T146),(T192,T175))),(T154,T42)),(T163,T101)))),((((((((T102,T80),(T141,T197)),T31),(T118,T135)),T92),(T6,T198)),((T71,T136),(T93,T3))),((T168,T24),((T5,(T137,T181)),T91)))),T133),(T187,T151)),(T68,T100)),(T81,T111)),(T16,T10)),T109),T107);
#NNI moves:0/236
Remaining: 0
#NNI moves:0/236
#NNI moves:0/236
(((((((((((((((((((T197,T141),(T102,T80)),T31),(T135,T118)),T92),(T6,T198)),((T71,T136),(T3,T93))),((T24,T168),(((T137,T181),T5),T91))),(T133,(((((T10,T16),(T109,T107)),(T111,T81)),(T68,T100)),(T151,T187)))),((((T153,(T95,T58)),((((T41,T63),((T110,T114),(T36,T74))),T67),((T50,T59),((T30,T51),T82)))),(T143,(((T52,((((T9,T89),((T196,(T72,T166)),T124)),T199),T65)),((T193,T186),(T145,T22))),T34))),(((T42,T154),((((T189,(T116,(T134,T94))),T146),(T175,T192)),((T130,(T171,T47)),T20))),(T101,T163)))),T0),((((((((((T167,(T87,T1)),T84),T14),T177),((T132,T73),((T131,T147),T43))),(((T38,T115),(T159,T85)),T105)),(((((T29,T86),((T57,(T129,T33)),T183)),(((((T76,T13),(T27,T125)),T26),T12),T173)),(T178,T103)),((T4,(((((((T98,T190),T160),T32),T37),(T88,T96)),T108),(T127,T157))),T164))),(T179,T161)),((((T64,T174),T70),(((T120,T35),(T128,T113)),(((T53,T162),(T77,T104)),(T97,T138)))),(T49,(T15,T66)))),(T62,T119))),((((((T150,T23),(T156,T40)),((((T169,T17),T149),(T48,T54)),((T78,T122),T165))),((((T55,T79),T172),T69),T28)),((T184,T182),T188)),((T45,T46),(T75,T44)))),(((((T142,(T158,T126)),T21),((T144,T180),(T61,T112))),(T8,T176)),(T195,T185))),(((T99,T140),(T194,T2)),(T18,T200))),(((((((T60,T11),T19),T117),(T106,T25)),T139),(T83,T191)),((T170,(T121,T56)),T148))),((T152,T90),T39)),(T7,T123)),T155);
#NNI moves:0/236
Remaining: 0
#NNI moves:0/236
#NNI moves:0/236
((((((((((((((((((((((T1,T87),T167),T84),T14),T177),((T73,T132),((T147,T131),T43))),(((T38,T115),(T85,T159)),T105)),((((((((((T190,T98),T160),T32),T37),(T96,T88)),T108),(T127,T157)),T4),T164),((((T12,(((T13,T76),(T27,T125)),T26)),T173),((((T129,T33),T57),T183),(T86,T29))),(T178,T103)))),(T179,T161)),((((((T162,T53),(T77,T104)),(T97,T138)),((T128,T113),(T35,T120))),(T70,(T64,T174))),((T66,T15),T49))),(T62,T119)),(((((T8,T176),(((T180,T144),(T61,T112)),(((T158,T126),T142),T21))),(T185,T195)),(((((T139,((T117,((T60,T11),T19)),(T25,T106))),(T83,T191)),(T148,((T121,T56),T170))),(((T90,T152),T39),((T123,T7),T155))),(((T140,T99),(T2,T194)),(T18,T200)))),(((((((T55,T79),T172),T69),T28),(((T156,T40),(T23,T150)),(((T149,(T169,T17)),(T54,T48)),((T122,T78),T165)))),((T184,T182),T188)),((T44,T75),(T45,T46))))),T0),((((((T130,(T47,T171)),T20),(((T189,(T116,(T134,T94))),T146),(T192,T175))),(T42,T154)),(T163,T101)),((((((T30,T51),T82),(T59,T50)),(T67,(((T114,T110),(T36,T74)),(T41,T63)))),(T153,(T95,T58))),((((((T199,((T89,T9),(((T72,T166),T196),T124))),T65),T52),((T193,T186),(T145,T22))),T34),T143)))),(((((T137,T181),T5),T91),(T24,T168)),(((T92,((T135,T118),(((T102,T80),(T197,T141)),T31))),(T6,T198)),((T136,T71),(T3,T93))))),T133),(T151,T187)),(T68,T100)),(T81,T111)),(T16,T10)),T109),T107);
Current score: 3.6089e+10
Current tree: ((((((((((((((((((((((T1,T87),T167),T84),T14),T177),((T73,T132),((T147,T131),T43))),(((T38,T115),(T85,T159)),T105)),((((((((((T190,T98),T160),T32),T37),(T96,T88)),T108),(T127,T157)),T4),T164),((((T12,(((T13,T76),(T27,T125)),T26)),T173),((((T129,T33),T57),T183),(T86,T29))),(T178,T103)))),(T179,T161)),((((((T162,T53),(T77,T104)),(T97,T138)),((T128,T113),(T35,T120))),(T70,(T64,T174))),((T66,T15),T49))),(T62,T119)),(((((T8,T176),(((T180,T144),(T61,T112)),(((T158,T126),T142),T21))),(T185,T195)),(((((T139,((T117,((T60,T11),T19)),(T25,T106))),(T83,T191)),(T148,((T121,T56),T170))),(((T90,T152),T39),((T123,T7),T155))),(((T140,T99),(T2,T194)),(T18,T200)))),(((((((T55,T79),T172),T69),T28),(((T156,T40),(T23,T150)),(((T149,(T169,T17)),(T54,T48)),((T122,T78),T165)))),((T184,T182),T188)),((T44,T75),(T45,T46))))),T0),((((((T130,(T47,T171)),T20),(((T189,(T116,(T134,T94))),T146),(T192,T175))),(T42,T154)),(T163,T101)),((((((T30,T51),T82),(T59,T50)),(T67,(((T114,T110),(T36,T74)),(T41,T63)))),(T153,(T95,T58))),((((((T199,((T89,T9),(((T72,T166),T196),T124))),T65),T52),((T193,T186),(T145,T22))),T34),T143)))),(((((T137,T181),T5),T91),(T24,T168)),(((T92,((T135,T118),(((T102,T80),(T197,T141)),T31))),(T6,T198)),((T136,T71),(T3,T93))))),T133),(T151,T187)),(T68,T100)),(T81,T111)),(T16,T10)),T107),T109);
Final Tree: ((((((((((((((((((((((T1,T87),T167),T84),T14),T177),((T73,T132),((T147,T131),T43))),(((T38,T115),(T85,T159)),T105)),((((((((((T190,T98),T160),T32),T37),(T96,T88)),T108),(T127,T157)),T4),T164),((((T12,(((T13,T76),(T27,T125)),T26)),T173),((((T129,T33),T57),T183),(T86,T29))),(T178,T103)))),(T179,T161)),((((((T162,T53),(T77,T104)),(T97,T138)),((T128,T113),(T35,T120))),(T70,(T64,T174))),((T66,T15),T49))),(T62,T119)),(((((T8,T176),(((T180,T144),(T61,T112)),(((T158,T126),T142),T21))),(T185,T195)),(((((T139,((T117,((T60,T11),T19)),(T25,T106))),(T83,T191)),(T148,((T121,T56),T170))),(((T90,T152),T39),((T123,T7),T155))),(((T140,T99),(T2,T194)),(T18,T200)))),(((((((T55,T79),T172),T69),T28),(((T156,T40),(T23,T150)),(((T149,(T169,T17)),(T54,T48)),((T122,T78),T165)))),((T184,T182),T188)),((T44,T75),(T45,T46))))),T0),((((((T130,(T47,T171)),T20),(((T189,(T116,(T134,T94))),T146),(T192,T175))),(T42,T154)),(T163,T101)),((((((T30,T51),T82),(T59,T50)),(T67,(((T114,T110),(T36,T74)),(T41,T63)))),(T153,(T95,T58))),((((((T199,((T89,T9),(((T72,T166),T196),T124))),T65),T52),((T193,T186),(T145,T22))),T34),T143)))),(((((T137,T181),T5),T91),(T24,T168)),(((T92,((T135,T118),(((T102,T80),(T197,T141)),T31))),(T6,T198)),((T136,T71),(T3,T93))))),T133),(T151,T187)),(T68,T100)),(T81,T111)),(T16,T10)),T107),T109);
Score: 3.60889947e+10

real	1m31.038s
user	31m5.198s
sys	0m22.286s
