
RAxML-NG v. 1.1.0-master released on 04.08.2022 by The Exelixis Lab.
Developed by: Alexey M. Kozlov and Alexandros Stamatakis.
Contributors: Diego Darriba, Tomas Flouri, Benoit Morel, Sarah Lutteropp, Ben Bettisworth.
Latest version: https://github.com/amkozlov/raxml-ng
Questions/problems/suggestions? Please visit: https://groups.google.com/forum/#!forum/raxml

System: AMD EPYC 7742 64-Core Processor, 128 cores, 251 GB RAM

RAxML-NG was called at 07-Jan-2023 04:24:29 as follows:

/home/chaos/programs/raxml-ng/raxml-ng/bin/raxml-ng --msa data/alignment/50_10X_S201_0_haploid --tree pars{1} --model GTR+G --threads 64

Analysis options:
  run mode: ML tree search
  start tree(s): parsimony (1)
  random seed: 1673094269
  tip-inner: OFF
  pattern compression: ON
  per-rate scalers: OFF
  site repeats: ON
  fast spr radius: AUTO
  spr subtree cutoff: 1.000000
  branch lengths: proportional (ML estimate, algorithm: NR-FAST)
  SIMD kernels: AVX2
  parallelization: coarse-grained (auto), PTHREADS (64 threads), thread pinning: OFF

[00:00:00] Reading alignment from file: data/alignment/50_10X_S201_0_haploid
[00:00:02] Loaded alignment with 201 taxa and 5000000 sites

Alignment comprises 1 partitions and 5000000 patterns

Partition 0: noname
Model: GTR+FO+G4m
Alignment sites / patterns: 5000000 / 5000000
Gaps: 0.00 %
Invariant sites: 0.00 %


NOTE: Binary MSA file created: data/alignment/50_10X_S201_0_haploid.raxml.rba

Parallelization scheme autoconfig: 1 worker(s) x 64 thread(s)

Parallel reduction/worker buffer size: 1 KB  / 0 KB

[00:00:25] Generating 1 parsimony starting tree(s) with 201 taxa
[00:01:01] Data distribution: max. partitions/sites/weight per thread: 1 / 78125 / 1250000
[00:01:01] Data distribution: max. searches per worker: 1

Starting ML tree search with 1 distinct starting trees

[00:01:03 -778305238.085396] Initial branch length optimization
[00:03:59 -733125644.617546] Model parameter optimization (eps = 10.000000)
[00:18:20 -700855560.740894] AUTODETECT spr round 1 (radius: 5)
[00:31:12 -699729481.147798] AUTODETECT spr round 2 (radius: 10)
[01:08:08 -699729481.142661] SPR radius for FAST iterations: 5 (autodetect)
[01:08:08 -699729481.142661] Model parameter optimization (eps = 3.000000)
[01:09:32 -699729442.587274] FAST spr round 1 (radius: 5)
[01:42:21 -699635448.097848] FAST spr round 2 (radius: 5)
[02:08:25 -699629389.852466] FAST spr round 3 (radius: 5)
[02:33:10 -699627989.082181] FAST spr round 4 (radius: 5)
[02:59:24 -699627227.666418] FAST spr round 5 (radius: 5)
[03:24:27 -699626949.684088] FAST spr round 6 (radius: 5)
[03:49:03 -699626949.683999] Model parameter optimization (eps = 1.000000)
[03:50:26 -699626942.998402] SLOW spr round 1 (radius: 5)
[05:05:47 -699620888.521003] SLOW spr round 2 (radius: 5)
[06:12:22 -699620888.519915] SLOW spr round 3 (radius: 10)
[07:25:36 -699620888.519883] SLOW spr round 4 (radius: 15)
[09:38:23 -699620888.519882] SLOW spr round 5 (radius: 20)
[11:34:58 -699620888.519882] SLOW spr round 6 (radius: 25)
[12:24:29 -699620888.519882] Model parameter optimization (eps = 0.100000)

[12:25:46] ML tree search #1, logLikelihood: -699620888.066251


Optimized model parameters:

   Partition 0: noname
   Rate heterogeneity: GAMMA (4 cats, mean),  alpha: 9.247625 (ML),  weights&rates: (0.250000,0.618357) (0.250000,0.864744) (0.250000,1.073896) (0.250000,1.443003) 
   Base frequencies (ML): 0.297519 0.201435 0.213605 0.287441 
   Substitution rates (ML): 0.325113 2.536649 1.015013 0.853854 2.573792 1.000000 


Final LogLikelihood: -699620888.066251

AIC score: 1399242592.132503 / AICc score: 1399242592.199257 / BIC score: 1399248069.511478
Free parameters (model + branch lengths): 408

Best ML tree saved to: /expanse/lustre/projects/uot138/chaos/ASTERISK-sim/data/alignment/50_10X_S201_0_haploid.raxml.bestTree
Optimized model saved to: /expanse/lustre/projects/uot138/chaos/ASTERISK-sim/data/alignment/50_10X_S201_0_haploid.raxml.bestModel

Execution log saved to: /expanse/lustre/projects/uot138/chaos/ASTERISK-sim/data/alignment/50_10X_S201_0_haploid.raxml.log

Analysis started: 07-Jan-2023 04:24:29 / finished: 07-Jan-2023 16:50:15

Elapsed time: 44747.060 seconds

Consumed energy: 5082.411 Wh (= 25 km in an electric car, or 127 km with an e-scooter!)

