Weighted ASTRAL - Hybrid
Version: v1.13.2.3
#Genetrees: 2000
#Species: 21
#Rounds: 4
#Samples: 4
#Threads: 32
#NNI moves:0/60
(((((((T140,T120),T100),(T70,T180)),((T60,T80),(T30,T10))),(T90,T190)),(((((T170,T150),T110),(T200,T160)),T40),((T50,T20),T130))),T0);
#NNI moves:0/60
(((((((((((T150,T170),T110),(T160,T200)),T40),((T50,T20),T130)),T0),(T190,T90)),(((T120,T140),T100),(T180,T70))),(T30,T10)),T80),T60);
#NNI moves:0/60
(((((((((T120,T140),T100),(T70,T180)),((T60,T80),(T30,T10))),(T90,T190)),T0),((((T170,T150),T110),(T200,T160)),T40)),(T20,T50)),T130);
#NNI moves:0/60
(((((((((((T120,T140),T100),(T180,T70)),((T10,T30),(T60,T80))),(T190,T90)),T0),((T20,T50),T130)),T40),((T170,T150),T110)),T160),T200);
Initial score: 4.78038e+06
Initial tree: ((T70,(((T120,T140),T100),(((T10,T30),(T60,T80)),((T190,T90),(T0,(((T20,T50),T130),(T40,(((T170,T150),T110),(T160,T200))))))))),T180);
*** Subsample Process ***
#NNI moves:0/60
(((((((((((T150,T170),T110),(T160,T200)),T40),((T50,T20),T130)),T0),(T190,T90)),((T30,T10),(T80,T60))),((T140,T120),T100)),T70),T180);
#NNI moves:0/60
(((((((((((T170,T150),T110),(T200,T160)),T40),((T20,T50),T130)),T0),(T90,T190)),((T60,T80),(T30,T10))),((T120,T140),T100)),T70),T180);
#NNI moves:0/60
(((((((((T170,T150),T110),(T160,T200)),T40),((T50,T20),T130)),T0),((((T140,T120),T100),(T70,T180)),((T80,T60),(T10,T30)))),T90),T190);
#NNI moves:0/60
(((((((((((T150,T170),T110),(T160,T200)),T40),((T20,T50),T130)),T0),(T190,T90)),((T30,T10),(T80,T60))),((T120,T140),T100)),T180),T70);
Current score: 4.78038e+06
Current tree: (((((((((((T150,T170),T110),(T160,T200)),T40),((T20,T50),T130)),T0),(T190,T90)),((T30,T10),(T80,T60))),((T120,T140),T100)),T70),T180);
#NNI moves:0/60
((((((((((T140,T120),T100),(T180,T70)),((T60,T80),(T30,T10))),(T190,T90)),T0),((((T150,T170),T110),(T200,T160)),T40)),T130),T50),T20);
#NNI moves:0/60
(((((((((T150,T170),T110),(T160,T200)),T40),((T20,T50),T130)),T0),((((T120,T140),T100),(T180,T70)),((T60,T80),(T10,T30)))),T90),T190);
#NNI moves:0/60
(((((((((((T150,T170),T110),(T160,T200)),T40),((T50,T20),T130)),T0),(T90,T190)),((T30,T10),(T60,T80))),(T180,T70)),(T120,T140)),T100);
#NNI moves:3/60
(((((((((((T170,T150),T110),(T200,T160)),T40),((T20,T50),T130)),T0),(T190,T90)),((T10,T30),(T60,T80))),((T120,T140),T100)),T70),T180);
Current score: 4.78038e+06
Current tree: (((((((((((T170,T150),T110),(T200,T160)),T40),((T20,T50),T130)),T0),(T190,T90)),((T10,T30),(T60,T80))),((T120,T140),T100)),T70),T180);
Final Tree: (((((((((((T170,T150),T110),(T200,T160)),T40),((T20,T50),T130)),T0),(T190,T90)),((T10,T30),(T60,T80))),((T120,T140),T100)),T70),T180);
Score: 4780375.271

real	0m1.364s
user	0m10.377s
sys	0m0.724s
