Iteration 1:
Accurate Species Tree EstimatoR from Independent Site Kernals
Version: v1.13.0.0
#Base: 26903415
#Species: 21
#Rounds: 1
#Samples: 0
#Threads: 16
#NNI moves:3/60
(((((((((((T140,T120),T100),(T70,T180)),((T60,T80),(T10,T30))),(T190,T90)),((T50,T20),T130)),T0),T40),((T170,T150),T110)),T200),T160);
Initial score: 8.79788e+06
Initial tree: ((T70,(((T140,T120),T100),(((T60,T80),(T10,T30)),((T190,T90),(((T50,T20),T130),(T0,(T40,(((T170,T150),T110),(T200,T160))))))))),T180);
*** Subsample Process ***
Current score: 8.79788e+06
Current tree: ((T70,(((T140,T120),T100),(((T60,T80),(T10,T30)),((T190,T90),(((T50,T20),T130),(T0,(T40,(((T170,T150),T110),(T200,T160))))))))),T180);
Final Tree: ((T70,(((T140,T120),T100),(((T60,T80),(T10,T30)),((T190,T90),(((T50,T20),T130),(T0,(T40,(((T170,T150),T110),(T200,T160))))))))),T180);
Score: 8.79788e+06

real	0m12.654s
user	2m22.352s
sys	0m0.405s
