Weighted ASTRAL - Hybrid
Version: v1.13.2.3
#Genetrees: 2000
#Species: 21
#Rounds: 4
#Samples: 4
#Threads: 32
#NNI moves:2/60
((((((((T100,T30),T130),(T140,T190)),T80),(((T50,T200),T180),T170)),((T20,T10),(T150,T120))),(((T40,T160),(T60,T110)),(T90,T70))),T0);
#NNI moves:0/60
((((((((((T30,T100),T130),(T140,T190)),T80),(((T200,T50),T180),T170)),((T10,T20),(T120,T150))),T0),((T110,T60),(T40,T160))),T90),T70);
#NNI moves:1/60
((((((((T40,T160),(T110,T60)),(T70,T90)),T0),((T20,T10),(T150,T120))),((((T100,T30),T130),(T190,T140)),T80)),((T50,T200),T180)),T170);
#NNI moves:0/60
((((((((((T40,T160),(T110,T60)),(T70,T90)),T0),((T150,T120),(T10,T20))),((((T30,T100),T130),(T190,T140)),T80)),T170),T180),T200),T50);
Initial score: 2.98507e+06
Initial tree: ((T20,((T150,T120),(((((T40,T160),(T110,T60)),(T70,T90)),T0),(((((T30,T100),T130),(T190,T140)),T80),(T170,(T180,(T200,T50))))))),T10);
*** Subsample Process ***
#NNI moves:0/60
(((((((((T30,T100),T130),(T140,T190)),T80),(((T200,T50),T180),T170)),((((T40,T160),(T110,T60)),(T70,T90)),T0)),(T120,T150)),T20),T10);
#NNI moves:2/60
(((((((((T100,T30),T130),(T190,T140)),T80),(((T50,T200),T180),T170)),(T0,(((T160,T40),(T110,T60)),(T90,T70)))),(T150,T120)),T20),T10);
#NNI moves:4/60
(((((((((((T100,T30),T130),(T140,T190)),T80),(((T200,T50),T180),T170)),((T120,T150),(T20,T10))),T0),(T90,T70)),(T110,T60)),T40),T160);
#NNI moves:1/60
(((((((((T30,T100),T130),(T190,T140)),T80),(((T50,T200),T180),T170)),((((T110,T60),(T160,T40)),(T70,T90)),T0)),(T150,T120)),T10),T20);
Current score: 2.98507e+06
Current tree: (((((((((T30,T100),T130),(T190,T140)),T80),(((T50,T200),T180),T170)),((((T110,T60),(T160,T40)),(T70,T90)),T0)),(T150,T120)),T20),T10);
Final Tree: (((((((((T30,T100),T130),(T190,T140)),T80),(((T50,T200),T180),T170)),((((T110,T60),(T160,T40)),(T70,T90)),T0)),(T150,T120)),T20),T10);
Score: 2985072.06

real	0m1.077s
user	0m7.522s
sys	0m0.658s
