
RAxML-NG v. 1.1.0-master released on 04.08.2022 by The Exelixis Lab.
Developed by: Alexey M. Kozlov and Alexandros Stamatakis.
Contributors: Diego Darriba, Tomas Flouri, Benoit Morel, Sarah Lutteropp, Ben Bettisworth.
Latest version: https://github.com/amkozlov/raxml-ng
Questions/problems/suggestions? Please visit: https://groups.google.com/forum/#!forum/raxml

System: AMD EPYC 7742 64-Core Processor, 128 cores, 251 GB RAM

RAxML-NG was called at 23-Jan-2023 00:10:01 as follows:

/home/chaos/programs/raxml-ng/raxml-ng/bin/raxml-ng --msa data/alignment/11_1X_S21_1e6_1.1 --tree pars{1} --model GTR+G --threads 8 --redo

Analysis options:
  run mode: ML tree search
  start tree(s): parsimony (1)
  random seed: 1674461401
  tip-inner: OFF
  pattern compression: ON
  per-rate scalers: OFF
  site repeats: ON
  fast spr radius: AUTO
  spr subtree cutoff: 1.000000
  branch lengths: proportional (ML estimate, algorithm: NR-FAST)
  SIMD kernels: AVX2
  parallelization: coarse-grained (auto), PTHREADS (8 threads), thread pinning: OFF

WARNING: Running in REDO mode: existing checkpoints are ignored, and all result files will be overwritten!

[00:00:00] Reading alignment from file: data/alignment/11_1X_S21_1e6_1.1
[00:00:00] Loaded alignment with 21 taxa and 5000000 sites

Alignment comprises 1 partitions and 1043948 patterns

Partition 0: noname
Model: GTR+FO+G4m
Alignment sites / patterns: 5000000 / 1043948
Gaps: 0.00 %
Invariant sites: 32.97 %


NOTE: Binary MSA file created: data/alignment/11_1X_S21_1e6_1.1.raxml.rba

Parallelization scheme autoconfig: 1 worker(s) x 8 thread(s)

Parallel reduction/worker buffer size: 1 KB  / 0 KB

[00:00:02] Generating 1 parsimony starting tree(s) with 21 taxa
[00:00:03] Data distribution: max. partitions/sites/weight per thread: 1 / 130494 / 2087904
[00:00:03] Data distribution: max. searches per worker: 1

Starting ML tree search with 1 distinct starting trees

[00:00:03 -53043684.226558] Initial branch length optimization
[00:00:11 -50122567.806699] Model parameter optimization (eps = 10.000000)
[00:01:35 -47635894.738983] AUTODETECT spr round 1 (radius: 5)
[00:02:16 -47606169.501076] AUTODETECT spr round 2 (radius: 10)
[00:02:30 -47606169.495908] SPR radius for FAST iterations: 5 (autodetect)
[00:02:30 -47606169.495908] Model parameter optimization (eps = 3.000000)
[00:02:41 -47606150.657935] FAST spr round 1 (radius: 5)
[00:05:03 -47604669.241234] FAST spr round 2 (radius: 5)
[00:07:36 -47604025.472027] FAST spr round 3 (radius: 5)
[00:10:04 -47604025.472020] Model parameter optimization (eps = 1.000000)
[00:10:09 -47604025.414453] SLOW spr round 1 (radius: 5)
[00:18:27 -47604025.414352] SLOW spr round 2 (radius: 10)
[00:22:23 -47604025.414351] SLOW spr round 3 (radius: 15)
[00:22:27 -47604025.414351] SLOW spr round 4 (radius: 20)
[00:22:31 -47604025.414351] Model parameter optimization (eps = 0.100000)

[00:22:35] ML tree search #1, logLikelihood: -47604025.409562


Optimized model parameters:

   Partition 0: noname
   Rate heterogeneity: GAMMA (4 cats, mean),  alpha: 0.635262 (ML),  weights&rates: (0.250000,0.060453) (0.250000,0.331315) (0.250000,0.898295) (0.250000,2.709938) 
   Base frequencies (ML): 0.246488 0.184806 0.321872 0.246833 
   Substitution rates (ML): 0.734746 3.907978 0.947375 0.923643 4.268246 1.000000 


Final LogLikelihood: -47604025.409562

AIC score: 95208146.819124 / AICc score: 95208146.820064 / BIC score: 95208791.216650
Free parameters (model + branch lengths): 48

Best ML tree saved to: /expanse/lustre/projects/uot138/chaos/ASTERISK-sim/data/alignment/11_1X_S21_1e6_1.1.raxml.bestTree
Optimized model saved to: /expanse/lustre/projects/uot138/chaos/ASTERISK-sim/data/alignment/11_1X_S21_1e6_1.1.raxml.bestModel

Execution log saved to: /expanse/lustre/projects/uot138/chaos/ASTERISK-sim/data/alignment/11_1X_S21_1e6_1.1.raxml.log

Analysis started: 23-Jan-2023 00:10:01 / finished: 23-Jan-2023 00:32:37

Elapsed time: 1355.796 seconds

Consumed energy: 98.547 Wh

