Weighted ASTRAL - Hybrid
Version: v1.13.2.3
#Genetrees: 2000
#Species: 21
#Rounds: 4
#Samples: 4
#Threads: 32
#NNI moves:0/60
((((((((((((((T180,T110),T10),T100),(T200,T140)),T30),T0),(T40,T190)),T80),((T160,T50),T70)),T60),(T150,T20)),T120),(T90,T170)),T130);
#NNI moves:4/60
((((((((((T170,T90),T130),T120),(T150,T20)),T60),((T50,T160),T70)),T80),(T190,T40)),(((((T110,T180),T10),T100),(T140,T200)),T30)),T0);
#NNI moves:0/60
(((((((((((((T180,T110),T10),T100),(T140,T200)),T30),T0),(T40,T190)),T80),((T160,T50),T70)),T60),(T150,T20)),((T90,T170),T130)),T120);
#NNI moves:0/60
(((((((((((T110,T180),T10),T100),(T140,T200)),T30),T0),(T40,T190)),T80),(((((T170,T90),T130),T120),(T150,T20)),T60)),(T50,T160)),T70);
Initial score: 4.40441e+06
Initial tree: ((T180,(T10,(T100,((T140,T200),(T30,(T0,((T40,T190),(T80,((((((T170,T90),T130),T120),(T150,T20)),T60),((T50,T160),T70)))))))))),T110);
*** Subsample Process ***
#NNI moves:1/60
(((((((((((((((T170,T90),T130),T120),(T20,T150)),T60),((T160,T50),T70)),T80),(T40,T190)),T0),T30),(T140,T200)),T100),T10),T180),T110);
#NNI moves:0/60
(((((((((((((((T90,T170),T130),T120),(T20,T150)),T60),((T50,T160),T70)),T80),(T190,T40)),T0),T30),(T140,T200)),T100),T10),T180),T110);
#NNI moves:1/60
((((((((((T90,T170),T130),T120),(T150,T20)),T60),((T160,T50),T70)),T80),((((((T180,T110),T10),T100),(T140,T200)),T30),T0)),T40),T190);
#NNI moves:1/60
(((((((((((((((T90,T170),T130),T120),(T150,T20)),T60),((T50,T160),T70)),T80),(T190,T40)),T0),T30),(T200,T140)),T100),T10),T110),T180);
Current score: 4.40441e+06
Current tree: (((((((((((((((T90,T170),T130),T120),(T150,T20)),T60),((T50,T160),T70)),T80),(T190,T40)),T0),T30),(T200,T140)),T100),T10),T180),T110);
Final Tree: (((((((((((((((T90,T170),T130),T120),(T150,T20)),T60),((T50,T160),T70)),T80),(T190,T40)),T0),T30),(T200,T140)),T100),T10),T180),T110);
Score: 4404414.343

real	0m1.372s
user	0m7.575s
sys	0m1.003s
