
RAxML-NG v. 1.1.0-master released on 04.08.2022 by The Exelixis Lab.
Developed by: Alexey M. Kozlov and Alexandros Stamatakis.
Contributors: Diego Darriba, Tomas Flouri, Benoit Morel, Sarah Lutteropp, Ben Bettisworth.
Latest version: https://github.com/amkozlov/raxml-ng
Questions/problems/suggestions? Please visit: https://groups.google.com/forum/#!forum/raxml

System: AMD EPYC 7742 64-Core Processor, 128 cores, 251 GB RAM

RAxML-NG was called at 23-Jan-2023 00:10:02 as follows:

/home/chaos/programs/raxml-ng/raxml-ng/bin/raxml-ng --msa data/alignment/13_1X_S21_1e6_1.1 --tree pars{1} --model GTR+G --threads 8 --redo

Analysis options:
  run mode: ML tree search
  start tree(s): parsimony (1)
  random seed: 1674461402
  tip-inner: OFF
  pattern compression: ON
  per-rate scalers: OFF
  site repeats: ON
  fast spr radius: AUTO
  spr subtree cutoff: 1.000000
  branch lengths: proportional (ML estimate, algorithm: NR-FAST)
  SIMD kernels: AVX2
  parallelization: coarse-grained (auto), PTHREADS (8 threads), thread pinning: OFF

WARNING: Running in REDO mode: existing checkpoints are ignored, and all result files will be overwritten!

[00:00:00] Reading alignment from file: data/alignment/13_1X_S21_1e6_1.1
[00:00:00] Loaded alignment with 21 taxa and 5000000 sites

Alignment comprises 1 partitions and 588640 patterns

Partition 0: noname
Model: GTR+FO+G4m
Alignment sites / patterns: 5000000 / 588640
Gaps: 0.00 %
Invariant sites: 51.97 %


NOTE: Binary MSA file created: data/alignment/13_1X_S21_1e6_1.1.raxml.rba

Parallelization scheme autoconfig: 1 worker(s) x 8 thread(s)

Parallel reduction/worker buffer size: 1 KB  / 0 KB

[00:00:02] Generating 1 parsimony starting tree(s) with 21 taxa
[00:00:02] Data distribution: max. partitions/sites/weight per thread: 1 / 73580 / 1177280
[00:00:02] Data distribution: max. searches per worker: 1

Starting ML tree search with 1 distinct starting trees

[00:00:02 -38397805.617123] Initial branch length optimization
[00:00:07 -34936447.350503] Model parameter optimization (eps = 10.000000)
[00:00:35 -33431037.706117] AUTODETECT spr round 1 (radius: 5)
[00:00:56 -33425282.986623] AUTODETECT spr round 2 (radius: 10)
[00:01:06 -33425282.984422] SPR radius for FAST iterations: 5 (autodetect)
[00:01:06 -33425282.984422] Model parameter optimization (eps = 3.000000)
[00:01:12 -33425279.828286] FAST spr round 1 (radius: 5)
[00:02:21 -33425131.976157] FAST spr round 2 (radius: 5)
[00:03:39 -33425131.975434] Model parameter optimization (eps = 1.000000)
[00:03:42 -33425131.678857] SLOW spr round 1 (radius: 5)
[00:07:49 -33425131.674226] SLOW spr round 2 (radius: 10)
[00:09:40 -33425131.674075] SLOW spr round 3 (radius: 15)
[00:09:43 -33425131.674070] SLOW spr round 4 (radius: 20)
[00:09:46 -33425131.674070] Model parameter optimization (eps = 0.100000)

[00:09:51] ML tree search #1, logLikelihood: -33425131.551330


Optimized model parameters:

   Partition 0: noname
   Rate heterogeneity: GAMMA (4 cats, mean),  alpha: 0.455105 (ML),  weights&rates: (0.250000,0.025400) (0.250000,0.221600) (0.250000,0.784638) (0.250000,2.968362) 
   Base frequencies (ML): 0.363424 0.205189 0.156755 0.274631 
   Substitution rates (ML): 7.050518 8.319957 1.956946 3.991205 9.535818 1.000000 


Final LogLikelihood: -33425131.551330

AIC score: 66850359.102660 / AICc score: 66850359.103601 / BIC score: 66851003.500186
Free parameters (model + branch lengths): 48

Best ML tree saved to: /expanse/lustre/projects/uot138/chaos/ASTERISK-sim/data/alignment/13_1X_S21_1e6_1.1.raxml.bestTree
Optimized model saved to: /expanse/lustre/projects/uot138/chaos/ASTERISK-sim/data/alignment/13_1X_S21_1e6_1.1.raxml.bestModel

Execution log saved to: /expanse/lustre/projects/uot138/chaos/ASTERISK-sim/data/alignment/13_1X_S21_1e6_1.1.raxml.log

Analysis started: 23-Jan-2023 00:10:02 / finished: 23-Jan-2023 00:19:54

Elapsed time: 591.913 seconds

Consumed energy: 60.615 Wh

