
RAxML-NG v. 1.1.0-master released on 04.08.2022 by The Exelixis Lab.
Developed by: Alexey M. Kozlov and Alexandros Stamatakis.
Contributors: Diego Darriba, Tomas Flouri, Benoit Morel, Sarah Lutteropp, Ben Bettisworth.
Latest version: https://github.com/amkozlov/raxml-ng
Questions/problems/suggestions? Please visit: https://groups.google.com/forum/#!forum/raxml

System: AMD EPYC 7742 64-Core Processor, 128 cores, 251 GB RAM

RAxML-NG was called at 23-Jan-2023 00:10:02 as follows:

/home/chaos/programs/raxml-ng/raxml-ng/bin/raxml-ng --msa data/alignment/14_1X_S21_1e6_1.1 --tree pars{1} --model GTR+G --threads 8 --redo

Analysis options:
  run mode: ML tree search
  start tree(s): parsimony (1)
  random seed: 1674461402
  tip-inner: OFF
  pattern compression: ON
  per-rate scalers: OFF
  site repeats: ON
  fast spr radius: AUTO
  spr subtree cutoff: 1.000000
  branch lengths: proportional (ML estimate, algorithm: NR-FAST)
  SIMD kernels: AVX2
  parallelization: coarse-grained (auto), PTHREADS (8 threads), thread pinning: OFF

WARNING: Running in REDO mode: existing checkpoints are ignored, and all result files will be overwritten!

[00:00:00] Reading alignment from file: data/alignment/14_1X_S21_1e6_1.1
[00:00:00] Loaded alignment with 21 taxa and 5000000 sites

Alignment comprises 1 partitions and 567094 patterns

Partition 0: noname
Model: GTR+FO+G4m
Alignment sites / patterns: 5000000 / 567094
Gaps: 0.00 %
Invariant sites: 46.02 %


NOTE: Binary MSA file created: data/alignment/14_1X_S21_1e6_1.1.raxml.rba

Parallelization scheme autoconfig: 1 worker(s) x 8 thread(s)

Parallel reduction/worker buffer size: 1 KB  / 0 KB

[00:00:02] Generating 1 parsimony starting tree(s) with 21 taxa
[00:00:02] Data distribution: max. partitions/sites/weight per thread: 1 / 70887 / 1134192
[00:00:02] Data distribution: max. searches per worker: 1

Starting ML tree search with 1 distinct starting trees

[00:00:02 -39939740.746141] Initial branch length optimization
[00:00:06 -36550669.999712] Model parameter optimization (eps = 10.000000)
[00:00:53 -35057920.035909] AUTODETECT spr round 1 (radius: 5)
[00:01:13 -35054558.961726] AUTODETECT spr round 2 (radius: 10)
[00:01:24 -35054558.959970] SPR radius for FAST iterations: 5 (autodetect)
[00:01:24 -35054558.959970] Model parameter optimization (eps = 3.000000)
[00:01:26 -35054557.132510] FAST spr round 1 (radius: 5)
[00:02:27 -35053212.748512] FAST spr round 2 (radius: 5)
[00:03:34 -35052603.152184] FAST spr round 3 (radius: 5)
[00:04:43 -35052077.413036] FAST spr round 4 (radius: 5)
[00:05:54 -35051742.851577] FAST spr round 5 (radius: 5)
[00:07:01 -35051742.851573] Model parameter optimization (eps = 1.000000)
[00:07:05 -35051742.119752] SLOW spr round 1 (radius: 5)
[00:10:26 -35051742.118993] SLOW spr round 2 (radius: 10)
[00:12:15 -35051742.118988] SLOW spr round 3 (radius: 15)
[00:12:38 -35051742.118988] SLOW spr round 4 (radius: 20)
[00:12:40 -35051742.118988] Model parameter optimization (eps = 0.100000)

[00:12:43] ML tree search #1, logLikelihood: -35051742.109395


Optimized model parameters:

   Partition 0: noname
   Rate heterogeneity: GAMMA (4 cats, mean),  alpha: 0.664826 (ML),  weights&rates: (0.250000,0.066697) (0.250000,0.346450) (0.250000,0.911102) (0.250000,2.675751) 
   Base frequencies (ML): 0.304295 0.282761 0.171312 0.241632 
   Substitution rates (ML): 1.861132 4.026441 0.171091 1.403212 3.102674 1.000000 


Final LogLikelihood: -35051742.109395

AIC score: 70103580.218789 / AICc score: 70103580.219730 / BIC score: 70104224.616316
Free parameters (model + branch lengths): 48

Best ML tree saved to: /expanse/lustre/projects/uot138/chaos/ASTERISK-sim/data/alignment/14_1X_S21_1e6_1.1.raxml.bestTree
Optimized model saved to: /expanse/lustre/projects/uot138/chaos/ASTERISK-sim/data/alignment/14_1X_S21_1e6_1.1.raxml.bestModel

Execution log saved to: /expanse/lustre/projects/uot138/chaos/ASTERISK-sim/data/alignment/14_1X_S21_1e6_1.1.raxml.log

Analysis started: 23-Jan-2023 00:10:02 / finished: 23-Jan-2023 00:22:45

Elapsed time: 763.250 seconds

Consumed energy: 73.720 Wh

