Weighted ASTRAL - Hybrid
Version: v1.13.2.3
#Genetrees: 2000
#Species: 21
#Rounds: 4
#Samples: 4
#Threads: 32
#NNI moves:1/60
(((((((((((T110,T170),T10),T150),(T130,T40)),T100),T0),(T160,T30)),((((T60,T190),T120),T140),(((T200,T70),T90),T50))),T180),T20),T80);
#NNI moves:1/60
(((((((((((((T170,T110),T10),T150),(T40,T130)),T100),T0),(T160,T30)),((T20,T80),T180)),(((T70,T200),T90),T50)),T140),T120),T60),T190);
#NNI moves:0/60
((((((((T190,T60),T120),T140),(((T70,T200),T90),T50)),((T20,T80),T180)),T160),((((((T110,T170),T10),T150),(T130,T40)),T100),T30)),T0);
#NNI moves:4/60
(((((((((((((T170,T110),T10),T150),(T40,T130)),T100),T30),T0),T160),((T80,T20),T180)),(((T190,T60),T120),T140)),T50),(T70,T200)),T90);
Initial score: 4.13342e+06
Initial tree: ((((((T170,T110),T10),T150),(T40,T130)),(T0,((T160,T30),(((T80,T20),T180),((((T190,T60),T120),T140),(T50,((T70,T200),T90))))))),T100);
*** Subsample Process ***
#NNI moves:2/60
(((((((((T200,T70),T90),T50),(((T190,T60),T120),T140)),((T20,T80),T180)),(T30,T160)),T0),((((T170,T110),T10),T150),(T130,T40))),T100);
#NNI moves:7/60
((((((((((T70,T200),T90),T50),(((T190,T60),T120),T140)),((T20,T80),T180)),T160),T0),T30),((((T110,T170),T10),T150),(T130,T40))),T100);
#NNI moves:4/60
(((((((T170,T110),T10),T150),(T40,T130)),T100),(((((T20,T80),T180),((((T60,T190),T120),T140),(((T70,T200),T90),T50))),T160),T0)),T30);
#NNI moves:8/60
((((((((((((((T70,T200),T90),T50),(((T190,T60),T120),T140)),((T80,T20),T180)),T160),T0),T30),T100),(T40,T130)),T150),T10),T110),T170);
Current score: 4.13342e+06
Current tree: (((((((((T70,T200),T90),T50),(((T190,T60),T120),T140)),((T80,T20),T180)),(T30,T160)),T0),((T40,T130),(T150,(T10,(T110,T170))))),T100);
Final Tree: (((((((((T70,T200),T90),T50),(((T190,T60),T120),T140)),((T80,T20),T180)),(T30,T160)),T0),((T40,T130),(T150,(T10,(T110,T170))))),T100);
Score: 4133421.941

real	0m1.333s
user	0m8.765s
sys	0m0.962s
