
RAxML-NG v. 1.1.0-master released on 04.08.2022 by The Exelixis Lab.
Developed by: Alexey M. Kozlov and Alexandros Stamatakis.
Contributors: Diego Darriba, Tomas Flouri, Benoit Morel, Sarah Lutteropp, Ben Bettisworth.
Latest version: https://github.com/amkozlov/raxml-ng
Questions/problems/suggestions? Please visit: https://groups.google.com/forum/#!forum/raxml

System: AMD EPYC 7742 64-Core Processor, 128 cores, 251 GB RAM

RAxML-NG was called at 23-Jan-2023 00:10:02 as follows:

/home/chaos/programs/raxml-ng/raxml-ng/bin/raxml-ng --msa data/alignment/15_1X_S21_1e6_1.1 --tree pars{1} --model GTR+G --threads 8 --redo

Analysis options:
  run mode: ML tree search
  start tree(s): parsimony (1)
  random seed: 1674461402
  tip-inner: OFF
  pattern compression: ON
  per-rate scalers: OFF
  site repeats: ON
  fast spr radius: AUTO
  spr subtree cutoff: 1.000000
  branch lengths: proportional (ML estimate, algorithm: NR-FAST)
  SIMD kernels: AVX2
  parallelization: coarse-grained (auto), PTHREADS (8 threads), thread pinning: OFF

WARNING: Running in REDO mode: existing checkpoints are ignored, and all result files will be overwritten!

[00:00:00] Reading alignment from file: data/alignment/15_1X_S21_1e6_1.1
[00:00:00] Loaded alignment with 21 taxa and 5000000 sites

Alignment comprises 1 partitions and 548093 patterns

Partition 0: noname
Model: GTR+FO+G4m
Alignment sites / patterns: 5000000 / 548093
Gaps: 0.00 %
Invariant sites: 50.56 %


NOTE: Binary MSA file created: data/alignment/15_1X_S21_1e6_1.1.raxml.rba

Parallelization scheme autoconfig: 1 worker(s) x 8 thread(s)

Parallel reduction/worker buffer size: 1 KB  / 0 KB

[00:00:02] Generating 1 parsimony starting tree(s) with 21 taxa
[00:00:02] Data distribution: max. partitions/sites/weight per thread: 1 / 68512 / 1096192
[00:00:02] Data distribution: max. searches per worker: 1

Starting ML tree search with 1 distinct starting trees

[00:00:02 -38327946.565306] Initial branch length optimization
[00:00:06 -35094194.658392] Model parameter optimization (eps = 10.000000)
[00:00:39 -33410572.642918] AUTODETECT spr round 1 (radius: 5)
[00:00:58 -33398747.932217] AUTODETECT spr round 2 (radius: 10)
[00:01:07 -33398747.929972] SPR radius for FAST iterations: 5 (autodetect)
[00:01:07 -33398747.929972] Model parameter optimization (eps = 3.000000)
[00:01:12 -33398742.713170] FAST spr round 1 (radius: 5)
[00:02:07 -33397494.681064] FAST spr round 2 (radius: 5)
[00:03:07 -33396766.375660] FAST spr round 3 (radius: 5)
[00:04:08 -33396766.375603] Model parameter optimization (eps = 1.000000)
[00:04:11 -33396766.214614] SLOW spr round 1 (radius: 5)
[00:07:20 -33396766.214531] SLOW spr round 2 (radius: 10)
[00:08:48 -33396766.214529] SLOW spr round 3 (radius: 15)
[00:08:50 -33396766.214529] SLOW spr round 4 (radius: 20)
[00:08:52 -33396766.214529] Model parameter optimization (eps = 0.100000)

[00:08:54] ML tree search #1, logLikelihood: -33396766.174913


Optimized model parameters:

   Partition 0: noname
   Rate heterogeneity: GAMMA (4 cats, mean),  alpha: 0.531327 (ML),  weights&rates: (0.250000,0.039331) (0.250000,0.271876) (0.250000,0.841789) (0.250000,2.847005) 
   Base frequencies (ML): 0.340677 0.218757 0.201240 0.239325 
   Substitution rates (ML): 1.297383 5.316821 0.641354 1.267926 3.400263 1.000000 


Final LogLikelihood: -33396766.174913

AIC score: 66793628.349825 / AICc score: 66793628.350766 / BIC score: 66794272.747352
Free parameters (model + branch lengths): 48

Best ML tree saved to: /expanse/lustre/projects/uot138/chaos/ASTERISK-sim/data/alignment/15_1X_S21_1e6_1.1.raxml.bestTree
Optimized model saved to: /expanse/lustre/projects/uot138/chaos/ASTERISK-sim/data/alignment/15_1X_S21_1e6_1.1.raxml.bestModel

Execution log saved to: /expanse/lustre/projects/uot138/chaos/ASTERISK-sim/data/alignment/15_1X_S21_1e6_1.1.raxml.log

Analysis started: 23-Jan-2023 00:10:02 / finished: 23-Jan-2023 00:18:57

Elapsed time: 534.929 seconds

Consumed energy: 55.176 Wh

