Weighted ASTRAL - Hybrid
Version: v1.13.2.3
#Genetrees: 2000
#Species: 21
#Rounds: 4
#Samples: 4
#Threads: 32
#NNI moves:1/60
(((((((((((T10,T110),(T20,T100)),T140),T200),T170),T30),((((T160,T60),T180),T0),(((T150,T90),T70),T130))),T40),(T80,T50)),T190),T120);
#NNI moves:3/60
(((((((((((T110,T10),(T100,T20)),T140),T200),T170),T30),(((T190,T120),(T80,T50)),T40)),(((T60,T160),T180),T0)),T130),(T90,T150)),T70);
#NNI moves:1/60
(((((((((((T100,T20),(T10,T110)),T140),T200),T170),T30),(((T50,T80),(T190,T120)),T40)),(((T150,T90),T70),T130)),T0),(T160,T60)),T180);
#NNI moves:3/60
(((((((((((T80,T50),(T120,T190)),T40),((((T90,T150),T70),T130),(T0,((T60,T160),T180)))),T30),T170),T200),T140),(T100,T20)),T110),T10);
Initial score: 4.34344e+06
Initial tree: ((T150,(T70,(T130,((T0,((T60,T160),T180)),((((T80,T50),(T120,T190)),T40),(T30,(T170,(T200,(T140,((T100,T20),(T110,T10))))))))))),T90);
*** Subsample Process ***
#NNI moves:1/60
((((((((((((T100,T20),(T110,T10)),T140),T200),T170),T30),(((T80,T50),(T190,T120)),T40)),(T0,((T160,T60),T180))),T130),T70),T150),T90);
#NNI moves:0/60
((((((((((((T20,T100),(T10,T110)),T140),T200),T170),T30),(((T80,T50),(T120,T190)),T40)),(((T60,T160),T180),T0)),T130),T70),T150),T90);
#NNI moves:1/60
(((((((((((T110,T10),(T20,T100)),T140),T200),T170),T30),((((T60,T160),T180),T0),(((T150,T90),T70),T130))),T40),(T80,T50)),T120),T190);
#NNI moves:0/60
((((((((((((T100,T20),(T110,T10)),T140),T200),T170),T30),(((T80,T50),(T190,T120)),T40)),(((T160,T60),T180),T0)),T130),T70),T90),T150);
Current score: 4.34344e+06
Current tree: ((((((((((((T100,T20),(T110,T10)),T140),T200),T170),T30),(((T80,T50),(T190,T120)),T40)),(((T160,T60),T180),T0)),T130),T70),T150),T90);
Final Tree: ((((((((((((T100,T20),(T110,T10)),T140),T200),T170),T30),(((T80,T50),(T190,T120)),T40)),(((T160,T60),T180),T0)),T130),T70),T150),T90);
Score: 4343440.35

real	0m1.097s
user	0m7.250s
sys	0m0.694s
