
RAxML-NG v. 1.1.0-master released on 04.08.2022 by The Exelixis Lab.
Developed by: Alexey M. Kozlov and Alexandros Stamatakis.
Contributors: Diego Darriba, Tomas Flouri, Benoit Morel, Sarah Lutteropp, Ben Bettisworth.
Latest version: https://github.com/amkozlov/raxml-ng
Questions/problems/suggestions? Please visit: https://groups.google.com/forum/#!forum/raxml

System: AMD EPYC 7742 64-Core Processor, 128 cores, 251 GB RAM

RAxML-NG was called at 23-Jan-2023 00:10:02 as follows:

/home/chaos/programs/raxml-ng/raxml-ng/bin/raxml-ng --msa data/alignment/16_1X_S21_1e6_1.1 --tree pars{1} --model GTR+G --threads 8 --redo

Analysis options:
  run mode: ML tree search
  start tree(s): parsimony (1)
  random seed: 1674461402
  tip-inner: OFF
  pattern compression: ON
  per-rate scalers: OFF
  site repeats: ON
  fast spr radius: AUTO
  spr subtree cutoff: 1.000000
  branch lengths: proportional (ML estimate, algorithm: NR-FAST)
  SIMD kernels: AVX2
  parallelization: coarse-grained (auto), PTHREADS (8 threads), thread pinning: OFF

WARNING: Running in REDO mode: existing checkpoints are ignored, and all result files will be overwritten!

[00:00:00] Reading alignment from file: data/alignment/16_1X_S21_1e6_1.1
[00:00:00] Loaded alignment with 21 taxa and 5000000 sites

Alignment comprises 1 partitions and 635273 patterns

Partition 0: noname
Model: GTR+FO+G4m
Alignment sites / patterns: 5000000 / 635273
Gaps: 0.00 %
Invariant sites: 45.70 %


NOTE: Binary MSA file created: data/alignment/16_1X_S21_1e6_1.1.raxml.rba

Parallelization scheme autoconfig: 1 worker(s) x 8 thread(s)

Parallel reduction/worker buffer size: 1 KB  / 0 KB

[00:00:02] Generating 1 parsimony starting tree(s) with 21 taxa
[00:00:02] Data distribution: max. partitions/sites/weight per thread: 1 / 79410 / 1270560
[00:00:02] Data distribution: max. searches per worker: 1

Starting ML tree search with 1 distinct starting trees

[00:00:02 -41158212.666159] Initial branch length optimization
[00:00:07 -38190267.060815] Model parameter optimization (eps = 10.000000)
[00:00:37 -36455242.581853] AUTODETECT spr round 1 (radius: 5)
[00:00:59 -36448250.817239] AUTODETECT spr round 2 (radius: 10)
[00:01:10 -36448250.816069] SPR radius for FAST iterations: 5 (autodetect)
[00:01:10 -36448250.816069] Model parameter optimization (eps = 3.000000)
[00:01:12 -36448250.421777] FAST spr round 1 (radius: 5)
[00:02:22 -36448250.421149] Model parameter optimization (eps = 1.000000)
[00:02:25 -36448250.370834] SLOW spr round 1 (radius: 5)
[00:06:46 -36440941.071522] SLOW spr round 2 (radius: 5)
[00:10:59 -36440941.071505] SLOW spr round 3 (radius: 10)
[00:12:50 -36440941.071505] SLOW spr round 4 (radius: 15)
[00:12:53 -36440941.071505] SLOW spr round 5 (radius: 20)
[00:12:56 -36440941.071505] Model parameter optimization (eps = 0.100000)

[00:13:04] ML tree search #1, logLikelihood: -36440927.747364


Optimized model parameters:

   Partition 0: noname
   Rate heterogeneity: GAMMA (4 cats, mean),  alpha: 0.585213 (ML),  weights&rates: (0.250000,0.050073) (0.250000,0.303952) (0.250000,0.873583) (0.250000,2.772391) 
   Base frequencies (ML): 0.299789 0.206245 0.193101 0.300865 
   Substitution rates (ML): 2.762734 5.248960 0.511775 2.217024 6.413453 1.000000 


Final LogLikelihood: -36440927.747364

AIC score: 72881951.494729 / AICc score: 72881951.495670 / BIC score: 72882595.892255
Free parameters (model + branch lengths): 48

Best ML tree saved to: /expanse/lustre/projects/uot138/chaos/ASTERISK-sim/data/alignment/16_1X_S21_1e6_1.1.raxml.bestTree
Optimized model saved to: /expanse/lustre/projects/uot138/chaos/ASTERISK-sim/data/alignment/16_1X_S21_1e6_1.1.raxml.bestModel

Execution log saved to: /expanse/lustre/projects/uot138/chaos/ASTERISK-sim/data/alignment/16_1X_S21_1e6_1.1.raxml.log

Analysis started: 23-Jan-2023 00:10:02 / finished: 23-Jan-2023 00:23:08

Elapsed time: 785.271 seconds

Consumed energy: 74.945 Wh

