Weighted ASTRAL - Hybrid
Version: v1.13.2.3
#Genetrees: 2000
#Species: 21
#Rounds: 4
#Samples: 4
#Threads: 32
#NNI moves:4/60
(((((((((((T150,T120),T180),T0),T90),(T30,(T80,T130))),(T50,T10)),((T70,T170),T60)),T200),((T110,T140),T40)),((T20,T100),T160)),T190);
#NNI moves:2/60
(((((((((T120,T150),T180),T0),T90),((T80,T130),T30)),(T10,T50)),(((((T100,T20),T160),T190),((T140,T110),T40)),T200)),(T170,T70)),T60);
#NNI moves:3/60
((((((((((T100,T20),T160),T190),((T110,T140),T40)),T200),((T70,T170),T60)),(T50,T10)),((((T150,T120),T180),T0),T90)),(T80,T130)),T30);
#NNI moves:1/60
(((((((((T100,T20),T160),T190),((T140,T110),T40)),T200),((T70,T170),T60)),(((((T120,T150),T180),T0),T90),((T130,T80),T30))),T10),T50);
Initial score: 3.48833e+06
Initial tree: ((T150,(T180,(T0,(T90,(((T130,T80),T30),(((((((T100,T20),T160),T190),((T140,T110),T40)),T200),((T70,T170),T60)),(T10,T50))))))),T120);
*** Subsample Process ***
#NNI moves:5/60
(((((((((((((T100,T20),T160),T190),((T110,T140),T40)),T200),((T170,T70),T60)),(T10,T50)),((T80,T130),T30)),T90),T0),T180),T150),T120);
#NNI moves:0/60
(((((((((((((T20,T100),T160),T190),((T110,T140),T40)),T200),((T170,T70),T60)),(T50,T10)),((T130,T80),T30)),T90),T0),T180),T150),T120);
#NNI moves:1/60
(((((((((T20,T100),T160),T190),((T140,T110),T40)),T200),((T170,T70),T60)),(((((T150,T120),T180),T0),T90),(T30,(T130,T80)))),T10),T50);
#NNI moves:0/60
(((((((((((((T20,T100),T160),T190),((T140,T110),T40)),T200),((T70,T170),T60)),(T50,T10)),((T80,T130),T30)),T90),T0),T180),T120),T150);
Current score: 3.48833e+06
Current tree: (((((((((((((T20,T100),T160),T190),((T140,T110),T40)),T200),((T70,T170),T60)),(T50,T10)),((T80,T130),T30)),T90),T0),T180),T150),T120);
Final Tree: (((((((((((((T20,T100),T160),T190),((T140,T110),T40)),T200),((T70,T170),T60)),(T50,T10)),((T80,T130),T30)),T90),T0),T180),T150),T120);
Score: 3488330.024

real	0m1.212s
user	0m7.737s
sys	0m0.916s
