Weighted ASTRAL - Hybrid
Version: v1.13.2.3
#Genetrees: 2000
#Species: 21
#Rounds: 4
#Samples: 4
#Threads: 32
#NNI moves:5/60
((((((((((((T200,T140),T100),(T40,T80)),T120),(T20,T180)),((T190,T90),T150)),((T70,T10),(T50,T60))),T0),T130),T110),(T170,T160)),T30);
#NNI moves:5/60
(((((((((T40,T80),((T200,T140),T100)),T120),(T180,T20)),(((((T160,T170),T30),T110),T130),T0)),(T150,(T90,T190))),(T70,T10)),T60),T50);
#NNI moves:2/60
((((((((T50,T60),(T10,T70)),((T190,T90),T150)),((((T40,T80),((T200,T140),T100)),T120),(T20,T180))),T0),T130),((T170,T160),T30)),T110);
#NNI moves:2/60
(((((((((((T50,T60),(T70,T10)),T20),((T90,T190),T150)),(T180,(((T40,T80),((T140,T200),T100)),T120))),T0),T130),T110),T30),T160),T170);
Initial score: 3.47746e+06
Initial tree: ((T190,(T150,((((T50,T60),(T70,T10)),T20),((T180,(((T40,T80),((T140,T200),T100)),T120)),(T0,(T130,(T110,(T30,(T160,T170))))))))),T90);
*** Subsample Process ***
#NNI moves:3/60
((((((((((T160,T170),T30),T110),T130),T0),(((((T140,T200),T100),(T40,T80)),T120),T180)),(((T10,T70),(T60,T50)),T20)),T150),T190),T90);
#NNI moves:7/60
(((((((T40,T80),((T200,T140),T100)),T120),(((T20,T180),((T60,T50),(T70,T10))),(T0,((((T170,T160),T30),T110),T130)))),T150),T190),T90);
#NNI moves:4/60
(((((((((T160,T170),T30),T110),T130),T0),(((T60,T50),(T70,T10)),((T190,T90),T150))),(T180,T20)),(((T200,T140),T100),(T80,T40))),T120);
#NNI moves:1/60
((((((((((T170,T160),T30),T110),T130),T0),(((((T140,T200),T100),(T80,T40)),T120),(T20,T180))),((T50,T60),(T70,T10))),T150),T90),T190);
Current score: 3.47746e+06
Current tree: ((((((((((T170,T160),T30),T110),T130),T0),(((((T140,T200),T100),(T80,T40)),T120),T180)),(((T50,T60),(T70,T10)),T20)),T150),T190),T90);
Final Tree: ((((((((((T170,T160),T30),T110),T130),T0),(((((T140,T200),T100),(T80,T40)),T120),T180)),(((T50,T60),(T70,T10)),T20)),T150),T190),T90);
Score: 3477464.583

real	0m1.191s
user	0m8.324s
sys	0m0.836s
