Iteration 1:
Accurate Species Tree EstimatoR from Independent Site Kernals
Version: v1.13.0.0
#Base: 31346511
#Species: 21
#Rounds: 1
#Samples: 0
#Threads: 16
#NNI moves:0/60
((((((((((((T130,T110),T190),(T20,T180)),T150),(T160,T60)),T30),((T100,T50),T40)),T0),(((T80,T170),T200),(T70,T90))),T10),T140),T120);
Initial score: 2.49562e+06
Initial tree: (((T100,T50),(((((((T130,T110),T190),(T20,T180)),T150),(T160,T60)),T30),(T0,((((T80,T170),T200),(T70,T90)),(T10,(T140,T120)))))),T40);
*** Subsample Process ***
Current score: 2.49562e+06
Current tree: (((T100,T50),(((((((T130,T110),T190),(T20,T180)),T150),(T160,T60)),T30),(T0,((((T80,T170),T200),(T70,T90)),(T10,(T140,T120)))))),T40);
Final Tree: (((T100,T50),(((((((T130,T110),T190),(T20,T180)),T150),(T160,T60)),T30),(T0,((((T80,T170),T200),(T70,T90)),(T10,(T140,T120)))))),T40);
Score: 2.49562e+06

real	0m11.575s
user	2m12.130s
sys	0m0.347s
