Weighted ASTRAL - Hybrid
Version: v1.13.2.3
#Genetrees: 2000
#Species: 21
#Rounds: 4
#Samples: 4
#Threads: 32
#NNI moves:5/60
((((((((((((T110,T130),T190),(T20,T180)),T150),(T60,T160)),T30),T0),((T100,T50),T40)),((T90,T70),((T140,T120),T10))),T200),T80),T170);
#NNI moves:7/60
((((((((((((T130,T110),T190),(T180,T20)),T150),(T160,T60)),T30),T0),((T50,T100),T40)),((T170,T80),T200)),(T90,T70)),(T120,T140)),T10);
#NNI moves:0/60
(((((((((((T110,T130),T190),(T180,T20)),T150),(T60,T160)),T30),T0),((T100,T50),T40)),(((T140,T120),T10),(T90,T70))),(T80,T170)),T200);
#NNI moves:3/60
((((((((((((T130,T110),T190),(T180,T20)),T150),(T60,T160)),T30),T0),((T50,T100),T40)),((T170,T80),T200)),((T140,T120),T10)),T70),T90);
Initial score: 3.50639e+06
Initial tree: (((T50,T100),((((((((T130,T110),T190),(T180,T20)),T150),(T60,T160)),T30),T0),(((T170,T80),T200),(((T140,T120),T10),(T70,T90))))),T40);
*** Subsample Process ***
#NNI moves:2/60
((((((((((T110,T130),T190),(T180,T20)),T150),(T60,T160)),T30),T0),((((T120,T140),T10),(T70,T90)),((T170,T80),T200))),(T50,T100)),T40);
#NNI moves:2/60
((((((((((T130,T110),T190),(T20,T180)),T150),(T160,T60)),T30),T0),((((T140,T120),T10),(T90,T70)),((T170,T80),T200))),(T50,T100)),T40);
#NNI moves:4/60
(((((((((((((T130,T110),T190),(T180,T20)),T150),(T60,T160)),T30),T0),((T100,T50),T40)),((T170,T80),T200)),(T90,T70)),T10),T140),T120);
#NNI moves:1/60
(((((((((T120,T140),T10),(T70,T90)),((T80,T170),T200)),(T0,(((((T110,T130),T190),(T20,T180)),T150),(T160,T60)))),T30),T40),T50),T100);
Current score: 3.50639e+06
Current tree: ((((((((((T110,T130),T190),(T20,T180)),T150),(T160,T60)),T30),T0),((((T120,T140),T10),(T70,T90)),((T80,T170),T200))),(T50,T100)),T40);
Final Tree: ((((((((((T110,T130),T190),(T20,T180)),T150),(T160,T60)),T30),T0),((((T120,T140),T10),(T70,T90)),((T80,T170),T200))),(T50,T100)),T40);
Score: 3506389.73

real	0m1.133s
user	0m8.074s
sys	0m0.721s
