
RAxML-NG v. 1.1.0-master released on 04.08.2022 by The Exelixis Lab.
Developed by: Alexey M. Kozlov and Alexandros Stamatakis.
Contributors: Diego Darriba, Tomas Flouri, Benoit Morel, Sarah Lutteropp, Ben Bettisworth.
Latest version: https://github.com/amkozlov/raxml-ng
Questions/problems/suggestions? Please visit: https://groups.google.com/forum/#!forum/raxml

System: AMD EPYC 7742 64-Core Processor, 128 cores, 251 GB RAM

RAxML-NG was called at 23-Jan-2023 00:10:02 as follows:

/home/chaos/programs/raxml-ng/raxml-ng/bin/raxml-ng --msa data/alignment/19_1X_S21_1e6_1.1 --tree pars{1} --model GTR+G --threads 8 --redo

Analysis options:
  run mode: ML tree search
  start tree(s): parsimony (1)
  random seed: 1674461402
  tip-inner: OFF
  pattern compression: ON
  per-rate scalers: OFF
  site repeats: ON
  fast spr radius: AUTO
  spr subtree cutoff: 1.000000
  branch lengths: proportional (ML estimate, algorithm: NR-FAST)
  SIMD kernels: AVX2
  parallelization: coarse-grained (auto), PTHREADS (8 threads), thread pinning: OFF

WARNING: Running in REDO mode: existing checkpoints are ignored, and all result files will be overwritten!

[00:00:00] Reading alignment from file: data/alignment/19_1X_S21_1e6_1.1
[00:00:00] Loaded alignment with 21 taxa and 5000000 sites

Alignment comprises 1 partitions and 596272 patterns

Partition 0: noname
Model: GTR+FO+G4m
Alignment sites / patterns: 5000000 / 596272
Gaps: 0.00 %
Invariant sites: 51.57 %


NOTE: Binary MSA file created: data/alignment/19_1X_S21_1e6_1.1.raxml.rba

Parallelization scheme autoconfig: 1 worker(s) x 8 thread(s)

Parallel reduction/worker buffer size: 1 KB  / 0 KB

[00:00:02] Generating 1 parsimony starting tree(s) with 21 taxa
[00:00:03] Data distribution: max. partitions/sites/weight per thread: 1 / 74534 / 1192544
[00:00:03] Data distribution: max. searches per worker: 1

Starting ML tree search with 1 distinct starting trees

[00:00:03 -38425961.269309] Initial branch length optimization
[00:00:07 -35185411.918507] Model parameter optimization (eps = 10.000000)
[00:00:39 -34046195.369445] AUTODETECT spr round 1 (radius: 5)
[00:01:01 -34028169.330922] AUTODETECT spr round 2 (radius: 10)
[00:01:13 -34028169.329387] SPR radius for FAST iterations: 5 (autodetect)
[00:01:13 -34028169.329387] Model parameter optimization (eps = 3.000000)
[00:01:17 -34028167.653996] FAST spr round 1 (radius: 5)
[00:02:25 -34025666.487397] FAST spr round 2 (radius: 5)
[00:03:35 -34024638.665948] FAST spr round 3 (radius: 5)
[00:04:44 -34024369.640899] FAST spr round 4 (radius: 5)
[00:05:56 -34024369.640713] Model parameter optimization (eps = 1.000000)
[00:06:01 -34024365.625805] SLOW spr round 1 (radius: 5)
[00:10:05 -34024365.625726] SLOW spr round 2 (radius: 10)
[00:11:54 -34024365.625726] SLOW spr round 3 (radius: 15)
[00:11:56 -34024365.625726] SLOW spr round 4 (radius: 20)
[00:11:59 -34024365.625726] Model parameter optimization (eps = 0.100000)

[00:12:01] ML tree search #1, logLikelihood: -34024365.602261


Optimized model parameters:

   Partition 0: noname
   Rate heterogeneity: GAMMA (4 cats, mean),  alpha: 0.486029 (ML),  weights&rates: (0.250000,0.030828) (0.250000,0.242697) (0.250000,0.809830) (0.250000,2.916644) 
   Base frequencies (ML): 0.287663 0.250227 0.203963 0.258147 
   Substitution rates (ML): 0.948670 2.117386 1.199561 0.254842 2.874050 1.000000 


Final LogLikelihood: -34024365.602261

AIC score: 68048827.204523 / AICc score: 68048827.205464 / BIC score: 68049471.602049
Free parameters (model + branch lengths): 48

Best ML tree saved to: /expanse/lustre/projects/uot138/chaos/ASTERISK-sim/data/alignment/19_1X_S21_1e6_1.1.raxml.bestTree
Optimized model saved to: /expanse/lustre/projects/uot138/chaos/ASTERISK-sim/data/alignment/19_1X_S21_1e6_1.1.raxml.bestModel

Execution log saved to: /expanse/lustre/projects/uot138/chaos/ASTERISK-sim/data/alignment/19_1X_S21_1e6_1.1.raxml.log

Analysis started: 23-Jan-2023 00:10:02 / finished: 23-Jan-2023 00:22:04

Elapsed time: 721.294 seconds

Consumed energy: 71.037 Wh

