Weighted ASTRAL - Hybrid
Version: v1.13.2.3
#Genetrees: 2000
#Species: 21
#Rounds: 4
#Samples: 4
#Threads: 32
#NNI moves:0/60
((((((((((T40,T110),T130),(T10,T50)),(((T70,T30),T150),(T120,T100))),T0),T60),(((T160,T200),T20),T180)),(T80,T190)),(T170,T90)),T140);
#NNI moves:0/60
(((((((((((T110,T40),T130),(T50,T10)),(((T70,T30),T150),(T100,T120))),T0),T60),(((T200,T160),T20),T180)),(T190,T80)),T140),T170),T90);
#NNI moves:0/60
(((((((((((T90,T170),T140),(T190,T80)),(((T160,T200),T20),T180)),T60),T0),(((T70,T30),T150),(T120,T100))),(T10,T50)),T130),T110),T40);
#NNI moves:0/60
((((((((((T90,T170),T140),(T190,T80)),(((T200,T160),T20),T180)),T60),T0),(((T30,T70),T150),(T100,T120))),(T10,T50)),(T40,T110)),T130);
Initial score: 4.51288e+06
Initial tree: ((((((T90,T170),T140),(T190,T80)),(((T200,T160),T20),T180)),(T0,((((T30,T70),T150),(T100,T120)),((T10,T50),((T40,T110),T130))))),T60);
*** Subsample Process ***
#NNI moves:3/60
((((((T200,T160),T20),T180),(((T90,T170),T140),(T190,T80))),(T0,((((T110,T40),T130),(T50,T10)),(((T30,T70),T150),(T120,T100))))),T60);
#NNI moves:0/60
(((((((T30,T70),T150),(T120,T100)),(((T40,T110),T130),(T10,T50))),T0),((((T90,T170),T140),(T80,T190)),(((T160,T200),T20),T180))),T60);
#NNI moves:0/60
(((((((((((T30,T70),T150),(T100,T120)),(((T40,T110),T130),(T10,T50))),T0),T60),(((T200,T160),T20),T180)),(T190,T80)),T140),T170),T90);
#NNI moves:1/60
(((((((((((T200,T160),T20),T180),(((T90,T170),T140),(T80,T190))),T60),T0),(((T110,T40),T130),(T50,T10))),(T120,T100)),T150),T70),T30);
Current score: 4.51288e+06
Current tree: ((((((T200,T160),T20),T180),(((T90,T170),T140),(T80,T190))),(T0,((((T110,T40),T130),(T50,T10)),((T120,T100),(T150,(T70,T30)))))),T60);
Final Tree: ((((((T200,T160),T20),T180),(((T90,T170),T140),(T80,T190))),(T0,((((T110,T40),T130),(T50,T10)),((T120,T100),(T150,(T70,T30)))))),T60);
Score: 4512876.005

real	0m1.021s
user	0m6.991s
sys	0m0.536s
