
RAxML-NG v. 1.1.0-master released on 04.08.2022 by The Exelixis Lab.
Developed by: Alexey M. Kozlov and Alexandros Stamatakis.
Contributors: Diego Darriba, Tomas Flouri, Benoit Morel, Sarah Lutteropp, Ben Bettisworth.
Latest version: https://github.com/amkozlov/raxml-ng
Questions/problems/suggestions? Please visit: https://groups.google.com/forum/#!forum/raxml

System: AMD EPYC 7742 64-Core Processor, 128 cores, 251 GB RAM

RAxML-NG was called at 23-Jan-2023 00:09:58 as follows:

/home/chaos/programs/raxml-ng/raxml-ng/bin/raxml-ng --msa data/alignment/1_1X_S21_1e6_1.1 --tree pars{1} --model GTR+G --threads 8 --redo

Analysis options:
  run mode: ML tree search
  start tree(s): parsimony (1)
  random seed: 1674461398
  tip-inner: OFF
  pattern compression: ON
  per-rate scalers: OFF
  site repeats: ON
  fast spr radius: AUTO
  spr subtree cutoff: 1.000000
  branch lengths: proportional (ML estimate, algorithm: NR-FAST)
  SIMD kernels: AVX2
  parallelization: coarse-grained (auto), PTHREADS (8 threads), thread pinning: OFF

WARNING: Running in REDO mode: existing checkpoints are ignored, and all result files will be overwritten!

[00:00:00] Reading alignment from file: data/alignment/1_1X_S21_1e6_1.1
[00:00:00] Loaded alignment with 21 taxa and 5000000 sites

Alignment comprises 1 partitions and 460511 patterns

Partition 0: noname
Model: GTR+FO+G4m
Alignment sites / patterns: 5000000 / 460511
Gaps: 0.00 %
Invariant sites: 39.90 %


NOTE: Binary MSA file created: data/alignment/1_1X_S21_1e6_1.1.raxml.rba

Parallelization scheme autoconfig: 1 worker(s) x 8 thread(s)

Parallel reduction/worker buffer size: 1 KB  / 0 KB

[00:00:02] Generating 1 parsimony starting tree(s) with 21 taxa
[00:00:02] Data distribution: max. partitions/sites/weight per thread: 1 / 57564 / 921024
[00:00:02] Data distribution: max. searches per worker: 1

Starting ML tree search with 1 distinct starting trees

[00:00:02 -40269775.622926] Initial branch length optimization
[00:00:05 -37106543.903558] Model parameter optimization (eps = 10.000000)
[00:00:29 -35436981.635956] AUTODETECT spr round 1 (radius: 5)
[00:00:45 -35427978.903586] AUTODETECT spr round 2 (radius: 10)
[00:00:53 -35427978.903566] SPR radius for FAST iterations: 5 (autodetect)
[00:00:53 -35427978.903566] Model parameter optimization (eps = 3.000000)
[00:00:56 -35427977.215755] FAST spr round 1 (radius: 5)
[00:01:40 -35427977.214917] Model parameter optimization (eps = 1.000000)
[00:01:42 -35427977.096724] SLOW spr round 1 (radius: 5)
[00:04:00 -35427929.788205] SLOW spr round 2 (radius: 5)
[00:06:17 -35427929.788204] SLOW spr round 3 (radius: 10)
[00:07:28 -35427929.788204] SLOW spr round 4 (radius: 15)
[00:07:30 -35427929.788204] SLOW spr round 5 (radius: 20)
[00:07:32 -35427929.788204] Model parameter optimization (eps = 0.100000)

[00:07:34] ML tree search #1, logLikelihood: -35427929.754611


Optimized model parameters:

   Partition 0: noname
   Rate heterogeneity: GAMMA (4 cats, mean),  alpha: 1.258458 (ML),  weights&rates: (0.250000,0.185487) (0.250000,0.542702) (0.250000,1.032412) (0.250000,2.239399) 
   Base frequencies (ML): 0.321937 0.208719 0.274845 0.194499 
   Substitution rates (ML): 0.408758 2.260556 0.497288 0.379624 1.649854 1.000000 


Final LogLikelihood: -35427929.754611

AIC score: 70855955.509222 / AICc score: 70855955.510163 / BIC score: 70856599.906748
Free parameters (model + branch lengths): 48

Best ML tree saved to: /expanse/lustre/projects/uot138/chaos/ASTERISK-sim/data/alignment/1_1X_S21_1e6_1.1.raxml.bestTree
Optimized model saved to: /expanse/lustre/projects/uot138/chaos/ASTERISK-sim/data/alignment/1_1X_S21_1e6_1.1.raxml.bestModel

Execution log saved to: /expanse/lustre/projects/uot138/chaos/ASTERISK-sim/data/alignment/1_1X_S21_1e6_1.1.raxml.log

Analysis started: 23-Jan-2023 00:09:58 / finished: 23-Jan-2023 00:17:33

Elapsed time: 454.749 seconds

Consumed energy: 46.307 Wh

