Weighted ASTRAL - Hybrid
Version: v1.13.2.3
#Genetrees: 2000
#Species: 21
#Rounds: 4
#Samples: 4
#Threads: 32
#NNI moves:3/60
((((((((((T40,T70),T130),((T100,T140),T110)),(((T80,T200),T170),T50)),T90),T0),((((T20,T160),T10),T120),T60)),(T30,T150)),T190),T180);
#NNI moves:2/60
(((((((((((T20,T160),T10),T120),T60),((T190,T180),(T150,T30))),T0),T90),(((T140,T100),T110),((T70,T40),T130))),T50),(T200,T80)),T170);
#NNI moves:1/60
((((((((((((T20,T160),T10),T120),T60),((T190,T180),(T30,T150))),T0),T90),(((T200,T80),T170),T50)),((T100,T140),T110)),T130),T70),T40);
#NNI moves:0/60
(((((((((((T160,T20),T10),T120),T60),((T180,T190),(T150,T30))),T0),T90),(((T200,T80),T170),T50)),((T100,T140),T110)),(T40,T70)),T130);
Initial score: 4.76196e+06
Initial tree: ((T30,((T180,T190),(((((T160,T20),T10),T120),T60),(T0,(T90,((((T200,T80),T170),T50),(((T100,T140),T110),((T40,T70),T130)))))))),T150);
*** Subsample Process ***
#NNI moves:0/60
((((((((((T100,T140),T110),((T70,T40),T130)),(((T200,T80),T170),T50)),T90),T0),((((T160,T20),T10),T120),T60)),(T190,T180)),T30),T150);
#NNI moves:3/60
((((((((((T40,T70),T130),((T140,T100),T110)),(((T80,T200),T170),T50)),T90),T0),((((T160,T20),T10),T120),T60)),(T180,T190)),T30),T150);
#NNI moves:2/60
(((((((T100,T140),T110),((T40,T70),T130)),(((T200,T80),T170),T50)),T90),(((((T20,T160),T10),T120),T60),((T190,T180),(T30,T150)))),T0);
#NNI moves:0/60
((((((((((T140,T100),T110),((T40,T70),T130)),(((T80,T200),T170),T50)),T90),T0),((((T160,T20),T10),T120),T60)),(T180,T190)),T150),T30);
Current score: 4.76196e+06
Current tree: ((((((((((T140,T100),T110),((T40,T70),T130)),(((T80,T200),T170),T50)),T90),T0),((((T160,T20),T10),T120),T60)),(T180,T190)),T30),T150);
Final Tree: ((((((((((T140,T100),T110),((T40,T70),T130)),(((T80,T200),T170),T50)),T90),T0),((((T160,T20),T10),T120),T60)),(T180,T190)),T30),T150);
Score: 4761962.978

real	0m0.871s
user	0m6.834s
sys	0m0.612s
