
RAxML-NG v. 1.1.0-master released on 04.08.2022 by The Exelixis Lab.
Developed by: Alexey M. Kozlov and Alexandros Stamatakis.
Contributors: Diego Darriba, Tomas Flouri, Benoit Morel, Sarah Lutteropp, Ben Bettisworth.
Latest version: https://github.com/amkozlov/raxml-ng
Questions/problems/suggestions? Please visit: https://groups.google.com/forum/#!forum/raxml

System: AMD EPYC 7742 64-Core Processor, 128 cores, 251 GB RAM

RAxML-NG was called at 23-Jan-2023 00:10:02 as follows:

/home/chaos/programs/raxml-ng/raxml-ng/bin/raxml-ng --msa data/alignment/21_1X_S21_1e6_1.1 --tree pars{1} --model GTR+G --threads 8 --redo

Analysis options:
  run mode: ML tree search
  start tree(s): parsimony (1)
  random seed: 1674461402
  tip-inner: OFF
  pattern compression: ON
  per-rate scalers: OFF
  site repeats: ON
  fast spr radius: AUTO
  spr subtree cutoff: 1.000000
  branch lengths: proportional (ML estimate, algorithm: NR-FAST)
  SIMD kernels: AVX2
  parallelization: coarse-grained (auto), PTHREADS (8 threads), thread pinning: OFF

WARNING: Running in REDO mode: existing checkpoints are ignored, and all result files will be overwritten!

[00:00:00] Reading alignment from file: data/alignment/21_1X_S21_1e6_1.1
[00:00:00] Loaded alignment with 21 taxa and 5000000 sites

Alignment comprises 1 partitions and 1234716 patterns

Partition 0: noname
Model: GTR+FO+G4m
Alignment sites / patterns: 5000000 / 1234716
Gaps: 0.00 %
Invariant sites: 28.64 %


NOTE: Binary MSA file created: data/alignment/21_1X_S21_1e6_1.1.raxml.rba

Parallelization scheme autoconfig: 1 worker(s) x 8 thread(s)

Parallel reduction/worker buffer size: 1 KB  / 0 KB

[00:00:02] Generating 1 parsimony starting tree(s) with 21 taxa
[00:00:03] Data distribution: max. partitions/sites/weight per thread: 1 / 154340 / 2469440
[00:00:03] Data distribution: max. searches per worker: 1

Starting ML tree search with 1 distinct starting trees

[00:00:03 -56760276.645834] Initial branch length optimization
[00:00:14 -53576592.113453] Model parameter optimization (eps = 10.000000)
[00:01:06 -52846175.434108] AUTODETECT spr round 1 (radius: 5)
[00:01:51 -52796890.766479] AUTODETECT spr round 2 (radius: 10)
[00:02:15 -52796890.762912] SPR radius for FAST iterations: 5 (autodetect)
[00:02:15 -52796890.762912] Model parameter optimization (eps = 3.000000)
[00:02:31 -52796856.936815] FAST spr round 1 (radius: 5)
[00:05:14 -52796679.087456] FAST spr round 2 (radius: 5)
[00:08:04 -52796679.087243] Model parameter optimization (eps = 1.000000)
[00:08:16 -52796676.055274] SLOW spr round 1 (radius: 5)
[00:18:01 -52796676.055137] SLOW spr round 2 (radius: 10)
[00:22:15 -52796676.055135] SLOW spr round 3 (radius: 15)
[00:22:20 -52796676.055135] SLOW spr round 4 (radius: 20)
[00:22:25 -52796676.055135] Model parameter optimization (eps = 0.100000)

[00:22:29] ML tree search #1, logLikelihood: -52796676.039120


Optimized model parameters:

   Partition 0: noname
   Rate heterogeneity: GAMMA (4 cats, mean),  alpha: 0.757657 (ML),  weights&rates: (0.250000,0.086522) (0.250000,0.389511) (0.250000,0.944494) (0.250000,2.579473) 
   Base frequencies (ML): 0.242507 0.276615 0.230537 0.250340 
   Substitution rates (ML): 0.907757 2.529473 1.333941 1.966364 2.617876 1.000000 


Final LogLikelihood: -52796676.039120

AIC score: 105593448.078240 / AICc score: 105593448.079181 / BIC score: 105594092.475767
Free parameters (model + branch lengths): 48

Best ML tree saved to: /expanse/lustre/projects/uot138/chaos/ASTERISK-sim/data/alignment/21_1X_S21_1e6_1.1.raxml.bestTree
Optimized model saved to: /expanse/lustre/projects/uot138/chaos/ASTERISK-sim/data/alignment/21_1X_S21_1e6_1.1.raxml.bestModel

Execution log saved to: /expanse/lustre/projects/uot138/chaos/ASTERISK-sim/data/alignment/21_1X_S21_1e6_1.1.raxml.log

Analysis started: 23-Jan-2023 00:10:02 / finished: 23-Jan-2023 00:32:32

Elapsed time: 1350.004 seconds

Consumed energy: 106.667 Wh

