Weighted ASTRAL - Hybrid
Version: v1.13.2.3
#Genetrees: 2000
#Species: 21
#Rounds: 4
#Samples: 4
#Threads: 32
#NNI moves:0/60
(((((((((((((T150,T20),T110),T10),T130),T200),(((T60,T170),T30),(T140,T70))),T0),(T190,T50)),T90),T80),((T100,T120),T160)),T180),T40);
#NNI moves:0/60
(((((((((((((T150,T20),T10),(T110,T130)),T200),(((T170,T60),T30),(T140,T70))),T0),(T190,T50)),T90),T80),(T40,T180)),T160),T120),T100);
#NNI moves:1/60
((((((((((((T100,T120),T160),(T180,T40)),T80),T90),(T190,T50)),T0),(((T10,(T110,(T150,T20))),T130),T200)),(T70,T140)),T30),T170),T60);
#NNI moves:0/60
(((((((T20,T150),T10),(T110,T130)),T200),(((T60,T170),T30),(T70,T140))),((((((T100,T120),T160),(T40,T180)),T80),T90),(T190,T50))),T0);
Initial score: 2.92168e+06
Initial tree: (((T60,T170),((T70,T140),(((((T20,T150),T10),(T110,T130)),T200),(((((((T100,T120),T160),(T40,T180)),T80),T90),(T190,T50)),T0)))),T30);
*** Subsample Process ***
#NNI moves:3/60
(((((((((((T100,T120),T160),(T180,T40)),T80),T90),(T50,T190)),T0),((((T150,T20),T10),(T110,T130)),T200)),(T140,T70)),(T60,T170)),T30);
#NNI moves:3/60
(((((((((((T120,T100),T160),(T40,T180)),T80),T90),(T190,T50)),T0),((((T20,T150),T10),(T130,T110)),T200)),(T70,T140)),(T60,T170)),T30);
#NNI moves:0/60
(((((((((((((T120,T100),T160),(T180,T40)),T80),T90),(T50,T190)),T0),(((T170,T60),T30),(T140,T70))),T200),(T130,T110)),T10),T20),T150);
#NNI moves:3/60
((((((((((((T120,T100),T160),(T180,T40)),T80),T90),(T50,T190)),T0),((((T110,(T150,T20)),T10),T130),T200)),(T70,T140)),T30),T60),T170);
Current score: 2.92168e+06
Current tree: (((((((((((T120,T100),T160),(T180,T40)),T80),T90),(T50,T190)),T0),(((T130,T110),(T10,(T150,T20))),T200)),(T70,T140)),(T60,T170)),T30);
Final Tree: (((((((((((T120,T100),T160),(T180,T40)),T80),T90),(T50,T190)),T0),(((T130,T110),(T10,(T150,T20))),T200)),(T70,T140)),(T60,T170)),T30);
Score: 2921677.96

real	0m1.086s
user	0m7.142s
sys	0m0.776s
