
RAxML-NG v. 1.1.0-master released on 04.08.2022 by The Exelixis Lab.
Developed by: Alexey M. Kozlov and Alexandros Stamatakis.
Contributors: Diego Darriba, Tomas Flouri, Benoit Morel, Sarah Lutteropp, Ben Bettisworth.
Latest version: https://github.com/amkozlov/raxml-ng
Questions/problems/suggestions? Please visit: https://groups.google.com/forum/#!forum/raxml

System: AMD EPYC 7742 64-Core Processor, 128 cores, 251 GB RAM

RAxML-NG was called at 23-Jan-2023 00:10:02 as follows:

/home/chaos/programs/raxml-ng/raxml-ng/bin/raxml-ng --msa data/alignment/22_1X_S21_1e6_1.1 --tree pars{1} --model GTR+G --threads 8 --redo

Analysis options:
  run mode: ML tree search
  start tree(s): parsimony (1)
  random seed: 1674461402
  tip-inner: OFF
  pattern compression: ON
  per-rate scalers: OFF
  site repeats: ON
  fast spr radius: AUTO
  spr subtree cutoff: 1.000000
  branch lengths: proportional (ML estimate, algorithm: NR-FAST)
  SIMD kernels: AVX2
  parallelization: coarse-grained (auto), PTHREADS (8 threads), thread pinning: OFF

WARNING: Running in REDO mode: existing checkpoints are ignored, and all result files will be overwritten!

[00:00:00] Reading alignment from file: data/alignment/22_1X_S21_1e6_1.1
[00:00:00] Loaded alignment with 21 taxa and 5000000 sites

Alignment comprises 1 partitions and 614402 patterns

Partition 0: noname
Model: GTR+FO+G4m
Alignment sites / patterns: 5000000 / 614402
Gaps: 0.00 %
Invariant sites: 33.49 %


NOTE: Binary MSA file created: data/alignment/22_1X_S21_1e6_1.1.raxml.rba

Parallelization scheme autoconfig: 1 worker(s) x 8 thread(s)

Parallel reduction/worker buffer size: 1 KB  / 0 KB

[00:00:02] Generating 1 parsimony starting tree(s) with 21 taxa
[00:00:06] Data distribution: max. partitions/sites/weight per thread: 1 / 76801 / 1228816
[00:00:06] Data distribution: max. searches per worker: 1

Starting ML tree search with 1 distinct starting trees

[00:00:07 -44604784.558500] Initial branch length optimization
[00:00:12 -41072083.772112] Model parameter optimization (eps = 10.000000)
[00:00:37 -40400130.543565] AUTODETECT spr round 1 (radius: 5)
[00:00:57 -40385010.988296] AUTODETECT spr round 2 (radius: 10)
[00:01:09 -40385010.987592] SPR radius for FAST iterations: 5 (autodetect)
[00:01:09 -40385010.987592] Model parameter optimization (eps = 3.000000)
[00:01:13 -40385009.231944] FAST spr round 1 (radius: 5)
[00:02:23 -40381828.640668] FAST spr round 2 (radius: 5)
[00:03:32 -40379880.660001] FAST spr round 3 (radius: 5)
[00:04:42 -40378552.975429] FAST spr round 4 (radius: 5)
[00:05:52 -40378552.975421] Model parameter optimization (eps = 1.000000)
[00:05:58 -40378550.714520] SLOW spr round 1 (radius: 5)
[00:09:41 -40378550.714441] SLOW spr round 2 (radius: 10)
[00:11:24 -40378550.714441] SLOW spr round 3 (radius: 15)
[00:11:27 -40378550.714441] SLOW spr round 4 (radius: 20)
[00:11:30 -40378550.714441] Model parameter optimization (eps = 0.100000)

[00:11:33] ML tree search #1, logLikelihood: -40378550.697385


Optimized model parameters:

   Partition 0: noname
   Rate heterogeneity: GAMMA (4 cats, mean),  alpha: 1.323290 (ML),  weights&rates: (0.250000,0.196689) (0.250000,0.556232) (0.250000,1.038107) (0.250000,2.208972) 
   Base frequencies (ML): 0.273324 0.177462 0.268417 0.280798 
   Substitution rates (ML): 0.670491 1.401151 0.566745 0.535540 1.329302 1.000000 


Final LogLikelihood: -40378550.697385

AIC score: 80757197.394770 / AICc score: 80757197.395711 / BIC score: 80757841.792296
Free parameters (model + branch lengths): 48

Best ML tree saved to: /expanse/lustre/projects/uot138/chaos/ASTERISK-sim/data/alignment/22_1X_S21_1e6_1.1.raxml.bestTree
Optimized model saved to: /expanse/lustre/projects/uot138/chaos/ASTERISK-sim/data/alignment/22_1X_S21_1e6_1.1.raxml.bestModel

Execution log saved to: /expanse/lustre/projects/uot138/chaos/ASTERISK-sim/data/alignment/22_1X_S21_1e6_1.1.raxml.log

Analysis started: 23-Jan-2023 00:10:02 / finished: 23-Jan-2023 00:21:36

Elapsed time: 693.637 seconds

Consumed energy: 62.978 Wh

