Weighted ASTRAL - Hybrid
Version: v1.13.2.3
#Genetrees: 2000
#Species: 21
#Rounds: 4
#Samples: 4
#Threads: 32
#NNI moves:1/60
((((((((((T90,T10),T110),(T80,T100)),T130),((((T180,T40),T50),T30),(T70,T140))),T0),(T60,((T120,T20),T200))),(T190,T160)),T170),T150);
#NNI moves:3/60
((((((((((T40,T180),T50),T30),(T70,T140)),((((T90,T10),T110),(T100,T80)),T130)),T0),((T160,T190),(T150,T170))),T60),(T20,T120)),T200);
#NNI moves:1/60
((((((((((T190,T160),(T170,T150)),(((T120,T20),T200),T60)),T0),((((T10,T90),T110),(T100,T80)),T130)),(T70,T140)),T30),T50),T40),T180);
#NNI moves:1/60
((((((((((T90,T10),T110),(T80,T100)),T130),((((T40,T180),T50),T30),(T140,T70))),T0),(T60,((T120,T20),T200))),(T150,T170)),T160),T190);
Initial score: 3.43278e+06
Initial tree: ((((T40,T180),T50),((T140,T70),(((((T90,T10),T110),(T80,T100)),T130),(T0,((T60,((T120,T20),T200)),((T150,T170),(T160,T190))))))),T30);
*** Subsample Process ***
#NNI moves:0/60
((((((((T150,T170),(T160,T190)),(((T20,T120),T200),T60)),T0),((((T90,T10),T110),(T80,T100)),T130)),(T140,T70)),((T40,T180),T50)),T30);
#NNI moves:0/60
((((((((T170,T150),(T190,T160)),(((T20,T120),T200),T60)),T0),((((T90,T10),T110),(T80,T100)),T130)),(T140,T70)),((T180,T40),T50)),T30);
#NNI moves:0/60
(((((((((T160,T190),(T170,T150)),(((T120,T20),T200),T60)),T0),((((T40,T180),T50),T30),(T140,T70))),T130),(T100,T80)),(T10,T90)),T110);
#NNI moves:0/60
((((((((((T190,T160),(T170,T150)),(((T20,T120),T200),T60)),T0),((((T10,T90),T110),(T80,T100)),T130)),(T70,T140)),T30),T50),T180),T40);
Current score: 3.43278e+06
Current tree: ((((((((T190,T160),(T170,T150)),(((T20,T120),T200),T60)),T0),((((T10,T90),T110),(T80,T100)),T130)),(T70,T140)),(T50,(T180,T40))),T30);
#NNI moves:3/60
((((((((((T90,T10),T110),(T80,T100)),T130),((((T40,T180),T50),T30),(T70,T140))),T0),((T190,T160),(T150,T170))),T60),(T20,T120)),T200);
#NNI moves:0/60
((((((((((T20,T120),T200),T60),((T190,T160),(T170,T150))),T0),((((T180,T40),T50),T30),(T140,T70))),T130),((T90,T10),T110)),T100),T80);
#NNI moves:1/60
((((((((T160,T190),(T170,T150)),(((T120,T20),T200),T60)),T0),((((T90,T10),T110),(T100,T80)),T130)),(((T40,T180),T50),T30)),T70),T140);
#NNI moves:0/60
(((((((((T20,T120),T200),T60),((T190,T160),(T170,T150))),T0),((((T10,T90),T110),(T100,T80)),T130)),(T140,T70)),((T40,T180),T50)),T30);
Current score: 3.43278e+06
Current tree: (((((((((T20,T120),T200),T60),((T190,T160),(T170,T150))),T0),((((T10,T90),T110),(T100,T80)),T130)),(T140,T70)),((T40,T180),T50)),T30);
Final Tree: (((((((((T20,T120),T200),T60),((T190,T160),(T170,T150))),T0),((((T10,T90),T110),(T100,T80)),T130)),(T140,T70)),((T40,T180),T50)),T30);
Score: 3432782.538

real	0m1.388s
user	0m10.447s
sys	0m0.681s
