
RAxML-NG v. 1.1.0-master released on 04.08.2022 by The Exelixis Lab.
Developed by: Alexey M. Kozlov and Alexandros Stamatakis.
Contributors: Diego Darriba, Tomas Flouri, Benoit Morel, Sarah Lutteropp, Ben Bettisworth.
Latest version: https://github.com/amkozlov/raxml-ng
Questions/problems/suggestions? Please visit: https://groups.google.com/forum/#!forum/raxml

System: AMD EPYC 7742 64-Core Processor, 128 cores, 251 GB RAM

RAxML-NG was called at 23-Jan-2023 00:09:59 as follows:

/home/chaos/programs/raxml-ng/raxml-ng/bin/raxml-ng --msa data/alignment/26_1X_S21_1e6_1.1 --tree pars{1} --model GTR+G --threads 8 --redo

Analysis options:
  run mode: ML tree search
  start tree(s): parsimony (1)
  random seed: 1674461399
  tip-inner: OFF
  pattern compression: ON
  per-rate scalers: OFF
  site repeats: ON
  fast spr radius: AUTO
  spr subtree cutoff: 1.000000
  branch lengths: proportional (ML estimate, algorithm: NR-FAST)
  SIMD kernels: AVX2
  parallelization: coarse-grained (auto), PTHREADS (8 threads), thread pinning: OFF

WARNING: Running in REDO mode: existing checkpoints are ignored, and all result files will be overwritten!

[00:00:00] Reading alignment from file: data/alignment/26_1X_S21_1e6_1.1
[00:00:00] Loaded alignment with 21 taxa and 5000000 sites

Alignment comprises 1 partitions and 475504 patterns

Partition 0: noname
Model: GTR+FO+G4m
Alignment sites / patterns: 5000000 / 475504
Gaps: 0.00 %
Invariant sites: 43.97 %


NOTE: Binary MSA file created: data/alignment/26_1X_S21_1e6_1.1.raxml.rba

Parallelization scheme autoconfig: 1 worker(s) x 8 thread(s)

Parallel reduction/worker buffer size: 1 KB  / 0 KB

[00:00:02] Generating 1 parsimony starting tree(s) with 21 taxa
[00:00:02] Data distribution: max. partitions/sites/weight per thread: 1 / 59438 / 951008
[00:00:02] Data distribution: max. searches per worker: 1

Starting ML tree search with 1 distinct starting trees

[00:00:02 -40035910.911971] Initial branch length optimization
[00:00:05 -36946035.625869] Model parameter optimization (eps = 10.000000)
[00:00:47 -33751444.939829] AUTODETECT spr round 1 (radius: 5)
[00:01:01 -33745159.155974] AUTODETECT spr round 2 (radius: 10)
[00:01:08 -33745159.155665] SPR radius for FAST iterations: 5 (autodetect)
[00:01:08 -33745159.155665] Model parameter optimization (eps = 3.000000)
[00:01:09 -33745157.442880] FAST spr round 1 (radius: 5)
[00:01:45 -33744250.988405] FAST spr round 2 (radius: 5)
[00:02:28 -33742793.301181] FAST spr round 3 (radius: 5)
[00:03:23 -33742793.301055] Model parameter optimization (eps = 1.000000)
[00:03:25 -33742793.245325] SLOW spr round 1 (radius: 5)
[00:06:31 -33742793.245324] SLOW spr round 2 (radius: 10)
[00:07:56 -33742793.245324] SLOW spr round 3 (radius: 15)
[00:07:58 -33742793.245324] SLOW spr round 4 (radius: 20)
[00:08:00 -33742793.245324] Model parameter optimization (eps = 0.100000)

[00:08:04] ML tree search #1, logLikelihood: -33742792.961723


Optimized model parameters:

   Partition 0: noname
   Rate heterogeneity: GAMMA (4 cats, mean),  alpha: 0.793636 (ML),  weights&rates: (0.250000,0.094204) (0.250000,0.404559) (0.250000,0.955176) (0.250000,2.546061) 
   Base frequencies (ML): 0.393888 0.180878 0.226545 0.198689 
   Substitution rates (ML): 0.985085 11.869431 1.409605 2.581976 9.020486 1.000000 


Final LogLikelihood: -33742792.961723

AIC score: 67485681.923445 / AICc score: 67485681.924386 / BIC score: 67486326.320972
Free parameters (model + branch lengths): 48

Best ML tree saved to: /expanse/lustre/projects/uot138/chaos/ASTERISK-sim/data/alignment/26_1X_S21_1e6_1.1.raxml.bestTree
Optimized model saved to: /expanse/lustre/projects/uot138/chaos/ASTERISK-sim/data/alignment/26_1X_S21_1e6_1.1.raxml.bestModel

Execution log saved to: /expanse/lustre/projects/uot138/chaos/ASTERISK-sim/data/alignment/26_1X_S21_1e6_1.1.raxml.log

Analysis started: 23-Jan-2023 00:09:59 / finished: 23-Jan-2023 00:18:04

Elapsed time: 484.846 seconds

Consumed energy: 63.134 Wh

