Weighted ASTRAL - Hybrid
Version: v1.13.2.3
#Genetrees: 2000
#Species: 21
#Rounds: 4
#Samples: 4
#Threads: 32
#NNI moves:1/60
(((((((((((T190,T80),T60),T140),T130),(T70,T50)),T0),((T150,T20),T200)),(((((T90,T30),T170),T10),(T40,T160)),T110)),T100),T120),T180);
#NNI moves:0/60
(((((((((T90,T30),T170),T10),(T160,T40)),T110),((T180,T120),T100)),((T20,T150),T200)),(((((T80,T190),T60),T140),T130),(T70,T50))),T0);
#NNI moves:1/60
((((((((((((T80,T190),T60),T140),T130),(T70,T50)),T0),((T150,T20),T200)),((T120,T180),T100)),T110),(T10,((T90,T30),T170))),T160),T40);
#NNI moves:0/60
(((((((((((T90,T30),T170),T10),(T160,T40)),T110),((T180,T120),T100)),((T20,T150),T200)),T0),(T70,T50)),(((T80,T190),T60),T140)),T130);
Initial score: 4.16427e+06
Initial tree: ((T150,(T200,(((((((T90,T30),T170),T10),(T160,T40)),T110),((T180,T120),T100)),(T0,((T70,T50),((((T80,T190),T60),T140),T130)))))),T20);
*** Subsample Process ***
#NNI moves:0/60
((((((((((T30,T90),T170),T10),(T40,T160)),T110),((T120,T180),T100)),((((((T190,T80),T60),T140),T130),(T50,T70)),T0)),T200),T150),T20);
#NNI moves:1/60
((((((((((T90,T30),T170),T10),(T40,T160)),T110),((T180,T120),T100)),((((((T80,T190),T60),T140),T130),(T50,T70)),T0)),T200),T150),T20);
#NNI moves:0/60
((((((((((((((T90,T30),T170),T10),(T160,T40)),T110),((T120,T180),T100)),((T150,T20),T200)),T0),(T50,T70)),T130),T140),T60),T80),T190);
#NNI moves:0/60
((((((((((T30,T90),T170),T10),(T40,T160)),T110),((T180,T120),T100)),((((((T190,T80),T60),T140),T130),(T50,T70)),T0)),T200),T20),T150);
Current score: 4.16427e+06
Current tree: ((((((((((T30,T90),T170),T10),(T40,T160)),T110),((T180,T120),T100)),((((((T190,T80),T60),T140),T130),(T50,T70)),T0)),T200),T150),T20);
Final Tree: ((((((((((T30,T90),T170),T10),(T40,T160)),T110),((T180,T120),T100)),((((((T190,T80),T60),T140),T130),(T50,T70)),T0)),T200),T150),T20);
Score: 4164272.113

real	0m0.936s
user	0m6.665s
sys	0m0.706s
