Iteration 1:
Accurate Species Tree EstimatoR from Independent Site Kernals
Version: v1.13.0.0
#Base: 26941635
#Species: 21
#Rounds: 1
#Samples: 0
#Threads: 16
#NNI moves:0/60
((((((((((((T160,T40),(T10,T110)),((T90,T30),T170)),((T180,T120),T100)),((T150,T20),T200)),T0),(T70,T50)),T130),T140),T60),T190),T80);
Initial score: 2.43255e+06
Initial tree: ((T150,(T200,(((((T160,T40),(T10,T110)),((T90,T30),T170)),((T180,T120),T100)),(T0,((T70,T50),(T130,(T140,(T60,(T190,T80))))))))),T20);
*** Subsample Process ***
Current score: 2.43255e+06
Current tree: ((T150,(T200,(((((T160,T40),(T10,T110)),((T90,T30),T170)),((T180,T120),T100)),(T0,((T70,T50),(T130,(T140,(T60,(T190,T80))))))))),T20);
Final Tree: ((T150,(T200,(((((T160,T40),(T10,T110)),((T90,T30),T170)),((T180,T120),T100)),(T0,((T70,T50),(T130,(T140,(T60,(T190,T80))))))))),T20);
Score: 2.43255e+06

real	0m10.976s
user	1m59.447s
sys	0m0.388s
