Weighted ASTRAL - Hybrid
Version: v1.13.2.3
#Genetrees: 2000
#Species: 21
#Rounds: 4
#Samples: 4
#Threads: 32
#NNI moves:0/60
(((((((((T130,T60),T30),((T150,T10),T120)),T0),(T190,T90)),T50),(((((T100,T80),T160),((T40,T200),T140)),T180),(T170,T110))),T70),T20);
#NNI moves:3/60
((((((((((T10,T150),T120),((T60,T130),T30)),T0),(T190,T90)),T50),(T70,T20)),((((T200,T40),T140),((T100,T80),T160)),T180)),T170),T110);
#NNI moves:9/60
((((((((((T200,T40),T140),((T80,T100),T160)),T180),(T170,T110)),(T20,T70)),T50),(T90,T190)),(((T150,T10),T120),((T130,T60),T30))),T0);
#NNI moves:1/60
(((((((((((((T100,T80),T160),((T200,T40),T140)),T180),(T110,T170)),(T20,T70)),T50),(T190,T90)),T0),((T150,T10),T120)),T30),T60),T130);
Initial score: 3.90292e+06
Initial tree: (((((T100,T80),T160),((T200,T40),T140)),((T110,T170),((T20,T70),(T50,((T190,T90),(T0,(((T150,T10),T120),(T30,(T60,T130))))))))),T180);
*** Subsample Process ***
#NNI moves:1/60
((((((((((T150,T10),T120),((T60,T130),T30)),T0),(T90,T190)),T50),(T20,T70)),(T170,T110)),(((T100,T80),T160),((T200,T40),T140))),T180);
#NNI moves:0/60
((((((((((T130,T60),T30),((T10,T150),T120)),T0),(T190,T90)),T50),(T70,T20)),(T170,T110)),(((T40,T200),T140),((T80,T100),T160))),T180);
#NNI moves:0/60
(((((((((T150,T10),T120),((T130,T60),T30)),T0),(T90,T190)),T50),(((((T100,T80),T160),((T200,T40),T140)),T180),(T110,T170))),T70),T20);
#NNI moves:0/60
(((((((((((((T10,T150),T120),((T130,T60),T30)),T0),(T190,T90)),T50),(T20,T70)),(T170,T110)),T180),((T40,T200),T140)),T160),T80),T100);
Current score: 3.90292e+06
Current tree: ((((((((((T10,T150),T120),((T130,T60),T30)),T0),(T190,T90)),T50),(T20,T70)),(T170,T110)),(((T40,T200),T140),(T160,(T80,T100)))),T180);
Final Tree: ((((((((((T10,T150),T120),((T130,T60),T30)),T0),(T190,T90)),T50),(T20,T70)),(T170,T110)),(((T40,T200),T140),(T160,(T80,T100)))),T180);
Score: 3902919.065

real	0m1.122s
user	0m7.542s
sys	0m0.753s
