Weighted ASTRAL - Hybrid
Version: v1.13.2.3
#Genetrees: 2000
#Species: 21
#Rounds: 4
#Samples: 4
#Threads: 32
#NNI moves:0/60
(((((((((((T40,T20),(T200,T120)),((T30,T50),T60)),T110),T0),(T170,T130)),(((T140,T180),T150),T70)),((T80,T190),T160)),T100),T90),T10);
#NNI moves:1/60
((((((((((((T50,T30),T60),(T120,T200)),(T40,T20)),T110),T0),(T130,T170)),(((T90,T10),T100),((T190,T80),T160))),T70),T150),T140),T180);
#NNI moves:1/60
(((((((((((T180,T140),T150),T70),(((T80,T190),T160),((T90,T10),T100))),(T170,T130)),T0),T110),((T120,T200),(T40,T20))),T60),T50),T30);
#NNI moves:4/60
((((((((((T50,T30),T60),((T120,T200),(T20,T40))),T110),T0),(T130,T170)),(((T180,T140),T150),T70)),((T80,T190),T160)),(T10,T90)),T100);
Initial score: 4.42768e+06
Initial tree: ((T170,((((((T50,T30),T60),((T120,T200),(T20,T40))),T110),T0),((((T180,T140),T150),T70),(((T80,T190),T160),((T10,T90),T100))))),T130);
*** Subsample Process ***
#NNI moves:0/60
(((((((T80,T190),T160),((T90,T10),T100)),(((T180,T140),T150),T70)),(((((T200,T120),(T40,T20)),((T30,T50),T60)),T110),T0)),T170),T130);
#NNI moves:5/60
(((((((T10,T90),T100),((T190,T80),T160)),(((T140,T180),T150),T70)),(((((T50,T30),T60),((T120,T200),(T40,T20))),T110),T0)),T170),T130);
#NNI moves:3/60
(((((((((((T80,T190),T160),((T10,T90),T100)),(((T180,T140),T150),T70)),(T170,T130)),T0),T110),((T120,T200),(T40,T20))),T60),T50),T30);
#NNI moves:0/60
(((((((T10,T90),T100),((T190,T80),T160)),(((T180,T140),T150),T70)),(((((T20,T40),(T120,T200)),((T30,T50),T60)),T110),T0)),T130),T170);
Current score: 4.42768e+06
Current tree: (((((((T10,T90),T100),((T190,T80),T160)),(((T180,T140),T150),T70)),(((((T20,T40),(T120,T200)),((T30,T50),T60)),T110),T0)),T170),T130);
Final Tree: (((((((T10,T90),T100),((T190,T80),T160)),(((T180,T140),T150),T70)),(((((T20,T40),(T120,T200)),((T30,T50),T60)),T110),T0)),T170),T130);
Score: 4427675.592

real	0m1.052s
user	0m7.399s
sys	0m0.694s
