Iteration 1:
Accurate Species Tree EstimatoR from Independent Site Kernals
Version: v1.13.0.0
#Base: 22885065
#Species: 21
#Rounds: 1
#Samples: 0
#Threads: 16
#NNI moves:2/60
(((((((((T140,T180),T170),T40),T130),((((T50,T190),T110),T0),(T90,T80))),((((T60,T70),T120),(T10,T200)),T20)),(T160,T100)),T30),T150);
Initial score: 5.11845e+06
Initial tree: ((T90,((((T50,T190),T110),T0),(((((T140,T180),T170),T40),T130),(((((T60,T70),T120),(T10,T200)),T20),((T160,T100),(T30,T150)))))),T80);
*** Subsample Process ***
Current score: 5.11845e+06
Current tree: ((T90,((((T50,T190),T110),T0),(((((T140,T180),T170),T40),T130),(((((T60,T70),T120),(T10,T200)),T20),((T160,T100),(T30,T150)))))),T80);
Final Tree: ((T90,((((T50,T190),T110),T0),(((((T140,T180),T170),T40),T130),(((((T60,T70),T120),(T10,T200)),T20),((T160,T100),(T30,T150)))))),T80);
Score: 5.11845e+06

real	0m9.122s
user	1m38.651s
sys	0m0.385s
