Weighted ASTRAL - Hybrid
Version: v1.13.2.3
#Genetrees: 2000
#Species: 21
#Rounds: 4
#Samples: 4
#Threads: 32
#NNI moves:2/60
((((((((((T190,T50),T110),T0),T80),((((T30,T150),(T100,T160)),((((T70,T60),T120),(T10,T200)),T20)),T90)),T130),T170),T40),T140),T180);
#NNI moves:1/60
((((((((((((T60,T70),T120),(T10,T200)),T20),((T160,T100),(T30,T150))),T90),((((T180,T140),T40),T170),T130)),T80),T0),T110),T190),T50);
#NNI moves:0/60
((((((((((((T50,T190),T110),T0),T80),((((T140,T180),T40),T170),T130)),T90),((T30,T150),(T100,T160))),T20),(T10,T200)),T120),T60),T70);
#NNI moves:2/60
(((((((((((T180,T140),T40),T170),T130),((((T50,T190),T110),T0),T80)),T90),((T150,T30),(T100,T160))),T20),(T200,T10)),(T70,T60)),T120);
Initial score: 4.24596e+06
Initial tree: (((((T50,T190),T110),T0),(((((T180,T140),T40),T170),T130),(T90,(((T150,T30),(T100,T160)),(T20,((T200,T10),((T70,T60),T120))))))),T80);
*** Subsample Process ***
#NNI moves:3/60
(((((((((T60,T70),T120),(T10,T200)),T20),((T150,T30),(T100,T160))),T90),((((T140,T180),T40),T170),T130)),(((T50,T190),T110),T0)),T80);
#NNI moves:0/60
(((((((((T70,T60),T120),(T200,T10)),T20),((T100,T160),(T30,T150))),T90),((((T180,T140),T40),T170),T130)),(((T190,T50),T110),T0)),T80);
#NNI moves:0/60
((((((((((((T70,T60),T120),(T10,T200)),T20),((T30,T150),(T160,T100))),T90),((((T50,T190),T110),T0),T80)),T130),T170),T40),T140),T180);
#NNI moves:4/60
((((((((((((T70,T60),T120),(T10,T200)),T20),((T30,T150),(T100,T160))),T90),((((T180,T140),T40),T170),T130)),T80),T0),T110),T190),T50);
Current score: 4.24596e+06
Current tree: (((((((((T70,T60),T120),(T10,T200)),T20),((T30,T150),(T100,T160))),T90),((((T180,T140),T40),T170),T130)),(T0,(T110,(T190,T50)))),T80);
#NNI moves:2/60
((((((((((T180,T140),T40),T170),T130),((((T50,T190),T110),T0),T80)),T90),((((T70,T60),T120),(T200,T10)),T20)),(T160,T100)),T150),T30);
#NNI moves:0/60
(((((((((T60,T70),T120),(T200,T10)),T20),((T100,T160),(T30,T150))),T90),((((T190,T50),T110),T0),T80)),(((T180,T140),T40),T170)),T130);
#NNI moves:0/60
((((((((((T60,T70),T120),(T200,T10)),T20),((T100,T160),(T150,T30))),T90),((((T180,T140),T40),T170),T130)),T80),((T50,T190),T110)),T0);
#NNI moves:2/60
(((((((((T60,T70),T120),(T10,T200)),T20),((T30,T150),(T160,T100))),T90),((((T140,T180),T40),T170),T130)),(((T190,T50),T110),T0)),T80);
Current score: 4.24596e+06
Current tree: (((((((((T60,T70),T120),(T10,T200)),T20),((T30,T150),(T160,T100))),T90),((((T140,T180),T40),T170),T130)),(((T190,T50),T110),T0)),T80);
#NNI moves:5/60
((((((((((((T140,T180),T40),T170),T130),((((T50,T190),T110),T0),T80)),T90),((T100,T160),(T30,T150))),T20),(T10,T200)),T120),T60),T70);
#NNI moves:0/60
(((((((((T70,T60),T120),(T200,T10)),T20),((T150,T30),(T160,T100))),T90),((((T140,T180),T40),T170),T130)),(((T190,T50),T110),T0)),T80);
#NNI moves:3/60
((((((((((((T70,T60),T120),(T200,T10)),T20),((T30,T150),(T160,T100))),T90),((((T50,T190),T110),T0),T80)),T130),T170),T40),T180),T140);
#NNI moves:1/60
((((((((((((T70,T60),T120),(T200,T10)),T20),((T100,T160),(T30,T150))),T90),((((T180,T140),T40),T170),T130)),T80),T0),T110),T50),T190);
Current score: 4.24596e+06
Current tree: (((((((((T70,T60),T120),(T200,T10)),T20),((T100,T160),(T30,T150))),T90),((((T180,T140),T40),T170),T130)),(T0,(T110,(T50,T190)))),T80);
Final Tree: (((((((((T70,T60),T120),(T200,T10)),T20),((T100,T160),(T30,T150))),T90),((((T180,T140),T40),T170),T130)),(T0,(T110,(T50,T190)))),T80);
Score: 4245958.623

real	0m1.368s
user	0m13.384s
sys	0m0.814s
