
RAxML-NG v. 1.1.0-master released on 04.08.2022 by The Exelixis Lab.
Developed by: Alexey M. Kozlov and Alexandros Stamatakis.
Contributors: Diego Darriba, Tomas Flouri, Benoit Morel, Sarah Lutteropp, Ben Bettisworth.
Latest version: https://github.com/amkozlov/raxml-ng
Questions/problems/suggestions? Please visit: https://groups.google.com/forum/#!forum/raxml

System: AMD EPYC 7742 64-Core Processor, 128 cores, 251 GB RAM

RAxML-NG was called at 23-Jan-2023 00:09:59 as follows:

/home/chaos/programs/raxml-ng/raxml-ng/bin/raxml-ng --msa data/alignment/29_1X_S21_1e6_1.1 --tree pars{1} --model GTR+G --threads 8 --redo

Analysis options:
  run mode: ML tree search
  start tree(s): parsimony (1)
  random seed: 1674461399
  tip-inner: OFF
  pattern compression: ON
  per-rate scalers: OFF
  site repeats: ON
  fast spr radius: AUTO
  spr subtree cutoff: 1.000000
  branch lengths: proportional (ML estimate, algorithm: NR-FAST)
  SIMD kernels: AVX2
  parallelization: coarse-grained (auto), PTHREADS (8 threads), thread pinning: OFF

WARNING: Running in REDO mode: existing checkpoints are ignored, and all result files will be overwritten!

[00:00:00] Reading alignment from file: data/alignment/29_1X_S21_1e6_1.1
[00:00:00] Loaded alignment with 21 taxa and 5000000 sites

Alignment comprises 1 partitions and 500067 patterns

Partition 0: noname
Model: GTR+FO+G4m
Alignment sites / patterns: 5000000 / 500067
Gaps: 0.00 %
Invariant sites: 56.31 %


NOTE: Binary MSA file created: data/alignment/29_1X_S21_1e6_1.1.raxml.rba

Parallelization scheme autoconfig: 1 worker(s) x 8 thread(s)

Parallel reduction/worker buffer size: 1 KB  / 0 KB

[00:00:02] Generating 1 parsimony starting tree(s) with 21 taxa
[00:00:03] Data distribution: max. partitions/sites/weight per thread: 1 / 62509 / 1000144
[00:00:03] Data distribution: max. searches per worker: 1

Starting ML tree search with 1 distinct starting trees

[00:00:03 -35398861.651695] Initial branch length optimization
[00:00:06 -32180503.066474] Model parameter optimization (eps = 10.000000)
[00:00:41 -30735802.860598] AUTODETECT spr round 1 (radius: 5)
[00:00:55 -30734224.797310] AUTODETECT spr round 2 (radius: 10)
[00:01:03 -30734224.790707] SPR radius for FAST iterations: 5 (autodetect)
[00:01:03 -30734224.790707] Model parameter optimization (eps = 3.000000)
[00:01:08 -30734219.849431] FAST spr round 1 (radius: 5)
[00:01:51 -30729969.517768] FAST spr round 2 (radius: 5)
[00:02:38 -30725399.489468] FAST spr round 3 (radius: 5)
[00:03:21 -30723327.990686] FAST spr round 4 (radius: 5)
[00:04:02 -30722232.035148] FAST spr round 5 (radius: 5)
[00:04:45 -30722229.516707] FAST spr round 6 (radius: 5)
[00:05:27 -30722153.070663] FAST spr round 7 (radius: 5)
[00:06:08 -30722153.070601] Model parameter optimization (eps = 1.000000)
[00:06:12 -30722145.894105] SLOW spr round 1 (radius: 5)
[00:08:29 -30719643.341770] SLOW spr round 2 (radius: 5)
[00:10:35 -30719643.341609] SLOW spr round 3 (radius: 10)
[00:11:32 -30719643.341608] SLOW spr round 4 (radius: 15)
[00:11:33 -30719643.341608] SLOW spr round 5 (radius: 20)
[00:11:35 -30719643.341608] Model parameter optimization (eps = 0.100000)

[00:11:38] ML tree search #1, logLikelihood: -30719639.621033


Optimized model parameters:

   Partition 0: noname
   Rate heterogeneity: GAMMA (4 cats, mean),  alpha: 0.440483 (ML),  weights&rates: (0.250000,0.022961) (0.250000,0.211299) (0.250000,0.771619) (0.250000,2.994120) 
   Base frequencies (ML): 0.368492 0.163986 0.280203 0.187319 
   Substitution rates (ML): 1.221471 2.576072 0.506803 1.348084 4.255350 1.000000 


Final LogLikelihood: -30719639.621033

AIC score: 61439375.242066 / AICc score: 61439375.243007 / BIC score: 61440019.639593
Free parameters (model + branch lengths): 48

Best ML tree saved to: /expanse/lustre/projects/uot138/chaos/ASTERISK-sim/data/alignment/29_1X_S21_1e6_1.1.raxml.bestTree
Optimized model saved to: /expanse/lustre/projects/uot138/chaos/ASTERISK-sim/data/alignment/29_1X_S21_1e6_1.1.raxml.bestModel

Execution log saved to: /expanse/lustre/projects/uot138/chaos/ASTERISK-sim/data/alignment/29_1X_S21_1e6_1.1.raxml.log

Analysis started: 23-Jan-2023 00:09:59 / finished: 23-Jan-2023 00:21:38

Elapsed time: 698.802 seconds

Consumed energy: 87.080 Wh

