
RAxML-NG v. 1.1.0-master released on 04.08.2022 by The Exelixis Lab.
Developed by: Alexey M. Kozlov and Alexandros Stamatakis.
Contributors: Diego Darriba, Tomas Flouri, Benoit Morel, Sarah Lutteropp, Ben Bettisworth.
Latest version: https://github.com/amkozlov/raxml-ng
Questions/problems/suggestions? Please visit: https://groups.google.com/forum/#!forum/raxml

System: AMD EPYC 7742 64-Core Processor, 128 cores, 251 GB RAM

RAxML-NG was called at 23-Jan-2023 00:10:01 as follows:

/home/chaos/programs/raxml-ng/raxml-ng/bin/raxml-ng --msa data/alignment/2_1X_S21_1e6_1.1 --tree pars{1} --model GTR+G --threads 8 --redo

Analysis options:
  run mode: ML tree search
  start tree(s): parsimony (1)
  random seed: 1674461401
  tip-inner: OFF
  pattern compression: ON
  per-rate scalers: OFF
  site repeats: ON
  fast spr radius: AUTO
  spr subtree cutoff: 1.000000
  branch lengths: proportional (ML estimate, algorithm: NR-FAST)
  SIMD kernels: AVX2
  parallelization: coarse-grained (auto), PTHREADS (8 threads), thread pinning: OFF

WARNING: Running in REDO mode: existing checkpoints are ignored, and all result files will be overwritten!

[00:00:00] Reading alignment from file: data/alignment/2_1X_S21_1e6_1.1
[00:00:00] Loaded alignment with 21 taxa and 5000000 sites

Alignment comprises 1 partitions and 594040 patterns

Partition 0: noname
Model: GTR+FO+G4m
Alignment sites / patterns: 5000000 / 594040
Gaps: 0.00 %
Invariant sites: 62.34 %


NOTE: Binary MSA file created: data/alignment/2_1X_S21_1e6_1.1.raxml.rba

Parallelization scheme autoconfig: 1 worker(s) x 8 thread(s)

Parallel reduction/worker buffer size: 1 KB  / 0 KB

[00:00:02] Generating 1 parsimony starting tree(s) with 21 taxa
[00:00:02] Data distribution: max. partitions/sites/weight per thread: 1 / 74255 / 1188080
[00:00:02] Data distribution: max. searches per worker: 1

Starting ML tree search with 1 distinct starting trees

[00:00:02 -34927112.130523] Initial branch length optimization
[00:00:06 -31783281.095847] Model parameter optimization (eps = 10.000000)
[00:00:36 -30653989.476517] AUTODETECT spr round 1 (radius: 5)
[00:00:59 -30634036.635155] AUTODETECT spr round 2 (radius: 10)
[00:01:11 -30634036.628286] SPR radius for FAST iterations: 5 (autodetect)
[00:01:11 -30634036.628286] Model parameter optimization (eps = 3.000000)
[00:01:16 -30634028.460492] FAST spr round 1 (radius: 5)
[00:02:23 -30632969.750563] FAST spr round 2 (radius: 5)
[00:03:36 -30632969.750073] Model parameter optimization (eps = 1.000000)
[00:03:39 -30632969.691340] SLOW spr round 1 (radius: 5)
[00:07:13 -30632969.691338] SLOW spr round 2 (radius: 10)
[00:08:52 -30632969.691338] SLOW spr round 3 (radius: 15)
[00:09:11 -30632969.691338] SLOW spr round 4 (radius: 20)
[00:09:14 -30632969.691338] Model parameter optimization (eps = 0.100000)

[00:09:16] ML tree search #1, logLikelihood: -30632969.632651


Optimized model parameters:

   Partition 0: noname
   Rate heterogeneity: GAMMA (4 cats, mean),  alpha: 0.288586 (ML),  weights&rates: (0.250000,0.004415) (0.250000,0.095650) (0.250000,0.576126) (0.250000,3.323809) 
   Base frequencies (ML): 0.264350 0.225856 0.199523 0.310271 
   Substitution rates (ML): 2.871498 2.985948 1.057268 2.291411 4.130633 1.000000 


Final LogLikelihood: -30632969.632651

AIC score: 61266035.265302 / AICc score: 61266035.266242 / BIC score: 61266679.662828
Free parameters (model + branch lengths): 48

Best ML tree saved to: /expanse/lustre/projects/uot138/chaos/ASTERISK-sim/data/alignment/2_1X_S21_1e6_1.1.raxml.bestTree
Optimized model saved to: /expanse/lustre/projects/uot138/chaos/ASTERISK-sim/data/alignment/2_1X_S21_1e6_1.1.raxml.bestModel

Execution log saved to: /expanse/lustre/projects/uot138/chaos/ASTERISK-sim/data/alignment/2_1X_S21_1e6_1.1.raxml.log

Analysis started: 23-Jan-2023 00:10:01 / finished: 23-Jan-2023 00:19:18

Elapsed time: 556.936 seconds

Consumed energy: 53.799 Wh

