Weighted ASTRAL - Hybrid
Version: v1.13.2.3
#Genetrees: 2000
#Species: 21
#Rounds: 4
#Samples: 4
#Threads: 32
#NNI moves:0/60
((((((((T20,T190),T80),(T50,T140)),T170),(((T180,T200),T150),T110)),((((((T10,T160),T90),T100),(T40,T30)),(T70,T120)),T0)),T130),T60);
#NNI moves:0/60
(((((((((((((T190,T20),T80),(T50,T140)),T170),(((T200,T180),T150),T110)),(T60,T130)),T0),(T120,T70)),(T30,T40)),T100),T90),T10),T160);
#NNI moves:0/60
(((((((((((((T160,T10),T90),T100),(T40,T30)),(T70,T120)),T0),(T130,T60)),(((T200,T180),T150),T110)),T170),(T140,T50)),T80),T190),T20);
#NNI moves:0/60
((((((((T20,T190),T80),(T50,T140)),T170),(((T200,T180),T150),T110)),(T60,T130)),(((((T160,T10),T90),T100),(T30,T40)),(T120,T70))),T0);
Initial score: 3.77733e+06
Initial tree: ((T40,((((T160,T10),T90),T100),((T120,T70),(((((((T20,T190),T80),(T50,T140)),T170),(((T200,T180),T150),T110)),(T60,T130)),T0)))),T30);
*** Subsample Process ***
#NNI moves:3/60
((((((((((T180,T200),T150),T110),((((T20,T190),T80),(T50,T140)),T170)),(T130,T60)),T0),(T120,T70)),(((T10,T160),T90),T100)),T40),T30);
#NNI moves:0/60
(((((((((((T20,T190),T80),(T140,T50)),T170),(((T200,T180),T150),T110)),(T60,T130)),T0),(T70,T120)),(((T10,T160),T90),T100)),T40),T30);
#NNI moves:0/60
((((((((T20,T190),T80),(T50,T140)),T170),(((T180,T200),T150),T110)),((((((T10,T160),T90),T100),(T40,T30)),(T70,T120)),T0)),T60),T130);
#NNI moves:0/60
(((((((((((T190,T20),T80),(T50,T140)),T170),(((T200,T180),T150),T110)),(T130,T60)),T0),(T120,T70)),(((T160,T10),T90),T100)),T30),T40);
Current score: 3.77733e+06
Current tree: (((((((((((T190,T20),T80),(T50,T140)),T170),(((T200,T180),T150),T110)),(T130,T60)),T0),(T120,T70)),(((T160,T10),T90),T100)),T40),T30);
#NNI moves:0/60
((((((((((((T160,T10),T90),T100),(T30,T40)),(T70,T120)),T0),(T130,T60)),((((T190,T20),T80),(T140,T50)),T170)),T110),T150),T180),T200);
#NNI moves:0/60
((((((((T20,T190),T80),(T140,T50)),T170),(((T200,T180),T150),T110)),((((((T10,T160),T90),T100),(T30,T40)),(T70,T120)),T0)),T60),T130);
#NNI moves:0/60
((((((((((((T20,T190),T80),(T140,T50)),T170),(((T180,T200),T150),T110)),(T60,T130)),T0),(T120,T70)),(T30,T40)),T100),(T10,T160)),T90);
#NNI moves:0/60
(((((((((((T190,T20),T80),(T50,T140)),T170),(((T200,T180),T150),T110)),(T130,T60)),T0),(T120,T70)),(((T10,T160),T90),T100)),T40),T30);
Current score: 3.77733e+06
Current tree: (((((((((((T190,T20),T80),(T50,T140)),T170),(((T200,T180),T150),T110)),(T130,T60)),T0),(T120,T70)),(((T10,T160),T90),T100)),T40),T30);
Final Tree: (((((((((((T190,T20),T80),(T50,T140)),T170),(((T200,T180),T150),T110)),(T130,T60)),T0),(T120,T70)),(((T10,T160),T90),T100)),T40),T30);
Score: 3777326.408

real	0m1.691s
user	0m11.179s
sys	0m1.208s
