Weighted ASTRAL - Hybrid
Version: v1.13.2.3
#Genetrees: 2000
#Species: 21
#Rounds: 4
#Samples: 4
#Threads: 32
#NNI moves:0/60
(((((((((((T80,T110),T20),(T140,T200)),((T120,T170),T40)),(((T160,T100),T130),T150)),T0),T50),((T10,T180),(T90,T190))),T30),T70),T60);
#NNI moves:1/60
((((((((((T90,T190),(T180,T10)),((T70,T60),T30)),T50),T0),(((T100,T160),T130),T150)),((T170,T120),T40)),((T110,T80),T20)),T140),T200);
#NNI moves:1/60
(((((((((T90,T190),(T10,T180)),((T70,T60),T30)),T50),T0),(((T170,T120),T40),((T140,T200),((T80,T110),T20)))),T150),(T160,T100)),T130);
#NNI moves:0/60
((((((((((T190,T90),(T10,T180)),((T60,T70),T30)),T50),T0),(((T100,T160),T130),T150)),((T170,T120),T40)),((T110,T80),T20)),T200),T140);
Initial score: 3.12686e+06
Initial tree: ((T80,(T20,((((((((T190,T90),(T10,T180)),((T60,T70),T30)),T50),T0),(((T100,T160),T130),T150)),((T170,T120),T40)),(T200,T140)))),T110);
*** Subsample Process ***
#NNI moves:3/60
(((((((((((T180,T10),(T90,T190)),((T70,T60),T30)),T50),T0),(((T160,T100),T130),T150)),((T120,T170),T40)),(T200,T140)),T20),T80),T110);
#NNI moves:1/60
(((((((((((T10,T180),(T190,T90)),((T70,T60),T30)),T50),T0),(((T160,T100),T130),T150)),((T170,T120),T40)),(T140,T200)),T20),T80),T110);
#NNI moves:1/60
((((((((T80,T110),T20),(T200,T140)),((T170,T120),T40)),(T0,((((T90,T190),(T10,T180)),((T60,T70),T30)),T50))),T150),(T100,T160)),T130);
#NNI moves:0/60
(((((((((((T10,T180),(T190,T90)),((T70,T60),T30)),T50),T0),(((T100,T160),T130),T150)),((T170,T120),T40)),(T140,T200)),T20),T110),T80);
Current score: 3.12686e+06
Current tree: (((((((((((T10,T180),(T190,T90)),((T70,T60),T30)),T50),T0),(((T100,T160),T130),T150)),((T170,T120),T40)),(T140,T200)),T20),T80),T110);
#NNI moves:1/60
(((((((((T120,T170),T40),((T200,T140),((T110,T80),T20))),(((T160,T100),T130),T150)),T0),T50),((T10,T180),(T90,T190))),(T70,T60)),T30);
#NNI moves:1/60
((((((((((T190,T90),(T10,T180)),((T70,T60),T30)),T50),T0),(((T120,T170),T40),(((T110,T80),T20),(T140,T200)))),T150),T130),T160),T100);
#NNI moves:2/60
(((((((((((T190,T90),(T180,T10)),((T70,T60),T30)),T50),T0),((T160,T100),T130)),T150),((T120,T170),T40)),((T110,T80),T20)),T140),T200);
#NNI moves:3/60
(((((((((((T10,T180),(T190,T90)),((T60,T70),T30)),T50),T0),(((T100,T160),T130),T150)),((T120,T170),T40)),(T200,T140)),T20),T80),T110);
Current score: 3.12686e+06
Current tree: (((((((((((T10,T180),(T190,T90)),((T60,T70),T30)),T50),T0),(((T100,T160),T130),T150)),((T120,T170),T40)),(T200,T140)),T20),T80),T110);
Final Tree: (((((((((((T10,T180),(T190,T90)),((T60,T70),T30)),T50),T0),(((T100,T160),T130),T150)),((T120,T170),T40)),(T200,T140)),T20),T80),T110);
Score: 3126857.568

real	0m1.466s
user	0m11.124s
sys	0m0.902s
