Weighted ASTRAL - Hybrid
Version: v1.13.2.3
#Genetrees: 2000
#Species: 21
#Rounds: 4
#Samples: 4
#Threads: 32
#NNI moves:4/60
((((((((((((T60,T50),(T130,T180)),(T120,T100)),(((T70,T110),T80),T10)),T0),(T190,T160)),T40),((T90,T140),T30)),T170),T200),T150),T20);
#NNI moves:5/60
((((((((((T120,T100),((T180,T130),(T50,T60))),(((T70,T110),T80),T10)),T0),(T190,T160)),T40),(((T150,T20),T200),T170)),T30),T140),T90);
#NNI moves:1/60
((((((((T150,T20),T200),T170),((T90,T140),T30)),T40),(T160,T190)),((((T60,T50),(T130,T180)),(T120,T100)),(((T110,T70),T80),T10))),T0);
#NNI moves:2/60
((((((((((T60,T50),(T130,T180)),(T100,T120)),(((T110,T70),T80),T10)),T0),(T190,T160)),T40),((T90,T140),T30)),((T20,T150),T200)),T170);
Initial score: 3.03324e+06
Initial tree: ((T130,((T60,T50),((T100,T120),((((T110,T70),T80),T10),(T0,((T190,T160),(T40,(((T90,T140),T30),(((T20,T150),T200),T170))))))))),T180);
*** Subsample Process ***
#NNI moves:3/60
((((((((((((T20,T150),T200),T170),((T140,T90),T30)),T40),(T190,T160)),T0),(((T110,T70),T80),T10)),(T100,T120)),(T50,T60)),T130),T180);
#NNI moves:2/60
((((((((((((T150,T20),T200),T170),((T140,T90),T30)),T40),(T190,T160)),T0),(((T70,T110),T80),T10)),(T100,T120)),(T60,T50)),T130),T180);
#NNI moves:3/60
((((((((((((T150,T20),T200),T170),((T90,T140),T30)),T40),(T190,T160)),T0),((T100,T120),((T50,T60),(T130,T180)))),T10),T80),T110),T70);
#NNI moves:1/60
((((((((((((T20,T150),T200),T170),((T140,T90),T30)),T40),(T190,T160)),T0),(((T70,T110),T80),T10)),(T120,T100)),(T60,T50)),T180),T130);
Current score: 3.03324e+06
Current tree: ((((((((((((T20,T150),T200),T170),((T140,T90),T30)),T40),(T190,T160)),T0),(((T70,T110),T80),T10)),(T120,T100)),(T60,T50)),T130),T180);
Final Tree: ((((((((((((T20,T150),T200),T170),((T140,T90),T30)),T40),(T190,T160)),T0),(((T70,T110),T80),T10)),(T120,T100)),(T60,T50)),T130),T180);
Score: 3033240.115

real	0m1.203s
user	0m7.897s
sys	0m0.896s
