Iteration 1:
Accurate Species Tree EstimatoR from Independent Site Kernals
Version: v1.13.0.0
#Base: 36388695
#Species: 21
#Rounds: 1
#Samples: 0
#Threads: 16
#NNI moves:2/60
(((((((((((T60,T50),T130),((T120,T100),T180)),(((T110,T70),T80),T10)),T0),(T160,T190)),((T150,T20),T200)),(T170,T40)),T30),T90),T140);
Initial score: 7.67325e+06
Initial tree: (((T120,T100),(((T60,T50),T130),((((T110,T70),T80),T10),(T0,((T160,T190),(((T150,T20),T200),((T170,T40),(T30,(T90,T140))))))))),T180);
*** Subsample Process ***
Current score: 7.67325e+06
Current tree: (((T120,T100),(((T60,T50),T130),((((T110,T70),T80),T10),(T0,((T160,T190),(((T150,T20),T200),((T170,T40),(T30,(T90,T140))))))))),T180);
Final Tree: (((T120,T100),(((T60,T50),T130),((((T110,T70),T80),T10),(T0,((T160,T190),(((T150,T20),T200),((T170,T40),(T30,(T90,T140))))))))),T180);
Score: 7.67325e+06

real	0m13.498s
user	2m43.734s
sys	0m0.470s
