
RAxML-NG v. 1.1.0-master released on 04.08.2022 by The Exelixis Lab.
Developed by: Alexey M. Kozlov and Alexandros Stamatakis.
Contributors: Diego Darriba, Tomas Flouri, Benoit Morel, Sarah Lutteropp, Ben Bettisworth.
Latest version: https://github.com/amkozlov/raxml-ng
Questions/problems/suggestions? Please visit: https://groups.google.com/forum/#!forum/raxml

System: AMD EPYC 7742 64-Core Processor, 128 cores, 251 GB RAM

RAxML-NG was called at 23-Jan-2023 00:10:02 as follows:

/home/chaos/programs/raxml-ng/raxml-ng/bin/raxml-ng --msa data/alignment/32_1X_S21_1e6_1.1 --tree pars{1} --model GTR+G --threads 8 --redo

Analysis options:
  run mode: ML tree search
  start tree(s): parsimony (1)
  random seed: 1674461402
  tip-inner: OFF
  pattern compression: ON
  per-rate scalers: OFF
  site repeats: ON
  fast spr radius: AUTO
  spr subtree cutoff: 1.000000
  branch lengths: proportional (ML estimate, algorithm: NR-FAST)
  SIMD kernels: AVX2
  parallelization: coarse-grained (auto), PTHREADS (8 threads), thread pinning: OFF

WARNING: Running in REDO mode: existing checkpoints are ignored, and all result files will be overwritten!

[00:00:00] Reading alignment from file: data/alignment/32_1X_S21_1e6_1.1
[00:00:00] Loaded alignment with 21 taxa and 5000000 sites

Alignment comprises 1 partitions and 788295 patterns

Partition 0: noname
Model: GTR+FO+G4m
Alignment sites / patterns: 5000000 / 788295
Gaps: 0.00 %
Invariant sites: 30.52 %


NOTE: Binary MSA file created: data/alignment/32_1X_S21_1e6_1.1.raxml.rba

Parallelization scheme autoconfig: 1 worker(s) x 8 thread(s)

Parallel reduction/worker buffer size: 1 KB  / 0 KB

[00:00:02] Generating 1 parsimony starting tree(s) with 21 taxa
[00:00:03] Data distribution: max. partitions/sites/weight per thread: 1 / 98537 / 1576592
[00:00:03] Data distribution: max. searches per worker: 1

Starting ML tree search with 1 distinct starting trees

[00:00:03 -49091801.988923] Initial branch length optimization
[00:00:10 -45729051.191799] Model parameter optimization (eps = 10.000000)
[00:01:10 -44166462.263607] AUTODETECT spr round 1 (radius: 5)
[00:01:36 -44140565.175295] AUTODETECT spr round 2 (radius: 10)
[00:01:50 -44140565.174178] SPR radius for FAST iterations: 5 (autodetect)
[00:01:50 -44140565.174178] Model parameter optimization (eps = 3.000000)
[00:01:55 -44140559.138383] FAST spr round 1 (radius: 5)
[00:03:22 -44140559.135923] Model parameter optimization (eps = 1.000000)
[00:03:24 -44140559.115275] SLOW spr round 1 (radius: 5)
[00:08:47 -44140559.115273] SLOW spr round 2 (radius: 10)
[00:11:22 -44140559.115273] SLOW spr round 3 (radius: 15)
[00:11:25 -44140559.115273] SLOW spr round 4 (radius: 20)
[00:11:28 -44140559.115273] Model parameter optimization (eps = 0.100000)

[00:11:32] ML tree search #1, logLikelihood: -44140559.094523


Optimized model parameters:

   Partition 0: noname
   Rate heterogeneity: GAMMA (4 cats, mean),  alpha: 1.058618 (ML),  weights&rates: (0.250000,0.148499) (0.250000,0.493688) (0.250000,1.009072) (0.250000,2.348740) 
   Base frequencies (ML): 0.297357 0.242333 0.200860 0.259449 
   Substitution rates (ML): 0.770597 1.550266 0.540013 0.221267 2.493818 1.000000 


Final LogLikelihood: -44140559.094523

AIC score: 88281214.189046 / AICc score: 88281214.189987 / BIC score: 88281858.586572
Free parameters (model + branch lengths): 48

Best ML tree saved to: /expanse/lustre/projects/uot138/chaos/ASTERISK-sim/data/alignment/32_1X_S21_1e6_1.1.raxml.bestTree
Optimized model saved to: /expanse/lustre/projects/uot138/chaos/ASTERISK-sim/data/alignment/32_1X_S21_1e6_1.1.raxml.bestModel

Execution log saved to: /expanse/lustre/projects/uot138/chaos/ASTERISK-sim/data/alignment/32_1X_S21_1e6_1.1.raxml.log

Analysis started: 23-Jan-2023 00:10:02 / finished: 23-Jan-2023 00:21:34

Elapsed time: 692.264 seconds

Consumed energy: 90.968 Wh

