Iteration 1:
Accurate Species Tree EstimatoR from Independent Site Kernals
Version: v1.13.0.0
#Base: 33563691
#Species: 21
#Rounds: 1
#Samples: 0
#Threads: 16
#NNI moves:3/60
((((((((((T50,T130),T60),((T10,T30),T160)),((T100,T110),T180)),T0),((T190,T40),(T150,T200))),(T80,T140)),T70),((T90,T120),T170)),T20);
Initial score: 8.13171e+06
Initial tree: ((T100,(T180,((((T50,T130),T60),((T10,T30),T160)),(T0,(((T190,T40),(T150,T200)),((T80,T140),(T70,(((T90,T120),T170),T20)))))))),T110);
*** Subsample Process ***
Current score: 8.13171e+06
Current tree: ((T100,(T180,((((T50,T130),T60),((T10,T30),T160)),(T0,(((T190,T40),(T150,T200)),((T80,T140),(T70,(((T90,T120),T170),T20)))))))),T110);
Final Tree: ((T100,(T180,((((T50,T130),T60),((T10,T30),T160)),(T0,(((T190,T40),(T150,T200)),((T80,T140),(T70,(((T90,T120),T170),T20)))))))),T110);
Score: 8.13171e+06

real	0m13.952s
user	2m46.111s
sys	0m0.440s
