Weighted ASTRAL - Hybrid
Version: v1.13.2.3
#Genetrees: 2000
#Species: 21
#Rounds: 4
#Samples: 4
#Threads: 32
#NNI moves:0/60
(((((((((((T120,T50),(T170,T130)),((T80,T160),T0)),T180),(T150,T200)),(((T70,T140),(T100,T10)),T20)),T40),T110),T30),(T60,T190)),T90);
#NNI moves:0/60
((((((((((T120,T50),(T130,T170)),((T160,T80),T0)),T180),(T200,T150)),(((((T60,T190),T90),T30),T110),T40)),T20),(T10,T100)),T70),T140);
#NNI moves:0/60
((((((((T120,T50),(T170,T130)),((T80,T160),T0)),T180),(T150,T200)),(((((T190,T60),T90),T30),T110),T40)),((T140,T70),(T100,T10))),T20);
#NNI moves:0/60
((((((((((T130,T170),(T120,T50)),((T160,T80),T0)),T180),(T200,T150)),(((((T190,T60),T90),T30),T110),T40)),T20),(T140,T70)),T10),T100);
Initial score: 4.56526e+06
Initial tree: ((T80,(T0,(((T130,T170),(T120,T50)),(T180,((T200,T150),((((((T190,T60),T90),T30),T110),T40),(T20,((T140,T70),(T10,T100))))))))),T160);
*** Subsample Process ***
#NNI moves:0/60
((((((((((((T60,T190),T90),T30),T110),T40),(((T140,T70),(T10,T100)),T20)),(T200,T150)),T180),((T50,T120),(T170,T130))),T0),T80),T160);
#NNI moves:0/60
((((((((((((T190,T60),T90),T30),T110),T40),(((T10,T100),(T70,T140)),T20)),(T150,T200)),T180),((T130,T170),(T120,T50))),T0),T80),T160);
#NNI moves:3/60
(((((((((T190,T60),T90),T30),T110),T40),(((T70,T140),(T100,T10)),T20)),((((T170,T130),(T50,T120)),((T80,T160),T0)),T180)),T200),T150);
#NNI moves:0/60
((((((((((((T190,T60),T90),T30),T110),T40),(((T10,T100),(T70,T140)),T20)),(T150,T200)),T180),((T130,T170),(T50,T120))),T0),T160),T80);
Current score: 4.56526e+06
Current tree: ((((((((((((T190,T60),T90),T30),T110),T40),(((T10,T100),(T70,T140)),T20)),(T150,T200)),T180),((T130,T170),(T50,T120))),T0),T80),T160);
#NNI moves:0/60
((((((((((T170,T130),(T120,T50)),((T160,T80),T0)),T180),(T150,T200)),(((((T190,T60),T90),T30),T110),T40)),T20),(T140,T70)),T100),T10);
#NNI moves:0/60
(((((((((T60,T190),T90),T30),T110),T40),(((T70,T140),(T10,T100)),T20)),((((T130,T170),(T120,T50)),((T160,T80),T0)),T180)),T150),T200);
#NNI moves:0/60
((((((((((((T60,T190),T90),T30),T110),T40),(((T10,T100),(T140,T70)),T20)),(T150,T200)),T180),((T160,T80),T0)),(T120,T50)),T130),T170);
#NNI moves:0/60
((((((((((((T60,T190),T90),T30),T110),T40),(((T100,T10),(T140,T70)),T20)),(T200,T150)),T180),((T170,T130),(T50,T120))),T0),T80),T160);
Current score: 4.56526e+06
Current tree: ((((((((((((T60,T190),T90),T30),T110),T40),(((T100,T10),(T140,T70)),T20)),(T200,T150)),T180),((T170,T130),(T50,T120))),T0),T80),T160);
Final Tree: ((((((((((((T60,T190),T90),T30),T110),T40),(((T100,T10),(T140,T70)),T20)),(T200,T150)),T180),((T170,T130),(T50,T120))),T0),T80),T160);
Score: 4565257.897

real	0m1.208s
user	0m9.289s
sys	0m0.837s
