
RAxML-NG v. 1.1.0-master released on 04.08.2022 by The Exelixis Lab.
Developed by: Alexey M. Kozlov and Alexandros Stamatakis.
Contributors: Diego Darriba, Tomas Flouri, Benoit Morel, Sarah Lutteropp, Ben Bettisworth.
Latest version: https://github.com/amkozlov/raxml-ng
Questions/problems/suggestions? Please visit: https://groups.google.com/forum/#!forum/raxml

System: AMD EPYC 7742 64-Core Processor, 128 cores, 251 GB RAM

RAxML-NG was called at 23-Jan-2023 00:10:01 as follows:

/home/chaos/programs/raxml-ng/raxml-ng/bin/raxml-ng --msa data/alignment/34_1X_S21_1e6_1.1 --tree pars{1} --model GTR+G --threads 8 --redo

Analysis options:
  run mode: ML tree search
  start tree(s): parsimony (1)
  random seed: 1674461401
  tip-inner: OFF
  pattern compression: ON
  per-rate scalers: OFF
  site repeats: ON
  fast spr radius: AUTO
  spr subtree cutoff: 1.000000
  branch lengths: proportional (ML estimate, algorithm: NR-FAST)
  SIMD kernels: AVX2
  parallelization: coarse-grained (auto), PTHREADS (8 threads), thread pinning: OFF

WARNING: Running in REDO mode: existing checkpoints are ignored, and all result files will be overwritten!

[00:00:00] Reading alignment from file: data/alignment/34_1X_S21_1e6_1.1
[00:00:00] Loaded alignment with 21 taxa and 5000000 sites

Alignment comprises 1 partitions and 603956 patterns

Partition 0: noname
Model: GTR+FO+G4m
Alignment sites / patterns: 5000000 / 603956
Gaps: 0.00 %
Invariant sites: 42.64 %


NOTE: Binary MSA file created: data/alignment/34_1X_S21_1e6_1.1.raxml.rba

Parallelization scheme autoconfig: 1 worker(s) x 8 thread(s)

Parallel reduction/worker buffer size: 1 KB  / 0 KB

[00:00:02] Generating 1 parsimony starting tree(s) with 21 taxa
[00:00:03] Data distribution: max. partitions/sites/weight per thread: 1 / 75495 / 1207920
[00:00:03] Data distribution: max. searches per worker: 1

Starting ML tree search with 1 distinct starting trees

[00:00:03 -41428553.805143] Initial branch length optimization
[00:00:06 -38337699.490665] Model parameter optimization (eps = 10.000000)
[00:00:27 -37155283.406247] AUTODETECT spr round 1 (radius: 5)
[00:00:44 -37152697.158770] AUTODETECT spr round 2 (radius: 10)
[00:00:54 -37152697.154488] SPR radius for FAST iterations: 5 (autodetect)
[00:00:54 -37152697.154488] Model parameter optimization (eps = 3.000000)
[00:00:56 -37152696.964821] FAST spr round 1 (radius: 5)
[00:01:55 -37152696.964815] Model parameter optimization (eps = 1.000000)
[00:01:57 -37152696.917216] SLOW spr round 1 (radius: 5)
[00:05:03 -37152696.917210] SLOW spr round 2 (radius: 10)
[00:06:33 -37152696.917208] SLOW spr round 3 (radius: 15)
[00:06:35 -37152696.917208] SLOW spr round 4 (radius: 20)
[00:06:38 -37152696.917208] Model parameter optimization (eps = 0.100000)

[00:06:40] ML tree search #1, logLikelihood: -37152696.852868


Optimized model parameters:

   Partition 0: noname
   Rate heterogeneity: GAMMA (4 cats, mean),  alpha: 0.766083 (ML),  weights&rates: (0.250000,0.088324) (0.250000,0.393112) (0.250000,0.947095) (0.250000,2.571469) 
   Base frequencies (ML): 0.281690 0.211394 0.224184 0.282732 
   Substitution rates (ML): 1.008426 2.631027 0.490919 0.445944 2.245999 1.000000 


Final LogLikelihood: -37152696.852868

AIC score: 74305489.705736 / AICc score: 74305489.706676 / BIC score: 74306134.103262
Free parameters (model + branch lengths): 48

Best ML tree saved to: /expanse/lustre/projects/uot138/chaos/ASTERISK-sim/data/alignment/34_1X_S21_1e6_1.1.raxml.bestTree
Optimized model saved to: /expanse/lustre/projects/uot138/chaos/ASTERISK-sim/data/alignment/34_1X_S21_1e6_1.1.raxml.bestModel

Execution log saved to: /expanse/lustre/projects/uot138/chaos/ASTERISK-sim/data/alignment/34_1X_S21_1e6_1.1.raxml.log

Analysis started: 23-Jan-2023 00:10:01 / finished: 23-Jan-2023 00:16:41

Elapsed time: 400.550 seconds

Consumed energy: 53.641 Wh

