Weighted ASTRAL - Hybrid
Version: v1.13.2.3
#Genetrees: 2000
#Species: 21
#Rounds: 4
#Samples: 4
#Threads: 32
#NNI moves:0/60
(((((((((((((T120,T170),T50),(T110,T190)),(T100,T30)),T200),T90),((((T10,T150),T70),T0),T160)),(T40,T130)),T20),T180),T60),T140),T80);
#NNI moves:0/60
(((((((((((((T80,T140),T60),T180),T20),(T130,T40)),((((T150,T10),T70),T0),T160)),T90),T200),(T30,T100)),(T190,T110)),T50),T120),T170);
#NNI moves:0/60
((((((((((((T140,T80),T60),T180),T20),(T40,T130)),((((T10,T150),T70),T0),T160)),T90),T200),(T30,T100)),((T120,T170),T50)),T190),T110);
#NNI moves:1/60
(((((((((((((T80,T140),T60),T180),T20),(T130,T40)),((((T150,T10),T70),T0),T160)),T90),T200),(T30,T100)),(T110,T190)),T50),T170),T120);
Initial score: 4.14818e+06
Initial tree: ((T10,(T70,(T0,(T160,((((((T80,T140),T60),T180),T20),(T130,T40)),(T90,(T200,((T30,T100),((T110,T190),(T50,(T170,T120))))))))))),T150);
*** Subsample Process ***
#NNI moves:1/60
((((((((((((T170,T120),T50),(T190,T110)),(T100,T30)),T200),T90),(((((T140,T80),T60),T180),T20),(T40,T130))),T160),T0),T70),T10),T150);
#NNI moves:0/60
((((((((((((T120,T170),T50),(T110,T190)),(T100,T30)),T200),T90),(((((T140,T80),T60),T180),T20),(T130,T40))),T160),T0),T70),T10),T150);
#NNI moves:3/60
((((((((((((T120,T170),T50),(T190,T110)),(T100,T30)),T200),T90),((((T10,T150),T70),T0),T160)),(T40,T130)),T20),T180),(T80,T140)),T60);
#NNI moves:1/60
((((((((((((T120,T170),T50),(T190,T110)),(T30,T100)),T200),T90),(((((T80,T140),T60),T180),T20),(T40,T130))),T160),T0),T70),T150),T10);
Current score: 4.14818e+06
Current tree: ((((((((((((T120,T170),T50),(T190,T110)),(T30,T100)),T200),T90),(((((T80,T140),T60),T180),T20),(T40,T130))),T160),T0),T70),T10),T150);
Final Tree: ((((((((((((T120,T170),T50),(T190,T110)),(T30,T100)),T200),T90),(((((T80,T140),T60),T180),T20),(T40,T130))),T160),T0),T70),T10),T150);
Score: 4148178.683

real	0m1.071s
user	0m6.615s
sys	0m0.726s
