
RAxML-NG v. 1.1.0-master released on 04.08.2022 by The Exelixis Lab.
Developed by: Alexey M. Kozlov and Alexandros Stamatakis.
Contributors: Diego Darriba, Tomas Flouri, Benoit Morel, Sarah Lutteropp, Ben Bettisworth.
Latest version: https://github.com/amkozlov/raxml-ng
Questions/problems/suggestions? Please visit: https://groups.google.com/forum/#!forum/raxml

System: AMD EPYC 7742 64-Core Processor, 128 cores, 251 GB RAM

RAxML-NG was called at 23-Jan-2023 00:10:00 as follows:

/home/chaos/programs/raxml-ng/raxml-ng/bin/raxml-ng --msa data/alignment/35_1X_S21_1e6_1.1 --tree pars{1} --model GTR+G --threads 8 --redo

Analysis options:
  run mode: ML tree search
  start tree(s): parsimony (1)
  random seed: 1674461400
  tip-inner: OFF
  pattern compression: ON
  per-rate scalers: OFF
  site repeats: ON
  fast spr radius: AUTO
  spr subtree cutoff: 1.000000
  branch lengths: proportional (ML estimate, algorithm: NR-FAST)
  SIMD kernels: AVX2
  parallelization: coarse-grained (auto), PTHREADS (8 threads), thread pinning: OFF

WARNING: Running in REDO mode: existing checkpoints are ignored, and all result files will be overwritten!

[00:00:00] Reading alignment from file: data/alignment/35_1X_S21_1e6_1.1
[00:00:00] Loaded alignment with 21 taxa and 5000000 sites

Alignment comprises 1 partitions and 641099 patterns

Partition 0: noname
Model: GTR+FO+G4m
Alignment sites / patterns: 5000000 / 641099
Gaps: 0.00 %
Invariant sites: 40.53 %


NOTE: Binary MSA file created: data/alignment/35_1X_S21_1e6_1.1.raxml.rba

Parallelization scheme autoconfig: 1 worker(s) x 8 thread(s)

Parallel reduction/worker buffer size: 1 KB  / 0 KB

[00:00:02] Generating 1 parsimony starting tree(s) with 21 taxa
[00:00:02] Data distribution: max. partitions/sites/weight per thread: 1 / 80138 / 1282208
[00:00:02] Data distribution: max. searches per worker: 1

Starting ML tree search with 1 distinct starting trees

[00:00:03 -42972677.239234] Initial branch length optimization
[00:00:09 -39659036.887141] Model parameter optimization (eps = 10.000000)
[00:01:11 -38418219.986178] AUTODETECT spr round 1 (radius: 5)
[00:01:36 -38386163.398337] AUTODETECT spr round 2 (radius: 10)
[00:01:52 -38386163.398187] SPR radius for FAST iterations: 5 (autodetect)
[00:01:52 -38386163.398187] Model parameter optimization (eps = 3.000000)
[00:02:01 -38386158.569205] FAST spr round 1 (radius: 5)
[00:03:19 -38386158.568249] Model parameter optimization (eps = 1.000000)
[00:03:23 -38386158.421458] SLOW spr round 1 (radius: 5)
[00:07:51 -38386158.421457] SLOW spr round 2 (radius: 10)
[00:09:57 -38386158.421457] SLOW spr round 3 (radius: 15)
[00:10:00 -38386158.421457] SLOW spr round 4 (radius: 20)
[00:10:04 -38386158.421457] Model parameter optimization (eps = 0.100000)

[00:10:07] ML tree search #1, logLikelihood: -38386158.415434


Optimized model parameters:

   Partition 0: noname
   Rate heterogeneity: GAMMA (4 cats, mean),  alpha: 0.786312 (ML),  weights&rates: (0.250000,0.092643) (0.250000,0.401564) (0.250000,0.953089) (0.250000,2.552704) 
   Base frequencies (ML): 0.331772 0.218955 0.259837 0.189436 
   Substitution rates (ML): 0.298639 1.918873 0.463161 1.474144 1.878206 1.000000 


Final LogLikelihood: -38386158.415434

AIC score: 76772412.830868 / AICc score: 76772412.831809 / BIC score: 76773057.228395
Free parameters (model + branch lengths): 48

Best ML tree saved to: /expanse/lustre/projects/uot138/chaos/ASTERISK-sim/data/alignment/35_1X_S21_1e6_1.1.raxml.bestTree
Optimized model saved to: /expanse/lustre/projects/uot138/chaos/ASTERISK-sim/data/alignment/35_1X_S21_1e6_1.1.raxml.bestModel

Execution log saved to: /expanse/lustre/projects/uot138/chaos/ASTERISK-sim/data/alignment/35_1X_S21_1e6_1.1.raxml.log

Analysis started: 23-Jan-2023 00:10:00 / finished: 23-Jan-2023 00:20:07

Elapsed time: 607.395 seconds

Consumed energy: 80.407 Wh

