Weighted ASTRAL - Hybrid
Version: v1.13.2.3
#Genetrees: 2000
#Species: 21
#Rounds: 4
#Samples: 4
#Threads: 32
#NNI moves:4/60
(((((((((T180,T60),T160),(T190,T150)),(T120,T100)),(T10,T80)),(T70,T170)),(((((T30,T20),T200),(T50,T130)),T110),T0)),(T90,T40)),T140);
#NNI moves:4/60
(((((((((T20,T30),T200),(T130,T50)),T110),T0),((T170,T70),(((((T60,T180),T160),(T190,T150)),(T100,T120)),(T80,T10)))),T140),T90),T40);
#NNI moves:3/60
((((((((((((T60,T180),T160),(T190,T150)),(T120,T100)),(T80,T10)),(T70,T170)),((T40,T90),T140)),T0),T110),((T30,T20),T200)),T50),T130);
#NNI moves:11/60
((((((((((((T60,T180),T160),(T190,T150)),(T100,T120)),(T80,T10)),(T170,T70)),((T40,T90),T140)),T0),T110),((T20,T30),T200)),T130),T50);
Initial score: 3.35031e+06
Initial tree: ((T70,((((((T60,T180),T160),(T190,T150)),(T100,T120)),(T80,T10)),(((T40,T90),T140),(T0,(T110,(((T20,T30),T200),(T130,T50))))))),T170);
*** Subsample Process ***
#NNI moves:2/60
((((((((T180,T60),T160),(T150,T190)),(T120,T100)),(T80,T10)),((T0,((((T30,T20),T200),(T130,T50)),T110)),((T40,T90),T140))),T70),T170);
#NNI moves:1/60
((((((((T60,T180),T160),(T190,T150)),(T120,T100)),T0),((((T90,T40),T140),(T10,T80)),((((T20,T30),T200),(T50,T130)),T110))),T70),T170);
#NNI moves:3/60
((((((((((((T60,T180),T160),(T150,T190)),(T120,T100)),T0),(T70,T170)),(((T40,T90),T140),(T80,T10))),T110),(T50,T130)),T200),T20),T30);
#NNI moves:6/60
((((((((T180,T60),T160),(T150,T190)),(T100,T120)),T0),(((((T30,T20),T200),(T130,T50)),T110),(((T40,T90),T140),(T10,T80)))),T170),T70);
Current score: 3.35034e+06
Current tree: ((((((((T180,T60),T160),(T150,T190)),(T100,T120)),T0),(((((T30,T20),T200),(T130,T50)),T110),(((T40,T90),T140),(T10,T80)))),T70),T170);
#NNI moves:5/60
((((((((((T20,T30),T200),(T130,T50)),T110),(((T90,T40),T140),(T10,T80))),(T170,T70)),T0),(((T180,T60),T160),(T190,T150))),T100),T120);
#NNI moves:5/60
((((((((((T180,T60),T160),(T150,T190)),(T120,T100)),(T80,T10)),(T170,T70)),(T0,((((T30,T20),T200),(T130,T50)),T110))),T140),T90),T40);
#NNI moves:3/60
((((((((((((T60,T180),T160),(T150,T190)),(T120,T100)),(T80,T10)),(T170,T70)),((T90,T40),T140)),T0),T110),(T130,T50)),(T30,T20)),T200);
#NNI moves:0/60
((((((((T20,T30),T200),(T130,T50)),T110),(((T40,T90),T140),(T80,T10))),(((((T180,T60),T160),(T190,T150)),(T100,T120)),T0)),T70),T170);
Current score: 3.35034e+06
Current tree: ((((((((T20,T30),T200),(T130,T50)),T110),(((T40,T90),T140),(T80,T10))),(((((T180,T60),T160),(T190,T150)),(T100,T120)),T0)),T70),T170);
Final Tree: ((((((((T20,T30),T200),(T130,T50)),T110),(((T40,T90),T140),(T80,T10))),(((((T180,T60),T160),(T190,T150)),(T100,T120)),T0)),T70),T170);
Score: 3350340.067

real	0m1.363s
user	0m12.170s
sys	0m0.762s
