Weighted ASTRAL - Hybrid
Version: v1.13.2.3
#Genetrees: 2000
#Species: 21
#Rounds: 4
#Samples: 4
#Threads: 32
#NNI moves:0/60
(((((((((T200,T160),T70),(T20,T120)),(T110,T150)),(T130,T10)),(T80,T180)),((((T50,T40),(T60,T140)),(T30,T190)),T0)),(T170,T90)),T100);
#NNI moves:0/60
((((((((T40,T50),(T140,T60)),(T190,T30)),T0),((T90,T170),T100)),(((((T200,T160),T70),(T120,T20)),(T110,T150)),(T10,T130))),T80),T180);
#NNI moves:0/60
(((((((((((T200,T160),T70),(T20,T120)),(T110,T150)),(T130,T10)),(T180,T80)),((T170,T90),T100)),T0),((T50,T40),(T140,T60))),T190),T30);
#NNI moves:0/60
(((((((((T140,T60),(T40,T50)),(T190,T30)),T0),((T90,T170),T100)),(T180,T80)),((((T160,T200),T70),(T20,T120)),(T110,T150))),T10),T130);
Initial score: 4.76356e+06
Initial tree: ((T50,((T140,T60),((T190,T30),(T0,(((T90,T170),T100),((T180,T80),(((((T160,T200),T70),(T20,T120)),(T110,T150)),(T10,T130)))))))),T40);
*** Subsample Process ***
#NNI moves:0/60
((((((((((((T200,T160),T70),(T20,T120)),(T110,T150)),(T10,T130)),(T80,T180)),((T170,T90),T100)),T0),(T190,T30)),(T60,T140)),T50),T40);
#NNI moves:0/60
((((((((((((T160,T200),T70),(T120,T20)),(T110,T150)),(T130,T10)),(T80,T180)),((T90,T170),T100)),T0),(T190,T30)),(T140,T60)),T50),T40);
#NNI moves:0/60
((((((((((T160,T200),T70),(T20,T120)),(T110,T150)),(T10,T130)),(T180,T80)),((((T60,T140),(T50,T40)),(T190,T30)),T0)),T100),T170),T90);
#NNI moves:1/60
((((((((((((T200,T160),T70),(T120,T20)),(T110,T150)),(T10,T130)),(T80,T180)),((T90,T170),T100)),T0),(T190,T30)),(T140,T60)),T40),T50);
Current score: 4.76356e+06
Current tree: ((((((((((((T200,T160),T70),(T120,T20)),(T110,T150)),(T10,T130)),(T80,T180)),((T90,T170),T100)),T0),(T190,T30)),(T140,T60)),T50),T40);
#NNI moves:0/60
((((((((((T40,T50),(T140,T60)),(T190,T30)),T0),((T90,T170),T100)),(T180,T80)),(T130,T10)),(((T200,T160),T70),(T20,T120))),T110),T150);
#NNI moves:0/60
(((((((((T200,T160),T70),(T120,T20)),(T150,T110)),(T130,T10)),(T80,T180)),((((T60,T140),(T40,T50)),(T30,T190)),T0)),(T170,T90)),T100);
#NNI moves:0/60
(((((((((((T160,T200),T70),(T20,T120)),(T150,T110)),(T10,T130)),(T80,T180)),((T90,T170),T100)),T0),((T40,T50),(T60,T140))),T190),T30);
#NNI moves:0/60
((((((((((((T200,T160),T70),(T120,T20)),(T110,T150)),(T10,T130)),(T180,T80)),((T90,T170),T100)),T0),(T30,T190)),(T140,T60)),T50),T40);
Current score: 4.76356e+06
Current tree: ((((((((((((T200,T160),T70),(T120,T20)),(T110,T150)),(T10,T130)),(T180,T80)),((T90,T170),T100)),T0),(T30,T190)),(T140,T60)),T50),T40);
#NNI moves:0/60
((((((((((((T140,T60),(T40,T50)),(T30,T190)),T0),((T90,T170),T100)),(T180,T80)),(T130,T10)),(T150,T110)),(T120,T20)),T70),T200),T160);
#NNI moves:0/60
((((((((((((T160,T200),T70),(T20,T120)),(T110,T150)),(T130,T10)),(T180,T80)),((T170,T90),T100)),T0),(T190,T30)),(T140,T60)),T50),T40);
#NNI moves:0/60
((((((((((T160,T200),T70),(T20,T120)),(T150,T110)),(T130,T10)),(T80,T180)),((((T140,T60),(T50,T40)),(T30,T190)),T0)),T100),T90),T170);
#NNI moves:0/60
((((((((((((T200,T160),T70),(T120,T20)),(T110,T150)),(T130,T10)),(T180,T80)),((T90,T170),T100)),T0),(T190,T30)),(T50,T40)),T60),T140);
Current score: 4.76356e+06
Current tree: ((T50,((((((((((T200,T160),T70),(T120,T20)),(T110,T150)),(T130,T10)),(T180,T80)),((T90,T170),T100)),T0),(T190,T30)),(T60,T140))),T40);
Final Tree: ((T50,((((((((((T200,T160),T70),(T120,T20)),(T110,T150)),(T130,T10)),(T180,T80)),((T90,T170),T100)),T0),(T190,T30)),(T60,T140))),T40);
Score: 4763558.464

real	0m1.480s
user	0m12.804s
sys	0m0.970s
