Iteration 1:
Accurate Species Tree EstimatoR from Independent Site Kernals
Version: v1.13.0.0
#Base: 23723994
#Species: 21
#Rounds: 1
#Samples: 0
#Threads: 16
#NNI moves:0/60
((((((((((((T50,T40),(T60,T140)),T30),T190),T0),((T90,T170),T100)),(T180,T80)),(T130,T10)),(T150,T110)),((T200,T160),T70)),T20),T120);
Initial score: 6.93233e+06
Initial tree: ((T50,((T60,T140),(T30,(T190,(T0,(((T90,T170),T100),((T180,T80),((T130,T10),((T150,T110),(((T200,T160),T70),(T20,T120))))))))))),T40);
*** Subsample Process ***
Current score: 6.93233e+06
Current tree: ((T50,((T60,T140),(T30,(T190,(T0,(((T90,T170),T100),((T180,T80),((T130,T10),((T150,T110),(((T200,T160),T70),(T20,T120))))))))))),T40);
Final Tree: ((T50,((T60,T140),(T30,(T190,(T0,(((T90,T170),T100),((T180,T80),((T130,T10),((T150,T110),(((T200,T160),T70),(T20,T120))))))))))),T40);
Score: 6.93233e+06

real	0m10.115s
user	1m47.925s
sys	0m0.442s
