Weighted ASTRAL - Hybrid
Version: v1.13.2.3
#Genetrees: 2000
#Species: 21
#Rounds: 4
#Samples: 4
#Threads: 32
#NNI moves:4/60
((((((((((T30,T100),T140),(T120,T160)),(T110,(((T60,T80),T190),T0))),(T170,T150)),(((T90,T10),T50),T180)),(T70,T130)),T40),T200),T20);
#NNI moves:4/60
(((((((((((T60,T80),T190),T0),T110),(((T30,T100),T140),(T120,T160))),(T150,T170)),(((T20,T200),T40),(T130,T70))),T180),T50),T90),T10);
#NNI moves:0/60
((((((((((T200,T20),T40),(T70,T130)),(((T10,T90),T50),T180)),(T170,T150)),(((T30,T100),T140),(T120,T160))),T110),T0),(T80,T60)),T190);
#NNI moves:0/60
((((((((T60,T80),T190),T0),T110),(((T100,T30),T140),(T120,T160))),((((T20,T200),T40),(T130,T70)),(((T10,T90),T50),T180))),T150),T170);
Initial score: 3.51604e+06
Initial tree: ((((T10,T90),T50),((((T20,T200),T40),(T130,T70)),((((((T60,T80),T190),T0),T110),(((T100,T30),T140),(T120,T160))),(T150,T170)))),T180);
*** Subsample Process ***
#NNI moves:3/60
(((((((((T60,T80),T190),T0),T110),(((T30,T100),T140),(T120,T160))),(T150,T170)),(((T20,T200),T40),(T70,T130))),((T10,T90),T50)),T180);
#NNI moves:1/60
((((((((T30,T100),T140),(T120,T160)),(T110,(((T80,T60),T190),T0))),(T170,T150)),(((T20,T200),T40),(T70,T130))),((T90,T10),T50)),T180);
#NNI moves:2/60
(((((((T200,T20),T40),(T70,T130)),(((T10,T90),T50),T180)),((((T30,T100),T140),(T160,T120)),(T110,(((T60,T80),T190),T0)))),T170),T150);
#NNI moves:4/60
(((((((((((T80,T60),T190),T0),T110),(((T100,T30),T140),(T160,T120))),(T150,T170)),(((T20,T200),T40),(T130,T70))),T180),T50),T90),T10);
Current score: 3.51604e+06
Current tree: (((((((((T80,T60),T190),T0),T110),(((T100,T30),T140),(T160,T120))),(T150,T170)),(((T20,T200),T40),(T130,T70))),(T50,(T90,T10))),T180);
#NNI moves:4/60
((((((((((T20,T200),T40),(T130,T70)),(((T10,T90),T50),T180)),(T150,T170)),((((T80,T60),T190),T0),T110)),(T160,T120)),T140),T100),T30);
#NNI moves:0/60
(((((((T30,T100),T140),(T120,T160)),((((T60,T80),T190),T0),T110)),((((T200,T20),T40),(T70,T130)),(((T90,T10),T50),T180))),T170),T150);
#NNI moves:1/60
((((((((((T30,T100),T140),(T120,T160)),(T110,(((T80,T60),T190),T0))),(T170,T150)),(((T10,T90),T50),T180)),(T130,T70)),T40),T20),T200);
#NNI moves:3/60
(((((((((T80,T60),T190),T0),T110),(((T100,T30),T140),(T160,T120))),(T150,T170)),(((T200,T20),T40),(T130,T70))),((T10,T90),T50)),T180);
Current score: 3.51604e+06
Current tree: (((((((((T80,T60),T190),T0),T110),(((T100,T30),T140),(T160,T120))),(T150,T170)),(((T200,T20),T40),(T130,T70))),((T10,T90),T50)),T180);
Final Tree: (((((((((T80,T60),T190),T0),T110),(((T100,T30),T140),(T160,T120))),(T150,T170)),(((T200,T20),T40),(T130,T70))),((T10,T90),T50)),T180);
Score: 3516040.068

real	0m1.338s
user	0m11.834s
sys	0m0.792s
