Iteration 1:
Accurate Species Tree EstimatoR from Independent Site Kernals
Version: v1.13.0.0
#Base: 28286706
#Species: 21
#Rounds: 1
#Samples: 0
#Threads: 16
#NNI moves:0/60
((((((((T20,T200),T40),(T70,T130)),(((T10,T90),T50),T180)),((((T30,T100),T140),(T120,T160)),T110)),(((T80,T60),T190),T0)),T170),T150);
Initial score: 7.58956e+06
Initial tree: ((((T10,T90),T50),((((T20,T200),T40),(T70,T130)),(((((T30,T100),T140),(T120,T160)),T110),((((T80,T60),T190),T0),(T170,T150))))),T180);
*** Subsample Process ***
Current score: 7.58956e+06
Current tree: ((((T10,T90),T50),((((T20,T200),T40),(T70,T130)),(((((T30,T100),T140),(T120,T160)),T110),((((T80,T60),T190),T0),(T170,T150))))),T180);
Final Tree: ((((T10,T90),T50),((((T20,T200),T40),(T70,T130)),(((((T30,T100),T140),(T120,T160)),T110),((((T80,T60),T190),T0),(T170,T150))))),T180);
Score: 7.58956e+06

real	0m11.327s
user	2m8.768s
sys	0m0.355s
