Iteration 1:
Accurate Species Tree EstimatoR from Independent Site Kernals
Version: v1.13.0.0
#Base: 30735285
#Species: 21
#Rounds: 1
#Samples: 0
#Threads: 16
#NNI moves:1/60
(((((((((T110,T20),(T30,T140)),T170),T130),(T0,(((T200,T80),T70),T100))),T120),((((T10,T180),(T90,T50)),T190),T40)),(T160,T150)),T60);
Initial score: 7.9533e+06
Initial tree: (((((T110,T20),(T30,T140)),T170),((T0,(((T200,T80),T70),T100)),(T120,(((((T10,T180),(T90,T50)),T190),T40),((T160,T150),T60))))),T130);
*** Subsample Process ***
Current score: 7.9533e+06
Current tree: (((((T110,T20),(T30,T140)),T170),((T0,(((T200,T80),T70),T100)),(T120,(((((T10,T180),(T90,T50)),T190),T40),((T160,T150),T60))))),T130);
Final Tree: (((((T110,T20),(T30,T140)),T170),((T0,(((T200,T80),T70),T100)),(T120,(((((T10,T180),(T90,T50)),T190),T40),((T160,T150),T60))))),T130);
Score: 7.9533e+06

real	0m11.438s
user	2m9.317s
sys	0m0.390s
