
RAxML-NG v. 1.1.0-master released on 04.08.2022 by The Exelixis Lab.
Developed by: Alexey M. Kozlov and Alexandros Stamatakis.
Contributors: Diego Darriba, Tomas Flouri, Benoit Morel, Sarah Lutteropp, Ben Bettisworth.
Latest version: https://github.com/amkozlov/raxml-ng
Questions/problems/suggestions? Please visit: https://groups.google.com/forum/#!forum/raxml

System: AMD EPYC 7742 64-Core Processor, 128 cores, 251 GB RAM

RAxML-NG was called at 23-Jan-2023 00:10:00 as follows:

/home/chaos/programs/raxml-ng/raxml-ng/bin/raxml-ng --msa data/alignment/3_1X_S21_1e6_1.1 --tree pars{1} --model GTR+G --threads 8 --redo

Analysis options:
  run mode: ML tree search
  start tree(s): parsimony (1)
  random seed: 1674461400
  tip-inner: OFF
  pattern compression: ON
  per-rate scalers: OFF
  site repeats: ON
  fast spr radius: AUTO
  spr subtree cutoff: 1.000000
  branch lengths: proportional (ML estimate, algorithm: NR-FAST)
  SIMD kernels: AVX2
  parallelization: coarse-grained (auto), PTHREADS (8 threads), thread pinning: OFF

WARNING: Running in REDO mode: existing checkpoints are ignored, and all result files will be overwritten!

[00:00:00] Reading alignment from file: data/alignment/3_1X_S21_1e6_1.1
[00:00:00] Loaded alignment with 21 taxa and 5000000 sites

Alignment comprises 1 partitions and 486429 patterns

Partition 0: noname
Model: GTR+FO+G4m
Alignment sites / patterns: 5000000 / 486429
Gaps: 0.00 %
Invariant sites: 52.53 %


NOTE: Binary MSA file created: data/alignment/3_1X_S21_1e6_1.1.raxml.rba

Parallelization scheme autoconfig: 1 worker(s) x 8 thread(s)

Parallel reduction/worker buffer size: 1 KB  / 0 KB

[00:00:01] Generating 1 parsimony starting tree(s) with 21 taxa
[00:00:02] Data distribution: max. partitions/sites/weight per thread: 1 / 60804 / 972864
[00:00:02] Data distribution: max. searches per worker: 1

Starting ML tree search with 1 distinct starting trees

[00:00:02 -36369899.762575] Initial branch length optimization
[00:00:05 -32866372.723054] Model parameter optimization (eps = 10.000000)
[00:00:34 -31494056.787668] AUTODETECT spr round 1 (radius: 5)
[00:00:51 -31490921.127853] AUTODETECT spr round 2 (radius: 10)
[00:01:00 -31490921.127036] SPR radius for FAST iterations: 5 (autodetect)
[00:01:00 -31490921.127036] Model parameter optimization (eps = 3.000000)
[00:01:02 -31490919.116281] FAST spr round 1 (radius: 5)
[00:01:54 -31489308.239098] FAST spr round 2 (radius: 5)
[00:02:48 -31489308.238688] Model parameter optimization (eps = 1.000000)
[00:02:51 -31489307.987984] SLOW spr round 1 (radius: 5)
[00:05:30 -31489307.987909] SLOW spr round 2 (radius: 10)
[00:06:45 -31489307.987909] SLOW spr round 3 (radius: 15)
[00:06:47 -31489307.987909] SLOW spr round 4 (radius: 20)
[00:06:49 -31489307.987909] Model parameter optimization (eps = 0.100000)

[00:06:50] ML tree search #1, logLikelihood: -31489307.979675


Optimized model parameters:

   Partition 0: noname
   Rate heterogeneity: GAMMA (4 cats, mean),  alpha: 0.572054 (ML),  weights&rates: (0.250000,0.047400) (0.250000,0.296377) (0.250000,0.866363) (0.250000,2.789860) 
   Base frequencies (ML): 0.362766 0.123685 0.222598 0.290951 
   Substitution rates (ML): 3.672720 4.377807 1.003979 1.405987 4.328381 1.000000 


Final LogLikelihood: -31489307.979675

AIC score: 62978711.959351 / AICc score: 62978711.960292 / BIC score: 62979356.356878
Free parameters (model + branch lengths): 48

Best ML tree saved to: /expanse/lustre/projects/uot138/chaos/ASTERISK-sim/data/alignment/3_1X_S21_1e6_1.1.raxml.bestTree
Optimized model saved to: /expanse/lustre/projects/uot138/chaos/ASTERISK-sim/data/alignment/3_1X_S21_1e6_1.1.raxml.bestModel

Execution log saved to: /expanse/lustre/projects/uot138/chaos/ASTERISK-sim/data/alignment/3_1X_S21_1e6_1.1.raxml.log

Analysis started: 23-Jan-2023 00:10:00 / finished: 23-Jan-2023 00:16:50

Elapsed time: 410.595 seconds

Consumed energy: 42.490 Wh

