Weighted ASTRAL - Hybrid
Version: v1.13.2.3
#Genetrees: 2000
#Species: 21
#Rounds: 4
#Samples: 4
#Threads: 32
#NNI moves:4/60
((((((((((T70,T80),(T180,T200)),((T40,T10),T100)),T120),T0),T110),((((T160,T140),T190),T130),T90)),((T50,T30),T60)),(T150,T20)),T170);
#NNI moves:1/60
((((((((((T180,T200),(T80,T70)),((T10,T40),T100)),T120),T0),(((T50,T30),T60),((T20,T150),T170))),(T90,T110)),T130),(T140,T160)),T190);
#NNI moves:2/60
(((((((((((T160,T140),T190),T130),(T110,T90)),(((T30,T50),T60),((T150,T20),T170))),T0),T120),((T180,T200),(T70,T80))),T100),T10),T40);
#NNI moves:2/60
((((((((((((T200,T180),(T80,T70)),((T40,T10),T100)),T120),T0),T110),(((T20,T150),T170),((T50,T30),T60))),T90),T130),T190),T140),T160);
Initial score: 4.00153e+06
Initial tree: ((T150,(T170,(((T50,T30),T60),(((T130,(T190,(T140,T160))),(T110,T90)),(((((T200,T180),(T80,T70)),((T40,T10),T100)),T120),T0))))),T20);
*** Subsample Process ***
#NNI moves:0/60
((((((((((T180,T200),(T70,T80)),((T10,T40),T100)),T120),T0),((((T140,T160),T190),T130),(T90,T110))),((T30,T50),T60)),T170),T150),T20);
#NNI moves:3/60
(((((((((((T200,T180),(T80,T70)),((T10,T40),T100)),T120),T0),T110),((((T140,T160),T190),T130),T90)),((T30,T50),T60)),T170),T150),T20);
#NNI moves:1/60
((((((((((T70,T80),(T200,T180)),((T40,T10),T100)),T120),T0),(((T150,T20),T170),((T30,T50),T60))),(T90,T110)),T130),(T160,T140)),T190);
#NNI moves:5/60
((((((((((T80,T70),(T200,T180)),((T10,T40),T100)),T120),T0),((T110,T90),(((T160,T140),T190),T130))),((T50,T30),T60)),T170),T20),T150);
Current score: 4.00153e+06
Current tree: ((((((((((T80,T70),(T200,T180)),((T10,T40),T100)),T120),T0),((T110,T90),(((T160,T140),T190),T130))),((T50,T30),T60)),T170),T150),T20);
Final Tree: ((((((((((T80,T70),(T200,T180)),((T10,T40),T100)),T120),T0),((T110,T90),(((T160,T140),T190),T130))),((T50,T30),T60)),T170),T150),T20);
Score: 4001525.053

real	0m0.958s
user	0m7.099s
sys	0m0.646s
