
RAxML-NG v. 1.1.0-master released on 04.08.2022 by The Exelixis Lab.
Developed by: Alexey M. Kozlov and Alexandros Stamatakis.
Contributors: Diego Darriba, Tomas Flouri, Benoit Morel, Sarah Lutteropp, Ben Bettisworth.
Latest version: https://github.com/amkozlov/raxml-ng
Questions/problems/suggestions? Please visit: https://groups.google.com/forum/#!forum/raxml

System: AMD EPYC 7742 64-Core Processor, 128 cores, 251 GB RAM

RAxML-NG was called at 23-Jan-2023 00:10:03 as follows:

/home/chaos/programs/raxml-ng/raxml-ng/bin/raxml-ng --msa data/alignment/40_1X_S21_1e6_1.1 --tree pars{1} --model GTR+G --threads 8 --redo

Analysis options:
  run mode: ML tree search
  start tree(s): parsimony (1)
  random seed: 1674461403
  tip-inner: OFF
  pattern compression: ON
  per-rate scalers: OFF
  site repeats: ON
  fast spr radius: AUTO
  spr subtree cutoff: 1.000000
  branch lengths: proportional (ML estimate, algorithm: NR-FAST)
  SIMD kernels: AVX2
  parallelization: coarse-grained (auto), PTHREADS (8 threads), thread pinning: OFF

WARNING: Running in REDO mode: existing checkpoints are ignored, and all result files will be overwritten!

[00:00:00] Reading alignment from file: data/alignment/40_1X_S21_1e6_1.1
[00:00:00] Loaded alignment with 21 taxa and 5000000 sites

Alignment comprises 1 partitions and 579650 patterns

Partition 0: noname
Model: GTR+FO+G4m
Alignment sites / patterns: 5000000 / 579650
Gaps: 0.00 %
Invariant sites: 45.30 %


NOTE: Binary MSA file created: data/alignment/40_1X_S21_1e6_1.1.raxml.rba

Parallelization scheme autoconfig: 1 worker(s) x 8 thread(s)

Parallel reduction/worker buffer size: 1 KB  / 0 KB

[00:00:02] Generating 1 parsimony starting tree(s) with 21 taxa
[00:00:02] Data distribution: max. partitions/sites/weight per thread: 1 / 72457 / 1159312
[00:00:02] Data distribution: max. searches per worker: 1

Starting ML tree search with 1 distinct starting trees

[00:00:02 -40560816.971181] Initial branch length optimization
[00:00:06 -37494830.751106] Model parameter optimization (eps = 10.000000)
[00:00:36 -35515223.821909] AUTODETECT spr round 1 (radius: 5)
[00:00:56 -35501553.521239] AUTODETECT spr round 2 (radius: 10)
[00:01:06 -35501553.515734] SPR radius for FAST iterations: 5 (autodetect)
[00:01:06 -35501553.515734] Model parameter optimization (eps = 3.000000)
[00:01:08 -35501550.980885] FAST spr round 1 (radius: 5)
[00:02:11 -35501546.521505] FAST spr round 2 (radius: 5)
[00:03:16 -35501457.704875] FAST spr round 3 (radius: 5)
[00:04:22 -35501457.704240] Model parameter optimization (eps = 1.000000)
[00:04:25 -35501457.628872] SLOW spr round 1 (radius: 5)
[00:07:53 -35501457.628733] SLOW spr round 2 (radius: 10)
[00:09:27 -35501457.628733] SLOW spr round 3 (radius: 15)
[00:09:44 -35501457.628733] SLOW spr round 4 (radius: 20)
[00:09:46 -35501457.628733] Model parameter optimization (eps = 0.100000)

[00:09:52] ML tree search #1, logLikelihood: -35501457.093421


Optimized model parameters:

   Partition 0: noname
   Rate heterogeneity: GAMMA (4 cats, mean),  alpha: 0.678652 (ML),  weights&rates: (0.250000,0.069635) (0.250000,0.353281) (0.250000,0.916693) (0.250000,2.660390) 
   Base frequencies (ML): 0.325061 0.179630 0.211272 0.284037 
   Substitution rates (ML): 1.351031 2.815425 0.485034 0.871212 6.301600 1.000000 


Final LogLikelihood: -35501457.093421

AIC score: 71003010.186841 / AICc score: 71003010.187782 / BIC score: 71003654.584368
Free parameters (model + branch lengths): 48

Best ML tree saved to: /expanse/lustre/projects/uot138/chaos/ASTERISK-sim/data/alignment/40_1X_S21_1e6_1.1.raxml.bestTree
Optimized model saved to: /expanse/lustre/projects/uot138/chaos/ASTERISK-sim/data/alignment/40_1X_S21_1e6_1.1.raxml.bestModel

Execution log saved to: /expanse/lustre/projects/uot138/chaos/ASTERISK-sim/data/alignment/40_1X_S21_1e6_1.1.raxml.log

Analysis started: 23-Jan-2023 00:10:03 / finished: 23-Jan-2023 00:19:56

Elapsed time: 592.981 seconds

Consumed energy: 64.230 Wh

