Weighted ASTRAL - Hybrid
Version: v1.13.2.3
#Genetrees: 2000
#Species: 21
#Rounds: 4
#Samples: 4
#Threads: 32
#NNI moves:7/60
((((((((((((T150,T80),T100),T140),(T130,T120)),T190),((T160,T70),T0)),(T10,T180)),((T40,T50),(T60,T90))),T110),(T200,T20)),T170),T30);
#NNI moves:3/60
(((((((((((T170,T30),(T20,T200)),T110),((T60,T90),(T50,T40))),(T10,T180)),((T70,T160),T0)),T190),(T120,T130)),T140),(T80,T150)),T100);
#NNI moves:7/60
(((((((((T200,T20),(T170,T30)),T110),((T60,T90),(T40,T50))),(T180,T10)),(((((T150,T80),T100),T140),(T130,T120)),T190)),T0),T160),T70);
#NNI moves:3/60
(((((((((T20,T200),(T30,T170)),T110),((T60,T90),(T40,T50))),(T10,T180)),(((((T80,T150),T100),T140),(T120,T130)),T190)),T0),T70),T160);
Initial score: 3.32361e+06
Initial tree: ((T130,((((T80,T150),T100),T140),(T190,((((((T20,T200),(T30,T170)),T110),((T60,T90),(T40,T50))),(T10,T180)),(T0,(T70,T160)))))),T120);
*** Subsample Process ***
#NNI moves:5/60
((((((((((T200,T20),(T30,T170)),T110),((T90,T60),(T40,T50))),(T180,T10)),((T70,T160),T0)),T190),(((T150,T80),T100),T140)),T130),T120);
#NNI moves:3/60
((((((((((T170,T30),(T20,T200)),T110),((T50,T40),(T90,T60))),(T180,T10)),((T160,T70),T0)),T190),(((T150,T80),T100),T140)),T130),T120);
#NNI moves:3/60
(((((((((T200,T20),(T170,T30)),T110),((T60,T90),(T50,T40))),(T10,T180)),(((((T150,T80),T100),T140),(T130,T120)),T190)),T0),T70),T160);
#NNI moves:0/60
((((((((((T20,T200),(T30,T170)),T110),((T50,T40),(T60,T90))),(T180,T10)),((T160,T70),T0)),T190),(((T80,T150),T100),T140)),T120),T130);
Current score: 3.32361e+06
Current tree: ((((((((((T20,T200),(T30,T170)),T110),((T50,T40),(T60,T90))),(T180,T10)),((T160,T70),T0)),T190),(((T80,T150),T100),T140)),T130),T120);
#NNI moves:1/60
(((((((((((T80,T150),T100),T140),(T120,T130)),T190),((T160,T70),T0)),(T10,T180)),(((T20,T200),(T170,T30)),T110)),(T90,T60)),T50),T40);
#NNI moves:4/60
((((((((T20,T200),(T170,T30)),T110),((T60,T90),(T40,T50))),(T180,T10)),(((((T150,T80),T100),T140),(T120,T130)),T190)),(T70,T160)),T0);
#NNI moves:4/60
(((((((((((T200,T20),(T170,T30)),T110),((T50,T40),(T60,T90))),(T180,T10)),(T0,(T160,T70))),T190),(T120,T130)),T140),(T150,T80)),T100);
#NNI moves:1/60
((((((((((T30,T170),(T20,T200)),T110),((T90,T60),(T40,T50))),(T180,T10)),((T70,T160),T0)),T190),(((T150,T80),T100),T140)),T130),T120);
Current score: 3.32361e+06
Current tree: ((((((((((T30,T170),(T20,T200)),T110),((T90,T60),(T40,T50))),(T180,T10)),((T70,T160),T0)),T190),(((T150,T80),T100),T140)),T130),T120);
Final Tree: ((((((((((T30,T170),(T20,T200)),T110),((T90,T60),(T40,T50))),(T180,T10)),((T70,T160),T0)),T190),(((T150,T80),T100),T140)),T130),T120);
Score: 3323611.01

real	0m1.437s
user	0m11.581s
sys	0m0.902s
