Weighted ASTRAL - Hybrid
Version: v1.13.2.3
#Genetrees: 2000
#Species: 21
#Rounds: 4
#Samples: 4
#Threads: 32
#NNI moves:3/60
((((((((((T190,T200),T40),T80),((T90,T170),(T140,T130))),((((T30,T180),T160),T120),T10)),(T50,T0)),T100),((T110,T150),T60)),T20),T70);
#NNI moves:1/60
((((((((((T200,T190),T40),T80),((T130,T140),(T170,T90))),(((((T110,T150),T60),(T70,T20)),T100),(T50,T0))),T10),T120),T160),T30),T180);
#NNI moves:0/60
(((((((((((T150,T110),T60),(T20,T70)),T100),(T50,T0)),((((T180,T30),T160),T120),T10)),((T140,T130),(T90,T170))),T80),T40),T200),T190);
#NNI moves:0/60
((((((((((T110,T150),T60),(T70,T20)),T100),(T0,T50)),((((T180,T30),T160),T120),T10)),(((T200,T190),T40),T80)),(T170,T90)),T130),T140);
Initial score: 4.0824e+06
Initial tree: ((T0,(((((T110,T150),T60),(T70,T20)),T100),(((((T180,T30),T160),T120),T10),((((T200,T190),T40),T80),((T170,T90),(T130,T140)))))),T50);
*** Subsample Process ***
#NNI moves:2/60
((((((((T200,T190),T40),T80),((T170,T90),(T130,T140))),((((T180,T30),T160),T120),T10)),((((T150,T110),T60),(T20,T70)),T100)),T0),T50);
#NNI moves:2/60
((((((((T190,T200),T40),T80),((T170,T90),(T140,T130))),((((T180,T30),T160),T120),T10)),((((T110,T150),T60),(T70,T20)),T100)),T0),T50);
#NNI moves:2/60
((((((((T190,T200),T40),T80),((T130,T140),(T170,T90))),(((((T110,T150),T60),(T20,T70)),T100),(T0,T50))),T10),((T180,T30),T160)),T120);
#NNI moves:1/60
((((((((T190,T200),T40),T80),((T130,T140),(T170,T90))),((((T180,T30),T160),T120),T10)),((((T150,T110),T60),(T20,T70)),T100)),T50),T0);
Current score: 4.0824e+06
Current tree: ((((((((T190,T200),T40),T80),((T130,T140),(T170,T90))),((((T180,T30),T160),T120),T10)),((((T150,T110),T60),(T20,T70)),T100)),T0),T50);
Final Tree: ((((((((T190,T200),T40),T80),((T130,T140),(T170,T90))),((((T180,T30),T160),T120),T10)),((((T150,T110),T60),(T20,T70)),T100)),T0),T50);
Score: 4082399.502

real	0m1.107s
user	0m7.582s
sys	0m0.692s
