Weighted ASTRAL - Hybrid
Version: v1.13.2.3
#Genetrees: 2000
#Species: 21
#Rounds: 4
#Samples: 4
#Threads: 32
#NNI moves:3/60
((((((((T160,T60),T50),T0),((T180,T120),T70)),(T130,T10)),((T140,T30),(((((T20,T100),T190),((T90,T80),T170)),T200),T150))),T40),T110);
#NNI moves:4/60
(((((((((((((T60,T160),T50),T0),((T120,T180),T70)),(T10,T130)),(T110,T40)),(T30,T140)),T150),T200),((T20,T100),T190)),T170),T90),T80);
#NNI moves:1/60
(((((((((T160,T60),T50),T0),((T120,T180),T70)),(T130,T10)),(T40,T110)),(((((T20,T100),T190),((T80,T90),T170)),T200),T150)),T30),T140);
#NNI moves:4/60
(((((((((((T80,T90),T170),((T100,T20),T190)),T200),T150),(T140,T30)),(T110,T40)),(T130,T10)),(((T60,T160),T50),T0)),(T120,T180)),T70);
Initial score: 3.56006e+06
Initial tree: (((T60,T160),(T0,(((((((((T80,T90),T170),((T100,T20),T190)),T200),T150),(T140,T30)),(T110,T40)),(T130,T10)),((T120,T180),T70)))),T50);
*** Subsample Process ***
#NNI moves:5/60
((((((((((((T80,T90),T170),((T20,T100),T190)),T200),T150),(T30,T140)),(T40,T110)),(T10,T130)),((T180,T120),T70)),T0),(T60,T160)),T50);
#NNI moves:3/60
((((((((((((T100,T20),T190),((T90,T80),T170)),T200),T150),(T30,T140)),(T110,T40)),(T10,T130)),((T120,T180),T70)),T0),(T60,T160)),T50);
#NNI moves:1/60
(((((((((T80,T90),T170),((T100,T20),T190)),T200),T150),(T30,T140)),((((T180,T120),T70),(T0,((T160,T60),T50))),(T130,T10))),T110),T40);
#NNI moves:0/60
(((((((((((((T90,T80),T170),((T100,T20),T190)),T200),T150),(T30,T140)),(T40,T110)),(T10,T130)),((T120,T180),T70)),T0),T50),T60),T160);
Current score: 3.56006e+06
Current tree: ((((((((((((T90,T80),T170),((T100,T20),T190)),T200),T150),(T30,T140)),(T40,T110)),(T10,T130)),((T120,T180),T70)),T0),(T60,T160)),T50);
Final Tree: ((((((((((((T90,T80),T170),((T100,T20),T190)),T200),T150),(T30,T140)),(T40,T110)),(T10,T130)),((T120,T180),T70)),T0),(T60,T160)),T50);
Score: 3560064.234

real	0m1.217s
user	0m8.062s
sys	0m0.924s
