Weighted ASTRAL - Hybrid
Version: v1.13.2.3
#Genetrees: 2000
#Species: 21
#Rounds: 4
#Samples: 4
#Threads: 32
#NNI moves:0/60
(((((((((T150,T80),(T10,T110)),(T160,T50)),T20),(((T200,T30),T60),(T170,T140))),T0),(((T180,T100),T90),((T130,T120),T40))),T190),T70);
#NNI moves:2/60
(((((((((T120,T130),T40),((T180,T100),T90)),(T190,T70)),T0),((((T80,T150),(T10,T110)),(T50,T160)),T20)),(T170,T140)),(T200,T30)),T60);
#NNI moves:0/60
((((((((((T10,T110),(T80,T150)),(T160,T50)),T20),(((T200,T30),T60),(T140,T170))),T0),(T190,T70)),((T130,T120),T40)),(T100,T180)),T90);
#NNI moves:4/60
((((((((((T30,T200),T60),(T140,T170)),((((T80,T150),(T110,T10)),(T50,T160)),T20)),T0),(T70,T190)),((T180,T100),T90)),T40),T120),T130);
Initial score: 3.75865e+06
Initial tree: (((((T80,T150),(T110,T10)),(T50,T160)),((((T30,T200),T60),(T140,T170)),(T0,((T70,T190),(((T180,T100),T90),(T40,(T120,T130))))))),T20);
*** Subsample Process ***
#NNI moves:1/60
((((((((T180,T100),T90),((T120,T130),T40)),(T70,T190)),T0),(((T200,T30),T60),(T170,T140))),(((T10,T110),(T80,T150)),(T160,T50))),T20);
#NNI moves:0/60
((((((((T130,T120),T40),((T100,T180),T90)),(T190,T70)),T0),(((T200,T30),T60),(T170,T140))),(((T150,T80),(T110,T10)),(T160,T50))),T20);
#NNI moves:3/60
(((((((((T180,T100),T90),((T130,T120),T40)),(T70,T190)),T0),((((T80,T150),(T10,T110)),(T50,T160)),T20)),(T140,T170)),(T30,T200)),T60);
#NNI moves:3/60
(((((((((((T120,T130),T40),((T100,T180),T90)),(T190,T70)),T0),(((T30,T200),T60),(T170,T140))),T20),(T50,T160)),(T110,T10)),T150),T80);
Current score: 3.75865e+06
Current tree: ((((((((T120,T130),T40),((T100,T180),T90)),(T190,T70)),T0),(((T30,T200),T60),(T170,T140))),((T50,T160),((T110,T10),(T150,T80)))),T20);
Final Tree: ((((((((T120,T130),T40),((T100,T180),T90)),(T190,T70)),T0),(((T30,T200),T60),(T170,T140))),((T50,T160),((T110,T10),(T150,T80)))),T20);
Score: 3758651.716

real	0m1.110s
user	0m7.699s
sys	0m0.679s
