Weighted ASTRAL - Hybrid
Version: v1.13.2.3
#Genetrees: 2000
#Species: 21
#Rounds: 4
#Samples: 4
#Threads: 32
#NNI moves:0/60
((((((((T60,T170),T90),(T200,T140)),T180),(T40,T150)),((T160,T190),(T120,T70))),((((T30,T50),T110),(T20,T130)),((T100,T10),T80))),T0);
#NNI moves:3/60
((((((((((((T170,T60),T90),(T200,T140)),T180),(T150,T40)),((T190,T160),(T70,T120))),T0),((T10,T100),T80)),(T130,T20)),T110),T30),T50);
#NNI moves:0/60
(((((((((((T50,T30),T110),(T20,T130)),((T100,T10),T80)),T0),((T70,T120),(T160,T190))),(T40,T150)),T180),(T200,T140)),(T60,T170)),T90);
#NNI moves:0/60
((((((((((((T50,T30),T110),(T130,T20)),((T10,T100),T80)),T0),((T190,T160),(T70,T120))),(T40,T150)),T180),(T200,T140)),T90),T170),T60);
Initial score: 3.7433e+06
Initial tree: ((T100,(T80,((((T50,T30),T110),(T130,T20)),(T0,(((T190,T160),(T70,T120)),((T40,T150),(T180,((T200,T140),(T90,(T170,T60)))))))))),T10);
*** Subsample Process ***
#NNI moves:3/60
(((((((((((T170,T60),T90),(T140,T200)),T180),(T40,T150)),((T70,T120),(T190,T160))),T0),(((T30,T50),T110),(T130,T20))),T80),T100),T10);
#NNI moves:0/60
(((((((((((T60,T170),T90),(T200,T140)),T180),(T150,T40)),((T70,T120),(T160,T190))),T0),(((T50,T30),T110),(T20,T130))),T80),T100),T10);
#NNI moves:0/60
(((((((((T50,T30),T110),(T130,T20)),((T100,T10),T80)),T0),(((((T60,T170),T90),(T140,T200)),T180),(T40,T150))),(T70,T120)),T160),T190);
#NNI moves:0/60
(((((((((((T170,T60),T90),(T140,T200)),T180),(T150,T40)),((T70,T120),(T190,T160))),T0),(((T30,T50),T110),(T20,T130))),T80),T10),T100);
Current score: 3.7433e+06
Current tree: (((((((((((T170,T60),T90),(T140,T200)),T180),(T150,T40)),((T70,T120),(T190,T160))),T0),(((T30,T50),T110),(T20,T130))),T80),T100),T10);
Final Tree: (((((((((((T170,T60),T90),(T140,T200)),T180),(T150,T40)),((T70,T120),(T190,T160))),T0),(((T30,T50),T110),(T20,T130))),T80),T100),T10);
Score: 3743299.23

real	0m1.048s
user	0m7.106s
sys	0m0.714s
