Weighted ASTRAL - Hybrid
Version: v1.13.2.3
#Genetrees: 2000
#Species: 21
#Rounds: 4
#Samples: 4
#Threads: 32
#NNI moves:0/60
(((((((((((T120,T10),T30),T20),(T60,T100)),T0),(((T170,T90),T150),T160)),(((T130,T110),T70),(T50,T80))),T40),T190),(T200,T140)),T180);
#NNI moves:6/60
(((((((((T10,T120),T30),T20),(T100,T60)),T0),(((((T140,T200),T180),T190),T40),(((T110,T130),T70),(T80,T50)))),T160),(T170,T90)),T150);
#NNI moves:1/60
((((((((((T200,T140),T180),T190),T40),(((T110,T130),T70),(T80,T50))),(T160,((T90,T170),T150))),T0),(((T120,T10),T30),T20)),T100),T60);
#NNI moves:1/60
(((((((((((T110,T130),T70),(T80,T50)),((((T140,T200),T180),T190),T40)),(T160,((T170,T90),T150))),T0),(T60,T100)),T20),T30),T10),T120);
Initial score: 3.94327e+06
Initial tree: ((((T170,T90),T150),(((((T110,T130),T70),(T80,T50)),((((T140,T200),T180),T190),T40)),(T0,((T60,T100),(T20,(T30,(T10,T120))))))),T160);
*** Subsample Process ***
#NNI moves:1/60
((((((((T10,T120),T30),T20),(T60,T100)),T0),((((T110,T130),T70),(T50,T80)),((((T140,T200),T180),T190),T40))),((T170,T90),T150)),T160);
#NNI moves:0/60
(((((((T130,T110),T70),(T80,T50)),((((T140,T200),T180),T190),T40)),(((((T120,T10),T30),T20),(T60,T100)),T0)),((T90,T170),T150)),T160);
#NNI moves:1/60
(((((((((((T130,T110),T70),(T50,T80)),((((T140,T200),T180),T190),T40)),(((T170,T90),T150),T160)),T0),(T100,T60)),T20),T30),T120),T10);
#NNI moves:3/60
(((((((((T110,T130),T70),(T80,T50)),((((T200,T140),T180),T190),T40)),(((((T10,T120),T30),T20),(T60,T100)),T0)),T160),T150),T90),T170);
Current score: 3.94327e+06
Current tree: (((((((T110,T130),T70),(T80,T50)),((((T200,T140),T180),T190),T40)),(((((T10,T120),T30),T20),(T60,T100)),T0)),(T150,(T90,T170))),T160);
#NNI moves:0/60
((((((((((((T10,T120),T30),T20),(T100,T60)),T0),(((T170,T90),T150),T160)),(((T110,T130),T70),(T50,T80))),T40),T190),T180),T200),T140);
#NNI moves:1/60
((((((((((T140,T200),T180),T190),T40),(((T130,T110),T70),(T50,T80))),(T160,((T90,T170),T150))),T0),(((T120,T10),T30),T20)),T100),T60);
#NNI moves:0/60
((((((((((((T10,T120),T30),T20),(T100,T60)),T0),(((T170,T90),T150),T160)),(((T130,T110),T70),(T50,T80))),T40),T190),T180),T200),T140);
#NNI moves:0/60
((((((((T140,T200),T180),T190),T40),(((T130,T110),T70),(T80,T50))),(((((T120,T10),T30),T20),(T60,T100)),T0)),((T170,T90),T150)),T160);
Current score: 3.94327e+06
Current tree: ((((((((T140,T200),T180),T190),T40),(((T130,T110),T70),(T80,T50))),(((((T120,T10),T30),T20),(T60,T100)),T0)),((T170,T90),T150)),T160);
Final Tree: ((((((((T140,T200),T180),T190),T40),(((T130,T110),T70),(T80,T50))),(((((T120,T10),T30),T20),(T60,T100)),T0)),((T170,T90),T150)),T160);
Score: 3943273.473

real	0m1.193s
user	0m10.496s
sys	0m0.752s
