Weighted ASTRAL - Hybrid
Version: v1.13.2.3
#Genetrees: 2000
#Species: 21
#Rounds: 4
#Samples: 4
#Threads: 32
#NNI moves:6/60
((((((((T70,T50),((T200,T30),T170)),(T10,T150)),(((T80,T40),T190),((T140,T130),T90))),T0),T120),(((T180,T60),T160),(T20,T110))),T100);
#NNI moves:0/60
((((((((((((T180,T60),T160),(T110,T20)),T100),T120),T0),(((T40,T80),T190),((T140,T130),T90))),(T150,T10)),(T50,T70)),T170),T200),T30);
#NNI moves:3/60
((((((((((((T30,T200),T170),(T70,T50)),(T10,T150)),(((T80,T40),T190),((T140,T130),T90))),T0),T120),T100),(T20,T110)),T160),T60),T180);
#NNI moves:1/60
(((((((((((T180,T60),T160),(T20,T110)),T100),T120),T0),((((T30,T200),T170),(T50,T70)),(T10,T150))),((T130,T140),T90)),T190),T40),T80);
Initial score: 3.94659e+06
Initial tree: ((T70,(((T30,T200),T170),((T10,T150),(((((((T180,T60),T160),(T20,T110)),T100),T120),T0),(((T130,T140),T90),(T190,(T40,T80))))))),T50);
*** Subsample Process ***
#NNI moves:1/60
(((((((((((T60,T180),T160),(T110,T20)),T100),T120),T0),(((T130,T140),T90),((T40,T80),T190))),(T150,T10)),((T200,T30),T170)),T70),T50);
#NNI moves:0/60
(((((((((((T180,T60),T160),(T20,T110)),T100),T120),T0),(((T130,T140),T90),((T80,T40),T190))),(T10,T150)),((T30,T200),T170)),T70),T50);
#NNI moves:4/60
((((((((T70,T50),((T200,T30),T170)),(T150,T10)),(T0,(((((T180,T60),T160),(T110,T20)),T100),T120))),((T130,T140),T90)),T190),T40),T80);
#NNI moves:4/60
(((((((((((T180,T60),T160),(T110,T20)),T100),T120),T0),(((T140,T130),T90),((T80,T40),T190))),(T150,T10)),((T30,T200),T170)),T50),T70);
Current score: 3.94659e+06
Current tree: (((((((((((T180,T60),T160),(T110,T20)),T100),T120),T0),(((T140,T130),T90),((T80,T40),T190))),(T150,T10)),((T30,T200),T170)),T70),T50);
#NNI moves:6/60
(((((((T50,T70),((T200,T30),T170)),(T10,T150)),(((T130,T140),T90),((T80,T40),T190))),T0),((((T180,T60),T160),(T20,T110)),T100)),T120);
#NNI moves:2/60
((((((((((T180,T60),T160),(T110,T20)),T100),T120),T0),((T10,T150),(((T30,T200),T170),(T50,T70)))),((T40,T80),T190)),(T140,T130)),T90);
#NNI moves:0/60
(((((((((((T60,T180),T160),(T20,T110)),T100),T120),T0),(((T80,T40),T190),((T130,T140),T90))),(T10,T150)),(T50,T70)),(T30,T200)),T170);
#NNI moves:1/60
(((((((((((T180,T60),T160),(T110,T20)),T100),T120),T0),(((T140,T130),T90),((T80,T40),T190))),(T10,T150)),((T30,T200),T170)),T70),T50);
Current score: 3.94659e+06
Current tree: (((((((((((T180,T60),T160),(T110,T20)),T100),T120),T0),(((T140,T130),T90),((T80,T40),T190))),(T10,T150)),((T30,T200),T170)),T70),T50);
#NNI moves:3/60
((((((((((((T200,T30),T170),(T50,T70)),(T10,T150)),(((T130,T140),T90),((T80,T40),T190))),T0),T120),T100),(T110,T20)),T160),T180),T60);
#NNI moves:0/60
(((((((((((T60,T180),T160),(T20,T110)),T100),T120),T0),(((T140,T130),T90),((T80,T40),T190))),(T10,T150)),((T200,T30),T170)),T70),T50);
#NNI moves:0/60
(((((((((((T60,T180),T160),(T20,T110)),T100),T120),T0),((((T30,T200),T170),(T70,T50)),(T10,T150))),((T140,T130),T90)),T190),T40),T80);
#NNI moves:5/60
((((((((((((T180,T60),T160),(T110,T20)),T100),T120),T0),(((T140,T130),T90),((T40,T80),T190))),(T10,T150)),(T70,T50)),T170),T200),T30);
Current score: 3.94659e+06
Current tree: ((T70,(((((((((T180,T60),T160),(T110,T20)),T100),T120),T0),(((T140,T130),T90),((T40,T80),T190))),(T10,T150)),(T170,(T200,T30)))),T50);
#NNI moves:1/60
(((((((((((T180,T60),T160),(T20,T110)),T100),T120),T0),(((T40,T80),T190),((T130,T140),T90))),(T10,T150)),((T30,T200),T170)),T70),T50);
#NNI moves:6/60
((((((((((((T30,T200),T170),(T50,T70)),(T10,T150)),(((T40,T80),T190),((T130,T140),T90))),T0),T120),T100),(T20,T110)),T160),T60),T180);
#NNI moves:2/60
(((((((((((T60,T180),T160),(T110,T20)),T100),T120),T0),(((T140,T130),T90),((T40,T80),T190))),(T10,T150)),((T200,T30),T170)),T50),T70);
#NNI moves:6/60
(((((((((((T30,T200),T170),(T70,T50)),(T10,T150)),(((T80,T40),T190),((T130,T140),T90))),T0),T120),T100),(T110,T20)),(T60,T180)),T160);
Current score: 3.94659e+06
Current tree: ((T70,(((T30,T200),T170),((T10,T150),((((T80,T40),T190),((T130,T140),T90)),(T0,(T120,(T100,((T110,T20),((T60,T180),T160))))))))),T50);
#NNI moves:1/60
(((((((((((T180,T60),T160),(T110,T20)),T100),T120),T0),(((T140,T130),T90),((T40,T80),T190))),(T10,T150)),(T70,T50)),(T200,T30)),T170);
#NNI moves:1/60
((((((((((T150,T10),((T70,T50),((T30,T200),T170))),(((T80,T40),T190),((T130,T140),T90))),T0),T120),T100),(T20,T110)),T160),T60),T180);
#NNI moves:2/60
((((((((((T60,T180),T160),(T20,T110)),T100),T120),T0),(((T130,T140),T90),((T40,T80),T190))),((T50,T70),((T30,T200),T170))),T150),T10);
#NNI moves:3/60
(((((((((((T60,T180),T160),(T20,T110)),T100),T120),T0),(((T130,T140),T90),((T40,T80),T190))),(T150,T10)),(T70,T50)),(T30,T200)),T170);
Current score: 3.94659e+06
Current tree: ((T70,(((((((((T60,T180),T160),(T20,T110)),T100),T120),T0),(((T130,T140),T90),((T40,T80),T190))),(T150,T10)),((T30,T200),T170))),T50);
#NNI moves:6/60
((((((((((T70,T50),((T200,T30),T170)),(T150,T10)),(((T140,T130),T90),((T80,T40),T190))),T0),T120),T100),((T180,T60),T160)),T20),T110);
#NNI moves:2/60
(((((((T150,T10),((T70,T50),((T30,T200),T170))),(T0,(((((T60,T180),T160),(T20,T110)),T100),T120))),((T140,T130),T90)),T190),T80),T40);
#NNI moves:3/60
((((((((((((T60,T180),T160),(T20,T110)),T100),T120),T0),(((T40,T80),T190),((T140,T130),T90))),(T150,T10)),(T70,T50)),T170),T200),T30);
#NNI moves:1/60
(((((((((((T180,T60),T160),(T20,T110)),T100),T120),T0),(((T50,T70),((T200,T30),T170)),(T150,T10))),((T140,T130),T90)),T190),T80),T40);
Current score: 3.94659e+06
Current tree: ((T70,(((T200,T30),T170),((T150,T10),(((((((T180,T60),T160),(T20,T110)),T100),T120),T0),(((T140,T130),T90),(T190,(T80,T40))))))),T50);
Final Tree: ((T70,(((T200,T30),T170),((T150,T10),(((((((T180,T60),T160),(T20,T110)),T100),T120),T0),(((T140,T130),T90),(T190,(T80,T40))))))),T50);
Score: 3946587.464

real	0m2.019s
user	0m24.678s
sys	0m1.074s
