Weighted ASTRAL - Hybrid
Version: v1.13.2.3
#Genetrees: 2000
#Species: 21
#Rounds: 4
#Samples: 4
#Threads: 32
#NNI moves:0/60
((((((((((T20,T160),(T30,T150)),(((T110,T80),T100),T50)),((T130,T190),(T200,T140))),(T60,T170)),T0),T180),((T120,T90),T70)),T40),T10);
#NNI moves:0/60
((((((((((T90,T120),T70),(T40,T10)),T180),T0),(T60,T170)),(((((T110,T80),T100),T50),T20),((T150,T30),T160))),(T190,T130)),T200),T140);
#NNI moves:0/60
(((((((((T80,T110),T100),T50),T20),((T30,T150),T160)),((T140,T200),(T130,T190))),(((((T120,T90),T70),(T40,T10)),T180),T0)),T170),T60);
#NNI moves:0/60
((((((((((T90,T120),T70),(T10,T40)),T180),T0),(T170,T60)),(((((T110,T80),T100),T50),T20),((T150,T30),T160))),(T140,T200)),T190),T130);
Initial score: 3.87892e+06
Initial tree: (((T110,T80),(T50,(T20,(((T150,T30),T160),(((((((T90,T120),T70),(T10,T40)),T180),T0),(T170,T60)),((T140,T200),(T190,T130))))))),T100);
*** Subsample Process ***
#NNI moves:0/60
((((((((((((T90,T120),T70),(T10,T40)),T180),T0),(T170,T60)),((T140,T200),(T190,T130))),((T30,T150),T160)),T20),T50),(T110,T80)),T100);
#NNI moves:1/60
(((((((((((T120,T90),T70),(T40,T10)),T180),T0),(T60,T170)),((T130,T190),(T140,T200))),((T160,T20),(T150,T30))),T50),(T110,T80)),T100);
#NNI moves:0/60
((((((((((T120,T90),T70),(T10,T40)),T180),T0),(T170,T60)),(((((T80,T110),T100),T50),T20),((T150,T30),T160))),(T190,T130)),T200),T140);
#NNI moves:0/60
(((((((((((((T120,T90),T70),(T10,T40)),T180),T0),(T60,T170)),((T190,T130),(T140,T200))),((T150,T30),T160)),T20),T50),T100),T110),T80);
Current score: 3.87892e+06
Current tree: ((((((((((((T120,T90),T70),(T10,T40)),T180),T0),(T60,T170)),((T190,T130),(T140,T200))),((T150,T30),T160)),T20),T50),(T110,T80)),T100);
#NNI moves:3/60
(((((((((T80,T110),T100),T50),T20),((T30,T150),T160)),((T130,T190),(T140,T200))),(T170,T60)),((((T120,T90),T70),(T40,T10)),T180)),T0);
#NNI moves:0/60
((((((((((T120,T90),T70),(T10,T40)),T180),T0),(T170,T60)),(((((T110,T80),T100),T50),T20),((T30,T150),T160))),(T200,T140)),T130),T190);
#NNI moves:0/60
((((((((((T120,T90),T70),(T10,T40)),T180),T0),(T60,T170)),((T130,T190),(T200,T140))),((T30,T150),T160)),(((T80,T110),T100),T50)),T20);
#NNI moves:1/60
((((((((((((T90,T120),T70),(T40,T10)),T180),T0),(T60,T170)),((T190,T130),(T200,T140))),((T150,T30),T160)),T20),T50),(T80,T110)),T100);
Current score: 3.87892e+06
Current tree: ((((((((((((T90,T120),T70),(T40,T10)),T180),T0),(T60,T170)),((T190,T130),(T200,T140))),((T150,T30),T160)),T20),T50),(T80,T110)),T100);
#NNI moves:3/60
(((((((((((((T80,T110),T100),T50),T20),((T30,T150),T160)),((T200,T140),(T190,T130))),(T170,T60)),T0),T180),(T40,T10)),T70),T90),T120);
#NNI moves:0/60
((((((((((((T120,T90),T70),(T10,T40)),T180),T0),(T170,T60)),((T200,T140),(T190,T130))),((T30,T150),T160)),T20),T50),(T110,T80)),T100);
#NNI moves:1/60
((((((((((T120,T90),T70),(T10,T40)),T180),T0),(T170,T60)),(((((T110,T80),T100),T50),T20),((T30,T150),T160))),(T140,T200)),T130),T190);
#NNI moves:0/60
(((((((((((((T120,T90),T70),(T10,T40)),T180),T0),(T170,T60)),((T200,T140),(T130,T190))),((T30,T150),T160)),T20),T50),T100),T110),T80);
Current score: 3.87892e+06
Current tree: ((((((((((((T120,T90),T70),(T10,T40)),T180),T0),(T170,T60)),((T200,T140),(T130,T190))),((T30,T150),T160)),T20),T50),(T110,T80)),T100);
Final Tree: ((((((((((((T120,T90),T70),(T10,T40)),T180),T0),(T170,T60)),((T200,T140),(T130,T190))),((T30,T150),T160)),T20),T50),(T110,T80)),T100);
Score: 3878924.273

real	0m1.418s
user	0m12.286s
sys	0m0.816s
