Iteration 1:
Accurate Species Tree EstimatoR from Independent Site Kernals
Version: v1.13.0.0
#Base: 37574019
#Species: 21
#Rounds: 1
#Samples: 0
#Threads: 16
#NNI moves:2/60
(((((((((T50,T100),(T110,T80)),((T30,T150),(T160,T20))),((T140,T200),(T190,T130))),((T60,T170),T0)),T180),((T120,T70),T90)),T40),T10);
Initial score: 1.18494e+07
Initial tree: ((T50,((T110,T80),(((T30,T150),(T160,T20)),(((T140,T200),(T190,T130)),(((T60,T170),T0),(T180,(((T120,T70),T90),(T40,T10)))))))),T100);
*** Subsample Process ***
Current score: 1.18494e+07
Current tree: ((T50,((T110,T80),(((T30,T150),(T160,T20)),(((T140,T200),(T190,T130)),(((T60,T170),T0),(T180,(((T120,T70),T90),(T40,T10)))))))),T100);
Final Tree: ((T50,((T110,T80),(((T30,T150),(T160,T20)),(((T140,T200),(T190,T130)),(((T60,T170),T0),(T180,(((T120,T70),T90),(T40,T10)))))))),T100);
Score: 1.18494e+07

real	0m15.715s
user	3m3.207s
sys	0m0.514s
