
RAxML-NG v. 1.1.0-master released on 04.08.2022 by The Exelixis Lab.
Developed by: Alexey M. Kozlov and Alexandros Stamatakis.
Contributors: Diego Darriba, Tomas Flouri, Benoit Morel, Sarah Lutteropp, Ben Bettisworth.
Latest version: https://github.com/amkozlov/raxml-ng
Questions/problems/suggestions? Please visit: https://groups.google.com/forum/#!forum/raxml

System: AMD EPYC 7742 64-Core Processor, 128 cores, 251 GB RAM

RAxML-NG was called at 23-Jan-2023 00:09:59 as follows:

/home/chaos/programs/raxml-ng/raxml-ng/bin/raxml-ng --msa data/alignment/50_1X_S21_1e6_1.1 --tree pars{1} --model GTR+G --threads 8 --redo

Analysis options:
  run mode: ML tree search
  start tree(s): parsimony (1)
  random seed: 1674461399
  tip-inner: OFF
  pattern compression: ON
  per-rate scalers: OFF
  site repeats: ON
  fast spr radius: AUTO
  spr subtree cutoff: 1.000000
  branch lengths: proportional (ML estimate, algorithm: NR-FAST)
  SIMD kernels: AVX2
  parallelization: coarse-grained (auto), PTHREADS (8 threads), thread pinning: OFF

WARNING: Running in REDO mode: existing checkpoints are ignored, and all result files will be overwritten!

[00:00:00] Reading alignment from file: data/alignment/50_1X_S21_1e6_1.1
[00:00:00] Loaded alignment with 21 taxa and 5000000 sites

Alignment comprises 1 partitions and 551383 patterns

Partition 0: noname
Model: GTR+FO+G4m
Alignment sites / patterns: 5000000 / 551383
Gaps: 0.00 %
Invariant sites: 45.51 %


NOTE: Binary MSA file created: data/alignment/50_1X_S21_1e6_1.1.raxml.rba

Parallelization scheme autoconfig: 1 worker(s) x 8 thread(s)

Parallel reduction/worker buffer size: 1 KB  / 0 KB

[00:00:02] Generating 1 parsimony starting tree(s) with 21 taxa
[00:00:02] Data distribution: max. partitions/sites/weight per thread: 1 / 68923 / 1102768
[00:00:02] Data distribution: max. searches per worker: 1

Starting ML tree search with 1 distinct starting trees

[00:00:02 -39376104.082835] Initial branch length optimization
[00:00:06 -36200053.745353] Model parameter optimization (eps = 10.000000)
[00:00:55 -35180831.540581] AUTODETECT spr round 1 (radius: 5)
[00:01:12 -35161268.781711] AUTODETECT spr round 2 (radius: 10)
[00:01:22 -35161268.778881] SPR radius for FAST iterations: 5 (autodetect)
[00:01:22 -35161268.778881] Model parameter optimization (eps = 3.000000)
[00:01:27 -35161263.404921] FAST spr round 1 (radius: 5)
[00:02:23 -35159547.965256] FAST spr round 2 (radius: 5)
[00:03:23 -35157908.214152] FAST spr round 3 (radius: 5)
[00:04:23 -35157908.214079] Model parameter optimization (eps = 1.000000)
[00:04:26 -35157904.639694] SLOW spr round 1 (radius: 5)
[00:07:49 -35157904.638701] SLOW spr round 2 (radius: 10)
[00:09:17 -35157904.638698] SLOW spr round 3 (radius: 15)
[00:09:19 -35157904.638698] SLOW spr round 4 (radius: 20)
[00:09:21 -35157904.638698] Model parameter optimization (eps = 0.100000)

[00:09:24] ML tree search #1, logLikelihood: -35157904.559868


Optimized model parameters:

   Partition 0: noname
   Rate heterogeneity: GAMMA (4 cats, mean),  alpha: 0.739169 (ML),  weights&rates: (0.250000,0.082567) (0.250000,0.381439) (0.250000,0.938561) (0.250000,2.597433) 
   Base frequencies (ML): 0.315531 0.264228 0.142593 0.277648 
   Substitution rates (ML): 0.548202 1.824045 0.253025 0.798753 1.445418 1.000000 


Final LogLikelihood: -35157904.559868

AIC score: 70315905.119735 / AICc score: 70315905.120676 / BIC score: 70316549.517262
Free parameters (model + branch lengths): 48

Best ML tree saved to: /expanse/lustre/projects/uot138/chaos/ASTERISK-sim/data/alignment/50_1X_S21_1e6_1.1.raxml.bestTree
Optimized model saved to: /expanse/lustre/projects/uot138/chaos/ASTERISK-sim/data/alignment/50_1X_S21_1e6_1.1.raxml.bestModel

Execution log saved to: /expanse/lustre/projects/uot138/chaos/ASTERISK-sim/data/alignment/50_1X_S21_1e6_1.1.raxml.log

Analysis started: 23-Jan-2023 00:09:59 / finished: 23-Jan-2023 00:19:23

Elapsed time: 564.252 seconds

Consumed energy: 31.620 Wh

