Weighted ASTRAL - Hybrid
Version: v1.13.2.3
#Genetrees: 2000
#Species: 21
#Rounds: 4
#Samples: 4
#Threads: 32
#NNI moves:0/60
((((((((((((T170,T20),T120),T130),(T200,T180)),T100),((T140,T60),(T40,T110))),((T50,T10),T70)),T0),T90),((T80,T150),T190)),T160),T30);
#NNI moves:0/60
((((((((((T20,T170),T120),T130),(T180,T200)),T100),((T60,T140),(T40,T110))),(((((T150,T80),T190),(T30,T160)),T90),T0)),T70),T50),T10);
#NNI moves:0/60
(((((((((((((T80,T150),T190),(T160,T30)),T90),T0),((T10,T50),T70)),((T140,T60),(T110,T40))),T100),(T200,T180)),T130),T120),T20),T170);
#NNI moves:0/60
(((((((((((((T170,T20),T120),T130),(T180,T200)),T100),((T110,T40),(T60,T140))),((T10,T50),T70)),T0),T90),(T30,T160)),T190),T150),T80);
Initial score: 3.94297e+06
Initial tree: ((T140,((T110,T40),((((((T170,T20),T120),T130),(T180,T200)),T100),(((T10,T50),T70),(T0,(T90,((T30,T160),(T190,(T150,T80))))))))),T60);
*** Subsample Process ***
#NNI moves:0/60
((((((((((T150,T80),T190),(T160,T30)),T90),T0),((T10,T50),T70)),(((((T170,T20),T120),T130),(T180,T200)),T100)),(T40,T110)),T140),T60);
#NNI moves:1/60
((((((((((T80,T150),T190),(T30,T160)),T90),T0),((T50,T10),T70)),(((((T20,T170),T120),T130),(T200,T180)),T100)),(T110,T40)),T140),T60);
#NNI moves:3/60
((((((((((((T160,T30),((T80,T150),T190)),T90),T0),((T10,T50),T70)),((T40,T110),(T140,T60))),T100),(T180,T200)),T130),T120),T20),T170);
#NNI moves:0/60
((((((((((T150,T80),T190),(T30,T160)),T90),T0),((T10,T50),T70)),(((((T170,T20),T120),T130),(T200,T180)),T100)),(T110,T40)),T60),T140);
Current score: 3.94297e+06
Current tree: ((((((((((T150,T80),T190),(T30,T160)),T90),T0),((T10,T50),T70)),(((((T170,T20),T120),T130),(T200,T180)),T100)),(T110,T40)),T140),T60);
Final Tree: ((((((((((T150,T80),T190),(T30,T160)),T90),T0),((T10,T50),T70)),(((((T170,T20),T120),T130),(T200,T180)),T100)),(T110,T40)),T140),T60);
Score: 3942970.298

real	0m0.835s
user	0m6.640s
sys	0m0.593s
