
RAxML-NG v. 1.1.0-master released on 04.08.2022 by The Exelixis Lab.
Developed by: Alexey M. Kozlov and Alexandros Stamatakis.
Contributors: Diego Darriba, Tomas Flouri, Benoit Morel, Sarah Lutteropp, Ben Bettisworth.
Latest version: https://github.com/amkozlov/raxml-ng
Questions/problems/suggestions? Please visit: https://groups.google.com/forum/#!forum/raxml

System: AMD EPYC 7742 64-Core Processor, 128 cores, 251 GB RAM

RAxML-NG was called at 23-Jan-2023 00:09:59 as follows:

/home/chaos/programs/raxml-ng/raxml-ng/bin/raxml-ng --msa data/alignment/5_1X_S21_1e6_1.1 --tree pars{1} --model GTR+G --threads 8 --redo

Analysis options:
  run mode: ML tree search
  start tree(s): parsimony (1)
  random seed: 1674461399
  tip-inner: OFF
  pattern compression: ON
  per-rate scalers: OFF
  site repeats: ON
  fast spr radius: AUTO
  spr subtree cutoff: 1.000000
  branch lengths: proportional (ML estimate, algorithm: NR-FAST)
  SIMD kernels: AVX2
  parallelization: coarse-grained (auto), PTHREADS (8 threads), thread pinning: OFF

WARNING: Running in REDO mode: existing checkpoints are ignored, and all result files will be overwritten!

[00:00:00] Reading alignment from file: data/alignment/5_1X_S21_1e6_1.1
[00:00:00] Loaded alignment with 21 taxa and 5000000 sites

Alignment comprises 1 partitions and 555676 patterns

Partition 0: noname
Model: GTR+FO+G4m
Alignment sites / patterns: 5000000 / 555676
Gaps: 0.00 %
Invariant sites: 41.34 %


NOTE: Binary MSA file created: data/alignment/5_1X_S21_1e6_1.1.raxml.rba

Parallelization scheme autoconfig: 1 worker(s) x 8 thread(s)

Parallel reduction/worker buffer size: 1 KB  / 0 KB

[00:00:02] Generating 1 parsimony starting tree(s) with 21 taxa
[00:00:02] Data distribution: max. partitions/sites/weight per thread: 1 / 69460 / 1111360
[00:00:02] Data distribution: max. searches per worker: 1

Starting ML tree search with 1 distinct starting trees

[00:00:02 -41623064.853357] Initial branch length optimization
[00:00:07 -38092778.534498] Model parameter optimization (eps = 10.000000)
[00:00:35 -36309358.251069] AUTODETECT spr round 1 (radius: 5)
[00:00:56 -36287635.679889] AUTODETECT spr round 2 (radius: 10)
[00:01:07 -36287635.673926] SPR radius for FAST iterations: 5 (autodetect)
[00:01:07 -36287635.673926] Model parameter optimization (eps = 3.000000)
[00:01:09 -36287634.775782] FAST spr round 1 (radius: 5)
[00:02:13 -36286377.172497] FAST spr round 2 (radius: 5)
[00:03:13 -36285915.146426] FAST spr round 3 (radius: 5)
[00:04:15 -36285915.146418] Model parameter optimization (eps = 1.000000)
[00:04:18 -36285914.533914] SLOW spr round 1 (radius: 5)
[00:07:41 -36285911.472767] SLOW spr round 2 (radius: 5)
[00:10:40 -36285514.492872] SLOW spr round 3 (radius: 5)
[00:13:18 -36285514.492820] SLOW spr round 4 (radius: 10)
[00:14:42 -36285514.492820] SLOW spr round 5 (radius: 15)
[00:14:44 -36285514.492820] SLOW spr round 6 (radius: 20)
[00:14:46 -36285514.492820] Model parameter optimization (eps = 0.100000)

[00:14:50] ML tree search #1, logLikelihood: -36285512.690272


Optimized model parameters:

   Partition 0: noname
   Rate heterogeneity: GAMMA (4 cats, mean),  alpha: 0.840739 (ML),  weights&rates: (0.250000,0.104193) (0.250000,0.423033) (0.250000,0.967634) (0.250000,2.505139) 
   Base frequencies (ML): 0.339157 0.206258 0.172356 0.282229 
   Substitution rates (ML): 1.112619 3.128210 0.277624 0.780079 3.314254 1.000000 


Final LogLikelihood: -36285512.690272

AIC score: 72571121.380543 / AICc score: 72571121.381484 / BIC score: 72571765.778070
Free parameters (model + branch lengths): 48

Best ML tree saved to: /expanse/lustre/projects/uot138/chaos/ASTERISK-sim/data/alignment/5_1X_S21_1e6_1.1.raxml.bestTree
Optimized model saved to: /expanse/lustre/projects/uot138/chaos/ASTERISK-sim/data/alignment/5_1X_S21_1e6_1.1.raxml.bestModel

Execution log saved to: /expanse/lustre/projects/uot138/chaos/ASTERISK-sim/data/alignment/5_1X_S21_1e6_1.1.raxml.log

Analysis started: 23-Jan-2023 00:09:59 / finished: 23-Jan-2023 00:24:49

Elapsed time: 890.216 seconds

Consumed energy: 74.319 Wh

