Weighted ASTRAL - Hybrid
Version: v1.13.2.3
#Genetrees: 2000
#Species: 21
#Rounds: 4
#Samples: 4
#Threads: 32
#NNI moves:3/60
(((((((((((((T140,T30),T130),(T190,T80)),T20),T0),T100),((T10,T40),(T60,T170))),T120),T110),((T180,T200),T150)),(T90,T50)),T70),T160);
#NNI moves:4/60
((((((((((((T50,T90),(T160,T70)),((T200,T180),T150)),T110),T120),((T40,T10),(T170,T60))),T100),T0),T20),(T130,(T140,T30))),T190),T80);
#NNI moves:0/60
(((((((((((((T140,T30),T130),(T80,T190)),T20),T0),T100),((T10,T40),(T60,T170))),T120),T110),((T180,T200),T150)),(T70,T160)),T50),T90);
#NNI moves:3/60
(((((((((((((T130,T80),(T140,T30)),T190),T20),T0),T100),((T60,T170),(T40,T10))),T120),T110),((T50,T90),(T160,T70))),T150),T200),T180);
Initial score: 3.63667e+06
Initial tree: ((T10,((T60,T170),(((((((T130,T80),(T140,T30)),T190),T20),T0),T100),(T120,(T110,(((T50,T90),(T160,T70)),(T150,(T200,T180)))))))),T40);
*** Subsample Process ***
#NNI moves:2/60
(((((((((T70,T160),(T90,T50)),((T200,T180),T150)),T110),T120),(T100,((((T190,T80),((T140,T30),T130)),T20),T0))),(T170,T60)),T10),T40);
#NNI moves:6/60
(((((((((T160,T70),(T50,T90)),((T200,T180),T150)),T110),T120),(((((T80,T190),((T140,T30),T130)),T20),T0),T100)),(T60,T170)),T10),T40);
#NNI moves:5/60
(((((((((((((T90,T50),(T160,T70)),((T180,T200),T150)),T110),T120),((T170,T60),(T10,T40))),T100),T0),T20),(T190,T80)),T130),T30),T140);
#NNI moves:5/60
((((((((((T80,T130),(T30,T140)),T190),T20),T0),T100),((T110,(((T180,T200),T150),((T50,T90),(T70,T160)))),T120)),(T60,T170)),T40),T10);
Current score: 3.63667e+06
Current tree: ((((((((((T80,T130),(T30,T140)),T190),T20),T0),T100),((T110,(((T180,T200),T150),((T50,T90),(T70,T160)))),T120)),(T60,T170)),T10),T40);
#NNI moves:4/60
(((((((((T160,T70),(T50,T90)),((T200,T180),T150)),T110),T120),((T40,T10),(T60,T170))),T100),(((T80,T190),((T140,T30),T130)),T20)),T0);
#NNI moves:4/60
(((((((((((((T30,T140),T130),(T190,T80)),T20),T0),T100),((T170,T60),(T40,T10))),T120),T110),((T70,T160),(T50,T90))),T150),T200),T180);
#NNI moves:0/60
(((((((((((((T50,T90),(T160,T70)),((T200,T180),T150)),T110),T120),((T40,T10),(T170,T60))),T100),T0),T20),T190),(T140,T30)),T130),T80);
#NNI moves:0/60
(((((((((T90,T50),(T160,T70)),((T180,T200),T150)),T110),T120),((((((T80,T130),(T30,T140)),T190),T20),T0),T100)),(T60,T170)),T10),T40);
Current score: 3.63667e+06
Current tree: (((((((((T90,T50),(T160,T70)),((T180,T200),T150)),T110),T120),((((((T80,T130),(T30,T140)),T190),T20),T0),T100)),(T60,T170)),T10),T40);
Final Tree: (((((((((T90,T50),(T160,T70)),((T180,T200),T150)),T110),T120),((((((T80,T130),(T30,T140)),T190),T20),T0),T100)),(T60,T170)),T10),T40);
Score: 3636674.878

real	0m1.148s
user	0m11.078s
sys	0m0.729s
