Iteration 1:
Accurate Species Tree EstimatoR from Independent Site Kernals
Version: v1.13.0.0
#Base: 25400907
#Species: 21
#Rounds: 1
#Samples: 0
#Threads: 16
#NNI moves:3/60
(((((((((((((T160,T70),(T90,T50)),((T200,T180),T150)),((T10,T40),(T170,T60))),T110),T100),T120),T0),T20),(T130,T140)),T30),T190),T80);
Initial score: 4.90948e+06
Initial tree: ((T10,((T170,T60),((((T160,T70),(T90,T50)),((T200,T180),T150)),(T110,(T100,(T120,(T0,(T20,((T130,T140),(T30,(T190,T80))))))))))),T40);
*** Subsample Process ***
Current score: 4.90948e+06
Current tree: ((T10,((T170,T60),((((T160,T70),(T90,T50)),((T200,T180),T150)),(T110,(T100,(T120,(T0,(T20,((T130,T140),(T30,(T190,T80))))))))))),T40);
Final Tree: ((T10,((T170,T60),((((T160,T70),(T90,T50)),((T200,T180),T150)),(T110,(T100,(T120,(T0,(T20,((T130,T140),(T30,(T190,T80))))))))))),T40);
Score: 4.90948e+06

real	0m9.759s
user	1m48.103s
sys	0m0.368s
