Weighted ASTRAL - Hybrid
Version: v1.13.2.3
#Genetrees: 2000
#Species: 21
#Rounds: 4
#Samples: 4
#Threads: 32
#NNI moves:0/60
((((((((((T120,T10),(T20,T190)),T60),(T30,T160)),(((T100,T200),T40),(T70,T110))),(((T170,T150),(T90,T50)),T0)),T180),T130),T140),T80);
#NNI moves:0/60
((((((((((T90,T50),(T150,T170)),T0),(((T80,T140),T130),T180)),(((T200,T100),T40),(T110,T70))),(T30,T160)),T60),(T120,T10)),T20),T190);
#NNI moves:0/60
(((((((((T50,T90),(T170,T150)),T0),(((T140,T80),T130),T180)),((((T10,T120),(T190,T20)),T60),(T30,T160))),(T110,T70)),T40),T200),T100);
#NNI moves:1/60
((((((((T50,T90),(T150,T170)),T0),(((T80,T140),T130),T180)),((((T190,T20),(T120,T10)),T60),(T160,T30))),(T110,T70)),(T100,T200)),T40);
Initial score: 4.52838e+06
Initial tree: ((((T80,T140),T130),((((T50,T90),(T150,T170)),T0),(((((T190,T20),(T120,T10)),T60),(T160,T30)),((T110,T70),((T100,T200),T40))))),T180);
*** Subsample Process ***
#NNI moves:0/60
((((((((T120,T10),(T190,T20)),T60),(T30,T160)),(((T200,T100),T40),(T70,T110))),(((T50,T90),(T150,T170)),T0)),((T80,T140),T130)),T180);
#NNI moves:1/60
((((((((T10,T120),(T20,T190)),T60),(T30,T160)),(((T100,T200),T40),(T110,T70))),(((T50,T90),(T150,T170)),T0)),((T140,T80),T130)),T180);
#NNI moves:0/60
((((((((T90,T50),(T170,T150)),T0),(((T80,T140),T130),T180)),((((T190,T20),(T10,T120)),T60),(T30,T160))),((T200,T100),T40)),T110),T70);
#NNI moves:0/60
((((((((((T10,T120),(T20,T190)),T60),(T30,T160)),(((T100,T200),T40),(T70,T110))),(((T50,T90),(T150,T170)),T0)),T180),T130),T140),T80);
Current score: 4.52838e+06
Current tree: ((((((((T10,T120),(T20,T190)),T60),(T30,T160)),(((T100,T200),T40),(T70,T110))),(((T50,T90),(T150,T170)),T0)),(T130,(T140,T80))),T180);
#NNI moves:1/60
((((((((T50,T90),(T150,T170)),T0),(((T80,T140),T130),T180)),(((T200,T100),T40),(T70,T110))),(((T10,T120),(T190,T20)),T60)),T30),T160);
#NNI moves:0/60
(((((((((T90,T50),(T150,T170)),T0),(((T140,T80),T130),T180)),((((T20,T190),(T10,T120)),T60),(T160,T30))),(T70,T110)),T40),T100),T200);
#NNI moves:0/60
((((((((((T20,T190),(T10,T120)),T60),(T30,T160)),(((T100,T200),T40),(T70,T110))),(((T80,T140),T130),T180)),T0),(T170,T150)),T50),T90);
#NNI moves:0/60
((((((((T190,T20),(T10,T120)),T60),(T160,T30)),(((T100,T200),T40),(T110,T70))),(((T90,T50),(T150,T170)),T0)),((T80,T140),T130)),T180);
Current score: 4.52838e+06
Current tree: ((((((((T190,T20),(T10,T120)),T60),(T160,T30)),(((T100,T200),T40),(T110,T70))),(((T90,T50),(T150,T170)),T0)),((T80,T140),T130)),T180);
Final Tree: ((((((((T190,T20),(T10,T120)),T60),(T160,T30)),(((T100,T200),T40),(T110,T70))),(((T90,T50),(T150,T170)),T0)),((T80,T140),T130)),T180);
Score: 4528378.457

real	0m1.261s
user	0m9.686s
sys	0m0.674s
