
RAxML-NG v. 1.1.0-master released on 04.08.2022 by The Exelixis Lab.
Developed by: Alexey M. Kozlov and Alexandros Stamatakis.
Contributors: Diego Darriba, Tomas Flouri, Benoit Morel, Sarah Lutteropp, Ben Bettisworth.
Latest version: https://github.com/amkozlov/raxml-ng
Questions/problems/suggestions? Please visit: https://groups.google.com/forum/#!forum/raxml

System: AMD EPYC 7742 64-Core Processor, 128 cores, 251 GB RAM

RAxML-NG was called at 23-Jan-2023 00:10:01 as follows:

/home/chaos/programs/raxml-ng/raxml-ng/bin/raxml-ng --msa data/alignment/6_1X_S21_1e6_1.1 --tree pars{1} --model GTR+G --threads 8 --redo

Analysis options:
  run mode: ML tree search
  start tree(s): parsimony (1)
  random seed: 1674461401
  tip-inner: OFF
  pattern compression: ON
  per-rate scalers: OFF
  site repeats: ON
  fast spr radius: AUTO
  spr subtree cutoff: 1.000000
  branch lengths: proportional (ML estimate, algorithm: NR-FAST)
  SIMD kernels: AVX2
  parallelization: coarse-grained (auto), PTHREADS (8 threads), thread pinning: OFF

WARNING: Running in REDO mode: existing checkpoints are ignored, and all result files will be overwritten!

[00:00:00] Reading alignment from file: data/alignment/6_1X_S21_1e6_1.1
[00:00:00] Loaded alignment with 21 taxa and 5000000 sites

Alignment comprises 1 partitions and 424725 patterns

Partition 0: noname
Model: GTR+FO+G4m
Alignment sites / patterns: 5000000 / 424725
Gaps: 0.00 %
Invariant sites: 48.33 %


NOTE: Binary MSA file created: data/alignment/6_1X_S21_1e6_1.1.raxml.rba

Parallelization scheme autoconfig: 1 worker(s) x 8 thread(s)

Parallel reduction/worker buffer size: 1 KB  / 0 KB

[00:00:02] Generating 1 parsimony starting tree(s) with 21 taxa
[00:00:02] Data distribution: max. partitions/sites/weight per thread: 1 / 53091 / 849456
[00:00:02] Data distribution: max. searches per worker: 1

Starting ML tree search with 1 distinct starting trees

[00:00:02 -36965998.726131] Initial branch length optimization
[00:00:05 -33527446.989647] Model parameter optimization (eps = 10.000000)
[00:00:29 -32207587.870566] AUTODETECT spr round 1 (radius: 5)
[00:00:42 -32198149.702430] AUTODETECT spr round 2 (radius: 10)
[00:00:51 -32198149.702319] SPR radius for FAST iterations: 5 (autodetect)
[00:00:51 -32198149.702319] Model parameter optimization (eps = 3.000000)
[00:00:54 -32198149.183460] FAST spr round 1 (radius: 5)
[00:01:35 -32196892.502565] FAST spr round 2 (radius: 5)
[00:02:18 -32195977.904255] FAST spr round 3 (radius: 5)
[00:03:02 -32195143.192178] FAST spr round 4 (radius: 5)
[00:03:45 -32195143.192178] Model parameter optimization (eps = 1.000000)
[00:03:47 -32195132.276329] SLOW spr round 1 (radius: 5)
[00:06:03 -32195132.276119] SLOW spr round 2 (radius: 10)
[00:07:09 -32195132.276117] SLOW spr round 3 (radius: 15)
[00:07:11 -32195132.276117] SLOW spr round 4 (radius: 20)
[00:07:13 -32195132.276117] Model parameter optimization (eps = 0.100000)

[00:07:15] ML tree search #1, logLikelihood: -32195132.204651


Optimized model parameters:

   Partition 0: noname
   Rate heterogeneity: GAMMA (4 cats, mean),  alpha: 0.872680 (ML),  weights&rates: (0.250000,0.110904) (0.250000,0.434829) (0.250000,0.975224) (0.250000,2.479043) 
   Base frequencies (ML): 0.292640 0.187918 0.267136 0.252306 
   Substitution rates (ML): 1.504594 6.688670 1.012251 3.929660 3.033785 1.000000 


Final LogLikelihood: -32195132.204651

AIC score: 64390360.409303 / AICc score: 64390360.410243 / BIC score: 64391004.806829
Free parameters (model + branch lengths): 48

Best ML tree saved to: /expanse/lustre/projects/uot138/chaos/ASTERISK-sim/data/alignment/6_1X_S21_1e6_1.1.raxml.bestTree
Optimized model saved to: /expanse/lustre/projects/uot138/chaos/ASTERISK-sim/data/alignment/6_1X_S21_1e6_1.1.raxml.bestModel

Execution log saved to: /expanse/lustre/projects/uot138/chaos/ASTERISK-sim/data/alignment/6_1X_S21_1e6_1.1.raxml.log

Analysis started: 23-Jan-2023 00:10:01 / finished: 23-Jan-2023 00:17:17

Elapsed time: 435.273 seconds

Consumed energy: 44.742 Wh

