
RAxML-NG v. 1.1.0-master released on 04.08.2022 by The Exelixis Lab.
Developed by: Alexey M. Kozlov and Alexandros Stamatakis.
Contributors: Diego Darriba, Tomas Flouri, Benoit Morel, Sarah Lutteropp, Ben Bettisworth.
Latest version: https://github.com/amkozlov/raxml-ng
Questions/problems/suggestions? Please visit: https://groups.google.com/forum/#!forum/raxml

System: AMD EPYC 7742 64-Core Processor, 128 cores, 251 GB RAM

RAxML-NG was called at 23-Jan-2023 00:10:02 as follows:

/home/chaos/programs/raxml-ng/raxml-ng/bin/raxml-ng --msa data/alignment/7_1X_S21_1e6_1.1 --tree pars{1} --model GTR+G --threads 8 --redo

Analysis options:
  run mode: ML tree search
  start tree(s): parsimony (1)
  random seed: 1674461402
  tip-inner: OFF
  pattern compression: ON
  per-rate scalers: OFF
  site repeats: ON
  fast spr radius: AUTO
  spr subtree cutoff: 1.000000
  branch lengths: proportional (ML estimate, algorithm: NR-FAST)
  SIMD kernels: AVX2
  parallelization: coarse-grained (auto), PTHREADS (8 threads), thread pinning: OFF

WARNING: Running in REDO mode: existing checkpoints are ignored, and all result files will be overwritten!

[00:00:00] Reading alignment from file: data/alignment/7_1X_S21_1e6_1.1
[00:00:00] Loaded alignment with 21 taxa and 5000000 sites

Alignment comprises 1 partitions and 436048 patterns

Partition 0: noname
Model: GTR+FO+G4m
Alignment sites / patterns: 5000000 / 436048
Gaps: 0.00 %
Invariant sites: 50.23 %


NOTE: Binary MSA file created: data/alignment/7_1X_S21_1e6_1.1.raxml.rba

Parallelization scheme autoconfig: 1 worker(s) x 8 thread(s)

Parallel reduction/worker buffer size: 1 KB  / 0 KB

[00:00:02] Generating 1 parsimony starting tree(s) with 21 taxa
[00:00:02] Data distribution: max. partitions/sites/weight per thread: 1 / 54506 / 872096
[00:00:02] Data distribution: max. searches per worker: 1

Starting ML tree search with 1 distinct starting trees

[00:00:02 -36484977.835071] Initial branch length optimization
[00:00:05 -32497079.457131] Model parameter optimization (eps = 10.000000)
[00:00:24 -31643513.689983] AUTODETECT spr round 1 (radius: 5)
[00:00:39 -31629133.643776] AUTODETECT spr round 2 (radius: 10)
[00:00:48 -31629133.643328] SPR radius for FAST iterations: 5 (autodetect)
[00:00:48 -31629133.643328] Model parameter optimization (eps = 3.000000)
[00:00:50 -31629132.164284] FAST spr round 1 (radius: 5)
[00:01:35 -31627228.834522] FAST spr round 2 (radius: 5)
[00:02:22 -31627061.469445] FAST spr round 3 (radius: 5)
[00:03:09 -31627061.469445] Model parameter optimization (eps = 1.000000)
[00:03:11 -31627061.222719] SLOW spr round 1 (radius: 5)
[00:05:36 -31627061.222601] SLOW spr round 2 (radius: 10)
[00:06:50 -31627061.222601] SLOW spr round 3 (radius: 15)
[00:06:52 -31627061.222601] SLOW spr round 4 (radius: 20)
[00:06:54 -31627061.222601] Model parameter optimization (eps = 0.100000)

[00:06:58] ML tree search #1, logLikelihood: -31627061.088691


Optimized model parameters:

   Partition 0: noname
   Rate heterogeneity: GAMMA (4 cats, mean),  alpha: 0.742261 (ML),  weights&rates: (0.250000,0.083228) (0.250000,0.382806) (0.250000,0.939576) (0.250000,2.594390) 
   Base frequencies (ML): 0.344573 0.214410 0.227829 0.213189 
   Substitution rates (ML): 0.167544 1.049421 0.506623 0.607864 1.710519 1.000000 


Final LogLikelihood: -31627061.088691

AIC score: 63254218.177382 / AICc score: 63254218.178323 / BIC score: 63254862.574909
Free parameters (model + branch lengths): 48

Best ML tree saved to: /expanse/lustre/projects/uot138/chaos/ASTERISK-sim/data/alignment/7_1X_S21_1e6_1.1.raxml.bestTree
Optimized model saved to: /expanse/lustre/projects/uot138/chaos/ASTERISK-sim/data/alignment/7_1X_S21_1e6_1.1.raxml.bestModel

Execution log saved to: /expanse/lustre/projects/uot138/chaos/ASTERISK-sim/data/alignment/7_1X_S21_1e6_1.1.raxml.log

Analysis started: 23-Jan-2023 00:10:02 / finished: 23-Jan-2023 00:17:01

Elapsed time: 418.813 seconds

Consumed energy: 43.300 Wh

