Weighted ASTRAL - Hybrid
Version: v1.13.2.3
#Genetrees: 2000
#Species: 21
#Rounds: 4
#Samples: 4
#Threads: 32
#NNI moves:3/60
((((((((T140,T170),(T100,T150)),T90),T110),T60),((((T80,T70),T120),T30),(T50,T130))),((((T20,T40),(T200,T180)),(T10,T190)),T160)),T0);
#NNI moves:4/60
((((((((((((T100,T150),(T170,T140)),T90),T110),T60),((((T70,T80),T120),T30),(T50,T130))),T0),T160),(T190,T10)),(T180,T200)),T20),T40);
#NNI moves:4/60
(((((((((T180,T200),(T40,T20)),(T190,T10)),T160),T0),(((((T140,T170),(T100,T150)),T90),T110),T60)),(T130,T50)),((T80,T70),T120)),T30);
#NNI moves:3/60
((((((((((((T180,T200),(T40,T20)),(T190,T10)),T160),T0),((((T70,T80),T120),T30),(T50,T130))),T60),T110),T90),(T150,T100)),T170),T140);
Initial score: 3.06599e+06
Initial tree: (((((T180,T200),(T40,T20)),(T190,T10)),(T0,(((((T70,T80),T120),T30),(T50,T130)),(T60,(T110,(T90,((T150,T100),(T170,T140)))))))),T160);
*** Subsample Process ***
#NNI moves:4/60
(((((((((T150,T100),(T170,T140)),T90),T110),T60),((((T70,T80),T120),T30),(T130,T50))),T0),((T10,T190),((T20,T40),(T180,T200)))),T160);
#NNI moves:1/60
(((((((((T100,T150),(T140,T170)),T90),T110),T60),((((T80,T70),T120),T30),(T50,T130))),T0),(((T40,T20),(T180,T200)),(T190,T10))),T160);
#NNI moves:4/60
(((((((((T20,T40),(T200,T180)),(T10,T190)),T160),T0),(((((T100,T150),(T170,T140)),T90),T110),T60)),(((T70,T80),T120),T30)),T130),T50);
#NNI moves:6/60
(((((((((((T80,T70),T120),T30),(T50,T130)),(((((T100,T150),(T140,T170)),T90),T110),T60)),T0),T160),(T10,T190)),(T180,T200)),T40),T20);
Current score: 3.06599e+06
Current tree: ((((((((T80,T70),T120),T30),(T50,T130)),(((((T100,T150),(T140,T170)),T90),T110),T60)),T0),((T10,T190),((T180,T200),(T40,T20)))),T160);
Final Tree: ((((((((T80,T70),T120),T30),(T50,T130)),(((((T100,T150),(T140,T170)),T90),T110),T60)),T0),((T10,T190),((T180,T200),(T40,T20)))),T160);
Score: 3065991.894

real	0m1.437s
user	0m9.824s
sys	0m1.074s
