Weighted ASTRAL - Hybrid
Version: v1.13.2.3
#Genetrees: 2000
#Species: 21
#Rounds: 4
#Samples: 4
#Threads: 32
#NNI moves:0/60
(((((((((((T30,T190),T50),(T150,T40)),(((T180,T80),T110),T140)),T160),T10),T170),T0),(((T90,T100),T60),(T200,T120))),(T70,T20)),T130);
#NNI moves:0/60
(((((((((((((T30,T190),T50),(T40,T150)),(((T80,T180),T110),T140)),T160),T10),T170),T0),((T20,T70),T130)),(T120,T200)),T60),T90),T100);
#NNI moves:3/60
((((((((((((T180,T80),T110),T140),(((T30,T190),T50),(T150,T40))),T160),T10),T170),T0),((T20,T70),T130)),(T200,T120)),(T100,T90)),T60);
#NNI moves:0/60
((((((((((((T100,T90),T60),(T200,T120)),((T20,T70),T130)),T0),T170),T10),T160),(((T80,T180),T110),T140)),((T190,T30),T50)),T40),T150);
Initial score: 3.88643e+06
Initial tree: (((((((((T100,T90),T60),(T200,T120)),((T20,T70),T130)),T0),T170),T10),((((T80,T180),T110),T140),(((T190,T30),T50),(T40,T150)))),T160);
*** Subsample Process ***
#NNI moves:0/60
(((((((((T100,T90),T60),(T200,T120)),((T20,T70),T130)),T0),T170),T10),((((T30,T190),T50),(T40,T150)),(((T180,T80),T110),T140))),T160);
#NNI moves:0/60
(((((((((T90,T100),T60),(T120,T200)),((T20,T70),T130)),T0),T170),T10),((((T190,T30),T50),(T150,T40)),(((T80,T180),T110),T140))),T160);
#NNI moves:0/60
(((((((((((((T90,T100),T60),(T200,T120)),((T20,T70),T130)),T0),T170),T10),T160),(((T180,T80),T110),T140)),(T40,T150)),T50),T30),T190);
#NNI moves:1/60
(((((((((((((T190,T30),T50),(T150,T40)),(((T180,T80),T110),T140)),T160),T10),T170),T0),((T70,T20),T130)),(T120,T200)),T60),T100),T90);
Current score: 3.88643e+06
Current tree: ((((((T190,T30),T50),(T150,T40)),(((T180,T80),T110),T140)),(T10,(T170,(T0,(((T70,T20),T130),((T120,T200),(T60,(T100,T90)))))))),T160);
#NNI moves:1/60
(((((((((((((T90,T100),T60),(T120,T200)),((T70,T20),T130)),T0),T170),T10),T160),(((T190,T30),T50),(T40,T150))),T140),T110),T180),T80);
#NNI moves:0/60
(((((((((T190,T30),T50),(T150,T40)),(((T80,T180),T110),T140)),T160),T10),T170),((((T100,T90),T60),(T200,T120)),((T70,T20),T130))),T0);
#NNI moves:3/60
((((((((((((T100,T90),T60),(T120,T200)),((T70,T20),T130)),T0),T170),T10),T160),(((T180,T80),T110),T140)),((T30,T190),T50)),T40),T150);
#NNI moves:0/60
(((((((((T100,T90),T60),(T200,T120)),((T70,T20),T130)),T0),T170),T10),((((T30,T190),T50),(T150,T40)),(((T80,T180),T110),T140))),T160);
Current score: 3.88643e+06
Current tree: (((((((((T100,T90),T60),(T200,T120)),((T70,T20),T130)),T0),T170),T10),((((T30,T190),T50),(T150,T40)),(((T80,T180),T110),T140))),T160);
Final Tree: (((((((((T100,T90),T60),(T200,T120)),((T70,T20),T130)),T0),T170),T10),((((T30,T190),T50),(T150,T40)),(((T80,T180),T110),T140))),T160);
Score: 3886432.551

real	0m1.520s
user	0m10.879s
sys	0m0.999s
