Weighted ASTRAL - Hybrid
Version: v1.13.2.3
#Genetrees: 2000
#Species: 21
#Rounds: 4
#Samples: 4
#Threads: 32
#NNI moves:3/60
(((((((((((((T10,T150),T60),T70),T90),((T200,T180),T110)),((T80,T170),T130)),T100),T0),(T50,T140)),T160),((T40,T190),T30)),T20),T120);
#NNI moves:5/60
(((((((((((T190,T40),T30),(T20,T120)),T160),(T140,T50)),T0),T100),((T170,T80),T130)),((T180,T200),T110)),(T70,(T60,(T150,T10)))),T90);
#NNI moves:4/60
((((((((((((((T190,T40),T30),(T20,T120)),T160),(T50,T140)),T0),T100),((T80,T170),T130)),((T200,T180),T110)),T90),T70),T60),T10),T150);
#NNI moves:1/60
((((((((((((((T40,T190),T30),(T120,T20)),T160),(T140,T50)),T0),T100),((T80,T170),T130)),(T110,(T200,T180))),T90),T70),T60),T150),T10);
Initial score: 3.54288e+06
Initial tree: ((T50,(((((T40,T190),T30),(T120,T20)),T160),(T0,(T100,(((T80,T170),T130),((T110,(T200,T180)),(T90,(T70,(T60,(T150,T10)))))))))),T140);
*** Subsample Process ***
#NNI moves:4/60
(((((((((((T150,T10),T60),T70),T90),((T180,T200),T110)),((T170,T80),T130)),T100),T0),((((T190,T40),T30),(T20,T120)),T160)),T50),T140);
#NNI moves:4/60
(((((((((((T10,T150),T60),T70),T90),((T180,T200),T110)),((T170,T80),T130)),T100),T0),((((T40,T190),T30),(T120,T20)),T160)),T50),T140);
#NNI moves:1/60
((((((((T40,T190),T30),(T20,T120)),T160),(T50,T140)),T0),(((T170,T80),T130),(((((T10,T150),T60),T70),T90),((T180,T200),T110)))),T100);
#NNI moves:3/60
(((((((((((T10,T150),T60),T70),T90),((T180,T200),T110)),((T80,T170),T130)),T100),T0),((((T190,T40),T30),(T20,T120)),T160)),T140),T50);
Current score: 3.54288e+06
Current tree: (((((((((((T10,T150),T60),T70),T90),((T180,T200),T110)),((T80,T170),T130)),T100),T0),((((T190,T40),T30),(T20,T120)),T160)),T50),T140);
#NNI moves:4/60
((((((((((((T40,T190),T30),(T120,T20)),T160),(T140,T50)),T0),T100),((T170,T80),T130)),((((T10,T150),T60),T70),T90)),T110),T180),T200);
#NNI moves:2/60
((((((((T10,T150),T60),T70),T90),(T110,(T200,T180))),((T80,T170),T130)),((((((T190,T40),T30),(T120,T20)),T160),(T140,T50)),T0)),T100);
#NNI moves:3/60
(((((((((((((T10,T150),T60),T70),T90),((T180,T200),T110)),((T80,T170),T130)),T100),T0),(T140,T50)),T160),(T120,T20)),(T190,T40)),T30);
#NNI moves:5/60
(((((((((T70,(T60,(T150,T10))),T90),(T110,(T200,T180))),((T80,T170),T130)),T100),T0),((((T190,T40),T30),(T120,T20)),T160)),T50),T140);
Current score: 3.54288e+06
Current tree: (((((((((T70,(T60,(T150,T10))),T90),(T110,(T200,T180))),((T80,T170),T130)),T100),T0),((((T190,T40),T30),(T120,T20)),T160)),T50),T140);
#NNI moves:1/60
(((((((((((((T40,T190),T30),(T20,T120)),T160),(T140,T50)),T0),T100),((T170,T80),T130)),((T200,T180),T110)),T90),T70),(T10,T150)),T60);
#NNI moves:4/60
(((((((((((T10,T150),T60),T70),T90),(T110,(T200,T180))),((T170,T80),T130)),T100),T0),((((T40,T190),T30),(T20,T120)),T160)),T50),T140);
#NNI moves:2/60
((((((((T10,T150),T60),T70),T90),((T200,T180),T110)),((T170,T80),T130)),((((((T40,T190),T30),(T120,T20)),T160),(T50,T140)),T0)),T100);
#NNI moves:0/60
((((((((((((((T10,T150),T60),T70),T90),((T200,T180),T110)),((T80,T170),T130)),T100),T0),(T50,T140)),T160),(T120,T20)),T30),T190),T40);
Current score: 3.54288e+06
Current tree: ((T50,(((((((((T10,T150),T60),T70),T90),((T200,T180),T110)),((T80,T170),T130)),T100),T0),(T160,((T120,T20),(T30,(T190,T40)))))),T140);
Final Tree: ((T50,(((((((((T10,T150),T60),T70),T90),((T200,T180),T110)),((T80,T170),T130)),T100),T0),(T160,((T120,T20),(T30,(T190,T40)))))),T140);
Score: 3542877.02

real	0m1.579s
user	0m14.278s
sys	0m0.739s
