Iteration 1:
Accurate Species Tree EstimatoR from Independent Site Kernals
Version: v1.13.0.0
#Base: 21585719238
#Species: 201
#Rounds: 1
#Samples: 0
#Threads: 8
Use two-step algorithm!
Guide Tree 0/27
#NNI moves:0/236
Guide Tree 1/27
#NNI moves:0/236
Guide Tree 2/27
#NNI moves:0/236
Guide Tree 3/27
#NNI moves:0/236
Guide Tree 4/27
#NNI moves:0/236
Guide Tree 5/27
#NNI moves:0/236
Guide Tree 6/27
#NNI moves:0/236
Guide Tree 7/27
#NNI moves:0/236
Guide Tree 8/27
#NNI moves:0/236
Guide Tree 9/27
#NNI moves:0/236
Guide Tree 10/27
#NNI moves:0/236
Guide Tree 11/27
#NNI moves:0/236
Guide Tree 12/27
#NNI moves:0/236
Guide Tree 13/27
#NNI moves:0/236
Guide Tree 14/27
#NNI moves:0/236
Guide Tree 15/27
#NNI moves:0/236
Guide Tree 16/27
#NNI moves:0/236
Guide Tree 17/27
#NNI moves:0/236
Guide Tree 18/27
#NNI moves:0/236
Guide Tree 19/27
#NNI moves:0/236
Guide Tree 20/27
#NNI moves:0/236
Guide Tree 21/27
#NNI moves:0/236
Guide Tree 22/27
#NNI moves:0/236
Guide Tree 23/27
#NNI moves:0/236
Guide Tree 24/27
#NNI moves:0/236
Guide Tree 25/27
#NNI moves:0/236
Guide Tree 26/27
#NNI moves:0/236
Remaining: 0
#NNI moves:3/236
#NNI moves:3/236
(((((((((((((((((((((T198,(T47,T12)),(T130,T45)),T81),((T67,T41),T6)),((T136,T9),(T95,T121))),(((((T79,T51),T124),T76),(T98,((T123,(T131,(T104,T168))),(T107,T195)))),T186)),T16),((((T151,T165),T102),T3),T66)),(((T193,T15),T62),((((T78,T137),T106),T26),(T99,T43)))),(((((((T173,T111),(T13,T185)),T156),(T19,(T40,(T110,T14)))),(T196,T22)),(T183,T42)),((T159,T44),(T53,T153)))),((T146,(T118,T109)),((T74,T148),T83))),((T8,(T10,T50)),((((T75,T154),T132),(T38,T92)),(T24,T88)))),((((T49,T72),((T119,(T143,T184)),(T188,T149))),(T134,(T82,T157))),T31)),T128),(((((T182,T89),((T7,T135),T161)),(((T37,T61),T187),T150)),(((T30,T77),(T152,((T46,T85),T70))),T181)),(((((((T120,T23),T59),(T126,T122)),(T100,T87)),(T179,T28)),((T29,T158),(T71,T96))),T69))),T0),((((((((((T177,T27),(T144,T129)),(T97,T133)),(((T155,T116),(T115,T194)),T35)),(((((T164,T103),T174),(T90,T170)),T125),T64)),(T147,T11)),T91),((T56,(T140,T4)),(T112,T73))),((((T5,((((T189,T84),T101),T55),(T80,T163))),((T190,T21),(T1,T33))),T2),(((T167,T114),T58),((T139,T25),T57)))),(((((((((((T141,T200),T197),T138),(T160,T192)),(T94,T20)),(((T52,T162),(T108,T54)),(T93,T17))),(T142,(T105,(T175,T117)))),T180),((T18,T191),T32)),(((T176,(T171,T199)),T169),T127)),(T48,T145)))),(((T39,T65),(((T86,T60),T166),T68)),(T178,T172))),(T36,T113)),T34),T63);
Initial score: 2.1905e+12
Initial tree: (((((((((((((((((((((T198,(T47,T12)),(T130,T45)),T81),((T67,T41),T6)),((T136,T9),(T95,T121))),(((((T79,T51),T124),T76),(T98,((T123,(T131,(T104,T168))),(T107,T195)))),T186)),T16),((((T151,T165),T102),T3),T66)),(((T193,T15),T62),((((T78,T137),T106),T26),(T99,T43)))),(((((((T173,T111),(T13,T185)),T156),(T19,(T40,(T110,T14)))),(T196,T22)),(T183,T42)),((T159,T44),(T53,T153)))),((T146,(T118,T109)),((T74,T148),T83))),((T8,(T10,T50)),((((T75,T154),T132),(T38,T92)),(T24,T88)))),((((T49,T72),((T119,(T143,T184)),(T188,T149))),(T134,(T82,T157))),T31)),T128),(((((T182,T89),((T7,T135),T161)),(((T37,T61),T187),T150)),(((T30,T77),(T152,((T46,T85),T70))),T181)),(((((((T120,T23),T59),(T126,T122)),(T100,T87)),(T179,T28)),((T29,T158),(T71,T96))),T69))),T0),((((((((((T177,T27),(T144,T129)),(T97,T133)),(((T155,T116),(T115,T194)),T35)),(((((T164,T103),T174),(T90,T170)),T125),T64)),(T147,T11)),T91),((T56,(T140,T4)),(T112,T73))),((((T5,((((T189,T84),T101),T55),(T80,T163))),((T190,T21),(T1,T33))),T2),(((T167,T114),T58),((T139,T25),T57)))),(((((((((((T141,T200),T197),T138),(T160,T192)),(T94,T20)),(((T52,T162),(T108,T54)),(T93,T17))),(T142,(T105,(T175,T117)))),T180),((T18,T191),T32)),(((T176,(T171,T199)),T169),T127)),(T48,T145)))),(((T39,T65),(((T86,T60),T166),T68)),(T178,T172))),(T36,T113)),T34),T63);
*** Subsample Process ***
Current score: 2.1905e+12
Current tree: (((((((((((((((((((((T198,(T47,T12)),(T130,T45)),T81),((T67,T41),T6)),((T136,T9),(T95,T121))),(((((T79,T51),T124),T76),(T98,((T123,(T131,(T104,T168))),(T107,T195)))),T186)),T16),((((T151,T165),T102),T3),T66)),(((T193,T15),T62),((((T78,T137),T106),T26),(T99,T43)))),(((((((T173,T111),(T13,T185)),T156),(T19,(T40,(T110,T14)))),(T196,T22)),(T183,T42)),((T159,T44),(T53,T153)))),((T146,(T118,T109)),((T74,T148),T83))),((T8,(T10,T50)),((((T75,T154),T132),(T38,T92)),(T24,T88)))),((((T49,T72),((T119,(T143,T184)),(T188,T149))),(T134,(T82,T157))),T31)),T128),(((((T182,T89),((T7,T135),T161)),(((T37,T61),T187),T150)),(((T30,T77),(T152,((T46,T85),T70))),T181)),(((((((T120,T23),T59),(T126,T122)),(T100,T87)),(T179,T28)),((T29,T158),(T71,T96))),T69))),T0),((((((((((T177,T27),(T144,T129)),(T97,T133)),(((T155,T116),(T115,T194)),T35)),(((((T164,T103),T174),(T90,T170)),T125),T64)),(T147,T11)),T91),((T56,(T140,T4)),(T112,T73))),((((T5,((((T189,T84),T101),T55),(T80,T163))),((T190,T21),(T1,T33))),T2),(((T167,T114),T58),((T139,T25),T57)))),(((((((((((T141,T200),T197),T138),(T160,T192)),(T94,T20)),(((T52,T162),(T108,T54)),(T93,T17))),(T142,(T105,(T175,T117)))),T180),((T18,T191),T32)),(((T176,(T171,T199)),T169),T127)),(T48,T145)))),(((T39,T65),(((T86,T60),T166),T68)),(T178,T172))),(T36,T113)),T34),T63);
Final Tree: (((((((((((((((((((((T198,(T47,T12)),(T130,T45)),T81),((T67,T41),T6)),((T136,T9),(T95,T121))),(((((T79,T51),T124),T76),(T98,((T123,(T131,(T104,T168))),(T107,T195)))),T186)),T16),((((T151,T165),T102),T3),T66)),(((T193,T15),T62),((((T78,T137),T106),T26),(T99,T43)))),(((((((T173,T111),(T13,T185)),T156),(T19,(T40,(T110,T14)))),(T196,T22)),(T183,T42)),((T159,T44),(T53,T153)))),((T146,(T118,T109)),((T74,T148),T83))),((T8,(T10,T50)),((((T75,T154),T132),(T38,T92)),(T24,T88)))),((((T49,T72),((T119,(T143,T184)),(T188,T149))),(T134,(T82,T157))),T31)),T128),(((((T182,T89),((T7,T135),T161)),(((T37,T61),T187),T150)),(((T30,T77),(T152,((T46,T85),T70))),T181)),(((((((T120,T23),T59),(T126,T122)),(T100,T87)),(T179,T28)),((T29,T158),(T71,T96))),T69))),T0),((((((((((T177,T27),(T144,T129)),(T97,T133)),(((T155,T116),(T115,T194)),T35)),(((((T164,T103),T174),(T90,T170)),T125),T64)),(T147,T11)),T91),((T56,(T140,T4)),(T112,T73))),((((T5,((((T189,T84),T101),T55),(T80,T163))),((T190,T21),(T1,T33))),T2),(((T167,T114),T58),((T139,T25),T57)))),(((((((((((T141,T200),T197),T138),(T160,T192)),(T94,T20)),(((T52,T162),(T108,T54)),(T93,T17))),(T142,(T105,(T175,T117)))),T180),((T18,T191),T32)),(((T176,(T171,T199)),T169),T127)),(T48,T145)))),(((T39,T65),(((T86,T60),T166),T68)),(T178,T172))),(T36,T113)),T34),T63);
Score: 2.1905e+12

real	2338m8.470s
user	10220m46.296s
sys	5m53.409s
