Accurate Species Tree EstimatoR from Independent Site Kernals
Version: v1.13.0.0
#Base: 3761078031
#Species: 201
#Rounds: 1
#Samples: 0
#Threads: 2
Use two-step algorithm!
Guide Tree 0/27
#NNI moves:0/236
Guide Tree 1/27
#NNI moves:0/236
Guide Tree 2/27
#NNI moves:0/236
Guide Tree 3/27
#NNI moves:0/236
Guide Tree 4/27
#NNI moves:0/236
Guide Tree 5/27
#NNI moves:0/236
Guide Tree 6/27
#NNI moves:0/236
Guide Tree 7/27
#NNI moves:0/236
Guide Tree 8/27
#NNI moves:0/236
Guide Tree 9/27
#NNI moves:0/236
Guide Tree 10/27
#NNI moves:0/236
Guide Tree 11/27
#NNI moves:1/236
Guide Tree 12/27
#NNI moves:0/236
Guide Tree 13/27
#NNI moves:0/236
Guide Tree 14/27
#NNI moves:0/236
Guide Tree 15/27
#NNI moves:0/236
Guide Tree 16/27
#NNI moves:0/236
Guide Tree 17/27
#NNI moves:0/236
Guide Tree 18/27
#NNI moves:0/236
Guide Tree 19/27
#NNI moves:0/236
Guide Tree 20/27
#NNI moves:0/236
Guide Tree 21/27
#NNI moves:0/236
Guide Tree 22/27
#NNI moves:0/236
Guide Tree 23/27
#NNI moves:0/236
Guide Tree 24/27
#NNI moves:0/236
Guide Tree 25/27
#NNI moves:1/236
Guide Tree 26/27
#NNI moves:0/236
Remaining: 0
#NNI moves:0/236
#NNI moves:0/236
(((((((((((((((T95,T121),(T9,T136)),(((T41,T67),T6),((((T12,T47),T198),(T130,T45)),T81))),((((T124,(T51,T79)),T76),(((((T168,T104),T131),T123),(T107,T195)),T98)),T186)),T16),(((T102,(T151,T165)),T3),T66)),(((T15,T193),T62),(((T106,(T78,T137)),T26),(T99,T43)))),(((((((T111,T173),(T13,T185)),T156),((T40,(T14,T110)),T19)),(T196,T22)),(T42,T183)),((T153,T53),(T159,T44)))),(((T109,T118),T146),((T148,T74),T83))),(((T24,T88),(((T154,T75),T132),(T38,T92))),((T10,T50),T8))),((((((T184,T143),T119),(T149,T188)),(T72,T49)),((T157,T82),T134)),T31)),T128),(((((((T122,T126),((T120,T23),T59)),(T100,T87)),(T28,T179)),((T158,T29),(T71,T96))),T69),((((T182,T89),((T7,T135),T161)),(T150,(T187,(T37,T61)))),((((T70,(T46,T85)),T152),(T30,T77)),T181)))),(((((((((((T138,((T141,T200),T197)),(T160,T192)),(T20,T94)),((T17,T93),((T162,T52),(T54,T108)))),((T105,(T117,T175)),T142)),T180),(T32,(T191,T18))),(((T171,(T176,T199)),T169),T127)),(T145,T48)),((((((((((T103,T164),T174),(T90,T170)),T125),T64),((((T129,T144),(T27,T177)),(T97,T133)),(((T115,T194),(T155,T116)),T35))),(T147,T11)),T91),(((T4,T140),T56),(T112,T73))),((((((T80,T163),(((T189,T84),T101),T55)),T5),T2),((T21,T190),(T1,T33))),((T57,(T139,T25)),(T58,(T167,T114)))))),(((T113,T36),(T34,T63)),((T178,T172),((T39,T65),(((T60,T86),T166),T68)))))),T0);
Initial score: 9.01738e+14
Initial tree: (((((((((((((((T95,T121),(T9,T136)),(((T41,T67),T6),((((T12,T47),T198),(T130,T45)),T81))),((((T124,(T51,T79)),T76),(((((T168,T104),T131),T123),(T107,T195)),T98)),T186)),T16),(((T102,(T151,T165)),T3),T66)),(((T15,T193),T62),(((T106,(T78,T137)),T26),(T99,T43)))),(((((((T111,T173),(T13,T185)),T156),((T40,(T14,T110)),T19)),(T196,T22)),(T42,T183)),((T153,T53),(T159,T44)))),(((T109,T118),T146),((T148,T74),T83))),(((T24,T88),(((T154,T75),T132),(T38,T92))),((T10,T50),T8))),((((((T184,T143),T119),(T149,T188)),(T72,T49)),((T157,T82),T134)),T31)),T128),(((((((T122,T126),((T120,T23),T59)),(T100,T87)),(T28,T179)),((T158,T29),(T71,T96))),T69),((((T182,T89),((T7,T135),T161)),(T150,(T187,(T37,T61)))),((((T70,(T46,T85)),T152),(T30,T77)),T181)))),(((((((((((T138,((T141,T200),T197)),(T160,T192)),(T20,T94)),((T17,T93),((T162,T52),(T54,T108)))),((T105,(T117,T175)),T142)),T180),(T32,(T191,T18))),(((T171,(T176,T199)),T169),T127)),(T145,T48)),((((((((((T103,T164),T174),(T90,T170)),T125),T64),((((T129,T144),(T27,T177)),(T97,T133)),(((T115,T194),(T155,T116)),T35))),(T147,T11)),T91),(((T4,T140),T56),(T112,T73))),((((((T80,T163),(((T189,T84),T101),T55)),T5),T2),((T21,T190),(T1,T33))),((T57,(T139,T25)),(T58,(T167,T114)))))),(((T113,T36),(T34,T63)),((T178,T172),((T39,T65),(((T60,T86),T166),T68)))))),T0);
*** Subsample Process ***
Current score: 9.01738e+14
Current tree: (((((((((((((((T95,T121),(T9,T136)),(((T41,T67),T6),((((T12,T47),T198),(T130,T45)),T81))),((((T124,(T51,T79)),T76),(((((T168,T104),T131),T123),(T107,T195)),T98)),T186)),T16),(((T102,(T151,T165)),T3),T66)),(((T15,T193),T62),(((T106,(T78,T137)),T26),(T99,T43)))),(((((((T111,T173),(T13,T185)),T156),((T40,(T14,T110)),T19)),(T196,T22)),(T42,T183)),((T153,T53),(T159,T44)))),(((T109,T118),T146),((T148,T74),T83))),(((T24,T88),(((T154,T75),T132),(T38,T92))),((T10,T50),T8))),((((((T184,T143),T119),(T149,T188)),(T72,T49)),((T157,T82),T134)),T31)),T128),(((((((T122,T126),((T120,T23),T59)),(T100,T87)),(T28,T179)),((T158,T29),(T71,T96))),T69),((((T182,T89),((T7,T135),T161)),(T150,(T187,(T37,T61)))),((((T70,(T46,T85)),T152),(T30,T77)),T181)))),(((((((((((T138,((T141,T200),T197)),(T160,T192)),(T20,T94)),((T17,T93),((T162,T52),(T54,T108)))),((T105,(T117,T175)),T142)),T180),(T32,(T191,T18))),(((T171,(T176,T199)),T169),T127)),(T145,T48)),((((((((((T103,T164),T174),(T90,T170)),T125),T64),((((T129,T144),(T27,T177)),(T97,T133)),(((T115,T194),(T155,T116)),T35))),(T147,T11)),T91),(((T4,T140),T56),(T112,T73))),((((((T80,T163),(((T189,T84),T101),T55)),T5),T2),((T21,T190),(T1,T33))),((T57,(T139,T25)),(T58,(T167,T114)))))),(((T113,T36),(T34,T63)),((T178,T172),((T39,T65),(((T60,T86),T166),T68)))))),T0);
Final Tree: (((((((((((((((T95,T121),(T9,T136)),(((T41,T67),T6),((((T12,T47),T198),(T130,T45)),T81))),((((T124,(T51,T79)),T76),(((((T168,T104),T131),T123),(T107,T195)),T98)),T186)),T16),(((T102,(T151,T165)),T3),T66)),(((T15,T193),T62),(((T106,(T78,T137)),T26),(T99,T43)))),(((((((T111,T173),(T13,T185)),T156),((T40,(T14,T110)),T19)),(T196,T22)),(T42,T183)),((T153,T53),(T159,T44)))),(((T109,T118),T146),((T148,T74),T83))),(((T24,T88),(((T154,T75),T132),(T38,T92))),((T10,T50),T8))),((((((T184,T143),T119),(T149,T188)),(T72,T49)),((T157,T82),T134)),T31)),T128),(((((((T122,T126),((T120,T23),T59)),(T100,T87)),(T28,T179)),((T158,T29),(T71,T96))),T69),((((T182,T89),((T7,T135),T161)),(T150,(T187,(T37,T61)))),((((T70,(T46,T85)),T152),(T30,T77)),T181)))),(((((((((((T138,((T141,T200),T197)),(T160,T192)),(T20,T94)),((T17,T93),((T162,T52),(T54,T108)))),((T105,(T117,T175)),T142)),T180),(T32,(T191,T18))),(((T171,(T176,T199)),T169),T127)),(T145,T48)),((((((((((T103,T164),T174),(T90,T170)),T125),T64),((((T129,T144),(T27,T177)),(T97,T133)),(((T115,T194),(T155,T116)),T35))),(T147,T11)),T91),(((T4,T140),T56),(T112,T73))),((((((T80,T163),(((T189,T84),T101),T55)),T5),T2),((T21,T190),(T1,T33))),((T57,(T139,T25)),(T58,(T167,T114)))))),(((T113,T36),(T34,T63)),((T178,T172),((T39,T65),(((T60,T86),T166),T68)))))),T0);
Score: 9.01738e+14

real	657m55.107s
user	1298m21.806s
sys	1m42.413s
