Massive-scale Alignment-based Species Tree EstimatoR (Site)
Version: v1.15.0.0
Processing chr22.fa... 
#Base: 5150337977
#Species: 241
#Rounds: 1
#Samples: 0
#Threads: 64
Use two-step algorithm!
Guide Tree 0/30
#NNI moves:0/265
Guide Tree 1/30
#NNI moves:0/265
Guide Tree 2/30
#NNI moves:0/265
Guide Tree 3/30
#NNI moves:0/265
Guide Tree 4/30
#NNI moves:0/265
Guide Tree 5/30
#NNI moves:0/265
Guide Tree 6/30
#NNI moves:0/265
Guide Tree 7/30
#NNI moves:0/265
Guide Tree 8/30
#NNI moves:1/265
Guide Tree 9/30
#NNI moves:3/265
Guide Tree 10/30
#NNI moves:0/265
Guide Tree 11/30
#NNI moves:0/265
Guide Tree 12/30
#NNI moves:1/265
Guide Tree 13/30
#NNI moves:0/265
Guide Tree 14/30
#NNI moves:0/265
Guide Tree 15/30
#NNI moves:0/265
Guide Tree 16/30
#NNI moves:0/265
Guide Tree 17/30
#NNI moves:0/265
Guide Tree 18/30
#NNI moves:0/265
Guide Tree 19/30
#NNI moves:0/265
Guide Tree 20/30
#NNI moves:0/265
Guide Tree 21/30
#NNI moves:0/265
Guide Tree 22/30
#NNI moves:0/265
Guide Tree 23/30
#NNI moves:0/265
Guide Tree 24/30
#NNI moves:0/265
Guide Tree 25/30
#NNI moves:0/265
Guide Tree 26/30
#NNI moves:0/265
Guide Tree 27/30
#NNI moves:1/265
Guide Tree 28/30
#NNI moves:0/265
Guide Tree 29/30
#NNI moves:0/265
Remaining: 0
#NNI moves:11/265
#NNI moves:11/265
((((((((((((((((((((((((Mellivora_capensis,(Mustela_putorius,(Pteronura_brasiliensis,Enhydra_lutris))),Ailurus_fulgens),Spilogale_gracilis),((Odobenus_rosmarus,Zalophus_californianus),((Mirounga_angustirostris,Leptonychotes_weddellii),Neomonachus_schauinslandi))),(Ailuropoda_melanoleuca,Ursus_maritimus)),(((Canis_lupus_familiaris,Canis_lupus),Lycaon_pictus),Vulpes_lagopus)),((((Felis_catus,Felis_nigripes),(Puma_concolor,Acinonyx_jubatus)),((Panthera_onca,Panthera_pardus),Panthera_tigris)),(Paradoxurus_hermaphroditus,(((Suricata_suricatta,(Helogale_parvula,Mungos_mungo)),Cryptoprocta_ferox),Hyaena_hyaena)))),(Manis_javanica,Manis_pentadactyla)),((Equus_asinus,(Equus_przewalskii,Equus_caballus)),((((Ceratotherium_simum_cottoni,Ceratotherium_simum),Diceros_bicornis),Dicerorhinus_sumatrensis),(Tapirus_terrestris,Tapirus_indicus)))),(((((((Giraffa_tippelskirchi,Okapia_johnstoni),Antilocapra_americana),((((((((Hemitragus_hylocrius,(Ovis_aries,Ovis_canadensis)),((Capra_aegagrus,Capra_hircus),Ammotragus_lervia)),Pantholops_hodgsonii),Beatragus_hunteri),Saiga_tatarica),(Bubalus_bubalis,((Bos_mutus,Bison_bison),(Bos_indicus,Bos_taurus)))),Moschus_moschiferus),(Elaphurus_davidianus,(Rangifer_tarandus,Odocoileus_virginianus)))),Tragulus_javanicus),(((Eubalaena_japonica,(Eschrichtius_robustus,(Balaenoptera_bonaerensis,Balaenoptera_acutorostrata))),(((((((Delphinapterus_leucas,Monodon_monoceros),(Neophocaena_asiaeorientalis,Phocoena_phocoena)),(Orcinus_orca,Tursiops_truncatus)),(Inia_geoffrensis,Lipotes_vexillifer)),(Mesoplodon_bidens,Ziphius_cavirostris)),Platanista_gangetica),Kogia_breviceps)),Hippopotamus_amphibius)),(Sus_scrofa,Catagonus_wagneri)),(((Camelus_bactrianus,Camelus_ferus),Camelus_dromedarius),Vicugna_pacos))),(((((Micronycteris_hirsuta,((((Artibeus_jamaicensis,Carollia_perspicillata),Anoura_caudifer),Tonatia_saurophila),Desmodus_rotundus)),(Mormoops_blainvillei,Pteronotus_parnellii)),Noctilio_leporinus),((((((Myotis_lucifugus,Myotis_brandtii),(Myotis_davidii,Myotis_myotis)),Murina_feae),(Lasiurus_borealis,(Pipistrellus_pipistrellus,Eptesicus_fuscus))),(Miniopterus_schreibersii,Miniopterus_natalensis)),Tadarida_brasiliensis)),((((Eidolon_helvum,Rousettus_aegyptiacus),(Pteropus_alecto,Pteropus_vampyrus)),Macroglossus_sobrinus),((Megaderma_lyra,Craseonycteris_thonglongyai),((Hipposideros_armiger,Hipposideros_galeritus),Rhinolophus_sinicus))))),((((Sorex_araneus,Crocidura_indochinensis),Erinaceus_europaeus),Solenodon_paradoxus),((Scalopus_aquaticus,Condylura_cristata),Uropsilus_gracilis))),((((Orycteropus_afer,Elephantulus_edwardii),((Microgale_talazaci,Echinops_telfairi),Chrysochloris_asiatica)),((Loxodonta_africana,(Procavia_capensis,Heterohyrax_brucei)),Trichechus_manatus)),(((Choloepus_didactylus,Choloepus_hoffmanni),(Tamandua_tetradactyla,Myrmecophaga_tridactyla)),((Chaetophractus_vellerosus,Tolypeutes_matacus),Dasypus_novemcinctus)))),((((((((((((Cavia_tschudii,Cavia_porcellus),Cavia_aperea),(Dolichotis_patagonum,Hydrochoerus_hydrochaeris)),Dasyprocta_punctata),Cuniculus_paca),(((Ctenomys_sociabilis,Octodon_degus),(Myocastor_coypus,Capromys_pilorides)),(Chinchilla_lanigera,Dinomys_branickii))),((Thryonomys_swinderianus,Petromus_typicus),(Fukomys_damarensis,Heterocephalus_glaber))),Hystrix_cristata),Ctenodactylus_gundi),((((((((Psammomys_obesus,Meriones_unguiculatus),Acomys_cahirinus),((((Mus_musculus,Mus_spretus),Mus_caroli),Mus_pahari),Rattus_norvegicus)),((((Microtus_ochrogaster,(Ellobius_lutescens,Ellobius_talpinus)),Ondatra_zibethicus),(Cricetulus_griseus,Mesocricetus_auratus)),((Peromyscus_maniculatus,Onychomys_torridus),Sigmodon_hispidus))),Cricetomys_gambianus),Nannospalax_galili),(Zapus_hudsonius,(Jaculus_jaculus,Allactaga_bullata))),(Castor_canadensis,((Dipodomys_ordii,Dipodomys_stephensi),Perognathus_longimembris)))),(((Glis_glis,Graphiurus_murinus),Muscardinus_avellanarius),((((Ictidomys_tridecemlineatus,Spermophilus_dauricus),Marmota_marmota),Xerus_inauris),Aplodontia_rufa))),(Ochotona_princeps,(Lepus_americanus,Oryctolagus_cuniculus)))),(Tupaia_chinensis,Tupaia_tana)),Galeopterus_variegatus),(((((Eulemur_fulvus,Eulemur_flavifrons),Lemur_catta),((Cheirogaleus_medius,(Microcebus_murinus,Mirza_coquereli)),(Indri_indri,Propithecus_coquereli))),Daubentonia_madagascariensis),(Otolemur_garnettii,Nycticebus_coucang))),(((((Callithrix_jacchus,Saguinus_imperator),Aotus_nancymaae),(Saimiri_boliviensis,(Cebus_capucinus,Cebus_albifrons))),(Ateles_geoffroyi,Alouatta_palliata)),(Pithecia_pithecia,Callicebus_donacophilus))),(((((Macaca_fascicularis,Macaca_mulatta),Macaca_nemestrina),((Cercocebus_atys,Mandrillus_leucophaeus),Papio_anubis)),((Erythrocebus_patas,Chlorocebus_sabaeus),Cercopithecus_neglectus)),(((((Rhinopithecus_bieti,Rhinopithecus_roxellana),Pygathrix_nemaeus),Nasalis_larvatus),Semnopithecus_entellus),(Piliocolobus_tephrosceles,Colobus_angolensis)))),Nomascus_leucogenys),Pongo_abelii),Gorilla_gorilla),(Pan_paniscus,Pan_troglodytes)),Homo_sapiens);
Initial score: 4.92293e+11
Initial tree: ((((((((((((((((((((((((Mellivora_capensis,(Mustela_putorius,(Pteronura_brasiliensis,Enhydra_lutris))),Ailurus_fulgens),Spilogale_gracilis),((Odobenus_rosmarus,Zalophus_californianus),((Mirounga_angustirostris,Leptonychotes_weddellii),Neomonachus_schauinslandi))),(Ailuropoda_melanoleuca,Ursus_maritimus)),(((Canis_lupus_familiaris,Canis_lupus),Lycaon_pictus),Vulpes_lagopus)),((((Felis_catus,Felis_nigripes),(Puma_concolor,Acinonyx_jubatus)),((Panthera_onca,Panthera_pardus),Panthera_tigris)),(Paradoxurus_hermaphroditus,(((Suricata_suricatta,(Helogale_parvula,Mungos_mungo)),Cryptoprocta_ferox),Hyaena_hyaena)))),(Manis_javanica,Manis_pentadactyla)),((Equus_asinus,(Equus_przewalskii,Equus_caballus)),((((Ceratotherium_simum_cottoni,Ceratotherium_simum),Diceros_bicornis),Dicerorhinus_sumatrensis),(Tapirus_terrestris,Tapirus_indicus)))),(((((((Giraffa_tippelskirchi,Okapia_johnstoni),Antilocapra_americana),((((((((Hemitragus_hylocrius,(Ovis_aries,Ovis_canadensis)),((Capra_aegagrus,Capra_hircus),Ammotragus_lervia)),Pantholops_hodgsonii),Beatragus_hunteri),Saiga_tatarica),(Bubalus_bubalis,((Bos_mutus,Bison_bison),(Bos_indicus,Bos_taurus)))),Moschus_moschiferus),(Elaphurus_davidianus,(Rangifer_tarandus,Odocoileus_virginianus)))),Tragulus_javanicus),(((Eubalaena_japonica,(Eschrichtius_robustus,(Balaenoptera_bonaerensis,Balaenoptera_acutorostrata))),(((((((Delphinapterus_leucas,Monodon_monoceros),(Neophocaena_asiaeorientalis,Phocoena_phocoena)),(Orcinus_orca,Tursiops_truncatus)),(Inia_geoffrensis,Lipotes_vexillifer)),(Mesoplodon_bidens,Ziphius_cavirostris)),Platanista_gangetica),Kogia_breviceps)),Hippopotamus_amphibius)),(Sus_scrofa,Catagonus_wagneri)),(((Camelus_bactrianus,Camelus_ferus),Camelus_dromedarius),Vicugna_pacos))),(((((Micronycteris_hirsuta,((((Artibeus_jamaicensis,Carollia_perspicillata),Anoura_caudifer),Tonatia_saurophila),Desmodus_rotundus)),(Mormoops_blainvillei,Pteronotus_parnellii)),Noctilio_leporinus),((((((Myotis_lucifugus,Myotis_brandtii),(Myotis_davidii,Myotis_myotis)),Murina_feae),(Lasiurus_borealis,(Pipistrellus_pipistrellus,Eptesicus_fuscus))),(Miniopterus_schreibersii,Miniopterus_natalensis)),Tadarida_brasiliensis)),((((Eidolon_helvum,Rousettus_aegyptiacus),(Pteropus_alecto,Pteropus_vampyrus)),Macroglossus_sobrinus),((Megaderma_lyra,Craseonycteris_thonglongyai),((Hipposideros_armiger,Hipposideros_galeritus),Rhinolophus_sinicus))))),((((Sorex_araneus,Crocidura_indochinensis),Erinaceus_europaeus),Solenodon_paradoxus),((Scalopus_aquaticus,Condylura_cristata),Uropsilus_gracilis))),((((Orycteropus_afer,Elephantulus_edwardii),((Microgale_talazaci,Echinops_telfairi),Chrysochloris_asiatica)),((Loxodonta_africana,(Procavia_capensis,Heterohyrax_brucei)),Trichechus_manatus)),(((Choloepus_didactylus,Choloepus_hoffmanni),(Tamandua_tetradactyla,Myrmecophaga_tridactyla)),((Chaetophractus_vellerosus,Tolypeutes_matacus),Dasypus_novemcinctus)))),((((((((((((Cavia_tschudii,Cavia_porcellus),Cavia_aperea),(Dolichotis_patagonum,Hydrochoerus_hydrochaeris)),Dasyprocta_punctata),Cuniculus_paca),(((Ctenomys_sociabilis,Octodon_degus),(Myocastor_coypus,Capromys_pilorides)),(Chinchilla_lanigera,Dinomys_branickii))),((Thryonomys_swinderianus,Petromus_typicus),(Fukomys_damarensis,Heterocephalus_glaber))),Hystrix_cristata),Ctenodactylus_gundi),((((((((Psammomys_obesus,Meriones_unguiculatus),Acomys_cahirinus),((((Mus_musculus,Mus_spretus),Mus_caroli),Mus_pahari),Rattus_norvegicus)),((((Microtus_ochrogaster,(Ellobius_lutescens,Ellobius_talpinus)),Ondatra_zibethicus),(Cricetulus_griseus,Mesocricetus_auratus)),((Peromyscus_maniculatus,Onychomys_torridus),Sigmodon_hispidus))),Cricetomys_gambianus),Nannospalax_galili),(Zapus_hudsonius,(Jaculus_jaculus,Allactaga_bullata))),(Castor_canadensis,((Dipodomys_ordii,Dipodomys_stephensi),Perognathus_longimembris)))),(((Glis_glis,Graphiurus_murinus),Muscardinus_avellanarius),((((Ictidomys_tridecemlineatus,Spermophilus_dauricus),Marmota_marmota),Xerus_inauris),Aplodontia_rufa))),(Ochotona_princeps,(Lepus_americanus,Oryctolagus_cuniculus)))),(Tupaia_chinensis,Tupaia_tana)),Galeopterus_variegatus),(((((Eulemur_fulvus,Eulemur_flavifrons),Lemur_catta),((Cheirogaleus_medius,(Microcebus_murinus,Mirza_coquereli)),(Indri_indri,Propithecus_coquereli))),Daubentonia_madagascariensis),(Otolemur_garnettii,Nycticebus_coucang))),(((((Callithrix_jacchus,Saguinus_imperator),Aotus_nancymaae),(Saimiri_boliviensis,(Cebus_capucinus,Cebus_albifrons))),(Ateles_geoffroyi,Alouatta_palliata)),(Pithecia_pithecia,Callicebus_donacophilus))),(((((Macaca_fascicularis,Macaca_mulatta),Macaca_nemestrina),((Cercocebus_atys,Mandrillus_leucophaeus),Papio_anubis)),((Erythrocebus_patas,Chlorocebus_sabaeus),Cercopithecus_neglectus)),(((((Rhinopithecus_bieti,Rhinopithecus_roxellana),Pygathrix_nemaeus),Nasalis_larvatus),Semnopithecus_entellus),(Piliocolobus_tephrosceles,Colobus_angolensis)))),Nomascus_leucogenys),Pongo_abelii),Gorilla_gorilla),(Pan_paniscus,Pan_troglodytes)),Homo_sapiens);
*** Subsample Process ***
Current score: 4.92293e+11
Current tree: ((((((((((((((((((((((((Mellivora_capensis,(Mustela_putorius,(Pteronura_brasiliensis,Enhydra_lutris))),Ailurus_fulgens),Spilogale_gracilis),((Odobenus_rosmarus,Zalophus_californianus),((Mirounga_angustirostris,Leptonychotes_weddellii),Neomonachus_schauinslandi))),(Ailuropoda_melanoleuca,Ursus_maritimus)),(((Canis_lupus_familiaris,Canis_lupus),Lycaon_pictus),Vulpes_lagopus)),((((Felis_catus,Felis_nigripes),(Puma_concolor,Acinonyx_jubatus)),((Panthera_onca,Panthera_pardus),Panthera_tigris)),(Paradoxurus_hermaphroditus,(((Suricata_suricatta,(Helogale_parvula,Mungos_mungo)),Cryptoprocta_ferox),Hyaena_hyaena)))),(Manis_javanica,Manis_pentadactyla)),((Equus_asinus,(Equus_przewalskii,Equus_caballus)),((((Ceratotherium_simum_cottoni,Ceratotherium_simum),Diceros_bicornis),Dicerorhinus_sumatrensis),(Tapirus_terrestris,Tapirus_indicus)))),(((((((Giraffa_tippelskirchi,Okapia_johnstoni),Antilocapra_americana),((((((((Hemitragus_hylocrius,(Ovis_aries,Ovis_canadensis)),((Capra_aegagrus,Capra_hircus),Ammotragus_lervia)),Pantholops_hodgsonii),Beatragus_hunteri),Saiga_tatarica),(Bubalus_bubalis,((Bos_mutus,Bison_bison),(Bos_indicus,Bos_taurus)))),Moschus_moschiferus),(Elaphurus_davidianus,(Rangifer_tarandus,Odocoileus_virginianus)))),Tragulus_javanicus),(((Eubalaena_japonica,(Eschrichtius_robustus,(Balaenoptera_bonaerensis,Balaenoptera_acutorostrata))),(((((((Delphinapterus_leucas,Monodon_monoceros),(Neophocaena_asiaeorientalis,Phocoena_phocoena)),(Orcinus_orca,Tursiops_truncatus)),(Inia_geoffrensis,Lipotes_vexillifer)),(Mesoplodon_bidens,Ziphius_cavirostris)),Platanista_gangetica),Kogia_breviceps)),Hippopotamus_amphibius)),(Sus_scrofa,Catagonus_wagneri)),(((Camelus_bactrianus,Camelus_ferus),Camelus_dromedarius),Vicugna_pacos))),(((((Micronycteris_hirsuta,((((Artibeus_jamaicensis,Carollia_perspicillata),Anoura_caudifer),Tonatia_saurophila),Desmodus_rotundus)),(Mormoops_blainvillei,Pteronotus_parnellii)),Noctilio_leporinus),((((((Myotis_lucifugus,Myotis_brandtii),(Myotis_davidii,Myotis_myotis)),Murina_feae),(Lasiurus_borealis,(Pipistrellus_pipistrellus,Eptesicus_fuscus))),(Miniopterus_schreibersii,Miniopterus_natalensis)),Tadarida_brasiliensis)),((((Eidolon_helvum,Rousettus_aegyptiacus),(Pteropus_alecto,Pteropus_vampyrus)),Macroglossus_sobrinus),((Megaderma_lyra,Craseonycteris_thonglongyai),((Hipposideros_armiger,Hipposideros_galeritus),Rhinolophus_sinicus))))),((((Sorex_araneus,Crocidura_indochinensis),Erinaceus_europaeus),Solenodon_paradoxus),((Scalopus_aquaticus,Condylura_cristata),Uropsilus_gracilis))),((((Orycteropus_afer,Elephantulus_edwardii),((Microgale_talazaci,Echinops_telfairi),Chrysochloris_asiatica)),((Loxodonta_africana,(Procavia_capensis,Heterohyrax_brucei)),Trichechus_manatus)),(((Choloepus_didactylus,Choloepus_hoffmanni),(Tamandua_tetradactyla,Myrmecophaga_tridactyla)),((Chaetophractus_vellerosus,Tolypeutes_matacus),Dasypus_novemcinctus)))),((((((((((((Cavia_tschudii,Cavia_porcellus),Cavia_aperea),(Dolichotis_patagonum,Hydrochoerus_hydrochaeris)),Dasyprocta_punctata),Cuniculus_paca),(((Ctenomys_sociabilis,Octodon_degus),(Myocastor_coypus,Capromys_pilorides)),(Chinchilla_lanigera,Dinomys_branickii))),((Thryonomys_swinderianus,Petromus_typicus),(Fukomys_damarensis,Heterocephalus_glaber))),Hystrix_cristata),Ctenodactylus_gundi),((((((((Psammomys_obesus,Meriones_unguiculatus),Acomys_cahirinus),((((Mus_musculus,Mus_spretus),Mus_caroli),Mus_pahari),Rattus_norvegicus)),((((Microtus_ochrogaster,(Ellobius_lutescens,Ellobius_talpinus)),Ondatra_zibethicus),(Cricetulus_griseus,Mesocricetus_auratus)),((Peromyscus_maniculatus,Onychomys_torridus),Sigmodon_hispidus))),Cricetomys_gambianus),Nannospalax_galili),(Zapus_hudsonius,(Jaculus_jaculus,Allactaga_bullata))),(Castor_canadensis,((Dipodomys_ordii,Dipodomys_stephensi),Perognathus_longimembris)))),(((Glis_glis,Graphiurus_murinus),Muscardinus_avellanarius),((((Ictidomys_tridecemlineatus,Spermophilus_dauricus),Marmota_marmota),Xerus_inauris),Aplodontia_rufa))),(Ochotona_princeps,(Lepus_americanus,Oryctolagus_cuniculus)))),(Tupaia_chinensis,Tupaia_tana)),Galeopterus_variegatus),(((((Eulemur_fulvus,Eulemur_flavifrons),Lemur_catta),((Cheirogaleus_medius,(Microcebus_murinus,Mirza_coquereli)),(Indri_indri,Propithecus_coquereli))),Daubentonia_madagascariensis),(Otolemur_garnettii,Nycticebus_coucang))),(((((Callithrix_jacchus,Saguinus_imperator),Aotus_nancymaae),(Saimiri_boliviensis,(Cebus_capucinus,Cebus_albifrons))),(Ateles_geoffroyi,Alouatta_palliata)),(Pithecia_pithecia,Callicebus_donacophilus))),(((((Macaca_fascicularis,Macaca_mulatta),Macaca_nemestrina),((Cercocebus_atys,Mandrillus_leucophaeus),Papio_anubis)),((Erythrocebus_patas,Chlorocebus_sabaeus),Cercopithecus_neglectus)),(((((Rhinopithecus_bieti,Rhinopithecus_roxellana),Pygathrix_nemaeus),Nasalis_larvatus),Semnopithecus_entellus),(Piliocolobus_tephrosceles,Colobus_angolensis)))),Nomascus_leucogenys),Pongo_abelii),Gorilla_gorilla),(Pan_paniscus,Pan_troglodytes)),Homo_sapiens);
Final Tree: ((((((((((((((((((((((((Mellivora_capensis,(Mustela_putorius,(Pteronura_brasiliensis,Enhydra_lutris))),Ailurus_fulgens),Spilogale_gracilis),((Odobenus_rosmarus,Zalophus_californianus),((Mirounga_angustirostris,Leptonychotes_weddellii),Neomonachus_schauinslandi))),(Ailuropoda_melanoleuca,Ursus_maritimus)),(((Canis_lupus_familiaris,Canis_lupus),Lycaon_pictus),Vulpes_lagopus)),((((Felis_catus,Felis_nigripes),(Puma_concolor,Acinonyx_jubatus)),((Panthera_onca,Panthera_pardus),Panthera_tigris)),(Paradoxurus_hermaphroditus,(((Suricata_suricatta,(Helogale_parvula,Mungos_mungo)),Cryptoprocta_ferox),Hyaena_hyaena)))),(Manis_javanica,Manis_pentadactyla)),((Equus_asinus,(Equus_przewalskii,Equus_caballus)),((((Ceratotherium_simum_cottoni,Ceratotherium_simum),Diceros_bicornis),Dicerorhinus_sumatrensis),(Tapirus_terrestris,Tapirus_indicus)))),(((((((Giraffa_tippelskirchi,Okapia_johnstoni),Antilocapra_americana),((((((((Hemitragus_hylocrius,(Ovis_aries,Ovis_canadensis)),((Capra_aegagrus,Capra_hircus),Ammotragus_lervia)),Pantholops_hodgsonii),Beatragus_hunteri),Saiga_tatarica),(Bubalus_bubalis,((Bos_mutus,Bison_bison),(Bos_indicus,Bos_taurus)))),Moschus_moschiferus),(Elaphurus_davidianus,(Rangifer_tarandus,Odocoileus_virginianus)))),Tragulus_javanicus),(((Eubalaena_japonica,(Eschrichtius_robustus,(Balaenoptera_bonaerensis,Balaenoptera_acutorostrata))),(((((((Delphinapterus_leucas,Monodon_monoceros),(Neophocaena_asiaeorientalis,Phocoena_phocoena)),(Orcinus_orca,Tursiops_truncatus)),(Inia_geoffrensis,Lipotes_vexillifer)),(Mesoplodon_bidens,Ziphius_cavirostris)),Platanista_gangetica),Kogia_breviceps)),Hippopotamus_amphibius)),(Sus_scrofa,Catagonus_wagneri)),(((Camelus_bactrianus,Camelus_ferus),Camelus_dromedarius),Vicugna_pacos))),(((((Micronycteris_hirsuta,((((Artibeus_jamaicensis,Carollia_perspicillata),Anoura_caudifer),Tonatia_saurophila),Desmodus_rotundus)),(Mormoops_blainvillei,Pteronotus_parnellii)),Noctilio_leporinus),((((((Myotis_lucifugus,Myotis_brandtii),(Myotis_davidii,Myotis_myotis)),Murina_feae),(Lasiurus_borealis,(Pipistrellus_pipistrellus,Eptesicus_fuscus))),(Miniopterus_schreibersii,Miniopterus_natalensis)),Tadarida_brasiliensis)),((((Eidolon_helvum,Rousettus_aegyptiacus),(Pteropus_alecto,Pteropus_vampyrus)),Macroglossus_sobrinus),((Megaderma_lyra,Craseonycteris_thonglongyai),((Hipposideros_armiger,Hipposideros_galeritus),Rhinolophus_sinicus))))),((((Sorex_araneus,Crocidura_indochinensis),Erinaceus_europaeus),Solenodon_paradoxus),((Scalopus_aquaticus,Condylura_cristata),Uropsilus_gracilis))),((((Orycteropus_afer,Elephantulus_edwardii),((Microgale_talazaci,Echinops_telfairi),Chrysochloris_asiatica)),((Loxodonta_africana,(Procavia_capensis,Heterohyrax_brucei)),Trichechus_manatus)),(((Choloepus_didactylus,Choloepus_hoffmanni),(Tamandua_tetradactyla,Myrmecophaga_tridactyla)),((Chaetophractus_vellerosus,Tolypeutes_matacus),Dasypus_novemcinctus)))),((((((((((((Cavia_tschudii,Cavia_porcellus),Cavia_aperea),(Dolichotis_patagonum,Hydrochoerus_hydrochaeris)),Dasyprocta_punctata),Cuniculus_paca),(((Ctenomys_sociabilis,Octodon_degus),(Myocastor_coypus,Capromys_pilorides)),(Chinchilla_lanigera,Dinomys_branickii))),((Thryonomys_swinderianus,Petromus_typicus),(Fukomys_damarensis,Heterocephalus_glaber))),Hystrix_cristata),Ctenodactylus_gundi),((((((((Psammomys_obesus,Meriones_unguiculatus),Acomys_cahirinus),((((Mus_musculus,Mus_spretus),Mus_caroli),Mus_pahari),Rattus_norvegicus)),((((Microtus_ochrogaster,(Ellobius_lutescens,Ellobius_talpinus)),Ondatra_zibethicus),(Cricetulus_griseus,Mesocricetus_auratus)),((Peromyscus_maniculatus,Onychomys_torridus),Sigmodon_hispidus))),Cricetomys_gambianus),Nannospalax_galili),(Zapus_hudsonius,(Jaculus_jaculus,Allactaga_bullata))),(Castor_canadensis,((Dipodomys_ordii,Dipodomys_stephensi),Perognathus_longimembris)))),(((Glis_glis,Graphiurus_murinus),Muscardinus_avellanarius),((((Ictidomys_tridecemlineatus,Spermophilus_dauricus),Marmota_marmota),Xerus_inauris),Aplodontia_rufa))),(Ochotona_princeps,(Lepus_americanus,Oryctolagus_cuniculus)))),(Tupaia_chinensis,Tupaia_tana)),Galeopterus_variegatus),(((((Eulemur_fulvus,Eulemur_flavifrons),Lemur_catta),((Cheirogaleus_medius,(Microcebus_murinus,Mirza_coquereli)),(Indri_indri,Propithecus_coquereli))),Daubentonia_madagascariensis),(Otolemur_garnettii,Nycticebus_coucang))),(((((Callithrix_jacchus,Saguinus_imperator),Aotus_nancymaae),(Saimiri_boliviensis,(Cebus_capucinus,Cebus_albifrons))),(Ateles_geoffroyi,Alouatta_palliata)),(Pithecia_pithecia,Callicebus_donacophilus))),(((((Macaca_fascicularis,Macaca_mulatta),Macaca_nemestrina),((Cercocebus_atys,Mandrillus_leucophaeus),Papio_anubis)),((Erythrocebus_patas,Chlorocebus_sabaeus),Cercopithecus_neglectus)),(((((Rhinopithecus_bieti,Rhinopithecus_roxellana),Pygathrix_nemaeus),Nasalis_larvatus),Semnopithecus_entellus),(Piliocolobus_tephrosceles,Colobus_angolensis)))),Nomascus_leucogenys),Pongo_abelii),Gorilla_gorilla),(Pan_paniscus,Pan_troglodytes)),Homo_sapiens);
Score: 4.92293e+11

real	84m45.589s
user	3185m19.744s
sys	3m28.243s
