
RAxML-NG v. 1.1.0-master released on 04.08.2022 by The Exelixis Lab.
Developed by: Alexey M. Kozlov and Alexandros Stamatakis.
Contributors: Diego Darriba, Tomas Flouri, Benoit Morel, Sarah Lutteropp, Ben Bettisworth.
Latest version: https://github.com/amkozlov/raxml-ng
Questions/problems/suggestions? Please visit: https://groups.google.com/forum/#!forum/raxml

System: AMD EPYC 7742 64-Core Processor, 128 cores, 251 GB RAM

RAxML-NG was called at 26-May-2023 01:04:14 as follows:

/home/chaos/programs/raxml-ng/raxml-ng/bin/raxml-ng --msa data/alignment/10_1X_S21_1e6_1.2.rename --tree pars{1} --model GTR+G --threads 8 --tree-constraint S21/raxml-2.polytomy --redo

Analysis options:
  run mode: ML tree search
  start tree(s): parsimony (1)
  topological constraint: S21/raxml-2.polytomy (algorithm: NEW)
  random seed: 1685088254
  tip-inner: OFF
  pattern compression: ON
  per-rate scalers: OFF
  site repeats: ON
  fast spr radius: AUTO
  spr subtree cutoff: 1.000000
  branch lengths: proportional (ML estimate, algorithm: NR-FAST)
  SIMD kernels: AVX2
  parallelization: coarse-grained (auto), PTHREADS (8 threads), thread pinning: OFF

WARNING: Running in REDO mode: existing checkpoints are ignored, and all result files will be overwritten!

[00:00:00] Reading alignment from file: data/alignment/10_1X_S21_1e6_1.2.rename
[00:00:00] Loaded alignment with 42 taxa and 5000000 sites

Alignment comprises 1 partitions and 1314692 patterns

Partition 0: noname
Model: GTR+FO+G4m
Alignment sites / patterns: 5000000 / 1314692
Gaps: 0.00 %
Invariant sites: 29.72 %


NOTE: Binary MSA file created: data/alignment/10_1X_S21_1e6_1.2.rename.raxml.rba

[00:00:05] Loading constraint tree from: S21/raxml-2.polytomy
[00:00:05] Loaded comprehensive constraint tree with 42 taxa

Parallelization scheme autoconfig: 1 worker(s) x 8 thread(s)

Parallel reduction/worker buffer size: 1 KB  / 0 KB

[00:00:05] Generating 1 parsimony starting tree(s) with 42 taxa
[00:00:09] Data distribution: max. partitions/sites/weight per thread: 1 / 164337 / 2629392
[00:00:09] Data distribution: max. searches per worker: 1

Starting ML tree search with 1 distinct starting trees

[00:00:09 -63773008.959026] Initial branch length optimization
[00:00:37 -60110845.644807] Model parameter optimization (eps = 10.000000)
[00:03:07 -58342043.730794] AUTODETECT spr round 1 (radius: 5)
[00:04:10 -58342043.729201] SPR radius for FAST iterations: 5 (autodetect)
[00:04:10 -58342043.729201] Model parameter optimization (eps = 3.000000)
[00:04:19 -58342043.673439] FAST spr round 1 (radius: 5)
[00:09:11 -58340719.621874] FAST spr round 2 (radius: 5)
[00:14:06 -58340466.797271] FAST spr round 3 (radius: 5)
[00:19:10 -58340466.796937] Model parameter optimization (eps = 1.000000)
[00:19:22 -58340466.736000] SLOW spr round 1 (radius: 5)
[00:29:19 -58340466.735905] SLOW spr round 2 (radius: 10)
[00:35:35 -58340466.735905] SLOW spr round 3 (radius: 15)
[00:35:51 -58340466.735905] SLOW spr round 4 (radius: 20)
[00:36:07 -58340466.735905] SLOW spr round 5 (radius: 25)
[00:36:23 -58340466.735905] Model parameter optimization (eps = 0.100000)

[00:37:08] ML tree search #1, logLikelihood: -58340463.807491


Optimized model parameters:

   Partition 0: noname
   Rate heterogeneity: GAMMA (4 cats, mean),  alpha: 0.953346 (ML),  weights&rates: (0.250000,0.127554) (0.250000,0.462265) (0.250000,0.991818) (0.250000,2.418363) 
   Base frequencies (ML): 0.293162 0.197909 0.225719 0.283210 
   Substitution rates (ML): 4.629288 11.708302 4.822570 5.854042 11.284501 1.000000 


Final LogLikelihood: -58340463.807491

AIC score: 116681107.614982 / AICc score: 116681107.618258 / BIC score: 116682315.860344
Free parameters (model + branch lengths): 90

Best ML tree saved to: /expanse/lustre/projects/uot138/chaos/ASTERISK-sim/data/alignment/10_1X_S21_1e6_1.2.rename.raxml.bestTree
Optimized model saved to: /expanse/lustre/projects/uot138/chaos/ASTERISK-sim/data/alignment/10_1X_S21_1e6_1.2.rename.raxml.bestModel

Execution log saved to: /expanse/lustre/projects/uot138/chaos/ASTERISK-sim/data/alignment/10_1X_S21_1e6_1.2.rename.raxml.log

Analysis started: 26-May-2023 01:04:14 / finished: 26-May-2023 01:41:22

Elapsed time: 2228.303 seconds

Consumed energy: 282.471 Wh (= 1 km in an electric car, or 7 km with an e-scooter!)

