Massive-scale Alignment-based Species Tree EstimatoR (Pair)
Version: v1.15.0.0
Processing /home/chaos/lustre/ASTERISK-sim/data/alignment/11_1X_S21_1e6_1.2... 
#Base: 475740594
#Species: 21
#Rounds: 1
#Samples: 0
#Threads: 16
#NNI moves:1/60
((((((((((T30,T100),T130),(T190,T140)),T80),(((T50,T200),T180),T170)),((T20,T10),((T150,T120),T0))),(T90,T70)),(T60,T110)),T160),T40);
Initial score: 6.43588e+11
Initial tree: ((T20,(((T150,T120),T0),((((((T30,T100),T130),(T190,T140)),T80),(((T50,T200),T180),T170)),((T90,T70),((T60,T110),(T160,T40)))))),T10);
*** Subsample Process ***
Current score: 6.43588e+11
Current tree: ((T20,(((T150,T120),T0),((((((T30,T100),T130),(T190,T140)),T80),(((T50,T200),T180),T170)),((T90,T70),((T60,T110),(T160,T40)))))),T10);
Final Tree: ((T20,(((T150,T120),T0),((((((T30,T100),T130),(T190,T140)),T80),(((T50,T200),T180),T170)),((T90,T70),((T60,T110),(T160,T40)))))),T10);
Score: 6.43588e+11

real	0m56.689s
user	9m18.316s
sys	0m1.906s
