Massive-scale Alignment-based Species Tree EstimatoR (Site)
Version: v1.15.0.0
Processing /home/chaos/lustre/ASTERISK-sim/data/alignment/11_1X_S21_1e6_1.2... 
#Base: 119256060
#Species: 21
#Rounds: 1
#Samples: 0
#Threads: 16
#NNI moves:0/60
((((((((((T30,T100),T130),(T190,T140)),T80),(((T50,T200),T180),T170)),(((T20,T10),(T150,T120)),T0)),(T90,T70)),(T60,T110)),T160),T40);
Initial score: 1.89763e+08
Initial tree: ((T20,((T150,T120),(T0,((((((T30,T100),T130),(T190,T140)),T80),(((T50,T200),T180),T170)),((T90,T70),((T60,T110),(T160,T40))))))),T10);
*** Subsample Process ***
Current score: 1.89763e+08
Current tree: ((T20,((T150,T120),(T0,((((((T30,T100),T130),(T190,T140)),T80),(((T50,T200),T180),T170)),((T90,T70),((T60,T110),(T160,T40))))))),T10);
Final Tree: ((T20,((T150,T120),(T0,((((((T30,T100),T130),(T190,T140)),T80),(((T50,T200),T180),T170)),((T90,T70),((T60,T110),(T160,T40))))))),T10);
Score: 1.89763e+08

real	0m25.662s
user	3m53.201s
sys	0m1.063s
