Massive-scale Alignment-based Species Tree EstimatoR (Site)
Version: v1.15.0.0
Processing /home/chaos/lustre/ASTERISK-sim/data/alignment/12_1X_S21_1e6_1.2... 
#Base: 105728784
#Species: 21
#Rounds: 1
#Samples: 0
#Threads: 16
#NNI moves:0/60
((((((((((((T180,T110),T10),T100),(T200,T140)),T30),T0),((T190,T40),T80)),((T50,T160),T70)),T60),(((T170,T90),T130),T120)),T20),T150);
Initial score: 2.32991e+08
Initial tree: ((T180,(T10,(T100,((T200,T140),(T30,(T0,(((T190,T40),T80),(((T50,T160),T70),(T60,((((T170,T90),T130),T120),(T20,T150))))))))))),T110);
*** Subsample Process ***
Current score: 2.32991e+08
Current tree: ((T180,(T10,(T100,((T200,T140),(T30,(T0,(((T190,T40),T80),(((T50,T160),T70),(T60,((((T170,T90),T130),T120),(T20,T150))))))))))),T110);
Final Tree: ((T180,(T10,(T100,((T200,T140),(T30,(T0,(((T190,T40),T80),(((T50,T160),T70),(T60,((((T170,T90),T130),T120),(T20,T150))))))))))),T110);
Score: 2.32991e+08

real	0m23.238s
user	3m41.682s
sys	0m0.871s
