
RAxML-NG v. 1.1.0-master released on 04.08.2022 by The Exelixis Lab.
Developed by: Alexey M. Kozlov and Alexandros Stamatakis.
Contributors: Diego Darriba, Tomas Flouri, Benoit Morel, Sarah Lutteropp, Ben Bettisworth.
Latest version: https://github.com/amkozlov/raxml-ng
Questions/problems/suggestions? Please visit: https://groups.google.com/forum/#!forum/raxml

System: AMD EPYC 7742 64-Core Processor, 128 cores, 251 GB RAM

RAxML-NG was called at 26-May-2023 01:04:14 as follows:

/home/chaos/programs/raxml-ng/raxml-ng/bin/raxml-ng --msa data/alignment/12_1X_S21_1e6_1.2.rename --tree pars{1} --model GTR+G --threads 8 --tree-constraint S21/raxml-2.polytomy --redo

Analysis options:
  run mode: ML tree search
  start tree(s): parsimony (1)
  topological constraint: S21/raxml-2.polytomy (algorithm: NEW)
  random seed: 1685088254
  tip-inner: OFF
  pattern compression: ON
  per-rate scalers: OFF
  site repeats: ON
  fast spr radius: AUTO
  spr subtree cutoff: 1.000000
  branch lengths: proportional (ML estimate, algorithm: NR-FAST)
  SIMD kernels: AVX2
  parallelization: coarse-grained (auto), PTHREADS (8 threads), thread pinning: OFF

WARNING: Running in REDO mode: existing checkpoints are ignored, and all result files will be overwritten!

[00:00:00] Reading alignment from file: data/alignment/12_1X_S21_1e6_1.2.rename
[00:00:00] Loaded alignment with 42 taxa and 5000000 sites

Alignment comprises 1 partitions and 1496093 patterns

Partition 0: noname
Model: GTR+FO+G4m
Alignment sites / patterns: 5000000 / 1496093
Gaps: 0.00 %
Invariant sites: 26.78 %


NOTE: Binary MSA file created: data/alignment/12_1X_S21_1e6_1.2.rename.raxml.rba

[00:00:05] Loading constraint tree from: S21/raxml-2.polytomy
[00:00:05] Loaded comprehensive constraint tree with 42 taxa

Parallelization scheme autoconfig: 1 worker(s) x 8 thread(s)

Parallel reduction/worker buffer size: 1 KB  / 0 KB

[00:00:05] Generating 1 parsimony starting tree(s) with 42 taxa
[00:00:09] Data distribution: max. partitions/sites/weight per thread: 1 / 187012 / 2992192
[00:00:09] Data distribution: max. searches per worker: 1

Starting ML tree search with 1 distinct starting trees

[00:00:10 -69143542.813875] Initial branch length optimization
[00:00:47 -65256001.984045] Model parameter optimization (eps = 10.000000)
[00:05:30 -63019247.593084] AUTODETECT spr round 1 (radius: 5)
[00:06:53 -63016522.384655] AUTODETECT spr round 2 (radius: 10)
[00:07:44 -63016522.378345] SPR radius for FAST iterations: 5 (autodetect)
[00:07:44 -63016522.378345] Model parameter optimization (eps = 3.000000)
[00:08:03 -63016521.150518] FAST spr round 1 (radius: 5)
[00:14:54 -63016044.023370] FAST spr round 2 (radius: 5)
[00:22:04 -63016044.023017] Model parameter optimization (eps = 1.000000)
[00:22:22 -63016043.172391] SLOW spr round 1 (radius: 5)
[00:35:20 -63016043.172273] SLOW spr round 2 (radius: 10)
[00:43:51 -63016043.172273] SLOW spr round 3 (radius: 15)
[00:46:43 -63016043.172273] SLOW spr round 4 (radius: 20)
[00:47:03 -63016043.172273] SLOW spr round 5 (radius: 25)
[00:47:22 -63016043.172273] Model parameter optimization (eps = 0.100000)

[00:47:35] ML tree search #1, logLikelihood: -63016043.151548


Optimized model parameters:

   Partition 0: noname
   Rate heterogeneity: GAMMA (4 cats, mean),  alpha: 0.938147 (ML),  weights&rates: (0.250000,0.124453) (0.250000,0.457337) (0.250000,0.988944) (0.250000,2.429265) 
   Base frequencies (ML): 0.249867 0.152228 0.304935 0.292970 
   Substitution rates (ML): 0.928889 2.090651 0.239197 0.657031 1.393884 1.000000 


Final LogLikelihood: -63016043.151548

AIC score: 126032266.303096 / AICc score: 126032266.306372 / BIC score: 126033474.548458
Free parameters (model + branch lengths): 90

Best ML tree saved to: /expanse/lustre/projects/uot138/chaos/ASTERISK-sim/data/alignment/12_1X_S21_1e6_1.2.rename.raxml.bestTree
Optimized model saved to: /expanse/lustre/projects/uot138/chaos/ASTERISK-sim/data/alignment/12_1X_S21_1e6_1.2.rename.raxml.bestModel

Execution log saved to: /expanse/lustre/projects/uot138/chaos/ASTERISK-sim/data/alignment/12_1X_S21_1e6_1.2.rename.raxml.log

Analysis started: 26-May-2023 01:04:14 / finished: 26-May-2023 01:51:50

Elapsed time: 2855.710 seconds

Consumed energy: 369.150 Wh (= 2 km in an electric car, or 9 km with an e-scooter!)

