
RAxML-NG v. 1.1.0-master released on 04.08.2022 by The Exelixis Lab.
Developed by: Alexey M. Kozlov and Alexandros Stamatakis.
Contributors: Diego Darriba, Tomas Flouri, Benoit Morel, Sarah Lutteropp, Ben Bettisworth.
Latest version: https://github.com/amkozlov/raxml-ng
Questions/problems/suggestions? Please visit: https://groups.google.com/forum/#!forum/raxml

System: AMD EPYC 7742 64-Core Processor, 128 cores, 251 GB RAM

RAxML-NG was called at 26-May-2023 01:04:14 as follows:

/home/chaos/programs/raxml-ng/raxml-ng/bin/raxml-ng --msa data/alignment/14_1X_S21_1e6_1.2.rename --tree pars{1} --model GTR+G --threads 8 --tree-constraint S21/raxml-2.polytomy --redo

Analysis options:
  run mode: ML tree search
  start tree(s): parsimony (1)
  topological constraint: S21/raxml-2.polytomy (algorithm: NEW)
  random seed: 1685088254
  tip-inner: OFF
  pattern compression: ON
  per-rate scalers: OFF
  site repeats: ON
  fast spr radius: AUTO
  spr subtree cutoff: 1.000000
  branch lengths: proportional (ML estimate, algorithm: NR-FAST)
  SIMD kernels: AVX2
  parallelization: coarse-grained (auto), PTHREADS (8 threads), thread pinning: OFF

WARNING: Running in REDO mode: existing checkpoints are ignored, and all result files will be overwritten!

[00:00:00] Reading alignment from file: data/alignment/14_1X_S21_1e6_1.2.rename
[00:00:00] Loaded alignment with 42 taxa and 5000000 sites

Alignment comprises 1 partitions and 1222306 patterns

Partition 0: noname
Model: GTR+FO+G4m
Alignment sites / patterns: 5000000 / 1222306
Gaps: 0.00 %
Invariant sites: 34.84 %


NOTE: Binary MSA file created: data/alignment/14_1X_S21_1e6_1.2.rename.raxml.rba

[00:00:05] Loading constraint tree from: S21/raxml-2.polytomy
[00:00:05] Loaded comprehensive constraint tree with 42 taxa

Parallelization scheme autoconfig: 1 worker(s) x 8 thread(s)

Parallel reduction/worker buffer size: 1 KB  / 0 KB

[00:00:05] Generating 1 parsimony starting tree(s) with 42 taxa
[00:00:09] Data distribution: max. partitions/sites/weight per thread: 1 / 152789 / 2444624
[00:00:09] Data distribution: max. searches per worker: 1

Starting ML tree search with 1 distinct starting trees

[00:00:09 -60745601.011452] Initial branch length optimization
[00:00:35 -56526107.515746] Model parameter optimization (eps = 10.000000)
[00:04:23 -54315671.447954] AUTODETECT spr round 1 (radius: 5)
[00:05:20 -54315671.446526] SPR radius for FAST iterations: 5 (autodetect)
[00:05:20 -54315671.446526] Model parameter optimization (eps = 3.000000)
[00:05:33 -54315670.141800] FAST spr round 1 (radius: 5)
[00:10:06 -54313483.173775] FAST spr round 2 (radius: 5)
[00:14:48 -54312615.273846] FAST spr round 3 (radius: 5)
[00:19:34 -54309864.912121] FAST spr round 4 (radius: 5)
[00:24:26 -54309114.673539] FAST spr round 5 (radius: 5)
[00:29:15 -54309114.673338] Model parameter optimization (eps = 1.000000)
[00:29:26 -54309114.578079] SLOW spr round 1 (radius: 5)
[00:39:29 -54308663.930876] SLOW spr round 2 (radius: 5)
[00:49:15 -54308663.930869] SLOW spr round 3 (radius: 10)
[00:55:02 -54308663.930869] SLOW spr round 4 (radius: 15)
[00:56:40 -54308663.930869] SLOW spr round 5 (radius: 20)
[00:56:55 -54308663.930869] SLOW spr round 6 (radius: 25)
[00:57:11 -54308663.930869] Model parameter optimization (eps = 0.100000)

[00:57:27] ML tree search #1, logLikelihood: -54308663.777799


Optimized model parameters:

   Partition 0: noname
   Rate heterogeneity: GAMMA (4 cats, mean),  alpha: 0.764786 (ML),  weights&rates: (0.250000,0.088047) (0.250000,0.392560) (0.250000,0.946699) (0.250000,2.572694) 
   Base frequencies (ML): 0.305996 0.285601 0.169388 0.239015 
   Substitution rates (ML): 1.784511 3.894024 0.197175 1.376044 3.013127 1.000000 


Final LogLikelihood: -54308663.777799

AIC score: 108617507.555598 / AICc score: 108617507.558874 / BIC score: 108618715.800960
Free parameters (model + branch lengths): 90

Best ML tree saved to: /expanse/lustre/projects/uot138/chaos/ASTERISK-sim/data/alignment/14_1X_S21_1e6_1.2.rename.raxml.bestTree
Optimized model saved to: /expanse/lustre/projects/uot138/chaos/ASTERISK-sim/data/alignment/14_1X_S21_1e6_1.2.rename.raxml.bestModel

Execution log saved to: /expanse/lustre/projects/uot138/chaos/ASTERISK-sim/data/alignment/14_1X_S21_1e6_1.2.rename.raxml.log

Analysis started: 26-May-2023 01:04:14 / finished: 26-May-2023 02:01:42

Elapsed time: 3447.774 seconds

Consumed energy: 446.924 Wh (= 2 km in an electric car, or 11 km with an e-scooter!)

