Massive-scale Alignment-based Species Tree EstimatoR (Site)
Version: v1.15.0.0
Processing /home/chaos/lustre/ASTERISK-sim/data/alignment/15_1X_S21_1e6_1.2... 
#Base: 82591530
#Species: 21
#Rounds: 1
#Samples: 0
#Threads: 16
#NNI moves:1/60
((((((((((T50,T80),T40),(T120,T190)),((((T160,T60),T180),T0),(((T150,T90),T70),T130))),T30),T170),(T200,T140)),(T110,T10)),T20),T100);
Initial score: 9.60142e+07
Initial tree: ((T150,(T70,(T130,((((T160,T60),T180),T0),((((T50,T80),T40),(T120,T190)),(T30,(T170,((T200,T140),((T110,T10),(T20,T100)))))))))),T90);
*** Subsample Process ***
Current score: 9.60142e+07
Current tree: ((T150,(T70,(T130,((((T160,T60),T180),T0),((((T50,T80),T40),(T120,T190)),(T30,(T170,((T200,T140),((T110,T10),(T20,T100)))))))))),T90);
Final Tree: ((T150,(T70,(T130,((((T160,T60),T180),T0),((((T50,T80),T40),(T120,T190)),(T30,(T170,((T200,T140),((T110,T10),(T20,T100)))))))))),T90);
Score: 9.60142e+07

real	0m19.396s
user	3m1.568s
sys	0m0.728s
