Massive-scale Alignment-based Species Tree EstimatoR (Pair)
Version: v1.15.0.0
Processing /home/chaos/lustre/ASTERISK-sim/data/alignment/16_1X_S21_1e6_1.2... 
#Base: 406341936
#Species: 21
#Rounds: 1
#Samples: 0
#Threads: 16
#NNI moves:1/60
((((((((T20,T100),T160),T190),((T140,T110),T40)),((T170,T70),T60)),((((T150,T120),T180),(T0,T90)),((T130,T80),T30))),(T10,T50)),T200);
Initial score: 6.27516e+11
Initial tree: ((T150,(T180,((T0,T90),(((T130,T80),T30),((((((T20,T100),T160),T190),((T140,T110),T40)),((T170,T70),T60)),((T10,T50),T200)))))),T120);
*** Subsample Process ***
Current score: 6.27516e+11
Current tree: ((T150,(T180,((T0,T90),(((T130,T80),T30),((((((T20,T100),T160),T190),((T140,T110),T40)),((T170,T70),T60)),((T10,T50),T200)))))),T120);
Final Tree: ((T150,(T180,((T0,T90),(((T130,T80),T30),((((((T20,T100),T160),T190),((T140,T110),T40)),((T170,T70),T60)),((T10,T50),T200)))))),T120);
Score: 6.27516e+11

real	0m54.306s
user	9m30.643s
sys	0m1.537s
