Massive-scale Alignment-based Species Tree EstimatoR (Pair)
Version: v1.15.0.0
Processing /home/chaos/lustre/ASTERISK-sim/data/alignment/18_1X_S21_1e6_1.2... 
#Base: 428704752
#Species: 21
#Rounds: 1
#Samples: 0
#Threads: 16
#NNI moves:0/60
(((((((((((((T130,T110),T190),(T20,T180)),T150),(T160,T60)),T30),T0),((T100,T50),T40)),(T70,T90)),((T80,T170),T200)),T10),T140),T120);
Initial score: 6.5504e+11
Initial tree: (((T100,T50),((((((((T130,T110),T190),(T20,T180)),T150),(T160,T60)),T30),T0),((T70,T90),(((T80,T170),T200),(T10,(T140,T120)))))),T40);
*** Subsample Process ***
Current score: 6.5504e+11
Current tree: (((T100,T50),((((((((T130,T110),T190),(T20,T180)),T150),(T160,T60)),T30),T0),((T70,T90),(((T80,T170),T200),(T10,(T140,T120)))))),T40);
Final Tree: (((T100,T50),((((((((T130,T110),T190),(T20,T180)),T150),(T160,T60)),T30),T0),((T70,T90),(((T80,T170),T200),(T10,(T140,T120)))))),T40);
Score: 6.5504e+11

real	0m47.378s
user	7m57.905s
sys	0m1.243s
