Massive-scale Alignment-based Species Tree EstimatoR (Site)
Version: v1.15.0.0
Processing /home/chaos/lustre/ASTERISK-sim/data/alignment/19_1X_S21_1e6_1.2... 
#Base: 80901660
#Species: 21
#Rounds: 1
#Samples: 0
#Threads: 16
#NNI moves:1/60
(((((((((((T200,T80),T70),T160),(T40,T50)),(T100,T90)),(T170,T20)),((((T190,T120),T60),T150),T0)),((T130,T30),T10)),T110),T140),T180);
Initial score: 8.85761e+07
Initial tree: ((((T190,T120),T60),(T0,(((((((T200,T80),T70),T160),(T40,T50)),(T100,T90)),(T170,T20)),(((T130,T30),T10),(T110,(T140,T180)))))),T150);
*** Subsample Process ***
Current score: 8.85761e+07
Current tree: ((((T190,T120),T60),(T0,(((((((T200,T80),T70),T160),(T40,T50)),(T100,T90)),(T170,T20)),(((T130,T30),T10),(T110,(T140,T180)))))),T150);
Final Tree: ((((T190,T120),T60),(T0,(((((((T200,T80),T70),T160),(T40,T50)),(T100,T90)),(T170,T20)),(((T130,T30),T10),(T110,(T140,T180)))))),T150);
Score: 8.85761e+07

real	0m20.502s
user	2m55.179s
sys	0m0.741s
