
RAxML-NG v. 1.1.0-master released on 04.08.2022 by The Exelixis Lab.
Developed by: Alexey M. Kozlov and Alexandros Stamatakis.
Contributors: Diego Darriba, Tomas Flouri, Benoit Morel, Sarah Lutteropp, Ben Bettisworth.
Latest version: https://github.com/amkozlov/raxml-ng
Questions/problems/suggestions? Please visit: https://groups.google.com/forum/#!forum/raxml

System: AMD EPYC 7742 64-Core Processor, 128 cores, 251 GB RAM

RAxML-NG was called at 26-May-2023 01:04:14 as follows:

/home/chaos/programs/raxml-ng/raxml-ng/bin/raxml-ng --msa data/alignment/19_1X_S21_1e6_1.2.rename --tree pars{1} --model GTR+G --threads 8 --tree-constraint S21/raxml-2.polytomy --redo

Analysis options:
  run mode: ML tree search
  start tree(s): parsimony (1)
  topological constraint: S21/raxml-2.polytomy (algorithm: NEW)
  random seed: 1685088254
  tip-inner: OFF
  pattern compression: ON
  per-rate scalers: OFF
  site repeats: ON
  fast spr radius: AUTO
  spr subtree cutoff: 1.000000
  branch lengths: proportional (ML estimate, algorithm: NR-FAST)
  SIMD kernels: AVX2
  parallelization: coarse-grained (auto), PTHREADS (8 threads), thread pinning: OFF

WARNING: Running in REDO mode: existing checkpoints are ignored, and all result files will be overwritten!

[00:00:00] Reading alignment from file: data/alignment/19_1X_S21_1e6_1.2.rename
[00:00:00] Loaded alignment with 42 taxa and 5000000 sites

Alignment comprises 1 partitions and 1223700 patterns

Partition 0: noname
Model: GTR+FO+G4m
Alignment sites / patterns: 5000000 / 1223700
Gaps: 0.00 %
Invariant sites: 41.58 %


NOTE: Binary MSA file created: data/alignment/19_1X_S21_1e6_1.2.rename.raxml.rba

[00:00:04] Loading constraint tree from: S21/raxml-2.polytomy
[00:00:04] Loaded comprehensive constraint tree with 42 taxa

Parallelization scheme autoconfig: 1 worker(s) x 8 thread(s)

Parallel reduction/worker buffer size: 1 KB  / 0 KB

[00:00:04] Generating 1 parsimony starting tree(s) with 42 taxa
[00:00:10] Data distribution: max. partitions/sites/weight per thread: 1 / 152963 / 2447408
[00:00:10] Data distribution: max. searches per worker: 1

Starting ML tree search with 1 distinct starting trees

[00:00:10 -58679966.673451] Initial branch length optimization
[00:00:34 -54693523.290936] Model parameter optimization (eps = 10.000000)
[00:02:43 -53001044.599013] AUTODETECT spr round 1 (radius: 5)
[00:03:40 -53001044.595319] SPR radius for FAST iterations: 5 (autodetect)
[00:03:40 -53001044.595319] Model parameter optimization (eps = 3.000000)
[00:03:49 -53001044.325360] FAST spr round 1 (radius: 5)
[00:08:29 -53001044.325320] Model parameter optimization (eps = 1.000000)
[00:08:53 -53001043.079107] SLOW spr round 1 (radius: 5)
[00:19:27 -53001043.079107] SLOW spr round 2 (radius: 10)
[00:25:18 -53001043.079107] SLOW spr round 3 (radius: 15)
[00:25:33 -53001043.079107] SLOW spr round 4 (radius: 20)
[00:25:47 -53001043.079107] SLOW spr round 5 (radius: 25)
[00:26:02 -53001043.079107] Model parameter optimization (eps = 0.100000)

[00:26:11] ML tree search #1, logLikelihood: -53001042.998212


Optimized model parameters:

   Partition 0: noname
   Rate heterogeneity: GAMMA (4 cats, mean),  alpha: 0.544742 (ML),  weights&rates: (0.250000,0.041951) (0.250000,0.280125) (0.250000,0.850279) (0.250000,2.827645) 
   Base frequencies (ML): 0.288964 0.249124 0.201434 0.260479 
   Substitution rates (ML): 0.952843 2.115935 1.177389 0.279296 2.804329 1.000000 


Final LogLikelihood: -53001042.998212

AIC score: 106002265.996424 / AICc score: 106002265.999700 / BIC score: 106003474.241786
Free parameters (model + branch lengths): 90

Best ML tree saved to: /expanse/lustre/projects/uot138/chaos/ASTERISK-sim/data/alignment/19_1X_S21_1e6_1.2.rename.raxml.bestTree
Optimized model saved to: /expanse/lustre/projects/uot138/chaos/ASTERISK-sim/data/alignment/19_1X_S21_1e6_1.2.rename.raxml.bestModel

Execution log saved to: /expanse/lustre/projects/uot138/chaos/ASTERISK-sim/data/alignment/19_1X_S21_1e6_1.2.rename.raxml.log

Analysis started: 26-May-2023 01:04:14 / finished: 26-May-2023 01:30:26

Elapsed time: 1571.824 seconds

Consumed energy: 182.066 Wh

