Massive-scale Alignment-based Species Tree EstimatoR (Site)
Version: v1.15.0.0
Processing /home/chaos/lustre/ASTERISK-sim/data/alignment/1_1X_S21_1e6_1.2... 
#Base: 102045972
#Species: 21
#Rounds: 1
#Samples: 0
#Threads: 16
#NNI moves:0/60
((((((((((T90,T170),T140),(T190,T80)),(((T160,T200),T20),T180)),T60),T0),(((T30,T70),T150),(T100,T120))),((T110,T40),T130)),T50),T10);
Initial score: 9.53531e+07
Initial tree: ((((((T90,T170),T140),(T190,T80)),(((T160,T200),T20),T180)),(T0,((((T30,T70),T150),(T100,T120)),(((T110,T40),T130),(T50,T10))))),T60);
*** Subsample Process ***
Current score: 9.53531e+07
Current tree: ((((((T90,T170),T140),(T190,T80)),(((T160,T200),T20),T180)),(T0,((((T30,T70),T150),(T100,T120)),(((T110,T40),T130),(T50,T10))))),T60);
Final Tree: ((((((T90,T170),T140),(T190,T80)),(((T160,T200),T20),T180)),(T0,((((T30,T70),T150),(T100,T120)),(((T110,T40),T130),(T50,T10))))),T60);
Score: 9.53531e+07

real	0m20.944s
user	3m14.533s
sys	0m0.861s
