Massive-scale Alignment-based Species Tree EstimatoR (Pair)
Version: v1.15.0.0
Processing /home/chaos/lustre/ASTERISK-sim/data/alignment/1_1X_S21_1e6_1.2... 
#Base: 444438834
#Species: 21
#Rounds: 1
#Samples: 0
#Threads: 16
#NNI moves:0/60
((((((((((T90,T170),T140),(T190,T80)),(((T160,T200),T20),T180)),T60),T0),(((T30,T70),T150),(T100,T120))),((T110,T40),T130)),T50),T10);
Initial score: 7.07812e+11
Initial tree: ((((((T90,T170),T140),(T190,T80)),(((T160,T200),T20),T180)),(T0,((((T30,T70),T150),(T100,T120)),(((T110,T40),T130),(T50,T10))))),T60);
*** Subsample Process ***
Current score: 7.07812e+11
Current tree: ((((((T90,T170),T140),(T190,T80)),(((T160,T200),T20),T180)),(T0,((((T30,T70),T150),(T100,T120)),(((T110,T40),T130),(T50,T10))))),T60);
Final Tree: ((((((T90,T170),T140),(T190,T80)),(((T160,T200),T20),T180)),(T0,((((T30,T70),T150),(T100,T120)),(((T110,T40),T130),(T50,T10))))),T60);
Score: 7.07812e+11

real	0m49.053s
user	8m34.443s
sys	0m1.253s
