
RAxML-NG v. 1.1.0-master released on 04.08.2022 by The Exelixis Lab.
Developed by: Alexey M. Kozlov and Alexandros Stamatakis.
Contributors: Diego Darriba, Tomas Flouri, Benoit Morel, Sarah Lutteropp, Ben Bettisworth.
Latest version: https://github.com/amkozlov/raxml-ng
Questions/problems/suggestions? Please visit: https://groups.google.com/forum/#!forum/raxml

System: AMD EPYC 7742 64-Core Processor, 128 cores, 251 GB RAM

RAxML-NG was called at 26-May-2023 01:04:14 as follows:

/home/chaos/programs/raxml-ng/raxml-ng/bin/raxml-ng --msa data/alignment/20_1X_S21_1e6_1.2.rename --tree pars{1} --model GTR+G --threads 8 --tree-constraint S21/raxml-2.polytomy --redo

Analysis options:
  run mode: ML tree search
  start tree(s): parsimony (1)
  topological constraint: S21/raxml-2.polytomy (algorithm: NEW)
  random seed: 1685088254
  tip-inner: OFF
  pattern compression: ON
  per-rate scalers: OFF
  site repeats: ON
  fast spr radius: AUTO
  spr subtree cutoff: 1.000000
  branch lengths: proportional (ML estimate, algorithm: NR-FAST)
  SIMD kernels: AVX2
  parallelization: coarse-grained (auto), PTHREADS (8 threads), thread pinning: OFF

WARNING: Running in REDO mode: existing checkpoints are ignored, and all result files will be overwritten!

[00:00:00] Reading alignment from file: data/alignment/20_1X_S21_1e6_1.2.rename
[00:00:00] Loaded alignment with 42 taxa and 5000000 sites

Alignment comprises 1 partitions and 797624 patterns

Partition 0: noname
Model: GTR+FO+G4m
Alignment sites / patterns: 5000000 / 797624
Gaps: 0.00 %
Invariant sites: 42.76 %


NOTE: Binary MSA file created: data/alignment/20_1X_S21_1e6_1.2.rename.raxml.rba

[00:00:04] Loading constraint tree from: S21/raxml-2.polytomy
[00:00:04] Loaded comprehensive constraint tree with 42 taxa

Parallelization scheme autoconfig: 1 worker(s) x 8 thread(s)

Parallel reduction/worker buffer size: 1 KB  / 0 KB

[00:00:04] Generating 1 parsimony starting tree(s) with 42 taxa
[00:00:08] Data distribution: max. partitions/sites/weight per thread: 1 / 99703 / 1595248
[00:00:08] Data distribution: max. searches per worker: 1

Starting ML tree search with 1 distinct starting trees

[00:00:09 -50818589.898397] Initial branch length optimization
[00:00:41 -46231380.969514] Model parameter optimization (eps = 10.000000)
[00:06:18 -43508590.253970] AUTODETECT spr round 1 (radius: 5)
[00:07:24 -43508590.250638] SPR radius for FAST iterations: 5 (autodetect)
[00:07:24 -43508590.250638] Model parameter optimization (eps = 3.000000)
[00:07:43 -43508589.123647] FAST spr round 1 (radius: 5)
[00:13:35 -43508240.651590] FAST spr round 2 (radius: 5)
[00:19:25 -43507858.316794] FAST spr round 3 (radius: 5)
[00:24:58 -43507858.316665] Model parameter optimization (eps = 1.000000)
[00:25:12 -43507857.869088] SLOW spr round 1 (radius: 5)
[00:34:45 -43507857.868296] SLOW spr round 2 (radius: 10)
[00:41:14 -43507857.868292] SLOW spr round 3 (radius: 15)
[00:41:30 -43507857.868292] SLOW spr round 4 (radius: 20)
[00:41:46 -43507857.868292] SLOW spr round 5 (radius: 25)
[00:42:02 -43507857.868292] Model parameter optimization (eps = 0.100000)

[00:42:20] ML tree search #1, logLikelihood: -43507857.664037


Optimized model parameters:

   Partition 0: noname
   Rate heterogeneity: GAMMA (4 cats, mean),  alpha: 0.831073 (ML),  weights&rates: (0.250000,0.102151) (0.250000,0.419350) (0.250000,0.965206) (0.250000,2.513293) 
   Base frequencies (ML): 0.301319 0.120808 0.214998 0.362876 
   Substitution rates (ML): 2.503070 6.581522 0.424072 2.452477 7.188937 1.000000 


Final LogLikelihood: -43507857.664037

AIC score: 87015895.328074 / AICc score: 87015895.331350 / BIC score: 87017103.573436
Free parameters (model + branch lengths): 90

Best ML tree saved to: /expanse/lustre/projects/uot138/chaos/ASTERISK-sim/data/alignment/20_1X_S21_1e6_1.2.rename.raxml.bestTree
Optimized model saved to: /expanse/lustre/projects/uot138/chaos/ASTERISK-sim/data/alignment/20_1X_S21_1e6_1.2.rename.raxml.bestModel

Execution log saved to: /expanse/lustre/projects/uot138/chaos/ASTERISK-sim/data/alignment/20_1X_S21_1e6_1.2.rename.raxml.log

Analysis started: 26-May-2023 01:04:14 / finished: 26-May-2023 01:46:35

Elapsed time: 2541.089 seconds

Consumed energy: 311.768 Wh (= 2 km in an electric car, or 8 km with an e-scooter!)

