
RAxML-NG v. 1.1.0-master released on 04.08.2022 by The Exelixis Lab.
Developed by: Alexey M. Kozlov and Alexandros Stamatakis.
Contributors: Diego Darriba, Tomas Flouri, Benoit Morel, Sarah Lutteropp, Ben Bettisworth.
Latest version: https://github.com/amkozlov/raxml-ng
Questions/problems/suggestions? Please visit: https://groups.google.com/forum/#!forum/raxml

System: AMD EPYC 7742 64-Core Processor, 128 cores, 251 GB RAM

RAxML-NG was called at 26-May-2023 01:04:14 as follows:

/home/chaos/programs/raxml-ng/raxml-ng/bin/raxml-ng --msa data/alignment/21_1X_S21_1e6_1.2.rename --tree pars{1} --model GTR+G --threads 8 --tree-constraint S21/raxml-2.polytomy --redo

Analysis options:
  run mode: ML tree search
  start tree(s): parsimony (1)
  topological constraint: S21/raxml-2.polytomy (algorithm: NEW)
  random seed: 1685088254
  tip-inner: OFF
  pattern compression: ON
  per-rate scalers: OFF
  site repeats: ON
  fast spr radius: AUTO
  spr subtree cutoff: 1.000000
  branch lengths: proportional (ML estimate, algorithm: NR-FAST)
  SIMD kernels: AVX2
  parallelization: coarse-grained (auto), PTHREADS (8 threads), thread pinning: OFF

WARNING: Running in REDO mode: existing checkpoints are ignored, and all result files will be overwritten!

[00:00:00] Reading alignment from file: data/alignment/21_1X_S21_1e6_1.2.rename
[00:00:00] Loaded alignment with 42 taxa and 5000000 sites

Alignment comprises 1 partitions and 2138818 patterns

Partition 0: noname
Model: GTR+FO+G4m
Alignment sites / patterns: 5000000 / 2138818
Gaps: 0.00 %
Invariant sites: 17.90 %


NOTE: Binary MSA file created: data/alignment/21_1X_S21_1e6_1.2.rename.raxml.rba

[00:00:05] Loading constraint tree from: S21/raxml-2.polytomy
[00:00:05] Loaded comprehensive constraint tree with 42 taxa

Parallelization scheme autoconfig: 1 worker(s) x 8 thread(s)

Parallel reduction/worker buffer size: 1 KB  / 0 KB

[00:00:05] Generating 1 parsimony starting tree(s) with 42 taxa
[00:00:15] Data distribution: max. partitions/sites/weight per thread: 1 / 267353 / 4277648
[00:00:15] Data distribution: max. searches per worker: 1

Starting ML tree search with 1 distinct starting trees

[00:00:16 -88137494.336658] Initial branch length optimization
[00:01:45 -84785775.380820] Model parameter optimization (eps = 10.000000)
[00:08:47 -83741865.708516] AUTODETECT spr round 1 (radius: 5)
[00:11:21 -83741865.708375] SPR radius for FAST iterations: 5 (autodetect)
[00:11:21 -83741865.708375] Model parameter optimization (eps = 3.000000)
[00:11:50 -83741864.070133] FAST spr round 1 (radius: 5)
[00:26:00 -83738440.473306] FAST spr round 2 (radius: 5)
[00:40:20 -83736237.370787] FAST spr round 3 (radius: 5)
[00:54:32 -83736237.370760] Model parameter optimization (eps = 1.000000)
[00:54:58 -83736236.545586] SLOW spr round 1 (radius: 5)
[01:24:13 -83736236.545565] SLOW spr round 2 (radius: 10)
[01:42:31 -83736236.545565] SLOW spr round 3 (radius: 15)
[01:43:10 -83736236.545565] SLOW spr round 4 (radius: 20)
[01:43:49 -83736236.545565] SLOW spr round 5 (radius: 25)
[01:44:28 -83736236.545565] Model parameter optimization (eps = 0.100000)

[01:45:06] ML tree search #1, logLikelihood: -83736236.354234


Optimized model parameters:

   Partition 0: noname
   Rate heterogeneity: GAMMA (4 cats, mean),  alpha: 0.926281 (ML),  weights&rates: (0.250000,0.122020) (0.250000,0.453414) (0.250000,0.986624) (0.250000,2.437942) 
   Base frequencies (ML): 0.239427 0.280135 0.231127 0.249311 
   Substitution rates (ML): 0.911465 2.425261 1.314578 1.841932 2.460569 1.000000 


Final LogLikelihood: -83736236.354234

AIC score: 167472652.708467 / AICc score: 167472652.711743 / BIC score: 167473860.953829
Free parameters (model + branch lengths): 90

Best ML tree saved to: /expanse/lustre/projects/uot138/chaos/ASTERISK-sim/data/alignment/21_1X_S21_1e6_1.2.rename.raxml.bestTree
Optimized model saved to: /expanse/lustre/projects/uot138/chaos/ASTERISK-sim/data/alignment/21_1X_S21_1e6_1.2.rename.raxml.bestModel

Execution log saved to: /expanse/lustre/projects/uot138/chaos/ASTERISK-sim/data/alignment/21_1X_S21_1e6_1.2.rename.raxml.log

Analysis started: 26-May-2023 01:04:14 / finished: 26-May-2023 02:49:21

Elapsed time: 6306.541 seconds

Consumed energy: 776.980 Wh (= 4 km in an electric car, or 19 km with an e-scooter!)

