Massive-scale Alignment-based Species Tree EstimatoR (Site)
Version: v1.15.0.0
Processing /home/chaos/lustre/ASTERISK-sim/data/alignment/21_1X_S21_1e6_1.2... 
#Base: 126318066
#Species: 21
#Rounds: 1
#Samples: 0
#Threads: 16
#NNI moves:0/60
((((((((((((((T20,T150),T10),T110),T130),T200),(((T170,T60),T30),(T70,T140))),T0),(T50,T190)),T90),T80),(T40,T180)),T160),T120),T100);
Initial score: 3.10988e+08
Initial tree: (((T170,T60),((T70,T140),((((((T20,T150),T10),T110),T130),T200),(T0,((T50,T190),(T90,(T80,((T40,T180),(T160,(T120,T100)))))))))),T30);
*** Subsample Process ***
Current score: 3.10988e+08
Current tree: (((T170,T60),((T70,T140),((((((T20,T150),T10),T110),T130),T200),(T0,((T50,T190),(T90,(T80,((T40,T180),(T160,(T120,T100)))))))))),T30);
Final Tree: (((T170,T60),((T70,T140),((((((T20,T150),T10),T110),T130),T200),(T0,((T50,T190),(T90,(T80,((T40,T180),(T160,(T120,T100)))))))))),T30);
Score: 3.10988e+08

real	1m2.089s
user	3m59.811s
sys	0m1.060s
