
RAxML-NG v. 1.1.0-master released on 04.08.2022 by The Exelixis Lab.
Developed by: Alexey M. Kozlov and Alexandros Stamatakis.
Contributors: Diego Darriba, Tomas Flouri, Benoit Morel, Sarah Lutteropp, Ben Bettisworth.
Latest version: https://github.com/amkozlov/raxml-ng
Questions/problems/suggestions? Please visit: https://groups.google.com/forum/#!forum/raxml

System: AMD EPYC 7742 64-Core Processor, 128 cores, 251 GB RAM

RAxML-NG was called at 26-May-2023 01:04:14 as follows:

/home/chaos/programs/raxml-ng/raxml-ng/bin/raxml-ng --msa data/alignment/22_1X_S21_1e6_1.2.rename --tree pars{1} --model GTR+G --threads 8 --tree-constraint S21/raxml-2.polytomy --redo

Analysis options:
  run mode: ML tree search
  start tree(s): parsimony (1)
  topological constraint: S21/raxml-2.polytomy (algorithm: NEW)
  random seed: 1685088254
  tip-inner: OFF
  pattern compression: ON
  per-rate scalers: OFF
  site repeats: ON
  fast spr radius: AUTO
  spr subtree cutoff: 1.000000
  branch lengths: proportional (ML estimate, algorithm: NR-FAST)
  SIMD kernels: AVX2
  parallelization: coarse-grained (auto), PTHREADS (8 threads), thread pinning: OFF

WARNING: Running in REDO mode: existing checkpoints are ignored, and all result files will be overwritten!

[00:00:00] Reading alignment from file: data/alignment/22_1X_S21_1e6_1.2.rename
[00:00:00] Loaded alignment with 42 taxa and 5000000 sites

Alignment comprises 1 partitions and 1493466 patterns

Partition 0: noname
Model: GTR+FO+G4m
Alignment sites / patterns: 5000000 / 1493466
Gaps: 0.00 %
Invariant sites: 20.44 %


NOTE: Binary MSA file created: data/alignment/22_1X_S21_1e6_1.2.rename.raxml.rba

[00:00:05] Loading constraint tree from: S21/raxml-2.polytomy
[00:00:05] Loaded comprehensive constraint tree with 42 taxa

Parallelization scheme autoconfig: 1 worker(s) x 8 thread(s)

Parallel reduction/worker buffer size: 1 KB  / 0 KB

[00:00:05] Generating 1 parsimony starting tree(s) with 42 taxa
[00:00:11] Data distribution: max. partitions/sites/weight per thread: 1 / 186684 / 2986944
[00:00:11] Data distribution: max. searches per worker: 1

Starting ML tree search with 1 distinct starting trees

[00:00:11 -69068460.485580] Initial branch length optimization
[00:00:49 -65023316.512808] Model parameter optimization (eps = 10.000000)
[00:05:27 -63960168.872644] AUTODETECT spr round 1 (radius: 5)
[00:07:09 -63956606.068859] AUTODETECT spr round 2 (radius: 10)
[00:08:05 -63956606.068518] SPR radius for FAST iterations: 5 (autodetect)
[00:08:05 -63956606.068518] Model parameter optimization (eps = 3.000000)
[00:08:21 -63956605.333261] FAST spr round 1 (radius: 5)
[00:15:31 -63954453.262264] FAST spr round 2 (radius: 5)
[00:23:00 -63952346.639507] FAST spr round 3 (radius: 5)
[00:30:31 -63951621.701948] FAST spr round 4 (radius: 5)
[00:37:15 -63951621.701947] Model parameter optimization (eps = 1.000000)
[00:37:31 -63951620.874341] SLOW spr round 1 (radius: 5)
[00:51:39 -63951620.873914] SLOW spr round 2 (radius: 10)
[01:01:34 -63951620.873914] SLOW spr round 3 (radius: 15)
[01:02:00 -63951620.873914] SLOW spr round 4 (radius: 20)
[01:02:25 -63951620.873914] SLOW spr round 5 (radius: 25)
[01:02:48 -63951620.873914] Model parameter optimization (eps = 0.100000)

[01:03:05] ML tree search #1, logLikelihood: -63951620.845903


Optimized model parameters:

   Partition 0: noname
   Rate heterogeneity: GAMMA (4 cats, mean),  alpha: 1.540133 (ML),  weights&rates: (0.250000,0.231456) (0.250000,0.595103) (0.250000,1.052694) (0.250000,2.120747) 
   Base frequencies (ML): 0.273740 0.174630 0.269452 0.282178 
   Substitution rates (ML): 0.689608 1.401817 0.577757 0.554879 1.349441 1.000000 


Final LogLikelihood: -63951620.845903

AIC score: 127903421.691806 / AICc score: 127903421.695083 / BIC score: 127904629.937169
Free parameters (model + branch lengths): 90

Best ML tree saved to: /expanse/lustre/projects/uot138/chaos/ASTERISK-sim/data/alignment/22_1X_S21_1e6_1.2.rename.raxml.bestTree
Optimized model saved to: /expanse/lustre/projects/uot138/chaos/ASTERISK-sim/data/alignment/22_1X_S21_1e6_1.2.rename.raxml.bestModel

Execution log saved to: /expanse/lustre/projects/uot138/chaos/ASTERISK-sim/data/alignment/22_1X_S21_1e6_1.2.rename.raxml.log

Analysis started: 26-May-2023 01:04:14 / finished: 26-May-2023 02:07:20

Elapsed time: 3785.772 seconds

Consumed energy: 465.552 Wh (= 2 km in an electric car, or 12 km with an e-scooter!)

