
RAxML-NG v. 1.1.0-master released on 04.08.2022 by The Exelixis Lab.
Developed by: Alexey M. Kozlov and Alexandros Stamatakis.
Contributors: Diego Darriba, Tomas Flouri, Benoit Morel, Sarah Lutteropp, Ben Bettisworth.
Latest version: https://github.com/amkozlov/raxml-ng
Questions/problems/suggestions? Please visit: https://groups.google.com/forum/#!forum/raxml

System: AMD EPYC 7742 64-Core Processor, 128 cores, 251 GB RAM

RAxML-NG was called at 26-May-2023 01:04:14 as follows:

/home/chaos/programs/raxml-ng/raxml-ng/bin/raxml-ng --msa data/alignment/23_1X_S21_1e6_1.2.rename --tree pars{1} --model GTR+G --threads 8 --tree-constraint S21/raxml-2.polytomy --redo

Analysis options:
  run mode: ML tree search
  start tree(s): parsimony (1)
  topological constraint: S21/raxml-2.polytomy (algorithm: NEW)
  random seed: 1685088254
  tip-inner: OFF
  pattern compression: ON
  per-rate scalers: OFF
  site repeats: ON
  fast spr radius: AUTO
  spr subtree cutoff: 1.000000
  branch lengths: proportional (ML estimate, algorithm: NR-FAST)
  SIMD kernels: AVX2
  parallelization: coarse-grained (auto), PTHREADS (8 threads), thread pinning: OFF

WARNING: Running in REDO mode: existing checkpoints are ignored, and all result files will be overwritten!

[00:00:00] Reading alignment from file: data/alignment/23_1X_S21_1e6_1.2.rename
[00:00:00] Loaded alignment with 42 taxa and 5000000 sites

Alignment comprises 1 partitions and 1728049 patterns

Partition 0: noname
Model: GTR+FO+G4m
Alignment sites / patterns: 5000000 / 1728049
Gaps: 0.00 %
Invariant sites: 19.46 %


NOTE: Binary MSA file created: data/alignment/23_1X_S21_1e6_1.2.rename.raxml.rba

[00:00:05] Loading constraint tree from: S21/raxml-2.polytomy
[00:00:05] Loaded comprehensive constraint tree with 42 taxa

Parallelization scheme autoconfig: 1 worker(s) x 8 thread(s)

Parallel reduction/worker buffer size: 1 KB  / 0 KB

[00:00:05] Generating 1 parsimony starting tree(s) with 42 taxa
[00:00:11] Data distribution: max. partitions/sites/weight per thread: 1 / 216007 / 3456112
[00:00:11] Data distribution: max. searches per worker: 1

Starting ML tree search with 1 distinct starting trees

[00:00:11 -75313323.466101] Initial branch length optimization
[00:00:43 -71644814.549874] Model parameter optimization (eps = 10.000000)
[00:05:01 -69690548.529549] AUTODETECT spr round 1 (radius: 5)
[00:06:15 -69678829.661954] AUTODETECT spr round 2 (radius: 10)
[00:06:55 -69678829.659260] SPR radius for FAST iterations: 5 (autodetect)
[00:06:55 -69678829.659260] Model parameter optimization (eps = 3.000000)
[00:07:10 -69678828.783918] FAST spr round 1 (radius: 5)
[00:12:09 -69677672.419203] FAST spr round 2 (radius: 5)
[00:17:17 -69677672.419171] Model parameter optimization (eps = 1.000000)
[00:17:28 -69677672.208875] SLOW spr round 1 (radius: 5)
[00:28:50 -69677672.208124] SLOW spr round 2 (radius: 10)
[00:35:36 -69677672.208124] SLOW spr round 3 (radius: 15)
[00:37:02 -69677672.208124] SLOW spr round 4 (radius: 20)
[00:37:19 -69677672.208124] SLOW spr round 5 (radius: 25)
[00:37:35 -69677672.208124] Model parameter optimization (eps = 0.100000)

[00:37:48] ML tree search #1, logLikelihood: -69677672.181386


Optimized model parameters:

   Partition 0: noname
   Rate heterogeneity: GAMMA (4 cats, mean),  alpha: 1.221567 (ML),  weights&rates: (0.250000,0.178940) (0.250000,0.534536) (0.250000,1.028819) (0.250000,2.257705) 
   Base frequencies (ML): 0.276174 0.212049 0.248705 0.263072 
   Substitution rates (ML): 0.451505 3.159811 1.116095 2.248947 3.194369 1.000000 


Final LogLikelihood: -69677672.181386

AIC score: 139355524.362771 / AICc score: 139355524.366048 / BIC score: 139356732.608134
Free parameters (model + branch lengths): 90

Best ML tree saved to: /expanse/lustre/projects/uot138/chaos/ASTERISK-sim/data/alignment/23_1X_S21_1e6_1.2.rename.raxml.bestTree
Optimized model saved to: /expanse/lustre/projects/uot138/chaos/ASTERISK-sim/data/alignment/23_1X_S21_1e6_1.2.rename.raxml.bestModel

Execution log saved to: /expanse/lustre/projects/uot138/chaos/ASTERISK-sim/data/alignment/23_1X_S21_1e6_1.2.rename.raxml.log

Analysis started: 26-May-2023 01:04:14 / finished: 26-May-2023 01:42:02

Elapsed time: 2268.296 seconds

Consumed energy: 142.445 Wh

