Massive-scale Alignment-based Species Tree EstimatoR (Pair)
Version: v1.15.0.0
Processing /home/chaos/lustre/ASTERISK-sim/data/alignment/23_1X_S21_1e6_1.2... 
#Base: 490820946
#Species: 21
#Rounds: 1
#Samples: 0
#Threads: 16
#NNI moves:0/60
(((((((((((T90,T40),T80),T120),((T170,T140),T190)),T0),((T20,T180),T70)),((T50,T150),T10)),T130),((T160,T200),(T60,T100))),T30),T110);
Initial score: 7.35796e+11
Initial tree: ((T170,(T190,((((T90,T40),T80),T120),(T0,(((T20,T180),T70),(((T50,T150),T10),(T130,(((T160,T200),(T60,T100)),(T30,T110))))))))),T140);
*** Subsample Process ***
Current score: 7.35796e+11
Current tree: ((T170,(T190,((((T90,T40),T80),T120),(T0,(((T20,T180),T70),(((T50,T150),T10),(T130,(((T160,T200),(T60,T100)),(T30,T110))))))))),T140);
Final Tree: ((T170,(T190,((((T90,T40),T80),T120),(T0,(((T20,T180),T70),(((T50,T150),T10),(T130,(((T160,T200),(T60,T100)),(T30,T110))))))))),T140);
Score: 7.35796e+11

real	0m56.854s
user	9m38.730s
sys	0m1.873s
