Massive-scale Alignment-based Species Tree EstimatoR (Site)
Version: v1.15.0.0
Processing /home/chaos/lustre/ASTERISK-sim/data/alignment/24_1X_S21_1e6_1.2... 
#Base: 88149558
#Species: 21
#Rounds: 1
#Samples: 0
#Threads: 16
#NNI moves:0/60
((((((((((T90,T10),T110),(T80,T100)),T130),((((T180,T40),T50),T30),(T140,T70))),T0),T60),((T190,T160),(T170,T150))),(T120,T20)),T200);
Initial score: 9.20517e+07
Initial tree: ((((T180,T40),T50),((T140,T70),(((((T90,T10),T110),(T80,T100)),T130),(T0,(T60,(((T190,T160),(T170,T150)),((T120,T20),T200))))))),T30);
*** Subsample Process ***
Current score: 9.20517e+07
Current tree: ((((T180,T40),T50),((T140,T70),(((((T90,T10),T110),(T80,T100)),T130),(T0,(T60,(((T190,T160),(T170,T150)),((T120,T20),T200))))))),T30);
Final Tree: ((((T180,T40),T50),((T140,T70),(((((T90,T10),T110),(T80,T100)),T130),(T0,(T60,(((T190,T160),(T170,T150)),((T120,T20),T200))))))),T30);
Score: 9.20517e+07

real	0m21.062s
user	2m49.559s
sys	0m0.840s
