Massive-scale Alignment-based Species Tree EstimatoR (Site)
Version: v1.15.0.0
Processing /home/chaos/lustre/ASTERISK-sim/data/alignment/25_1X_S21_1e6_1.2... 
#Base: 110033238
#Species: 21
#Rounds: 1
#Samples: 0
#Threads: 16
#NNI moves:0/60
((((((((((((T110,T70),T80),T140),((T120,T50),T40)),((T200,T30),T100)),T0),((T160,T20),T190)),T170),(T90,T60)),(T180,T150)),T130),T10);
Initial score: 2.1127e+08
Initial tree: (((T200,T30),(((((T110,T70),T80),T140),((T120,T50),T40)),(T0,(((T160,T20),T190),(T170,((T90,T60),((T180,T150),(T130,T10)))))))),T100);
*** Subsample Process ***
Current score: 2.1127e+08
Current tree: (((T200,T30),(((((T110,T70),T80),T140),((T120,T50),T40)),(T0,(((T160,T20),T190),(T170,((T90,T60),((T180,T150),(T130,T10)))))))),T100);
Final Tree: (((T200,T30),(((((T110,T70),T80),T140),((T120,T50),T40)),(T0,(((T160,T20),T190),(T170,((T90,T60),((T180,T150),(T130,T10)))))))),T100);
Score: 2.1127e+08

real	0m23.112s
user	3m26.000s
sys	0m0.910s
