
RAxML-NG v. 1.1.0-master released on 04.08.2022 by The Exelixis Lab.
Developed by: Alexey M. Kozlov and Alexandros Stamatakis.
Contributors: Diego Darriba, Tomas Flouri, Benoit Morel, Sarah Lutteropp, Ben Bettisworth.
Latest version: https://github.com/amkozlov/raxml-ng
Questions/problems/suggestions? Please visit: https://groups.google.com/forum/#!forum/raxml

System: AMD EPYC 7742 64-Core Processor, 128 cores, 251 GB RAM

RAxML-NG was called at 26-May-2023 01:04:14 as follows:

/home/chaos/programs/raxml-ng/raxml-ng/bin/raxml-ng --msa data/alignment/26_1X_S21_1e6_1.2.rename --tree pars{1} --model GTR+G --threads 8 --tree-constraint S21/raxml-2.polytomy --redo

Analysis options:
  run mode: ML tree search
  start tree(s): parsimony (1)
  topological constraint: S21/raxml-2.polytomy (algorithm: NEW)
  random seed: 1685088254
  tip-inner: OFF
  pattern compression: ON
  per-rate scalers: OFF
  site repeats: ON
  fast spr radius: AUTO
  spr subtree cutoff: 1.000000
  branch lengths: proportional (ML estimate, algorithm: NR-FAST)
  SIMD kernels: AVX2
  parallelization: coarse-grained (auto), PTHREADS (8 threads), thread pinning: OFF

WARNING: Running in REDO mode: existing checkpoints are ignored, and all result files will be overwritten!

[00:00:00] Reading alignment from file: data/alignment/26_1X_S21_1e6_1.2.rename
[00:00:00] Loaded alignment with 42 taxa and 5000000 sites

Alignment comprises 1 partitions and 1078731 patterns

Partition 0: noname
Model: GTR+FO+G4m
Alignment sites / patterns: 5000000 / 1078731
Gaps: 0.00 %
Invariant sites: 31.58 %


NOTE: Binary MSA file created: data/alignment/26_1X_S21_1e6_1.2.rename.raxml.rba

[00:00:04] Loading constraint tree from: S21/raxml-2.polytomy
[00:00:04] Loaded comprehensive constraint tree with 42 taxa

Parallelization scheme autoconfig: 1 worker(s) x 8 thread(s)

Parallel reduction/worker buffer size: 1 KB  / 0 KB

[00:00:04] Generating 1 parsimony starting tree(s) with 42 taxa
[00:00:09] Data distribution: max. partitions/sites/weight per thread: 1 / 134842 / 2157472
[00:00:09] Data distribution: max. searches per worker: 1

Starting ML tree search with 1 distinct starting trees

[00:00:09 -60497825.144797] Initial branch length optimization
[00:00:33 -56748588.079235] Model parameter optimization (eps = 10.000000)
[00:05:11 -52043308.264272] AUTODETECT spr round 1 (radius: 5)
[00:06:06 -52038108.380569] AUTODETECT spr round 2 (radius: 10)
[00:06:35 -52038108.380205] SPR radius for FAST iterations: 5 (autodetect)
[00:06:35 -52038108.380205] Model parameter optimization (eps = 3.000000)
[00:06:53 -52038107.162548] FAST spr round 1 (radius: 5)
[00:10:56 -52038107.162532] Model parameter optimization (eps = 1.000000)
[00:11:06 -52038107.115400] SLOW spr round 1 (radius: 5)
[00:19:56 -52038107.115399] SLOW spr round 2 (radius: 10)
[00:25:05 -52038107.115399] SLOW spr round 3 (radius: 15)
[00:25:19 -52038107.115399] SLOW spr round 4 (radius: 20)
[00:25:32 -52038107.115399] SLOW spr round 5 (radius: 25)
[00:25:45 -52038107.115399] Model parameter optimization (eps = 0.100000)

[00:25:55] ML tree search #1, logLikelihood: -52038107.079115


Optimized model parameters:

   Partition 0: noname
   Rate heterogeneity: GAMMA (4 cats, mean),  alpha: 0.956227 (ML),  weights&rates: (0.250000,0.128139) (0.250000,0.463187) (0.250000,0.992351) (0.250000,2.416323) 
   Base frequencies (ML): 0.399794 0.178631 0.224618 0.196958 
   Substitution rates (ML): 0.974058 10.834147 1.342133 2.454517 8.653374 1.000000 


Final LogLikelihood: -52038107.079115

AIC score: 104076394.158230 / AICc score: 104076394.161506 / BIC score: 104077602.403593
Free parameters (model + branch lengths): 90

Best ML tree saved to: /expanse/lustre/projects/uot138/chaos/ASTERISK-sim/data/alignment/26_1X_S21_1e6_1.2.rename.raxml.bestTree
Optimized model saved to: /expanse/lustre/projects/uot138/chaos/ASTERISK-sim/data/alignment/26_1X_S21_1e6_1.2.rename.raxml.bestModel

Execution log saved to: /expanse/lustre/projects/uot138/chaos/ASTERISK-sim/data/alignment/26_1X_S21_1e6_1.2.rename.raxml.log

Analysis started: 26-May-2023 01:04:14 / finished: 26-May-2023 01:30:10

Elapsed time: 1555.583 seconds

Consumed energy: 184.765 Wh

