Massive-scale Alignment-based Species Tree EstimatoR (Site)
Version: v1.15.0.0
Processing /home/chaos/lustre/ASTERISK-sim/data/alignment/26_1X_S21_1e6_1.2... 
#Base: 95598930
#Species: 21
#Rounds: 1
#Samples: 0
#Threads: 16
#NNI moves:4/60
((((((((((((((T90,T30),T170),T10),T110),(T160,T40)),((T180,T120),T100)),((T150,T20),T200)),T0),(T70,T50)),T130),T140),T60),T190),T80);
Initial score: 5.4157e+07
Initial tree: ((T150,(T200,(((((((T90,T30),T170),T10),T110),(T160,T40)),((T180,T120),T100)),(T0,((T70,T50),(T130,(T140,(T60,(T190,T80))))))))),T20);
*** Subsample Process ***
Current score: 5.4157e+07
Current tree: ((T150,(T200,(((((((T90,T30),T170),T10),T110),(T160,T40)),((T180,T120),T100)),(T0,((T70,T50),(T130,(T140,(T60,(T190,T80))))))))),T20);
Final Tree: ((T150,(T200,(((((((T90,T30),T170),T10),T110),(T160,T40)),((T180,T120),T100)),(T0,((T70,T50),(T130,(T140,(T60,(T190,T80))))))))),T20);
Score: 5.4157e+07

real	0m20.971s
user	3m15.863s
sys	0m0.954s
