
RAxML-NG v. 1.1.0-master released on 04.08.2022 by The Exelixis Lab.
Developed by: Alexey M. Kozlov and Alexandros Stamatakis.
Contributors: Diego Darriba, Tomas Flouri, Benoit Morel, Sarah Lutteropp, Ben Bettisworth.
Latest version: https://github.com/amkozlov/raxml-ng
Questions/problems/suggestions? Please visit: https://groups.google.com/forum/#!forum/raxml

System: AMD EPYC 7742 64-Core Processor, 128 cores, 251 GB RAM

RAxML-NG was called at 26-May-2023 01:04:14 as follows:

/home/chaos/programs/raxml-ng/raxml-ng/bin/raxml-ng --msa data/alignment/27_1X_S21_1e6_1.2.rename --tree pars{1} --model GTR+G --threads 8 --tree-constraint S21/raxml-2.polytomy --redo

Analysis options:
  run mode: ML tree search
  start tree(s): parsimony (1)
  topological constraint: S21/raxml-2.polytomy (algorithm: NEW)
  random seed: 1685088254
  tip-inner: OFF
  pattern compression: ON
  per-rate scalers: OFF
  site repeats: ON
  fast spr radius: AUTO
  spr subtree cutoff: 1.000000
  branch lengths: proportional (ML estimate, algorithm: NR-FAST)
  SIMD kernels: AVX2
  parallelization: coarse-grained (auto), PTHREADS (8 threads), thread pinning: OFF

WARNING: Running in REDO mode: existing checkpoints are ignored, and all result files will be overwritten!

[00:00:00] Reading alignment from file: data/alignment/27_1X_S21_1e6_1.2.rename
[00:00:00] Loaded alignment with 42 taxa and 5000000 sites

Alignment comprises 1 partitions and 1228260 patterns

Partition 0: noname
Model: GTR+FO+G4m
Alignment sites / patterns: 5000000 / 1228260
Gaps: 0.00 %
Invariant sites: 25.46 %


NOTE: Binary MSA file created: data/alignment/27_1X_S21_1e6_1.2.rename.raxml.rba

[00:00:04] Loading constraint tree from: S21/raxml-2.polytomy
[00:00:04] Loaded comprehensive constraint tree with 42 taxa

Parallelization scheme autoconfig: 1 worker(s) x 8 thread(s)

Parallel reduction/worker buffer size: 1 KB  / 0 KB

[00:00:05] Generating 1 parsimony starting tree(s) with 42 taxa
[00:00:09] Data distribution: max. partitions/sites/weight per thread: 1 / 153533 / 2456528
[00:00:09] Data distribution: max. searches per worker: 1

Starting ML tree search with 1 distinct starting trees

[00:00:09 -63218217.689457] Initial branch length optimization
[00:00:39 -59097702.299196] Model parameter optimization (eps = 10.000000)
[00:04:18 -57480120.023508] AUTODETECT spr round 1 (radius: 5)
[00:05:21 -57479425.806845] AUTODETECT spr round 2 (radius: 10)
[00:05:56 -57479425.806591] SPR radius for FAST iterations: 5 (autodetect)
[00:05:56 -57479425.806591] Model parameter optimization (eps = 3.000000)
[00:06:16 -57479423.480782] FAST spr round 1 (radius: 5)
[00:10:53 -57479340.881658] FAST spr round 2 (radius: 5)
[00:15:38 -57479262.748809] FAST spr round 3 (radius: 5)
[00:20:24 -57479262.748800] Model parameter optimization (eps = 1.000000)
[00:20:37 -57479262.282141] SLOW spr round 1 (radius: 5)
[00:30:34 -57478749.096182] SLOW spr round 2 (radius: 5)
[00:39:51 -57478423.162722] SLOW spr round 3 (radius: 5)
[00:48:34 -57478423.162708] SLOW spr round 4 (radius: 10)
[00:54:05 -57478423.162708] SLOW spr round 5 (radius: 15)
[00:54:22 -57478423.162708] SLOW spr round 6 (radius: 20)
[00:54:38 -57478423.162708] SLOW spr round 7 (radius: 25)
[00:54:55 -57478423.162708] Model parameter optimization (eps = 0.100000)

[00:55:33] ML tree search #1, logLikelihood: -57478422.714443


Optimized model parameters:

   Partition 0: noname
   Rate heterogeneity: GAMMA (4 cats, mean),  alpha: 1.313151 (ML),  weights&rates: (0.250000,0.194963) (0.250000,0.554182) (0.250000,1.037265) (0.250000,2.213591) 
   Base frequencies (ML): 0.331601 0.231685 0.202451 0.234263 
   Substitution rates (ML): 2.913182 3.199859 1.110840 0.634061 2.644608 1.000000 


Final LogLikelihood: -57478422.714443

AIC score: 114957025.428887 / AICc score: 114957025.432163 / BIC score: 114958233.674249
Free parameters (model + branch lengths): 90

Best ML tree saved to: /expanse/lustre/projects/uot138/chaos/ASTERISK-sim/data/alignment/27_1X_S21_1e6_1.2.rename.raxml.bestTree
Optimized model saved to: /expanse/lustre/projects/uot138/chaos/ASTERISK-sim/data/alignment/27_1X_S21_1e6_1.2.rename.raxml.bestModel

Execution log saved to: /expanse/lustre/projects/uot138/chaos/ASTERISK-sim/data/alignment/27_1X_S21_1e6_1.2.rename.raxml.log

Analysis started: 26-May-2023 01:04:14 / finished: 26-May-2023 01:59:48

Elapsed time: 3333.878 seconds

Consumed energy: 305.815 Wh (= 2 km in an electric car, or 8 km with an e-scooter!)

