Massive-scale Alignment-based Species Tree EstimatoR (Pair)
Version: v1.15.0.0
Processing /home/chaos/lustre/ASTERISK-sim/data/alignment/28_1X_S21_1e6_1.2... 
#Base: 428045688
#Species: 21
#Rounds: 1
#Samples: 0
#Threads: 16
#NNI moves:0/60
(((((((((((T80,T190),T160),((T10,T90),T100)),(((T180,T140),T150),T70)),(T170,T130)),T0),(T200,T120)),T110),(T30,T50)),(T20,T40)),T60);
Initial score: 6.98627e+11
Initial tree: ((T170,(((((T80,T190),T160),((T10,T90),T100)),(((T180,T140),T150),T70)),(T0,((T200,T120),(T110,((T30,T50),((T20,T40),T60))))))),T130);
*** Subsample Process ***
Current score: 6.98627e+11
Current tree: ((T170,(((((T80,T190),T160),((T10,T90),T100)),(((T180,T140),T150),T70)),(T0,((T200,T120),(T110,((T30,T50),((T20,T40),T60))))))),T130);
Final Tree: ((T170,(((((T80,T190),T160),((T10,T90),T100)),(((T180,T140),T150),T70)),(T0,((T200,T120),(T110,((T30,T50),((T20,T40),T60))))))),T130);
Score: 6.98627e+11

real	0m49.035s
user	8m0.351s
sys	0m1.287s
