
RAxML-NG v. 1.1.0-master released on 04.08.2022 by The Exelixis Lab.
Developed by: Alexey M. Kozlov and Alexandros Stamatakis.
Contributors: Diego Darriba, Tomas Flouri, Benoit Morel, Sarah Lutteropp, Ben Bettisworth.
Latest version: https://github.com/amkozlov/raxml-ng
Questions/problems/suggestions? Please visit: https://groups.google.com/forum/#!forum/raxml

System: AMD EPYC 7742 64-Core Processor, 128 cores, 251 GB RAM

RAxML-NG was called at 26-May-2023 01:04:14 as follows:

/home/chaos/programs/raxml-ng/raxml-ng/bin/raxml-ng --msa data/alignment/28_1X_S21_1e6_1.2.rename --tree pars{1} --model GTR+G --threads 8 --tree-constraint S21/raxml-2.polytomy --redo

Analysis options:
  run mode: ML tree search
  start tree(s): parsimony (1)
  topological constraint: S21/raxml-2.polytomy (algorithm: NEW)
  random seed: 1685088254
  tip-inner: OFF
  pattern compression: ON
  per-rate scalers: OFF
  site repeats: ON
  fast spr radius: AUTO
  spr subtree cutoff: 1.000000
  branch lengths: proportional (ML estimate, algorithm: NR-FAST)
  SIMD kernels: AVX2
  parallelization: coarse-grained (auto), PTHREADS (8 threads), thread pinning: OFF

WARNING: Running in REDO mode: existing checkpoints are ignored, and all result files will be overwritten!

[00:00:00] Reading alignment from file: data/alignment/28_1X_S21_1e6_1.2.rename
[00:00:00] Loaded alignment with 42 taxa and 5000000 sites

Alignment comprises 1 partitions and 1088575 patterns

Partition 0: noname
Model: GTR+FO+G4m
Alignment sites / patterns: 5000000 / 1088575
Gaps: 0.00 %
Invariant sites: 30.00 %


NOTE: Binary MSA file created: data/alignment/28_1X_S21_1e6_1.2.rename.raxml.rba

[00:00:04] Loading constraint tree from: S21/raxml-2.polytomy
[00:00:04] Loaded comprehensive constraint tree with 42 taxa

Parallelization scheme autoconfig: 1 worker(s) x 8 thread(s)

Parallel reduction/worker buffer size: 1 KB  / 0 KB

[00:00:04] Generating 1 parsimony starting tree(s) with 42 taxa
[00:00:10] Data distribution: max. partitions/sites/weight per thread: 1 / 136072 / 2177152
[00:00:10] Data distribution: max. searches per worker: 1

Starting ML tree search with 1 distinct starting trees

[00:00:10 -59359270.430289] Initial branch length optimization
[00:00:34 -55181799.642936] Model parameter optimization (eps = 10.000000)
[00:03:22 -52527148.590046] AUTODETECT spr round 1 (radius: 5)
[00:04:13 -52527148.589621] SPR radius for FAST iterations: 5 (autodetect)
[00:04:13 -52527148.589621] Model parameter optimization (eps = 3.000000)
[00:04:27 -52527147.035316] FAST spr round 1 (radius: 5)
[00:08:18 -52526051.837266] FAST spr round 2 (radius: 5)
[00:12:20 -52526051.837264] Model parameter optimization (eps = 1.000000)
[00:12:30 -52526051.415635] SLOW spr round 1 (radius: 5)
[00:21:17 -52522980.511786] SLOW spr round 2 (radius: 5)
[00:29:39 -52522980.511786] SLOW spr round 3 (radius: 10)
[00:34:30 -52522980.511786] SLOW spr round 4 (radius: 15)
[00:34:44 -52522980.511786] SLOW spr round 5 (radius: 20)
[00:34:58 -52522980.511786] SLOW spr round 6 (radius: 25)
[00:35:12 -52522980.511786] Model parameter optimization (eps = 0.100000)

[00:35:49] ML tree search #1, logLikelihood: -52522979.697996


Optimized model parameters:

   Partition 0: noname
   Rate heterogeneity: GAMMA (4 cats, mean),  alpha: 1.229650 (ML),  weights&rates: (0.250000,0.180385) (0.250000,0.536356) (0.250000,1.029630) (0.250000,2.253629) 
   Base frequencies (ML): 0.336880 0.190755 0.216245 0.256121 
   Substitution rates (ML): 1.040173 4.255565 0.737540 1.864775 6.757933 1.000000 


Final LogLikelihood: -52522979.697996

AIC score: 105046139.395991 / AICc score: 105046139.399267 / BIC score: 105047347.641353
Free parameters (model + branch lengths): 90

Best ML tree saved to: /expanse/lustre/projects/uot138/chaos/ASTERISK-sim/data/alignment/28_1X_S21_1e6_1.2.rename.raxml.bestTree
Optimized model saved to: /expanse/lustre/projects/uot138/chaos/ASTERISK-sim/data/alignment/28_1X_S21_1e6_1.2.rename.raxml.bestModel

Execution log saved to: /expanse/lustre/projects/uot138/chaos/ASTERISK-sim/data/alignment/28_1X_S21_1e6_1.2.rename.raxml.log

Analysis started: 26-May-2023 01:04:14 / finished: 26-May-2023 01:40:04

Elapsed time: 2150.037 seconds

Consumed energy: 197.217 Wh

