
RAxML-NG v. 1.1.0-master released on 04.08.2022 by The Exelixis Lab.
Developed by: Alexey M. Kozlov and Alexandros Stamatakis.
Contributors: Diego Darriba, Tomas Flouri, Benoit Morel, Sarah Lutteropp, Ben Bettisworth.
Latest version: https://github.com/amkozlov/raxml-ng
Questions/problems/suggestions? Please visit: https://groups.google.com/forum/#!forum/raxml

System: AMD EPYC 7742 64-Core Processor, 128 cores, 251 GB RAM

RAxML-NG was called at 26-May-2023 01:04:14 as follows:

/home/chaos/programs/raxml-ng/raxml-ng/bin/raxml-ng --msa data/alignment/29_1X_S21_1e6_1.2.rename --tree pars{1} --model GTR+G --threads 8 --tree-constraint S21/raxml-2.polytomy --redo

Analysis options:
  run mode: ML tree search
  start tree(s): parsimony (1)
  topological constraint: S21/raxml-2.polytomy (algorithm: NEW)
  random seed: 1685088254
  tip-inner: OFF
  pattern compression: ON
  per-rate scalers: OFF
  site repeats: ON
  fast spr radius: AUTO
  spr subtree cutoff: 1.000000
  branch lengths: proportional (ML estimate, algorithm: NR-FAST)
  SIMD kernels: AVX2
  parallelization: coarse-grained (auto), PTHREADS (8 threads), thread pinning: OFF

WARNING: Running in REDO mode: existing checkpoints are ignored, and all result files will be overwritten!

[00:00:00] Reading alignment from file: data/alignment/29_1X_S21_1e6_1.2.rename
[00:00:00] Loaded alignment with 42 taxa and 5000000 sites

Alignment comprises 1 partitions and 1069107 patterns

Partition 0: noname
Model: GTR+FO+G4m
Alignment sites / patterns: 5000000 / 1069107
Gaps: 0.00 %
Invariant sites: 46.61 %


NOTE: Binary MSA file created: data/alignment/29_1X_S21_1e6_1.2.rename.raxml.rba

[00:00:04] Loading constraint tree from: S21/raxml-2.polytomy
[00:00:05] Loaded comprehensive constraint tree with 42 taxa

Parallelization scheme autoconfig: 1 worker(s) x 8 thread(s)

Parallel reduction/worker buffer size: 1 KB  / 0 KB

[00:00:05] Generating 1 parsimony starting tree(s) with 42 taxa
[00:00:09] Data distribution: max. partitions/sites/weight per thread: 1 / 133639 / 2138224
[00:00:09] Data distribution: max. searches per worker: 1

Starting ML tree search with 1 distinct starting trees

[00:00:09 -54967537.211562] Initial branch length optimization
[00:00:30 -50457238.416454] Model parameter optimization (eps = 10.000000)
[00:04:44 -48268904.535448] AUTODETECT spr round 1 (radius: 5)
[00:05:41 -48263975.672966] AUTODETECT spr round 2 (radius: 10)
[00:06:15 -48263975.669865] SPR radius for FAST iterations: 5 (autodetect)
[00:06:15 -48263975.669865] Model parameter optimization (eps = 3.000000)
[00:06:30 -48263975.071077] FAST spr round 1 (radius: 5)
[00:10:34 -48263784.443828] FAST spr round 2 (radius: 5)
[00:14:31 -48263784.441396] Model parameter optimization (eps = 1.000000)
[00:14:40 -48263784.415814] SLOW spr round 1 (radius: 5)
[00:23:05 -48261571.288015] SLOW spr round 2 (radius: 5)
[00:31:05 -48261571.287862] SLOW spr round 3 (radius: 10)
[00:36:26 -48261571.287862] SLOW spr round 4 (radius: 15)
[00:36:39 -48261571.287862] SLOW spr round 5 (radius: 20)
[00:36:52 -48261571.287862] SLOW spr round 6 (radius: 25)
[00:37:05 -48261571.287862] Model parameter optimization (eps = 0.100000)

[00:37:13] ML tree search #1, logLikelihood: -48261571.240020


Optimized model parameters:

   Partition 0: noname
   Rate heterogeneity: GAMMA (4 cats, mean),  alpha: 0.473449 (ML),  weights&rates: (0.250000,0.028579) (0.250000,0.234229) (0.250000,0.799944) (0.250000,2.937248) 
   Base frequencies (ML): 0.372005 0.162829 0.280806 0.184360 
   Substitution rates (ML): 1.194470 2.502328 0.517894 1.322692 4.191584 1.000000 


Final LogLikelihood: -48261571.240020

AIC score: 96523322.480040 / AICc score: 96523322.483316 / BIC score: 96524530.725403
Free parameters (model + branch lengths): 90

Best ML tree saved to: /expanse/lustre/projects/uot138/chaos/ASTERISK-sim/data/alignment/29_1X_S21_1e6_1.2.rename.raxml.bestTree
Optimized model saved to: /expanse/lustre/projects/uot138/chaos/ASTERISK-sim/data/alignment/29_1X_S21_1e6_1.2.rename.raxml.bestModel

Execution log saved to: /expanse/lustre/projects/uot138/chaos/ASTERISK-sim/data/alignment/29_1X_S21_1e6_1.2.rename.raxml.log

Analysis started: 26-May-2023 01:04:14 / finished: 26-May-2023 01:41:28

Elapsed time: 2233.649 seconds

Consumed energy: 191.418 Wh

