Massive-scale Alignment-based Species Tree EstimatoR (Site)
Version: v1.15.0.0
Processing /home/chaos/lustre/ASTERISK-sim/data/alignment/2_1X_S21_1e6_1.2... 
#Base: 65298198
#Species: 21
#Rounds: 1
#Samples: 0
#Threads: 16
#NNI moves:0/60
((((((((((((T10,T160),T90),T100),(T40,T30)),(T120,T70)),T0),(T60,T130)),(((T180,T200),T150),T110)),T170),(T50,T140)),(T190,T20)),T80);
Initial score: 1.09484e+08
Initial tree: ((T40,((((T10,T160),T90),T100),((T120,T70),(T0,((T60,T130),((((T180,T200),T150),T110),(T170,((T50,T140),((T190,T20),T80))))))))),T30);
*** Subsample Process ***
Current score: 1.09484e+08
Current tree: ((T40,((((T10,T160),T90),T100),((T120,T70),(T0,((T60,T130),((((T180,T200),T150),T110),(T170,((T50,T140),((T190,T20),T80))))))))),T30);
Final Tree: ((T40,((((T10,T160),T90),T100),((T120,T70),(T0,((T60,T130),((((T180,T200),T150),T110),(T170,((T50,T140),((T190,T20),T80))))))))),T30);
Score: 1.09484e+08

real	0m14.334s
user	2m1.334s
sys	0m0.801s
