
RAxML-NG v. 1.1.0-master released on 04.08.2022 by The Exelixis Lab.
Developed by: Alexey M. Kozlov and Alexandros Stamatakis.
Contributors: Diego Darriba, Tomas Flouri, Benoit Morel, Sarah Lutteropp, Ben Bettisworth.
Latest version: https://github.com/amkozlov/raxml-ng
Questions/problems/suggestions? Please visit: https://groups.google.com/forum/#!forum/raxml

System: AMD EPYC 7742 64-Core Processor, 128 cores, 251 GB RAM

RAxML-NG was called at 26-May-2023 01:04:14 as follows:

/home/chaos/programs/raxml-ng/raxml-ng/bin/raxml-ng --msa data/alignment/30_1X_S21_1e6_1.2.rename --tree pars{1} --model GTR+G --threads 8 --tree-constraint S21/raxml-2.polytomy --redo

Analysis options:
  run mode: ML tree search
  start tree(s): parsimony (1)
  topological constraint: S21/raxml-2.polytomy (algorithm: NEW)
  random seed: 1685088254
  tip-inner: OFF
  pattern compression: ON
  per-rate scalers: OFF
  site repeats: ON
  fast spr radius: AUTO
  spr subtree cutoff: 1.000000
  branch lengths: proportional (ML estimate, algorithm: NR-FAST)
  SIMD kernels: AVX2
  parallelization: coarse-grained (auto), PTHREADS (8 threads), thread pinning: OFF

WARNING: Running in REDO mode: existing checkpoints are ignored, and all result files will be overwritten!

[00:00:00] Reading alignment from file: data/alignment/30_1X_S21_1e6_1.2.rename
[00:00:00] Loaded alignment with 42 taxa and 5000000 sites

Alignment comprises 1 partitions and 2012494 patterns

Partition 0: noname
Model: GTR+FO+G4m
Alignment sites / patterns: 5000000 / 2012494
Gaps: 0.00 %
Invariant sites: 18.25 %


NOTE: Binary MSA file created: data/alignment/30_1X_S21_1e6_1.2.rename.raxml.rba

[00:00:05] Loading constraint tree from: S21/raxml-2.polytomy
[00:00:05] Loaded comprehensive constraint tree with 42 taxa

Parallelization scheme autoconfig: 1 worker(s) x 8 thread(s)

Parallel reduction/worker buffer size: 1 KB  / 0 KB

[00:00:05] Generating 1 parsimony starting tree(s) with 42 taxa
[00:00:12] Data distribution: max. partitions/sites/weight per thread: 1 / 251562 / 4024992
[00:00:12] Data distribution: max. searches per worker: 1

Starting ML tree search with 1 distinct starting trees

[00:00:12 -84394581.719721] Initial branch length optimization
[00:00:55 -80903695.125852] Model parameter optimization (eps = 10.000000)
[00:07:40 -78457270.564910] AUTODETECT spr round 1 (radius: 5)
[00:09:15 -78457270.559768] SPR radius for FAST iterations: 5 (autodetect)
[00:09:15 -78457270.559768] Model parameter optimization (eps = 3.000000)
[00:09:32 -78457269.741019] FAST spr round 1 (radius: 5)
[00:17:37 -78456751.835447] FAST spr round 2 (radius: 5)
[00:26:31 -78453229.396813] FAST spr round 3 (radius: 5)
[00:35:31 -78453229.396634] Model parameter optimization (eps = 1.000000)
[00:35:51 -78453228.875670] SLOW spr round 1 (radius: 5)
[00:54:23 -78453228.872889] SLOW spr round 2 (radius: 10)
[01:03:32 -78453228.872864] SLOW spr round 3 (radius: 15)
[01:03:56 -78453228.872864] SLOW spr round 4 (radius: 20)
[01:04:19 -78453228.872864] SLOW spr round 5 (radius: 25)
[01:04:43 -78453228.872864] Model parameter optimization (eps = 0.100000)

[01:05:17] ML tree search #1, logLikelihood: -78453228.651157


Optimized model parameters:

   Partition 0: noname
   Rate heterogeneity: GAMMA (4 cats, mean),  alpha: 0.973866 (ML),  weights&rates: (0.250000,0.131710) (0.250000,0.468753) (0.250000,0.995531) (0.250000,2.404005) 
   Base frequencies (ML): 0.377550 0.140556 0.274294 0.207599 
   Substitution rates (ML): 0.844758 2.084424 1.135053 0.849744 2.326563 1.000000 


Final LogLikelihood: -78453228.651157

AIC score: 156906637.302315 / AICc score: 156906637.305591 / BIC score: 156907845.547677
Free parameters (model + branch lengths): 90

Best ML tree saved to: /expanse/lustre/projects/uot138/chaos/ASTERISK-sim/data/alignment/30_1X_S21_1e6_1.2.rename.raxml.bestTree
Optimized model saved to: /expanse/lustre/projects/uot138/chaos/ASTERISK-sim/data/alignment/30_1X_S21_1e6_1.2.rename.raxml.bestModel

Execution log saved to: /expanse/lustre/projects/uot138/chaos/ASTERISK-sim/data/alignment/30_1X_S21_1e6_1.2.rename.raxml.log

Analysis started: 26-May-2023 01:04:14 / finished: 26-May-2023 02:09:31

Elapsed time: 3917.143 seconds

Consumed energy: 237.227 Wh (= 1 km in an electric car, or 6 km with an e-scooter!)

