Massive-scale Alignment-based Species Tree EstimatoR (Site)
Version: v1.15.0.0
Processing /home/chaos/lustre/ASTERISK-sim/data/alignment/30_1X_S21_1e6_1.2... 
#Base: 128847474
#Species: 21
#Rounds: 1
#Samples: 0
#Threads: 16
#NNI moves:0/60
(((((((((((T120,T170),T40),((T80,T110),T20)),(T200,T140)),(((T100,T160),T130),T150)),T0),T50),((T60,T70),T30)),(T190,T90)),T180),T10);
Initial score: 2.54259e+08
Initial tree: ((T80,(T20,(((T120,T170),T40),((T200,T140),((((T100,T160),T130),T150),(T0,(T50,(((T60,T70),T30),((T190,T90),(T180,T10)))))))))),T110);
*** Subsample Process ***
Current score: 2.54259e+08
Current tree: ((T80,(T20,(((T120,T170),T40),((T200,T140),((((T100,T160),T130),T150),(T0,(T50,(((T60,T70),T30),((T190,T90),(T180,T10)))))))))),T110);
Final Tree: ((T80,(T20,(((T120,T170),T40),((T200,T140),((((T100,T160),T130),T150),(T0,(T50,(((T60,T70),T30),((T190,T90),(T180,T10)))))))))),T110);
Score: 2.54259e+08

real	0m25.482s
user	4m14.359s
sys	0m1.107s
