
RAxML-NG v. 1.1.0-master released on 04.08.2022 by The Exelixis Lab.
Developed by: Alexey M. Kozlov and Alexandros Stamatakis.
Contributors: Diego Darriba, Tomas Flouri, Benoit Morel, Sarah Lutteropp, Ben Bettisworth.
Latest version: https://github.com/amkozlov/raxml-ng
Questions/problems/suggestions? Please visit: https://groups.google.com/forum/#!forum/raxml

System: AMD EPYC 7742 64-Core Processor, 128 cores, 251 GB RAM

RAxML-NG was called at 26-May-2023 01:04:14 as follows:

/home/chaos/programs/raxml-ng/raxml-ng/bin/raxml-ng --msa data/alignment/31_1X_S21_1e6_1.2.rename --tree pars{1} --model GTR+G --threads 8 --tree-constraint S21/raxml-2.polytomy --redo

Analysis options:
  run mode: ML tree search
  start tree(s): parsimony (1)
  topological constraint: S21/raxml-2.polytomy (algorithm: NEW)
  random seed: 1685088254
  tip-inner: OFF
  pattern compression: ON
  per-rate scalers: OFF
  site repeats: ON
  fast spr radius: AUTO
  spr subtree cutoff: 1.000000
  branch lengths: proportional (ML estimate, algorithm: NR-FAST)
  SIMD kernels: AVX2
  parallelization: coarse-grained (auto), PTHREADS (8 threads), thread pinning: OFF

WARNING: Running in REDO mode: existing checkpoints are ignored, and all result files will be overwritten!

[00:00:00] Reading alignment from file: data/alignment/31_1X_S21_1e6_1.2.rename
[00:00:00] Loaded alignment with 42 taxa and 5000000 sites

Alignment comprises 1 partitions and 1771135 patterns

Partition 0: noname
Model: GTR+FO+G4m
Alignment sites / patterns: 5000000 / 1771135
Gaps: 0.00 %
Invariant sites: 17.35 %


NOTE: Binary MSA file created: data/alignment/31_1X_S21_1e6_1.2.rename.raxml.rba

[00:00:05] Loading constraint tree from: S21/raxml-2.polytomy
[00:00:05] Loaded comprehensive constraint tree with 42 taxa

Parallelization scheme autoconfig: 1 worker(s) x 8 thread(s)

Parallel reduction/worker buffer size: 1 KB  / 0 KB

[00:00:05] Generating 1 parsimony starting tree(s) with 42 taxa
[00:00:14] Data distribution: max. partitions/sites/weight per thread: 1 / 221392 / 3542272
[00:00:14] Data distribution: max. searches per worker: 1

Starting ML tree search with 1 distinct starting trees

[00:00:14 -77804982.729606] Initial branch length optimization
[00:00:52 -74141231.350772] Model parameter optimization (eps = 10.000000)
[00:05:12 -71145671.332918] AUTODETECT spr round 1 (radius: 5)
[00:06:56 -71138002.370573] AUTODETECT spr round 2 (radius: 10)
[00:07:48 -71138002.370534] SPR radius for FAST iterations: 5 (autodetect)
[00:07:48 -71138002.370534] Model parameter optimization (eps = 3.000000)
[00:08:30 -71137998.238586] FAST spr round 1 (radius: 5)
[00:16:25 -71134669.327704] FAST spr round 2 (radius: 5)
[00:24:05 -71134338.715695] FAST spr round 3 (radius: 5)
[00:32:02 -71134234.336375] FAST spr round 4 (radius: 5)
[00:39:52 -71134234.336356] Model parameter optimization (eps = 1.000000)
[00:40:09 -71134234.156153] SLOW spr round 1 (radius: 5)
[00:56:56 -71134234.156151] SLOW spr round 2 (radius: 10)
[01:05:55 -71134234.156151] SLOW spr round 3 (radius: 15)
[01:06:19 -71134234.156151] SLOW spr round 4 (radius: 20)
[01:06:43 -71134234.156151] SLOW spr round 5 (radius: 25)
[01:07:06 -71134234.156151] Model parameter optimization (eps = 0.100000)

[01:07:33] ML tree search #1, logLikelihood: -71134233.985746


Optimized model parameters:

   Partition 0: noname
   Rate heterogeneity: GAMMA (4 cats, mean),  alpha: 1.205801 (ML),  weights&rates: (0.250000,0.176103) (0.250000,0.530935) (0.250000,1.027198) (0.250000,2.265765) 
   Base frequencies (ML): 0.224407 0.248334 0.330413 0.196846 
   Substitution rates (ML): 0.877603 3.335680 0.470482 1.287265 3.628047 1.000000 


Final LogLikelihood: -71134233.985746

AIC score: 142268647.971492 / AICc score: 142268647.974768 / BIC score: 142269856.216855
Free parameters (model + branch lengths): 90

Best ML tree saved to: /expanse/lustre/projects/uot138/chaos/ASTERISK-sim/data/alignment/31_1X_S21_1e6_1.2.rename.raxml.bestTree
Optimized model saved to: /expanse/lustre/projects/uot138/chaos/ASTERISK-sim/data/alignment/31_1X_S21_1e6_1.2.rename.raxml.bestModel

Execution log saved to: /expanse/lustre/projects/uot138/chaos/ASTERISK-sim/data/alignment/31_1X_S21_1e6_1.2.rename.raxml.log

Analysis started: 26-May-2023 01:04:14 / finished: 26-May-2023 02:11:48

Elapsed time: 4054.027 seconds

Consumed energy: 450.559 Wh (= 2 km in an electric car, or 11 km with an e-scooter!)

