Massive-scale Alignment-based Species Tree EstimatoR (Site)
Version: v1.15.0.0
Processing /home/chaos/lustre/ASTERISK-sim/data/alignment/31_1X_S21_1e6_1.2... 
#Base: 129322074
#Species: 21
#Rounds: 1
#Samples: 0
#Threads: 16
#NNI moves:1/60
(((((((((((T60,T50),T130),((T120,T100),T180)),(((T110,T70),T80),T10)),T0),(T160,T190)),(((T150,T20),T200),T170)),T40),T30),T90),T140);
Initial score: 1.53593e+08
Initial tree: (((T120,T100),(((T60,T50),T130),((((T110,T70),T80),T10),(T0,((T160,T190),((((T150,T20),T200),T170),(T40,(T30,(T90,T140))))))))),T180);
*** Subsample Process ***
Current score: 1.53593e+08
Current tree: (((T120,T100),(((T60,T50),T130),((((T110,T70),T80),T10),(T0,((T160,T190),((((T150,T20),T200),T170),(T40,(T30,(T90,T140))))))))),T180);
Final Tree: (((T120,T100),(((T60,T50),T130),((((T110,T70),T80),T10),(T0,((T160,T190),((((T150,T20),T200),T170),(T40,(T30,(T90,T140))))))))),T180);
Score: 1.53593e+08

real	0m28.208s
user	4m18.559s
sys	0m1.160s
