Massive-scale Alignment-based Species Tree EstimatoR (Site)
Version: v1.15.0.0
Processing /home/chaos/lustre/ASTERISK-sim/data/alignment/33_1X_S21_1e6_1.2... 
#Base: 90942306
#Species: 21
#Rounds: 1
#Samples: 0
#Threads: 16
#NNI moves:0/60
((((((((((((T30,T90),T40),(T80,T110)),(T160,T120)),T100),T140),T0),((T20,T130),T180)),((T190,T50),T150)),T70),((T10,T60),T170)),T200);
Initial score: 1.88389e+08
Initial tree: (((((((T30,T90),T40),(T80,T110)),(T160,T120)),T100),(T0,(((T20,T130),T180),(((T190,T50),T150),(T70,(((T10,T60),T170),T200)))))),T140);
*** Subsample Process ***
Current score: 1.88389e+08
Current tree: (((((((T30,T90),T40),(T80,T110)),(T160,T120)),T100),(T0,(((T20,T130),T180),(((T190,T50),T150),(T70,(((T10,T60),T170),T200)))))),T140);
Final Tree: (((((((T30,T90),T40),(T80,T110)),(T160,T120)),T100),(T0,(((T20,T130),T180),(((T190,T50),T150),(T70,(((T10,T60),T170),T200)))))),T140);
Score: 1.88389e+08

real	0m18.965s
user	2m49.944s
sys	0m0.830s
