Massive-scale Alignment-based Species Tree EstimatoR (Pair)
Version: v1.15.0.0
Processing /home/chaos/lustre/ASTERISK-sim/data/alignment/34_1X_S21_1e6_1.2... 
#Base: 421184526
#Species: 21
#Rounds: 1
#Samples: 0
#Threads: 16
#NNI moves:1/60
((((((((((T190,T60),T90),T30),T110),T40),(((T10,T100),(T140,T70)),T20)),(T200,T150)),((T80,T160),T0)),((T120,T50),(T170,T130))),T180);
Initial score: 6.57767e+11
Initial tree: ((T80,(T0,((((((((T190,T60),T90),T30),T110),T40),(((T10,T100),(T140,T70)),T20)),(T200,T150)),(((T120,T50),(T170,T130)),T180)))),T160);
*** Subsample Process ***
Current score: 6.57767e+11
Current tree: ((T80,(T0,((((((((T190,T60),T90),T30),T110),T40),(((T10,T100),(T140,T70)),T20)),(T200,T150)),(((T120,T50),(T170,T130)),T180)))),T160);
Final Tree: ((T80,(T0,((((((((T190,T60),T90),T30),T110),T40),(((T10,T100),(T140,T70)),T20)),(T200,T150)),(((T120,T50),(T170,T130)),T180)))),T160);
Score: 6.57767e+11

real	0m56.873s
user	9m31.953s
sys	0m1.611s
