
RAxML-NG v. 1.1.0-master released on 04.08.2022 by The Exelixis Lab.
Developed by: Alexey M. Kozlov and Alexandros Stamatakis.
Contributors: Diego Darriba, Tomas Flouri, Benoit Morel, Sarah Lutteropp, Ben Bettisworth.
Latest version: https://github.com/amkozlov/raxml-ng
Questions/problems/suggestions? Please visit: https://groups.google.com/forum/#!forum/raxml

System: AMD EPYC 7742 64-Core Processor, 128 cores, 251 GB RAM

RAxML-NG was called at 26-May-2023 01:04:14 as follows:

/home/chaos/programs/raxml-ng/raxml-ng/bin/raxml-ng --msa data/alignment/35_1X_S21_1e6_1.2.rename --tree pars{1} --model GTR+G --threads 8 --tree-constraint S21/raxml-2.polytomy --redo

Analysis options:
  run mode: ML tree search
  start tree(s): parsimony (1)
  topological constraint: S21/raxml-2.polytomy (algorithm: NEW)
  random seed: 1685088254
  tip-inner: OFF
  pattern compression: ON
  per-rate scalers: OFF
  site repeats: ON
  fast spr radius: AUTO
  spr subtree cutoff: 1.000000
  branch lengths: proportional (ML estimate, algorithm: NR-FAST)
  SIMD kernels: AVX2
  parallelization: coarse-grained (auto), PTHREADS (8 threads), thread pinning: OFF

WARNING: Running in REDO mode: existing checkpoints are ignored, and all result files will be overwritten!

[00:00:00] Reading alignment from file: data/alignment/35_1X_S21_1e6_1.2.rename
[00:00:00] Loaded alignment with 42 taxa and 5000000 sites

Alignment comprises 1 partitions and 1326048 patterns

Partition 0: noname
Model: GTR+FO+G4m
Alignment sites / patterns: 5000000 / 1326048
Gaps: 0.00 %
Invariant sites: 28.12 %


NOTE: Binary MSA file created: data/alignment/35_1X_S21_1e6_1.2.rename.raxml.rba

[00:00:06] Loading constraint tree from: S21/raxml-2.polytomy
[00:00:06] Loaded comprehensive constraint tree with 42 taxa

Parallelization scheme autoconfig: 1 worker(s) x 8 thread(s)

Parallel reduction/worker buffer size: 1 KB  / 0 KB

[00:00:06] Generating 1 parsimony starting tree(s) with 42 taxa
[00:00:12] Data distribution: max. partitions/sites/weight per thread: 1 / 165756 / 2652096
[00:00:12] Data distribution: max. searches per worker: 1

Starting ML tree search with 1 distinct starting trees

[00:00:12 -65512053.044458] Initial branch length optimization
[00:00:42 -61605087.330223] Model parameter optimization (eps = 10.000000)
[00:04:46 -59805792.886289] AUTODETECT spr round 1 (radius: 5)
[00:05:31 -59803359.715720] AUTODETECT spr round 2 (radius: 10)
[00:06:00 -59803359.715603] SPR radius for FAST iterations: 5 (autodetect)
[00:06:00 -59803359.715603] Model parameter optimization (eps = 3.000000)
[00:06:07 -59803359.455847] FAST spr round 1 (radius: 5)
[00:09:14 -59802179.821474] FAST spr round 2 (radius: 5)
[00:12:32 -59802179.821474] Model parameter optimization (eps = 1.000000)
[00:12:42 -59802179.231663] SLOW spr round 1 (radius: 5)
[00:20:06 -59802179.229682] SLOW spr round 2 (radius: 10)
[00:24:55 -59802179.229659] SLOW spr round 3 (radius: 15)
[00:25:08 -59802179.229659] SLOW spr round 4 (radius: 20)
[00:25:23 -59802179.229659] SLOW spr round 5 (radius: 25)
[00:25:36 -59802179.229659] Model parameter optimization (eps = 0.100000)

[00:25:45] ML tree search #1, logLikelihood: -59802179.184719


Optimized model parameters:

   Partition 0: noname
   Rate heterogeneity: GAMMA (4 cats, mean),  alpha: 0.919212 (ML),  weights&rates: (0.250000,0.120566) (0.250000,0.451046) (0.250000,0.985208) (0.250000,2.443180) 
   Base frequencies (ML): 0.331736 0.217026 0.264983 0.186254 
   Substitution rates (ML): 0.324933 1.873788 0.487595 1.444838 1.919859 1.000000 


Final LogLikelihood: -59802179.184719

AIC score: 119604538.369439 / AICc score: 119604538.372715 / BIC score: 119605746.614801
Free parameters (model + branch lengths): 90

Best ML tree saved to: /expanse/lustre/projects/uot138/chaos/ASTERISK-sim/data/alignment/35_1X_S21_1e6_1.2.rename.raxml.bestTree
Optimized model saved to: /expanse/lustre/projects/uot138/chaos/ASTERISK-sim/data/alignment/35_1X_S21_1e6_1.2.rename.raxml.bestModel

Execution log saved to: /expanse/lustre/projects/uot138/chaos/ASTERISK-sim/data/alignment/35_1X_S21_1e6_1.2.rename.raxml.log

Analysis started: 26-May-2023 01:04:14 / finished: 26-May-2023 01:29:59

Elapsed time: 1545.656 seconds

Consumed energy: 204.097 Wh (= 1 km in an electric car, or 5 km with an e-scooter!)

