Massive-scale Alignment-based Species Tree EstimatoR (Pair)
Version: v1.15.0.0
Processing /home/chaos/lustre/ASTERISK-sim/data/alignment/35_1X_S21_1e6_1.2... 
#Base: 438281718
#Species: 21
#Rounds: 1
#Samples: 0
#Threads: 16
#NNI moves:0/60
(((((((((((T190,T110),T50),(T120,T170)),(T100,T30)),T200),T90),((((T10,T150),T70),T0),T160)),T20),(T130,T40)),((T140,T80),T60)),T180);
Initial score: 6.80609e+11
Initial tree: ((T10,(T70,(T0,(T160,(((((((T190,T110),T50),(T120,T170)),(T100,T30)),T200),T90),(T20,((T130,T40),(((T140,T80),T60),T180)))))))),T150);
*** Subsample Process ***
Current score: 6.80609e+11
Current tree: ((T10,(T70,(T0,(T160,(((((((T190,T110),T50),(T120,T170)),(T100,T30)),T200),T90),(T20,((T130,T40),(((T140,T80),T60),T180)))))))),T150);
Final Tree: ((T10,(T70,(T0,(T160,(((((((T190,T110),T50),(T120,T170)),(T100,T30)),T200),T90),(T20,((T130,T40),(((T140,T80),T60),T180)))))))),T150);
Score: 6.80609e+11

real	0m52.258s
user	8m43.258s
sys	0m1.546s
