Massive-scale Alignment-based Species Tree EstimatoR (Site)
Version: v1.15.0.0
Processing /home/chaos/lustre/ASTERISK-sim/data/alignment/35_1X_S21_1e6_1.2... 
#Base: 98767704
#Species: 21
#Rounds: 1
#Samples: 0
#Threads: 16
#NNI moves:0/60
((((((((((T190,T110),T50),(T120,T170)),(T100,T30)),T200),T90),(((T10,T150),T70),(T0,T160))),((T130,T40),T20)),((T140,T80),T60)),T180);
Initial score: 1.5942e+08
Initial tree: ((T10,(T70,((T0,T160),(((((((T190,T110),T50),(T120,T170)),(T100,T30)),T200),T90),(((T130,T40),T20),(((T140,T80),T60),T180)))))),T150);
*** Subsample Process ***
Current score: 1.5942e+08
Current tree: ((T10,(T70,((T0,T160),(((((((T190,T110),T50),(T120,T170)),(T100,T30)),T200),T90),(((T130,T40),T20),(((T140,T80),T60),T180)))))),T150);
Final Tree: ((T10,(T70,((T0,T160),(((((((T190,T110),T50),(T120,T170)),(T100,T30)),T200),T90),(((T130,T40),T20),(((T140,T80),T60),T180)))))),T150);
Score: 1.5942e+08

real	0m19.987s
user	3m9.277s
sys	0m0.919s
