
RAxML-NG v. 1.1.0-master released on 04.08.2022 by The Exelixis Lab.
Developed by: Alexey M. Kozlov and Alexandros Stamatakis.
Contributors: Diego Darriba, Tomas Flouri, Benoit Morel, Sarah Lutteropp, Ben Bettisworth.
Latest version: https://github.com/amkozlov/raxml-ng
Questions/problems/suggestions? Please visit: https://groups.google.com/forum/#!forum/raxml

System: AMD EPYC 7742 64-Core Processor, 128 cores, 251 GB RAM

RAxML-NG was called at 26-May-2023 01:04:13 as follows:

/home/chaos/programs/raxml-ng/raxml-ng/bin/raxml-ng --msa data/alignment/36_1X_S21_1e6_1.2.rename --tree pars{1} --model GTR+G --threads 8 --tree-constraint S21/raxml-2.polytomy --redo

Analysis options:
  run mode: ML tree search
  start tree(s): parsimony (1)
  topological constraint: S21/raxml-2.polytomy (algorithm: NEW)
  random seed: 1685088253
  tip-inner: OFF
  pattern compression: ON
  per-rate scalers: OFF
  site repeats: ON
  fast spr radius: AUTO
  spr subtree cutoff: 1.000000
  branch lengths: proportional (ML estimate, algorithm: NR-FAST)
  SIMD kernels: AVX2
  parallelization: coarse-grained (auto), PTHREADS (8 threads), thread pinning: OFF

WARNING: Running in REDO mode: existing checkpoints are ignored, and all result files will be overwritten!

[00:00:00] Reading alignment from file: data/alignment/36_1X_S21_1e6_1.2.rename
[00:00:00] Loaded alignment with 42 taxa and 5000000 sites

Alignment comprises 1 partitions and 1045486 patterns

Partition 0: noname
Model: GTR+FO+G4m
Alignment sites / patterns: 5000000 / 1045486
Gaps: 0.00 %
Invariant sites: 38.34 %


NOTE: Binary MSA file created: data/alignment/36_1X_S21_1e6_1.2.rename.raxml.rba

[00:00:06] Loading constraint tree from: S21/raxml-2.polytomy
[00:00:06] Loaded comprehensive constraint tree with 42 taxa

Parallelization scheme autoconfig: 1 worker(s) x 8 thread(s)

Parallel reduction/worker buffer size: 1 KB  / 0 KB

[00:00:06] Generating 1 parsimony starting tree(s) with 42 taxa
[00:00:09] Data distribution: max. partitions/sites/weight per thread: 1 / 130686 / 2090976
[00:00:09] Data distribution: max. searches per worker: 1

Starting ML tree search with 1 distinct starting trees

[00:00:10 -55461542.321333] Initial branch length optimization
[00:00:36 -50695633.333496] Model parameter optimization (eps = 10.000000)
[00:02:57 -49499168.212514] AUTODETECT spr round 1 (radius: 5)
[00:04:06 -49489265.884199] AUTODETECT spr round 2 (radius: 10)
[00:04:37 -49489265.882545] SPR radius for FAST iterations: 5 (autodetect)
[00:04:37 -49489265.882545] Model parameter optimization (eps = 3.000000)
[00:05:02 -49489261.463725] FAST spr round 1 (radius: 5)
[00:10:32 -49488647.591335] FAST spr round 2 (radius: 5)
[00:16:06 -49488647.590516] Model parameter optimization (eps = 1.000000)
[00:16:20 -49488647.446759] SLOW spr round 1 (radius: 5)
[00:28:33 -49488647.446627] SLOW spr round 2 (radius: 10)
[00:35:03 -49488647.446625] SLOW spr round 3 (radius: 15)
[00:35:19 -49488647.446625] SLOW spr round 4 (radius: 20)
[00:35:35 -49488647.446625] SLOW spr round 5 (radius: 25)
[00:35:51 -49488647.446625] Model parameter optimization (eps = 0.100000)

[00:35:58] ML tree search #1, logLikelihood: -49488647.427323


Optimized model parameters:

   Partition 0: noname
   Rate heterogeneity: GAMMA (4 cats, mean),  alpha: 0.765092 (ML),  weights&rates: (0.250000,0.088112) (0.250000,0.392690) (0.250000,0.946792) (0.250000,2.572405) 
   Base frequencies (ML): 0.337755 0.217993 0.219038 0.225214 
   Substitution rates (ML): 3.081525 4.432729 1.333391 2.761823 5.746515 1.000000 


Final LogLikelihood: -49488647.427323

AIC score: 98977474.854645 / AICc score: 98977474.857921 / BIC score: 98978683.100008
Free parameters (model + branch lengths): 90

Best ML tree saved to: /expanse/lustre/projects/uot138/chaos/ASTERISK-sim/data/alignment/36_1X_S21_1e6_1.2.rename.raxml.bestTree
Optimized model saved to: /expanse/lustre/projects/uot138/chaos/ASTERISK-sim/data/alignment/36_1X_S21_1e6_1.2.rename.raxml.bestModel

Execution log saved to: /expanse/lustre/projects/uot138/chaos/ASTERISK-sim/data/alignment/36_1X_S21_1e6_1.2.rename.raxml.log

Analysis started: 26-May-2023 01:04:13 / finished: 26-May-2023 01:40:12

Elapsed time: 2158.991 seconds

Consumed energy: 285.369 Wh (= 1 km in an electric car, or 7 km with an e-scooter!)

