Massive-scale Alignment-based Species Tree EstimatoR (Pair)
Version: v1.15.0.0
Processing /home/chaos/lustre/ASTERISK-sim/data/alignment/36_1X_S21_1e6_1.2... 
#Base: 373068696
#Species: 21
#Rounds: 1
#Samples: 0
#Threads: 16
#NNI moves:0/60
(((((((((((T180,T60),T160),(T150,T190)),(T120,T100)),(((T90,T40),T140),(T10,T80))),((T70,T170),T0)),T110),(T130,T50)),T200),T30),T20);
Initial score: 6.07165e+11
Initial tree: ((T70,(T0,((((((T180,T60),T160),(T150,T190)),(T120,T100)),(((T90,T40),T140),(T10,T80))),(T110,((T130,T50),(T200,(T30,T20))))))),T170);
*** Subsample Process ***
Current score: 6.07165e+11
Current tree: ((T70,(T0,((((((T180,T60),T160),(T150,T190)),(T120,T100)),(((T90,T40),T140),(T10,T80))),(T110,((T130,T50),(T200,(T30,T20))))))),T170);
Final Tree: ((T70,(T0,((((((T180,T60),T160),(T150,T190)),(T120,T100)),(((T90,T40),T140),(T10,T80))),(T110,((T130,T50),(T200,(T30,T20))))))),T170);
Score: 6.07165e+11

real	0m47.013s
user	7m23.621s
sys	0m1.391s
