
RAxML-NG v. 1.1.0-master released on 04.08.2022 by The Exelixis Lab.
Developed by: Alexey M. Kozlov and Alexandros Stamatakis.
Contributors: Diego Darriba, Tomas Flouri, Benoit Morel, Sarah Lutteropp, Ben Bettisworth.
Latest version: https://github.com/amkozlov/raxml-ng
Questions/problems/suggestions? Please visit: https://groups.google.com/forum/#!forum/raxml

System: AMD EPYC 7742 64-Core Processor, 128 cores, 251 GB RAM

RAxML-NG was called at 26-May-2023 01:04:14 as follows:

/home/chaos/programs/raxml-ng/raxml-ng/bin/raxml-ng --msa data/alignment/37_1X_S21_1e6_1.2.rename --tree pars{1} --model GTR+G --threads 8 --tree-constraint S21/raxml-2.polytomy --redo

Analysis options:
  run mode: ML tree search
  start tree(s): parsimony (1)
  topological constraint: S21/raxml-2.polytomy (algorithm: NEW)
  random seed: 1685088254
  tip-inner: OFF
  pattern compression: ON
  per-rate scalers: OFF
  site repeats: ON
  fast spr radius: AUTO
  spr subtree cutoff: 1.000000
  branch lengths: proportional (ML estimate, algorithm: NR-FAST)
  SIMD kernels: AVX2
  parallelization: coarse-grained (auto), PTHREADS (8 threads), thread pinning: OFF

WARNING: Running in REDO mode: existing checkpoints are ignored, and all result files will be overwritten!

[00:00:00] Reading alignment from file: data/alignment/37_1X_S21_1e6_1.2.rename
[00:00:00] Loaded alignment with 42 taxa and 5000000 sites

Alignment comprises 1 partitions and 1029915 patterns

Partition 0: noname
Model: GTR+FO+G4m
Alignment sites / patterns: 5000000 / 1029915
Gaps: 0.00 %
Invariant sites: 35.41 %


NOTE: Binary MSA file created: data/alignment/37_1X_S21_1e6_1.2.rename.raxml.rba

[00:00:05] Loading constraint tree from: S21/raxml-2.polytomy
[00:00:05] Loaded comprehensive constraint tree with 42 taxa

Parallelization scheme autoconfig: 1 worker(s) x 8 thread(s)

Parallel reduction/worker buffer size: 1 KB  / 0 KB

[00:00:05] Generating 1 parsimony starting tree(s) with 42 taxa
[00:00:08] Data distribution: max. partitions/sites/weight per thread: 1 / 128740 / 2059840
[00:00:08] Data distribution: max. searches per worker: 1

Starting ML tree search with 1 distinct starting trees

[00:00:08 -57283826.718705] Initial branch length optimization
[00:00:31 -52978402.596467] Model parameter optimization (eps = 10.000000)
[00:02:58 -50369778.364421] AUTODETECT spr round 1 (radius: 5)
[00:03:43 -50369778.364101] SPR radius for FAST iterations: 5 (autodetect)
[00:03:43 -50369778.364101] Model parameter optimization (eps = 3.000000)
[00:03:54 -50369776.848354] FAST spr round 1 (radius: 5)
[00:07:38 -50367972.593798] FAST spr round 2 (radius: 5)
[00:11:26 -50367661.922620] FAST spr round 3 (radius: 5)
[00:15:18 -50367661.922598] Model parameter optimization (eps = 1.000000)
[00:15:27 -50367661.626868] SLOW spr round 1 (radius: 5)
[00:23:52 -50367661.626679] SLOW spr round 2 (radius: 10)
[00:28:21 -50367661.626677] SLOW spr round 3 (radius: 15)
[00:28:33 -50367661.626677] SLOW spr round 4 (radius: 20)
[00:28:45 -50367661.626677] SLOW spr round 5 (radius: 25)
[00:28:57 -50367661.626677] Model parameter optimization (eps = 0.100000)

[00:29:13] ML tree search #1, logLikelihood: -50367661.441129


Optimized model parameters:

   Partition 0: noname
   Rate heterogeneity: GAMMA (4 cats, mean),  alpha: 0.897532 (ML),  weights&rates: (0.250000,0.116083) (0.250000,0.443628) (0.250000,0.980705) (0.250000,2.459585) 
   Base frequencies (ML): 0.382017 0.164738 0.181435 0.271809 
   Substitution rates (ML): 0.658719 2.146652 0.123142 0.701465 2.449456 1.000000 


Final LogLikelihood: -50367661.441129

AIC score: 100735502.882258 / AICc score: 100735502.885534 / BIC score: 100736711.127620
Free parameters (model + branch lengths): 90

Best ML tree saved to: /expanse/lustre/projects/uot138/chaos/ASTERISK-sim/data/alignment/37_1X_S21_1e6_1.2.rename.raxml.bestTree
Optimized model saved to: /expanse/lustre/projects/uot138/chaos/ASTERISK-sim/data/alignment/37_1X_S21_1e6_1.2.rename.raxml.bestModel

Execution log saved to: /expanse/lustre/projects/uot138/chaos/ASTERISK-sim/data/alignment/37_1X_S21_1e6_1.2.rename.raxml.log

Analysis started: 26-May-2023 01:04:14 / finished: 26-May-2023 01:33:27

Elapsed time: 1753.760 seconds

Consumed energy: 231.748 Wh (= 1 km in an electric car, or 6 km with an e-scooter!)

