Massive-scale Alignment-based Species Tree EstimatoR (Pair)
Version: v1.15.0.0
Processing /home/chaos/lustre/ASTERISK-sim/data/alignment/37_1X_S21_1e6_1.2... 
#Base: 394555602
#Species: 21
#Rounds: 1
#Samples: 0
#Threads: 16
#NNI moves:0/60
(((((((((((T50,T40),(T60,T140)),T30),(T0,T190)),((T90,T170),T100)),(T180,T80)),(T130,T10)),(T150,T110)),((T200,T160),T70)),T20),T120);
Initial score: 6.31066e+11
Initial tree: ((T50,((T60,T140),(T30,((T0,T190),(((T90,T170),T100),((T180,T80),((T130,T10),((T150,T110),(((T200,T160),T70),(T20,T120)))))))))),T40);
*** Subsample Process ***
Current score: 6.31066e+11
Current tree: ((T50,((T60,T140),(T30,((T0,T190),(((T90,T170),T100),((T180,T80),((T130,T10),((T150,T110),(((T200,T160),T70),(T20,T120)))))))))),T40);
Final Tree: ((T50,((T60,T140),(T30,((T0,T190),(((T90,T170),T100),((T180,T80),((T130,T10),((T150,T110),(((T200,T160),T70),(T20,T120)))))))))),T40);
Score: 6.31066e+11

real	0m48.715s
user	7m55.413s
sys	0m1.425s
