Massive-scale Alignment-based Species Tree EstimatoR (Site)
Version: v1.15.0.0
Processing /home/chaos/lustre/ASTERISK-sim/data/alignment/38_1X_S21_1e6_1.2... 
#Base: 95880078
#Species: 21
#Rounds: 1
#Samples: 0
#Threads: 16
#NNI moves:0/60
((((((((T20,T200),T40),(T70,T130)),(((T10,T90),T50),T180)),((((T30,T100),T140),(T120,T160)),T110)),(((T80,T60),T190),T0)),T170),T150);
Initial score: 1.51224e+08
Initial tree: ((((T10,T90),T50),((((T20,T200),T40),(T70,T130)),(((((T30,T100),T140),(T120,T160)),T110),((((T80,T60),T190),T0),(T170,T150))))),T180);
*** Subsample Process ***
Current score: 1.51224e+08
Current tree: ((((T10,T90),T50),((((T20,T200),T40),(T70,T130)),(((((T30,T100),T140),(T120,T160)),T110),((((T80,T60),T190),T0),(T170,T150))))),T180);
Final Tree: ((((T10,T90),T50),((((T20,T200),T40),(T70,T130)),(((((T30,T100),T140),(T120,T160)),T110),((((T80,T60),T190),T0),(T170,T150))))),T180);
Score: 1.51224e+08

real	0m18.994s
user	3m1.040s
sys	0m0.858s
