Massive-scale Alignment-based Species Tree EstimatoR (Pair)
Version: v1.15.0.0
Processing /home/chaos/lustre/ASTERISK-sim/data/alignment/39_1X_S21_1e6_1.2... 
#Base: 431964162
#Species: 21
#Rounds: 1
#Samples: 0
#Threads: 16
#NNI moves:1/60
(((((((((T110,T20),(T30,T140)),T170),(T130,T0)),(((T200,T80),T70),T100)),T120),((((T10,T180),(T90,T50)),T190),T40)),(T160,T150)),T60);
Initial score: 6.39532e+11
Initial tree: ((T0,((((T110,T20),(T30,T140)),T170),((((T200,T80),T70),T100),(T120,(((((T10,T180),(T90,T50)),T190),T40),((T160,T150),T60)))))),T130);
*** Subsample Process ***
Current score: 6.39532e+11
Current tree: ((T0,((((T110,T20),(T30,T140)),T170),((((T200,T80),T70),T100),(T120,(((((T10,T180),(T90,T50)),T190),T40),((T160,T150),T60)))))),T130);
Final Tree: ((T0,((((T110,T20),(T30,T140)),T170),((((T200,T80),T70),T100),(T120,(((((T10,T180),(T90,T50)),T190),T40),((T160,T150),T60)))))),T130);
Score: 6.39532e+11

real	0m51.325s
user	8m40.092s
sys	0m1.489s
