Massive-scale Alignment-based Species Tree EstimatoR (Site)
Version: v1.15.0.0
Processing /home/chaos/lustre/ASTERISK-sim/data/alignment/39_1X_S21_1e6_1.2... 
#Base: 101719968
#Species: 21
#Rounds: 1
#Samples: 0
#Threads: 16
#NNI moves:1/60
(((((((((T110,T20),(T30,T140)),T170),T130),(T0,(((T200,T80),T70),T100))),T120),((((T10,T180),(T90,T50)),T190),T40)),(T160,T150)),T60);
Initial score: 1.51012e+08
Initial tree: (((((T110,T20),(T30,T140)),T170),((T0,(((T200,T80),T70),T100)),(T120,(((((T10,T180),(T90,T50)),T190),T40),((T160,T150),T60))))),T130);
*** Subsample Process ***
Current score: 1.51012e+08
Current tree: (((((T110,T20),(T30,T140)),T170),((T0,(((T200,T80),T70),T100)),(T120,(((((T10,T180),(T90,T50)),T190),T40),((T160,T150),T60))))),T130);
Final Tree: (((((T110,T20),(T30,T140)),T170),((T0,(((T200,T80),T70),T100)),(T120,(((((T10,T180),(T90,T50)),T190),T40),((T160,T150),T60))))),T130);
Score: 1.51012e+08

real	0m20.628s
user	3m17.874s
sys	0m0.851s
