
RAxML-NG v. 1.1.0-master released on 04.08.2022 by The Exelixis Lab.
Developed by: Alexey M. Kozlov and Alexandros Stamatakis.
Contributors: Diego Darriba, Tomas Flouri, Benoit Morel, Sarah Lutteropp, Ben Bettisworth.
Latest version: https://github.com/amkozlov/raxml-ng
Questions/problems/suggestions? Please visit: https://groups.google.com/forum/#!forum/raxml

System: AMD EPYC 7742 64-Core Processor, 128 cores, 251 GB RAM

RAxML-NG was called at 26-May-2023 01:04:14 as follows:

/home/chaos/programs/raxml-ng/raxml-ng/bin/raxml-ng --msa data/alignment/39_1X_S21_1e6_1.2.rename --tree pars{1} --model GTR+G --threads 8 --tree-constraint S21/raxml-2.polytomy --redo

Analysis options:
  run mode: ML tree search
  start tree(s): parsimony (1)
  topological constraint: S21/raxml-2.polytomy (algorithm: NEW)
  random seed: 1685088254
  tip-inner: OFF
  pattern compression: ON
  per-rate scalers: OFF
  site repeats: ON
  fast spr radius: AUTO
  spr subtree cutoff: 1.000000
  branch lengths: proportional (ML estimate, algorithm: NR-FAST)
  SIMD kernels: AVX2
  parallelization: coarse-grained (auto), PTHREADS (8 threads), thread pinning: OFF

WARNING: Running in REDO mode: existing checkpoints are ignored, and all result files will be overwritten!

[00:00:00] Reading alignment from file: data/alignment/39_1X_S21_1e6_1.2.rename
[00:00:00] Loaded alignment with 42 taxa and 5000000 sites

Alignment comprises 1 partitions and 1414683 patterns

Partition 0: noname
Model: GTR+FO+G4m
Alignment sites / patterns: 5000000 / 1414683
Gaps: 0.00 %
Invariant sites: 29.41 %


NOTE: Binary MSA file created: data/alignment/39_1X_S21_1e6_1.2.rename.raxml.rba

[00:00:05] Loading constraint tree from: S21/raxml-2.polytomy
[00:00:05] Loaded comprehensive constraint tree with 42 taxa

Parallelization scheme autoconfig: 1 worker(s) x 8 thread(s)

Parallel reduction/worker buffer size: 1 KB  / 0 KB

[00:00:05] Generating 1 parsimony starting tree(s) with 42 taxa
[00:00:10] Data distribution: max. partitions/sites/weight per thread: 1 / 176836 / 2829376
[00:00:10] Data distribution: max. searches per worker: 1

Starting ML tree search with 1 distinct starting trees

[00:00:11 -69001174.505425] Initial branch length optimization
[00:00:41 -65473086.693788] Model parameter optimization (eps = 10.000000)
[00:05:52 -61669247.492283] AUTODETECT spr round 1 (radius: 5)
[00:07:06 -61669247.486196] SPR radius for FAST iterations: 5 (autodetect)
[00:07:06 -61669247.486196] Model parameter optimization (eps = 3.000000)
[00:07:30 -61669246.264202] FAST spr round 1 (radius: 5)
[00:14:53 -61669246.263558] Model parameter optimization (eps = 1.000000)
[00:15:11 -61669246.234378] SLOW spr round 1 (radius: 5)
[00:29:39 -61669246.234332] SLOW spr round 2 (radius: 10)
[00:38:43 -61669246.234331] SLOW spr round 3 (radius: 15)
[00:39:02 -61669246.234331] SLOW spr round 4 (radius: 20)
[00:39:22 -61669246.234331] SLOW spr round 5 (radius: 25)
[00:39:41 -61669246.234331] Model parameter optimization (eps = 0.100000)

[00:40:23] ML tree search #1, logLikelihood: -61669245.944171


Optimized model parameters:

   Partition 0: noname
   Rate heterogeneity: GAMMA (4 cats, mean),  alpha: 0.714886 (ML),  weights&rates: (0.250000,0.077370) (0.250000,0.370470) (0.250000,0.930262) (0.250000,2.621898) 
   Base frequencies (ML): 0.331324 0.245327 0.182759 0.240590 
   Substitution rates (ML): 0.966355 15.745070 4.795536 5.062387 12.250541 1.000000 


Final LogLikelihood: -61669245.944171

AIC score: 123338671.888342 / AICc score: 123338671.891618 / BIC score: 123339880.133704
Free parameters (model + branch lengths): 90

Best ML tree saved to: /expanse/lustre/projects/uot138/chaos/ASTERISK-sim/data/alignment/39_1X_S21_1e6_1.2.rename.raxml.bestTree
Optimized model saved to: /expanse/lustre/projects/uot138/chaos/ASTERISK-sim/data/alignment/39_1X_S21_1e6_1.2.rename.raxml.bestModel

Execution log saved to: /expanse/lustre/projects/uot138/chaos/ASTERISK-sim/data/alignment/39_1X_S21_1e6_1.2.rename.raxml.log

Analysis started: 26-May-2023 01:04:14 / finished: 26-May-2023 01:44:38

Elapsed time: 2423.480 seconds

Consumed energy: 300.881 Wh (= 2 km in an electric car, or 8 km with an e-scooter!)

