
RAxML-NG v. 1.1.0-master released on 04.08.2022 by The Exelixis Lab.
Developed by: Alexey M. Kozlov and Alexandros Stamatakis.
Contributors: Diego Darriba, Tomas Flouri, Benoit Morel, Sarah Lutteropp, Ben Bettisworth.
Latest version: https://github.com/amkozlov/raxml-ng
Questions/problems/suggestions? Please visit: https://groups.google.com/forum/#!forum/raxml

System: AMD EPYC 7742 64-Core Processor, 128 cores, 251 GB RAM

RAxML-NG was called at 26-May-2023 01:04:13 as follows:

/home/chaos/programs/raxml-ng/raxml-ng/bin/raxml-ng --msa data/alignment/3_1X_S21_1e6_1.2.rename --tree pars{1} --model GTR+G --threads 8 --tree-constraint S21/raxml-2.polytomy --redo

Analysis options:
  run mode: ML tree search
  start tree(s): parsimony (1)
  topological constraint: S21/raxml-2.polytomy (algorithm: NEW)
  random seed: 1685088253
  tip-inner: OFF
  pattern compression: ON
  per-rate scalers: OFF
  site repeats: ON
  fast spr radius: AUTO
  spr subtree cutoff: 1.000000
  branch lengths: proportional (ML estimate, algorithm: NR-FAST)
  SIMD kernels: AVX2
  parallelization: coarse-grained (auto), PTHREADS (8 threads), thread pinning: OFF

WARNING: Running in REDO mode: existing checkpoints are ignored, and all result files will be overwritten!

[00:00:00] Reading alignment from file: data/alignment/3_1X_S21_1e6_1.2.rename
[00:00:00] Loaded alignment with 42 taxa and 5000000 sites

Alignment comprises 1 partitions and 1017112 patterns

Partition 0: noname
Model: GTR+FO+G4m
Alignment sites / patterns: 5000000 / 1017112
Gaps: 0.00 %
Invariant sites: 42.17 %


NOTE: Binary MSA file created: data/alignment/3_1X_S21_1e6_1.2.rename.raxml.rba

[00:00:04] Loading constraint tree from: S21/raxml-2.polytomy
[00:00:04] Loaded comprehensive constraint tree with 42 taxa

Parallelization scheme autoconfig: 1 worker(s) x 8 thread(s)

Parallel reduction/worker buffer size: 1 KB  / 0 KB

[00:00:04] Generating 1 parsimony starting tree(s) with 42 taxa
[00:00:09] Data distribution: max. partitions/sites/weight per thread: 1 / 127139 / 2034224
[00:00:09] Data distribution: max. searches per worker: 1

Starting ML tree search with 1 distinct starting trees

[00:00:09 -53960851.069092] Initial branch length optimization
[00:00:27 -49388343.476069] Model parameter optimization (eps = 10.000000)
[00:03:42 -47557020.659630] AUTODETECT spr round 1 (radius: 5)
[00:04:22 -47557020.654684] SPR radius for FAST iterations: 5 (autodetect)
[00:04:22 -47557020.654684] Model parameter optimization (eps = 3.000000)
[00:04:31 -47557019.578477] FAST spr round 1 (radius: 5)
[00:07:35 -47556020.918049] FAST spr round 2 (radius: 5)
[00:10:46 -47556020.918012] Model parameter optimization (eps = 1.000000)
[00:10:53 -47556020.462543] SLOW spr round 1 (radius: 5)
[00:17:28 -47556020.462508] SLOW spr round 2 (radius: 10)
[00:21:26 -47556020.462508] SLOW spr round 3 (radius: 15)
[00:21:38 -47556020.462508] SLOW spr round 4 (radius: 20)
[00:21:51 -47556020.462508] SLOW spr round 5 (radius: 25)
[00:22:03 -47556020.462508] Model parameter optimization (eps = 0.100000)

[00:22:12] ML tree search #1, logLikelihood: -47556020.408230


Optimized model parameters:

   Partition 0: noname
   Rate heterogeneity: GAMMA (4 cats, mean),  alpha: 0.672449 (ML),  weights&rates: (0.250000,0.068316) (0.250000,0.350236) (0.250000,0.914215) (0.250000,2.667233) 
   Base frequencies (ML): 0.366599 0.122001 0.220310 0.291090 
   Substitution rates (ML): 3.533852 4.237444 0.995474 1.424607 4.222498 1.000000 


Final LogLikelihood: -47556020.408230

AIC score: 95112220.816460 / AICc score: 95112220.819736 / BIC score: 95113429.061823
Free parameters (model + branch lengths): 90

Best ML tree saved to: /expanse/lustre/projects/uot138/chaos/ASTERISK-sim/data/alignment/3_1X_S21_1e6_1.2.rename.raxml.bestTree
Optimized model saved to: /expanse/lustre/projects/uot138/chaos/ASTERISK-sim/data/alignment/3_1X_S21_1e6_1.2.rename.raxml.bestModel

Execution log saved to: /expanse/lustre/projects/uot138/chaos/ASTERISK-sim/data/alignment/3_1X_S21_1e6_1.2.rename.raxml.log

Analysis started: 26-May-2023 01:04:13 / finished: 26-May-2023 01:26:26

Elapsed time: 1332.747 seconds

Consumed energy: 115.516 Wh

