Massive-scale Alignment-based Species Tree EstimatoR (Pair)
Version: v1.15.0.0
Processing /home/chaos/lustre/ASTERISK-sim/data/alignment/40_1X_S21_1e6_1.2... 
#Base: 410156502
#Species: 21
#Rounds: 1
#Samples: 0
#Threads: 16
#NNI moves:0/60
(((((((((((((T80,T90),T190),T60),T70),((T160,T130),T50)),(T10,T150)),(T110,T200)),(T140,T20)),(T0,T170)),T30),T180),(T120,T40)),T100);
Initial score: 6.41129e+11
Initial tree: ((T0,(((((((((T80,T90),T190),T60),T70),((T160,T130),T50)),(T10,T150)),(T110,T200)),(T140,T20)),(T30,(T180,((T120,T40),T100))))),T170);
*** Subsample Process ***
Current score: 6.41129e+11
Current tree: ((T0,(((((((((T80,T90),T190),T60),T70),((T160,T130),T50)),(T10,T150)),(T110,T200)),(T140,T20)),(T30,(T180,((T120,T40),T100))))),T170);
Final Tree: ((T0,(((((((((T80,T90),T190),T60),T70),((T160,T130),T50)),(T10,T150)),(T110,T200)),(T140,T20)),(T30,(T180,((T120,T40),T100))))),T170);
Score: 6.41129e+11

real	0m47.532s
user	7m59.859s
sys	0m1.325s
