Massive-scale Alignment-based Species Tree EstimatoR (Site)
Version: v1.15.0.0
Processing /home/chaos/lustre/ASTERISK-sim/data/alignment/40_1X_S21_1e6_1.2... 
#Base: 90634782
#Species: 21
#Rounds: 1
#Samples: 0
#Threads: 16
#NNI moves:0/60
(((((((((((((T80,T90),T190),T60),T70),((T160,T130),T50)),(T10,T150)),(T110,T200)),(T140,T20)),(T0,T170)),T30),T180),(T120,T40)),T100);
Initial score: 1.16173e+08
Initial tree: ((T0,(((((((((T80,T90),T190),T60),T70),((T160,T130),T50)),(T10,T150)),(T110,T200)),(T140,T20)),(T30,(T180,((T120,T40),T100))))),T170);
*** Subsample Process ***
Current score: 1.16173e+08
Current tree: ((T0,(((((((((T80,T90),T190),T60),T70),((T160,T130),T50)),(T10,T150)),(T110,T200)),(T140,T20)),(T30,(T180,((T120,T40),T100))))),T170);
Final Tree: ((T0,(((((((((T80,T90),T190),T60),T70),((T160,T130),T50)),(T10,T150)),(T110,T200)),(T140,T20)),(T30,(T180,((T120,T40),T100))))),T170);
Score: 1.16173e+08

real	0m20.187s
user	2m49.079s
sys	0m0.863s
