
RAxML-NG v. 1.1.0-master released on 04.08.2022 by The Exelixis Lab.
Developed by: Alexey M. Kozlov and Alexandros Stamatakis.
Contributors: Diego Darriba, Tomas Flouri, Benoit Morel, Sarah Lutteropp, Ben Bettisworth.
Latest version: https://github.com/amkozlov/raxml-ng
Questions/problems/suggestions? Please visit: https://groups.google.com/forum/#!forum/raxml

System: AMD EPYC 7742 64-Core Processor, 128 cores, 251 GB RAM

RAxML-NG was called at 26-May-2023 01:04:14 as follows:

/home/chaos/programs/raxml-ng/raxml-ng/bin/raxml-ng --msa data/alignment/41_1X_S21_1e6_1.2.rename --tree pars{1} --model GTR+G --threads 8 --tree-constraint S21/raxml-2.polytomy --redo

Analysis options:
  run mode: ML tree search
  start tree(s): parsimony (1)
  topological constraint: S21/raxml-2.polytomy (algorithm: NEW)
  random seed: 1685088254
  tip-inner: OFF
  pattern compression: ON
  per-rate scalers: OFF
  site repeats: ON
  fast spr radius: AUTO
  spr subtree cutoff: 1.000000
  branch lengths: proportional (ML estimate, algorithm: NR-FAST)
  SIMD kernels: AVX2
  parallelization: coarse-grained (auto), PTHREADS (8 threads), thread pinning: OFF

WARNING: Running in REDO mode: existing checkpoints are ignored, and all result files will be overwritten!

[00:00:00] Reading alignment from file: data/alignment/41_1X_S21_1e6_1.2.rename
[00:00:00] Loaded alignment with 42 taxa and 5000000 sites

Alignment comprises 1 partitions and 1209216 patterns

Partition 0: noname
Model: GTR+FO+G4m
Alignment sites / patterns: 5000000 / 1209216
Gaps: 0.00 %
Invariant sites: 36.53 %


NOTE: Binary MSA file created: data/alignment/41_1X_S21_1e6_1.2.rename.raxml.rba

[00:00:05] Loading constraint tree from: S21/raxml-2.polytomy
[00:00:05] Loaded comprehensive constraint tree with 42 taxa

Parallelization scheme autoconfig: 1 worker(s) x 8 thread(s)

Parallel reduction/worker buffer size: 1 KB  / 0 KB

[00:00:05] Generating 1 parsimony starting tree(s) with 42 taxa
[00:00:10] Data distribution: max. partitions/sites/weight per thread: 1 / 151152 / 2418432
[00:00:10] Data distribution: max. searches per worker: 1

Starting ML tree search with 1 distinct starting trees

[00:00:10 -61702765.483941] Initial branch length optimization
[00:00:28 -57809661.391623] Model parameter optimization (eps = 10.000000)
[00:02:53 -55000204.092652] AUTODETECT spr round 1 (radius: 5)
[00:03:44 -54996972.952017] AUTODETECT spr round 2 (radius: 10)
[00:04:06 -54996972.949959] SPR radius for FAST iterations: 5 (autodetect)
[00:04:06 -54996972.949959] Model parameter optimization (eps = 3.000000)
[00:04:14 -54996972.749003] FAST spr round 1 (radius: 5)
[00:08:10 -54996496.690144] FAST spr round 2 (radius: 5)
[00:12:18 -54996496.690124] Model parameter optimization (eps = 1.000000)
[00:12:27 -54996496.081959] SLOW spr round 1 (radius: 5)
[00:22:57 -54996496.080609] SLOW spr round 2 (radius: 10)
[00:29:09 -54996496.080576] SLOW spr round 3 (radius: 15)
[00:29:25 -54996496.080576] SLOW spr round 4 (radius: 20)
[00:29:41 -54996496.080576] SLOW spr round 5 (radius: 25)
[00:29:56 -54996496.080576] Model parameter optimization (eps = 0.100000)

[00:30:07] ML tree search #1, logLikelihood: -54996496.040180


Optimized model parameters:

   Partition 0: noname
   Rate heterogeneity: GAMMA (4 cats, mean),  alpha: 0.611114 (ML),  weights&rates: (0.250000,0.055408) (0.250000,0.318394) (0.250000,0.886885) (0.250000,2.739313) 
   Base frequencies (ML): 0.281717 0.249363 0.237887 0.231033 
   Substitution rates (ML): 0.344357 2.889318 1.196772 0.879283 4.900610 1.000000 


Final LogLikelihood: -54996496.040180

AIC score: 109993172.080361 / AICc score: 109993172.083637 / BIC score: 109994380.325723
Free parameters (model + branch lengths): 90

Best ML tree saved to: /expanse/lustre/projects/uot138/chaos/ASTERISK-sim/data/alignment/41_1X_S21_1e6_1.2.rename.raxml.bestTree
Optimized model saved to: /expanse/lustre/projects/uot138/chaos/ASTERISK-sim/data/alignment/41_1X_S21_1e6_1.2.rename.raxml.bestModel

Execution log saved to: /expanse/lustre/projects/uot138/chaos/ASTERISK-sim/data/alignment/41_1X_S21_1e6_1.2.rename.raxml.log

Analysis started: 26-May-2023 01:04:14 / finished: 26-May-2023 01:34:22

Elapsed time: 1807.543 seconds

Consumed energy: 246.453 Wh (= 1 km in an electric car, or 6 km with an e-scooter!)

