Massive-scale Alignment-based Species Tree EstimatoR (Pair)
Version: v1.15.0.0
Processing /home/chaos/lustre/ASTERISK-sim/data/alignment/41_1X_S21_1e6_1.2... 
#Base: 386118936
#Species: 21
#Rounds: 1
#Samples: 0
#Threads: 16
#NNI moves:0/60
((((((((((((T80,T150),T100),T140),(T130,T120)),T190),((T160,T70),T0)),(T10,T180)),(((T60,T90),T50),T40)),T110),(T170,T30)),T200),T20);
Initial score: 6.05868e+11
Initial tree: ((T130,((((T80,T150),T100),T140),(T190,(((T160,T70),T0),((T10,T180),((((T60,T90),T50),T40),(T110,((T170,T30),(T200,T20))))))))),T120);
*** Subsample Process ***
Current score: 6.05868e+11
Current tree: ((T130,((((T80,T150),T100),T140),(T190,(((T160,T70),T0),((T10,T180),((((T60,T90),T50),T40),(T110,((T170,T30),(T200,T20))))))))),T120);
Final Tree: ((T130,((((T80,T150),T100),T140),(T190,(((T160,T70),T0),((T10,T180),((((T60,T90),T50),T40),(T110,((T170,T30),(T200,T20))))))))),T120);
Score: 6.05868e+11

real	0m46.605s
user	7m33.818s
sys	0m1.423s
