Massive-scale Alignment-based Species Tree EstimatoR (Site)
Version: v1.15.0.0
Processing /home/chaos/lustre/ASTERISK-sim/data/alignment/41_1X_S21_1e6_1.2... 
#Base: 84520842
#Species: 21
#Rounds: 1
#Samples: 0
#Threads: 16
#NNI moves:0/60
((((((((((((T80,T150),T100),T140),(T130,T120)),T190),((T160,T70),T0)),(T10,T180)),(((T60,T90),T50),T40)),T110),(T170,T30)),T200),T20);
Initial score: 8.71405e+07
Initial tree: ((T130,((((T80,T150),T100),T140),(T190,(((T160,T70),T0),((T10,T180),((((T60,T90),T50),T40),(T110,((T170,T30),(T200,T20))))))))),T120);
*** Subsample Process ***
Current score: 8.71405e+07
Current tree: ((T130,((((T80,T150),T100),T140),(T190,(((T160,T70),T0),((T10,T180),((((T60,T90),T50),T40),(T110,((T170,T30),(T200,T20))))))))),T120);
Final Tree: ((T130,((((T80,T150),T100),T140),(T190,(((T160,T70),T0),((T10,T180),((((T60,T90),T50),T40),(T110,((T170,T30),(T200,T20))))))))),T120);
Score: 8.71405e+07

real	0m16.641s
user	2m35.655s
sys	0m0.870s
