
RAxML-NG v. 1.1.0-master released on 04.08.2022 by The Exelixis Lab.
Developed by: Alexey M. Kozlov and Alexandros Stamatakis.
Contributors: Diego Darriba, Tomas Flouri, Benoit Morel, Sarah Lutteropp, Ben Bettisworth.
Latest version: https://github.com/amkozlov/raxml-ng
Questions/problems/suggestions? Please visit: https://groups.google.com/forum/#!forum/raxml

System: AMD EPYC 7742 64-Core Processor, 128 cores, 251 GB RAM

RAxML-NG was called at 26-May-2023 01:04:14 as follows:

/home/chaos/programs/raxml-ng/raxml-ng/bin/raxml-ng --msa data/alignment/42_1X_S21_1e6_1.2.rename --tree pars{1} --model GTR+G --threads 8 --tree-constraint S21/raxml-2.polytomy --redo

Analysis options:
  run mode: ML tree search
  start tree(s): parsimony (1)
  topological constraint: S21/raxml-2.polytomy (algorithm: NEW)
  random seed: 1685088254
  tip-inner: OFF
  pattern compression: ON
  per-rate scalers: OFF
  site repeats: ON
  fast spr radius: AUTO
  spr subtree cutoff: 1.000000
  branch lengths: proportional (ML estimate, algorithm: NR-FAST)
  SIMD kernels: AVX2
  parallelization: coarse-grained (auto), PTHREADS (8 threads), thread pinning: OFF

WARNING: Running in REDO mode: existing checkpoints are ignored, and all result files will be overwritten!

[00:00:00] Reading alignment from file: data/alignment/42_1X_S21_1e6_1.2.rename
[00:00:00] Loaded alignment with 42 taxa and 5000000 sites

Alignment comprises 1 partitions and 1131477 patterns

Partition 0: noname
Model: GTR+FO+G4m
Alignment sites / patterns: 5000000 / 1131477
Gaps: 0.00 %
Invariant sites: 29.47 %


NOTE: Binary MSA file created: data/alignment/42_1X_S21_1e6_1.2.rename.raxml.rba

[00:00:05] Loading constraint tree from: S21/raxml-2.polytomy
[00:00:05] Loaded comprehensive constraint tree with 42 taxa

Parallelization scheme autoconfig: 1 worker(s) x 8 thread(s)

Parallel reduction/worker buffer size: 1 KB  / 0 KB

[00:00:05] Generating 1 parsimony starting tree(s) with 42 taxa
[00:00:09] Data distribution: max. partitions/sites/weight per thread: 1 / 141435 / 2262960
[00:00:09] Data distribution: max. searches per worker: 1

Starting ML tree search with 1 distinct starting trees

[00:00:09 -61000726.056837] Initial branch length optimization
[00:00:34 -56962904.846445] Model parameter optimization (eps = 10.000000)
[00:03:15 -53983563.026388] AUTODETECT spr round 1 (radius: 5)
[00:03:56 -53983563.025723] SPR radius for FAST iterations: 5 (autodetect)
[00:03:56 -53983563.025723] Model parameter optimization (eps = 3.000000)
[00:04:08 -53983561.180483] FAST spr round 1 (radius: 5)
[00:07:26 -53983561.180475] Model parameter optimization (eps = 1.000000)
[00:07:32 -53983561.080711] SLOW spr round 1 (radius: 5)
[00:13:53 -53983561.080694] SLOW spr round 2 (radius: 10)
[00:18:46 -53983561.080694] SLOW spr round 3 (radius: 15)
[00:18:58 -53983561.080694] SLOW spr round 4 (radius: 20)
[00:19:10 -53983561.080694] SLOW spr round 5 (radius: 25)
[00:19:23 -53983561.080694] Model parameter optimization (eps = 0.100000)

[00:19:38] ML tree search #1, logLikelihood: -53983560.896763


Optimized model parameters:

   Partition 0: noname
   Rate heterogeneity: GAMMA (4 cats, mean),  alpha: 1.122055 (ML),  weights&rates: (0.250000,0.160644) (0.250000,0.510597) (0.250000,1.017608) (0.250000,2.311151) 
   Base frequencies (ML): 0.257793 0.166350 0.316676 0.259181 
   Substitution rates (ML): 2.724366 7.591330 0.969736 2.012239 7.287012 1.000000 


Final LogLikelihood: -53983560.896763

AIC score: 107967301.793526 / AICc score: 107967301.796802 / BIC score: 107968510.038888
Free parameters (model + branch lengths): 90

Best ML tree saved to: /expanse/lustre/projects/uot138/chaos/ASTERISK-sim/data/alignment/42_1X_S21_1e6_1.2.rename.raxml.bestTree
Optimized model saved to: /expanse/lustre/projects/uot138/chaos/ASTERISK-sim/data/alignment/42_1X_S21_1e6_1.2.rename.raxml.bestModel

Execution log saved to: /expanse/lustre/projects/uot138/chaos/ASTERISK-sim/data/alignment/42_1X_S21_1e6_1.2.rename.raxml.log

Analysis started: 26-May-2023 01:04:14 / finished: 26-May-2023 01:23:53

Elapsed time: 1178.905 seconds

Consumed energy: 160.728 Wh

