Massive-scale Alignment-based Species Tree EstimatoR (Pair)
Version: v1.15.0.0
Processing /home/chaos/lustre/ASTERISK-sim/data/alignment/43_1X_S21_1e6_1.2... 
#Base: 376381152
#Species: 21
#Rounds: 1
#Samples: 0
#Threads: 16
#NNI moves:0/60
(((((((((T170,T90),T80),((T100,T20),T190)),T200),((T30,T140),T150)),(T110,T40)),((((T160,T60),T50),T0),((T180,T120),T70))),T10),T130);
Initial score: 5.57865e+11
Initial tree: (((T160,T60),(T0,(((T180,T120),T70),(((((((T170,T90),T80),((T100,T20),T190)),T200),((T30,T140),T150)),(T110,T40)),(T10,T130))))),T50);
*** Subsample Process ***
Current score: 5.57865e+11
Current tree: (((T160,T60),(T0,(((T180,T120),T70),(((((((T170,T90),T80),((T100,T20),T190)),T200),((T30,T140),T150)),(T110,T40)),(T10,T130))))),T50);
Final Tree: (((T160,T60),(T0,(((T180,T120),T70),(((((((T170,T90),T80),((T100,T20),T190)),T200),((T30,T140),T150)),(T110,T40)),(T10,T130))))),T50);
Score: 5.57865e+11

real	0m47.544s
user	7m42.260s
sys	0m1.629s
