Massive-scale Alignment-based Species Tree EstimatoR (Site)
Version: v1.15.0.0
Processing /home/chaos/lustre/ASTERISK-sim/data/alignment/45_1X_S21_1e6_1.2... 
#Base: 103918500
#Species: 21
#Rounds: 1
#Samples: 0
#Threads: 16
#NNI moves:0/60
(((((((((T30,T50),T110),(T130,T20)),((T100,T10),T80)),T0),((T120,T70),(T160,T190))),(T40,T150)),(((T60,T170),T90),(T140,T200))),T180);
Initial score: 1.48474e+08
Initial tree: ((T100,(T80,((((T30,T50),T110),(T130,T20)),(T0,(((T120,T70),(T160,T190)),((T40,T150),((((T60,T170),T90),(T140,T200)),T180))))))),T10);
*** Subsample Process ***
Current score: 1.48474e+08
Current tree: ((T100,(T80,((((T30,T50),T110),(T130,T20)),(T0,(((T120,T70),(T160,T190)),((T40,T150),((((T60,T170),T90),(T140,T200)),T180))))))),T10);
Final Tree: ((T100,(T80,((((T30,T50),T110),(T130,T20)),(T0,(((T120,T70),(T160,T190)),((T40,T150),((((T60,T170),T90),(T140,T200)),T180))))))),T10);
Score: 1.48474e+08

real	0m22.428s
user	3m37.834s
sys	0m0.886s
