
RAxML-NG v. 1.1.0-master released on 04.08.2022 by The Exelixis Lab.
Developed by: Alexey M. Kozlov and Alexandros Stamatakis.
Contributors: Diego Darriba, Tomas Flouri, Benoit Morel, Sarah Lutteropp, Ben Bettisworth.
Latest version: https://github.com/amkozlov/raxml-ng
Questions/problems/suggestions? Please visit: https://groups.google.com/forum/#!forum/raxml

System: AMD EPYC 7742 64-Core Processor, 128 cores, 251 GB RAM

RAxML-NG was called at 26-May-2023 01:04:14 as follows:

/home/chaos/programs/raxml-ng/raxml-ng/bin/raxml-ng --msa data/alignment/46_1X_S21_1e6_1.2.rename --tree pars{1} --model GTR+G --threads 8 --tree-constraint S21/raxml-2.polytomy --redo

Analysis options:
  run mode: ML tree search
  start tree(s): parsimony (1)
  topological constraint: S21/raxml-2.polytomy (algorithm: NEW)
  random seed: 1685088254
  tip-inner: OFF
  pattern compression: ON
  per-rate scalers: OFF
  site repeats: ON
  fast spr radius: AUTO
  spr subtree cutoff: 1.000000
  branch lengths: proportional (ML estimate, algorithm: NR-FAST)
  SIMD kernels: AVX2
  parallelization: coarse-grained (auto), PTHREADS (8 threads), thread pinning: OFF

WARNING: Running in REDO mode: existing checkpoints are ignored, and all result files will be overwritten!

[00:00:00] Reading alignment from file: data/alignment/46_1X_S21_1e6_1.2.rename
[00:00:00] Loaded alignment with 42 taxa and 5000000 sites

Alignment comprises 1 partitions and 861296 patterns

Partition 0: noname
Model: GTR+FO+G4m
Alignment sites / patterns: 5000000 / 861296
Gaps: 0.00 %
Invariant sites: 41.50 %


NOTE: Binary MSA file created: data/alignment/46_1X_S21_1e6_1.2.rename.raxml.rba

[00:00:04] Loading constraint tree from: S21/raxml-2.polytomy
[00:00:04] Loaded comprehensive constraint tree with 42 taxa

Parallelization scheme autoconfig: 1 worker(s) x 8 thread(s)

Parallel reduction/worker buffer size: 1 KB  / 0 KB

[00:00:04] Generating 1 parsimony starting tree(s) with 42 taxa
[00:00:08] Data distribution: max. partitions/sites/weight per thread: 1 / 107662 / 1722592
[00:00:08] Data distribution: max. searches per worker: 1

Starting ML tree search with 1 distinct starting trees

[00:00:08 -50954734.368372] Initial branch length optimization
[00:00:25 -46098079.920596] Model parameter optimization (eps = 10.000000)
[00:02:51 -44910763.617711] AUTODETECT spr round 1 (radius: 5)
[00:03:32 -44907534.828154] AUTODETECT spr round 2 (radius: 10)
[00:03:57 -44907534.828120] SPR radius for FAST iterations: 5 (autodetect)
[00:03:57 -44907534.828120] Model parameter optimization (eps = 3.000000)
[00:04:06 -44907532.615313] FAST spr round 1 (radius: 5)
[00:07:07 -44907124.503387] FAST spr round 2 (radius: 5)
[00:10:08 -44907124.503387] Model parameter optimization (eps = 1.000000)
[00:10:15 -44907124.237298] SLOW spr round 1 (radius: 5)
[00:17:01 -44907124.237257] SLOW spr round 2 (radius: 10)
[00:20:50 -44907124.237257] SLOW spr round 3 (radius: 15)
[00:21:00 -44907124.237257] SLOW spr round 4 (radius: 20)
[00:21:10 -44907124.237257] SLOW spr round 5 (radius: 25)
[00:21:19 -44907124.237257] Model parameter optimization (eps = 0.100000)

[00:21:26] ML tree search #1, logLikelihood: -44907124.219747


Optimized model parameters:

   Partition 0: noname
   Rate heterogeneity: GAMMA (4 cats, mean),  alpha: 0.832305 (ML),  weights&rates: (0.250000,0.102412) (0.250000,0.419822) (0.250000,0.965519) (0.250000,2.512246) 
   Base frequencies (ML): 0.328070 0.170790 0.252990 0.248150 
   Substitution rates (ML): 1.862042 2.799193 0.570547 2.557430 5.036872 1.000000 


Final LogLikelihood: -44907124.219747

AIC score: 89814428.439495 / AICc score: 89814428.442771 / BIC score: 89815636.684857
Free parameters (model + branch lengths): 90

Best ML tree saved to: /expanse/lustre/projects/uot138/chaos/ASTERISK-sim/data/alignment/46_1X_S21_1e6_1.2.rename.raxml.bestTree
Optimized model saved to: /expanse/lustre/projects/uot138/chaos/ASTERISK-sim/data/alignment/46_1X_S21_1e6_1.2.rename.raxml.bestModel

Execution log saved to: /expanse/lustre/projects/uot138/chaos/ASTERISK-sim/data/alignment/46_1X_S21_1e6_1.2.rename.raxml.log

Analysis started: 26-May-2023 01:04:14 / finished: 26-May-2023 01:25:41

Elapsed time: 1286.458 seconds

Consumed energy: 126.947 Wh

