
RAxML-NG v. 1.1.0-master released on 04.08.2022 by The Exelixis Lab.
Developed by: Alexey M. Kozlov and Alexandros Stamatakis.
Contributors: Diego Darriba, Tomas Flouri, Benoit Morel, Sarah Lutteropp, Ben Bettisworth.
Latest version: https://github.com/amkozlov/raxml-ng
Questions/problems/suggestions? Please visit: https://groups.google.com/forum/#!forum/raxml

System: AMD EPYC 7742 64-Core Processor, 128 cores, 251 GB RAM

RAxML-NG was called at 26-May-2023 01:04:14 as follows:

/home/chaos/programs/raxml-ng/raxml-ng/bin/raxml-ng --msa data/alignment/47_1X_S21_1e6_1.2.rename --tree pars{1} --model GTR+G --threads 8 --tree-constraint S21/raxml-2.polytomy --redo

Analysis options:
  run mode: ML tree search
  start tree(s): parsimony (1)
  topological constraint: S21/raxml-2.polytomy (algorithm: NEW)
  random seed: 1685088254
  tip-inner: OFF
  pattern compression: ON
  per-rate scalers: OFF
  site repeats: ON
  fast spr radius: AUTO
  spr subtree cutoff: 1.000000
  branch lengths: proportional (ML estimate, algorithm: NR-FAST)
  SIMD kernels: AVX2
  parallelization: coarse-grained (auto), PTHREADS (8 threads), thread pinning: OFF

WARNING: Running in REDO mode: existing checkpoints are ignored, and all result files will be overwritten!

[00:00:00] Reading alignment from file: data/alignment/47_1X_S21_1e6_1.2.rename
[00:00:00] Loaded alignment with 42 taxa and 5000000 sites

Alignment comprises 1 partitions and 1201119 patterns

Partition 0: noname
Model: GTR+FO+G4m
Alignment sites / patterns: 5000000 / 1201119
Gaps: 0.00 %
Invariant sites: 24.60 %


NOTE: Binary MSA file created: data/alignment/47_1X_S21_1e6_1.2.rename.raxml.rba

[00:00:04] Loading constraint tree from: S21/raxml-2.polytomy
[00:00:04] Loaded comprehensive constraint tree with 42 taxa

Parallelization scheme autoconfig: 1 worker(s) x 8 thread(s)

Parallel reduction/worker buffer size: 1 KB  / 0 KB

[00:00:04] Generating 1 parsimony starting tree(s) with 42 taxa
[00:00:10] Data distribution: max. partitions/sites/weight per thread: 1 / 150140 / 2402240
[00:00:10] Data distribution: max. searches per worker: 1

Starting ML tree search with 1 distinct starting trees

[00:00:10 -63839169.855509] Initial branch length optimization
[00:00:39 -59301195.283462] Model parameter optimization (eps = 10.000000)
[00:04:14 -57223128.694876] AUTODETECT spr round 1 (radius: 5)
[00:05:11 -57221009.407294] AUTODETECT spr round 2 (radius: 10)
[00:05:47 -57221009.406527] SPR radius for FAST iterations: 5 (autodetect)
[00:05:47 -57221009.406527] Model parameter optimization (eps = 3.000000)
[00:05:59 -57221008.300346] FAST spr round 1 (radius: 5)
[00:10:35 -57220588.021530] FAST spr round 2 (radius: 5)
[00:15:13 -57220588.021526] Model parameter optimization (eps = 1.000000)
[00:15:23 -57220587.929545] SLOW spr round 1 (radius: 5)
[00:25:38 -57220587.929542] SLOW spr round 2 (radius: 10)
[00:30:41 -57220587.929542] SLOW spr round 3 (radius: 15)
[00:30:55 -57220587.929542] SLOW spr round 4 (radius: 20)
[00:31:10 -57220587.929542] SLOW spr round 5 (radius: 25)
[00:31:24 -57220587.929542] Model parameter optimization (eps = 0.100000)

[00:31:34] ML tree search #1, logLikelihood: -57220587.897685


Optimized model parameters:

   Partition 0: noname
   Rate heterogeneity: GAMMA (4 cats, mean),  alpha: 1.277055 (ML),  weights&rates: (0.250000,0.188740) (0.250000,0.546687) (0.250000,1.034123) (0.250000,2.230451) 
   Base frequencies (ML): 0.299376 0.248297 0.232304 0.220023 
   Substitution rates (ML): 0.566516 2.703065 0.456227 1.026221 2.790129 1.000000 


Final LogLikelihood: -57220587.897685

AIC score: 114441355.795369 / AICc score: 114441355.798645 / BIC score: 114442564.040732
Free parameters (model + branch lengths): 90

Best ML tree saved to: /expanse/lustre/projects/uot138/chaos/ASTERISK-sim/data/alignment/47_1X_S21_1e6_1.2.rename.raxml.bestTree
Optimized model saved to: /expanse/lustre/projects/uot138/chaos/ASTERISK-sim/data/alignment/47_1X_S21_1e6_1.2.rename.raxml.bestModel

Execution log saved to: /expanse/lustre/projects/uot138/chaos/ASTERISK-sim/data/alignment/47_1X_S21_1e6_1.2.rename.raxml.log

Analysis started: 26-May-2023 01:04:14 / finished: 26-May-2023 01:35:48

Elapsed time: 1894.189 seconds

Consumed energy: 186.934 Wh

