Massive-scale Alignment-based Species Tree EstimatoR (Site)
Version: v1.15.0.0
Processing /home/chaos/lustre/ASTERISK-sim/data/alignment/48_1X_S21_1e6_1.2... 
#Base: 123939354
#Species: 21
#Rounds: 1
#Samples: 0
#Threads: 16
#NNI moves:0/60
(((((((((((T180,T60),T160),(T110,T20)),T100),T120),T0),((((T30,T200),T170),(T70,T50)),(T150,T10))),((T80,T40),T190)),T90),T140),T130);
Initial score: 2.21592e+08
Initial tree: ((T70,(((T30,T200),T170),((T150,T10),(((((((T180,T60),T160),(T110,T20)),T100),T120),T0),(((T80,T40),T190),(T90,(T140,T130))))))),T50);
*** Subsample Process ***
Current score: 2.21592e+08
Current tree: ((T70,(((T30,T200),T170),((T150,T10),(((((((T180,T60),T160),(T110,T20)),T100),T120),T0),(((T80,T40),T190),(T90,(T140,T130))))))),T50);
Final Tree: ((T70,(((T30,T200),T170),((T150,T10),(((((((T180,T60),T160),(T110,T20)),T100),T120),T0),(((T80,T40),T190),(T90,(T140,T130))))))),T50);
Score: 2.21592e+08

real	0m26.097s
user	4m18.771s
sys	0m0.926s
