
RAxML-NG v. 1.1.0-master released on 04.08.2022 by The Exelixis Lab.
Developed by: Alexey M. Kozlov and Alexandros Stamatakis.
Contributors: Diego Darriba, Tomas Flouri, Benoit Morel, Sarah Lutteropp, Ben Bettisworth.
Latest version: https://github.com/amkozlov/raxml-ng
Questions/problems/suggestions? Please visit: https://groups.google.com/forum/#!forum/raxml

System: AMD EPYC 7742 64-Core Processor, 128 cores, 251 GB RAM

RAxML-NG was called at 26-May-2023 01:04:14 as follows:

/home/chaos/programs/raxml-ng/raxml-ng/bin/raxml-ng --msa data/alignment/48_1X_S21_1e6_1.2.rename --tree pars{1} --model GTR+G --threads 8 --tree-constraint S21/raxml-2.polytomy --redo

Analysis options:
  run mode: ML tree search
  start tree(s): parsimony (1)
  topological constraint: S21/raxml-2.polytomy (algorithm: NEW)
  random seed: 1685088254
  tip-inner: OFF
  pattern compression: ON
  per-rate scalers: OFF
  site repeats: ON
  fast spr radius: AUTO
  spr subtree cutoff: 1.000000
  branch lengths: proportional (ML estimate, algorithm: NR-FAST)
  SIMD kernels: AVX2
  parallelization: coarse-grained (auto), PTHREADS (8 threads), thread pinning: OFF

WARNING: Running in REDO mode: existing checkpoints are ignored, and all result files will be overwritten!

[00:00:00] Reading alignment from file: data/alignment/48_1X_S21_1e6_1.2.rename
[00:00:00] Loaded alignment with 42 taxa and 5000000 sites

Alignment comprises 1 partitions and 1660141 patterns

Partition 0: noname
Model: GTR+FO+G4m
Alignment sites / patterns: 5000000 / 1660141
Gaps: 0.00 %
Invariant sites: 18.24 %


NOTE: Binary MSA file created: data/alignment/48_1X_S21_1e6_1.2.rename.raxml.rba

[00:00:05] Loading constraint tree from: S21/raxml-2.polytomy
[00:00:05] Loaded comprehensive constraint tree with 42 taxa

Parallelization scheme autoconfig: 1 worker(s) x 8 thread(s)

Parallel reduction/worker buffer size: 1 KB  / 0 KB

[00:00:05] Generating 1 parsimony starting tree(s) with 42 taxa
[00:00:12] Data distribution: max. partitions/sites/weight per thread: 1 / 207518 / 3320288
[00:00:12] Data distribution: max. searches per worker: 1

Starting ML tree search with 1 distinct starting trees

[00:00:12 -75386424.359559] Initial branch length optimization
[00:00:51 -71510114.779494] Model parameter optimization (eps = 10.000000)
[00:03:47 -69515828.849488] AUTODETECT spr round 1 (radius: 5)
[00:05:15 -69510207.646300] AUTODETECT spr round 2 (radius: 10)
[00:06:04 -69510207.644641] SPR radius for FAST iterations: 5 (autodetect)
[00:06:04 -69510207.644641] Model parameter optimization (eps = 3.000000)
[00:06:16 -69510207.615771] FAST spr round 1 (radius: 5)
[00:13:25 -69510003.741436] FAST spr round 2 (radius: 5)
[00:20:38 -69509941.876356] FAST spr round 3 (radius: 5)
[00:27:52 -69509941.876320] Model parameter optimization (eps = 1.000000)
[00:28:06 -69509941.785456] SLOW spr round 1 (radius: 5)
[00:42:26 -69509941.785456] SLOW spr round 2 (radius: 10)
[00:50:39 -69509941.785456] SLOW spr round 3 (radius: 15)
[00:50:59 -69509941.785456] SLOW spr round 4 (radius: 20)
[00:51:19 -69509941.785456] SLOW spr round 5 (radius: 25)
[00:51:39 -69509941.785456] Model parameter optimization (eps = 0.100000)

[00:51:51] ML tree search #1, logLikelihood: -69509941.747309


Optimized model parameters:

   Partition 0: noname
   Rate heterogeneity: GAMMA (4 cats, mean),  alpha: 1.240949 (ML),  weights&rates: (0.250000,0.182395) (0.250000,0.538871) (0.250000,1.030741) (0.250000,2.247993) 
   Base frequencies (ML): 0.254727 0.255833 0.250925 0.238515 
   Substitution rates (ML): 0.930940 1.791868 0.326716 0.459056 2.117778 1.000000 


Final LogLikelihood: -69509941.747309

AIC score: 139020063.494619 / AICc score: 139020063.497895 / BIC score: 139021271.739981
Free parameters (model + branch lengths): 90

Best ML tree saved to: /expanse/lustre/projects/uot138/chaos/ASTERISK-sim/data/alignment/48_1X_S21_1e6_1.2.rename.raxml.bestTree
Optimized model saved to: /expanse/lustre/projects/uot138/chaos/ASTERISK-sim/data/alignment/48_1X_S21_1e6_1.2.rename.raxml.bestModel

Execution log saved to: /expanse/lustre/projects/uot138/chaos/ASTERISK-sim/data/alignment/48_1X_S21_1e6_1.2.rename.raxml.log

Analysis started: 26-May-2023 01:04:14 / finished: 26-May-2023 01:56:06

Elapsed time: 3111.482 seconds

Consumed energy: 306.055 Wh (= 2 km in an electric car, or 8 km with an e-scooter!)

