
RAxML-NG v. 1.1.0-master released on 04.08.2022 by The Exelixis Lab.
Developed by: Alexey M. Kozlov and Alexandros Stamatakis.
Contributors: Diego Darriba, Tomas Flouri, Benoit Morel, Sarah Lutteropp, Ben Bettisworth.
Latest version: https://github.com/amkozlov/raxml-ng
Questions/problems/suggestions? Please visit: https://groups.google.com/forum/#!forum/raxml

System: AMD EPYC 7742 64-Core Processor, 128 cores, 251 GB RAM

RAxML-NG was called at 26-May-2023 01:04:14 as follows:

/home/chaos/programs/raxml-ng/raxml-ng/bin/raxml-ng --msa data/alignment/49_1X_S21_1e6_1.2.rename --tree pars{1} --model GTR+G --threads 8 --tree-constraint S21/raxml-2.polytomy --redo

Analysis options:
  run mode: ML tree search
  start tree(s): parsimony (1)
  topological constraint: S21/raxml-2.polytomy (algorithm: NEW)
  random seed: 1685088254
  tip-inner: OFF
  pattern compression: ON
  per-rate scalers: OFF
  site repeats: ON
  fast spr radius: AUTO
  spr subtree cutoff: 1.000000
  branch lengths: proportional (ML estimate, algorithm: NR-FAST)
  SIMD kernels: AVX2
  parallelization: coarse-grained (auto), PTHREADS (8 threads), thread pinning: OFF

WARNING: Running in REDO mode: existing checkpoints are ignored, and all result files will be overwritten!

[00:00:00] Reading alignment from file: data/alignment/49_1X_S21_1e6_1.2.rename
[00:00:00] Loaded alignment with 42 taxa and 5000000 sites

Alignment comprises 1 partitions and 1841427 patterns

Partition 0: noname
Model: GTR+FO+G4m
Alignment sites / patterns: 5000000 / 1841427
Gaps: 0.00 %
Invariant sites: 28.05 %


NOTE: Binary MSA file created: data/alignment/49_1X_S21_1e6_1.2.rename.raxml.rba

[00:00:04] Loading constraint tree from: S21/raxml-2.polytomy
[00:00:04] Loaded comprehensive constraint tree with 42 taxa

Parallelization scheme autoconfig: 1 worker(s) x 8 thread(s)

Parallel reduction/worker buffer size: 1 KB  / 0 KB

[00:00:04] Generating 1 parsimony starting tree(s) with 42 taxa
[00:00:11] Data distribution: max. partitions/sites/weight per thread: 1 / 230179 / 3682864
[00:00:11] Data distribution: max. searches per worker: 1

Starting ML tree search with 1 distinct starting trees

[00:00:11 -77942102.113677] Initial branch length optimization
[00:00:46 -74381729.723699] Model parameter optimization (eps = 10.000000)
[00:05:56 -72478663.476706] AUTODETECT spr round 1 (radius: 5)
[00:07:30 -72475235.359366] AUTODETECT spr round 2 (radius: 10)
[00:08:21 -72475235.355493] SPR radius for FAST iterations: 5 (autodetect)
[00:08:21 -72475235.355493] Model parameter optimization (eps = 3.000000)
[00:08:35 -72475235.315375] FAST spr round 1 (radius: 5)
[00:15:56 -72474517.530158] FAST spr round 2 (radius: 5)
[00:23:18 -72474517.529979] Model parameter optimization (eps = 1.000000)
[00:23:32 -72474517.506605] SLOW spr round 1 (radius: 5)
[00:39:09 -72474517.506605] SLOW spr round 2 (radius: 10)
[00:49:15 -72474517.506605] SLOW spr round 3 (radius: 15)
[00:49:38 -72474517.506605] SLOW spr round 4 (radius: 20)
[00:50:00 -72474517.506605] SLOW spr round 5 (radius: 25)
[00:50:23 -72474517.506605] Model parameter optimization (eps = 0.100000)

[00:50:40] ML tree search #1, logLikelihood: -72474517.502556


Optimized model parameters:

   Partition 0: noname
   Rate heterogeneity: GAMMA (4 cats, mean),  alpha: 0.713075 (ML),  weights&rates: (0.250000,0.076983) (0.250000,0.369635) (0.250000,0.929619) (0.250000,2.623763) 
   Base frequencies (ML): 0.298186 0.274429 0.209691 0.217694 
   Substitution rates (ML): 0.926366 2.536901 0.445778 0.799487 1.734755 1.000000 


Final LogLikelihood: -72474517.502556

AIC score: 144949215.005112 / AICc score: 144949215.008389 / BIC score: 144950423.250475
Free parameters (model + branch lengths): 90

Best ML tree saved to: /expanse/lustre/projects/uot138/chaos/ASTERISK-sim/data/alignment/49_1X_S21_1e6_1.2.rename.raxml.bestTree
Optimized model saved to: /expanse/lustre/projects/uot138/chaos/ASTERISK-sim/data/alignment/49_1X_S21_1e6_1.2.rename.raxml.bestModel

Execution log saved to: /expanse/lustre/projects/uot138/chaos/ASTERISK-sim/data/alignment/49_1X_S21_1e6_1.2.rename.raxml.log

Analysis started: 26-May-2023 01:04:14 / finished: 26-May-2023 01:54:55

Elapsed time: 3041.069 seconds

Consumed energy: 299.226 Wh (= 1 km in an electric car, or 7 km with an e-scooter!)

