Massive-scale Alignment-based Species Tree EstimatoR (Pair)
Version: v1.15.0.0
Processing /home/chaos/lustre/ASTERISK-sim/data/alignment/49_1X_S21_1e6_1.2... 
#Base: 432479082
#Species: 21
#Rounds: 1
#Samples: 0
#Threads: 16
#NNI moves:0/60
(((((((((((T50,T100),(T110,T80)),(T30,T150)),(T160,T20)),((T140,T200),(T190,T130))),T0),(T60,T170)),T180),((T120,T70),T90)),T40),T10);
Initial score: 5.82155e+11
Initial tree: ((T50,((T110,T80),((T30,T150),((T160,T20),(((T140,T200),(T190,T130)),(T0,((T60,T170),(T180,(((T120,T70),T90),(T40,T10)))))))))),T100);
*** Subsample Process ***
Current score: 5.82155e+11
Current tree: ((T50,((T110,T80),((T30,T150),((T160,T20),(((T140,T200),(T190,T130)),(T0,((T60,T170),(T180,(((T120,T70),T90),(T40,T10)))))))))),T100);
Final Tree: ((T50,((T110,T80),((T30,T150),((T160,T20),(((T140,T200),(T190,T130)),(T0,((T60,T170),(T180,(((T120,T70),T90),(T40,T10)))))))))),T100);
Score: 5.82155e+11

real	0m51.679s
user	8m31.840s
sys	0m1.363s
