Massive-scale Alignment-based Species Tree EstimatoR (Site)
Version: v1.15.0.0
Processing /home/chaos/lustre/ASTERISK-sim/data/alignment/49_1X_S21_1e6_1.2... 
#Base: 111056988
#Species: 21
#Rounds: 1
#Samples: 0
#Threads: 16
#NNI moves:1/60
((((((((((T50,T100),(T110,T80)),(T30,T150)),(T160,T20)),((T140,T200),(T190,T130))),((T60,T170),T0)),T180),((T120,T70),T90)),T40),T10);
Initial score: 2.24955e+08
Initial tree: ((T50,((T110,T80),((T30,T150),((T160,T20),(((T140,T200),(T190,T130)),(((T60,T170),T0),(T180,(((T120,T70),T90),(T40,T10))))))))),T100);
*** Subsample Process ***
Current score: 2.24955e+08
Current tree: ((T50,((T110,T80),((T30,T150),((T160,T20),(((T140,T200),(T190,T130)),(((T60,T170),T0),(T180,(((T120,T70),T90),(T40,T10))))))))),T100);
Final Tree: ((T50,((T110,T80),((T30,T150),((T160,T20),(((T140,T200),(T190,T130)),(((T60,T170),T0),(T180,(((T120,T70),T90),(T40,T10))))))))),T100);
Score: 2.24955e+08

real	0m25.158s
user	4m2.987s
sys	0m1.012s
