
RAxML-NG v. 1.1.0-master released on 04.08.2022 by The Exelixis Lab.
Developed by: Alexey M. Kozlov and Alexandros Stamatakis.
Contributors: Diego Darriba, Tomas Flouri, Benoit Morel, Sarah Lutteropp, Ben Bettisworth.
Latest version: https://github.com/amkozlov/raxml-ng
Questions/problems/suggestions? Please visit: https://groups.google.com/forum/#!forum/raxml

System: AMD EPYC 7742 64-Core Processor, 128 cores, 251 GB RAM

RAxML-NG was called at 28-May-2023 13:42:29 as follows:

/home/chaos/programs/raxml-ng/raxml-ng/bin/raxml-ng --msa data/alignment/4_1X_S21_1e6_1.2.rename --tree pars{1} --model GTR+G --threads 8 --tree-constraint S21/raxml-2.polytomy --redo

Analysis options:
  run mode: ML tree search
  start tree(s): parsimony (1)
  topological constraint: S21/raxml-2.polytomy (algorithm: NEW)
  random seed: 1685306549
  tip-inner: OFF
  pattern compression: ON
  per-rate scalers: OFF
  site repeats: ON
  fast spr radius: AUTO
  spr subtree cutoff: 1.000000
  branch lengths: proportional (ML estimate, algorithm: NR-FAST)
  SIMD kernels: AVX2
  parallelization: coarse-grained (auto), PTHREADS (8 threads), thread pinning: OFF

WARNING: Running in REDO mode: existing checkpoints are ignored, and all result files will be overwritten!

[00:00:00] Reading alignment from file: data/alignment/4_1X_S21_1e6_1.2.rename
[00:00:00] Loaded alignment with 42 taxa and 5000000 sites

Alignment comprises 1 partitions and 1213925 patterns

Partition 0: noname
Model: GTR+FO+G4m
Alignment sites / patterns: 5000000 / 1213925
Gaps: 0.00 %
Invariant sites: 31.93 %


NOTE: Binary MSA file created: data/alignment/4_1X_S21_1e6_1.2.rename.raxml.rba

[00:00:05] Loading constraint tree from: S21/raxml-2.polytomy
[00:00:05] Loaded comprehensive constraint tree with 42 taxa

Parallelization scheme autoconfig: 1 worker(s) x 8 thread(s)

Parallel reduction/worker buffer size: 1 KB  / 0 KB

[00:00:05] Generating 1 parsimony starting tree(s) with 42 taxa
[00:00:10] Data distribution: max. partitions/sites/weight per thread: 1 / 151741 / 2427856
[00:00:10] Data distribution: max. searches per worker: 1

Starting ML tree search with 1 distinct starting trees

[00:00:10 -61923064.416373] Initial branch length optimization
[00:00:33 -58096064.421255] Model parameter optimization (eps = 10.000000)
[00:03:31 -56188515.245310] AUTODETECT spr round 1 (radius: 5)
[00:04:16 -56188515.241889] SPR radius for FAST iterations: 5 (autodetect)
[00:04:16 -56188515.241889] Model parameter optimization (eps = 3.000000)
[00:04:29 -56188514.331647] FAST spr round 1 (radius: 5)
[00:08:32 -56187037.307418] FAST spr round 2 (radius: 5)
[00:12:29 -56186004.553782] FAST spr round 3 (radius: 5)
[00:16:31 -56185914.042655] FAST spr round 4 (radius: 5)
[00:20:38 -56185914.042655] Model parameter optimization (eps = 1.000000)
[00:20:50 -56185913.675048] SLOW spr round 1 (radius: 5)
[00:28:35 -56185913.673862] SLOW spr round 2 (radius: 10)
[00:33:27 -56185913.673850] SLOW spr round 3 (radius: 15)
[00:35:35 -56185913.673850] SLOW spr round 4 (radius: 20)
[00:35:49 -56185913.673850] SLOW spr round 5 (radius: 25)
[00:36:03 -56185913.673850] Model parameter optimization (eps = 0.100000)

[00:36:11] ML tree search #1, logLikelihood: -56185913.619311


Optimized model parameters:

   Partition 0: noname
   Rate heterogeneity: GAMMA (4 cats, mean),  alpha: 0.835686 (ML),  weights&rates: (0.250000,0.103126) (0.250000,0.421114) (0.250000,0.966373) (0.250000,2.509387) 
   Base frequencies (ML): 0.202360 0.205656 0.258059 0.333925 
   Substitution rates (ML): 1.930452 4.595300 0.751123 2.265350 4.767904 1.000000 


Final LogLikelihood: -56185913.619311

AIC score: 112372007.238623 / AICc score: 112372007.241899 / BIC score: 112373215.483985
Free parameters (model + branch lengths): 90

Best ML tree saved to: /expanse/lustre/projects/uot138/chaos/ASTERISK-sim/data/alignment/4_1X_S21_1e6_1.2.rename.raxml.bestTree
Optimized model saved to: /expanse/lustre/projects/uot138/chaos/ASTERISK-sim/data/alignment/4_1X_S21_1e6_1.2.rename.raxml.bestModel

Execution log saved to: /expanse/lustre/projects/uot138/chaos/ASTERISK-sim/data/alignment/4_1X_S21_1e6_1.2.rename.raxml.log

Analysis started: 28-May-2023 13:42:29 / finished: 28-May-2023 14:18:41

Elapsed time: 2172.030 seconds

Consumed energy: 220.829 Wh (= 1 km in an electric car, or 6 km with an e-scooter!)

