Massive-scale Alignment-based Species Tree EstimatoR (Site)
Version: v1.15.0.0
Processing /home/chaos/lustre/ASTERISK-sim/data/alignment/4_1X_S21_1e6_1.2... 
#Base: 92135232
#Species: 21
#Rounds: 1
#Samples: 0
#Threads: 16
#NNI moves:0/60
((((((((((((((T50,T160),T100),T80),(T70,T30)),T170),((T90,T200),T60)),T180),((T150,T190),T40)),T0),(T110,T10)),T140),T120),T130),T20);
Initial score: 1.70856e+08
Initial tree: ((((((((T50,T160),T100),T80),(T70,T30)),T170),((T90,T200),T60)),(((T150,T190),T40),(T0,((T110,T10),(T140,(T120,(T130,T20))))))),T180);
*** Subsample Process ***
Current score: 1.70856e+08
Current tree: ((((((((T50,T160),T100),T80),(T70,T30)),T170),((T90,T200),T60)),(((T150,T190),T40),(T0,((T110,T10),(T140,(T120,(T130,T20))))))),T180);
Final Tree: ((((((((T50,T160),T100),T80),(T70,T30)),T170),((T90,T200),T60)),(((T150,T190),T40),(T0,((T110,T10),(T140,(T120,(T130,T20))))))),T180);
Score: 1.70856e+08

real	0m20.059s
user	2m54.269s
sys	0m0.761s
