
RAxML-NG v. 1.1.0-master released on 04.08.2022 by The Exelixis Lab.
Developed by: Alexey M. Kozlov and Alexandros Stamatakis.
Contributors: Diego Darriba, Tomas Flouri, Benoit Morel, Sarah Lutteropp, Ben Bettisworth.
Latest version: https://github.com/amkozlov/raxml-ng
Questions/problems/suggestions? Please visit: https://groups.google.com/forum/#!forum/raxml

System: AMD EPYC 7742 64-Core Processor, 128 cores, 251 GB RAM

RAxML-NG was called at 26-May-2023 01:04:14 as follows:

/home/chaos/programs/raxml-ng/raxml-ng/bin/raxml-ng --msa data/alignment/50_1X_S21_1e6_1.2.rename --tree pars{1} --model GTR+G --threads 8 --tree-constraint S21/raxml-2.polytomy --redo

Analysis options:
  run mode: ML tree search
  start tree(s): parsimony (1)
  topological constraint: S21/raxml-2.polytomy (algorithm: NEW)
  random seed: 1685088254
  tip-inner: OFF
  pattern compression: ON
  per-rate scalers: OFF
  site repeats: ON
  fast spr radius: AUTO
  spr subtree cutoff: 1.000000
  branch lengths: proportional (ML estimate, algorithm: NR-FAST)
  SIMD kernels: AVX2
  parallelization: coarse-grained (auto), PTHREADS (8 threads), thread pinning: OFF

WARNING: Running in REDO mode: existing checkpoints are ignored, and all result files will be overwritten!

[00:00:00] Reading alignment from file: data/alignment/50_1X_S21_1e6_1.2.rename
[00:00:00] Loaded alignment with 42 taxa and 5000000 sites

Alignment comprises 1 partitions and 1102031 patterns

Partition 0: noname
Model: GTR+FO+G4m
Alignment sites / patterns: 5000000 / 1102031
Gaps: 0.00 %
Invariant sites: 32.69 %


NOTE: Binary MSA file created: data/alignment/50_1X_S21_1e6_1.2.rename.raxml.rba

[00:00:22] Loading constraint tree from: S21/raxml-2.polytomy
[00:00:22] Loaded comprehensive constraint tree with 42 taxa

Parallelization scheme autoconfig: 1 worker(s) x 8 thread(s)

Parallel reduction/worker buffer size: 1 KB  / 0 KB

[00:00:22] Generating 1 parsimony starting tree(s) with 42 taxa
[00:00:26] Data distribution: max. partitions/sites/weight per thread: 1 / 137754 / 2204064
[00:00:26] Data distribution: max. searches per worker: 1

Starting ML tree search with 1 distinct starting trees

[00:00:27 -59308005.384076] Initial branch length optimization
[00:00:51 -55352724.414247] Model parameter optimization (eps = 10.000000)
[00:04:57 -53967533.764949] AUTODETECT spr round 1 (radius: 5)
[00:05:52 -53964692.483149] AUTODETECT spr round 2 (radius: 10)
[00:06:22 -53964692.482963] SPR radius for FAST iterations: 5 (autodetect)
[00:06:22 -53964692.482963] Model parameter optimization (eps = 3.000000)
[00:06:33 -53964692.091375] FAST spr round 1 (radius: 5)
[00:10:35 -53963856.455312] FAST spr round 2 (radius: 5)
[00:14:43 -53963856.455312] Model parameter optimization (eps = 1.000000)
[00:14:51 -53963856.028190] SLOW spr round 1 (radius: 5)
[00:23:57 -53963856.024627] SLOW spr round 2 (radius: 10)
[00:28:55 -53963856.024590] SLOW spr round 3 (radius: 15)
[00:29:07 -53963856.024590] SLOW spr round 4 (radius: 20)
[00:29:20 -53963856.024590] SLOW spr round 5 (radius: 25)
[00:29:32 -53963856.024590] Model parameter optimization (eps = 0.100000)

[00:29:49] ML tree search #1, logLikelihood: -53963855.890575


Optimized model parameters:

   Partition 0: noname
   Rate heterogeneity: GAMMA (4 cats, mean),  alpha: 0.913755 (ML),  weights&rates: (0.250000,0.119441) (0.250000,0.449200) (0.250000,0.984098) (0.250000,2.447261) 
   Base frequencies (ML): 0.317273 0.264236 0.140886 0.277606 
   Substitution rates (ML): 0.553661 1.805949 0.267334 0.807601 1.441492 1.000000 


Final LogLikelihood: -53963855.890575

AIC score: 107927891.781150 / AICc score: 107927891.784426 / BIC score: 107929100.026513
Free parameters (model + branch lengths): 90

Best ML tree saved to: /expanse/lustre/projects/uot138/chaos/ASTERISK-sim/data/alignment/50_1X_S21_1e6_1.2.rename.raxml.bestTree
Optimized model saved to: /expanse/lustre/projects/uot138/chaos/ASTERISK-sim/data/alignment/50_1X_S21_1e6_1.2.rename.raxml.bestModel

Execution log saved to: /expanse/lustre/projects/uot138/chaos/ASTERISK-sim/data/alignment/50_1X_S21_1e6_1.2.rename.raxml.log

Analysis started: 26-May-2023 01:04:14 / finished: 26-May-2023 01:34:04

Elapsed time: 1789.602 seconds

Consumed energy: 176.617 Wh

