Massive-scale Alignment-based Species Tree EstimatoR (Site)
Version: v1.15.0.0
Processing /home/chaos/lustre/ASTERISK-sim/data/alignment/50_1X_S21_1e6_1.2... 
#Base: 87333036
#Species: 21
#Rounds: 1
#Samples: 0
#Threads: 16
#NNI moves:1/60
(((((((((((((T170,T20),T120),T130),(T180,T200)),T100),(((T140,T60),T110),T40)),((T50,T10),T70)),T0),T90),(T30,T160)),T190),T80),T150);
Initial score: 1.52411e+08
Initial tree: ((T140,(T110,(T40,((((((T170,T20),T120),T130),(T180,T200)),T100),(((T50,T10),T70),(T0,(T90,((T30,T160),(T190,(T80,T150)))))))))),T60);
*** Subsample Process ***
Current score: 1.52411e+08
Current tree: ((T140,(T110,(T40,((((((T170,T20),T120),T130),(T180,T200)),T100),(((T50,T10),T70),(T0,(T90,((T30,T160),(T190,(T80,T150)))))))))),T60);
Final Tree: ((T140,(T110,(T40,((((((T170,T20),T120),T130),(T180,T200)),T100),(((T50,T10),T70),(T0,(T90,((T30,T160),(T190,(T80,T150)))))))))),T60);
Score: 1.52411e+08

real	0m19.705s
user	3m5.889s
sys	0m0.749s
