Massive-scale Alignment-based Species Tree EstimatoR (Pair)
Version: v1.15.0.0
Processing /home/chaos/lustre/ASTERISK-sim/data/alignment/50_1X_S21_1e6_1.2... 
#Base: 410606154
#Species: 21
#Rounds: 1
#Samples: 0
#Threads: 16
#NNI moves:1/60
(((((((((((((T170,T20),T120),T130),(T180,T200)),T100),(((T140,T60),T110),T40)),((T50,T10),T70)),T0),T90),(T30,T160)),T190),T80),T150);
Initial score: 6.56278e+11
Initial tree: ((T140,(T110,(T40,((((((T170,T20),T120),T130),(T180,T200)),T100),(((T50,T10),T70),(T0,(T90,((T30,T160),(T190,(T80,T150)))))))))),T60);
*** Subsample Process ***
Current score: 6.56278e+11
Current tree: ((T140,(T110,(T40,((((((T170,T20),T120),T130),(T180,T200)),T100),(((T50,T10),T70),(T0,(T90,((T30,T160),(T190,(T80,T150)))))))))),T60);
Final Tree: ((T140,(T110,(T40,((((((T170,T20),T120),T130),(T180,T200)),T100),(((T50,T10),T70),(T0,(T90,((T30,T160),(T190,(T80,T150)))))))))),T60);
Score: 6.56278e+11

real	0m48.783s
user	8m20.021s
sys	0m1.462s
