Massive-scale Alignment-based Species Tree EstimatoR (Site)
Version: v1.15.0.0
Processing /home/chaos/lustre/ASTERISK-sim/data/alignment/6_1X_S21_1e6_1.2... 
#Base: 84577332
#Species: 21
#Rounds: 1
#Samples: 0
#Threads: 16
#NNI moves:0/60
((((((((((T90,T50),T150),T170),T0),T180),((T80,T140),T130)),(((T200,T100),T40),(T70,T110))),(((T120,T10),(T20,T190)),T60)),T160),T30);
Initial score: 9.76551e+07
Initial tree: ((((((T90,T50),T150),T170),T0),(((T80,T140),T130),((((T200,T100),T40),(T70,T110)),((((T120,T10),(T20,T190)),T60),(T160,T30))))),T180);
*** Subsample Process ***
Current score: 9.76551e+07
Current tree: ((((((T90,T50),T150),T170),T0),(((T80,T140),T130),((((T200,T100),T40),(T70,T110)),((((T120,T10),(T20,T190)),T60),(T160,T30))))),T180);
Final Tree: ((((((T90,T50),T150),T170),T0),(((T80,T140),T130),((((T200,T100),T40),(T70,T110)),((((T120,T10),(T20,T190)),T60),(T160,T30))))),T180);
Score: 9.76551e+07

real	0m18.875s
user	2m57.551s
sys	0m0.866s
