Massive-scale Alignment-based Species Tree EstimatoR (Pair)
Version: v1.15.0.0
Processing /home/chaos/lustre/ASTERISK-sim/data/alignment/7_1X_S21_1e6_1.2... 
#Base: 366239622
#Species: 21
#Rounds: 1
#Samples: 0
#Threads: 16
#NNI moves:1/60
((((((((((((T200,T180),(T20,T40)),T190),T10),T160),T0),(((((T70,T80),T120),T30),(T130,T50)),T60)),T110),T90),(T170,T140)),T100),T150);
Initial score: 6.0618e+11
Initial tree: ((((((T200,T180),(T20,T40)),T190),T10),(T0,((((((T70,T80),T120),T30),(T130,T50)),T60),(T110,(T90,((T170,T140),(T100,T150))))))),T160);
*** Subsample Process ***
Current score: 6.0618e+11
Current tree: ((((((T200,T180),(T20,T40)),T190),T10),(T0,((((((T70,T80),T120),T30),(T130,T50)),T60),(T110,(T90,((T170,T140),(T100,T150))))))),T160);
Final Tree: ((((((T200,T180),(T20,T40)),T190),T10),(T0,((((((T70,T80),T120),T30),(T130,T50)),T60),(T110,(T90,((T170,T140),(T100,T150))))))),T160);
Score: 6.0618e+11

real	0m44.198s
user	7m1.431s
sys	0m1.574s
