Massive-scale Alignment-based Species Tree EstimatoR (Site)
Version: v1.15.0.0
Processing /home/chaos/lustre/ASTERISK-sim/data/alignment/8_1X_S21_1e6_1.2... 
#Base: 102640524
#Species: 21
#Rounds: 1
#Samples: 0
#Threads: 16
#NNI moves:0/60
(((((((((((T30,T190),T50),(T150,T40)),((((T180,T80),T110),T140),T160)),T170),T10),T0),((T70,T20),T130)),(T120,T200)),(T90,T100)),T60);
Initial score: 7.5054e+07
Initial tree: (((((T180,T80),T110),T140),((((T30,T190),T50),(T150,T40)),(T170,(T10,(T0,(((T70,T20),T130),((T120,T200),((T90,T100),T60)))))))),T160);
*** Subsample Process ***
Current score: 7.5054e+07
Current tree: (((((T180,T80),T110),T140),((((T30,T190),T50),(T150,T40)),(T170,(T10,(T0,(((T70,T20),T130),((T120,T200),((T90,T100),T60)))))))),T160);
Final Tree: (((((T180,T80),T110),T140),((((T30,T190),T50),(T150,T40)),(T170,(T10,(T0,(((T70,T20),T130),((T120,T200),((T90,T100),T60)))))))),T160);
Score: 7.5054e+07

real	0m21.339s
user	3m32.580s
sys	0m0.762s
