Massive-scale Alignment-based Species Tree EstimatoR (Pair)
Version: v1.15.0.0
Processing /home/chaos/lustre/ASTERISK-sim/data/alignment/9_1X_S21_1e6_1.2... 
#Base: 479543442
#Species: 21
#Rounds: 1
#Samples: 0
#Threads: 16
#NNI moves:0/60
((((((((((T40,T190),T30),(T120,T20)),T160),(T50,T140)),(((T170,T80),T130),T0)),T100),(((T60,T70),(T10,T150)),T90)),(T200,T110)),T180);
Initial score: 6.93641e+11
Initial tree: ((T50,(((((T40,T190),T30),(T120,T20)),T160),((((T170,T80),T130),T0),(T100,((((T60,T70),(T10,T150)),T90),((T200,T110),T180)))))),T140);
*** Subsample Process ***
Current score: 6.93641e+11
Current tree: ((T50,(((((T40,T190),T30),(T120,T20)),T160),((((T170,T80),T130),T0),(T100,((((T60,T70),(T10,T150)),T90),((T200,T110),T180)))))),T140);
Final Tree: ((T50,(((((T40,T190),T30),(T120,T20)),T160),((((T170,T80),T130),T0),(T100,((((T60,T70),(T10,T150)),T90),((T200,T110),T180)))))),T140);
Score: 6.93641e+11

real	0m57.654s
user	9m37.945s
sys	0m1.885s
