Iteration 1:
Accurate Species Tree EstimatoR from Independent Site Kernals
Version: v1.13.0.0
#Base: 1648037994
#Species: 201
#Rounds: 1
#Samples: 0
#Threads: 64
Use two-step algorithm!
Guide Tree 0/27
#NNI moves:0/236
Guide Tree 1/27
#NNI moves:0/236
Guide Tree 2/27
#NNI moves:0/236
Guide Tree 3/27
#NNI moves:0/236
Guide Tree 4/27
#NNI moves:0/236
Guide Tree 5/27
#NNI moves:0/236
Guide Tree 6/27
#NNI moves:0/236
Guide Tree 7/27
#NNI moves:0/236
Guide Tree 8/27
#NNI moves:0/236
Guide Tree 9/27
#NNI moves:0/236
Guide Tree 10/27
#NNI moves:0/236
Guide Tree 11/27
#NNI moves:0/236
Guide Tree 12/27
#NNI moves:0/236
Guide Tree 13/27
#NNI moves:0/236
Guide Tree 14/27
#NNI moves:0/236
Guide Tree 15/27
#NNI moves:0/236
Guide Tree 16/27
#NNI moves:0/236
Guide Tree 17/27
#NNI moves:0/236
Guide Tree 18/27
#NNI moves:0/236
Guide Tree 19/27
#NNI moves:0/236
Guide Tree 20/27
#NNI moves:0/236
Guide Tree 21/27
#NNI moves:0/236
Guide Tree 22/27
#NNI moves:0/236
Guide Tree 23/27
#NNI moves:0/236
Guide Tree 24/27
#NNI moves:0/236
Guide Tree 25/27
#NNI moves:0/236
Guide Tree 26/27
#NNI moves:0/236
Remaining: 0
#NNI moves:2/236
#NNI moves:2/236
(((((((((((((T4,T127),(T129,((T148,(T77,T179)),T8))),T163),((((((T63,T25),T43),T16),T99),T102),((T196,(T3,T96)),(T166,T175)))),(((T18,T26),T128),((T47,T2),T24))),((((((((T117,((T71,T162),T35)),(T130,T189)),(T45,(T135,T53))),((((T97,T145),T32),T44),(T36,((T152,T184),T81)))),(T118,T169)),T17),((T138,(((T178,((T94,T155),T146)),T73),(((T151,T156),T131),((T90,T165),T186)))),(((T142,T27),(T79,T5)),T104))),(T84,T66))),((((((T82,(T132,T34)),T14),T174),T20),(((((T38,T75),((T86,T89),T61)),(T197,T134)),T140),(((((T121,(T91,(T170,((T39,T137),T173)))),T28),(T59,T92)),T195),(T124,T143)))),(((((T171,T6),T116),T9),T107),((T119,T190),T54)))),((((((((((T159,T50),((T57,T168),(T13,T144))),(T83,T12)),((T200,T64),T172)),(T55,((T150,T70),(T62,T87)))),T85),((T19,(T22,T31)),((((T120,(T160,T88)),T122),(T193,T49)),T42))),((T109,(T113,T177)),(((T139,T23),T52),T78))),(((((T111,T37),T194),((T33,(T40,T76)),T69)),(T185,T115)),((T110,T198),T30))),T0)),((((((T161,(T182,T164)),T65),(((T125,T183),((T180,T106),T123)),((((T11,T199),T67),T112),(T187,(T136,T60))))),((T157,T114),T41)),((T21,(T100,(T74,T126))),(T149,((T29,T80),T153)))),(((T93,T192),T15),T58))),(((((((T103,T154),T48),(T108,T101)),(T181,T167)),(T158,(T51,T7))),T191),((T188,T72),(((T46,(T98,T1)),(T141,T68)),((T105,T133),(T95,T10)))))),T56),T147),T176);
Initial score: 5.1574e+11
Initial tree: (((((((((((((T4,T127),(T129,((T148,(T77,T179)),T8))),T163),((((((T63,T25),T43),T16),T99),T102),((T196,(T3,T96)),(T166,T175)))),(((T18,T26),T128),((T47,T2),T24))),((((((((T117,((T71,T162),T35)),(T130,T189)),(T45,(T135,T53))),((((T97,T145),T32),T44),(T36,((T152,T184),T81)))),(T118,T169)),T17),((T138,(((T178,((T94,T155),T146)),T73),(((T151,T156),T131),((T90,T165),T186)))),(((T142,T27),(T79,T5)),T104))),(T84,T66))),((((((T82,(T132,T34)),T14),T174),T20),(((((T38,T75),((T86,T89),T61)),(T197,T134)),T140),(((((T121,(T91,(T170,((T39,T137),T173)))),T28),(T59,T92)),T195),(T124,T143)))),(((((T171,T6),T116),T9),T107),((T119,T190),T54)))),((((((((((T159,T50),((T57,T168),(T13,T144))),(T83,T12)),((T200,T64),T172)),(T55,((T150,T70),(T62,T87)))),T85),((T19,(T22,T31)),((((T120,(T160,T88)),T122),(T193,T49)),T42))),((T109,(T113,T177)),(((T139,T23),T52),T78))),(((((T111,T37),T194),((T33,(T40,T76)),T69)),(T185,T115)),((T110,T198),T30))),T0)),((((((T161,(T182,T164)),T65),(((T125,T183),((T180,T106),T123)),((((T11,T199),T67),T112),(T187,(T136,T60))))),((T157,T114),T41)),((T21,(T100,(T74,T126))),(T149,((T29,T80),T153)))),(((T93,T192),T15),T58))),(((((((T103,T154),T48),(T108,T101)),(T181,T167)),(T158,(T51,T7))),T191),((T188,T72),(((T46,(T98,T1)),(T141,T68)),((T105,T133),(T95,T10)))))),T56),T147),T176);
*** Subsample Process ***
Current score: 5.1574e+11
Current tree: (((((((((((((T4,T127),(T129,((T148,(T77,T179)),T8))),T163),((((((T63,T25),T43),T16),T99),T102),((T196,(T3,T96)),(T166,T175)))),(((T18,T26),T128),((T47,T2),T24))),((((((((T117,((T71,T162),T35)),(T130,T189)),(T45,(T135,T53))),((((T97,T145),T32),T44),(T36,((T152,T184),T81)))),(T118,T169)),T17),((T138,(((T178,((T94,T155),T146)),T73),(((T151,T156),T131),((T90,T165),T186)))),(((T142,T27),(T79,T5)),T104))),(T84,T66))),((((((T82,(T132,T34)),T14),T174),T20),(((((T38,T75),((T86,T89),T61)),(T197,T134)),T140),(((((T121,(T91,(T170,((T39,T137),T173)))),T28),(T59,T92)),T195),(T124,T143)))),(((((T171,T6),T116),T9),T107),((T119,T190),T54)))),((((((((((T159,T50),((T57,T168),(T13,T144))),(T83,T12)),((T200,T64),T172)),(T55,((T150,T70),(T62,T87)))),T85),((T19,(T22,T31)),((((T120,(T160,T88)),T122),(T193,T49)),T42))),((T109,(T113,T177)),(((T139,T23),T52),T78))),(((((T111,T37),T194),((T33,(T40,T76)),T69)),(T185,T115)),((T110,T198),T30))),T0)),((((((T161,(T182,T164)),T65),(((T125,T183),((T180,T106),T123)),((((T11,T199),T67),T112),(T187,(T136,T60))))),((T157,T114),T41)),((T21,(T100,(T74,T126))),(T149,((T29,T80),T153)))),(((T93,T192),T15),T58))),(((((((T103,T154),T48),(T108,T101)),(T181,T167)),(T158,(T51,T7))),T191),((T188,T72),(((T46,(T98,T1)),(T141,T68)),((T105,T133),(T95,T10)))))),T56),T147),T176);
Final Tree: (((((((((((((T4,T127),(T129,((T148,(T77,T179)),T8))),T163),((((((T63,T25),T43),T16),T99),T102),((T196,(T3,T96)),(T166,T175)))),(((T18,T26),T128),((T47,T2),T24))),((((((((T117,((T71,T162),T35)),(T130,T189)),(T45,(T135,T53))),((((T97,T145),T32),T44),(T36,((T152,T184),T81)))),(T118,T169)),T17),((T138,(((T178,((T94,T155),T146)),T73),(((T151,T156),T131),((T90,T165),T186)))),(((T142,T27),(T79,T5)),T104))),(T84,T66))),((((((T82,(T132,T34)),T14),T174),T20),(((((T38,T75),((T86,T89),T61)),(T197,T134)),T140),(((((T121,(T91,(T170,((T39,T137),T173)))),T28),(T59,T92)),T195),(T124,T143)))),(((((T171,T6),T116),T9),T107),((T119,T190),T54)))),((((((((((T159,T50),((T57,T168),(T13,T144))),(T83,T12)),((T200,T64),T172)),(T55,((T150,T70),(T62,T87)))),T85),((T19,(T22,T31)),((((T120,(T160,T88)),T122),(T193,T49)),T42))),((T109,(T113,T177)),(((T139,T23),T52),T78))),(((((T111,T37),T194),((T33,(T40,T76)),T69)),(T185,T115)),((T110,T198),T30))),T0)),((((((T161,(T182,T164)),T65),(((T125,T183),((T180,T106),T123)),((((T11,T199),T67),T112),(T187,(T136,T60))))),((T157,T114),T41)),((T21,(T100,(T74,T126))),(T149,((T29,T80),T153)))),(((T93,T192),T15),T58))),(((((((T103,T154),T48),(T108,T101)),(T181,T167)),(T158,(T51,T7))),T191),((T188,T72),(((T46,(T98,T1)),(T141,T68)),((T105,T133),(T95,T10)))))),T56),T147),T176);
Score: 5.1574e+11

real	11m45.459s
user	550m19.919s
sys	0m45.215s
