Iteration 1:
Accurate Species Tree EstimatoR from Independent Site Kernals
Version: v1.13.0.0
#Base: 1859688582
#Species: 201
#Rounds: 1
#Samples: 0
#Threads: 64
Use two-step algorithm!
Guide Tree 0/27
#NNI moves:1/236
Guide Tree 1/27
#NNI moves:0/236
Guide Tree 2/27
#NNI moves:0/236
Guide Tree 3/27
#NNI moves:0/236
Guide Tree 4/27
#NNI moves:1/236
Guide Tree 5/27
#NNI moves:1/236
Guide Tree 6/27
#NNI moves:0/236
Guide Tree 7/27
#NNI moves:3/236
Guide Tree 8/27
#NNI moves:3/236
Guide Tree 9/27
#NNI moves:3/236
Guide Tree 10/27
#NNI moves:0/236
Guide Tree 11/27
#NNI moves:0/236
Guide Tree 12/27
#NNI moves:1/236
Guide Tree 13/27
#NNI moves:1/236
Guide Tree 14/27
#NNI moves:3/236
Guide Tree 15/27
#NNI moves:0/236
Guide Tree 16/27
#NNI moves:0/236
Guide Tree 17/27
#NNI moves:0/236
Guide Tree 18/27
#NNI moves:3/236
Guide Tree 19/27
#NNI moves:1/236
Guide Tree 20/27
#NNI moves:3/236
Guide Tree 21/27
#NNI moves:0/236
Guide Tree 22/27
#NNI moves:0/236
Guide Tree 23/27
#NNI moves:0/236
Guide Tree 24/27
#NNI moves:0/236
Guide Tree 25/27
#NNI moves:0/236
Guide Tree 26/27
#NNI moves:3/236
Remaining: 0
#NNI moves:0/236
#NNI moves:0/236
(((((((((((((T27,(T127,T159)),T181),(((T107,T77),T198),T96)),(T132,((T134,T169),T171))),((((((((T98,T11),T2),((((T143,((T61,T8),T86)),T15),T94),T30)),(T59,T82)),(((T148,T74),(T195,T37)),T176)),((T105,T139),(T130,T28))),(((T83,(((T101,T125),T118),T10)),T14),T4)),(T115,T166))),(((T56,T23),(((T114,T102),(T136,T24)),(((T193,T53),(T196,T67)),T155))),(T192,T68))),((((((((((((T194,(T123,T146)),T41),(T122,T65)),(T151,T185)),T9),((T180,(T158,T88)),T174)),(T48,T128)),(T156,T108)),(T57,((T45,T172),(T18,T138)))),(((T133,T6),(T103,T187)),(((T140,T69),T33),T31))),((((((((((T72,T147),(((T104,T35),T184),T64)),T183),T58),T22),T89),(T52,T76)),T110),(((T161,(T36,T116)),T141),(T117,T119))),((T85,T46),T63))),((((T153,(T163,T16)),((T7,T144),T93)),(T1,T157)),((T38,(T165,T25)),T197)))),((((((((T80,(T121,((T112,T186),T29))),((((T87,(T200,T175)),T199),T191),T43)),T70),T167),(((T160,T106),T182),(T129,T17))),((((T51,(T66,T49)),T81),((T55,T99),((T5,T50),T113))),(T131,((T62,T40),(T124,T32))))),((((T162,(T84,T91)),T95),(T154,T34)),(((T126,T100),T3),T90))),(((((T149,(T178,T170)),T20),T188),(T75,(T42,(T12,(T79,T173))))),(((T109,T92),T152),T71)))),T0),(((((T60,T47),T19),T135),((((T142,T44),((T78,T190),T39)),T21),(((T164,T177),T145),T120))),(T189,T73))),((((T111,T13),T54),T97),T179)),((T168,T137),T150)),T26);
Initial score: 5.63796e+11
Initial tree: (((((((((((((T27,(T127,T159)),T181),(((T107,T77),T198),T96)),(T132,((T134,T169),T171))),((((((((T98,T11),T2),((((T143,((T61,T8),T86)),T15),T94),T30)),(T59,T82)),(((T148,T74),(T195,T37)),T176)),((T105,T139),(T130,T28))),(((T83,(((T101,T125),T118),T10)),T14),T4)),(T115,T166))),(((T56,T23),(((T114,T102),(T136,T24)),(((T193,T53),(T196,T67)),T155))),(T192,T68))),((((((((((((T194,(T123,T146)),T41),(T122,T65)),(T151,T185)),T9),((T180,(T158,T88)),T174)),(T48,T128)),(T156,T108)),(T57,((T45,T172),(T18,T138)))),(((T133,T6),(T103,T187)),(((T140,T69),T33),T31))),((((((((((T72,T147),(((T104,T35),T184),T64)),T183),T58),T22),T89),(T52,T76)),T110),(((T161,(T36,T116)),T141),(T117,T119))),((T85,T46),T63))),((((T153,(T163,T16)),((T7,T144),T93)),(T1,T157)),((T38,(T165,T25)),T197)))),((((((((T80,(T121,((T112,T186),T29))),((((T87,(T200,T175)),T199),T191),T43)),T70),T167),(((T160,T106),T182),(T129,T17))),((((T51,(T66,T49)),T81),((T55,T99),((T5,T50),T113))),(T131,((T62,T40),(T124,T32))))),((((T162,(T84,T91)),T95),(T154,T34)),(((T126,T100),T3),T90))),(((((T149,(T178,T170)),T20),T188),(T75,(T42,(T12,(T79,T173))))),(((T109,T92),T152),T71)))),T0),(((((T60,T47),T19),T135),((((T142,T44),((T78,T190),T39)),T21),(((T164,T177),T145),T120))),(T189,T73))),((((T111,T13),T54),T97),T179)),((T168,T137),T150)),T26);
*** Subsample Process ***
Current score: 5.63796e+11
Current tree: (((((((((((((T27,(T127,T159)),T181),(((T107,T77),T198),T96)),(T132,((T134,T169),T171))),((((((((T98,T11),T2),((((T143,((T61,T8),T86)),T15),T94),T30)),(T59,T82)),(((T148,T74),(T195,T37)),T176)),((T105,T139),(T130,T28))),(((T83,(((T101,T125),T118),T10)),T14),T4)),(T115,T166))),(((T56,T23),(((T114,T102),(T136,T24)),(((T193,T53),(T196,T67)),T155))),(T192,T68))),((((((((((((T194,(T123,T146)),T41),(T122,T65)),(T151,T185)),T9),((T180,(T158,T88)),T174)),(T48,T128)),(T156,T108)),(T57,((T45,T172),(T18,T138)))),(((T133,T6),(T103,T187)),(((T140,T69),T33),T31))),((((((((((T72,T147),(((T104,T35),T184),T64)),T183),T58),T22),T89),(T52,T76)),T110),(((T161,(T36,T116)),T141),(T117,T119))),((T85,T46),T63))),((((T153,(T163,T16)),((T7,T144),T93)),(T1,T157)),((T38,(T165,T25)),T197)))),((((((((T80,(T121,((T112,T186),T29))),((((T87,(T200,T175)),T199),T191),T43)),T70),T167),(((T160,T106),T182),(T129,T17))),((((T51,(T66,T49)),T81),((T55,T99),((T5,T50),T113))),(T131,((T62,T40),(T124,T32))))),((((T162,(T84,T91)),T95),(T154,T34)),(((T126,T100),T3),T90))),(((((T149,(T178,T170)),T20),T188),(T75,(T42,(T12,(T79,T173))))),(((T109,T92),T152),T71)))),T0),(((((T60,T47),T19),T135),((((T142,T44),((T78,T190),T39)),T21),(((T164,T177),T145),T120))),(T189,T73))),((((T111,T13),T54),T97),T179)),((T168,T137),T150)),T26);
Final Tree: (((((((((((((T27,(T127,T159)),T181),(((T107,T77),T198),T96)),(T132,((T134,T169),T171))),((((((((T98,T11),T2),((((T143,((T61,T8),T86)),T15),T94),T30)),(T59,T82)),(((T148,T74),(T195,T37)),T176)),((T105,T139),(T130,T28))),(((T83,(((T101,T125),T118),T10)),T14),T4)),(T115,T166))),(((T56,T23),(((T114,T102),(T136,T24)),(((T193,T53),(T196,T67)),T155))),(T192,T68))),((((((((((((T194,(T123,T146)),T41),(T122,T65)),(T151,T185)),T9),((T180,(T158,T88)),T174)),(T48,T128)),(T156,T108)),(T57,((T45,T172),(T18,T138)))),(((T133,T6),(T103,T187)),(((T140,T69),T33),T31))),((((((((((T72,T147),(((T104,T35),T184),T64)),T183),T58),T22),T89),(T52,T76)),T110),(((T161,(T36,T116)),T141),(T117,T119))),((T85,T46),T63))),((((T153,(T163,T16)),((T7,T144),T93)),(T1,T157)),((T38,(T165,T25)),T197)))),((((((((T80,(T121,((T112,T186),T29))),((((T87,(T200,T175)),T199),T191),T43)),T70),T167),(((T160,T106),T182),(T129,T17))),((((T51,(T66,T49)),T81),((T55,T99),((T5,T50),T113))),(T131,((T62,T40),(T124,T32))))),((((T162,(T84,T91)),T95),(T154,T34)),(((T126,T100),T3),T90))),(((((T149,(T178,T170)),T20),T188),(T75,(T42,(T12,(T79,T173))))),(((T109,T92),T152),T71)))),T0),(((((T60,T47),T19),T135),((((T142,T44),((T78,T190),T39)),T21),(((T164,T177),T145),T120))),(T189,T73))),((((T111,T13),T54),T97),T179)),((T168,T137),T150)),T26);
Score: 5.63796e+11

real	13m55.691s
user	651m7.565s
sys	1m2.036s
