
RAxML-NG v. 1.1.0-master released on 04.08.2022 by The Exelixis Lab.
Developed by: Alexey M. Kozlov and Alexandros Stamatakis.
Contributors: Diego Darriba, Tomas Flouri, Benoit Morel, Sarah Lutteropp, Ben Bettisworth.
Latest version: https://github.com/amkozlov/raxml-ng
Questions/problems/suggestions? Please visit: https://groups.google.com/forum/#!forum/raxml

System: AMD EPYC 7742 64-Core Processor, 128 cores, 251 GB RAM

RAxML-NG was called at 28-Dec-2022 20:32:33 as follows:

/home/chaos/programs/raxml-ng/raxml-ng/bin/raxml-ng --msa data/alignment/23_1X_S201_0_ambiguity --tree pars{1} --model GTGTR4+G --threads 64 --redo

Analysis options:
  run mode: ML tree search
  start tree(s): parsimony (1)
  random seed: 1672288353
  tip-inner: OFF
  pattern compression: ON
  per-rate scalers: OFF
  site repeats: ON
  fast spr radius: AUTO
  spr subtree cutoff: 1.000000
  branch lengths: proportional (ML estimate, algorithm: NR-FAST)
  SIMD kernels: AVX2
  parallelization: coarse-grained (auto), PTHREADS (64 threads), thread pinning: OFF

WARNING: Running in REDO mode: existing checkpoints are ignored, and all result files will be overwritten!

[00:00:00] Reading alignment from file: data/alignment/23_1X_S201_0_ambiguity
[00:00:02] Loaded alignment with 201 taxa and 5000000 sites

Alignment comprises 1 partitions and 3787404 patterns

Partition 0: noname
Model: GTGTR4+FO+G4m
Alignment sites / patterns: 5000000 / 3787404
Gaps: 0.00 %
Invariant sites: 6.91 %


NOTE: Binary MSA file created: data/alignment/23_1X_S201_0_ambiguity.raxml.rba

Parallelization scheme autoconfig: 1 worker(s) x 64 thread(s)

Parallel reduction/worker buffer size: 1 KB  / 0 KB

[00:00:25] Generating 1 parsimony starting tree(s) with 201 taxa
[00:02:05] Data distribution: max. partitions/sites/weight per thread: 1 / 59179 / 2367160
[00:02:05] Data distribution: max. searches per worker: 1

Starting ML tree search with 1 distinct starting trees

[00:02:07 -178587769.128680] Initial branch length optimization
[00:08:55 -164249041.591191] Model parameter optimization (eps = 10.000000)
[04:35:32 -139069387.566669] AUTODETECT spr round 1 (radius: 5)
[04:53:45 -139066396.528236] AUTODETECT spr round 2 (radius: 10)
[05:53:25 -139066396.527943] SPR radius for FAST iterations: 5 (autodetect)
[05:53:25 -139066396.527943] Model parameter optimization (eps = 3.000000)
[05:58:32 -139065746.077639] FAST spr round 1 (radius: 5)
[06:35:00 -139065746.074358] Model parameter optimization (eps = 1.000000)
[06:42:23 -139065595.747628] SLOW spr round 1 (radius: 5)
[08:13:25 -139064916.619182] SLOW spr round 2 (radius: 5)
[09:40:59 -139064916.619181] SLOW spr round 3 (radius: 10)
[11:31:43 -139064916.619181] SLOW spr round 4 (radius: 15)
[14:46:21 -139064916.619181] SLOW spr round 5 (radius: 20)
[17:13:36 -139064916.619181] SLOW spr round 6 (radius: 25)
[17:52:02 -139064916.619181] Model parameter optimization (eps = 0.100000)

[17:54:10] ML tree search #1, logLikelihood: -139064916.560706


Optimized model parameters:

   Partition 0: noname
   Rate heterogeneity: GAMMA (4 cats, mean),  alpha: 5.541493 (ML),  weights&rates: (0.250000,0.523123) (0.250000,0.815877) (0.250000,1.082254) (0.250000,1.578746) 
   Base frequencies (ML): 0.326077 0.270447 0.204313 0.192119 0.001075 0.002304 0.000326 0.001258 0.001755 0.000326 
   Substitution rates (ML): 0.001000 0.001000 0.001000 1.291872 1.784995 0.350163 0.001000 0.001000 0.001000 0.001000 0.001000 1.291872 0.001000 0.001000 1.000000 2.015434 0.001000 0.001000 0.001000 1.784995 0.001000 1.000000 0.001000 1.343964 0.001000 0.001000 0.350163 0.001000 2.015434 1.343964 1.000000 2.015434 1.784995 0.350163 0.001000 1.343964 1.291872 0.001000 0.350163 0.001000 1.291872 1.784995 1.343964 2.015434 1.000000 


Final LogLikelihood: -139064916.560706

AIC score: 278130663.121412 / AICc score: 278130663.190474 / BIC score: 278136234.475028
Free parameters (model + branch lengths): 415

WARNING: Best ML tree contains 1 near-zero branches!

Best ML tree with collapsed near-zero branches saved to: /expanse/lustre/projects/uot138/chaos/ASTERISK-sim/data/alignment/23_1X_S201_0_ambiguity.raxml.bestTreeCollapsed
Best ML tree saved to: /expanse/lustre/projects/uot138/chaos/ASTERISK-sim/data/alignment/23_1X_S201_0_ambiguity.raxml.bestTree
Optimized model saved to: /expanse/lustre/projects/uot138/chaos/ASTERISK-sim/data/alignment/23_1X_S201_0_ambiguity.raxml.bestModel

Execution log saved to: /expanse/lustre/projects/uot138/chaos/ASTERISK-sim/data/alignment/23_1X_S201_0_ambiguity.raxml.log

Analysis started: 28-Dec-2022 20:32:33 / finished: 29-Dec-2022 14:26:45

Elapsed time: 64452.007 seconds

Consumed energy: 8287.917 Wh (= 41 km in an electric car, or 207 km with an e-scooter!)

