Iteration 1:
Accurate Species Tree EstimatoR from Independent Site Kernals
Version: v1.13.0.0
#Base: 1152623646
#Species: 201
#Rounds: 1
#Samples: 0
#Threads: 64
Use two-step algorithm!
Guide Tree 0/27
#NNI moves:1/236
Guide Tree 1/27
#NNI moves:0/236
Guide Tree 2/27
#NNI moves:0/236
Guide Tree 3/27
#NNI moves:3/236
Guide Tree 4/27
#NNI moves:1/236
Guide Tree 5/27
#NNI moves:1/236
Guide Tree 6/27
#NNI moves:3/236
Guide Tree 7/27
#NNI moves:0/236
Guide Tree 8/27
#NNI moves:0/236
Guide Tree 9/27
#NNI moves:0/236
Guide Tree 10/27
#NNI moves:0/236
Guide Tree 11/27
#NNI moves:0/236
Guide Tree 12/27
#NNI moves:0/236
Guide Tree 13/27
#NNI moves:0/236
Guide Tree 14/27
#NNI moves:0/236
Guide Tree 15/27
#NNI moves:0/236
Guide Tree 16/27
#NNI moves:0/236
Guide Tree 17/27
#NNI moves:3/236
Guide Tree 18/27
#NNI moves:3/236
Guide Tree 19/27
#NNI moves:0/236
Guide Tree 20/27
#NNI moves:3/236
Guide Tree 21/27
#NNI moves:0/236
Guide Tree 22/27
#NNI moves:0/236
Guide Tree 23/27
#NNI moves:3/236
Guide Tree 24/27
#NNI moves:1/236
Guide Tree 25/27
#NNI moves:0/236
Guide Tree 26/27
#NNI moves:0/236
Remaining: 0
#NNI moves:0/236
#NNI moves:0/236
(((((((((((((((((((((T3,T113),T87),T191),T56),((T186,(T21,((T102,T144),T168))),T171)),((T78,(T61,T147)),T150)),(T121,(T72,T16))),((((T82,T138),((T67,T84),T170)),(((T45,T131),T49),T48)),(T62,T71))),(T112,T9)),((((T155,(((T189,T94),T39),T98)),(T69,T160)),(T99,T93)),(T161,(((T176,T142),T178),(T141,T190))))),(((((T63,T89),(T165,T44)),((((((T97,(T41,T156)),T59),(T13,T96)),T85),T157),((((T148,T133),T115),T187),T64))),((((((T36,(T139,T197)),(T116,T55)),T66),(T92,T17)),((T34,T104),T27)),T195)),((T11,T181),T95))),((((((((T111,T162),(((T145,((T152,T136),T54)),T163),T194)),((T38,(((T122,T143),T123),(T65,T86))),(T193,((T179,T42),(T184,T28))))),((((T47,T169),T200),T79),(T119,(T173,T74)))),(T174,T31)),((T6,T117),(((((T1,T120),T2),(T105,T37)),((T183,(T75,T76)),T124)),((T125,T172),T20)))),(((T149,T153),T26),T51)),((((T8,T151),T134),T88),(T19,T185)))),(((((T177,T60),((((T46,T107),T175),T127),(T182,T158))),T101),T15),(T132,T57))),T0),(((((((((T90,T77),T10),(T164,T196)),T159),((T14,T137),(T154,T53))),(T110,T29)),(((T188,T126),T81),(((T80,T52),(T199,T100)),T128))),(T129,T130)),T192)),T109),((((((T32,(((T5,T167),T33),(T91,T166))),(((T106,T4),T140),T70)),((T68,T23),T24)),(((T50,T73),((T58,T40),(T180,T7))),((T30,T118),T103))),(((T114,T198),T83),(T135,T25))),T35)),T22),(T18,T43)),(T12,T108)),T146);
Initial score: 5.96795e+11
Initial tree: (((((((((((((((((((((T3,T113),T87),T191),T56),((T186,(T21,((T102,T144),T168))),T171)),((T78,(T61,T147)),T150)),(T121,(T72,T16))),((((T82,T138),((T67,T84),T170)),(((T45,T131),T49),T48)),(T62,T71))),(T112,T9)),((((T155,(((T189,T94),T39),T98)),(T69,T160)),(T99,T93)),(T161,(((T176,T142),T178),(T141,T190))))),(((((T63,T89),(T165,T44)),((((((T97,(T41,T156)),T59),(T13,T96)),T85),T157),((((T148,T133),T115),T187),T64))),((((((T36,(T139,T197)),(T116,T55)),T66),(T92,T17)),((T34,T104),T27)),T195)),((T11,T181),T95))),((((((((T111,T162),(((T145,((T152,T136),T54)),T163),T194)),((T38,(((T122,T143),T123),(T65,T86))),(T193,((T179,T42),(T184,T28))))),((((T47,T169),T200),T79),(T119,(T173,T74)))),(T174,T31)),((T6,T117),(((((T1,T120),T2),(T105,T37)),((T183,(T75,T76)),T124)),((T125,T172),T20)))),(((T149,T153),T26),T51)),((((T8,T151),T134),T88),(T19,T185)))),(((((T177,T60),((((T46,T107),T175),T127),(T182,T158))),T101),T15),(T132,T57))),T0),(((((((((T90,T77),T10),(T164,T196)),T159),((T14,T137),(T154,T53))),(T110,T29)),(((T188,T126),T81),(((T80,T52),(T199,T100)),T128))),(T129,T130)),T192)),T109),((((((T32,(((T5,T167),T33),(T91,T166))),(((T106,T4),T140),T70)),((T68,T23),T24)),(((T50,T73),((T58,T40),(T180,T7))),((T30,T118),T103))),(((T114,T198),T83),(T135,T25))),T35)),T22),(T18,T43)),(T12,T108)),T146);
*** Subsample Process ***
Current score: 5.96795e+11
Current tree: (((((((((((((((((((((T3,T113),T87),T191),T56),((T186,(T21,((T102,T144),T168))),T171)),((T78,(T61,T147)),T150)),(T121,(T72,T16))),((((T82,T138),((T67,T84),T170)),(((T45,T131),T49),T48)),(T62,T71))),(T112,T9)),((((T155,(((T189,T94),T39),T98)),(T69,T160)),(T99,T93)),(T161,(((T176,T142),T178),(T141,T190))))),(((((T63,T89),(T165,T44)),((((((T97,(T41,T156)),T59),(T13,T96)),T85),T157),((((T148,T133),T115),T187),T64))),((((((T36,(T139,T197)),(T116,T55)),T66),(T92,T17)),((T34,T104),T27)),T195)),((T11,T181),T95))),((((((((T111,T162),(((T145,((T152,T136),T54)),T163),T194)),((T38,(((T122,T143),T123),(T65,T86))),(T193,((T179,T42),(T184,T28))))),((((T47,T169),T200),T79),(T119,(T173,T74)))),(T174,T31)),((T6,T117),(((((T1,T120),T2),(T105,T37)),((T183,(T75,T76)),T124)),((T125,T172),T20)))),(((T149,T153),T26),T51)),((((T8,T151),T134),T88),(T19,T185)))),(((((T177,T60),((((T46,T107),T175),T127),(T182,T158))),T101),T15),(T132,T57))),T0),(((((((((T90,T77),T10),(T164,T196)),T159),((T14,T137),(T154,T53))),(T110,T29)),(((T188,T126),T81),(((T80,T52),(T199,T100)),T128))),(T129,T130)),T192)),T109),((((((T32,(((T5,T167),T33),(T91,T166))),(((T106,T4),T140),T70)),((T68,T23),T24)),(((T50,T73),((T58,T40),(T180,T7))),((T30,T118),T103))),(((T114,T198),T83),(T135,T25))),T35)),T22),(T18,T43)),(T12,T108)),T146);
Final Tree: (((((((((((((((((((((T3,T113),T87),T191),T56),((T186,(T21,((T102,T144),T168))),T171)),((T78,(T61,T147)),T150)),(T121,(T72,T16))),((((T82,T138),((T67,T84),T170)),(((T45,T131),T49),T48)),(T62,T71))),(T112,T9)),((((T155,(((T189,T94),T39),T98)),(T69,T160)),(T99,T93)),(T161,(((T176,T142),T178),(T141,T190))))),(((((T63,T89),(T165,T44)),((((((T97,(T41,T156)),T59),(T13,T96)),T85),T157),((((T148,T133),T115),T187),T64))),((((((T36,(T139,T197)),(T116,T55)),T66),(T92,T17)),((T34,T104),T27)),T195)),((T11,T181),T95))),((((((((T111,T162),(((T145,((T152,T136),T54)),T163),T194)),((T38,(((T122,T143),T123),(T65,T86))),(T193,((T179,T42),(T184,T28))))),((((T47,T169),T200),T79),(T119,(T173,T74)))),(T174,T31)),((T6,T117),(((((T1,T120),T2),(T105,T37)),((T183,(T75,T76)),T124)),((T125,T172),T20)))),(((T149,T153),T26),T51)),((((T8,T151),T134),T88),(T19,T185)))),(((((T177,T60),((((T46,T107),T175),T127),(T182,T158))),T101),T15),(T132,T57))),T0),(((((((((T90,T77),T10),(T164,T196)),T159),((T14,T137),(T154,T53))),(T110,T29)),(((T188,T126),T81),(((T80,T52),(T199,T100)),T128))),(T129,T130)),T192)),T109),((((((T32,(((T5,T167),T33),(T91,T166))),(((T106,T4),T140),T70)),((T68,T23),T24)),(((T50,T73),((T58,T40),(T180,T7))),((T30,T118),T103))),(((T114,T198),T83),(T135,T25))),T35)),T22),(T18,T43)),(T12,T108)),T146);
Score: 5.96795e+11

real	8m26.465s
user	384m41.255s
sys	0m35.487s
