Iteration 1:
Accurate Species Tree EstimatoR from Independent Site Kernals
Version: v1.13.0.0
#Base: 1810207206
#Species: 201
#Rounds: 1
#Samples: 0
#Threads: 64
Use two-step algorithm!
Guide Tree 0/27
#NNI moves:1/236
Guide Tree 1/27
#NNI moves:0/236
Guide Tree 2/27
#NNI moves:0/236
Guide Tree 3/27
#NNI moves:0/236
Guide Tree 4/27
#NNI moves:0/236
Guide Tree 5/27
#NNI moves:0/236
Guide Tree 6/27
#NNI moves:0/236
Guide Tree 7/27
#NNI moves:1/236
Guide Tree 8/27
#NNI moves:0/236
Guide Tree 9/27
#NNI moves:0/236
Guide Tree 10/27
#NNI moves:0/236
Guide Tree 11/27
#NNI moves:0/236
Guide Tree 12/27
#NNI moves:0/236
Guide Tree 13/27
#NNI moves:1/236
Guide Tree 14/27
#NNI moves:0/236
Guide Tree 15/27
#NNI moves:3/236
Guide Tree 16/27
#NNI moves:0/236
Guide Tree 17/27
#NNI moves:0/236
Guide Tree 18/27
#NNI moves:0/236
Guide Tree 19/27
#NNI moves:0/236
Guide Tree 20/27
#NNI moves:3/236
Guide Tree 21/27
#NNI moves:0/236
Guide Tree 22/27
#NNI moves:0/236
Guide Tree 23/27
#NNI moves:0/236
Guide Tree 24/27
#NNI moves:0/236
Guide Tree 25/27
#NNI moves:0/236
Guide Tree 26/27
#NNI moves:0/236
Remaining: 0
#NNI moves:0/236
#NNI moves:0/236
(((((((((((((((T16,T69),((T194,(T13,T176)),T132)),((T26,T30),T151)),(((T188,T86),T93),(T78,T99))),(((T73,T140),(T7,T90)),(T55,T195))),(((((T185,T40),((T146,T167),T63)),T172),T122),(((T11,T89),(T147,T166)),(T144,(T186,T28))))),((((T177,T168),T114),(T174,((T152,T104),(T8,T109)))),(T198,T170))),((((((((T77,(T171,T101)),(((T22,T138),(T131,T181)),(T48,T179))),((((T157,T117),T95),T56),(T134,(T103,T162)))),(T62,T3)),(T116,T20)),((T150,T67),T92)),(((T39,T32),(T81,T115)),(T9,T155))),((((T74,T49),T102),T82),T200))),(((((T79,(T87,T85)),(T66,(T15,T160))),T190),T128),((T76,T27),(T106,T126)))),T0),(((((T75,T10),T141),T137),(T159,T111)),(((((((T127,T12),T2),(T91,T173)),T65),(T61,T139)),((T80,T44),(T98,T184))),(((T158,T123),T5),(((T136,T70),T110),((T192,T46),T52)))))),((((((T4,T135),((T83,T169),T64)),(((T54,(T31,T108)),(T129,T57)),((T163,T71),T189))),((((T19,T107),((T14,T125),T24)),(((T130,T43),T118),(T18,T35))),((((T149,T187),T105),T154),T84))),((((T193,T53),(T36,T133)),(T41,(T119,T178))),(((T59,(T60,T112)),T50),(T161,T153)))),((((((((T113,T197),T42),(((T94,T68),T121),T96)),T156),((((T51,(T120,(T191,T142))),T165),T29),((T100,T33),T97))),T1),T37),((T145,(T143,T183)),((T21,(T164,T148)),((T175,T34),(T88,(T45,T199)))))))),(((T38,T180),(T72,(T25,T47))),((T124,(T17,T6)),(T182,T58)))),T196),T23);
Initial score: 6.76027e+11
Initial tree: (((((((((((((((T16,T69),((T194,(T13,T176)),T132)),((T26,T30),T151)),(((T188,T86),T93),(T78,T99))),(((T73,T140),(T7,T90)),(T55,T195))),(((((T185,T40),((T146,T167),T63)),T172),T122),(((T11,T89),(T147,T166)),(T144,(T186,T28))))),((((T177,T168),T114),(T174,((T152,T104),(T8,T109)))),(T198,T170))),((((((((T77,(T171,T101)),(((T22,T138),(T131,T181)),(T48,T179))),((((T157,T117),T95),T56),(T134,(T103,T162)))),(T62,T3)),(T116,T20)),((T150,T67),T92)),(((T39,T32),(T81,T115)),(T9,T155))),((((T74,T49),T102),T82),T200))),(((((T79,(T87,T85)),(T66,(T15,T160))),T190),T128),((T76,T27),(T106,T126)))),T0),(((((T75,T10),T141),T137),(T159,T111)),(((((((T127,T12),T2),(T91,T173)),T65),(T61,T139)),((T80,T44),(T98,T184))),(((T158,T123),T5),(((T136,T70),T110),((T192,T46),T52)))))),((((((T4,T135),((T83,T169),T64)),(((T54,(T31,T108)),(T129,T57)),((T163,T71),T189))),((((T19,T107),((T14,T125),T24)),(((T130,T43),T118),(T18,T35))),((((T149,T187),T105),T154),T84))),((((T193,T53),(T36,T133)),(T41,(T119,T178))),(((T59,(T60,T112)),T50),(T161,T153)))),((((((((T113,T197),T42),(((T94,T68),T121),T96)),T156),((((T51,(T120,(T191,T142))),T165),T29),((T100,T33),T97))),T1),T37),((T145,(T143,T183)),((T21,(T164,T148)),((T175,T34),(T88,(T45,T199)))))))),(((T38,T180),(T72,(T25,T47))),((T124,(T17,T6)),(T182,T58)))),T196),T23);
*** Subsample Process ***
Current score: 6.76027e+11
Current tree: (((((((((((((((T16,T69),((T194,(T13,T176)),T132)),((T26,T30),T151)),(((T188,T86),T93),(T78,T99))),(((T73,T140),(T7,T90)),(T55,T195))),(((((T185,T40),((T146,T167),T63)),T172),T122),(((T11,T89),(T147,T166)),(T144,(T186,T28))))),((((T177,T168),T114),(T174,((T152,T104),(T8,T109)))),(T198,T170))),((((((((T77,(T171,T101)),(((T22,T138),(T131,T181)),(T48,T179))),((((T157,T117),T95),T56),(T134,(T103,T162)))),(T62,T3)),(T116,T20)),((T150,T67),T92)),(((T39,T32),(T81,T115)),(T9,T155))),((((T74,T49),T102),T82),T200))),(((((T79,(T87,T85)),(T66,(T15,T160))),T190),T128),((T76,T27),(T106,T126)))),T0),(((((T75,T10),T141),T137),(T159,T111)),(((((((T127,T12),T2),(T91,T173)),T65),(T61,T139)),((T80,T44),(T98,T184))),(((T158,T123),T5),(((T136,T70),T110),((T192,T46),T52)))))),((((((T4,T135),((T83,T169),T64)),(((T54,(T31,T108)),(T129,T57)),((T163,T71),T189))),((((T19,T107),((T14,T125),T24)),(((T130,T43),T118),(T18,T35))),((((T149,T187),T105),T154),T84))),((((T193,T53),(T36,T133)),(T41,(T119,T178))),(((T59,(T60,T112)),T50),(T161,T153)))),((((((((T113,T197),T42),(((T94,T68),T121),T96)),T156),((((T51,(T120,(T191,T142))),T165),T29),((T100,T33),T97))),T1),T37),((T145,(T143,T183)),((T21,(T164,T148)),((T175,T34),(T88,(T45,T199)))))))),(((T38,T180),(T72,(T25,T47))),((T124,(T17,T6)),(T182,T58)))),T196),T23);
Final Tree: (((((((((((((((T16,T69),((T194,(T13,T176)),T132)),((T26,T30),T151)),(((T188,T86),T93),(T78,T99))),(((T73,T140),(T7,T90)),(T55,T195))),(((((T185,T40),((T146,T167),T63)),T172),T122),(((T11,T89),(T147,T166)),(T144,(T186,T28))))),((((T177,T168),T114),(T174,((T152,T104),(T8,T109)))),(T198,T170))),((((((((T77,(T171,T101)),(((T22,T138),(T131,T181)),(T48,T179))),((((T157,T117),T95),T56),(T134,(T103,T162)))),(T62,T3)),(T116,T20)),((T150,T67),T92)),(((T39,T32),(T81,T115)),(T9,T155))),((((T74,T49),T102),T82),T200))),(((((T79,(T87,T85)),(T66,(T15,T160))),T190),T128),((T76,T27),(T106,T126)))),T0),(((((T75,T10),T141),T137),(T159,T111)),(((((((T127,T12),T2),(T91,T173)),T65),(T61,T139)),((T80,T44),(T98,T184))),(((T158,T123),T5),(((T136,T70),T110),((T192,T46),T52)))))),((((((T4,T135),((T83,T169),T64)),(((T54,(T31,T108)),(T129,T57)),((T163,T71),T189))),((((T19,T107),((T14,T125),T24)),(((T130,T43),T118),(T18,T35))),((((T149,T187),T105),T154),T84))),((((T193,T53),(T36,T133)),(T41,(T119,T178))),(((T59,(T60,T112)),T50),(T161,T153)))),((((((((T113,T197),T42),(((T94,T68),T121),T96)),T156),((((T51,(T120,(T191,T142))),T165),T29),((T100,T33),T97))),T1),T37),((T145,(T143,T183)),((T21,(T164,T148)),((T175,T34),(T88,(T45,T199)))))))),(((T38,T180),(T72,(T25,T47))),((T124,(T17,T6)),(T182,T58)))),T196),T23);
Score: 6.76027e+11

real	12m56.332s
user	620m55.637s
sys	0m47.526s
