
RAxML-NG v. 1.1.0-master released on 04.08.2022 by The Exelixis Lab.
Developed by: Alexey M. Kozlov and Alexandros Stamatakis.
Contributors: Diego Darriba, Tomas Flouri, Benoit Morel, Sarah Lutteropp, Ben Bettisworth.
Latest version: https://github.com/amkozlov/raxml-ng
Questions/problems/suggestions? Please visit: https://groups.google.com/forum/#!forum/raxml

System: AMD EPYC 7742 64-Core Processor, 128 cores, 251 GB RAM

RAxML-NG was called at 31-Dec-2022 20:36:51 as follows:

/home/chaos/programs/raxml-ng/raxml-ng/bin/raxml-ng --msa data/alignment/34_1X_S201_0_ambiguity --tree pars{1} --model GTGTR4+G --threads 64 --redo

Analysis options:
  run mode: ML tree search
  start tree(s): parsimony (1)
  random seed: 1672547811
  tip-inner: OFF
  pattern compression: ON
  per-rate scalers: OFF
  site repeats: ON
  fast spr radius: AUTO
  spr subtree cutoff: 1.000000
  branch lengths: proportional (ML estimate, algorithm: NR-FAST)
  SIMD kernels: AVX2
  parallelization: coarse-grained (auto), PTHREADS (64 threads), thread pinning: OFF

WARNING: Running in REDO mode: existing checkpoints are ignored, and all result files will be overwritten!

[00:00:00] Reading alignment from file: data/alignment/34_1X_S201_0_ambiguity
[00:00:02] Loaded alignment with 201 taxa and 5000000 sites

Alignment comprises 1 partitions and 3822934 patterns

Partition 0: noname
Model: GTGTR4+FO+G4m
Alignment sites / patterns: 5000000 / 3822934
Gaps: 0.00 %
Invariant sites: 6.32 %


NOTE: Binary MSA file created: data/alignment/34_1X_S201_0_ambiguity.raxml.rba

Parallelization scheme autoconfig: 1 worker(s) x 64 thread(s)

Parallel reduction/worker buffer size: 1 KB  / 0 KB

[00:00:25] Generating 1 parsimony starting tree(s) with 201 taxa
[00:02:04] Data distribution: max. partitions/sites/weight per thread: 1 / 59734 / 2389360
[00:02:04] Data distribution: max. searches per worker: 1

Starting ML tree search with 1 distinct starting trees

[00:02:05 -179096722.267520] Initial branch length optimization
[00:08:38 -164446357.138264] Model parameter optimization (eps = 10.000000)
[05:07:38 -139037231.127739] AUTODETECT spr round 1 (radius: 5)
[05:25:35 -139030840.244953] AUTODETECT spr round 2 (radius: 10)
[06:23:14 -139030840.242458] SPR radius for FAST iterations: 5 (autodetect)
[06:23:14 -139030840.242458] Model parameter optimization (eps = 3.000000)
[06:25:39 -139030839.141234] FAST spr round 1 (radius: 5)
[07:00:01 -139029886.109375] FAST spr round 2 (radius: 5)
[07:34:19 -139029752.844576] FAST spr round 3 (radius: 5)
[08:09:44 -139029632.541924] FAST spr round 4 (radius: 5)
[08:44:55 -139029519.935497] FAST spr round 5 (radius: 5)
[09:20:14 -139029440.465526] FAST spr round 6 (radius: 5)
[09:54:12 -139029419.570194] FAST spr round 7 (radius: 5)
[10:28:51 -139029408.775953] FAST spr round 8 (radius: 5)
[11:03:16 -139029336.264286] FAST spr round 9 (radius: 5)
[11:37:13 -139029336.264286] Model parameter optimization (eps = 1.000000)
[11:41:49 -139029335.642959] SLOW spr round 1 (radius: 5)
[13:29:13 -139029197.225238] SLOW spr round 2 (radius: 5)
[15:06:12 -139029197.225238] SLOW spr round 3 (radius: 10)
[17:10:40 -139029197.225238] SLOW spr round 4 (radius: 15)
[20:11:15 -139029197.225238] SLOW spr round 5 (radius: 20)
[22:44:27 -139029197.225238] SLOW spr round 6 (radius: 25)
[23:48:28 -139029197.225238] Model parameter optimization (eps = 0.100000)

[24:37:05] ML tree search #1, logLikelihood: -139027836.316113


Optimized model parameters:

   Partition 0: noname
   Rate heterogeneity: GAMMA (4 cats, mean),  alpha: 7.075633 (ML),  weights&rates: (0.250000,0.570595) (0.250000,0.841214) (0.250000,1.078777) (0.250000,1.509413) 
   Base frequencies (ML): 0.276973 0.217331 0.237068 0.262280 0.000467 0.001436 0.000277 0.001106 0.002532 0.000529 
   Substitution rates (ML): 0.001000 0.001000 0.001000 1.278191 1.681387 0.704710 0.001000 0.001000 0.001000 0.001000 0.001000 1.278191 0.001000 0.001000 1.000000 1.977752 0.001000 0.001000 0.001000 1.681387 0.001000 1.000000 0.001000 1.318583 0.001000 0.001000 0.704710 0.001000 1.977752 1.318583 1.000000 1.977752 1.681387 0.704710 0.001000 1.318583 1.278191 0.001000 0.704710 0.001000 1.278191 1.681387 1.318583 1.977752 1.000000 


Final LogLikelihood: -139027836.316113

AIC score: 278056502.632226 / AICc score: 278056502.701288 / BIC score: 278062073.985842
Free parameters (model + branch lengths): 415

Best ML tree saved to: /expanse/lustre/projects/uot138/chaos/ASTERISK-sim/data/alignment/34_1X_S201_0_ambiguity.raxml.bestTree
Optimized model saved to: /expanse/lustre/projects/uot138/chaos/ASTERISK-sim/data/alignment/34_1X_S201_0_ambiguity.raxml.bestModel

Execution log saved to: /expanse/lustre/projects/uot138/chaos/ASTERISK-sim/data/alignment/34_1X_S201_0_ambiguity.raxml.log

Analysis started: 31-Dec-2022 20:36:51 / finished: 01-Jan-2023 21:13:57

Elapsed time: 88626.303 seconds

Consumed energy: 11455.234 Wh (= 57 km in an electric car, or 286 km with an e-scooter!)

