Iteration 1:
Accurate Species Tree EstimatoR from Independent Site Kernals
Version: v1.13.0.0
#Base: 1895657934
#Species: 201
#Rounds: 1
#Samples: 0
#Threads: 64
Use two-step algorithm!
Guide Tree 0/27
#NNI moves:0/236
Guide Tree 1/27
#NNI moves:0/236
Guide Tree 2/27
#NNI moves:0/236
Guide Tree 3/27
#NNI moves:0/236
Guide Tree 4/27
#NNI moves:0/236
Guide Tree 5/27
#NNI moves:0/236
Guide Tree 6/27
#NNI moves:0/236
Guide Tree 7/27
#NNI moves:0/236
Guide Tree 8/27
#NNI moves:0/236
Guide Tree 9/27
#NNI moves:0/236
Guide Tree 10/27
#NNI moves:0/236
Guide Tree 11/27
#NNI moves:0/236
Guide Tree 12/27
#NNI moves:0/236
Guide Tree 13/27
#NNI moves:0/236
Guide Tree 14/27
#NNI moves:0/236
Guide Tree 15/27
#NNI moves:0/236
Guide Tree 16/27
#NNI moves:0/236
Guide Tree 17/27
#NNI moves:0/236
Guide Tree 18/27
#NNI moves:0/236
Guide Tree 19/27
#NNI moves:0/236
Guide Tree 20/27
#NNI moves:0/236
Guide Tree 21/27
#NNI moves:0/236
Guide Tree 22/27
#NNI moves:0/236
Guide Tree 23/27
#NNI moves:0/236
Guide Tree 24/27
#NNI moves:0/236
Guide Tree 25/27
#NNI moves:0/236
Guide Tree 26/27
#NNI moves:0/236
Remaining: 0
#NNI moves:0/236
#NNI moves:0/236
((((((((((((((((((T147,T45),(T24,T152)),(T54,(T13,T160))),T31),((T87,T58),T82)),T122),((((T8,T25),(T12,T5)),T108),(T150,(T37,T118)))),((((((T74,T17),(T115,T165)),T136),T163),(T60,(T2,T181))),(T39,T48))),(((T145,T112),(T168,T105)),((T52,T149),T21))),T68),((T176,T114),((T199,T47),T183))),((((((((((T11,T99),(T162,(T164,T182))),T135),(T42,T43)),(T134,T144)),T40),(((((T3,T142),T119),T111),T32),((T1,T173),T41))),((T148,T124),T102)),((T139,T66),(T88,T143))),((((T159,T55),(T93,T59)),((T44,(T190,T96)),T69)),((((T90,T153),((T35,T72),T187)),(T132,T50)),((((T193,T178),T188),(T180,T49)),T10))))),((((T120,T103),T106),T156),(T36,T172))),(((((((((T200,T80),(T61,(T179,T194))),(((T158,T85),(T46,T123)),T29)),T70),(T22,((T83,T189),T138))),((T121,T169),(((T192,T15),(T157,T175)),T104))),((T16,T51),T100)),((T128,T9),(T92,T71))),T0)),(((T62,(T77,T196)),T14),T155)),((((((((T151,(T26,T109)),(T56,(T86,T198))),T81),((T185,T95),T6)),(((T53,T154),T20),(T110,T4))),(((((T166,T127),(T30,(T101,T133))),T186),T140),T98)),((((T84,T23),T195),(T171,T79)),T76)),((((T161,(T191,T197)),(T170,T7)),T75),(((T19,T89),(T141,T97)),((T67,T177),T146))))),((((T184,T28),((((T91,T131),T113),T94),T27)),((((((T129,T34),((T126,T174),T117)),((T78,T33),T73)),(T63,T107)),T38),((T137,T167),T116))),(T65,((T57,T130),(T18,T125))))),T64);
Initial score: 6.2272e+11
Initial tree: ((((((((((((((((((T147,T45),(T24,T152)),(T54,(T13,T160))),T31),((T87,T58),T82)),T122),((((T8,T25),(T12,T5)),T108),(T150,(T37,T118)))),((((((T74,T17),(T115,T165)),T136),T163),(T60,(T2,T181))),(T39,T48))),(((T145,T112),(T168,T105)),((T52,T149),T21))),T68),((T176,T114),((T199,T47),T183))),((((((((((T11,T99),(T162,(T164,T182))),T135),(T42,T43)),(T134,T144)),T40),(((((T3,T142),T119),T111),T32),((T1,T173),T41))),((T148,T124),T102)),((T139,T66),(T88,T143))),((((T159,T55),(T93,T59)),((T44,(T190,T96)),T69)),((((T90,T153),((T35,T72),T187)),(T132,T50)),((((T193,T178),T188),(T180,T49)),T10))))),((((T120,T103),T106),T156),(T36,T172))),(((((((((T200,T80),(T61,(T179,T194))),(((T158,T85),(T46,T123)),T29)),T70),(T22,((T83,T189),T138))),((T121,T169),(((T192,T15),(T157,T175)),T104))),((T16,T51),T100)),((T128,T9),(T92,T71))),T0)),(((T62,(T77,T196)),T14),T155)),((((((((T151,(T26,T109)),(T56,(T86,T198))),T81),((T185,T95),T6)),(((T53,T154),T20),(T110,T4))),(((((T166,T127),(T30,(T101,T133))),T186),T140),T98)),((((T84,T23),T195),(T171,T79)),T76)),((((T161,(T191,T197)),(T170,T7)),T75),(((T19,T89),(T141,T97)),((T67,T177),T146))))),((((T184,T28),((((T91,T131),T113),T94),T27)),((((((T129,T34),((T126,T174),T117)),((T78,T33),T73)),(T63,T107)),T38),((T137,T167),T116))),(T65,((T57,T130),(T18,T125))))),T64);
*** Subsample Process ***
Current score: 6.2272e+11
Current tree: ((((((((((((((((((T147,T45),(T24,T152)),(T54,(T13,T160))),T31),((T87,T58),T82)),T122),((((T8,T25),(T12,T5)),T108),(T150,(T37,T118)))),((((((T74,T17),(T115,T165)),T136),T163),(T60,(T2,T181))),(T39,T48))),(((T145,T112),(T168,T105)),((T52,T149),T21))),T68),((T176,T114),((T199,T47),T183))),((((((((((T11,T99),(T162,(T164,T182))),T135),(T42,T43)),(T134,T144)),T40),(((((T3,T142),T119),T111),T32),((T1,T173),T41))),((T148,T124),T102)),((T139,T66),(T88,T143))),((((T159,T55),(T93,T59)),((T44,(T190,T96)),T69)),((((T90,T153),((T35,T72),T187)),(T132,T50)),((((T193,T178),T188),(T180,T49)),T10))))),((((T120,T103),T106),T156),(T36,T172))),(((((((((T200,T80),(T61,(T179,T194))),(((T158,T85),(T46,T123)),T29)),T70),(T22,((T83,T189),T138))),((T121,T169),(((T192,T15),(T157,T175)),T104))),((T16,T51),T100)),((T128,T9),(T92,T71))),T0)),(((T62,(T77,T196)),T14),T155)),((((((((T151,(T26,T109)),(T56,(T86,T198))),T81),((T185,T95),T6)),(((T53,T154),T20),(T110,T4))),(((((T166,T127),(T30,(T101,T133))),T186),T140),T98)),((((T84,T23),T195),(T171,T79)),T76)),((((T161,(T191,T197)),(T170,T7)),T75),(((T19,T89),(T141,T97)),((T67,T177),T146))))),((((T184,T28),((((T91,T131),T113),T94),T27)),((((((T129,T34),((T126,T174),T117)),((T78,T33),T73)),(T63,T107)),T38),((T137,T167),T116))),(T65,((T57,T130),(T18,T125))))),T64);
Final Tree: ((((((((((((((((((T147,T45),(T24,T152)),(T54,(T13,T160))),T31),((T87,T58),T82)),T122),((((T8,T25),(T12,T5)),T108),(T150,(T37,T118)))),((((((T74,T17),(T115,T165)),T136),T163),(T60,(T2,T181))),(T39,T48))),(((T145,T112),(T168,T105)),((T52,T149),T21))),T68),((T176,T114),((T199,T47),T183))),((((((((((T11,T99),(T162,(T164,T182))),T135),(T42,T43)),(T134,T144)),T40),(((((T3,T142),T119),T111),T32),((T1,T173),T41))),((T148,T124),T102)),((T139,T66),(T88,T143))),((((T159,T55),(T93,T59)),((T44,(T190,T96)),T69)),((((T90,T153),((T35,T72),T187)),(T132,T50)),((((T193,T178),T188),(T180,T49)),T10))))),((((T120,T103),T106),T156),(T36,T172))),(((((((((T200,T80),(T61,(T179,T194))),(((T158,T85),(T46,T123)),T29)),T70),(T22,((T83,T189),T138))),((T121,T169),(((T192,T15),(T157,T175)),T104))),((T16,T51),T100)),((T128,T9),(T92,T71))),T0)),(((T62,(T77,T196)),T14),T155)),((((((((T151,(T26,T109)),(T56,(T86,T198))),T81),((T185,T95),T6)),(((T53,T154),T20),(T110,T4))),(((((T166,T127),(T30,(T101,T133))),T186),T140),T98)),((((T84,T23),T195),(T171,T79)),T76)),((((T161,(T191,T197)),(T170,T7)),T75),(((T19,T89),(T141,T97)),((T67,T177),T146))))),((((T184,T28),((((T91,T131),T113),T94),T27)),((((((T129,T34),((T126,T174),T117)),((T78,T33),T73)),(T63,T107)),T38),((T137,T167),T116))),(T65,((T57,T130),(T18,T125))))),T64);
Score: 6.2272e+11

real	13m58.004s
user	651m24.080s
sys	0m49.690s
