
RAxML-NG v. 1.1.0-master released on 04.08.2022 by The Exelixis Lab.
Developed by: Alexey M. Kozlov and Alexandros Stamatakis.
Contributors: Diego Darriba, Tomas Flouri, Benoit Morel, Sarah Lutteropp, Ben Bettisworth.
Latest version: https://github.com/amkozlov/raxml-ng
Questions/problems/suggestions? Please visit: https://groups.google.com/forum/#!forum/raxml

System: AMD EPYC 7742 64-Core Processor, 128 cores, 251 GB RAM

RAxML-NG was called at 29-Dec-2022 15:15:04 as follows:

/home/chaos/programs/raxml-ng/raxml-ng/bin/raxml-ng --msa data/alignment/41_1X_S201_0_ambiguity --tree pars{1} --model GTGTR4+G --threads 64 --redo

Analysis options:
  run mode: ML tree search
  start tree(s): parsimony (1)
  random seed: 1672355704
  tip-inner: OFF
  pattern compression: ON
  per-rate scalers: OFF
  site repeats: ON
  fast spr radius: AUTO
  spr subtree cutoff: 1.000000
  branch lengths: proportional (ML estimate, algorithm: NR-FAST)
  SIMD kernels: AVX2
  parallelization: coarse-grained (auto), PTHREADS (64 threads), thread pinning: OFF

WARNING: Running in REDO mode: existing checkpoints are ignored, and all result files will be overwritten!

[00:00:00] Reading alignment from file: data/alignment/41_1X_S201_0_ambiguity
[00:00:02] Loaded alignment with 201 taxa and 5000000 sites

Alignment comprises 1 partitions and 4001536 patterns

Partition 0: noname
Model: GTGTR4+FO+G4m
Alignment sites / patterns: 5000000 / 4001536
Gaps: 0.00 %
Invariant sites: 5.26 %


NOTE: Binary MSA file created: data/alignment/41_1X_S201_0_ambiguity.raxml.rba

Parallelization scheme autoconfig: 1 worker(s) x 64 thread(s)

Parallel reduction/worker buffer size: 1 KB  / 0 KB

[00:00:25] Generating 1 parsimony starting tree(s) with 201 taxa
[00:02:08] Data distribution: max. partitions/sites/weight per thread: 1 / 62524 / 2500960
[00:02:08] Data distribution: max. searches per worker: 1

Starting ML tree search with 1 distinct starting trees

[00:02:10 -187557878.896583] Initial branch length optimization
[00:09:44 -173515798.915695] Model parameter optimization (eps = 10.000000)
[05:44:09 -147247606.454531] AUTODETECT spr round 1 (radius: 5)
[06:02:53 -147231424.508182] AUTODETECT spr round 2 (radius: 10)
[07:06:24 -147231424.506433] SPR radius for FAST iterations: 5 (autodetect)
[07:06:24 -147231424.506433] Model parameter optimization (eps = 3.000000)
[07:13:27 -147231416.234173] FAST spr round 1 (radius: 5)
[07:51:26 -147231278.371796] FAST spr round 2 (radius: 5)
[08:29:09 -147231223.151584] FAST spr round 3 (radius: 5)
[09:07:50 -147231223.151512] Model parameter optimization (eps = 1.000000)
[09:16:24 -147231146.944925] SLOW spr round 1 (radius: 5)
[11:10:33 -147231117.824299] SLOW spr round 2 (radius: 5)
[12:57:47 -147231117.824262] SLOW spr round 3 (radius: 10)
[15:03:00 -147231117.824262] SLOW spr round 4 (radius: 15)
[18:50:01 -147231117.824262] SLOW spr round 5 (radius: 20)
[21:29:47 -147231117.824262] SLOW spr round 6 (radius: 25)
[22:25:43 -147231117.824262] Model parameter optimization (eps = 0.100000)

[23:35:54] ML tree search #1, logLikelihood: -147230084.292830


Optimized model parameters:

   Partition 0: noname
   Rate heterogeneity: GAMMA (4 cats, mean),  alpha: 6.923892 (ML),  weights&rates: (0.250000,0.566533) (0.250000,0.839125) (0.250000,1.079131) (0.250000,1.515211) 
   Base frequencies (ML): 0.189802 0.264155 0.237720 0.300732 0.000516 0.001230 0.000190 0.001123 0.003505 0.001027 
   Substitution rates (ML): 0.001000 0.001000 0.001000 1.646200 2.140635 0.815115 0.001000 0.001000 0.001000 0.001000 0.001000 1.646200 0.001000 0.001000 1.000000 1.690619 0.001000 0.001000 0.001000 2.140635 0.001000 1.000000 0.001000 1.493863 0.001000 0.001000 0.815115 0.001000 1.690619 1.493863 1.000000 1.690619 2.140635 0.815115 0.001000 1.493863 1.646200 0.001000 0.815115 0.001000 1.646200 2.140635 1.493863 1.690619 1.000000 


Final LogLikelihood: -147230084.292830

AIC score: 294460998.585660 / AICc score: 294460998.654722 / BIC score: 294466569.939276
Free parameters (model + branch lengths): 415

Best ML tree saved to: /expanse/lustre/projects/uot138/chaos/ASTERISK-sim/data/alignment/41_1X_S201_0_ambiguity.raxml.bestTree
Optimized model saved to: /expanse/lustre/projects/uot138/chaos/ASTERISK-sim/data/alignment/41_1X_S201_0_ambiguity.raxml.bestModel

Execution log saved to: /expanse/lustre/projects/uot138/chaos/ASTERISK-sim/data/alignment/41_1X_S201_0_ambiguity.raxml.log

Analysis started: 29-Dec-2022 15:15:04 / finished: 30-Dec-2022 14:51:00

Elapsed time: 84955.813 seconds

Consumed energy: 10781.005 Wh (= 54 km in an electric car, or 270 km with an e-scooter!)

