Iteration 1:
Accurate Species Tree EstimatoR from Independent Site Kernals
Version: v1.13.0.0
#Base: 1718146392
#Species: 201
#Rounds: 1
#Samples: 0
#Threads: 64
Use two-step algorithm!
Guide Tree 0/27
#NNI moves:0/236
Guide Tree 1/27
#NNI moves:0/236
Guide Tree 2/27
#NNI moves:1/236
Guide Tree 3/27
#NNI moves:0/236
Guide Tree 4/27
#NNI moves:0/236
Guide Tree 5/27
#NNI moves:0/236
Guide Tree 6/27
#NNI moves:0/236
Guide Tree 7/27
#NNI moves:0/236
Guide Tree 8/27
#NNI moves:0/236
Guide Tree 9/27
#NNI moves:1/236
Guide Tree 10/27
#NNI moves:0/236
Guide Tree 11/27
#NNI moves:0/236
Guide Tree 12/27
#NNI moves:0/236
Guide Tree 13/27
#NNI moves:0/236
Guide Tree 14/27
#NNI moves:0/236
Guide Tree 15/27
#NNI moves:0/236
Guide Tree 16/27
#NNI moves:0/236
Guide Tree 17/27
#NNI moves:0/236
Guide Tree 18/27
#NNI moves:0/236
Guide Tree 19/27
#NNI moves:1/236
Guide Tree 20/27
#NNI moves:0/236
Guide Tree 21/27
#NNI moves:0/236
Guide Tree 22/27
#NNI moves:0/236
Guide Tree 23/27
#NNI moves:0/236
Guide Tree 24/27
#NNI moves:0/236
Guide Tree 25/27
#NNI moves:0/236
Guide Tree 26/27
#NNI moves:0/236
Remaining: 0
#NNI moves:4/236
#NNI moves:4/236
((((((((((((((((((((((T101,T83),(T49,T34)),(T179,T68)),T127),((T80,T56),((T90,T87),((T168,T170),T66)))),(((T53,T106),T158),(T61,(T173,T104)))),(((((T25,T42),T7),(T89,T67)),T21),T186)),((((((T16,T93),T156),((T190,T37),(T164,T8))),((T163,T182),(T63,T48))),(T108,T185)),((T138,(T100,T20)),T72))),(((T174,T5),T24),((((T12,T77),(T141,T133)),T200),(T199,(T11,T147))))),(((((T103,T58),(T151,T150)),((((T145,T98),T195),T22),T78)),(T2,T192)),((((T157,T144),T140),T92),((T198,T136),T30)))),(((((((((T76,T57),T177),T86),T59),((T188,T113),(T132,T4))),T41),((((T137,T26),T102),T197),(T95,T62))),T169),(((T17,T183),(((T99,T181),(T114,T38)),T54)),T125))),((((((((T121,(T109,T143)),T91),T142),(T79,T18)),(T119,T29)),(((T178,T111),T65),(T110,T33))),((((T94,T105),T96),(T84,T135)),(T176,((T43,T75),T40)))),T155)),(((T172,T122),(((T69,T10),((T97,T128),T81)),((T32,T193),T194))),(((((T129,T64),(((T45,T13),T184),((T1,T154),T123))),T153),(T134,T118)),(((T130,((T9,(T71,T149)),T148)),T52),(T47,T39))))),((T175,T162),((T31,(T28,T15)),((T180,((T191,T19),T120)),T70)))),(((T3,T82),T51),(((T74,T187),(T165,T112)),(T146,T124)))),T0),T55),((T152,T23),((T196,T117),((((T85,T139),T88),(T73,T46)),T107)))),((((((T160,T60),T161),T6),T126),(T171,T50)),T159)),(((T36,T131),(T166,(T27,T115))),((T14,T44),(T35,T167)))),T116),T189);
Initial score: 4.46503e+11
Initial tree: ((((((((((((((((((((((T101,T83),(T49,T34)),(T179,T68)),T127),((T80,T56),((T90,T87),((T168,T170),T66)))),(((T53,T106),T158),(T61,(T173,T104)))),(((((T25,T42),T7),(T89,T67)),T21),T186)),((((((T16,T93),T156),((T190,T37),(T164,T8))),((T163,T182),(T63,T48))),(T108,T185)),((T138,(T100,T20)),T72))),(((T174,T5),T24),((((T12,T77),(T141,T133)),T200),(T199,(T11,T147))))),(((((T103,T58),(T151,T150)),((((T145,T98),T195),T22),T78)),(T2,T192)),((((T157,T144),T140),T92),((T198,T136),T30)))),(((((((((T76,T57),T177),T86),T59),((T188,T113),(T132,T4))),T41),((((T137,T26),T102),T197),(T95,T62))),T169),(((T17,T183),(((T99,T181),(T114,T38)),T54)),T125))),((((((((T121,(T109,T143)),T91),T142),(T79,T18)),(T119,T29)),(((T178,T111),T65),(T110,T33))),((((T94,T105),T96),(T84,T135)),(T176,((T43,T75),T40)))),T155)),(((T172,T122),(((T69,T10),((T97,T128),T81)),((T32,T193),T194))),(((((T129,T64),(((T45,T13),T184),((T1,T154),T123))),T153),(T134,T118)),(((T130,((T9,(T71,T149)),T148)),T52),(T47,T39))))),((T175,T162),((T31,(T28,T15)),((T180,((T191,T19),T120)),T70)))),(((T3,T82),T51),(((T74,T187),(T165,T112)),(T146,T124)))),T0),T55),((T152,T23),((T196,T117),((((T85,T139),T88),(T73,T46)),T107)))),((((((T160,T60),T161),T6),T126),(T171,T50)),T159)),(((T36,T131),(T166,(T27,T115))),((T14,T44),(T35,T167)))),T116),T189);
*** Subsample Process ***
Current score: 4.46503e+11
Current tree: ((((((((((((((((((((((T101,T83),(T49,T34)),(T179,T68)),T127),((T80,T56),((T90,T87),((T168,T170),T66)))),(((T53,T106),T158),(T61,(T173,T104)))),(((((T25,T42),T7),(T89,T67)),T21),T186)),((((((T16,T93),T156),((T190,T37),(T164,T8))),((T163,T182),(T63,T48))),(T108,T185)),((T138,(T100,T20)),T72))),(((T174,T5),T24),((((T12,T77),(T141,T133)),T200),(T199,(T11,T147))))),(((((T103,T58),(T151,T150)),((((T145,T98),T195),T22),T78)),(T2,T192)),((((T157,T144),T140),T92),((T198,T136),T30)))),(((((((((T76,T57),T177),T86),T59),((T188,T113),(T132,T4))),T41),((((T137,T26),T102),T197),(T95,T62))),T169),(((T17,T183),(((T99,T181),(T114,T38)),T54)),T125))),((((((((T121,(T109,T143)),T91),T142),(T79,T18)),(T119,T29)),(((T178,T111),T65),(T110,T33))),((((T94,T105),T96),(T84,T135)),(T176,((T43,T75),T40)))),T155)),(((T172,T122),(((T69,T10),((T97,T128),T81)),((T32,T193),T194))),(((((T129,T64),(((T45,T13),T184),((T1,T154),T123))),T153),(T134,T118)),(((T130,((T9,(T71,T149)),T148)),T52),(T47,T39))))),((T175,T162),((T31,(T28,T15)),((T180,((T191,T19),T120)),T70)))),(((T3,T82),T51),(((T74,T187),(T165,T112)),(T146,T124)))),T0),T55),((T152,T23),((T196,T117),((((T85,T139),T88),(T73,T46)),T107)))),((((((T160,T60),T161),T6),T126),(T171,T50)),T159)),(((T36,T131),(T166,(T27,T115))),((T14,T44),(T35,T167)))),T116),T189);
Final Tree: ((((((((((((((((((((((T101,T83),(T49,T34)),(T179,T68)),T127),((T80,T56),((T90,T87),((T168,T170),T66)))),(((T53,T106),T158),(T61,(T173,T104)))),(((((T25,T42),T7),(T89,T67)),T21),T186)),((((((T16,T93),T156),((T190,T37),(T164,T8))),((T163,T182),(T63,T48))),(T108,T185)),((T138,(T100,T20)),T72))),(((T174,T5),T24),((((T12,T77),(T141,T133)),T200),(T199,(T11,T147))))),(((((T103,T58),(T151,T150)),((((T145,T98),T195),T22),T78)),(T2,T192)),((((T157,T144),T140),T92),((T198,T136),T30)))),(((((((((T76,T57),T177),T86),T59),((T188,T113),(T132,T4))),T41),((((T137,T26),T102),T197),(T95,T62))),T169),(((T17,T183),(((T99,T181),(T114,T38)),T54)),T125))),((((((((T121,(T109,T143)),T91),T142),(T79,T18)),(T119,T29)),(((T178,T111),T65),(T110,T33))),((((T94,T105),T96),(T84,T135)),(T176,((T43,T75),T40)))),T155)),(((T172,T122),(((T69,T10),((T97,T128),T81)),((T32,T193),T194))),(((((T129,T64),(((T45,T13),T184),((T1,T154),T123))),T153),(T134,T118)),(((T130,((T9,(T71,T149)),T148)),T52),(T47,T39))))),((T175,T162),((T31,(T28,T15)),((T180,((T191,T19),T120)),T70)))),(((T3,T82),T51),(((T74,T187),(T165,T112)),(T146,T124)))),T0),T55),((T152,T23),((T196,T117),((((T85,T139),T88),(T73,T46)),T107)))),((((((T160,T60),T161),T6),T126),(T171,T50)),T159)),(((T36,T131),(T166,(T27,T115))),((T14,T44),(T35,T167)))),T116),T189);
Score: 4.46503e+11

real	12m32.085s
user	583m35.886s
sys	0m25.683s
