Iteration 1:
Accurate Species Tree EstimatoR from Independent Site Kernals
Version: v1.13.0.0
#Base: 1816081230
#Species: 201
#Rounds: 1
#Samples: 0
#Threads: 64
Use two-step algorithm!
Guide Tree 0/27
#NNI moves:1/236
Guide Tree 1/27
#NNI moves:1/236
Guide Tree 2/27
#NNI moves:0/236
Guide Tree 3/27
#NNI moves:0/236
Guide Tree 4/27
#NNI moves:3/236
Guide Tree 5/27
#NNI moves:0/236
Guide Tree 6/27
#NNI moves:0/236
Guide Tree 7/27
#NNI moves:1/236
Guide Tree 8/27
#NNI moves:1/236
Guide Tree 9/27
#NNI moves:0/236
Guide Tree 10/27
#NNI moves:3/236
Guide Tree 11/27
#NNI moves:0/236
Guide Tree 12/27
#NNI moves:0/236
Guide Tree 13/27
#NNI moves:0/236
Guide Tree 14/27
#NNI moves:1/236
Guide Tree 15/27
#NNI moves:0/236
Guide Tree 16/27
#NNI moves:0/236
Guide Tree 17/27
#NNI moves:3/236
Guide Tree 18/27
#NNI moves:0/236
Guide Tree 19/27
#NNI moves:0/236
Guide Tree 20/27
#NNI moves:0/236
Guide Tree 21/27
#NNI moves:0/236
Guide Tree 22/27
#NNI moves:1/236
Guide Tree 23/27
#NNI moves:1/236
Guide Tree 24/27
#NNI moves:0/236
Guide Tree 25/27
#NNI moves:3/236
Guide Tree 26/27
#NNI moves:1/236
Remaining: 0
#NNI moves:6/236
#NNI moves:6/236
((((((((((((((T102,((T129,T161),T108)),T59),(((T111,T47),T68),T115)),(((((T18,T72),T11),(((T74,T176),T152),T82)),(T87,(T67,T99))),T191)),((((T96,T168),(T19,T84)),T1),(T136,T120))),(((((T157,T95),T132),(T117,(T125,T37))),(((((T146,T5),((T114,T147),T189)),T149),T118),(T22,T57))),T25)),(((((T62,((T9,T66),(T100,(T188,T26)))),(T27,T177)),(T121,T155)),T148),(((T141,T76),((T127,T28),(T104,T195))),(((((((T60,T142),(T158,T180)),T160),(T71,T128)),(((T35,T151),((T44,T113),T38)),(((T98,T110),(T101,(T41,T20))),T75))),(T17,T94)),((T86,T51),((T159,T167),(T21,T144))))))),((((((T154,T92),T107),(T163,T90)),((((T29,T165),(T45,T199)),(T137,((T39,T55),T164))),((((T186,T88),(T162,T61)),((T145,T16),T73)),(((T24,T8),(((T143,T182),T192),T23)),T153)))),(T54,((T130,T140),T194))),((((T58,T135),((T80,((T40,T174),T34)),T183)),T190),((T12,T46),T85)))),T0),(((((((T122,(T123,T36)),(T112,T156)),(T14,(T31,((T150,T33),T32)))),((T81,T65),T56)),(T10,T124)),(((T52,(T171,T116)),T198),T197)),(((T196,T166),((((T49,T103),T139),T185),T64)),T69))),(((((((((((T106,T187),T83),T43),(T77,T173)),T170),(T42,(T193,(T3,T2)))),T105),(T175,T179)),(T89,(T13,T6))),(((((T119,T131),T138),((T200,T126),T134)),T53),(T109,T30))),((T48,T97),T93))),((T91,T169),((T133,(T70,T4)),T78))),(T79,((((T50,T63),(T181,T7)),T15),(T184,T172)))),T178);
Initial score: 7.48277e+11
Initial tree: ((((((((((((((T102,((T129,T161),T108)),T59),(((T111,T47),T68),T115)),(((((T18,T72),T11),(((T74,T176),T152),T82)),(T87,(T67,T99))),T191)),((((T96,T168),(T19,T84)),T1),(T136,T120))),(((((T157,T95),T132),(T117,(T125,T37))),(((((T146,T5),((T114,T147),T189)),T149),T118),(T22,T57))),T25)),(((((T62,((T9,T66),(T100,(T188,T26)))),(T27,T177)),(T121,T155)),T148),(((T141,T76),((T127,T28),(T104,T195))),(((((((T60,T142),(T158,T180)),T160),(T71,T128)),(((T35,T151),((T44,T113),T38)),(((T98,T110),(T101,(T41,T20))),T75))),(T17,T94)),((T86,T51),((T159,T167),(T21,T144))))))),((((((T154,T92),T107),(T163,T90)),((((T29,T165),(T45,T199)),(T137,((T39,T55),T164))),((((T186,T88),(T162,T61)),((T145,T16),T73)),(((T24,T8),(((T143,T182),T192),T23)),T153)))),(T54,((T130,T140),T194))),((((T58,T135),((T80,((T40,T174),T34)),T183)),T190),((T12,T46),T85)))),T0),(((((((T122,(T123,T36)),(T112,T156)),(T14,(T31,((T150,T33),T32)))),((T81,T65),T56)),(T10,T124)),(((T52,(T171,T116)),T198),T197)),(((T196,T166),((((T49,T103),T139),T185),T64)),T69))),(((((((((((T106,T187),T83),T43),(T77,T173)),T170),(T42,(T193,(T3,T2)))),T105),(T175,T179)),(T89,(T13,T6))),(((((T119,T131),T138),((T200,T126),T134)),T53),(T109,T30))),((T48,T97),T93))),((T91,T169),((T133,(T70,T4)),T78))),(T79,((((T50,T63),(T181,T7)),T15),(T184,T172)))),T178);
*** Subsample Process ***
Current score: 7.48277e+11
Current tree: ((((((((((((((T102,((T129,T161),T108)),T59),(((T111,T47),T68),T115)),(((((T18,T72),T11),(((T74,T176),T152),T82)),(T87,(T67,T99))),T191)),((((T96,T168),(T19,T84)),T1),(T136,T120))),(((((T157,T95),T132),(T117,(T125,T37))),(((((T146,T5),((T114,T147),T189)),T149),T118),(T22,T57))),T25)),(((((T62,((T9,T66),(T100,(T188,T26)))),(T27,T177)),(T121,T155)),T148),(((T141,T76),((T127,T28),(T104,T195))),(((((((T60,T142),(T158,T180)),T160),(T71,T128)),(((T35,T151),((T44,T113),T38)),(((T98,T110),(T101,(T41,T20))),T75))),(T17,T94)),((T86,T51),((T159,T167),(T21,T144))))))),((((((T154,T92),T107),(T163,T90)),((((T29,T165),(T45,T199)),(T137,((T39,T55),T164))),((((T186,T88),(T162,T61)),((T145,T16),T73)),(((T24,T8),(((T143,T182),T192),T23)),T153)))),(T54,((T130,T140),T194))),((((T58,T135),((T80,((T40,T174),T34)),T183)),T190),((T12,T46),T85)))),T0),(((((((T122,(T123,T36)),(T112,T156)),(T14,(T31,((T150,T33),T32)))),((T81,T65),T56)),(T10,T124)),(((T52,(T171,T116)),T198),T197)),(((T196,T166),((((T49,T103),T139),T185),T64)),T69))),(((((((((((T106,T187),T83),T43),(T77,T173)),T170),(T42,(T193,(T3,T2)))),T105),(T175,T179)),(T89,(T13,T6))),(((((T119,T131),T138),((T200,T126),T134)),T53),(T109,T30))),((T48,T97),T93))),((T91,T169),((T133,(T70,T4)),T78))),(T79,((((T50,T63),(T181,T7)),T15),(T184,T172)))),T178);
Final Tree: ((((((((((((((T102,((T129,T161),T108)),T59),(((T111,T47),T68),T115)),(((((T18,T72),T11),(((T74,T176),T152),T82)),(T87,(T67,T99))),T191)),((((T96,T168),(T19,T84)),T1),(T136,T120))),(((((T157,T95),T132),(T117,(T125,T37))),(((((T146,T5),((T114,T147),T189)),T149),T118),(T22,T57))),T25)),(((((T62,((T9,T66),(T100,(T188,T26)))),(T27,T177)),(T121,T155)),T148),(((T141,T76),((T127,T28),(T104,T195))),(((((((T60,T142),(T158,T180)),T160),(T71,T128)),(((T35,T151),((T44,T113),T38)),(((T98,T110),(T101,(T41,T20))),T75))),(T17,T94)),((T86,T51),((T159,T167),(T21,T144))))))),((((((T154,T92),T107),(T163,T90)),((((T29,T165),(T45,T199)),(T137,((T39,T55),T164))),((((T186,T88),(T162,T61)),((T145,T16),T73)),(((T24,T8),(((T143,T182),T192),T23)),T153)))),(T54,((T130,T140),T194))),((((T58,T135),((T80,((T40,T174),T34)),T183)),T190),((T12,T46),T85)))),T0),(((((((T122,(T123,T36)),(T112,T156)),(T14,(T31,((T150,T33),T32)))),((T81,T65),T56)),(T10,T124)),(((T52,(T171,T116)),T198),T197)),(((T196,T166),((((T49,T103),T139),T185),T64)),T69))),(((((((((((T106,T187),T83),T43),(T77,T173)),T170),(T42,(T193,(T3,T2)))),T105),(T175,T179)),(T89,(T13,T6))),(((((T119,T131),T138),((T200,T126),T134)),T53),(T109,T30))),((T48,T97),T93))),((T91,T169),((T133,(T70,T4)),T78))),(T79,((((T50,T63),(T181,T7)),T15),(T184,T172)))),T178);
Score: 7.48277e+11

real	13m43.095s
user	655m47.813s
sys	0m19.928s
